[24-10-31 15:23:20] fitting objective_H2 to data for demes ['French', 'KhomaniSan', 'Yoruba']
[24-10-31 15:23:20] 0        pnames [         NK       NFY       TFY        NF        NY ]
[24-10-31 15:23:20] 0            p0 [    28122.4   17406.6   71878.7    6259.5   21474.6 ]
[24-10-31 15:23:21] 1      -55692.3 [    28122.4   17406.6   71878.7    6259.5   21474.6 ]
[24-10-31 15:23:21] 2      -55692.3 [    28122.4   17406.6   71878.7    6259.5   21474.6 ]
[24-10-31 15:23:22] 3      -55692.3 [    28123.4   17406.6   71878.7    6259.5   21474.6 ]
[24-10-31 15:23:22] 4     -55692.29 [    28125.0   17406.6   71878.7    6259.5   21474.6 ]
[24-10-31 15:23:23] 5     -55691.33 [    28301.4   17406.6   71878.7    6259.5   21474.6 ]
[24-10-31 15:23:23] 6     -55673.92 [    33564.7   17406.6   71878.7    6259.5   21474.6 ]
[24-10-31 15:23:24] 7     -55669.79 [    42081.1   17406.6   71878.7    6259.5   21474.6 ]
[24-10-31 15:23:24] 8     -55669.35 [    39005.5   17406.6   71878.7    6259.5   21474.6 ]
[24-10-31 15:23:24] 9     -55670.08 [    36927.3   17406.6   71878.7    6259.5   21474.6 ]
[24-10-31 15:23:25] 10    -55669.34 [    40180.3   17406.6   71878.7    6259.5   21474.6 ]
[24-10-31 15:23:25] 11    -55669.31 [    39651.1   17406.6   71878.7    6259.5   21474.6 ]
[24-10-31 15:23:26] 12    -55669.31 [    39766.4   17406.6   71878.7    6259.5   21474.6 ]
[24-10-31 15:23:26] 13    -55669.31 [    39535.8   17406.6   71878.7    6259.5   21474.6 ]
[24-10-31 15:23:26] 14    -55669.31 [    39651.1   17406.6   71878.7    6259.5   21474.6 ]
[24-10-31 15:23:26] 15    -55669.46 [    39651.1   17407.6   71878.7    6259.5   21474.6 ]
[24-10-31 15:23:27] 16    -55669.07 [    39651.1   17404.9   71878.7    6259.5   21474.6 ]
[24-10-31 15:23:27] 17    -55668.67 [    39651.1   17402.3   71878.7    6259.5   21474.6 ]
[24-10-31 15:23:27] 18    -55668.04 [    39651.1   17398.1   71878.7    6259.5   21474.6 ]
[24-10-31 15:23:27] 19     -55667.0 [    39651.1   17391.2   71878.7    6259.5   21474.6 ]
[24-10-31 15:23:28] 20    -55665.33 [    39651.1   17380.1   71878.7    6259.5   21474.6 ]
[24-10-31 15:23:28] 21    -55662.63 [    39651.1   17362.2   71878.7    6259.5   21474.6 ]
[24-10-31 15:23:28] 22    -55658.25 [    39651.1   17333.2   71878.7    6259.5   21474.6 ]
[24-10-31 15:23:29] 23    -55651.14 [    39651.1   17286.2   71878.7    6259.5   21474.6 ]
[24-10-31 15:23:29] 24     -55639.6 [    39651.1   17210.2   71878.7    6259.5   21474.6 ]
[24-10-31 15:23:29] 25    -55620.83 [    39651.1   17087.2   71878.7    6259.5   21474.6 ]
[24-10-31 15:23:29] 26    -55590.19 [    39651.1   16888.2   71878.7    6259.5   21474.6 ]
[24-10-31 15:23:30] 27    -55539.91 [    39651.1   16566.2   71878.7    6259.5   21474.6 ]
[24-10-31 15:23:30] 28    -55456.72 [    39651.1   16045.2   71878.7    6259.5   21474.6 ]
[24-10-31 15:23:30] 29    -55317.44 [    39651.1   15202.2   71878.7    6259.5   21474.6 ]
[24-10-31 15:23:30] 30    -55080.95 [    39651.1   13838.2   71878.7    6259.5   21474.6 ]
[24-10-31 15:23:31] 31    -54682.08 [    39651.1   11631.2   71878.7    6259.5   21474.6 ]
[24-10-31 15:23:31] 32    -54209.55 [    39651.1    8060.2   71878.7    6259.5   21474.6 ]
[24-10-31 15:23:31] 33     -71321.3 [    39651.1    1948.0   71878.7    6259.5   21474.6 ]
[24-10-31 15:23:31] 34    -54731.23 [    39651.1    5725.5   71878.7    6259.5   21474.6 ]
[24-10-31 15:23:32] 35    -54324.52 [    39651.1    9424.2   71878.7    6259.5   21474.6 ]
[24-10-31 15:23:32] 36    -54215.35 [    39651.1    8235.7   71878.7    6259.5   21474.6 ]
[24-10-31 15:23:32] 37    -54208.26 [    39651.1    7764.4   71878.7    6259.5   21474.6 ]
[24-10-31 15:23:32] 38    -54272.29 [    39651.1    6985.6   71878.7    6259.5   21474.6 ]
[24-10-31 15:23:33] 39    -54210.44 [    39651.1    7667.9   71878.7    6259.5   21474.6 ]
[24-10-31 15:23:33] 40    -54207.41 [    39651.1    7860.8   71878.7    6259.5   21474.6 ]
[24-10-31 15:23:33] 41    -54207.81 [    39651.1    7956.2   71878.7    6259.5   21474.6 ]
[24-10-31 15:23:33] 42    -54207.41 [    39651.1    7860.8   71878.7    6259.5   21474.6 ]
[24-10-31 15:23:34] 43    -54207.44 [    39651.1    7860.8   71879.7    6259.5   21474.6 ]
[24-10-31 15:23:34] 44    -54207.36 [    39651.1    7860.8   71877.1    6259.5   21474.6 ]
[24-10-31 15:23:34] 45    -54202.06 [    39651.1    7860.8   71700.7    6259.5   21474.6 ]
[24-10-31 15:23:34] 46    -53843.37 [    39651.1    7860.8   52476.8    6259.5   21474.6 ]
[24-10-31 15:23:35] 47    -53814.88 [    39651.1    7860.8   46233.0    6259.5   21474.6 ]
[24-10-31 15:23:35] 49    -53817.32 [    39651.1    7860.8   42374.1    6259.5   21474.6 ]
[24-10-31 15:23:35] 50    -53820.96 [    39651.1    7860.8   48617.9    6259.5   21474.6 ]
[24-10-31 15:23:35] 51    -53814.03 [    39651.1    7860.8   44923.8    6259.5   21474.6 ]
[24-10-31 15:23:36] 52    -53814.06 [    39651.1    7860.8   45193.3    6259.5   21474.6 ]
[24-10-31 15:23:36] 53    -53814.07 [    39651.1    7860.8   44654.2    6259.5   21474.6 ]
[24-10-31 15:23:36] 54    -53814.03 [    39651.1    7860.8   44923.8    6259.5   21474.6 ]
[24-10-31 15:23:36] 55    -53813.98 [    39651.1    7860.8   44923.8    6260.5   21474.6 ]
[24-10-31 15:23:37] 56    -53813.89 [    39651.1    7860.8   44923.8    6262.1   21474.6 ]
[24-10-31 15:23:37] 57    -53805.28 [    39651.1    7860.8   44923.8    6438.4   21474.6 ]
[24-10-31 15:23:38] 58    -53764.98 [    39651.1    7860.8   44923.8    7789.3   21474.6 ]
[24-10-31 15:23:38] 59    -53748.03 [    39651.1    7860.8   44923.8    9975.0   21474.6 ]
[24-10-31 15:23:39] 60    -53749.04 [    39651.1    7860.8   44923.8    9503.1   21474.6 ]
[24-10-31 15:23:39] 61    -53757.81 [    39651.1    7860.8   44923.8   13511.5   21474.6 ]
[24-10-31 15:23:40] 62    -53749.27 [    39651.1    7860.8   44923.8   11325.8   21474.6 ]
[24-10-31 15:23:40] 63    -53750.57 [    39651.1    7860.8   44923.8    9140.1   21474.6 ]
[24-10-31 15:23:40] 64    -53747.87 [    39651.1    7860.8   44923.8   10396.4   21474.6 ]
[24-10-31 15:23:41] 65    -53747.85 [    39651.1    7860.8   44923.8   10324.8   21474.6 ]
[24-10-31 15:23:41] 66    -53747.85 [    39651.1    7860.8   44923.8   10284.1   21474.6 ]
[24-10-31 15:23:42] 67    -53747.86 [    39651.1    7860.8   44923.8   10243.9   21474.6 ]
[24-10-31 15:23:42] 68    -53747.85 [    39651.1    7860.8   44923.8   10284.1   21474.6 ]
[24-10-31 15:23:43] 69     -53747.8 [    39651.1    7860.8   44923.8   10284.1   21475.6 ]
[24-10-31 15:23:43] 70    -53747.72 [    39651.1    7860.8   44923.8   10284.1   21477.3 ]
[24-10-31 15:23:44] 71    -53738.85 [    39651.1    7860.8   44923.8   10284.1   21653.6 ]
[24-10-31 15:23:44] 72    -53402.25 [    39651.1    7860.8   44923.8   10284.1   31728.4 ]
[24-10-31 15:23:45] 73    -53164.98 [    39651.1    7860.8   44923.8   10284.1   48029.6 ]
[24-10-31 15:23:45] 75    -53233.02 [    39651.1    7860.8   44923.8   10284.1   41803.1 ]
[24-10-31 15:23:46] 76    -53188.71 [    39651.1    7860.8   44923.8   10284.1   45651.3 ]
[24-10-31 15:23:46] 77    -53173.75 [    39651.1    7860.8   44923.8   10284.1   47121.2 ]
[24-10-31 15:23:47] 78    -53157.76 [    39651.1    7860.8   44923.8   10284.1   48805.0 ]
[24-10-31 15:23:47] 79    -53153.41 [    39651.1    7860.8   44923.8   10284.1   49284.2 ]
[24-10-31 15:23:47] 80    -53150.77 [    39651.1    7860.8   44923.8   10284.1   49580.3 ]
[24-10-31 15:23:48] 82    -53150.77 [    39651.1    7860.8   44923.8   10284.1   49580.3 ]
[24-10-31 15:23:48] 83    -53150.78 [    39652.1    7860.8   44923.8   10284.1   49580.3 ]
[24-10-31 15:23:49] 84    -53150.75 [    39649.5    7860.8   44923.8   10284.1   49580.3 ]
[24-10-31 15:23:49] 85    -53150.72 [    39646.9    7860.8   44923.8   10284.1   49580.3 ]
[24-10-31 15:23:50] 86    -53150.67 [    39642.7    7860.8   44923.8   10284.1   49580.3 ]
[24-10-31 15:23:50] 87     -53150.6 [    39635.8    7860.8   44923.8   10284.1   49580.3 ]
[24-10-31 15:23:51] 88    -53150.47 [    39624.7    7860.8   44923.8   10284.1   49580.3 ]
[24-10-31 15:23:51] 89    -53150.27 [    39606.8    7860.8   44923.8   10284.1   49580.3 ]
[24-10-31 15:23:52] 90    -53149.93 [    39577.7    7860.8   44923.8   10284.1   49580.3 ]
[24-10-31 15:23:52] 91     -53149.4 [    39530.8    7860.8   44923.8   10284.1   49580.3 ]
[24-10-31 15:23:53] 92    -53148.53 [    39454.7    7860.8   44923.8   10284.1   49580.3 ]
[24-10-31 15:23:53] 93    -53147.12 [    39331.8    7860.8   44923.8   10284.1   49580.3 ]
[24-10-31 15:23:53] 94    -53144.83 [    39132.7    7860.8   44923.8   10284.1   49580.3 ]
[24-10-31 15:23:54] 95     -53141.1 [    38810.7    7860.8   44923.8   10284.1   49580.3 ]
[24-10-31 15:23:54] 96    -53134.97 [    38289.7    7860.8   44923.8   10284.1   49580.3 ]
[24-10-31 15:23:55] 97    -53124.84 [    37446.7    7860.8   44923.8   10284.1   49580.3 ]
[24-10-31 15:23:55] 98    -53107.86 [    36082.7    7860.8   44923.8   10284.1   49580.3 ]
[24-10-31 15:23:56] 99    -53078.79 [    33875.7    7860.8   44923.8   10284.1   49580.3 ]
[24-10-31 15:23:56] 100    -53027.4 [    30304.7    7860.8   44923.8   10284.1   49580.3 ]
[24-10-31 15:23:57] 101   -52933.36 [    24526.7    7860.8   44923.8   10284.1   49580.3 ]
[24-10-31 15:23:57] 102   -52800.91 [    15177.7    7860.8   44923.8   10284.1   49580.3 ]
[24-10-31 15:23:58] 105   -53134.19 [     8440.5    7860.8   44923.8   10284.1   49580.3 ]
[24-10-31 15:23:58] 106   -52841.66 [    11809.1    7860.8   44923.8   10284.1   49580.3 ]
[24-10-31 15:23:59] 107   -52801.78 [    14038.6    7860.8   44923.8   10284.1   49580.3 ]
[24-10-31 15:23:59] 108   -52800.16 [    14682.7    7860.8   44923.8   10284.1   49580.3 ]
[24-10-31 15:23:59] 109   -52800.41 [    14433.0    7860.8   44923.8   10284.1   49580.3 ]
[24-10-31 15:24:00] 110   -52800.16 [    14682.7    7860.8   44923.8   10284.1   49580.3 ]
[24-10-31 15:24:00] 111   -52800.03 [    14682.7    7861.8   44923.8   10284.1   49580.3 ]
[24-10-31 15:24:01] 112   -52799.83 [    14682.7    7863.4   44923.8   10284.1   49580.3 ]
[24-10-31 15:24:01] 113   -52780.82 [    14682.7    8039.8   44923.8   10284.1   49580.3 ]
[24-10-31 15:24:02] 114   -52763.19 [    14682.7    8396.4   44923.8   10284.1   49580.3 ]
[24-10-31 15:24:02] 115   -52782.49 [    14682.7    8973.5   44923.8   10284.1   49580.3 ]
[24-10-31 15:24:03] 116   -52764.34 [    14682.7    8616.9   44923.8   10284.1   49580.3 ]
[24-10-31 15:24:03] 117   -52766.88 [    14682.7    8260.2   44923.8   10284.1   49580.3 ]
[24-10-31 15:24:04] 118   -52762.63 [    14682.7    8477.8   44923.8   10284.1   49580.3 ]
[24-10-31 15:24:04] 119   -52762.63 [    14682.7    8471.6   44923.8   10284.1   49580.3 ]
[24-10-31 15:24:04] 120   -52762.63 [    14682.7    8484.0   44923.8   10284.1   49580.3 ]
[24-10-31 15:24:05] 121   -52762.63 [    14682.7    8477.8   44923.8   10284.1   49580.3 ]
[24-10-31 15:24:05] 122   -52762.63 [    14682.7    8477.8   44924.8   10284.1   49580.3 ]
[24-10-31 15:24:06] 123   -52762.62 [    14682.7    8477.8   44922.1   10284.1   49580.3 ]
[24-10-31 15:24:06] 124   -52761.62 [    14682.7    8477.8   44745.8   10284.1   49580.3 ]
[24-10-31 15:24:07] 126   -52751.96 [    14682.7    8477.8   42618.7   10284.1   49580.3 ]
[24-10-31 15:24:07] 127   -52748.24 [    14682.7    8477.8   41304.1   10284.1   49580.3 ]
[24-10-31 15:24:08] 128   -52746.79 [    14682.7    8477.8   40491.6   10284.1   49580.3 ]
[24-10-31 15:24:08] 130   -52747.27 [    14682.7    8477.8   40802.0   10284.1   49580.3 ]
[24-10-31 15:24:08] 131   -52746.54 [    14682.7    8477.8   40299.8   10284.1   49580.3 ]
[24-10-31 15:24:09] 132    -52746.4 [    14682.7    8477.8   40181.3   10284.1   49580.3 ]
[24-10-31 15:24:09] 133   -52746.32 [    14682.7    8477.8   40108.0   10284.1   49580.3 ]
[24-10-31 15:24:10] 134   -52746.28 [    14682.7    8477.8   40059.9   10284.1   49580.3 ]
[24-10-31 15:24:10] 135   -52746.28 [    14682.7    8477.8   40059.9   10284.1   49580.3 ]
[24-10-31 15:24:11] 136   -52746.28 [    14682.7    8477.8   40059.9   10285.1   49580.3 ]
[24-10-31 15:24:11] 137   -52746.28 [    14682.7    8477.8   40059.9   10282.5   49580.3 ]
[24-10-31 15:24:12] 138   -52746.13 [    14682.7    8477.8   40059.9   10106.1   49580.3 ]
[24-10-31 15:24:12] 139   -52746.06 [    14682.7    8477.8   40059.9    9863.3   49580.3 ]
[24-10-31 15:24:13] 140   -52746.36 [    14682.7    8477.8   40059.9    9470.4   49580.3 ]
[24-10-31 15:24:13] 141   -52746.11 [    14682.7    8477.8   40059.9    9713.2   49580.3 ]
[24-10-31 15:24:13] 142   -52746.06 [    14682.7    8477.8   40059.9    9956.1   49580.3 ]
[24-10-31 15:24:14] 143   -52746.06 [    14682.7    8477.8   40059.9    9896.0   49580.3 ]
[24-10-31 15:24:14] 144   -52746.06 [    14682.7    8477.8   40059.9    9892.1   49580.3 ]
[24-10-31 15:24:15] 145   -52746.06 [    14682.7    8477.8   40059.9    9899.9   49580.3 ]
[24-10-31 15:24:15] 146   -52746.06 [    14682.7    8477.8   40059.9    9896.0   49580.3 ]
[24-10-31 15:24:16] 147   -52746.05 [    14682.7    8477.8   40059.9    9896.0   49581.3 ]
[24-10-31 15:24:16] 148   -52746.04 [    14682.7    8477.8   40059.9    9896.0   49583.0 ]
[24-10-31 15:24:17] 149   -52744.97 [    14682.7    8477.8   40059.9    9896.0   49759.3 ]
[24-10-31 15:24:17] 155   -52744.02 [    14682.7    8477.8   40059.9    9896.0   49915.6 ]
[24-10-31 15:24:18] 156   -52744.49 [    14682.7    8477.8   40059.9    9896.0   49837.5 ]
[24-10-31 15:24:18] 158    -52743.8 [    14682.7    8477.8   40059.9    9896.0   49952.5 ]
[24-10-31 15:24:19] 159   -52743.66 [    14682.7    8477.8   40059.9    9896.0   49975.3 ]
[24-10-31 15:24:19] 160   -52743.58 [    14682.7    8477.8   40059.9    9896.0   49989.4 ]
[24-10-31 15:24:19] 161   -52743.52 [    14682.7    8477.8   40059.9    9896.0   49998.1 ]
[24-10-31 15:24:20] 163   -52743.55 [    14682.7    8477.8   40059.9    9896.0   49993.9 ]
[24-10-31 15:24:20] 165   -52743.52 [    14682.7    8477.8   40059.9    9896.0   49998.1 ]
[24-10-31 15:24:21] 166   -52743.52 [    14683.7    8477.8   40059.9    9896.0   49998.1 ]
[24-10-31 15:24:21] 167   -52743.51 [    14685.3    8477.8   40059.9    9896.0   49998.1 ]
[24-10-31 15:24:22] 168    -52742.8 [    14861.7    8477.8   40059.9    9896.0   49998.1 ]
[24-10-31 15:24:22] 169   -52741.94 [    15325.9    8477.8   40059.9    9896.0   49998.1 ]
[24-10-31 15:24:23] 170    -52743.2 [    16077.2    8477.8   40059.9    9896.0   49998.1 ]
[24-10-31 15:24:23] 171   -52742.07 [    15612.9    8477.8   40059.9    9896.0   49998.1 ]
[24-10-31 15:24:24] 172   -52742.11 [    15148.6    8477.8   40059.9    9896.0   49998.1 ]
[24-10-31 15:24:24] 173   -52741.93 [    15394.6    8477.8   40059.9    9896.0   49998.1 ]
[24-10-31 15:24:25] 174   -52741.93 [    15387.4    8477.8   40059.9    9896.0   49998.1 ]
[24-10-31 15:24:25] 175   -52741.93 [    15401.7    8477.8   40059.9    9896.0   49998.1 ]
[24-10-31 15:24:25] 176   -52741.93 [    15394.6    8477.8   40059.9    9896.0   49998.1 ]
[24-10-31 15:24:26] 177   -52741.86 [    15394.6    8478.8   40059.9    9896.0   49998.1 ]
[24-10-31 15:24:26] 178   -52741.73 [    15394.6    8480.4   40059.9    9896.0   49998.1 ]
[24-10-31 15:24:27] 179   -52731.64 [    15394.6    8656.8   40059.9    9896.0   49998.1 ]
[24-10-31 15:24:27] 180   -52727.02 [    15394.6    8861.7   40059.9    9896.0   49998.1 ]
[24-10-31 15:24:28] 181   -52733.79 [    15394.6    9193.3   40059.9    9896.0   49998.1 ]
[24-10-31 15:24:28] 182   -52727.65 [    15394.6    8988.4   40059.9    9896.0   49998.1 ]
[24-10-31 15:24:29] 183   -52727.93 [    15394.6    8783.4   40059.9    9896.0   49998.1 ]
[24-10-31 15:24:29] 184   -52726.94 [    15394.6    8894.2   40059.9    9896.0   49998.1 ]
[24-10-31 15:24:30] 185   -52726.94 [    15394.6    8890.1   40059.9    9896.0   49998.1 ]
[24-10-31 15:24:30] 186   -52726.94 [    15394.6    8898.4   40059.9    9896.0   49998.1 ]
[24-10-31 15:24:31] 187   -52726.94 [    15394.6    8894.2   40059.9    9896.0   49998.1 ]
[24-10-31 15:24:31] 188   -52726.95 [    15394.6    8894.2   40060.9    9896.0   49998.1 ]
[24-10-31 15:24:32] 189   -52726.93 [    15394.6    8894.2   40058.3    9896.0   49998.1 ]
[24-10-31 15:24:32] 192    -52726.8 [    15394.6    8894.2   40032.5    9896.0   49998.1 ]
[24-10-31 15:24:32] 193   -52726.87 [    15394.6    8894.2   40045.4    9896.0   49998.1 ]
[24-10-31 15:24:33] 194   -52726.72 [    15394.6    8894.2   40016.6    9896.0   49998.1 ]
[24-10-31 15:24:33] 195   -52726.67 [    15394.6    8894.2   40006.8    9896.0   49998.1 ]
[24-10-31 15:24:34] 196   -52726.64 [    15394.6    8894.2   40000.7    9896.0   49998.1 ]
[24-10-31 15:24:34] 198   -52726.65 [    15394.6    8894.2   40003.0    9896.0   49998.1 ]
[24-10-31 15:24:35] 200   -52726.64 [    15394.6    8894.2   40001.6    9896.0   49998.1 ]
[24-10-31 15:24:35] 201   -52726.63 [    15394.6    8894.2   40000.1    9896.0   49998.1 ]
[24-10-31 15:24:36] 202   -52726.63 [    15394.6    8894.2   40000.1    9896.0   49998.1 ]
[24-10-31 15:24:36] 203   -52726.64 [    15394.6    8894.2   40000.1    9897.0   49998.1 ]
[24-10-31 15:24:37] 204   -52726.63 [    15394.6    8894.2   40000.1    9894.4   49998.1 ]
[24-10-31 15:24:37] 205   -52725.95 [    15394.6    8894.2   40000.1    9718.0   49998.1 ]
[24-10-31 15:24:37] 206   -52724.69 [    15394.6    8894.2   40000.1    8276.1   49998.1 ]
[24-10-31 15:24:38] 207   -52765.13 [    15394.6    8894.2   40000.1    5943.0   49998.1 ]
[24-10-31 15:24:38] 208    -52730.6 [    15394.6    8894.2   40000.1    7384.9   49998.1 ]
[24-10-31 15:24:39] 209   -52724.05 [    15394.6    8894.2   40000.1    8826.8   49998.1 ]
[24-10-31 15:24:39] 210   -52724.04 [    15394.6    8894.2   40000.1    8706.0   49998.1 ]
[24-10-31 15:24:40] 211   -52724.04 [    15394.6    8894.2   40000.1    8760.2   49998.1 ]
[24-10-31 15:24:40] 212   -52724.04 [    15394.6    8894.2   40000.1    8748.8   49998.1 ]
[24-10-31 15:24:40] 213   -52724.04 [    15394.6    8894.2   40000.1    8771.5   49998.1 ]
[24-10-31 15:24:41] 214   -52724.04 [    15394.6    8894.2   40000.1    8760.2   49998.1 ]
[24-10-31 15:24:41] 215   -52724.03 [    15394.6    8894.2   40000.1    8760.2   49999.1 ]
[24-10-31 15:24:41] 217   -52724.03 [    15394.6    8894.2   40000.1    8760.2   49999.7 ]
[24-10-31 15:24:41] 219   -52724.03 [    15394.6    8894.2   40000.1    8760.2   49999.4 ]
[24-10-31 15:24:42] 220   -52724.03 [    15394.6    8894.2   40000.1    8760.2   49999.9 ]
[24-10-31 15:24:42] 221   -52724.03 [    15394.6    8894.2   40000.1    8760.2   50000.0 ]
[24-10-31 15:24:42] 223   -52724.03 [    15394.6    8894.2   40000.1    8760.2   49999.9 ]
[24-10-31 15:24:42] 226   -52724.03 [    15394.6    8894.2   40000.1    8760.2   50000.0 ]
[24-10-31 15:24:43] 227   -52724.02 [    15395.6    8894.2   40000.1    8760.2   50000.0 ]
[24-10-31 15:24:43] 228   -52724.01 [    15397.2    8894.2   40000.1    8760.2   50000.0 ]
[24-10-31 15:24:43] 229   -52723.14 [    15573.5    8894.2   40000.1    8760.2   50000.0 ]
[24-10-31 15:24:43] 230   -52721.44 [    16268.5    8894.2   40000.1    8760.2   50000.0 ]
[24-10-31 15:24:44] 231   -52723.49 [    17393.0    8894.2   40000.1    8760.2   50000.0 ]
[24-10-31 15:24:44] 232    -52721.6 [    16698.0    8894.2   40000.1    8760.2   50000.0 ]
[24-10-31 15:24:44] 233   -52721.78 [    16003.0    8894.2   40000.1    8760.2   50000.0 ]
[24-10-31 15:24:44] 234    -52721.4 [    16402.6    8894.2   40000.1    8760.2   50000.0 ]
[24-10-31 15:24:45] 235    -52721.4 [    16392.6    8894.2   40000.1    8760.2   50000.0 ]
[24-10-31 15:24:45] 236    -52721.4 [    16382.6    8894.2   40000.1    8760.2   50000.0 ]
[24-10-31 15:24:45] 237    -52721.4 [    16392.6    8894.2   40000.1    8760.2   50000.0 ]
[24-10-31 15:24:45] 238   -52721.37 [    16392.6    8895.2   40000.1    8760.2   50000.0 ]
[24-10-31 15:24:46] 239   -52721.34 [    16392.6    8896.9   40000.1    8760.2   50000.0 ]
[24-10-31 15:24:46] 240   -52719.55 [    16392.6    9042.5   40000.1    8760.2   50000.0 ]
[24-10-31 15:24:46] 241   -52723.36 [    16392.6    9278.2   40000.1    8760.2   50000.0 ]
[24-10-31 15:24:46] 242   -52720.07 [    16392.6    9132.5   40000.1    8760.2   50000.0 ]
[24-10-31 15:24:47] 243   -52719.84 [    16392.6    8986.9   40000.1    8760.2   50000.0 ]
[24-10-31 15:24:47] 244   -52719.54 [    16392.6    9049.2   40000.1    8760.2   50000.0 ]
[24-10-31 15:24:47] 245   -52719.54 [    16392.6    9047.6   40000.1    8760.2   50000.0 ]
[24-10-31 15:24:47] 246   -52719.55 [    16392.6    9050.7   40000.1    8760.2   50000.0 ]
[24-10-31 15:24:48] 247   -52719.54 [    16392.6    9049.2   40000.1    8760.2   50000.0 ]
[24-10-31 15:24:48] 248   -52719.55 [    16392.6    9049.2   40001.1    8760.2   50000.0 ]
[24-10-31 15:24:48] 251   -52719.55 [    16392.6    9049.2   40000.5    8760.2   50000.0 ]
[24-10-31 15:24:48] 252   -52719.55 [    16392.6    9049.2   40000.3    8760.2   50000.0 ]
[24-10-31 15:24:49] 254   -52719.54 [    16392.6    9049.2   40000.0    8760.2   50000.0 ]
[24-10-31 15:24:49] 256   -52719.54 [    16392.6    9049.2   40000.1    8760.2   50000.0 ]
[24-10-31 15:24:49] 257   -52719.54 [    16392.6    9049.2   40000.0    8760.2   50000.0 ]
[24-10-31 15:24:49] 258   -52719.54 [    16392.6    9049.2   40000.0    8760.2   50000.0 ]
[24-10-31 15:24:50] 260   -52719.54 [    16392.6    9049.2   40000.0    8760.2   50000.0 ]
[24-10-31 15:24:50] 261   -52719.54 [    16392.6    9049.2   40000.0    8760.2   50000.0 ]
[24-10-31 15:24:50] 262   -52719.54 [    16392.6    9049.2   40000.0    8760.2   50000.0 ]
[24-10-31 15:24:50] 263   -52719.54 [    16392.6    9049.2   40000.0    8760.2   50000.0 ]
[24-10-31 15:24:51] 264   -52719.54 [    16392.6    9049.2   40000.0    8760.2   50000.0 ]
[24-10-31 15:24:51] 265   -52719.55 [    16392.6    9049.2   40000.0    8761.2   50000.0 ]
[24-10-31 15:24:51] 266   -52719.54 [    16392.6    9049.2   40000.0    8758.6   50000.0 ]
[24-10-31 15:24:51] 267   -52719.29 [    16392.6    9049.2   40000.0    8582.2   50000.0 ]
[24-10-31 15:24:52] 268    -52719.2 [    16392.6    9049.2   40000.0    8374.9   50000.0 ]
[24-10-31 15:24:52] 269   -52719.63 [    16392.6    9049.2   40000.0    8039.5   50000.0 ]
[24-10-31 15:24:52] 270   -52719.27 [    16392.6    9049.2   40000.0    8246.8   50000.0 ]
[24-10-31 15:24:52] 271    -52719.2 [    16392.6    9049.2   40000.0    8454.1   50000.0 ]
[24-10-31 15:24:53] 272    -52719.2 [    16392.6    9049.2   40000.0    8405.3   50000.0 ]
[24-10-31 15:24:53] 273    -52719.2 [    16392.6    9049.2   40000.0    8401.8   50000.0 ]
[24-10-31 15:24:53] 274    -52719.2 [    16392.6    9049.2   40000.0    8408.9   50000.0 ]
[24-10-31 15:24:53] 275    -52719.2 [    16392.6    9049.2   40000.0    8405.3   50000.0 ]
[24-10-31 15:24:54] 277   -52719.21 [    16392.6    9049.2   40000.0    8405.3   49998.4 ]
[24-10-31 15:24:54] 278    -52719.2 [    16392.6    9049.2   40000.0    8405.3   49999.4 ]
[24-10-31 15:24:54] 280    -52719.2 [    16392.6    9049.2   40000.0    8405.3   49999.7 ]
[24-10-31 15:24:54] 282    -52719.2 [    16392.6    9049.2   40000.0    8405.3   49999.9 ]
[24-10-31 15:24:55] 284    -52719.2 [    16392.6    9049.2   40000.0    8405.3   49999.9 ]
[24-10-31 15:24:55] 286    -52719.2 [    16392.6    9049.2   40000.0    8405.3   50000.0 ]
[24-10-31 15:24:55] 287    -52719.2 [    16392.6    9049.2   40000.0    8405.3   50000.0 ]
[24-10-31 15:24:55] 288    -52719.2 [    16392.6    9049.2   40000.0    8405.3   50000.0 ]
[24-10-31 15:24:56] 289    -52719.2 [    16392.6    9049.2   40000.0    8405.3   50000.0 ]
[24-10-31 15:24:56] 290    -52719.2 [    16392.6    9049.2   40000.0    8405.3   50000.0 ]
[24-10-31 15:24:56] 291    -52719.2 [    16392.6    9049.2   40000.0    8405.3   50000.0 ]
[24-10-31 15:24:56] 292    -52719.2 [    16392.6    9049.2   40000.0    8405.3   50000.0 ]
[24-10-31 15:24:57] 293    -52719.2 [    16392.6    9049.2   40000.0    8405.3   50000.0 ]
[24-10-31 15:24:57] 294    -52719.2 [    16392.6    9049.2   40000.0    8405.3   50000.0 ]
Optimization terminated successfully.
         Current function value: 52719.195225
         Iterations: 4
         Function evaluations: 295
[24-10-31 15:24:57] 295      fit p: [    16392.6    9049.2   40000.0    8405.3   50000.0 ]
method: Powell
objective_func: objective_H2
fopt: -52719.19522537449
max_iter: 100
num_iter: 4
func_calls: 295
flag: 0
u_fitted: False
u: 1.111e-08
