[24-10-31 15:03:48] fitting objective_H2 to data for demes ['French', 'KhomaniSan', 'Yoruba']
[24-10-31 15:03:48] 0        pnames [         NK       NFY       TFY        NF        NY ]
[24-10-31 15:03:48] 0            p0 [    16693.4   17921.7   64104.4    6932.9   22332.6 ]
[24-10-31 15:03:48] 1     -55624.84 [    16693.4   17921.7   64104.4    6932.9   22332.6 ]
[24-10-31 15:03:48] 2     -55624.84 [    16693.4   17921.7   64104.4    6932.9   22332.6 ]
[24-10-31 15:03:49] 3     -55624.79 [    16694.4   17921.7   64104.4    6932.9   22332.6 ]
[24-10-31 15:03:49] 4     -55624.72 [    16696.0   17921.7   64104.4    6932.9   22332.6 ]
[24-10-31 15:03:49] 5     -55616.68 [    16872.4   17921.7   64104.4    6932.9   22332.6 ]
[24-10-31 15:03:49] 6     -55473.36 [    21797.7   17921.7   64104.4    6932.9   22332.6 ]
[24-10-31 15:03:50] 7     -55395.84 [    29767.0   17921.7   64104.4    6932.9   22332.6 ]
[24-10-31 15:03:50] 8     -55399.41 [    29020.2   17921.7   64104.4    6932.9   22332.6 ]
[24-10-31 15:03:50] 9     -55377.21 [    42661.6   17921.7   64104.4    6932.9   22332.6 ]
[24-10-31 15:03:50] 10    -55377.93 [    38033.6   17921.7   64104.4    6932.9   22332.6 ]
[24-10-31 15:03:51] 13    -55378.12 [    37736.3   17921.7   64104.4    6932.9   22332.6 ]
[24-10-31 15:03:51] 14    -55377.11 [    40198.9   17921.7   64104.4    6932.9   22332.6 ]
[24-10-31 15:03:51] 15    -55377.04 [    41221.9   17921.7   64104.4    6932.9   22332.6 ]
[24-10-31 15:03:51] 16    -55377.04 [    40976.6   17921.7   64104.4    6932.9   22332.6 ]
[24-10-31 15:03:52] 17    -55377.05 [    41467.2   17921.7   64104.4    6932.9   22332.6 ]
[24-10-31 15:03:52] 18    -55377.04 [    41221.9   17921.7   64104.4    6932.9   22332.6 ]
[24-10-31 15:03:52] 19     -55377.2 [    41221.9   17922.7   64104.4    6932.9   22332.6 ]
[24-10-31 15:03:52] 20    -55376.78 [    41221.9   17920.1   64104.4    6932.9   22332.6 ]
[24-10-31 15:03:53] 21    -55376.37 [    41221.9   17917.5   64104.4    6932.9   22332.6 ]
[24-10-31 15:03:53] 22     -55375.7 [    41221.9   17913.2   64104.4    6932.9   22332.6 ]
[24-10-31 15:03:53] 23    -55374.62 [    41221.9   17906.4   64104.4    6932.9   22332.6 ]
[24-10-31 15:03:53] 24    -55372.86 [    41221.9   17895.3   64104.4    6932.9   22332.6 ]
[24-10-31 15:03:54] 25    -55370.03 [    41221.9   17877.4   64104.4    6932.9   22332.6 ]
[24-10-31 15:03:54] 26    -55365.43 [    41221.9   17848.3   64104.4    6932.9   22332.6 ]
[24-10-31 15:03:54] 27    -55357.97 [    41221.9   17801.3   64104.4    6932.9   22332.6 ]
[24-10-31 15:03:54] 28    -55345.87 [    41221.9   17725.3   64104.4    6932.9   22332.6 ]
[24-10-31 15:03:55] 29    -55326.19 [    41221.9   17602.3   64104.4    6932.9   22332.6 ]
[24-10-31 15:03:55] 30     -55294.1 [    41221.9   17403.3   64104.4    6932.9   22332.6 ]
[24-10-31 15:03:55] 31    -55241.53 [    41221.9   17081.3   64104.4    6932.9   22332.6 ]
[24-10-31 15:03:55] 32    -55154.78 [    41221.9   16560.3   64104.4    6932.9   22332.6 ]
[24-10-31 15:03:56] 33    -55010.19 [    41221.9   15717.3   64104.4    6932.9   22332.6 ]
[24-10-31 15:03:56] 34    -54766.74 [    41221.9   14353.3   64104.4    6932.9   22332.6 ]
[24-10-31 15:03:56] 35    -54362.91 [    41221.9   12146.3   64104.4    6932.9   22332.6 ]
[24-10-31 15:03:56] 36    -53902.95 [    41221.9    8575.3   64104.4    6932.9   22332.6 ]
[24-10-31 15:03:57] 37     -59791.8 [    41221.9    3492.0   64104.4    6932.9   22332.6 ]
[24-10-31 15:03:57] 38    -54197.54 [    41221.9    6633.7   64104.4    6932.9   22332.6 ]
[24-10-31 15:03:57] 39    -54011.06 [    41221.9    9939.3   64104.4    6932.9   22332.6 ]
[24-10-31 15:03:57] 40    -53905.88 [    41221.9    8690.2   64104.4    6932.9   22332.6 ]
[24-10-31 15:03:58] 41     -53901.8 [    41221.9    8335.1   64104.4    6932.9   22332.6 ]
[24-10-31 15:03:58] 42    -53940.42 [    41221.9    7685.2   64104.4    6932.9   22332.6 ]
[24-10-31 15:03:58] 43     -53903.4 [    41221.9    8239.2   64104.4    6932.9   22332.6 ]
[24-10-31 15:03:58] 44     -53901.4 [    41221.9    8430.9   64104.4    6932.9   22332.6 ]
[24-10-31 15:03:59] 45     -53901.4 [    41221.9    8430.9   64104.4    6932.9   22332.6 ]
[24-10-31 15:03:59] 46    -53901.43 [    41221.9    8430.9   64105.4    6932.9   22332.6 ]
[24-10-31 15:03:59] 47    -53901.36 [    41221.9    8430.9   64102.8    6932.9   22332.6 ]
[24-10-31 15:03:59] 48     -53896.9 [    41221.9    8430.9   63926.4    6932.9   22332.6 ]
[24-10-31 15:04:00] 49    -53601.13 [    41221.9    8430.9   44702.5    6932.9   22332.6 ]
[24-10-31 15:04:00] 51     -53670.7 [    41221.9    8430.9   52045.4    6932.9   22332.6 ]
[24-10-31 15:04:00] 52    -53621.61 [    41221.9    8430.9   47507.3    6932.9   22332.6 ]
[24-10-31 15:04:00] 53    -53590.71 [    41221.9    8430.9   42624.0    6932.9   22332.6 ]
[24-10-31 15:04:01] 54    -53586.26 [    41221.9    8430.9   41339.4    6932.9   22332.6 ]
[24-10-31 15:04:01] 55    -53584.27 [    41221.9    8430.9   40545.4    6932.9   22332.6 ]
[24-10-31 15:04:01] 56    -53583.32 [    41221.9    8430.9   40054.7    6932.9   22332.6 ]
[24-10-31 15:04:02] 58    -53583.76 [    41221.9    8430.9   40295.2    6932.9   22332.6 ]
[24-10-31 15:04:02] 59    -53583.32 [    41221.9    8430.9   40054.7    6932.9   22332.6 ]
[24-10-31 15:04:02] 60    -53583.31 [    41221.9    8430.9   40054.7    6933.9   22332.6 ]
[24-10-31 15:04:02] 61    -53583.28 [    41221.9    8430.9   40054.7    6935.5   22332.6 ]
[24-10-31 15:04:03] 62    -53580.28 [    41221.9    8430.9   40054.7    7111.9   22332.6 ]
[24-10-31 15:04:03] 63     -53570.7 [    41221.9    8430.9   40054.7    8090.3   22332.6 ]
[24-10-31 15:04:03] 64    -53569.85 [    41221.9    8430.9   40054.7    9673.5   22332.6 ]
[24-10-31 15:04:03] 65    -53568.77 [    41221.9    8430.9   40054.7    8956.0   22332.6 ]
[24-10-31 15:04:03] 66    -53568.99 [    41221.9    8430.9   40054.7    8625.4   22332.6 ]
[24-10-31 15:04:04] 67    -53568.96 [    41221.9    8430.9   40054.7    9230.1   22332.6 ]
[24-10-31 15:04:04] 68    -53568.77 [    41221.9    8430.9   40054.7    8935.8   22332.6 ]
[24-10-31 15:04:04] 69    -53568.77 [    41221.9    8430.9   40054.7    8915.8   22332.6 ]
[24-10-31 15:04:04] 70    -53568.77 [    41221.9    8430.9   40054.7    8935.8   22332.6 ]
[24-10-31 15:04:05] 71    -53568.72 [    41221.9    8430.9   40054.7    8935.8   22333.6 ]
[24-10-31 15:04:05] 72    -53568.66 [    41221.9    8430.9   40054.7    8935.8   22335.3 ]
[24-10-31 15:04:05] 73    -53561.46 [    41221.9    8430.9   40054.7    8935.8   22511.6 ]
[24-10-31 15:04:05] 74    -53276.18 [    41221.9    8430.9   40054.7    8935.8   33037.8 ]
[24-10-31 15:04:06] 76    -53178.19 [    41221.9    8430.9   40054.7    8935.8   39543.3 ]
[24-10-31 15:04:06] 77    -53132.71 [    41221.9    8430.9   40054.7    8935.8   43563.9 ]
[24-10-31 15:04:06] 78    -53108.69 [    41221.9    8430.9   40054.7    8935.8   46048.8 ]
[24-10-31 15:04:06] 79    -53095.13 [    41221.9    8430.9   40054.7    8935.8   47584.5 ]
[24-10-31 15:04:07] 80     -53087.2 [    41221.9    8430.9   40054.7    8935.8   48533.7 ]
[24-10-31 15:04:07] 81    -53082.45 [    41221.9    8430.9   40054.7    8935.8   49120.3 ]
[24-10-31 15:04:07] 82    -53079.57 [    41221.9    8430.9   40054.7    8935.8   49482.8 ]
[24-10-31 15:04:07] 83    -53077.45 [    41221.9    8430.9   40054.7    8935.8   49754.3 ]
[24-10-31 15:04:08] 85    -53077.45 [    41221.9    8430.9   40054.7    8935.8   49754.3 ]
[24-10-31 15:04:08] 86    -53077.46 [    41222.9    8430.9   40054.7    8935.8   49754.3 ]
[24-10-31 15:04:08] 87    -53077.43 [    41220.3    8430.9   40054.7    8935.8   49754.3 ]
[24-10-31 15:04:08] 88     -53077.4 [    41217.6    8430.9   40054.7    8935.8   49754.3 ]
[24-10-31 15:04:09] 89    -53077.36 [    41213.4    8430.9   40054.7    8935.8   49754.3 ]
[24-10-31 15:04:09] 90    -53077.29 [    41206.6    8430.9   40054.7    8935.8   49754.3 ]
[24-10-31 15:04:09] 91    -53077.18 [    41195.5    8430.9   40054.7    8935.8   49754.3 ]
[24-10-31 15:04:09] 92    -53076.99 [    41177.5    8430.9   40054.7    8935.8   49754.3 ]
[24-10-31 15:04:10] 93     -53076.7 [    41148.5    8430.9   40054.7    8935.8   49754.3 ]
[24-10-31 15:04:10] 94    -53076.22 [    41101.5    8430.9   40054.7    8935.8   49754.3 ]
[24-10-31 15:04:10] 95    -53075.44 [    41025.5    8430.9   40054.7    8935.8   49754.3 ]
[24-10-31 15:04:10] 96    -53074.17 [    40902.5    8430.9   40054.7    8935.8   49754.3 ]
[24-10-31 15:04:11] 97    -53072.11 [    40703.5    8430.9   40054.7    8935.8   49754.3 ]
[24-10-31 15:04:11] 98    -53068.76 [    40381.5    8430.9   40054.7    8935.8   49754.3 ]
[24-10-31 15:04:11] 99    -53063.26 [    39860.5    8430.9   40054.7    8935.8   49754.3 ]
[24-10-31 15:04:11] 100   -53054.17 [    39017.5    8430.9   40054.7    8935.8   49754.3 ]
[24-10-31 15:04:12] 101   -53038.97 [    37653.5    8430.9   40054.7    8935.8   49754.3 ]
[24-10-31 15:04:12] 102   -53012.98 [    35446.5    8430.9   40054.7    8935.8   49754.3 ]
[24-10-31 15:04:12] 103   -52967.15 [    31875.5    8430.9   40054.7    8935.8   49754.3 ]
[24-10-31 15:04:12] 104   -52883.33 [    26097.5    8430.9   40054.7    8935.8   49754.3 ]
[24-10-31 15:04:13] 105   -52754.71 [    16748.5    8430.9   40054.7    8935.8   49754.3 ]
[24-10-31 15:04:13] 109   -52998.39 [     9272.6    8430.9   40054.7    8935.8   49754.3 ]
[24-10-31 15:04:13] 110   -52769.83 [    13010.5    8430.9   40054.7    8935.8   49754.3 ]
[24-10-31 15:04:13] 111   -52749.36 [    15144.3    8430.9   40054.7    8935.8   49754.3 ]
[24-10-31 15:04:14] 112   -52749.38 [    15464.3    8430.9   40054.7    8935.8   49754.3 ]
[24-10-31 15:04:14] 113   -52749.82 [    14883.5    8430.9   40054.7    8935.8   49754.3 ]
[24-10-31 15:04:14] 114   -52749.36 [    15144.3    8430.9   40054.7    8935.8   49754.3 ]
[24-10-31 15:04:14] 115   -52749.27 [    15144.3    8431.9   40054.7    8935.8   49754.3 ]
[24-10-31 15:04:15] 116   -52749.12 [    15144.3    8433.5   40054.7    8935.8   49754.3 ]
[24-10-31 15:04:15] 117   -52736.19 [    15144.3    8609.9   40054.7    8935.8   49754.3 ]
[24-10-31 15:04:15] 118    -52727.5 [    15144.3    8886.7   40054.7    8935.8   49754.3 ]
[24-10-31 15:04:15] 119   -52738.96 [    15144.3    9334.6   40054.7    8935.8   49754.3 ]
[24-10-31 15:04:16] 120   -52728.45 [    15144.3    9057.8   40054.7    8935.8   49754.3 ]
[24-10-31 15:04:16] 121   -52729.25 [    15144.3    8781.0   40054.7    8935.8   49754.3 ]
[24-10-31 15:04:16] 122    -52727.3 [    15144.3    8937.4   40054.7    8935.8   49754.3 ]
[24-10-31 15:04:16] 123   -52727.31 [    15144.3    8932.3   40054.7    8935.8   49754.3 ]
[24-10-31 15:04:17] 124   -52727.31 [    15144.3    8942.5   40054.7    8935.8   49754.3 ]
[24-10-31 15:04:17] 125    -52727.3 [    15144.3    8937.4   40054.7    8935.8   49754.3 ]
[24-10-31 15:04:17] 126   -52727.31 [    15144.3    8937.4   40055.7    8935.8   49754.3 ]
[24-10-31 15:04:17] 127    -52727.3 [    15144.3    8937.4   40053.1    8935.8   49754.3 ]
[24-10-31 15:04:18] 130   -52727.15 [    15144.3    8937.4   40027.4    8935.8   49754.3 ]
[24-10-31 15:04:18] 131   -52727.22 [    15144.3    8937.4   40040.3    8935.8   49754.3 ]
[24-10-31 15:04:18] 132   -52727.06 [    15144.3    8937.4   40011.5    8935.8   49754.3 ]
[24-10-31 15:04:18] 133    -52727.0 [    15144.3    8937.4   40001.7    8935.8   49754.3 ]
[24-10-31 15:04:19] 135   -52727.02 [    15144.3    8937.4   40005.4    8935.8   49754.3 ]
[24-10-31 15:04:19] 137   -52727.01 [    15144.3    8937.4   40003.1    8935.8   49754.3 ]
[24-10-31 15:04:19] 138   -52726.99 [    15144.3    8937.4   40000.8    8935.8   49754.3 ]
[24-10-31 15:04:19] 139   -52726.99 [    15144.3    8937.4   40000.2    8935.8   49754.3 ]
[24-10-31 15:04:20] 140   -52726.99 [    15144.3    8937.4   40000.2    8935.8   49754.3 ]
[24-10-31 15:04:20] 141   -52726.99 [    15144.3    8937.4   40000.2    8936.8   49754.3 ]
[24-10-31 15:04:20] 142   -52726.99 [    15144.3    8937.4   40000.2    8934.2   49754.3 ]
[24-10-31 15:04:20] 143   -52726.83 [    15144.3    8937.4   40000.2    8757.8   49754.3 ]
[24-10-31 15:04:21] 144   -52726.81 [    15144.3    8937.4   40000.2    8651.7   49754.3 ]
[24-10-31 15:04:21] 145    -52726.9 [    15144.3    8937.4   40000.2    8480.0   49754.3 ]
[24-10-31 15:04:21] 146   -52726.83 [    15144.3    8937.4   40000.2    8586.1   49754.3 ]
[24-10-31 15:04:21] 147   -52726.81 [    15144.3    8937.4   40000.2    8692.2   49754.3 ]
[24-10-31 15:04:22] 148   -52726.81 [    15144.3    8937.4   40000.2    8665.7   49754.3 ]
[24-10-31 15:04:22] 149   -52726.81 [    15144.3    8937.4   40000.2    8663.0   49754.3 ]
[24-10-31 15:04:22] 150   -52726.81 [    15144.3    8937.4   40000.2    8668.4   49754.3 ]
[24-10-31 15:04:22] 151   -52726.81 [    15144.3    8937.4   40000.2    8665.7   49754.3 ]
[24-10-31 15:04:22] 152    -52726.8 [    15144.3    8937.4   40000.2    8665.7   49755.3 ]
[24-10-31 15:04:23] 153   -52726.79 [    15144.3    8937.4   40000.2    8665.7   49756.9 ]
[24-10-31 15:04:23] 154   -52725.75 [    15144.3    8937.4   40000.2    8665.7   49933.3 ]
[24-10-31 15:04:23] 161   -52726.15 [    15144.3    8937.4   40000.2    8665.7   49865.9 ]
[24-10-31 15:04:23] 162   -52725.95 [    15144.3    8937.4   40000.2    8665.7   49899.6 ]
[24-10-31 15:04:24] 163    -52725.4 [    15144.3    8937.4   40000.2    8665.7   49993.0 ]
[24-10-31 15:04:24] 165   -52725.53 [    15144.3    8937.4   40000.2    8665.7   49970.2 ]
[24-10-31 15:04:24] 167   -52725.45 [    15144.3    8937.4   40000.2    8665.7   49984.3 ]
[24-10-31 15:04:24] 168   -52725.36 [    15144.3    8937.4   40000.2    8665.7   49998.4 ]
[24-10-31 15:04:25] 170   -52725.38 [    15144.3    8937.4   40000.2    8665.7   49995.9 ]
[24-10-31 15:04:25] 172   -52725.36 [    15144.3    8937.4   40000.2    8665.7   49998.4 ]
[24-10-31 15:04:25] 173   -52725.36 [    15145.3    8937.4   40000.2    8665.7   49998.4 ]
[24-10-31 15:04:25] 174   -52725.34 [    15146.9    8937.4   40000.2    8665.7   49998.4 ]
[24-10-31 15:04:26] 175   -52724.08 [    15323.3    8937.4   40000.2    8665.7   49998.4 ]
[24-10-31 15:04:26] 176   -52720.58 [    16268.5    8937.4   40000.2    8665.7   49998.4 ]
[24-10-31 15:04:26] 177    -52723.8 [    17798.0    8937.4   40000.2    8665.7   49998.4 ]
[24-10-31 15:04:26] 178   -52720.71 [    16852.7    8937.4   40000.2    8665.7   49998.4 ]
[24-10-31 15:04:27] 179   -52721.32 [    15907.5    8937.4   40000.2    8665.7   49998.4 ]
[24-10-31 15:04:27] 180   -52720.45 [    16511.8    8937.4   40000.2    8665.7   49998.4 ]
[24-10-31 15:04:27] 181   -52720.45 [    16498.1    8937.4   40000.2    8665.7   49998.4 ]
[24-10-31 15:04:27] 182   -52720.45 [    16484.6    8937.4   40000.2    8665.7   49998.4 ]
[24-10-31 15:04:28] 183   -52720.45 [    16498.1    8937.4   40000.2    8665.7   49998.4 ]
[24-10-31 15:04:28] 184   -52720.43 [    16498.1    8938.4   40000.2    8665.7   49998.4 ]
[24-10-31 15:04:28] 185    -52720.4 [    16498.1    8940.0   40000.2    8665.7   49998.4 ]
[24-10-31 15:04:28] 186   -52719.22 [    16498.1    9059.4   40000.2    8665.7   49998.4 ]
[24-10-31 15:04:29] 187   -52721.82 [    16498.1    9252.6   40000.2    8665.7   49998.4 ]
[24-10-31 15:04:29] 188   -52719.58 [    16498.1    9133.2   40000.2    8665.7   49998.4 ]
[24-10-31 15:04:29] 189   -52719.41 [    16498.1    9013.8   40000.2    8665.7   49998.4 ]
[24-10-31 15:04:29] 190   -52719.22 [    16498.1    9063.9   40000.2    8665.7   49998.4 ]
[24-10-31 15:04:30] 191   -52719.22 [    16498.1    9062.6   40000.2    8665.7   49998.4 ]
[24-10-31 15:04:30] 192   -52719.22 [    16498.1    9065.2   40000.2    8665.7   49998.4 ]
[24-10-31 15:04:30] 193   -52719.22 [    16498.1    9063.9   40000.2    8665.7   49998.4 ]
[24-10-31 15:04:30] 194   -52719.23 [    16498.1    9063.9   40001.2    8665.7   49998.4 ]
[24-10-31 15:04:31] 197   -52719.23 [    16498.1    9063.9   40000.6    8665.7   49998.4 ]
[24-10-31 15:04:31] 198   -52719.22 [    16498.1    9063.9   40000.4    8665.7   49998.4 ]
[24-10-31 15:04:31] 200   -52719.22 [    16498.1    9063.9   40000.1    8665.7   49998.4 ]
[24-10-31 15:04:31] 201   -52719.22 [    16498.1    9063.9   40000.1    8665.7   49998.4 ]
[24-10-31 15:04:32] 202   -52719.22 [    16498.1    9063.9   40000.0    8665.7   49998.4 ]
[24-10-31 15:04:32] 203   -52719.22 [    16498.1    9063.9   40000.0    8665.7   49998.4 ]
[24-10-31 15:04:32] 204   -52719.22 [    16498.1    9063.9   40000.0    8665.7   49998.4 ]
[24-10-31 15:04:32] 205   -52719.22 [    16498.1    9063.9   40000.0    8665.7   49998.4 ]
[24-10-31 15:04:33] 207   -52719.22 [    16498.1    9063.9   40000.0    8665.7   49998.4 ]
[24-10-31 15:04:33] 209   -52719.22 [    16498.1    9063.9   40000.0    8665.7   49998.4 ]
[24-10-31 15:04:33] 210   -52719.22 [    16498.1    9063.9   40000.0    8666.7   49998.4 ]
[24-10-31 15:04:33] 211   -52719.22 [    16498.1    9063.9   40000.0    8664.1   49998.4 ]
[24-10-31 15:04:34] 212   -52719.02 [    16498.1    9063.9   40000.0    8487.7   49998.4 ]
[24-10-31 15:04:34] 213   -52718.98 [    16498.1    9063.9   40000.0    8355.3   49998.4 ]
[24-10-31 15:04:34] 214   -52719.15 [    16498.1    9063.9   40000.0    8141.1   49998.4 ]
[24-10-31 15:04:34] 215   -52719.01 [    16498.1    9063.9   40000.0    8273.5   49998.4 ]
[24-10-31 15:04:35] 216   -52718.98 [    16498.1    9063.9   40000.0    8405.9   49998.4 ]
[24-10-31 15:04:35] 217   -52718.98 [    16498.1    9063.9   40000.0    8373.4   49998.4 ]
[24-10-31 15:04:35] 218   -52718.98 [    16498.1    9063.9   40000.0    8370.5   49998.4 ]
[24-10-31 15:04:35] 219   -52718.98 [    16498.1    9063.9   40000.0    8376.3   49998.4 ]
[24-10-31 15:04:36] 220   -52718.98 [    16498.1    9063.9   40000.0    8373.4   49998.4 ]
[24-10-31 15:04:36] 221   -52718.97 [    16498.1    9063.9   40000.0    8373.4   49999.4 ]
[24-10-31 15:04:36] 223   -52718.97 [    16498.1    9063.9   40000.0    8373.4   50000.0 ]
[24-10-31 15:04:36] 225   -52718.97 [    16498.1    9063.9   40000.0    8373.4   49999.7 ]
[24-10-31 15:04:36] 227   -52718.97 [    16498.1    9063.9   40000.0    8373.4   49999.9 ]
[24-10-31 15:04:37] 229   -52718.97 [    16498.1    9063.9   40000.0    8373.4   49999.9 ]
[24-10-31 15:04:37] 231   -52718.97 [    16498.1    9063.9   40000.0    8373.4   50000.0 ]
[24-10-31 15:04:37] 233   -52718.97 [    16498.1    9063.9   40000.0    8373.4   50000.0 ]
[24-10-31 15:04:37] 234   -52718.97 [    16499.1    9063.9   40000.0    8373.4   50000.0 ]
[24-10-31 15:04:38] 235   -52718.96 [    16500.8    9063.9   40000.0    8373.4   50000.0 ]
[24-10-31 15:04:38] 236   -52718.78 [    16677.1    9063.9   40000.0    8373.4   50000.0 ]
[24-10-31 15:04:38] 237   -52718.74 [    16811.4    9063.9   40000.0    8373.4   50000.0 ]
[24-10-31 15:04:38] 238   -52718.83 [    17028.7    9063.9   40000.0    8373.4   50000.0 ]
[24-10-31 15:04:39] 239   -52718.75 [    16894.4    9063.9   40000.0    8373.4   50000.0 ]
[24-10-31 15:04:39] 240   -52718.75 [    16760.1    9063.9   40000.0    8373.4   50000.0 ]
[24-10-31 15:04:39] 241   -52718.74 [    16821.6    9063.9   40000.0    8373.4   50000.0 ]
[24-10-31 15:04:39] 242   -52718.74 [    16818.4    9063.9   40000.0    8373.4   50000.0 ]
[24-10-31 15:04:40] 243   -52718.74 [    16824.9    9063.9   40000.0    8373.4   50000.0 ]
[24-10-31 15:04:40] 244   -52718.74 [    16821.6    9063.9   40000.0    8373.4   50000.0 ]
[24-10-31 15:04:40] 245   -52718.73 [    16821.6    9064.9   40000.0    8373.4   50000.0 ]
[24-10-31 15:04:40] 246   -52718.72 [    16821.6    9066.5   40000.0    8373.4   50000.0 ]
[24-10-31 15:04:41] 247   -52718.58 [    16821.6    9109.4   40000.0    8373.4   50000.0 ]
[24-10-31 15:04:41] 248   -52718.92 [    16821.6    9178.8   40000.0    8373.4   50000.0 ]
[24-10-31 15:04:41] 249   -52718.63 [    16821.6    9135.9   40000.0    8373.4   50000.0 ]
[24-10-31 15:04:41] 250    -52718.6 [    16821.6    9093.0   40000.0    8373.4   50000.0 ]
[24-10-31 15:04:42] 251   -52718.58 [    16821.6    9110.0   40000.0    8373.4   50000.0 ]
[24-10-31 15:04:42] 252   -52718.58 [    16821.6    9110.4   40000.0    8373.4   50000.0 ]
[24-10-31 15:04:42] 253   -52718.58 [    16821.6    9110.0   40000.0    8373.4   50000.0 ]
[24-10-31 15:04:42] 254   -52718.59 [    16821.6    9110.0   40001.0    8373.4   50000.0 ]
[24-10-31 15:04:43] 257   -52718.58 [    16821.6    9110.0   40000.4    8373.4   50000.0 ]
[24-10-31 15:04:43] 258   -52718.58 [    16821.6    9110.0   40000.2    8373.4   50000.0 ]
[24-10-31 15:04:43] 261   -52718.58 [    16821.6    9110.0   40000.1    8373.4   50000.0 ]
[24-10-31 15:04:43] 263   -52718.58 [    16821.6    9110.0   40000.0    8373.4   50000.0 ]
[24-10-31 15:04:44] 265   -52718.58 [    16821.6    9110.0   40000.0    8373.4   50000.0 ]
[24-10-31 15:04:44] 267   -52718.58 [    16821.6    9110.0   40000.0    8373.4   50000.0 ]
[24-10-31 15:04:44] 269   -52718.58 [    16821.6    9110.0   40000.0    8373.4   50000.0 ]
[24-10-31 15:04:45] 270   -52718.58 [    16821.6    9110.0   40000.0    8373.4   50000.0 ]
[24-10-31 15:04:45] 271   -52718.58 [    16821.6    9110.0   40000.0    8373.4   50000.0 ]
[24-10-31 15:04:45] 273   -52718.58 [    16821.6    9110.0   40000.0    8373.4   50000.0 ]
[24-10-31 15:04:45] 275   -52718.58 [    16821.6    9110.0   40000.0    8373.4   50000.0 ]
[24-10-31 15:04:45] 277   -52718.58 [    16821.6    9110.0   40000.0    8373.4   50000.0 ]
[24-10-31 15:04:46] 278   -52718.58 [    16821.6    9110.0   40000.0    8373.4   50000.0 ]
[24-10-31 15:04:46] 279   -52718.58 [    16821.6    9110.0   40000.0    8373.4   50000.0 ]
[24-10-31 15:04:46] 280   -52718.58 [    16821.6    9110.0   40000.0    8373.4   50000.0 ]
[24-10-31 15:04:46] 281   -52718.58 [    16821.6    9110.0   40000.0    8374.4   50000.0 ]
[24-10-31 15:04:47] 282   -52718.58 [    16821.6    9110.0   40000.0    8371.8   50000.0 ]
[24-10-31 15:04:47] 283   -52718.55 [    16821.6    9110.0   40000.0    8273.1   50000.0 ]
[24-10-31 15:04:47] 284   -52718.64 [    16821.6    9110.0   40000.0    8113.5   50000.0 ]
[24-10-31 15:04:47] 285   -52718.56 [    16821.6    9110.0   40000.0    8212.2   50000.0 ]
[24-10-31 15:04:48] 286   -52718.55 [    16821.6    9110.0   40000.0    8310.8   50000.0 ]
[24-10-31 15:04:48] 287   -52718.55 [    16821.6    9110.0   40000.0    8276.6   50000.0 ]
[24-10-31 15:04:48] 288   -52718.55 [    16821.6    9110.0   40000.0    8275.6   50000.0 ]
[24-10-31 15:04:48] 289   -52718.55 [    16821.6    9110.0   40000.0    8277.6   50000.0 ]
[24-10-31 15:04:49] 290   -52718.55 [    16821.6    9110.0   40000.0    8276.6   50000.0 ]
[24-10-31 15:04:49] 292   -52718.56 [    16821.6    9110.0   40000.0    8276.6   49998.4 ]
[24-10-31 15:04:49] 293   -52718.55 [    16821.6    9110.0   40000.0    8276.6   49999.4 ]
[24-10-31 15:04:49] 295   -52718.55 [    16821.6    9110.0   40000.0    8276.6   49999.7 ]
[24-10-31 15:04:50] 297   -52718.55 [    16821.6    9110.0   40000.0    8276.6   49999.9 ]
[24-10-31 15:04:50] 299   -52718.55 [    16821.6    9110.0   40000.0    8276.6   49999.9 ]
[24-10-31 15:04:50] 301   -52718.55 [    16821.6    9110.0   40000.0    8276.6   50000.0 ]
[24-10-31 15:04:50] 302   -52718.55 [    16821.6    9110.0   40000.0    8276.6   50000.0 ]
[24-10-31 15:04:51] 303   -52718.55 [    16821.6    9110.0   40000.0    8276.6   50000.0 ]
[24-10-31 15:04:51] 305   -52718.55 [    16821.6    9110.0   40000.0    8276.6   50000.0 ]
[24-10-31 15:04:51] 306   -52718.55 [    16821.6    9110.0   40000.0    8276.6   50000.0 ]
[24-10-31 15:04:51] 307   -52718.55 [    16821.6    9110.0   40000.0    8276.6   50000.0 ]
[24-10-31 15:04:52] 308   -52718.55 [    16821.6    9110.0   40000.0    8276.6   50000.0 ]
[24-10-31 15:04:52] 309   -52718.55 [    16821.6    9110.0   40000.0    8276.6   50000.0 ]
[24-10-31 15:04:52] 310   -52718.55 [    16821.6    9110.0   40000.0    8276.6   50000.0 ]
Optimization terminated successfully.
         Current function value: 52718.550105
         Iterations: 4
         Function evaluations: 310
[24-10-31 15:04:52] 310      fit p: [    16821.6    9110.0   40000.0    8276.6   50000.0 ]
method: Powell
objective_func: objective_H2
fopt: -52718.55010505762
max_iter: 100
num_iter: 4
func_calls: 310
flag: 0
u_fitted: False
u: 1.111e-08
