[24-11-01 12:17:33] fitting objective_H2 to data for demes ['KhomaniSan', 'Yoruba']
[24-11-01 12:17:33] 0        pnames [        NA1       TA1        NK        NY ]
[24-11-01 12:17:33] 0            p0 [    37477.8   92546.4   12918.5   15922.8 ]
[24-11-01 12:17:33] 1      -2127.35 [    37477.8   92546.4   12918.5   15922.8 ]
[24-11-01 12:17:33] 2      -2127.35 [    37477.8   92546.4   12918.5   15922.8 ]
[24-11-01 12:17:33] 3      -2127.27 [    37478.8   92546.4   12918.5   15922.8 ]
[24-11-01 12:17:34] 4      -2127.14 [    37480.4   92546.4   12918.5   15922.8 ]
[24-11-01 12:17:34] 5      -2113.26 [    37656.8   92546.4   12918.5   15922.8 ]
[24-11-01 12:17:34] 7      -1783.65 [    42686.8   92546.4   12918.5   15922.8 ]
[24-11-01 12:17:34] 8      -1629.85 [    45795.5   92546.4   12918.5   15922.8 ]
[24-11-01 12:17:34] 9      -1548.95 [    47716.8   92546.4   12918.5   15922.8 ]
[24-11-01 12:17:34] 10      -1503.5 [    48904.2   92546.4   12918.5   15922.8 ]
[24-11-01 12:17:35] 11     -1476.98 [    49638.1   92546.4   12918.5   15922.8 ]
[24-11-01 12:17:35] 13     -1486.97 [    49357.8   92546.4   12918.5   15922.8 ]
[24-11-01 12:17:35] 14     -1470.89 [    49811.4   92546.4   12918.5   15922.8 ]
[24-11-01 12:17:35] 15     -1466.58 [    49934.7   92546.4   12918.5   15922.8 ]
[24-11-01 12:17:35] 16     -1466.58 [    49934.7   92546.4   12918.5   15922.8 ]
[24-11-01 12:17:35] 17     -1466.57 [    49934.7   92547.4   12918.5   15922.8 ]
[24-11-01 12:17:36] 18     -1466.56 [    49934.7   92549.0   12918.5   15922.8 ]
[24-11-01 12:17:36] 19     -1464.84 [    49934.7   92725.3   12918.5   15922.8 ]
[24-11-01 12:17:36] 20     -1412.93 [    49934.7  103341.0   12918.5   15922.8 ]
[24-11-01 12:17:36] 21     -1536.62 [    49934.7  120517.4   12918.5   15922.8 ]
[24-11-01 12:17:36] 22     -1430.49 [    49934.7  109901.8   12918.5   15922.8 ]
[24-11-01 12:17:36] 23      -1420.9 [    49934.7   99286.2   12918.5   15922.8 ]
[24-11-01 12:17:37] 24     -1412.91 [    49934.7  103560.0   12918.5   15922.8 ]
[24-11-01 12:17:37] 25     -1412.92 [    49934.7  103670.1   12918.5   15922.8 ]
[24-11-01 12:17:37] 26     -1412.91 [    49934.7  103560.0   12918.5   15922.8 ]
[24-11-01 12:17:37] 27     -1412.72 [    49934.7  103560.0   12919.5   15922.8 ]
[24-11-01 12:17:37] 28     -1412.41 [    49934.7  103560.0   12921.2   15922.8 ]
[24-11-01 12:17:38] 29     -1379.66 [    49934.7  103560.0   13097.5   15922.8 ]
[24-11-01 12:17:38] 30     -1037.26 [    49934.7  103560.0   16069.3   15922.8 ]
[24-11-01 12:17:38] 31      -901.52 [    49934.7  103560.0   20877.9   15922.8 ]
[24-11-01 12:17:38] 32      -909.77 [    49934.7  103560.0   19736.0   15922.8 ]
[24-11-01 12:17:38] 33      -987.88 [    49934.7  103560.0   28658.2   15922.8 ]
[24-11-01 12:17:38] 34      -914.88 [    49934.7  103560.0   23849.7   15922.8 ]
[24-11-01 12:17:39] 35      -920.22 [    49934.7  103560.0   19041.2   15922.8 ]
[24-11-01 12:17:39] 36      -900.91 [    49934.7  103560.0   21627.5   15922.8 ]
[24-11-01 12:17:39] 37      -900.75 [    49934.7  103560.0   21423.2   15922.8 ]
[24-11-01 12:17:39] 38      -900.75 [    49934.7  103560.0   21338.2   15922.8 ]
[24-11-01 12:17:39] 39      -900.79 [    49934.7  103560.0   21508.3   15922.8 ]
[24-11-01 12:17:39] 40      -900.75 [    49934.7  103560.0   21423.2   15922.8 ]
[24-11-01 12:17:40] 41      -900.74 [    49934.7  103560.0   21423.2   15923.8 ]
[24-11-01 12:17:40] 42      -900.73 [    49934.7  103560.0   21423.2   15925.4 ]
[24-11-01 12:17:40] 43      -900.31 [    49934.7  103560.0   21423.2   16056.9 ]
[24-11-01 12:17:40] 44       -901.3 [    49934.7  103560.0   21423.2   16269.5 ]
[24-11-01 12:17:40] 45      -900.45 [    49934.7  103560.0   21423.2   16138.1 ]
[24-11-01 12:17:41] 46      -900.38 [    49934.7  103560.0   21423.2   16006.6 ]
[24-11-01 12:17:41] 47      -900.31 [    49934.7  103560.0   21423.2   16060.2 ]
[24-11-01 12:17:41] 48      -900.31 [    49934.7  103560.0   21423.2   16058.8 ]
[24-11-01 12:17:41] 49      -900.31 [    49934.7  103560.0   21423.2   16061.5 ]
[24-11-01 12:17:41] 51      -900.31 [    49934.7  103560.0   21423.2   16060.2 ]
[24-11-01 12:17:41] 52      -900.29 [    49935.7  103560.0   21423.2   16060.2 ]
[24-11-01 12:17:42] 53      -900.25 [    49937.3  103560.0   21423.2   16060.2 ]
[24-11-01 12:17:42] 56      -899.61 [    49963.0  103560.0   21423.2   16060.2 ]
[24-11-01 12:17:42] 57      -899.93 [    49950.2  103560.0   21423.2   16060.2 ]
[24-11-01 12:17:42] 58      -899.22 [    49978.9  103560.0   21423.2   16060.2 ]
[24-11-01 12:17:42] 59      -898.97 [    49988.8  103560.0   21423.2   16060.2 ]
[24-11-01 12:17:43] 60      -898.83 [    49994.8  103560.0   21423.2   16060.2 ]
[24-11-01 12:17:43] 61      -898.73 [    49998.6  103560.0   21423.2   16060.2 ]
[24-11-01 12:17:43] 63      -898.77 [    49997.2  103560.0   21423.2   16060.2 ]
[24-11-01 12:17:43] 64      -898.71 [    49999.5  103560.0   21423.2   16060.2 ]
[24-11-01 12:17:43] 66      -898.71 [    49999.5  103560.0   21423.2   16060.2 ]
[24-11-01 12:17:43] 67       -898.7 [    49999.5  103561.0   21423.2   16060.2 ]
[24-11-01 12:17:44] 68      -898.69 [    49999.5  103562.6   21423.2   16060.2 ]
[24-11-01 12:17:44] 69      -897.55 [    49999.5  103739.0   21423.2   16060.2 ]
[24-11-01 12:17:44] 70      -873.39 [    49999.5  111232.5   21423.2   16060.2 ]
[24-11-01 12:17:44] 71      -932.67 [    49999.5  123357.4   21423.2   16060.2 ]
[24-11-01 12:17:44] 72      -881.88 [    49999.5  115863.8   21423.2   16060.2 ]
[24-11-01 12:17:45] 73      -877.05 [    49999.5  108370.3   21423.2   16060.2 ]
[24-11-01 12:17:45] 74      -873.39 [    49999.5  111339.5   21423.2   16060.2 ]
[24-11-01 12:17:45] 75      -873.39 [    49999.5  111417.3   21423.2   16060.2 ]
[24-11-01 12:17:45] 76      -873.39 [    49999.5  111339.5   21423.2   16060.2 ]
[24-11-01 12:17:45] 77      -873.39 [    49999.5  111339.5   21424.2   16060.2 ]
[24-11-01 12:17:45] 78      -873.39 [    49999.5  111339.5   21421.6   16060.2 ]
[24-11-01 12:17:46] 79      -873.33 [    49999.5  111339.5   21281.2   16060.2 ]
[24-11-01 12:17:46] 80       -873.5 [    49999.5  111339.5   21054.1   16060.2 ]
[24-11-01 12:17:46] 81      -873.35 [    49999.5  111339.5   21194.5   16060.2 ]
[24-11-01 12:17:46] 82      -873.33 [    49999.5  111339.5   21334.8   16060.2 ]
[24-11-01 12:17:46] 83      -873.33 [    49999.5  111339.5   21284.0   16060.2 ]
[24-11-01 12:17:46] 84      -873.33 [    49999.5  111339.5   21285.4   16060.2 ]
[24-11-01 12:17:47] 85      -873.33 [    49999.5  111339.5   21284.0   16060.2 ]
[24-11-01 12:17:47] 86      -873.28 [    49999.5  111339.5   21284.0   16061.2 ]
[24-11-01 12:17:47] 87      -873.21 [    49999.5  111339.5   21284.0   16062.8 ]
[24-11-01 12:17:47] 88      -866.12 [    49999.5  111339.5   21284.0   16239.1 ]
[24-11-01 12:17:47] 89      -853.91 [    49999.5  111339.5   21284.0   16866.8 ]
[24-11-01 12:17:48] 90      -869.79 [    49999.5  111339.5   21284.0   17882.3 ]
[24-11-01 12:17:48] 91      -855.32 [    49999.5  111339.5   21284.0   17254.7 ]
[24-11-01 12:17:48] 92      -856.31 [    49999.5  111339.5   21284.0   16627.0 ]
[24-11-01 12:17:48] 93      -853.67 [    49999.5  111339.5   21284.0   16977.0 ]
[24-11-01 12:17:48] 94      -853.67 [    49999.5  111339.5   21284.0   16967.8 ]
[24-11-01 12:17:48] 95      -853.67 [    49999.5  111339.5   21284.0   16958.7 ]
[24-11-01 12:17:49] 97      -853.67 [    49999.5  111339.5   21284.0   16967.8 ]
[24-11-01 12:17:49] 99      -853.71 [    49997.9  111339.5   21284.0   16967.8 ]
[24-11-01 12:17:49] 100     -853.68 [    49998.9  111339.5   21284.0   16967.8 ]
[24-11-01 12:17:49] 101     -853.66 [    49999.9  111339.5   21284.0   16967.8 ]
[24-11-01 12:17:49] 103     -853.66 [    49999.7  111339.5   21284.0   16967.8 ]
[24-11-01 12:17:50] 104     -853.66 [    50000.0  111339.5   21284.0   16967.8 ]
[24-11-01 12:17:50] 106     -853.66 [    49999.9  111339.5   21284.0   16967.8 ]
[24-11-01 12:17:50] 107     -853.66 [    50000.0  111339.5   21284.0   16967.8 ]
[24-11-01 12:17:50] 108     -853.66 [    50000.0  111339.5   21284.0   16967.8 ]
[24-11-01 12:17:50] 110     -853.66 [    50000.0  111339.5   21284.0   16967.8 ]
[24-11-01 12:17:50] 111     -853.66 [    50000.0  111339.5   21284.0   16967.8 ]
[24-11-01 12:17:51] 112     -853.65 [    50000.0  111340.5   21284.0   16967.8 ]
[24-11-01 12:17:51] 113     -853.64 [    50000.0  111342.1   21284.0   16967.8 ]
[24-11-01 12:17:51] 114     -852.75 [    50000.0  111518.4   21284.0   16967.8 ]
[24-11-01 12:17:51] 115     -836.03 [    50000.0  118129.3   21284.0   16967.8 ]
[24-11-01 12:17:51] 116     -877.54 [    50000.0  128825.9   21284.0   16967.8 ]
[24-11-01 12:17:52] 117     -841.99 [    50000.0  122215.0   21284.0   16967.8 ]
[24-11-01 12:17:52] 118     -838.54 [    50000.0  115604.2   21284.0   16967.8 ]
[24-11-01 12:17:52] 119     -836.02 [    50000.0  118206.1   21284.0   16967.8 ]
[24-11-01 12:17:52] 120     -836.03 [    50000.0  118274.8   21284.0   16967.8 ]
[24-11-01 12:17:52] 121     -836.02 [    50000.0  118206.1   21284.0   16967.8 ]
[24-11-01 12:17:52] 122     -836.02 [    50000.0  118206.1   21285.0   16967.8 ]
[24-11-01 12:17:53] 123     -836.01 [    50000.0  118206.1   21286.6   16967.8 ]
[24-11-01 12:17:53] 124     -834.92 [    50000.0  118206.1   21463.0   16967.8 ]
[24-11-01 12:17:53] 125     -832.88 [    50000.0  118206.1   22153.3   16967.8 ]
[24-11-01 12:17:53] 126     -835.89 [    50000.0  118206.1   23270.2   16967.8 ]
[24-11-01 12:17:53] 127     -833.19 [    50000.0  118206.1   22579.9   16967.8 ]
[24-11-01 12:17:53] 128     -833.27 [    50000.0  118206.1   21889.6   16967.8 ]
[24-11-01 12:17:54] 129     -832.85 [    50000.0  118206.1   22251.9   16967.8 ]
[24-11-01 12:17:54] 130     -832.85 [    50000.0  118206.1   22242.2   16967.8 ]
[24-11-01 12:17:54] 131     -832.85 [    50000.0  118206.1   22261.6   16967.8 ]
[24-11-01 12:17:54] 132     -832.85 [    50000.0  118206.1   22251.9   16967.8 ]
[24-11-01 12:17:54] 133     -832.81 [    50000.0  118206.1   22251.9   16968.8 ]
[24-11-01 12:17:55] 134     -832.73 [    50000.0  118206.1   22251.9   16970.4 ]
[24-11-01 12:17:55] 135     -825.64 [    50000.0  118206.1   22251.9   17146.8 ]
[24-11-01 12:17:55] 136     -811.92 [    50000.0  118206.1   22251.9   17842.9 ]
[24-11-01 12:17:55] 137     -829.41 [    50000.0  118206.1   22251.9   18969.2 ]
[24-11-01 12:17:55] 138     -813.45 [    50000.0  118206.1   22251.9   18273.1 ]
[24-11-01 12:17:55] 139     -814.63 [    50000.0  118206.1   22251.9   17577.0 ]
[24-11-01 12:17:56] 140     -811.64 [    50000.0  118206.1   22251.9   17968.0 ]
[24-11-01 12:17:56] 141     -811.64 [    50000.0  118206.1   22251.9   17958.0 ]
[24-11-01 12:17:56] 142     -811.65 [    50000.0  118206.1   22251.9   17948.1 ]
[24-11-01 12:17:56] 144     -811.64 [    50000.0  118206.1   22251.9   17958.0 ]
[24-11-01 12:17:56] 146     -811.68 [    49998.4  118206.1   22251.9   17958.0 ]
[24-11-01 12:17:57] 147     -811.66 [    49999.4  118206.1   22251.9   17958.0 ]
[24-11-01 12:17:57] 149     -811.65 [    49999.7  118206.1   22251.9   17958.0 ]
[24-11-01 12:17:57] 151     -811.65 [    49999.9  118206.1   22251.9   17958.0 ]
[24-11-01 12:17:57] 153     -811.64 [    50000.0  118206.1   22251.9   17958.0 ]
[24-11-01 12:17:57] 155     -811.64 [    50000.0  118206.1   22251.9   17958.0 ]
[24-11-01 12:17:57] 157     -811.64 [    50000.0  118206.1   22251.9   17958.0 ]
[24-11-01 12:17:58] 158     -811.64 [    50000.0  118206.1   22251.9   17958.0 ]
[24-11-01 12:17:58] 160     -811.64 [    50000.0  118206.1   22251.9   17958.0 ]
[24-11-01 12:17:58] 161     -811.64 [    50000.0  118206.1   22251.9   17958.0 ]
[24-11-01 12:17:58] 163     -811.64 [    50000.0  118206.1   22251.9   17958.0 ]
[24-11-01 12:17:58] 164     -811.64 [    50000.0  118206.1   22251.9   17958.0 ]
[24-11-01 12:17:59] 165     -811.64 [    50000.0  118206.1   22251.9   17958.0 ]
[24-11-01 12:17:59] 166     -811.64 [    50000.0  118206.1   22251.9   17958.0 ]
[24-11-01 12:17:59] 168     -811.64 [    50000.0  118206.1   22251.9   17958.0 ]
[24-11-01 12:17:59] 169     -811.64 [    50000.0  118207.1   22251.9   17958.0 ]
[24-11-01 12:17:59] 170     -811.63 [    50000.0  118208.8   22251.9   17958.0 ]
[24-11-01 12:17:59] 171     -810.78 [    50000.0  118385.1   22251.9   17958.0 ]
[24-11-01 12:18:00] 172      -794.0 [    50000.0  125384.9   22251.9   17958.0 ]
[24-11-01 12:18:00] 173     -835.72 [    50000.0  136710.9   22251.9   17958.0 ]
[24-11-01 12:18:00] 174      -800.0 [    50000.0  129711.1   22251.9   17958.0 ]
[24-11-01 12:18:00] 175     -796.52 [    50000.0  122711.2   22251.9   17958.0 ]
[24-11-01 12:18:00] 176      -794.0 [    50000.0  125464.2   22251.9   17958.0 ]
[24-11-01 12:18:00] 177      -794.0 [    50000.0  125536.8   22251.9   17958.0 ]
[24-11-01 12:18:01] 178      -794.0 [    50000.0  125464.2   22251.9   17958.0 ]
[24-11-01 12:18:01] 179     -793.99 [    50000.0  125464.2   22252.9   17958.0 ]
[24-11-01 12:18:01] 180     -793.98 [    50000.0  125464.2   22254.5   17958.0 ]
[24-11-01 12:18:01] 181     -792.87 [    50000.0  125464.2   22430.9   17958.0 ]
[24-11-01 12:18:01] 182     -790.58 [    50000.0  125464.2   23181.0   17958.0 ]
[24-11-01 12:18:02] 183     -793.91 [    50000.0  125464.2   24394.6   17958.0 ]
[24-11-01 12:18:02] 184     -790.92 [    50000.0  125464.2   23644.5   17958.0 ]
[24-11-01 12:18:02] 185     -791.02 [    50000.0  125464.2   22894.5   17958.0 ]
[24-11-01 12:18:02] 186     -790.55 [    50000.0  125464.2   23290.1   17958.0 ]
[24-11-01 12:18:02] 187     -790.55 [    50000.0  125464.2   23279.8   17958.0 ]
[24-11-01 12:18:02] 188     -790.55 [    50000.0  125464.2   23269.5   17958.0 ]
[24-11-01 12:18:03] 189     -790.55 [    50000.0  125464.2   23279.8   17958.0 ]
[24-11-01 12:18:03] 190     -790.51 [    50000.0  125464.2   23279.8   17959.0 ]
[24-11-01 12:18:03] 191     -790.44 [    50000.0  125464.2   23279.8   17960.6 ]
[24-11-01 12:18:03] 192     -783.63 [    50000.0  125464.2   23279.8   18137.0 ]
[24-11-01 12:18:03] 193      -769.5 [    50000.0  125464.2   23279.8   18880.4 ]
[24-11-01 12:18:04] 194     -787.57 [    50000.0  125464.2   23279.8   20083.3 ]
[24-11-01 12:18:04] 195      -771.1 [    50000.0  125464.2   23279.8   19339.9 ]
[24-11-01 12:18:04] 196     -772.29 [    50000.0  125464.2   23279.8   18596.5 ]
[24-11-01 12:18:04] 197     -769.22 [    50000.0  125464.2   23279.8   19012.9 ]
[24-11-01 12:18:04] 198     -769.22 [    50000.0  125464.2   23279.8   19002.4 ]
[24-11-01 12:18:04] 199     -769.22 [    50000.0  125464.2   23279.8   18992.0 ]
[24-11-01 12:18:05] 201     -769.22 [    50000.0  125464.2   23279.8   19002.4 ]
[24-11-01 12:18:05] 203     -769.25 [    49998.4  125464.2   23279.8   19002.4 ]
[24-11-01 12:18:05] 204     -769.23 [    49999.4  125464.2   23279.8   19002.4 ]
[24-11-01 12:18:05] 206     -769.22 [    49999.7  125464.2   23279.8   19002.4 ]
[24-11-01 12:18:05] 208     -769.22 [    49999.9  125464.2   23279.8   19002.4 ]
[24-11-01 12:18:06] 210     -769.22 [    50000.0  125464.2   23279.8   19002.4 ]
[24-11-01 12:18:06] 212     -769.22 [    50000.0  125464.2   23279.8   19002.4 ]
[24-11-01 12:18:06] 214     -769.22 [    50000.0  125464.2   23279.8   19002.4 ]
[24-11-01 12:18:06] 216     -769.22 [    50000.0  125464.2   23279.8   19002.4 ]
[24-11-01 12:18:06] 218     -769.22 [    50000.0  125464.2   23279.8   19002.4 ]
[24-11-01 12:18:06] 220     -769.22 [    50000.0  125464.2   23279.8   19002.4 ]
[24-11-01 12:18:07] 222     -769.22 [    50000.0  125464.2   23279.8   19002.4 ]
[24-11-01 12:18:07] 224     -769.22 [    50000.0  125464.2   23279.8   19002.4 ]
[24-11-01 12:18:07] 226     -769.22 [    50000.0  125464.2   23279.8   19002.4 ]
[24-11-01 12:18:07] 227     -769.22 [    50000.0  125464.2   23279.8   19002.4 ]
[24-11-01 12:18:07] 228     -769.22 [    50000.0  125464.2   23279.8   19002.4 ]
[24-11-01 12:18:08] 229     -769.22 [    50000.0  125464.2   23279.8   19002.4 ]
[24-11-01 12:18:08] 231     -769.22 [    50000.0  125464.2   23279.8   19002.4 ]
[24-11-01 12:18:08] 232     -769.22 [    50000.0  125464.2   23279.8   19002.4 ]
[24-11-01 12:18:08] 234     -769.22 [    50000.0  125464.2   23279.8   19002.4 ]
[24-11-01 12:18:08] 235     -769.22 [    50000.0  125464.2   23279.8   19002.4 ]
[24-11-01 12:18:08] 236     -769.22 [    50000.0  125464.2   23279.8   19002.4 ]
[24-11-01 12:18:09] 237     -769.21 [    50000.0  125465.2   23279.8   19002.4 ]
[24-11-01 12:18:09] 238     -769.21 [    50000.0  125466.8   23279.8   19002.4 ]
[24-11-01 12:18:09] 239      -768.4 [    50000.0  125643.2   23279.8   19002.4 ]
[24-11-01 12:18:09] 240     -751.62 [    50000.0  133039.9   23279.8   19002.4 ]
[24-11-01 12:18:09] 241     -793.41 [    50000.0  145008.1   23279.8   19002.4 ]
[24-11-01 12:18:10] 242     -757.63 [    50000.0  137611.4   23279.8   19002.4 ]
[24-11-01 12:18:10] 243     -754.13 [    50000.0  130214.6   23279.8   19002.4 ]
[24-11-01 12:18:10] 244     -751.62 [    50000.0  133121.3   23279.8   19002.4 ]
[24-11-01 12:18:10] 245     -751.62 [    50000.0  133197.9   23279.8   19002.4 ]
[24-11-01 12:18:10] 246     -751.62 [    50000.0  133121.3   23279.8   19002.4 ]
[24-11-01 12:18:10] 247     -751.61 [    50000.0  133121.3   23280.8   19002.4 ]
[24-11-01 12:18:11] 248      -751.6 [    50000.0  133121.3   23282.4   19002.4 ]
[24-11-01 12:18:11] 249      -750.5 [    50000.0  133121.3   23458.7   19002.4 ]
[24-11-01 12:18:11] 250     -748.11 [    50000.0  133121.3   24248.0   19002.4 ]
[24-11-01 12:18:11] 251      -751.6 [    50000.0  133121.3   25525.0   19002.4 ]
[24-11-01 12:18:11] 252     -748.47 [    50000.0  133121.3   24735.8   19002.4 ]
[24-11-01 12:18:12] 253     -748.56 [    50000.0  133121.3   23946.5   19002.4 ]
[24-11-01 12:18:12] 254     -748.08 [    50000.0  133121.3   24362.0   19002.4 ]
[24-11-01 12:18:12] 255     -748.08 [    50000.0  133121.3   24351.1   19002.4 ]
[24-11-01 12:18:12] 256     -748.08 [    50000.0  133121.3   24340.4   19002.4 ]
[24-11-01 12:18:12] 257     -748.08 [    50000.0  133121.3   24351.1   19002.4 ]
[24-11-01 12:18:12] 258     -748.04 [    50000.0  133121.3   24351.1   19003.4 ]
[24-11-01 12:18:13] 259     -747.97 [    50000.0  133121.3   24351.1   19005.0 ]
[24-11-01 12:18:13] 260     -741.48 [    50000.0  133121.3   24351.1   19181.4 ]
[24-11-01 12:18:13] 261     -727.11 [    50000.0  133121.3   24351.1   19970.4 ]
[24-11-01 12:18:13] 262      -745.6 [    50000.0  133121.3   24351.1   21247.1 ]
[24-11-01 12:18:13] 263     -728.76 [    50000.0  133121.3   24351.1   20458.1 ]
[24-11-01 12:18:13] 264     -729.93 [    50000.0  133121.3   24351.1   19669.0 ]
[24-11-01 12:18:14] 265     -726.83 [    50000.0  133121.3   24351.1   20109.4 ]
[24-11-01 12:18:14] 266     -726.83 [    50000.0  133121.3   24351.1   20098.3 ]
[24-11-01 12:18:14] 267     -726.83 [    50000.0  133121.3   24351.1   20087.3 ]
[24-11-01 12:18:14] 269     -726.83 [    50000.0  133121.3   24351.1   20098.3 ]
[24-11-01 12:18:14] 271     -726.86 [    49998.4  133121.3   24351.1   20098.3 ]
[24-11-01 12:18:15] 272     -726.84 [    49999.4  133121.3   24351.1   20098.3 ]
[24-11-01 12:18:15] 274     -726.83 [    49999.7  133121.3   24351.1   20098.3 ]
[24-11-01 12:18:15] 276     -726.83 [    49999.9  133121.3   24351.1   20098.3 ]
[24-11-01 12:18:15] 278     -726.83 [    50000.0  133121.3   24351.1   20098.3 ]
[24-11-01 12:18:15] 280     -726.83 [    50000.0  133121.3   24351.1   20098.3 ]
[24-11-01 12:18:15] 282     -726.83 [    50000.0  133121.3   24351.1   20098.3 ]
[24-11-01 12:18:16] 284     -726.83 [    50000.0  133121.3   24351.1   20098.3 ]
[24-11-01 12:18:16] 286     -726.83 [    50000.0  133121.3   24351.1   20098.3 ]
[24-11-01 12:18:16] 288     -726.83 [    50000.0  133121.3   24351.1   20098.3 ]
[24-11-01 12:18:16] 290     -726.83 [    50000.0  133121.3   24351.1   20098.3 ]
[24-11-01 12:18:16] 292     -726.83 [    50000.0  133121.3   24351.1   20098.3 ]
[24-11-01 12:18:17] 294     -726.83 [    50000.0  133121.3   24351.1   20098.3 ]
[24-11-01 12:18:17] 296     -726.83 [    50000.0  133121.3   24351.1   20098.3 ]
[24-11-01 12:18:17] 298     -726.83 [    50000.0  133121.3   24351.1   20098.3 ]
[24-11-01 12:18:17] 300     -726.83 [    50000.0  133121.3   24351.1   20098.3 ]
[24-11-01 12:18:17] 302     -726.83 [    50000.0  133121.3   24351.1   20098.3 ]
[24-11-01 12:18:17] 304     -726.83 [    50000.0  133121.3   24351.1   20098.3 ]
[24-11-01 12:18:18] 306     -726.83 [    50000.0  133121.3   24351.1   20098.3 ]
[24-11-01 12:18:18] 308     -726.83 [    50000.0  133121.3   24351.1   20098.3 ]
[24-11-01 12:18:18] 310     -726.83 [    50000.0  133121.3   24351.1   20098.3 ]
[24-11-01 12:18:18] 311     -726.83 [    50000.0  133121.3   24351.1   20098.3 ]
[24-11-01 12:18:18] 312     -726.83 [    50000.0  133121.3   24351.1   20098.3 ]
[24-11-01 12:18:19] 313     -726.83 [    50000.0  133121.3   24351.1   20098.3 ]
[24-11-01 12:18:19] 314     -726.83 [    50000.0  133121.3   24351.1   20098.3 ]
[24-11-01 12:18:19] 315     -726.83 [    50000.0  133121.3   24351.1   20098.3 ]
[24-11-01 12:18:19] 316     -726.83 [    50000.0  133121.3   24351.1   20098.3 ]
[24-11-01 12:18:19] 317     -726.83 [    50000.0  133121.3   24351.1   20098.3 ]
[24-11-01 12:18:19] 318     -726.83 [    50000.0  133121.3   24351.1   20098.3 ]
[24-11-01 12:18:20] 319     -726.83 [    50000.0  133121.3   24351.1   20098.3 ]
[24-11-01 12:18:20] 320     -726.83 [    50000.0  133121.3   24351.1   20098.3 ]
[24-11-01 12:18:20] 321     -726.82 [    50000.0  133122.3   24351.1   20098.3 ]
[24-11-01 12:18:20] 322     -726.82 [    50000.0  133124.0   24351.1   20098.3 ]
[24-11-01 12:18:20] 323     -726.06 [    50000.0  133300.3   24351.1   20098.3 ]
[24-11-01 12:18:21] 324     -709.45 [    50000.0  141068.3   24351.1   20098.3 ]
[24-11-01 12:18:21] 325     -750.87 [    50000.0  153637.1   24351.1   20098.3 ]
[24-11-01 12:18:21] 326     -715.41 [    50000.0  145869.1   24351.1   20098.3 ]
[24-11-01 12:18:21] 327     -711.94 [    50000.0  138101.2   24351.1   20098.3 ]
[24-11-01 12:18:21] 328     -709.45 [    50000.0  141150.8   24351.1   20098.3 ]
[24-11-01 12:18:21] 329     -709.45 [    50000.0  141231.1   24351.1   20098.3 ]
[24-11-01 12:18:22] 330     -709.45 [    50000.0  141150.8   24351.1   20098.3 ]
[24-11-01 12:18:22] 331     -709.44 [    50000.0  141150.8   24352.1   20098.3 ]
[24-11-01 12:18:22] 332     -709.43 [    50000.0  141150.8   24353.7   20098.3 ]
[24-11-01 12:18:22] 333     -708.37 [    50000.0  141150.8   24530.1   20098.3 ]
[24-11-01 12:18:22] 334     -705.96 [    50000.0  141150.8   25346.8   20098.3 ]
[24-11-01 12:18:22] 335     -709.51 [    50000.0  141150.8   26668.2   20098.3 ]
[24-11-01 12:18:23] 336     -706.33 [    50000.0  141150.8   25851.5   20098.3 ]
[24-11-01 12:18:23] 337     -706.41 [    50000.0  141150.8   25034.8   20098.3 ]
[24-11-01 12:18:23] 338     -705.93 [    50000.0  141150.8   25462.2   20098.3 ]
[24-11-01 12:18:23] 339     -705.93 [    50000.0  141150.8   25451.1   20098.3 ]
[24-11-01 12:18:23] 340     -705.93 [    50000.0  141150.8   25440.1   20098.3 ]
[24-11-01 12:18:23] 341     -705.93 [    50000.0  141150.8   25451.1   20098.3 ]
[24-11-01 12:18:24] 342     -705.89 [    50000.0  141150.8   25451.1   20099.3 ]
[24-11-01 12:18:24] 343     -705.83 [    50000.0  141150.8   25451.1   20100.9 ]
[24-11-01 12:18:24] 344     -699.68 [    50000.0  141150.8   25451.1   20277.3 ]
[24-11-01 12:18:24] 345     -685.34 [    50000.0  141150.8   25451.1   21107.1 ]
[24-11-01 12:18:24] 346     -704.01 [    50000.0  141150.8   25451.1   22449.8 ]
[24-11-01 12:18:24] 347     -687.04 [    50000.0  141150.8   25451.1   21620.0 ]
[24-11-01 12:18:25] 348     -688.14 [    50000.0  141150.8   25451.1   20790.1 ]
[24-11-01 12:18:25] 349     -685.06 [    50000.0  141150.8   25451.1   21250.5 ]
[24-11-01 12:18:25] 350     -685.06 [    50000.0  141150.8   25451.1   21239.0 ]
[24-11-01 12:18:25] 351     -685.07 [    50000.0  141150.8   25451.1   21227.6 ]
[24-11-01 12:18:25] 353     -685.06 [    50000.0  141150.8   25451.1   21239.0 ]
[24-11-01 12:18:25] 355     -685.09 [    49998.4  141150.8   25451.1   21239.0 ]
[24-11-01 12:18:26] 356     -685.07 [    49999.4  141150.8   25451.1   21239.0 ]
[24-11-01 12:18:26] 358     -685.07 [    49999.7  141150.8   25451.1   21239.0 ]
[24-11-01 12:18:26] 360     -685.07 [    49999.9  141150.8   25451.1   21239.0 ]
[24-11-01 12:18:26] 362     -685.06 [    50000.0  141150.8   25451.1   21239.0 ]
[24-11-01 12:18:26] 364     -685.06 [    50000.0  141150.8   25451.1   21239.0 ]
[24-11-01 12:18:26] 366     -685.06 [    50000.0  141150.8   25451.1   21239.0 ]
[24-11-01 12:18:27] 368     -685.06 [    50000.0  141150.8   25451.1   21239.0 ]
[24-11-01 12:18:27] 370     -685.06 [    50000.0  141150.8   25451.1   21239.0 ]
[24-11-01 12:18:27] 372     -685.06 [    50000.0  141150.8   25451.1   21239.0 ]
[24-11-01 12:18:27] 374     -685.06 [    50000.0  141150.8   25451.1   21239.0 ]
[24-11-01 12:18:27] 376     -685.06 [    50000.0  141150.8   25451.1   21239.0 ]
[24-11-01 12:18:27] 378     -685.06 [    50000.0  141150.8   25451.1   21239.0 ]
[24-11-01 12:18:28] 380     -685.06 [    50000.0  141150.8   25451.1   21239.0 ]
[24-11-01 12:18:28] 382     -685.06 [    50000.0  141150.8   25451.1   21239.0 ]
[24-11-01 12:18:28] 384     -685.06 [    50000.0  141150.8   25451.1   21239.0 ]
[24-11-01 12:18:28] 386     -685.06 [    50000.0  141150.8   25451.1   21239.0 ]
[24-11-01 12:18:28] 388     -685.06 [    50000.0  141150.8   25451.1   21239.0 ]
[24-11-01 12:18:28] 390     -685.06 [    50000.0  141150.8   25451.1   21239.0 ]
[24-11-01 12:18:29] 392     -685.06 [    50000.0  141150.8   25451.1   21239.0 ]
[24-11-01 12:18:29] 394     -685.06 [    50000.0  141150.8   25451.1   21239.0 ]
[24-11-01 12:18:29] 396     -685.06 [    50000.0  141150.8   25451.1   21239.0 ]
[24-11-01 12:18:29] 398     -685.06 [    50000.0  141150.8   25451.1   21239.0 ]
[24-11-01 12:18:29] 399     -685.06 [    50000.0  141150.8   25451.1   21239.0 ]
[24-11-01 12:18:29] 400     -685.06 [    50000.0  141150.8   25451.1   21239.0 ]
[24-11-01 12:18:30] 401     -685.06 [    50000.0  141150.8   25451.1   21239.0 ]
[24-11-01 12:18:30] 402     -685.06 [    50000.0  141150.8   25451.1   21239.0 ]
[24-11-01 12:18:30] 403     -685.06 [    50000.0  141150.8   25451.1   21239.0 ]
[24-11-01 12:18:30] 404     -685.06 [    50000.0  141150.8   25451.1   21239.0 ]
[24-11-01 12:18:30] 405     -685.06 [    50000.0  141150.8   25451.1   21239.0 ]
[24-11-01 12:18:30] 406     -685.06 [    50000.0  141150.8   25451.1   21239.0 ]
[24-11-01 12:18:31] 407     -685.06 [    50000.0  141150.8   25451.1   21239.0 ]
[24-11-01 12:18:31] 408     -685.06 [    50000.0  141150.8   25451.1   21239.0 ]
[24-11-01 12:18:31] 409     -685.06 [    50000.0  141150.8   25451.1   21239.0 ]
[24-11-01 12:18:31] 410     -685.06 [    50000.0  141151.8   25451.1   21239.0 ]
[24-11-01 12:18:31] 411     -685.05 [    50000.0  141153.4   25451.1   21239.0 ]
[24-11-01 12:18:31] 412     -684.34 [    50000.0  141329.8   25451.1   21239.0 ]
[24-11-01 12:18:32] 413     -668.19 [    50000.0  149411.8   25451.1   21239.0 ]
[24-11-01 12:18:32] 414     -708.57 [    50000.0  162488.7   25451.1   21239.0 ]
[24-11-01 12:18:32] 415      -674.0 [    50000.0  154406.7   25451.1   21239.0 ]
[24-11-01 12:18:32] 416     -670.61 [    50000.0  146324.7   25451.1   21239.0 ]
[24-11-01 12:18:32] 417     -668.19 [    50000.0  149494.4   25451.1   21239.0 ]
[24-11-01 12:18:32] 418     -668.19 [    50000.0  149577.8   25451.1   21239.0 ]
[24-11-01 12:18:33] 419     -668.19 [    50000.0  149494.4   25451.1   21239.0 ]
[24-11-01 12:18:33] 420     -668.18 [    50000.0  149494.4   25452.1   21239.0 ]
[24-11-01 12:18:33] 421     -668.17 [    50000.0  149494.4   25453.7   21239.0 ]
[24-11-01 12:18:33] 422     -667.14 [    50000.0  149494.4   25630.1   21239.0 ]
[24-11-01 12:18:33] 423     -664.76 [    50000.0  149494.4   26467.2   21239.0 ]
[24-11-01 12:18:33] 424     -668.33 [    50000.0  149494.4   27821.6   21239.0 ]
[24-11-01 12:18:34] 425     -665.14 [    50000.0  149494.4   26984.5   21239.0 ]
[24-11-01 12:18:34] 426     -665.21 [    50000.0  149494.4   26147.4   21239.0 ]
[24-11-01 12:18:34] 427     -664.73 [    50000.0  149494.4   26582.1   21239.0 ]
[24-11-01 12:18:34] 428     -664.73 [    50000.0  149494.4   26570.8   21239.0 ]
[24-11-01 12:18:34] 429     -664.73 [    50000.0  149494.4   26559.6   21239.0 ]
[24-11-01 12:18:35] 430     -664.73 [    50000.0  149494.4   26570.8   21239.0 ]
[24-11-01 12:18:35] 431     -664.69 [    50000.0  149494.4   26570.8   21240.0 ]
[24-11-01 12:18:35] 432     -664.64 [    50000.0  149494.4   26570.8   21241.6 ]
[24-11-01 12:18:35] 433     -658.87 [    50000.0  149494.4   26570.8   21418.0 ]
[24-11-01 12:18:35] 434     -644.83 [    50000.0  149494.4   26570.8   22281.9 ]
[24-11-01 12:18:35] 435      -663.4 [    50000.0  149494.4   26570.8   23679.6 ]
[24-11-01 12:18:36] 436     -646.56 [    50000.0  149494.4   26570.8   22815.8 ]
[24-11-01 12:18:36] 437     -647.56 [    50000.0  149494.4   26570.8   21951.9 ]
[24-11-01 12:18:36] 438     -644.58 [    50000.0  149494.4   26570.8   22427.2 ]
[24-11-01 12:18:36] 439     -644.58 [    50000.0  149494.4   26570.8   22415.3 ]
[24-11-01 12:18:36] 440     -644.58 [    50000.0  149494.4   26570.8   22403.6 ]
[24-11-01 12:18:37] 441     -606.92 [    50000.0  157837.9   27690.6   23591.7 ]
[24-11-01 12:18:37] 442     -644.58 [    50000.0  149494.4   26570.8   22415.3 ]
[24-11-01 12:18:37] 443     -606.92 [    50000.0  157837.9   27690.6   23591.7 ]
[24-11-01 12:18:37] 444     -552.07 [    50000.0  171338.1   29502.4   25495.1 ]
[24-11-01 12:18:37] 446     -445.89 [    50000.0  206379.8   34205.1   30435.7 ]
[24-11-01 12:18:37] 447     -407.28 [    50000.0  228036.7   37111.6   33489.1 ]
[24-11-01 12:18:38] 448     -394.01 [    50000.0  241421.5   38907.9   35376.3 ]
[24-11-01 12:18:38] 450     -390.79 [    50000.0  247248.1   39689.9   36197.8 ]
[24-11-01 12:18:38] 452     -391.83 [    50000.0  245022.5   39391.2   35884.0 ]
[24-11-01 12:18:38] 453     -390.26 [    50000.0  248623.5   39874.5   36391.7 ]
[24-11-01 12:18:38] 454     -389.93 [    50000.0  249614.8   40007.5   36531.4 ]
[24-11-01 12:18:39] 455     -389.93 [    50000.0  249614.8   40007.5   36531.4 ]
[24-11-01 12:18:39] 457     -389.93 [    49998.4  249614.8   40007.5   36531.4 ]
[24-11-01 12:18:39] 458     -389.93 [    49999.4  249614.8   40007.5   36531.4 ]
[24-11-01 12:18:39] 460     -389.93 [    49999.7  249614.8   40007.5   36531.4 ]
[24-11-01 12:18:39] 462     -389.93 [    49999.9  249614.8   40007.5   36531.4 ]
[24-11-01 12:18:39] 464     -389.93 [    50000.0  249614.8   40007.5   36531.4 ]
[24-11-01 12:18:40] 466     -389.93 [    50000.0  249614.8   40007.5   36531.4 ]
[24-11-01 12:18:40] 468     -389.93 [    50000.0  249614.8   40007.5   36531.4 ]
[24-11-01 12:18:40] 470     -389.93 [    50000.0  249614.8   40007.5   36531.4 ]
[24-11-01 12:18:40] 472     -389.93 [    50000.0  249614.8   40007.5   36531.4 ]
[24-11-01 12:18:40] 474     -389.93 [    50000.0  249614.8   40007.5   36531.4 ]
[24-11-01 12:18:40] 476     -389.93 [    50000.0  249614.8   40007.5   36531.4 ]
[24-11-01 12:18:41] 478     -389.93 [    50000.0  249614.8   40007.5   36531.4 ]
[24-11-01 12:18:41] 480     -389.93 [    50000.0  249614.8   40007.5   36531.4 ]
[24-11-01 12:18:41] 482     -389.93 [    50000.0  249614.8   40007.5   36531.4 ]
[24-11-01 12:18:41] 484     -389.93 [    50000.0  249614.8   40007.5   36531.4 ]
[24-11-01 12:18:41] 486     -389.93 [    50000.0  249614.8   40007.5   36531.4 ]
[24-11-01 12:18:42] 488     -389.93 [    50000.0  249614.8   40007.5   36531.4 ]
[24-11-01 12:18:42] 490     -389.93 [    50000.0  249614.8   40007.5   36531.4 ]
[24-11-01 12:18:42] 492     -389.93 [    50000.0  249614.8   40007.5   36531.4 ]
[24-11-01 12:18:42] 494     -389.93 [    50000.0  249614.8   40007.5   36531.4 ]
[24-11-01 12:18:42] 496     -389.93 [    50000.0  249614.8   40007.5   36531.4 ]
[24-11-01 12:18:42] 497     -389.93 [    50000.0  249614.8   40007.5   36531.4 ]
[24-11-01 12:18:43] 498     -389.93 [    50000.0  249614.8   40007.5   36531.4 ]
[24-11-01 12:18:43] 499     -389.93 [    50000.0  249614.8   40007.5   36531.4 ]
[24-11-01 12:18:43] 501     -389.93 [    50000.0  249614.8   40007.5   36531.4 ]
[24-11-01 12:18:43] 503     -389.93 [    50000.0  249614.8   40007.5   36531.4 ]
[24-11-01 12:18:43] 505     -389.93 [    50000.0  249614.8   40007.5   36531.4 ]
[24-11-01 12:18:44] 507     -389.93 [    50000.0  249614.8   40007.5   36531.4 ]
[24-11-01 12:18:44] 508     -389.92 [    50000.0  249615.8   40007.5   36531.4 ]
[24-11-01 12:18:44] 509     -389.92 [    50000.0  249617.4   40007.5   36531.4 ]
[24-11-01 12:18:44] 510     -389.77 [    50000.0  249793.8   40007.5   36531.4 ]
[24-11-01 12:18:44] 515     -389.68 [    50000.0  249897.4   40007.5   36531.4 ]
[24-11-01 12:18:44] 516     -389.72 [    50000.0  249845.6   40007.5   36531.4 ]
[24-11-01 12:18:45] 517     -389.62 [    50000.0  249961.4   40007.5   36531.4 ]
[24-11-01 12:18:45] 519     -389.64 [    50000.0  249937.0   40007.5   36531.4 ]
[24-11-01 12:18:45] 520     -389.61 [    50000.0  249976.5   40007.5   36531.4 ]
[24-11-01 12:18:45] 521      -389.6 [    50000.0  249985.9   40007.5   36531.4 ]
[24-11-01 12:18:45] 522      -389.6 [    50000.0  249991.7   40007.5   36531.4 ]
[24-11-01 12:18:45] 523     -389.59 [    50000.0  249995.4   40007.5   36531.4 ]
[24-11-01 12:18:46] 524     -389.59 [    50000.0  249995.4   40007.5   36531.4 ]
[24-11-01 12:18:46] 525     -389.59 [    50000.0  249995.4   40008.5   36531.4 ]
[24-11-01 12:18:46] 526     -389.59 [    50000.0  249995.4   40005.9   36531.4 ]
[24-11-01 12:18:46] 527     -389.51 [    50000.0  249995.4   39829.5   36531.4 ]
[24-11-01 12:18:46] 528     -389.51 [    50000.0  249995.4   39761.6   36531.4 ]
[24-11-01 12:18:47] 529     -389.52 [    50000.0  249995.4   39651.7   36531.4 ]
[24-11-01 12:18:47] 530     -389.51 [    50000.0  249995.4   39719.6   36531.4 ]
[24-11-01 12:18:47] 531     -389.51 [    50000.0  249995.4   39787.6   36531.4 ]
[24-11-01 12:18:47] 532     -389.51 [    50000.0  249995.4   39764.1   36531.4 ]
[24-11-01 12:18:47] 533     -389.51 [    50000.0  249995.4   39766.5   36531.4 ]
[24-11-01 12:18:47] 534     -389.51 [    50000.0  249995.4   39764.1   36531.4 ]
[24-11-01 12:18:48] 545      -389.6 [    50000.0  249717.0   39726.7   36492.2 ]
[24-11-01 12:18:48] 546     -389.55 [    50000.0  249856.2   39745.4   36511.8 ]
[24-11-01 12:18:48] 549     -389.52 [    50000.0  249942.3   39756.9   36524.0 ]
[24-11-01 12:18:48] 551     -389.51 [    50000.0  249975.1   39761.4   36528.6 ]
[24-11-01 12:18:48] 553     -389.51 [    50000.0  249987.7   39763.0   36530.4 ]
[24-11-01 12:18:49] 555     -389.51 [    50000.0  249992.5   39763.7   36531.0 ]
[24-11-01 12:18:49] 556     -389.51 [    50000.0  249997.6   39764.4   36531.8 ]
[24-11-01 12:18:49] 557      -389.5 [    50000.0  249998.9   39764.5   36531.9 ]
[24-11-01 12:18:49] 558      -389.5 [    50000.0  249999.8   39764.7   36532.1 ]
[24-11-01 12:18:49] 560      -389.5 [    50000.0  249999.4   39764.6   36532.0 ]
[24-11-01 12:18:49] 561      -389.5 [    50000.0  250000.0   39764.7   36532.1 ]
[24-11-01 12:18:50] 563      -389.5 [    50000.0  249999.9   39764.7   36532.1 ]
[24-11-01 12:18:50] 564      -389.5 [    50000.0  250000.0   39764.7   36532.1 ]
[24-11-01 12:18:50] 566      -389.5 [    50000.0  250000.0   39764.7   36532.1 ]
[24-11-01 12:18:50] 568     -389.51 [    49998.4  250000.0   39764.7   36532.1 ]
[24-11-01 12:18:50] 569      -389.5 [    49999.4  250000.0   39764.7   36532.1 ]
[24-11-01 12:18:51] 571      -389.5 [    49999.7  250000.0   39764.7   36532.1 ]
[24-11-01 12:18:51] 573      -389.5 [    49999.9  250000.0   39764.7   36532.1 ]
[24-11-01 12:18:51] 575      -389.5 [    50000.0  250000.0   39764.7   36532.1 ]
[24-11-01 12:18:51] 577      -389.5 [    50000.0  250000.0   39764.7   36532.1 ]
[24-11-01 12:18:51] 579      -389.5 [    50000.0  250000.0   39764.7   36532.1 ]
[24-11-01 12:18:51] 581      -389.5 [    50000.0  250000.0   39764.7   36532.1 ]
[24-11-01 12:18:52] 583      -389.5 [    50000.0  250000.0   39764.7   36532.1 ]
[24-11-01 12:18:52] 585      -389.5 [    50000.0  250000.0   39764.7   36532.1 ]
[24-11-01 12:18:52] 587      -389.5 [    50000.0  250000.0   39764.7   36532.1 ]
[24-11-01 12:18:52] 589      -389.5 [    50000.0  250000.0   39764.7   36532.1 ]
[24-11-01 12:18:52] 591      -389.5 [    50000.0  250000.0   39764.7   36532.1 ]
[24-11-01 12:18:53] 593      -389.5 [    50000.0  250000.0   39764.7   36532.1 ]
[24-11-01 12:18:53] 595      -389.5 [    50000.0  250000.0   39764.7   36532.1 ]
[24-11-01 12:18:53] 597      -389.5 [    50000.0  250000.0   39764.7   36532.1 ]
[24-11-01 12:18:53] 599      -389.5 [    50000.0  250000.0   39764.7   36532.1 ]
[24-11-01 12:18:53] 601      -389.5 [    50000.0  250000.0   39764.7   36532.1 ]
[24-11-01 12:18:53] 603      -389.5 [    50000.0  250000.0   39764.7   36532.1 ]
[24-11-01 12:18:54] 605      -389.5 [    50000.0  250000.0   39764.7   36532.1 ]
[24-11-01 12:18:54] 607      -389.5 [    50000.0  250000.0   39764.7   36532.1 ]
[24-11-01 12:18:54] 609      -389.5 [    50000.0  250000.0   39764.7   36532.1 ]
[24-11-01 12:18:54] 611      -389.5 [    50000.0  250000.0   39764.7   36532.1 ]
[24-11-01 12:18:54] 612      -389.5 [    50000.0  250000.0   39764.7   36532.1 ]
[24-11-01 12:18:54] 613      -389.5 [    50000.0  250000.0   39764.7   36532.1 ]
[24-11-01 12:18:55] 614      -389.5 [    50000.0  250000.0   39764.7   36532.1 ]
[24-11-01 12:18:55] 615      -389.5 [    50000.0  250000.0   39764.7   36532.1 ]
[24-11-01 12:18:55] 616      -389.5 [    50000.0  250000.0   39764.7   36532.1 ]
[24-11-01 12:18:55] 617      -389.5 [    50000.0  250000.0   39764.7   36532.1 ]
[24-11-01 12:18:55] 618      -389.5 [    50000.0  250000.0   39764.7   36532.1 ]
[24-11-01 12:18:56] 619      -389.5 [    50000.0  250000.0   39764.7   36532.1 ]
[24-11-01 12:18:56] 620      -389.5 [    50000.0  250000.0   39764.7   36532.1 ]
[24-11-01 12:18:56] 621      -389.5 [    50000.0  250000.0   39764.7   36532.1 ]
[24-11-01 12:18:56] 623     -389.51 [    50000.0  249998.4   39764.7   36532.1 ]
[24-11-01 12:18:56] 624      -389.5 [    50000.0  249999.4   39764.7   36532.1 ]
[24-11-01 12:18:56] 626      -389.5 [    50000.0  249999.7   39764.7   36532.1 ]
[24-11-01 12:18:57] 628      -389.5 [    50000.0  249999.9   39764.7   36532.1 ]
[24-11-01 12:18:57] 630      -389.5 [    50000.0  250000.0   39764.7   36532.1 ]
[24-11-01 12:18:57] 632      -389.5 [    50000.0  250000.0   39764.7   36532.1 ]
[24-11-01 12:18:57] 634      -389.5 [    50000.0  250000.0   39764.7   36532.1 ]
[24-11-01 12:18:57] 636      -389.5 [    50000.0  250000.0   39764.7   36532.1 ]
[24-11-01 12:18:57] 637      -389.5 [    50000.0  250000.0   39764.7   36532.1 ]
[24-11-01 12:18:58] 639      -389.5 [    50000.0  250000.0   39764.7   36532.1 ]
[24-11-01 12:18:58] 640      -389.5 [    50000.0  250000.0   39764.7   36532.1 ]
[24-11-01 12:18:58] 641      -389.5 [    50000.0  250000.0   39764.7   36532.1 ]
[24-11-01 12:18:58] 643      -389.5 [    50000.0  250000.0   39764.7   36532.1 ]
[24-11-01 12:18:58] 645      -389.5 [    50000.0  250000.0   39764.7   36532.1 ]
[24-11-01 12:18:59] 647      -389.5 [    50000.0  250000.0   39764.7   36532.1 ]
[24-11-01 12:18:59] 648      -389.5 [    50000.0  250000.0   39765.7   36532.1 ]
[24-11-01 12:18:59] 649      -389.5 [    50000.0  250000.0   39763.1   36532.1 ]
[24-11-01 12:18:59] 650      -389.5 [    50000.0  250000.0   39764.1   36532.1 ]
[24-11-01 12:18:59] 651      -389.5 [    50000.0  250000.0   39763.7   36532.1 ]
[24-11-01 12:18:59] 652      -389.5 [    50000.0  250000.0   39764.2   36532.1 ]
[24-11-01 12:19:00] 653      -389.5 [    50000.0  250000.0   39764.2   36532.1 ]
[24-11-01 12:19:00] 654      -389.5 [    50000.0  250000.0   39764.2   36532.1 ]
[24-11-01 12:19:00] 655      -389.5 [    50000.0  250000.0   39764.2   36532.1 ]
[24-11-01 12:19:00] 660     -396.49 [    50000.0  238182.4   38178.2   34865.9 ]
[24-11-01 12:19:00] 661      -392.2 [    50000.0  244091.2   38971.2   35699.0 ]
[24-11-01 12:19:00] 665     -390.34 [    50000.0  247743.0   39461.3   36213.9 ]
[24-11-01 12:19:01] 667      -389.8 [    50000.0  249137.9   39648.5   36410.5 ]
[24-11-01 12:19:01] 669     -389.61 [    50000.0  249670.7   39720.0   36485.7 ]
[24-11-01 12:19:01] 671     -389.54 [    50000.0  249874.2   39747.3   36514.4 ]
[24-11-01 12:19:01] 673     -389.52 [    50000.0  249952.0   39757.7   36525.3 ]
[24-11-01 12:19:01] 675     -389.51 [    50000.0  249981.6   39761.7   36529.5 ]
[24-11-01 12:19:02] 677     -389.51 [    50000.0  249993.0   39763.3   36531.1 ]
[24-11-01 12:19:02] 679     -389.51 [    50000.0  249997.3   39763.8   36531.7 ]
[24-11-01 12:19:02] 681      -389.5 [    50000.0  249999.0   39764.1   36531.9 ]
[24-11-01 12:19:02] 683      -389.5 [    50000.0  249999.6   39764.1   36532.0 ]
[24-11-01 12:19:02] 685      -389.5 [    50000.0  249999.9   39764.2   36532.1 ]
[24-11-01 12:19:02] 687      -389.5 [    50000.0  249999.9   39764.2   36532.1 ]
[24-11-01 12:19:03] 689      -389.5 [    50000.0  250000.0   39764.2   36532.1 ]
[24-11-01 12:19:03] 691      -389.5 [    50000.0  250000.0   39764.2   36532.1 ]
[24-11-01 12:19:03] 693      -389.5 [    50000.0  250000.0   39764.2   36532.1 ]
[24-11-01 12:19:03] 695      -389.5 [    50000.0  250000.0   39764.2   36532.1 ]
[24-11-01 12:19:03] 697      -389.5 [    50000.0  250000.0   39764.2   36532.1 ]
[24-11-01 12:19:04] 699      -389.5 [    50000.0  250000.0   39764.2   36532.1 ]
[24-11-01 12:19:04] 701      -389.5 [    50000.0  250000.0   39764.2   36532.1 ]
[24-11-01 12:19:04] 703      -389.5 [    50000.0  250000.0   39764.2   36532.1 ]
[24-11-01 12:19:04] 704      -389.5 [    50000.0  250000.0   39764.2   36532.1 ]
[24-11-01 12:19:04] 706      -389.5 [    50000.0  250000.0   39764.2   36532.1 ]
[24-11-01 12:19:04] 707      -389.5 [    50000.0  250000.0   39764.2   36532.1 ]
[24-11-01 12:19:05] 709      -389.5 [    50000.0  250000.0   39764.2   36532.1 ]
Optimization terminated successfully.
         Current function value: 389.504352
         Iterations: 9
         Function evaluations: 709
[24-11-01 12:19:05] 709      fit p: [    50000.0  250000.0   39764.2   36532.1 ]
method: Powell
objective_func: objective_H2
fopt: -389.50435185984645
max_iter: 100
num_iter: 9
func_calls: 709
flag: 0
u_fitted: False
u: 1.111e-08
