[24-11-01 12:16:06] fitting objective_H2 to data for demes ['KhomaniSan', 'Yoruba']
[24-11-01 12:16:06] 0        pnames [        NA1       TA1        NK        NY ]
[24-11-01 12:16:06] 0            p0 [    39518.4  109328.3   15874.8   24653.2 ]
[24-11-01 12:16:07] 1      -2434.41 [    39518.4  109328.3   15874.8   24653.2 ]
[24-11-01 12:16:07] 2      -2434.41 [    39518.4  109328.3   15874.8   24653.2 ]
[24-11-01 12:16:07] 3      -2434.36 [    39519.4  109328.3   15874.8   24653.2 ]
[24-11-01 12:16:07] 4      -2434.28 [    39521.0  109328.3   15874.8   24653.2 ]
[24-11-01 12:16:07] 5      -2425.12 [    39697.3  109328.3   15874.8   24653.2 ]
[24-11-01 12:16:07] 7      -2208.77 [    44705.5  109328.3   15874.8   24653.2 ]
[24-11-01 12:16:08] 8      -2108.11 [    47800.7  109328.3   15874.8   24653.2 ]
[24-11-01 12:16:08] 9      -2055.31 [    49713.7  109328.3   15874.8   24653.2 ]
[24-11-01 12:16:08] 11     -2074.72 [    48983.0  109328.3   15874.8   24653.2 ]
[24-11-01 12:16:08] 13     -2062.62 [    49434.6  109328.3   15874.8   24653.2 ]
[24-11-01 12:16:08] 14     -2050.85 [    49886.2  109328.3   15874.8   24653.2 ]
[24-11-01 12:16:09] 15     -2048.12 [    49992.8  109328.3   15874.8   24653.2 ]
[24-11-01 12:16:09] 16     -2048.12 [    49992.8  109328.3   15874.8   24653.2 ]
[24-11-01 12:16:09] 17      -2048.1 [    49992.8  109329.3   15874.8   24653.2 ]
[24-11-01 12:16:09] 18     -2048.08 [    49992.8  109330.9   15874.8   24653.2 ]
[24-11-01 12:16:09] 19     -2045.18 [    49992.8  109507.3   15874.8   24653.2 ]
[24-11-01 12:16:10] 20     -1808.96 [    49992.8  128731.1   15874.8   24653.2 ]
[24-11-01 12:16:10] 21     -1727.18 [    49992.8  147761.0   15874.8   24653.2 ]
[24-11-01 12:16:10] 22     -1899.64 [    49992.8  178552.0   15874.8   24653.2 ]
[24-11-01 12:16:10] 23     -1749.61 [    49992.8  159522.1   15874.8   24653.2 ]
[24-11-01 12:16:10] 24     -1740.95 [    49992.8  140492.3   15874.8   24653.2 ]
[24-11-01 12:16:10] 25     -1726.95 [    49992.8  148868.5   15874.8   24653.2 ]
[24-11-01 12:16:11] 26     -1726.98 [    49992.8  148473.1   15874.8   24653.2 ]
[24-11-01 12:16:11] 27     -1726.99 [    49992.8  149263.9   15874.8   24653.2 ]
[24-11-01 12:16:11] 28     -1726.95 [    49992.8  148868.5   15874.8   24653.2 ]
[24-11-01 12:16:11] 29      -1726.7 [    49992.8  148868.5   15875.8   24653.2 ]
[24-11-01 12:16:11] 30     -1726.28 [    49992.8  148868.5   15877.4   24653.2 ]
[24-11-01 12:16:12] 31     -1681.71 [    49992.8  148868.5   16053.7   24653.2 ]
[24-11-01 12:16:12] 32     -1012.03 [    49992.8  148868.5   20258.4   24653.2 ]
[24-11-01 12:16:12] 33      -697.54 [    49992.8  148868.5   27061.7   24653.2 ]
[24-11-01 12:16:12] 34      -718.65 [    49992.8  148868.5   25910.8   24653.2 ]
[24-11-01 12:16:12] 35       -729.0 [    49992.8  148868.5   38069.6   24653.2 ]
[24-11-01 12:16:13] 36       -674.7 [    49992.8  148868.5   31266.4   24653.2 ]
[24-11-01 12:16:13] 37      -687.12 [    49992.8  148868.5   33865.0   24653.2 ]
[24-11-01 12:16:13] 38      -674.28 [    49992.8  148868.5   30973.8   24653.2 ]
[24-11-01 12:16:13] 39       -674.1 [    49992.8  148868.5   30491.9   24653.2 ]
[24-11-01 12:16:13] 40      -674.09 [    49992.8  148868.5   30638.1   24653.2 ]
[24-11-01 12:16:14] 41      -674.13 [    49992.8  148868.5   30785.7   24653.2 ]
[24-11-01 12:16:14] 42      -674.09 [    49992.8  148868.5   30638.1   24653.2 ]
[24-11-01 12:16:14] 43      -674.12 [    49992.8  148868.5   30638.1   24654.2 ]
[24-11-01 12:16:14] 44      -674.04 [    49992.8  148868.5   30638.1   24651.5 ]
[24-11-01 12:16:14] 45      -668.95 [    49992.8  148868.5   30638.1   24475.2 ]
[24-11-01 12:16:14] 46      -650.17 [    49992.8  148868.5   30638.1   22806.6 ]
[24-11-01 12:16:15] 47      -783.48 [    49992.8  148868.5   30638.1   20106.9 ]
[24-11-01 12:16:15] 48      -671.98 [    49992.8  148868.5   30638.1   21775.4 ]
[24-11-01 12:16:15] 49      -650.45 [    49992.8  148868.5   30638.1   23444.0 ]
[24-11-01 12:16:15] 50      -649.12 [    49992.8  148868.5   30638.1   23107.9 ]
[24-11-01 12:16:15] 51      -649.12 [    49992.8  148868.5   30638.1   23092.4 ]
[24-11-01 12:16:16] 52      -649.13 [    49992.8  148868.5   30638.1   23123.4 ]
[24-11-01 12:16:16] 54      -649.12 [    49992.8  148868.5   30638.1   23107.9 ]
[24-11-01 12:16:16] 55      -649.11 [    49993.8  148868.5   30638.1   23107.9 ]
[24-11-01 12:16:16] 56      -649.09 [    49995.4  148868.5   30638.1   23107.9 ]
[24-11-01 12:16:16] 61      -649.04 [    49999.1  148868.5   30638.1   23107.9 ]
[24-11-01 12:16:17] 62      -649.07 [    49997.3  148868.5   30638.1   23107.9 ]
[24-11-01 12:16:17] 65      -649.05 [    49998.4  148868.5   30638.1   23107.9 ]
[24-11-01 12:16:17] 66      -649.04 [    49999.5  148868.5   30638.1   23107.9 ]
[24-11-01 12:16:17] 67      -649.04 [    49999.7  148868.5   30638.1   23107.9 ]
[24-11-01 12:16:17] 68      -649.04 [    49999.8  148868.5   30638.1   23107.9 ]
[24-11-01 12:16:17] 69      -649.03 [    49999.9  148868.5   30638.1   23107.9 ]
[24-11-01 12:16:18] 70      -649.03 [    49999.9  148868.5   30638.1   23107.9 ]
[24-11-01 12:16:18] 71      -649.03 [    49999.9  148869.5   30638.1   23107.9 ]
[24-11-01 12:16:18] 72      -649.02 [    49999.9  148871.1   30638.1   23107.9 ]
[24-11-01 12:16:18] 73      -648.06 [    49999.9  149047.5   30638.1   23107.9 ]
[24-11-01 12:16:18] 74      -613.45 [    49999.9  161719.7   30638.1   23107.9 ]
[24-11-01 12:16:19] 75       -698.4 [    49999.9  182223.9   30638.1   23107.9 ]
[24-11-01 12:16:19] 76      -625.62 [    49999.9  169551.6   30638.1   23107.9 ]
[24-11-01 12:16:19] 77      -618.68 [    49999.9  156879.3   30638.1   23107.9 ]
[24-11-01 12:16:19] 78      -613.45 [    49999.9  161898.1   30638.1   23107.9 ]
[24-11-01 12:16:19] 79      -613.45 [    49999.9  162028.4   30638.1   23107.9 ]
[24-11-01 12:16:19] 80      -613.45 [    49999.9  161898.1   30638.1   23107.9 ]
[24-11-01 12:16:20] 81      -613.46 [    49999.9  161898.1   30639.1   23107.9 ]
[24-11-01 12:16:20] 82      -613.43 [    49999.9  161898.1   30636.5   23107.9 ]
[24-11-01 12:16:20] 83      -612.01 [    49999.9  161898.1   30460.1   23107.9 ]
[24-11-01 12:16:20] 84       -604.1 [    49999.9  161898.1   27853.0   23107.9 ]
[24-11-01 12:16:20] 85      -675.79 [    49999.9  161898.1   23634.7   23107.9 ]
[24-11-01 12:16:21] 86      -615.64 [    49999.9  161898.1   26241.8   23107.9 ]
[24-11-01 12:16:21] 87      -603.87 [    49999.9  161898.1   28848.8   23107.9 ]
[24-11-01 12:16:21] 88      -603.41 [    49999.9  161898.1   28393.6   23107.9 ]
[24-11-01 12:16:21] 89      -603.41 [    49999.9  161898.1   28416.1   23107.9 ]
[24-11-01 12:16:21] 90      -603.41 [    49999.9  161898.1   28371.2   23107.9 ]
[24-11-01 12:16:21] 91      -603.41 [    49999.9  161898.1   28393.6   23107.9 ]
[24-11-01 12:16:22] 92      -603.38 [    49999.9  161898.1   28393.6   23108.9 ]
[24-11-01 12:16:22] 93      -603.33 [    49999.9  161898.1   28393.6   23110.5 ]
[24-11-01 12:16:22] 94      -598.83 [    49999.9  161898.1   28393.6   23286.9 ]
[24-11-01 12:16:22] 95      -588.86 [    49999.9  161898.1   28393.6   24085.8 ]
[24-11-01 12:16:22] 96      -603.44 [    49999.9  161898.1   28393.6   25378.4 ]
[24-11-01 12:16:23] 97      -590.37 [    49999.9  161898.1   28393.6   24579.5 ]
[24-11-01 12:16:23] 98      -590.75 [    49999.9  161898.1   28393.6   23780.6 ]
[24-11-01 12:16:23] 99      -588.72 [    49999.9  161898.1   28393.6   24200.4 ]
[24-11-01 12:16:23] 100     -588.72 [    49999.9  161898.1   28393.6   24189.4 ]
[24-11-01 12:16:23] 101     -588.72 [    49999.9  161898.1   28393.6   24178.6 ]
[24-11-01 12:16:24] 103     -588.72 [    49999.9  161898.1   28393.6   24189.4 ]
[24-11-01 12:16:24] 105     -588.74 [    49998.3  161898.1   28393.6   24189.4 ]
[24-11-01 12:16:24] 106     -588.73 [    49999.3  161898.1   28393.6   24189.4 ]
[24-11-01 12:16:24] 108     -588.73 [    49999.6  161898.1   28393.6   24189.4 ]
[24-11-01 12:16:24] 110     -588.72 [    49999.8  161898.1   28393.6   24189.4 ]
[24-11-01 12:16:24] 111     -588.72 [    50000.0  161898.1   28393.6   24189.4 ]
[24-11-01 12:16:25] 112     -588.72 [    50000.0  161898.1   28393.6   24189.4 ]
[24-11-01 12:16:25] 114     -588.72 [    50000.0  161898.1   28393.6   24189.4 ]
[24-11-01 12:16:25] 115     -588.72 [    50000.0  161898.1   28393.6   24189.4 ]
[24-11-01 12:16:25] 117     -588.72 [    50000.0  161898.1   28393.6   24189.4 ]
[24-11-01 12:16:25] 118     -588.72 [    50000.0  161898.1   28393.6   24189.4 ]
[24-11-01 12:16:26] 120     -588.72 [    50000.0  161898.1   28393.6   24189.4 ]
[24-11-01 12:16:26] 121     -588.72 [    50000.0  161899.1   28393.6   24189.4 ]
[24-11-01 12:16:26] 122     -588.71 [    50000.0  161900.7   28393.6   24189.4 ]
[24-11-01 12:16:26] 123     -588.11 [    50000.0  162077.0   28393.6   24189.4 ]
[24-11-01 12:16:26] 124     -573.37 [    50000.0  170819.8   28393.6   24189.4 ]
[24-11-01 12:16:26] 125     -610.42 [    50000.0  184966.0   28393.6   24189.4 ]
[24-11-01 12:16:27] 126     -578.71 [    50000.0  176223.2   28393.6   24189.4 ]
[24-11-01 12:16:27] 127     -575.57 [    50000.0  167480.4   28393.6   24189.4 ]
[24-11-01 12:16:27] 128     -573.37 [    50000.0  170909.1   28393.6   24189.4 ]
[24-11-01 12:16:27] 129     -573.37 [    50000.0  170999.2   28393.6   24189.4 ]
[24-11-01 12:16:27] 130     -573.37 [    50000.0  170909.1   28393.6   24189.4 ]
[24-11-01 12:16:28] 131     -573.36 [    50000.0  170909.1   28394.6   24189.4 ]
[24-11-01 12:16:28] 132     -573.35 [    50000.0  170909.1   28396.2   24189.4 ]
[24-11-01 12:16:28] 133      -572.6 [    50000.0  170909.1   28572.6   24189.4 ]
[24-11-01 12:16:28] 134     -571.14 [    50000.0  170909.1   29290.5   24189.4 ]
[24-11-01 12:16:28] 135     -573.61 [    50000.0  170909.1   30452.1   24189.4 ]
[24-11-01 12:16:29] 136     -571.43 [    50000.0  170909.1   29734.2   24189.4 ]
[24-11-01 12:16:29] 137     -571.41 [    50000.0  170909.1   29016.3   24189.4 ]
[24-11-01 12:16:29] 138     -571.13 [    50000.0  170909.1   29367.4   24189.4 ]
[24-11-01 12:16:29] 139     -571.13 [    50000.0  170909.1   29357.6   24189.4 ]
[24-11-01 12:16:29] 140     -571.13 [    50000.0  170909.1   29377.1   24189.4 ]
[24-11-01 12:16:29] 141     -571.13 [    50000.0  170909.1   29367.4   24189.4 ]
[24-11-01 12:16:30] 142      -571.1 [    50000.0  170909.1   29367.4   24190.4 ]
[24-11-01 12:16:30] 143     -571.05 [    50000.0  170909.1   29367.4   24192.0 ]
[24-11-01 12:16:30] 144     -566.33 [    50000.0  170909.1   29367.4   24368.4 ]
[24-11-01 12:16:30] 145     -554.31 [    50000.0  170909.1   29367.4   25273.2 ]
[24-11-01 12:16:30] 146     -571.26 [    50000.0  170909.1   29367.4   26737.2 ]
[24-11-01 12:16:31] 147     -556.01 [    50000.0  170909.1   29367.4   25832.4 ]
[24-11-01 12:16:31] 148     -556.61 [    50000.0  170909.1   29367.4   24927.6 ]
[24-11-01 12:16:31] 149     -554.13 [    50000.0  170909.1   29367.4   25410.5 ]
[24-11-01 12:16:31] 150     -554.13 [    50000.0  170909.1   29367.4   25398.3 ]
[24-11-01 12:16:31] 151     -554.13 [    50000.0  170909.1   29367.4   25386.2 ]
[24-11-01 12:16:31] 153     -554.13 [    50000.0  170909.1   29367.4   25398.3 ]
[24-11-01 12:16:32] 155     -554.15 [    49998.4  170909.1   29367.4   25398.3 ]
[24-11-01 12:16:32] 156     -554.14 [    49999.4  170909.1   29367.4   25398.3 ]
[24-11-01 12:16:32] 158     -554.13 [    49999.7  170909.1   29367.4   25398.3 ]
[24-11-01 12:16:32] 160     -554.13 [    49999.9  170909.1   29367.4   25398.3 ]
[24-11-01 12:16:32] 162     -554.13 [    50000.0  170909.1   29367.4   25398.3 ]
[24-11-01 12:16:33] 164     -554.13 [    50000.0  170909.1   29367.4   25398.3 ]
[24-11-01 12:16:33] 166     -554.13 [    50000.0  170909.1   29367.4   25398.3 ]
[24-11-01 12:16:33] 168     -554.13 [    50000.0  170909.1   29367.4   25398.3 ]
[24-11-01 12:16:33] 170     -554.13 [    50000.0  170909.1   29367.4   25398.3 ]
[24-11-01 12:16:33] 172     -554.13 [    50000.0  170909.1   29367.4   25398.3 ]
[24-11-01 12:16:34] 174     -554.13 [    50000.0  170909.1   29367.4   25398.3 ]
[24-11-01 12:16:34] 175     -554.13 [    50000.0  170909.1   29367.4   25398.3 ]
[24-11-01 12:16:34] 177     -554.13 [    50000.0  170909.1   29367.4   25398.3 ]
[24-11-01 12:16:34] 178     -554.13 [    50000.0  170909.1   29367.4   25398.3 ]
[24-11-01 12:16:34] 179     -554.13 [    50000.0  170909.1   29367.4   25398.3 ]
[24-11-01 12:16:35] 180     -554.13 [    50000.0  170909.1   29367.4   25398.3 ]
[24-11-01 12:16:35] 182     -554.13 [    50000.0  170909.1   29367.4   25398.3 ]
[24-11-01 12:16:35] 183     -554.13 [    50000.0  170909.1   29367.4   25398.3 ]
[24-11-01 12:16:35] 184     -554.13 [    50000.0  170909.1   29367.4   25398.3 ]
[24-11-01 12:16:35] 185     -554.13 [    50000.0  170909.1   29367.4   25398.3 ]
[24-11-01 12:16:35] 186     -554.13 [    50000.0  170910.1   29367.4   25398.3 ]
[24-11-01 12:16:36] 187     -554.12 [    50000.0  170911.7   29367.4   25398.3 ]
[24-11-01 12:16:36] 188      -553.6 [    50000.0  171088.0   29367.4   25398.3 ]
[24-11-01 12:16:36] 189     -541.02 [    50000.0  179548.3   29367.4   25398.3 ]
[24-11-01 12:16:36] 190     -572.74 [    50000.0  193237.3   29367.4   25398.3 ]
[24-11-01 12:16:36] 191      -545.6 [    50000.0  184777.0   29367.4   25398.3 ]
[24-11-01 12:16:37] 192      -542.9 [    50000.0  176316.8   29367.4   25398.3 ]
[24-11-01 12:16:37] 193     -541.02 [    50000.0  179634.7   29367.4   25398.3 ]
[24-11-01 12:16:37] 194     -541.03 [    50000.0  179722.0   29367.4   25398.3 ]
[24-11-01 12:16:37] 195     -541.02 [    50000.0  179634.7   29367.4   25398.3 ]
[24-11-01 12:16:37] 196     -541.02 [    50000.0  179634.7   29368.4   25398.3 ]
[24-11-01 12:16:37] 197     -541.01 [    50000.0  179634.7   29370.0   25398.3 ]
[24-11-01 12:16:38] 198     -540.18 [    50000.0  179634.7   29546.4   25398.3 ]
[24-11-01 12:16:38] 199      -538.3 [    50000.0  179634.7   30371.4   25398.3 ]
[24-11-01 12:16:38] 200     -541.36 [    50000.0  179634.7   31706.4   25398.3 ]
[24-11-01 12:16:38] 201     -538.65 [    50000.0  179634.7   30881.3   25398.3 ]
[24-11-01 12:16:38] 202     -538.64 [    50000.0  179634.7   30056.3   25398.3 ]
[24-11-01 12:16:39] 203     -538.28 [    50000.0  179634.7   30466.8   25398.3 ]
[24-11-01 12:16:39] 204     -538.28 [    50000.0  179634.7   30455.8   25398.3 ]
[24-11-01 12:16:39] 205     -538.28 [    50000.0  179634.7   30477.8   25398.3 ]
[24-11-01 12:16:39] 206     -538.28 [    50000.0  179634.7   30466.8   25398.3 ]
[24-11-01 12:16:39] 207     -538.25 [    50000.0  179634.7   30466.8   25399.3 ]
[24-11-01 12:16:39] 208     -538.21 [    50000.0  179634.7   30466.8   25400.9 ]
[24-11-01 12:16:40] 209     -533.91 [    50000.0  179634.7   30466.8   25577.3 ]
[24-11-01 12:16:40] 210     -523.05 [    50000.0  179634.7   30466.8   26479.4 ]
[24-11-01 12:16:40] 211     -538.88 [    50000.0  179634.7   30466.8   27938.9 ]
[24-11-01 12:16:40] 212      -524.7 [    50000.0  179634.7   30466.8   27036.9 ]
[24-11-01 12:16:40] 213     -525.11 [    50000.0  179634.7   30466.8   26134.8 ]
[24-11-01 12:16:41] 214      -522.9 [    50000.0  179634.7   30466.8   26608.8 ]
[24-11-01 12:16:41] 215      -522.9 [    50000.0  179634.7   30466.8   26596.7 ]
[24-11-01 12:16:41] 216     -522.91 [    50000.0  179634.7   30466.8   26584.7 ]
[24-11-01 12:16:41] 218      -522.9 [    50000.0  179634.7   30466.8   26596.7 ]
[24-11-01 12:16:41] 220     -522.92 [    49998.4  179634.7   30466.8   26596.7 ]
[24-11-01 12:16:42] 221     -522.91 [    49999.4  179634.7   30466.8   26596.7 ]
[24-11-01 12:16:42] 223     -522.91 [    49999.7  179634.7   30466.8   26596.7 ]
[24-11-01 12:16:42] 225     -522.91 [    49999.9  179634.7   30466.8   26596.7 ]
[24-11-01 12:16:42] 227      -522.9 [    50000.0  179634.7   30466.8   26596.7 ]
[24-11-01 12:16:42] 229      -522.9 [    50000.0  179634.7   30466.8   26596.7 ]
[24-11-01 12:16:42] 231      -522.9 [    50000.0  179634.7   30466.8   26596.7 ]
[24-11-01 12:16:43] 233      -522.9 [    50000.0  179634.7   30466.8   26596.7 ]
[24-11-01 12:16:43] 235      -522.9 [    50000.0  179634.7   30466.8   26596.7 ]
[24-11-01 12:16:43] 237      -522.9 [    50000.0  179634.7   30466.8   26596.7 ]
[24-11-01 12:16:43] 239      -522.9 [    50000.0  179634.7   30466.8   26596.7 ]
[24-11-01 12:16:43] 241      -522.9 [    50000.0  179634.7   30466.8   26596.7 ]
[24-11-01 12:16:44] 243      -522.9 [    50000.0  179634.7   30466.8   26596.7 ]
[24-11-01 12:16:44] 245      -522.9 [    50000.0  179634.7   30466.8   26596.7 ]
[24-11-01 12:16:44] 247      -522.9 [    50000.0  179634.7   30466.8   26596.7 ]
[24-11-01 12:16:44] 249      -522.9 [    50000.0  179634.7   30466.8   26596.7 ]
[24-11-01 12:16:44] 250      -522.9 [    50000.0  179634.7   30466.8   26596.7 ]
[24-11-01 12:16:45] 251      -522.9 [    50000.0  179634.7   30466.8   26596.7 ]
[24-11-01 12:16:45] 253      -522.9 [    50000.0  179634.7   30466.8   26596.7 ]
[24-11-01 12:16:45] 255      -522.9 [    50000.0  179634.7   30466.8   26596.7 ]
[24-11-01 12:16:45] 257      -522.9 [    50000.0  179634.7   30466.8   26596.7 ]
[24-11-01 12:16:45] 258      -522.9 [    50000.0  179634.7   30466.8   26596.7 ]
[24-11-01 12:16:46] 259      -522.9 [    50000.0  179634.7   30466.8   26596.7 ]
[24-11-01 12:16:46] 260      -522.9 [    50000.0  179634.7   30466.8   26596.7 ]
[24-11-01 12:16:46] 261      -522.9 [    50000.0  179635.7   30466.8   26596.7 ]
[24-11-01 12:16:46] 262      -522.9 [    50000.0  179637.3   30466.8   26596.7 ]
[24-11-01 12:16:46] 263     -522.42 [    50000.0  179813.7   30466.8   26596.7 ]
[24-11-01 12:16:46] 264     -511.37 [    50000.0  188100.2   30466.8   26596.7 ]
[24-11-01 12:16:47] 265     -539.35 [    50000.0  201508.1   30466.8   26596.7 ]
[24-11-01 12:16:47] 266     -515.42 [    50000.0  193221.6   30466.8   26596.7 ]
[24-11-01 12:16:47] 267     -513.02 [    50000.0  184935.0   30466.8   26596.7 ]
[24-11-01 12:16:47] 268     -511.37 [    50000.0  188184.9   30466.8   26596.7 ]
[24-11-01 12:16:47] 269     -511.38 [    50000.0  188270.4   30466.8   26596.7 ]
[24-11-01 12:16:48] 270     -511.37 [    50000.0  188184.9   30466.8   26596.7 ]
[24-11-01 12:16:48] 271     -511.37 [    50000.0  188184.9   30467.8   26596.7 ]
[24-11-01 12:16:48] 272     -511.36 [    50000.0  188184.9   30469.5   26596.7 ]
[24-11-01 12:16:48] 273     -510.59 [    50000.0  188184.9   30645.8   26596.7 ]
[24-11-01 12:16:48] 274     -508.92 [    50000.0  188184.9   31446.8   26596.7 ]
[24-11-01 12:16:48] 275     -511.73 [    50000.0  188184.9   32742.8   26596.7 ]
[24-11-01 12:16:49] 276     -509.25 [    50000.0  188184.9   31941.9   26596.7 ]
[24-11-01 12:16:49] 277     -509.22 [    50000.0  188184.9   31140.9   26596.7 ]
[24-11-01 12:16:49] 278      -508.9 [    50000.0  188184.9   31533.6   26596.7 ]
[24-11-01 12:16:49] 279      -508.9 [    50000.0  188184.9   31522.9   26596.7 ]
[24-11-01 12:16:49] 280      -508.9 [    50000.0  188184.9   31544.2   26596.7 ]
[24-11-01 12:16:50] 281      -508.9 [    50000.0  188184.9   31533.6   26596.7 ]
[24-11-01 12:16:50] 282     -508.88 [    50000.0  188184.9   31533.6   26597.7 ]
[24-11-01 12:16:50] 283     -508.84 [    50000.0  188184.9   31533.6   26599.3 ]
[24-11-01 12:16:50] 284     -504.98 [    50000.0  188184.9   31533.6   26775.6 ]
[24-11-01 12:16:50] 285     -495.53 [    50000.0  188184.9   31533.6   27657.6 ]
[24-11-01 12:16:50] 286     -509.86 [    50000.0  188184.9   31533.6   29084.6 ]
[24-11-01 12:16:51] 287     -497.07 [    50000.0  188184.9   31533.6   28202.7 ]
[24-11-01 12:16:51] 288     -497.29 [    50000.0  188184.9   31533.6   27320.7 ]
[24-11-01 12:16:51] 289     -495.41 [    50000.0  188184.9   31533.6   27775.6 ]
[24-11-01 12:16:51] 290     -495.41 [    50000.0  188184.9   31533.6   27763.8 ]
[24-11-01 12:16:51] 291     -495.42 [    50000.0  188184.9   31533.6   27752.1 ]
[24-11-01 12:16:52] 293     -495.41 [    50000.0  188184.9   31533.6   27763.8 ]
[24-11-01 12:16:52] 295     -495.42 [    49998.4  188184.9   31533.6   27763.8 ]
[24-11-01 12:16:52] 296     -495.42 [    49999.4  188184.9   31533.6   27763.8 ]
[24-11-01 12:16:52] 298     -495.42 [    49999.7  188184.9   31533.6   27763.8 ]
[24-11-01 12:16:52] 300     -495.41 [    49999.9  188184.9   31533.6   27763.8 ]
[24-11-01 12:16:53] 302     -495.41 [    50000.0  188184.9   31533.6   27763.8 ]
[24-11-01 12:16:53] 304     -495.41 [    50000.0  188184.9   31533.6   27763.8 ]
[24-11-01 12:16:53] 306     -495.41 [    50000.0  188184.9   31533.6   27763.8 ]
[24-11-01 12:16:53] 308     -495.41 [    50000.0  188184.9   31533.6   27763.8 ]
[24-11-01 12:16:53] 310     -495.41 [    50000.0  188184.9   31533.6   27763.8 ]
[24-11-01 12:16:53] 312     -495.41 [    50000.0  188184.9   31533.6   27763.8 ]
[24-11-01 12:16:54] 314     -495.41 [    50000.0  188184.9   31533.6   27763.8 ]
[24-11-01 12:16:54] 316     -495.41 [    50000.0  188184.9   31533.6   27763.8 ]
[24-11-01 12:16:54] 318     -495.41 [    50000.0  188184.9   31533.6   27763.8 ]
[24-11-01 12:16:54] 320     -495.41 [    50000.0  188184.9   31533.6   27763.8 ]
[24-11-01 12:16:54] 322     -495.41 [    50000.0  188184.9   31533.6   27763.8 ]
[24-11-01 12:16:55] 324     -495.41 [    50000.0  188184.9   31533.6   27763.8 ]
[24-11-01 12:16:55] 326     -495.41 [    50000.0  188184.9   31533.6   27763.8 ]
[24-11-01 12:16:55] 328     -495.41 [    50000.0  188184.9   31533.6   27763.8 ]
[24-11-01 12:16:55] 330     -495.41 [    50000.0  188184.9   31533.6   27763.8 ]
[24-11-01 12:16:55] 332     -495.41 [    50000.0  188184.9   31533.6   27763.8 ]
[24-11-01 12:16:56] 334     -495.41 [    50000.0  188184.9   31533.6   27763.8 ]
[24-11-01 12:16:56] 335     -495.41 [    50000.0  188184.9   31533.6   27763.8 ]
[24-11-01 12:16:56] 338     -495.41 [    50000.0  188184.9   31533.6   27763.8 ]
[24-11-01 12:16:56] 339     -495.41 [    50000.0  188184.9   31533.6   27763.8 ]
[24-11-01 12:16:56] 341     -495.41 [    50000.0  188184.9   31533.6   27763.8 ]
[24-11-01 12:16:56] 343     -495.41 [    50000.0  188184.9   31533.6   27763.8 ]
[24-11-01 12:16:57] 345     -495.41 [    50000.0  188184.9   31533.6   27763.8 ]
[24-11-01 12:16:57] 346     -495.41 [    50000.0  188185.9   31533.6   27763.8 ]
[24-11-01 12:16:57] 347     -495.41 [    50000.0  188187.5   31533.6   27763.8 ]
[24-11-01 12:16:57] 348     -494.99 [    50000.0  188363.8   31533.6   27763.8 ]
[24-11-01 12:16:57] 349     -485.52 [    50000.0  196350.9   31533.6   27763.8 ]
[24-11-01 12:16:58] 350     -509.56 [    50000.0  209274.3   31533.6   27763.8 ]
[24-11-01 12:16:58] 351      -489.0 [    50000.0  201287.2   31533.6   27763.8 ]
[24-11-01 12:16:58] 352     -486.92 [    50000.0  193300.1   31533.6   27763.8 ]
[24-11-01 12:16:58] 353     -485.52 [    50000.0  196432.6   31533.6   27763.8 ]
[24-11-01 12:16:58] 354     -485.52 [    50000.0  196515.0   31533.6   27763.8 ]
[24-11-01 12:16:58] 355     -485.52 [    50000.0  196432.6   31533.6   27763.8 ]
[24-11-01 12:16:59] 356     -485.51 [    50000.0  196432.6   31534.6   27763.8 ]
[24-11-01 12:16:59] 357     -485.51 [    50000.0  196432.6   31536.2   27763.8 ]
[24-11-01 12:16:59] 358     -484.81 [    50000.0  196432.6   31712.6   27763.8 ]
[24-11-01 12:16:59] 359     -483.37 [    50000.0  196432.6   32475.5   27763.8 ]
[24-11-01 12:16:59] 360     -485.87 [    50000.0  196432.6   33710.1   27763.8 ]
[24-11-01 12:16:59] 361     -483.67 [    50000.0  196432.6   32947.1   27763.8 ]
[24-11-01 12:17:00] 362     -483.63 [    50000.0  196432.6   32184.1   27763.8 ]
[24-11-01 12:17:00] 363     -483.36 [    50000.0  196432.6   32552.0   27763.8 ]
[24-11-01 12:17:00] 364     -483.36 [    50000.0  196432.6   32541.8   27763.8 ]
[24-11-01 12:17:00] 365     -483.36 [    50000.0  196432.6   32562.2   27763.8 ]
[24-11-01 12:17:00] 366     -483.36 [    50000.0  196432.6   32552.0   27763.8 ]
[24-11-01 12:17:00] 367     -483.34 [    50000.0  196432.6   32552.0   27764.8 ]
[24-11-01 12:17:01] 368      -483.3 [    50000.0  196432.6   32552.0   27766.4 ]
[24-11-01 12:17:01] 369     -479.88 [    50000.0  196432.6   32552.0   27942.8 ]
[24-11-01 12:17:01] 370      -471.9 [    50000.0  196432.6   32552.0   28789.6 ]
[24-11-01 12:17:01] 371     -484.52 [    50000.0  196432.6   32552.0   30159.8 ]
[24-11-01 12:17:01] 372     -473.31 [    50000.0  196432.6   32552.0   29313.0 ]
[24-11-01 12:17:02] 373     -473.38 [    50000.0  196432.6   32552.0   28466.1 ]
[24-11-01 12:17:02] 374     -471.82 [    50000.0  196432.6   32552.0   28894.0 ]
[24-11-01 12:17:02] 375     -471.82 [    50000.0  196432.6   32552.0   28882.7 ]
[24-11-01 12:17:02] 376     -471.82 [    50000.0  196432.6   32552.0   28905.3 ]
[24-11-01 12:17:02] 378     -471.82 [    50000.0  196432.6   32552.0   28894.0 ]
[24-11-01 12:17:02] 380     -471.83 [    49998.4  196432.6   32552.0   28894.0 ]
[24-11-01 12:17:03] 381     -471.82 [    49999.4  196432.6   32552.0   28894.0 ]
[24-11-01 12:17:03] 383     -471.82 [    49999.7  196432.6   32552.0   28894.0 ]
[24-11-01 12:17:03] 385     -471.82 [    49999.9  196432.6   32552.0   28894.0 ]
[24-11-01 12:17:03] 387     -471.82 [    50000.0  196432.6   32552.0   28894.0 ]
[24-11-01 12:17:03] 389     -471.82 [    50000.0  196432.6   32552.0   28894.0 ]
[24-11-01 12:17:03] 391     -471.82 [    50000.0  196432.6   32552.0   28894.0 ]
[24-11-01 12:17:04] 393     -471.82 [    50000.0  196432.6   32552.0   28894.0 ]
[24-11-01 12:17:04] 395     -471.82 [    50000.0  196432.6   32552.0   28894.0 ]
[24-11-01 12:17:04] 397     -471.82 [    50000.0  196432.6   32552.0   28894.0 ]
[24-11-01 12:17:04] 399     -471.82 [    50000.0  196432.6   32552.0   28894.0 ]
[24-11-01 12:17:04] 401     -471.82 [    50000.0  196432.6   32552.0   28894.0 ]
[24-11-01 12:17:04] 403     -471.82 [    50000.0  196432.6   32552.0   28894.0 ]
[24-11-01 12:17:05] 405     -471.82 [    50000.0  196432.6   32552.0   28894.0 ]
[24-11-01 12:17:05] 407     -471.82 [    50000.0  196432.6   32552.0   28894.0 ]
[24-11-01 12:17:05] 409     -471.82 [    50000.0  196432.6   32552.0   28894.0 ]
[24-11-01 12:17:05] 411     -471.82 [    50000.0  196432.6   32552.0   28894.0 ]
[24-11-01 12:17:05] 413     -471.82 [    50000.0  196432.6   32552.0   28894.0 ]
[24-11-01 12:17:06] 415     -471.82 [    50000.0  196432.6   32552.0   28894.0 ]
[24-11-01 12:17:06] 417     -471.82 [    50000.0  196432.6   32552.0   28894.0 ]
[24-11-01 12:17:06] 419     -471.82 [    50000.0  196432.6   32552.0   28894.0 ]
[24-11-01 12:17:06] 421     -471.82 [    50000.0  196432.6   32552.0   28894.0 ]
[24-11-01 12:17:06] 423     -471.82 [    50000.0  196432.6   32552.0   28894.0 ]
[24-11-01 12:17:06] 425     -471.82 [    50000.0  196432.6   32552.0   28894.0 ]
[24-11-01 12:17:07] 426     -471.82 [    50000.0  196432.6   32552.0   28894.0 ]
[24-11-01 12:17:07] 428     -471.82 [    50000.0  196432.6   32552.0   28894.0 ]
[24-11-01 12:17:07] 430     -471.82 [    50000.0  196432.6   32552.0   28894.0 ]
[24-11-01 12:17:07] 432     -471.82 [    50000.0  196432.6   32552.0   28894.0 ]
[24-11-01 12:17:07] 434     -471.82 [    50000.0  196432.6   32552.0   28894.0 ]
[24-11-01 12:17:07] 435     -471.82 [    50000.0  196433.6   32552.0   28894.0 ]
[24-11-01 12:17:08] 436     -471.82 [    50000.0  196435.2   32552.0   28894.0 ]
[24-11-01 12:17:08] 437     -471.44 [    50000.0  196611.6   32552.0   28894.0 ]
[24-11-01 12:17:08] 438     -463.38 [    50000.0  204259.6   32552.0   28894.0 ]
[24-11-01 12:17:08] 439     -483.91 [    50000.0  216634.4   32552.0   28894.0 ]
[24-11-01 12:17:08] 440     -466.36 [    50000.0  208986.4   32552.0   28894.0 ]
[24-11-01 12:17:08] 441     -464.58 [    50000.0  201338.3   32552.0   28894.0 ]
[24-11-01 12:17:09] 442     -463.38 [    50000.0  204337.9   32552.0   28894.0 ]
[24-11-01 12:17:09] 443     -463.39 [    50000.0  204416.9   32552.0   28894.0 ]
[24-11-01 12:17:09] 444     -463.38 [    50000.0  204337.9   32552.0   28894.0 ]
[24-11-01 12:17:09] 445     -463.38 [    50000.0  204337.9   32553.0   28894.0 ]
[24-11-01 12:17:09] 446     -463.37 [    50000.0  204337.9   32554.6   28894.0 ]
[24-11-01 12:17:10] 447     -462.74 [    50000.0  204337.9   32731.0   28894.0 ]
[24-11-01 12:17:10] 448     -461.52 [    50000.0  204337.9   33453.1   28894.0 ]
[24-11-01 12:17:10] 449     -463.71 [    50000.0  204337.9   34621.6   28894.0 ]
[24-11-01 12:17:10] 450     -461.78 [    50000.0  204337.9   33899.4   28894.0 ]
[24-11-01 12:17:10] 451     -461.73 [    50000.0  204337.9   33177.3   28894.0 ]
[24-11-01 12:17:10] 452     -461.51 [    50000.0  204337.9   33520.0   28894.0 ]
[24-11-01 12:17:11] 453     -461.51 [    50000.0  204337.9   33510.3   28894.0 ]
[24-11-01 12:17:11] 454     -461.51 [    50000.0  204337.9   33529.6   28894.0 ]
[24-11-01 12:17:11] 455     -461.51 [    50000.0  204337.9   33520.0   28894.0 ]
[24-11-01 12:17:11] 456     -461.49 [    50000.0  204337.9   33520.0   28895.0 ]
[24-11-01 12:17:11] 457     -461.46 [    50000.0  204337.9   33520.0   28896.6 ]
[24-11-01 12:17:11] 458     -458.47 [    50000.0  204337.9   33520.0   29073.0 ]
[24-11-01 12:17:12] 459     -451.97 [    50000.0  204337.9   33520.0   29870.4 ]
[24-11-01 12:17:12] 460     -462.72 [    50000.0  204337.9   33520.0   31160.6 ]
[24-11-01 12:17:12] 461     -453.21 [    50000.0  204337.9   33520.0   30363.2 ]
[24-11-01 12:17:12] 462     -453.15 [    50000.0  204337.9   33520.0   29565.8 ]
[24-11-01 12:17:12] 463     -451.91 [    50000.0  204337.9   33520.0   29959.9 ]
[24-11-01 12:17:12] 464     -451.91 [    50000.0  204337.9   33520.0   29949.2 ]
[24-11-01 12:17:13] 465     -451.91 [    50000.0  204337.9   33520.0   29970.5 ]
[24-11-01 12:17:13] 466     -434.62 [    50000.0  212243.2   34487.9   31025.8 ]
[24-11-01 12:17:13] 467     -451.91 [    50000.0  204337.9   33520.0   29959.9 ]
[24-11-01 12:17:13] 468     -434.62 [    50000.0  212243.2   34487.9   31025.8 ]
[24-11-01 12:17:13] 469     -412.25 [    50000.0  225034.2   36054.1   32750.4 ]
[24-11-01 12:17:13] 471     -396.37 [    50000.0  238372.9   37687.4   34548.8 ]
[24-11-01 12:17:14] 472     -390.39 [    50000.0  246616.7   38696.8   35660.3 ]
[24-11-01 12:17:14] 474     -392.33 [    50000.0  243467.8   38311.3   35235.8 ]
[24-11-01 12:17:14] 475     -389.41 [    50000.0  248562.8   38935.1   35922.7 ]
[24-11-01 12:17:14] 476     -388.89 [    50000.0  249765.5   39082.4   36084.9 ]
[24-11-01 12:17:14] 478     -389.08 [    50000.0  249306.1   39026.1   36022.9 ]
[24-11-01 12:17:15] 479     -388.89 [    50000.0  249765.5   39082.4   36084.9 ]
[24-11-01 12:17:15] 481     -388.89 [    49998.4  249765.5   39082.4   36084.9 ]
[24-11-01 12:17:15] 482     -388.89 [    49999.4  249765.5   39082.4   36084.9 ]
[24-11-01 12:17:15] 484     -388.89 [    49999.7  249765.5   39082.4   36084.9 ]
[24-11-01 12:17:15] 486     -388.89 [    49999.9  249765.5   39082.4   36084.9 ]
[24-11-01 12:17:15] 488     -388.89 [    50000.0  249765.5   39082.4   36084.9 ]
[24-11-01 12:17:16] 490     -388.89 [    50000.0  249765.5   39082.4   36084.9 ]
[24-11-01 12:17:16] 492     -388.89 [    50000.0  249765.5   39082.4   36084.9 ]
[24-11-01 12:17:16] 494     -388.89 [    50000.0  249765.5   39082.4   36084.9 ]
[24-11-01 12:17:16] 496     -388.89 [    50000.0  249765.5   39082.4   36084.9 ]
[24-11-01 12:17:16] 498     -388.89 [    50000.0  249765.5   39082.4   36084.9 ]
[24-11-01 12:17:16] 500     -388.89 [    50000.0  249765.5   39082.4   36084.9 ]
[24-11-01 12:17:17] 502     -388.89 [    50000.0  249765.5   39082.4   36084.9 ]
[24-11-01 12:17:17] 504     -388.89 [    50000.0  249765.5   39082.4   36084.9 ]
[24-11-01 12:17:17] 506     -388.89 [    50000.0  249765.5   39082.4   36084.9 ]
[24-11-01 12:17:17] 508     -388.89 [    50000.0  249765.5   39082.4   36084.9 ]
[24-11-01 12:17:17] 510     -388.89 [    50000.0  249765.5   39082.4   36084.9 ]
[24-11-01 12:17:17] 512     -388.89 [    50000.0  249765.5   39082.4   36084.9 ]
[24-11-01 12:17:18] 514     -388.89 [    50000.0  249765.5   39082.4   36084.9 ]
[24-11-01 12:17:18] 516     -388.89 [    50000.0  249765.5   39082.4   36084.9 ]
[24-11-01 12:17:18] 518     -388.89 [    50000.0  249765.5   39082.4   36084.9 ]
[24-11-01 12:17:18] 520     -388.89 [    50000.0  249765.5   39082.4   36084.9 ]
[24-11-01 12:17:18] 522     -388.89 [    50000.0  249765.5   39082.4   36084.9 ]
[24-11-01 12:17:19] 524     -388.89 [    50000.0  249765.5   39082.4   36084.9 ]
[24-11-01 12:17:19] 526     -388.89 [    50000.0  249765.5   39082.4   36084.9 ]
[24-11-01 12:17:19] 528     -388.89 [    50000.0  249765.5   39082.4   36084.9 ]
[24-11-01 12:17:19] 530     -388.89 [    50000.0  249765.5   39082.4   36084.9 ]
[24-11-01 12:17:19] 533     -388.89 [    50000.0  249765.5   39082.4   36084.9 ]
[24-11-01 12:17:19] 534     -388.89 [    50000.0  249765.5   39082.4   36084.9 ]
[24-11-01 12:17:20] 535     -388.89 [    50000.0  249765.5   39082.4   36084.9 ]
[24-11-01 12:17:20] 536     -388.89 [    50000.0  249765.5   39082.4   36084.9 ]
[24-11-01 12:17:20] 537     -388.89 [    50000.0  249765.5   39082.4   36084.9 ]
[24-11-01 12:17:20] 538     -388.89 [    50000.0  249766.5   39082.4   36084.9 ]
[24-11-01 12:17:20] 539     -388.89 [    50000.0  249768.1   39082.4   36084.9 ]
[24-11-01 12:17:20] 540     -388.82 [    50000.0  249944.5   39082.4   36084.9 ]
[24-11-01 12:17:21] 545     -388.84 [    50000.0  249877.1   39082.4   36084.9 ]
[24-11-01 12:17:21] 546     -388.83 [    50000.0  249910.8   39082.4   36084.9 ]
[24-11-01 12:17:21] 547      -388.8 [    50000.0  249989.9   39082.4   36084.9 ]
[24-11-01 12:17:21] 549     -388.81 [    50000.0  249972.5   39082.4   36084.9 ]
[24-11-01 12:17:21] 551      -388.8 [    50000.0  249983.2   39082.4   36084.9 ]
[24-11-01 12:17:22] 552      -388.8 [    50000.0  249994.0   39082.4   36084.9 ]
[24-11-01 12:17:22] 553      -388.8 [    50000.0  249996.5   39082.4   36084.9 ]
[24-11-01 12:17:22] 554      -388.8 [    50000.0  249996.5   39082.4   36084.9 ]
[24-11-01 12:17:22] 555      -388.8 [    50000.0  249996.5   39083.4   36084.9 ]
[24-11-01 12:17:22] 556     -388.79 [    50000.0  249996.5   39085.0   36084.9 ]
[24-11-01 12:17:22] 557     -388.69 [    50000.0  249996.5   39261.4   36084.9 ]
[24-11-01 12:17:23] 558     -388.68 [    50000.0  249996.5   39355.4   36084.9 ]
[24-11-01 12:17:23] 559     -388.71 [    50000.0  249996.5   39507.5   36084.9 ]
[24-11-01 12:17:23] 560     -388.68 [    50000.0  249996.5   39413.5   36084.9 ]
[24-11-01 12:17:23] 561     -388.68 [    50000.0  249996.5   39319.5   36084.9 ]
[24-11-01 12:17:23] 562     -388.68 [    50000.0  249996.5   39358.4   36084.9 ]
[24-11-01 12:17:23] 563     -388.68 [    50000.0  249996.5   39361.1   36084.9 ]
[24-11-01 12:17:24] 564     -388.68 [    50000.0  249996.5   39358.4   36084.9 ]
[24-11-01 12:17:24] 566     -532.39 [    50000.0  176493.1   30358.2   26174.4 ]
[24-11-01 12:17:24] 567     -416.47 [    50000.0  221920.7   35920.6   32299.4 ]
[24-11-01 12:17:24] 569     -398.32 [    50000.0  235958.6   37639.5   34192.2 ]
[24-11-01 12:17:24] 571     -391.35 [    50000.0  244634.5   38701.8   35361.9 ]
[24-11-01 12:17:25] 573     -389.55 [    50000.0  247948.4   39107.6   35808.7 ]
[24-11-01 12:17:25] 575     -388.99 [    50000.0  249214.2   39262.6   35979.4 ]
[24-11-01 12:17:25] 577     -388.79 [    50000.0  249697.7   39321.8   36044.6 ]
[24-11-01 12:17:25] 579     -388.72 [    50000.0  249882.4   39344.4   36069.5 ]
[24-11-01 12:17:25] 581     -388.69 [    50000.0  249952.9   39353.0   36079.0 ]
[24-11-01 12:17:25] 583     -388.68 [    50000.0  249979.8   39356.3   36082.6 ]
[24-11-01 12:17:26] 585     -388.68 [    50000.0  249990.1   39357.6   36084.0 ]
[24-11-01 12:17:26] 586     -388.68 [    50000.0  249999.5   39358.7   36085.3 ]
[24-11-01 12:17:26] 588     -388.68 [    50000.0  249998.3   39358.6   36085.1 ]
[24-11-01 12:17:26] 590     -388.68 [    50000.0  249999.1   39358.7   36085.2 ]
[24-11-01 12:17:26] 591     -388.68 [    50000.0  249999.8   39358.8   36085.3 ]
[24-11-01 12:17:27] 592     -388.68 [    50000.0  249999.9   39358.8   36085.3 ]
[24-11-01 12:17:27] 594     -388.68 [    50000.0  249999.9   39358.8   36085.3 ]
[24-11-01 12:17:27] 595     -388.68 [    50000.0  250000.0   39358.8   36085.3 ]
[24-11-01 12:17:27] 597     -388.68 [    50000.0  250000.0   39358.8   36085.3 ]
[24-11-01 12:17:27] 599     -388.68 [    49998.4  250000.0   39358.8   36085.3 ]
[24-11-01 12:17:27] 600     -388.68 [    49999.4  250000.0   39358.8   36085.3 ]
[24-11-01 12:17:28] 602     -388.68 [    49999.7  250000.0   39358.8   36085.3 ]
[24-11-01 12:17:28] 604     -388.68 [    49999.9  250000.0   39358.8   36085.3 ]
[24-11-01 12:17:28] 606     -388.68 [    50000.0  250000.0   39358.8   36085.3 ]
[24-11-01 12:17:28] 608     -388.68 [    50000.0  250000.0   39358.8   36085.3 ]
[24-11-01 12:17:28] 610     -388.68 [    50000.0  250000.0   39358.8   36085.3 ]
[24-11-01 12:17:29] 612     -388.68 [    50000.0  250000.0   39358.8   36085.3 ]
[24-11-01 12:17:29] 614     -388.68 [    50000.0  250000.0   39358.8   36085.3 ]
[24-11-01 12:17:29] 616     -388.68 [    50000.0  250000.0   39358.8   36085.3 ]
[24-11-01 12:17:29] 618     -388.68 [    50000.0  250000.0   39358.8   36085.3 ]
[24-11-01 12:17:29] 620     -388.68 [    50000.0  250000.0   39358.8   36085.3 ]
[24-11-01 12:17:30] 622     -388.68 [    50000.0  250000.0   39358.8   36085.3 ]
[24-11-01 12:17:30] 624     -388.68 [    50000.0  250000.0   39358.8   36085.3 ]
[24-11-01 12:17:30] 626     -388.68 [    50000.0  250000.0   39358.8   36085.3 ]
[24-11-01 12:17:30] 628     -388.68 [    50000.0  250000.0   39358.8   36085.3 ]
[24-11-01 12:17:30] 630     -388.68 [    50000.0  250000.0   39358.8   36085.3 ]
[24-11-01 12:17:31] 632     -388.68 [    50000.0  250000.0   39358.8   36085.3 ]
[24-11-01 12:17:31] 634     -388.68 [    50000.0  250000.0   39358.8   36085.3 ]
[24-11-01 12:17:31] 636     -388.68 [    50000.0  250000.0   39358.8   36085.3 ]
[24-11-01 12:17:31] 638     -388.68 [    50000.0  250000.0   39358.8   36085.3 ]
[24-11-01 12:17:31] 640     -388.68 [    50000.0  250000.0   39358.8   36085.3 ]
[24-11-01 12:17:31] 642     -388.68 [    50000.0  250000.0   39358.8   36085.3 ]
[24-11-01 12:17:32] 644     -388.68 [    50000.0  250000.0   39358.8   36085.3 ]
[24-11-01 12:17:32] 645     -388.68 [    50000.0  250000.0   39358.8   36085.3 ]
[24-11-01 12:17:32] 646     -388.68 [    50000.0  250000.0   39358.8   36085.3 ]
[24-11-01 12:17:32] 647     -388.68 [    50000.0  250000.0   39358.8   36085.3 ]
[24-11-01 12:17:32] 648     -388.68 [    50000.0  250000.0   39358.8   36085.3 ]
[24-11-01 12:17:33] 649     -388.68 [    50000.0  250000.0   39358.8   36085.3 ]
[24-11-01 12:17:33] 650     -388.68 [    50000.0  250000.0   39358.8   36085.3 ]
[24-11-01 12:17:33] 651     -388.68 [    50000.0  250000.0   39358.8   36085.3 ]
[24-11-01 12:17:33] 653     -388.68 [    50000.0  249998.4   39358.8   36085.3 ]
[24-11-01 12:17:33] 654     -388.68 [    50000.0  249999.4   39358.8   36085.3 ]
[24-11-01 12:17:34] 656     -388.68 [    50000.0  249999.7   39358.8   36085.3 ]
[24-11-01 12:17:34] 658     -388.68 [    50000.0  249999.9   39358.8   36085.3 ]
[24-11-01 12:17:34] 660     -388.68 [    50000.0  249999.9   39358.8   36085.3 ]
[24-11-01 12:17:34] 661     -388.68 [    50000.0  250000.0   39358.8   36085.3 ]
[24-11-01 12:17:34] 663     -388.68 [    50000.0  250000.0   39358.8   36085.3 ]
[24-11-01 12:17:34] 664     -388.68 [    50000.0  250000.0   39358.8   36085.3 ]
[24-11-01 12:17:35] 666     -388.68 [    50000.0  250000.0   39358.8   36085.3 ]
[24-11-01 12:17:35] 668     -388.68 [    50000.0  250000.0   39358.8   36085.3 ]
[24-11-01 12:17:35] 670     -388.68 [    50000.0  250000.0   39358.8   36085.3 ]
[24-11-01 12:17:35] 671     -388.68 [    50000.0  250000.0   39358.8   36085.3 ]
[24-11-01 12:17:35] 672     -388.68 [    50000.0  250000.0   39359.8   36085.3 ]
[24-11-01 12:17:36] 673     -388.68 [    50000.0  250000.0   39357.2   36085.3 ]
[24-11-01 12:17:36] 674     -388.68 [    50000.0  250000.0   39358.2   36085.3 ]
[24-11-01 12:17:36] 675     -388.68 [    50000.0  250000.0   39359.2   36085.3 ]
[24-11-01 12:17:36] 676     -388.68 [    50000.0  250000.0   39358.7   36085.3 ]
[24-11-01 12:17:36] 677     -388.68 [    50000.0  250000.0   39358.7   36085.3 ]
[24-11-01 12:17:37] 678     -388.68 [    50000.0  250000.0   39358.7   36085.3 ]
[24-11-01 12:17:37] 679     -388.68 [    50000.0  250000.0   39358.7   36085.3 ]
[24-11-01 12:17:37] 681     -532.38 [    50000.0  176496.6   30358.5   26174.9 ]
[24-11-01 12:17:37] 682     -416.47 [    50000.0  221924.2   35920.9   32299.9 ]
[24-11-01 12:17:37] 684     -398.32 [    50000.0  235962.1   37639.8   34192.6 ]
[24-11-01 12:17:37] 686     -391.35 [    50000.0  244638.0   38702.1   35362.4 ]
[24-11-01 12:17:38] 688     -389.55 [    50000.0  247951.9   39107.9   35809.2 ]
[24-11-01 12:17:38] 690     -388.99 [    50000.0  249217.7   39262.9   35979.9 ]
[24-11-01 12:17:38] 692     -388.79 [    50000.0  249701.2   39322.1   36045.1 ]
[24-11-01 12:17:38] 694     -388.72 [    50000.0  249885.9   39344.7   36070.0 ]
[24-11-01 12:17:38] 696     -388.69 [    50000.0  249956.4   39353.3   36079.5 ]
[24-11-01 12:17:39] 698     -388.68 [    50000.0  249983.3   39356.6   36083.1 ]
[24-11-01 12:17:39] 700     -388.68 [    50000.0  249993.6   39357.9   36084.5 ]
[24-11-01 12:17:39] 702     -388.68 [    50000.0  249997.6   39358.4   36085.0 ]
[24-11-01 12:17:39] 704     -388.68 [    50000.0  249999.1   39358.5   36085.2 ]
[24-11-01 12:17:39] 706     -388.68 [    50000.0  249999.6   39358.6   36085.3 ]
[24-11-01 12:17:40] 708     -388.68 [    50000.0  249999.9   39358.6   36085.3 ]
[24-11-01 12:17:40] 710     -388.68 [    50000.0  249999.9   39358.7   36085.3 ]
[24-11-01 12:17:40] 712     -388.68 [    50000.0  250000.0   39358.7   36085.3 ]
[24-11-01 12:17:40] 714     -388.68 [    50000.0  250000.0   39358.7   36085.3 ]
[24-11-01 12:17:40] 716     -388.68 [    50000.0  250000.0   39358.7   36085.3 ]
[24-11-01 12:17:40] 718     -388.68 [    50000.0  250000.0   39358.7   36085.3 ]
[24-11-01 12:17:41] 720     -388.68 [    50000.0  250000.0   39358.7   36085.3 ]
[24-11-01 12:17:41] 721     -388.68 [    50000.0  250000.0   39358.7   36085.3 ]
[24-11-01 12:17:41] 723     -388.68 [    50000.0  250000.0   39358.7   36085.3 ]
[24-11-01 12:17:41] 725     -388.68 [    50000.0  250000.0   39358.7   36085.3 ]
[24-11-01 12:17:41] 727     -388.68 [    50000.0  250000.0   39358.7   36085.3 ]
[24-11-01 12:17:42] 728     -388.68 [    50000.0  250000.0   39358.7   36085.3 ]
[24-11-01 12:17:42] 730     -388.68 [    50000.0  250000.0   39358.7   36085.3 ]
Optimization terminated successfully.
         Current function value: 388.676420
         Iterations: 9
         Function evaluations: 730
[24-11-01 12:17:42] 730      fit p: [    50000.0  250000.0   39358.7   36085.3 ]
method: Powell
objective_func: objective_H2
fopt: -388.67642009468966
max_iter: 100
num_iter: 9
func_calls: 730
flag: 0
u_fitted: False
u: 1.111e-08
