[24-11-01 12:14:35] fitting objective_H2 to data for demes ['KhomaniSan', 'Yoruba']
[24-11-01 12:14:35] 0        pnames [        NA1       TA1        NK        NY ]
[24-11-01 12:14:35] 0            p0 [    32321.1  104936.6   20324.4   23168.1 ]
[24-11-01 12:14:35] 1       -2362.8 [    32321.1  104936.6   20324.4   23168.1 ]
[24-11-01 12:14:35] 2       -2362.8 [    32321.1  104936.6   20324.4   23168.1 ]
[24-11-01 12:14:36] 3      -2362.71 [    32322.1  104936.6   20324.4   23168.1 ]
[24-11-01 12:14:36] 4      -2362.56 [    32323.7  104936.6   20324.4   23168.1 ]
[24-11-01 12:14:36] 5       -2346.4 [    32500.1  104936.6   20324.4   23168.1 ]
[24-11-01 12:14:36] 6      -1711.76 [    43175.2  104936.6   20324.4   23168.1 ]
[24-11-01 12:14:36] 8      -1513.62 [    49772.8  104936.6   20324.4   23168.1 ]
[24-11-01 12:14:36] 10     -1601.26 [    46474.0  104936.6   20324.4   23168.1 ]
[24-11-01 12:14:37] 12     -1544.79 [    48512.8  104936.6   20324.4   23168.1 ]
[24-11-01 12:14:37] 14     -1525.22 [    49291.5  104936.6   20324.4   23168.1 ]
[24-11-01 12:14:37] 16     -1518.01 [    49589.0  104936.6   20324.4   23168.1 ]
[24-11-01 12:14:37] 17     -1513.62 [    49772.8  104936.6   20324.4   23168.1 ]
[24-11-01 12:14:37] 18      -1513.6 [    49772.8  104937.6   20324.4   23168.1 ]
[24-11-01 12:14:37] 19     -1513.56 [    49772.8  104939.2   20324.4   23168.1 ]
[24-11-01 12:14:38] 20      -1509.4 [    49772.8  105115.6   20324.4   23168.1 ]
[24-11-01 12:14:38] 21     -1139.45 [    49772.8  124339.4   20324.4   23168.1 ]
[24-11-01 12:14:38] 22      -881.06 [    49772.8  157416.4   20324.4   23168.1 ]
[24-11-01 12:14:38] 23     -1409.85 [    49772.8  210936.1   20324.4   23168.1 ]
[24-11-01 12:14:38] 24      -949.82 [    49772.8  177859.1   20324.4   23168.1 ]
[24-11-01 12:14:38] 25      -924.66 [    49772.8  144782.1   20324.4   23168.1 ]
[24-11-01 12:14:39] 26      -880.26 [    49772.8  159474.7   20324.4   23168.1 ]
[24-11-01 12:14:39] 27       -880.3 [    49772.8  158929.3   20324.4   23168.1 ]
[24-11-01 12:14:39] 28      -880.34 [    49772.8  160020.1   20324.4   23168.1 ]
[24-11-01 12:14:39] 29      -880.26 [    49772.8  159474.7   20324.4   23168.1 ]
[24-11-01 12:14:39] 30      -880.17 [    49772.8  159474.7   20325.4   23168.1 ]
[24-11-01 12:14:39] 31      -880.03 [    49772.8  159474.7   20327.0   23168.1 ]
[24-11-01 12:14:40] 32      -864.47 [    49772.8  159474.7   20503.3   23168.1 ]
[24-11-01 12:14:40] 33      -658.97 [    49772.8  159474.7   24337.5   23168.1 ]
[24-11-01 12:14:40] 34      -614.62 [    49772.8  159474.7   30541.4   23168.1 ]
[24-11-01 12:14:40] 35       -607.3 [    49772.8  159474.7   28211.9   23168.1 ]
[24-11-01 12:14:40] 36      -615.22 [    49772.8  159474.7   26732.0   23168.1 ]
[24-11-01 12:14:40] 37      -607.66 [    49772.8  159474.7   29101.7   23168.1 ]
[24-11-01 12:14:41] 38      -607.04 [    49772.8  159474.7   28573.2   23168.1 ]
[24-11-01 12:14:41] 39      -607.04 [    49772.8  159474.7   28490.7   23168.1 ]
[24-11-01 12:14:41] 40      -607.06 [    49772.8  159474.7   28655.7   23168.1 ]
[24-11-01 12:14:41] 41      -607.04 [    49772.8  159474.7   28573.2   23168.1 ]
[24-11-01 12:14:41] 42      -607.02 [    49772.8  159474.7   28573.2   23169.1 ]
[24-11-01 12:14:41] 43      -606.98 [    49772.8  159474.7   28573.2   23170.7 ]
[24-11-01 12:14:42] 44       -603.9 [    49772.8  159474.7   28573.2   23347.0 ]
[24-11-01 12:14:42] 45      -599.41 [    49772.8  159474.7   28573.2   23901.9 ]
[24-11-01 12:14:42] 46      -607.05 [    49772.8  159474.7   28573.2   24799.8 ]
[24-11-01 12:14:42] 47       -600.3 [    49772.8  159474.7   28573.2   24244.9 ]
[24-11-01 12:14:42] 48      -600.22 [    49772.8  159474.7   28573.2   23690.0 ]
[24-11-01 12:14:42] 49      -599.37 [    49772.8  159474.7   28573.2   23961.4 ]
[24-11-01 12:14:43] 50      -599.37 [    49772.8  159474.7   28573.2   23953.5 ]
[24-11-01 12:14:43] 51      -599.38 [    49772.8  159474.7   28573.2   23969.4 ]
[24-11-01 12:14:43] 53      -599.37 [    49772.8  159474.7   28573.2   23961.4 ]
[24-11-01 12:14:43] 54      -599.36 [    49773.8  159474.7   28573.2   23961.4 ]
[24-11-01 12:14:43] 55      -599.34 [    49775.4  159474.7   28573.2   23961.4 ]
[24-11-01 12:14:43] 56       -597.2 [    49951.8  159474.7   28573.2   23961.4 ]
[24-11-01 12:14:44] 63      -598.02 [    49884.4  159474.7   28573.2   23961.4 ]
[24-11-01 12:14:44] 64      -597.61 [    49918.1  159474.7   28573.2   23961.4 ]
[24-11-01 12:14:44] 65      -596.65 [    49997.0  159474.7   28573.2   23961.4 ]
[24-11-01 12:14:44] 67      -596.86 [    49979.8  159474.7   28573.2   23961.4 ]
[24-11-01 12:14:44] 69      -596.73 [    49990.4  159474.7   28573.2   23961.4 ]
[24-11-01 12:14:44] 71      -596.68 [    49994.5  159474.7   28573.2   23961.4 ]
[24-11-01 12:14:45] 72      -596.65 [    49997.0  159474.7   28573.2   23961.4 ]
[24-11-01 12:14:45] 73      -596.65 [    49997.0  159475.7   28573.2   23961.4 ]
[24-11-01 12:14:45] 74      -596.64 [    49997.0  159477.3   28573.2   23961.4 ]
[24-11-01 12:14:45] 75      -595.99 [    49997.0  159653.7   28573.2   23961.4 ]
[24-11-01 12:14:45] 76      -578.51 [    49997.0  169073.7   28573.2   23961.4 ]
[24-11-01 12:14:45] 77      -622.26 [    49997.0  184315.7   28573.2   23961.4 ]
[24-11-01 12:14:46] 78      -584.81 [    49997.0  174895.6   28573.2   23961.4 ]
[24-11-01 12:14:46] 79      -581.12 [    49997.0  165475.6   28573.2   23961.4 ]
[24-11-01 12:14:46] 80      -578.51 [    49997.0  169169.7   28573.2   23961.4 ]
[24-11-01 12:14:46] 81      -578.51 [    49997.0  169266.7   28573.2   23961.4 ]
[24-11-01 12:14:46] 82      -578.51 [    49997.0  169169.7   28573.2   23961.4 ]
[24-11-01 12:14:46] 83       -578.5 [    49997.0  169169.7   28574.2   23961.4 ]
[24-11-01 12:14:47] 84       -578.5 [    49997.0  169169.7   28575.8   23961.4 ]
[24-11-01 12:14:47] 85      -578.09 [    49997.0  169169.7   28752.2   23961.4 ]
[24-11-01 12:14:47] 86      -577.71 [    49997.0  169169.7   29131.6   23961.4 ]
[24-11-01 12:14:47] 87      -578.46 [    49997.0  169169.7   29745.5   23961.4 ]
[24-11-01 12:14:47] 88      -577.81 [    49997.0  169169.7   29366.1   23961.4 ]
[24-11-01 12:14:48] 89      -577.78 [    49997.0  169169.7   28986.7   23961.4 ]
[24-11-01 12:14:48] 90      -577.71 [    49997.0  169169.7   29157.3   23961.4 ]
[24-11-01 12:14:48] 91      -577.71 [    49997.0  169169.7   29151.5   23961.4 ]
[24-11-01 12:14:48] 92      -577.71 [    49997.0  169169.7   29163.1   23961.4 ]
[24-11-01 12:14:48] 93      -577.71 [    49997.0  169169.7   29157.3   23961.4 ]
[24-11-01 12:14:48] 94      -577.68 [    49997.0  169169.7   29157.3   23962.4 ]
[24-11-01 12:14:49] 95      -577.63 [    49997.0  169169.7   29157.3   23964.0 ]
[24-11-01 12:14:49] 96      -572.87 [    49997.0  169169.7   29157.3   24140.4 ]
[24-11-01 12:14:49] 97      -560.89 [    49997.0  169169.7   29157.3   25036.6 ]
[24-11-01 12:14:49] 98      -577.77 [    49997.0  169169.7   29157.3   26486.6 ]
[24-11-01 12:14:49] 99      -562.58 [    49997.0  169169.7   29157.3   25590.4 ]
[24-11-01 12:14:50] 100     -563.18 [    49997.0  169169.7   29157.3   24694.3 ]
[24-11-01 12:14:50] 101     -560.71 [    49997.0  169169.7   29157.3   25172.9 ]
[24-11-01 12:14:50] 102     -560.71 [    49997.0  169169.7   29157.3   25160.8 ]
[24-11-01 12:14:50] 103     -560.71 [    49997.0  169169.7   29157.3   25148.8 ]
[24-11-01 12:14:50] 105     -560.71 [    49997.0  169169.7   29157.3   25160.8 ]
[24-11-01 12:14:50] 106      -560.7 [    49998.0  169169.7   29157.3   25160.8 ]
[24-11-01 12:14:51] 107     -560.68 [    49999.7  169169.7   29157.3   25160.8 ]
[24-11-01 12:14:51] 114     -560.69 [    49999.0  169169.7   29157.3   25160.8 ]
[24-11-01 12:14:51] 115     -560.68 [    49999.4  169169.7   29157.3   25160.8 ]
[24-11-01 12:14:51] 117     -560.68 [    49999.9  169169.7   29157.3   25160.8 ]
[24-11-01 12:14:51] 119     -560.68 [    49999.8  169169.7   29157.3   25160.8 ]
[24-11-01 12:14:52] 120     -560.68 [    49999.9  169169.7   29157.3   25160.8 ]
[24-11-01 12:14:52] 121     -560.68 [    50000.0  169169.7   29157.3   25160.8 ]
[24-11-01 12:14:52] 122     -560.68 [    50000.0  169169.7   29157.3   25160.8 ]
[24-11-01 12:14:52] 123     -560.67 [    50000.0  169170.7   29157.3   25160.8 ]
[24-11-01 12:14:52] 124     -560.67 [    50000.0  169172.3   29157.3   25160.8 ]
[24-11-01 12:14:52] 125     -560.13 [    50000.0  169348.7   29157.3   25160.8 ]
[24-11-01 12:14:53] 126     -547.23 [    50000.0  177842.7   29157.3   25160.8 ]
[24-11-01 12:14:53] 127     -579.76 [    50000.0  191586.2   29157.3   25160.8 ]
[24-11-01 12:14:53] 128     -551.92 [    50000.0  183092.2   29157.3   25160.8 ]
[24-11-01 12:14:53] 129     -549.15 [    50000.0  174598.3   29157.3   25160.8 ]
[24-11-01 12:14:53] 130     -547.23 [    50000.0  177929.4   29157.3   25160.8 ]
[24-11-01 12:14:53] 131     -547.23 [    50000.0  178017.0   29157.3   25160.8 ]
[24-11-01 12:14:54] 132     -547.23 [    50000.0  177929.4   29157.3   25160.8 ]
[24-11-01 12:14:54] 133     -547.22 [    50000.0  177929.4   29158.3   25160.8 ]
[24-11-01 12:14:54] 134     -547.21 [    50000.0  177929.4   29159.9   25160.8 ]
[24-11-01 12:14:54] 135     -546.38 [    50000.0  177929.4   29336.3   25160.8 ]
[24-11-01 12:14:54] 136      -544.5 [    50000.0  177929.4   30157.4   25160.8 ]
[24-11-01 12:14:55] 137     -547.56 [    50000.0  177929.4   31486.0   25160.8 ]
[24-11-01 12:14:55] 138     -544.85 [    50000.0  177929.4   30664.9   25160.8 ]
[24-11-01 12:14:55] 139     -544.84 [    50000.0  177929.4   29843.7   25160.8 ]
[24-11-01 12:14:55] 140     -544.48 [    50000.0  177929.4   30252.7   25160.8 ]
[24-11-01 12:14:55] 141     -544.48 [    50000.0  177929.4   30241.8   25160.8 ]
[24-11-01 12:14:55] 142     -544.48 [    50000.0  177929.4   30263.7   25160.8 ]
[24-11-01 12:14:56] 143     -544.48 [    50000.0  177929.4   30252.7   25160.8 ]
[24-11-01 12:14:56] 144     -544.46 [    50000.0  177929.4   30252.7   25161.8 ]
[24-11-01 12:14:56] 145     -544.41 [    50000.0  177929.4   30252.7   25163.4 ]
[24-11-01 12:14:56] 146     -540.02 [    50000.0  177929.4   30252.7   25339.7 ]
[24-11-01 12:14:56] 147     -528.91 [    50000.0  177929.4   30252.7   26243.9 ]
[24-11-01 12:14:57] 148     -544.99 [    50000.0  177929.4   30252.7   27706.7 ]
[24-11-01 12:14:57] 149     -530.57 [    50000.0  177929.4   30252.7   26802.6 ]
[24-11-01 12:14:57] 150     -531.02 [    50000.0  177929.4   30252.7   25898.5 ]
[24-11-01 12:14:57] 151     -528.76 [    50000.0  177929.4   30252.7   26375.2 ]
[24-11-01 12:14:57] 152     -528.76 [    50000.0  177929.4   30252.7   26363.0 ]
[24-11-01 12:14:57] 153     -528.76 [    50000.0  177929.4   30252.7   26351.0 ]
[24-11-01 12:14:58] 155     -528.76 [    50000.0  177929.4   30252.7   26363.0 ]
[24-11-01 12:14:58] 157     -528.77 [    49998.3  177929.4   30252.7   26363.0 ]
[24-11-01 12:14:58] 158     -528.76 [    49999.3  177929.4   30252.7   26363.0 ]
[24-11-01 12:14:58] 160     -528.76 [    49999.6  177929.4   30252.7   26363.0 ]
[24-11-01 12:14:58] 162     -528.76 [    49999.8  177929.4   30252.7   26363.0 ]
[24-11-01 12:14:59] 164     -528.76 [    49999.9  177929.4   30252.7   26363.0 ]
[24-11-01 12:14:59] 165     -528.76 [    50000.0  177929.4   30252.7   26363.0 ]
[24-11-01 12:14:59] 166     -528.76 [    50000.0  177929.4   30252.7   26363.0 ]
[24-11-01 12:14:59] 167     -528.76 [    50000.0  177929.4   30252.7   26363.0 ]
[24-11-01 12:14:59] 169     -528.76 [    50000.0  177929.4   30252.7   26363.0 ]
[24-11-01 12:14:59] 170     -528.76 [    50000.0  177929.4   30252.7   26363.0 ]
[24-11-01 12:15:00] 172     -528.76 [    50000.0  177929.4   30252.7   26363.0 ]
[24-11-01 12:15:00] 174     -528.76 [    50000.0  177929.4   30252.7   26363.0 ]
[24-11-01 12:15:00] 175     -528.75 [    50000.0  177930.4   30252.7   26363.0 ]
[24-11-01 12:15:00] 176     -528.75 [    50000.0  177932.0   30252.7   26363.0 ]
[24-11-01 12:15:00] 177     -528.27 [    50000.0  178108.4   30252.7   26363.0 ]
[24-11-01 12:15:01] 178     -516.91 [    50000.0  186438.9   30252.7   26363.0 ]
[24-11-01 12:15:01] 179     -545.64 [    50000.0  199917.9   30252.7   26363.0 ]
[24-11-01 12:15:01] 180     -521.06 [    50000.0  191587.4   30252.7   26363.0 ]
[24-11-01 12:15:01] 181      -518.6 [    50000.0  183256.9   30252.7   26363.0 ]
[24-11-01 12:15:01] 182     -516.91 [    50000.0  186524.0   30252.7   26363.0 ]
[24-11-01 12:15:01] 183     -516.91 [    50000.0  186609.9   30252.7   26363.0 ]
[24-11-01 12:15:02] 184     -516.91 [    50000.0  186524.0   30252.7   26363.0 ]
[24-11-01 12:15:02] 185      -516.9 [    50000.0  186524.0   30253.7   26363.0 ]
[24-11-01 12:15:02] 186      -516.9 [    50000.0  186524.0   30255.3   26363.0 ]
[24-11-01 12:15:02] 187     -516.12 [    50000.0  186524.0   30431.7   26363.0 ]
[24-11-01 12:15:02] 188      -514.4 [    50000.0  186524.0   31238.7   26363.0 ]
[24-11-01 12:15:03] 189     -517.27 [    50000.0  186524.0   32544.4   26363.0 ]
[24-11-01 12:15:03] 190     -514.73 [    50000.0  186524.0   31737.4   26363.0 ]
[24-11-01 12:15:03] 191     -514.71 [    50000.0  186524.0   30930.4   26363.0 ]
[24-11-01 12:15:03] 192     -514.38 [    50000.0  186524.0   31327.3   26363.0 ]
[24-11-01 12:15:03] 193     -514.38 [    50000.0  186524.0   31316.6   26363.0 ]
[24-11-01 12:15:03] 194     -514.38 [    50000.0  186524.0   31338.1   26363.0 ]
[24-11-01 12:15:04] 195     -514.38 [    50000.0  186524.0   31327.3   26363.0 ]
[24-11-01 12:15:04] 196     -514.36 [    50000.0  186524.0   31327.3   26364.0 ]
[24-11-01 12:15:04] 197     -514.32 [    50000.0  186524.0   31327.3   26365.6 ]
[24-11-01 12:15:04] 198     -510.37 [    50000.0  186524.0   31327.3   26542.0 ]
[24-11-01 12:15:04] 199     -500.63 [    50000.0  186524.0   31327.3   27429.1 ]
[24-11-01 12:15:05] 200     -515.28 [    50000.0  186524.0   31327.3   28864.4 ]
[24-11-01 12:15:05] 201      -502.2 [    50000.0  186524.0   31327.3   27977.4 ]
[24-11-01 12:15:05] 202     -502.46 [    50000.0  186524.0   31327.3   27090.3 ]
[24-11-01 12:15:05] 203     -500.51 [    50000.0  186524.0   31327.3   27549.5 ]
[24-11-01 12:15:05] 204     -500.51 [    50000.0  186524.0   31327.3   27537.6 ]
[24-11-01 12:15:05] 205     -500.51 [    50000.0  186524.0   31327.3   27525.9 ]
[24-11-01 12:15:06] 207     -500.51 [    50000.0  186524.0   31327.3   27537.6 ]
[24-11-01 12:15:06] 209     -500.52 [    49998.4  186524.0   31327.3   27537.6 ]
[24-11-01 12:15:06] 210     -500.52 [    49999.4  186524.0   31327.3   27537.6 ]
[24-11-01 12:15:06] 212     -500.51 [    49999.7  186524.0   31327.3   27537.6 ]
[24-11-01 12:15:06] 214     -500.51 [    49999.9  186524.0   31327.3   27537.6 ]
[24-11-01 12:15:07] 216     -500.51 [    50000.0  186524.0   31327.3   27537.6 ]
[24-11-01 12:15:07] 218     -500.51 [    50000.0  186524.0   31327.3   27537.6 ]
[24-11-01 12:15:07] 220     -500.51 [    50000.0  186524.0   31327.3   27537.6 ]
[24-11-01 12:15:07] 222     -500.51 [    50000.0  186524.0   31327.3   27537.6 ]
[24-11-01 12:15:07] 224     -500.51 [    50000.0  186524.0   31327.3   27537.6 ]
[24-11-01 12:15:07] 226     -500.51 [    50000.0  186524.0   31327.3   27537.6 ]
[24-11-01 12:15:08] 228     -500.51 [    50000.0  186524.0   31327.3   27537.6 ]
[24-11-01 12:15:08] 230     -500.51 [    50000.0  186524.0   31327.3   27537.6 ]
[24-11-01 12:15:08] 231     -500.51 [    50000.0  186524.0   31327.3   27537.6 ]
[24-11-01 12:15:08] 232     -500.51 [    50000.0  186524.0   31327.3   27537.6 ]
[24-11-01 12:15:08] 234     -500.51 [    50000.0  186524.0   31327.3   27537.6 ]
[24-11-01 12:15:09] 236     -500.51 [    50000.0  186524.0   31327.3   27537.6 ]
[24-11-01 12:15:09] 238     -500.51 [    50000.0  186524.0   31327.3   27537.6 ]
[24-11-01 12:15:09] 239     -500.51 [    50000.0  186524.0   31327.3   27537.6 ]
[24-11-01 12:15:09] 240     -500.51 [    50000.0  186524.0   31327.3   27537.6 ]
[24-11-01 12:15:09] 241     -500.51 [    50000.0  186524.0   31327.3   27537.6 ]
[24-11-01 12:15:09] 242     -500.51 [    50000.0  186525.0   31327.3   27537.6 ]
[24-11-01 12:15:10] 243      -500.5 [    50000.0  186526.6   31327.3   27537.6 ]
[24-11-01 12:15:10] 244     -500.07 [    50000.0  186703.0   31327.3   27537.6 ]
[24-11-01 12:15:10] 245     -490.29 [    50000.0  194758.8   31327.3   27537.6 ]
[24-11-01 12:15:10] 246     -515.12 [    50000.0  207793.4   31327.3   27537.6 ]
[24-11-01 12:15:10] 247     -493.88 [    50000.0  199737.6   31327.3   27537.6 ]
[24-11-01 12:15:11] 248     -491.74 [    50000.0  191681.8   31327.3   27537.6 ]
[24-11-01 12:15:11] 249     -490.29 [    50000.0  194841.2   31327.3   27537.6 ]
[24-11-01 12:15:11] 250     -490.29 [    50000.0  194924.3   31327.3   27537.6 ]
[24-11-01 12:15:11] 251     -490.29 [    50000.0  194841.2   31327.3   27537.6 ]
[24-11-01 12:15:11] 252     -490.29 [    50000.0  194841.2   31328.3   27537.6 ]
[24-11-01 12:15:12] 253     -490.28 [    50000.0  194841.2   31329.9   27537.6 ]
[24-11-01 12:15:12] 254     -489.57 [    50000.0  194841.2   31506.3   27537.6 ]
[24-11-01 12:15:12] 255     -488.08 [    50000.0  194841.2   32277.7   27537.6 ]
[24-11-01 12:15:12] 256     -490.65 [    50000.0  194841.2   33525.7   27537.6 ]
[24-11-01 12:15:12] 257     -488.39 [    50000.0  194841.2   32754.4   27537.6 ]
[24-11-01 12:15:12] 258     -488.35 [    50000.0  194841.2   31983.0   27537.6 ]
[24-11-01 12:15:13] 259     -488.07 [    50000.0  194841.2   32356.2   27537.6 ]
[24-11-01 12:15:13] 260     -488.07 [    50000.0  194841.2   32345.9   27537.6 ]
[24-11-01 12:15:13] 261     -488.07 [    50000.0  194841.2   32366.5   27537.6 ]
[24-11-01 12:15:13] 262     -488.07 [    50000.0  194841.2   32356.2   27537.6 ]
[24-11-01 12:15:13] 263     -488.05 [    50000.0  194841.2   32356.2   27538.6 ]
[24-11-01 12:15:14] 264     -488.01 [    50000.0  194841.2   32356.2   27540.3 ]
[24-11-01 12:15:14] 265     -484.51 [    50000.0  194841.2   32356.2   27716.6 ]
[24-11-01 12:15:14] 266     -476.24 [    50000.0  194841.2   32356.2   28571.5 ]
[24-11-01 12:15:14] 267     -489.21 [    50000.0  194841.2   32356.2   29954.8 ]
[24-11-01 12:15:14] 268     -477.68 [    50000.0  194841.2   32356.2   29099.9 ]
[24-11-01 12:15:15] 269     -477.77 [    50000.0  194841.2   32356.2   28245.0 ]
[24-11-01 12:15:15] 270     -476.15 [    50000.0  194841.2   32356.2   28678.7 ]
[24-11-01 12:15:15] 271     -476.15 [    50000.0  194841.2   32356.2   28667.3 ]
[24-11-01 12:15:15] 272     -476.15 [    50000.0  194841.2   32356.2   28690.1 ]
[24-11-01 12:15:15] 274     -476.15 [    50000.0  194841.2   32356.2   28678.7 ]
[24-11-01 12:15:15] 276     -476.16 [    49998.4  194841.2   32356.2   28678.7 ]
[24-11-01 12:15:16] 277     -476.15 [    49999.4  194841.2   32356.2   28678.7 ]
[24-11-01 12:15:16] 279     -476.15 [    49999.7  194841.2   32356.2   28678.7 ]
[24-11-01 12:15:16] 281     -476.15 [    49999.9  194841.2   32356.2   28678.7 ]
[24-11-01 12:15:16] 283     -476.15 [    50000.0  194841.2   32356.2   28678.7 ]
[24-11-01 12:15:16] 285     -476.15 [    50000.0  194841.2   32356.2   28678.7 ]
[24-11-01 12:15:17] 287     -476.15 [    50000.0  194841.2   32356.2   28678.7 ]
[24-11-01 12:15:17] 289     -476.15 [    50000.0  194841.2   32356.2   28678.7 ]
[24-11-01 12:15:17] 291     -476.15 [    50000.0  194841.2   32356.2   28678.7 ]
[24-11-01 12:15:17] 293     -476.15 [    50000.0  194841.2   32356.2   28678.7 ]
[24-11-01 12:15:17] 295     -476.15 [    50000.0  194841.2   32356.2   28678.7 ]
[24-11-01 12:15:17] 297     -476.15 [    50000.0  194841.2   32356.2   28678.7 ]
[24-11-01 12:15:18] 299     -476.15 [    50000.0  194841.2   32356.2   28678.7 ]
[24-11-01 12:15:18] 301     -476.15 [    50000.0  194841.2   32356.2   28678.7 ]
[24-11-01 12:15:18] 303     -476.15 [    50000.0  194841.2   32356.2   28678.7 ]
[24-11-01 12:15:18] 305     -476.15 [    50000.0  194841.2   32356.2   28678.7 ]
[24-11-01 12:15:18] 307     -476.15 [    50000.0  194841.2   32356.2   28678.7 ]
[24-11-01 12:15:19] 308     -476.15 [    50000.0  194841.2   32356.2   28678.7 ]
[24-11-01 12:15:19] 310     -476.15 [    50000.0  194841.2   32356.2   28678.7 ]
[24-11-01 12:15:19] 312     -476.15 [    50000.0  194841.2   32356.2   28678.7 ]
[24-11-01 12:15:19] 313     -476.15 [    50000.0  194841.2   32356.2   28678.7 ]
[24-11-01 12:15:19] 314     -476.15 [    50000.0  194841.2   32356.2   28678.7 ]
[24-11-01 12:15:20] 315     -476.15 [    50000.0  194841.2   32356.2   28678.7 ]
[24-11-01 12:15:20] 316     -476.15 [    50000.0  194841.2   32356.2   28678.7 ]
[24-11-01 12:15:20] 317     -476.15 [    50000.0  194841.2   32356.2   28678.7 ]
[24-11-01 12:15:20] 318     -476.15 [    50000.0  194841.2   32356.2   28678.7 ]
[24-11-01 12:15:20] 319     -476.15 [    50000.0  194841.2   32356.2   28678.7 ]
[24-11-01 12:15:20] 320     -476.15 [    50000.0  194842.2   32356.2   28678.7 ]
[24-11-01 12:15:21] 321     -476.14 [    50000.0  194843.8   32356.2   28678.7 ]
[24-11-01 12:15:21] 322     -475.76 [    50000.0  195020.1   32356.2   28678.7 ]
[24-11-01 12:15:21] 323     -467.39 [    50000.0  202760.1   32356.2   28678.7 ]
[24-11-01 12:15:21] 324     -488.69 [    50000.0  215283.7   32356.2   28678.7 ]
[24-11-01 12:15:21] 325     -470.48 [    50000.0  207543.7   32356.2   28678.7 ]
[24-11-01 12:15:22] 326     -468.63 [    50000.0  199803.7   32356.2   28678.7 ]
[24-11-01 12:15:22] 327     -467.39 [    50000.0  202839.3   32356.2   28678.7 ]
[24-11-01 12:15:22] 328     -467.39 [    50000.0  202919.3   32356.2   28678.7 ]
[24-11-01 12:15:22] 329     -467.39 [    50000.0  202839.3   32356.2   28678.7 ]
[24-11-01 12:15:22] 330     -467.39 [    50000.0  202839.3   32357.2   28678.7 ]
[24-11-01 12:15:22] 331     -467.38 [    50000.0  202839.3   32358.8   28678.7 ]
[24-11-01 12:15:23] 332     -466.73 [    50000.0  202839.3   32535.2   28678.7 ]
[24-11-01 12:15:23] 333     -465.46 [    50000.0  202839.3   33267.9   28678.7 ]
[24-11-01 12:15:23] 334     -467.73 [    50000.0  202839.3   34453.4   28678.7 ]
[24-11-01 12:15:23] 335     -465.73 [    50000.0  202839.3   33720.7   28678.7 ]
[24-11-01 12:15:23] 336     -465.68 [    50000.0  202839.3   32988.0   28678.7 ]
[24-11-01 12:15:24] 337     -465.45 [    50000.0  202839.3   33336.9   28678.7 ]
[24-11-01 12:15:24] 338     -465.45 [    50000.0  202839.3   33327.1   28678.7 ]
[24-11-01 12:15:24] 339     -465.45 [    50000.0  202839.3   33346.7   28678.7 ]
[24-11-01 12:15:24] 340     -465.45 [    50000.0  202839.3   33336.9   28678.7 ]
[24-11-01 12:15:24] 341     -465.43 [    50000.0  202839.3   33336.9   28679.7 ]
[24-11-01 12:15:24] 342      -465.4 [    50000.0  202839.3   33336.9   28681.3 ]
[24-11-01 12:15:25] 343     -462.33 [    50000.0  202839.3   33336.9   28857.7 ]
[24-11-01 12:15:25] 344     -455.54 [    50000.0  202839.3   33336.9   29665.8 ]
[24-11-01 12:15:25] 345     -466.67 [    50000.0  202839.3   33336.9   30973.3 ]
[24-11-01 12:15:25] 346     -456.82 [    50000.0  202839.3   33336.9   30165.2 ]
[24-11-01 12:15:25] 347     -456.78 [    50000.0  202839.3   33336.9   29357.1 ]
[24-11-01 12:15:26] 348     -455.48 [    50000.0  202839.3   33336.9   29758.3 ]
[24-11-01 12:15:26] 349     -455.48 [    50000.0  202839.3   33336.9   29747.5 ]
[24-11-01 12:15:26] 350     -455.48 [    50000.0  202839.3   33336.9   29769.1 ]
[24-11-01 12:15:26] 352     -455.48 [    50000.0  202839.3   33336.9   29758.3 ]
[24-11-01 12:15:26] 354     -455.49 [    49998.4  202839.3   33336.9   29758.3 ]
[24-11-01 12:15:26] 355     -455.48 [    49999.4  202839.3   33336.9   29758.3 ]
[24-11-01 12:15:27] 357     -455.48 [    49999.7  202839.3   33336.9   29758.3 ]
[24-11-01 12:15:27] 359     -455.48 [    49999.9  202839.3   33336.9   29758.3 ]
[24-11-01 12:15:27] 361     -455.48 [    50000.0  202839.3   33336.9   29758.3 ]
[24-11-01 12:15:27] 363     -455.48 [    50000.0  202839.3   33336.9   29758.3 ]
[24-11-01 12:15:27] 365     -455.48 [    50000.0  202839.3   33336.9   29758.3 ]
[24-11-01 12:15:28] 367     -455.48 [    50000.0  202839.3   33336.9   29758.3 ]
[24-11-01 12:15:28] 369     -455.48 [    50000.0  202839.3   33336.9   29758.3 ]
[24-11-01 12:15:28] 371     -455.48 [    50000.0  202839.3   33336.9   29758.3 ]
[24-11-01 12:15:28] 373     -455.48 [    50000.0  202839.3   33336.9   29758.3 ]
[24-11-01 12:15:28] 375     -455.48 [    50000.0  202839.3   33336.9   29758.3 ]
[24-11-01 12:15:28] 377     -455.48 [    50000.0  202839.3   33336.9   29758.3 ]
[24-11-01 12:15:29] 379     -455.48 [    50000.0  202839.3   33336.9   29758.3 ]
[24-11-01 12:15:29] 381     -455.48 [    50000.0  202839.3   33336.9   29758.3 ]
[24-11-01 12:15:29] 383     -455.48 [    50000.0  202839.3   33336.9   29758.3 ]
[24-11-01 12:15:29] 385     -455.48 [    50000.0  202839.3   33336.9   29758.3 ]
[24-11-01 12:15:29] 387     -455.48 [    50000.0  202839.3   33336.9   29758.3 ]
[24-11-01 12:15:30] 389     -455.48 [    50000.0  202839.3   33336.9   29758.3 ]
[24-11-01 12:15:30] 391     -455.48 [    50000.0  202839.3   33336.9   29758.3 ]
[24-11-01 12:15:30] 393     -455.48 [    50000.0  202839.3   33336.9   29758.3 ]
[24-11-01 12:15:30] 395     -455.48 [    50000.0  202839.3   33336.9   29758.3 ]
[24-11-01 12:15:30] 397     -455.48 [    50000.0  202839.3   33336.9   29758.3 ]
[24-11-01 12:15:30] 398     -455.48 [    50000.0  202839.3   33336.9   29758.3 ]
[24-11-01 12:15:31] 399     -455.48 [    50000.0  202839.3   33336.9   29758.3 ]
[24-11-01 12:15:31] 400     -455.48 [    50000.0  202839.3   33336.9   29758.3 ]
[24-11-01 12:15:31] 401     -455.48 [    50000.0  202839.3   33336.9   29758.3 ]
[24-11-01 12:15:31] 402     -455.48 [    50000.0  202839.3   33336.9   29758.3 ]
[24-11-01 12:15:31] 403     -455.48 [    50000.0  202839.3   33336.9   29758.3 ]
[24-11-01 12:15:31] 404     -455.48 [    50000.0  202839.3   33336.9   29758.3 ]
[24-11-01 12:15:32] 405     -455.48 [    50000.0  202839.3   33336.9   29758.3 ]
[24-11-01 12:15:32] 406     -455.48 [    50000.0  202839.3   33336.9   29758.3 ]
[24-11-01 12:15:32] 407     -455.48 [    50000.0  202840.3   33336.9   29758.3 ]
[24-11-01 12:15:32] 408     -455.48 [    50000.0  202842.0   33336.9   29758.3 ]
[24-11-01 12:15:32] 409     -455.14 [    50000.0  203018.3   33336.9   29758.3 ]
[24-11-01 12:15:33] 410     -448.33 [    50000.0  210245.2   33336.9   29758.3 ]
[24-11-01 12:15:33] 411     -465.72 [    50000.0  221938.6   33336.9   29758.3 ]
[24-11-01 12:15:33] 412     -450.85 [    50000.0  214711.7   33336.9   29758.3 ]
[24-11-01 12:15:33] 413     -449.34 [    50000.0  207484.8   33336.9   29758.3 ]
[24-11-01 12:15:33] 414     -448.33 [    50000.0  210319.3   33336.9   29758.3 ]
[24-11-01 12:15:33] 415     -448.33 [    50000.0  210171.2   33336.9   29758.3 ]
[24-11-01 12:15:34] 416     -448.33 [    50000.0  210245.2   33336.9   29758.3 ]
[24-11-01 12:15:34] 417     -448.33 [    50000.0  210245.2   33337.9   29758.3 ]
[24-11-01 12:15:34] 418     -448.32 [    50000.0  210245.2   33339.6   29758.3 ]
[24-11-01 12:15:34] 419     -447.75 [    50000.0  210245.2   33515.9   29758.3 ]
[24-11-01 12:15:34] 420     -446.72 [    50000.0  210245.2   34192.4   29758.3 ]
[24-11-01 12:15:35] 421     -448.62 [    50000.0  210245.2   35286.9   29758.3 ]
[24-11-01 12:15:35] 422     -446.95 [    50000.0  210245.2   34610.4   29758.3 ]
[24-11-01 12:15:35] 423      -446.9 [    50000.0  210245.2   33934.0   29758.3 ]
[24-11-01 12:15:35] 424     -446.71 [    50000.0  210245.2   34250.3   29758.3 ]
[24-11-01 12:15:35] 425     -446.71 [    50000.0  210245.2   34241.2   29758.3 ]
[24-11-01 12:15:35] 426     -446.71 [    50000.0  210245.2   34259.4   29758.3 ]
[24-11-01 12:15:36] 427     -446.71 [    50000.0  210245.2   34250.3   29758.3 ]
[24-11-01 12:15:36] 428     -446.69 [    50000.0  210245.2   34250.3   29759.3 ]
[24-11-01 12:15:36] 429     -446.67 [    50000.0  210245.2   34250.3   29760.9 ]
[24-11-01 12:15:36] 430     -444.03 [    50000.0  210245.2   34250.3   29937.2 ]
[24-11-01 12:15:36] 431     -438.75 [    50000.0  210245.2   34250.3   30679.1 ]
[24-11-01 12:15:37] 432     -447.84 [    50000.0  210245.2   34250.3   31879.6 ]
[24-11-01 12:15:37] 433     -439.83 [    50000.0  210245.2   34250.3   31137.7 ]
[24-11-01 12:15:37] 434      -439.7 [    50000.0  210245.2   34250.3   30395.8 ]
[24-11-01 12:15:37] 435     -438.71 [    50000.0  210245.2   34250.3   30755.2 ]
[24-11-01 12:15:37] 436     -438.71 [    50000.0  210245.2   34250.3   30745.2 ]
[24-11-01 12:15:37] 437     -438.72 [    50000.0  210245.2   34250.3   30765.2 ]
[24-11-01 12:15:38] 438     -424.27 [    50000.0  217651.1   35163.7   31752.1 ]
[24-11-01 12:15:38] 439     -438.71 [    50000.0  210245.2   34250.3   30755.2 ]
[24-11-01 12:15:38] 440     -424.27 [    50000.0  217651.1   35163.7   31752.1 ]
[24-11-01 12:15:38] 441     -405.85 [    50000.0  229634.0   36641.6   33365.2 ]
[24-11-01 12:15:38] 443      -394.0 [    50000.0  241109.8   38056.9   34910.0 ]
[24-11-01 12:15:38] 444     -389.54 [    50000.0  248202.2   38931.6   35864.7 ]
[24-11-01 12:15:39] 446     -390.98 [    50000.0  245493.2   38597.5   35500.0 ]
[24-11-01 12:15:39] 447      -388.8 [    50000.0  249876.5   39138.1   36090.1 ]
[24-11-01 12:15:39] 449     -389.07 [    50000.0  249237.0   39059.2   36004.0 ]
[24-11-01 12:15:39] 451      -388.8 [    50000.0  249876.5   39138.1   36090.1 ]
[24-11-01 12:15:39] 453      -388.8 [    49998.4  249876.5   39138.1   36090.1 ]
[24-11-01 12:15:40] 454      -388.8 [    49999.4  249876.5   39138.1   36090.1 ]
[24-11-01 12:15:40] 456      -388.8 [    49999.7  249876.5   39138.1   36090.1 ]
[24-11-01 12:15:40] 458      -388.8 [    49999.9  249876.5   39138.1   36090.1 ]
[24-11-01 12:15:40] 460      -388.8 [    50000.0  249876.5   39138.1   36090.1 ]
[24-11-01 12:15:40] 462      -388.8 [    50000.0  249876.5   39138.1   36090.1 ]
[24-11-01 12:15:40] 464      -388.8 [    50000.0  249876.5   39138.1   36090.1 ]
[24-11-01 12:15:41] 466      -388.8 [    50000.0  249876.5   39138.1   36090.1 ]
[24-11-01 12:15:41] 468      -388.8 [    50000.0  249876.5   39138.1   36090.1 ]
[24-11-01 12:15:41] 470      -388.8 [    50000.0  249876.5   39138.1   36090.1 ]
[24-11-01 12:15:41] 472      -388.8 [    50000.0  249876.5   39138.1   36090.1 ]
[24-11-01 12:15:41] 474      -388.8 [    50000.0  249876.5   39138.1   36090.1 ]
[24-11-01 12:15:41] 476      -388.8 [    50000.0  249876.5   39138.1   36090.1 ]
[24-11-01 12:15:41] 478      -388.8 [    50000.0  249876.5   39138.1   36090.1 ]
[24-11-01 12:15:42] 480      -388.8 [    50000.0  249876.5   39138.1   36090.1 ]
[24-11-01 12:15:42] 482      -388.8 [    50000.0  249876.5   39138.1   36090.1 ]
[24-11-01 12:15:42] 484      -388.8 [    50000.0  249876.5   39138.1   36090.1 ]
[24-11-01 12:15:42] 486      -388.8 [    50000.0  249876.5   39138.1   36090.1 ]
[24-11-01 12:15:42] 488      -388.8 [    50000.0  249876.5   39138.1   36090.1 ]
[24-11-01 12:15:42] 490      -388.8 [    50000.0  249876.5   39138.1   36090.1 ]
[24-11-01 12:15:43] 492      -388.8 [    50000.0  249876.5   39138.1   36090.1 ]
[24-11-01 12:15:43] 493      -388.8 [    50000.0  249876.5   39138.1   36090.1 ]
[24-11-01 12:15:43] 495      -388.8 [    50000.0  249876.5   39138.1   36090.1 ]
[24-11-01 12:15:43] 496      -388.8 [    50000.0  249876.5   39138.1   36090.1 ]
[24-11-01 12:15:43] 497      -388.8 [    50000.0  249876.5   39138.1   36090.1 ]
[24-11-01 12:15:43] 499      -388.8 [    50000.0  249876.5   39138.1   36090.1 ]
[24-11-01 12:15:44] 500      -388.8 [    50000.0  249876.5   39138.1   36090.1 ]
[24-11-01 12:15:44] 501      -388.8 [    50000.0  249876.5   39138.1   36090.1 ]
[24-11-01 12:15:44] 502      -388.8 [    50000.0  249876.5   39138.1   36090.1 ]
[24-11-01 12:15:44] 503      -388.8 [    50000.0  249876.5   39138.1   36090.1 ]
[24-11-01 12:15:44] 504      -388.8 [    50000.0  249876.5   39138.1   36090.1 ]
[24-11-01 12:15:44] 505      -388.8 [    50000.0  249877.5   39138.1   36090.1 ]
[24-11-01 12:15:45] 506      -388.8 [    50000.0  249879.1   39138.1   36090.1 ]
[24-11-01 12:15:45] 508     -388.78 [    50000.0  249946.5   39138.1   36090.1 ]
[24-11-01 12:15:45] 509     -388.76 [    50000.0  249988.1   39138.1   36090.1 ]
[24-11-01 12:15:45] 511     -388.77 [    50000.0  249972.2   39138.1   36090.1 ]
[24-11-01 12:15:45] 512     -388.76 [    50000.0  249998.0   39138.1   36090.1 ]
[24-11-01 12:15:46] 514     -388.76 [    50000.0  249994.2   39138.1   36090.1 ]
[24-11-01 12:15:46] 516     -388.76 [    50000.0  249996.5   39138.1   36090.1 ]
[24-11-01 12:15:46] 517     -388.76 [    50000.0  249998.0   39138.1   36090.1 ]
[24-11-01 12:15:46] 518     -388.75 [    50000.0  249998.0   39139.1   36090.1 ]
[24-11-01 12:15:46] 519     -388.75 [    50000.0  249998.0   39140.7   36090.1 ]
[24-11-01 12:15:46] 520     -388.68 [    50000.0  249998.0   39317.1   36090.1 ]
[24-11-01 12:15:47] 521     -388.68 [    50000.0  249998.0   39361.4   36090.1 ]
[24-11-01 12:15:47] 522     -388.68 [    50000.0  249998.0   39433.1   36090.1 ]
[24-11-01 12:15:47] 523     -388.68 [    50000.0  249998.0   39388.8   36090.1 ]
[24-11-01 12:15:47] 524     -388.68 [    50000.0  249998.0   39344.5   36090.1 ]
[24-11-01 12:15:47] 525     -388.68 [    50000.0  249998.0   39363.6   36090.1 ]
[24-11-01 12:15:48] 526     -388.68 [    50000.0  249998.0   39365.9   36090.1 ]
[24-11-01 12:15:48] 527     -388.68 [    50000.0  249998.0   39363.6   36090.1 ]
[24-11-01 12:15:48] 535     -389.43 [    50000.0  248211.2   39143.2   35849.5 ]
[24-11-01 12:15:48] 536     -389.03 [    50000.0  249104.6   39253.4   35969.8 ]
[24-11-01 12:15:48] 537     -388.81 [    50000.0  249656.7   39321.5   36044.1 ]
[24-11-01 12:15:48] 538     -388.73 [    50000.0  249867.6   39347.5   36072.5 ]
[24-11-01 12:15:49] 540      -388.7 [    50000.0  249948.2   39357.5   36083.4 ]
[24-11-01 12:15:49] 542     -388.68 [    50000.0  249978.9   39361.3   36087.5 ]
[24-11-01 12:15:49] 544     -388.68 [    50000.0  249990.7   39362.7   36089.1 ]
[24-11-01 12:15:49] 546     -388.68 [    50000.0  249995.2   39363.3   36089.7 ]
[24-11-01 12:15:49] 548     -388.68 [    50000.0  249996.9   39363.5   36089.9 ]
[24-11-01 12:15:50] 549     -388.68 [    50000.0  249998.8   39363.7   36090.2 ]
[24-11-01 12:15:50] 550     -388.68 [    50000.0  249999.3   39363.8   36090.2 ]
[24-11-01 12:15:50] 551     -388.68 [    50000.0  249999.7   39363.8   36090.3 ]
[24-11-01 12:15:50] 552     -388.68 [    50000.0  249999.9   39363.8   36090.3 ]
[24-11-01 12:15:50] 554     -388.68 [    50000.0  249999.8   39363.8   36090.3 ]
[24-11-01 12:15:50] 555     -388.68 [    50000.0  249999.9   39363.9   36090.3 ]
[24-11-01 12:15:51] 556     -388.68 [    50000.0  250000.0   39363.9   36090.3 ]
[24-11-01 12:15:51] 557     -388.68 [    50000.0  250000.0   39363.9   36090.3 ]
[24-11-01 12:15:51] 559     -388.68 [    50000.0  250000.0   39363.9   36090.3 ]
[24-11-01 12:15:51] 561     -388.68 [    49998.4  250000.0   39363.9   36090.3 ]
[24-11-01 12:15:51] 562     -388.68 [    49999.4  250000.0   39363.9   36090.3 ]
[24-11-01 12:15:51] 564     -388.68 [    49999.7  250000.0   39363.9   36090.3 ]
[24-11-01 12:15:52] 566     -388.68 [    49999.9  250000.0   39363.9   36090.3 ]
[24-11-01 12:15:52] 568     -388.68 [    50000.0  250000.0   39363.9   36090.3 ]
[24-11-01 12:15:52] 570     -388.68 [    50000.0  250000.0   39363.9   36090.3 ]
[24-11-01 12:15:52] 572     -388.68 [    50000.0  250000.0   39363.9   36090.3 ]
[24-11-01 12:15:52] 574     -388.68 [    50000.0  250000.0   39363.9   36090.3 ]
[24-11-01 12:15:53] 576     -388.68 [    50000.0  250000.0   39363.9   36090.3 ]
[24-11-01 12:15:53] 578     -388.68 [    50000.0  250000.0   39363.9   36090.3 ]
[24-11-01 12:15:53] 580     -388.68 [    50000.0  250000.0   39363.9   36090.3 ]
[24-11-01 12:15:53] 582     -388.68 [    50000.0  250000.0   39363.9   36090.3 ]
[24-11-01 12:15:53] 584     -388.68 [    50000.0  250000.0   39363.9   36090.3 ]
[24-11-01 12:15:53] 586     -388.68 [    50000.0  250000.0   39363.9   36090.3 ]
[24-11-01 12:15:54] 588     -388.68 [    50000.0  250000.0   39363.9   36090.3 ]
[24-11-01 12:15:54] 590     -388.68 [    50000.0  250000.0   39363.9   36090.3 ]
[24-11-01 12:15:54] 592     -388.68 [    50000.0  250000.0   39363.9   36090.3 ]
[24-11-01 12:15:54] 594     -388.68 [    50000.0  250000.0   39363.9   36090.3 ]
[24-11-01 12:15:54] 596     -388.68 [    50000.0  250000.0   39363.9   36090.3 ]
[24-11-01 12:15:55] 598     -388.68 [    50000.0  250000.0   39363.9   36090.3 ]
[24-11-01 12:15:55] 600     -388.68 [    50000.0  250000.0   39363.9   36090.3 ]
[24-11-01 12:15:55] 602     -388.68 [    50000.0  250000.0   39363.9   36090.3 ]
[24-11-01 12:15:55] 603     -388.68 [    50000.0  250000.0   39363.9   36090.3 ]
[24-11-01 12:15:55] 604     -388.68 [    50000.0  250000.0   39363.9   36090.3 ]
[24-11-01 12:15:55] 605     -388.68 [    50000.0  250000.0   39363.9   36090.3 ]
[24-11-01 12:15:56] 606     -388.68 [    50000.0  250000.0   39363.9   36090.3 ]
[24-11-01 12:15:56] 607     -388.68 [    50000.0  250000.0   39363.9   36090.3 ]
[24-11-01 12:15:56] 608     -388.68 [    50000.0  250000.0   39363.9   36090.3 ]
[24-11-01 12:15:56] 609     -388.68 [    50000.0  250000.0   39363.9   36090.3 ]
[24-11-01 12:15:56] 610     -388.68 [    50000.0  250000.0   39363.9   36090.3 ]
[24-11-01 12:15:57] 611     -388.68 [    50000.0  250000.0   39363.9   36090.3 ]
[24-11-01 12:15:57] 612     -388.68 [    50000.0  250000.0   39363.9   36090.3 ]
[24-11-01 12:15:57] 614     -388.68 [    50000.0  249998.4   39363.9   36090.3 ]
[24-11-01 12:15:57] 615     -388.68 [    50000.0  249999.4   39363.9   36090.3 ]
[24-11-01 12:15:57] 617     -388.68 [    50000.0  249999.7   39363.9   36090.3 ]
[24-11-01 12:15:57] 619     -388.68 [    50000.0  249999.9   39363.9   36090.3 ]
[24-11-01 12:15:58] 621     -388.68 [    50000.0  249999.9   39363.9   36090.3 ]
[24-11-01 12:15:58] 622     -388.68 [    50000.0  250000.0   39363.9   36090.3 ]
[24-11-01 12:15:58] 624     -388.68 [    50000.0  250000.0   39363.9   36090.3 ]
[24-11-01 12:15:58] 626     -388.68 [    50000.0  250000.0   39363.9   36090.3 ]
[24-11-01 12:15:58] 627     -388.68 [    50000.0  250000.0   39363.9   36090.3 ]
[24-11-01 12:15:59] 628     -388.68 [    50000.0  250000.0   39363.9   36090.3 ]
[24-11-01 12:15:59] 630     -388.68 [    50000.0  250000.0   39363.9   36090.3 ]
[24-11-01 12:15:59] 632     -388.68 [    50000.0  250000.0   39363.9   36090.3 ]
[24-11-01 12:15:59] 633     -388.68 [    50000.0  250000.0   39364.9   36090.3 ]
[24-11-01 12:15:59] 634     -388.68 [    50000.0  250000.0   39362.2   36090.3 ]
[24-11-01 12:15:59] 635     -388.68 [    50000.0  250000.0   39363.2   36090.3 ]
[24-11-01 12:16:00] 636     -388.68 [    50000.0  250000.0   39362.9   36090.3 ]
[24-11-01 12:16:00] 637     -388.68 [    50000.0  250000.0   39363.2   36090.3 ]
[24-11-01 12:16:00] 638     -388.68 [    50000.0  250000.0   39363.2   36090.3 ]
[24-11-01 12:16:00] 639     -388.68 [    50000.0  250000.0   39363.2   36090.3 ]
[24-11-01 12:16:00] 640     -388.68 [    50000.0  250000.0   39363.2   36090.3 ]
[24-11-01 12:16:01] 643     -411.05 [    50000.0  225506.5   36342.4   32793.2 ]
[24-11-01 12:16:01] 645     -396.61 [    50000.0  237753.3   37852.8   34441.8 ]
[24-11-01 12:16:01] 647     -390.94 [    50000.0  245322.2   38786.3   35460.6 ]
[24-11-01 12:16:01] 649     -389.43 [    50000.0  248213.2   39142.8   35849.8 ]
[24-11-01 12:16:01] 651     -388.95 [    50000.0  249317.5   39279.0   35998.5 ]
[24-11-01 12:16:01] 653     -388.78 [    50000.0  249739.3   39331.0   36055.2 ]
[24-11-01 12:16:02] 655     -388.71 [    50000.0  249900.4   39350.9   36076.9 ]
[24-11-01 12:16:02] 657     -388.69 [    50000.0  249962.0   39358.5   36085.2 ]
[24-11-01 12:16:02] 659     -388.68 [    50000.0  249985.5   39361.4   36088.4 ]
[24-11-01 12:16:02] 661     -388.68 [    50000.0  249994.5   39362.5   36089.6 ]
[24-11-01 12:16:02] 663     -388.68 [    50000.0  249997.9   39362.9   36090.0 ]
[24-11-01 12:16:02] 665     -388.68 [    50000.0  249999.2   39363.1   36090.2 ]
[24-11-01 12:16:03] 667     -388.68 [    50000.0  249999.7   39363.2   36090.3 ]
[24-11-01 12:16:03] 669     -388.68 [    50000.0  249999.9   39363.2   36090.3 ]
[24-11-01 12:16:03] 671     -388.68 [    50000.0  250000.0   39363.2   36090.3 ]
[24-11-01 12:16:03] 673     -388.68 [    50000.0  250000.0   39363.2   36090.3 ]
[24-11-01 12:16:03] 675     -388.68 [    50000.0  250000.0   39363.2   36090.3 ]
[24-11-01 12:16:04] 677     -388.68 [    50000.0  250000.0   39363.2   36090.3 ]
[24-11-01 12:16:04] 679     -388.68 [    50000.0  250000.0   39363.2   36090.3 ]
[24-11-01 12:16:04] 681     -388.68 [    50000.0  250000.0   39363.2   36090.3 ]
[24-11-01 12:16:04] 683     -388.68 [    50000.0  250000.0   39363.2   36090.3 ]
[24-11-01 12:16:04] 684     -388.68 [    50000.0  250000.0   39363.2   36090.3 ]
[24-11-01 12:16:04] 686     -388.68 [    50000.0  250000.0   39363.2   36090.3 ]
[24-11-01 12:16:05] 687     -388.68 [    50000.0  250000.0   39363.2   36090.3 ]
[24-11-01 12:16:05] 689     -388.68 [    50000.0  250000.0   39363.2   36090.3 ]
[24-11-01 12:16:05] 690     -388.68 [    50000.0  250000.0   39363.2   36090.3 ]
[24-11-01 12:16:05] 692     -388.68 [    50000.0  250000.0   39363.2   36090.3 ]
Optimization terminated successfully.
         Current function value: 388.675807
         Iterations: 9
         Function evaluations: 692
[24-11-01 12:16:05] 692      fit p: [    50000.0  250000.0   39363.2   36090.3 ]
method: Powell
objective_func: objective_H2
fopt: -388.6758068748179
max_iter: 100
num_iter: 9
func_calls: 692
flag: 0
u_fitted: False
u: 1.111e-08
