[24-10-31 15:04:15] fitting objective_H2 to data for demes ['French', 'KhomaniSan', 'Yoruba']
[24-10-31 15:04:15] 0        pnames [         NK       NFY       TFY        NF        NY ]
[24-10-31 15:04:15] 0            p0 [    16175.9   23820.9   53447.1    7583.0   23666.5 ]
[24-10-31 15:04:16] 1     -33265.02 [    16175.9   23820.9   53447.1    7583.0   23666.5 ]
[24-10-31 15:04:16] 2     -33265.02 [    16175.9   23820.9   53447.1    7583.0   23666.5 ]
[24-10-31 15:04:16] 3     -33264.92 [    16176.9   23820.9   53447.1    7583.0   23666.5 ]
[24-10-31 15:04:16] 4     -33264.77 [    16178.5   23820.9   53447.1    7583.0   23666.5 ]
[24-10-31 15:04:17] 5     -33248.66 [    16354.9   23820.9   53447.1    7583.0   23666.5 ]
[24-10-31 15:04:17] 6     -32964.76 [    21201.2   23820.9   53447.1    7583.0   23666.5 ]
[24-10-31 15:04:17] 7     -32805.21 [    29042.6   23820.9   53447.1    7583.0   23666.5 ]
[24-10-31 15:04:17] 8     -32810.92 [    28497.9   23820.9   53447.1    7583.0   23666.5 ]
[24-10-31 15:04:18] 9     -32754.69 [    41730.3   23820.9   53447.1    7583.0   23666.5 ]
[24-10-31 15:04:18] 10    -32759.47 [    37883.6   23820.9   53447.1    7583.0   23666.5 ]
[24-10-31 15:04:18] 12    -32756.08 [    49571.7   23820.9   53447.1    7583.0   23666.5 ]
[24-10-31 15:04:18] 13    -32761.69 [    36884.0   23820.9   53447.1    7583.0   23666.5 ]
[24-10-31 15:04:19] 14    -32753.97 [    44958.6   23820.9   53447.1    7583.0   23666.5 ]
[24-10-31 15:04:19] 15    -32753.95 [    44631.5   23820.9   53447.1    7583.0   23666.5 ]
[24-10-31 15:04:19] 16    -32753.94 [    44346.9   23820.9   53447.1    7583.0   23666.5 ]
[24-10-31 15:04:19] 17    -32753.95 [    44065.2   23820.9   53447.1    7583.0   23666.5 ]
[24-10-31 15:04:20] 18    -32753.94 [    44346.9   23820.9   53447.1    7583.0   23666.5 ]
[24-10-31 15:04:20] 19    -32754.15 [    44346.9   23821.9   53447.1    7583.0   23666.5 ]
[24-10-31 15:04:20] 20     -32753.6 [    44346.9   23819.3   53447.1    7583.0   23666.5 ]
[24-10-31 15:04:20] 21    -32753.05 [    44346.9   23816.6   53447.1    7583.0   23666.5 ]
[24-10-31 15:04:20] 22    -32752.16 [    44346.9   23812.4   53447.1    7583.0   23666.5 ]
[24-10-31 15:04:21] 23    -32750.72 [    44346.9   23805.6   53447.1    7583.0   23666.5 ]
[24-10-31 15:04:21] 24    -32748.38 [    44346.9   23794.5   53447.1    7583.0   23666.5 ]
[24-10-31 15:04:21] 25     -32744.6 [    44346.9   23776.5   53447.1    7583.0   23666.5 ]
[24-10-31 15:04:21] 26    -32738.48 [    44346.9   23747.5   53447.1    7583.0   23666.5 ]
[24-10-31 15:04:22] 27    -32728.55 [    44346.9   23700.5   53447.1    7583.0   23666.5 ]
[24-10-31 15:04:22] 28    -32712.43 [    44346.9   23624.5   53447.1    7583.0   23666.5 ]
[24-10-31 15:04:22] 29     -32686.2 [    44346.9   23501.5   53447.1    7583.0   23666.5 ]
[24-10-31 15:04:22] 30    -32643.35 [    44346.9   23302.5   53447.1    7583.0   23666.5 ]
[24-10-31 15:04:23] 31    -32572.98 [    44346.9   22980.5   53447.1    7583.0   23666.5 ]
[24-10-31 15:04:23] 32    -32456.29 [    44346.9   22459.5   53447.1    7583.0   23666.5 ]
[24-10-31 15:04:23] 33     -32259.8 [    44346.9   21616.5   53447.1    7583.0   23666.5 ]
[24-10-31 15:04:23] 34    -31920.49 [    44346.9   20252.5   53447.1    7583.0   23666.5 ]
[24-10-31 15:04:24] 35    -31310.38 [    44346.9   18045.5   53447.1    7583.0   23666.5 ]
[24-10-31 15:04:24] 36    -30150.96 [    44346.9   14474.5   53447.1    7583.0   23666.5 ]
[24-10-31 15:04:24] 37     -28244.8 [    44346.9    8696.5   53447.1    7583.0   23666.5 ]
[24-10-31 15:04:24] 39    -30507.65 [    44346.9    5125.5   53447.1    7583.0   23666.5 ]
[24-10-31 15:04:25] 40    -28855.49 [    44346.9   10903.5   53447.1    7583.0   23666.5 ]
[24-10-31 15:04:25] 41    -28284.35 [    44346.9    8921.9   53447.1    7583.0   23666.5 ]
[24-10-31 15:04:25] 42    -28247.77 [    44346.9    7332.5   53447.1    7583.0   23666.5 ]
[24-10-31 15:04:25] 43    -28183.65 [    44346.9    8024.3   53447.1    7583.0   23666.5 ]
[24-10-31 15:04:25] 44    -28184.83 [    44346.9    7866.3   53447.1    7583.0   23666.5 ]
[24-10-31 15:04:26] 45    -28189.05 [    44346.9    8182.2   53447.1    7583.0   23666.5 ]
[24-10-31 15:04:26] 46    -28183.65 [    44346.9    8024.3   53447.1    7583.0   23666.5 ]
[24-10-31 15:04:26] 47    -28183.64 [    44346.9    8024.3   53448.1    7583.0   23666.5 ]
[24-10-31 15:04:26] 48    -28183.64 [    44346.9    8024.3   53449.7    7583.0   23666.5 ]
[24-10-31 15:04:27] 49    -28183.33 [    44346.9    8024.3   53626.1    7583.0   23666.5 ]
[24-10-31 15:04:27] 50    -28182.95 [    44346.9    8024.3   54126.7    7583.0   23666.5 ]
[24-10-31 15:04:27] 51    -28183.95 [    44346.9    8024.3   54936.8    7583.0   23666.5 ]
[24-10-31 15:04:27] 52     -28183.1 [    44346.9    8024.3   54436.1    7583.0   23666.5 ]
[24-10-31 15:04:28] 53    -28183.01 [    44346.9    8024.3   53935.5    7583.0   23666.5 ]
[24-10-31 15:04:28] 54    -28182.95 [    44346.9    8024.3   54119.9    7583.0   23666.5 ]
[24-10-31 15:04:28] 55    -28182.95 [    44346.9    8024.3   54133.5    7583.0   23666.5 ]
[24-10-31 15:04:28] 56    -28182.95 [    44346.9    8024.3   54126.7    7583.0   23666.5 ]
[24-10-31 15:04:29] 57    -28183.25 [    44346.9    8024.3   54126.7    7584.0   23666.5 ]
[24-10-31 15:04:29] 58    -28182.48 [    44346.9    8024.3   54126.7    7581.4   23666.5 ]
[24-10-31 15:04:29] 59    -28181.71 [    44346.9    8024.3   54126.7    7578.8   23666.5 ]
[24-10-31 15:04:29] 60    -28180.47 [    44346.9    8024.3   54126.7    7574.6   23666.5 ]
[24-10-31 15:04:30] 61    -28178.46 [    44346.9    8024.3   54126.7    7567.7   23666.5 ]
[24-10-31 15:04:30] 62    -28175.21 [    44346.9    8024.3   54126.7    7556.6   23666.5 ]
[24-10-31 15:04:30] 63    -28169.94 [    44346.9    8024.3   54126.7    7538.7   23666.5 ]
[24-10-31 15:04:30] 64    -28161.39 [    44346.9    8024.3   54126.7    7509.6   23666.5 ]
[24-10-31 15:04:30] 65     -28147.5 [    44346.9    8024.3   54126.7    7462.7   23666.5 ]
[24-10-31 15:04:31] 66    -28124.91 [    44346.9    8024.3   54126.7    7386.6   23666.5 ]
[24-10-31 15:04:31] 67    -28088.04 [    44346.9    8024.3   54126.7    7263.7   23666.5 ]
[24-10-31 15:04:31] 68    -28027.54 [    44346.9    8024.3   54126.7    7064.6   23666.5 ]
[24-10-31 15:04:31] 69     -27927.7 [    44346.9    8024.3   54126.7    6742.7   23666.5 ]
[24-10-31 15:04:32] 70    -27762.26 [    44346.9    8024.3   54126.7    6221.6   23666.5 ]
[24-10-31 15:04:32] 71    -27494.09 [    44346.9    8024.3   54126.7    5378.6   23666.5 ]
[24-10-31 15:04:32] 72    -27168.01 [    44346.9    8024.3   54126.7    4014.6   23666.5 ]
[24-10-31 15:04:32] 73     -32634.8 [    44346.9    8024.3   54126.7    1360.1   23666.5 ]
[24-10-31 15:04:33] 74    -27339.75 [    44346.9    8024.3   54126.7    3000.7   23666.5 ]
[24-10-31 15:04:33] 75    -27259.33 [    44346.9    8024.3   54126.7    4535.7   23666.5 ]
[24-10-31 15:04:33] 76    -27157.28 [    44346.9    8024.3   54126.7    3884.8   23666.5 ]
[24-10-31 15:04:33] 77    -27155.15 [    44346.9    8024.3   54126.7    3659.4   23666.5 ]
[24-10-31 15:04:34] 78    -27185.01 [    44346.9    8024.3   54126.7    3407.8   23666.5 ]
[24-10-31 15:04:34] 79    -27153.19 [    44346.9    8024.3   54126.7    3749.2   23666.5 ]
[24-10-31 15:04:34] 80    -27153.54 [    44346.9    8024.3   54126.7    3787.5   23666.5 ]
[24-10-31 15:04:34] 81    -27153.54 [    44346.9    8024.3   54126.7    3710.9   23666.5 ]
[24-10-31 15:04:35] 82    -27153.19 [    44346.9    8024.3   54126.7    3749.2   23666.5 ]
[24-10-31 15:04:35] 83    -27153.12 [    44346.9    8024.3   54126.7    3749.2   23667.5 ]
[24-10-31 15:04:35] 84    -27152.99 [    44346.9    8024.3   54126.7    3749.2   23669.1 ]
[24-10-31 15:04:35] 85    -27139.44 [    44346.9    8024.3   54126.7    3749.2   23845.5 ]
[24-10-31 15:04:36] 86    -26626.31 [    44346.9    8024.3   54126.7    3749.2   33927.3 ]
[24-10-31 15:04:36] 88     -26451.8 [    44346.9    8024.3   54126.7    3749.2   40158.2 ]
[24-10-31 15:04:36] 89    -26371.34 [    44346.9    8024.3   54126.7    3749.2   44009.1 ]
[24-10-31 15:04:36] 90    -26329.02 [    44346.9    8024.3   54126.7    3749.2   46389.1 ]
[24-10-31 15:04:37] 91     -26305.2 [    44346.9    8024.3   54126.7    3749.2   47860.1 ]
[24-10-31 15:04:37] 92    -26291.27 [    44346.9    8024.3   54126.7    3749.2   48769.1 ]
[24-10-31 15:04:37] 93    -26282.94 [    44346.9    8024.3   54126.7    3749.2   49331.0 ]
[24-10-31 15:04:37] 94     -26277.9 [    44346.9    8024.3   54126.7    3749.2   49678.2 ]
[24-10-31 15:04:37] 95    -26274.18 [    44346.9    8024.3   54126.7    3749.2   49938.3 ]
[24-10-31 15:04:38] 97    -26274.18 [    44346.9    8024.3   54126.7    3749.2   49938.3 ]
[24-10-31 15:04:38] 98    -26274.19 [    44347.9    8024.3   54126.7    3749.2   49938.3 ]
[24-10-31 15:04:38] 99    -26274.16 [    44345.3    8024.3   54126.7    3749.2   49938.3 ]
[24-10-31 15:04:38] 100   -26274.12 [    44342.7    8024.3   54126.7    3749.2   49938.3 ]
[24-10-31 15:04:39] 101   -26274.07 [    44338.4    8024.3   54126.7    3749.2   49938.3 ]
[24-10-31 15:04:39] 102   -26273.98 [    44331.6    8024.3   54126.7    3749.2   49938.3 ]
[24-10-31 15:04:39] 103   -26273.84 [    44320.5    8024.3   54126.7    3749.2   49938.3 ]
[24-10-31 15:04:39] 104   -26273.61 [    44302.6    8024.3   54126.7    3749.2   49938.3 ]
[24-10-31 15:04:40] 105   -26273.24 [    44273.5    8024.3   54126.7    3749.2   49938.3 ]
[24-10-31 15:04:40] 106   -26272.64 [    44226.5    8024.3   54126.7    3749.2   49938.3 ]
[24-10-31 15:04:40] 107   -26271.66 [    44150.5    8024.3   54126.7    3749.2   49938.3 ]
[24-10-31 15:04:40] 108   -26270.08 [    44027.5    8024.3   54126.7    3749.2   49938.3 ]
[24-10-31 15:04:41] 109   -26267.51 [    43828.5    8024.3   54126.7    3749.2   49938.3 ]
[24-10-31 15:04:41] 110   -26263.32 [    43506.5    8024.3   54126.7    3749.2   49938.3 ]
[24-10-31 15:04:41] 111   -26256.46 [    42985.5    8024.3   54126.7    3749.2   49938.3 ]
[24-10-31 15:04:41] 112   -26245.14 [    42142.5    8024.3   54126.7    3749.2   49938.3 ]
[24-10-31 15:04:42] 113   -26226.26 [    40778.5    8024.3   54126.7    3749.2   49938.3 ]
[24-10-31 15:04:42] 114   -26194.18 [    38571.5    8024.3   54126.7    3749.2   49938.3 ]
[24-10-31 15:04:42] 115   -26138.09 [    35000.5    8024.3   54126.7    3749.2   49938.3 ]
[24-10-31 15:04:42] 116   -26036.97 [    29222.5    8024.3   54126.7    3749.2   49938.3 ]
[24-10-31 15:04:43] 117   -25877.96 [    19873.5    8024.3   54126.7    3749.2   49938.3 ]
[24-10-31 15:04:43] 121   -28996.12 [     5543.7    8024.3   54126.7    3749.2   49938.3 ]
[24-10-31 15:04:43] 122   -25993.93 [    12708.6    8024.3   54126.7    3749.2   49938.3 ]
[24-10-31 15:04:43] 123   -25866.05 [    16579.0    8024.3   54126.7    3749.2   49938.3 ]
[24-10-31 15:04:44] 124   -25863.64 [    17872.9    8024.3   54126.7    3749.2   49938.3 ]
[24-10-31 15:04:44] 125   -25863.18 [    17566.3    8024.3   54126.7    3749.2   49938.3 ]
[24-10-31 15:04:44] 126   -25863.26 [    17298.5    8024.3   54126.7    3749.2   49938.3 ]
[24-10-31 15:04:44] 127   -25863.18 [    17566.3    8024.3   54126.7    3749.2   49938.3 ]
[24-10-31 15:04:45] 128   -25863.19 [    17566.3    8025.3   54126.7    3749.2   49938.3 ]
[24-10-31 15:04:45] 129   -25863.16 [    17566.3    8022.6   54126.7    3749.2   49938.3 ]
[24-10-31 15:04:45] 130    -25863.0 [    17566.3    7986.8   54126.7    3749.2   49938.3 ]
[24-10-31 15:04:45] 131   -25863.45 [    17566.3    7928.7   54126.7    3749.2   49938.3 ]
[24-10-31 15:04:46] 132   -25863.07 [    17566.3    7964.6   54126.7    3749.2   49938.3 ]
[24-10-31 15:04:46] 133   -25863.02 [    17566.3    8000.5   54126.7    3749.2   49938.3 ]
[24-10-31 15:04:46] 134    -25863.0 [    17566.3    7987.2   54126.7    3749.2   49938.3 ]
[24-10-31 15:04:46] 135    -25863.0 [    17566.3    7987.6   54126.7    3749.2   49938.3 ]
[24-10-31 15:04:46] 136    -25863.0 [    17566.3    7987.2   54126.7    3749.2   49938.3 ]
[24-10-31 15:04:47] 137   -25863.02 [    17566.3    7987.2   54127.7    3749.2   49938.3 ]
[24-10-31 15:04:47] 138   -25862.98 [    17566.3    7987.2   54125.1    3749.2   49938.3 ]
[24-10-31 15:04:47] 139    -25860.5 [    17566.3    7987.2   53948.7    3749.2   49938.3 ]
[24-10-31 15:04:47] 140   -25837.69 [    17566.3    7987.2   50630.1    3749.2   49938.3 ]
[24-10-31 15:04:48] 141    -25894.8 [    17566.3    7987.2   45260.4    3749.2   49938.3 ]
[24-10-31 15:04:48] 142   -25845.91 [    17566.3    7987.2   48579.0    3749.2   49938.3 ]
[24-10-31 15:04:48] 143    -25841.1 [    17566.3    7987.2   51897.7    3749.2   49938.3 ]
[24-10-31 15:04:48] 144   -25837.69 [    17566.3    7987.2   50595.1    3749.2   49938.3 ]
[24-10-31 15:04:49] 145   -25837.69 [    17566.3    7987.2   50559.8    3749.2   49938.3 ]
[24-10-31 15:04:49] 146   -25837.69 [    17566.3    7987.2   50595.1    3749.2   49938.3 ]
[24-10-31 15:04:49] 147   -25837.66 [    17566.3    7987.2   50595.1    3750.2   49938.3 ]
[24-10-31 15:04:49] 148   -25837.61 [    17566.3    7987.2   50595.1    3751.8   49938.3 ]
[24-10-31 15:04:50] 149   -25836.67 [    17566.3    7987.2   50595.1    3816.9   49938.3 ]
[24-10-31 15:04:50] 150   -25838.64 [    17566.3    7987.2   50595.1    3922.2   49938.3 ]
[24-10-31 15:04:50] 151   -25836.94 [    17566.3    7987.2   50595.1    3857.1   49938.3 ]
[24-10-31 15:04:50] 152   -25836.83 [    17566.3    7987.2   50595.1    3792.0   49938.3 ]
[24-10-31 15:04:51] 153   -25836.67 [    17566.3    7987.2   50595.1    3820.1   49938.3 ]
[24-10-31 15:04:51] 154   -25836.67 [    17566.3    7987.2   50595.1    3819.4   49938.3 ]
[24-10-31 15:04:51] 155   -25836.67 [    17566.3    7987.2   50595.1    3820.9   49938.3 ]
[24-10-31 15:04:51] 156   -25836.67 [    17566.3    7987.2   50595.1    3820.1   49938.3 ]
[24-10-31 15:04:51] 157   -25836.66 [    17566.3    7987.2   50595.1    3820.1   49939.3 ]
[24-10-31 15:04:52] 158   -25836.65 [    17566.3    7987.2   50595.1    3820.1   49941.0 ]
[24-10-31 15:04:52] 161   -25836.39 [    17566.3    7987.2   50595.1    3820.1   49966.7 ]
[24-10-31 15:04:52] 162   -25836.52 [    17566.3    7987.2   50595.1    3820.1   49953.8 ]
[24-10-31 15:04:52] 163   -25836.23 [    17566.3    7987.2   50595.1    3820.1   49982.6 ]
[24-10-31 15:04:53] 164   -25836.13 [    17566.3    7987.2   50595.1    3820.1   49992.4 ]
[24-10-31 15:04:53] 165   -25836.07 [    17566.3    7987.2   50595.1    3820.1   49998.5 ]
[24-10-31 15:04:53] 167   -25836.09 [    17566.3    7987.2   50595.1    3820.1   49996.2 ]
[24-10-31 15:04:53] 168   -25836.05 [    17566.3    7987.2   50595.1    3820.1   49999.9 ]
[24-10-31 15:04:54] 170   -25836.06 [    17566.3    7987.2   50595.1    3820.1   49999.3 ]
[24-10-31 15:04:54] 172   -25836.05 [    17566.3    7987.2   50595.1    3820.1   49999.9 ]
[24-10-31 15:04:54] 173   -25836.06 [    17567.3    7987.2   50595.1    3820.1   49999.9 ]
[24-10-31 15:04:54] 174   -25836.04 [    17564.7    7987.2   50595.1    3820.1   49999.9 ]
[24-10-31 15:04:55] 175    -25834.7 [    17388.3    7987.2   50595.1    3820.1   49999.9 ]
[24-10-31 15:04:55] 176   -25831.15 [    16136.9    7987.2   50595.1    3820.1   49999.9 ]
[24-10-31 15:04:55] 177    -25858.5 [    14112.1    7987.2   50595.1    3820.1   49999.9 ]
[24-10-31 15:04:55] 178   -25835.65 [    15363.5    7987.2   50595.1    3820.1   49999.9 ]
[24-10-31 15:04:56] 179   -25831.13 [    16614.9    7987.2   50595.1    3820.1   49999.9 ]
[24-10-31 15:04:56] 180    -25830.9 [    16379.2    7987.2   50595.1    3820.1   49999.9 ]
[24-10-31 15:04:56] 181    -25830.9 [    16391.0    7987.2   50595.1    3820.1   49999.9 ]
[24-10-31 15:04:56] 182    -25830.9 [    16367.3    7987.2   50595.1    3820.1   49999.9 ]
[24-10-31 15:04:57] 183    -25830.9 [    16379.2    7987.2   50595.1    3820.1   49999.9 ]
[24-10-31 15:04:57] 184   -25830.85 [    16379.2    7988.2   50595.1    3820.1   49999.9 ]
[24-10-31 15:04:57] 185   -25830.76 [    16379.2    7989.9   50595.1    3820.1   49999.9 ]
[24-10-31 15:04:57] 186   -25825.48 [    16379.2    8166.2   50595.1    3820.1   49999.9 ]
[24-10-31 15:04:58] 187   -25825.41 [    16379.2    8184.4   50595.1    3820.1   49999.9 ]
[24-10-31 15:04:58] 188   -25825.48 [    16379.2    8213.8   50595.1    3820.1   49999.9 ]
[24-10-31 15:04:58] 189   -25825.41 [    16379.2    8195.6   50595.1    3820.1   49999.9 ]
[24-10-31 15:04:58] 190   -25825.42 [    16379.2    8177.5   50595.1    3820.1   49999.9 ]
[24-10-31 15:04:59] 191    -25825.4 [    16379.2    8189.5   50595.1    3820.1   49999.9 ]
[24-10-31 15:04:59] 192   -25825.41 [    16379.2    8187.5   50595.1    3820.1   49999.9 ]
[24-10-31 15:04:59] 193   -25825.41 [    16379.2    8191.6   50595.1    3820.1   49999.9 ]
[24-10-31 15:04:59] 194    -25825.4 [    16379.2    8189.5   50595.1    3820.1   49999.9 ]
[24-10-31 15:04:59] 195   -25825.41 [    16379.2    8189.5   50596.1    3820.1   49999.9 ]
[24-10-31 15:05:00] 196    -25825.4 [    16379.2    8189.5   50593.5    3820.1   49999.9 ]
[24-10-31 15:05:00] 197   -25824.42 [    16379.2    8189.5   50417.1    3820.1   49999.9 ]
[24-10-31 15:05:00] 198   -25820.98 [    16379.2    8189.5   49098.7    3820.1   49999.9 ]
[24-10-31 15:05:00] 199   -25829.82 [    16379.2    8189.5   46965.4    3820.1   49999.9 ]
[24-10-31 15:05:01] 200   -25822.26 [    16379.2    8189.5   48283.9    3820.1   49999.9 ]
[24-10-31 15:05:01] 201   -25821.49 [    16379.2    8189.5   49602.3    3820.1   49999.9 ]
[24-10-31 15:05:01] 202   -25820.98 [    16379.2    8189.5   49083.7    3820.1   49999.9 ]
[24-10-31 15:05:01] 203   -25820.98 [    16379.2    8189.5   49113.7    3820.1   49999.9 ]
[24-10-31 15:05:02] 204   -25820.98 [    16379.2    8189.5   49098.7    3820.1   49999.9 ]
[24-10-31 15:05:02] 205   -25821.03 [    16379.2    8189.5   49098.7    3821.1   49999.9 ]
[24-10-31 15:05:02] 206   -25820.91 [    16379.2    8189.5   49098.7    3818.5   49999.9 ]
[24-10-31 15:05:02] 207   -25818.49 [    16379.2    8189.5   49098.7    3699.0   49999.9 ]
[24-10-31 15:05:03] 208   -25827.84 [    16379.2    8189.5   49098.7    3505.6   49999.9 ]
[24-10-31 15:05:03] 209   -25819.96 [    16379.2    8189.5   49098.7    3625.1   49999.9 ]
[24-10-31 15:05:03] 210   -25818.75 [    16379.2    8189.5   49098.7    3744.6   49999.9 ]
[24-10-31 15:05:03] 211   -25818.47 [    16379.2    8189.5   49098.7    3708.4   49999.9 ]
[24-10-31 15:05:03] 212   -25818.47 [    16379.2    8189.5   49098.7    3707.3   49999.9 ]
[24-10-31 15:05:04] 213   -25818.47 [    16379.2    8189.5   49098.7    3706.1   49999.9 ]
[24-10-31 15:05:04] 214   -25818.47 [    16379.2    8189.5   49098.7    3707.3   49999.9 ]
[24-10-31 15:05:04] 216   -25818.49 [    16379.2    8189.5   49098.7    3707.3   49998.3 ]
[24-10-31 15:05:04] 217   -25818.48 [    16379.2    8189.5   49098.7    3707.3   49999.3 ]
[24-10-31 15:05:05] 219   -25818.48 [    16379.2    8189.5   49098.7    3707.3   49999.6 ]
[24-10-31 15:05:05] 221   -25818.48 [    16379.2    8189.5   49098.7    3707.3   49999.8 ]
[24-10-31 15:05:05] 222   -25818.47 [    16379.2    8189.5   49098.7    3707.3   50000.0 ]
[24-10-31 15:05:05] 224   -25818.47 [    16379.2    8189.5   49098.7    3707.3   50000.0 ]
[24-10-31 15:05:06] 225   -25818.47 [    16379.2    8189.5   49098.7    3707.3   50000.0 ]
[24-10-31 15:05:06] 227   -25818.47 [    16379.2    8189.5   49098.7    3707.3   50000.0 ]
[24-10-31 15:05:06] 229   -25818.47 [    16379.2    8189.5   49098.7    3707.3   50000.0 ]
[24-10-31 15:05:06] 231   -25818.47 [    16379.2    8189.5   49098.7    3707.3   50000.0 ]
[24-10-31 15:05:07] 233   -25818.47 [    16379.2    8189.5   49098.7    3707.3   50000.0 ]
[24-10-31 15:05:07] 234   -25818.47 [    16380.2    8189.5   49098.7    3707.3   50000.0 ]
[24-10-31 15:05:07] 235   -25818.47 [    16381.8    8189.5   49098.7    3707.3   50000.0 ]
[24-10-31 15:05:07] 236    -25818.4 [    16510.0    8189.5   49098.7    3707.3   50000.0 ]
[24-10-31 15:05:08] 237   -25818.56 [    16717.5    8189.5   49098.7    3707.3   50000.0 ]
[24-10-31 15:05:08] 238   -25818.42 [    16589.3    8189.5   49098.7    3707.3   50000.0 ]
[24-10-31 15:05:08] 239   -25818.41 [    16461.0    8189.5   49098.7    3707.3   50000.0 ]
[24-10-31 15:05:09] 240    -25818.4 [    16513.1    8189.5   49098.7    3707.3   50000.0 ]
[24-10-31 15:05:09] 241    -25818.4 [    16511.7    8189.5   49098.7    3707.3   50000.0 ]
[24-10-31 15:05:09] 242    -25818.4 [    16514.4    8189.5   49098.7    3707.3   50000.0 ]
[24-10-31 15:05:09] 243    -25818.4 [    16513.1    8189.5   49098.7    3707.3   50000.0 ]
[24-10-31 15:05:10] 244   -25818.35 [    16513.1    8190.5   49098.7    3707.3   50000.0 ]
[24-10-31 15:05:10] 245   -25818.28 [    16513.1    8192.2   49098.7    3707.3   50000.0 ]
[24-10-31 15:05:10] 246   -25814.09 [    16513.1    8363.4   49098.7    3707.3   50000.0 ]
[24-10-31 15:05:10] 247   -25822.39 [    16513.1    8640.5   49098.7    3707.3   50000.0 ]
[24-10-31 15:05:11] 248   -25815.18 [    16513.1    8469.3   49098.7    3707.3   50000.0 ]
[24-10-31 15:05:11] 249   -25814.78 [    16513.1    8298.0   49098.7    3707.3   50000.0 ]
[24-10-31 15:05:11] 250   -25814.07 [    16513.1    8374.2   49098.7    3707.3   50000.0 ]
[24-10-31 15:05:11] 251   -25814.07 [    16513.1    8372.4   49098.7    3707.3   50000.0 ]
[24-10-31 15:05:12] 252   -25814.07 [    16513.1    8376.1   49098.7    3707.3   50000.0 ]
[24-10-31 15:05:12] 253   -25814.07 [    16513.1    8374.2   49098.7    3707.3   50000.0 ]
[24-10-31 15:05:12] 254   -25814.08 [    16513.1    8374.2   49099.7    3707.3   50000.0 ]
[24-10-31 15:05:12] 255   -25814.06 [    16513.1    8374.2   49097.1    3707.3   50000.0 ]
[24-10-31 15:05:13] 256   -25813.11 [    16513.1    8374.2   48920.7    3707.3   50000.0 ]
[24-10-31 15:05:13] 257   -25809.79 [    16513.1    8374.2   47622.1    3707.3   50000.0 ]
[24-10-31 15:05:13] 258   -25818.34 [    16513.1    8374.2   45521.0    3707.3   50000.0 ]
[24-10-31 15:05:13] 259   -25811.03 [    16513.1    8374.2   46819.6    3707.3   50000.0 ]
[24-10-31 15:05:14] 260   -25810.28 [    16513.1    8374.2   48118.2    3707.3   50000.0 ]
[24-10-31 15:05:14] 261   -25809.79 [    16513.1    8374.2   47607.4    3707.3   50000.0 ]
[24-10-31 15:05:14] 262   -25809.79 [    16513.1    8374.2   47636.9    3707.3   50000.0 ]
[24-10-31 15:05:14] 263   -25809.79 [    16513.1    8374.2   47622.1    3707.3   50000.0 ]
[24-10-31 15:05:14] 264   -25809.84 [    16513.1    8374.2   47622.1    3708.3   50000.0 ]
[24-10-31 15:05:15] 265   -25809.72 [    16513.1    8374.2   47622.1    3705.6   50000.0 ]
[24-10-31 15:05:15] 266   -25807.15 [    16513.1    8374.2   47622.1    3585.8   50000.0 ]
[24-10-31 15:05:15] 267   -25817.19 [    16513.1    8374.2   47622.1    3392.0   50000.0 ]
[24-10-31 15:05:15] 268   -25808.73 [    16513.1    8374.2   47622.1    3511.8   50000.0 ]
[24-10-31 15:05:16] 269   -25807.42 [    16513.1    8374.2   47622.1    3631.6   50000.0 ]
[24-10-31 15:05:16] 270   -25807.13 [    16513.1    8374.2   47622.1    3595.5   50000.0 ]
[24-10-31 15:05:16] 271   -25807.13 [    16513.1    8374.2   47622.1    3594.4   50000.0 ]
[24-10-31 15:05:16] 272   -25807.13 [    16513.1    8374.2   47622.1    3593.3   50000.0 ]
[24-10-31 15:05:17] 273   -25807.13 [    16513.1    8374.2   47622.1    3594.4   50000.0 ]
[24-10-31 15:05:17] 275   -25807.14 [    16513.1    8374.2   47622.1    3594.4   49998.4 ]
[24-10-31 15:05:17] 276   -25807.13 [    16513.1    8374.2   47622.1    3594.4   49999.4 ]
[24-10-31 15:05:17] 278   -25807.13 [    16513.1    8374.2   47622.1    3594.4   49999.7 ]
[24-10-31 15:05:17] 280   -25807.13 [    16513.1    8374.2   47622.1    3594.4   49999.9 ]
[24-10-31 15:05:18] 282   -25807.13 [    16513.1    8374.2   47622.1    3594.4   50000.0 ]
[24-10-31 15:05:18] 284   -25807.13 [    16513.1    8374.2   47622.1    3594.4   50000.0 ]
[24-10-31 15:05:18] 286   -25807.13 [    16513.1    8374.2   47622.1    3594.4   50000.0 ]
[24-10-31 15:05:18] 288   -25807.13 [    16513.1    8374.2   47622.1    3594.4   50000.0 ]
[24-10-31 15:05:19] 290   -25807.13 [    16513.1    8374.2   47622.1    3594.4   50000.0 ]
[24-10-31 15:05:19] 292   -25807.13 [    16513.1    8374.2   47622.1    3594.4   50000.0 ]
[24-10-31 15:05:19] 293   -25807.13 [    16513.1    8374.2   47622.1    3594.4   50000.0 ]
[24-10-31 15:05:19] 295   -25807.13 [    16513.1    8374.2   47622.1    3594.4   50000.0 ]
[24-10-31 15:05:20] 296   -25807.13 [    16513.1    8374.2   47622.1    3594.4   50000.0 ]
[24-10-31 15:05:20] 297   -25807.13 [    16513.1    8374.2   47622.1    3594.4   50000.0 ]
[24-10-31 15:05:20] 298   -25807.13 [    16513.1    8374.2   47622.1    3594.4   50000.0 ]
[24-10-31 15:05:20] 299   -25807.13 [    16513.1    8374.2   47622.1    3594.4   50000.0 ]
[24-10-31 15:05:20] 300   -25807.13 [    16513.1    8374.2   47622.1    3594.4   50000.0 ]
[24-10-31 15:05:21] 301   -25807.13 [    16513.1    8374.2   47622.1    3594.4   50000.0 ]
[24-10-31 15:05:21] 302   -25807.13 [    16513.1    8374.2   47622.1    3594.4   50000.0 ]
[24-10-31 15:05:21] 304   -25807.13 [    16513.1    8374.2   47622.1    3594.4   50000.0 ]
[24-10-31 15:05:21] 305   -25807.13 [    16514.1    8374.2   47622.1    3594.4   50000.0 ]
[24-10-31 15:05:22] 306   -25807.13 [    16515.7    8374.2   47622.1    3594.4   50000.0 ]
[24-10-31 15:05:22] 307   -25807.09 [    16608.6    8374.2   47622.1    3594.4   50000.0 ]
[24-10-31 15:05:22] 308   -25807.18 [    16759.1    8374.2   47622.1    3594.4   50000.0 ]
[24-10-31 15:05:22] 309    -25807.1 [    16666.1    8374.2   47622.1    3594.4   50000.0 ]
[24-10-31 15:05:23] 310    -25807.1 [    16573.1    8374.2   47622.1    3594.4   50000.0 ]
[24-10-31 15:05:23] 311   -25807.09 [    16610.2    8374.2   47622.1    3594.4   50000.0 ]
[24-10-31 15:05:23] 312   -25807.09 [    16611.2    8374.2   47622.1    3594.4   50000.0 ]
[24-10-31 15:05:23] 313   -25807.09 [    16610.2    8374.2   47622.1    3594.4   50000.0 ]
[24-10-31 15:05:24] 314   -25807.05 [    16610.2    8375.2   47622.1    3594.4   50000.0 ]
[24-10-31 15:05:24] 315   -25806.98 [    16610.2    8376.8   47622.1    3594.4   50000.0 ]
[24-10-31 15:05:24] 316   -25803.19 [    16610.2    8543.6   47622.1    3594.4   50000.0 ]
[24-10-31 15:05:24] 317   -25810.79 [    16610.2    8813.3   47622.1    3594.4   50000.0 ]
[24-10-31 15:05:24] 318    -25804.2 [    16610.2    8646.6   47622.1    3594.4   50000.0 ]
[24-10-31 15:05:25] 319   -25803.82 [    16610.2    8479.9   47622.1    3594.4   50000.0 ]
[24-10-31 15:05:25] 320   -25803.18 [    16610.2    8553.5   47622.1    3594.4   50000.0 ]
[24-10-31 15:05:25] 321   -25803.18 [    16610.2    8551.7   47622.1    3594.4   50000.0 ]
[24-10-31 15:05:25] 322   -25803.18 [    16610.2    8555.3   47622.1    3594.4   50000.0 ]
[24-10-31 15:05:26] 323   -25803.18 [    16610.2    8553.5   47622.1    3594.4   50000.0 ]
[24-10-31 15:05:26] 324   -25803.19 [    16610.2    8553.5   47623.1    3594.4   50000.0 ]
[24-10-31 15:05:26] 325   -25803.17 [    16610.2    8553.5   47620.5    3594.4   50000.0 ]
[24-10-31 15:05:26] 326   -25802.23 [    16610.2    8553.5   47444.2    3594.4   50000.0 ]
[24-10-31 15:05:27] 327   -25799.02 [    16610.2    8553.5   46165.7    3594.4   50000.0 ]
[24-10-31 15:05:27] 328   -25807.33 [    16610.2    8553.5   44097.1    3594.4   50000.0 ]
[24-10-31 15:05:27] 329   -25800.23 [    16610.2    8553.5   45375.6    3594.4   50000.0 ]
[24-10-31 15:05:27] 330   -25799.49 [    16610.2    8553.5   46654.0    3594.4   50000.0 ]
[24-10-31 15:05:27] 331   -25799.02 [    16610.2    8553.5   46151.1    3594.4   50000.0 ]
[24-10-31 15:05:28] 332   -25799.02 [    16610.2    8553.5   46180.3    3594.4   50000.0 ]
[24-10-31 15:05:28] 333   -25799.02 [    16610.2    8553.5   46165.7    3594.4   50000.0 ]
[24-10-31 15:05:28] 334   -25799.07 [    16610.2    8553.5   46165.7    3595.4   50000.0 ]
[24-10-31 15:05:28] 335   -25798.94 [    16610.2    8553.5   46165.7    3592.8   50000.0 ]
[24-10-31 15:05:29] 336   -25796.33 [    16610.2    8553.5   46165.7    3475.4   50000.0 ]
[24-10-31 15:05:29] 337    -25806.6 [    16610.2    8553.5   46165.7    3285.6   50000.0 ]
[24-10-31 15:05:29] 338   -25797.94 [    16610.2    8553.5   46165.7    3402.9   50000.0 ]
[24-10-31 15:05:29] 339    -25796.6 [    16610.2    8553.5   46165.7    3520.3   50000.0 ]
[24-10-31 15:05:30] 340   -25796.31 [    16610.2    8553.5   46165.7    3485.0   50000.0 ]
[24-10-31 15:05:30] 341   -25796.31 [    16610.2    8553.5   46165.7    3484.0   50000.0 ]
[24-10-31 15:05:30] 342   -25796.31 [    16610.2    8553.5   46165.7    3482.9   50000.0 ]
[24-10-31 15:05:30] 343   -25796.31 [    16610.2    8553.5   46165.7    3484.0   50000.0 ]
[24-10-31 15:05:30] 345   -25796.32 [    16610.2    8553.5   46165.7    3484.0   49998.4 ]
[24-10-31 15:05:31] 346   -25796.31 [    16610.2    8553.5   46165.7    3484.0   49999.4 ]
[24-10-31 15:05:31] 348   -25796.31 [    16610.2    8553.5   46165.7    3484.0   49999.7 ]
[24-10-31 15:05:31] 350   -25796.31 [    16610.2    8553.5   46165.7    3484.0   49999.9 ]
[24-10-31 15:05:31] 352   -25796.31 [    16610.2    8553.5   46165.7    3484.0   50000.0 ]
[24-10-31 15:05:32] 354   -25796.31 [    16610.2    8553.5   46165.7    3484.0   50000.0 ]
[24-10-31 15:05:32] 356   -25796.31 [    16610.2    8553.5   46165.7    3484.0   50000.0 ]
[24-10-31 15:05:32] 358   -25796.31 [    16610.2    8553.5   46165.7    3484.0   50000.0 ]
[24-10-31 15:05:32] 360   -25796.31 [    16610.2    8553.5   46165.7    3484.0   50000.0 ]
[24-10-31 15:05:33] 362   -25796.31 [    16610.2    8553.5   46165.7    3484.0   50000.0 ]
[24-10-31 15:05:33] 364   -25796.31 [    16610.2    8553.5   46165.7    3484.0   50000.0 ]
[24-10-31 15:05:33] 366   -25796.31 [    16610.2    8553.5   46165.7    3484.0   50000.0 ]
[24-10-31 15:05:33] 368   -25796.31 [    16610.2    8553.5   46165.7    3484.0   50000.0 ]
[24-10-31 15:05:34] 370   -25796.31 [    16610.2    8553.5   46165.7    3484.0   50000.0 ]
[24-10-31 15:05:34] 372   -25796.31 [    16610.2    8553.5   46165.7    3484.0   50000.0 ]
[24-10-31 15:05:34] 373   -25796.31 [    16610.2    8553.5   46165.7    3484.0   50000.0 ]
[24-10-31 15:05:34] 375   -25796.31 [    16610.2    8553.5   46165.7    3484.0   50000.0 ]
[24-10-31 15:05:35] 377   -25796.31 [    16610.2    8553.5   46165.7    3484.0   50000.0 ]
[24-10-31 15:05:35] 378   -25796.31 [    16610.2    8553.5   46165.7    3484.0   50000.0 ]
[24-10-31 15:05:35] 379   -25796.31 [    16610.2    8553.5   46165.7    3484.0   50000.0 ]
[24-10-31 15:05:35] 381   -25796.31 [    16610.2    8553.5   46165.7    3484.0   50000.0 ]
[24-10-31 15:05:36] 382   -25796.31 [    16610.2    8553.5   46165.7    3484.0   50000.0 ]
[24-10-31 15:05:36] 384   -25796.31 [    16610.2    8553.5   46165.7    3484.0   50000.0 ]
[24-10-31 15:05:36] 385   -25796.31 [    16611.2    8553.5   46165.7    3484.0   50000.0 ]
[24-10-31 15:05:36] 386    -25796.3 [    16612.9    8553.5   46165.7    3484.0   50000.0 ]
[24-10-31 15:05:37] 387   -25796.28 [    16697.6    8553.5   46165.7    3484.0   50000.0 ]
[24-10-31 15:05:37] 388   -25796.35 [    16834.7    8553.5   46165.7    3484.0   50000.0 ]
[24-10-31 15:05:37] 389   -25796.29 [    16749.9    8553.5   46165.7    3484.0   50000.0 ]
[24-10-31 15:05:37] 390   -25796.28 [    16665.2    8553.5   46165.7    3484.0   50000.0 ]
[24-10-31 15:05:38] 391   -25796.28 [    16698.9    8553.5   46165.7    3484.0   50000.0 ]
[24-10-31 15:05:38] 392   -25796.28 [    16699.8    8553.5   46165.7    3484.0   50000.0 ]
[24-10-31 15:05:38] 393   -25796.28 [    16698.9    8553.5   46165.7    3484.0   50000.0 ]
[24-10-31 15:05:38] 394   -25796.23 [    16698.9    8554.5   46165.7    3484.0   50000.0 ]
[24-10-31 15:05:39] 395   -25796.17 [    16698.9    8556.1   46165.7    3484.0   50000.0 ]
[24-10-31 15:05:39] 396   -25792.67 [    16698.9    8720.1   46165.7    3484.0   50000.0 ]
[24-10-31 15:05:39] 397   -25799.76 [    16698.9    8985.3   46165.7    3484.0   50000.0 ]
[24-10-31 15:05:39] 398   -25793.62 [    16698.9    8821.4   46165.7    3484.0   50000.0 ]
[24-10-31 15:05:39] 399   -25793.25 [    16698.9    8657.5   46165.7    3484.0   50000.0 ]
[24-10-31 15:05:40] 400   -25792.66 [    16698.9    8729.5   46165.7    3484.0   50000.0 ]
[24-10-31 15:05:40] 401   -25792.66 [    16698.9    8727.7   46165.7    3484.0   50000.0 ]
[24-10-31 15:05:40] 402   -25792.66 [    16698.9    8731.3   46165.7    3484.0   50000.0 ]
[24-10-31 15:05:40] 403   -25792.66 [    16698.9    8729.5   46165.7    3484.0   50000.0 ]
[24-10-31 15:05:41] 404   -25792.67 [    16698.9    8729.5   46166.7    3484.0   50000.0 ]
[24-10-31 15:05:41] 405   -25792.65 [    16698.9    8729.5   46164.1    3484.0   50000.0 ]
[24-10-31 15:05:41] 406   -25791.73 [    16698.9    8729.5   45987.7    3484.0   50000.0 ]
[24-10-31 15:05:41] 407   -25788.67 [    16698.9    8729.5   44743.0    3484.0   50000.0 ]
[24-10-31 15:05:41] 408   -25796.62 [    16698.9    8729.5   42729.0    3484.0   50000.0 ]
[24-10-31 15:05:42] 409   -25789.83 [    16698.9    8729.5   43973.7    3484.0   50000.0 ]
[24-10-31 15:05:42] 410   -25789.12 [    16698.9    8729.5   45218.4    3484.0   50000.0 ]
[24-10-31 15:05:42] 411   -25788.67 [    16698.9    8729.5   44728.8    3484.0   50000.0 ]
[24-10-31 15:05:42] 412   -25788.67 [    16698.9    8729.5   44757.2    3484.0   50000.0 ]
[24-10-31 15:05:42] 413   -25788.67 [    16698.9    8729.5   44743.0    3484.0   50000.0 ]
[24-10-31 15:05:43] 414   -25788.72 [    16698.9    8729.5   44743.0    3485.0   50000.0 ]
[24-10-31 15:05:43] 415   -25788.59 [    16698.9    8729.5   44743.0    3482.3   50000.0 ]
[24-10-31 15:05:43] 416   -25785.93 [    16698.9    8729.5   44743.0    3367.4   50000.0 ]
[24-10-31 15:05:43] 417   -25796.42 [    16698.9    8729.5   44743.0    3181.5   50000.0 ]
[24-10-31 15:05:43] 418   -25787.58 [    16698.9    8729.5   44743.0    3296.4   50000.0 ]
[24-10-31 15:05:44] 419   -25786.21 [    16698.9    8729.5   44743.0    3411.3   50000.0 ]
[24-10-31 15:05:44] 420   -25785.91 [    16698.9    8729.5   44743.0    3376.9   50000.0 ]
[24-10-31 15:05:44] 421   -25785.91 [    16698.9    8729.5   44743.0    3375.9   50000.0 ]
[24-10-31 15:05:44] 422   -25785.91 [    16698.9    8729.5   44743.0    3374.8   50000.0 ]
[24-10-31 15:05:44] 423   -25785.91 [    16698.9    8729.5   44743.0    3375.9   50000.0 ]
[24-10-31 15:05:45] 425   -25785.92 [    16698.9    8729.5   44743.0    3375.9   49998.4 ]
[24-10-31 15:05:45] 426   -25785.91 [    16698.9    8729.5   44743.0    3375.9   49999.4 ]
[24-10-31 15:05:45] 428   -25785.91 [    16698.9    8729.5   44743.0    3375.9   49999.7 ]
[24-10-31 15:05:45] 430   -25785.91 [    16698.9    8729.5   44743.0    3375.9   49999.9 ]
[24-10-31 15:05:45] 432   -25785.91 [    16698.9    8729.5   44743.0    3375.9   50000.0 ]
[24-10-31 15:05:46] 434   -25785.91 [    16698.9    8729.5   44743.0    3375.9   50000.0 ]
[24-10-31 15:05:46] 436   -25785.91 [    16698.9    8729.5   44743.0    3375.9   50000.0 ]
[24-10-31 15:05:46] 438   -25785.91 [    16698.9    8729.5   44743.0    3375.9   50000.0 ]
[24-10-31 15:05:46] 440   -25785.91 [    16698.9    8729.5   44743.0    3375.9   50000.0 ]
[24-10-31 15:05:46] 442   -25785.91 [    16698.9    8729.5   44743.0    3375.9   50000.0 ]
[24-10-31 15:05:47] 444   -25785.91 [    16698.9    8729.5   44743.0    3375.9   50000.0 ]
[24-10-31 15:05:47] 446   -25785.91 [    16698.9    8729.5   44743.0    3375.9   50000.0 ]
[24-10-31 15:05:47] 448   -25785.91 [    16698.9    8729.5   44743.0    3375.9   50000.0 ]
[24-10-31 15:05:47] 450   -25785.91 [    16698.9    8729.5   44743.0    3375.9   50000.0 ]
[24-10-31 15:05:47] 452   -25785.91 [    16698.9    8729.5   44743.0    3375.9   50000.0 ]
[24-10-31 15:05:48] 454   -25785.91 [    16698.9    8729.5   44743.0    3375.9   50000.0 ]
[24-10-31 15:05:48] 456   -25785.91 [    16698.9    8729.5   44743.0    3375.9   50000.0 ]
[24-10-31 15:05:48] 458   -25785.91 [    16698.9    8729.5   44743.0    3375.9   50000.0 ]
[24-10-31 15:05:48] 460   -25785.91 [    16698.9    8729.5   44743.0    3375.9   50000.0 ]
[24-10-31 15:05:48] 462   -25785.91 [    16698.9    8729.5   44743.0    3375.9   50000.0 ]
[24-10-31 15:05:49] 463   -25785.91 [    16698.9    8729.5   44743.0    3375.9   50000.0 ]
[24-10-31 15:05:49] 464   -25785.91 [    16698.9    8729.5   44743.0    3375.9   50000.0 ]
[24-10-31 15:05:49] 465   -25785.91 [    16698.9    8729.5   44743.0    3375.9   50000.0 ]
[24-10-31 15:05:49] 466   -25785.91 [    16698.9    8729.5   44743.0    3375.9   50000.0 ]
[24-10-31 15:05:49] 467   -25785.91 [    16698.9    8729.5   44743.0    3375.9   50000.0 ]
[24-10-31 15:05:50] 468   -25785.91 [    16698.9    8729.5   44743.0    3375.9   50000.0 ]
[24-10-31 15:05:50] 469   -25785.91 [    16698.9    8729.5   44743.0    3375.9   50000.0 ]
[24-10-31 15:05:50] 470   -25775.71 [    16787.5    8905.5   43320.3    3267.8   50000.0 ]
[24-10-31 15:05:50] 471   -25785.91 [    16698.9    8729.5   44743.0    3375.9   50000.0 ]
[24-10-31 15:05:50] 472   -25775.71 [    16787.5    8905.5   43320.3    3267.8   50000.0 ]
[24-10-31 15:05:51] 473   -25759.66 [    16931.0    9190.2   41018.3    3092.9   50000.0 ]
[24-10-31 15:05:51] 479   -25765.72 [    16876.2    9081.5   41897.6    3159.7   50000.0 ]
[24-10-31 15:05:51] 480   -25762.68 [    16903.6    9135.8   41458.0    3126.3   50000.0 ]
[24-10-31 15:05:51] 481    -25756.0 [    16964.4    9256.6   40481.7    3052.1   50000.0 ]
[24-10-31 15:05:52] 482   -25753.75 [    16985.1    9297.6   40150.0    3026.9   50000.0 ]
[24-10-31 15:05:52] 484   -25754.61 [    16977.2    9282.0   40276.7    3036.5   50000.0 ]
[24-10-31 15:05:52] 485   -25753.22 [    16990.0    9307.3   40071.8    3020.9   50000.0 ]
[24-10-31 15:05:52] 486    -25752.9 [    16993.0    9313.3   40023.4    3017.3   50000.0 ]
[24-10-31 15:05:52] 487    -25752.9 [    16993.0    9313.3   40023.4    3017.3   50000.0 ]
[24-10-31 15:05:53] 488   -25752.89 [    16994.0    9313.3   40023.4    3017.3   50000.0 ]
[24-10-31 15:05:53] 489   -25752.89 [    16995.6    9313.3   40023.4    3017.3   50000.0 ]
[24-10-31 15:05:53] 490   -25752.87 [    17080.0    9313.3   40023.4    3017.3   50000.0 ]
[24-10-31 15:05:53] 491   -25752.93 [    17216.5    9313.3   40023.4    3017.3   50000.0 ]
[24-10-31 15:05:54] 492   -25752.88 [    17132.1    9313.3   40023.4    3017.3   50000.0 ]
[24-10-31 15:05:54] 493   -25752.87 [    17047.8    9313.3   40023.4    3017.3   50000.0 ]
[24-10-31 15:05:54] 494   -25752.87 [    17081.3    9313.3   40023.4    3017.3   50000.0 ]
[24-10-31 15:05:54] 495   -25752.87 [    17082.1    9313.3   40023.4    3017.3   50000.0 ]
[24-10-31 15:05:55] 496   -25752.87 [    17081.3    9313.3   40023.4    3017.3   50000.0 ]
[24-10-31 15:05:55] 497   -25752.84 [    17081.3    9314.3   40023.4    3017.3   50000.0 ]
[24-10-31 15:05:55] 498   -25752.78 [    17081.3    9315.9   40023.4    3017.3   50000.0 ]
[24-10-31 15:05:55] 499   -25750.37 [    17081.3    9465.0   40023.4    3017.3   50000.0 ]
[24-10-31 15:05:55] 500   -25755.47 [    17081.3    9706.2   40023.4    3017.3   50000.0 ]
[24-10-31 15:05:56] 501   -25751.07 [    17081.3    9557.1   40023.4    3017.3   50000.0 ]
[24-10-31 15:05:56] 502   -25750.77 [    17081.3    9408.0   40023.4    3017.3   50000.0 ]
[24-10-31 15:05:56] 503   -25750.37 [    17081.3    9472.1   40023.4    3017.3   50000.0 ]
[24-10-31 15:05:56] 504   -25750.37 [    17081.3    9470.5   40023.4    3017.3   50000.0 ]
[24-10-31 15:05:57] 505   -25750.37 [    17081.3    9473.7   40023.4    3017.3   50000.0 ]
[24-10-31 15:05:57] 506   -25750.37 [    17081.3    9472.1   40023.4    3017.3   50000.0 ]
[24-10-31 15:05:57] 508   -25750.38 [    17081.3    9472.1   40023.4    3017.3   49998.4 ]
[24-10-31 15:05:57] 509   -25750.38 [    17081.3    9472.1   40023.4    3017.3   49999.4 ]
[24-10-31 15:05:57] 511   -25750.37 [    17081.3    9472.1   40023.4    3017.3   49999.7 ]
[24-10-31 15:05:58] 513   -25750.37 [    17081.3    9472.1   40023.4    3017.3   49999.9 ]
[24-10-31 15:05:58] 515   -25750.37 [    17081.3    9472.1   40023.4    3017.3   50000.0 ]
[24-10-31 15:05:58] 517   -25750.37 [    17081.3    9472.1   40023.4    3017.3   50000.0 ]
[24-10-31 15:05:58] 519   -25750.37 [    17081.3    9472.1   40023.4    3017.3   50000.0 ]
[24-10-31 15:05:59] 521   -25750.37 [    17081.3    9472.1   40023.4    3017.3   50000.0 ]
[24-10-31 15:05:59] 523   -25750.37 [    17081.3    9472.1   40023.4    3017.3   50000.0 ]
[24-10-31 15:05:59] 525   -25750.37 [    17081.3    9472.1   40023.4    3017.3   50000.0 ]
[24-10-31 15:05:59] 527   -25750.37 [    17081.3    9472.1   40023.4    3017.3   50000.0 ]
[24-10-31 15:05:59] 529   -25750.37 [    17081.3    9472.1   40023.4    3017.3   50000.0 ]
[24-10-31 15:06:00] 531   -25750.37 [    17081.3    9472.1   40023.4    3017.3   50000.0 ]
[24-10-31 15:06:00] 533   -25750.37 [    17081.3    9472.1   40023.4    3017.3   50000.0 ]
[24-10-31 15:06:00] 535   -25750.37 [    17081.3    9472.1   40023.4    3017.3   50000.0 ]
[24-10-31 15:06:00] 537   -25750.37 [    17081.3    9472.1   40023.4    3017.3   50000.0 ]
[24-10-31 15:06:00] 539   -25750.37 [    17081.3    9472.1   40023.4    3017.3   50000.0 ]
[24-10-31 15:06:01] 541   -25750.37 [    17081.3    9472.1   40023.4    3017.3   50000.0 ]
[24-10-31 15:06:01] 543   -25750.37 [    17081.3    9472.1   40023.4    3017.3   50000.0 ]
[24-10-31 15:06:01] 545   -25750.37 [    17081.3    9472.1   40023.4    3017.3   50000.0 ]
[24-10-31 15:06:01] 546   -25750.37 [    17081.3    9472.1   40023.4    3017.3   50000.0 ]
[24-10-31 15:06:02] 547   -25750.37 [    17081.3    9472.1   40023.4    3017.3   50000.0 ]
[24-10-31 15:06:02] 548   -25750.37 [    17081.3    9472.1   40023.4    3017.3   50000.0 ]
[24-10-31 15:06:02] 549   -25750.37 [    17081.3    9472.1   40023.4    3017.3   50000.0 ]
[24-10-31 15:06:02] 550   -25750.37 [    17081.3    9472.1   40023.4    3017.3   50000.0 ]
[24-10-31 15:06:02] 551   -25750.37 [    17081.3    9472.1   40023.4    3017.3   50000.0 ]
[24-10-31 15:06:03] 552   -25750.37 [    17081.3    9472.1   40023.4    3017.3   50000.0 ]
[24-10-31 15:06:03] 553   -25750.37 [    17081.3    9472.1   40023.4    3017.3   50000.0 ]
[24-10-31 15:06:03] 554   -25750.37 [    17081.3    9472.1   40023.4    3017.3   50000.0 ]
[24-10-31 15:06:03] 555   -25750.37 [    17081.3    9472.1   40023.4    3017.3   50000.0 ]
[24-10-31 15:06:03] 556   -25750.39 [    17081.3    9472.1   40023.4    3018.3   50000.0 ]
[24-10-31 15:06:04] 557   -25750.34 [    17081.3    9472.1   40023.4    3015.7   50000.0 ]
[24-10-31 15:06:04] 558   -25750.13 [    17081.3    9472.1   40023.4    2989.2   50000.0 ]
[24-10-31 15:06:04] 559   -25750.76 [    17081.3    9472.1   40023.4    2946.4   50000.0 ]
[24-10-31 15:06:04] 560   -25750.22 [    17081.3    9472.1   40023.4    2972.8   50000.0 ]
[24-10-31 15:06:04] 561   -25750.16 [    17081.3    9472.1   40023.4    2999.3   50000.0 ]
[24-10-31 15:06:04] 562   -25750.13 [    17081.3    9472.1   40023.4    2989.9   50000.0 ]
[24-10-31 15:06:05] 563   -25750.13 [    17081.3    9472.1   40023.4    2989.6   50000.0 ]
[24-10-31 15:06:05] 564   -25750.13 [    17081.3    9472.1   40023.4    2990.1   50000.0 ]
[24-10-31 15:06:05] 565   -25750.13 [    17081.3    9472.1   40023.4    2989.9   50000.0 ]
[24-10-31 15:06:05] 567   -25803.24 [    16605.4    8527.5   47659.9    3570.1   50000.0 ]
[24-10-31 15:06:05] 568   -25769.76 [    16899.5    9111.3   42940.3    3211.5   50000.0 ]
[24-10-31 15:06:06] 570   -25759.84 [    16990.4    9291.7   41481.8    3100.7   50000.0 ]
[24-10-31 15:06:06] 572   -25753.81 [    17046.5    9403.2   40580.4    3032.2   50000.0 ]
[24-10-31 15:06:06] 574   -25751.53 [    17068.0    9445.8   40236.2    3006.0   50000.0 ]
[24-10-31 15:06:06] 576   -25750.66 [    17076.2    9462.0   40104.6    2996.0   50000.0 ]
[24-10-31 15:06:06] 578   -25750.33 [    17079.3    9468.3   40054.4    2992.2   50000.0 ]
[24-10-31 15:06:07] 579   -25750.03 [    17082.2    9473.9   40008.7    2988.7   50000.0 ]
[24-10-31 15:06:07] 581   -25750.07 [    17081.8    9473.2   40014.3    2989.2   50000.0 ]
[24-10-31 15:06:07] 582   -25750.01 [    17082.4    9474.3   40005.2    2988.5   50000.0 ]
[24-10-31 15:06:07] 583    -25750.0 [    17082.5    9474.6   40003.1    2988.3   50000.0 ]
[24-10-31 15:06:07] 584   -25749.99 [    17082.6    9474.8   40001.8    2988.2   50000.0 ]
[24-10-31 15:06:07] 585   -25749.98 [    17082.7    9474.9   40001.0    2988.2   50000.0 ]
[24-10-31 15:06:08] 586   -25749.98 [    17082.7    9474.9   40000.5    2988.1   50000.0 ]
[24-10-31 15:06:08] 587   -25749.98 [    17082.7    9475.0   40000.2    2988.1   50000.0 ]
[24-10-31 15:06:08] 590   -25749.98 [    17082.7    9475.0   40000.2    2988.1   50000.0 ]
[24-10-31 15:06:08] 591   -25749.97 [    17083.7    9475.0   40000.2    2988.1   50000.0 ]
[24-10-31 15:06:08] 592   -25749.97 [    17085.3    9475.0   40000.2    2988.1   50000.0 ]
[24-10-31 15:06:09] 593   -25749.62 [    17261.7    9475.0   40000.2    2988.1   50000.0 ]
[24-10-31 15:06:09] 594   -25749.49 [    17446.3    9475.0   40000.2    2988.1   50000.0 ]
[24-10-31 15:06:09] 595   -25749.75 [    17744.9    9475.0   40000.2    2988.1   50000.0 ]
[24-10-31 15:06:09] 596   -25749.52 [    17560.3    9475.0   40000.2    2988.1   50000.0 ]
[24-10-31 15:06:09] 597   -25749.51 [    17375.8    9475.0   40000.2    2988.1   50000.0 ]
[24-10-31 15:06:09] 598   -25749.49 [    17461.3    9475.0   40000.2    2988.1   50000.0 ]
[24-10-31 15:06:10] 599   -25749.49 [    17457.6    9475.0   40000.2    2988.1   50000.0 ]
[24-10-31 15:06:10] 600   -25749.49 [    17465.1    9475.0   40000.2    2988.1   50000.0 ]
[24-10-31 15:06:10] 601   -25749.49 [    17461.3    9475.0   40000.2    2988.1   50000.0 ]
[24-10-31 15:06:10] 602   -25749.48 [    17461.3    9476.0   40000.2    2988.1   50000.0 ]
[24-10-31 15:06:10] 603   -25749.47 [    17461.3    9477.6   40000.2    2988.1   50000.0 ]
[24-10-31 15:06:10] 604   -25749.29 [    17461.3    9520.1   40000.2    2988.1   50000.0 ]
[24-10-31 15:06:11] 605   -25749.73 [    17461.3    9588.9   40000.2    2988.1   50000.0 ]
[24-10-31 15:06:11] 606   -25749.35 [    17461.3    9546.4   40000.2    2988.1   50000.0 ]
[24-10-31 15:06:11] 607   -25749.32 [    17461.3    9503.9   40000.2    2988.1   50000.0 ]
[24-10-31 15:06:11] 608   -25749.29 [    17461.3    9520.7   40000.2    2988.1   50000.0 ]
[24-10-31 15:06:11] 609   -25749.29 [    17461.3    9521.1   40000.2    2988.1   50000.0 ]
[24-10-31 15:06:12] 610   -25749.29 [    17461.3    9520.7   40000.2    2988.1   50000.0 ]
[24-10-31 15:06:12] 612    -25749.3 [    17461.3    9520.7   40000.2    2988.1   49998.4 ]
[24-10-31 15:06:12] 613   -25749.29 [    17461.3    9520.7   40000.2    2988.1   49999.4 ]
[24-10-31 15:06:12] 615   -25749.29 [    17461.3    9520.7   40000.2    2988.1   49999.7 ]
[24-10-31 15:06:12] 617   -25749.29 [    17461.3    9520.7   40000.2    2988.1   49999.9 ]
[24-10-31 15:06:12] 619   -25749.29 [    17461.3    9520.7   40000.2    2988.1   50000.0 ]
[24-10-31 15:06:13] 621   -25749.29 [    17461.3    9520.7   40000.2    2988.1   50000.0 ]
[24-10-31 15:06:13] 623   -25749.29 [    17461.3    9520.7   40000.2    2988.1   50000.0 ]
[24-10-31 15:06:13] 625   -25749.29 [    17461.3    9520.7   40000.2    2988.1   50000.0 ]
[24-10-31 15:06:13] 627   -25749.29 [    17461.3    9520.7   40000.2    2988.1   50000.0 ]
[24-10-31 15:06:13] 629   -25749.29 [    17461.3    9520.7   40000.2    2988.1   50000.0 ]
[24-10-31 15:06:13] 631   -25749.29 [    17461.3    9520.7   40000.2    2988.1   50000.0 ]
[24-10-31 15:06:14] 633   -25749.29 [    17461.3    9520.7   40000.2    2988.1   50000.0 ]
[24-10-31 15:06:14] 635   -25749.29 [    17461.3    9520.7   40000.2    2988.1   50000.0 ]
[24-10-31 15:06:14] 637   -25749.29 [    17461.3    9520.7   40000.2    2988.1   50000.0 ]
[24-10-31 15:06:14] 639   -25749.29 [    17461.3    9520.7   40000.2    2988.1   50000.0 ]
[24-10-31 15:06:14] 641   -25749.29 [    17461.3    9520.7   40000.2    2988.1   50000.0 ]
[24-10-31 15:06:14] 643   -25749.29 [    17461.3    9520.7   40000.2    2988.1   50000.0 ]
[24-10-31 15:06:14] 645   -25749.29 [    17461.3    9520.7   40000.2    2988.1   50000.0 ]
[24-10-31 15:06:15] 647   -25749.29 [    17461.3    9520.7   40000.2    2988.1   50000.0 ]
[24-10-31 15:06:15] 649   -25749.29 [    17461.3    9520.7   40000.2    2988.1   50000.0 ]
[24-10-31 15:06:15] 651   -25749.29 [    17461.3    9520.7   40000.2    2988.1   50000.0 ]
[24-10-31 15:06:15] 653   -25749.29 [    17461.3    9520.7   40000.2    2988.1   50000.0 ]
[24-10-31 15:06:15] 654   -25749.29 [    17461.3    9520.7   40000.2    2988.1   50000.0 ]
[24-10-31 15:06:15] 655   -25749.29 [    17461.3    9520.7   40000.2    2988.1   50000.0 ]
[24-10-31 15:06:16] 656   -25749.29 [    17461.3    9520.7   40000.2    2988.1   50000.0 ]
[24-10-31 15:06:16] 657   -25749.29 [    17461.3    9520.7   40000.2    2988.1   50000.0 ]
[24-10-31 15:06:16] 658   -25749.29 [    17461.3    9520.7   40000.2    2988.1   50000.0 ]
[24-10-31 15:06:16] 659   -25749.29 [    17461.3    9520.7   40000.2    2988.1   50000.0 ]
[24-10-31 15:06:16] 660   -25749.29 [    17461.3    9520.7   40000.2    2988.1   50000.0 ]
[24-10-31 15:06:16] 661   -25749.29 [    17461.3    9520.7   40000.2    2988.1   50000.0 ]
[24-10-31 15:06:17] 662   -25749.29 [    17461.3    9520.7   40000.2    2988.1   50000.0 ]
[24-10-31 15:06:17] 663   -25749.29 [    17461.3    9520.7   40000.2    2988.1   50000.0 ]
[24-10-31 15:06:17] 664   -25749.29 [    17461.3    9520.7   40000.2    2988.1   50000.0 ]
[24-10-31 15:06:17] 665   -25749.29 [    17461.3    9520.7   40000.2    2988.1   50000.0 ]
[24-10-31 15:06:17] 666    -25749.3 [    17461.3    9520.7   40000.2    2989.1   50000.0 ]
[24-10-31 15:06:17] 667   -25749.28 [    17461.3    9520.7   40000.2    2986.5   50000.0 ]
[24-10-31 15:06:18] 668   -25749.26 [    17461.3    9520.7   40000.2    2979.1   50000.0 ]
[24-10-31 15:06:18] 669   -25749.31 [    17461.3    9520.7   40000.2    2967.3   50000.0 ]
[24-10-31 15:06:18] 670   -25749.27 [    17461.3    9520.7   40000.2    2974.6   50000.0 ]
[24-10-31 15:06:18] 671   -25749.27 [    17461.3    9520.7   40000.2    2981.9   50000.0 ]
[24-10-31 15:06:18] 672   -25749.26 [    17461.3    9520.7   40000.2    2979.2   50000.0 ]
[24-10-31 15:06:18] 673   -25749.26 [    17461.3    9520.7   40000.2    2979.3   50000.0 ]
[24-10-31 15:06:19] 674   -25749.26 [    17461.3    9520.7   40000.2    2979.2   50000.0 ]
[24-10-31 15:06:19] 677   -25768.76 [    17279.6    9159.9   42917.1    3200.8   50000.0 ]
[24-10-31 15:06:19] 679   -25758.91 [    17370.5    9340.3   41458.6    3090.0   50000.0 ]
[24-10-31 15:06:19] 681   -25752.92 [    17426.6    9451.8   40557.2    3021.6   50000.0 ]
[24-10-31 15:06:19] 683   -25750.66 [    17448.1    9494.4   40212.9    2995.4   50000.0 ]
[24-10-31 15:06:19] 685   -25749.79 [    17456.3    9510.6   40081.4    2985.4   50000.0 ]
[24-10-31 15:06:19] 687   -25749.47 [    17459.4    9516.8   40031.2    2981.6   50000.0 ]
[24-10-31 15:06:20] 689   -25749.34 [    17460.6    9519.2   40012.0    2980.1   50000.0 ]
[24-10-31 15:06:20] 691   -25749.29 [    17461.1    9520.1   40004.7    2979.6   50000.0 ]
[24-10-31 15:06:20] 693   -25749.27 [    17461.2    9520.5   40001.9    2979.4   50000.0 ]
[24-10-31 15:06:20] 695   -25749.27 [    17461.3    9520.6   40000.8    2979.3   50000.0 ]
[24-10-31 15:06:20] 697   -25749.26 [    17461.3    9520.6   40000.4    2979.2   50000.0 ]
[24-10-31 15:06:20] 698   -25749.26 [    17461.4    9520.7   40000.0    2979.2   50000.0 ]
[24-10-31 15:06:20] 700   -25749.26 [    17461.3    9520.7   40000.1    2979.2   50000.0 ]
[24-10-31 15:06:21] 701   -25749.26 [    17461.4    9520.7   40000.0    2979.2   50000.0 ]
[24-10-31 15:06:21] 703   -25749.26 [    17461.4    9520.7   40000.0    2979.2   50000.0 ]
[24-10-31 15:06:21] 704   -25749.26 [    17461.4    9520.7   40000.0    2979.2   50000.0 ]
[24-10-31 15:06:21] 706   -25749.26 [    17461.4    9520.7   40000.0    2979.2   50000.0 ]
[24-10-31 15:06:21] 707   -25749.26 [    17461.4    9520.7   40000.0    2979.2   50000.0 ]
Optimization terminated successfully.
         Current function value: 25749.261867
         Iterations: 8
         Function evaluations: 707
[24-10-31 15:06:21] 707      fit p: [    17461.4    9520.7   40000.0    2979.2   50000.0 ]
method: Powell
objective_func: objective_H2
fopt: -25749.2618674988
max_iter: 100
num_iter: 8
func_calls: 707
flag: 0
u_fitted: False
u: 1.111e-08
