[24-10-31 15:19:46] fitting objective_H2 to data for demes ['French', 'KhomaniSan', 'Yoruba']
[24-10-31 15:19:46] 0        pnames [         NK       NFY       TFY        NF        NY ]
[24-10-31 15:19:46] 0            p0 [    22800.9   20296.7   63584.6    8378.5   15256.1 ]
[24-10-31 15:19:47] 1     -33842.75 [    22800.9   20296.7   63584.6    8378.5   15256.1 ]
[24-10-31 15:19:47] 2     -33842.75 [    22800.9   20296.7   63584.6    8378.5   15256.1 ]
[24-10-31 15:19:48] 3     -33842.74 [    22801.9   20296.7   63584.6    8378.5   15256.1 ]
[24-10-31 15:19:48] 4     -33842.73 [    22803.5   20296.7   63584.6    8378.5   15256.1 ]
[24-10-31 15:19:49] 5     -33841.87 [    22979.9   20296.7   63584.6    8378.5   15256.1 ]
[24-10-31 15:19:49] 6     -33837.45 [    24643.8   20296.7   63584.6    8378.5   15256.1 ]
[24-10-31 15:19:50] 7     -33840.72 [    27336.2   20296.7   63584.6    8378.5   15256.1 ]
[24-10-31 15:19:50] 8     -33837.47 [    25672.2   20296.7   63584.6    8378.5   15256.1 ]
[24-10-31 15:19:50] 9     -33838.41 [    24008.3   20296.7   63584.6    8378.5   15256.1 ]
[24-10-31 15:19:51] 10    -33837.24 [    25147.1   20296.7   63584.6    8378.5   15256.1 ]
[24-10-31 15:19:51] 11    -33837.24 [    25123.6   20296.7   63584.6    8378.5   15256.1 ]
[24-10-31 15:19:51] 12    -33837.24 [    25170.5   20296.7   63584.6    8378.5   15256.1 ]
[24-10-31 15:19:52] 13    -33837.24 [    25147.1   20296.7   63584.6    8378.5   15256.1 ]
[24-10-31 15:19:52] 14    -33837.48 [    25147.1   20297.7   63584.6    8378.5   15256.1 ]
[24-10-31 15:19:52] 15    -33836.85 [    25147.1   20295.1   63584.6    8378.5   15256.1 ]
[24-10-31 15:19:52] 16    -33836.22 [    25147.1   20292.4   63584.6    8378.5   15256.1 ]
[24-10-31 15:19:53] 17    -33835.21 [    25147.1   20288.2   63584.6    8378.5   15256.1 ]
[24-10-31 15:19:53] 18    -33833.56 [    25147.1   20281.3   63584.6    8378.5   15256.1 ]
[24-10-31 15:19:53] 19     -33830.9 [    25147.1   20270.3   63584.6    8378.5   15256.1 ]
[24-10-31 15:19:53] 20    -33826.59 [    25147.1   20252.3   63584.6    8378.5   15256.1 ]
[24-10-31 15:19:54] 21     -33819.6 [    25147.1   20223.3   63584.6    8378.5   15256.1 ]
[24-10-31 15:19:54] 22    -33808.26 [    25147.1   20176.3   63584.6    8378.5   15256.1 ]
[24-10-31 15:19:54] 23    -33789.84 [    25147.1   20100.3   63584.6    8378.5   15256.1 ]
[24-10-31 15:19:54] 24    -33759.82 [    25147.1   19977.3   63584.6    8378.5   15256.1 ]
[24-10-31 15:19:55] 25    -33710.73 [    25147.1   19778.3   63584.6    8378.5   15256.1 ]
[24-10-31 15:19:55] 26    -33629.86 [    25147.1   19456.3   63584.6    8378.5   15256.1 ]
[24-10-31 15:19:55] 27    -33495.15 [    25147.1   18935.3   63584.6    8378.5   15256.1 ]
[24-10-31 15:19:55] 28    -33266.61 [    25147.1   18092.3   63584.6    8378.5   15256.1 ]
[24-10-31 15:19:56] 29    -32867.05 [    25147.1   16728.3   63584.6    8378.5   15256.1 ]
[24-10-31 15:19:56] 30    -32134.46 [    25147.1   14521.3   63584.6    8378.5   15256.1 ]
[24-10-31 15:19:56] 31    -30718.17 [    25147.1   10950.3   63584.6    8378.5   15256.1 ]
[24-10-31 15:19:56] 32    -29993.81 [    25147.1    5172.3   63584.6    8378.5   15256.1 ]
[24-10-31 15:19:57] 33     -29458.9 [    25147.1    5900.8   63584.6    8378.5   15256.1 ]
[24-10-31 15:19:57] 34     -29490.9 [    25147.1    7829.6   63584.6    8378.5   15256.1 ]
[24-10-31 15:19:57] 35    -29309.36 [    25147.1    6637.5   63584.6    8378.5   15256.1 ]
[24-10-31 15:19:57] 36    -29311.15 [    25147.1    6820.2   63584.6    8378.5   15256.1 ]
[24-10-31 15:19:58] 37    -29316.55 [    25147.1    6501.0   63584.6    8378.5   15256.1 ]
[24-10-31 15:19:58] 38    -29309.36 [    25147.1    6637.5   63584.6    8378.5   15256.1 ]
[24-10-31 15:19:58] 39    -29309.38 [    25147.1    6637.5   63585.6    8378.5   15256.1 ]
[24-10-31 15:19:58] 40    -29309.31 [    25147.1    6637.5   63583.0    8378.5   15256.1 ]
[24-10-31 15:19:59] 41     -29304.8 [    25147.1    6637.5   63406.6    8378.5   15256.1 ]
[24-10-31 15:19:59] 42    -29228.81 [    25147.1    6637.5   57507.8    8378.5   15256.1 ]
[24-10-31 15:19:59] 43    -29397.45 [    25147.1    6637.5   47963.2    8378.5   15256.1 ]
[24-10-31 15:19:59] 44    -29252.14 [    25147.1    6637.5   53862.1    8378.5   15256.1 ]
[24-10-31 15:20:00] 45    -29240.89 [    25147.1    6637.5   59760.9    8378.5   15256.1 ]
[24-10-31 15:20:00] 46    -29228.73 [    25147.1    6637.5   57290.1    8378.5   15256.1 ]
[24-10-31 15:20:00] 47    -29228.73 [    25147.1    6637.5   57353.1    8378.5   15256.1 ]
[24-10-31 15:20:00] 48    -29228.74 [    25147.1    6637.5   57227.2    8378.5   15256.1 ]
[24-10-31 15:20:01] 49    -29228.73 [    25147.1    6637.5   57290.1    8378.5   15256.1 ]
[24-10-31 15:20:01] 50    -29228.97 [    25147.1    6637.5   57290.1    8379.5   15256.1 ]
[24-10-31 15:20:01] 51    -29228.34 [    25147.1    6637.5   57290.1    8376.9   15256.1 ]
[24-10-31 15:20:01] 52    -29227.72 [    25147.1    6637.5   57290.1    8374.3   15256.1 ]
[24-10-31 15:20:01] 53    -29226.71 [    25147.1    6637.5   57290.1    8370.1   15256.1 ]
[24-10-31 15:20:02] 54    -29225.08 [    25147.1    6637.5   57290.1    8363.2   15256.1 ]
[24-10-31 15:20:02] 55    -29222.43 [    25147.1    6637.5   57290.1    8352.1   15256.1 ]
[24-10-31 15:20:02] 56    -29218.15 [    25147.1    6637.5   57290.1    8334.2   15256.1 ]
[24-10-31 15:20:02] 57     -29211.2 [    25147.1    6637.5   57290.1    8305.1   15256.1 ]
[24-10-31 15:20:03] 58    -29199.92 [    25147.1    6637.5   57290.1    8258.2   15256.1 ]
[24-10-31 15:20:03] 59    -29181.56 [    25147.1    6637.5   57290.1    8182.2   15256.1 ]
[24-10-31 15:20:03] 60    -29151.61 [    25147.1    6637.5   57290.1    8059.2   15256.1 ]
[24-10-31 15:20:03] 61    -29102.48 [    25147.1    6637.5   57290.1    7860.2   15256.1 ]
[24-10-31 15:20:04] 62    -29021.39 [    25147.1    6637.5   57290.1    7538.2   15256.1 ]
[24-10-31 15:20:04] 63    -28886.64 [    25147.1    6637.5   57290.1    7017.2   15256.1 ]
[24-10-31 15:20:04] 64     -28664.5 [    25147.1    6637.5   57290.1    6174.2   15256.1 ]
[24-10-31 15:20:04] 65    -28348.42 [    25147.1    6637.5   57290.1    4810.2   15256.1 ]
[24-10-31 15:20:05] 67    -30523.09 [    25147.1    6637.5   57290.1    1998.1   15256.1 ]
[24-10-31 15:20:05] 68    -28302.22 [    25147.1    6637.5   57290.1    3736.0   15256.1 ]
[24-10-31 15:20:05] 69    -28280.33 [    25147.1    6637.5   57290.1    4227.3   15256.1 ]
[24-10-31 15:20:05] 70     -28277.3 [    25147.1    6637.5   57290.1    4130.0   15256.1 ]
[24-10-31 15:20:06] 71    -28276.97 [    25147.1    6637.5   57290.1    4087.5   15256.1 ]
[24-10-31 15:20:06] 72    -28277.28 [    25147.1    6637.5   57290.1    4044.6   15256.1 ]
[24-10-31 15:20:06] 73    -28276.97 [    25147.1    6637.5   57290.1    4087.5   15256.1 ]
[24-10-31 15:20:06] 74    -28276.74 [    25147.1    6637.5   57290.1    4087.5   15257.1 ]
[24-10-31 15:20:07] 75    -28276.38 [    25147.1    6637.5   57290.1    4087.5   15258.7 ]
[24-10-31 15:20:07] 76    -28237.53 [    25147.1    6637.5   57290.1    4087.5   15435.1 ]
[24-10-31 15:20:07] 77    -27319.56 [    25147.1    6637.5   57290.1    4087.5   21750.1 ]
[24-10-31 15:20:07] 78    -26685.12 [    25147.1    6637.5   57290.1    4087.5   31967.9 ]
[24-10-31 15:20:08] 79     -26644.8 [    25147.1    6637.5   57290.1    4087.5   33022.7 ]
[24-10-31 15:20:08] 80    -26585.42 [    25147.1    6637.5   57290.1    4087.5   34729.3 ]
[24-10-31 15:20:08] 81    -26284.57 [    25147.1    6637.5   57290.1    4087.5   47836.3 ]
[24-10-31 15:20:08] 84    -26375.21 [    25147.1    6637.5   57290.1    4087.5   42829.9 ]
[24-10-31 15:20:09] 85     -26327.1 [    25147.1    6637.5   57290.1    4087.5   45333.1 ]
[24-10-31 15:20:09] 87    -26266.16 [    25147.1    6637.5   57290.1    4087.5   49018.2 ]
[24-10-31 15:20:09] 88    -26255.27 [    25147.1    6637.5   57290.1    4087.5   49748.6 ]
[24-10-31 15:20:09] 90    -26260.36 [    25147.1    6637.5   57290.1    4087.5   49403.7 ]
[24-10-31 15:20:10] 92    -26255.27 [    25147.1    6637.5   57290.1    4087.5   49748.6 ]
[24-10-31 15:20:10] 93     -26255.3 [    25148.1    6637.5   57290.1    4087.5   49748.6 ]
[24-10-31 15:20:10] 94    -26255.22 [    25145.5    6637.5   57290.1    4087.5   49748.6 ]
[24-10-31 15:20:10] 95    -26255.14 [    25142.8    6637.5   57290.1    4087.5   49748.6 ]
[24-10-31 15:20:11] 96    -26255.01 [    25138.6    6637.5   57290.1    4087.5   49748.6 ]
[24-10-31 15:20:11] 97    -26254.81 [    25131.7    6637.5   57290.1    4087.5   49748.6 ]
[24-10-31 15:20:11] 98    -26254.48 [    25120.7    6637.5   57290.1    4087.5   49748.6 ]
[24-10-31 15:20:11] 99    -26253.95 [    25102.7    6637.5   57290.1    4087.5   49748.6 ]
[24-10-31 15:20:12] 100   -26253.09 [    25073.7    6637.5   57290.1    4087.5   49748.6 ]
[24-10-31 15:20:12] 101    -26251.7 [    25026.7    6637.5   57290.1    4087.5   49748.6 ]
[24-10-31 15:20:12] 102   -26249.44 [    24950.7    6637.5   57290.1    4087.5   49748.6 ]
[24-10-31 15:20:12] 103   -26245.78 [    24827.7    6637.5   57290.1    4087.5   49748.6 ]
[24-10-31 15:20:13] 104   -26239.85 [    24628.7    6637.5   57290.1    4087.5   49748.6 ]
[24-10-31 15:20:13] 105   -26230.22 [    24306.7    6637.5   57290.1    4087.5   49748.6 ]
[24-10-31 15:20:13] 106   -26214.56 [    23785.7    6637.5   57290.1    4087.5   49748.6 ]
[24-10-31 15:20:13] 107    -26189.1 [    22942.7    6637.5   57290.1    4087.5   49748.6 ]
[24-10-31 15:20:13] 108   -26147.94 [    21578.7    6637.5   57290.1    4087.5   49748.6 ]
[24-10-31 15:20:14] 112   -26012.31 [    13293.3    6637.5   57290.1    4087.5   49748.6 ]
[24-10-31 15:20:14] 113   -26035.35 [    17436.0    6637.5   57290.1    4087.5   49748.6 ]
[24-10-31 15:20:14] 114   -26000.08 [    14298.5    6637.5   57290.1    4087.5   49748.6 ]
[24-10-31 15:20:14] 115   -25999.81 [    14872.4    6637.5   57290.1    4087.5   49748.6 ]
[24-10-31 15:20:15] 116   -25999.42 [    14617.4    6637.5   57290.1    4087.5   49748.6 ]
[24-10-31 15:20:15] 117   -25999.48 [    14722.7    6637.5   57290.1    4087.5   49748.6 ]
[24-10-31 15:20:15] 118   -25999.49 [    14512.1    6637.5   57290.1    4087.5   49748.6 ]
[24-10-31 15:20:15] 119   -25999.42 [    14617.4    6637.5   57290.1    4087.5   49748.6 ]
[24-10-31 15:20:16] 120   -25999.12 [    14617.4    6638.5   57290.1    4087.5   49748.6 ]
[24-10-31 15:20:16] 121   -25998.64 [    14617.4    6640.2   57290.1    4087.5   49748.6 ]
[24-10-31 15:20:16] 122   -25954.51 [    14617.4    6816.5   57290.1    4087.5   49748.6 ]
[24-10-31 15:20:16] 123   -25905.28 [    14617.4    7221.9   57290.1    4087.5   49748.6 ]
[24-10-31 15:20:17] 124   -25941.53 [    14617.4    7877.8   57290.1    4087.5   49748.6 ]
[24-10-31 15:20:17] 125   -25904.76 [    14617.4    7472.4   57290.1    4087.5   49748.6 ]
[24-10-31 15:20:17] 126   -25913.83 [    14617.4    7627.3   57290.1    4087.5   49748.6 ]
[24-10-31 15:20:17] 127   -25902.51 [    14617.4    7354.2   57290.1    4087.5   49748.6 ]
[24-10-31 15:20:18] 128   -25902.51 [    14617.4    7347.0   57290.1    4087.5   49748.6 ]
[24-10-31 15:20:18] 129   -25902.52 [    14617.4    7361.4   57290.1    4087.5   49748.6 ]
[24-10-31 15:20:18] 130   -25902.51 [    14617.4    7354.2   57290.1    4087.5   49748.6 ]
[24-10-31 15:20:18] 131   -25902.52 [    14617.4    7354.2   57291.1    4087.5   49748.6 ]
[24-10-31 15:20:19] 132   -25902.49 [    14617.4    7354.2   57288.5    4087.5   49748.6 ]
[24-10-31 15:20:19] 133   -25900.42 [    14617.4    7354.2   57112.1    4087.5   49748.6 ]
[24-10-31 15:20:19] 134   -25885.58 [    14617.4    7354.2   54516.4    4087.5   49748.6 ]
[24-10-31 15:20:19] 135   -25922.43 [    14617.4    7354.2   50316.4    4087.5   49748.6 ]
[24-10-31 15:20:20] 136   -25890.87 [    14617.4    7354.2   52912.1    4087.5   49748.6 ]
[24-10-31 15:20:20] 137   -25887.81 [    14617.4    7354.2   55507.9    4087.5   49748.6 ]
[24-10-31 15:20:20] 138   -25885.58 [    14617.4    7354.2   54485.7    4087.5   49748.6 ]
[24-10-31 15:20:20] 139   -25885.58 [    14617.4    7354.2   54457.7    4087.5   49748.6 ]
[24-10-31 15:20:21] 140   -25885.58 [    14617.4    7354.2   54485.7    4087.5   49748.6 ]
[24-10-31 15:20:21] 141   -25885.55 [    14617.4    7354.2   54485.7    4088.5   49748.6 ]
[24-10-31 15:20:21] 142    -25885.5 [    14617.4    7354.2   54485.7    4090.1   49748.6 ]
[24-10-31 15:20:21] 143   -25884.24 [    14617.4    7354.2   54485.7    4173.0   49748.6 ]
[24-10-31 15:20:22] 144   -25886.79 [    14617.4    7354.2   54485.7    4307.1   49748.6 ]
[24-10-31 15:20:22] 145   -25884.58 [    14617.4    7354.2   54485.7    4224.2   49748.6 ]
[24-10-31 15:20:22] 146   -25884.45 [    14617.4    7354.2   54485.7    4141.3   49748.6 ]
[24-10-31 15:20:22] 147   -25884.24 [    14617.4    7354.2   54485.7    4177.8   49748.6 ]
[24-10-31 15:20:23] 148   -25884.24 [    14617.4    7354.2   54485.7    4176.9   49748.6 ]
[24-10-31 15:20:23] 149   -25884.24 [    14617.4    7354.2   54485.7    4178.7   49748.6 ]
[24-10-31 15:20:23] 150   -25884.24 [    14617.4    7354.2   54485.7    4177.8   49748.6 ]
[24-10-31 15:20:23] 151   -25884.23 [    14617.4    7354.2   54485.7    4177.8   49749.6 ]
[24-10-31 15:20:24] 152   -25884.21 [    14617.4    7354.2   54485.7    4177.8   49751.2 ]
[24-10-31 15:20:24] 153   -25882.43 [    14617.4    7354.2   54485.7    4177.8   49927.6 ]
[24-10-31 15:20:24] 160   -25883.11 [    14617.4    7354.2   54485.7    4177.8   49860.2 ]
[24-10-31 15:20:24] 161   -25882.77 [    14617.4    7354.2   54485.7    4177.8   49893.9 ]
[24-10-31 15:20:25] 162   -25881.83 [    14617.4    7354.2   54485.7    4177.8   49987.3 ]
[24-10-31 15:20:25] 164   -25882.06 [    14617.4    7354.2   54485.7    4177.8   49964.5 ]
[24-10-31 15:20:25] 166   -25881.92 [    14617.4    7354.2   54485.7    4177.8   49978.6 ]
[24-10-31 15:20:25] 167   -25881.78 [    14617.4    7354.2   54485.7    4177.8   49992.7 ]
[24-10-31 15:20:26] 168   -25881.74 [    14617.4    7354.2   54485.7    4177.8   49996.0 ]
[24-10-31 15:20:26] 169   -25881.72 [    14617.4    7354.2   54485.7    4177.8   49998.5 ]
[24-10-31 15:20:26] 171   -25881.72 [    14617.4    7354.2   54485.7    4177.8   49998.5 ]
[24-10-31 15:20:26] 172   -25881.71 [    14618.4    7354.2   54485.7    4177.8   49998.5 ]
[24-10-31 15:20:27] 173   -25881.69 [    14620.0    7354.2   54485.7    4177.8   49998.5 ]
[24-10-31 15:20:27] 174   -25879.63 [    14796.4    7354.2   54485.7    4177.8   49998.5 ]
[24-10-31 15:20:27] 175   -25875.16 [    15559.8    7354.2   54485.7    4177.8   49998.5 ]
[24-10-31 15:20:27] 176   -25879.86 [    16794.9    7354.2   54485.7    4177.8   49998.5 ]
[24-10-31 15:20:28] 177   -25875.45 [    16031.6    7354.2   54485.7    4177.8   49998.5 ]
[24-10-31 15:20:28] 178   -25876.08 [    15268.2    7354.2   54485.7    4177.8   49998.5 ]
[24-10-31 15:20:28] 179   -25875.02 [    15733.2    7354.2   54485.7    4177.8   49998.5 ]
[24-10-31 15:20:28] 180   -25875.02 [    15722.0    7354.2   54485.7    4177.8   49998.5 ]
[24-10-31 15:20:29] 181   -25875.02 [    15711.0    7354.2   54485.7    4177.8   49998.5 ]
[24-10-31 15:20:29] 182   -25875.02 [    15722.0    7354.2   54485.7    4177.8   49998.5 ]
[24-10-31 15:20:29] 183   -25874.92 [    15722.0    7355.2   54485.7    4177.8   49998.5 ]
[24-10-31 15:20:29] 184   -25874.75 [    15722.0    7356.8   54485.7    4177.8   49998.5 ]
[24-10-31 15:20:30] 185   -25862.19 [    15722.0    7533.2   54485.7    4177.8   49998.5 ]
[24-10-31 15:20:30] 186   -25859.52 [    15722.0    7647.5   54485.7    4177.8   49998.5 ]
[24-10-31 15:20:30] 187   -25863.38 [    15722.0    7832.4   54485.7    4177.8   49998.5 ]
[24-10-31 15:20:30] 188   -25859.85 [    15722.0    7718.1   54485.7    4177.8   49998.5 ]
[24-10-31 15:20:31] 189   -25860.06 [    15722.0    7603.8   54485.7    4177.8   49998.5 ]
[24-10-31 15:20:31] 190   -25859.46 [    15722.0    7667.1   54485.7    4177.8   49998.5 ]
[24-10-31 15:20:31] 191   -25859.47 [    15722.0    7664.0   54485.7    4177.8   49998.5 ]
[24-10-31 15:20:31] 192   -25859.47 [    15722.0    7670.2   54485.7    4177.8   49998.5 ]
[24-10-31 15:20:32] 193   -25859.46 [    15722.0    7667.1   54485.7    4177.8   49998.5 ]
[24-10-31 15:20:32] 194   -25859.47 [    15722.0    7667.1   54486.7    4177.8   49998.5 ]
[24-10-31 15:20:32] 195   -25859.46 [    15722.0    7667.1   54484.1    4177.8   49998.5 ]
[24-10-31 15:20:32] 196   -25858.65 [    15722.0    7667.1   54307.8    4177.8   49998.5 ]
[24-10-31 15:20:33] 197    -25856.5 [    15722.0    7667.1   53281.9    4177.8   49998.5 ]
[24-10-31 15:20:33] 198   -25862.03 [    15722.0    7667.1   51622.1    4177.8   49998.5 ]
[24-10-31 15:20:33] 199    -25857.3 [    15722.0    7667.1   52647.9    4177.8   49998.5 ]
[24-10-31 15:20:34] 200   -25856.82 [    15722.0    7667.1   53673.8    4177.8   49998.5 ]
[24-10-31 15:20:34] 201    -25856.5 [    15722.0    7667.1   53269.9    4177.8   49998.5 ]
[24-10-31 15:20:35] 202    -25856.5 [    15722.0    7667.1   53294.0    4177.8   49998.5 ]
[24-10-31 15:20:35] 203    -25856.5 [    15722.0    7667.1   53281.9    4177.8   49998.5 ]
[24-10-31 15:20:36] 204   -25856.55 [    15722.0    7667.1   53281.9    4178.8   49998.5 ]
[24-10-31 15:20:36] 205   -25856.42 [    15722.0    7667.1   53281.9    4176.2   49998.5 ]
[24-10-31 15:20:37] 206   -25852.86 [    15722.0    7667.1   53281.9    4015.0   49998.5 ]
[24-10-31 15:20:37] 207   -25867.86 [    15722.0    7667.1   53281.9    3754.1   49998.5 ]
[24-10-31 15:20:37] 208   -25855.23 [    15722.0    7667.1   53281.9    3915.3   49998.5 ]
[24-10-31 15:20:38] 209   -25853.21 [    15722.0    7667.1   53281.9    4076.6   49998.5 ]
[24-10-31 15:20:38] 210   -25852.82 [    15722.0    7667.1   53281.9    4030.2   49998.5 ]
[24-10-31 15:20:39] 211   -25852.82 [    15722.0    7667.1   53281.9    4028.7   49998.5 ]
[24-10-31 15:20:39] 212   -25852.83 [    15722.0    7667.1   53281.9    4027.2   49998.5 ]
[24-10-31 15:20:40] 213   -25852.82 [    15722.0    7667.1   53281.9    4028.7   49998.5 ]
[24-10-31 15:20:40] 214   -25852.81 [    15722.0    7667.1   53281.9    4028.7   49999.5 ]
[24-10-31 15:20:41] 217   -25852.82 [    15722.0    7667.1   53281.9    4028.7   49999.1 ]
[24-10-31 15:20:41] 218   -25852.82 [    15722.0    7667.1   53281.9    4028.7   49999.3 ]
[24-10-31 15:20:42] 219   -25852.81 [    15722.0    7667.1   53281.9    4028.7   49999.7 ]
[24-10-31 15:20:42] 220   -25852.81 [    15722.0    7667.1   53281.9    4028.7   49999.8 ]
[24-10-31 15:20:43] 221   -25852.81 [    15722.0    7667.1   53281.9    4028.7   49999.9 ]
[24-10-31 15:20:43] 222   -25852.81 [    15722.0    7667.1   53281.9    4028.7   50000.0 ]
[24-10-31 15:20:43] 224   -25852.81 [    15722.0    7667.1   53281.9    4028.7   50000.0 ]
[24-10-31 15:20:44] 227   -25852.81 [    15722.0    7667.1   53281.9    4028.7   50000.0 ]
[24-10-31 15:20:44] 228    -25852.8 [    15723.0    7667.1   53281.9    4028.7   50000.0 ]
[24-10-31 15:20:45] 229    -25852.8 [    15724.6    7667.1   53281.9    4028.7   50000.0 ]
[24-10-31 15:20:45] 230   -25852.11 [    15901.0    7667.1   53281.9    4028.7   50000.0 ]
[24-10-31 15:20:46] 231   -25851.62 [    16204.8    7667.1   53281.9    4028.7   50000.0 ]
[24-10-31 15:20:46] 232   -25852.47 [    16696.4    7667.1   53281.9    4028.7   50000.0 ]
[24-10-31 15:20:47] 233   -25851.72 [    16392.6    7667.1   53281.9    4028.7   50000.0 ]
[24-10-31 15:20:47] 234   -25851.71 [    16088.8    7667.1   53281.9    4028.7   50000.0 ]
[24-10-31 15:20:48] 235   -25851.61 [    16238.1    7667.1   53281.9    4028.7   50000.0 ]
[24-10-31 15:20:48] 236   -25851.61 [    16233.0    7667.1   53281.9    4028.7   50000.0 ]
[24-10-31 15:20:48] 237   -25851.61 [    16243.3    7667.1   53281.9    4028.7   50000.0 ]
[24-10-31 15:20:49] 238   -25851.61 [    16238.1    7667.1   53281.9    4028.7   50000.0 ]
[24-10-31 15:20:49] 239   -25851.56 [    16238.1    7668.1   53281.9    4028.7   50000.0 ]
[24-10-31 15:20:50] 240   -25851.46 [    16238.1    7669.7   53281.9    4028.7   50000.0 ]
[24-10-31 15:20:50] 241   -25845.97 [    16238.1    7846.1   53281.9    4028.7   50000.0 ]
[24-10-31 15:20:50] 242   -25845.92 [    16238.1    7859.9   53281.9    4028.7   50000.0 ]
[24-10-31 15:20:51] 243   -25845.96 [    16238.1    7882.3   53281.9    4028.7   50000.0 ]
[24-10-31 15:20:51] 244   -25845.92 [    16238.1    7868.4   53281.9    4028.7   50000.0 ]
[24-10-31 15:20:51] 245   -25845.93 [    16238.1    7873.7   53281.9    4028.7   50000.0 ]
[24-10-31 15:20:51] 246   -25845.92 [    16238.1    7864.8   53281.9    4028.7   50000.0 ]
[24-10-31 15:20:52] 247   -25845.92 [    16238.1    7862.9   53281.9    4028.7   50000.0 ]
[24-10-31 15:20:52] 248   -25845.92 [    16238.1    7864.8   53281.9    4028.7   50000.0 ]
[24-10-31 15:20:52] 249   -25845.93 [    16238.1    7864.8   53282.9    4028.7   50000.0 ]
[24-10-31 15:20:53] 250   -25845.91 [    16238.1    7864.8   53280.3    4028.7   50000.0 ]
[24-10-31 15:20:53] 251   -25844.93 [    16238.1    7864.8   53103.9    4028.7   50000.0 ]
[24-10-31 15:20:54] 252   -25841.55 [    16238.1    7864.8   51809.2    4028.7   50000.0 ]
[24-10-31 15:20:54] 253    -25850.2 [    16238.1    7864.8   49714.3    4028.7   50000.0 ]
[24-10-31 15:20:54] 254    -25842.8 [    16238.1    7864.8   51009.0    4028.7   50000.0 ]
[24-10-31 15:20:55] 255   -25842.05 [    16238.1    7864.8   52303.8    4028.7   50000.0 ]
[24-10-31 15:20:55] 256   -25841.55 [    16238.1    7864.8   51794.5    4028.7   50000.0 ]
[24-10-31 15:20:56] 257   -25841.55 [    16238.1    7864.8   51823.9    4028.7   50000.0 ]
[24-10-31 15:20:56] 258   -25841.55 [    16238.1    7864.8   51809.2    4028.7   50000.0 ]
[24-10-31 15:20:57] 259   -25841.59 [    16238.1    7864.8   51809.2    4029.7   50000.0 ]
[24-10-31 15:20:57] 260   -25841.48 [    16238.1    7864.8   51809.2    4027.1   50000.0 ]
[24-10-31 15:20:58] 261   -25839.07 [    16238.1    7864.8   51809.2    3901.6   50000.0 ]
[24-10-31 15:20:58] 262   -25848.36 [    16238.1    7864.8   51809.2    3698.4   50000.0 ]
[24-10-31 15:20:58] 263   -25840.52 [    16238.1    7864.8   51809.2    3823.9   50000.0 ]
[24-10-31 15:20:59] 264   -25839.33 [    16238.1    7864.8   51809.2    3949.5   50000.0 ]
[24-10-31 15:20:59] 265   -25839.05 [    16238.1    7864.8   51809.2    3911.4   50000.0 ]
[24-10-31 15:21:00] 266   -25839.05 [    16238.1    7864.8   51809.2    3910.2   50000.0 ]
[24-10-31 15:21:00] 267   -25839.05 [    16238.1    7864.8   51809.2    3909.0   50000.0 ]
[24-10-31 15:21:01] 268   -25839.05 [    16238.1    7864.8   51809.2    3910.2   50000.0 ]
[24-10-31 15:21:01] 270   -25839.07 [    16238.1    7864.8   51809.2    3910.2   49998.4 ]
[24-10-31 15:21:02] 271   -25839.06 [    16238.1    7864.8   51809.2    3910.2   49999.4 ]
[24-10-31 15:21:02] 273   -25839.06 [    16238.1    7864.8   51809.2    3910.2   49999.7 ]
[24-10-31 15:21:03] 275   -25839.05 [    16238.1    7864.8   51809.2    3910.2   49999.9 ]
[24-10-31 15:21:03] 277   -25839.05 [    16238.1    7864.8   51809.2    3910.2   49999.9 ]
[24-10-31 15:21:04] 279   -25839.05 [    16238.1    7864.8   51809.2    3910.2   50000.0 ]
[24-10-31 15:21:04] 281   -25839.05 [    16238.1    7864.8   51809.2    3910.2   50000.0 ]
[24-10-31 15:21:04] 282   -25839.05 [    16238.1    7864.8   51809.2    3910.2   50000.0 ]
[24-10-31 15:21:05] 283   -25839.05 [    16238.1    7864.8   51809.2    3910.2   50000.0 ]
[24-10-31 15:21:05] 285   -25839.05 [    16238.1    7864.8   51809.2    3910.2   50000.0 ]
[24-10-31 15:21:06] 286   -25839.05 [    16238.1    7864.8   51809.2    3910.2   50000.0 ]
[24-10-31 15:21:06] 287   -25839.05 [    16238.1    7864.8   51809.2    3910.2   50000.0 ]
[24-10-31 15:21:07] 288   -25839.05 [    16238.1    7864.8   51809.2    3910.2   50000.0 ]
[24-10-31 15:21:07] 289   -25839.05 [    16238.1    7864.8   51809.2    3910.2   50000.0 ]
[24-10-31 15:21:08] 292   -25839.05 [    16238.1    7864.8   51809.2    3910.2   50000.0 ]
[24-10-31 15:21:08] 293   -25839.05 [    16239.1    7864.8   51809.2    3910.2   50000.0 ]
[24-10-31 15:21:08] 294   -25839.05 [    16240.7    7864.8   51809.2    3910.2   50000.0 ]
[24-10-31 15:21:09] 295   -25838.98 [    16367.7    7864.8   51809.2    3910.2   50000.0 ]
[24-10-31 15:21:09] 296   -25839.15 [    16573.1    7864.8   51809.2    3910.2   50000.0 ]
[24-10-31 15:21:10] 297    -25839.0 [    16446.2    7864.8   51809.2    3910.2   50000.0 ]
[24-10-31 15:21:10] 298   -25838.99 [    16319.2    7864.8   51809.2    3910.2   50000.0 ]
[24-10-31 15:21:11] 299   -25838.98 [    16370.7    7864.8   51809.2    3910.2   50000.0 ]
[24-10-31 15:21:11] 300   -25838.98 [    16369.4    7864.8   51809.2    3910.2   50000.0 ]
[24-10-31 15:21:12] 301   -25838.98 [    16372.0    7864.8   51809.2    3910.2   50000.0 ]
[24-10-31 15:21:12] 302   -25838.98 [    16370.7    7864.8   51809.2    3910.2   50000.0 ]
[24-10-31 15:21:13] 303   -25838.93 [    16370.7    7865.8   51809.2    3910.2   50000.0 ]
[24-10-31 15:21:13] 304   -25838.84 [    16370.7    7867.5   51809.2    3910.2   50000.0 ]
[24-10-31 15:21:13] 305   -25834.32 [    16370.7    8038.1   51809.2    3910.2   50000.0 ]
[24-10-31 15:21:14] 306   -25843.19 [    16370.7    8314.3   51809.2    3910.2   50000.0 ]
[24-10-31 15:21:14] 307   -25835.49 [    16370.7    8143.6   51809.2    3910.2   50000.0 ]
[24-10-31 15:21:15] 308   -25835.08 [    16370.7    7972.9   51809.2    3910.2   50000.0 ]
[24-10-31 15:21:15] 309   -25834.31 [    16370.7    8049.3   51809.2    3910.2   50000.0 ]
[24-10-31 15:21:16] 310   -25834.31 [    16370.7    8047.5   51809.2    3910.2   50000.0 ]
[24-10-31 15:21:16] 311   -25834.31 [    16370.7    8051.2   51809.2    3910.2   50000.0 ]
[24-10-31 15:21:17] 312   -25834.31 [    16370.7    8049.3   51809.2    3910.2   50000.0 ]
[24-10-31 15:21:17] 313   -25834.32 [    16370.7    8049.3   51810.2    3910.2   50000.0 ]
[24-10-31 15:21:18] 314    -25834.3 [    16370.7    8049.3   51807.6    3910.2   50000.0 ]
[24-10-31 15:21:18] 315    -25833.3 [    16370.7    8049.3   51631.2    3910.2   50000.0 ]
[24-10-31 15:21:19] 316   -25829.75 [    16370.7    8049.3   50295.5    3910.2   50000.0 ]
[24-10-31 15:21:19] 317   -25838.86 [    16370.7    8049.3   48134.4    3910.2   50000.0 ]
[24-10-31 15:21:20] 318   -25831.07 [    16370.7    8049.3   49470.0    3910.2   50000.0 ]
[24-10-31 15:21:20] 319   -25830.28 [    16370.7    8049.3   50805.7    3910.2   50000.0 ]
[24-10-31 15:21:20] 320   -25829.75 [    16370.7    8049.3   50280.4    3910.2   50000.0 ]
[24-10-31 15:21:21] 321   -25829.75 [    16370.7    8049.3   50310.7    3910.2   50000.0 ]
[24-10-31 15:21:21] 322   -25829.75 [    16370.7    8049.3   50295.5    3910.2   50000.0 ]
[24-10-31 15:21:22] 323   -25829.79 [    16370.7    8049.3   50295.5    3911.2   50000.0 ]
[24-10-31 15:21:22] 324   -25829.68 [    16370.7    8049.3   50295.5    3908.6   50000.0 ]
[24-10-31 15:21:23] 325   -25827.31 [    16370.7    8049.3   50295.5    3787.6   50000.0 ]
[24-10-31 15:21:23] 326   -25836.44 [    16370.7    8049.3   50295.5    3591.8   50000.0 ]
[24-10-31 15:21:24] 327   -25828.74 [    16370.7    8049.3   50295.5    3712.8   50000.0 ]
[24-10-31 15:21:24] 328   -25827.56 [    16370.7    8049.3   50295.5    3833.8   50000.0 ]
[24-10-31 15:21:25] 329   -25827.29 [    16370.7    8049.3   50295.5    3797.0   50000.0 ]
[24-10-31 15:21:25] 330   -25827.29 [    16370.7    8049.3   50295.5    3795.9   50000.0 ]
[24-10-31 15:21:26] 331   -25827.29 [    16370.7    8049.3   50295.5    3794.7   50000.0 ]
[24-10-31 15:21:26] 332   -25827.29 [    16370.7    8049.3   50295.5    3795.9   50000.0 ]
[24-10-31 15:21:27] 334   -25827.31 [    16370.7    8049.3   50295.5    3795.9   49998.4 ]
[24-10-31 15:21:27] 335    -25827.3 [    16370.7    8049.3   50295.5    3795.9   49999.4 ]
[24-10-31 15:21:27] 337   -25827.29 [    16370.7    8049.3   50295.5    3795.9   49999.7 ]
[24-10-31 15:21:28] 339   -25827.29 [    16370.7    8049.3   50295.5    3795.9   49999.9 ]
[24-10-31 15:21:28] 341   -25827.29 [    16370.7    8049.3   50295.5    3795.9   50000.0 ]
[24-10-31 15:21:29] 343   -25827.29 [    16370.7    8049.3   50295.5    3795.9   50000.0 ]
[24-10-31 15:21:29] 345   -25827.29 [    16370.7    8049.3   50295.5    3795.9   50000.0 ]
[24-10-31 15:21:30] 347   -25827.29 [    16370.7    8049.3   50295.5    3795.9   50000.0 ]
[24-10-31 15:21:30] 349   -25827.29 [    16370.7    8049.3   50295.5    3795.9   50000.0 ]
[24-10-31 15:21:31] 351   -25827.29 [    16370.7    8049.3   50295.5    3795.9   50000.0 ]
[24-10-31 15:21:31] 353   -25827.29 [    16370.7    8049.3   50295.5    3795.9   50000.0 ]
[24-10-31 15:21:31] 355   -25827.29 [    16370.7    8049.3   50295.5    3795.9   50000.0 ]
[24-10-31 15:21:32] 357   -25827.29 [    16370.7    8049.3   50295.5    3795.9   50000.0 ]
[24-10-31 15:21:32] 358   -25827.29 [    16370.7    8049.3   50295.5    3795.9   50000.0 ]
[24-10-31 15:21:32] 360   -25827.29 [    16370.7    8049.3   50295.5    3795.9   50000.0 ]
[24-10-31 15:21:33] 361   -25827.29 [    16370.7    8049.3   50295.5    3795.9   50000.0 ]
[24-10-31 15:21:33] 362   -25827.29 [    16370.7    8049.3   50295.5    3795.9   50000.0 ]
[24-10-31 15:21:33] 364   -25827.29 [    16370.7    8049.3   50295.5    3795.9   50000.0 ]
[24-10-31 15:21:33] 366   -25827.29 [    16370.7    8049.3   50295.5    3795.9   50000.0 ]
[24-10-31 15:21:34] 369   -25827.29 [    16370.7    8049.3   50295.5    3795.9   50000.0 ]
[24-10-31 15:21:34] 370   -25827.29 [    16371.7    8049.3   50295.5    3795.9   50000.0 ]
[24-10-31 15:21:34] 371   -25827.29 [    16373.3    8049.3   50295.5    3795.9   50000.0 ]
[24-10-31 15:21:34] 372   -25827.26 [    16456.9    8049.3   50295.5    3795.9   50000.0 ]
[24-10-31 15:21:35] 373   -25827.33 [    16592.0    8049.3   50295.5    3795.9   50000.0 ]
[24-10-31 15:21:35] 374   -25827.27 [    16508.5    8049.3   50295.5    3795.9   50000.0 ]
[24-10-31 15:21:35] 375   -25827.26 [    16425.0    8049.3   50295.5    3795.9   50000.0 ]
[24-10-31 15:21:35] 376   -25827.26 [    16458.1    8049.3   50295.5    3795.9   50000.0 ]
[24-10-31 15:21:36] 377   -25827.26 [    16459.0    8049.3   50295.5    3795.9   50000.0 ]
[24-10-31 15:21:36] 378   -25827.26 [    16458.1    8049.3   50295.5    3795.9   50000.0 ]
[24-10-31 15:21:36] 379   -25827.21 [    16458.1    8050.3   50295.5    3795.9   50000.0 ]
[24-10-31 15:21:36] 380   -25827.13 [    16458.1    8051.9   50295.5    3795.9   50000.0 ]
[24-10-31 15:21:37] 381    -25822.9 [    16458.1    8221.1   50295.5    3795.9   50000.0 ]
[24-10-31 15:21:37] 382   -25831.27 [    16458.1    8494.7   50295.5    3795.9   50000.0 ]
[24-10-31 15:21:37] 383   -25824.01 [    16458.1    8325.6   50295.5    3795.9   50000.0 ]
[24-10-31 15:21:38] 384   -25823.61 [    16458.1    8156.5   50295.5    3795.9   50000.0 ]
[24-10-31 15:21:38] 385   -25822.89 [    16458.1    8231.8   50295.5    3795.9   50000.0 ]
[24-10-31 15:21:38] 386   -25822.89 [    16458.1    8229.9   50295.5    3795.9   50000.0 ]
[24-10-31 15:21:38] 387   -25822.89 [    16458.1    8233.6   50295.5    3795.9   50000.0 ]
[24-10-31 15:21:39] 388   -25822.89 [    16458.1    8231.8   50295.5    3795.9   50000.0 ]
[24-10-31 15:21:39] 389    -25822.9 [    16458.1    8231.8   50296.5    3795.9   50000.0 ]
[24-10-31 15:21:39] 390   -25822.88 [    16458.1    8231.8   50293.9    3795.9   50000.0 ]
[24-10-31 15:21:39] 391    -25821.9 [    16458.1    8231.8   50117.6    3795.9   50000.0 ]
[24-10-31 15:21:40] 392   -25818.44 [    16458.1    8231.8   48792.8    3795.9   50000.0 ]
[24-10-31 15:21:40] 393   -25827.35 [    16458.1    8231.8   46649.2    3795.9   50000.0 ]
[24-10-31 15:21:40] 394   -25819.73 [    16458.1    8231.8   47974.0    3795.9   50000.0 ]
[24-10-31 15:21:40] 395   -25818.95 [    16458.1    8231.8   49298.8    3795.9   50000.0 ]
[24-10-31 15:21:41] 396   -25818.44 [    16458.1    8231.8   48777.7    3795.9   50000.0 ]
[24-10-31 15:21:41] 397   -25818.44 [    16458.1    8231.8   48807.8    3795.9   50000.0 ]
[24-10-31 15:21:41] 398   -25818.44 [    16458.1    8231.8   48792.8    3795.9   50000.0 ]
[24-10-31 15:21:41] 399   -25818.48 [    16458.1    8231.8   48792.8    3796.9   50000.0 ]
[24-10-31 15:21:42] 400   -25818.37 [    16458.1    8231.8   48792.8    3794.2   50000.0 ]
[24-10-31 15:21:42] 401    -25815.9 [    16458.1    8231.8   48792.8    3674.3   50000.0 ]
[24-10-31 15:21:42] 402   -25825.46 [    16458.1    8231.8   48792.8    3480.2   50000.0 ]
[24-10-31 15:21:42] 403    -25817.4 [    16458.1    8231.8   48792.8    3600.1   50000.0 ]
[24-10-31 15:21:42] 404   -25816.17 [    16458.1    8231.8   48792.8    3720.1   50000.0 ]
[24-10-31 15:21:43] 405   -25815.88 [    16458.1    8231.8   48792.8    3683.8   50000.0 ]
[24-10-31 15:21:43] 406   -25815.88 [    16458.1    8231.8   48792.8    3682.7   50000.0 ]
[24-10-31 15:21:43] 407   -25815.88 [    16458.1    8231.8   48792.8    3681.5   50000.0 ]
[24-10-31 15:21:43] 408   -25815.88 [    16458.1    8231.8   48792.8    3682.7   50000.0 ]
[24-10-31 15:21:44] 410    -25815.9 [    16458.1    8231.8   48792.8    3682.7   49998.4 ]
[24-10-31 15:21:44] 411   -25815.89 [    16458.1    8231.8   48792.8    3682.7   49999.4 ]
[24-10-31 15:21:44] 413   -25815.89 [    16458.1    8231.8   48792.8    3682.7   49999.7 ]
[24-10-31 15:21:44] 415   -25815.88 [    16458.1    8231.8   48792.8    3682.7   49999.9 ]
[24-10-31 15:21:45] 417   -25815.88 [    16458.1    8231.8   48792.8    3682.7   50000.0 ]
[24-10-31 15:21:45] 419   -25815.88 [    16458.1    8231.8   48792.8    3682.7   50000.0 ]
[24-10-31 15:21:45] 421   -25815.88 [    16458.1    8231.8   48792.8    3682.7   50000.0 ]
[24-10-31 15:21:45] 423   -25815.88 [    16458.1    8231.8   48792.8    3682.7   50000.0 ]
[24-10-31 15:21:46] 425   -25815.88 [    16458.1    8231.8   48792.8    3682.7   50000.0 ]
[24-10-31 15:21:46] 427   -25815.88 [    16458.1    8231.8   48792.8    3682.7   50000.0 ]
[24-10-31 15:21:46] 429   -25815.88 [    16458.1    8231.8   48792.8    3682.7   50000.0 ]
[24-10-31 15:21:46] 431   -25815.88 [    16458.1    8231.8   48792.8    3682.7   50000.0 ]
[24-10-31 15:21:46] 433   -25815.88 [    16458.1    8231.8   48792.8    3682.7   50000.0 ]
[24-10-31 15:21:47] 435   -25815.88 [    16458.1    8231.8   48792.8    3682.7   50000.0 ]
[24-10-31 15:21:47] 437   -25815.88 [    16458.1    8231.8   48792.8    3682.7   50000.0 ]
[24-10-31 15:21:47] 439   -25815.88 [    16458.1    8231.8   48792.8    3682.7   50000.0 ]
[24-10-31 15:21:47] 441   -25815.88 [    16458.1    8231.8   48792.8    3682.7   50000.0 ]
[24-10-31 15:21:48] 443   -25815.88 [    16458.1    8231.8   48792.8    3682.7   50000.0 ]
[24-10-31 15:21:48] 445   -25815.88 [    16458.1    8231.8   48792.8    3682.7   50000.0 ]
[24-10-31 15:21:48] 447   -25815.88 [    16458.1    8231.8   48792.8    3682.7   50000.0 ]
[24-10-31 15:21:48] 448   -25815.88 [    16458.1    8231.8   48792.8    3682.7   50000.0 ]
[24-10-31 15:21:48] 449   -25815.88 [    16458.1    8231.8   48792.8    3682.7   50000.0 ]
[24-10-31 15:21:49] 451   -25815.88 [    16458.1    8231.8   48792.8    3682.7   50000.0 ]
[24-10-31 15:21:49] 452   -25815.88 [    16458.1    8231.8   48792.8    3682.7   50000.0 ]
[24-10-31 15:21:49] 453   -25815.88 [    16458.1    8231.8   48792.8    3682.7   50000.0 ]
[24-10-31 15:21:49] 454   -25815.88 [    16458.1    8231.8   48792.8    3682.7   50000.0 ]
[24-10-31 15:21:50] 455   -25815.88 [    16458.1    8231.8   48792.8    3682.7   50000.0 ]
[24-10-31 15:21:50] 457   -25815.88 [    16458.1    8231.8   48792.8    3682.7   50000.0 ]
[24-10-31 15:21:50] 458   -25815.88 [    16459.1    8231.8   48792.8    3682.7   50000.0 ]
[24-10-31 15:21:50] 459   -25815.88 [    16460.8    8231.8   48792.8    3682.7   50000.0 ]
[24-10-31 15:21:51] 460   -25815.85 [    16542.0    8231.8   48792.8    3682.7   50000.0 ]
[24-10-31 15:21:51] 461   -25815.92 [    16673.3    8231.8   48792.8    3682.7   50000.0 ]
[24-10-31 15:21:51] 462   -25815.86 [    16592.1    8231.8   48792.8    3682.7   50000.0 ]
[24-10-31 15:21:51] 463   -25815.86 [    16510.9    8231.8   48792.8    3682.7   50000.0 ]
[24-10-31 15:21:52] 464   -25815.85 [    16543.2    8231.8   48792.8    3682.7   50000.0 ]
[24-10-31 15:21:52] 465   -25815.85 [    16544.0    8231.8   48792.8    3682.7   50000.0 ]
[24-10-31 15:21:52] 466   -25815.85 [    16543.2    8231.8   48792.8    3682.7   50000.0 ]
[24-10-31 15:21:52] 467   -25815.81 [    16543.2    8232.8   48792.8    3682.7   50000.0 ]
[24-10-31 15:21:52] 468   -25815.73 [    16543.2    8234.4   48792.8    3682.7   50000.0 ]
[24-10-31 15:21:53] 469   -25811.76 [    16543.2    8402.3   48792.8    3682.7   50000.0 ]
[24-10-31 15:21:53] 470   -25819.69 [    16543.2    8674.0   48792.8    3682.7   50000.0 ]
[24-10-31 15:21:53] 471   -25812.81 [    16543.2    8506.1   48792.8    3682.7   50000.0 ]
[24-10-31 15:21:53] 472   -25812.42 [    16543.2    8338.2   48792.8    3682.7   50000.0 ]
[24-10-31 15:21:54] 473   -25811.74 [    16543.2    8412.6   48792.8    3682.7   50000.0 ]
[24-10-31 15:21:54] 474   -25811.74 [    16543.2    8410.8   48792.8    3682.7   50000.0 ]
[24-10-31 15:21:54] 475   -25811.75 [    16543.2    8414.4   48792.8    3682.7   50000.0 ]
[24-10-31 15:21:54] 476   -25811.74 [    16543.2    8412.6   48792.8    3682.7   50000.0 ]
[24-10-31 15:21:55] 477   -25811.75 [    16543.2    8412.6   48793.8    3682.7   50000.0 ]
[24-10-31 15:21:55] 478   -25811.74 [    16543.2    8412.6   48791.1    3682.7   50000.0 ]
[24-10-31 15:21:55] 479   -25810.77 [    16543.2    8412.6   48614.8    3682.7   50000.0 ]
[24-10-31 15:21:55] 480   -25807.44 [    16543.2    8412.6   47312.4    3682.7   50000.0 ]
[24-10-31 15:21:56] 481   -25816.04 [    16543.2    8412.6   45205.1    3682.7   50000.0 ]
[24-10-31 15:21:56] 482   -25808.69 [    16543.2    8412.6   46507.5    3682.7   50000.0 ]
[24-10-31 15:21:56] 483   -25807.93 [    16543.2    8412.6   47809.9    3682.7   50000.0 ]
[24-10-31 15:21:56] 484   -25807.44 [    16543.2    8412.6   47297.6    3682.7   50000.0 ]
[24-10-31 15:21:56] 485   -25807.44 [    16543.2    8412.6   47327.2    3682.7   50000.0 ]
[24-10-31 15:21:57] 486   -25807.44 [    16543.2    8412.6   47312.4    3682.7   50000.0 ]
[24-10-31 15:21:57] 487   -25807.49 [    16543.2    8412.6   47312.4    3683.7   50000.0 ]
[24-10-31 15:21:57] 488   -25807.37 [    16543.2    8412.6   47312.4    3681.1   50000.0 ]
[24-10-31 15:21:57] 489   -25804.81 [    16543.2    8412.6   47312.4    3562.3   50000.0 ]
[24-10-31 15:21:58] 490    -25814.8 [    16543.2    8412.6   47312.4    3370.3   50000.0 ]
[24-10-31 15:21:58] 491   -25806.38 [    16543.2    8412.6   47312.4    3489.0   50000.0 ]
[24-10-31 15:21:58] 492   -25805.08 [    16543.2    8412.6   47312.4    3607.7   50000.0 ]
[24-10-31 15:21:59] 493   -25804.79 [    16543.2    8412.6   47312.4    3571.9   50000.0 ]
[24-10-31 15:21:59] 494   -25804.79 [    16543.2    8412.6   47312.4    3570.8   50000.0 ]
[24-10-31 15:21:59] 495   -25804.79 [    16543.2    8412.6   47312.4    3569.7   50000.0 ]
[24-10-31 15:21:59] 496   -25804.79 [    16543.2    8412.6   47312.4    3570.8   50000.0 ]
[24-10-31 15:22:00] 498   -25804.81 [    16543.2    8412.6   47312.4    3570.8   49998.4 ]
[24-10-31 15:22:00] 499    -25804.8 [    16543.2    8412.6   47312.4    3570.8   49999.4 ]
[24-10-31 15:22:00] 501    -25804.8 [    16543.2    8412.6   47312.4    3570.8   49999.7 ]
[24-10-31 15:22:00] 503   -25804.79 [    16543.2    8412.6   47312.4    3570.8   49999.9 ]
[24-10-31 15:22:01] 505   -25804.79 [    16543.2    8412.6   47312.4    3570.8   50000.0 ]
[24-10-31 15:22:01] 507   -25804.79 [    16543.2    8412.6   47312.4    3570.8   50000.0 ]
[24-10-31 15:22:01] 509   -25804.79 [    16543.2    8412.6   47312.4    3570.8   50000.0 ]
[24-10-31 15:22:01] 511   -25804.79 [    16543.2    8412.6   47312.4    3570.8   50000.0 ]
[24-10-31 15:22:02] 513   -25804.79 [    16543.2    8412.6   47312.4    3570.8   50000.0 ]
[24-10-31 15:22:02] 515   -25804.79 [    16543.2    8412.6   47312.4    3570.8   50000.0 ]
[24-10-31 15:22:02] 517   -25804.79 [    16543.2    8412.6   47312.4    3570.8   50000.0 ]
[24-10-31 15:22:02] 519   -25804.79 [    16543.2    8412.6   47312.4    3570.8   50000.0 ]
[24-10-31 15:22:03] 521   -25804.79 [    16543.2    8412.6   47312.4    3570.8   50000.0 ]
[24-10-31 15:22:03] 523   -25804.79 [    16543.2    8412.6   47312.4    3570.8   50000.0 ]
[24-10-31 15:22:03] 525   -25804.79 [    16543.2    8412.6   47312.4    3570.8   50000.0 ]
[24-10-31 15:22:03] 527   -25804.79 [    16543.2    8412.6   47312.4    3570.8   50000.0 ]
[24-10-31 15:22:04] 529   -25804.79 [    16543.2    8412.6   47312.4    3570.8   50000.0 ]
[24-10-31 15:22:04] 531   -25804.79 [    16543.2    8412.6   47312.4    3570.8   50000.0 ]
[24-10-31 15:22:04] 533   -25804.79 [    16543.2    8412.6   47312.4    3570.8   50000.0 ]
[24-10-31 15:22:04] 535   -25804.79 [    16543.2    8412.6   47312.4    3570.8   50000.0 ]
[24-10-31 15:22:05] 537   -25804.79 [    16543.2    8412.6   47312.4    3570.8   50000.0 ]
[24-10-31 15:22:05] 538   -25804.79 [    16543.2    8412.6   47312.4    3570.8   50000.0 ]
[24-10-31 15:22:05] 539   -25804.79 [    16543.2    8412.6   47312.4    3570.8   50000.0 ]
[24-10-31 15:22:05] 540   -25804.79 [    16543.2    8412.6   47312.4    3570.8   50000.0 ]
[24-10-31 15:22:06] 541   -25804.79 [    16543.2    8412.6   47312.4    3570.8   50000.0 ]
[24-10-31 15:22:06] 542   -25804.79 [    16543.2    8412.6   47312.4    3570.8   50000.0 ]
[24-10-31 15:22:06] 543   -25804.79 [    16543.2    8412.6   47312.4    3570.8   50000.0 ]
[24-10-31 15:22:06] 544   -25804.79 [    16543.2    8412.6   47312.4    3570.8   50000.0 ]
[24-10-31 15:22:07] 545   -25804.79 [    16543.2    8412.6   47312.4    3570.8   50000.0 ]
[24-10-31 15:22:07] 546   -25804.79 [    16543.2    8412.6   47312.4    3570.8   50000.0 ]
[24-10-31 15:22:07] 547   -25804.79 [    16543.2    8412.6   47312.4    3570.8   50000.0 ]
[24-10-31 15:22:08] 548   -25804.79 [    16543.2    8412.6   47312.4    3570.8   50000.0 ]
[24-10-31 15:22:08] 550   -25804.79 [    16543.2    8412.6   47312.4    3570.8   50000.0 ]
[24-10-31 15:22:08] 551   -25804.79 [    16544.2    8412.6   47312.4    3570.8   50000.0 ]
[24-10-31 15:22:08] 552   -25804.79 [    16545.8    8412.6   47312.4    3570.8   50000.0 ]
[24-10-31 15:22:09] 553   -25804.76 [    16628.5    8412.6   47312.4    3570.8   50000.0 ]
[24-10-31 15:22:09] 554   -25804.83 [    16762.3    8412.6   47312.4    3570.8   50000.0 ]
[24-10-31 15:22:09] 555   -25804.77 [    16679.6    8412.6   47312.4    3570.8   50000.0 ]
[24-10-31 15:22:10] 556   -25804.77 [    16596.9    8412.6   47312.4    3570.8   50000.0 ]
[24-10-31 15:22:10] 557   -25804.76 [    16629.7    8412.6   47312.4    3570.8   50000.0 ]
[24-10-31 15:22:11] 558   -25804.76 [    16630.6    8412.6   47312.4    3570.8   50000.0 ]
[24-10-31 15:22:11] 559   -25804.76 [    16629.7    8412.6   47312.4    3570.8   50000.0 ]
[24-10-31 15:22:12] 560   -25804.72 [    16629.7    8413.6   47312.4    3570.8   50000.0 ]
[24-10-31 15:22:12] 561   -25804.65 [    16629.7    8415.2   47312.4    3570.8   50000.0 ]
[24-10-31 15:22:13] 562   -25800.94 [    16629.7    8581.2   47312.4    3570.8   50000.0 ]
[24-10-31 15:22:13] 563   -25808.41 [    16629.7    8849.8   47312.4    3570.8   50000.0 ]
[24-10-31 15:22:14] 564   -25801.93 [    16629.7    8683.8   47312.4    3570.8   50000.0 ]
[24-10-31 15:22:14] 565   -25801.55 [    16629.7    8517.8   47312.4    3570.8   50000.0 ]
[24-10-31 15:22:14] 566   -25800.93 [    16629.7    8591.1   47312.4    3570.8   50000.0 ]
[24-10-31 15:22:15] 567   -25800.93 [    16629.7    8589.3   47312.4    3570.8   50000.0 ]
[24-10-31 15:22:15] 568   -25800.93 [    16629.7    8592.8   47312.4    3570.8   50000.0 ]
[24-10-31 15:22:16] 569   -25800.93 [    16629.7    8591.1   47312.4    3570.8   50000.0 ]
[24-10-31 15:22:16] 570   -25800.93 [    16629.7    8591.1   47313.4    3570.8   50000.0 ]
[24-10-31 15:22:17] 571   -25800.92 [    16629.7    8591.1   47310.8    3570.8   50000.0 ]
[24-10-31 15:22:17] 572   -25799.98 [    16629.7    8591.1   47134.4    3570.8   50000.0 ]
[24-10-31 15:22:18] 573   -25796.79 [    16629.7    8591.1   45861.7    3570.8   50000.0 ]
[24-10-31 15:22:18] 574   -25805.04 [    16629.7    8591.1   43802.4    3570.8   50000.0 ]
[24-10-31 15:22:19] 575   -25797.99 [    16629.7    8591.1   45075.1    3570.8   50000.0 ]
[24-10-31 15:22:19] 576   -25797.26 [    16629.7    8591.1   46347.8    3570.8   50000.0 ]
[24-10-31 15:22:19] 577   -25796.79 [    16629.7    8591.1   45847.2    3570.8   50000.0 ]
[24-10-31 15:22:20] 578   -25796.79 [    16629.7    8591.1   45876.2    3570.8   50000.0 ]
[24-10-31 15:22:20] 579   -25796.79 [    16629.7    8591.1   45861.7    3570.8   50000.0 ]
[24-10-31 15:22:21] 580   -25796.84 [    16629.7    8591.1   45861.7    3571.8   50000.0 ]
[24-10-31 15:22:21] 581   -25796.72 [    16629.7    8591.1   45861.7    3569.2   50000.0 ]
[24-10-31 15:22:22] 582   -25794.09 [    16629.7    8591.1   45861.7    3452.4   50000.0 ]
[24-10-31 15:22:22] 583   -25804.41 [    16629.7    8591.1   45861.7    3263.4   50000.0 ]
[24-10-31 15:22:23] 584   -25795.71 [    16629.7    8591.1   45861.7    3380.2   50000.0 ]
[24-10-31 15:22:23] 585   -25794.37 [    16629.7    8591.1   45861.7    3497.0   50000.0 ]
[24-10-31 15:22:24] 586   -25794.07 [    16629.7    8591.1   45861.7    3462.0   50000.0 ]
[24-10-31 15:22:24] 587   -25794.07 [    16629.7    8591.1   45861.7    3460.9   50000.0 ]
[24-10-31 15:22:25] 588   -25794.07 [    16629.7    8591.1   45861.7    3459.8   50000.0 ]
[24-10-31 15:22:25] 589   -25794.07 [    16629.7    8591.1   45861.7    3460.9   50000.0 ]
[24-10-31 15:22:25] 591   -25794.08 [    16629.7    8591.1   45861.7    3460.9   49998.4 ]
[24-10-31 15:22:26] 592   -25794.07 [    16629.7    8591.1   45861.7    3460.9   49999.4 ]
[24-10-31 15:22:26] 594   -25794.07 [    16629.7    8591.1   45861.7    3460.9   49999.7 ]
[24-10-31 15:22:27] 596   -25794.07 [    16629.7    8591.1   45861.7    3460.9   49999.9 ]
[24-10-31 15:22:27] 598   -25794.07 [    16629.7    8591.1   45861.7    3460.9   50000.0 ]
[24-10-31 15:22:28] 600   -25794.07 [    16629.7    8591.1   45861.7    3460.9   50000.0 ]
[24-10-31 15:22:28] 602   -25794.07 [    16629.7    8591.1   45861.7    3460.9   50000.0 ]
[24-10-31 15:22:29] 604   -25794.07 [    16629.7    8591.1   45861.7    3460.9   50000.0 ]
[24-10-31 15:22:29] 606   -25794.07 [    16629.7    8591.1   45861.7    3460.9   50000.0 ]
[24-10-31 15:22:30] 608   -25794.07 [    16629.7    8591.1   45861.7    3460.9   50000.0 ]
[24-10-31 15:22:30] 610   -25794.07 [    16629.7    8591.1   45861.7    3460.9   50000.0 ]
[24-10-31 15:22:31] 612   -25794.07 [    16629.7    8591.1   45861.7    3460.9   50000.0 ]
[24-10-31 15:22:31] 614   -25794.07 [    16629.7    8591.1   45861.7    3460.9   50000.0 ]
[24-10-31 15:22:31] 616   -25794.07 [    16629.7    8591.1   45861.7    3460.9   50000.0 ]
[24-10-31 15:22:32] 618   -25794.07 [    16629.7    8591.1   45861.7    3460.9   50000.0 ]
[24-10-31 15:22:32] 620   -25794.07 [    16629.7    8591.1   45861.7    3460.9   50000.0 ]
[24-10-31 15:22:33] 622   -25794.07 [    16629.7    8591.1   45861.7    3460.9   50000.0 ]
[24-10-31 15:22:33] 624   -25794.07 [    16629.7    8591.1   45861.7    3460.9   50000.0 ]
[24-10-31 15:22:34] 626   -25794.07 [    16629.7    8591.1   45861.7    3460.9   50000.0 ]
[24-10-31 15:22:34] 628   -25794.07 [    16629.7    8591.1   45861.7    3460.9   50000.0 ]
[24-10-31 15:22:35] 630   -25794.07 [    16629.7    8591.1   45861.7    3460.9   50000.0 ]
[24-10-31 15:22:35] 631   -25794.07 [    16629.7    8591.1   45861.7    3460.9   50000.0 ]
[24-10-31 15:22:36] 633   -25794.07 [    16629.7    8591.1   45861.7    3460.9   50000.0 ]
[24-10-31 15:22:36] 634   -25794.07 [    16629.7    8591.1   45861.7    3460.9   50000.0 ]
[24-10-31 15:22:37] 635   -25794.07 [    16629.7    8591.1   45861.7    3460.9   50000.0 ]
[24-10-31 15:22:37] 636   -25794.07 [    16629.7    8591.1   45861.7    3460.9   50000.0 ]
[24-10-31 15:22:37] 637   -25794.07 [    16629.7    8591.1   45861.7    3460.9   50000.0 ]
[24-10-31 15:22:38] 638   -25794.07 [    16629.7    8591.1   45861.7    3460.9   50000.0 ]
[24-10-31 15:22:38] 639   -25794.07 [    16629.7    8591.1   45861.7    3460.9   50000.0 ]
[24-10-31 15:22:38] 640   -25794.07 [    16629.7    8591.1   45861.7    3460.9   50000.0 ]
[24-10-31 15:22:38] 641   -25794.07 [    16629.7    8591.1   45861.7    3460.9   50000.0 ]
[24-10-31 15:22:39] 642   -25794.07 [    16629.7    8591.1   45861.7    3460.9   50000.0 ]
[24-10-31 15:22:39] 643   -25783.55 [    16716.3    8769.5   44411.0    3350.9   50000.0 ]
[24-10-31 15:22:40] 644   -25794.07 [    16629.7    8591.1   45861.7    3460.9   50000.0 ]
[24-10-31 15:22:40] 645   -25783.55 [    16716.3    8769.5   44411.0    3350.9   50000.0 ]
[24-10-31 15:22:41] 646   -25766.97 [    16856.4    9058.2   42063.8    3173.0   50000.0 ]
[24-10-31 15:22:41] 651    -25756.8 [    16944.8    9240.5   40582.1    3060.7   50000.0 ]
[24-10-31 15:22:42] 652   -25761.86 [    16900.6    9149.4   41322.9    3116.9   50000.0 ]
[24-10-31 15:22:42] 654   -25754.44 [    16965.7    9283.5   40232.3    3034.2   50000.0 ]
[24-10-31 15:22:43] 655   -25752.98 [    16978.6    9310.1   40016.1    3017.8   50000.0 ]
[24-10-31 15:22:43] 657   -25753.54 [    16973.6    9300.0   40098.7    3024.1   50000.0 ]
[24-10-31 15:22:43] 659   -25752.98 [    16978.6    9310.1   40016.1    3017.8   50000.0 ]
[24-10-31 15:22:44] 660   -25752.98 [    16979.6    9310.1   40016.1    3017.8   50000.0 ]
[24-10-31 15:22:44] 661   -25752.98 [    16981.2    9310.1   40016.1    3017.8   50000.0 ]
[24-10-31 15:22:45] 662   -25752.95 [    17070.5    9310.1   40016.1    3017.8   50000.0 ]
[24-10-31 15:22:45] 663   -25753.02 [    17215.1    9310.1   40016.1    3017.8   50000.0 ]
[24-10-31 15:22:45] 664   -25752.96 [    17125.7    9310.1   40016.1    3017.8   50000.0 ]
[24-10-31 15:22:46] 665   -25752.96 [    17036.4    9310.1   40016.1    3017.8   50000.0 ]
[24-10-31 15:22:46] 666   -25752.95 [    17071.9    9310.1   40016.1    3017.8   50000.0 ]
[24-10-31 15:22:46] 667   -25752.95 [    17072.9    9310.1   40016.1    3017.8   50000.0 ]
[24-10-31 15:22:47] 668   -25752.95 [    17071.9    9310.1   40016.1    3017.8   50000.0 ]
[24-10-31 15:22:47] 669   -25752.92 [    17071.9    9311.1   40016.1    3017.8   50000.0 ]
[24-10-31 15:22:47] 670   -25752.87 [    17071.9    9312.7   40016.1    3017.8   50000.0 ]
[24-10-31 15:22:48] 671   -25750.37 [    17071.9    9464.2   40016.1    3017.8   50000.0 ]
[24-10-31 15:22:48] 672   -25755.63 [    17071.9    9709.3   40016.1    3017.8   50000.0 ]
[24-10-31 15:22:48] 673   -25751.09 [    17071.9    9557.8   40016.1    3017.8   50000.0 ]
[24-10-31 15:22:49] 674   -25750.78 [    17071.9    9406.4   40016.1    3017.8   50000.0 ]
[24-10-31 15:22:49] 675   -25750.37 [    17071.9    9471.6   40016.1    3017.8   50000.0 ]
[24-10-31 15:22:49] 676   -25750.37 [    17071.9    9470.0   40016.1    3017.8   50000.0 ]
[24-10-31 15:22:49] 677   -25750.37 [    17071.9    9473.2   40016.1    3017.8   50000.0 ]
[24-10-31 15:22:50] 678   -25750.37 [    17071.9    9471.6   40016.1    3017.8   50000.0 ]
[24-10-31 15:22:50] 680   -25750.38 [    17071.9    9471.6   40016.1    3017.8   49998.4 ]
[24-10-31 15:22:50] 681   -25750.37 [    17071.9    9471.6   40016.1    3017.8   49999.4 ]
[24-10-31 15:22:51] 683   -25750.37 [    17071.9    9471.6   40016.1    3017.8   49999.7 ]
[24-10-31 15:22:51] 685   -25750.37 [    17071.9    9471.6   40016.1    3017.8   49999.9 ]
[24-10-31 15:22:51] 687   -25750.37 [    17071.9    9471.6   40016.1    3017.8   50000.0 ]
[24-10-31 15:22:51] 689   -25750.37 [    17071.9    9471.6   40016.1    3017.8   50000.0 ]
[24-10-31 15:22:52] 691   -25750.37 [    17071.9    9471.6   40016.1    3017.8   50000.0 ]
[24-10-31 15:22:52] 693   -25750.37 [    17071.9    9471.6   40016.1    3017.8   50000.0 ]
[24-10-31 15:22:52] 695   -25750.37 [    17071.9    9471.6   40016.1    3017.8   50000.0 ]
[24-10-31 15:22:52] 697   -25750.37 [    17071.9    9471.6   40016.1    3017.8   50000.0 ]
[24-10-31 15:22:53] 699   -25750.37 [    17071.9    9471.6   40016.1    3017.8   50000.0 ]
[24-10-31 15:22:53] 701   -25750.37 [    17071.9    9471.6   40016.1    3017.8   50000.0 ]
[24-10-31 15:22:53] 703   -25750.37 [    17071.9    9471.6   40016.1    3017.8   50000.0 ]
[24-10-31 15:22:54] 705   -25750.37 [    17071.9    9471.6   40016.1    3017.8   50000.0 ]
[24-10-31 15:22:54] 707   -25750.37 [    17071.9    9471.6   40016.1    3017.8   50000.0 ]
[24-10-31 15:22:54] 709   -25750.37 [    17071.9    9471.6   40016.1    3017.8   50000.0 ]
[24-10-31 15:22:54] 711   -25750.37 [    17071.9    9471.6   40016.1    3017.8   50000.0 ]
[24-10-31 15:22:55] 713   -25750.37 [    17071.9    9471.6   40016.1    3017.8   50000.0 ]
[24-10-31 15:22:55] 715   -25750.37 [    17071.9    9471.6   40016.1    3017.8   50000.0 ]
[24-10-31 15:22:55] 717   -25750.37 [    17071.9    9471.6   40016.1    3017.8   50000.0 ]
[24-10-31 15:22:55] 719   -25750.37 [    17071.9    9471.6   40016.1    3017.8   50000.0 ]
[24-10-31 15:22:56] 720   -25750.37 [    17071.9    9471.6   40016.1    3017.8   50000.0 ]
[24-10-31 15:22:56] 722   -25750.37 [    17071.9    9471.6   40016.1    3017.8   50000.0 ]
[24-10-31 15:22:56] 724   -25750.37 [    17071.9    9471.6   40016.1    3017.8   50000.0 ]
[24-10-31 15:22:56] 725   -25750.37 [    17071.9    9471.6   40016.1    3017.8   50000.0 ]
[24-10-31 15:22:57] 726   -25750.37 [    17071.9    9471.6   40016.1    3017.8   50000.0 ]
[24-10-31 15:22:57] 727   -25750.37 [    17071.9    9471.6   40016.1    3017.8   50000.0 ]
[24-10-31 15:22:57] 728   -25750.37 [    17071.9    9471.6   40016.1    3017.8   50000.0 ]
[24-10-31 15:22:57] 729   -25750.37 [    17071.9    9471.6   40016.1    3017.8   50000.0 ]
[24-10-31 15:22:58] 730   -25750.37 [    17071.9    9471.6   40016.1    3017.8   50000.0 ]
[24-10-31 15:22:58] 731   -25750.37 [    17071.9    9471.6   40016.1    3017.8   50000.0 ]
[24-10-31 15:22:59] 732   -25750.39 [    17071.9    9471.6   40016.1    3018.8   50000.0 ]
[24-10-31 15:22:59] 733   -25750.34 [    17071.9    9471.6   40016.1    3016.2   50000.0 ]
[24-10-31 15:22:59] 734   -25750.11 [    17071.9    9471.6   40016.1    2988.9   50000.0 ]
[24-10-31 15:23:00] 735   -25750.78 [    17071.9    9471.6   40016.1    2944.7   50000.0 ]
[24-10-31 15:23:00] 736   -25750.21 [    17071.9    9471.6   40016.1    2972.0   50000.0 ]
[24-10-31 15:23:00] 737   -25750.14 [    17071.9    9471.6   40016.1    2999.3   50000.0 ]
[24-10-31 15:23:00] 738   -25750.11 [    17071.9    9471.6   40016.1    2989.6   50000.0 ]
[24-10-31 15:23:01] 739   -25750.11 [    17071.9    9471.6   40016.1    2989.3   50000.0 ]
[24-10-31 15:23:01] 740   -25750.11 [    17071.9    9471.6   40016.1    2989.9   50000.0 ]
[24-10-31 15:23:01] 741   -25750.11 [    17071.9    9471.6   40016.1    2989.6   50000.0 ]
[24-10-31 15:23:01] 743   -25816.54 [    16507.5    8308.1   49474.5    3706.5   50000.0 ]
[24-10-31 15:23:02] 744   -25774.51 [    16856.4    9027.2   43628.9    3263.4   50000.0 ]
[24-10-31 15:23:02] 746   -25762.15 [    16964.2    9249.4   41822.5    3126.5   50000.0 ]
[24-10-31 15:23:02] 748   -25754.67 [    17030.8    9386.7   40706.1    3041.9   50000.0 ]
[24-10-31 15:23:02] 750   -25751.85 [    17056.2    9439.2   40279.7    3009.6   50000.0 ]
[24-10-31 15:23:03] 752   -25750.77 [    17065.9    9459.2   40116.8    2997.2   50000.0 ]
[24-10-31 15:23:03] 754   -25750.36 [    17069.7    9466.9   40054.6    2992.5   50000.0 ]
[24-10-31 15:23:03] 756   -25750.21 [    17071.1    9469.8   40030.8    2990.7   50000.0 ]
[24-10-31 15:23:03] 757   -25750.07 [    17072.4    9472.4   40009.2    2989.1   50000.0 ]
[24-10-31 15:23:04] 758   -25750.04 [    17072.6    9473.0   40004.9    2988.7   50000.0 ]
[24-10-31 15:23:04] 759   -25750.02 [    17072.8    9473.3   40002.3    2988.5   50000.0 ]
[24-10-31 15:23:05] 760   -25750.01 [    17072.9    9473.5   40000.6    2988.4   50000.0 ]
[24-10-31 15:23:05] 762   -25750.01 [    17072.8    9473.4   40001.3    2988.5   50000.0 ]
[24-10-31 15:23:06] 763   -25750.01 [    17072.9    9473.5   40000.3    2988.4   50000.0 ]
[24-10-31 15:23:06] 764   -25750.01 [    17072.9    9473.6   40000.0    2988.4   50000.0 ]
[24-10-31 15:23:06] 767   -25750.01 [    17072.9    9473.6   40000.0    2988.4   50000.0 ]
[24-10-31 15:23:07] 768    -25750.0 [    17073.9    9473.6   40000.0    2988.4   50000.0 ]
[24-10-31 15:23:07] 769    -25750.0 [    17075.5    9473.6   40000.0    2988.4   50000.0 ]
[24-10-31 15:23:07] 770   -25749.64 [    17251.9    9473.6   40000.0    2988.4   50000.0 ]
[24-10-31 15:23:07] 771    -25749.5 [    17442.2    9473.6   40000.0    2988.4   50000.0 ]
[24-10-31 15:23:08] 772   -25749.77 [    17750.2    9473.6   40000.0    2988.4   50000.0 ]
[24-10-31 15:23:08] 773   -25749.53 [    17559.9    9473.6   40000.0    2988.4   50000.0 ]
[24-10-31 15:23:08] 774   -25749.53 [    17369.5    9473.6   40000.0    2988.4   50000.0 ]
[24-10-31 15:23:08] 775    -25749.5 [    17458.0    9473.6   40000.0    2988.4   50000.0 ]
[24-10-31 15:23:08] 776    -25749.5 [    17454.1    9473.6   40000.0    2988.4   50000.0 ]
[24-10-31 15:23:09] 777    -25749.5 [    17461.8    9473.6   40000.0    2988.4   50000.0 ]
[24-10-31 15:23:09] 778    -25749.5 [    17458.0    9473.6   40000.0    2988.4   50000.0 ]
[24-10-31 15:23:09] 779   -25749.49 [    17458.0    9474.6   40000.0    2988.4   50000.0 ]
[24-10-31 15:23:09] 780   -25749.48 [    17458.0    9476.2   40000.0    2988.4   50000.0 ]
[24-10-31 15:23:10] 781   -25749.29 [    17458.0    9519.7   40000.0    2988.4   50000.0 ]
[24-10-31 15:23:10] 782   -25749.75 [    17458.0    9590.0   40000.0    2988.4   50000.0 ]
[24-10-31 15:23:10] 783   -25749.36 [    17458.0    9546.5   40000.0    2988.4   50000.0 ]
[24-10-31 15:23:10] 784   -25749.32 [    17458.0    9503.0   40000.0    2988.4   50000.0 ]
[24-10-31 15:23:10] 785   -25749.29 [    17458.0    9520.3   40000.0    2988.4   50000.0 ]
[24-10-31 15:23:11] 786   -25749.29 [    17458.0    9520.7   40000.0    2988.4   50000.0 ]
[24-10-31 15:23:11] 787   -25749.29 [    17458.0    9520.3   40000.0    2988.4   50000.0 ]
[24-10-31 15:23:11] 789    -25749.3 [    17458.0    9520.3   40000.0    2988.4   49998.4 ]
[24-10-31 15:23:11] 790    -25749.3 [    17458.0    9520.3   40000.0    2988.4   49999.4 ]
[24-10-31 15:23:12] 792   -25749.29 [    17458.0    9520.3   40000.0    2988.4   49999.7 ]
[24-10-31 15:23:12] 794   -25749.29 [    17458.0    9520.3   40000.0    2988.4   49999.9 ]
[24-10-31 15:23:12] 796   -25749.29 [    17458.0    9520.3   40000.0    2988.4   50000.0 ]
[24-10-31 15:23:12] 798   -25749.29 [    17458.0    9520.3   40000.0    2988.4   50000.0 ]
[24-10-31 15:23:13] 800   -25749.29 [    17458.0    9520.3   40000.0    2988.4   50000.0 ]
[24-10-31 15:23:13] 802   -25749.29 [    17458.0    9520.3   40000.0    2988.4   50000.0 ]
[24-10-31 15:23:13] 804   -25749.29 [    17458.0    9520.3   40000.0    2988.4   50000.0 ]
[24-10-31 15:23:13] 806   -25749.29 [    17458.0    9520.3   40000.0    2988.4   50000.0 ]
[24-10-31 15:23:13] 808   -25749.29 [    17458.0    9520.3   40000.0    2988.4   50000.0 ]
[24-10-31 15:23:14] 810   -25749.29 [    17458.0    9520.3   40000.0    2988.4   50000.0 ]
[24-10-31 15:23:14] 812   -25749.29 [    17458.0    9520.3   40000.0    2988.4   50000.0 ]
[24-10-31 15:23:14] 814   -25749.29 [    17458.0    9520.3   40000.0    2988.4   50000.0 ]
[24-10-31 15:23:14] 816   -25749.29 [    17458.0    9520.3   40000.0    2988.4   50000.0 ]
[24-10-31 15:23:15] 818   -25749.29 [    17458.0    9520.3   40000.0    2988.4   50000.0 ]
[24-10-31 15:23:15] 820   -25749.29 [    17458.0    9520.3   40000.0    2988.4   50000.0 ]
[24-10-31 15:23:15] 822   -25749.29 [    17458.0    9520.3   40000.0    2988.4   50000.0 ]
[24-10-31 15:23:15] 824   -25749.29 [    17458.0    9520.3   40000.0    2988.4   50000.0 ]
[24-10-31 15:23:16] 826   -25749.29 [    17458.0    9520.3   40000.0    2988.4   50000.0 ]
[24-10-31 15:23:16] 828   -25749.29 [    17458.0    9520.3   40000.0    2988.4   50000.0 ]
[24-10-31 15:23:16] 829   -25749.29 [    17458.0    9520.3   40000.0    2988.4   50000.0 ]
[24-10-31 15:23:16] 830   -25749.29 [    17458.0    9520.3   40000.0    2988.4   50000.0 ]
[24-10-31 15:23:16] 831   -25749.29 [    17458.0    9520.3   40000.0    2988.4   50000.0 ]
[24-10-31 15:23:17] 832   -25749.29 [    17458.0    9520.3   40000.0    2988.4   50000.0 ]
[24-10-31 15:23:17] 833   -25749.29 [    17458.0    9520.3   40000.0    2988.4   50000.0 ]
[24-10-31 15:23:17] 834   -25749.29 [    17458.0    9520.3   40000.0    2988.4   50000.0 ]
[24-10-31 15:23:17] 835   -25749.29 [    17458.0    9520.3   40000.0    2988.4   50000.0 ]
[24-10-31 15:23:18] 836   -25749.29 [    17458.0    9520.3   40000.0    2988.4   50000.0 ]
[24-10-31 15:23:18] 837   -25749.29 [    17458.0    9520.3   40000.0    2988.4   50000.0 ]
[24-10-31 15:23:18] 838    -25749.3 [    17458.0    9520.3   40000.0    2989.4   50000.0 ]
[24-10-31 15:23:18] 839   -25749.28 [    17458.0    9520.3   40000.0    2986.7   50000.0 ]
[24-10-31 15:23:19] 840   -25749.26 [    17458.0    9520.3   40000.0    2979.2   50000.0 ]
[24-10-31 15:23:19] 841   -25749.31 [    17458.0    9520.3   40000.0    2967.0   50000.0 ]
[24-10-31 15:23:19] 842   -25749.27 [    17458.0    9520.3   40000.0    2974.5   50000.0 ]
[24-10-31 15:23:19] 843   -25749.27 [    17458.0    9520.3   40000.0    2982.1   50000.0 ]
[24-10-31 15:23:20] 844   -25749.26 [    17458.0    9520.3   40000.0    2979.3   50000.0 ]
[24-10-31 15:23:20] 845   -25749.26 [    17458.0    9520.3   40000.0    2979.4   50000.0 ]
[24-10-31 15:23:20] 846   -25749.26 [    17458.0    9520.3   40000.0    2979.3   50000.0 ]
[24-10-31 15:23:20] 848   -25815.28 [    16893.6    8356.8   49458.3    3696.2   50000.0 ]
[24-10-31 15:23:21] 849   -25773.52 [    17242.4    9075.9   43612.8    3253.1   50000.0 ]
[24-10-31 15:23:21] 851   -25761.24 [    17350.2    9298.1   41806.4    3116.2   50000.0 ]
[24-10-31 15:23:21] 853    -25753.8 [    17416.8    9435.4   40690.0    3031.6   50000.0 ]
[24-10-31 15:23:21] 855   -25750.99 [    17442.2    9487.8   40263.6    2999.3   50000.0 ]
[24-10-31 15:23:22] 857   -25749.92 [    17451.9    9507.9   40100.7    2986.9   50000.0 ]
[24-10-31 15:23:22] 859   -25749.52 [    17455.7    9515.5   40038.5    2982.2   50000.0 ]
[24-10-31 15:23:22] 861   -25749.36 [    17457.1    9518.5   40014.7    2980.4   50000.0 ]
[24-10-31 15:23:22] 863    -25749.3 [    17457.6    9519.6   40005.6    2979.7   50000.0 ]
[24-10-31 15:23:23] 865   -25749.28 [    17457.8    9520.0   40002.2    2979.5   50000.0 ]
[24-10-31 15:23:23] 867   -25749.27 [    17457.9    9520.2   40000.8    2979.4   50000.0 ]
[24-10-31 15:23:23] 869   -25749.27 [    17457.9    9520.2   40000.3    2979.3   50000.0 ]
[24-10-31 15:23:23] 871   -25749.27 [    17457.9    9520.2   40000.1    2979.3   50000.0 ]
[24-10-31 15:23:24] 873   -25749.27 [    17457.9    9520.3   40000.1    2979.3   50000.0 ]
[24-10-31 15:23:24] 875   -25749.26 [    17458.0    9520.3   40000.0    2979.3   50000.0 ]
[24-10-31 15:23:24] 876   -25749.26 [    17458.0    9520.3   40000.0    2979.3   50000.0 ]
[24-10-31 15:23:24] 877   -25749.26 [    17458.0    9520.3   40000.0    2979.3   50000.0 ]
[24-10-31 15:23:25] 879   -25749.26 [    17458.0    9520.3   40000.0    2979.3   50000.0 ]
[24-10-31 15:23:25] 880   -25749.26 [    17458.0    9520.3   40000.0    2979.3   50000.0 ]
[24-10-31 15:23:25] 882   -25749.26 [    17458.0    9520.3   40000.0    2979.3   50000.0 ]
[24-10-31 15:23:26] 884   -25749.26 [    17458.0    9520.3   40000.0    2979.3   50000.0 ]
Optimization terminated successfully.
         Current function value: 25749.264738
         Iterations: 10
         Function evaluations: 884
[24-10-31 15:23:26] 884      fit p: [    17458.0    9520.3   40000.0    2979.3   50000.0 ]
method: Powell
objective_func: objective_H2
fopt: -25749.26473776668
max_iter: 100
num_iter: 10
func_calls: 884
flag: 0
u_fitted: False
u: 1.111e-08
