[24-10-31 14:55:14] fitting objective_H2 to data for demes ['French', 'KhomaniSan', 'Yoruba']
[24-10-31 14:55:14] 0        pnames [         NK       NFY       TFY        NF        NY ]
[24-10-31 14:55:14] 0            p0 [    21853.9   17439.5   62188.0    7967.8   22167.6 ]
[24-10-31 14:55:14] 1     -35686.83 [    21853.9   17439.5   62188.0    7967.8   22167.6 ]
[24-10-31 14:55:14] 2     -35686.83 [    21853.9   17439.5   62188.0    7967.8   22167.6 ]
[24-10-31 14:55:15] 3     -35686.82 [    21854.9   17439.5   62188.0    7967.8   22167.6 ]
[24-10-31 14:55:15] 4     -35686.78 [    21856.5   17439.5   62188.0    7967.8   22167.6 ]
[24-10-31 14:55:15] 5     -35683.48 [    22032.8   17439.5   62188.0    7967.8   22167.6 ]
[24-10-31 14:55:15] 6     -35621.65 [    27271.1   17439.5   62188.0    7967.8   22167.6 ]
[24-10-31 14:55:16] 7     -35593.95 [    35746.8   17439.5   62188.0    7967.8   22167.6 ]
[24-10-31 14:55:16] 8     -35595.87 [    34135.2   17439.5   62188.0    7967.8   22167.6 ]
[24-10-31 14:55:16] 9     -35599.98 [    49460.8   17439.5   62188.0    7967.8   22167.6 ]
[24-10-31 14:55:16] 10     -35593.0 [    40985.1   17439.5   62188.0    7967.8   22167.6 ]
[24-10-31 14:55:16] 11     -35594.9 [    44222.5   17439.5   62188.0    7967.8   22167.6 ]
[24-10-31 14:55:17] 12    -35592.63 [    39364.6   17439.5   62188.0    7967.8   22167.6 ]
[24-10-31 14:55:17] 13    -35592.62 [    39167.3   17439.5   62188.0    7967.8   22167.6 ]
[24-10-31 14:55:17] 14    -35592.62 [    38967.5   17439.5   62188.0    7967.8   22167.6 ]
[24-10-31 14:55:17] 15    -35592.62 [    38796.4   17439.5   62188.0    7967.8   22167.6 ]
[24-10-31 14:55:18] 16    -35592.62 [    38967.5   17439.5   62188.0    7967.8   22167.6 ]
[24-10-31 14:55:18] 17    -35592.85 [    38967.5   17440.5   62188.0    7967.8   22167.6 ]
[24-10-31 14:55:18] 18    -35592.24 [    38967.5   17437.9   62188.0    7967.8   22167.6 ]
[24-10-31 14:55:18] 19    -35591.64 [    38967.5   17435.2   62188.0    7967.8   22167.6 ]
[24-10-31 14:55:19] 20    -35590.66 [    38967.5   17431.0   62188.0    7967.8   22167.6 ]
[24-10-31 14:55:19] 21    -35589.08 [    38967.5   17424.1   62188.0    7967.8   22167.6 ]
[24-10-31 14:55:19] 22    -35586.51 [    38967.5   17413.1   62188.0    7967.8   22167.6 ]
[24-10-31 14:55:19] 23    -35582.36 [    38967.5   17395.1   62188.0    7967.8   22167.6 ]
[24-10-31 14:55:19] 24    -35575.62 [    38967.5   17366.1   62188.0    7967.8   22167.6 ]
[24-10-31 14:55:20] 25    -35564.69 [    38967.5   17319.1   62188.0    7967.8   22167.6 ]
[24-10-31 14:55:20] 26     -35546.9 [    38967.5   17243.1   62188.0    7967.8   22167.6 ]
[24-10-31 14:55:20] 27    -35517.85 [    38967.5   17120.1   62188.0    7967.8   22167.6 ]
[24-10-31 14:55:20] 28    -35470.18 [    38967.5   16921.1   62188.0    7967.8   22167.6 ]
[24-10-31 14:55:21] 29    -35391.22 [    38967.5   16599.1   62188.0    7967.8   22167.6 ]
[24-10-31 14:55:21] 30    -35258.44 [    38967.5   16078.1   62188.0    7967.8   22167.6 ]
[24-10-31 14:55:21] 31    -35029.51 [    38967.5   15235.1   62188.0    7967.8   22167.6 ]
[24-10-31 14:55:21] 32    -34617.67 [    38967.5   13871.1   62188.0    7967.8   22167.6 ]
[24-10-31 14:55:22] 33    -33820.46 [    38967.5   11664.1   62188.0    7967.8   22167.6 ]
[24-10-31 14:55:22] 34     -32098.0 [    38967.5    8093.1   62188.0    7967.8   22167.6 ]
[24-10-31 14:55:22] 35     -36411.3 [    38967.5    2315.1   62188.0    7967.8   22167.6 ]
[24-10-31 14:55:22] 36    -30867.27 [    38967.5    5886.1   62188.0    7967.8   22167.6 ]
[24-10-31 14:55:22] 37    -30474.29 [    38967.5    4522.1   62188.0    7967.8   22167.6 ]
[24-10-31 14:55:23] 38    -31574.15 [    38967.5    3295.6   62188.0    7967.8   22167.6 ]
[24-10-31 14:55:23] 39    -30500.25 [    38967.5    4889.1   62188.0    7967.8   22167.6 ]
[24-10-31 14:55:23] 40    -30473.16 [    38967.5    4651.3   62188.0    7967.8   22167.6 ]
[24-10-31 14:55:23] 41    -30473.16 [    38967.5    4651.3   62188.0    7967.8   22167.6 ]
[24-10-31 14:55:24] 42    -30473.17 [    38967.5    4651.3   62189.0    7967.8   22167.6 ]
[24-10-31 14:55:24] 43    -30473.14 [    38967.5    4651.3   62186.4    7967.8   22167.6 ]
[24-10-31 14:55:24] 44    -30471.18 [    38967.5    4651.3   62010.0    7967.8   22167.6 ]
[24-10-31 14:55:24] 45    -30465.09 [    38967.5    4651.3   60842.9    7967.8   22167.6 ]
[24-10-31 14:55:25] 46    -30480.18 [    38967.5    4651.3   58954.5    7967.8   22167.6 ]
[24-10-31 14:55:25] 47    -30467.25 [    38967.5    4651.3   60121.6    7967.8   22167.6 ]
[24-10-31 14:55:25] 48    -30466.01 [    38967.5    4651.3   61288.7    7967.8   22167.6 ]
[24-10-31 14:55:25] 49    -30465.09 [    38967.5    4651.3   60828.4    7967.8   22167.6 ]
[24-10-31 14:55:25] 50    -30465.09 [    38967.5    4651.3   60814.8    7967.8   22167.6 ]
[24-10-31 14:55:26] 51    -30465.09 [    38967.5    4651.3   60828.4    7967.8   22167.6 ]
[24-10-31 14:55:26] 52    -30465.33 [    38967.5    4651.3   60828.4    7968.8   22167.6 ]
[24-10-31 14:55:26] 53     -30464.7 [    38967.5    4651.3   60828.4    7966.2   22167.6 ]
[24-10-31 14:55:26] 54    -30464.06 [    38967.5    4651.3   60828.4    7963.6   22167.6 ]
[24-10-31 14:55:27] 55    -30463.02 [    38967.5    4651.3   60828.4    7959.4   22167.6 ]
[24-10-31 14:55:27] 56    -30461.35 [    38967.5    4651.3   60828.4    7952.5   22167.6 ]
[24-10-31 14:55:27] 57    -30458.65 [    38967.5    4651.3   60828.4    7941.4   22167.6 ]
[24-10-31 14:55:27] 58    -30454.26 [    38967.5    4651.3   60828.4    7923.5   22167.6 ]
[24-10-31 14:55:28] 59    -30447.16 [    38967.5    4651.3   60828.4    7894.4   22167.6 ]
[24-10-31 14:55:28] 60    -30435.64 [    38967.5    4651.3   60828.4    7847.5   22167.6 ]
[24-10-31 14:55:28] 61    -30416.93 [    38967.5    4651.3   60828.4    7771.4   22167.6 ]
[24-10-31 14:55:28] 62    -30386.49 [    38967.5    4651.3   60828.4    7648.5   22167.6 ]
[24-10-31 14:55:29] 63    -30336.83 [    38967.5    4651.3   60828.4    7449.4   22167.6 ]
[24-10-31 14:55:29] 64    -30255.66 [    38967.5    4651.3   60828.4    7127.5   22167.6 ]
[24-10-31 14:55:29] 65    -30123.58 [    38967.5    4651.3   60828.4    6606.4   22167.6 ]
[24-10-31 14:55:29] 66    -29917.83 [    38967.5    4651.3   60828.4    5763.5   22167.6 ]
[24-10-31 14:55:29] 69    -29969.58 [    38967.5    4651.3   60828.4    3250.9   22167.6 ]
[24-10-31 14:55:30] 70    -29707.97 [    38967.5    4651.3   60828.4    4507.2   22167.6 ]
[24-10-31 14:55:30] 71    -29712.97 [    38967.5    4651.3   60828.4    4576.1   22167.6 ]
[24-10-31 14:55:30] 72    -29707.51 [    38967.5    4651.3   60828.4    4086.1   22167.6 ]
[24-10-31 14:55:30] 73    -29754.27 [    38967.5    4651.3   60828.4    3767.1   22167.6 ]
[24-10-31 14:55:31] 74    -29700.57 [    38967.5    4651.3   60828.4    4292.9   22167.6 ]
[24-10-31 14:55:31] 75    -29700.88 [    38967.5    4651.3   60828.4    4329.6   22167.6 ]
[24-10-31 14:55:31] 76    -29700.69 [    38967.5    4651.3   60828.4    4256.1   22167.6 ]
[24-10-31 14:55:31] 77    -29700.57 [    38967.5    4651.3   60828.4    4292.9   22167.6 ]
[24-10-31 14:55:32] 78    -29700.47 [    38967.5    4651.3   60828.4    4292.9   22168.6 ]
[24-10-31 14:55:32] 79     -29700.3 [    38967.5    4651.3   60828.4    4292.9   22170.3 ]
[24-10-31 14:55:32] 80    -29682.53 [    38967.5    4651.3   60828.4    4292.9   22346.6 ]
[24-10-31 14:55:32] 81    -29055.12 [    38967.5    4651.3   60828.4    4292.9   31755.1 ]
[24-10-31 14:55:32] 82    -28619.96 [    38967.5    4651.3   60828.4    4292.9   46978.2 ]
[24-10-31 14:55:33] 83    -28591.17 [    38967.5    4651.3   60828.4    4292.9   48606.7 ]
[24-10-31 14:55:33] 85    -28574.43 [    38967.5    4651.3   60828.4    4292.9   49613.2 ]
[24-10-31 14:55:33] 87    -28578.92 [    38967.5    4651.3   60828.4    4292.9   49338.8 ]
[24-10-31 14:55:33] 88    -28569.99 [    38967.5    4651.3   60828.4    4292.9   49887.7 ]
[24-10-31 14:55:34] 90    -28569.99 [    38967.5    4651.3   60828.4    4292.9   49887.7 ]
[24-10-31 14:55:34] 91     -28570.0 [    38968.5    4651.3   60828.4    4292.9   49887.7 ]
[24-10-31 14:55:34] 92    -28569.97 [    38965.9    4651.3   60828.4    4292.9   49887.7 ]
[24-10-31 14:55:34] 93    -28569.93 [    38963.3    4651.3   60828.4    4292.9   49887.7 ]
[24-10-31 14:55:35] 94    -28569.87 [    38959.0    4651.3   60828.4    4292.9   49887.7 ]
[24-10-31 14:55:35] 95    -28569.77 [    38952.2    4651.3   60828.4    4292.9   49887.7 ]
[24-10-31 14:55:35] 96    -28569.61 [    38941.1    4651.3   60828.4    4292.9   49887.7 ]
[24-10-31 14:55:35] 97    -28569.35 [    38923.2    4651.3   60828.4    4292.9   49887.7 ]
[24-10-31 14:55:35] 98    -28568.93 [    38894.1    4651.3   60828.4    4292.9   49887.7 ]
[24-10-31 14:55:36] 99    -28568.25 [    38847.1    4651.3   60828.4    4292.9   49887.7 ]
[24-10-31 14:55:36] 100   -28567.15 [    38771.1    4651.3   60828.4    4292.9   49887.7 ]
[24-10-31 14:55:36] 101   -28565.37 [    38648.1    4651.3   60828.4    4292.9   49887.7 ]
[24-10-31 14:55:36] 102   -28562.46 [    38449.1    4651.3   60828.4    4292.9   49887.7 ]
[24-10-31 14:55:37] 103   -28557.72 [    38127.1    4651.3   60828.4    4292.9   49887.7 ]
[24-10-31 14:55:37] 104   -28549.93 [    37606.1    4651.3   60828.4    4292.9   49887.7 ]
[24-10-31 14:55:37] 105   -28537.02 [    36763.1    4651.3   60828.4    4292.9   49887.7 ]
[24-10-31 14:55:37] 106   -28515.32 [    35399.1    4651.3   60828.4    4292.9   49887.7 ]
[24-10-31 14:55:38] 107   -28477.94 [    33192.1    4651.3   60828.4    4292.9   49887.7 ]
[24-10-31 14:55:38] 108   -28411.08 [    29621.1    4651.3   60828.4    4292.9   49887.7 ]
[24-10-31 14:55:38] 109   -28285.71 [    23843.1    4651.3   60828.4    4292.9   49887.7 ]
[24-10-31 14:55:38] 110    -28095.9 [    14494.1    4651.3   60828.4    4292.9   49887.7 ]
[24-10-31 14:55:39] 114   -28426.28 [     8619.0    4651.3   60828.4    4292.9   49887.7 ]
[24-10-31 14:55:39] 115   -28132.89 [    11556.6    4651.3   60828.4    4292.9   49887.7 ]
[24-10-31 14:55:39] 116   -28095.01 [    13449.2    4651.3   60828.4    4292.9   49887.7 ]
[24-10-31 14:55:39] 117   -28094.03 [    13911.8    4651.3   60828.4    4292.9   49887.7 ]
[24-10-31 14:55:39] 118   -28094.45 [    14162.3    4651.3   60828.4    4292.9   49887.7 ]
[24-10-31 14:55:40] 119   -28094.03 [    13911.8    4651.3   60828.4    4292.9   49887.7 ]
[24-10-31 14:55:40] 120   -28094.04 [    13911.8    4652.3   60828.4    4292.9   49887.7 ]
[24-10-31 14:55:40] 121   -28094.02 [    13911.8    4649.6   60828.4    4292.9   49887.7 ]
[24-10-31 14:55:40] 122   -28094.01 [    13911.8    4643.5   60828.4    4292.9   49887.7 ]
[24-10-31 14:55:41] 123   -28094.04 [    13911.8    4633.4   60828.4    4292.9   49887.7 ]
[24-10-31 14:55:41] 124   -28094.01 [    13911.8    4639.6   60828.4    4292.9   49887.7 ]
[24-10-31 14:55:41] 125   -28094.01 [    13911.8    4645.8   60828.4    4292.9   49887.7 ]
[24-10-31 14:55:41] 126   -28094.01 [    13911.8    4643.5   60828.4    4292.9   49887.7 ]
[24-10-31 14:55:42] 127   -28094.01 [    13911.8    4643.4   60828.4    4292.9   49887.7 ]
[24-10-31 14:55:42] 128   -28094.01 [    13911.8    4643.5   60828.4    4292.9   49887.7 ]
[24-10-31 14:55:42] 129   -28094.02 [    13911.8    4643.5   60829.4    4292.9   49887.7 ]
[24-10-31 14:55:42] 130   -28093.98 [    13911.8    4643.5   60826.8    4292.9   49887.7 ]
[24-10-31 14:55:42] 131   -28091.66 [    13911.8    4643.5   60650.4    4292.9   49887.7 ]
[24-10-31 14:55:43] 132   -28083.36 [    13911.8    4643.5   59320.4    4292.9   49887.7 ]
[24-10-31 14:55:43] 133   -28103.78 [    13911.8    4643.5   57168.4    4292.9   49887.7 ]
[24-10-31 14:55:43] 134   -28086.28 [    13911.8    4643.5   58498.4    4292.9   49887.7 ]
[24-10-31 14:55:43] 135   -28084.61 [    13911.8    4643.5   59828.4    4292.9   49887.7 ]
[24-10-31 14:55:44] 136   -28083.35 [    13911.8    4643.5   59301.5    4292.9   49887.7 ]
[24-10-31 14:55:44] 137   -28083.36 [    13911.8    4643.5   59286.2    4292.9   49887.7 ]
[24-10-31 14:55:44] 138   -28083.35 [    13911.8    4643.5   59301.5    4292.9   49887.7 ]
[24-10-31 14:55:44] 139   -28083.27 [    13911.8    4643.5   59301.5    4293.9   49887.7 ]
[24-10-31 14:55:45] 140   -28083.14 [    13911.8    4643.5   59301.5    4295.5   49887.7 ]
[24-10-31 14:55:45] 141    -28073.7 [    13911.8    4643.5   59301.5    4471.9   49887.7 ]
[24-10-31 14:55:45] 142   -28072.38 [    13911.8    4643.5   59301.5    4552.2   49887.7 ]
[24-10-31 14:55:45] 143    -28073.7 [    13911.8    4643.5   59301.5    4682.3   49887.7 ]
[24-10-31 14:55:45] 144   -28072.41 [    13911.8    4643.5   59301.5    4601.9   49887.7 ]
[24-10-31 14:55:46] 145   -28072.68 [    13911.8    4643.5   59301.5    4521.5   49887.7 ]
[24-10-31 14:55:46] 146   -28072.32 [    13911.8    4643.5   59301.5    4575.3   49887.7 ]
[24-10-31 14:55:46] 147   -28072.32 [    13911.8    4643.5   59301.5    4572.5   49887.7 ]
[24-10-31 14:55:46] 148   -28072.32 [    13911.8    4643.5   59301.5    4578.1   49887.7 ]
[24-10-31 14:55:47] 149   -28072.32 [    13911.8    4643.5   59301.5    4575.3   49887.7 ]
[24-10-31 14:55:47] 150   -28072.31 [    13911.8    4643.5   59301.5    4575.3   49888.7 ]
[24-10-31 14:55:47] 151   -28072.29 [    13911.8    4643.5   59301.5    4575.3   49890.3 ]
[24-10-31 14:55:47] 153   -28071.51 [    13911.8    4643.5   59301.5    4575.3   49957.7 ]
[24-10-31 14:55:48] 154   -28071.03 [    13911.8    4643.5   59301.5    4575.3   49999.3 ]
[24-10-31 14:55:48] 156   -28071.22 [    13911.8    4643.5   59301.5    4575.3   49983.4 ]
[24-10-31 14:55:48] 158    -28071.1 [    13911.8    4643.5   59301.5    4575.3   49993.2 ]
[24-10-31 14:55:48] 160   -28071.06 [    13911.8    4643.5   59301.5    4575.3   49997.0 ]
[24-10-31 14:55:49] 162   -28071.05 [    13911.8    4643.5   59301.5    4575.3   49998.2 ]
[24-10-31 14:55:49] 164   -28071.03 [    13911.8    4643.5   59301.5    4575.3   49999.3 ]
[24-10-31 14:55:49] 165   -28071.04 [    13912.8    4643.5   59301.5    4575.3   49999.3 ]
[24-10-31 14:55:49] 166   -28071.02 [    13910.1    4643.5   59301.5    4575.3   49999.3 ]
[24-10-31 14:55:49] 167   -28069.84 [    13733.8    4643.5   59301.5    4575.3   49999.3 ]
[24-10-31 14:55:50] 168   -28068.33 [    13126.0    4643.5   59301.5    4575.3   49999.3 ]
[24-10-31 14:55:50] 169   -28076.62 [    12142.7    4643.5   59301.5    4575.3   49999.3 ]
[24-10-31 14:55:50] 170   -28069.71 [    12750.4    4643.5   59301.5    4575.3   49999.3 ]
[24-10-31 14:55:50] 171    -28068.4 [    13358.2    4643.5   59301.5    4575.3   49999.3 ]
[24-10-31 14:55:51] 172   -28068.28 [    13217.9    4643.5   59301.5    4575.3   49999.3 ]
[24-10-31 14:55:51] 173   -28068.28 [    13211.0    4643.5   59301.5    4575.3   49999.3 ]
[24-10-31 14:55:51] 174   -28068.28 [    13224.8    4643.5   59301.5    4575.3   49999.3 ]
[24-10-31 14:55:51] 175   -28068.28 [    13217.9    4643.5   59301.5    4575.3   49999.3 ]
[24-10-31 14:55:52] 176   -28068.23 [    13217.9    4644.5   59301.5    4575.3   49999.3 ]
[24-10-31 14:55:52] 177   -28068.14 [    13217.9    4646.1   59301.5    4575.3   49999.3 ]
[24-10-31 14:55:52] 178   -28066.59 [    13217.9    4707.6   59301.5    4575.3   49999.3 ]
[24-10-31 14:55:52] 179   -28069.99 [    13217.9    4807.1   59301.5    4575.3   49999.3 ]
[24-10-31 14:55:52] 180   -28067.06 [    13217.9    4745.6   59301.5    4575.3   49999.3 ]
[24-10-31 14:55:53] 181   -28066.84 [    13217.9    4684.1   59301.5    4575.3   49999.3 ]
[24-10-31 14:55:53] 182   -28066.59 [    13217.9    4710.0   59301.5    4575.3   49999.3 ]
[24-10-31 14:55:53] 183   -28066.59 [    13217.9    4709.4   59301.5    4575.3   49999.3 ]
[24-10-31 14:55:53] 184   -28066.59 [    13217.9    4710.7   59301.5    4575.3   49999.3 ]
[24-10-31 14:55:54] 185   -28066.59 [    13217.9    4710.0   59301.5    4575.3   49999.3 ]
[24-10-31 14:55:54] 186    -28066.6 [    13217.9    4710.0   59302.5    4575.3   49999.3 ]
[24-10-31 14:55:54] 187   -28066.58 [    13217.9    4710.0   59299.9    4575.3   49999.3 ]
[24-10-31 14:55:54] 188   -28065.49 [    13217.9    4710.0   59123.5    4575.3   49999.3 ]
[24-10-31 14:55:55] 189   -28063.83 [    13217.9    4710.0   58514.8    4575.3   49999.3 ]
[24-10-31 14:55:55] 190   -28068.03 [    13217.9    4710.0   57529.8    4575.3   49999.3 ]
[24-10-31 14:55:55] 191   -28064.44 [    13217.9    4710.0   58138.6    4575.3   49999.3 ]
[24-10-31 14:55:55] 192   -28064.08 [    13217.9    4710.0   58747.3    4575.3   49999.3 ]
[24-10-31 14:55:55] 193   -28063.83 [    13217.9    4710.0   58506.9    4575.3   49999.3 ]
[24-10-31 14:55:56] 194   -28063.83 [    13217.9    4710.0   58499.0    4575.3   49999.3 ]
[24-10-31 14:55:56] 195   -28063.83 [    13217.9    4710.0   58506.9    4575.3   49999.3 ]
[24-10-31 14:55:56] 196   -28063.84 [    13217.9    4710.0   58506.9    4576.3   49999.3 ]
[24-10-31 14:55:56] 197   -28063.81 [    13217.9    4710.0   58506.9    4573.7   49999.3 ]
[24-10-31 14:55:57] 198   -28063.63 [    13217.9    4710.0   58506.9    4534.0   49999.3 ]
[24-10-31 14:55:57] 199   -28064.17 [    13217.9    4710.0   58506.9    4469.7   49999.3 ]
[24-10-31 14:55:57] 200   -28063.71 [    13217.9    4710.0   58506.9    4509.4   49999.3 ]
[24-10-31 14:55:57] 201   -28063.65 [    13217.9    4710.0   58506.9    4549.1   49999.3 ]
[24-10-31 14:55:58] 202   -28063.63 [    13217.9    4710.0   58506.9    4534.9   49999.3 ]
[24-10-31 14:55:58] 203   -28063.63 [    13217.9    4710.0   58506.9    4534.5   49999.3 ]
[24-10-31 14:55:58] 204   -28063.63 [    13217.9    4710.0   58506.9    4535.3   49999.3 ]
[24-10-31 14:55:58] 205   -28063.63 [    13217.9    4710.0   58506.9    4534.9   49999.3 ]
[24-10-31 14:55:58] 207   -28063.65 [    13217.9    4710.0   58506.9    4534.9   49997.7 ]
[24-10-31 14:55:59] 208   -28063.63 [    13217.9    4710.0   58506.9    4534.9   49998.7 ]
[24-10-31 14:55:59] 209   -28063.62 [    13217.9    4710.0   58506.9    4534.9   49999.7 ]
[24-10-31 14:55:59] 210   -28063.62 [    13217.9    4710.0   58506.9    4534.9   49999.9 ]
[24-10-31 14:55:59] 212   -28063.62 [    13217.9    4710.0   58506.9    4534.9   49999.8 ]
[24-10-31 14:56:00] 213   -28063.62 [    13217.9    4710.0   58506.9    4534.9   50000.0 ]
[24-10-31 14:56:00] 214   -28063.62 [    13217.9    4710.0   58506.9    4534.9   50000.0 ]
[24-10-31 14:56:00] 216   -28063.62 [    13217.9    4710.0   58506.9    4534.9   50000.0 ]
[24-10-31 14:56:00] 219   -28063.62 [    13217.9    4710.0   58506.9    4534.9   50000.0 ]
[24-10-31 14:56:01] 220   -28063.62 [    13218.9    4710.0   58506.9    4534.9   50000.0 ]
[24-10-31 14:56:01] 221   -28063.62 [    13216.3    4710.0   58506.9    4534.9   50000.0 ]
[24-10-31 14:56:01] 222    -28063.6 [    13156.9    4710.0   58506.9    4534.9   50000.0 ]
[24-10-31 14:56:01] 223   -28063.66 [    13060.8    4710.0   58506.9    4534.9   50000.0 ]
[24-10-31 14:56:02] 224   -28063.61 [    13120.2    4710.0   58506.9    4534.9   50000.0 ]
[24-10-31 14:56:02] 225    -28063.6 [    13179.6    4710.0   58506.9    4534.9   50000.0 ]
[24-10-31 14:56:02] 226    -28063.6 [    13157.7    4710.0   58506.9    4534.9   50000.0 ]
[24-10-31 14:56:02] 227    -28063.6 [    13158.3    4710.0   58506.9    4534.9   50000.0 ]
[24-10-31 14:56:02] 228    -28063.6 [    13157.7    4710.0   58506.9    4534.9   50000.0 ]
[24-10-31 14:56:03] 229   -28063.53 [    13157.7    4711.0   58506.9    4534.9   50000.0 ]
[24-10-31 14:56:03] 230   -28063.43 [    13157.7    4712.7   58506.9    4534.9   50000.0 ]
[24-10-31 14:56:03] 231   -28060.98 [    13157.7    4790.4   58506.9    4534.9   50000.0 ]
[24-10-31 14:56:03] 232   -28066.13 [    13157.7    4916.1   58506.9    4534.9   50000.0 ]
[24-10-31 14:56:04] 233   -28061.68 [    13157.7    4838.4   58506.9    4534.9   50000.0 ]
[24-10-31 14:56:04] 234   -28061.38 [    13157.7    4760.7   58506.9    4534.9   50000.0 ]
[24-10-31 14:56:04] 235   -28060.97 [    13157.7    4794.2   58506.9    4534.9   50000.0 ]
[24-10-31 14:56:04] 236   -28060.97 [    13157.7    4793.4   58506.9    4534.9   50000.0 ]
[24-10-31 14:56:05] 237   -28060.97 [    13157.7    4795.1   58506.9    4534.9   50000.0 ]
[24-10-31 14:56:05] 238   -28060.97 [    13157.7    4794.2   58506.9    4534.9   50000.0 ]
[24-10-31 14:56:05] 239   -28060.98 [    13157.7    4794.2   58507.9    4534.9   50000.0 ]
[24-10-31 14:56:05] 240   -28060.96 [    13157.7    4794.2   58505.3    4534.9   50000.0 ]
[24-10-31 14:56:06] 241   -28059.93 [    13157.7    4794.2   58328.9    4534.9   50000.0 ]
[24-10-31 14:56:06] 242   -28058.38 [    13157.7    4794.2   57731.5    4534.9   50000.0 ]
[24-10-31 14:56:06] 243    -28062.3 [    13157.7    4794.2   56764.8    4534.9   50000.0 ]
[24-10-31 14:56:06] 244   -28058.95 [    13157.7    4794.2   57362.2    4534.9   50000.0 ]
[24-10-31 14:56:06] 245   -28058.61 [    13157.7    4794.2   57959.7    4534.9   50000.0 ]
[24-10-31 14:56:07] 246   -28058.38 [    13157.7    4794.2   57723.7    4534.9   50000.0 ]
[24-10-31 14:56:07] 247   -28058.38 [    13157.7    4794.2   57715.9    4534.9   50000.0 ]
[24-10-31 14:56:07] 248   -28058.38 [    13157.7    4794.2   57723.7    4534.9   50000.0 ]
[24-10-31 14:56:07] 249    -28058.4 [    13157.7    4794.2   57723.7    4535.9   50000.0 ]
[24-10-31 14:56:08] 250   -28058.36 [    13157.7    4794.2   57723.7    4533.3   50000.0 ]
[24-10-31 14:56:08] 251    -28058.0 [    13157.7    4794.2   57723.7    4477.9   50000.0 ]
[24-10-31 14:56:08] 252   -28059.11 [    13157.7    4794.2   57723.7    4388.3   50000.0 ]
[24-10-31 14:56:08] 253   -28058.17 [    13157.7    4794.2   57723.7    4443.7   50000.0 ]
[24-10-31 14:56:09] 254   -28058.05 [    13157.7    4794.2   57723.7    4499.1   50000.0 ]
[24-10-31 14:56:09] 255    -28058.0 [    13157.7    4794.2   57723.7    4479.8   50000.0 ]
[24-10-31 14:56:09] 256    -28058.0 [    13157.7    4794.2   57723.7    4479.2   50000.0 ]
[24-10-31 14:56:09] 257    -28058.0 [    13157.7    4794.2   57723.7    4480.3   50000.0 ]
[24-10-31 14:56:09] 258    -28058.0 [    13157.7    4794.2   57723.7    4479.8   50000.0 ]
[24-10-31 14:56:10] 260   -28058.02 [    13157.7    4794.2   57723.7    4479.8   49998.4 ]
[24-10-31 14:56:10] 261    -28058.0 [    13157.7    4794.2   57723.7    4479.8   49999.4 ]
[24-10-31 14:56:10] 263    -28058.0 [    13157.7    4794.2   57723.7    4479.8   49999.7 ]
[24-10-31 14:56:10] 265    -28058.0 [    13157.7    4794.2   57723.7    4479.8   49999.9 ]
[24-10-31 14:56:11] 267    -28058.0 [    13157.7    4794.2   57723.7    4479.8   50000.0 ]
[24-10-31 14:56:11] 269    -28058.0 [    13157.7    4794.2   57723.7    4479.8   50000.0 ]
[24-10-31 14:56:11] 271    -28058.0 [    13157.7    4794.2   57723.7    4479.8   50000.0 ]
[24-10-31 14:56:11] 273    -28058.0 [    13157.7    4794.2   57723.7    4479.8   50000.0 ]
[24-10-31 14:56:12] 275    -28058.0 [    13157.7    4794.2   57723.7    4479.8   50000.0 ]
[24-10-31 14:56:12] 276    -28058.0 [    13157.7    4794.2   57723.7    4479.8   50000.0 ]
[24-10-31 14:56:12] 277    -28058.0 [    13157.7    4794.2   57723.7    4479.8   50000.0 ]
[24-10-31 14:56:12] 279    -28058.0 [    13157.7    4794.2   57723.7    4479.8   50000.0 ]
[24-10-31 14:56:13] 280    -28058.0 [    13157.7    4794.2   57723.7    4479.8   50000.0 ]
[24-10-31 14:56:13] 281    -28058.0 [    13157.7    4794.2   57723.7    4479.8   50000.0 ]
[24-10-31 14:56:13] 282    -28058.0 [    13157.7    4794.2   57723.7    4479.8   50000.0 ]
[24-10-31 14:56:13] 283    -28058.0 [    13157.7    4794.2   57723.7    4479.8   50000.0 ]
[24-10-31 14:56:13] 284    -28058.0 [    13157.7    4794.2   57723.7    4479.8   50000.0 ]
[24-10-31 14:56:14] 286    -28058.0 [    13157.7    4794.2   57723.7    4479.8   50000.0 ]
[24-10-31 14:56:14] 287    -28058.0 [    13158.7    4794.2   57723.7    4479.8   50000.0 ]
[24-10-31 14:56:14] 288    -28058.0 [    13160.3    4794.2   57723.7    4479.8   50000.0 ]
[24-10-31 14:56:14] 289    -28058.0 [    13166.3    4794.2   57723.7    4479.8   50000.0 ]
[24-10-31 14:56:15] 290    -28058.0 [    13176.1    4794.2   57723.7    4479.8   50000.0 ]
[24-10-31 14:56:15] 291    -28058.0 [    13170.1    4794.2   57723.7    4479.8   50000.0 ]
[24-10-31 14:56:15] 292    -28058.0 [    13164.0    4794.2   57723.7    4479.8   50000.0 ]
[24-10-31 14:56:15] 293    -28058.0 [    13166.4    4794.2   57723.7    4479.8   50000.0 ]
[24-10-31 14:56:16] 294    -28058.0 [    13166.3    4794.2   57723.7    4479.8   50000.0 ]
[24-10-31 14:56:16] 295    -28058.0 [    13166.3    4794.2   57723.7    4479.8   50000.0 ]
[24-10-31 14:56:16] 296   -28057.93 [    13166.3    4795.2   57723.7    4479.8   50000.0 ]
[24-10-31 14:56:16] 297   -28057.83 [    13166.3    4796.8   57723.7    4479.8   50000.0 ]
[24-10-31 14:56:17] 298   -28055.15 [    13166.3    4879.3   57723.7    4479.8   50000.0 ]
[24-10-31 14:56:17] 299   -28060.73 [    13166.3    5012.8   57723.7    4479.8   50000.0 ]
[24-10-31 14:56:17] 300    -28055.9 [    13166.3    4930.3   57723.7    4479.8   50000.0 ]
[24-10-31 14:56:17] 301   -28055.59 [    13166.3    4847.8   57723.7    4479.8   50000.0 ]
[24-10-31 14:56:17] 302   -28055.14 [    13166.3    4883.6   57723.7    4479.8   50000.0 ]
[24-10-31 14:56:18] 303   -28055.14 [    13166.3    4882.7   57723.7    4479.8   50000.0 ]
[24-10-31 14:56:18] 304   -28055.14 [    13166.3    4884.5   57723.7    4479.8   50000.0 ]
[24-10-31 14:56:18] 305   -28055.14 [    13166.3    4883.6   57723.7    4479.8   50000.0 ]
[24-10-31 14:56:18] 306   -28055.15 [    13166.3    4883.6   57724.7    4479.8   50000.0 ]
[24-10-31 14:56:19] 307   -28055.13 [    13166.3    4883.6   57722.1    4479.8   50000.0 ]
[24-10-31 14:56:19] 308   -28054.11 [    13166.3    4883.6   57545.7    4479.8   50000.0 ]
[24-10-31 14:56:19] 309   -28052.55 [    13166.3    4883.6   56934.4    4479.8   50000.0 ]
[24-10-31 14:56:19] 310   -28056.51 [    13166.3    4883.6   55945.1    4479.8   50000.0 ]
[24-10-31 14:56:20] 311   -28053.12 [    13166.3    4883.6   56556.5    4479.8   50000.0 ]
[24-10-31 14:56:20] 312   -28052.78 [    13166.3    4883.6   57167.9    4479.8   50000.0 ]
[24-10-31 14:56:20] 313   -28052.55 [    13166.3    4883.6   56926.5    4479.8   50000.0 ]
[24-10-31 14:56:20] 314   -28052.55 [    13166.3    4883.6   56918.5    4479.8   50000.0 ]
[24-10-31 14:56:21] 315   -28052.55 [    13166.3    4883.6   56926.5    4479.8   50000.0 ]
[24-10-31 14:56:21] 316   -28052.56 [    13166.3    4883.6   56926.5    4480.8   50000.0 ]
[24-10-31 14:56:21] 317   -28052.52 [    13166.3    4883.6   56926.5    4478.1   50000.0 ]
[24-10-31 14:56:21] 318    -28052.1 [    13166.3    4883.6   56926.5    4418.7   50000.0 ]
[24-10-31 14:56:22] 319   -28053.42 [    13166.3    4883.6   56926.5    4322.6   50000.0 ]
[24-10-31 14:56:22] 320    -28052.3 [    13166.3    4883.6   56926.5    4382.0   50000.0 ]
[24-10-31 14:56:22] 321   -28052.15 [    13166.3    4883.6   56926.5    4441.4   50000.0 ]
[24-10-31 14:56:22] 322    -28052.1 [    13166.3    4883.6   56926.5    4420.8   50000.0 ]
[24-10-31 14:56:22] 323    -28052.1 [    13166.3    4883.6   56926.5    4420.3   50000.0 ]
[24-10-31 14:56:23] 324    -28052.1 [    13166.3    4883.6   56926.5    4421.4   50000.0 ]
[24-10-31 14:56:23] 325    -28052.1 [    13166.3    4883.6   56926.5    4420.8   50000.0 ]
[24-10-31 14:56:23] 327   -28052.12 [    13166.3    4883.6   56926.5    4420.8   49998.4 ]
[24-10-31 14:56:23] 328    -28052.1 [    13166.3    4883.6   56926.5    4420.8   49999.4 ]
[24-10-31 14:56:24] 330    -28052.1 [    13166.3    4883.6   56926.5    4420.8   49999.7 ]
[24-10-31 14:56:24] 332    -28052.1 [    13166.3    4883.6   56926.5    4420.8   49999.9 ]
[24-10-31 14:56:24] 334    -28052.1 [    13166.3    4883.6   56926.5    4420.8   50000.0 ]
[24-10-31 14:56:24] 336    -28052.1 [    13166.3    4883.6   56926.5    4420.8   50000.0 ]
[24-10-31 14:56:25] 338    -28052.1 [    13166.3    4883.6   56926.5    4420.8   50000.0 ]
[24-10-31 14:56:25] 340    -28052.1 [    13166.3    4883.6   56926.5    4420.8   50000.0 ]
[24-10-31 14:56:25] 342    -28052.1 [    13166.3    4883.6   56926.5    4420.8   50000.0 ]
[24-10-31 14:56:25] 344    -28052.1 [    13166.3    4883.6   56926.5    4420.8   50000.0 ]
[24-10-31 14:56:26] 346    -28052.1 [    13166.3    4883.6   56926.5    4420.8   50000.0 ]
[24-10-31 14:56:26] 348    -28052.1 [    13166.3    4883.6   56926.5    4420.8   50000.0 ]
[24-10-31 14:56:26] 350    -28052.1 [    13166.3    4883.6   56926.5    4420.8   50000.0 ]
[24-10-31 14:56:26] 351    -28052.1 [    13166.3    4883.6   56926.5    4420.8   50000.0 ]
[24-10-31 14:56:26] 353    -28052.1 [    13166.3    4883.6   56926.5    4420.8   50000.0 ]
[24-10-31 14:56:27] 355    -28052.1 [    13166.3    4883.6   56926.5    4420.8   50000.0 ]
[24-10-31 14:56:27] 357    -28052.1 [    13166.3    4883.6   56926.5    4420.8   50000.0 ]
[24-10-31 14:56:27] 359    -28052.1 [    13166.3    4883.6   56926.5    4420.8   50000.0 ]
[24-10-31 14:56:27] 361    -28052.1 [    13166.3    4883.6   56926.5    4420.8   50000.0 ]
[24-10-31 14:56:28] 363    -28052.1 [    13166.3    4883.6   56926.5    4420.8   50000.0 ]
[24-10-31 14:56:28] 364    -28052.1 [    13167.3    4883.6   56926.5    4420.8   50000.0 ]
[24-10-31 14:56:28] 365    -28052.1 [    13169.0    4883.6   56926.5    4420.8   50000.0 ]
[24-10-31 14:56:28] 366    -28052.1 [    13188.0    4883.6   56926.5    4420.8   50000.0 ]
[24-10-31 14:56:29] 367    -28052.1 [    13218.8    4883.6   56926.5    4420.8   50000.0 ]
[24-10-31 14:56:29] 368    -28052.1 [    13199.8    4883.6   56926.5    4420.8   50000.0 ]
[24-10-31 14:56:29] 369    -28052.1 [    13180.7    4883.6   56926.5    4420.8   50000.0 ]
[24-10-31 14:56:29] 370    -28052.1 [    13188.2    4883.6   56926.5    4420.8   50000.0 ]
[24-10-31 14:56:30] 371    -28052.1 [    13187.8    4883.6   56926.5    4420.8   50000.0 ]
[24-10-31 14:56:30] 372    -28052.1 [    13188.0    4883.6   56926.5    4420.8   50000.0 ]
[24-10-31 14:56:30] 373   -28052.03 [    13188.0    4884.6   56926.5    4420.8   50000.0 ]
[24-10-31 14:56:30] 374   -28051.93 [    13188.0    4886.2   56926.5    4420.8   50000.0 ]
[24-10-31 14:56:31] 375   -28049.17 [    13188.0    4971.3   56926.5    4420.8   50000.0 ]
[24-10-31 14:56:31] 376   -28054.89 [    13188.0    5109.0   56926.5    4420.8   50000.0 ]
[24-10-31 14:56:31] 377   -28049.94 [    13188.0    5023.9   56926.5    4420.8   50000.0 ]
[24-10-31 14:56:31] 378   -28049.62 [    13188.0    4938.8   56926.5    4420.8   50000.0 ]
[24-10-31 14:56:31] 379   -28049.17 [    13188.0    4975.8   56926.5    4420.8   50000.0 ]
[24-10-31 14:56:32] 380   -28049.17 [    13188.0    4974.9   56926.5    4420.8   50000.0 ]
[24-10-31 14:56:32] 381   -28049.17 [    13188.0    4976.7   56926.5    4420.8   50000.0 ]
[24-10-31 14:56:32] 382   -28049.17 [    13188.0    4975.8   56926.5    4420.8   50000.0 ]
[24-10-31 14:56:32] 383   -28049.17 [    13188.0    4975.8   56927.5    4420.8   50000.0 ]
[24-10-31 14:56:33] 384   -28049.16 [    13188.0    4975.8   56924.8    4420.8   50000.0 ]
[24-10-31 14:56:33] 385   -28048.14 [    13188.0    4975.8   56748.5    4420.8   50000.0 ]
[24-10-31 14:56:33] 386   -28046.54 [    13188.0    4975.8   56119.0    4420.8   50000.0 ]
[24-10-31 14:56:33] 387    -28050.6 [    13188.0    4975.8   55100.6    4420.8   50000.0 ]
[24-10-31 14:56:34] 388   -28047.13 [    13188.0    4975.8   55730.0    4420.8   50000.0 ]
[24-10-31 14:56:34] 389   -28046.78 [    13188.0    4975.8   56359.5    4420.8   50000.0 ]
[24-10-31 14:56:34] 390   -28046.54 [    13188.0    4975.8   56111.0    4420.8   50000.0 ]
[24-10-31 14:56:34] 391   -28046.54 [    13188.0    4975.8   56102.8    4420.8   50000.0 ]
[24-10-31 14:56:35] 392   -28046.54 [    13188.0    4975.8   56111.0    4420.8   50000.0 ]
[24-10-31 14:56:35] 393   -28046.56 [    13188.0    4975.8   56111.0    4421.8   50000.0 ]
[24-10-31 14:56:35] 394   -28046.52 [    13188.0    4975.8   56111.0    4419.2   50000.0 ]
[24-10-31 14:56:35] 395   -28046.05 [    13188.0    4975.8   56111.0    4357.7   50000.0 ]
[24-10-31 14:56:35] 396   -28047.51 [    13188.0    4975.8   56111.0    4258.0   50000.0 ]
[24-10-31 14:56:36] 397   -28046.27 [    13188.0    4975.8   56111.0    4319.6   50000.0 ]
[24-10-31 14:56:36] 398   -28046.11 [    13188.0    4975.8   56111.0    4381.2   50000.0 ]
[24-10-31 14:56:36] 399   -28046.05 [    13188.0    4975.8   56111.0    4360.0   50000.0 ]
[24-10-31 14:56:36] 400   -28046.05 [    13188.0    4975.8   56111.0    4359.4   50000.0 ]
[24-10-31 14:56:37] 401   -28046.05 [    13188.0    4975.8   56111.0    4360.6   50000.0 ]
[24-10-31 14:56:37] 402   -28046.05 [    13188.0    4975.8   56111.0    4360.0   50000.0 ]
[24-10-31 14:56:37] 404   -28046.07 [    13188.0    4975.8   56111.0    4360.0   49998.4 ]
[24-10-31 14:56:37] 405   -28046.06 [    13188.0    4975.8   56111.0    4360.0   49999.4 ]
[24-10-31 14:56:38] 407   -28046.05 [    13188.0    4975.8   56111.0    4360.0   49999.7 ]
[24-10-31 14:56:38] 409   -28046.05 [    13188.0    4975.8   56111.0    4360.0   49999.9 ]
[24-10-31 14:56:38] 411   -28046.05 [    13188.0    4975.8   56111.0    4360.0   50000.0 ]
[24-10-31 14:56:38] 413   -28046.05 [    13188.0    4975.8   56111.0    4360.0   50000.0 ]
[24-10-31 14:56:38] 415   -28046.05 [    13188.0    4975.8   56111.0    4360.0   50000.0 ]
[24-10-31 14:56:39] 417   -28046.05 [    13188.0    4975.8   56111.0    4360.0   50000.0 ]
[24-10-31 14:56:39] 419   -28046.05 [    13188.0    4975.8   56111.0    4360.0   50000.0 ]
[24-10-31 14:56:39] 421   -28046.05 [    13188.0    4975.8   56111.0    4360.0   50000.0 ]
[24-10-31 14:56:39] 423   -28046.05 [    13188.0    4975.8   56111.0    4360.0   50000.0 ]
[24-10-31 14:56:40] 425   -28046.05 [    13188.0    4975.8   56111.0    4360.0   50000.0 ]
[24-10-31 14:56:40] 427   -28046.05 [    13188.0    4975.8   56111.0    4360.0   50000.0 ]
[24-10-31 14:56:40] 429   -28046.05 [    13188.0    4975.8   56111.0    4360.0   50000.0 ]
[24-10-31 14:56:40] 431   -28046.05 [    13188.0    4975.8   56111.0    4360.0   50000.0 ]
[24-10-31 14:56:41] 433   -28046.05 [    13188.0    4975.8   56111.0    4360.0   50000.0 ]
[24-10-31 14:56:41] 435   -28046.05 [    13188.0    4975.8   56111.0    4360.0   50000.0 ]
[24-10-31 14:56:41] 437   -28046.05 [    13188.0    4975.8   56111.0    4360.0   50000.0 ]
[24-10-31 14:56:41] 439   -28046.05 [    13188.0    4975.8   56111.0    4360.0   50000.0 ]
[24-10-31 14:56:42] 441   -28046.05 [    13188.0    4975.8   56111.0    4360.0   50000.0 ]
[24-10-31 14:56:42] 442   -28046.05 [    13188.0    4975.8   56111.0    4360.0   50000.0 ]
[24-10-31 14:56:42] 444   -28046.05 [    13188.0    4975.8   56111.0    4360.0   50000.0 ]
[24-10-31 14:56:42] 445   -28046.05 [    13188.0    4975.8   56111.0    4360.0   50000.0 ]
[24-10-31 14:56:42] 446   -28046.05 [    13188.0    4975.8   56111.0    4360.0   50000.0 ]
[24-10-31 14:56:43] 447   -28046.05 [    13188.0    4975.8   56111.0    4360.0   50000.0 ]
[24-10-31 14:56:43] 448   -28046.05 [    13188.0    4975.8   56111.0    4360.0   50000.0 ]
[24-10-31 14:56:43] 449   -28046.05 [    13188.0    4975.8   56111.0    4360.0   50000.0 ]
[24-10-31 14:56:43] 450   -28046.05 [    13188.0    4975.8   56111.0    4360.0   50000.0 ]
[24-10-31 14:56:44] 451   -28046.05 [    13188.0    4975.8   56111.0    4360.0   50000.0 ]
[24-10-31 14:56:44] 453   -28046.05 [    13188.0    4975.8   56111.0    4360.0   50000.0 ]
[24-10-31 14:56:44] 454   -28046.05 [    13189.0    4975.8   56111.0    4360.0   50000.0 ]
[24-10-31 14:56:44] 455   -28046.05 [    13190.6    4975.8   56111.0    4360.0   50000.0 ]
[24-10-31 14:56:45] 456   -28046.05 [    13212.9    4975.8   56111.0    4360.0   50000.0 ]
[24-10-31 14:56:45] 457   -28046.05 [    13248.9    4975.8   56111.0    4360.0   50000.0 ]
[24-10-31 14:56:45] 458   -28046.05 [    13226.7    4975.8   56111.0    4360.0   50000.0 ]
[24-10-31 14:56:45] 459   -28046.05 [    13204.4    4975.8   56111.0    4360.0   50000.0 ]
[24-10-31 14:56:46] 460   -28046.05 [    13213.2    4975.8   56111.0    4360.0   50000.0 ]
[24-10-31 14:56:46] 461   -28046.05 [    13212.7    4975.8   56111.0    4360.0   50000.0 ]
[24-10-31 14:56:46] 462   -28046.05 [    13212.9    4975.8   56111.0    4360.0   50000.0 ]
[24-10-31 14:56:46] 463   -28045.98 [    13212.9    4976.8   56111.0    4360.0   50000.0 ]
[24-10-31 14:56:46] 464   -28045.88 [    13212.9    4978.4   56111.0    4360.0   50000.0 ]
[24-10-31 14:56:47] 465   -28043.08 [    13212.9    5065.7   56111.0    4360.0   50000.0 ]
[24-10-31 14:56:47] 466   -28048.88 [    13212.9    5206.9   56111.0    4360.0   50000.0 ]
[24-10-31 14:56:47] 467   -28043.86 [    13212.9    5119.6   56111.0    4360.0   50000.0 ]
[24-10-31 14:56:47] 468   -28043.54 [    13212.9    5032.4   56111.0    4360.0   50000.0 ]
[24-10-31 14:56:48] 469   -28043.08 [    13212.9    5070.3   56111.0    4360.0   50000.0 ]
[24-10-31 14:56:48] 470   -28043.08 [    13212.9    5069.4   56111.0    4360.0   50000.0 ]
[24-10-31 14:56:48] 471   -28043.08 [    13212.9    5071.3   56111.0    4360.0   50000.0 ]
[24-10-31 14:56:48] 472   -28043.08 [    13212.9    5070.3   56111.0    4360.0   50000.0 ]
[24-10-31 14:56:49] 473   -28043.08 [    13212.9    5070.3   56112.0    4360.0   50000.0 ]
[24-10-31 14:56:49] 474   -28043.07 [    13212.9    5070.3   56109.3    4360.0   50000.0 ]
[24-10-31 14:56:49] 475   -28042.06 [    13212.9    5070.3   55933.0    4360.0   50000.0 ]
[24-10-31 14:56:49] 476   -28040.42 [    13212.9    5070.3   55284.9    4360.0   50000.0 ]
[24-10-31 14:56:50] 477   -28044.58 [    13212.9    5070.3   54236.4    4360.0   50000.0 ]
[24-10-31 14:56:50] 478   -28041.02 [    13212.9    5070.3   54884.4    4360.0   50000.0 ]
[24-10-31 14:56:50] 479   -28040.67 [    13212.9    5070.3   55532.5    4360.0   50000.0 ]
[24-10-31 14:56:50] 480   -28040.42 [    13212.9    5070.3   55276.7    4360.0   50000.0 ]
[24-10-31 14:56:50] 481   -28040.42 [    13212.9    5070.3   55268.3    4360.0   50000.0 ]
[24-10-31 14:56:51] 482   -28040.42 [    13212.9    5070.3   55276.7    4360.0   50000.0 ]
[24-10-31 14:56:51] 483   -28040.44 [    13212.9    5070.3   55276.7    4361.0   50000.0 ]
[24-10-31 14:56:51] 484    -28040.4 [    13212.9    5070.3   55276.7    4358.4   50000.0 ]
[24-10-31 14:56:51] 485   -28039.89 [    13212.9    5070.3   55276.7    4295.0   50000.0 ]
[24-10-31 14:56:52] 486   -28041.48 [    13212.9    5070.3   55276.7    4192.4   50000.0 ]
[24-10-31 14:56:52] 487   -28040.13 [    13212.9    5070.3   55276.7    4255.8   50000.0 ]
[24-10-31 14:56:52] 488   -28039.95 [    13212.9    5070.3   55276.7    4319.2   50000.0 ]
[24-10-31 14:56:52] 489   -28039.89 [    13212.9    5070.3   55276.7    4297.4   50000.0 ]
[24-10-31 14:56:53] 490   -28039.89 [    13212.9    5070.3   55276.7    4296.8   50000.0 ]
[24-10-31 14:56:53] 491   -28039.89 [    13212.9    5070.3   55276.7    4298.1   50000.0 ]
[24-10-31 14:56:53] 492   -28039.89 [    13212.9    5070.3   55276.7    4297.4   50000.0 ]
[24-10-31 14:56:53] 494   -28039.91 [    13212.9    5070.3   55276.7    4297.4   49998.4 ]
[24-10-31 14:56:54] 495   -28039.89 [    13212.9    5070.3   55276.7    4297.4   49999.4 ]
[24-10-31 14:56:54] 497   -28039.89 [    13212.9    5070.3   55276.7    4297.4   49999.7 ]
[24-10-31 14:56:54] 499   -28039.89 [    13212.9    5070.3   55276.7    4297.4   49999.9 ]
[24-10-31 14:56:54] 501   -28039.89 [    13212.9    5070.3   55276.7    4297.4   50000.0 ]
[24-10-31 14:56:55] 503   -28039.89 [    13212.9    5070.3   55276.7    4297.4   50000.0 ]
[24-10-31 14:56:55] 505   -28039.89 [    13212.9    5070.3   55276.7    4297.4   50000.0 ]
[24-10-31 14:56:55] 507   -28039.89 [    13212.9    5070.3   55276.7    4297.4   50000.0 ]
[24-10-31 14:56:55] 509   -28039.89 [    13212.9    5070.3   55276.7    4297.4   50000.0 ]
[24-10-31 14:56:56] 511   -28039.89 [    13212.9    5070.3   55276.7    4297.4   50000.0 ]
[24-10-31 14:56:56] 513   -28039.89 [    13212.9    5070.3   55276.7    4297.4   50000.0 ]
[24-10-31 14:56:56] 515   -28039.89 [    13212.9    5070.3   55276.7    4297.4   50000.0 ]
[24-10-31 14:56:56] 517   -28039.89 [    13212.9    5070.3   55276.7    4297.4   50000.0 ]
[24-10-31 14:56:57] 519   -28039.89 [    13212.9    5070.3   55276.7    4297.4   50000.0 ]
[24-10-31 14:56:57] 521   -28039.89 [    13212.9    5070.3   55276.7    4297.4   50000.0 ]
[24-10-31 14:56:57] 523   -28039.89 [    13212.9    5070.3   55276.7    4297.4   50000.0 ]
[24-10-31 14:56:57] 525   -28039.89 [    13212.9    5070.3   55276.7    4297.4   50000.0 ]
[24-10-31 14:56:57] 527   -28039.89 [    13212.9    5070.3   55276.7    4297.4   50000.0 ]
[24-10-31 14:56:58] 529   -28039.89 [    13212.9    5070.3   55276.7    4297.4   50000.0 ]
[24-10-31 14:56:58] 531   -28039.89 [    13212.9    5070.3   55276.7    4297.4   50000.0 ]
[24-10-31 14:56:58] 533   -28039.89 [    13212.9    5070.3   55276.7    4297.4   50000.0 ]
[24-10-31 14:56:59] 535   -28039.89 [    13212.9    5070.3   55276.7    4297.4   50000.0 ]
[24-10-31 14:56:59] 536   -28039.89 [    13212.9    5070.3   55276.7    4297.4   50000.0 ]
[24-10-31 14:56:59] 537   -28039.89 [    13212.9    5070.3   55276.7    4297.4   50000.0 ]
[24-10-31 14:57:00] 538   -28039.89 [    13212.9    5070.3   55276.7    4297.4   50000.0 ]
[24-10-31 14:57:00] 539   -28039.89 [    13212.9    5070.3   55276.7    4297.4   50000.0 ]
[24-10-31 14:57:00] 540   -28039.89 [    13212.9    5070.3   55276.7    4297.4   50000.0 ]
[24-10-31 14:57:00] 541   -28039.89 [    13212.9    5070.3   55276.7    4297.4   50000.0 ]
[24-10-31 14:57:01] 542   -28039.89 [    13212.9    5070.3   55276.7    4297.4   50000.0 ]
[24-10-31 14:57:01] 543   -28033.77 [    13237.8    5164.8   54442.4    4234.9   50000.0 ]
[24-10-31 14:57:01] 544   -28039.89 [    13212.9    5070.3   55276.7    4297.4   50000.0 ]
[24-10-31 14:57:01] 545   -28033.77 [    13237.8    5164.8   54442.4    4234.9   50000.0 ]
[24-10-31 14:57:01] 546   -28023.96 [    13278.1    5317.8   53092.4    4133.7   50000.0 ]
[24-10-31 14:57:02] 550   -27978.39 [    13472.1    6054.9   46587.2    3646.1   50000.0 ]
[24-10-31 14:57:02] 551    -28000.8 [    13375.1    5686.3   49839.8    3889.9   50000.0 ]
[24-10-31 14:57:02] 552   -27951.81 [    13592.1    6510.4   42566.7    3344.8   50000.0 ]
[24-10-31 14:57:02] 553   -27936.09 [    13666.2    6792.0   40081.9    3158.5   50000.0 ]
[24-10-31 14:57:03] 555   -27942.03 [    13637.9    6684.4   41031.0    3229.7   50000.0 ]
[24-10-31 14:57:03] 557   -27938.35 [    13655.4    6750.9   40444.4    3185.7   50000.0 ]
[24-10-31 14:57:03] 559   -27937.04 [    13661.7    6774.7   40233.8    3169.9   50000.0 ]
[24-10-31 14:57:03] 560   -27936.09 [    13666.2    6792.0   40081.9    3158.5   50000.0 ]
[24-10-31 14:57:04] 561   -27936.09 [    13667.2    6792.0   40081.9    3158.5   50000.0 ]
[24-10-31 14:57:04] 562   -27936.09 [    13668.8    6792.0   40081.9    3158.5   50000.0 ]
[24-10-31 14:57:04] 563   -27936.06 [    13740.3    6792.0   40081.9    3158.5   50000.0 ]
[24-10-31 14:57:04] 564   -27936.13 [    13855.9    6792.0   40081.9    3158.5   50000.0 ]
[24-10-31 14:57:05] 565   -27936.07 [    13784.5    6792.0   40081.9    3158.5   50000.0 ]
[24-10-31 14:57:05] 566   -27936.06 [    13713.0    6792.0   40081.9    3158.5   50000.0 ]
[24-10-31 14:57:05] 567   -27936.06 [    13741.4    6792.0   40081.9    3158.5   50000.0 ]
[24-10-31 14:57:05] 568   -27936.06 [    13742.2    6792.0   40081.9    3158.5   50000.0 ]
[24-10-31 14:57:06] 569   -27936.06 [    13741.4    6792.0   40081.9    3158.5   50000.0 ]
[24-10-31 14:57:06] 571   -27936.07 [    13741.4    6792.0   40081.9    3158.5   49998.4 ]
[24-10-31 14:57:06] 572   -27936.06 [    13741.4    6792.0   40081.9    3158.5   49999.4 ]
[24-10-31 14:57:06] 574   -27936.06 [    13741.4    6792.0   40081.9    3158.5   49999.7 ]
[24-10-31 14:57:07] 576   -27936.06 [    13741.4    6792.0   40081.9    3158.5   49999.9 ]
[24-10-31 14:57:07] 578   -27936.06 [    13741.4    6792.0   40081.9    3158.5   50000.0 ]
[24-10-31 14:57:07] 580   -27936.06 [    13741.4    6792.0   40081.9    3158.5   50000.0 ]
[24-10-31 14:57:07] 582   -27936.06 [    13741.4    6792.0   40081.9    3158.5   50000.0 ]
[24-10-31 14:57:07] 584   -27936.06 [    13741.4    6792.0   40081.9    3158.5   50000.0 ]
[24-10-31 14:57:08] 586   -27936.06 [    13741.4    6792.0   40081.9    3158.5   50000.0 ]
[24-10-31 14:57:08] 588   -27936.06 [    13741.4    6792.0   40081.9    3158.5   50000.0 ]
[24-10-31 14:57:08] 590   -27936.06 [    13741.4    6792.0   40081.9    3158.5   50000.0 ]
[24-10-31 14:57:08] 592   -27936.06 [    13741.4    6792.0   40081.9    3158.5   50000.0 ]
[24-10-31 14:57:09] 594   -27936.06 [    13741.4    6792.0   40081.9    3158.5   50000.0 ]
[24-10-31 14:57:09] 596   -27936.06 [    13741.4    6792.0   40081.9    3158.5   50000.0 ]
[24-10-31 14:57:09] 598   -27936.06 [    13741.4    6792.0   40081.9    3158.5   50000.0 ]
[24-10-31 14:57:09] 600   -27936.06 [    13741.4    6792.0   40081.9    3158.5   50000.0 ]
[24-10-31 14:57:10] 602   -27936.06 [    13741.4    6792.0   40081.9    3158.5   50000.0 ]
[24-10-31 14:57:10] 604   -27936.06 [    13741.4    6792.0   40081.9    3158.5   50000.0 ]
[24-10-31 14:57:10] 606   -27936.06 [    13741.4    6792.0   40081.9    3158.5   50000.0 ]
[24-10-31 14:57:10] 608   -27936.06 [    13741.4    6792.0   40081.9    3158.5   50000.0 ]
[24-10-31 14:57:11] 610   -27936.06 [    13741.4    6792.0   40081.9    3158.5   50000.0 ]
[24-10-31 14:57:11] 611   -27936.06 [    13741.4    6792.0   40081.9    3158.5   50000.0 ]
[24-10-31 14:57:11] 613   -27936.06 [    13741.4    6792.0   40081.9    3158.5   50000.0 ]
[24-10-31 14:57:11] 614   -27936.06 [    13741.4    6792.0   40081.9    3158.5   50000.0 ]
[24-10-31 14:57:12] 615   -27936.06 [    13741.4    6792.0   40081.9    3158.5   50000.0 ]
[24-10-31 14:57:12] 616   -27936.06 [    13741.4    6792.0   40081.9    3158.5   50000.0 ]
[24-10-31 14:57:12] 617   -27936.06 [    13741.4    6792.0   40081.9    3158.5   50000.0 ]
[24-10-31 14:57:12] 618   -27936.06 [    13741.4    6792.0   40081.9    3158.5   50000.0 ]
[24-10-31 14:57:13] 619   -27936.06 [    13741.4    6792.0   40081.9    3158.5   50000.0 ]
[24-10-31 14:57:13] 620   -27936.06 [    13741.4    6792.0   40081.9    3158.5   50000.0 ]
[24-10-31 14:57:13] 621   -27936.06 [    13741.4    6792.0   40081.9    3158.5   50000.0 ]
[24-10-31 14:57:13] 622   -27936.06 [    13741.4    6792.0   40082.9    3158.5   50000.0 ]
[24-10-31 14:57:14] 623   -27936.06 [    13741.4    6792.0   40084.5    3158.5   50000.0 ]
[24-10-31 14:57:14] 624   -27936.06 [    13741.4    6792.0   40085.8    3158.5   50000.0 ]
[24-10-31 14:57:14] 625   -27936.06 [    13741.4    6792.0   40088.0    3158.5   50000.0 ]
[24-10-31 14:57:14] 626   -27936.06 [    13741.4    6792.0   40086.7    3158.5   50000.0 ]
[24-10-31 14:57:15] 627   -27936.06 [    13741.4    6792.0   40085.3    3158.5   50000.0 ]
[24-10-31 14:57:15] 628   -27936.06 [    13741.4    6792.0   40085.8    3158.5   50000.0 ]
[24-10-31 14:57:15] 629   -27936.06 [    13741.4    6792.0   40085.9    3158.5   50000.0 ]
[24-10-31 14:57:15] 630   -27936.06 [    13741.4    6792.0   40085.8    3158.5   50000.0 ]
[24-10-31 14:57:16] 631   -27936.07 [    13741.4    6792.0   40085.8    3159.5   50000.0 ]
[24-10-31 14:57:16] 632   -27936.04 [    13741.4    6792.0   40085.8    3156.9   50000.0 ]
[24-10-31 14:57:16] 633   -27935.96 [    13741.4    6792.0   40085.8    3138.3   50000.0 ]
[24-10-31 14:57:16] 634    -27936.2 [    13741.4    6792.0   40085.8    3108.3   50000.0 ]
[24-10-31 14:57:17] 635    -27936.0 [    13741.4    6792.0   40085.8    3126.9   50000.0 ]
[24-10-31 14:57:17] 636   -27935.97 [    13741.4    6792.0   40085.8    3145.4   50000.0 ]
[24-10-31 14:57:17] 637   -27935.96 [    13741.4    6792.0   40085.8    3138.7   50000.0 ]
[24-10-31 14:57:17] 638   -27935.96 [    13741.4    6792.0   40085.8    3138.9   50000.0 ]
[24-10-31 14:57:18] 639   -27935.96 [    13741.4    6792.0   40085.8    3138.7   50000.0 ]
[24-10-31 14:57:18] 644    -27947.3 [    13687.9    6588.7   41879.3    3273.1   50000.0 ]
[24-10-31 14:57:18] 645   -27941.59 [    13714.7    6690.3   40982.6    3205.9   50000.0 ]
[24-10-31 14:57:18] 648    -27938.1 [    13731.2    6753.1   40428.4    3164.3   50000.0 ]
[24-10-31 14:57:18] 650   -27936.78 [    13737.5    6777.1   40216.7    3148.5   50000.0 ]
[24-10-31 14:57:19] 652   -27936.27 [    13740.0    6786.3   40135.8    3142.4   50000.0 ]
[24-10-31 14:57:19] 653   -27935.67 [    13742.9    6797.3   40038.6    3135.1   50000.0 ]
[24-10-31 14:57:19] 654   -27935.48 [    13743.7    6800.6   40009.5    3133.0   50000.0 ]
[24-10-31 14:57:19] 656   -27935.55 [    13743.4    6799.3   40020.6    3133.8   50000.0 ]
[24-10-31 14:57:20] 657   -27935.44 [    13743.9    6801.4   40002.6    3132.4   50000.0 ]
[24-10-31 14:57:20] 659   -27935.46 [    13743.8    6801.1   40005.2    3132.6   50000.0 ]
[24-10-31 14:57:20] 660   -27935.43 [    13744.0    6801.6   40001.0    3132.3   50000.0 ]
Optimization terminated successfully.
         Current function value: 27935.430914
         Iterations: 8
         Function evaluations: 661
[24-10-31 14:57:20] 661      fit p: [    13744.0    6801.6   40001.0    3132.3   50000.0 ]
method: Powell
objective_func: objective_H2
fopt: -27935.430913995904
max_iter: 100
num_iter: 8
func_calls: 661
flag: 0
u_fitted: False
u: 1.111e-08
