[24-10-31 15:26:34] fitting objective_H2 to data for demes ['French', 'KhomaniSan', 'Yoruba']
[24-10-31 15:26:34] 0        pnames [         NK       NFY       TFY        NF        NY ]
[24-10-31 15:26:34] 0            p0 [    16311.8   26691.6   72848.7    6078.4   14291.8 ]
[24-10-31 15:26:35] 1     -37411.91 [    16311.8   26691.6   72848.7    6078.4   14291.8 ]
[24-10-31 15:26:35] 2     -37411.91 [    16311.8   26691.6   72848.7    6078.4   14291.8 ]
[24-10-31 15:26:35] 3     -37411.88 [    16312.8   26691.6   72848.7    6078.4   14291.8 ]
[24-10-31 15:26:35] 4     -37411.82 [    16314.4   26691.6   72848.7    6078.4   14291.8 ]
[24-10-31 15:26:36] 5      -37405.3 [    16490.8   26691.6   72848.7    6078.4   14291.8 ]
[24-10-31 15:26:36] 6     -37320.47 [    20180.1   26691.6   72848.7    6078.4   14291.8 ]
[24-10-31 15:26:37] 7     -37286.58 [    26149.6   26691.6   72848.7    6078.4   14291.8 ]
[24-10-31 15:26:37] 8     -37288.71 [    24748.1   26691.6   72848.7    6078.4   14291.8 ]
[24-10-31 15:26:38] 9     -37306.57 [    35808.4   26691.6   72848.7    6078.4   14291.8 ]
[24-10-31 15:26:38] 10    -37289.44 [    29839.0   26691.6   72848.7    6078.4   14291.8 ]
[24-10-31 15:26:39] 11    -37291.39 [    23869.5   26691.6   72848.7    6078.4   14291.8 ]
[24-10-31 15:26:39] 12    -37286.36 [    27191.9   26691.6   72848.7    6078.4   14291.8 ]
[24-10-31 15:26:39] 13    -37286.32 [    26959.3   26691.6   72848.7    6078.4   14291.8 ]
[24-10-31 15:26:40] 14    -37286.32 [    26852.8   26691.6   72848.7    6078.4   14291.8 ]
[24-10-31 15:26:40] 15    -37286.33 [    26747.4   26691.6   72848.7    6078.4   14291.8 ]
[24-10-31 15:26:41] 16    -37286.32 [    26852.8   26691.6   72848.7    6078.4   14291.8 ]
[24-10-31 15:26:41] 17     -37286.4 [    26852.8   26692.6   72848.7    6078.4   14291.8 ]
[24-10-31 15:26:42] 18     -37286.2 [    26852.8   26690.0   72848.7    6078.4   14291.8 ]
[24-10-31 15:26:42] 19     -37286.0 [    26852.8   26687.4   72848.7    6078.4   14291.8 ]
[24-10-31 15:26:43] 20    -37285.68 [    26852.8   26683.1   72848.7    6078.4   14291.8 ]
[24-10-31 15:26:43] 21    -37285.17 [    26852.8   26676.3   72848.7    6078.4   14291.8 ]
[24-10-31 15:26:44] 22    -37284.33 [    26852.8   26665.2   72848.7    6078.4   14291.8 ]
[24-10-31 15:26:44] 23    -37282.98 [    26852.8   26647.2   72848.7    6078.4   14291.8 ]
[24-10-31 15:26:45] 24    -37280.79 [    26852.8   26618.2   72848.7    6078.4   14291.8 ]
[24-10-31 15:26:45] 25    -37277.24 [    26852.8   26571.2   72848.7    6078.4   14291.8 ]
[24-10-31 15:26:45] 26    -37271.47 [    26852.8   26495.2   72848.7    6078.4   14291.8 ]
[24-10-31 15:26:46] 27    -37262.06 [    26852.8   26372.2   72848.7    6078.4   14291.8 ]
[24-10-31 15:26:46] 28    -37246.68 [    26852.8   26173.2   72848.7    6078.4   14291.8 ]
[24-10-31 15:26:47] 29    -37221.34 [    26852.8   25851.2   72848.7    6078.4   14291.8 ]
[24-10-31 15:26:47] 30    -37179.13 [    26852.8   25330.2   72848.7    6078.4   14291.8 ]
[24-10-31 15:26:48] 31    -37107.44 [    26852.8   24487.2   72848.7    6078.4   14291.8 ]
[24-10-31 15:26:48] 32    -36981.71 [    26852.8   23123.2   72848.7    6078.4   14291.8 ]
[24-10-31 15:26:49] 33    -36748.12 [    26852.8   20916.2   72848.7    6078.4   14291.8 ]
[24-10-31 15:26:49] 34    -36264.51 [    26852.8   17345.2   72848.7    6078.4   14291.8 ]
[24-10-31 15:26:50] 35     -35003.1 [    26852.8   11567.2   72848.7    6078.4   14291.8 ]
[24-10-31 15:26:50] 36    -33679.74 [    26852.8    2218.2   72848.7    6078.4   14291.8 ]
[24-10-31 15:26:51] 38    -32468.36 [    26852.8    5789.2   72848.7    6078.4   14291.8 ]
[24-10-31 15:26:51] 39     -33650.3 [    26852.8    7996.2   72848.7    6078.4   14291.8 ]
[24-10-31 15:26:51] 40    -32083.62 [    26852.8    5124.0   72848.7    6078.4   14291.8 ]
[24-10-31 15:26:52] 41    -31563.79 [    26852.8    4014.1   72848.7    6078.4   14291.8 ]
[24-10-31 15:26:52] 42     -31548.9 [    26852.8    3328.1   72848.7    6078.4   14291.8 ]
[24-10-31 15:26:53] 43    -31676.09 [    26852.8    3094.5   72848.7    6078.4   14291.8 ]
[24-10-31 15:26:53] 44    -31503.16 [    26852.8    3561.8   72848.7    6078.4   14291.8 ]
[24-10-31 15:26:54] 45    -31503.16 [    26852.8    3561.8   72848.7    6078.4   14291.8 ]
[24-10-31 15:26:54] 46     -31503.2 [    26852.8    3561.8   72849.7    6078.4   14291.8 ]
[24-10-31 15:26:55] 47     -31503.1 [    26852.8    3561.8   72847.0    6078.4   14291.8 ]
[24-10-31 15:26:55] 48    -31496.56 [    26852.8    3561.8   72670.7    6078.4   14291.8 ]
[24-10-31 15:26:56] 49    -31453.07 [    26852.8    3561.8   70283.5    6078.4   14291.8 ]
[24-10-31 15:26:56] 50    -31551.96 [    26852.8    3561.8   66421.0    6078.4   14291.8 ]
[24-10-31 15:26:56] 51    -31466.85 [    26852.8    3561.8   68808.1    6078.4   14291.8 ]
[24-10-31 15:26:57] 52    -31459.92 [    26852.8    3561.8   71195.3    6078.4   14291.8 ]
[24-10-31 15:26:57] 53    -31453.04 [    26852.8    3561.8   70207.3    6078.4   14291.8 ]
[24-10-31 15:26:58] 54    -31453.04 [    26852.8    3561.8   70233.7    6078.4   14291.8 ]
[24-10-31 15:26:58] 55    -31453.04 [    26852.8    3561.8   70180.9    6078.4   14291.8 ]
[24-10-31 15:26:59] 56    -31453.04 [    26852.8    3561.8   70207.3    6078.4   14291.8 ]
[24-10-31 15:26:59] 57    -31453.27 [    26852.8    3561.8   70207.3    6079.4   14291.8 ]
[24-10-31 15:27:00] 58    -31452.66 [    26852.8    3561.8   70207.3    6076.8   14291.8 ]
[24-10-31 15:27:00] 59    -31412.92 [    26852.8    3561.8   70207.3    5900.5   14291.8 ]
[24-10-31 15:27:01] 60    -32854.86 [    26852.8    3561.8   70207.3    2525.8   14291.8 ]
[24-10-31 15:27:01] 61    -31238.36 [    26852.8    3561.8   70207.3    4611.5   14291.8 ]
[24-10-31 15:27:01] 62     -31367.2 [    26852.8    3561.8   70207.3    3814.8   14291.8 ]
[24-10-31 15:27:02] 63    -31243.04 [    26852.8    3561.8   70207.3    4780.7   14291.8 ]
[24-10-31 15:27:02] 64    -31238.44 [    26852.8    3561.8   70207.3    4626.1   14291.8 ]
[24-10-31 15:27:02] 65    -31238.35 [    26852.8    3561.8   70207.3    4596.8   14291.8 ]
[24-10-31 15:27:03] 66    -31254.28 [    26852.8    3561.8   70207.3    4298.1   14291.8 ]
[24-10-31 15:27:03] 67     -31238.4 [    26852.8    3561.8   70207.3    4582.0   14291.8 ]
[24-10-31 15:27:03] 68    -31238.35 [    26852.8    3561.8   70207.3    4596.8   14291.8 ]
[24-10-31 15:27:03] 69    -31238.02 [    26852.8    3561.8   70207.3    4596.8   14292.8 ]
[24-10-31 15:27:04] 70    -31237.49 [    26852.8    3561.8   70207.3    4596.8   14294.4 ]
[24-10-31 15:27:04] 71     -31180.8 [    26852.8    3561.8   70207.3    4596.8   14470.8 ]
[24-10-31 15:27:05] 72    -29954.03 [    26852.8    3561.8   70207.3    4596.8   20266.4 ]
[24-10-31 15:27:05] 73    -29114.07 [    26852.8    3561.8   70207.3    4596.8   29643.8 ]
[24-10-31 15:27:05] 74    -29066.01 [    26852.8    3561.8   70207.3    4596.8   30520.5 ]
[24-10-31 15:27:06] 75    -28994.76 [    26852.8    3561.8   70207.3    4596.8   31938.9 ]
[24-10-31 15:27:06] 76    -28603.23 [    26852.8    3561.8   70207.3    4596.8   43766.8 ]
[24-10-31 15:27:07] 79     -28720.7 [    26852.8    3561.8   70207.3    4596.8   39249.0 ]
[24-10-31 15:27:07] 80    -28658.29 [    26852.8    3561.8   70207.3    4596.8   41507.9 ]
[24-10-31 15:27:08] 81    -28543.57 [    26852.8    3561.8   70207.3    4596.8   46559.0 ]
[24-10-31 15:27:08] 82    -28510.62 [    26852.8    3561.8   70207.3    4596.8   48284.6 ]
[24-10-31 15:27:09] 83    -28491.56 [    26852.8    3561.8   70207.3    4596.8   49351.2 ]
[24-10-31 15:27:09] 85    -28498.73 [    26852.8    3561.8   70207.3    4596.8   48943.8 ]
[24-10-31 15:27:10] 87    -28491.56 [    26852.8    3561.8   70207.3    4596.8   49351.2 ]
[24-10-31 15:27:10] 88    -28491.58 [    26853.8    3561.8   70207.3    4596.8   49351.2 ]
[24-10-31 15:27:11] 89    -28491.52 [    26851.2    3561.8   70207.3    4596.8   49351.2 ]
[24-10-31 15:27:11] 90    -28491.46 [    26848.6    3561.8   70207.3    4596.8   49351.2 ]
[24-10-31 15:27:11] 91    -28491.37 [    26844.3    3561.8   70207.3    4596.8   49351.2 ]
[24-10-31 15:27:12] 92    -28491.22 [    26837.5    3561.8   70207.3    4596.8   49351.2 ]
[24-10-31 15:27:12] 93    -28490.97 [    26826.4    3561.8   70207.3    4596.8   49351.2 ]
[24-10-31 15:27:13] 94    -28490.57 [    26808.5    3561.8   70207.3    4596.8   49351.2 ]
[24-10-31 15:27:13] 95    -28489.92 [    26779.4    3561.8   70207.3    4596.8   49351.2 ]
[24-10-31 15:27:14] 96    -28488.88 [    26732.4    3561.8   70207.3    4596.8   49351.2 ]
[24-10-31 15:27:14] 97    -28487.18 [    26656.4    3561.8   70207.3    4596.8   49351.2 ]
[24-10-31 15:27:15] 98    -28484.42 [    26533.4    3561.8   70207.3    4596.8   49351.2 ]
[24-10-31 15:27:15] 99    -28479.93 [    26334.4    3561.8   70207.3    4596.8   49351.2 ]
[24-10-31 15:27:16] 100   -28472.62 [    26012.4    3561.8   70207.3    4596.8   49351.2 ]
[24-10-31 15:27:16] 101   -28460.65 [    25491.4    3561.8   70207.3    4596.8   49351.2 ]
[24-10-31 15:27:17] 102   -28440.94 [    24648.4    3561.8   70207.3    4596.8   49351.2 ]
[24-10-31 15:27:17] 103   -28408.23 [    23284.4    3561.8   70207.3    4596.8   49351.2 ]
[24-10-31 15:27:18] 104    -28353.9 [    21077.4    3561.8   70207.3    4596.8   49351.2 ]
[24-10-31 15:27:18] 105   -28269.13 [    17506.4    3561.8   70207.3    4596.8   49351.2 ]
[24-10-31 15:27:18] 108   -29309.96 [     6358.4    3561.8   70207.3    4596.8   49351.2 ]
[24-10-31 15:27:19] 109   -28239.36 [    11932.4    3561.8   70207.3    4596.8   49351.2 ]
[24-10-31 15:27:19] 110   -28221.65 [    14568.6    3561.8   70207.3    4596.8   49351.2 ]
[24-10-31 15:27:20] 111   -28218.58 [    14068.9    3561.8   70207.3    4596.8   49351.2 ]
[24-10-31 15:27:20] 112   -28217.89 [    13808.6    3561.8   70207.3    4596.8   49351.2 ]
[24-10-31 15:27:21] 113   -28217.81 [    13649.5    3561.8   70207.3    4596.8   49351.2 ]
[24-10-31 15:27:21] 114   -28217.96 [    13517.4    3561.8   70207.3    4596.8   49351.2 ]
[24-10-31 15:27:22] 115   -28217.81 [    13649.5    3561.8   70207.3    4596.8   49351.2 ]
[24-10-31 15:27:22] 116    -28217.8 [    13649.5    3562.8   70207.3    4596.8   49351.2 ]
[24-10-31 15:27:23] 117   -28217.77 [    13649.5    3564.4   70207.3    4596.8   49351.2 ]
[24-10-31 15:27:23] 118    -28217.7 [    13649.5    3575.5   70207.3    4596.8   49351.2 ]
[24-10-31 15:27:24] 119   -28217.89 [    13649.5    3593.4   70207.3    4596.8   49351.2 ]
[24-10-31 15:27:24] 120   -28217.72 [    13649.5    3582.3   70207.3    4596.8   49351.2 ]
[24-10-31 15:27:25] 121   -28217.71 [    13649.5    3571.2   70207.3    4596.8   49351.2 ]
[24-10-31 15:27:25] 122    -28217.7 [    13649.5    3575.6   70207.3    4596.8   49351.2 ]
[24-10-31 15:27:25] 123    -28217.7 [    13649.5    3575.7   70207.3    4596.8   49351.2 ]
[24-10-31 15:27:26] 124    -28217.7 [    13649.5    3575.6   70207.3    4596.8   49351.2 ]
[24-10-31 15:27:26] 125   -28217.72 [    13649.5    3575.6   70208.3    4596.8   49351.2 ]
[24-10-31 15:27:27] 126   -28217.67 [    13649.5    3575.6   70205.7    4596.8   49351.2 ]
[24-10-31 15:27:27] 127   -28214.48 [    13649.5    3575.6   70029.3    4596.8   49351.2 ]
[24-10-31 15:27:28] 128   -28205.49 [    13649.5    3575.6   68961.0    4596.8   49351.2 ]
[24-10-31 15:27:28] 129   -28227.47 [    13649.5    3575.6   67232.5    4596.8   49351.2 ]
[24-10-31 15:27:29] 130   -28208.62 [    13649.5    3575.6   68300.8    4596.8   49351.2 ]
[24-10-31 15:27:29] 131   -28206.86 [    13649.5    3575.6   69369.1    4596.8   49351.2 ]
[24-10-31 15:27:30] 132   -28205.49 [    13649.5    3575.6   68943.9    4596.8   49351.2 ]
[24-10-31 15:27:30] 133   -28205.49 [    13649.5    3575.6   68931.3    4596.8   49351.2 ]
[24-10-31 15:27:31] 134   -28205.49 [    13649.5    3575.6   68943.9    4596.8   49351.2 ]
[24-10-31 15:27:31] 135   -28205.31 [    13649.5    3575.6   68943.9    4597.8   49351.2 ]
[24-10-31 15:27:31] 136   -28205.03 [    13649.5    3575.6   68943.9    4599.4   49351.2 ]
[24-10-31 15:27:32] 137   -28179.41 [    13649.5    3575.6   68943.9    4775.8   49351.2 ]
[24-10-31 15:27:32] 138   -28155.64 [    13649.5    3575.6   68943.9    5113.3   49351.2 ]
[24-10-31 15:27:33] 139   -28167.96 [    13649.5    3575.6   68943.9    5659.4   49351.2 ]
[24-10-31 15:27:33] 140   -28154.16 [    13649.5    3575.6   68943.9    5321.9   49351.2 ]
[24-10-31 15:27:34] 141   -28157.31 [    13649.5    3575.6   68943.9    5450.8   49351.2 ]
[24-10-31 15:27:34] 142   -28153.69 [    13649.5    3575.6   68943.9    5255.5   49351.2 ]
[24-10-31 15:27:35] 143   -28153.69 [    13649.5    3575.6   68943.9    5248.9   49351.2 ]
[24-10-31 15:27:35] 144    -28153.7 [    13649.5    3575.6   68943.9    5242.4   49351.2 ]
[24-10-31 15:27:36] 145   -28153.69 [    13649.5    3575.6   68943.9    5248.9   49351.2 ]
[24-10-31 15:27:36] 146   -28153.68 [    13649.5    3575.6   68943.9    5248.9   49352.2 ]
[24-10-31 15:27:37] 147   -28153.65 [    13649.5    3575.6   68943.9    5248.9   49353.8 ]
[24-10-31 15:27:37] 148    -28151.2 [    13649.5    3575.6   68943.9    5248.9   49530.1 ]
[24-10-31 15:27:38] 153   -28145.59 [    13649.5    3575.6   68943.9    5248.9   49939.4 ]
[24-10-31 15:27:38] 154   -28148.38 [    13649.5    3575.6   68943.9    5248.9   49734.7 ]
[24-10-31 15:27:38] 157   -28146.65 [    13649.5    3575.6   68943.9    5248.9   49861.2 ]
[24-10-31 15:27:39] 158   -28145.09 [    13649.5    3575.6   68943.9    5248.9   49976.2 ]
[24-10-31 15:27:39] 159   -28144.78 [    13649.5    3575.6   68943.9    5248.9   49999.1 ]
[24-10-31 15:27:39] 161   -28144.89 [    13649.5    3575.6   68943.9    5248.9   49990.3 ]
[24-10-31 15:27:40] 164   -28144.78 [    13649.5    3575.6   68943.9    5248.9   49999.1 ]
[24-10-31 15:27:40] 165   -28144.78 [    13650.5    3575.6   68943.9    5248.9   49999.1 ]
[24-10-31 15:27:41] 166   -28144.77 [    13647.8    3575.6   68943.9    5248.9   49999.1 ]
[24-10-31 15:27:41] 167   -28143.73 [    13471.5    3575.6   68943.9    5248.9   49999.1 ]
[24-10-31 15:27:42] 168   -28142.71 [    12998.0    3575.6   68943.9    5248.9   49999.1 ]
[24-10-31 15:27:42] 169   -28147.69 [    12231.9    3575.6   68943.9    5248.9   49999.1 ]
[24-10-31 15:27:43] 170   -28143.54 [    12705.4    3575.6   68943.9    5248.9   49999.1 ]
[24-10-31 15:27:43] 171   -28142.78 [    13178.9    3575.6   68943.9    5248.9   49999.1 ]
[24-10-31 15:27:43] 172   -28142.69 [    13061.4    3575.6   68943.9    5248.9   49999.1 ]
[24-10-31 15:27:44] 173   -28142.69 [    13055.5    3575.6   68943.9    5248.9   49999.1 ]
[24-10-31 15:27:44] 174   -28142.69 [    13067.3    3575.6   68943.9    5248.9   49999.1 ]
[24-10-31 15:27:45] 175   -28142.69 [    13061.4    3575.6   68943.9    5248.9   49999.1 ]
[24-10-31 15:27:45] 176   -28142.65 [    13061.4    3576.6   68943.9    5248.9   49999.1 ]
[24-10-31 15:27:46] 177   -28142.61 [    13061.4    3578.2   68943.9    5248.9   49999.1 ]
[24-10-31 15:27:46] 178   -28142.31 [    13061.4    3599.5   68943.9    5248.9   49999.1 ]
[24-10-31 15:27:47] 179   -28143.03 [    13061.4    3634.0   68943.9    5248.9   49999.1 ]
[24-10-31 15:27:47] 180   -28142.41 [    13061.4    3612.7   68943.9    5248.9   49999.1 ]
[24-10-31 15:27:47] 181   -28142.35 [    13061.4    3591.4   68943.9    5248.9   49999.1 ]
[24-10-31 15:27:47] 182   -28142.31 [    13061.4    3599.9   68943.9    5248.9   49999.1 ]
[24-10-31 15:27:48] 183   -28142.31 [    13061.4    3600.2   68943.9    5248.9   49999.1 ]
[24-10-31 15:27:48] 184   -28142.31 [    13061.4    3599.9   68943.9    5248.9   49999.1 ]
[24-10-31 15:27:48] 185   -28142.32 [    13061.4    3599.9   68944.9    5248.9   49999.1 ]
[24-10-31 15:27:48] 186    -28142.3 [    13061.4    3599.9   68942.3    5248.9   49999.1 ]
[24-10-31 15:27:49] 187   -28141.13 [    13061.4    3599.9   68766.0    5248.9   49999.1 ]
[24-10-31 15:27:49] 188   -28140.19 [    13061.4    3599.9   68415.9    5248.9   49999.1 ]
[24-10-31 15:27:49] 189   -28142.57 [    13061.4    3599.9   67849.5    5248.9   49999.1 ]
[24-10-31 15:27:50] 190   -28140.54 [    13061.4    3599.9   68199.5    5248.9   49999.1 ]
[24-10-31 15:27:50] 191   -28140.33 [    13061.4    3599.9   68549.6    5248.9   49999.1 ]
[24-10-31 15:27:50] 192   -28140.19 [    13061.4    3599.9   68410.6    5248.9   49999.1 ]
[24-10-31 15:27:51] 193   -28140.19 [    13061.4    3599.9   68421.2    5248.9   49999.1 ]
[24-10-31 15:27:51] 194   -28140.19 [    13061.4    3599.9   68415.9    5248.9   49999.1 ]
[24-10-31 15:27:51] 195   -28140.19 [    13061.4    3599.9   68415.9    5249.9   49999.1 ]
[24-10-31 15:27:52] 196   -28140.19 [    13061.4    3599.9   68415.9    5251.5   49999.1 ]
[24-10-31 15:27:52] 197   -28140.19 [    13061.4    3599.9   68415.9    5251.4   49999.1 ]
[24-10-31 15:27:52] 198   -28140.19 [    13061.4    3599.9   68415.9    5250.8   49999.1 ]
[24-10-31 15:27:52] 199   -28140.19 [    13061.4    3599.9   68415.9    5251.2   49999.1 ]
[24-10-31 15:27:53] 200   -28140.19 [    13061.4    3599.9   68415.9    5251.4   49999.1 ]
[24-10-31 15:27:53] 201   -28140.19 [    13061.4    3599.9   68415.9    5251.3   49999.1 ]
[24-10-31 15:27:53] 202   -28140.19 [    13061.4    3599.9   68415.9    5251.4   49999.1 ]
[24-10-31 15:27:54] 204   -28140.21 [    13061.4    3599.9   68415.9    5251.4   49997.4 ]
[24-10-31 15:27:54] 205    -28140.2 [    13061.4    3599.9   68415.9    5251.4   49998.4 ]
[24-10-31 15:27:54] 206   -28140.19 [    13061.4    3599.9   68415.9    5251.4   49999.4 ]
[24-10-31 15:27:55] 207   -28140.18 [    13061.4    3599.9   68415.9    5251.4   49999.7 ]
[24-10-31 15:27:55] 208   -28140.18 [    13061.4    3599.9   68415.9    5251.4   49999.8 ]
[24-10-31 15:27:55] 209   -28140.18 [    13061.4    3599.9   68415.9    5251.4   49999.9 ]
[24-10-31 15:27:56] 210   -28140.18 [    13061.4    3599.9   68415.9    5251.4   50000.0 ]
[24-10-31 15:27:56] 211   -28140.18 [    13061.4    3599.9   68415.9    5251.4   50000.0 ]
[24-10-31 15:27:56] 213   -28140.18 [    13061.4    3599.9   68415.9    5251.4   50000.0 ]
[24-10-31 15:27:57] 216   -28140.18 [    13061.4    3599.9   68415.9    5251.4   50000.0 ]
[24-10-31 15:27:57] 217   -28140.18 [    13062.4    3599.9   68415.9    5251.4   50000.0 ]
[24-10-31 15:27:57] 218   -28140.18 [    13059.8    3599.9   68415.9    5251.4   50000.0 ]
[24-10-31 15:27:58] 219   -28140.04 [    12914.0    3599.9   68415.9    5251.4   50000.0 ]
[24-10-31 15:27:58] 220   -28140.45 [    12678.2    3599.9   68415.9    5251.4   50000.0 ]
[24-10-31 15:27:59] 221   -28140.11 [    12823.9    3599.9   68415.9    5251.4   50000.0 ]
[24-10-31 15:27:59] 222   -28140.06 [    12969.7    3599.9   68415.9    5251.4   50000.0 ]
[24-10-31 15:28:00] 223   -28140.04 [    12918.6    3599.9   68415.9    5251.4   50000.0 ]
[24-10-31 15:28:00] 224   -28140.04 [    12917.2    3599.9   68415.9    5251.4   50000.0 ]
[24-10-31 15:28:01] 225   -28140.04 [    12920.1    3599.9   68415.9    5251.4   50000.0 ]
[24-10-31 15:28:01] 226   -28140.04 [    12918.6    3599.9   68415.9    5251.4   50000.0 ]
[24-10-31 15:28:02] 227   -28139.98 [    12918.6    3600.9   68415.9    5251.4   50000.0 ]
[24-10-31 15:28:02] 228   -28139.88 [    12918.6    3602.6   68415.9    5251.4   50000.0 ]
[24-10-31 15:28:03] 229   -28138.51 [    12918.6    3647.7   68415.9    5251.4   50000.0 ]
[24-10-31 15:28:03] 230   -28141.54 [    12918.6    3720.7   68415.9    5251.4   50000.0 ]
[24-10-31 15:28:04] 231   -28138.93 [    12918.6    3675.6   68415.9    5251.4   50000.0 ]
[24-10-31 15:28:04] 232   -28138.73 [    12918.6    3630.4   68415.9    5251.4   50000.0 ]
[24-10-31 15:28:04] 233   -28138.51 [    12918.6    3649.4   68415.9    5251.4   50000.0 ]
[24-10-31 15:28:05] 234   -28138.51 [    12918.6    3648.9   68415.9    5251.4   50000.0 ]
[24-10-31 15:28:05] 235   -28138.51 [    12918.6    3649.9   68415.9    5251.4   50000.0 ]
[24-10-31 15:28:06] 236   -28138.51 [    12918.6    3649.4   68415.9    5251.4   50000.0 ]
[24-10-31 15:28:06] 237   -28138.52 [    12918.6    3649.4   68416.9    5251.4   50000.0 ]
[24-10-31 15:28:07] 238    -28138.5 [    12918.6    3649.4   68414.3    5251.4   50000.0 ]
[24-10-31 15:28:07] 239   -28137.41 [    12918.6    3649.4   68237.9    5251.4   50000.0 ]
[24-10-31 15:28:08] 240   -28136.59 [    12918.6    3649.4   67905.2    5251.4   50000.0 ]
[24-10-31 15:28:08] 241   -28138.67 [    12918.6    3649.4   67366.8    5251.4   50000.0 ]
[24-10-31 15:28:09] 242   -28136.89 [    12918.6    3649.4   67699.5    5251.4   50000.0 ]
[24-10-31 15:28:09] 243   -28136.71 [    12918.6    3649.4   68032.3    5251.4   50000.0 ]
[24-10-31 15:28:09] 244   -28136.59 [    12918.6    3649.4   67900.1    5251.4   50000.0 ]
[24-10-31 15:28:10] 245   -28136.59 [    12918.6    3649.4   67910.3    5251.4   50000.0 ]
[24-10-31 15:28:10] 246   -28136.59 [    12918.6    3649.4   67905.2    5251.4   50000.0 ]
[24-10-31 15:28:11] 247   -28136.59 [    12918.6    3649.4   67905.2    5252.4   50000.0 ]
[24-10-31 15:28:11] 248   -28136.58 [    12918.6    3649.4   67905.2    5249.7   50000.0 ]
[24-10-31 15:28:12] 249   -28136.51 [    12918.6    3649.4   67905.2    5222.2   50000.0 ]
[24-10-31 15:28:12] 250   -28136.71 [    12918.6    3649.4   67905.2    5177.7   50000.0 ]
[24-10-31 15:28:13] 251   -28136.54 [    12918.6    3649.4   67905.2    5205.2   50000.0 ]
[24-10-31 15:28:13] 252   -28136.52 [    12918.6    3649.4   67905.2    5232.7   50000.0 ]
[24-10-31 15:28:13] 253   -28136.51 [    12918.6    3649.4   67905.2    5222.6   50000.0 ]
[24-10-31 15:28:14] 254   -28136.51 [    12918.6    3649.4   67905.2    5222.9   50000.0 ]
[24-10-31 15:28:14] 255   -28136.51 [    12918.6    3649.4   67905.2    5222.6   50000.0 ]
[24-10-31 15:28:15] 257   -28136.53 [    12918.6    3649.4   67905.2    5222.6   49998.4 ]
[24-10-31 15:28:15] 258   -28136.52 [    12918.6    3649.4   67905.2    5222.6   49999.4 ]
[24-10-31 15:28:16] 260   -28136.51 [    12918.6    3649.4   67905.2    5222.6   49999.7 ]
[24-10-31 15:28:16] 262   -28136.51 [    12918.6    3649.4   67905.2    5222.6   49999.9 ]
[24-10-31 15:28:16] 264   -28136.51 [    12918.6    3649.4   67905.2    5222.6   50000.0 ]
[24-10-31 15:28:17] 266   -28136.51 [    12918.6    3649.4   67905.2    5222.6   50000.0 ]
[24-10-31 15:28:17] 268   -28136.51 [    12918.6    3649.4   67905.2    5222.6   50000.0 ]
[24-10-31 15:28:18] 270   -28136.51 [    12918.6    3649.4   67905.2    5222.6   50000.0 ]
[24-10-31 15:28:18] 271   -28136.51 [    12918.6    3649.4   67905.2    5222.6   50000.0 ]
[24-10-31 15:28:19] 272   -28136.51 [    12918.6    3649.4   67905.2    5222.6   50000.0 ]
[24-10-31 15:28:19] 273   -28136.51 [    12918.6    3649.4   67905.2    5222.6   50000.0 ]
[24-10-31 15:28:19] 274   -28136.51 [    12918.6    3649.4   67905.2    5222.6   50000.0 ]
[24-10-31 15:28:20] 275   -28136.51 [    12918.6    3649.4   67905.2    5222.6   50000.0 ]
[24-10-31 15:28:20] 277   -28136.51 [    12918.6    3649.4   67905.2    5222.6   50000.0 ]
[24-10-31 15:28:21] 278   -28136.51 [    12918.6    3649.4   67905.2    5222.6   50000.0 ]
[24-10-31 15:28:21] 279   -28136.51 [    12918.6    3649.4   67905.2    5222.6   50000.0 ]
[24-10-31 15:28:22] 281   -28136.51 [    12918.6    3649.4   67905.2    5222.6   50000.0 ]
[24-10-31 15:28:22] 282   -28136.51 [    12919.6    3649.4   67905.2    5222.6   50000.0 ]
[24-10-31 15:28:22] 283   -28136.51 [    12917.0    3649.4   67905.2    5222.6   50000.0 ]
[24-10-31 15:28:23] 284   -28136.51 [    12896.6    3649.4   67905.2    5222.6   50000.0 ]
[24-10-31 15:28:23] 285   -28136.51 [    12863.4    3649.4   67905.2    5222.6   50000.0 ]
[24-10-31 15:28:24] 286   -28136.51 [    12883.9    3649.4   67905.2    5222.6   50000.0 ]
[24-10-31 15:28:24] 287   -28136.51 [    12904.4    3649.4   67905.2    5222.6   50000.0 ]
[24-10-31 15:28:25] 288   -28136.51 [    12896.8    3649.4   67905.2    5222.6   50000.0 ]
[24-10-31 15:28:25] 289   -28136.51 [    12896.3    3649.4   67905.2    5222.6   50000.0 ]
[24-10-31 15:28:25] 290   -28136.51 [    12896.6    3649.4   67905.2    5222.6   50000.0 ]
[24-10-31 15:28:26] 291   -28136.44 [    12896.6    3650.4   67905.2    5222.6   50000.0 ]
[24-10-31 15:28:26] 292   -28136.33 [    12896.6    3652.0   67905.2    5222.6   50000.0 ]
[24-10-31 15:28:27] 293   -28134.55 [    12896.6    3703.7   67905.2    5222.6   50000.0 ]
[24-10-31 15:28:27] 294   -28138.38 [    12896.6    3787.3   67905.2    5222.6   50000.0 ]
[24-10-31 15:28:28] 295   -28135.08 [    12896.6    3735.7   67905.2    5222.6   50000.0 ]
[24-10-31 15:28:28] 296   -28134.84 [    12896.6    3684.0   67905.2    5222.6   50000.0 ]
[24-10-31 15:28:29] 297   -28134.55 [    12896.6    3705.9   67905.2    5222.6   50000.0 ]
[24-10-31 15:28:29] 298   -28134.55 [    12896.6    3705.4   67905.2    5222.6   50000.0 ]
[24-10-31 15:28:29] 299   -28134.55 [    12896.6    3706.5   67905.2    5222.6   50000.0 ]
[24-10-31 15:28:30] 300   -28134.55 [    12896.6    3705.9   67905.2    5222.6   50000.0 ]
[24-10-31 15:28:30] 301   -28134.56 [    12896.6    3705.9   67906.2    5222.6   50000.0 ]
[24-10-31 15:28:31] 302   -28134.54 [    12896.6    3705.9   67903.6    5222.6   50000.0 ]
[24-10-31 15:28:31] 303   -28133.46 [    12896.6    3705.9   67727.2    5222.6   50000.0 ]
[24-10-31 15:28:32] 304   -28132.63 [    12896.6    3705.9   67386.8    5222.6   50000.0 ]
[24-10-31 15:28:32] 305   -28134.75 [    12896.6    3705.9   66836.0    5222.6   50000.0 ]
[24-10-31 15:28:33] 306   -28132.94 [    12896.6    3705.9   67176.4    5222.6   50000.0 ]
[24-10-31 15:28:33] 307   -28132.76 [    12896.6    3705.9   67516.8    5222.6   50000.0 ]
[24-10-31 15:28:33] 308   -28132.63 [    12896.6    3705.9   67381.6    5222.6   50000.0 ]
[24-10-31 15:28:34] 309   -28132.63 [    12896.6    3705.9   67392.0    5222.6   50000.0 ]
[24-10-31 15:28:34] 310   -28132.63 [    12896.6    3705.9   67386.8    5222.6   50000.0 ]
[24-10-31 15:28:34] 311   -28132.64 [    12896.6    3705.9   67386.8    5223.6   50000.0 ]
[24-10-31 15:28:35] 312   -28132.62 [    12896.6    3705.9   67386.8    5221.0   50000.0 ]
[24-10-31 15:28:35] 313   -28132.51 [    12896.6    3705.9   67386.8    5186.5   50000.0 ]
[24-10-31 15:28:35] 314   -28132.83 [    12896.6    3705.9   67386.8    5130.5   50000.0 ]
[24-10-31 15:28:35] 315   -28132.56 [    12896.6    3705.9   67386.8    5165.1   50000.0 ]
[24-10-31 15:28:36] 316   -28132.53 [    12896.6    3705.9   67386.8    5199.7   50000.0 ]
[24-10-31 15:28:36] 317   -28132.51 [    12896.6    3705.9   67386.8    5187.1   50000.0 ]
[24-10-31 15:28:36] 318   -28132.51 [    12896.6    3705.9   67386.8    5187.5   50000.0 ]
[24-10-31 15:28:37] 319   -28132.51 [    12896.6    3705.9   67386.8    5187.1   50000.0 ]
[24-10-31 15:28:37] 321   -28132.53 [    12896.6    3705.9   67386.8    5187.1   49998.4 ]
[24-10-31 15:28:37] 322   -28132.52 [    12896.6    3705.9   67386.8    5187.1   49999.4 ]
[24-10-31 15:28:38] 324   -28132.52 [    12896.6    3705.9   67386.8    5187.1   49999.7 ]
[24-10-31 15:28:38] 326   -28132.51 [    12896.6    3705.9   67386.8    5187.1   49999.9 ]
[24-10-31 15:28:38] 328   -28132.51 [    12896.6    3705.9   67386.8    5187.1   50000.0 ]
[24-10-31 15:28:39] 330   -28132.51 [    12896.6    3705.9   67386.8    5187.1   50000.0 ]
[24-10-31 15:28:39] 332   -28132.51 [    12896.6    3705.9   67386.8    5187.1   50000.0 ]
[24-10-31 15:28:39] 334   -28132.51 [    12896.6    3705.9   67386.8    5187.1   50000.0 ]
[24-10-31 15:28:40] 336   -28132.51 [    12896.6    3705.9   67386.8    5187.1   50000.0 ]
[24-10-31 15:28:40] 338   -28132.51 [    12896.6    3705.9   67386.8    5187.1   50000.0 ]
[24-10-31 15:28:40] 340   -28132.51 [    12896.6    3705.9   67386.8    5187.1   50000.0 ]
[24-10-31 15:28:40] 342   -28132.51 [    12896.6    3705.9   67386.8    5187.1   50000.0 ]
[24-10-31 15:28:41] 344   -28132.51 [    12896.6    3705.9   67386.8    5187.1   50000.0 ]
[24-10-31 15:28:41] 345   -28132.51 [    12896.6    3705.9   67386.8    5187.1   50000.0 ]
[24-10-31 15:28:41] 346   -28132.51 [    12896.6    3705.9   67386.8    5187.1   50000.0 ]
[24-10-31 15:28:42] 348   -28132.51 [    12896.6    3705.9   67386.8    5187.1   50000.0 ]
[24-10-31 15:28:42] 350   -28132.51 [    12896.6    3705.9   67386.8    5187.1   50000.0 ]
[24-10-31 15:28:42] 352   -28132.51 [    12896.6    3705.9   67386.8    5187.1   50000.0 ]
[24-10-31 15:28:42] 354   -28132.51 [    12896.6    3705.9   67386.8    5187.1   50000.0 ]
[24-10-31 15:28:43] 356   -28132.51 [    12896.6    3705.9   67386.8    5187.1   50000.0 ]
[24-10-31 15:28:43] 357   -28132.51 [    12897.6    3705.9   67386.8    5187.1   50000.0 ]
[24-10-31 15:28:43] 358   -28132.51 [    12899.2    3705.9   67386.8    5187.1   50000.0 ]
[24-10-31 15:28:44] 359   -28132.51 [    12902.1    3705.9   67386.8    5187.1   50000.0 ]
[24-10-31 15:28:44] 360   -28132.51 [    12906.8    3705.9   67386.8    5187.1   50000.0 ]
[24-10-31 15:28:44] 361   -28132.51 [    12903.9    3705.9   67386.8    5187.1   50000.0 ]
[24-10-31 15:28:44] 362   -28132.51 [    12901.0    3705.9   67386.8    5187.1   50000.0 ]
[24-10-31 15:28:45] 363   -28132.51 [    12902.2    3705.9   67386.8    5187.1   50000.0 ]
[24-10-31 15:28:45] 364   -28132.51 [    12902.0    3705.9   67386.8    5187.1   50000.0 ]
[24-10-31 15:28:45] 365   -28132.51 [    12902.1    3705.9   67386.8    5187.1   50000.0 ]
[24-10-31 15:28:45] 366   -28132.44 [    12902.1    3706.9   67386.8    5187.1   50000.0 ]
[24-10-31 15:28:46] 367   -28132.33 [    12902.1    3708.6   67386.8    5187.1   50000.0 ]
[24-10-31 15:28:46] 368   -28130.42 [    12902.1    3762.9   67386.8    5187.1   50000.0 ]
[24-10-31 15:28:46] 369   -28134.51 [    12902.1    3850.8   67386.8    5187.1   50000.0 ]
[24-10-31 15:28:47] 370   -28130.98 [    12902.1    3796.5   67386.8    5187.1   50000.0 ]
[24-10-31 15:28:47] 371   -28130.73 [    12902.1    3742.1   67386.8    5187.1   50000.0 ]
[24-10-31 15:28:47] 372   -28130.42 [    12902.1    3765.3   67386.8    5187.1   50000.0 ]
[24-10-31 15:28:47] 373   -28130.42 [    12902.1    3764.7   67386.8    5187.1   50000.0 ]
[24-10-31 15:28:48] 374   -28130.42 [    12902.1    3765.9   67386.8    5187.1   50000.0 ]
[24-10-31 15:28:48] 375   -28130.42 [    12902.1    3765.3   67386.8    5187.1   50000.0 ]
[24-10-31 15:28:48] 376   -28130.43 [    12902.1    3765.3   67387.8    5187.1   50000.0 ]
[24-10-31 15:28:48] 377   -28130.41 [    12902.1    3765.3   67385.2    5187.1   50000.0 ]
[24-10-31 15:28:49] 378   -28129.34 [    12902.1    3765.3   67208.8    5187.1   50000.0 ]
[24-10-31 15:28:49] 379   -28128.47 [    12902.1    3765.3   66855.6    5187.1   50000.0 ]
[24-10-31 15:28:49] 380   -28130.67 [    12902.1    3765.3   66284.2    5187.1   50000.0 ]
[24-10-31 15:28:50] 381   -28128.79 [    12902.1    3765.3   66637.4    5187.1   50000.0 ]
[24-10-31 15:28:50] 382    -28128.6 [    12902.1    3765.3   66990.5    5187.1   50000.0 ]
[24-10-31 15:28:50] 383   -28128.47 [    12902.1    3765.3   66850.3    5187.1   50000.0 ]
[24-10-31 15:28:50] 384   -28128.47 [    12902.1    3765.3   66861.0    5187.1   50000.0 ]
[24-10-31 15:28:51] 385   -28128.47 [    12902.1    3765.3   66855.6    5187.1   50000.0 ]
[24-10-31 15:28:51] 386   -28128.48 [    12902.1    3765.3   66855.6    5188.1   50000.0 ]
[24-10-31 15:28:51] 387   -28128.46 [    12902.1    3765.3   66855.6    5185.5   50000.0 ]
[24-10-31 15:28:51] 388   -28128.33 [    12902.1    3765.3   66855.6    5148.4   50000.0 ]
[24-10-31 15:28:52] 389    -28128.7 [    12902.1    3765.3   66855.6    5088.5   50000.0 ]
[24-10-31 15:28:52] 390   -28128.38 [    12902.1    3765.3   66855.6    5125.5   50000.0 ]
[24-10-31 15:28:52] 391   -28128.35 [    12902.1    3765.3   66855.6    5162.6   50000.0 ]
[24-10-31 15:28:52] 392   -28128.33 [    12902.1    3765.3   66855.6    5149.2   50000.0 ]
[24-10-31 15:28:53] 393   -28128.33 [    12902.1    3765.3   66855.6    5149.6   50000.0 ]
[24-10-31 15:28:53] 394   -28128.33 [    12902.1    3765.3   66855.6    5149.2   50000.0 ]
[24-10-31 15:28:53] 396   -28128.35 [    12902.1    3765.3   66855.6    5149.2   49998.4 ]
[24-10-31 15:28:54] 397   -28128.34 [    12902.1    3765.3   66855.6    5149.2   49999.4 ]
[24-10-31 15:28:54] 399   -28128.33 [    12902.1    3765.3   66855.6    5149.2   49999.7 ]
[24-10-31 15:28:54] 401   -28128.33 [    12902.1    3765.3   66855.6    5149.2   49999.9 ]
[24-10-31 15:28:54] 403   -28128.33 [    12902.1    3765.3   66855.6    5149.2   50000.0 ]
[24-10-31 15:28:55] 405   -28128.33 [    12902.1    3765.3   66855.6    5149.2   50000.0 ]
[24-10-31 15:28:55] 407   -28128.33 [    12902.1    3765.3   66855.6    5149.2   50000.0 ]
[24-10-31 15:28:55] 409   -28128.33 [    12902.1    3765.3   66855.6    5149.2   50000.0 ]
[24-10-31 15:28:55] 411   -28128.33 [    12902.1    3765.3   66855.6    5149.2   50000.0 ]
[24-10-31 15:28:56] 413   -28128.33 [    12902.1    3765.3   66855.6    5149.2   50000.0 ]
[24-10-31 15:28:56] 415   -28128.33 [    12902.1    3765.3   66855.6    5149.2   50000.0 ]
[24-10-31 15:28:56] 417   -28128.33 [    12902.1    3765.3   66855.6    5149.2   50000.0 ]
[24-10-31 15:28:57] 419   -28128.33 [    12902.1    3765.3   66855.6    5149.2   50000.0 ]
[24-10-31 15:28:57] 421   -28128.33 [    12902.1    3765.3   66855.6    5149.2   50000.0 ]
[24-10-31 15:28:57] 423   -28128.33 [    12902.1    3765.3   66855.6    5149.2   50000.0 ]
[24-10-31 15:28:57] 425   -28128.33 [    12902.1    3765.3   66855.6    5149.2   50000.0 ]
[24-10-31 15:28:58] 427   -28128.33 [    12902.1    3765.3   66855.6    5149.2   50000.0 ]
[24-10-31 15:28:58] 429   -28128.33 [    12902.1    3765.3   66855.6    5149.2   50000.0 ]
[24-10-31 15:28:58] 431   -28128.33 [    12902.1    3765.3   66855.6    5149.2   50000.0 ]
[24-10-31 15:28:58] 432   -28128.33 [    12902.1    3765.3   66855.6    5149.2   50000.0 ]
[24-10-31 15:28:59] 434   -28128.33 [    12902.1    3765.3   66855.6    5149.2   50000.0 ]
[24-10-31 15:28:59] 435   -28128.33 [    12902.1    3765.3   66855.6    5149.2   50000.0 ]
[24-10-31 15:28:59] 436   -28128.33 [    12902.1    3765.3   66855.6    5149.2   50000.0 ]
[24-10-31 15:28:59] 437   -28128.33 [    12902.1    3765.3   66855.6    5149.2   50000.0 ]
[24-10-31 15:29:00] 438   -28128.33 [    12902.1    3765.3   66855.6    5149.2   50000.0 ]
[24-10-31 15:29:00] 439   -28128.33 [    12902.1    3765.3   66855.6    5149.2   50000.0 ]
[24-10-31 15:29:00] 440   -28128.33 [    12902.1    3765.3   66855.6    5149.2   50000.0 ]
[24-10-31 15:29:00] 441   -28128.33 [    12902.1    3765.3   66855.6    5149.2   50000.0 ]
[24-10-31 15:29:01] 442   -28128.33 [    12902.1    3765.3   66855.6    5149.2   50000.0 ]
[24-10-31 15:29:01] 444   -28128.33 [    12902.1    3765.3   66855.6    5149.2   50000.0 ]
[24-10-31 15:29:01] 445   -28128.33 [    12903.1    3765.3   66855.6    5149.2   50000.0 ]
[24-10-31 15:29:02] 446   -28128.33 [    12904.7    3765.3   66855.6    5149.2   50000.0 ]
[24-10-31 15:29:02] 447   -28128.33 [    12913.9    3765.3   66855.6    5149.2   50000.0 ]
[24-10-31 15:29:02] 448   -28128.33 [    12928.9    3765.3   66855.6    5149.2   50000.0 ]
[24-10-31 15:29:02] 449   -28128.33 [    12919.6    3765.3   66855.6    5149.2   50000.0 ]
[24-10-31 15:29:03] 450   -28128.33 [    12910.4    3765.3   66855.6    5149.2   50000.0 ]
[24-10-31 15:29:03] 451   -28128.33 [    12914.1    3765.3   66855.6    5149.2   50000.0 ]
[24-10-31 15:29:03] 452   -28128.33 [    12913.8    3765.3   66855.6    5149.2   50000.0 ]
[24-10-31 15:29:03] 453   -28128.33 [    12913.9    3765.3   66855.6    5149.2   50000.0 ]
[24-10-31 15:29:04] 454   -28128.26 [    12913.9    3766.3   66855.6    5149.2   50000.0 ]
[24-10-31 15:29:04] 455   -28128.15 [    12913.9    3767.9   66855.6    5149.2   50000.0 ]
[24-10-31 15:29:04] 456   -28126.17 [    12913.9    3824.1   66855.6    5149.2   50000.0 ]
[24-10-31 15:29:05] 457    -28130.4 [    12913.9    3914.9   66855.6    5149.2   50000.0 ]
[24-10-31 15:29:05] 458   -28126.75 [    12913.9    3858.7   66855.6    5149.2   50000.0 ]
[24-10-31 15:29:05] 459   -28126.49 [    12913.9    3802.6   66855.6    5149.2   50000.0 ]
[24-10-31 15:29:05] 460   -28126.17 [    12913.9    3826.6   66855.6    5149.2   50000.0 ]
[24-10-31 15:29:06] 461   -28126.17 [    12913.9    3826.0   66855.6    5149.2   50000.0 ]
[24-10-31 15:29:06] 462   -28126.17 [    12913.9    3827.2   66855.6    5149.2   50000.0 ]
[24-10-31 15:29:06] 463   -28126.17 [    12913.9    3826.6   66855.6    5149.2   50000.0 ]
[24-10-31 15:29:06] 464   -28126.18 [    12913.9    3826.6   66856.6    5149.2   50000.0 ]
[24-10-31 15:29:07] 465   -28126.16 [    12913.9    3826.6   66854.0    5149.2   50000.0 ]
[24-10-31 15:29:07] 466   -28125.09 [    12913.9    3826.6   66677.7    5149.2   50000.0 ]
[24-10-31 15:29:07] 467   -28124.18 [    12913.9    3826.6   66310.2    5149.2   50000.0 ]
[24-10-31 15:29:07] 468   -28126.49 [    12913.9    3826.6   65715.7    5149.2   50000.0 ]
[24-10-31 15:29:08] 469   -28124.51 [    12913.9    3826.6   66083.1    5149.2   50000.0 ]
[24-10-31 15:29:08] 470   -28124.31 [    12913.9    3826.6   66450.6    5149.2   50000.0 ]
[24-10-31 15:29:08] 471   -28124.18 [    12913.9    3826.6   66304.8    5149.2   50000.0 ]
[24-10-31 15:29:09] 472   -28124.18 [    12913.9    3826.6   66315.7    5149.2   50000.0 ]
[24-10-31 15:29:09] 473   -28124.18 [    12913.9    3826.6   66310.2    5149.2   50000.0 ]
[24-10-31 15:29:09] 474   -28124.19 [    12913.9    3826.6   66310.2    5150.2   50000.0 ]
[24-10-31 15:29:09] 475   -28124.17 [    12913.9    3826.6   66310.2    5147.6   50000.0 ]
[24-10-31 15:29:10] 476   -28124.03 [    12913.9    3826.6   66310.2    5109.0   50000.0 ]
[24-10-31 15:29:10] 477   -28124.43 [    12913.9    3826.6   66310.2    5046.7   50000.0 ]
[24-10-31 15:29:10] 478   -28124.09 [    12913.9    3826.6   66310.2    5085.2   50000.0 ]
[24-10-31 15:29:10] 479   -28124.04 [    12913.9    3826.6   66310.2    5123.8   50000.0 ]
[24-10-31 15:29:11] 480   -28124.03 [    12913.9    3826.6   66310.2    5109.9   50000.0 ]
[24-10-31 15:29:11] 481   -28124.03 [    12913.9    3826.6   66310.2    5110.2   50000.0 ]
[24-10-31 15:29:11] 482   -28124.03 [    12913.9    3826.6   66310.2    5109.5   50000.0 ]
[24-10-31 15:29:12] 483   -28124.03 [    12913.9    3826.6   66310.2    5109.9   50000.0 ]
[24-10-31 15:29:12] 485   -28124.05 [    12913.9    3826.6   66310.2    5109.9   49998.4 ]
[24-10-31 15:29:12] 486   -28124.03 [    12913.9    3826.6   66310.2    5109.9   49999.4 ]
[24-10-31 15:29:12] 488   -28124.03 [    12913.9    3826.6   66310.2    5109.9   49999.7 ]
[24-10-31 15:29:13] 490   -28124.03 [    12913.9    3826.6   66310.2    5109.9   49999.9 ]
[24-10-31 15:29:13] 492   -28124.03 [    12913.9    3826.6   66310.2    5109.9   50000.0 ]
[24-10-31 15:29:13] 494   -28124.03 [    12913.9    3826.6   66310.2    5109.9   50000.0 ]
[24-10-31 15:29:13] 496   -28124.03 [    12913.9    3826.6   66310.2    5109.9   50000.0 ]
[24-10-31 15:29:14] 498   -28124.03 [    12913.9    3826.6   66310.2    5109.9   50000.0 ]
[24-10-31 15:29:14] 500   -28124.03 [    12913.9    3826.6   66310.2    5109.9   50000.0 ]
[24-10-31 15:29:14] 502   -28124.03 [    12913.9    3826.6   66310.2    5109.9   50000.0 ]
[24-10-31 15:29:15] 504   -28124.03 [    12913.9    3826.6   66310.2    5109.9   50000.0 ]
[24-10-31 15:29:15] 506   -28124.03 [    12913.9    3826.6   66310.2    5109.9   50000.0 ]
[24-10-31 15:29:15] 508   -28124.03 [    12913.9    3826.6   66310.2    5109.9   50000.0 ]
[24-10-31 15:29:15] 510   -28124.03 [    12913.9    3826.6   66310.2    5109.9   50000.0 ]
[24-10-31 15:29:16] 512   -28124.03 [    12913.9    3826.6   66310.2    5109.9   50000.0 ]
[24-10-31 15:29:16] 514   -28124.03 [    12913.9    3826.6   66310.2    5109.9   50000.0 ]
[24-10-31 15:29:16] 516   -28124.03 [    12913.9    3826.6   66310.2    5109.9   50000.0 ]
[24-10-31 15:29:16] 518   -28124.03 [    12913.9    3826.6   66310.2    5109.9   50000.0 ]
[24-10-31 15:29:17] 520   -28124.03 [    12913.9    3826.6   66310.2    5109.9   50000.0 ]
[24-10-31 15:29:17] 522   -28124.03 [    12913.9    3826.6   66310.2    5109.9   50000.0 ]
[24-10-31 15:29:17] 524   -28124.03 [    12913.9    3826.6   66310.2    5109.9   50000.0 ]
[24-10-31 15:29:18] 526   -28124.03 [    12913.9    3826.6   66310.2    5109.9   50000.0 ]
[24-10-31 15:29:18] 528   -28124.03 [    12913.9    3826.6   66310.2    5109.9   50000.0 ]
[24-10-31 15:29:18] 529   -28124.03 [    12913.9    3826.6   66310.2    5109.9   50000.0 ]
[24-10-31 15:29:18] 530   -28124.03 [    12913.9    3826.6   66310.2    5109.9   50000.0 ]
[24-10-31 15:29:19] 531   -28124.03 [    12913.9    3826.6   66310.2    5109.9   50000.0 ]
[24-10-31 15:29:19] 532   -28124.03 [    12913.9    3826.6   66310.2    5109.9   50000.0 ]
[24-10-31 15:29:19] 533   -28124.03 [    12913.9    3826.6   66310.2    5109.9   50000.0 ]
[24-10-31 15:29:19] 534   -28124.03 [    12913.9    3826.6   66310.2    5109.9   50000.0 ]
[24-10-31 15:29:20] 535   -28124.03 [    12913.9    3826.6   66310.2    5109.9   50000.0 ]
[24-10-31 15:29:20] 536   -28119.74 [    12925.8    3887.9   65764.8    5070.5   50000.0 ]
[24-10-31 15:29:20] 537   -28124.03 [    12913.9    3826.6   66310.2    5109.9   50000.0 ]
[24-10-31 15:29:21] 538   -28119.74 [    12925.8    3887.9   65764.8    5070.5   50000.0 ]
[24-10-31 15:29:21] 539   -28112.82 [    12944.9    3987.1   64882.2    5006.9   50000.0 ]
[24-10-31 15:29:21] 542   -28008.58 [    13249.7    5564.1   50847.4    3995.1   50000.0 ]
[24-10-31 15:29:21] 543   -28059.26 [    13097.3    4775.6   57864.8    4501.0   50000.0 ]
[24-10-31 15:29:22] 544   -27951.21 [    13438.1    6538.8   42173.5    3369.8   50000.0 ]
[24-10-31 15:29:22] 546    -27972.3 [    13366.1    6166.5   45486.6    3608.6   50000.0 ]
[24-10-31 15:29:22] 547   -27938.79 [    13482.5    6768.9   40125.8    3222.1   50000.0 ]
[24-10-31 15:29:22] 549   -27943.48 [    13465.5    6681.0   40907.9    3278.5   50000.0 ]
[24-10-31 15:29:23] 551   -27940.57 [    13476.0    6735.3   40424.6    3243.7   50000.0 ]
[24-10-31 15:29:23] 552   -27938.79 [    13482.5    6768.9   40125.8    3222.1   50000.0 ]
[24-10-31 15:29:23] 553   -27938.79 [    13483.5    6768.9   40125.8    3222.1   50000.0 ]
[24-10-31 15:29:24] 554   -27938.79 [    13485.1    6768.9   40125.8    3222.1   50000.0 ]
[24-10-31 15:29:24] 555   -27938.57 [    13661.5    6768.9   40125.8    3222.1   50000.0 ]
[24-10-31 15:29:24] 556   -27938.57 [    13677.7    6768.9   40125.8    3222.1   50000.0 ]
[24-10-31 15:29:24] 557   -27938.58 [    13703.9    6768.9   40125.8    3222.1   50000.0 ]
[24-10-31 15:29:25] 558   -27938.57 [    13687.7    6768.9   40125.8    3222.1   50000.0 ]
[24-10-31 15:29:25] 559   -27938.57 [    13671.5    6768.9   40125.8    3222.1   50000.0 ]
[24-10-31 15:29:25] 560   -27938.57 [    13680.7    6768.9   40125.8    3222.1   50000.0 ]
[24-10-31 15:29:25] 561   -27938.57 [    13682.7    6768.9   40125.8    3222.1   50000.0 ]
[24-10-31 15:29:26] 562   -27938.57 [    13680.7    6768.9   40125.8    3222.1   50000.0 ]
[24-10-31 15:29:26] 564   -27938.58 [    13680.7    6768.9   40125.8    3222.1   49998.4 ]
[24-10-31 15:29:26] 565   -27938.58 [    13680.7    6768.9   40125.8    3222.1   49999.4 ]
[24-10-31 15:29:27] 567   -27938.57 [    13680.7    6768.9   40125.8    3222.1   49999.7 ]
[24-10-31 15:29:27] 569   -27938.57 [    13680.7    6768.9   40125.8    3222.1   49999.9 ]
[24-10-31 15:29:27] 571   -27938.57 [    13680.7    6768.9   40125.8    3222.1   50000.0 ]
[24-10-31 15:29:27] 573   -27938.57 [    13680.7    6768.9   40125.8    3222.1   50000.0 ]
[24-10-31 15:29:28] 575   -27938.57 [    13680.7    6768.9   40125.8    3222.1   50000.0 ]
[24-10-31 15:29:28] 577   -27938.57 [    13680.7    6768.9   40125.8    3222.1   50000.0 ]
[24-10-31 15:29:28] 579   -27938.57 [    13680.7    6768.9   40125.8    3222.1   50000.0 ]
[24-10-31 15:29:28] 581   -27938.57 [    13680.7    6768.9   40125.8    3222.1   50000.0 ]
[24-10-31 15:29:29] 583   -27938.57 [    13680.7    6768.9   40125.8    3222.1   50000.0 ]
[24-10-31 15:29:29] 585   -27938.57 [    13680.7    6768.9   40125.8    3222.1   50000.0 ]
[24-10-31 15:29:29] 587   -27938.57 [    13680.7    6768.9   40125.8    3222.1   50000.0 ]
[24-10-31 15:29:30] 589   -27938.57 [    13680.7    6768.9   40125.8    3222.1   50000.0 ]
[24-10-31 15:29:30] 591   -27938.57 [    13680.7    6768.9   40125.8    3222.1   50000.0 ]
[24-10-31 15:29:30] 593   -27938.57 [    13680.7    6768.9   40125.8    3222.1   50000.0 ]
[24-10-31 15:29:30] 595   -27938.57 [    13680.7    6768.9   40125.8    3222.1   50000.0 ]
[24-10-31 15:29:31] 597   -27938.57 [    13680.7    6768.9   40125.8    3222.1   50000.0 ]
[24-10-31 15:29:31] 599   -27938.57 [    13680.7    6768.9   40125.8    3222.1   50000.0 ]
[24-10-31 15:29:31] 600   -27938.57 [    13680.7    6768.9   40125.8    3222.1   50000.0 ]
[24-10-31 15:29:31] 601   -27938.57 [    13680.7    6768.9   40125.8    3222.1   50000.0 ]
[24-10-31 15:29:32] 602   -27938.57 [    13680.7    6768.9   40125.8    3222.1   50000.0 ]
[24-10-31 15:29:32] 604   -27938.57 [    13680.7    6768.9   40125.8    3222.1   50000.0 ]
[24-10-31 15:29:32] 605   -27938.57 [    13680.7    6768.9   40125.8    3222.1   50000.0 ]
[24-10-31 15:29:33] 606   -27938.57 [    13680.7    6768.9   40125.8    3222.1   50000.0 ]
[24-10-31 15:29:33] 607   -27938.57 [    13680.7    6768.9   40125.8    3222.1   50000.0 ]
[24-10-31 15:29:33] 608   -27938.57 [    13680.7    6768.9   40125.8    3222.1   50000.0 ]
[24-10-31 15:29:33] 609   -27938.57 [    13680.7    6768.9   40126.8    3222.1   50000.0 ]
[24-10-31 15:29:34] 610   -27938.57 [    13680.7    6768.9   40128.4    3222.1   50000.0 ]
[24-10-31 15:29:34] 611   -27938.34 [    13680.7    6768.9   40304.8    3222.1   50000.0 ]
[24-10-31 15:29:34] 612   -27938.28 [    13680.7    6768.9   40454.6    3222.1   50000.0 ]
[24-10-31 15:29:34] 613   -27938.44 [    13680.7    6768.9   40697.1    3222.1   50000.0 ]
[24-10-31 15:29:35] 614   -27938.31 [    13680.7    6768.9   40547.2    3222.1   50000.0 ]
[24-10-31 15:29:35] 615   -27938.29 [    13680.7    6768.9   40397.4    3222.1   50000.0 ]
[24-10-31 15:29:35] 616   -27938.28 [    13680.7    6768.9   40451.4    3222.1   50000.0 ]
[24-10-31 15:29:36] 617   -27938.28 [    13680.7    6768.9   40457.9    3222.1   50000.0 ]
[24-10-31 15:29:36] 618   -27938.28 [    13680.7    6768.9   40454.6    3222.1   50000.0 ]
[24-10-31 15:29:36] 619   -27938.31 [    13680.7    6768.9   40454.6    3223.1   50000.0 ]
[24-10-31 15:29:36] 620   -27938.24 [    13680.7    6768.9   40454.6    3220.5   50000.0 ]
[24-10-31 15:29:37] 621   -27937.41 [    13680.7    6768.9   40454.6    3159.4   50000.0 ]
[24-10-31 15:29:37] 622   -27940.16 [    13680.7    6768.9   40454.6    3060.6   50000.0 ]
[24-10-31 15:29:37] 623   -27937.84 [    13680.7    6768.9   40454.6    3121.7   50000.0 ]
[24-10-31 15:29:37] 624   -27937.52 [    13680.7    6768.9   40454.6    3182.8   50000.0 ]
[24-10-31 15:29:38] 625   -27937.41 [    13680.7    6768.9   40454.6    3162.5   50000.0 ]
[24-10-31 15:29:38] 626   -27937.41 [    13680.7    6768.9   40454.6    3161.9   50000.0 ]
[24-10-31 15:29:38] 627   -27937.41 [    13680.7    6768.9   40454.6    3163.1   50000.0 ]
[24-10-31 15:29:39] 628   -27937.41 [    13680.7    6768.9   40454.6    3162.5   50000.0 ]
[24-10-31 15:29:39] 633   -27957.06 [    13613.6    6421.6   43545.3    3385.3   50000.0 ]
[24-10-31 15:29:39] 634   -27947.13 [    13647.1    6595.3   42000.0    3273.9   50000.0 ]
[24-10-31 15:29:39] 637   -27941.09 [    13667.9    6702.6   41044.9    3205.1   50000.0 ]
[24-10-31 15:29:40] 639   -27938.81 [    13675.8    6743.6   40680.1    3178.8   50000.0 ]
[24-10-31 15:29:40] 640   -27936.09 [    13685.3    6792.8   40241.7    3147.2   50000.0 ]
[24-10-31 15:29:40] 641   -27935.28 [    13688.2    6807.6   40110.2    3137.7   50000.0 ]
[24-10-31 15:29:41] 642   -27934.78 [    13689.9    6816.8   40028.8    3131.8   50000.0 ]
[24-10-31 15:29:41] 644   -27934.97 [    13689.3    6813.3   40059.9    3134.1   50000.0 ]
[24-10-31 15:29:41] 645   -27934.66 [    13690.4    6818.9   40009.7    3130.4   50000.0 ]
[24-10-31 15:29:42] 647    -27934.7 [    13690.2    6818.1   40017.0    3131.0   50000.0 ]
[24-10-31 15:29:42] 648   -27934.63 [    13690.5    6819.4   40005.1    3130.1   50000.0 ]
[24-10-31 15:29:42] 650   -27934.63 [    13690.5    6819.4   40005.1    3130.1   50000.0 ]
[24-10-31 15:29:43] 651   -27934.63 [    13691.5    6819.4   40005.1    3130.1   50000.0 ]
[24-10-31 15:29:43] 652   -27934.63 [    13693.1    6819.4   40005.1    3130.1   50000.0 ]
[24-10-31 15:29:43] 653   -27934.57 [    13794.7    6819.4   40005.1    3130.1   50000.0 ]
[24-10-31 15:29:44] 654   -27934.71 [    13959.2    6819.4   40005.1    3130.1   50000.0 ]
[24-10-31 15:29:44] 655   -27934.59 [    13857.5    6819.4   40005.1    3130.1   50000.0 ]
[24-10-31 15:29:44] 656   -27934.58 [    13755.9    6819.4   40005.1    3130.1   50000.0 ]
[24-10-31 15:29:44] 657   -27934.57 [    13797.0    6819.4   40005.1    3130.1   50000.0 ]
[24-10-31 15:29:45] 658   -27934.57 [    13798.1    6819.4   40005.1    3130.1   50000.0 ]
[24-10-31 15:29:45] 659   -27934.57 [    13796.0    6819.4   40005.1    3130.1   50000.0 ]
[24-10-31 15:29:45] 660   -27934.57 [    13797.0    6819.4   40005.1    3130.1   50000.0 ]
[24-10-31 15:29:46] 662   -27934.58 [    13797.0    6819.4   40005.1    3130.1   49998.4 ]
[24-10-31 15:29:46] 663   -27934.57 [    13797.0    6819.4   40005.1    3130.1   49999.4 ]
[24-10-31 15:29:46] 665   -27934.57 [    13797.0    6819.4   40005.1    3130.1   49999.7 ]
[24-10-31 15:29:47] 667   -27934.57 [    13797.0    6819.4   40005.1    3130.1   49999.9 ]
[24-10-31 15:29:47] 669   -27934.57 [    13797.0    6819.4   40005.1    3130.1   50000.0 ]
[24-10-31 15:29:47] 671   -27934.57 [    13797.0    6819.4   40005.1    3130.1   50000.0 ]
[24-10-31 15:29:47] 673   -27934.57 [    13797.0    6819.4   40005.1    3130.1   50000.0 ]
[24-10-31 15:29:48] 675   -27934.57 [    13797.0    6819.4   40005.1    3130.1   50000.0 ]
[24-10-31 15:29:48] 677   -27934.57 [    13797.0    6819.4   40005.1    3130.1   50000.0 ]
[24-10-31 15:29:48] 679   -27934.57 [    13797.0    6819.4   40005.1    3130.1   50000.0 ]
[24-10-31 15:29:49] 681   -27934.57 [    13797.0    6819.4   40005.1    3130.1   50000.0 ]
[24-10-31 15:29:49] 683   -27934.57 [    13797.0    6819.4   40005.1    3130.1   50000.0 ]
[24-10-31 15:29:49] 685   -27934.57 [    13797.0    6819.4   40005.1    3130.1   50000.0 ]
[24-10-31 15:29:50] 687   -27934.57 [    13797.0    6819.4   40005.1    3130.1   50000.0 ]
[24-10-31 15:29:50] 689   -27934.57 [    13797.0    6819.4   40005.1    3130.1   50000.0 ]
[24-10-31 15:29:50] 691   -27934.57 [    13797.0    6819.4   40005.1    3130.1   50000.0 ]
[24-10-31 15:29:51] 693   -27934.57 [    13797.0    6819.4   40005.1    3130.1   50000.0 ]
[24-10-31 15:29:51] 695   -27934.57 [    13797.0    6819.4   40005.1    3130.1   50000.0 ]
[24-10-31 15:29:51] 697   -27934.57 [    13797.0    6819.4   40005.1    3130.1   50000.0 ]
[24-10-31 15:29:51] 699   -27934.57 [    13797.0    6819.4   40005.1    3130.1   50000.0 ]
[24-10-31 15:29:52] 701   -27934.57 [    13797.0    6819.4   40005.1    3130.1   50000.0 ]
[24-10-31 15:29:52] 702   -27934.57 [    13797.0    6819.4   40005.1    3130.1   50000.0 ]
[24-10-31 15:29:52] 703   -27934.57 [    13797.0    6819.4   40005.1    3130.1   50000.0 ]
[24-10-31 15:29:53] 704   -27934.57 [    13797.0    6819.4   40005.1    3130.1   50000.0 ]
[24-10-31 15:29:53] 705   -27934.57 [    13797.0    6819.4   40005.1    3130.1   50000.0 ]
[24-10-31 15:29:53] 706   -27934.57 [    13797.0    6819.4   40005.1    3130.1   50000.0 ]
[24-10-31 15:29:53] 707   -27934.57 [    13797.0    6819.4   40005.1    3130.1   50000.0 ]
[24-10-31 15:29:54] 708   -27934.57 [    13797.0    6819.4   40005.1    3130.1   50000.0 ]
[24-10-31 15:29:54] 709   -27934.57 [    13797.0    6819.4   40005.1    3130.1   50000.0 ]
[24-10-31 15:29:54] 710   -27934.57 [    13797.0    6819.4   40005.1    3130.1   50000.0 ]
[24-10-31 15:29:54] 711   -27934.57 [    13797.0    6819.4   40005.1    3130.1   50000.0 ]
[24-10-31 15:29:54] 712   -27934.57 [    13797.0    6819.4   40005.1    3130.1   50000.0 ]
[24-10-31 15:29:55] 713   -27934.57 [    13797.0    6819.4   40006.1    3130.1   50000.0 ]
[24-10-31 15:29:55] 714   -27934.57 [    13797.0    6819.4   40003.5    3130.1   50000.0 ]
[24-10-31 15:29:55] 720   -27934.57 [    13797.0    6819.4   40002.1    3130.1   50000.0 ]
[24-10-31 15:29:55] 721   -27934.57 [    13797.0    6819.4   40002.8    3130.1   50000.0 ]
[24-10-31 15:29:56] 722   -27934.57 [    13797.0    6819.4   40001.2    3130.1   50000.0 ]
[24-10-31 15:29:56] 723   -27934.57 [    13797.0    6819.4   40000.7    3130.1   50000.0 ]
[24-10-31 15:29:56] 724   -27934.57 [    13797.0    6819.4   40000.3    3130.1   50000.0 ]
[24-10-31 15:29:56] 725   -27934.57 [    13797.0    6819.4   40000.1    3130.1   50000.0 ]
[24-10-31 15:29:57] 727   -27934.57 [    13797.0    6819.4   40000.2    3130.1   50000.0 ]
[24-10-31 15:29:57] 728   -27934.56 [    13797.0    6819.4   40000.1    3130.1   50000.0 ]
[24-10-31 15:29:57] 729   -27934.56 [    13797.0    6819.4   40000.1    3130.1   50000.0 ]
[24-10-31 15:29:57] 730   -27934.57 [    13797.0    6819.4   40000.1    3131.1   50000.0 ]
[24-10-31 15:29:58] 731   -27934.56 [    13797.0    6819.4   40000.1    3128.5   50000.0 ]
[24-10-31 15:29:58] 732   -27934.56 [    13797.0    6819.4   40000.1    3127.0   50000.0 ]
[24-10-31 15:29:58] 733   -27934.56 [    13797.0    6819.4   40000.1    3124.6   50000.0 ]
[24-10-31 15:29:58] 734   -27934.56 [    13797.0    6819.4   40000.1    3126.1   50000.0 ]
[24-10-31 15:29:59] 735   -27934.56 [    13797.0    6819.4   40000.1    3127.6   50000.0 ]
[24-10-31 15:29:59] 736   -27934.56 [    13797.0    6819.4   40000.1    3127.0   50000.0 ]
[24-10-31 15:29:59] 737   -27934.56 [    13797.0    6819.4   40000.1    3127.0   50000.0 ]
[24-10-31 15:29:59] 738   -27934.56 [    13797.0    6819.4   40000.1    3127.0   50000.0 ]
[24-10-31 15:29:59] 746   -27941.93 [    13771.4    6686.8   41180.6    3212.1   50000.0 ]
[24-10-31 15:30:00] 747   -27938.23 [    13784.2    6753.1   40590.3    3169.6   50000.0 ]
[24-10-31 15:30:00] 748   -27935.96 [    13792.1    6794.1   40225.5    3143.3   50000.0 ]
[24-10-31 15:30:00] 749    -27935.1 [    13795.1    6809.7   40086.2    3133.2   50000.0 ]
[24-10-31 15:30:00] 751   -27934.77 [    13796.3    6815.7   40033.0    3129.4   50000.0 ]
[24-10-31 15:30:01] 753   -27934.64 [    13796.7    6818.0   40012.6    3127.9   50000.0 ]
[24-10-31 15:30:01] 755   -27934.59 [    13796.9    6818.9   40004.9    3127.3   50000.0 ]
[24-10-31 15:30:01] 757   -27934.57 [    13797.0    6819.2   40001.9    3127.1   50000.0 ]
[24-10-31 15:30:02] 759   -27934.57 [    13797.0    6819.3   40000.8    3127.1   50000.0 ]
[24-10-31 15:30:02] 761   -27934.56 [    13797.0    6819.4   40000.3    3127.0   50000.0 ]
[24-10-31 15:30:02] 763   -27934.56 [    13797.0    6819.4   40000.2    3127.0   50000.0 ]
[24-10-31 15:30:03] 765   -27934.56 [    13797.0    6819.4   40000.1    3127.0   50000.0 ]
[24-10-31 15:30:03] 766   -27934.56 [    13797.0    6819.4   40000.0    3127.0   50000.0 ]
[24-10-31 15:30:03] 767   -27934.56 [    13797.0    6819.4   40000.0    3127.0   50000.0 ]
[24-10-31 15:30:03] 768   -27934.56 [    13797.0    6819.4   40000.0    3127.0   50000.0 ]
[24-10-31 15:30:04] 769   -27934.56 [    13797.0    6819.4   40000.0    3127.0   50000.0 ]
[24-10-31 15:30:04] 771   -27934.56 [    13797.0    6819.4   40000.0    3127.0   50000.0 ]
[24-10-31 15:30:04] 773   -27934.56 [    13797.0    6819.4   40000.0    3127.0   50000.0 ]
Optimization terminated successfully.
         Current function value: 27934.562090
         Iterations: 9
         Function evaluations: 774
[24-10-31 15:30:04] 774      fit p: [    13797.0    6819.4   40000.0    3127.0   50000.0 ]
method: Powell
objective_func: objective_H2
fopt: -27934.562089962354
max_iter: 100
num_iter: 9
func_calls: 774
flag: 0
u_fitted: False
u: 1.111e-08
