[24-10-31 15:03:15] fitting objective_H2 to data for demes ['French', 'KhomaniSan', 'Yoruba']
[24-10-31 15:03:15] 0        pnames [         NK       NFY       TFY        NF        NY ]
[24-10-31 15:03:15] 0            p0 [    25998.9   17139.9   48575.8    6644.9   27282.2 ]
[24-10-31 15:03:15] 1     -33866.52 [    25998.9   17139.9   48575.8    6644.9   27282.2 ]
[24-10-31 15:03:15] 2     -33866.52 [    25998.9   17139.9   48575.8    6644.9   27282.2 ]
[24-10-31 15:03:15] 3     -33866.51 [    25999.9   17139.9   48575.8    6644.9   27282.2 ]
[24-10-31 15:03:15] 4      -33866.5 [    26001.5   17139.9   48575.8    6644.9   27282.2 ]
[24-10-31 15:03:16] 5     -33864.69 [    26177.9   17139.9   48575.8    6644.9   27282.2 ]
[24-10-31 15:03:16] 6     -33827.83 [    31951.9   17139.9   48575.8    6644.9   27282.2 ]
[24-10-31 15:03:16] 7     -33813.19 [    41294.4   17139.9   48575.8    6644.9   27282.2 ]
[24-10-31 15:03:16] 8     -33814.12 [    39082.7   17139.9   48575.8    6644.9   27282.2 ]
[24-10-31 15:03:16] 10    -33814.37 [    47068.4   17139.9   48575.8    6644.9   27282.2 ]
[24-10-31 15:03:17] 11    -33815.27 [    37725.9   17139.9   48575.8    6644.9   27282.2 ]
[24-10-31 15:03:17] 12    -33813.08 [    42965.2   17139.9   48575.8    6644.9   27282.2 ]
[24-10-31 15:03:17] 13    -33813.07 [    42605.1   17139.9   48575.8    6644.9   27282.2 ]
[24-10-31 15:03:17] 14    -33813.07 [    42439.1   17139.9   48575.8    6644.9   27282.2 ]
[24-10-31 15:03:18] 15    -33813.07 [    42274.7   17139.9   48575.8    6644.9   27282.2 ]
[24-10-31 15:03:18] 16    -33813.07 [    42439.1   17139.9   48575.8    6644.9   27282.2 ]
[24-10-31 15:03:18] 17    -33813.35 [    42439.1   17140.9   48575.8    6644.9   27282.2 ]
[24-10-31 15:03:18] 18    -33812.61 [    42439.1   17138.2   48575.8    6644.9   27282.2 ]
[24-10-31 15:03:18] 19    -33811.86 [    42439.1   17135.6   48575.8    6644.9   27282.2 ]
[24-10-31 15:03:19] 20    -33810.65 [    42439.1   17131.4   48575.8    6644.9   27282.2 ]
[24-10-31 15:03:19] 21    -33808.69 [    42439.1   17124.5   48575.8    6644.9   27282.2 ]
[24-10-31 15:03:19] 22    -33805.53 [    42439.1   17113.4   48575.8    6644.9   27282.2 ]
[24-10-31 15:03:19] 23     -33800.4 [    42439.1   17095.5   48575.8    6644.9   27282.2 ]
[24-10-31 15:03:20] 24    -33792.08 [    42439.1   17066.5   48575.8    6644.9   27282.2 ]
[24-10-31 15:03:20] 25    -33778.58 [    42439.1   17019.5   48575.8    6644.9   27282.2 ]
[24-10-31 15:03:20] 26    -33756.64 [    42439.1   16943.5   48575.8    6644.9   27282.2 ]
[24-10-31 15:03:20] 27    -33720.88 [    42439.1   16820.5   48575.8    6644.9   27282.2 ]
[24-10-31 15:03:20] 28    -33662.29 [    42439.1   16621.5   48575.8    6644.9   27282.2 ]
[24-10-31 15:03:21] 29    -33565.59 [    42439.1   16299.5   48575.8    6644.9   27282.2 ]
[24-10-31 15:03:21] 30    -33403.99 [    42439.1   15778.5   48575.8    6644.9   27282.2 ]
[24-10-31 15:03:21] 31    -33128.47 [    42439.1   14935.5   48575.8    6644.9   27282.2 ]
[24-10-31 15:03:21] 32    -32643.56 [    42439.1   13571.5   48575.8    6644.9   27282.2 ]
[24-10-31 15:03:21] 33    -31752.17 [    42439.1   11364.5   48575.8    6644.9   27282.2 ]
[24-10-31 15:03:22] 34    -30173.96 [    42439.1    7793.5   48575.8    6644.9   27282.2 ]
[24-10-31 15:03:22] 35    -50721.83 [    42439.1    2015.5   48575.8    6644.9   27282.2 ]
[24-10-31 15:03:22] 36    -29856.67 [    42439.1    5586.5   48575.8    6644.9   27282.2 ]
[24-10-31 15:03:22] 37    -31288.32 [    42439.1    4222.5   48575.8    6644.9   27282.2 ]
[24-10-31 15:03:23] 38    -29801.88 [    42439.1    6474.9   48575.8    6644.9   27282.2 ]
[24-10-31 15:03:23] 39    -29780.74 [    42439.1    6228.6   48575.8    6644.9   27282.2 ]
[24-10-31 15:03:23] 40    -29778.95 [    42439.1    6119.5   48575.8    6644.9   27282.2 ]
[24-10-31 15:03:23] 41    -29782.52 [    42439.1    6009.3   48575.8    6644.9   27282.2 ]
[24-10-31 15:03:23] 42    -29778.95 [    42439.1    6119.5   48575.8    6644.9   27282.2 ]
[24-10-31 15:03:24] 43    -29778.94 [    42439.1    6119.5   48576.8    6644.9   27282.2 ]
[24-10-31 15:03:24] 44    -29778.92 [    42439.1    6119.5   48578.4    6644.9   27282.2 ]
[24-10-31 15:03:24] 45    -29777.18 [    42439.1    6119.5   48754.8    6644.9   27282.2 ]
[24-10-31 15:03:25] 46    -29768.32 [    42439.1    6119.5   50654.9    6644.9   27282.2 ]
[24-10-31 15:03:25] 47    -29793.01 [    42439.1    6119.5   53729.4    6644.9   27282.2 ]
[24-10-31 15:03:25] 48    -29771.98 [    42439.1    6119.5   51829.3    6644.9   27282.2 ]
[24-10-31 15:03:25] 49    -29769.56 [    42439.1    6119.5   49929.1    6644.9   27282.2 ]
[24-10-31 15:03:25] 50    -29768.32 [    42439.1    6119.5   50628.8    6644.9   27282.2 ]
[24-10-31 15:03:26] 51    -29768.32 [    42439.1    6119.5   50608.2    6644.9   27282.2 ]
[24-10-31 15:03:26] 52    -29768.32 [    42439.1    6119.5   50628.8    6644.9   27282.2 ]
[24-10-31 15:03:26] 53    -29768.61 [    42439.1    6119.5   50628.8    6645.9   27282.2 ]
[24-10-31 15:03:26] 54    -29767.84 [    42439.1    6119.5   50628.8    6643.3   27282.2 ]
[24-10-31 15:03:27] 55    -29767.08 [    42439.1    6119.5   50628.8    6640.7   27282.2 ]
[24-10-31 15:03:27] 56    -29765.85 [    42439.1    6119.5   50628.8    6636.5   27282.2 ]
[24-10-31 15:03:27] 57    -29763.86 [    42439.1    6119.5   50628.8    6629.6   27282.2 ]
[24-10-31 15:03:27] 58    -29760.63 [    42439.1    6119.5   50628.8    6618.5   27282.2 ]
[24-10-31 15:03:28] 59     -29755.4 [    42439.1    6119.5   50628.8    6600.6   27282.2 ]
[24-10-31 15:03:28] 60    -29746.92 [    42439.1    6119.5   50628.8    6571.5   27282.2 ]
[24-10-31 15:03:28] 61    -29733.16 [    42439.1    6119.5   50628.8    6524.6   27282.2 ]
[24-10-31 15:03:28] 62    -29710.81 [    42439.1    6119.5   50628.8    6448.5   27282.2 ]
[24-10-31 15:03:29] 63    -29674.41 [    42439.1    6119.5   50628.8    6325.6   27282.2 ]
[24-10-31 15:03:29] 64    -29615.01 [    42439.1    6119.5   50628.8    6126.6   27282.2 ]
[24-10-31 15:03:29] 65    -29518.03 [    42439.1    6119.5   50628.8    5804.6   27282.2 ]
[24-10-31 15:03:29] 66    -29361.77 [    42439.1    6119.5   50628.8    5283.6   27282.2 ]
[24-10-31 15:03:30] 70    -30150.49 [    42439.1    6119.5   50628.8    2118.8   27282.2 ]
[24-10-31 15:03:30] 71    -29019.55 [    42439.1    6119.5   50628.8    3701.2   27282.2 ]
[24-10-31 15:03:30] 72    -29068.64 [    42439.1    6119.5   50628.8    4124.8   27282.2 ]
[24-10-31 15:03:30] 73    -29051.13 [    42439.1    6119.5   50628.8    3244.2   27282.2 ]
[24-10-31 15:03:31] 74    -29017.52 [    42439.1    6119.5   50628.8    3637.2   27282.2 ]
[24-10-31 15:03:31] 75    -29017.17 [    42439.1    6119.5   50628.8    3607.1   27282.2 ]
[24-10-31 15:03:31] 76    -29017.24 [    42439.1    6119.5   50628.8    3576.7   27282.2 ]
[24-10-31 15:03:31] 77    -29017.17 [    42439.1    6119.5   50628.8    3607.1   27282.2 ]
[24-10-31 15:03:32] 78    -29017.12 [    42439.1    6119.5   50628.8    3607.1   27283.2 ]
[24-10-31 15:03:32] 79    -29017.04 [    42439.1    6119.5   50628.8    3607.1   27284.8 ]
[24-10-31 15:03:32] 80    -29008.38 [    42439.1    6119.5   50628.8    3607.1   27461.2 ]
[24-10-31 15:03:32] 81    -28622.09 [    42439.1    6119.5   50628.8    3607.1   39320.5 ]
[24-10-31 15:03:33] 83    -28490.45 [    42439.1    6119.5   50628.8    3607.1   46650.0 ]
[24-10-31 15:03:33] 85    -28550.06 [    42439.1    6119.5   50628.8    3607.1   42985.2 ]
[24-10-31 15:03:33] 86    -28465.75 [    42439.1    6119.5   50628.8    3607.1   48380.2 ]
[24-10-31 15:03:33] 87    -28451.44 [    42439.1    6119.5   50628.8    3607.1   49449.6 ]
[24-10-31 15:03:33] 89    -28456.82 [    42439.1    6119.5   50628.8    3607.1   49041.1 ]
[24-10-31 15:03:34] 90    -28448.15 [    42439.1    6119.5   50628.8    3607.1   49702.0 ]
[24-10-31 15:03:34] 92    -28448.15 [    42439.1    6119.5   50628.8    3607.1   49702.0 ]
[24-10-31 15:03:34] 93    -28448.17 [    42440.1    6119.5   50628.8    3607.1   49702.0 ]
[24-10-31 15:03:34] 94    -28448.14 [    42437.5    6119.5   50628.8    3607.1   49702.0 ]
[24-10-31 15:03:35] 95    -28448.11 [    42434.8    6119.5   50628.8    3607.1   49702.0 ]
[24-10-31 15:03:35] 96    -28448.06 [    42430.6    6119.5   50628.8    3607.1   49702.0 ]
[24-10-31 15:03:35] 97    -28447.98 [    42423.7    6119.5   50628.8    3607.1   49702.0 ]
[24-10-31 15:03:35] 98    -28447.85 [    42412.7    6119.5   50628.8    3607.1   49702.0 ]
[24-10-31 15:03:36] 99    -28447.65 [    42394.7    6119.5   50628.8    3607.1   49702.0 ]
[24-10-31 15:03:36] 100   -28447.31 [    42365.7    6119.5   50628.8    3607.1   49702.0 ]
[24-10-31 15:03:36] 101   -28446.78 [    42318.7    6119.5   50628.8    3607.1   49702.0 ]
[24-10-31 15:03:36] 102    -28445.9 [    42242.7    6119.5   50628.8    3607.1   49702.0 ]
[24-10-31 15:03:37] 103   -28444.49 [    42119.7    6119.5   50628.8    3607.1   49702.0 ]
[24-10-31 15:03:37] 104   -28442.18 [    41920.7    6119.5   50628.8    3607.1   49702.0 ]
[24-10-31 15:03:37] 105   -28438.42 [    41598.7    6119.5   50628.8    3607.1   49702.0 ]
[24-10-31 15:03:37] 106   -28432.25 [    41077.7    6119.5   50628.8    3607.1   49702.0 ]
[24-10-31 15:03:38] 107   -28422.05 [    40234.7    6119.5   50628.8    3607.1   49702.0 ]
[24-10-31 15:03:38] 108   -28404.94 [    38870.7    6119.5   50628.8    3607.1   49702.0 ]
[24-10-31 15:03:38] 109   -28375.61 [    36663.7    6119.5   50628.8    3607.1   49702.0 ]
[24-10-31 15:03:38] 110   -28323.46 [    33092.7    6119.5   50628.8    3607.1   49702.0 ]
[24-10-31 15:03:39] 111   -28226.07 [    27314.7    6119.5   50628.8    3607.1   49702.0 ]
[24-10-31 15:03:39] 112   -28055.31 [    17965.7    6119.5   50628.8    3607.1   49702.0 ]
[24-10-31 15:03:39] 113   -36013.36 [     2838.7    6119.5   50628.8    3607.1   49702.0 ]
[24-10-31 15:03:39] 114   -28076.24 [    12187.7    6119.5   50628.8    3607.1   49702.0 ]
[24-10-31 15:03:40] 115   -28116.65 [    21536.7    6119.5   50628.8    3607.1   49702.0 ]
[24-10-31 15:03:40] 116   -28033.36 [    15890.6    6119.5   50628.8    3607.1   49702.0 ]
[24-10-31 15:03:40] 117   -28031.69 [    15548.8    6119.5   50628.8    3607.1   49702.0 ]
[24-10-31 15:03:40] 118   -28031.08 [    14678.3    6119.5   50628.8    3607.1   49702.0 ]
[24-10-31 15:03:41] 119   -28038.26 [    13726.9    6119.5   50628.8    3607.1   49702.0 ]
[24-10-31 15:03:41] 120   -28032.21 [    14400.7    6119.5   50628.8    3607.1   49702.0 ]
[24-10-31 15:03:41] 121   -28030.64 [    14955.9    6119.5   50628.8    3607.1   49702.0 ]
[24-10-31 15:03:41] 122   -28030.81 [    15230.7    6119.5   50628.8    3607.1   49702.0 ]
[24-10-31 15:03:42] 123   -28030.64 [    14955.9    6119.5   50628.8    3607.1   49702.0 ]
[24-10-31 15:03:42] 124   -28030.73 [    14955.9    6120.5   50628.8    3607.1   49702.0 ]
[24-10-31 15:03:42] 125   -28030.49 [    14955.9    6117.9   50628.8    3607.1   49702.0 ]
[24-10-31 15:03:42] 126   -28020.34 [    14955.9    5941.5   50628.8    3607.1   49702.0 ]
[24-10-31 15:03:43] 127   -28019.87 [    14955.9    5883.7   50628.8    3607.1   49702.0 ]
[24-10-31 15:03:43] 128   -28022.41 [    14955.9    5790.3   50628.8    3607.1   49702.0 ]
[24-10-31 15:03:43] 129   -28020.35 [    14955.9    5848.0   50628.8    3607.1   49702.0 ]
[24-10-31 15:03:43] 130   -28019.87 [    14955.9    5905.8   50628.8    3607.1   49702.0 ]
[24-10-31 15:03:43] 131   -28019.85 [    14955.9    5894.8   50628.8    3607.1   49702.0 ]
[24-10-31 15:03:44] 132   -28019.85 [    14955.9    5892.5   50628.8    3607.1   49702.0 ]
[24-10-31 15:03:44] 133   -28019.85 [    14955.9    5897.0   50628.8    3607.1   49702.0 ]
[24-10-31 15:03:44] 134   -28019.85 [    14955.9    5894.8   50628.8    3607.1   49702.0 ]
[24-10-31 15:03:44] 135   -28019.86 [    14955.9    5894.8   50629.8    3607.1   49702.0 ]
[24-10-31 15:03:45] 136   -28019.82 [    14955.9    5894.8   50627.1    3607.1   49702.0 ]
[24-10-31 15:03:45] 137   -28017.46 [    14955.9    5894.8   50450.8    3607.1   49702.0 ]
[24-10-31 15:03:45] 138   -28004.22 [    14955.9    5894.8   48407.5    3607.1   49702.0 ]
[24-10-31 15:03:45] 139   -28036.79 [    14955.9    5894.8   45101.5    3607.1   49702.0 ]
[24-10-31 15:03:46] 140   -28008.88 [    14955.9    5894.8   47144.7    3607.1   49702.0 ]
[24-10-31 15:03:46] 141   -28006.22 [    14955.9    5894.8   49188.0    3607.1   49702.0 ]
[24-10-31 15:03:46] 142   -28004.22 [    14955.9    5894.8   48378.8    3607.1   49702.0 ]
[24-10-31 15:03:46] 143   -28004.22 [    14955.9    5894.8   48356.3    3607.1   49702.0 ]
[24-10-31 15:03:47] 144   -28004.22 [    14955.9    5894.8   48378.8    3607.1   49702.0 ]
[24-10-31 15:03:47] 145   -28004.16 [    14955.9    5894.8   48378.8    3608.1   49702.0 ]
[24-10-31 15:03:47] 146   -28004.07 [    14955.9    5894.8   48378.8    3609.7   49702.0 ]
[24-10-31 15:03:47] 147   -28000.22 [    14955.9    5894.8   48378.8    3738.2   49702.0 ]
[24-10-31 15:03:48] 148   -28006.59 [    14955.9    5894.8   48378.8    3946.0   49702.0 ]
[24-10-31 15:03:48] 149   -28000.98 [    14955.9    5894.8   48378.8    3817.6   49702.0 ]
[24-10-31 15:03:48] 150    -28000.9 [    14955.9    5894.8   48378.8    3689.1   49702.0 ]
[24-10-31 15:03:48] 151   -28000.19 [    14955.9    5894.8   48378.8    3751.8   49702.0 ]
[24-10-31 15:03:49] 152   -28000.19 [    14955.9    5894.8   48378.8    3750.3   49702.0 ]
[24-10-31 15:03:49] 153   -28000.19 [    14955.9    5894.8   48378.8    3748.9   49702.0 ]
[24-10-31 15:03:49] 154   -28000.19 [    14955.9    5894.8   48378.8    3750.3   49702.0 ]
[24-10-31 15:03:49] 155   -28000.18 [    14955.9    5894.8   48378.8    3750.3   49703.0 ]
[24-10-31 15:03:50] 156   -28000.16 [    14955.9    5894.8   48378.8    3750.3   49704.6 ]
[24-10-31 15:03:50] 157    -27998.5 [    14955.9    5894.8   48378.8    3750.3   49881.0 ]
[24-10-31 15:03:50] 164   -27999.13 [    14955.9    5894.8   48378.8    3750.3   49813.6 ]
[24-10-31 15:03:50] 165   -27998.82 [    14955.9    5894.8   48378.8    3750.3   49847.3 ]
[24-10-31 15:03:51] 166   -27997.94 [    14955.9    5894.8   48378.8    3750.3   49940.7 ]
[24-10-31 15:03:51] 167    -27997.6 [    14955.9    5894.8   48378.8    3750.3   49977.6 ]
[24-10-31 15:03:51] 169   -27997.73 [    14955.9    5894.8   48378.8    3750.3   49963.5 ]
[24-10-31 15:03:51] 170   -27997.52 [    14955.9    5894.8   48378.8    3750.3   49986.3 ]
[24-10-31 15:03:52] 171   -27997.47 [    14955.9    5894.8   48378.8    3750.3   49991.7 ]
[24-10-31 15:03:52] 172   -27997.44 [    14955.9    5894.8   48378.8    3750.3   49995.0 ]
[24-10-31 15:03:52] 174   -27997.44 [    14955.9    5894.8   48378.8    3750.3   49995.0 ]
[24-10-31 15:03:52] 175   -27997.45 [    14956.9    5894.8   48378.8    3750.3   49995.0 ]
[24-10-31 15:03:53] 176   -27997.42 [    14954.3    5894.8   48378.8    3750.3   49995.0 ]
[24-10-31 15:03:53] 177   -27995.42 [    14777.9    5894.8   48378.8    3750.3   49995.0 ]
[24-10-31 15:03:53] 178   -27989.57 [    13179.7    5894.8   48378.8    3750.3   49995.0 ]
[24-10-31 15:03:53] 179   -28067.26 [    10593.7    5894.8   48378.8    3750.3   49995.0 ]
[24-10-31 15:03:54] 180   -28001.94 [    12191.9    5894.8   48378.8    3750.3   49995.0 ]
[24-10-31 15:03:54] 181   -27988.79 [    13790.1    5894.8   48378.8    3750.3   49995.0 ]
[24-10-31 15:03:54] 182   -27988.57 [    13575.2    5894.8   48378.8    3750.3   49995.0 ]
[24-10-31 15:03:54] 183   -27988.57 [    13594.2    5894.8   48378.8    3750.3   49995.0 ]
[24-10-31 15:03:55] 184   -27988.57 [    13607.8    5894.8   48378.8    3750.3   49995.0 ]
[24-10-31 15:03:55] 185   -27988.57 [    13594.2    5894.8   48378.8    3750.3   49995.0 ]
[24-10-31 15:03:55] 186   -27988.53 [    13594.2    5895.8   48378.8    3750.3   49995.0 ]
[24-10-31 15:03:55] 187   -27988.46 [    13594.2    5897.4   48378.8    3750.3   49995.0 ]
[24-10-31 15:03:56] 188   -27986.71 [    13594.2    5979.8   48378.8    3750.3   49995.0 ]
[24-10-31 15:03:56] 189   -27990.51 [    13594.2    6113.1   48378.8    3750.3   49995.0 ]
[24-10-31 15:03:56] 190   -27987.23 [    13594.2    6030.7   48378.8    3750.3   49995.0 ]
[24-10-31 15:03:56] 191   -27986.99 [    13594.2    5948.3   48378.8    3750.3   49995.0 ]
[24-10-31 15:03:57] 192    -27986.7 [    13594.2    5983.2   48378.8    3750.3   49995.0 ]
[24-10-31 15:03:57] 193    -27986.7 [    13594.2    5982.3   48378.8    3750.3   49995.0 ]
[24-10-31 15:03:57] 194    -27986.7 [    13594.2    5984.1   48378.8    3750.3   49995.0 ]
[24-10-31 15:03:57] 195    -27986.7 [    13594.2    5983.2   48378.8    3750.3   49995.0 ]
[24-10-31 15:03:58] 196   -27986.71 [    13594.2    5983.2   48379.8    3750.3   49995.0 ]
[24-10-31 15:03:58] 197   -27986.69 [    13594.2    5983.2   48377.2    3750.3   49995.0 ]
[24-10-31 15:03:58] 198   -27985.69 [    13594.2    5983.2   48200.8    3750.3   49995.0 ]
[24-10-31 15:03:58] 199   -27983.45 [    13594.2    5983.2   47338.6    3750.3   49995.0 ]
[24-10-31 15:03:58] 200   -27989.14 [    13594.2    5983.2   45943.6    3750.3   49995.0 ]
[24-10-31 15:03:59] 201   -27984.27 [    13594.2    5983.2   46805.8    3750.3   49995.0 ]
[24-10-31 15:03:59] 202   -27983.78 [    13594.2    5983.2   47668.0    3750.3   49995.0 ]
[24-10-31 15:03:59] 203   -27983.45 [    13594.2    5983.2   47328.2    3750.3   49995.0 ]
[24-10-31 15:03:59] 204   -27983.45 [    13594.2    5983.2   47317.7    3750.3   49995.0 ]
[24-10-31 15:04:00] 205   -27983.45 [    13594.2    5983.2   47328.2    3750.3   49995.0 ]
[24-10-31 15:04:00] 206   -27983.47 [    13594.2    5983.2   47328.2    3751.3   49995.0 ]
[24-10-31 15:04:00] 207   -27983.42 [    13594.2    5983.2   47328.2    3748.7   49995.0 ]
[24-10-31 15:04:00] 208    -27982.8 [    13594.2    5983.2   47328.2    3688.0   49995.0 ]
[24-10-31 15:04:01] 209   -27984.78 [    13594.2    5983.2   47328.2    3589.9   49995.0 ]
[24-10-31 15:04:01] 210   -27983.11 [    13594.2    5983.2   47328.2    3650.5   49995.0 ]
[24-10-31 15:04:01] 211   -27982.88 [    13594.2    5983.2   47328.2    3711.2   49995.0 ]
[24-10-31 15:04:01] 212    -27982.8 [    13594.2    5983.2   47328.2    3690.7   49995.0 ]
[24-10-31 15:04:02] 213    -27982.8 [    13594.2    5983.2   47328.2    3690.1   49995.0 ]
[24-10-31 15:04:02] 214    -27982.8 [    13594.2    5983.2   47328.2    3691.3   49995.0 ]
[24-10-31 15:04:02] 215    -27982.8 [    13594.2    5983.2   47328.2    3690.7   49995.0 ]
[24-10-31 15:04:02] 216   -27982.79 [    13594.2    5983.2   47328.2    3690.7   49996.0 ]
[24-10-31 15:04:03] 217   -27982.78 [    13594.2    5983.2   47328.2    3690.7   49997.6 ]
[24-10-31 15:04:03] 223   -27982.77 [    13594.2    5983.2   47328.2    3690.7   49999.1 ]
[24-10-31 15:04:03] 224   -27982.77 [    13594.2    5983.2   47328.2    3690.7   49998.4 ]
[24-10-31 15:04:03] 225   -27982.76 [    13594.2    5983.2   47328.2    3690.7   50000.0 ]
[24-10-31 15:04:04] 227   -27982.76 [    13594.2    5983.2   47328.2    3690.7   49999.6 ]
[24-10-31 15:04:04] 229   -27982.76 [    13594.2    5983.2   47328.2    3690.7   49999.8 ]
[24-10-31 15:04:04] 231   -27982.76 [    13594.2    5983.2   47328.2    3690.7   49999.9 ]
[24-10-31 15:04:04] 233   -27982.76 [    13594.2    5983.2   47328.2    3690.7   50000.0 ]
[24-10-31 15:04:05] 234   -27982.76 [    13595.2    5983.2   47328.2    3690.7   50000.0 ]
[24-10-31 15:04:05] 235   -27982.76 [    13592.5    5983.2   47328.2    3690.7   50000.0 ]
[24-10-31 15:04:05] 236   -27982.74 [    13532.6    5983.2   47328.2    3690.7   50000.0 ]
[24-10-31 15:04:05] 237   -27982.79 [    13435.6    5983.2   47328.2    3690.7   50000.0 ]
[24-10-31 15:04:06] 238   -27982.75 [    13495.5    5983.2   47328.2    3690.7   50000.0 ]
[24-10-31 15:04:06] 239   -27982.74 [    13555.5    5983.2   47328.2    3690.7   50000.0 ]
[24-10-31 15:04:06] 240   -27982.74 [    13533.4    5983.2   47328.2    3690.7   50000.0 ]
[24-10-31 15:04:06] 241   -27982.74 [    13534.0    5983.2   47328.2    3690.7   50000.0 ]
[24-10-31 15:04:06] 242   -27982.74 [    13533.4    5983.2   47328.2    3690.7   50000.0 ]
[24-10-31 15:04:07] 243   -27982.69 [    13533.4    5984.2   47328.2    3690.7   50000.0 ]
[24-10-31 15:04:07] 244    -27982.6 [    13533.4    5985.8   47328.2    3690.7   50000.0 ]
[24-10-31 15:04:07] 245   -27979.94 [    13533.4    6088.0   47328.2    3690.7   50000.0 ]
[24-10-31 15:04:07] 246    -27985.5 [    13533.4    6253.4   47328.2    3690.7   50000.0 ]
[24-10-31 15:04:08] 247   -27980.69 [    13533.4    6151.2   47328.2    3690.7   50000.0 ]
[24-10-31 15:04:08] 248   -27980.37 [    13533.4    6049.0   47328.2    3690.7   50000.0 ]
[24-10-31 15:04:08] 249   -27979.93 [    13533.4    6093.3   47328.2    3690.7   50000.0 ]
[24-10-31 15:04:08] 250   -27979.93 [    13533.4    6092.2   47328.2    3690.7   50000.0 ]
[24-10-31 15:04:09] 251   -27979.93 [    13533.4    6094.4   47328.2    3690.7   50000.0 ]
[24-10-31 15:04:09] 252   -27979.93 [    13533.4    6093.3   47328.2    3690.7   50000.0 ]
[24-10-31 15:04:09] 253   -27979.94 [    13533.4    6093.3   47329.2    3690.7   50000.0 ]
[24-10-31 15:04:09] 254   -27979.92 [    13533.4    6093.3   47326.6    3690.7   50000.0 ]
[24-10-31 15:04:10] 255   -27979.01 [    13533.4    6093.3   47150.2    3690.7   50000.0 ]
[24-10-31 15:04:10] 256   -27977.17 [    13533.4    6093.3   46357.5    3690.7   50000.0 ]
[24-10-31 15:04:10] 257   -27981.88 [    13533.4    6093.3   45074.7    3690.7   50000.0 ]
[24-10-31 15:04:10] 258   -27977.85 [    13533.4    6093.3   45867.5    3690.7   50000.0 ]
[24-10-31 15:04:11] 259   -27977.44 [    13533.4    6093.3   46660.3    3690.7   50000.0 ]
[24-10-31 15:04:11] 260   -27977.17 [    13533.4    6093.3   46347.7    3690.7   50000.0 ]
[24-10-31 15:04:11] 261   -27977.17 [    13533.4    6093.3   46367.2    3690.7   50000.0 ]
[24-10-31 15:04:11] 262   -27977.17 [    13533.4    6093.3   46357.5    3690.7   50000.0 ]
[24-10-31 15:04:12] 263    -27977.2 [    13533.4    6093.3   46357.5    3691.7   50000.0 ]
[24-10-31 15:04:12] 264   -27977.13 [    13533.4    6093.3   46357.5    3689.1   50000.0 ]
[24-10-31 15:04:12] 265   -27976.15 [    13533.4    6093.3   46357.5    3613.2   50000.0 ]
[24-10-31 15:04:12] 266   -27979.45 [    13533.4    6093.3   46357.5    3490.5   50000.0 ]
[24-10-31 15:04:13] 267   -27976.66 [    13533.4    6093.3   46357.5    3566.3   50000.0 ]
[24-10-31 15:04:13] 268   -27976.27 [    13533.4    6093.3   46357.5    3642.2   50000.0 ]
[24-10-31 15:04:13] 269   -27976.15 [    13533.4    6093.3   46357.5    3617.3   50000.0 ]
[24-10-31 15:04:13] 270   -27976.15 [    13533.4    6093.3   46357.5    3616.6   50000.0 ]
[24-10-31 15:04:14] 271   -27976.15 [    13533.4    6093.3   46357.5    3618.0   50000.0 ]
[24-10-31 15:04:14] 272   -27976.15 [    13533.4    6093.3   46357.5    3617.3   50000.0 ]
[24-10-31 15:04:14] 274   -27976.16 [    13533.4    6093.3   46357.5    3617.3   49998.3 ]
[24-10-31 15:04:14] 275   -27976.16 [    13533.4    6093.3   46357.5    3617.3   49999.3 ]
[24-10-31 15:04:15] 277   -27976.15 [    13533.4    6093.3   46357.5    3617.3   49999.6 ]
[24-10-31 15:04:15] 279   -27976.15 [    13533.4    6093.3   46357.5    3617.3   49999.8 ]
[24-10-31 15:04:15] 281   -27976.15 [    13533.4    6093.3   46357.5    3617.3   49999.9 ]
[24-10-31 15:04:15] 282   -27976.15 [    13533.4    6093.3   46357.5    3617.3   50000.0 ]
[24-10-31 15:04:16] 283   -27976.15 [    13533.4    6093.3   46357.5    3617.3   50000.0 ]
[24-10-31 15:04:16] 284   -27976.15 [    13533.4    6093.3   46357.5    3617.3   50000.0 ]
[24-10-31 15:04:16] 286   -27976.15 [    13533.4    6093.3   46357.5    3617.3   50000.0 ]
[24-10-31 15:04:16] 287   -27976.15 [    13533.4    6093.3   46357.5    3617.3   50000.0 ]
[24-10-31 15:04:17] 288   -27976.15 [    13533.4    6093.3   46357.5    3617.3   50000.0 ]
[24-10-31 15:04:17] 290   -27976.15 [    13533.4    6093.3   46357.5    3617.3   50000.0 ]
[24-10-31 15:04:17] 292   -27976.15 [    13533.4    6093.3   46357.5    3617.3   50000.0 ]
[24-10-31 15:04:17] 293   -27976.15 [    13534.4    6093.3   46357.5    3617.3   50000.0 ]
[24-10-31 15:04:17] 294   -27976.15 [    13536.0    6093.3   46357.5    3617.3   50000.0 ]
[24-10-31 15:04:18] 295   -27976.15 [    13565.2    6093.3   46357.5    3617.3   50000.0 ]
[24-10-31 15:04:18] 296   -27976.16 [    13612.5    6093.3   46357.5    3617.3   50000.0 ]
[24-10-31 15:04:18] 297   -27976.15 [    13583.3    6093.3   46357.5    3617.3   50000.0 ]
[24-10-31 15:04:19] 298   -27976.15 [    13554.1    6093.3   46357.5    3617.3   50000.0 ]
[24-10-31 15:04:19] 299   -27976.15 [    13565.5    6093.3   46357.5    3617.3   50000.0 ]
[24-10-31 15:04:19] 300   -27976.15 [    13565.9    6093.3   46357.5    3617.3   50000.0 ]
[24-10-31 15:04:19] 301   -27976.15 [    13565.5    6093.3   46357.5    3617.3   50000.0 ]
[24-10-31 15:04:20] 302   -27976.09 [    13565.5    6094.3   46357.5    3617.3   50000.0 ]
[24-10-31 15:04:20] 303   -27976.01 [    13565.5    6095.9   46357.5    3617.3   50000.0 ]
[24-10-31 15:04:20] 304   -27973.32 [    13565.5    6200.4   46357.5    3617.3   50000.0 ]
[24-10-31 15:04:20] 305   -27978.93 [    13565.5    6369.4   46357.5    3617.3   50000.0 ]
[24-10-31 15:04:20] 306   -27974.08 [    13565.5    6265.0   46357.5    3617.3   50000.0 ]
[24-10-31 15:04:21] 307   -27973.76 [    13565.5    6160.5   46357.5    3617.3   50000.0 ]
[24-10-31 15:04:21] 308   -27973.31 [    13565.5    6205.8   46357.5    3617.3   50000.0 ]
[24-10-31 15:04:21] 309   -27973.31 [    13565.5    6204.6   46357.5    3617.3   50000.0 ]
[24-10-31 15:04:21] 310   -27973.31 [    13565.5    6206.9   46357.5    3617.3   50000.0 ]
[24-10-31 15:04:22] 311   -27973.31 [    13565.5    6205.8   46357.5    3617.3   50000.0 ]
[24-10-31 15:04:22] 312   -27973.32 [    13565.5    6205.8   46358.5    3617.3   50000.0 ]
[24-10-31 15:04:22] 313   -27973.31 [    13565.5    6205.8   46355.8    3617.3   50000.0 ]
[24-10-31 15:04:22] 314   -27972.42 [    13565.5    6205.8   46179.5    3617.3   50000.0 ]
[24-10-31 15:04:23] 315   -27970.61 [    13565.5    6205.8   45387.5    3617.3   50000.0 ]
[24-10-31 15:04:23] 316   -27975.22 [    13565.5    6205.8   44106.0    3617.3   50000.0 ]
[24-10-31 15:04:23] 317   -27971.28 [    13565.5    6205.8   44898.0    3617.3   50000.0 ]
[24-10-31 15:04:23] 318   -27970.88 [    13565.5    6205.8   45690.0    3617.3   50000.0 ]
[24-10-31 15:04:24] 319   -27970.61 [    13565.5    6205.8   45377.8    3617.3   50000.0 ]
[24-10-31 15:04:24] 320   -27970.61 [    13565.5    6205.8   45397.2    3617.3   50000.0 ]
[24-10-31 15:04:24] 321   -27970.61 [    13565.5    6205.8   45387.5    3617.3   50000.0 ]
[24-10-31 15:04:24] 322   -27970.64 [    13565.5    6205.8   45387.5    3618.3   50000.0 ]
[24-10-31 15:04:25] 323   -27970.57 [    13565.5    6205.8   45387.5    3615.7   50000.0 ]
[24-10-31 15:04:25] 324   -27969.51 [    13565.5    6205.8   45387.5    3538.0   50000.0 ]
[24-10-31 15:04:25] 325   -27973.13 [    13565.5    6205.8   45387.5    3412.3   50000.0 ]
[24-10-31 15:04:25] 326   -27970.07 [    13565.5    6205.8   45387.5    3490.0   50000.0 ]
[24-10-31 15:04:26] 327   -27969.64 [    13565.5    6205.8   45387.5    3567.7   50000.0 ]
[24-10-31 15:04:26] 328   -27969.51 [    13565.5    6205.8   45387.5    3542.4   50000.0 ]
[24-10-31 15:04:26] 329   -27969.51 [    13565.5    6205.8   45387.5    3541.6   50000.0 ]
[24-10-31 15:04:26] 330   -27969.51 [    13565.5    6205.8   45387.5    3543.1   50000.0 ]
[24-10-31 15:04:26] 331   -27969.51 [    13565.5    6205.8   45387.5    3542.4   50000.0 ]
[24-10-31 15:04:27] 333   -27969.52 [    13565.5    6205.8   45387.5    3542.4   49998.4 ]
[24-10-31 15:04:27] 334   -27969.52 [    13565.5    6205.8   45387.5    3542.4   49999.4 ]
[24-10-31 15:04:27] 336   -27969.51 [    13565.5    6205.8   45387.5    3542.4   49999.7 ]
[24-10-31 15:04:27] 338   -27969.51 [    13565.5    6205.8   45387.5    3542.4   49999.9 ]
[24-10-31 15:04:28] 340   -27969.51 [    13565.5    6205.8   45387.5    3542.4   50000.0 ]
[24-10-31 15:04:28] 342   -27969.51 [    13565.5    6205.8   45387.5    3542.4   50000.0 ]
[24-10-31 15:04:28] 344   -27969.51 [    13565.5    6205.8   45387.5    3542.4   50000.0 ]
[24-10-31 15:04:28] 346   -27969.51 [    13565.5    6205.8   45387.5    3542.4   50000.0 ]
[24-10-31 15:04:29] 348   -27969.51 [    13565.5    6205.8   45387.5    3542.4   50000.0 ]
[24-10-31 15:04:29] 349   -27969.51 [    13565.5    6205.8   45387.5    3542.4   50000.0 ]
[24-10-31 15:04:29] 351   -27969.51 [    13565.5    6205.8   45387.5    3542.4   50000.0 ]
[24-10-31 15:04:29] 352   -27969.51 [    13565.5    6205.8   45387.5    3542.4   50000.0 ]
[24-10-31 15:04:30] 353   -27969.51 [    13565.5    6205.8   45387.5    3542.4   50000.0 ]
[24-10-31 15:04:30] 355   -27969.51 [    13565.5    6205.8   45387.5    3542.4   50000.0 ]
[24-10-31 15:04:30] 356   -27969.51 [    13565.5    6205.8   45387.5    3542.4   50000.0 ]
[24-10-31 15:04:30] 358   -27969.51 [    13565.5    6205.8   45387.5    3542.4   50000.0 ]
[24-10-31 15:04:31] 360   -27969.51 [    13565.5    6205.8   45387.5    3542.4   50000.0 ]
[24-10-31 15:04:31] 361   -27969.51 [    13566.5    6205.8   45387.5    3542.4   50000.0 ]
[24-10-31 15:04:31] 362   -27969.51 [    13568.2    6205.8   45387.5    3542.4   50000.0 ]
[24-10-31 15:04:31] 363    -27969.5 [    13604.5    6205.8   45387.5    3542.4   50000.0 ]
[24-10-31 15:04:32] 364   -27969.52 [    13663.4    6205.8   45387.5    3542.4   50000.0 ]
[24-10-31 15:04:32] 365    -27969.5 [    13627.0    6205.8   45387.5    3542.4   50000.0 ]
[24-10-31 15:04:32] 366    -27969.5 [    13590.6    6205.8   45387.5    3542.4   50000.0 ]
[24-10-31 15:04:32] 367    -27969.5 [    13604.9    6205.8   45387.5    3542.4   50000.0 ]
[24-10-31 15:04:33] 368    -27969.5 [    13605.3    6205.8   45387.5    3542.4   50000.0 ]
[24-10-31 15:04:33] 369    -27969.5 [    13604.9    6205.8   45387.5    3542.4   50000.0 ]
[24-10-31 15:04:33] 370   -27969.45 [    13604.9    6206.8   45387.5    3542.4   50000.0 ]
[24-10-31 15:04:33] 371   -27969.37 [    13604.9    6208.4   45387.5    3542.4   50000.0 ]
[24-10-31 15:04:33] 372   -27966.73 [    13604.9    6313.7   45387.5    3542.4   50000.0 ]
[24-10-31 15:04:34] 373   -27972.24 [    13604.9    6484.1   45387.5    3542.4   50000.0 ]
[24-10-31 15:04:34] 374   -27967.48 [    13604.9    6378.8   45387.5    3542.4   50000.0 ]
[24-10-31 15:04:34] 375   -27967.17 [    13604.9    6273.5   45387.5    3542.4   50000.0 ]
[24-10-31 15:04:35] 376   -27966.73 [    13604.9    6319.1   45387.5    3542.4   50000.0 ]
[24-10-31 15:04:35] 377   -27966.73 [    13604.9    6317.9   45387.5    3542.4   50000.0 ]
[24-10-31 15:04:35] 378   -27966.73 [    13604.9    6320.2   45387.5    3542.4   50000.0 ]
[24-10-31 15:04:35] 379   -27966.73 [    13604.9    6319.1   45387.5    3542.4   50000.0 ]
[24-10-31 15:04:35] 380   -27966.73 [    13604.9    6319.1   45388.5    3542.4   50000.0 ]
[24-10-31 15:04:36] 381   -27966.72 [    13604.9    6319.1   45385.9    3542.4   50000.0 ]
[24-10-31 15:04:36] 382   -27965.85 [    13604.9    6319.1   45209.5    3542.4   50000.0 ]
[24-10-31 15:04:36] 383   -27964.07 [    13604.9    6319.1   44415.4    3542.4   50000.0 ]
[24-10-31 15:04:36] 384   -27968.62 [    13604.9    6319.1   43130.4    3542.4   50000.0 ]
[24-10-31 15:04:37] 385   -27964.73 [    13604.9    6319.1   43924.6    3542.4   50000.0 ]
[24-10-31 15:04:37] 386   -27964.33 [    13604.9    6319.1   44718.7    3542.4   50000.0 ]
[24-10-31 15:04:37] 387   -27964.07 [    13604.9    6319.1   44405.6    3542.4   50000.0 ]
[24-10-31 15:04:37] 388   -27964.07 [    13604.9    6319.1   44425.1    3542.4   50000.0 ]
[24-10-31 15:04:38] 389   -27964.07 [    13604.9    6319.1   44415.4    3542.4   50000.0 ]
[24-10-31 15:04:38] 390    -27964.1 [    13604.9    6319.1   44415.4    3543.4   50000.0 ]
[24-10-31 15:04:38] 391   -27964.02 [    13604.9    6319.1   44415.4    3540.8   50000.0 ]
[24-10-31 15:04:38] 392   -27962.91 [    13604.9    6319.1   44415.4    3462.4   50000.0 ]
[24-10-31 15:04:39] 393   -27966.76 [    13604.9    6319.1   44415.4    3335.7   50000.0 ]
[24-10-31 15:04:39] 394    -27963.5 [    13604.9    6319.1   44415.4    3414.0   50000.0 ]
[24-10-31 15:04:39] 395   -27963.04 [    13604.9    6319.1   44415.4    3492.4   50000.0 ]
[24-10-31 15:04:39] 396    -27962.9 [    13604.9    6319.1   44415.4    3467.0   50000.0 ]
[24-10-31 15:04:40] 397    -27962.9 [    13604.9    6319.1   44415.4    3466.2   50000.0 ]
[24-10-31 15:04:40] 398    -27962.9 [    13604.9    6319.1   44415.4    3467.7   50000.0 ]
[24-10-31 15:04:40] 399    -27962.9 [    13604.9    6319.1   44415.4    3467.0   50000.0 ]
[24-10-31 15:04:40] 401   -27962.92 [    13604.9    6319.1   44415.4    3467.0   49998.4 ]
[24-10-31 15:04:41] 402   -27962.91 [    13604.9    6319.1   44415.4    3467.0   49999.4 ]
[24-10-31 15:04:41] 404    -27962.9 [    13604.9    6319.1   44415.4    3467.0   49999.7 ]
[24-10-31 15:04:41] 406    -27962.9 [    13604.9    6319.1   44415.4    3467.0   49999.9 ]
[24-10-31 15:04:41] 408    -27962.9 [    13604.9    6319.1   44415.4    3467.0   50000.0 ]
[24-10-31 15:04:42] 410    -27962.9 [    13604.9    6319.1   44415.4    3467.0   50000.0 ]
[24-10-31 15:04:42] 412    -27962.9 [    13604.9    6319.1   44415.4    3467.0   50000.0 ]
[24-10-31 15:04:42] 414    -27962.9 [    13604.9    6319.1   44415.4    3467.0   50000.0 ]
[24-10-31 15:04:42] 416    -27962.9 [    13604.9    6319.1   44415.4    3467.0   50000.0 ]
[24-10-31 15:04:43] 418    -27962.9 [    13604.9    6319.1   44415.4    3467.0   50000.0 ]
[24-10-31 15:04:43] 420    -27962.9 [    13604.9    6319.1   44415.4    3467.0   50000.0 ]
[24-10-31 15:04:43] 422    -27962.9 [    13604.9    6319.1   44415.4    3467.0   50000.0 ]
[24-10-31 15:04:43] 424    -27962.9 [    13604.9    6319.1   44415.4    3467.0   50000.0 ]
[24-10-31 15:04:44] 426    -27962.9 [    13604.9    6319.1   44415.4    3467.0   50000.0 ]
[24-10-31 15:04:44] 427    -27962.9 [    13604.9    6319.1   44415.4    3467.0   50000.0 ]
[24-10-31 15:04:44] 428    -27962.9 [    13604.9    6319.1   44415.4    3467.0   50000.0 ]
[24-10-31 15:04:44] 430    -27962.9 [    13604.9    6319.1   44415.4    3467.0   50000.0 ]
[24-10-31 15:04:44] 432    -27962.9 [    13604.9    6319.1   44415.4    3467.0   50000.0 ]
[24-10-31 15:04:45] 433    -27962.9 [    13604.9    6319.1   44415.4    3467.0   50000.0 ]
[24-10-31 15:04:45] 435    -27962.9 [    13604.9    6319.1   44415.4    3467.0   50000.0 ]
[24-10-31 15:04:45] 438    -27962.9 [    13604.9    6319.1   44415.4    3467.0   50000.0 ]
[24-10-31 15:04:45] 439    -27962.9 [    13605.9    6319.1   44415.4    3467.0   50000.0 ]
[24-10-31 15:04:46] 440    -27962.9 [    13607.6    6319.1   44415.4    3467.0   50000.0 ]
[24-10-31 15:04:46] 441   -27962.89 [    13645.7    6319.1   44415.4    3467.0   50000.0 ]
[24-10-31 15:04:46] 442   -27962.91 [    13707.3    6319.1   44415.4    3467.0   50000.0 ]
[24-10-31 15:04:46] 443    -27962.9 [    13669.2    6319.1   44415.4    3467.0   50000.0 ]
[24-10-31 15:04:47] 444   -27962.89 [    13631.1    6319.1   44415.4    3467.0   50000.0 ]
[24-10-31 15:04:47] 445   -27962.89 [    13646.1    6319.1   44415.4    3467.0   50000.0 ]
[24-10-31 15:04:47] 446   -27962.89 [    13646.5    6319.1   44415.4    3467.0   50000.0 ]
[24-10-31 15:04:47] 447   -27962.89 [    13646.1    6319.1   44415.4    3467.0   50000.0 ]
[24-10-31 15:04:48] 448   -27962.84 [    13646.1    6320.1   44415.4    3467.0   50000.0 ]
[24-10-31 15:04:48] 449   -27962.77 [    13646.1    6321.7   44415.4    3467.0   50000.0 ]
[24-10-31 15:04:48] 450    -27960.2 [    13646.1    6427.5   44415.4    3467.0   50000.0 ]
[24-10-31 15:04:48] 451   -27965.58 [    13646.1    6598.7   44415.4    3467.0   50000.0 ]
[24-10-31 15:04:49] 452   -27960.93 [    13646.1    6492.9   44415.4    3467.0   50000.0 ]
[24-10-31 15:04:49] 453   -27960.62 [    13646.1    6387.1   44415.4    3467.0   50000.0 ]
[24-10-31 15:04:49] 454    -27960.2 [    13646.1    6432.8   44415.4    3467.0   50000.0 ]
[24-10-31 15:04:49] 455    -27960.2 [    13646.1    6431.7   44415.4    3467.0   50000.0 ]
[24-10-31 15:04:50] 456    -27960.2 [    13646.1    6433.9   44415.4    3467.0   50000.0 ]
[24-10-31 15:04:50] 457    -27960.2 [    13646.1    6432.8   44415.4    3467.0   50000.0 ]
[24-10-31 15:04:50] 458    -27960.2 [    13646.1    6432.8   44416.4    3467.0   50000.0 ]
[24-10-31 15:04:50] 459   -27960.19 [    13646.1    6432.8   44413.7    3467.0   50000.0 ]
[24-10-31 15:04:51] 460   -27959.33 [    13646.1    6432.8   44237.4    3467.0   50000.0 ]
[24-10-31 15:04:51] 461   -27957.58 [    13646.1    6432.8   43443.3    3467.0   50000.0 ]
[24-10-31 15:04:51] 462   -27962.06 [    13646.1    6432.8   42158.5    3467.0   50000.0 ]
[24-10-31 15:04:51] 463   -27958.23 [    13646.1    6432.8   42952.6    3467.0   50000.0 ]
[24-10-31 15:04:52] 464   -27957.84 [    13646.1    6432.8   43746.6    3467.0   50000.0 ]
[24-10-31 15:04:52] 465   -27957.58 [    13646.1    6432.8   43433.6    3467.0   50000.0 ]
[24-10-31 15:04:52] 466   -27957.58 [    13646.1    6432.8   43453.0    3467.0   50000.0 ]
[24-10-31 15:04:52] 467   -27957.58 [    13646.1    6432.8   43443.3    3467.0   50000.0 ]
[24-10-31 15:04:52] 468   -27957.61 [    13646.1    6432.8   43443.3    3468.0   50000.0 ]
[24-10-31 15:04:53] 469   -27957.53 [    13646.1    6432.8   43443.3    3465.4   50000.0 ]
[24-10-31 15:04:53] 470   -27956.36 [    13646.1    6432.8   43443.3    3386.7   50000.0 ]
[24-10-31 15:04:53] 471   -27960.43 [    13646.1    6432.8   43443.3    3259.4   50000.0 ]
[24-10-31 15:04:53] 472   -27956.99 [    13646.1    6432.8   43443.3    3338.1   50000.0 ]
[24-10-31 15:04:54] 473    -27956.5 [    13646.1    6432.8   43443.3    3416.7   50000.0 ]
[24-10-31 15:04:54] 474   -27956.36 [    13646.1    6432.8   43443.3    3391.4   50000.0 ]
[24-10-31 15:04:54] 475   -27956.36 [    13646.1    6432.8   43443.3    3390.6   50000.0 ]
[24-10-31 15:04:54] 476   -27956.36 [    13646.1    6432.8   43443.3    3392.1   50000.0 ]
[24-10-31 15:04:54] 477   -27956.36 [    13646.1    6432.8   43443.3    3391.4   50000.0 ]
[24-10-31 15:04:55] 479   -27956.37 [    13646.1    6432.8   43443.3    3391.4   49998.4 ]
[24-10-31 15:04:55] 480   -27956.36 [    13646.1    6432.8   43443.3    3391.4   49999.4 ]
[24-10-31 15:04:55] 482   -27956.36 [    13646.1    6432.8   43443.3    3391.4   49999.7 ]
[24-10-31 15:04:55] 484   -27956.36 [    13646.1    6432.8   43443.3    3391.4   49999.9 ]
[24-10-31 15:04:56] 486   -27956.36 [    13646.1    6432.8   43443.3    3391.4   50000.0 ]
[24-10-31 15:04:56] 488   -27956.36 [    13646.1    6432.8   43443.3    3391.4   50000.0 ]
[24-10-31 15:04:56] 490   -27956.36 [    13646.1    6432.8   43443.3    3391.4   50000.0 ]
[24-10-31 15:04:56] 492   -27956.36 [    13646.1    6432.8   43443.3    3391.4   50000.0 ]
[24-10-31 15:04:56] 494   -27956.36 [    13646.1    6432.8   43443.3    3391.4   50000.0 ]
[24-10-31 15:04:57] 496   -27956.36 [    13646.1    6432.8   43443.3    3391.4   50000.0 ]
[24-10-31 15:04:57] 498   -27956.36 [    13646.1    6432.8   43443.3    3391.4   50000.0 ]
[24-10-31 15:04:57] 500   -27956.36 [    13646.1    6432.8   43443.3    3391.4   50000.0 ]
[24-10-31 15:04:57] 502   -27956.36 [    13646.1    6432.8   43443.3    3391.4   50000.0 ]
[24-10-31 15:04:58] 504   -27956.36 [    13646.1    6432.8   43443.3    3391.4   50000.0 ]
[24-10-31 15:04:58] 506   -27956.36 [    13646.1    6432.8   43443.3    3391.4   50000.0 ]
[24-10-31 15:04:58] 508   -27956.36 [    13646.1    6432.8   43443.3    3391.4   50000.0 ]
[24-10-31 15:04:58] 510   -27956.36 [    13646.1    6432.8   43443.3    3391.4   50000.0 ]
[24-10-31 15:04:58] 512   -27956.36 [    13646.1    6432.8   43443.3    3391.4   50000.0 ]
[24-10-31 15:04:59] 514   -27956.36 [    13646.1    6432.8   43443.3    3391.4   50000.0 ]
[24-10-31 15:04:59] 516   -27956.36 [    13646.1    6432.8   43443.3    3391.4   50000.0 ]
[24-10-31 15:04:59] 517   -27956.36 [    13646.1    6432.8   43443.3    3391.4   50000.0 ]
[24-10-31 15:04:59] 519   -27956.36 [    13646.1    6432.8   43443.3    3391.4   50000.0 ]
[24-10-31 15:05:00] 520   -27956.36 [    13646.1    6432.8   43443.3    3391.4   50000.0 ]
[24-10-31 15:05:00] 521   -27956.36 [    13646.1    6432.8   43443.3    3391.4   50000.0 ]
[24-10-31 15:05:00] 522   -27956.36 [    13646.1    6432.8   43443.3    3391.4   50000.0 ]
[24-10-31 15:05:00] 525   -27956.36 [    13646.1    6432.8   43443.3    3391.4   50000.0 ]
[24-10-31 15:05:00] 526   -27956.36 [    13646.1    6432.8   43443.3    3391.4   50000.0 ]
[24-10-31 15:05:01] 528   -27956.36 [    13646.1    6432.8   43443.3    3391.4   50000.0 ]
[24-10-31 15:05:01] 529   -27956.36 [    13647.1    6432.8   43443.3    3391.4   50000.0 ]
[24-10-31 15:05:01] 530   -27956.35 [    13648.7    6432.8   43443.3    3391.4   50000.0 ]
[24-10-31 15:05:01] 531   -27956.35 [    13688.0    6432.8   43443.3    3391.4   50000.0 ]
[24-10-31 15:05:02] 532   -27956.37 [    13751.6    6432.8   43443.3    3391.4   50000.0 ]
[24-10-31 15:05:02] 533   -27956.35 [    13712.3    6432.8   43443.3    3391.4   50000.0 ]
[24-10-31 15:05:02] 534   -27956.35 [    13673.0    6432.8   43443.3    3391.4   50000.0 ]
[24-10-31 15:05:02] 535   -27956.35 [    13688.4    6432.8   43443.3    3391.4   50000.0 ]
[24-10-31 15:05:02] 536   -27956.35 [    13688.8    6432.8   43443.3    3391.4   50000.0 ]
[24-10-31 15:05:03] 537   -27956.35 [    13688.4    6432.8   43443.3    3391.4   50000.0 ]
[24-10-31 15:05:03] 538    -27956.3 [    13688.4    6433.8   43443.3    3391.4   50000.0 ]
[24-10-31 15:05:03] 539   -27956.22 [    13688.4    6435.4   43443.3    3391.4   50000.0 ]
[24-10-31 15:05:03] 540   -27953.74 [    13688.4    6541.4   43443.3    3391.4   50000.0 ]
[24-10-31 15:05:04] 541   -27958.96 [    13688.4    6713.0   43443.3    3391.4   50000.0 ]
[24-10-31 15:05:04] 542   -27954.45 [    13688.4    6606.9   43443.3    3391.4   50000.0 ]
[24-10-31 15:05:04] 543   -27954.15 [    13688.4    6500.9   43443.3    3391.4   50000.0 ]
[24-10-31 15:05:04] 544   -27953.74 [    13688.4    6546.7   43443.3    3391.4   50000.0 ]
[24-10-31 15:05:04] 545   -27953.74 [    13688.4    6545.5   43443.3    3391.4   50000.0 ]
[24-10-31 15:05:05] 546   -27953.74 [    13688.4    6547.8   43443.3    3391.4   50000.0 ]
[24-10-31 15:05:05] 547   -27953.74 [    13688.4    6546.7   43443.3    3391.4   50000.0 ]
[24-10-31 15:05:05] 548   -27953.74 [    13688.4    6546.7   43444.3    3391.4   50000.0 ]
[24-10-31 15:05:05] 549   -27953.73 [    13688.4    6546.7   43441.7    3391.4   50000.0 ]
[24-10-31 15:05:06] 550   -27952.88 [    13688.4    6546.7   43265.3    3391.4   50000.0 ]
[24-10-31 15:05:06] 551   -27951.17 [    13688.4    6546.7   42474.1    3391.4   50000.0 ]
[24-10-31 15:05:06] 552   -27955.56 [    13688.4    6546.7   41193.7    3391.4   50000.0 ]
[24-10-31 15:05:06] 553    -27951.8 [    13688.4    6546.7   41985.0    3391.4   50000.0 ]
[24-10-31 15:05:07] 554   -27951.42 [    13688.4    6546.7   42776.3    3391.4   50000.0 ]
[24-10-31 15:05:07] 555   -27951.17 [    13688.4    6546.7   42464.4    3391.4   50000.0 ]
[24-10-31 15:05:07] 556   -27951.17 [    13688.4    6546.7   42483.7    3391.4   50000.0 ]
[24-10-31 15:05:07] 557   -27951.17 [    13688.4    6546.7   42474.1    3391.4   50000.0 ]
[24-10-31 15:05:08] 558    -27951.2 [    13688.4    6546.7   42474.1    3392.4   50000.0 ]
[24-10-31 15:05:08] 559   -27951.11 [    13688.4    6546.7   42474.1    3389.8   50000.0 ]
[24-10-31 15:05:08] 560    -27949.9 [    13688.4    6546.7   42474.1    3311.0   50000.0 ]
[24-10-31 15:05:08] 561   -27954.17 [    13688.4    6546.7   42474.1    3183.6   50000.0 ]
[24-10-31 15:05:09] 562   -27950.56 [    13688.4    6546.7   42474.1    3262.3   50000.0 ]
[24-10-31 15:05:09] 563   -27950.04 [    13688.4    6546.7   42474.1    3341.1   50000.0 ]
[24-10-31 15:05:09] 564   -27949.89 [    13688.4    6546.7   42474.1    3315.8   50000.0 ]
[24-10-31 15:05:09] 565   -27949.89 [    13688.4    6546.7   42474.1    3315.0   50000.0 ]
[24-10-31 15:05:09] 566   -27949.89 [    13688.4    6546.7   42474.1    3316.5   50000.0 ]
[24-10-31 15:05:10] 567   -27949.89 [    13688.4    6546.7   42474.1    3315.8   50000.0 ]
[24-10-31 15:05:10] 569    -27949.9 [    13688.4    6546.7   42474.1    3315.8   49998.4 ]
[24-10-31 15:05:10] 570    -27949.9 [    13688.4    6546.7   42474.1    3315.8   49999.4 ]
[24-10-31 15:05:10] 572   -27949.89 [    13688.4    6546.7   42474.1    3315.8   49999.7 ]
[24-10-31 15:05:11] 574   -27949.89 [    13688.4    6546.7   42474.1    3315.8   49999.9 ]
[24-10-31 15:05:11] 576   -27949.89 [    13688.4    6546.7   42474.1    3315.8   50000.0 ]
[24-10-31 15:05:11] 578   -27949.89 [    13688.4    6546.7   42474.1    3315.8   50000.0 ]
[24-10-31 15:05:11] 580   -27949.89 [    13688.4    6546.7   42474.1    3315.8   50000.0 ]
[24-10-31 15:05:12] 582   -27949.89 [    13688.4    6546.7   42474.1    3315.8   50000.0 ]
[24-10-31 15:05:12] 584   -27949.89 [    13688.4    6546.7   42474.1    3315.8   50000.0 ]
[24-10-31 15:05:12] 586   -27949.89 [    13688.4    6546.7   42474.1    3315.8   50000.0 ]
[24-10-31 15:05:12] 588   -27949.89 [    13688.4    6546.7   42474.1    3315.8   50000.0 ]
[24-10-31 15:05:12] 590   -27949.89 [    13688.4    6546.7   42474.1    3315.8   50000.0 ]
[24-10-31 15:05:13] 592   -27949.89 [    13688.4    6546.7   42474.1    3315.8   50000.0 ]
[24-10-31 15:05:13] 594   -27949.89 [    13688.4    6546.7   42474.1    3315.8   50000.0 ]
[24-10-31 15:05:13] 596   -27949.89 [    13688.4    6546.7   42474.1    3315.8   50000.0 ]
[24-10-31 15:05:13] 598   -27949.89 [    13688.4    6546.7   42474.1    3315.8   50000.0 ]
[24-10-31 15:05:14] 600   -27949.89 [    13688.4    6546.7   42474.1    3315.8   50000.0 ]
[24-10-31 15:05:14] 602   -27949.89 [    13688.4    6546.7   42474.1    3315.8   50000.0 ]
[24-10-31 15:05:14] 604   -27949.89 [    13688.4    6546.7   42474.1    3315.8   50000.0 ]
[24-10-31 15:05:14] 606   -27949.89 [    13688.4    6546.7   42474.1    3315.8   50000.0 ]
[24-10-31 15:05:14] 608   -27949.89 [    13688.4    6546.7   42474.1    3315.8   50000.0 ]
[24-10-31 15:05:15] 610   -27949.89 [    13688.4    6546.7   42474.1    3315.8   50000.0 ]
[24-10-31 15:05:15] 611   -27949.89 [    13688.4    6546.7   42474.1    3315.8   50000.0 ]
[24-10-31 15:05:15] 614   -27949.89 [    13688.4    6546.7   42474.1    3315.8   50000.0 ]
[24-10-31 15:05:15] 616   -27949.89 [    13688.4    6546.7   42474.1    3315.8   50000.0 ]
[24-10-31 15:05:16] 617   -27949.89 [    13688.4    6546.7   42474.1    3315.8   50000.0 ]
[24-10-31 15:05:16] 618   -27949.89 [    13688.4    6546.7   42474.1    3315.8   50000.0 ]
[24-10-31 15:05:16] 619   -27949.89 [    13688.4    6546.7   42474.1    3315.8   50000.0 ]
[24-10-31 15:05:16] 620   -27949.89 [    13688.4    6546.7   42474.1    3315.8   50000.0 ]
[24-10-31 15:05:16] 621   -27943.52 [    13730.8    6660.5   41504.8    3240.2   50000.0 ]
[24-10-31 15:05:17] 622   -27949.89 [    13688.4    6546.7   42474.1    3315.8   50000.0 ]
[24-10-31 15:05:17] 623   -27943.52 [    13730.8    6660.5   41504.8    3240.2   50000.0 ]
[24-10-31 15:05:17] 625   -27939.62 [    13756.9    6730.9   40905.7    3193.5   50000.0 ]
[24-10-31 15:05:17] 626   -27937.23 [    13773.1    6774.4   40535.5    3164.6   50000.0 ]
[24-10-31 15:05:18] 627   -27935.76 [    13783.1    6801.3   40306.7    3146.7   50000.0 ]
[24-10-31 15:05:18] 628   -27934.85 [    13789.3    6817.9   40165.3    3135.7   50000.0 ]
[24-10-31 15:05:18] 629   -27934.29 [    13793.1    6828.1   40077.9    3128.9   50000.0 ]
[24-10-31 15:05:18] 630   -27933.95 [    13795.5    6834.5   40023.9    3124.7   50000.0 ]
[24-10-31 15:05:18] 632    -27934.1 [    13794.4    6831.6   40048.4    3126.6   50000.0 ]
[24-10-31 15:05:19] 633   -27933.95 [    13795.5    6834.5   40023.9    3124.7   50000.0 ]
[24-10-31 15:05:19] 634   -27933.95 [    13796.5    6834.5   40023.9    3124.7   50000.0 ]
[24-10-31 15:05:19] 635   -27933.95 [    13798.1    6834.5   40023.9    3124.7   50000.0 ]
[24-10-31 15:05:19] 636   -27933.94 [    13841.1    6834.5   40023.9    3124.7   50000.0 ]
[24-10-31 15:05:20] 637   -27933.96 [    13910.7    6834.5   40023.9    3124.7   50000.0 ]
[24-10-31 15:05:20] 638   -27933.94 [    13867.7    6834.5   40023.9    3124.7   50000.0 ]
[24-10-31 15:05:20] 639   -27933.94 [    13824.7    6834.5   40023.9    3124.7   50000.0 ]
[24-10-31 15:05:20] 640   -27933.94 [    13841.6    6834.5   40023.9    3124.7   50000.0 ]
[24-10-31 15:05:21] 641   -27933.94 [    13842.0    6834.5   40023.9    3124.7   50000.0 ]
[24-10-31 15:05:21] 642   -27933.94 [    13841.6    6834.5   40023.9    3124.7   50000.0 ]
[24-10-31 15:05:21] 644   -27933.95 [    13841.6    6834.5   40023.9    3124.7   49998.4 ]
[24-10-31 15:05:21] 645   -27933.94 [    13841.6    6834.5   40023.9    3124.7   49999.4 ]
[24-10-31 15:05:21] 647   -27933.94 [    13841.6    6834.5   40023.9    3124.7   49999.7 ]
[24-10-31 15:05:22] 649   -27933.94 [    13841.6    6834.5   40023.9    3124.7   49999.9 ]
[24-10-31 15:05:22] 651   -27933.94 [    13841.6    6834.5   40023.9    3124.7   50000.0 ]
[24-10-31 15:05:22] 653   -27933.94 [    13841.6    6834.5   40023.9    3124.7   50000.0 ]
[24-10-31 15:05:22] 655   -27933.94 [    13841.6    6834.5   40023.9    3124.7   50000.0 ]
[24-10-31 15:05:23] 657   -27933.94 [    13841.6    6834.5   40023.9    3124.7   50000.0 ]
[24-10-31 15:05:23] 659   -27933.94 [    13841.6    6834.5   40023.9    3124.7   50000.0 ]
[24-10-31 15:05:23] 661   -27933.94 [    13841.6    6834.5   40023.9    3124.7   50000.0 ]
[24-10-31 15:05:23] 663   -27933.94 [    13841.6    6834.5   40023.9    3124.7   50000.0 ]
[24-10-31 15:05:24] 665   -27933.94 [    13841.6    6834.5   40023.9    3124.7   50000.0 ]
[24-10-31 15:05:24] 667   -27933.94 [    13841.6    6834.5   40023.9    3124.7   50000.0 ]
[24-10-31 15:05:24] 669   -27933.94 [    13841.6    6834.5   40023.9    3124.7   50000.0 ]
[24-10-31 15:05:24] 671   -27933.94 [    13841.6    6834.5   40023.9    3124.7   50000.0 ]
[24-10-31 15:05:24] 673   -27933.94 [    13841.6    6834.5   40023.9    3124.7   50000.0 ]
[24-10-31 15:05:25] 675   -27933.94 [    13841.6    6834.5   40023.9    3124.7   50000.0 ]
[24-10-31 15:05:25] 677   -27933.94 [    13841.6    6834.5   40023.9    3124.7   50000.0 ]
[24-10-31 15:05:25] 679   -27933.94 [    13841.6    6834.5   40023.9    3124.7   50000.0 ]
[24-10-31 15:05:25] 681   -27933.94 [    13841.6    6834.5   40023.9    3124.7   50000.0 ]
[24-10-31 15:05:26] 683   -27933.94 [    13841.6    6834.5   40023.9    3124.7   50000.0 ]
[24-10-31 15:05:26] 685   -27933.94 [    13841.6    6834.5   40023.9    3124.7   50000.0 ]
[24-10-31 15:05:26] 687   -27933.94 [    13841.6    6834.5   40023.9    3124.7   50000.0 ]
[24-10-31 15:05:26] 688   -27933.94 [    13841.6    6834.5   40023.9    3124.7   50000.0 ]
[24-10-31 15:05:27] 689   -27933.94 [    13841.6    6834.5   40023.9    3124.7   50000.0 ]
[24-10-31 15:05:27] 690   -27933.94 [    13841.6    6834.5   40023.9    3124.7   50000.0 ]
[24-10-31 15:05:27] 691   -27933.94 [    13841.6    6834.5   40023.9    3124.7   50000.0 ]
[24-10-31 15:05:27] 692   -27933.94 [    13841.6    6834.5   40023.9    3124.7   50000.0 ]
[24-10-31 15:05:27] 693   -27933.94 [    13841.6    6834.5   40023.9    3124.7   50000.0 ]
[24-10-31 15:05:28] 694   -27933.94 [    13841.6    6834.5   40023.9    3124.7   50000.0 ]
[24-10-31 15:05:28] 695   -27933.94 [    13841.6    6834.5   40023.9    3124.7   50000.0 ]
[24-10-31 15:05:28] 696   -27933.94 [    13841.6    6834.5   40024.9    3124.7   50000.0 ]
[24-10-31 15:05:28] 697   -27933.93 [    13841.6    6834.5   40022.2    3124.7   50000.0 ]
[24-10-31 15:05:29] 701   -27933.92 [    13841.6    6834.5   40012.4    3124.7   50000.0 ]
[24-10-31 15:05:29] 702   -27933.93 [    13841.6    6834.5   40017.3    3124.7   50000.0 ]
[24-10-31 15:05:29] 703   -27933.91 [    13841.6    6834.5   40006.3    3124.7   50000.0 ]
[24-10-31 15:05:29] 704    -27933.9 [    13841.6    6834.5   40002.6    3124.7   50000.0 ]
[24-10-31 15:05:30] 705    -27933.9 [    13841.6    6834.5   40000.3    3124.7   50000.0 ]
[24-10-31 15:05:30] 707    -27933.9 [    13841.6    6834.5   40001.2    3124.7   50000.0 ]
[24-10-31 15:05:30] 709    -27933.9 [    13841.6    6834.5   40000.6    3124.7   50000.0 ]
[24-10-31 15:05:30] 710    -27933.9 [    13841.6    6834.5   40000.0    3124.7   50000.0 ]
[24-10-31 15:05:30] 711    -27933.9 [    13841.6    6834.5   40000.0    3124.7   50000.0 ]
[24-10-31 15:05:31] 712    -27933.9 [    13841.6    6834.5   40000.0    3125.7   50000.0 ]
[24-10-31 15:05:31] 713    -27933.9 [    13841.6    6834.5   40000.0    3123.1   50000.0 ]
[24-10-31 15:05:31] 714    -27933.9 [    13841.6    6834.5   40000.0    3122.8   50000.0 ]
[24-10-31 15:05:31] 715    -27933.9 [    13841.6    6834.5   40000.0    3122.3   50000.0 ]
[24-10-31 15:05:32] 716    -27933.9 [    13841.6    6834.5   40000.0    3122.6   50000.0 ]
[24-10-31 15:05:32] 717    -27933.9 [    13841.6    6834.5   40000.0    3122.9   50000.0 ]
[24-10-31 15:05:32] 718    -27933.9 [    13841.6    6834.5   40000.0    3122.8   50000.0 ]
[24-10-31 15:05:32] 719    -27933.9 [    13841.6    6834.5   40000.0    3122.8   50000.0 ]
[24-10-31 15:05:32] 720    -27933.9 [    13841.6    6834.5   40000.0    3122.8   50000.0 ]
[24-10-31 15:05:33] 722   -27959.99 [    13668.4    6368.8   43964.5    3432.0   50000.0 ]
[24-10-31 15:05:33] 723   -27943.69 [    13775.4    6656.6   41514.3    3240.9   50000.0 ]
[24-10-31 15:05:33] 725   -27938.77 [    13808.5    6745.5   40757.2    3181.8   50000.0 ]
[24-10-31 15:05:33] 727   -27935.75 [    13828.9    6800.5   40289.2    3145.3   50000.0 ]
[24-10-31 15:05:34] 729   -27934.61 [    13836.7    6821.5   40110.5    3131.4   50000.0 ]
[24-10-31 15:05:34] 731   -27934.17 [    13839.7    6829.5   40042.2    3126.1   50000.0 ]
[24-10-31 15:05:34] 733    -27934.0 [    13840.9    6832.6   40016.1    3124.1   50000.0 ]
[24-10-31 15:05:34] 735   -27933.94 [    13841.3    6833.8   40006.2    3123.3   50000.0 ]
[24-10-31 15:05:35] 737   -27933.91 [    13841.5    6834.2   40002.4    3123.0   50000.0 ]
[24-10-31 15:05:35] 739   -27933.91 [    13841.5    6834.4   40000.9    3122.9   50000.0 ]
[24-10-31 15:05:35] 741    -27933.9 [    13841.6    6834.4   40000.4    3122.8   50000.0 ]
[24-10-31 15:05:35] 743    -27933.9 [    13841.6    6834.5   40000.2    3122.8   50000.0 ]
[24-10-31 15:05:36] 745    -27933.9 [    13841.6    6834.5   40000.1    3122.8   50000.0 ]
[24-10-31 15:05:36] 746    -27933.9 [    13841.6    6834.5   40000.0    3122.8   50000.0 ]
[24-10-31 15:05:36] 748    -27933.9 [    13841.6    6834.5   40000.0    3122.8   50000.0 ]
[24-10-31 15:05:36] 749    -27933.9 [    13841.6    6834.5   40000.0    3122.8   50000.0 ]
[24-10-31 15:05:37] 751    -27933.9 [    13841.6    6834.5   40000.0    3122.8   50000.0 ]
[24-10-31 15:05:37] 752    -27933.9 [    13841.6    6834.5   40000.0    3122.8   50000.0 ]
[24-10-31 15:05:37] 753    -27933.9 [    13841.6    6834.5   40000.0    3122.8   50000.0 ]
[24-10-31 15:05:37] 754    -27933.9 [    13841.6    6834.5   40000.0    3122.8   50000.0 ]
Optimization terminated successfully.
         Current function value: 27933.899338
         Iterations: 9
         Function evaluations: 755
[24-10-31 15:05:37] 755      fit p: [    13841.6    6834.5   40000.0    3122.8   50000.0 ]
method: Powell
objective_func: objective_H2
fopt: -27933.899338435218
max_iter: 100
num_iter: 9
func_calls: 755
flag: 0
u_fitted: False
u: 1.111e-08
