[24-10-31 15:03:18] fitting objective_H2 to data for demes ['French', 'KhomaniSan', 'Yoruba']
[24-10-31 15:03:18] 0        pnames [         NK       NFY       TFY        NF        NY ]
[24-10-31 15:03:18] 0            p0 [    15533.6   15165.9   44256.9    4392.9   14281.3 ]
[24-10-31 15:03:18] 1     -24718.81 [    15533.6   15165.9   44256.9    4392.9   14281.3 ]
[24-10-31 15:03:18] 2     -24718.81 [    15533.6   15165.9   44256.9    4392.9   14281.3 ]
[24-10-31 15:03:19] 3     -24718.77 [    15534.6   15165.9   44256.9    4392.9   14281.3 ]
[24-10-31 15:03:19] 4      -24718.7 [    15536.3   15165.9   44256.9    4392.9   14281.3 ]
[24-10-31 15:03:19] 5     -24711.54 [    15712.6   15165.9   44256.9    4392.9   14281.3 ]
[24-10-31 15:03:19] 6      -24665.7 [    17682.6   15165.9   44256.9    4392.9   14281.3 ]
[24-10-31 15:03:20] 7     -24674.19 [    20870.1   15165.9   44256.9    4392.9   14281.3 ]
[24-10-31 15:03:20] 8     -24660.28 [    18900.1   15165.9   44256.9    4392.9   14281.3 ]
[24-10-31 15:03:20] 9     -24662.88 [    19652.6   15165.9   44256.9    4392.9   14281.3 ]
[24-10-31 15:03:20] 10    -24660.25 [    18846.3   15165.9   44256.9    4392.9   14281.3 ]
[24-10-31 15:03:21] 11    -24660.24 [    18793.6   15165.9   44256.9    4392.9   14281.3 ]
[24-10-31 15:03:21] 12    -24660.24 [    18761.0   15165.9   44256.9    4392.9   14281.3 ]
[24-10-31 15:03:21] 13    -24660.24 [    18793.6   15165.9   44256.9    4392.9   14281.3 ]
[24-10-31 15:03:21] 14    -24660.43 [    18793.6   15166.9   44256.9    4392.9   14281.3 ]
[24-10-31 15:03:22] 15    -24659.93 [    18793.6   15164.2   44256.9    4392.9   14281.3 ]
[24-10-31 15:03:22] 16    -24626.93 [    18793.6   14987.9   44256.9    4392.9   14281.3 ]
[24-10-31 15:03:22] 17    -24761.11 [    18793.6   10326.3   44256.9    4392.9   14281.3 ]
[24-10-31 15:03:22] 18    -24387.16 [    18793.6   13207.3   44256.9    4392.9   14281.3 ]
[24-10-31 15:03:22] 19    -24371.99 [    18793.6   12106.9   44256.9    4392.9   14281.3 ]
[24-10-31 15:03:23] 20    -24361.31 [    18793.6   12492.8   44256.9    4392.9   14281.3 ]
[24-10-31 15:03:23] 21     -24361.3 [    18793.6   12538.2   44256.9    4392.9   14281.3 ]
[24-10-31 15:03:23] 22     -24361.4 [    18793.6   12564.5   44256.9    4392.9   14281.3 ]
[24-10-31 15:03:23] 23     -24361.3 [    18793.6   12538.2   44256.9    4392.9   14281.3 ]
[24-10-31 15:03:24] 24    -24361.31 [    18793.6   12538.2   44257.9    4392.9   14281.3 ]
[24-10-31 15:03:24] 25    -24361.28 [    18793.6   12538.2   44255.3    4392.9   14281.3 ]
[24-10-31 15:03:24] 26    -24359.78 [    18793.6   12538.2   44078.9    4392.9   14281.3 ]
[24-10-31 15:03:24] 27    -24344.66 [    18793.6   12538.2   40445.7    4392.9   14281.3 ]
[24-10-31 15:03:25] 30    -24346.85 [    18793.6   12538.2   41833.5    4392.9   14281.3 ]
[24-10-31 15:03:25] 31     -24345.2 [    18793.6   12538.2   41139.6    4392.9   14281.3 ]
[24-10-31 15:03:25] 32    -24344.66 [    18793.6   12538.2   40483.8    4392.9   14281.3 ]
[24-10-31 15:03:25] 33    -24344.66 [    18793.6   12538.2   40407.6    4392.9   14281.3 ]
[24-10-31 15:03:26] 34    -24344.66 [    18793.6   12538.2   40445.7    4392.9   14281.3 ]
[24-10-31 15:03:26] 35    -24345.12 [    18793.6   12538.2   40445.7    4393.9   14281.3 ]
[24-10-31 15:03:26] 36    -24343.91 [    18793.6   12538.2   40445.7    4391.2   14281.3 ]
[24-10-31 15:03:26] 37    -24262.53 [    18793.6   12538.2   40445.7    4214.9   14281.3 ]
[24-10-31 15:03:27] 40    -26125.72 [    18793.6   12538.2   40445.7    1410.1   14281.3 ]
[24-10-31 15:03:27] 41    -23795.76 [    18793.6   12538.2   40445.7    2812.5   14281.3 ]
[24-10-31 15:03:27] 42    -23882.03 [    18793.6   12538.2   40445.7    3279.6   14281.3 ]
[24-10-31 15:03:27] 43     -23851.0 [    18793.6   12538.2   40445.7    2463.2   14281.3 ]
[24-10-31 15:03:28] 44    -23796.31 [    18793.6   12538.2   40445.7    2828.3   14281.3 ]
[24-10-31 15:03:28] 45    -23795.32 [    18793.6   12538.2   40445.7    2787.2   14281.3 ]
[24-10-31 15:03:28] 46    -23801.99 [    18793.6   12538.2   40445.7    2663.4   14281.3 ]
[24-10-31 15:03:28] 47    -23795.34 [    18793.6   12538.2   40445.7    2771.1   14281.3 ]
[24-10-31 15:03:29] 48    -23795.32 [    18793.6   12538.2   40445.7    2787.2   14281.3 ]
[24-10-31 15:03:29] 49    -23795.18 [    18793.6   12538.2   40445.7    2787.2   14282.3 ]
[24-10-31 15:03:29] 50    -23794.95 [    18793.6   12538.2   40445.7    2787.2   14284.0 ]
[24-10-31 15:03:29] 51    -23770.74 [    18793.6   12538.2   40445.7    2787.2   14460.3 ]
[24-10-31 15:03:30] 52     -23261.1 [    18793.6   12538.2   40445.7    2787.2   20097.3 ]
[24-10-31 15:03:30] 53    -22911.41 [    18793.6   12538.2   40445.7    2787.2   29218.0 ]
[24-10-31 15:03:30] 54    -22890.91 [    18793.6   12538.2   40445.7    2787.2   30090.7 ]
[24-10-31 15:03:30] 55    -22860.57 [    18793.6   12538.2   40445.7    2787.2   31502.7 ]
[24-10-31 15:03:31] 56    -22697.27 [    18793.6   12538.2   40445.7    2787.2   43035.3 ]
[24-10-31 15:03:31] 59    -22746.31 [    18793.6   12538.2   40445.7    2787.2   38630.2 ]
[24-10-31 15:03:31] 60    -22720.26 [    18793.6   12538.2   40445.7    2787.2   40832.8 ]
[24-10-31 15:03:31] 61    -22672.35 [    18793.6   12538.2   40445.7    2787.2   45757.7 ]
[24-10-31 15:03:31] 62    -22658.58 [    18793.6   12538.2   40445.7    2787.2   47440.3 ]
[24-10-31 15:03:32] 63    -22650.61 [    18793.6   12538.2   40445.7    2787.2   48480.2 ]
[24-10-31 15:03:32] 64    -22645.88 [    18793.6   12538.2   40445.7    2787.2   49122.9 ]
[24-10-31 15:03:32] 65    -22643.03 [    18793.6   12538.2   40445.7    2787.2   49520.1 ]
[24-10-31 15:03:32] 67    -22643.03 [    18793.6   12538.2   40445.7    2787.2   49520.1 ]
[24-10-31 15:03:33] 68    -22643.01 [    18794.6   12538.2   40445.7    2787.2   49520.1 ]
[24-10-31 15:03:33] 69    -22642.99 [    18796.2   12538.2   40445.7    2787.2   49520.1 ]
[24-10-31 15:03:33] 70    -22640.53 [    18972.6   12538.2   40445.7    2787.2   49520.1 ]
[24-10-31 15:03:33] 71    -22629.73 [    20408.6   12538.2   40445.7    2787.2   49520.1 ]
[24-10-31 15:03:34] 72    -22637.47 [    22732.2   12538.2   40445.7    2787.2   49520.1 ]
[24-10-31 15:03:34] 73    -22629.72 [    21296.2   12538.2   40445.7    2787.2   49520.1 ]
[24-10-31 15:03:34] 74    -22631.68 [    21844.7   12538.2   40445.7    2787.2   49520.1 ]
[24-10-31 15:03:34] 75    -22629.19 [    20855.7   12538.2   40445.7    2787.2   49520.1 ]
[24-10-31 15:03:35] 76    -22629.19 [    20835.0   12538.2   40445.7    2787.2   49520.1 ]
[24-10-31 15:03:35] 77    -22629.19 [    20876.3   12538.2   40445.7    2787.2   49520.1 ]
[24-10-31 15:03:35] 78    -22629.19 [    20855.7   12538.2   40445.7    2787.2   49520.1 ]
[24-10-31 15:03:35] 79    -22629.09 [    20855.7   12539.2   40445.7    2787.2   49520.1 ]
[24-10-31 15:03:36] 80    -22628.93 [    20855.7   12540.9   40445.7    2787.2   49520.1 ]
[24-10-31 15:03:36] 81    -22613.65 [    20855.7   12717.2   40445.7    2787.2   49520.1 ]
[24-10-31 15:03:36] 82     -22590.9 [    20855.7   13263.0   40445.7    2787.2   49520.1 ]
[24-10-31 15:03:36] 83    -22618.05 [    20855.7   14146.1   40445.7    2787.2   49520.1 ]
[24-10-31 15:03:37] 84    -22592.99 [    20855.7   13600.3   40445.7    2787.2   49520.1 ]
[24-10-31 15:03:37] 85     -22595.5 [    20855.7   13054.5   40445.7    2787.2   49520.1 ]
[24-10-31 15:03:37] 86    -22590.34 [    20855.7   13371.9   40445.7    2787.2   49520.1 ]
[24-10-31 15:03:37] 87    -22590.34 [    20855.7   13363.5   40445.7    2787.2   49520.1 ]
[24-10-31 15:03:38] 88    -22590.35 [    20855.7   13380.2   40445.7    2787.2   49520.1 ]
[24-10-31 15:03:38] 89    -22590.34 [    20855.7   13371.9   40445.7    2787.2   49520.1 ]
[24-10-31 15:03:38] 90    -22590.36 [    20855.7   13371.9   40446.7    2787.2   49520.1 ]
[24-10-31 15:03:38] 91    -22590.32 [    20855.7   13371.9   40444.1    2787.2   49520.1 ]
[24-10-31 15:03:38] 92    -22588.17 [    20855.7   13371.9   40267.7    2787.2   49520.1 ]
[24-10-31 15:03:39] 96    -22586.42 [    20855.7   13371.9   40115.1    2787.2   49520.1 ]
[24-10-31 15:03:39] 97    -22587.29 [    20855.7   13371.9   40191.4    2787.2   49520.1 ]
[24-10-31 15:03:39] 98    -22585.39 [    20855.7   13371.9   40020.8    2787.2   49520.1 ]
[24-10-31 15:03:39] 100   -22585.78 [    20855.7   13371.9   40056.9    2787.2   49520.1 ]
[24-10-31 15:03:40] 102   -22585.54 [    20855.7   13371.9   40034.6    2787.2   49520.1 ]
[24-10-31 15:03:40] 103    -22585.3 [    20855.7   13371.9   40012.3    2787.2   49520.1 ]
[24-10-31 15:03:40] 104   -22585.24 [    20855.7   13371.9   40007.1    2787.2   49520.1 ]
[24-10-31 15:03:40] 105   -22585.24 [    20855.7   13371.9   40007.1    2787.2   49520.1 ]
[24-10-31 15:03:41] 106   -22585.18 [    20855.7   13371.9   40007.1    2788.2   49520.1 ]
[24-10-31 15:03:41] 107   -22585.08 [    20855.7   13371.9   40007.1    2789.8   49520.1 ]
[24-10-31 15:03:41] 108   -22583.02 [    20855.7   13371.9   40007.1    2854.2   49520.1 ]
[24-10-31 15:03:41] 109   -22587.04 [    20855.7   13371.9   40007.1    2958.5   49520.1 ]
[24-10-31 15:03:42] 110   -22583.55 [    20855.7   13371.9   40007.1    2894.0   49520.1 ]
[24-10-31 15:03:42] 111   -22583.37 [    20855.7   13371.9   40007.1    2829.6   49520.1 ]
[24-10-31 15:03:42] 112   -22583.02 [    20855.7   13371.9   40007.1    2858.5   49520.1 ]
[24-10-31 15:03:42] 113   -22583.02 [    20855.7   13371.9   40007.1    2857.8   49520.1 ]
[24-10-31 15:03:43] 114   -22583.02 [    20855.7   13371.9   40007.1    2859.2   49520.1 ]
[24-10-31 15:03:43] 115   -22583.02 [    20855.7   13371.9   40007.1    2858.5   49520.1 ]
[24-10-31 15:03:43] 116   -22583.01 [    20855.7   13371.9   40007.1    2858.5   49521.1 ]
[24-10-31 15:03:43] 117    -22583.0 [    20855.7   13371.9   40007.1    2858.5   49522.7 ]
[24-10-31 15:03:44] 118   -22581.73 [    20855.7   13371.9   40007.1    2858.5   49699.1 ]
[24-10-31 15:03:44] 124   -22580.61 [    20855.7   13371.9   40007.1    2858.5   49855.4 ]
[24-10-31 15:03:44] 125   -22581.17 [    20855.7   13371.9   40007.1    2858.5   49777.2 ]
[24-10-31 15:03:44] 126   -22579.93 [    20855.7   13371.9   40007.1    2858.5   49952.0 ]
[24-10-31 15:03:45] 128   -22580.19 [    20855.7   13371.9   40007.1    2858.5   49915.1 ]
[24-10-31 15:03:45] 129   -22579.76 [    20855.7   13371.9   40007.1    2858.5   49974.8 ]
[24-10-31 15:03:45] 130   -22579.67 [    20855.7   13371.9   40007.1    2858.5   49988.9 ]
[24-10-31 15:03:45] 131    -22579.6 [    20855.7   13371.9   40007.1    2858.5   49997.6 ]
[24-10-31 15:03:46] 134    -22579.6 [    20855.7   13371.9   40007.1    2858.5   49997.6 ]
[24-10-31 15:03:46] 135    -22579.6 [    20856.7   13371.9   40007.1    2858.5   49997.6 ]
[24-10-31 15:03:46] 136   -22579.58 [    20858.3   13371.9   40007.1    2858.5   49997.6 ]
[24-10-31 15:03:46] 137   -22578.21 [    21034.6   13371.9   40007.1    2858.5   49997.6 ]
[24-10-31 15:03:47] 138   -22573.36 [    22230.1   13371.9   40007.1    2858.5   49997.6 ]
[24-10-31 15:03:47] 139   -22578.25 [    24164.4   13371.9   40007.1    2858.5   49997.6 ]
[24-10-31 15:03:47] 140   -22573.65 [    22969.0   13371.9   40007.1    2858.5   49997.6 ]
[24-10-31 15:03:47] 141   -22574.36 [    21773.5   13371.9   40007.1    2858.5   49997.6 ]
[24-10-31 15:03:48] 142   -22573.21 [    22508.8   13371.9   40007.1    2858.5   49997.6 ]
[24-10-31 15:03:48] 143   -22573.21 [    22492.3   13371.9   40007.1    2858.5   49997.6 ]
[24-10-31 15:03:48] 144   -22573.21 [    22475.9   13371.9   40007.1    2858.5   49997.6 ]
[24-10-31 15:03:48] 145   -22573.21 [    22492.3   13371.9   40007.1    2858.5   49997.6 ]
[24-10-31 15:03:49] 146    -22573.2 [    22492.3   13372.9   40007.1    2858.5   49997.6 ]
[24-10-31 15:03:49] 147   -22573.18 [    22492.3   13374.5   40007.1    2858.5   49997.6 ]
[24-10-31 15:03:49] 148   -22572.64 [    22492.3   13476.3   40007.1    2858.5   49997.6 ]
[24-10-31 15:03:49] 149   -22573.92 [    22492.3   13641.0   40007.1    2858.5   49997.6 ]
[24-10-31 15:03:50] 150   -22572.82 [    22492.3   13539.2   40007.1    2858.5   49997.6 ]
[24-10-31 15:03:50] 151   -22572.72 [    22492.3   13437.4   40007.1    2858.5   49997.6 ]
[24-10-31 15:03:50] 152   -22572.64 [    22492.3   13478.6   40007.1    2858.5   49997.6 ]
[24-10-31 15:03:50] 153   -22572.64 [    22492.3   13479.7   40007.1    2858.5   49997.6 ]
[24-10-31 15:03:51] 154   -22572.64 [    22492.3   13477.5   40007.1    2858.5   49997.6 ]
[24-10-31 15:03:51] 155   -22572.64 [    22492.3   13478.6   40007.1    2858.5   49997.6 ]
[24-10-31 15:03:51] 156   -22572.64 [    22492.3   13478.6   40008.1    2858.5   49997.6 ]
[24-10-31 15:03:51] 157   -22572.63 [    22492.3   13478.6   40005.5    2858.5   49997.6 ]
[24-10-31 15:03:52] 162   -22572.61 [    22492.3   13478.6   40001.7    2858.5   49997.6 ]
[24-10-31 15:03:52] 163   -22572.62 [    22492.3   13478.6   40003.6    2858.5   49997.6 ]
[24-10-31 15:03:52] 165    -22572.6 [    22492.3   13478.6   40000.8    2858.5   49997.6 ]
[24-10-31 15:03:52] 166    -22572.6 [    22492.3   13478.6   40000.3    2858.5   49997.6 ]
[24-10-31 15:03:52] 168    -22572.6 [    22492.3   13478.6   40000.5    2858.5   49997.6 ]
[24-10-31 15:03:53] 169    -22572.6 [    22492.3   13478.6   40000.1    2858.5   49997.6 ]
[24-10-31 15:03:53] 170    -22572.6 [    22492.3   13478.6   40000.1    2858.5   49997.6 ]
[24-10-31 15:03:53] 171    -22572.6 [    22492.3   13478.6   40000.1    2858.5   49997.6 ]
[24-10-31 15:03:53] 172   -22572.61 [    22492.3   13478.6   40000.1    2859.5   49997.6 ]
[24-10-31 15:03:54] 173   -22572.58 [    22492.3   13478.6   40000.1    2856.9   49997.6 ]
[24-10-31 15:03:54] 174    -22572.5 [    22492.3   13478.6   40000.1    2843.3   49997.6 ]
[24-10-31 15:03:54] 175   -22572.72 [    22492.3   13478.6   40000.1    2821.3   49997.6 ]
[24-10-31 15:03:54] 176   -22572.53 [    22492.3   13478.6   40000.1    2834.9   49997.6 ]
[24-10-31 15:03:54] 177   -22572.51 [    22492.3   13478.6   40000.1    2848.5   49997.6 ]
[24-10-31 15:03:55] 178    -22572.5 [    22492.3   13478.6   40000.1    2843.5   49997.6 ]
[24-10-31 15:03:55] 179    -22572.5 [    22492.3   13478.6   40000.1    2843.6   49997.6 ]
[24-10-31 15:03:55] 180    -22572.5 [    22492.3   13478.6   40000.1    2843.5   49997.6 ]
[24-10-31 15:03:55] 181   -22572.49 [    22492.3   13478.6   40000.1    2843.5   49998.6 ]
[24-10-31 15:03:56] 183   -22572.49 [    22492.3   13478.6   40000.1    2843.5   49999.2 ]
[24-10-31 15:03:56] 184   -22572.49 [    22492.3   13478.6   40000.1    2843.5   49999.6 ]
[24-10-31 15:03:56] 185   -22572.48 [    22492.3   13478.6   40000.1    2843.5   49999.8 ]
[24-10-31 15:03:56] 186   -22572.48 [    22492.3   13478.6   40000.1    2843.5   50000.0 ]
[24-10-31 15:03:57] 188   -22572.48 [    22492.3   13478.6   40000.1    2843.5   49999.9 ]
[24-10-31 15:03:57] 190   -22572.48 [    22492.3   13478.6   40000.1    2843.5   49999.9 ]
[24-10-31 15:03:57] 192   -22572.48 [    22492.3   13478.6   40000.1    2843.5   50000.0 ]
[24-10-31 15:03:57] 193   -22572.48 [    22493.3   13478.6   40000.1    2843.5   50000.0 ]
[24-10-31 15:03:57] 194   -22572.48 [    22494.9   13478.6   40000.1    2843.5   50000.0 ]
[24-10-31 15:03:58] 195   -22572.37 [    22671.3   13478.6   40000.1    2843.5   50000.0 ]
[24-10-31 15:03:58] 196   -22572.37 [    22729.3   13478.6   40000.1    2843.5   50000.0 ]
[24-10-31 15:03:58] 197   -22572.38 [    22823.3   13478.6   40000.1    2843.5   50000.0 ]
[24-10-31 15:03:58] 198   -22572.37 [    22765.2   13478.6   40000.1    2843.5   50000.0 ]
[24-10-31 15:03:59] 199   -22572.37 [    22707.2   13478.6   40000.1    2843.5   50000.0 ]
[24-10-31 15:03:59] 200   -22572.37 [    22732.8   13478.6   40000.1    2843.5   50000.0 ]
[24-10-31 15:03:59] 201   -22572.37 [    22735.2   13478.6   40000.1    2843.5   50000.0 ]
[24-10-31 15:03:59] 202   -22572.37 [    22732.8   13478.6   40000.1    2843.5   50000.0 ]
[24-10-31 15:03:59] 203   -22572.36 [    22732.8   13479.6   40000.1    2843.5   50000.0 ]
[24-10-31 15:04:00] 204   -22572.36 [    22732.8   13481.2   40000.1    2843.5   50000.0 ]
[24-10-31 15:04:00] 205   -22572.31 [    22732.8   13513.0   40000.1    2843.5   50000.0 ]
[24-10-31 15:04:00] 206   -22572.43 [    22732.8   13564.4   40000.1    2843.5   50000.0 ]
[24-10-31 15:04:00] 207   -22572.32 [    22732.8   13532.6   40000.1    2843.5   50000.0 ]
[24-10-31 15:04:01] 208   -22572.31 [    22732.8   13500.8   40000.1    2843.5   50000.0 ]
[24-10-31 15:04:01] 209   -22572.31 [    22732.8   13513.3   40000.1    2843.5   50000.0 ]
[24-10-31 15:04:01] 210   -22572.31 [    22732.8   13513.7   40000.1    2843.5   50000.0 ]
[24-10-31 15:04:01] 211   -22572.31 [    22732.8   13513.3   40000.1    2843.5   50000.0 ]
[24-10-31 15:04:02] 212   -22572.31 [    22732.8   13513.3   40001.1    2843.5   50000.0 ]
[24-10-31 15:04:02] 215   -22572.31 [    22732.8   13513.3   40000.5    2843.5   50000.0 ]
[24-10-31 15:04:02] 216   -22572.31 [    22732.8   13513.3   40000.3    2843.5   50000.0 ]
[24-10-31 15:04:02] 219   -22572.31 [    22732.8   13513.3   40000.1    2843.5   50000.0 ]
[24-10-31 15:04:02] 220   -22572.31 [    22732.8   13513.3   40000.0    2843.5   50000.0 ]
[24-10-31 15:04:03] 221   -22572.31 [    22732.8   13513.3   40000.0    2843.5   50000.0 ]
[24-10-31 15:04:03] 222   -22572.31 [    22732.8   13513.3   40000.0    2843.5   50000.0 ]
[24-10-31 15:04:03] 224   -22572.31 [    22732.8   13513.3   40000.0    2843.5   50000.0 ]
[24-10-31 15:04:03] 226   -22572.31 [    22732.8   13513.3   40000.0    2843.5   50000.0 ]
[24-10-31 15:04:04] 228   -22572.31 [    22732.8   13513.3   40000.0    2843.5   50000.0 ]
[24-10-31 15:04:04] 229   -22572.31 [    22732.8   13513.3   40000.0    2843.5   50000.0 ]
[24-10-31 15:04:04] 230   -22572.31 [    22732.8   13513.3   40000.0    2844.5   50000.0 ]
[24-10-31 15:04:04] 231    -22572.3 [    22732.8   13513.3   40000.0    2841.9   50000.0 ]
[24-10-31 15:04:05] 232    -22572.3 [    22732.8   13513.3   40000.0    2839.4   50000.0 ]
[24-10-31 15:04:05] 233   -22572.31 [    22732.8   13513.3   40000.0    2835.4   50000.0 ]
[24-10-31 15:04:05] 234    -22572.3 [    22732.8   13513.3   40000.0    2837.9   50000.0 ]
[24-10-31 15:04:05] 235    -22572.3 [    22732.8   13513.3   40000.0    2840.3   50000.0 ]
[24-10-31 15:04:06] 236    -22572.3 [    22732.8   13513.3   40000.0    2839.4   50000.0 ]
[24-10-31 15:04:06] 237    -22572.3 [    22732.8   13513.3   40000.0    2839.4   50000.0 ]
[24-10-31 15:04:06] 238    -22572.3 [    22732.8   13513.3   40000.0    2839.4   50000.0 ]
[24-10-31 15:04:06] 240   -22572.31 [    22732.8   13513.3   40000.0    2839.4   49998.3 ]
[24-10-31 15:04:07] 241    -22572.3 [    22732.8   13513.3   40000.0    2839.4   49999.3 ]
[24-10-31 15:04:07] 243    -22572.3 [    22732.8   13513.3   40000.0    2839.4   49999.7 ]
[24-10-31 15:04:07] 245    -22572.3 [    22732.8   13513.3   40000.0    2839.4   49999.8 ]
[24-10-31 15:04:07] 247    -22572.3 [    22732.8   13513.3   40000.0    2839.4   49999.9 ]
[24-10-31 15:04:08] 248    -22572.3 [    22732.8   13513.3   40000.0    2839.4   50000.0 ]
[24-10-31 15:04:08] 250    -22572.3 [    22732.8   13513.3   40000.0    2839.4   50000.0 ]
[24-10-31 15:04:08] 251    -22572.3 [    22732.8   13513.3   40000.0    2839.4   50000.0 ]
[24-10-31 15:04:08] 252    -22572.3 [    22732.8   13513.3   40000.0    2839.4   50000.0 ]
[24-10-31 15:04:09] 253    -22572.3 [    22732.8   13513.3   40000.0    2839.4   50000.0 ]
[24-10-31 15:04:09] 254    -22572.3 [    22732.8   13513.3   40000.0    2839.4   50000.0 ]
[24-10-31 15:04:09] 255    -22572.3 [    22732.8   13513.3   40000.0    2839.4   50000.0 ]
[24-10-31 15:04:09] 257    -22572.3 [    22732.8   13513.3   40000.0    2839.4   50000.0 ]
Optimization terminated successfully.
         Current function value: 22572.298287
         Iterations: 4
         Function evaluations: 257
[24-10-31 15:04:09] 257      fit p: [    22732.8   13513.3   40000.0    2839.4   50000.0 ]
method: Powell
objective_func: objective_H2
fopt: -22572.298286820725
max_iter: 100
num_iter: 4
func_calls: 257
flag: 0
u_fitted: False
u: 1.111e-08
