[24-10-31 15:14:32] fitting objective_H2 to data for demes ['French', 'KhomaniSan', 'Yoruba']
[24-10-31 15:14:32] 0        pnames [         NK       NFY       TFY        NF        NY ]
[24-10-31 15:14:32] 0            p0 [    24733.2   14503.5   53194.2    4960.4   22622.9 ]
[24-10-31 15:14:32] 1     -24109.33 [    24733.2   14503.5   53194.2    4960.4   22622.9 ]
[24-10-31 15:14:32] 2     -24109.33 [    24733.2   14503.5   53194.2    4960.4   22622.9 ]
[24-10-31 15:14:32] 3     -24109.34 [    24734.2   14503.5   53194.2    4960.4   22622.9 ]
[24-10-31 15:14:32] 4     -24109.31 [    24731.6   14503.5   53194.2    4960.4   22622.9 ]
[24-10-31 15:14:33] 5     -24107.79 [    24555.3   14503.5   53194.2    4960.4   22622.9 ]
[24-10-31 15:14:33] 6      -24099.0 [    20866.3   14503.5   53194.2    4960.4   22622.9 ]
[24-10-31 15:14:33] 7     -24320.29 [    14897.5   14503.5   53194.2    4960.4   22622.9 ]
[24-10-31 15:14:33] 8     -24131.02 [    18586.5   14503.5   53194.2    4960.4   22622.9 ]
[24-10-31 15:14:33] 9     -24096.02 [    22275.4   14503.5   53194.2    4960.4   22622.9 ]
[24-10-31 15:14:34] 10    -24095.87 [    21898.3   14503.5   53194.2    4960.4   22622.9 ]
[24-10-31 15:14:34] 11    -24095.85 [    22008.1   14503.5   53194.2    4960.4   22622.9 ]
[24-10-31 15:14:34] 12    -24095.85 [    21980.9   14503.5   53194.2    4960.4   22622.9 ]
[24-10-31 15:14:34] 13    -24095.85 [    22035.4   14503.5   53194.2    4960.4   22622.9 ]
[24-10-31 15:14:34] 14    -24095.85 [    22008.1   14503.5   53194.2    4960.4   22622.9 ]
[24-10-31 15:14:35] 15    -24096.06 [    22008.1   14504.5   53194.2    4960.4   22622.9 ]
[24-10-31 15:14:35] 16     -24095.5 [    22008.1   14501.9   53194.2    4960.4   22622.9 ]
[24-10-31 15:14:35] 17    -24058.44 [    22008.1   14325.5   53194.2    4960.4   22622.9 ]
[24-10-31 15:14:35] 18    -24720.77 [    22008.1    8674.5   53194.2    4960.4   22622.9 ]
[24-10-31 15:14:35] 19    -23743.88 [    22008.1   12167.0   53194.2    4960.4   22622.9 ]
[24-10-31 15:14:36] 20    -23780.52 [    22008.1   10833.0   53194.2    4960.4   22622.9 ]
[24-10-31 15:14:36] 21     -23728.9 [    22008.1   11777.0   53194.2    4960.4   22622.9 ]
[24-10-31 15:14:36] 22    -23728.12 [    22008.1   11696.9   53194.2    4960.4   22622.9 ]
[24-10-31 15:14:36] 23    -23728.05 [    22008.1   11656.7   53194.2    4960.4   22622.9 ]
[24-10-31 15:14:37] 24    -23728.12 [    22008.1   11628.2   53194.2    4960.4   22622.9 ]
[24-10-31 15:14:37] 25    -23728.05 [    22008.1   11656.7   53194.2    4960.4   22622.9 ]
[24-10-31 15:14:37] 26    -23728.04 [    22008.1   11656.7   53195.2    4960.4   22622.9 ]
[24-10-31 15:14:37] 27    -23728.04 [    22008.1   11656.7   53196.8    4960.4   22622.9 ]
[24-10-31 15:14:38] 28    -23727.79 [    22008.1   11656.7   53373.2    4960.4   22622.9 ]
[24-10-31 15:14:38] 29    -23727.43 [    22008.1   11656.7   53951.5    4960.4   22622.9 ]
[24-10-31 15:14:38] 30    -23728.37 [    22008.1   11656.7   54887.1    4960.4   22622.9 ]
[24-10-31 15:14:38] 31    -23727.57 [    22008.1   11656.7   54308.9    4960.4   22622.9 ]
[24-10-31 15:14:39] 32    -23727.48 [    22008.1   11656.7   53730.6    4960.4   22622.9 ]
[24-10-31 15:14:39] 33    -23727.43 [    22008.1   11656.7   53943.9    4960.4   22622.9 ]
[24-10-31 15:14:39] 34    -23727.43 [    22008.1   11656.7   53959.0    4960.4   22622.9 ]
[24-10-31 15:14:39] 35    -23727.43 [    22008.1   11656.7   53951.5    4960.4   22622.9 ]
[24-10-31 15:14:39] 36    -23727.77 [    22008.1   11656.7   53951.5    4961.4   22622.9 ]
[24-10-31 15:14:40] 37    -23726.88 [    22008.1   11656.7   53951.5    4958.8   22622.9 ]
[24-10-31 15:14:40] 38    -23668.38 [    22008.1   11656.7   53951.5    4782.4   22622.9 ]
[24-10-31 15:14:40] 39    -28545.17 [    22008.1   11656.7   53951.5    1436.5   22622.9 ]
[24-10-31 15:14:40] 40    -23451.01 [    22008.1   11656.7   53951.5    3504.4   22622.9 ]
[24-10-31 15:14:41] 41    -23841.77 [    22008.1   11656.7   53951.5    2714.5   22622.9 ]
[24-10-31 15:14:41] 42    -23455.35 [    22008.1   11656.7   53951.5    3878.9   22622.9 ]
[24-10-31 15:14:41] 43     -23443.5 [    22008.1   11656.7   53951.5    3658.6   22622.9 ]
[24-10-31 15:14:41] 44    -23443.52 [    22008.1   11656.7   53951.5    3671.6   22622.9 ]
[24-10-31 15:14:42] 45    -23443.58 [    22008.1   11656.7   53951.5    3645.6   22622.9 ]
[24-10-31 15:14:42] 46     -23443.5 [    22008.1   11656.7   53951.5    3658.6   22622.9 ]
[24-10-31 15:14:42] 47    -23443.43 [    22008.1   11656.7   53951.5    3658.6   22623.9 ]
[24-10-31 15:14:42] 48    -23443.32 [    22008.1   11656.7   53951.5    3658.6   22625.5 ]
[24-10-31 15:14:42] 49    -23430.98 [    22008.1   11656.7   53951.5    3658.6   22801.9 ]
[24-10-31 15:14:43] 50    -23012.72 [    22008.1   11656.7   53951.5    3658.6   31858.3 ]
[24-10-31 15:14:43] 51    -22726.41 [    22008.1   11656.7   53951.5    3658.6   46511.9 ]
[24-10-31 15:14:43] 52    -22710.01 [    22008.1   11656.7   53951.5    3658.6   47878.7 ]
[24-10-31 15:14:43] 54    -22700.42 [    22008.1   11656.7   53951.5    3658.6   48723.4 ]
[24-10-31 15:14:44] 55    -22694.68 [    22008.1   11656.7   53951.5    3658.6   49245.5 ]
[24-10-31 15:14:44] 56    -22691.21 [    22008.1   11656.7   53951.5    3658.6   49568.1 ]
[24-10-31 15:14:44] 58    -22691.21 [    22008.1   11656.7   53951.5    3658.6   49568.1 ]
[24-10-31 15:14:44] 59    -22691.21 [    22009.1   11656.7   53951.5    3658.6   49568.1 ]
[24-10-31 15:14:45] 60     -22691.2 [    22006.5   11656.7   53951.5    3658.6   49568.1 ]
[24-10-31 15:14:45] 61    -22690.98 [    21830.1   11656.7   53951.5    3658.6   49568.1 ]
[24-10-31 15:14:45] 62     -22690.9 [    21633.5   11656.7   53951.5    3658.6   49568.1 ]
[24-10-31 15:14:45] 63    -22691.17 [    21315.4   11656.7   53951.5    3658.6   49568.1 ]
[24-10-31 15:14:46] 64    -22690.94 [    21512.0   11656.7   53951.5    3658.6   49568.1 ]
[24-10-31 15:14:46] 65    -22690.91 [    21708.6   11656.7   53951.5    3658.6   49568.1 ]
[24-10-31 15:14:46] 66     -22690.9 [    21645.2   11656.7   53951.5    3658.6   49568.1 ]
[24-10-31 15:14:46] 67     -22690.9 [    21641.6   11656.7   53951.5    3658.6   49568.1 ]
[24-10-31 15:14:47] 68     -22690.9 [    21648.8   11656.7   53951.5    3658.6   49568.1 ]
[24-10-31 15:14:47] 69     -22690.9 [    21645.2   11656.7   53951.5    3658.6   49568.1 ]
[24-10-31 15:14:47] 70    -22690.87 [    21645.2   11657.7   53951.5    3658.6   49568.1 ]
[24-10-31 15:14:47] 71    -22690.83 [    21645.2   11659.3   53951.5    3658.6   49568.1 ]
[24-10-31 15:14:48] 72     -22687.9 [    21645.2   11835.7   53951.5    3658.6   49568.1 ]
[24-10-31 15:14:48] 73    -22687.79 [    21645.2   11872.9   53951.5    3658.6   49568.1 ]
[24-10-31 15:14:48] 74    -22687.97 [    21645.2   11933.2   53951.5    3658.6   49568.1 ]
[24-10-31 15:14:48] 75    -22687.81 [    21645.2   11895.9   53951.5    3658.6   49568.1 ]
[24-10-31 15:14:48] 76    -22687.81 [    21645.2   11858.7   53951.5    3658.6   49568.1 ]
[24-10-31 15:14:49] 77    -22687.79 [    21645.2   11877.8   53951.5    3658.6   49568.1 ]
[24-10-31 15:14:49] 78    -22687.79 [    21645.2   11875.5   53951.5    3658.6   49568.1 ]
[24-10-31 15:14:49] 79    -22687.79 [    21645.2   11880.0   53951.5    3658.6   49568.1 ]
[24-10-31 15:14:49] 80    -22687.79 [    21645.2   11877.8   53951.5    3658.6   49568.1 ]
[24-10-31 15:14:50] 81     -22687.8 [    21645.2   11877.8   53952.5    3658.6   49568.1 ]
[24-10-31 15:14:50] 82    -22687.77 [    21645.2   11877.8   53949.8    3658.6   49568.1 ]
[24-10-31 15:14:50] 83    -22685.47 [    21645.2   11877.8   53773.5    3658.6   49568.1 ]
[24-10-31 15:14:50] 84    -22658.73 [    21645.2   11877.8   49547.5    3658.6   49568.1 ]
[24-10-31 15:14:51] 85    -22731.86 [    21645.2   11877.8   42709.8    3658.6   49568.1 ]
[24-10-31 15:14:51] 86    -22669.52 [    21645.2   11877.8   46935.8    3658.6   49568.1 ]
[24-10-31 15:14:51] 87    -22662.53 [    21645.2   11877.8   51161.7    3658.6   49568.1 ]
[24-10-31 15:14:51] 88    -22658.73 [    21645.2   11877.8   49591.6    3658.6   49568.1 ]
[24-10-31 15:14:52] 89    -22658.73 [    21645.2   11877.8   49635.2    3658.6   49568.1 ]
[24-10-31 15:14:52] 90    -22658.73 [    21645.2   11877.8   49591.6    3658.6   49568.1 ]
[24-10-31 15:14:52] 91    -22658.77 [    21645.2   11877.8   49591.6    3659.6   49568.1 ]
[24-10-31 15:14:52] 92    -22658.66 [    21645.2   11877.8   49591.6    3657.0   49568.1 ]
[24-10-31 15:14:52] 93    -22657.07 [    21645.2   11877.8   49591.6    3573.7   49568.1 ]
[24-10-31 15:14:53] 94    -22662.58 [    21645.2   11877.8   49591.6    3439.0   49568.1 ]
[24-10-31 15:14:53] 95    -22657.92 [    21645.2   11877.8   49591.6    3522.3   49568.1 ]
[24-10-31 15:14:53] 96    -22657.26 [    21645.2   11877.8   49591.6    3605.5   49568.1 ]
[24-10-31 15:14:53] 97    -22657.07 [    21645.2   11877.8   49591.6    3578.6   49568.1 ]
[24-10-31 15:14:54] 98    -22657.07 [    21645.2   11877.8   49591.6    3577.8   49568.1 ]
[24-10-31 15:14:54] 99    -22657.07 [    21645.2   11877.8   49591.6    3579.4   49568.1 ]
[24-10-31 15:14:54] 100   -22657.07 [    21645.2   11877.8   49591.6    3578.6   49568.1 ]
[24-10-31 15:14:54] 101   -22657.06 [    21645.2   11877.8   49591.6    3578.6   49569.1 ]
[24-10-31 15:14:54] 102   -22657.04 [    21645.2   11877.8   49591.6    3578.6   49570.8 ]
[24-10-31 15:14:55] 103   -22655.27 [    21645.2   11877.8   49591.6    3578.6   49747.1 ]
[24-10-31 15:14:55] 109   -22653.71 [    21645.2   11877.8   49591.6    3578.6   49903.4 ]
[24-10-31 15:14:55] 110   -22654.49 [    21645.2   11877.8   49591.6    3578.6   49825.3 ]
[24-10-31 15:14:55] 112   -22653.34 [    21645.2   11877.8   49591.6    3578.6   49940.3 ]
[24-10-31 15:14:56] 113   -22653.12 [    21645.2   11877.8   49591.6    3578.6   49963.1 ]
[24-10-31 15:14:56] 114   -22652.98 [    21645.2   11877.8   49591.6    3578.6   49977.2 ]
[24-10-31 15:14:56] 115   -22652.89 [    21645.2   11877.8   49591.6    3578.6   49985.9 ]
[24-10-31 15:14:56] 116   -22652.84 [    21645.2   11877.8   49591.6    3578.6   49991.3 ]
[24-10-31 15:14:56] 117    -22652.8 [    21645.2   11877.8   49591.6    3578.6   49995.6 ]
[24-10-31 15:14:57] 119    -22652.8 [    21645.2   11877.8   49591.6    3578.6   49995.6 ]
[24-10-31 15:14:57] 120    -22652.8 [    21646.2   11877.8   49591.6    3578.6   49995.6 ]
[24-10-31 15:14:57] 121   -22652.79 [    21643.6   11877.8   49591.6    3578.6   49995.6 ]
[24-10-31 15:14:57] 122   -22652.46 [    21467.2   11877.8   49591.6    3578.6   49995.6 ]
[24-10-31 15:14:58] 123   -22652.25 [    21152.1   11877.8   49591.6    3578.6   49995.6 ]
[24-10-31 15:14:58] 124   -22653.01 [    20642.4   11877.8   49591.6    3578.6   49995.6 ]
[24-10-31 15:14:58] 125   -22652.37 [    20957.4   11877.8   49591.6    3578.6   49995.6 ]
[24-10-31 15:14:58] 126   -22652.27 [    21272.5   11877.8   49591.6    3578.6   49995.6 ]
[24-10-31 15:14:58] 127   -22652.25 [    21174.9   11877.8   49591.6    3578.6   49995.6 ]
[24-10-31 15:14:59] 128   -22652.25 [    21170.2   11877.8   49591.6    3578.6   49995.6 ]
[24-10-31 15:14:59] 129   -22652.25 [    21179.6   11877.8   49591.6    3578.6   49995.6 ]
[24-10-31 15:14:59] 130   -22652.25 [    21174.9   11877.8   49591.6    3578.6   49995.6 ]
[24-10-31 15:14:59] 131    -22652.2 [    21174.9   11878.8   49591.6    3578.6   49995.6 ]
[24-10-31 15:15:00] 132   -22652.13 [    21174.9   11880.4   49591.6    3578.6   49995.6 ]
[24-10-31 15:15:00] 133   -22646.69 [    21174.9   12056.7   49591.6    3578.6   49995.6 ]
[24-10-31 15:15:00] 134   -22645.25 [    21174.9   12195.6   49591.6    3578.6   49995.6 ]
[24-10-31 15:15:00] 135   -22647.83 [    21174.9   12420.4   49591.6    3578.6   49995.6 ]
[24-10-31 15:15:00] 136   -22645.54 [    21174.9   12281.5   49591.6    3578.6   49995.6 ]
[24-10-31 15:15:01] 137   -22645.51 [    21174.9   12142.6   49591.6    3578.6   49995.6 ]
[24-10-31 15:15:01] 138   -22645.23 [    21174.9   12210.5   49591.6    3578.6   49995.6 ]
[24-10-31 15:15:01] 139   -22645.23 [    21174.9   12207.2   49591.6    3578.6   49995.6 ]
[24-10-31 15:15:01] 140   -22645.23 [    21174.9   12213.9   49591.6    3578.6   49995.6 ]
[24-10-31 15:15:02] 141   -22645.23 [    21174.9   12210.5   49591.6    3578.6   49995.6 ]
[24-10-31 15:15:02] 142   -22645.24 [    21174.9   12210.5   49592.6    3578.6   49995.6 ]
[24-10-31 15:15:02] 143   -22645.22 [    21174.9   12210.5   49590.0    3578.6   49995.6 ]
[24-10-31 15:15:02] 144   -22644.26 [    21174.9   12210.5   49413.6    3578.6   49995.6 ]
[24-10-31 15:15:02] 145   -22639.92 [    21174.9   12210.5   47743.6    3578.6   49995.6 ]
[24-10-31 15:15:03] 146   -22651.54 [    21174.9   12210.5   45041.5    3578.6   49995.6 ]
[24-10-31 15:15:03] 147   -22641.63 [    21174.9   12210.5   46711.5    3578.6   49995.6 ]
[24-10-31 15:15:03] 148   -22640.55 [    21174.9   12210.5   48381.5    3578.6   49995.6 ]
[24-10-31 15:15:03] 149   -22639.92 [    21174.9   12210.5   47762.1    3578.6   49995.6 ]
[24-10-31 15:15:04] 150   -22639.92 [    21174.9   12210.5   47725.1    3578.6   49995.6 ]
[24-10-31 15:15:04] 151   -22639.92 [    21174.9   12210.5   47743.6    3578.6   49995.6 ]
[24-10-31 15:15:04] 152    -22640.0 [    21174.9   12210.5   47743.6    3579.6   49995.6 ]
[24-10-31 15:15:04] 153    -22639.8 [    21174.9   12210.5   47743.6    3577.0   49995.6 ]
[24-10-31 15:15:05] 154   -22634.29 [    21174.9   12210.5   47743.6    3417.9   49995.6 ]
[24-10-31 15:15:05] 155   -22659.09 [    21174.9   12210.5   47743.6    3160.6   49995.6 ]
[24-10-31 15:15:05] 156   -22638.23 [    21174.9   12210.5   47743.6    3319.6   49995.6 ]
[24-10-31 15:15:05] 157   -22634.79 [    21174.9   12210.5   47743.6    3478.7   49995.6 ]
[24-10-31 15:15:06] 158   -22634.22 [    21174.9   12210.5   47743.6    3434.8   49995.6 ]
[24-10-31 15:15:06] 159   -22634.22 [    21174.9   12210.5   47743.6    3433.4   49995.6 ]
[24-10-31 15:15:06] 160   -22634.22 [    21174.9   12210.5   47743.6    3431.9   49995.6 ]
[24-10-31 15:15:06] 161   -22634.22 [    21174.9   12210.5   47743.6    3433.4   49995.6 ]
[24-10-31 15:15:07] 162   -22634.21 [    21174.9   12210.5   47743.6    3433.4   49996.6 ]
[24-10-31 15:15:07] 163   -22634.19 [    21174.9   12210.5   47743.6    3433.4   49998.2 ]
[24-10-31 15:15:07] 169   -22634.18 [    21174.9   12210.5   47743.6    3433.4   49999.6 ]
[24-10-31 15:15:07] 170   -22634.19 [    21174.9   12210.5   47743.6    3433.4   49998.9 ]
[24-10-31 15:15:08] 172   -22634.18 [    21174.9   12210.5   47743.6    3433.4   49999.9 ]
[24-10-31 15:15:08] 174   -22634.18 [    21174.9   12210.5   47743.6    3433.4   49999.8 ]
[24-10-31 15:15:08] 176   -22634.18 [    21174.9   12210.5   47743.6    3433.4   49999.9 ]
[24-10-31 15:15:08] 178   -22634.18 [    21174.9   12210.5   47743.6    3433.4   49999.9 ]
[24-10-31 15:15:09] 179   -22634.18 [    21175.9   12210.5   47743.6    3433.4   49999.9 ]
[24-10-31 15:15:09] 180   -22634.17 [    21177.5   12210.5   47743.6    3433.4   49999.9 ]
[24-10-31 15:15:09] 181   -22633.94 [    21353.9   12210.5   47743.6    3433.4   49999.9 ]
[24-10-31 15:15:09] 182   -22633.86 [    21519.4   12210.5   47743.6    3433.4   49999.9 ]
[24-10-31 15:15:10] 183   -22634.02 [    21787.2   12210.5   47743.6    3433.4   49999.9 ]
[24-10-31 15:15:10] 184   -22633.88 [    21621.7   12210.5   47743.6    3433.4   49999.9 ]
[24-10-31 15:15:10] 185   -22633.88 [    21456.2   12210.5   47743.6    3433.4   49999.9 ]
[24-10-31 15:15:10] 186   -22633.86 [    21529.9   12210.5   47743.6    3433.4   49999.9 ]
[24-10-31 15:15:11] 187   -22633.86 [    21526.3   12210.5   47743.6    3433.4   49999.9 ]
[24-10-31 15:15:11] 188   -22633.86 [    21533.4   12210.5   47743.6    3433.4   49999.9 ]
[24-10-31 15:15:11] 189   -22633.86 [    21529.9   12210.5   47743.6    3433.4   49999.9 ]
[24-10-31 15:15:11] 190   -22633.83 [    21529.9   12211.5   47743.6    3433.4   49999.9 ]
[24-10-31 15:15:12] 191   -22633.78 [    21529.9   12213.2   47743.6    3433.4   49999.9 ]
[24-10-31 15:15:12] 192   -22630.26 [    21529.9   12389.5   47743.6    3433.4   49999.9 ]
[24-10-31 15:15:12] 193    -22629.9 [    21529.9   12460.3   47743.6    3433.4   49999.9 ]
[24-10-31 15:15:12] 194   -22630.56 [    21529.9   12574.8   47743.6    3433.4   49999.9 ]
[24-10-31 15:15:13] 195   -22629.98 [    21529.9   12504.0   47743.6    3433.4   49999.9 ]
[24-10-31 15:15:13] 196   -22629.97 [    21529.9   12433.3   47743.6    3433.4   49999.9 ]
[24-10-31 15:15:13] 197    -22629.9 [    21529.9   12467.5   47743.6    3433.4   49999.9 ]
[24-10-31 15:15:13] 198    -22629.9 [    21529.9   12465.0   47743.6    3433.4   49999.9 ]
[24-10-31 15:15:13] 199    -22629.9 [    21529.9   12470.1   47743.6    3433.4   49999.9 ]
[24-10-31 15:15:14] 200    -22629.9 [    21529.9   12467.5   47743.6    3433.4   49999.9 ]
[24-10-31 15:15:14] 201   -22629.91 [    21529.9   12467.5   47744.6    3433.4   49999.9 ]
[24-10-31 15:15:14] 202   -22629.89 [    21529.9   12467.5   47742.0    3433.4   49999.9 ]
[24-10-31 15:15:14] 203   -22628.89 [    21529.9   12467.5   47565.6    3433.4   49999.9 ]
[24-10-31 15:15:15] 204    -22624.5 [    21529.9   12467.5   45922.6    3433.4   49999.9 ]
[24-10-31 15:15:15] 205   -22636.34 [    21529.9   12467.5   43264.2    3433.4   49999.9 ]
[24-10-31 15:15:15] 206   -22626.24 [    21529.9   12467.5   44907.2    3433.4   49999.9 ]
[24-10-31 15:15:15] 207   -22625.13 [    21529.9   12467.5   46550.2    3433.4   49999.9 ]
[24-10-31 15:15:16] 208    -22624.5 [    21529.9   12467.5   45940.8    3433.4   49999.9 ]
[24-10-31 15:15:16] 209    -22624.5 [    21529.9   12467.5   45958.9    3433.4   49999.9 ]
[24-10-31 15:15:16] 210    -22624.5 [    21529.9   12467.5   45940.8    3433.4   49999.9 ]
[24-10-31 15:15:16] 211   -22624.58 [    21529.9   12467.5   45940.8    3434.4   49999.9 ]
[24-10-31 15:15:17] 212   -22624.38 [    21529.9   12467.5   45940.8    3431.8   49999.9 ]
[24-10-31 15:15:17] 213   -22619.28 [    21529.9   12467.5   45940.8    3285.7   49999.9 ]
[24-10-31 15:15:17] 214   -22641.72 [    21529.9   12467.5   45940.8    3049.4   49999.9 ]
[24-10-31 15:15:17] 215   -22622.84 [    21529.9   12467.5   45940.8    3195.4   49999.9 ]
[24-10-31 15:15:18] 216   -22619.76 [    21529.9   12467.5   45940.8    3341.5   49999.9 ]
[24-10-31 15:15:18] 217   -22619.22 [    21529.9   12467.5   45940.8    3300.6   49999.9 ]
[24-10-31 15:15:18] 218   -22619.22 [    21529.9   12467.5   45940.8    3299.3   49999.9 ]
[24-10-31 15:15:18] 219   -22619.22 [    21529.9   12467.5   45940.8    3298.0   49999.9 ]
[24-10-31 15:15:19] 220   -22619.22 [    21529.9   12467.5   45940.8    3299.3   49999.9 ]
[24-10-31 15:15:19] 222   -22619.23 [    21529.9   12467.5   45940.8    3299.3   49998.3 ]
[24-10-31 15:15:19] 223   -22619.22 [    21529.9   12467.5   45940.8    3299.3   49999.3 ]
[24-10-31 15:15:19] 225   -22619.22 [    21529.9   12467.5   45940.8    3299.3   49999.6 ]
[24-10-31 15:15:20] 227   -22619.22 [    21529.9   12467.5   45940.8    3299.3   49999.8 ]
[24-10-31 15:15:20] 229   -22619.22 [    21529.9   12467.5   45940.8    3299.3   49999.9 ]
[24-10-31 15:15:20] 230   -22619.22 [    21529.9   12467.5   45940.8    3299.3   50000.0 ]
[24-10-31 15:15:20] 231   -22619.22 [    21529.9   12467.5   45940.8    3299.3   50000.0 ]
[24-10-31 15:15:21] 232   -22619.22 [    21529.9   12467.5   45940.8    3299.3   50000.0 ]
[24-10-31 15:15:21] 233   -22619.22 [    21529.9   12467.5   45940.8    3299.3   50000.0 ]
[24-10-31 15:15:21] 234   -22619.22 [    21529.9   12467.5   45940.8    3299.3   50000.0 ]
[24-10-31 15:15:21] 235   -22619.22 [    21529.9   12467.5   45940.8    3299.3   50000.0 ]
[24-10-31 15:15:22] 237   -22619.22 [    21529.9   12467.5   45940.8    3299.3   50000.0 ]
[24-10-31 15:15:22] 238   -22619.22 [    21529.9   12467.5   45940.8    3299.3   50000.0 ]
[24-10-31 15:15:22] 240   -22619.22 [    21529.9   12467.5   45940.8    3299.3   50000.0 ]
[24-10-31 15:15:22] 241   -22619.22 [    21530.9   12467.5   45940.8    3299.3   50000.0 ]
[24-10-31 15:15:22] 242   -22619.22 [    21532.5   12467.5   45940.8    3299.3   50000.0 ]
[24-10-31 15:15:23] 243   -22619.13 [    21708.8   12467.5   45940.8    3299.3   50000.0 ]
[24-10-31 15:15:23] 244   -22619.13 [    21724.0   12467.5   45940.8    3299.3   50000.0 ]
[24-10-31 15:15:23] 245   -22619.13 [    21748.4   12467.5   45940.8    3299.3   50000.0 ]
[24-10-31 15:15:23] 246   -22619.13 [    21733.3   12467.5   45940.8    3299.3   50000.0 ]
[24-10-31 15:15:24] 247   -22619.13 [    21718.2   12467.5   45940.8    3299.3   50000.0 ]
[24-10-31 15:15:24] 248   -22619.13 [    21725.9   12467.5   45940.8    3299.3   50000.0 ]
[24-10-31 15:15:24] 249   -22619.13 [    21727.9   12467.5   45940.8    3299.3   50000.0 ]
[24-10-31 15:15:24] 250   -22619.13 [    21725.9   12467.5   45940.8    3299.3   50000.0 ]
[24-10-31 15:15:25] 251    -22619.1 [    21725.9   12468.5   45940.8    3299.3   50000.0 ]
[24-10-31 15:15:25] 252   -22619.06 [    21725.9   12470.2   45940.8    3299.3   50000.0 ]
[24-10-31 15:15:25] 253   -22616.16 [    21725.9   12646.5   45940.8    3299.3   50000.0 ]
[24-10-31 15:15:25] 254    -22616.0 [    21725.9   12695.2   45940.8    3299.3   50000.0 ]
[24-10-31 15:15:26] 255    -22616.3 [    21725.9   12773.9   45940.8    3299.3   50000.0 ]
[24-10-31 15:15:26] 256   -22616.04 [    21725.9   12725.2   45940.8    3299.3   50000.0 ]
[24-10-31 15:15:26] 257   -22616.03 [    21725.9   12676.6   45940.8    3299.3   50000.0 ]
[24-10-31 15:15:26] 258    -22616.0 [    21725.9   12700.5   45940.8    3299.3   50000.0 ]
[24-10-31 15:15:26] 259    -22616.0 [    21725.9   12698.2   45940.8    3299.3   50000.0 ]
[24-10-31 15:15:27] 260    -22616.0 [    21725.9   12702.8   45940.8    3299.3   50000.0 ]
[24-10-31 15:15:27] 261    -22616.0 [    21725.9   12700.5   45940.8    3299.3   50000.0 ]
[24-10-31 15:15:27] 262   -22616.01 [    21725.9   12700.5   45941.8    3299.3   50000.0 ]
[24-10-31 15:15:27] 263   -22615.99 [    21725.9   12700.5   45939.2    3299.3   50000.0 ]
[24-10-31 15:15:28] 264    -22615.0 [    21725.9   12700.5   45762.9    3299.3   50000.0 ]
[24-10-31 15:15:28] 265   -22610.89 [    21725.9   12700.5   44212.0    3299.3   50000.0 ]
[24-10-31 15:15:28] 266   -22622.01 [    21725.9   12700.5   41702.7    3299.3   50000.0 ]
[24-10-31 15:15:28] 267   -22612.53 [    21725.9   12700.5   43253.5    3299.3   50000.0 ]
[24-10-31 15:15:29] 268   -22611.48 [    21725.9   12700.5   44804.4    3299.3   50000.0 ]
[24-10-31 15:15:29] 269   -22610.89 [    21725.9   12700.5   44229.3    3299.3   50000.0 ]
[24-10-31 15:15:29] 270   -22610.89 [    21725.9   12700.5   44246.4    3299.3   50000.0 ]
[24-10-31 15:15:29] 271   -22610.89 [    21725.9   12700.5   44229.3    3299.3   50000.0 ]
[24-10-31 15:15:30] 272   -22610.97 [    21725.9   12700.5   44229.3    3300.3   50000.0 ]
[24-10-31 15:15:30] 273   -22610.76 [    21725.9   12700.5   44229.3    3297.7   50000.0 ]
[24-10-31 15:15:30] 274   -22605.96 [    21725.9   12700.5   44229.3    3161.8   50000.0 ]
[24-10-31 15:15:30] 275   -22626.79 [    21725.9   12700.5   44229.3    2941.9   50000.0 ]
[24-10-31 15:15:31] 276   -22609.26 [    21725.9   12700.5   44229.3    3077.8   50000.0 ]
[24-10-31 15:15:31] 277   -22606.41 [    21725.9   12700.5   44229.3    3213.7   50000.0 ]
[24-10-31 15:15:31] 278    -22605.9 [    21725.9   12700.5   44229.3    3175.3   50000.0 ]
[24-10-31 15:15:31] 279    -22605.9 [    21725.9   12700.5   44229.3    3174.1   50000.0 ]
[24-10-31 15:15:32] 280    -22605.9 [    21725.9   12700.5   44229.3    3172.8   50000.0 ]
[24-10-31 15:15:32] 281    -22605.9 [    21725.9   12700.5   44229.3    3174.1   50000.0 ]
[24-10-31 15:15:32] 283   -22605.91 [    21725.9   12700.5   44229.3    3174.1   49998.4 ]
[24-10-31 15:15:32] 284   -22605.91 [    21725.9   12700.5   44229.3    3174.1   49999.4 ]
[24-10-31 15:15:33] 286    -22605.9 [    21725.9   12700.5   44229.3    3174.1   49999.7 ]
[24-10-31 15:15:33] 288    -22605.9 [    21725.9   12700.5   44229.3    3174.1   49999.9 ]
[24-10-31 15:15:33] 290    -22605.9 [    21725.9   12700.5   44229.3    3174.1   50000.0 ]
[24-10-31 15:15:33] 292    -22605.9 [    21725.9   12700.5   44229.3    3174.1   50000.0 ]
[24-10-31 15:15:34] 294    -22605.9 [    21725.9   12700.5   44229.3    3174.1   50000.0 ]
[24-10-31 15:15:34] 296    -22605.9 [    21725.9   12700.5   44229.3    3174.1   50000.0 ]
[24-10-31 15:15:34] 298    -22605.9 [    21725.9   12700.5   44229.3    3174.1   50000.0 ]
[24-10-31 15:15:34] 299    -22605.9 [    21725.9   12700.5   44229.3    3174.1   50000.0 ]
[24-10-31 15:15:34] 301    -22605.9 [    21725.9   12700.5   44229.3    3174.1   50000.0 ]
[24-10-31 15:15:35] 302    -22605.9 [    21725.9   12700.5   44229.3    3174.1   50000.0 ]
[24-10-31 15:15:35] 304    -22605.9 [    21725.9   12700.5   44229.3    3174.1   50000.0 ]
[24-10-31 15:15:35] 305    -22605.9 [    21725.9   12700.5   44229.3    3174.1   50000.0 ]
[24-10-31 15:15:35] 306    -22605.9 [    21725.9   12700.5   44229.3    3174.1   50000.0 ]
[24-10-31 15:15:36] 307    -22605.9 [    21725.9   12700.5   44229.3    3174.1   50000.0 ]
[24-10-31 15:15:36] 310    -22605.9 [    21725.9   12700.5   44229.3    3174.1   50000.0 ]
[24-10-31 15:15:36] 311    -22605.9 [    21726.9   12700.5   44229.3    3174.1   50000.0 ]
[24-10-31 15:15:36] 312    -22605.9 [    21728.5   12700.5   44229.3    3174.1   50000.0 ]
[24-10-31 15:15:37] 313   -22605.84 [    21884.4   12700.5   44229.3    3174.1   50000.0 ]
[24-10-31 15:15:37] 314   -22605.98 [    22136.7   12700.5   44229.3    3174.1   50000.0 ]
[24-10-31 15:15:37] 315   -22605.86 [    21980.8   12700.5   44229.3    3174.1   50000.0 ]
[24-10-31 15:15:37] 316   -22605.85 [    21824.9   12700.5   44229.3    3174.1   50000.0 ]
[24-10-31 15:15:38] 317   -22605.84 [    21887.8   12700.5   44229.3    3174.1   50000.0 ]
[24-10-31 15:15:38] 318   -22605.84 [    21889.4   12700.5   44229.3    3174.1   50000.0 ]
[24-10-31 15:15:38] 319   -22605.84 [    21886.2   12700.5   44229.3    3174.1   50000.0 ]
[24-10-31 15:15:38] 320   -22605.84 [    21887.8   12700.5   44229.3    3174.1   50000.0 ]
[24-10-31 15:15:39] 321   -22605.82 [    21887.8   12701.5   44229.3    3174.1   50000.0 ]
[24-10-31 15:15:39] 322   -22605.78 [    21887.8   12703.1   44229.3    3174.1   50000.0 ]
[24-10-31 15:15:39] 323   -22603.29 [    21887.8   12879.5   44229.3    3174.1   50000.0 ]
[24-10-31 15:15:39] 324   -22603.21 [    21887.8   12913.8   44229.3    3174.1   50000.0 ]
[24-10-31 15:15:40] 325   -22603.35 [    21887.8   12969.4   44229.3    3174.1   50000.0 ]
[24-10-31 15:15:40] 326   -22603.22 [    21887.8   12935.1   44229.3    3174.1   50000.0 ]
[24-10-31 15:15:40] 327   -22603.23 [    21887.8   12900.7   44229.3    3174.1   50000.0 ]
[24-10-31 15:15:40] 328   -22603.21 [    21887.8   12918.0   44229.3    3174.1   50000.0 ]
[24-10-31 15:15:41] 329   -22603.21 [    21887.8   12920.2   44229.3    3174.1   50000.0 ]
[24-10-31 15:15:41] 330   -22603.21 [    21887.8   12918.0   44229.3    3174.1   50000.0 ]
[24-10-31 15:15:41] 331   -22603.21 [    21887.8   12918.0   44230.3    3174.1   50000.0 ]
[24-10-31 15:15:41] 332    -22603.2 [    21887.8   12918.0   44227.7    3174.1   50000.0 ]
[24-10-31 15:15:42] 333   -22602.22 [    21887.8   12918.0   44051.3    3174.1   50000.0 ]
[24-10-31 15:15:42] 334   -22598.49 [    21887.8   12918.0   42611.9    3174.1   50000.0 ]
[24-10-31 15:15:42] 335   -22608.62 [    21887.8   12918.0   40282.9    3174.1   50000.0 ]
[24-10-31 15:15:42] 336   -22599.99 [    21887.8   12918.0   41722.3    3174.1   50000.0 ]
[24-10-31 15:15:43] 337   -22599.03 [    21887.8   12918.0   43161.7    3174.1   50000.0 ]
[24-10-31 15:15:43] 338   -22598.49 [    21887.8   12918.0   42628.1    3174.1   50000.0 ]
[24-10-31 15:15:43] 339    -22598.5 [    21887.8   12918.0   42644.1    3174.1   50000.0 ]
[24-10-31 15:15:43] 340   -22598.49 [    21887.8   12918.0   42628.1    3174.1   50000.0 ]
[24-10-31 15:15:43] 341   -22598.57 [    21887.8   12918.0   42628.1    3175.1   50000.0 ]
[24-10-31 15:15:44] 342   -22598.37 [    21887.8   12918.0   42628.1    3172.5   50000.0 ]
[24-10-31 15:15:44] 343   -22593.84 [    21887.8   12918.0   42628.1    3046.0   50000.0 ]
[24-10-31 15:15:44] 344   -22613.14 [    21887.8   12918.0   42628.1    2841.4   50000.0 ]
[24-10-31 15:15:44] 345    -22596.9 [    21887.8   12918.0   42628.1    2967.9   50000.0 ]
[24-10-31 15:15:45] 346   -22594.28 [    21887.8   12918.0   42628.1    3094.3   50000.0 ]
[24-10-31 15:15:45] 347   -22593.79 [    21887.8   12918.0   42628.1    3058.2   50000.0 ]
[24-10-31 15:15:45] 348   -22593.79 [    21887.8   12918.0   42628.1    3057.1   50000.0 ]
[24-10-31 15:15:45] 349    -22593.8 [    21887.8   12918.0   42628.1    3055.9   50000.0 ]
[24-10-31 15:15:46] 350   -22593.79 [    21887.8   12918.0   42628.1    3057.1   50000.0 ]
[24-10-31 15:15:46] 352   -22593.81 [    21887.8   12918.0   42628.1    3057.1   49998.4 ]
[24-10-31 15:15:46] 353    -22593.8 [    21887.8   12918.0   42628.1    3057.1   49999.4 ]
[24-10-31 15:15:46] 355    -22593.8 [    21887.8   12918.0   42628.1    3057.1   49999.7 ]
[24-10-31 15:15:47] 357    -22593.8 [    21887.8   12918.0   42628.1    3057.1   49999.9 ]
[24-10-31 15:15:47] 359   -22593.79 [    21887.8   12918.0   42628.1    3057.1   50000.0 ]
[24-10-31 15:15:47] 361   -22593.79 [    21887.8   12918.0   42628.1    3057.1   50000.0 ]
[24-10-31 15:15:47] 363   -22593.79 [    21887.8   12918.0   42628.1    3057.1   50000.0 ]
[24-10-31 15:15:48] 365   -22593.79 [    21887.8   12918.0   42628.1    3057.1   50000.0 ]
[24-10-31 15:15:48] 367   -22593.79 [    21887.8   12918.0   42628.1    3057.1   50000.0 ]
[24-10-31 15:15:48] 369   -22593.79 [    21887.8   12918.0   42628.1    3057.1   50000.0 ]
[24-10-31 15:15:48] 371   -22593.79 [    21887.8   12918.0   42628.1    3057.1   50000.0 ]
[24-10-31 15:15:49] 373   -22593.79 [    21887.8   12918.0   42628.1    3057.1   50000.0 ]
[24-10-31 15:15:49] 375   -22593.79 [    21887.8   12918.0   42628.1    3057.1   50000.0 ]
[24-10-31 15:15:49] 377   -22593.79 [    21887.8   12918.0   42628.1    3057.1   50000.0 ]
[24-10-31 15:15:49] 379   -22593.79 [    21887.8   12918.0   42628.1    3057.1   50000.0 ]
[24-10-31 15:15:50] 380   -22593.79 [    21887.8   12918.0   42628.1    3057.1   50000.0 ]
[24-10-31 15:15:50] 382   -22593.79 [    21887.8   12918.0   42628.1    3057.1   50000.0 ]
[24-10-31 15:15:50] 383   -22593.79 [    21887.8   12918.0   42628.1    3057.1   50000.0 ]
[24-10-31 15:15:50] 385   -22593.79 [    21887.8   12918.0   42628.1    3057.1   50000.0 ]
[24-10-31 15:15:51] 386   -22593.79 [    21887.8   12918.0   42628.1    3057.1   50000.0 ]
[24-10-31 15:15:51] 388   -22593.79 [    21887.8   12918.0   42628.1    3057.1   50000.0 ]
[24-10-31 15:15:51] 391   -22593.79 [    21887.8   12918.0   42628.1    3057.1   50000.0 ]
[24-10-31 15:15:51] 392   -22593.79 [    21888.8   12918.0   42628.1    3057.1   50000.0 ]
[24-10-31 15:15:51] 393   -22593.79 [    21890.4   12918.0   42628.1    3057.1   50000.0 ]
[24-10-31 15:15:52] 394   -22593.74 [    22035.8   12918.0   42628.1    3057.1   50000.0 ]
[24-10-31 15:15:52] 395   -22593.86 [    22270.9   12918.0   42628.1    3057.1   50000.0 ]
[24-10-31 15:15:52] 396   -22593.76 [    22125.6   12918.0   42628.1    3057.1   50000.0 ]
[24-10-31 15:15:52] 397   -22593.75 [    21980.3   12918.0   42628.1    3057.1   50000.0 ]
[24-10-31 15:15:53] 398   -22593.74 [    22038.7   12918.0   42628.1    3057.1   50000.0 ]
[24-10-31 15:15:53] 399   -22593.74 [    22040.2   12918.0   42628.1    3057.1   50000.0 ]
[24-10-31 15:15:53] 400   -22593.74 [    22038.7   12918.0   42628.1    3057.1   50000.0 ]
[24-10-31 15:15:53] 401   -22593.72 [    22038.7   12919.0   42628.1    3057.1   50000.0 ]
[24-10-31 15:15:54] 402   -22593.69 [    22038.7   12920.7   42628.1    3057.1   50000.0 ]
[24-10-31 15:15:54] 403   -22591.55 [    22038.7   13097.0   42628.1    3057.1   50000.0 ]
[24-10-31 15:15:54] 404   -22591.52 [    22038.7   13118.0   42628.1    3057.1   50000.0 ]
[24-10-31 15:15:54] 405   -22591.57 [    22038.7   13152.0   42628.1    3057.1   50000.0 ]
[24-10-31 15:15:55] 406   -22591.52 [    22038.7   13131.0   42628.1    3057.1   50000.0 ]
[24-10-31 15:15:55] 407   -22591.53 [    22038.7   13110.0   42628.1    3057.1   50000.0 ]
[24-10-31 15:15:55] 408   -22591.52 [    22038.7   13121.3   42628.1    3057.1   50000.0 ]
[24-10-31 15:15:55] 409   -22591.52 [    22038.7   13123.4   42628.1    3057.1   50000.0 ]
[24-10-31 15:15:55] 410   -22591.52 [    22038.7   13121.3   42628.1    3057.1   50000.0 ]
[24-10-31 15:15:56] 411   -22591.53 [    22038.7   13121.3   42629.1    3057.1   50000.0 ]
[24-10-31 15:15:56] 412   -22591.51 [    22038.7   13121.3   42626.5    3057.1   50000.0 ]
[24-10-31 15:15:56] 413   -22590.55 [    22038.7   13121.3   42450.1    3057.1   50000.0 ]
[24-10-31 15:15:56] 414   -22587.19 [    22038.7   13121.3   41119.5    3057.1   50000.0 ]
[24-10-31 15:15:57] 416   -22588.54 [    22038.7   13121.3   40297.1    3057.1   50000.0 ]
[24-10-31 15:15:57] 417   -22587.67 [    22038.7   13121.3   41627.7    3057.1   50000.0 ]
[24-10-31 15:15:57] 418   -22587.19 [    22038.7   13121.3   41134.6    3057.1   50000.0 ]
[24-10-31 15:15:57] 419   -22587.19 [    22038.7   13121.3   41149.5    3057.1   50000.0 ]
[24-10-31 15:15:58] 420   -22587.19 [    22038.7   13121.3   41134.6    3057.1   50000.0 ]
[24-10-31 15:15:58] 421   -22587.27 [    22038.7   13121.3   41134.6    3058.1   50000.0 ]
[24-10-31 15:15:58] 422   -22587.06 [    22038.7   13121.3   41134.6    3055.5   50000.0 ]
[24-10-31 15:15:59] 423   -22582.83 [    22038.7   13121.3   41134.6    2938.0   50000.0 ]
[24-10-31 15:15:59] 424   -22600.58 [    22038.7   13121.3   41134.6    2748.0   50000.0 ]
[24-10-31 15:15:59] 425   -22585.64 [    22038.7   13121.3   41134.6    2865.4   50000.0 ]
[24-10-31 15:15:59] 426   -22583.25 [    22038.7   13121.3   41134.6    2982.9   50000.0 ]
[24-10-31 15:15:59] 427   -22582.78 [    22038.7   13121.3   41134.6    2949.0   50000.0 ]
[24-10-31 15:16:00] 428   -22582.78 [    22038.7   13121.3   41134.6    2947.9   50000.0 ]
[24-10-31 15:16:00] 429   -22582.79 [    22038.7   13121.3   41134.6    2946.9   50000.0 ]
[24-10-31 15:16:00] 430   -22582.78 [    22038.7   13121.3   41134.6    2947.9   50000.0 ]
[24-10-31 15:16:00] 432    -22582.8 [    22038.7   13121.3   41134.6    2947.9   49998.4 ]
[24-10-31 15:16:01] 433   -22582.79 [    22038.7   13121.3   41134.6    2947.9   49999.4 ]
[24-10-31 15:16:01] 435   -22582.79 [    22038.7   13121.3   41134.6    2947.9   49999.7 ]
[24-10-31 15:16:01] 437   -22582.79 [    22038.7   13121.3   41134.6    2947.9   49999.9 ]
[24-10-31 15:16:01] 439   -22582.78 [    22038.7   13121.3   41134.6    2947.9   50000.0 ]
[24-10-31 15:16:02] 441   -22582.78 [    22038.7   13121.3   41134.6    2947.9   50000.0 ]
[24-10-31 15:16:02] 443   -22582.78 [    22038.7   13121.3   41134.6    2947.9   50000.0 ]
[24-10-31 15:16:02] 445   -22582.78 [    22038.7   13121.3   41134.6    2947.9   50000.0 ]
[24-10-31 15:16:03] 447   -22582.78 [    22038.7   13121.3   41134.6    2947.9   50000.0 ]
[24-10-31 15:16:03] 449   -22582.78 [    22038.7   13121.3   41134.6    2947.9   50000.0 ]
[24-10-31 15:16:03] 451   -22582.78 [    22038.7   13121.3   41134.6    2947.9   50000.0 ]
[24-10-31 15:16:03] 453   -22582.78 [    22038.7   13121.3   41134.6    2947.9   50000.0 ]
[24-10-31 15:16:04] 455   -22582.78 [    22038.7   13121.3   41134.6    2947.9   50000.0 ]
[24-10-31 15:16:04] 457   -22582.78 [    22038.7   13121.3   41134.6    2947.9   50000.0 ]
[24-10-31 15:16:04] 459   -22582.78 [    22038.7   13121.3   41134.6    2947.9   50000.0 ]
[24-10-31 15:16:04] 461   -22582.78 [    22038.7   13121.3   41134.6    2947.9   50000.0 ]
[24-10-31 15:16:05] 463   -22582.78 [    22038.7   13121.3   41134.6    2947.9   50000.0 ]
[24-10-31 15:16:05] 465   -22582.78 [    22038.7   13121.3   41134.6    2947.9   50000.0 ]
[24-10-31 15:16:05] 467   -22582.78 [    22038.7   13121.3   41134.6    2947.9   50000.0 ]
[24-10-31 15:16:05] 469   -22582.78 [    22038.7   13121.3   41134.6    2947.9   50000.0 ]
[24-10-31 15:16:06] 471   -22582.78 [    22038.7   13121.3   41134.6    2947.9   50000.0 ]
[24-10-31 15:16:06] 472   -22582.78 [    22038.7   13121.3   41134.6    2947.9   50000.0 ]
[24-10-31 15:16:06] 473   -22582.78 [    22038.7   13121.3   41134.6    2947.9   50000.0 ]
[24-10-31 15:16:06] 474   -22582.78 [    22038.7   13121.3   41134.6    2947.9   50000.0 ]
[24-10-31 15:16:06] 475   -22582.78 [    22038.7   13121.3   41134.6    2947.9   50000.0 ]
[24-10-31 15:16:07] 476   -22582.78 [    22038.7   13121.3   41134.6    2947.9   50000.0 ]
[24-10-31 15:16:07] 477   -22582.78 [    22038.7   13121.3   41134.6    2947.9   50000.0 ]
[24-10-31 15:16:07] 478   -22582.78 [    22038.7   13121.3   41134.6    2947.9   50000.0 ]
[24-10-31 15:16:07] 479   -22582.78 [    22038.7   13121.3   41134.6    2947.9   50000.0 ]
[24-10-31 15:16:08] 480   -22582.78 [    22038.7   13121.3   41134.6    2947.9   50000.0 ]
[24-10-31 15:16:08] 481   -22582.78 [    22038.7   13121.3   41134.6    2947.9   50000.0 ]
[24-10-31 15:16:08] 482   -22582.78 [    22038.7   13121.3   41134.6    2947.9   50000.0 ]
[24-10-31 15:16:08] 483   -22582.78 [    22038.7   13121.3   41134.6    2947.9   50000.0 ]
[24-10-31 15:16:09] 485   -22582.78 [    22038.7   13121.3   41134.6    2947.9   50000.0 ]
[24-10-31 15:16:09] 486   -22582.78 [    22039.7   13121.3   41134.6    2947.9   50000.0 ]
[24-10-31 15:16:09] 487   -22582.78 [    22041.3   13121.3   41134.6    2947.9   50000.0 ]
[24-10-31 15:16:09] 488   -22582.74 [    22178.0   13121.3   41134.6    2947.9   50000.0 ]
[24-10-31 15:16:10] 489   -22582.84 [    22399.2   13121.3   41134.6    2947.9   50000.0 ]
[24-10-31 15:16:10] 490   -22582.75 [    22262.5   13121.3   41134.6    2947.9   50000.0 ]
[24-10-31 15:16:10] 491   -22582.75 [    22125.8   13121.3   41134.6    2947.9   50000.0 ]
[24-10-31 15:16:10] 492   -22582.74 [    22180.6   13121.3   41134.6    2947.9   50000.0 ]
[24-10-31 15:16:10] 493   -22582.74 [    22182.0   13121.3   41134.6    2947.9   50000.0 ]
[24-10-31 15:16:11] 494   -22582.74 [    22180.6   13121.3   41134.6    2947.9   50000.0 ]
[24-10-31 15:16:11] 495   -22582.72 [    22180.6   13122.3   41134.6    2947.9   50000.0 ]
[24-10-31 15:16:11] 496   -22582.69 [    22180.6   13123.9   41134.6    2947.9   50000.0 ]
[24-10-31 15:16:11] 497   -22580.87 [    22180.6   13300.3   41134.6    2947.9   50000.0 ]
[24-10-31 15:16:12] 498   -22580.86 [    22180.6   13308.4   41134.6    2947.9   50000.0 ]
[24-10-31 15:16:12] 499   -22580.87 [    22180.6   13321.5   41134.6    2947.9   50000.0 ]
[24-10-31 15:16:12] 500   -22580.86 [    22180.6   13313.4   41134.6    2947.9   50000.0 ]
[24-10-31 15:16:12] 501   -22580.86 [    22180.6   13316.5   41134.6    2947.9   50000.0 ]
[24-10-31 15:16:13] 502   -22580.86 [    22180.6   13311.5   41134.6    2947.9   50000.0 ]
[24-10-31 15:16:13] 503   -22580.86 [    22180.6   13311.5   41134.6    2947.9   50000.0 ]
[24-10-31 15:16:13] 504   -22580.87 [    22180.6   13311.5   41135.6    2947.9   50000.0 ]
[24-10-31 15:16:13] 505   -22580.85 [    22180.6   13311.5   41133.0    2947.9   50000.0 ]
[24-10-31 15:16:14] 506   -22579.91 [    22180.6   13311.5   40956.6    2947.9   50000.0 ]
[24-10-31 15:16:14] 508   -22578.03 [    22180.6   13311.5   40487.4    2947.9   50000.0 ]
[24-10-31 15:16:14] 509   -22577.31 [    22180.6   13311.5   40197.4    2947.9   50000.0 ]
[24-10-31 15:16:14] 510   -22577.04 [    22180.6   13311.5   40018.2    2947.9   50000.0 ]
[24-10-31 15:16:14] 512   -22577.13 [    22180.6   13311.5   40086.6    2947.9   50000.0 ]
[24-10-31 15:16:15] 514   -22577.07 [    22180.6   13311.5   40044.3    2947.9   50000.0 ]
[24-10-31 15:16:15] 515   -22577.03 [    22180.6   13311.5   40002.0    2947.9   50000.0 ]
[24-10-31 15:16:15] 517   -22577.03 [    22180.6   13311.5   40002.0    2947.9   50000.0 ]
[24-10-31 15:16:15] 518   -22577.09 [    22180.6   13311.5   40002.0    2948.9   50000.0 ]
[24-10-31 15:16:16] 519   -22576.92 [    22180.6   13311.5   40002.0    2946.3   50000.0 ]
[24-10-31 15:16:16] 520   -22574.06 [    22180.6   13311.5   40002.0    2855.1   50000.0 ]
[24-10-31 15:16:16] 521    -22585.0 [    22180.6   13311.5   40002.0    2707.5   50000.0 ]
[24-10-31 15:16:16] 522   -22575.78 [    22180.6   13311.5   40002.0    2798.7   50000.0 ]
[24-10-31 15:16:16] 523   -22574.37 [    22180.6   13311.5   40002.0    2889.9   50000.0 ]
[24-10-31 15:16:17] 524   -22574.04 [    22180.6   13311.5   40002.0    2862.2   50000.0 ]
[24-10-31 15:16:17] 525   -22574.04 [    22180.6   13311.5   40002.0    2861.3   50000.0 ]
[24-10-31 15:16:17] 526   -22574.05 [    22180.6   13311.5   40002.0    2860.4   50000.0 ]
[24-10-31 15:16:17] 527   -22574.04 [    22180.6   13311.5   40002.0    2861.3   50000.0 ]
[24-10-31 15:16:17] 529   -22574.06 [    22180.6   13311.5   40002.0    2861.3   49998.4 ]
[24-10-31 15:16:18] 530   -22574.05 [    22180.6   13311.5   40002.0    2861.3   49999.4 ]
[24-10-31 15:16:18] 532   -22574.05 [    22180.6   13311.5   40002.0    2861.3   49999.7 ]
[24-10-31 15:16:18] 534   -22574.05 [    22180.6   13311.5   40002.0    2861.3   49999.9 ]
[24-10-31 15:16:18] 536   -22574.05 [    22180.6   13311.5   40002.0    2861.3   50000.0 ]
[24-10-31 15:16:19] 538   -22574.04 [    22180.6   13311.5   40002.0    2861.3   50000.0 ]
[24-10-31 15:16:19] 540   -22574.04 [    22180.6   13311.5   40002.0    2861.3   50000.0 ]
[24-10-31 15:16:19] 542   -22574.04 [    22180.6   13311.5   40002.0    2861.3   50000.0 ]
[24-10-31 15:16:19] 544   -22574.04 [    22180.6   13311.5   40002.0    2861.3   50000.0 ]
[24-10-31 15:16:19] 546   -22574.04 [    22180.6   13311.5   40002.0    2861.3   50000.0 ]
[24-10-31 15:16:20] 548   -22574.04 [    22180.6   13311.5   40002.0    2861.3   50000.0 ]
[24-10-31 15:16:20] 550   -22574.04 [    22180.6   13311.5   40002.0    2861.3   50000.0 ]
[24-10-31 15:16:20] 552   -22574.04 [    22180.6   13311.5   40002.0    2861.3   50000.0 ]
[24-10-31 15:16:20] 554   -22574.04 [    22180.6   13311.5   40002.0    2861.3   50000.0 ]
[24-10-31 15:16:20] 556   -22574.04 [    22180.6   13311.5   40002.0    2861.3   50000.0 ]
[24-10-31 15:16:21] 558   -22574.04 [    22180.6   13311.5   40002.0    2861.3   50000.0 ]
[24-10-31 15:16:21] 560   -22574.04 [    22180.6   13311.5   40002.0    2861.3   50000.0 ]
[24-10-31 15:16:21] 562   -22574.04 [    22180.6   13311.5   40002.0    2861.3   50000.0 ]
[24-10-31 15:16:21] 564   -22574.04 [    22180.6   13311.5   40002.0    2861.3   50000.0 ]
[24-10-31 15:16:21] 566   -22574.04 [    22180.6   13311.5   40002.0    2861.3   50000.0 ]
[24-10-31 15:16:22] 568   -22574.04 [    22180.6   13311.5   40002.0    2861.3   50000.0 ]
[24-10-31 15:16:22] 569   -22574.04 [    22180.6   13311.5   40002.0    2861.3   50000.0 ]
[24-10-31 15:16:22] 570   -22574.04 [    22180.6   13311.5   40002.0    2861.3   50000.0 ]
[24-10-31 15:16:22] 571   -22574.04 [    22180.6   13311.5   40002.0    2861.3   50000.0 ]
[24-10-31 15:16:23] 572   -22574.04 [    22180.6   13311.5   40002.0    2861.3   50000.0 ]
[24-10-31 15:16:23] 573   -22574.04 [    22180.6   13311.5   40002.0    2861.3   50000.0 ]
[24-10-31 15:16:23] 574   -22574.04 [    22180.6   13311.5   40002.0    2861.3   50000.0 ]
[24-10-31 15:16:23] 575   -22574.04 [    22180.6   13311.5   40002.0    2861.3   50000.0 ]
[24-10-31 15:16:23] 576   -22574.04 [    22180.6   13311.5   40002.0    2861.3   50000.0 ]
[24-10-31 15:16:24] 577   -22574.04 [    22180.6   13311.5   40002.0    2861.3   50000.0 ]
[24-10-31 15:16:24] 578   -22574.04 [    22180.6   13311.5   40002.0    2861.3   50000.0 ]
[24-10-31 15:16:24] 580   -22574.04 [    22180.6   13311.5   40002.0    2861.3   50000.0 ]
[24-10-31 15:16:24] 581   -22574.04 [    22181.6   13311.5   40002.0    2861.3   50000.0 ]
[24-10-31 15:16:24] 582   -22574.04 [    22183.2   13311.5   40002.0    2861.3   50000.0 ]
[24-10-31 15:16:25] 583   -22573.97 [    22359.6   13311.5   40002.0    2861.3   50000.0 ]
[24-10-31 15:16:25] 584   -22573.97 [    22365.4   13311.5   40002.0    2861.3   50000.0 ]
[24-10-31 15:16:25] 585   -22573.97 [    22374.8   13311.5   40002.0    2861.3   50000.0 ]
[24-10-31 15:16:25] 586   -22573.97 [    22369.0   13311.5   40002.0    2861.3   50000.0 ]
[24-10-31 15:16:25] 587   -22573.97 [    22363.2   13311.5   40002.0    2861.3   50000.0 ]
[24-10-31 15:16:26] 588   -22573.97 [    22365.4   13311.5   40002.0    2861.3   50000.0 ]
[24-10-31 15:16:26] 589   -22573.95 [    22365.4   13312.5   40002.0    2861.3   50000.0 ]
[24-10-31 15:16:26] 590   -22573.93 [    22365.4   13314.1   40002.0    2861.3   50000.0 ]
[24-10-31 15:16:26] 591   -22572.78 [    22365.4   13460.6   40002.0    2861.3   50000.0 ]
[24-10-31 15:16:27] 592   -22575.38 [    22365.4   13697.5   40002.0    2861.3   50000.0 ]
[24-10-31 15:16:27] 593   -22573.14 [    22365.4   13551.1   40002.0    2861.3   50000.0 ]
[24-10-31 15:16:27] 594   -22572.96 [    22365.4   13404.6   40002.0    2861.3   50000.0 ]
[24-10-31 15:16:27] 595   -22572.78 [    22365.4   13465.3   40002.0    2861.3   50000.0 ]
[24-10-31 15:16:27] 596   -22572.78 [    22365.4   13463.8   40002.0    2861.3   50000.0 ]
[24-10-31 15:16:28] 597   -22572.78 [    22365.4   13466.9   40002.0    2861.3   50000.0 ]
[24-10-31 15:16:28] 598   -22572.78 [    22365.4   13465.3   40002.0    2861.3   50000.0 ]
[24-10-31 15:16:28] 599   -22572.78 [    22365.4   13465.3   40003.0    2861.3   50000.0 ]
[24-10-31 15:16:28] 600   -22572.77 [    22365.4   13465.3   40000.4    2861.3   50000.0 ]
[24-10-31 15:16:28] 607   -22572.77 [    22365.4   13465.3   40001.0    2861.3   50000.0 ]
[24-10-31 15:16:29] 608   -22572.77 [    22365.4   13465.3   40000.7    2861.3   50000.0 ]
[24-10-31 15:16:29] 610   -22572.76 [    22365.4   13465.3   40000.2    2861.3   50000.0 ]
[24-10-31 15:16:29] 611   -22572.76 [    22365.4   13465.3   40000.0    2861.3   50000.0 ]
[24-10-31 15:16:29] 613   -22572.76 [    22365.4   13465.3   40000.1    2861.3   50000.0 ]
[24-10-31 15:16:30] 614   -22572.76 [    22365.4   13465.3   40000.0    2861.3   50000.0 ]
[24-10-31 15:16:30] 616   -22572.76 [    22365.4   13465.3   40000.0    2861.3   50000.0 ]
[24-10-31 15:16:30] 617   -22572.78 [    22365.4   13465.3   40000.0    2862.3   50000.0 ]
[24-10-31 15:16:30] 618   -22572.74 [    22365.4   13465.3   40000.0    2859.7   50000.0 ]
[24-10-31 15:16:31] 619   -22572.65 [    22365.4   13465.3   40000.0    2844.9   50000.0 ]
[24-10-31 15:16:31] 620   -22572.91 [    22365.4   13465.3   40000.0    2821.0   50000.0 ]
[24-10-31 15:16:31] 621   -22572.69 [    22365.4   13465.3   40000.0    2835.8   50000.0 ]
[24-10-31 15:16:31] 622   -22572.66 [    22365.4   13465.3   40000.0    2850.6   50000.0 ]
[24-10-31 15:16:32] 623   -22572.65 [    22365.4   13465.3   40000.0    2845.2   50000.0 ]
[24-10-31 15:16:32] 624   -22572.65 [    22365.4   13465.3   40000.0    2845.3   50000.0 ]
[24-10-31 15:16:32] 625   -22572.65 [    22365.4   13465.3   40000.0    2845.2   50000.0 ]
[24-10-31 15:16:32] 627   -22572.66 [    22365.4   13465.3   40000.0    2845.2   49998.4 ]
[24-10-31 15:16:33] 628   -22572.66 [    22365.4   13465.3   40000.0    2845.2   49999.4 ]
[24-10-31 15:16:33] 630   -22572.65 [    22365.4   13465.3   40000.0    2845.2   49999.7 ]
[24-10-31 15:16:33] 632   -22572.65 [    22365.4   13465.3   40000.0    2845.2   49999.9 ]
[24-10-31 15:16:33] 634   -22572.65 [    22365.4   13465.3   40000.0    2845.2   50000.0 ]
[24-10-31 15:16:33] 636   -22572.65 [    22365.4   13465.3   40000.0    2845.2   50000.0 ]
[24-10-31 15:16:34] 638   -22572.65 [    22365.4   13465.3   40000.0    2845.2   50000.0 ]
[24-10-31 15:16:34] 640   -22572.65 [    22365.4   13465.3   40000.0    2845.2   50000.0 ]
[24-10-31 15:16:34] 642   -22572.65 [    22365.4   13465.3   40000.0    2845.2   50000.0 ]
[24-10-31 15:16:34] 644   -22572.65 [    22365.4   13465.3   40000.0    2845.2   50000.0 ]
[24-10-31 15:16:35] 646   -22572.65 [    22365.4   13465.3   40000.0    2845.2   50000.0 ]
[24-10-31 15:16:35] 648   -22572.65 [    22365.4   13465.3   40000.0    2845.2   50000.0 ]
[24-10-31 15:16:35] 650   -22572.65 [    22365.4   13465.3   40000.0    2845.2   50000.0 ]
[24-10-31 15:16:35] 652   -22572.65 [    22365.4   13465.3   40000.0    2845.2   50000.0 ]
[24-10-31 15:16:36] 654   -22572.65 [    22365.4   13465.3   40000.0    2845.2   50000.0 ]
[24-10-31 15:16:36] 656   -22572.65 [    22365.4   13465.3   40000.0    2845.2   50000.0 ]
[24-10-31 15:16:36] 658   -22572.65 [    22365.4   13465.3   40000.0    2845.2   50000.0 ]
[24-10-31 15:16:36] 660   -22572.65 [    22365.4   13465.3   40000.0    2845.2   50000.0 ]
[24-10-31 15:16:37] 662   -22572.65 [    22365.4   13465.3   40000.0    2845.2   50000.0 ]
[24-10-31 15:16:37] 664   -22572.65 [    22365.4   13465.3   40000.0    2845.2   50000.0 ]
[24-10-31 15:16:37] 666   -22572.65 [    22365.4   13465.3   40000.0    2845.2   50000.0 ]
[24-10-31 15:16:37] 667   -22572.65 [    22365.4   13465.3   40000.0    2845.2   50000.0 ]
[24-10-31 15:16:37] 669   -22572.65 [    22365.4   13465.3   40000.0    2845.2   50000.0 ]
[24-10-31 15:16:38] 670   -22572.65 [    22365.4   13465.3   40000.0    2845.2   50000.0 ]
[24-10-31 15:16:38] 671   -22572.65 [    22365.4   13465.3   40000.0    2845.2   50000.0 ]
[24-10-31 15:16:38] 672   -22572.65 [    22365.4   13465.3   40000.0    2845.2   50000.0 ]
[24-10-31 15:16:38] 673   -22572.65 [    22365.4   13465.3   40000.0    2845.2   50000.0 ]
[24-10-31 15:16:39] 674   -22572.65 [    22365.4   13465.3   40000.0    2845.2   50000.0 ]
[24-10-31 15:16:39] 675   -22572.65 [    22365.4   13465.3   40000.0    2845.2   50000.0 ]
Optimization terminated successfully.
         Current function value: 22572.651925
         Iterations: 9
         Function evaluations: 675
[24-10-31 15:16:39] 675      fit p: [    22365.4   13465.3   40000.0    2845.2   50000.0 ]
method: Powell
objective_func: objective_H2
fopt: -22572.651924514546
max_iter: 100
num_iter: 9
func_calls: 675
flag: 0
u_fitted: False
u: 1.111e-08
