[24-10-31 14:52:51] fitting objective_H2 to data for demes ['French', 'KhomaniSan', 'Yoruba']
[24-10-31 14:52:51] 0        pnames [         NK       NFY       TFY        NF        NY ]
[24-10-31 14:52:51] 0            p0 [    19690.4   16121.7   76317.5    4565.3   23989.3 ]
[24-10-31 14:52:51] 1     -25187.45 [    19690.4   16121.7   76317.5    4565.3   23989.3 ]
[24-10-31 14:52:52] 2     -25187.45 [    19690.4   16121.7   76317.5    4565.3   23989.3 ]
[24-10-31 14:52:52] 3     -25187.41 [    19691.4   16121.7   76317.5    4565.3   23989.3 ]
[24-10-31 14:52:52] 4     -25187.34 [    19693.0   16121.7   76317.5    4565.3   23989.3 ]
[24-10-31 14:52:52] 5      -25180.3 [    19869.4   16121.7   76317.5    4565.3   23989.3 ]
[24-10-31 14:52:52] 6      -25087.3 [    23689.5   16121.7   76317.5    4565.3   23989.3 ]
[24-10-31 14:52:52] 7     -25064.09 [    29870.5   16121.7   76317.5    4565.3   23989.3 ]
[24-10-31 14:52:53] 8     -25062.18 [    27692.0   16121.7   76317.5    4565.3   23989.3 ]
[24-10-31 14:52:53] 9      -25066.3 [    26163.2   16121.7   76317.5    4565.3   23989.3 ]
[24-10-31 14:52:53] 10     -25062.0 [    28524.1   16121.7   76317.5    4565.3   23989.3 ]
[24-10-31 14:52:53] 11    -25061.92 [    28215.6   16121.7   76317.5    4565.3   23989.3 ]
[24-10-31 14:52:53] 12    -25061.92 [    28300.9   16121.7   76317.5    4565.3   23989.3 ]
[24-10-31 14:52:54] 13    -25061.93 [    28130.4   16121.7   76317.5    4565.3   23989.3 ]
[24-10-31 14:52:54] 14    -25061.92 [    28215.6   16121.7   76317.5    4565.3   23989.3 ]
[24-10-31 14:52:54] 15    -25062.14 [    28215.6   16122.7   76317.5    4565.3   23989.3 ]
[24-10-31 14:52:54] 16    -25061.56 [    28215.6   16120.1   76317.5    4565.3   23989.3 ]
[24-10-31 14:52:54] 17    -25060.98 [    28215.6   16117.4   76317.5    4565.3   23989.3 ]
[24-10-31 14:52:55] 18    -25060.05 [    28215.6   16113.2   76317.5    4565.3   23989.3 ]
[24-10-31 14:52:55] 19    -25058.53 [    28215.6   16106.4   76317.5    4565.3   23989.3 ]
[24-10-31 14:52:55] 20    -25056.08 [    28215.6   16095.3   76317.5    4565.3   23989.3 ]
[24-10-31 14:52:55] 21    -25052.12 [    28215.6   16077.3   76317.5    4565.3   23989.3 ]
[24-10-31 14:52:56] 22    -25045.71 [    28215.6   16048.3   76317.5    4565.3   23989.3 ]
[24-10-31 14:52:56] 23    -25035.33 [    28215.6   16001.3   76317.5    4565.3   23989.3 ]
[24-10-31 14:52:56] 24    -25018.54 [    28215.6   15925.3   76317.5    4565.3   23989.3 ]
[24-10-31 14:52:56] 25    -24824.25 [    28215.6    7639.9   76317.5    4565.3   23989.3 ]
[24-10-31 14:52:56] 26    -24141.13 [    28215.6   11286.0   76317.5    4565.3   23989.3 ]
[24-10-31 14:52:57] 27    -24412.61 [    28215.6   13058.1   76317.5    4565.3   23989.3 ]
[24-10-31 14:52:57] 28    -24091.97 [    28215.6    9893.3   76317.5    4565.3   23989.3 ]
[24-10-31 14:52:57] 29    -24084.24 [    28215.6   10116.0   76317.5    4565.3   23989.3 ]
[24-10-31 14:52:57] 30    -24083.08 [    28215.6   10294.8   76317.5    4565.3   23989.3 ]
[24-10-31 14:52:58] 31    -24082.99 [    28215.6   10236.5   76317.5    4565.3   23989.3 ]
[24-10-31 14:52:58] 32    -24083.35 [    28215.6   10177.6   76317.5    4565.3   23989.3 ]
[24-10-31 14:52:58] 33    -24082.99 [    28215.6   10236.5   76317.5    4565.3   23989.3 ]
[24-10-31 14:52:58] 34    -24083.03 [    28215.6   10236.5   76318.5    4565.3   23989.3 ]
[24-10-31 14:52:59] 35    -24082.93 [    28215.6   10236.5   76315.9    4565.3   23989.3 ]
[24-10-31 14:52:59] 36    -24076.78 [    28215.6   10236.5   76139.6    4565.3   23989.3 ]
[24-10-31 14:52:59] 37    -23841.29 [    28215.6   10236.5   62700.2    4565.3   23989.3 ]
[24-10-31 14:52:59] 38    -24407.15 [    28215.6   10236.5   40954.7    4565.3   23989.3 ]
[24-10-31 14:52:59] 39    -23921.73 [    28215.6   10236.5   54394.1    4565.3   23989.3 ]
[24-10-31 14:53:00] 40     -23877.3 [    28215.6   10236.5   67833.5    4565.3   23989.3 ]
[24-10-31 14:53:00] 41    -23841.22 [    28215.6   10236.5   62444.0    4565.3   23989.3 ]
[24-10-31 14:53:00] 42    -23841.25 [    28215.6   10236.5   62305.3    4565.3   23989.3 ]
[24-10-31 14:53:00] 43    -23841.22 [    28215.6   10236.5   62444.0    4565.3   23989.3 ]
[24-10-31 14:53:01] 44    -23841.32 [    28215.6   10236.5   62444.0    4566.3   23989.3 ]
[24-10-31 14:53:01] 45    -23841.06 [    28215.6   10236.5   62444.0    4563.7   23989.3 ]
[24-10-31 14:53:01] 46    -23828.17 [    28215.6   10236.5   62444.0    4387.3   23989.3 ]
[24-10-31 14:53:01] 47    -23825.75 [    28215.6   10236.5   62444.0    4238.8   23989.3 ]
[24-10-31 14:53:01] 48    -23842.11 [    28215.6   10236.5   62444.0    3998.3   23989.3 ]
[24-10-31 14:53:02] 49    -23828.77 [    28215.6   10236.5   62444.0    4146.9   23989.3 ]
[24-10-31 14:53:02] 50    -23825.67 [    28215.6   10236.5   62444.0    4295.5   23989.3 ]
[24-10-31 14:53:02] 51    -23825.55 [    28215.6   10236.5   62444.0    4270.6   23989.3 ]
[24-10-31 14:53:02] 52    -23825.55 [    28215.6   10236.5   62444.0    4273.6   23989.3 ]
[24-10-31 14:53:03] 53    -23825.55 [    28215.6   10236.5   62444.0    4267.7   23989.3 ]
[24-10-31 14:53:03] 54    -23825.55 [    28215.6   10236.5   62444.0    4270.6   23989.3 ]
[24-10-31 14:53:03] 55    -23825.46 [    28215.6   10236.5   62444.0    4270.6   23990.3 ]
[24-10-31 14:53:03] 56    -23825.32 [    28215.6   10236.5   62444.0    4270.6   23991.9 ]
[24-10-31 14:53:04] 57    -23810.38 [    28215.6   10236.5   62444.0    4270.6   24168.3 ]
[24-10-31 14:53:04] 58    -23259.03 [    28215.6   10236.5   62444.0    4270.6   34011.1 ]
[24-10-31 14:53:04] 59    -22879.79 [    28215.6   10236.5   62444.0    4270.6   49937.3 ]
[24-10-31 14:53:04] 61    -22987.14 [    28215.6   10236.5   62444.0    4270.6   43854.0 ]
[24-10-31 14:53:04] 62    -22917.07 [    28215.6   10236.5   62444.0    4270.6   47613.7 ]
[24-10-31 14:53:05] 63    -22893.55 [    28215.6   10236.5   62444.0    4270.6   49049.7 ]
[24-10-31 14:53:05] 65    -22884.98 [    28215.6   10236.5   62444.0    4270.6   49598.3 ]
[24-10-31 14:53:05] 68    -22879.79 [    28215.6   10236.5   62444.0    4270.6   49937.3 ]
[24-10-31 14:53:05] 69    -22879.81 [    28216.6   10236.5   62444.0    4270.6   49937.3 ]
[24-10-31 14:53:06] 70    -22879.76 [    28214.0   10236.5   62444.0    4270.6   49937.3 ]
[24-10-31 14:53:06] 71    -22876.34 [    28037.6   10236.5   62444.0    4270.6   49937.3 ]
[24-10-31 14:53:06] 72     -24393.1 [     8813.8   10236.5   62444.0    4270.6   49937.3 ]
[24-10-31 14:53:06] 73    -22775.99 [    20694.8   10236.5   62444.0    4270.6   49937.3 ]
[24-10-31 14:53:07] 74     -22851.5 [    16156.6   10236.5   62444.0    4270.6   49937.3 ]
[24-10-31 14:53:07] 75    -22780.86 [    21687.2   10236.5   62444.0    4270.6   49937.3 ]
[24-10-31 14:53:07] 76    -22775.71 [    20560.8   10236.5   62444.0    4270.6   49937.3 ]
[24-10-31 14:53:07] 77    -22775.45 [    20208.6   10236.5   62444.0    4270.6   49937.3 ]
[24-10-31 14:53:08] 78    -22775.45 [    20288.6   10236.5   62444.0    4270.6   49937.3 ]
[24-10-31 14:53:08] 79    -22775.48 [    20367.9   10236.5   62444.0    4270.6   49937.3 ]
[24-10-31 14:53:08] 80    -22775.45 [    20288.6   10236.5   62444.0    4270.6   49937.3 ]
[24-10-31 14:53:08] 81    -22775.36 [    20288.6   10237.5   62444.0    4270.6   49937.3 ]
[24-10-31 14:53:08] 82    -22775.23 [    20288.6   10239.1   62444.0    4270.6   49937.3 ]
[24-10-31 14:53:09] 83    -22763.51 [    20288.6   10415.5   62444.0    4270.6   49937.3 ]
[24-10-31 14:53:09] 84    -22756.11 [    20288.6   10681.5   62444.0    4270.6   49937.3 ]
[24-10-31 14:53:09] 85    -22766.86 [    20288.6   11111.9   62444.0    4270.6   49937.3 ]
[24-10-31 14:53:09] 86    -22757.13 [    20288.6   10845.9   62444.0    4270.6   49937.3 ]
[24-10-31 14:53:10] 87    -22757.56 [    20288.6   10579.9   62444.0    4270.6   49937.3 ]
[24-10-31 14:53:10] 88    -22755.98 [    20288.6   10723.4   62444.0    4270.6   49937.3 ]
[24-10-31 14:53:10] 89    -22755.98 [    20288.6   10718.5   62444.0    4270.6   49937.3 ]
[24-10-31 14:53:10] 90    -22755.98 [    20288.6   10728.2   62444.0    4270.6   49937.3 ]
[24-10-31 14:53:11] 91    -22755.98 [    20288.6   10723.4   62444.0    4270.6   49937.3 ]
[24-10-31 14:53:11] 92    -22755.99 [    20288.6   10723.4   62445.0    4270.6   49937.3 ]
[24-10-31 14:53:11] 93    -22755.96 [    20288.6   10723.4   62442.4    4270.6   49937.3 ]
[24-10-31 14:53:11] 94    -22753.89 [    20288.6   10723.4   62266.0    4270.6   49937.3 ]
[24-10-31 14:53:11] 95    -22730.25 [    20288.6   10723.4   58157.5    4270.6   49937.3 ]
[24-10-31 14:53:12] 96    -22791.57 [    20288.6   10723.4   51509.8    4270.6   49937.3 ]
[24-10-31 14:53:12] 97    -22739.18 [    20288.6   10723.4   55618.3    4270.6   49937.3 ]
[24-10-31 14:53:12] 98    -22733.72 [    20288.6   10723.4   59726.8    4270.6   49937.3 ]
[24-10-31 14:53:12] 99    -22730.25 [    20288.6   10723.4   58114.6    4270.6   49937.3 ]
[24-10-31 14:53:13] 100   -22730.26 [    20288.6   10723.4   58200.4    4270.6   49937.3 ]
[24-10-31 14:53:13] 101   -22730.25 [    20288.6   10723.4   58157.5    4270.6   49937.3 ]
[24-10-31 14:53:13] 102   -22730.27 [    20288.6   10723.4   58157.5    4271.6   49937.3 ]
[24-10-31 14:53:13] 103   -22730.22 [    20288.6   10723.4   58157.5    4269.0   49937.3 ]
[24-10-31 14:53:14] 104   -22729.61 [    20288.6   10723.4   58157.5    4210.3   49937.3 ]
[24-10-31 14:53:14] 105   -22731.49 [    20288.6   10723.4   58157.5    4115.2   49937.3 ]
[24-10-31 14:53:14] 106    -22729.9 [    20288.6   10723.4   58157.5    4173.9   49937.3 ]
[24-10-31 14:53:14] 107   -22729.69 [    20288.6   10723.4   58157.5    4232.7   49937.3 ]
[24-10-31 14:53:14] 108   -22729.61 [    20288.6   10723.4   58157.5    4212.4   49937.3 ]
[24-10-31 14:53:15] 109   -22729.61 [    20288.6   10723.4   58157.5    4211.8   49937.3 ]
[24-10-31 14:53:15] 110   -22729.61 [    20288.6   10723.4   58157.5    4213.0   49937.3 ]
[24-10-31 14:53:15] 111   -22729.61 [    20288.6   10723.4   58157.5    4212.4   49937.3 ]
[24-10-31 14:53:15] 112    -22729.6 [    20288.6   10723.4   58157.5    4212.4   49938.3 ]
[24-10-31 14:53:16] 113   -22729.58 [    20288.6   10723.4   58157.5    4212.4   49939.9 ]
[24-10-31 14:53:16] 116   -22729.28 [    20288.6   10723.4   58157.5    4212.4   49965.6 ]
[24-10-31 14:53:16] 117   -22729.43 [    20288.6   10723.4   58157.5    4212.4   49952.7 ]
[24-10-31 14:53:16] 118   -22729.09 [    20288.6   10723.4   58157.5    4212.4   49981.5 ]
[24-10-31 14:53:17] 119   -22728.98 [    20288.6   10723.4   58157.5    4212.4   49991.3 ]
[24-10-31 14:53:17] 120    -22728.9 [    20288.6   10723.4   58157.5    4212.4   49997.4 ]
[24-10-31 14:53:17] 122   -22728.93 [    20288.6   10723.4   58157.5    4212.4   49995.1 ]
[24-10-31 14:53:17] 123   -22728.89 [    20288.6   10723.4   58157.5    4212.4   49998.9 ]
[24-10-31 14:53:17] 124   -22728.88 [    20288.6   10723.4   58157.5    4212.4   49999.7 ]
[24-10-31 14:53:18] 127   -22728.88 [    20288.6   10723.4   58157.5    4212.4   49999.7 ]
[24-10-31 14:53:18] 128   -22728.88 [    20289.6   10723.4   58157.5    4212.4   49999.7 ]
[24-10-31 14:53:18] 129   -22728.88 [    20291.3   10723.4   58157.5    4212.4   49999.7 ]
[24-10-31 14:53:18] 130   -22728.85 [    20384.7   10723.4   58157.5    4212.4   49999.7 ]
[24-10-31 14:53:19] 131   -22728.91 [    20535.8   10723.4   58157.5    4212.4   49999.7 ]
[24-10-31 14:53:19] 132   -22728.86 [    20442.4   10723.4   58157.5    4212.4   49999.7 ]
[24-10-31 14:53:19] 133   -22728.85 [    20349.0   10723.4   58157.5    4212.4   49999.7 ]
[24-10-31 14:53:19] 134   -22728.85 [    20386.0   10723.4   58157.5    4212.4   49999.7 ]
[24-10-31 14:53:20] 135   -22728.85 [    20386.9   10723.4   58157.5    4212.4   49999.7 ]
[24-10-31 14:53:20] 136   -22728.85 [    20386.0   10723.4   58157.5    4212.4   49999.7 ]
[24-10-31 14:53:20] 137   -22728.79 [    20386.0   10724.4   58157.5    4212.4   49999.7 ]
[24-10-31 14:53:20] 138   -22728.68 [    20386.0   10726.0   58157.5    4212.4   49999.7 ]
[24-10-31 14:53:20] 139    -22720.2 [    20386.0   10902.3   58157.5    4212.4   49999.7 ]
[24-10-31 14:53:21] 140   -22716.66 [    20386.0   11096.2   58157.5    4212.4   49999.7 ]
[24-10-31 14:53:21] 141   -22722.42 [    20386.0   11409.8   58157.5    4212.4   49999.7 ]
[24-10-31 14:53:21] 142   -22717.26 [    20386.0   11216.0   58157.5    4212.4   49999.7 ]
[24-10-31 14:53:21] 143   -22717.33 [    20386.0   11022.1   58157.5    4212.4   49999.7 ]
[24-10-31 14:53:22] 144   -22716.61 [    20386.0   11121.5   58157.5    4212.4   49999.7 ]
[24-10-31 14:53:22] 145   -22716.61 [    20386.0   11117.5   58157.5    4212.4   49999.7 ]
[24-10-31 14:53:22] 146   -22716.61 [    20386.0   11125.5   58157.5    4212.4   49999.7 ]
[24-10-31 14:53:22] 147   -22716.61 [    20386.0   11121.5   58157.5    4212.4   49999.7 ]
[24-10-31 14:53:23] 148   -22716.62 [    20386.0   11121.5   58158.5    4212.4   49999.7 ]
[24-10-31 14:53:23] 149    -22716.6 [    20386.0   11121.5   58155.9    4212.4   49999.7 ]
[24-10-31 14:53:23] 150   -22715.58 [    20386.0   11121.5   57979.5    4212.4   49999.7 ]
[24-10-31 14:53:23] 151   -22710.04 [    20386.0   11121.5   55976.4    4212.4   49999.7 ]
[24-10-31 14:53:23] 152   -22724.56 [    20386.0   11121.5   52735.2    4212.4   49999.7 ]
[24-10-31 14:53:24] 153   -22712.16 [    20386.0   11121.5   54738.3    4212.4   49999.7 ]
[24-10-31 14:53:24] 154   -22710.85 [    20386.0   11121.5   56741.5    4212.4   49999.7 ]
[24-10-31 14:53:24] 155   -22710.04 [    20386.0   11121.5   55998.2    4212.4   49999.7 ]
[24-10-31 14:53:24] 156   -22710.04 [    20386.0   11121.5   55954.5    4212.4   49999.7 ]
[24-10-31 14:53:25] 157   -22710.04 [    20386.0   11121.5   55976.4    4212.4   49999.7 ]
[24-10-31 14:53:25] 158   -22710.11 [    20386.0   11121.5   55976.4    4213.4   49999.7 ]
[24-10-31 14:53:25] 159   -22709.93 [    20386.0   11121.5   55976.4    4210.8   49999.7 ]
[24-10-31 14:53:25] 160   -22703.67 [    20386.0   11121.5   55976.4    4034.4   49999.7 ]
[24-10-31 14:53:26] 161   -22703.68 [    20386.0   11121.5   55976.4    4025.8   49999.7 ]
[24-10-31 14:53:26] 162   -22704.66 [    20386.0   11121.5   55976.4    4101.8   49999.7 ]
[24-10-31 14:53:26] 163   -22703.83 [    20386.0   11121.5   55976.4    4060.1   49999.7 ]
[24-10-31 14:53:26] 164   -22703.67 [    20386.0   11121.5   55976.4    4032.2   49999.7 ]
[24-10-31 14:53:27] 165   -22703.67 [    20386.0   11121.5   55976.4    4030.4   49999.7 ]
[24-10-31 14:53:27] 166   -22703.67 [    20386.0   11121.5   55976.4    4032.2   49999.7 ]
[24-10-31 14:53:27] 168   -22703.69 [    20386.0   11121.5   55976.4    4032.2   49998.1 ]
[24-10-31 14:53:27] 169   -22703.68 [    20386.0   11121.5   55976.4    4032.2   49999.1 ]
[24-10-31 14:53:27] 171   -22703.68 [    20386.0   11121.5   55976.4    4032.2   49999.4 ]
[24-10-31 14:53:28] 172   -22703.67 [    20386.0   11121.5   55976.4    4032.2   49999.9 ]
[24-10-31 14:53:28] 173   -22703.67 [    20386.0   11121.5   55976.4    4032.2   50000.0 ]
[24-10-31 14:53:28] 175   -22703.67 [    20386.0   11121.5   55976.4    4032.2   49999.9 ]
[24-10-31 14:53:28] 176   -22703.67 [    20386.0   11121.5   55976.4    4032.2   50000.0 ]
[24-10-31 14:53:29] 178   -22703.67 [    20386.0   11121.5   55976.4    4032.2   50000.0 ]
[24-10-31 14:53:29] 179   -22703.67 [    20386.0   11121.5   55976.4    4032.2   50000.0 ]
[24-10-31 14:53:29] 182   -22703.67 [    20386.0   11121.5   55976.4    4032.2   50000.0 ]
[24-10-31 14:53:29] 183   -22703.67 [    20387.0   11121.5   55976.4    4032.2   50000.0 ]
[24-10-31 14:53:30] 184   -22703.66 [    20388.6   11121.5   55976.4    4032.2   50000.0 ]
[24-10-31 14:53:30] 185   -22703.31 [    20565.0   11121.5   55976.4    4032.2   50000.0 ]
[24-10-31 14:53:30] 186   -22703.12 [    20808.5   11121.5   55976.4    4032.2   50000.0 ]
[24-10-31 14:53:30] 187   -22703.49 [    21202.5   11121.5   55976.4    4032.2   50000.0 ]
[24-10-31 14:53:30] 188   -22703.17 [    20959.0   11121.5   55976.4    4032.2   50000.0 ]
[24-10-31 14:53:31] 189   -22703.15 [    20715.5   11121.5   55976.4    4032.2   50000.0 ]
[24-10-31 14:53:31] 190   -22703.12 [    20826.8   11121.5   55976.4    4032.2   50000.0 ]
[24-10-31 14:53:31] 191   -22703.12 [    20822.4   11121.5   55976.4    4032.2   50000.0 ]
[24-10-31 14:53:31] 192   -22703.12 [    20831.2   11121.5   55976.4    4032.2   50000.0 ]
[24-10-31 14:53:32] 193   -22703.12 [    20826.8   11121.5   55976.4    4032.2   50000.0 ]
[24-10-31 14:53:32] 194   -22703.07 [    20826.8   11122.5   55976.4    4032.2   50000.0 ]
[24-10-31 14:53:32] 195    -22703.0 [    20826.8   11124.1   55976.4    4032.2   50000.0 ]
[24-10-31 14:53:32] 196   -22697.48 [    20826.8   11300.5   55976.4    4032.2   50000.0 ]
[24-10-31 14:53:33] 197   -22696.34 [    20826.8   11416.1   55976.4    4032.2   50000.0 ]
[24-10-31 14:53:33] 198   -22698.36 [    20826.8   11603.1   55976.4    4032.2   50000.0 ]
[24-10-31 14:53:33] 199   -22696.56 [    20826.8   11487.5   55976.4    4032.2   50000.0 ]
[24-10-31 14:53:33] 200   -22696.55 [    20826.8   11371.9   55976.4    4032.2   50000.0 ]
[24-10-31 14:53:34] 201   -22696.33 [    20826.8   11429.0   55976.4    4032.2   50000.0 ]
[24-10-31 14:53:34] 202   -22696.33 [    20826.8   11425.9   55976.4    4032.2   50000.0 ]
[24-10-31 14:53:34] 203   -22696.33 [    20826.8   11432.1   55976.4    4032.2   50000.0 ]
[24-10-31 14:53:34] 204   -22696.33 [    20826.8   11429.0   55976.4    4032.2   50000.0 ]
[24-10-31 14:53:34] 205   -22696.33 [    20826.8   11429.0   55977.4    4032.2   50000.0 ]
[24-10-31 14:53:35] 206   -22696.32 [    20826.8   11429.0   55974.7    4032.2   50000.0 ]
[24-10-31 14:53:35] 207   -22695.24 [    20826.8   11429.0   55798.4    4032.2   50000.0 ]
[24-10-31 14:53:35] 208   -22689.13 [    20826.8   11429.0   53716.9    4032.2   50000.0 ]
[24-10-31 14:53:35] 209   -22705.24 [    20826.8   11429.0   50349.0    4032.2   50000.0 ]
[24-10-31 14:53:36] 210   -22691.49 [    20826.8   11429.0   52430.4    4032.2   50000.0 ]
[24-10-31 14:53:36] 211   -22690.02 [    20826.8   11429.0   54511.9    4032.2   50000.0 ]
[24-10-31 14:53:36] 212   -22689.13 [    20826.8   11429.0   53739.5    4032.2   50000.0 ]
[24-10-31 14:53:36] 213   -22689.13 [    20826.8   11429.0   53694.3    4032.2   50000.0 ]
[24-10-31 14:53:37] 214   -22689.13 [    20826.8   11429.0   53716.9    4032.2   50000.0 ]
[24-10-31 14:53:37] 215    -22689.2 [    20826.8   11429.0   53716.9    4033.2   50000.0 ]
[24-10-31 14:53:37] 216   -22689.02 [    20826.8   11429.0   53716.9    4030.6   50000.0 ]
[24-10-31 14:53:37] 217   -22683.22 [    20826.8   11429.0   53716.9    3854.2   50000.0 ]
[24-10-31 14:53:37] 218   -22683.19 [    20826.8   11429.0   53716.9    3860.9   50000.0 ]
[24-10-31 14:53:38] 219   -22683.99 [    20826.8   11429.0   53716.9    3925.7   50000.0 ]
[24-10-31 14:53:38] 220   -22683.27 [    20826.8   11429.0   53716.9    3885.6   50000.0 ]
[24-10-31 14:53:38] 221   -22683.18 [    20826.8   11429.0   53716.9    3865.8   50000.0 ]
[24-10-31 14:53:38] 222   -22683.19 [    20826.8   11429.0   53716.9    3867.5   50000.0 ]
[24-10-31 14:53:39] 223   -22683.19 [    20826.8   11429.0   53716.9    3864.1   50000.0 ]
[24-10-31 14:53:39] 224   -22683.18 [    20826.8   11429.0   53716.9    3865.8   50000.0 ]
[24-10-31 14:53:39] 226    -22683.2 [    20826.8   11429.0   53716.9    3865.8   49998.4 ]
[24-10-31 14:53:39] 227   -22683.19 [    20826.8   11429.0   53716.9    3865.8   49999.4 ]
[24-10-31 14:53:40] 229   -22683.19 [    20826.8   11429.0   53716.9    3865.8   49999.7 ]
[24-10-31 14:53:40] 231   -22683.19 [    20826.8   11429.0   53716.9    3865.8   49999.9 ]
[24-10-31 14:53:40] 233   -22683.19 [    20826.8   11429.0   53716.9    3865.8   50000.0 ]
[24-10-31 14:53:40] 235   -22683.18 [    20826.8   11429.0   53716.9    3865.8   50000.0 ]
[24-10-31 14:53:41] 237   -22683.18 [    20826.8   11429.0   53716.9    3865.8   50000.0 ]
[24-10-31 14:53:41] 239   -22683.18 [    20826.8   11429.0   53716.9    3865.8   50000.0 ]
[24-10-31 14:53:41] 241   -22683.18 [    20826.8   11429.0   53716.9    3865.8   50000.0 ]
[24-10-31 14:53:41] 242   -22683.18 [    20826.8   11429.0   53716.9    3865.8   50000.0 ]
[24-10-31 14:53:41] 243   -22683.18 [    20826.8   11429.0   53716.9    3865.8   50000.0 ]
[24-10-31 14:53:42] 244   -22683.18 [    20826.8   11429.0   53716.9    3865.8   50000.0 ]
[24-10-31 14:53:42] 245   -22683.18 [    20826.8   11429.0   53716.9    3865.8   50000.0 ]
[24-10-31 14:53:42] 246   -22683.18 [    20826.8   11429.0   53716.9    3865.8   50000.0 ]
[24-10-31 14:53:42] 248   -22683.18 [    20826.8   11429.0   53716.9    3865.8   50000.0 ]
[24-10-31 14:53:43] 249   -22683.18 [    20826.8   11429.0   53716.9    3865.8   50000.0 ]
[24-10-31 14:53:43] 250   -22683.18 [    20826.8   11429.0   53716.9    3865.8   50000.0 ]
[24-10-31 14:53:43] 252   -22683.18 [    20826.8   11429.0   53716.9    3865.8   50000.0 ]
[24-10-31 14:53:43] 253   -22683.18 [    20827.8   11429.0   53716.9    3865.8   50000.0 ]
[24-10-31 14:53:44] 254   -22683.18 [    20829.4   11429.0   53716.9    3865.8   50000.0 ]
[24-10-31 14:53:44] 255   -22683.07 [    21005.8   11429.0   53716.9    3865.8   50000.0 ]
[24-10-31 14:53:44] 256   -22683.06 [    21036.2   11429.0   53716.9    3865.8   50000.0 ]
[24-10-31 14:53:44] 257   -22683.07 [    21085.3   11429.0   53716.9    3865.8   50000.0 ]
[24-10-31 14:53:44] 258   -22683.06 [    21054.9   11429.0   53716.9    3865.8   50000.0 ]
[24-10-31 14:53:45] 259   -22683.06 [    21024.5   11429.0   53716.9    3865.8   50000.0 ]
[24-10-31 14:53:45] 260   -22683.06 [    21038.6   11429.0   53716.9    3865.8   50000.0 ]
[24-10-31 14:53:45] 261   -22683.06 [    21040.7   11429.0   53716.9    3865.8   50000.0 ]
[24-10-31 14:53:45] 262   -22683.06 [    21038.6   11429.0   53716.9    3865.8   50000.0 ]
[24-10-31 14:53:46] 263   -22683.02 [    21038.6   11430.0   53716.9    3865.8   50000.0 ]
[24-10-31 14:53:46] 264   -22682.96 [    21038.6   11431.6   53716.9    3865.8   50000.0 ]
[24-10-31 14:53:46] 265    -22678.2 [    21038.6   11608.0   53716.9    3865.8   50000.0 ]
[24-10-31 14:53:46] 266   -22677.42 [    21038.6   11706.4   53716.9    3865.8   50000.0 ]
[24-10-31 14:53:47] 267   -22678.83 [    21038.6   11865.6   53716.9    3865.8   50000.0 ]
[24-10-31 14:53:47] 268   -22677.58 [    21038.6   11767.2   53716.9    3865.8   50000.0 ]
[24-10-31 14:53:47] 269   -22677.57 [    21038.6   11668.8   53716.9    3865.8   50000.0 ]
[24-10-31 14:53:47] 270   -22677.42 [    21038.6   11717.0   53716.9    3865.8   50000.0 ]
[24-10-31 14:53:48] 271   -22677.42 [    21038.6   11714.1   53716.9    3865.8   50000.0 ]
[24-10-31 14:53:48] 272   -22677.42 [    21038.6   11719.9   53716.9    3865.8   50000.0 ]
[24-10-31 14:53:48] 273   -22677.42 [    21038.6   11717.0   53716.9    3865.8   50000.0 ]
[24-10-31 14:53:48] 274   -22677.42 [    21038.6   11717.0   53717.9    3865.8   50000.0 ]
[24-10-31 14:53:48] 275   -22677.41 [    21038.6   11717.0   53715.3    3865.8   50000.0 ]
[24-10-31 14:53:49] 276   -22676.34 [    21038.6   11717.0   53538.9    3865.8   50000.0 ]
[24-10-31 14:53:49] 277   -22670.54 [    21038.6   11717.0   51538.4    3865.8   50000.0 ]
[24-10-31 14:53:49] 278   -22685.93 [    21038.6   11717.0   48301.7    3865.8   50000.0 ]
[24-10-31 14:53:49] 279   -22672.79 [    21038.6   11717.0   50302.1    3865.8   50000.0 ]
[24-10-31 14:53:50] 280   -22671.38 [    21038.6   11717.0   52302.6    3865.8   50000.0 ]
[24-10-31 14:53:50] 281   -22670.54 [    21038.6   11717.0   51560.2    3865.8   50000.0 ]
[24-10-31 14:53:50] 282   -22670.54 [    21038.6   11717.0   51516.7    3865.8   50000.0 ]
[24-10-31 14:53:50] 283   -22670.54 [    21038.6   11717.0   51538.4    3865.8   50000.0 ]
[24-10-31 14:53:51] 284   -22670.61 [    21038.6   11717.0   51538.4    3866.8   50000.0 ]
[24-10-31 14:53:51] 285   -22670.42 [    21038.6   11717.0   51538.4    3864.2   50000.0 ]
[24-10-31 14:53:51] 286   -22664.77 [    21038.6   11717.0   51538.4    3690.1   50000.0 ]
[24-10-31 14:53:51] 287    -22690.4 [    21038.6   11717.0   51538.4    3408.3   50000.0 ]
[24-10-31 14:53:51] 288   -22668.85 [    21038.6   11717.0   51538.4    3582.5   50000.0 ]
[24-10-31 14:53:52] 289   -22665.28 [    21038.6   11717.0   51538.4    3756.6   50000.0 ]
[24-10-31 14:53:52] 290   -22664.69 [    21038.6   11717.0   51538.4    3708.7   50000.0 ]
[24-10-31 14:53:52] 291   -22664.69 [    21038.6   11717.0   51538.4    3707.2   50000.0 ]
[24-10-31 14:53:52] 292   -22664.69 [    21038.6   11717.0   51538.4    3705.6   50000.0 ]
[24-10-31 14:53:53] 293   -22664.69 [    21038.6   11717.0   51538.4    3707.2   50000.0 ]
[24-10-31 14:53:53] 295   -22664.71 [    21038.6   11717.0   51538.4    3707.2   49998.4 ]
[24-10-31 14:53:53] 296    -22664.7 [    21038.6   11717.0   51538.4    3707.2   49999.4 ]
[24-10-31 14:53:53] 298    -22664.7 [    21038.6   11717.0   51538.4    3707.2   49999.7 ]
[24-10-31 14:53:54] 300   -22664.69 [    21038.6   11717.0   51538.4    3707.2   49999.9 ]
[24-10-31 14:53:54] 302   -22664.69 [    21038.6   11717.0   51538.4    3707.2   50000.0 ]
[24-10-31 14:53:54] 304   -22664.69 [    21038.6   11717.0   51538.4    3707.2   50000.0 ]
[24-10-31 14:53:54] 306   -22664.69 [    21038.6   11717.0   51538.4    3707.2   50000.0 ]
[24-10-31 14:53:54] 308   -22664.69 [    21038.6   11717.0   51538.4    3707.2   50000.0 ]
[24-10-31 14:53:55] 310   -22664.69 [    21038.6   11717.0   51538.4    3707.2   50000.0 ]
[24-10-31 14:53:55] 312   -22664.69 [    21038.6   11717.0   51538.4    3707.2   50000.0 ]
[24-10-31 14:53:55] 314   -22664.69 [    21038.6   11717.0   51538.4    3707.2   50000.0 ]
[24-10-31 14:53:55] 316   -22664.69 [    21038.6   11717.0   51538.4    3707.2   50000.0 ]
[24-10-31 14:53:56] 318   -22664.69 [    21038.6   11717.0   51538.4    3707.2   50000.0 ]
[24-10-31 14:53:56] 319   -22664.69 [    21038.6   11717.0   51538.4    3707.2   50000.0 ]
[24-10-31 14:53:56] 321   -22664.69 [    21038.6   11717.0   51538.4    3707.2   50000.0 ]
[24-10-31 14:53:56] 322   -22664.69 [    21038.6   11717.0   51538.4    3707.2   50000.0 ]
[24-10-31 14:53:57] 323   -22664.69 [    21038.6   11717.0   51538.4    3707.2   50000.0 ]
[24-10-31 14:53:57] 325   -22664.69 [    21038.6   11717.0   51538.4    3707.2   50000.0 ]
[24-10-31 14:53:57] 327   -22664.69 [    21038.6   11717.0   51538.4    3707.2   50000.0 ]
[24-10-31 14:53:57] 328   -22664.69 [    21038.6   11717.0   51538.4    3707.2   50000.0 ]
[24-10-31 14:53:58] 330   -22664.69 [    21038.6   11717.0   51538.4    3707.2   50000.0 ]
[24-10-31 14:53:58] 331   -22664.69 [    21039.6   11717.0   51538.4    3707.2   50000.0 ]
[24-10-31 14:53:58] 332   -22664.69 [    21041.2   11717.0   51538.4    3707.2   50000.0 ]
[24-10-31 14:53:58] 333    -22664.6 [    21217.6   11717.0   51538.4    3707.2   50000.0 ]
[24-10-31 14:53:58] 334    -22664.6 [    21222.5   11717.0   51538.4    3707.2   50000.0 ]
[24-10-31 14:53:59] 335    -22664.6 [    21230.4   11717.0   51538.4    3707.2   50000.0 ]
[24-10-31 14:53:59] 336    -22664.6 [    21225.5   11717.0   51538.4    3707.2   50000.0 ]
[24-10-31 14:53:59] 337    -22664.6 [    21227.4   11717.0   51538.4    3707.2   50000.0 ]
[24-10-31 14:53:59] 338    -22664.6 [    21225.5   11717.0   51538.4    3707.2   50000.0 ]
[24-10-31 14:54:00] 339   -22664.57 [    21225.5   11718.0   51538.4    3707.2   50000.0 ]
[24-10-31 14:54:00] 340   -22664.51 [    21225.5   11719.6   51538.4    3707.2   50000.0 ]
[24-10-31 14:54:00] 341   -22660.27 [    21225.5   11896.0   51538.4    3707.2   50000.0 ]
[24-10-31 14:54:00] 342   -22659.69 [    21225.5   11983.0   51538.4    3707.2   50000.0 ]
[24-10-31 14:54:01] 343   -22660.75 [    21225.5   12123.8   51538.4    3707.2   50000.0 ]
[24-10-31 14:54:01] 344   -22659.81 [    21225.5   12036.8   51538.4    3707.2   50000.0 ]
[24-10-31 14:54:01] 345    -22659.8 [    21225.5   11949.7   51538.4    3707.2   50000.0 ]
[24-10-31 14:54:01] 346   -22659.69 [    21225.5   11992.1   51538.4    3707.2   50000.0 ]
[24-10-31 14:54:01] 347   -22659.69 [    21225.5   11989.4   51538.4    3707.2   50000.0 ]
[24-10-31 14:54:02] 348   -22659.69 [    21225.5   11994.9   51538.4    3707.2   50000.0 ]
[24-10-31 14:54:02] 349   -22659.69 [    21225.5   11992.1   51538.4    3707.2   50000.0 ]
[24-10-31 14:54:02] 350   -22659.69 [    21225.5   11992.1   51539.4    3707.2   50000.0 ]
[24-10-31 14:54:02] 351   -22659.68 [    21225.5   11992.1   51536.8    3707.2   50000.0 ]
[24-10-31 14:54:03] 352   -22658.63 [    21225.5   11992.1   51360.5    3707.2   50000.0 ]
[24-10-31 14:54:03] 353   -22653.26 [    21225.5   11992.1   49469.2    3707.2   50000.0 ]
[24-10-31 14:54:03] 354   -22667.59 [    21225.5   11992.1   46409.1    3707.2   50000.0 ]
[24-10-31 14:54:03] 355   -22655.37 [    21225.5   11992.1   48300.3    3707.2   50000.0 ]
[24-10-31 14:54:04] 356   -22654.04 [    21225.5   11992.1   50191.6    3707.2   50000.0 ]
[24-10-31 14:54:04] 357   -22653.26 [    21225.5   11992.1   49489.9    3707.2   50000.0 ]
[24-10-31 14:54:04] 358   -22653.26 [    21225.5   11992.1   49448.5    3707.2   50000.0 ]
[24-10-31 14:54:04] 359   -22653.26 [    21225.5   11992.1   49469.2    3707.2   50000.0 ]
[24-10-31 14:54:05] 360   -22653.34 [    21225.5   11992.1   49469.2    3708.2   50000.0 ]
[24-10-31 14:54:05] 361   -22653.14 [    21225.5   11992.1   49469.2    3705.6   50000.0 ]
[24-10-31 14:54:05] 362   -22647.62 [    21225.5   11992.1   49469.2    3540.7   50000.0 ]
[24-10-31 14:54:05] 363    -22672.5 [    21225.5   11992.1   49469.2    3273.9   50000.0 ]
[24-10-31 14:54:05] 364   -22651.57 [    21225.5   11992.1   49469.2    3438.8   50000.0 ]
[24-10-31 14:54:06] 365   -22648.12 [    21225.5   11992.1   49469.2    3603.7   50000.0 ]
[24-10-31 14:54:06] 366   -22647.54 [    21225.5   11992.1   49469.2    3558.2   50000.0 ]
[24-10-31 14:54:06] 367   -22647.54 [    21225.5   11992.1   49469.2    3556.7   50000.0 ]
[24-10-31 14:54:06] 368   -22647.55 [    21225.5   11992.1   49469.2    3555.2   50000.0 ]
[24-10-31 14:54:07] 369   -22647.54 [    21225.5   11992.1   49469.2    3556.7   50000.0 ]
[24-10-31 14:54:07] 371   -22647.56 [    21225.5   11992.1   49469.2    3556.7   49998.4 ]
[24-10-31 14:54:07] 372   -22647.55 [    21225.5   11992.1   49469.2    3556.7   49999.4 ]
[24-10-31 14:54:07] 374   -22647.55 [    21225.5   11992.1   49469.2    3556.7   49999.7 ]
[24-10-31 14:54:08] 376   -22647.55 [    21225.5   11992.1   49469.2    3556.7   49999.9 ]
[24-10-31 14:54:08] 378   -22647.54 [    21225.5   11992.1   49469.2    3556.7   50000.0 ]
[24-10-31 14:54:08] 380   -22647.54 [    21225.5   11992.1   49469.2    3556.7   50000.0 ]
[24-10-31 14:54:08] 382   -22647.54 [    21225.5   11992.1   49469.2    3556.7   50000.0 ]
[24-10-31 14:54:08] 384   -22647.54 [    21225.5   11992.1   49469.2    3556.7   50000.0 ]
[24-10-31 14:54:09] 386   -22647.54 [    21225.5   11992.1   49469.2    3556.7   50000.0 ]
[24-10-31 14:54:09] 388   -22647.54 [    21225.5   11992.1   49469.2    3556.7   50000.0 ]
[24-10-31 14:54:09] 390   -22647.54 [    21225.5   11992.1   49469.2    3556.7   50000.0 ]
[24-10-31 14:54:09] 392   -22647.54 [    21225.5   11992.1   49469.2    3556.7   50000.0 ]
[24-10-31 14:54:10] 394   -22647.54 [    21225.5   11992.1   49469.2    3556.7   50000.0 ]
[24-10-31 14:54:10] 396   -22647.54 [    21225.5   11992.1   49469.2    3556.7   50000.0 ]
[24-10-31 14:54:10] 398   -22647.54 [    21225.5   11992.1   49469.2    3556.7   50000.0 ]
[24-10-31 14:54:10] 400   -22647.54 [    21225.5   11992.1   49469.2    3556.7   50000.0 ]
[24-10-31 14:54:11] 402   -22647.54 [    21225.5   11992.1   49469.2    3556.7   50000.0 ]
[24-10-31 14:54:11] 404   -22647.54 [    21225.5   11992.1   49469.2    3556.7   50000.0 ]
[24-10-31 14:54:11] 406   -22647.54 [    21225.5   11992.1   49469.2    3556.7   50000.0 ]
[24-10-31 14:54:11] 407   -22647.54 [    21225.5   11992.1   49469.2    3556.7   50000.0 ]
[24-10-31 14:54:11] 409   -22647.54 [    21225.5   11992.1   49469.2    3556.7   50000.0 ]
[24-10-31 14:54:12] 410   -22647.54 [    21225.5   11992.1   49469.2    3556.7   50000.0 ]
[24-10-31 14:54:12] 411   -22647.54 [    21225.5   11992.1   49469.2    3556.7   50000.0 ]
[24-10-31 14:54:12] 412   -22647.54 [    21225.5   11992.1   49469.2    3556.7   50000.0 ]
[24-10-31 14:54:12] 413   -22647.54 [    21225.5   11992.1   49469.2    3556.7   50000.0 ]
[24-10-31 14:54:13] 415   -22647.54 [    21225.5   11992.1   49469.2    3556.7   50000.0 ]
[24-10-31 14:54:13] 416   -22647.54 [    21226.5   11992.1   49469.2    3556.7   50000.0 ]
[24-10-31 14:54:13] 417   -22647.54 [    21228.1   11992.1   49469.2    3556.7   50000.0 ]
[24-10-31 14:54:13] 418   -22647.46 [    21400.1   11992.1   49469.2    3556.7   50000.0 ]
[24-10-31 14:54:14] 419   -22647.65 [    21678.2   11992.1   49469.2    3556.7   50000.0 ]
[24-10-31 14:54:14] 420   -22647.49 [    21506.3   11992.1   49469.2    3556.7   50000.0 ]
[24-10-31 14:54:14] 421   -22647.48 [    21334.4   11992.1   49469.2    3556.7   50000.0 ]
[24-10-31 14:54:14] 422   -22647.46 [    21404.3   11992.1   49469.2    3556.7   50000.0 ]
[24-10-31 14:54:15] 423   -22647.46 [    21402.5   11992.1   49469.2    3556.7   50000.0 ]
[24-10-31 14:54:15] 424   -22647.46 [    21406.1   11992.1   49469.2    3556.7   50000.0 ]
[24-10-31 14:54:15] 425   -22647.46 [    21404.3   11992.1   49469.2    3556.7   50000.0 ]
[24-10-31 14:54:15] 426   -22647.43 [    21404.3   11993.1   49469.2    3556.7   50000.0 ]
[24-10-31 14:54:15] 427   -22647.38 [    21404.3   11994.7   49469.2    3556.7   50000.0 ]
[24-10-31 14:54:16] 428   -22643.64 [    21404.3   12171.1   49469.2    3556.7   50000.0 ]
[24-10-31 14:54:16] 429   -22643.23 [    21404.3   12245.6   49469.2    3556.7   50000.0 ]
[24-10-31 14:54:16] 430   -22643.98 [    21404.3   12366.2   49469.2    3556.7   50000.0 ]
[24-10-31 14:54:16] 431   -22643.32 [    21404.3   12291.7   49469.2    3556.7   50000.0 ]
[24-10-31 14:54:17] 432   -22643.31 [    21404.3   12217.2   49469.2    3556.7   50000.0 ]
[24-10-31 14:54:17] 433   -22643.23 [    21404.3   12253.3   49469.2    3556.7   50000.0 ]
[24-10-31 14:54:17] 434   -22643.23 [    21404.3   12250.7   49469.2    3556.7   50000.0 ]
[24-10-31 14:54:17] 435   -22643.23 [    21404.3   12256.0   49469.2    3556.7   50000.0 ]
[24-10-31 14:54:18] 436   -22643.23 [    21404.3   12253.3   49469.2    3556.7   50000.0 ]
[24-10-31 14:54:18] 437   -22643.23 [    21404.3   12253.3   49470.2    3556.7   50000.0 ]
[24-10-31 14:54:18] 438   -22643.22 [    21404.3   12253.3   49467.6    3556.7   50000.0 ]
[24-10-31 14:54:18] 439   -22642.19 [    21404.3   12253.3   49291.2    3556.7   50000.0 ]
[24-10-31 14:54:18] 440   -22637.28 [    21404.3   12253.3   47519.2    3556.7   50000.0 ]
[24-10-31 14:54:19] 441   -22650.46 [    21404.3   12253.3   44652.1    3556.7   50000.0 ]
[24-10-31 14:54:19] 442   -22639.22 [    21404.3   12253.3   46424.1    3556.7   50000.0 ]
[24-10-31 14:54:19] 443   -22637.99 [    21404.3   12253.3   48196.1    3556.7   50000.0 ]
[24-10-31 14:54:19] 444   -22637.28 [    21404.3   12253.3   47538.7    3556.7   50000.0 ]
[24-10-31 14:54:20] 445   -22637.28 [    21404.3   12253.3   47499.7    3556.7   50000.0 ]
[24-10-31 14:54:20] 446   -22637.28 [    21404.3   12253.3   47519.2    3556.7   50000.0 ]
[24-10-31 14:54:20] 447   -22637.36 [    21404.3   12253.3   47519.2    3557.7   50000.0 ]
[24-10-31 14:54:20] 448   -22637.16 [    21404.3   12253.3   47519.2    3555.1   50000.0 ]
[24-10-31 14:54:20] 449   -22631.82 [    21404.3   12253.3   47519.2    3399.8   50000.0 ]
[24-10-31 14:54:21] 450   -22655.65 [    21404.3   12253.3   47519.2    3148.5   50000.0 ]
[24-10-31 14:54:21] 451    -22635.6 [    21404.3   12253.3   47519.2    3303.8   50000.0 ]
[24-10-31 14:54:21] 452   -22632.31 [    21404.3   12253.3   47519.2    3459.1   50000.0 ]
[24-10-31 14:54:21] 453   -22631.75 [    21404.3   12253.3   47519.2    3416.0   50000.0 ]
[24-10-31 14:54:22] 454   -22631.75 [    21404.3   12253.3   47519.2    3414.6   50000.0 ]
[24-10-31 14:54:22] 455   -22631.75 [    21404.3   12253.3   47519.2    3413.2   50000.0 ]
[24-10-31 14:54:22] 456   -22631.75 [    21404.3   12253.3   47519.2    3414.6   50000.0 ]
[24-10-31 14:54:22] 458   -22631.76 [    21404.3   12253.3   47519.2    3414.6   49998.4 ]
[24-10-31 14:54:22] 459   -22631.75 [    21404.3   12253.3   47519.2    3414.6   49999.4 ]
[24-10-31 14:54:23] 461   -22631.75 [    21404.3   12253.3   47519.2    3414.6   49999.7 ]
[24-10-31 14:54:23] 463   -22631.75 [    21404.3   12253.3   47519.2    3414.6   49999.9 ]
[24-10-31 14:54:23] 465   -22631.75 [    21404.3   12253.3   47519.2    3414.6   50000.0 ]
[24-10-31 14:54:23] 467   -22631.75 [    21404.3   12253.3   47519.2    3414.6   50000.0 ]
[24-10-31 14:54:24] 469   -22631.75 [    21404.3   12253.3   47519.2    3414.6   50000.0 ]
[24-10-31 14:54:24] 471   -22631.75 [    21404.3   12253.3   47519.2    3414.6   50000.0 ]
[24-10-31 14:54:24] 473   -22631.75 [    21404.3   12253.3   47519.2    3414.6   50000.0 ]
[24-10-31 14:54:24] 475   -22631.75 [    21404.3   12253.3   47519.2    3414.6   50000.0 ]
[24-10-31 14:54:24] 477   -22631.75 [    21404.3   12253.3   47519.2    3414.6   50000.0 ]
[24-10-31 14:54:25] 479   -22631.75 [    21404.3   12253.3   47519.2    3414.6   50000.0 ]
[24-10-31 14:54:25] 481   -22631.75 [    21404.3   12253.3   47519.2    3414.6   50000.0 ]
[24-10-31 14:54:25] 483   -22631.75 [    21404.3   12253.3   47519.2    3414.6   50000.0 ]
[24-10-31 14:54:25] 485   -22631.75 [    21404.3   12253.3   47519.2    3414.6   50000.0 ]
[24-10-31 14:54:25] 487   -22631.75 [    21404.3   12253.3   47519.2    3414.6   50000.0 ]
[24-10-31 14:54:26] 489   -22631.75 [    21404.3   12253.3   47519.2    3414.6   50000.0 ]
[24-10-31 14:54:26] 491   -22631.75 [    21404.3   12253.3   47519.2    3414.6   50000.0 ]
[24-10-31 14:54:26] 493   -22631.75 [    21404.3   12253.3   47519.2    3414.6   50000.0 ]
[24-10-31 14:54:26] 495   -22631.75 [    21404.3   12253.3   47519.2    3414.6   50000.0 ]
[24-10-31 14:54:27] 497   -22631.75 [    21404.3   12253.3   47519.2    3414.6   50000.0 ]
[24-10-31 14:54:27] 498   -22631.75 [    21404.3   12253.3   47519.2    3414.6   50000.0 ]
[24-10-31 14:54:27] 499   -22631.75 [    21404.3   12253.3   47519.2    3414.6   50000.0 ]
[24-10-31 14:54:27] 500   -22631.75 [    21404.3   12253.3   47519.2    3414.6   50000.0 ]
[24-10-31 14:54:27] 501   -22631.75 [    21404.3   12253.3   47519.2    3414.6   50000.0 ]
[24-10-31 14:54:28] 502   -22631.75 [    21404.3   12253.3   47519.2    3414.6   50000.0 ]
[24-10-31 14:54:28] 503   -22631.75 [    21404.3   12253.3   47519.2    3414.6   50000.0 ]
[24-10-31 14:54:28] 504   -22631.75 [    21404.3   12253.3   47519.2    3414.6   50000.0 ]
[24-10-31 14:54:28] 505   -22631.75 [    21404.3   12253.3   47519.2    3414.6   50000.0 ]
[24-10-31 14:54:28] 507   -22631.75 [    21404.3   12253.3   47519.2    3414.6   50000.0 ]
[24-10-31 14:54:29] 508   -22631.75 [    21405.3   12253.3   47519.2    3414.6   50000.0 ]
[24-10-31 14:54:29] 509   -22631.74 [    21406.9   12253.3   47519.2    3414.6   50000.0 ]
[24-10-31 14:54:29] 510   -22631.67 [    21574.6   12253.3   47519.2    3414.6   50000.0 ]
[24-10-31 14:54:29] 511   -22631.84 [    21846.0   12253.3   47519.2    3414.6   50000.0 ]
[24-10-31 14:54:30] 512    -22631.7 [    21678.3   12253.3   47519.2    3414.6   50000.0 ]
[24-10-31 14:54:30] 513   -22631.68 [    21510.5   12253.3   47519.2    3414.6   50000.0 ]
[24-10-31 14:54:30] 514   -22631.67 [    21578.6   12253.3   47519.2    3414.6   50000.0 ]
[24-10-31 14:54:30] 515   -22631.67 [    21576.9   12253.3   47519.2    3414.6   50000.0 ]
[24-10-31 14:54:30] 516   -22631.67 [    21580.3   12253.3   47519.2    3414.6   50000.0 ]
[24-10-31 14:54:31] 517   -22631.67 [    21578.6   12253.3   47519.2    3414.6   50000.0 ]
[24-10-31 14:54:31] 518   -22631.64 [    21578.6   12254.3   47519.2    3414.6   50000.0 ]
[24-10-31 14:54:31] 519    -22631.6 [    21578.6   12256.0   47519.2    3414.6   50000.0 ]
[24-10-31 14:54:31] 520   -22628.31 [    21578.6   12432.3   47519.2    3414.6   50000.0 ]
[24-10-31 14:54:31] 521   -22628.05 [    21578.6   12493.7   47519.2    3414.6   50000.0 ]
[24-10-31 14:54:32] 522   -22628.54 [    21578.6   12592.9   47519.2    3414.6   50000.0 ]
[24-10-31 14:54:32] 523    -22628.1 [    21578.6   12531.6   47519.2    3414.6   50000.0 ]
[24-10-31 14:54:32] 524    -22628.1 [    21578.6   12470.2   47519.2    3414.6   50000.0 ]
[24-10-31 14:54:32] 525   -22628.05 [    21578.6   12500.1   47519.2    3414.6   50000.0 ]
[24-10-31 14:54:33] 526   -22628.05 [    21578.6   12497.6   47519.2    3414.6   50000.0 ]
[24-10-31 14:54:33] 527   -22628.05 [    21578.6   12502.6   47519.2    3414.6   50000.0 ]
[24-10-31 14:54:33] 528   -22628.05 [    21578.6   12500.1   47519.2    3414.6   50000.0 ]
[24-10-31 14:54:33] 529   -22628.05 [    21578.6   12500.1   47520.2    3414.6   50000.0 ]
[24-10-31 14:54:33] 530   -22628.04 [    21578.6   12500.1   47517.6    3414.6   50000.0 ]
[24-10-31 14:54:34] 531   -22627.03 [    21578.6   12500.1   47341.2    3414.6   50000.0 ]
[24-10-31 14:54:34] 532   -22622.56 [    21578.6   12500.1   45689.6    3414.6   50000.0 ]
[24-10-31 14:54:34] 533   -22634.61 [    21578.6   12500.1   43017.2    3414.6   50000.0 ]
[24-10-31 14:54:34] 534   -22624.34 [    21578.6   12500.1   44668.9    3414.6   50000.0 ]
[24-10-31 14:54:35] 535    -22623.2 [    21578.6   12500.1   46320.5    3414.6   50000.0 ]
[24-10-31 14:54:35] 536   -22622.56 [    21578.6   12500.1   45707.9    3414.6   50000.0 ]
[24-10-31 14:54:35] 537   -22622.56 [    21578.6   12500.1   45726.0    3414.6   50000.0 ]
[24-10-31 14:54:35] 538   -22622.56 [    21578.6   12500.1   45707.9    3414.6   50000.0 ]
[24-10-31 14:54:36] 539   -22622.64 [    21578.6   12500.1   45707.9    3415.6   50000.0 ]
[24-10-31 14:54:36] 540   -22622.44 [    21578.6   12500.1   45707.9    3413.0   50000.0 ]
[24-10-31 14:54:36] 541   -22617.41 [    21578.6   12500.1   45707.9    3268.7   50000.0 ]
[24-10-31 14:54:36] 542   -22639.49 [    21578.6   12500.1   45707.9    3035.3   50000.0 ]
[24-10-31 14:54:36] 543   -22620.91 [    21578.6   12500.1   45707.9    3179.6   50000.0 ]
[24-10-31 14:54:37] 544   -22617.88 [    21578.6   12500.1   45707.9    3323.8   50000.0 ]
[24-10-31 14:54:37] 545   -22617.34 [    21578.6   12500.1   45707.9    3283.4   50000.0 ]
[24-10-31 14:54:37] 546   -22617.34 [    21578.6   12500.1   45707.9    3282.1   50000.0 ]
[24-10-31 14:54:37] 547   -22617.35 [    21578.6   12500.1   45707.9    3280.8   50000.0 ]
[24-10-31 14:54:38] 548   -22617.34 [    21578.6   12500.1   45707.9    3282.1   50000.0 ]
[24-10-31 14:54:38] 550   -22617.36 [    21578.6   12500.1   45707.9    3282.1   49998.4 ]
[24-10-31 14:54:38] 551   -22617.35 [    21578.6   12500.1   45707.9    3282.1   49999.4 ]
[24-10-31 14:54:38] 553   -22617.35 [    21578.6   12500.1   45707.9    3282.1   49999.7 ]
[24-10-31 14:54:39] 555   -22617.35 [    21578.6   12500.1   45707.9    3282.1   49999.9 ]
[24-10-31 14:54:39] 557   -22617.34 [    21578.6   12500.1   45707.9    3282.1   50000.0 ]
[24-10-31 14:54:39] 559   -22617.34 [    21578.6   12500.1   45707.9    3282.1   50000.0 ]
[24-10-31 14:54:39] 561   -22617.34 [    21578.6   12500.1   45707.9    3282.1   50000.0 ]
[24-10-31 14:54:40] 563   -22617.34 [    21578.6   12500.1   45707.9    3282.1   50000.0 ]
[24-10-31 14:54:40] 565   -22617.34 [    21578.6   12500.1   45707.9    3282.1   50000.0 ]
[24-10-31 14:54:40] 567   -22617.34 [    21578.6   12500.1   45707.9    3282.1   50000.0 ]
[24-10-31 14:54:40] 569   -22617.34 [    21578.6   12500.1   45707.9    3282.1   50000.0 ]
[24-10-31 14:54:40] 571   -22617.34 [    21578.6   12500.1   45707.9    3282.1   50000.0 ]
[24-10-31 14:54:41] 573   -22617.34 [    21578.6   12500.1   45707.9    3282.1   50000.0 ]
[24-10-31 14:54:41] 575   -22617.34 [    21578.6   12500.1   45707.9    3282.1   50000.0 ]
[24-10-31 14:54:41] 577   -22617.34 [    21578.6   12500.1   45707.9    3282.1   50000.0 ]
[24-10-31 14:54:41] 579   -22617.34 [    21578.6   12500.1   45707.9    3282.1   50000.0 ]
[24-10-31 14:54:42] 581   -22617.34 [    21578.6   12500.1   45707.9    3282.1   50000.0 ]
[24-10-31 14:54:42] 583   -22617.34 [    21578.6   12500.1   45707.9    3282.1   50000.0 ]
[24-10-31 14:54:42] 585   -22617.34 [    21578.6   12500.1   45707.9    3282.1   50000.0 ]
[24-10-31 14:54:42] 587   -22617.34 [    21578.6   12500.1   45707.9    3282.1   50000.0 ]
[24-10-31 14:54:43] 589   -22617.34 [    21578.6   12500.1   45707.9    3282.1   50000.0 ]
[24-10-31 14:54:43] 592   -22617.34 [    21578.6   12500.1   45707.9    3282.1   50000.0 ]
[24-10-31 14:54:43] 593   -22617.34 [    21578.6   12500.1   45707.9    3282.1   50000.0 ]
[24-10-31 14:54:43] 594   -22617.34 [    21578.6   12500.1   45707.9    3282.1   50000.0 ]
[24-10-31 14:54:43] 595   -22617.34 [    21578.6   12500.1   45707.9    3282.1   50000.0 ]
[24-10-31 14:54:44] 596   -22617.34 [    21578.6   12500.1   45707.9    3282.1   50000.0 ]
[24-10-31 14:54:44] 597   -22617.34 [    21578.6   12500.1   45707.9    3282.1   50000.0 ]
[24-10-31 14:54:44] 598   -22617.34 [    21578.6   12500.1   45707.9    3282.1   50000.0 ]
[24-10-31 14:54:44] 599   -22617.34 [    21578.6   12500.1   45707.9    3282.1   50000.0 ]
[24-10-31 14:54:45] 600   -22617.34 [    21578.6   12500.1   45707.9    3282.1   50000.0 ]
[24-10-31 14:54:45] 601   -22617.34 [    21578.6   12500.1   45707.9    3282.1   50000.0 ]
[24-10-31 14:54:45] 602   -22603.34 [    21752.9   12746.8   43896.6    3149.6   50000.0 ]
[24-10-31 14:54:45] 603   -22617.34 [    21578.6   12500.1   45707.9    3282.1   50000.0 ]
[24-10-31 14:54:46] 604   -22603.34 [    21752.9   12746.8   43896.6    3149.6   50000.0 ]
[24-10-31 14:54:46] 607   -22608.64 [    21686.3   12652.6   44588.5    3200.2   50000.0 ]
[24-10-31 14:54:46] 608   -22605.98 [    21719.6   12699.7   44242.5    3174.9   50000.0 ]
[24-10-31 14:54:46] 609   -22600.09 [    21794.1   12805.1   43469.0    3118.3   50000.0 ]
[24-10-31 14:54:46] 610    -22598.1 [    21819.5   12841.1   43204.8    3099.0   50000.0 ]
[24-10-31 14:54:47] 612   -22598.86 [    21809.8   12827.3   43305.7    3106.3   50000.0 ]
[24-10-31 14:54:47] 614   -22598.39 [    21815.8   12835.8   43243.3    3101.8   50000.0 ]
[24-10-31 14:54:47] 615   -22597.91 [    21821.9   12844.5   43179.7    3097.1   50000.0 ]
[24-10-31 14:54:47] 616   -22597.91 [    21821.9   12844.5   43179.7    3097.1   50000.0 ]
[24-10-31 14:54:48] 617   -22597.91 [    21822.9   12844.5   43179.7    3097.1   50000.0 ]
[24-10-31 14:54:48] 618   -22597.91 [    21824.5   12844.5   43179.7    3097.1   50000.0 ]
[24-10-31 14:54:48] 619   -22597.84 [    21986.2   12844.5   43179.7    3097.1   50000.0 ]
[24-10-31 14:54:48] 620   -22597.99 [    22247.8   12844.5   43179.7    3097.1   50000.0 ]
[24-10-31 14:54:49] 621   -22597.86 [    22086.1   12844.5   43179.7    3097.1   50000.0 ]
[24-10-31 14:54:49] 622   -22597.85 [    21924.4   12844.5   43179.7    3097.1   50000.0 ]
[24-10-31 14:54:49] 623   -22597.84 [    21989.9   12844.5   43179.7    3097.1   50000.0 ]
[24-10-31 14:54:49] 624   -22597.84 [    21988.2   12844.5   43179.7    3097.1   50000.0 ]
[24-10-31 14:54:50] 625   -22597.84 [    21991.5   12844.5   43179.7    3097.1   50000.0 ]
[24-10-31 14:54:50] 626   -22597.84 [    21989.9   12844.5   43179.7    3097.1   50000.0 ]
[24-10-31 14:54:50] 627   -22597.82 [    21989.9   12845.5   43179.7    3097.1   50000.0 ]
[24-10-31 14:54:50] 628   -22597.78 [    21989.9   12847.1   43179.7    3097.1   50000.0 ]
[24-10-31 14:54:50] 629   -22595.55 [    21989.9   13023.5   43179.7    3097.1   50000.0 ]
[24-10-31 14:54:51] 630   -22595.51 [    21989.9   13048.2   43179.7    3097.1   50000.0 ]
[24-10-31 14:54:51] 631   -22595.58 [    21989.9   13088.3   43179.7    3097.1   50000.0 ]
[24-10-31 14:54:51] 632   -22595.51 [    21989.9   13063.5   43179.7    3097.1   50000.0 ]
[24-10-31 14:54:51] 633   -22595.51 [    21989.9   13038.8   43179.7    3097.1   50000.0 ]
[24-10-31 14:54:52] 634   -22595.51 [    21989.9   13051.8   43179.7    3097.1   50000.0 ]
[24-10-31 14:54:52] 635   -22595.51 [    21989.9   13053.9   43179.7    3097.1   50000.0 ]
[24-10-31 14:54:52] 636   -22595.51 [    21989.9   13051.8   43179.7    3097.1   50000.0 ]
[24-10-31 14:54:52] 638   -22595.52 [    21989.9   13051.8   43179.7    3097.1   49998.4 ]
[24-10-31 14:54:53] 639   -22595.51 [    21989.9   13051.8   43179.7    3097.1   49999.4 ]
[24-10-31 14:54:53] 641   -22595.51 [    21989.9   13051.8   43179.7    3097.1   49999.7 ]
[24-10-31 14:54:53] 643   -22595.51 [    21989.9   13051.8   43179.7    3097.1   49999.9 ]
[24-10-31 14:54:53] 645   -22595.51 [    21989.9   13051.8   43179.7    3097.1   50000.0 ]
[24-10-31 14:54:53] 647   -22595.51 [    21989.9   13051.8   43179.7    3097.1   50000.0 ]
[24-10-31 14:54:54] 649   -22595.51 [    21989.9   13051.8   43179.7    3097.1   50000.0 ]
[24-10-31 14:54:54] 651   -22595.51 [    21989.9   13051.8   43179.7    3097.1   50000.0 ]
[24-10-31 14:54:54] 653   -22595.51 [    21989.9   13051.8   43179.7    3097.1   50000.0 ]
[24-10-31 14:54:54] 655   -22595.51 [    21989.9   13051.8   43179.7    3097.1   50000.0 ]
[24-10-31 14:54:55] 657   -22595.51 [    21989.9   13051.8   43179.7    3097.1   50000.0 ]
[24-10-31 14:54:55] 659   -22595.51 [    21989.9   13051.8   43179.7    3097.1   50000.0 ]
[24-10-31 14:54:55] 661   -22595.51 [    21989.9   13051.8   43179.7    3097.1   50000.0 ]
[24-10-31 14:54:55] 663   -22595.51 [    21989.9   13051.8   43179.7    3097.1   50000.0 ]
[24-10-31 14:54:56] 665   -22595.51 [    21989.9   13051.8   43179.7    3097.1   50000.0 ]
[24-10-31 14:54:56] 667   -22595.51 [    21989.9   13051.8   43179.7    3097.1   50000.0 ]
[24-10-31 14:54:56] 669   -22595.51 [    21989.9   13051.8   43179.7    3097.1   50000.0 ]
[24-10-31 14:54:56] 671   -22595.51 [    21989.9   13051.8   43179.7    3097.1   50000.0 ]
[24-10-31 14:54:56] 673   -22595.51 [    21989.9   13051.8   43179.7    3097.1   50000.0 ]
[24-10-31 14:54:57] 675   -22595.51 [    21989.9   13051.8   43179.7    3097.1   50000.0 ]
[24-10-31 14:54:57] 677   -22595.51 [    21989.9   13051.8   43179.7    3097.1   50000.0 ]
[24-10-31 14:54:57] 678   -22595.51 [    21989.9   13051.8   43179.7    3097.1   50000.0 ]
[24-10-31 14:54:57] 679   -22595.51 [    21989.9   13051.8   43179.7    3097.1   50000.0 ]
[24-10-31 14:54:58] 680   -22595.51 [    21989.9   13051.8   43179.7    3097.1   50000.0 ]
[24-10-31 14:54:58] 681   -22595.51 [    21989.9   13051.8   43179.7    3097.1   50000.0 ]
[24-10-31 14:54:58] 682   -22595.51 [    21989.9   13051.8   43179.7    3097.1   50000.0 ]
[24-10-31 14:54:58] 683   -22595.51 [    21989.9   13051.8   43179.7    3097.1   50000.0 ]
[24-10-31 14:54:59] 684   -22595.51 [    21989.9   13051.8   43179.7    3097.1   50000.0 ]
[24-10-31 14:54:59] 685   -22595.51 [    21989.9   13051.8   43179.7    3097.1   50000.0 ]
[24-10-31 14:54:59] 686   -22595.51 [    21989.9   13051.8   43179.7    3097.1   50000.0 ]
[24-10-31 14:54:59] 687   -22595.51 [    21989.9   13051.8   43179.7    3097.1   50000.0 ]
[24-10-31 14:55:00] 688   -22595.52 [    21989.9   13051.8   43179.7    3098.1   50000.0 ]
[24-10-31 14:55:00] 689   -22595.48 [    21989.9   13051.8   43179.7    3095.5   50000.0 ]
[24-10-31 14:55:00] 690   -22595.29 [    21989.9   13051.8   43179.7    3072.6   50000.0 ]
[24-10-31 14:55:00] 691   -22595.83 [    21989.9   13051.8   43179.7    3035.5   50000.0 ]
[24-10-31 14:55:00] 692   -22595.37 [    21989.9   13051.8   43179.7    3058.4   50000.0 ]
[24-10-31 14:55:01] 693   -22595.32 [    21989.9   13051.8   43179.7    3081.4   50000.0 ]
[24-10-31 14:55:01] 694   -22595.29 [    21989.9   13051.8   43179.7    3073.1   50000.0 ]
[24-10-31 14:55:01] 695   -22595.29 [    21989.9   13051.8   43179.7    3073.3   50000.0 ]
[24-10-31 14:55:01] 696   -22595.29 [    21989.9   13051.8   43179.7    3072.9   50000.0 ]
[24-10-31 14:55:02] 697   -22595.29 [    21989.9   13051.8   43179.7    3073.1   50000.0 ]
[24-10-31 14:55:02] 698   -22577.28 [    22233.1   13396.2   40651.5    2888.1   50000.0 ]
[24-10-31 14:55:02] 701   -22584.07 [    22140.2   13264.6   41617.2    2958.8   50000.0 ]
[24-10-31 14:55:02] 702   -22580.66 [    22186.7   13330.4   41134.4    2923.5   50000.0 ]
[24-10-31 14:55:03] 703   -22573.14 [    22290.6   13477.5   40054.7    2844.5   50000.0 ]
[24-10-31 14:55:03] 705   -22574.72 [    22268.6   13446.4   40282.7    2861.1   50000.0 ]
[24-10-31 14:55:03] 707   -22573.74 [    22282.2   13465.6   40141.8    2850.8   50000.0 ]
[24-10-31 14:55:03] 708   -22572.77 [    22295.8   13484.8   40000.9    2840.5   50000.0 ]
[24-10-31 14:55:03] 711   -22572.77 [    22295.8   13484.8   40000.9    2840.5   50000.0 ]
[24-10-31 14:55:04] 712   -22572.77 [    22296.8   13484.8   40000.9    2840.5   50000.0 ]
[24-10-31 14:55:04] 713   -22572.77 [    22298.4   13484.8   40000.9    2840.5   50000.0 ]
[24-10-31 14:55:04] 714    -22572.5 [    22474.7   13484.8   40000.9    2840.5   50000.0 ]
[24-10-31 14:55:04] 715   -22572.35 [    22730.4   13484.8   40000.9    2840.5   50000.0 ]
[24-10-31 14:55:05] 716   -22572.65 [    23144.2   13484.8   40000.9    2840.5   50000.0 ]
[24-10-31 14:55:05] 717   -22572.39 [    22888.5   13484.8   40000.9    2840.5   50000.0 ]
[24-10-31 14:55:05] 718   -22572.38 [    22632.8   13484.8   40000.9    2840.5   50000.0 ]
[24-10-31 14:55:05] 719   -22572.35 [    22748.5   13484.8   40000.9    2840.5   50000.0 ]
[24-10-31 14:55:06] 720   -22572.35 [    22744.0   13484.8   40000.9    2840.5   50000.0 ]
[24-10-31 14:55:06] 721   -22572.35 [    22753.0   13484.8   40000.9    2840.5   50000.0 ]
[24-10-31 14:55:06] 722   -22572.35 [    22748.5   13484.8   40000.9    2840.5   50000.0 ]
[24-10-31 14:55:06] 723   -22572.35 [    22748.5   13485.8   40000.9    2840.5   50000.0 ]
[24-10-31 14:55:06] 724   -22572.34 [    22748.5   13487.4   40000.9    2840.5   50000.0 ]
[24-10-31 14:55:07] 725    -22572.3 [    22748.5   13517.0   40000.9    2840.5   50000.0 ]
[24-10-31 14:55:07] 726   -22572.41 [    22748.5   13564.8   40000.9    2840.5   50000.0 ]
[24-10-31 14:55:07] 727   -22572.32 [    22748.5   13535.3   40000.9    2840.5   50000.0 ]
[24-10-31 14:55:07] 728   -22572.31 [    22748.5   13505.7   40000.9    2840.5   50000.0 ]
[24-10-31 14:55:08] 729    -22572.3 [    22748.5   13517.3   40000.9    2840.5   50000.0 ]
[24-10-31 14:55:08] 730    -22572.3 [    22748.5   13517.6   40000.9    2840.5   50000.0 ]
[24-10-31 14:55:08] 731    -22572.3 [    22748.5   13517.3   40000.9    2840.5   50000.0 ]
[24-10-31 14:55:08] 733   -22572.31 [    22748.5   13517.3   40000.9    2840.5   49998.4 ]
[24-10-31 14:55:09] 734    -22572.3 [    22748.5   13517.3   40000.9    2840.5   49999.4 ]
[24-10-31 14:55:09] 736    -22572.3 [    22748.5   13517.3   40000.9    2840.5   49999.7 ]
[24-10-31 14:55:09] 738    -22572.3 [    22748.5   13517.3   40000.9    2840.5   49999.9 ]
[24-10-31 14:55:09] 740    -22572.3 [    22748.5   13517.3   40000.9    2840.5   50000.0 ]
[24-10-31 14:55:09] 742    -22572.3 [    22748.5   13517.3   40000.9    2840.5   50000.0 ]
[24-10-31 14:55:10] 744    -22572.3 [    22748.5   13517.3   40000.9    2840.5   50000.0 ]
[24-10-31 14:55:10] 746    -22572.3 [    22748.5   13517.3   40000.9    2840.5   50000.0 ]
[24-10-31 14:55:10] 748    -22572.3 [    22748.5   13517.3   40000.9    2840.5   50000.0 ]
[24-10-31 14:55:10] 750    -22572.3 [    22748.5   13517.3   40000.9    2840.5   50000.0 ]
[24-10-31 14:55:11] 752    -22572.3 [    22748.5   13517.3   40000.9    2840.5   50000.0 ]
[24-10-31 14:55:11] 754    -22572.3 [    22748.5   13517.3   40000.9    2840.5   50000.0 ]
[24-10-31 14:55:11] 756    -22572.3 [    22748.5   13517.3   40000.9    2840.5   50000.0 ]
[24-10-31 14:55:11] 758    -22572.3 [    22748.5   13517.3   40000.9    2840.5   50000.0 ]
[24-10-31 14:55:12] 760    -22572.3 [    22748.5   13517.3   40000.9    2840.5   50000.0 ]
[24-10-31 14:55:12] 762    -22572.3 [    22748.5   13517.3   40000.9    2840.5   50000.0 ]
[24-10-31 14:55:12] 764    -22572.3 [    22748.5   13517.3   40000.9    2840.5   50000.0 ]
[24-10-31 14:55:12] 766    -22572.3 [    22748.5   13517.3   40000.9    2840.5   50000.0 ]
[24-10-31 14:55:13] 768    -22572.3 [    22748.5   13517.3   40000.9    2840.5   50000.0 ]
[24-10-31 14:55:13] 770    -22572.3 [    22748.5   13517.3   40000.9    2840.5   50000.0 ]
[24-10-31 14:55:13] 772    -22572.3 [    22748.5   13517.3   40000.9    2840.5   50000.0 ]
[24-10-31 14:55:13] 774    -22572.3 [    22748.5   13517.3   40000.9    2840.5   50000.0 ]
[24-10-31 14:55:13] 775    -22572.3 [    22748.5   13517.3   40000.9    2840.5   50000.0 ]
[24-10-31 14:55:14] 776    -22572.3 [    22748.5   13517.3   40000.9    2840.5   50000.0 ]
[24-10-31 14:55:14] 777    -22572.3 [    22748.5   13517.3   40000.9    2840.5   50000.0 ]
[24-10-31 14:55:14] 778    -22572.3 [    22748.5   13517.3   40000.9    2840.5   50000.0 ]
[24-10-31 14:55:14] 779    -22572.3 [    22748.5   13517.3   40000.9    2840.5   50000.0 ]
[24-10-31 14:55:15] 780    -22572.3 [    22748.5   13517.3   40000.9    2840.5   50000.0 ]
[24-10-31 14:55:15] 781    -22572.3 [    22748.5   13517.3   40000.9    2840.5   50000.0 ]
[24-10-31 14:55:15] 782    -22572.3 [    22748.5   13517.3   40000.9    2840.5   50000.0 ]
[24-10-31 14:55:15] 783    -22572.3 [    22748.5   13517.3   40000.9    2840.5   50000.0 ]
[24-10-31 14:55:16] 784    -22572.3 [    22748.5   13517.3   40000.9    2840.5   50000.0 ]
[24-10-31 14:55:16] 785    -22572.3 [    22748.5   13517.3   40000.9    2840.5   50000.0 ]
[24-10-31 14:55:16] 786    -22572.3 [    22748.5   13517.3   40000.9    2841.5   50000.0 ]
[24-10-31 14:55:16] 787    -22572.3 [    22748.5   13517.3   40000.9    2838.9   50000.0 ]
[24-10-31 14:55:17] 788    -22572.3 [    22748.5   13517.3   40000.9    2839.0   50000.0 ]
[24-10-31 14:55:17] 789    -22572.3 [    22748.5   13517.3   40000.9    2839.6   50000.0 ]
[24-10-31 14:55:17] 790    -22572.3 [    22748.5   13517.3   40000.9    2839.2   50000.0 ]
[24-10-31 14:55:17] 791    -22572.3 [    22748.5   13517.3   40000.9    2839.0   50000.0 ]
[24-10-31 14:55:17] 792    -22572.3 [    22748.5   13517.3   40000.9    2839.0   50000.0 ]
[24-10-31 14:55:18] 793    -22572.3 [    22748.5   13517.3   40000.9    2839.0   50000.0 ]
[24-10-31 14:55:18] 795   -22601.33 [    22354.8   12960.1   44091.6    3138.3   50000.0 ]
[24-10-31 14:55:18] 796   -22583.16 [    22598.1   13304.5   41563.4    2953.3   50000.0 ]
[24-10-31 14:55:18] 798   -22577.69 [    22673.3   13410.9   40782.1    2896.2   50000.0 ]
[24-10-31 14:55:19] 800   -22574.35 [    22719.8   13476.7   40299.3    2860.8   50000.0 ]
[24-10-31 14:55:19] 802   -22573.08 [    22737.5   13501.8   40114.9    2847.4   50000.0 ]
[24-10-31 14:55:19] 804    -22572.6 [    22744.3   13511.4   40044.4    2842.2   50000.0 ]
[24-10-31 14:55:19] 806   -22572.41 [    22746.9   13515.0   40017.5    2840.2   50000.0 ]
[24-10-31 14:55:20] 808   -22572.34 [    22747.9   13516.4   40007.2    2839.5   50000.0 ]
[24-10-31 14:55:20] 810   -22572.32 [    22748.3   13517.0   40003.3    2839.2   50000.0 ]
[24-10-31 14:55:20] 812   -22572.31 [    22748.4   13517.2   40001.8    2839.1   50000.0 ]
[24-10-31 14:55:20] 813    -22572.3 [    22748.5   13517.4   40000.4    2839.0   50000.0 ]
[24-10-31 14:55:20] 814   -22572.29 [    22748.6   13517.4   40000.2    2839.0   50000.0 ]
[24-10-31 14:55:21] 815   -22572.29 [    22748.6   13517.4   40000.0    2839.0   50000.0 ]
[24-10-31 14:55:21] 817   -22572.29 [    22748.6   13517.4   40000.1    2839.0   50000.0 ]
[24-10-31 14:55:21] 819   -22572.29 [    22748.6   13517.4   40000.0    2839.0   50000.0 ]
[24-10-31 14:55:21] 821   -22572.29 [    22748.6   13517.4   40000.0    2839.0   50000.0 ]
Optimization terminated successfully.
         Current function value: 22572.292802
         Iterations: 10
         Function evaluations: 821
[24-10-31 14:55:21] 821      fit p: [    22748.6   13517.4   40000.0    2839.0   50000.0 ]
method: Powell
objective_func: objective_H2
fopt: -22572.292801961976
max_iter: 100
num_iter: 10
func_calls: 821
flag: 0
u_fitted: False
u: 1.111e-08
