[24-11-01 12:11:28] fitting objective_H2 to data for demes ['KhomaniSan', 'Yoruba']
[24-11-01 12:11:28] 0        pnames [        NA1       TA1        NK        NY ]
[24-11-01 12:11:28] 0            p0 [    42276.2  111993.9   20163.5   25380.7 ]
[24-11-01 12:11:28] 1      -8170.64 [    42276.2  111993.9   20163.5   25380.7 ]
[24-11-01 12:11:28] 2      -8170.64 [    42276.2  111993.9   20163.5   25380.7 ]
[24-11-01 12:11:28] 3      -8171.27 [    42277.2  111993.9   20163.5   25380.7 ]
[24-11-01 12:11:28] 4      -8169.62 [    42274.6  111993.9   20163.5   25380.7 ]
[24-11-01 12:11:28] 5      -8058.75 [    42098.3  111993.9   20163.5   25380.7 ]
[24-11-01 12:11:28] 6      -2332.34 [    22874.4  111993.9   20163.5   25380.7 ]
[24-11-01 12:11:29] 7      -1945.69 [    23750.5  111993.9   20163.5   25380.7 ]
[24-11-01 12:11:29] 8      -2153.41 [    30758.7  111993.9   20163.5   25380.7 ]
[24-11-01 12:11:29] 9      -1440.53 [    26427.4  111993.9   20163.5   25380.7 ]
[24-11-01 12:11:29] 10      -1441.1 [    26960.7  111993.9   20163.5   25380.7 ]
[24-11-01 12:11:29] 11     -1446.11 [    26269.0  111993.9   20163.5   25380.7 ]
[24-11-01 12:11:29] 12     -1437.62 [    26585.9  111993.9   20163.5   25380.7 ]
[24-11-01 12:11:29] 13     -1437.33 [    26742.8  111993.9   20163.5   25380.7 ]
[24-11-01 12:11:30] 14     -1437.33 [    26742.8  111993.9   20163.5   25380.7 ]
[24-11-01 12:11:30] 15     -1437.31 [    26742.8  111994.9   20163.5   25380.7 ]
[24-11-01 12:11:30] 16     -1437.26 [    26742.8  111996.5   20163.5   25380.7 ]
[24-11-01 12:11:30] 17     -1432.62 [    26742.8  112172.9   20163.5   25380.7 ]
[24-11-01 12:11:30] 18     -1014.71 [    26742.8  131396.8   20163.5   25380.7 ]
[24-11-01 12:11:30] 19      -716.94 [    26742.8  167547.7   20163.5   25380.7 ]
[24-11-01 12:11:31] 20     -1653.34 [    26742.8  226041.1   20163.5   25380.7 ]
[24-11-01 12:11:31] 21      -862.72 [    26742.8  189890.1   20163.5   25380.7 ]
[24-11-01 12:11:31] 22      -754.02 [    26742.8  153739.2   20163.5   25380.7 ]
[24-11-01 12:11:31] 23      -716.31 [    26742.8  165913.5   20163.5   25380.7 ]
[24-11-01 12:11:31] 24      -716.37 [    26742.8  166452.7   20163.5   25380.7 ]
[24-11-01 12:11:31] 25       -716.4 [    26742.8  165374.3   20163.5   25380.7 ]
[24-11-01 12:11:31] 26      -716.31 [    26742.8  165913.5   20163.5   25380.7 ]
[24-11-01 12:11:32] 27      -716.24 [    26742.8  165913.5   20164.5   25380.7 ]
[24-11-01 12:11:32] 28      -716.12 [    26742.8  165913.5   20166.1   25380.7 ]
[24-11-01 12:11:32] 29      -703.65 [    26742.8  165913.5   20342.4   25380.7 ]
[24-11-01 12:11:32] 30      -595.37 [    26742.8  165913.5   22987.6   25380.7 ]
[24-11-01 12:11:32] 31      -611.81 [    26742.8  165913.5   27267.5   25380.7 ]
[24-11-01 12:11:32] 32      -581.86 [    26742.8  165913.5   24622.4   25380.7 ]
[24-11-01 12:11:33] 33      -587.15 [    26742.8  165913.5   25632.7   25380.7 ]
[24-11-01 12:11:33] 34      -581.84 [    26742.8  165913.5   24577.8   25380.7 ]
[24-11-01 12:11:33] 35      -581.84 [    26742.8  165913.5   24533.6   25380.7 ]
[24-11-01 12:11:33] 36      -583.74 [    26742.8  165913.5   23943.1   25380.7 ]
[24-11-01 12:11:33] 37      -581.86 [    26742.8  165913.5   24489.9   25380.7 ]
[24-11-01 12:11:33] 38      -581.84 [    26742.8  165913.5   24533.6   25380.7 ]
[24-11-01 12:11:34] 39      -581.89 [    26742.8  165913.5   24533.6   25381.7 ]
[24-11-01 12:11:34] 40      -581.76 [    26742.8  165913.5   24533.6   25379.1 ]
[24-11-01 12:11:34] 41      -573.64 [    26742.8  165913.5   24533.6   25202.7 ]
[24-11-01 12:11:34] 42      -537.52 [    26742.8  165913.5   24533.6   23121.8 ]
[24-11-01 12:11:34] 43      -846.56 [    26742.8  165913.5   24533.6   19754.6 ]
[24-11-01 12:11:34] 44      -587.63 [    26742.8  165913.5   24533.6   21835.6 ]
[24-11-01 12:11:35] 45      -536.83 [    26742.8  165913.5   24533.6   23916.6 ]
[24-11-01 12:11:35] 46      -534.63 [    26742.8  165913.5   24533.6   23542.7 ]
[24-11-01 12:11:35] 47      -534.64 [    26742.8  165913.5   24533.6   23561.1 ]
[24-11-01 12:11:35] 48      -534.64 [    26742.8  165913.5   24533.6   23524.3 ]
[24-11-01 12:11:35] 49    -18871.54 [    11209.4  219833.1   28903.8   21704.7 ]
[24-11-01 12:11:35] 50      -534.63 [    26742.8  165913.5   24533.6   23542.7 ]
[24-11-01 12:11:35] 51      -534.78 [    26743.8  165913.5   24533.6   23542.7 ]
[24-11-01 12:11:36] 52       -534.4 [    26741.2  165913.5   24533.6   23542.7 ]
[24-11-01 12:11:36] 53      -510.14 [    26564.8  165913.5   24533.6   23542.7 ]
[24-11-01 12:11:36] 54      -423.03 [    25077.6  165913.5   24533.6   23542.7 ]
[24-11-01 12:11:36] 55      -828.09 [    22671.1  165913.5   24533.6   23542.7 ]
[24-11-01 12:11:36] 56      -488.56 [    24158.4  165913.5   24533.6   23542.7 ]
[24-11-01 12:11:36] 57      -430.14 [    25645.7  165913.5   24533.6   23542.7 ]
[24-11-01 12:11:37] 58      -421.55 [    25250.5  165913.5   24533.6   23542.7 ]
[24-11-01 12:11:37] 59      -421.54 [    25235.6  165913.5   24533.6   23542.7 ]
[24-11-01 12:11:37] 60      -421.57 [    25220.5  165913.5   24533.6   23542.7 ]
[24-11-01 12:11:37] 61      -421.54 [    25235.6  165913.5   24533.6   23542.7 ]
[24-11-01 12:11:37] 62      -421.54 [    25235.6  165914.5   24533.6   23542.7 ]
[24-11-01 12:11:37] 63      -421.54 [    25235.6  165911.9   24533.6   23542.7 ]
[24-11-01 12:11:38] 64      -421.51 [    25235.6  165735.5   24533.6   23542.7 ]
[24-11-01 12:11:38] 65       -421.5 [    25235.6  165516.7   24533.6   23542.7 ]
[24-11-01 12:11:38] 66      -421.54 [    25235.6  165162.6   24533.6   23542.7 ]
[24-11-01 12:11:38] 67      -421.51 [    25235.6  165381.4   24533.6   23542.7 ]
[24-11-01 12:11:38] 68       -421.5 [    25235.6  165600.3   24533.6   23542.7 ]
[24-11-01 12:11:38] 69       -421.5 [    25235.6  165512.7   24533.6   23542.7 ]
[24-11-01 12:11:39] 70       -421.5 [    25235.6  165520.7   24533.6   23542.7 ]
[24-11-01 12:11:39] 71       -421.5 [    25235.6  165516.7   24533.6   23542.7 ]
[24-11-01 12:11:39] 72       -421.5 [    25235.6  165516.7   24534.6   23542.7 ]
[24-11-01 12:11:39] 73      -421.49 [    25235.6  165516.7   24536.3   23542.7 ]
[24-11-01 12:11:39] 74      -420.88 [    25235.6  165516.7   24712.6   23542.7 ]
[24-11-01 12:11:39] 75      -420.48 [    25235.6  165516.7   24996.8   23542.7 ]
[24-11-01 12:11:40] 76      -421.28 [    25235.6  165516.7   25456.7   23542.7 ]
[24-11-01 12:11:40] 77      -420.59 [    25235.6  165516.7   25172.5   23542.7 ]
[24-11-01 12:11:40] 78      -420.55 [    25235.6  165516.7   24888.3   23542.7 ]
[24-11-01 12:11:40] 79      -420.48 [    25235.6  165516.7   25015.8   23542.7 ]
[24-11-01 12:11:40] 80      -420.48 [    25235.6  165516.7   25011.0   23542.7 ]
[24-11-01 12:11:41] 81      -420.48 [    25235.6  165516.7   25020.6   23542.7 ]
[24-11-01 12:11:41] 82      -420.48 [    25235.6  165516.7   25015.8   23542.7 ]
[24-11-01 12:11:41] 83      -420.48 [    25235.6  165516.7   25015.8   23543.7 ]
[24-11-01 12:11:41] 84      -420.48 [    25235.6  165516.7   25015.8   23545.3 ]
[24-11-01 12:11:41] 85       -420.4 [    25235.6  165516.7   25015.8   23616.8 ]
[24-11-01 12:11:41] 86      -420.59 [    25235.6  165516.7   25015.8   23732.5 ]
[24-11-01 12:11:42] 87      -420.43 [    25235.6  165516.7   25015.8   23661.0 ]
[24-11-01 12:11:42] 88      -420.41 [    25235.6  165516.7   25015.8   23589.5 ]
[24-11-01 12:11:42] 89       -420.4 [    25235.6  165516.7   25015.8   23617.6 ]
[24-11-01 12:11:42] 90       -420.4 [    25235.6  165516.7   25015.8   23618.3 ]
[24-11-01 12:11:42] 91      -541.53 [    23728.3  165119.8   25498.0   23692.4 ]
[24-11-01 12:11:42] 92       -420.4 [    25235.6  165516.7   25015.8   23617.6 ]
[24-11-01 12:11:43] 93       -420.4 [    25236.6  165516.7   25015.8   23617.6 ]
[24-11-01 12:11:43] 94      -420.39 [    25233.9  165516.7   25015.8   23617.6 ]
[24-11-01 12:11:43] 95      -420.33 [    25200.7  165516.7   25015.8   23617.6 ]
[24-11-01 12:11:43] 96      -420.49 [    25147.0  165516.7   25015.8   23617.6 ]
[24-11-01 12:11:43] 97      -420.36 [    25180.2  165516.7   25015.8   23617.6 ]
[24-11-01 12:11:43] 98      -420.34 [    25213.4  165516.7   25015.8   23617.6 ]
[24-11-01 12:11:44] 99      -420.33 [    25201.1  165516.7   25015.8   23617.6 ]
[24-11-01 12:11:44] 100     -420.33 [    25200.4  165516.7   25015.8   23617.6 ]
[24-11-01 12:11:44] 101     -420.33 [    25200.7  165516.7   25015.8   23617.6 ]
[24-11-01 12:11:44] 102     -420.33 [    25200.7  165517.7   25015.8   23617.6 ]
[24-11-01 12:11:44] 103     -420.33 [    25200.7  165519.3   25015.8   23617.6 ]
[24-11-01 12:11:45] 104      -420.3 [    25200.7  165695.7   25015.8   23617.6 ]
[24-11-01 12:11:45] 105     -420.29 [    25200.7  165910.0   25015.8   23617.6 ]
[24-11-01 12:11:45] 106     -420.32 [    25200.7  166256.8   25015.8   23617.6 ]
[24-11-01 12:11:45] 107      -420.3 [    25200.7  166042.5   25015.8   23617.6 ]
[24-11-01 12:11:45] 108     -420.29 [    25200.7  165828.1   25015.8   23617.6 ]
[24-11-01 12:11:45] 109     -420.29 [    25200.7  165906.1   25015.8   23617.6 ]
[24-11-01 12:11:46] 110     -420.29 [    25200.7  165913.9   25015.8   23617.6 ]
[24-11-01 12:11:46] 111     -420.29 [    25200.7  165910.0   25015.8   23617.6 ]
[24-11-01 12:11:46] 112     -420.29 [    25200.7  165910.0   25016.8   23617.6 ]
[24-11-01 12:11:46] 113     -420.29 [    25200.7  165910.0   25018.4   23617.6 ]
[24-11-01 12:11:46] 114     -420.25 [    25200.7  165910.0   25115.2   23617.6 ]
[24-11-01 12:11:46] 115     -420.35 [    25200.7  165910.0   25271.8   23617.6 ]
[24-11-01 12:11:47] 116     -420.26 [    25200.7  165910.0   25175.0   23617.6 ]
[24-11-01 12:11:47] 117     -420.26 [    25200.7  165910.0   25078.2   23617.6 ]
[24-11-01 12:11:47] 118     -420.25 [    25200.7  165910.0   25116.3   23617.6 ]
[24-11-01 12:11:47] 119     -420.25 [    25200.7  165910.0   25117.4   23617.6 ]
[24-11-01 12:11:47] 120     -420.25 [    25200.7  165910.0   25116.3   23617.6 ]
[24-11-01 12:11:48] 121     -420.25 [    25200.7  165910.0   25116.3   23618.6 ]
[24-11-01 12:11:48] 122     -420.24 [    25200.7  165910.0   25116.3   23620.2 ]
[24-11-01 12:11:48] 123     -420.19 [    25200.7  165910.0   25116.3   23683.6 ]
[24-11-01 12:11:48] 124     -420.34 [    25200.7  165910.0   25116.3   23786.3 ]
[24-11-01 12:11:48] 125     -420.21 [    25200.7  165910.0   25116.3   23722.9 ]
[24-11-01 12:11:48] 126     -420.19 [    25200.7  165910.0   25116.3   23659.4 ]
[24-11-01 12:11:49] 127     -420.19 [    25200.7  165910.0   25116.3   23684.3 ]
[24-11-01 12:11:49] 128     -420.19 [    25200.7  165910.0   25116.3   23685.0 ]
[24-11-01 12:11:49] 129      -420.0 [    25165.9  166303.3   25216.9   23751.0 ]
[24-11-01 12:11:49] 130     -420.19 [    25200.7  165910.0   25116.3   23684.3 ]
[24-11-01 12:11:49] 131      -420.0 [    25165.9  166303.3   25216.9   23751.0 ]
[24-11-01 12:11:50] 132     -419.75 [    25109.5  166939.7   25379.5   23859.0 ]
[24-11-01 12:11:50] 133     -419.41 [    24930.3  168963.8   25896.9   24202.5 ]
[24-11-01 12:11:50] 134     -420.38 [    24640.4  172238.7   26733.9   24758.1 ]
[24-11-01 12:11:50] 135     -419.55 [    24819.6  170214.7   26216.6   24414.7 ]
[24-11-01 12:11:50] 136     -419.45 [    24998.8  168190.7   25699.3   24071.3 ]
[24-11-01 12:11:50] 137     -419.41 [    24934.1  168921.4   25886.0   24195.3 ]
[24-11-01 12:11:51] 138     -419.41 [    24936.8  168891.3   25878.3   24190.2 ]
[24-11-01 12:11:51] 139     -419.41 [    24934.1  168921.4   25886.0   24195.3 ]
[24-11-01 12:11:51] 140     -419.41 [    24934.1  168921.4   25886.0   24196.3 ]
[24-11-01 12:11:51] 141     -419.41 [    24934.1  168921.4   25886.0   24193.7 ]
[24-11-01 12:11:51] 142     -419.41 [    24934.1  168921.4   25886.0   24193.9 ]
[24-11-01 12:11:51] 143     -419.41 [    24934.1  168921.4   25886.0   24194.4 ]
[24-11-01 12:11:52] 144     -419.41 [    24934.1  168921.4   25886.0   24194.1 ]
[24-11-01 12:11:52] 145     -419.41 [    24934.1  168921.4   25886.0   24193.9 ]
[24-11-01 12:11:52] 146     -419.41 [    24934.1  168921.4   25886.0   24193.9 ]
[24-11-01 12:11:52] 147     -419.41 [    24934.1  168921.4   25886.0   24193.9 ]
[24-11-01 12:11:52] 148     -419.41 [    24934.1  168922.4   25886.0   24193.9 ]
[24-11-01 12:11:52] 149      -419.4 [    24934.1  168924.0   25886.0   24193.9 ]
[24-11-01 12:11:53] 150     -419.29 [    24934.1  169100.4   25886.0   24193.9 ]
[24-11-01 12:11:53] 151     -418.92 [    24934.1  170289.8   25886.0   24193.9 ]
[24-11-01 12:11:53] 152     -419.89 [    24934.1  172214.4   25886.0   24193.9 ]
[24-11-01 12:11:53] 153     -419.06 [    24934.1  171024.9   25886.0   24193.9 ]
[24-11-01 12:11:53] 154     -418.97 [    24934.1  169835.5   25886.0   24193.9 ]
[24-11-01 12:11:53] 155     -418.92 [    24934.1  170276.1   25886.0   24193.9 ]
[24-11-01 12:11:54] 156     -418.92 [    24934.1  170303.5   25886.0   24193.9 ]
[24-11-01 12:11:54] 157     -418.92 [    24934.1  170289.8   25886.0   24193.9 ]
[24-11-01 12:11:54] 158     -418.92 [    24934.1  170289.8   25887.0   24193.9 ]
[24-11-01 12:11:54] 159     -418.92 [    24934.1  170289.8   25884.4   24193.9 ]
[24-11-01 12:11:54] 160     -418.91 [    24934.1  170289.8   25853.5   24193.9 ]
[24-11-01 12:11:55] 161     -418.92 [    24934.1  170289.8   25803.4   24193.9 ]
[24-11-01 12:11:55] 162     -418.91 [    24934.1  170289.8   25834.3   24193.9 ]
[24-11-01 12:11:55] 163     -418.91 [    24934.1  170289.8   25865.3   24193.9 ]
[24-11-01 12:11:55] 164     -418.91 [    24934.1  170289.8   25853.8   24193.9 ]
[24-11-01 12:11:55] 165     -418.91 [    24934.1  170289.8   25853.1   24193.9 ]
[24-11-01 12:11:55] 166     -418.91 [    24934.1  170289.8   25853.5   24193.9 ]
[24-11-01 12:11:56] 167     -418.93 [    24667.4  173301.2   26623.1   24704.9 ]
[24-11-01 12:11:56] 168     -422.19 [    25365.5  165417.3   24608.1   23367.1 ]
[24-11-01 12:11:56] 169     -419.69 [    25098.9  168428.7   25377.8   23878.1 ]
[24-11-01 12:11:56] 170     -418.73 [    24832.2  171440.1   26147.4   24389.1 ]
[24-11-01 12:11:56] 171     -418.72 [    24802.8  171772.1   26232.3   24445.4 ]
[24-11-01 12:11:56] 172     -418.72 [    24804.2  171757.3   26228.5   24442.9 ]
[24-11-01 12:11:57] 173     -418.72 [    24805.5  171742.6   26224.8   24440.4 ]
[24-11-01 12:11:57] 174     -419.43 [    24407.6  177604.5   27340.7   25201.5 ]
[24-11-01 12:11:57] 175     -418.72 [    24804.2  171757.3   26228.5   24442.9 ]
[24-11-01 12:11:57] 176     -418.72 [    24804.2  171757.3   26228.5   24443.9 ]
[24-11-01 12:11:57] 177     -418.71 [    24804.2  171757.3   26228.5   24445.5 ]
[24-11-01 12:11:58] 178     -418.48 [    24804.2  171757.3   26228.5   24576.6 ]
[24-11-01 12:11:58] 179     -419.05 [    24804.2  171757.3   26228.5   24788.7 ]
[24-11-01 12:11:58] 180     -418.56 [    24804.2  171757.3   26228.5   24657.6 ]
[24-11-01 12:11:58] 181     -418.51 [    24804.2  171757.3   26228.5   24526.5 ]
[24-11-01 12:11:58] 182     -418.47 [    24804.2  171757.3   26228.5   24578.7 ]
[24-11-01 12:11:58] 183     -418.48 [    24804.2  171757.3   26228.5   24580.1 ]
[24-11-01 12:11:59] 184     -418.47 [    24804.2  171757.3   26228.5   24578.7 ]
[24-11-01 12:11:59] 185     -418.47 [    24804.2  171758.3   26228.5   24578.7 ]
[24-11-01 12:11:59] 186     -418.47 [    24804.2  171759.9   26228.5   24578.7 ]
[24-11-01 12:11:59] 187     -418.36 [    24804.2  171936.3   26228.5   24578.7 ]
[24-11-01 12:11:59] 188     -418.03 [    24804.2  173070.0   26228.5   24578.7 ]
[24-11-01 12:11:59] 189      -418.9 [    24804.2  174904.5   26228.5   24578.7 ]
[24-11-01 12:12:00] 190     -418.16 [    24804.2  173770.8   26228.5   24578.7 ]
[24-11-01 12:12:00] 191     -418.08 [    24804.2  172637.0   26228.5   24578.7 ]
[24-11-01 12:12:00] 192     -418.03 [    24804.2  173056.9   26228.5   24578.7 ]
[24-11-01 12:12:00] 193     -418.03 [    24804.2  173083.2   26228.5   24578.7 ]
[24-11-01 12:12:00] 194     -418.03 [    24804.2  173070.0   26228.5   24578.7 ]
[24-11-01 12:12:01] 195     -418.03 [    24804.2  173070.0   26229.5   24578.7 ]
[24-11-01 12:12:01] 196     -418.03 [    24804.2  173070.0   26231.1   24578.7 ]
[24-11-01 12:12:01] 197     -418.02 [    24804.2  173070.0   26283.1   24578.7 ]
[24-11-01 12:12:01] 198     -418.05 [    24804.2  173070.0   26367.2   24578.7 ]
[24-11-01 12:12:01] 199     -418.03 [    24804.2  173070.0   26315.2   24578.7 ]
[24-11-01 12:12:01] 200     -418.02 [    24804.2  173070.0   26263.3   24578.7 ]
[24-11-01 12:12:02] 201     -418.02 [    24804.2  173070.0   26283.6   24578.7 ]
[24-11-01 12:12:02] 202     -418.02 [    24804.2  173070.0   26284.2   24578.7 ]
[24-11-01 12:12:02] 203     -418.02 [    24804.2  173070.0   26283.6   24578.7 ]
[24-11-01 12:12:02] 204     -418.12 [    24537.5  176081.5   27053.3   25089.7 ]
[24-11-01 12:12:02] 205     -421.21 [    25235.6  168197.5   25038.3   23751.9 ]
[24-11-01 12:12:03] 206     -418.76 [    24968.9  171208.9   25808.0   24262.9 ]
[24-11-01 12:12:03] 207     -417.87 [    24702.3  174220.3   26577.6   24773.9 ]
[24-11-01 12:12:03] 208     -417.87 [    24685.7  174407.3   26625.4   24805.6 ]
[24-11-01 12:12:03] 209     -417.87 [    24686.9  174393.9   26622.0   24803.3 ]
[24-11-01 12:12:03] 210     -417.87 [    24688.1  174380.7   26618.6   24801.1 ]
[24-11-01 12:12:03] 211     -417.03 [    24569.7  177030.6   27015.5   25163.8 ]
[24-11-01 12:12:04] 212     -417.87 [    24686.9  174393.9   26622.0   24803.3 ]
[24-11-01 12:12:04] 213     -417.03 [    24569.7  177030.6   27015.5   25163.8 ]
[24-11-01 12:12:04] 214     -415.73 [    24380.0  181296.8   27652.2   25747.1 ]
[24-11-01 12:12:04] 216     -406.45 [    22749.2  217980.3   33127.0   30762.1 ]
[24-11-01 12:12:04] 217     -402.18 [    21741.2  240651.9   36510.6   33861.6 ]
[24-11-01 12:12:04] 219     -403.68 [    22126.2  231992.1   35218.2   32677.7 ]
[24-11-01 12:12:05] 220     -401.34 [    21503.3  246004.0   37309.4   34593.3 ]
[24-11-01 12:12:05] 221     -400.85 [    21356.2  249311.7   37803.0   35045.5 ]
[24-11-01 12:12:05] 223     -401.03 [    21412.4  248048.3   37614.5   34872.8 ]
[24-11-01 12:12:05] 225     -400.85 [    21356.2  249311.7   37803.0   35045.5 ]
[24-11-01 12:12:05] 226     -400.84 [    21356.2  249311.7   37803.0   35046.5 ]
[24-11-01 12:12:06] 227     -400.83 [    21356.2  249311.7   37803.0   35048.1 ]
[24-11-01 12:12:06] 228     -399.91 [    21356.2  249311.7   37803.0   35224.5 ]
[24-11-01 12:12:06] 229     -399.26 [    21356.2  249311.7   37803.0   35532.6 ]
[24-11-01 12:12:06] 230     -400.67 [    21356.2  249311.7   37803.0   36031.0 ]
[24-11-01 12:12:06] 231     -399.45 [    21356.2  249311.7   37803.0   35723.0 ]
[24-11-01 12:12:06] 232     -399.36 [    21356.2  249311.7   37803.0   35414.9 ]
[24-11-01 12:12:07] 233     -399.26 [    21356.2  249311.7   37803.0   35547.3 ]
[24-11-01 12:12:07] 234     -399.26 [    21356.2  249311.7   37803.0   35542.3 ]
[24-11-01 12:12:07] 235     -399.26 [    21356.2  249311.7   37803.0   35552.3 ]
[24-11-01 12:12:07] 236     -399.26 [    21356.2  249311.7   37803.0   35547.3 ]
[24-11-01 12:12:07] 238     -399.72 [    21787.6  244439.2   36557.7   34720.5 ]
[24-11-01 12:12:07] 239     -398.71 [    21521.0  247450.6   37327.4   35231.5 ]
[24-11-01 12:12:08] 240     -398.83 [    21622.8  246300.3   37033.4   35036.3 ]
[24-11-01 12:12:08] 241     -398.71 [    21537.6  247262.9   37279.4   35199.6 ]
[24-11-01 12:12:08] 242     -398.71 [    21535.8  247283.3   37284.6   35203.1 ]
[24-11-01 12:12:08] 243     -398.71 [    21539.4  247242.4   37274.1   35196.2 ]
[24-11-01 12:12:08] 244     -398.71 [    21537.6  247262.9   37279.4   35199.6 ]
[24-11-01 12:12:09] 245     -398.71 [    21537.6  247262.9   37280.4   35199.6 ]
[24-11-01 12:12:09] 246      -398.7 [    21537.6  247262.9   37282.0   35199.6 ]
[24-11-01 12:12:09] 247     -398.34 [    21537.6  247262.9   37458.4   35199.6 ]
[24-11-01 12:12:09] 248     -397.94 [    21537.6  247262.9   37905.7   35199.6 ]
[24-11-01 12:12:09] 249     -398.77 [    21537.6  247262.9   38629.6   35199.6 ]
[24-11-01 12:12:09] 250     -398.05 [    21537.6  247262.9   38182.2   35199.6 ]
[24-11-01 12:12:10] 251     -398.01 [    21537.6  247262.9   37734.9   35199.6 ]
[24-11-01 12:12:10] 252     -397.94 [    21537.6  247262.9   37930.9   35199.6 ]
[24-11-01 12:12:10] 253     -397.94 [    21537.6  247262.9   37924.4   35199.6 ]
[24-11-01 12:12:10] 254     -397.94 [    21537.6  247262.9   37937.5   35199.6 ]
[24-11-01 12:12:10] 255     -397.94 [    21537.6  247262.9   37930.9   35199.6 ]
[24-11-01 12:12:11] 257     -445.95 [    26926.8  126043.3   19839.7   18627.4 ]
[24-11-01 12:12:11] 258     -409.02 [    23596.1  200961.1   31020.7   28869.6 ]
[24-11-01 12:12:11] 260     -402.87 [    22566.9  224112.0   34475.8   32034.6 ]
[24-11-01 12:12:11] 262     -399.69 [    21930.8  238420.0   36611.2   33990.7 ]
[24-11-01 12:12:11] 264     -398.59 [    21687.8  243885.2   37426.9   34737.9 ]
[24-11-01 12:12:11] 265     -397.65 [    21466.7  248857.6   38168.9   35417.7 ]
[24-11-01 12:12:12] 266     -397.46 [    21422.9  249843.2   38316.0   35552.4 ]
[24-11-01 12:12:12] 268     -397.53 [    21439.6  249466.7   38259.9   35500.9 ]
[24-11-01 12:12:12] 270     -397.49 [    21429.3  249699.4   38294.6   35532.7 ]
[24-11-01 12:12:12] 271     -397.45 [    21419.0  249932.0   38329.3   35564.6 ]
[24-11-01 12:12:12] 272     -397.44 [    21416.5  249987.0   38337.5   35572.1 ]
[24-11-01 12:12:12] 274     -397.44 [    21417.7  249959.7   38333.4   35568.3 ]
[24-11-01 12:12:13] 276     -397.44 [    21416.5  249987.0   38337.5   35572.1 ]
[24-11-01 12:12:13] 277     -397.44 [    21416.5  249987.0   38337.5   35573.1 ]
[24-11-01 12:12:13] 278     -397.43 [    21416.5  249987.0   38337.5   35574.7 ]
[24-11-01 12:12:13] 279     -397.25 [    21416.5  249987.0   38337.5   35746.8 ]
[24-11-01 12:12:13] 280     -397.71 [    21416.5  249987.0   38337.5   36025.4 ]
[24-11-01 12:12:14] 281     -397.31 [    21416.5  249987.0   38337.5   35853.2 ]
[24-11-01 12:12:14] 282     -397.27 [    21416.5  249987.0   38337.5   35681.1 ]
[24-11-01 12:12:14] 283     -397.25 [    21416.5  249987.0   38337.5   35749.3 ]
[24-11-01 12:12:14] 284     -397.25 [    21416.5  249987.0   38337.5   35751.1 ]
[24-11-01 12:12:14] 285     -397.25 [    21416.5  249987.0   38337.5   35749.3 ]
[24-11-01 12:12:14] 287      -400.4 [    21847.9  245114.4   37092.1   34922.6 ]
[24-11-01 12:12:15] 288     -397.76 [    21581.3  248125.8   37861.8   35433.5 ]
[24-11-01 12:12:15] 290     -397.39 [    21498.9  249056.4   38099.7   35591.4 ]
[24-11-01 12:12:15] 292     -397.28 [    21448.0  249631.5   38246.7   35689.0 ]
[24-11-01 12:12:15] 294     -397.25 [    21428.5  249851.2   38302.8   35726.3 ]
[24-11-01 12:12:15] 297     -397.25 [    21421.1  249935.1   38324.2   35740.5 ]
[24-11-01 12:12:16] 299     -397.25 [    21418.3  249967.1   38332.4   35746.0 ]
[24-11-01 12:12:16] 300     -397.24 [    21415.7  249995.8   38339.8   35750.8 ]
[24-11-01 12:12:16] 302     -397.24 [    21416.0  249992.4   38338.9   35750.3 ]
[24-11-01 12:12:16] 303     -397.24 [    21415.5  249997.9   38340.3   35751.2 ]
[24-11-01 12:12:16] 304     -397.24 [    21415.4  249999.2   38340.6   35751.4 ]
[24-11-01 12:12:16] 305     -397.24 [    21415.4  250000.0   38340.8   35751.5 ]
[24-11-01 12:12:17] 307     -397.24 [    21415.4  249999.7   38340.8   35751.5 ]
[24-11-01 12:12:17] 309     -397.24 [    21415.4  249999.9   38340.8   35751.5 ]
[24-11-01 12:12:17] 310     -397.24 [    21415.4  250000.0   38340.8   35751.5 ]
[24-11-01 12:12:17] 311     -397.24 [    21415.4  250000.0   38341.8   35751.5 ]
[24-11-01 12:12:17] 312     -397.24 [    21415.4  250000.0   38343.5   35751.5 ]
[24-11-01 12:12:17] 313     -397.19 [    21415.4  250000.0   38513.3   35751.5 ]
[24-11-01 12:12:18] 314     -397.32 [    21415.4  250000.0   38788.2   35751.5 ]
[24-11-01 12:12:18] 315     -397.21 [    21415.4  250000.0   38618.3   35751.5 ]
[24-11-01 12:12:18] 316      -397.2 [    21415.4  250000.0   38448.5   35751.5 ]
[24-11-01 12:12:18] 317     -397.19 [    21415.4  250000.0   38515.6   35751.5 ]
[24-11-01 12:12:18] 318     -397.19 [    21415.4  250000.0   38517.4   35751.5 ]
[24-11-01 12:12:19] 319     -397.19 [    21415.4  250000.0   38515.6   35751.5 ]
[24-11-01 12:12:19] 321     -448.24 [    26804.6  128780.5   20424.3   19179.3 ]
[24-11-01 12:12:19] 322     -408.65 [    23473.9  203698.2   31605.4   29421.5 ]
[24-11-01 12:12:19] 324     -402.25 [    22444.6  226849.1   35060.5   32586.5 ]
[24-11-01 12:12:19] 326     -398.98 [    21808.5  241157.1   37195.9   34542.6 ]
[24-11-01 12:12:19] 328     -397.85 [    21565.5  246622.3   38011.5   35289.8 ]
[24-11-01 12:12:20] 330     -397.44 [    21472.7  248709.8   38323.1   35575.2 ]
[24-11-01 12:12:20] 332     -397.29 [    21437.3  249507.2   38442.1   35684.2 ]
[24-11-01 12:12:20] 334     -397.23 [    21423.7  249811.8   38487.5   35725.8 ]
[24-11-01 12:12:20] 336     -397.21 [    21418.6  249928.1   38504.9   35741.7 ]
[24-11-01 12:12:20] 338      -397.2 [    21416.6  249972.5   38511.5   35747.8 ]
[24-11-01 12:12:20] 340     -397.19 [    21415.8  249989.5   38514.1   35750.1 ]
[24-11-01 12:12:21] 342     -397.19 [    21415.5  249996.0   38515.0   35751.0 ]
[24-11-01 12:12:21] 344     -397.19 [    21415.4  249998.5   38515.4   35751.3 ]
[24-11-01 12:12:21] 346     -397.19 [    21415.4  249999.4   38515.5   35751.5 ]
[24-11-01 12:12:21] 348     -397.19 [    21415.4  249999.8   38515.6   35751.5 ]
[24-11-01 12:12:21] 350     -397.19 [    21415.4  249999.9   38515.6   35751.5 ]
[24-11-01 12:12:22] 352     -397.19 [    21415.4  250000.0   38515.6   35751.5 ]
[24-11-01 12:12:22] 354     -397.19 [    21415.4  250000.0   38515.6   35751.5 ]
[24-11-01 12:12:22] 355     -397.19 [    21415.4  250000.0   38515.6   35751.5 ]
[24-11-01 12:12:22] 356     -397.19 [    21415.4  250000.0   38515.6   35751.5 ]
[24-11-01 12:12:22] 357     -397.19 [    21415.4  250000.0   38515.6   35751.5 ]
[24-11-01 12:12:22] 358     -397.19 [    21415.4  250000.0   38515.6   35751.5 ]
[24-11-01 12:12:23] 359     -397.19 [    21415.4  250000.0   38515.6   35751.5 ]
[24-11-01 12:12:23] 360     -397.19 [    21415.4  250000.0   38515.6   35751.5 ]
[24-11-01 12:12:23] 361     -397.19 [    21415.4  250000.0   38515.6   35751.5 ]
[24-11-01 12:12:23] 363     -397.19 [    21415.4  250000.0   38515.6   35751.5 ]
[24-11-01 12:12:23] 365     -397.19 [    21415.4  250000.0   38515.6   35751.5 ]
[24-11-01 12:12:24] 366     -397.19 [    21415.4  250000.0   38515.6   35752.5 ]
[24-11-01 12:12:24] 367     -397.19 [    21415.4  250000.0   38515.6   35754.2 ]
[24-11-01 12:12:24] 368     -397.18 [    21415.4  250000.0   38515.6   35794.3 ]
[24-11-01 12:12:24] 369     -397.21 [    21415.4  250000.0   38515.6   35859.2 ]
[24-11-01 12:12:24] 370     -397.19 [    21415.4  250000.0   38515.6   35819.1 ]
[24-11-01 12:12:24] 371     -397.18 [    21415.4  250000.0   38515.6   35779.0 ]
[24-11-01 12:12:25] 372     -397.18 [    21415.4  250000.0   38515.6   35794.7 ]
[24-11-01 12:12:25] 373     -397.18 [    21415.4  250000.0   38515.6   35793.9 ]
[24-11-01 12:12:25] 374     -397.18 [    21415.4  250000.0   38515.6   35794.3 ]
[24-11-01 12:12:25] 376     -400.43 [    21846.8  245127.4   37270.3   34967.5 ]
[24-11-01 12:12:25] 377     -397.74 [    21580.1  248138.8   38039.9   35478.5 ]
[24-11-01 12:12:26] 379     -397.35 [    21497.8  249069.4   38277.8   35636.4 ]
[24-11-01 12:12:26] 381     -397.22 [    21446.8  249644.6   38424.8   35734.0 ]
[24-11-01 12:12:26] 383     -397.19 [    21427.4  249864.2   38480.9   35771.2 ]
[24-11-01 12:12:26] 385     -397.19 [    21419.9  249948.1   38502.4   35785.5 ]
[24-11-01 12:12:26] 387     -397.18 [    21417.1  249980.2   38510.6   35790.9 ]
[24-11-01 12:12:26] 389     -397.18 [    21416.0  249992.4   38513.7   35793.0 ]
[24-11-01 12:12:27] 391     -397.18 [    21415.6  249997.1   38514.9   35793.8 ]
[24-11-01 12:12:27] 393     -397.18 [    21415.5  249998.9   38515.3   35794.1 ]
[24-11-01 12:12:27] 395     -397.18 [    21415.4  249999.6   38515.5   35794.2 ]
[24-11-01 12:12:27] 397     -397.18 [    21415.4  249999.8   38515.6   35794.3 ]
[24-11-01 12:12:27] 399     -397.18 [    21415.4  249999.9   38515.6   35794.3 ]
[24-11-01 12:12:28] 401     -397.18 [    21415.4  250000.0   38515.6   35794.3 ]
[24-11-01 12:12:28] 403     -397.18 [    21415.4  250000.0   38515.6   35794.3 ]
[24-11-01 12:12:28] 405     -397.18 [    21415.4  250000.0   38515.6   35794.3 ]
[24-11-01 12:12:28] 407     -397.18 [    21415.4  250000.0   38515.6   35794.3 ]
[24-11-01 12:12:28] 409     -397.18 [    21415.4  250000.0   38515.6   35794.3 ]
[24-11-01 12:12:28] 411     -397.18 [    21415.4  250000.0   38515.6   35794.3 ]
[24-11-01 12:12:29] 413     -397.18 [    21415.4  250000.0   38515.6   35794.3 ]
[24-11-01 12:12:29] 414     -397.18 [    21415.4  250000.0   38515.6   35794.3 ]
[24-11-01 12:12:29] 415     -397.18 [    21415.4  250000.0   38515.6   35794.3 ]
[24-11-01 12:12:29] 416     -397.18 [    21415.4  250000.0   38515.6   35794.3 ]
[24-11-01 12:12:29] 417     -397.18 [    21415.4  250000.0   38515.6   35794.3 ]
[24-11-01 12:12:29] 418     -397.18 [    21415.4  250000.0   38515.6   35794.3 ]
[24-11-01 12:12:30] 420     -397.18 [    21415.4  250000.0   38515.6   35794.3 ]
[24-11-01 12:12:30] 422     -397.18 [    21415.4  250000.0   38515.6   35794.3 ]
[24-11-01 12:12:30] 423     -397.18 [    21415.4  250000.0   38515.6   35794.3 ]
[24-11-01 12:12:30] 424     -397.18 [    21415.4  250000.0   38516.6   35794.3 ]
[24-11-01 12:12:30] 425     -397.18 [    21415.4  250000.0   38518.2   35794.3 ]
[24-11-01 12:12:31] 426     -397.18 [    21415.4  250000.0   38553.3   35794.3 ]
[24-11-01 12:12:31] 427     -397.18 [    21415.4  250000.0   38610.1   35794.3 ]
[24-11-01 12:12:31] 428     -397.18 [    21415.4  250000.0   38575.0   35794.3 ]
[24-11-01 12:12:31] 429     -397.18 [    21415.4  250000.0   38539.9   35794.3 ]
[24-11-01 12:12:31] 430     -397.18 [    21415.4  250000.0   38553.7   35794.3 ]
[24-11-01 12:12:31] 431     -397.18 [    21415.4  250000.0   38553.0   35794.3 ]
[24-11-01 12:12:32] 432     -397.18 [    21415.4  250000.0   38553.3   35794.3 ]
[24-11-01 12:12:32] 434     -449.47 [    26804.6  128780.5   20462.1   19222.1 ]
[24-11-01 12:12:32] 435     -408.81 [    23473.9  203698.3   31643.1   29464.3 ]
[24-11-01 12:12:32] 437      -402.3 [    22444.6  226849.1   35098.2   32629.3 ]
[24-11-01 12:12:32] 439     -398.98 [    21808.5  241157.2   37233.6   34585.4 ]
[24-11-01 12:12:32] 441     -397.85 [    21565.5  246622.3   38049.2   35332.5 ]
[24-11-01 12:12:33] 443     -397.43 [    21472.7  248709.8   38360.8   35617.9 ]
[24-11-01 12:12:33] 445     -397.27 [    21437.3  249507.2   38479.8   35726.9 ]
[24-11-01 12:12:33] 447     -397.22 [    21423.7  249811.8   38525.2   35768.5 ]
[24-11-01 12:12:33] 449     -397.19 [    21418.6  249928.1   38542.6   35784.5 ]
[24-11-01 12:12:33] 451     -397.18 [    21416.6  249972.5   38549.2   35790.5 ]
[24-11-01 12:12:33] 453     -397.18 [    21415.8  249989.5   38551.8   35792.8 ]
[24-11-01 12:12:34] 455     -397.18 [    21415.5  249996.0   38552.7   35793.7 ]
[24-11-01 12:12:34] 457     -397.18 [    21415.4  249998.5   38553.1   35794.1 ]
[24-11-01 12:12:34] 459     -397.18 [    21415.4  249999.4   38553.2   35794.2 ]
[24-11-01 12:12:34] 461     -397.18 [    21415.4  249999.8   38553.3   35794.2 ]
[24-11-01 12:12:34] 463     -397.18 [    21415.4  249999.9   38553.3   35794.3 ]
[24-11-01 12:12:35] 465     -397.18 [    21415.4  250000.0   38553.3   35794.3 ]
[24-11-01 12:12:35] 467     -397.18 [    21415.4  250000.0   38553.3   35794.3 ]
[24-11-01 12:12:35] 469     -397.18 [    21415.4  250000.0   38553.3   35794.3 ]
[24-11-01 12:12:35] 471     -397.18 [    21415.4  250000.0   38553.3   35794.3 ]
[24-11-01 12:12:35] 473     -397.18 [    21415.4  250000.0   38553.3   35794.3 ]
[24-11-01 12:12:35] 475     -397.18 [    21415.4  250000.0   38553.3   35794.3 ]
[24-11-01 12:12:36] 477     -397.18 [    21415.4  250000.0   38553.3   35794.3 ]
[24-11-01 12:12:36] 479     -397.18 [    21415.4  250000.0   38553.3   35794.3 ]
[24-11-01 12:12:36] 481     -397.18 [    21415.4  250000.0   38553.3   35794.3 ]
[24-11-01 12:12:36] 483     -397.18 [    21415.4  250000.0   38553.3   35794.3 ]
[24-11-01 12:12:36] 485     -397.18 [    21415.4  250000.0   38553.3   35794.3 ]
[24-11-01 12:12:36] 487     -397.18 [    21415.4  250000.0   38553.3   35794.3 ]
Optimization terminated successfully.
         Current function value: 397.179169
         Iterations: 8
         Function evaluations: 487
[24-11-01 12:12:36] 487      fit p: [    21415.4  250000.0   38553.3   35794.3 ]
method: Powell
objective_func: objective_H2
fopt: -397.17916930425645
max_iter: 100
num_iter: 8
func_calls: 487
flag: 0
u_fitted: False
u: 1.111e-08
