[24-11-01 12:15:02] fitting objective_H2 to data for demes ['KhomaniSan', 'Yoruba']
[24-11-01 12:15:02] 0        pnames [        NA1       TA1        NK        NY ]
[24-11-01 12:15:02] 0            p0 [    27281.2  110580.6   16800.0   24083.2 ]
[24-11-01 12:15:03] 1      -9892.01 [    27281.2  110580.6   16800.0   24083.2 ]
[24-11-01 12:15:03] 2      -9892.01 [    27281.2  110580.6   16800.0   24083.2 ]
[24-11-01 12:15:03] 3      -9891.53 [    27282.2  110580.6   16800.0   24083.2 ]
[24-11-01 12:15:03] 4      -9890.76 [    27283.9  110580.6   16800.0   24083.2 ]
[24-11-01 12:15:03] 5       -9807.3 [    27460.2  110580.6   16800.0   24083.2 ]
[24-11-01 12:15:03] 6      -6192.85 [    39117.4  110580.6   16800.0   24083.2 ]
[24-11-01 12:15:04] 8      -5016.86 [    46321.9  110580.6   16800.0   24083.2 ]
[24-11-01 12:15:04] 10     -5543.25 [    42719.7  110580.6   16800.0   24083.2 ]
[24-11-01 12:15:04] 11     -4802.28 [    48022.7  110580.6   16800.0   24083.2 ]
[24-11-01 12:15:04] 12     -4678.96 [    49073.8  110580.6   16800.0   24083.2 ]
[24-11-01 12:15:04] 13     -4606.01 [    49723.5  110580.6   16800.0   24083.2 ]
[24-11-01 12:15:05] 15     -4633.59 [    49475.3  110580.6   16800.0   24083.2 ]
[24-11-01 12:15:05] 16     -4606.01 [    49723.5  110580.6   16800.0   24083.2 ]
[24-11-01 12:15:05] 17      -4606.0 [    49723.5  110581.6   16800.0   24083.2 ]
[24-11-01 12:15:05] 18     -4605.99 [    49723.5  110583.3   16800.0   24083.2 ]
[24-11-01 12:15:05] 19     -4604.34 [    49723.5  110759.6   16800.0   24083.2 ]
[24-11-01 12:15:05] 20     -4481.49 [    49723.5  129983.5   16800.0   24083.2 ]
[24-11-01 12:15:06] 21     -4460.29 [    49723.5  141475.4   16800.0   24083.2 ]
[24-11-01 12:15:06] 22     -4505.69 [    49723.5  160069.7   16800.0   24083.2 ]
[24-11-01 12:15:06] 23     -4466.17 [    49723.5  148577.8   16800.0   24083.2 ]
[24-11-01 12:15:06] 24     -4463.87 [    49723.5  137085.9   16800.0   24083.2 ]
[24-11-01 12:15:06] 25     -4460.23 [    49723.5  142130.5   16800.0   24083.2 ]
[24-11-01 12:15:06] 26     -4460.24 [    49723.5  141815.0   16800.0   24083.2 ]
[24-11-01 12:15:07] 27     -4460.25 [    49723.5  142446.0   16800.0   24083.2 ]
[24-11-01 12:15:07] 28     -4460.23 [    49723.5  142130.5   16800.0   24083.2 ]
[24-11-01 12:15:07] 29     -4459.99 [    49723.5  142130.5   16801.0   24083.2 ]
[24-11-01 12:15:07] 30     -4459.61 [    49723.5  142130.5   16802.6   24083.2 ]
[24-11-01 12:15:07] 31     -4418.25 [    49723.5  142130.5   16979.0   24083.2 ]
[24-11-01 12:15:08] 32     -3582.23 [    49723.5  142130.5   22500.8   24083.2 ]
[24-11-01 12:15:08] 33     -3085.46 [    49723.5  142130.5   31435.3   24083.2 ]
[24-11-01 12:15:08] 34     -3093.75 [    49723.5  142130.5   31163.1   24083.2 ]
[24-11-01 12:15:08] 35      -2874.3 [    49723.5  142130.5   45891.7   24083.2 ]
[24-11-01 12:15:08] 36     -2895.49 [    49723.5  142130.5   42830.8   24083.2 ]
[24-11-01 12:15:08] 37     -2836.49 [    49723.5  142130.5   69282.6   24083.2 ]
[24-11-01 12:15:09] 38     -2836.83 [    49723.5  142130.5   59942.0   24083.2 ]
[24-11-01 12:15:09] 40     -2848.14 [    49723.5  142130.5   83738.9   24083.2 ]
[24-11-01 12:15:09] 41     -2836.57 [    49723.5  142130.5   60348.1   24083.2 ]
[24-11-01 12:15:09] 42     -2835.39 [    49723.5  142130.5   64945.9   24083.2 ]
[24-11-01 12:15:09] 43     -2835.38 [    49723.5  142130.5   64464.5   24083.2 ]
[24-11-01 12:15:10] 44      -2835.4 [    49723.5  142130.5   63987.8   24083.2 ]
[24-11-01 12:15:10] 45     -2835.38 [    49723.5  142130.5   64464.5   24083.2 ]
[24-11-01 12:15:10] 46     -2835.36 [    49723.5  142130.5   64464.5   24084.2 ]
[24-11-01 12:15:10] 47     -2835.31 [    49723.5  142130.5   64464.5   24085.8 ]
[24-11-01 12:15:10] 48     -2830.65 [    49723.5  142130.5   64464.5   24262.2 ]
[24-11-01 12:15:10] 49     -2807.59 [    49723.5  142130.5   64464.5   25892.3 ]
[24-11-01 12:15:11] 50     -2827.06 [    49723.5  142130.5   64464.5   28529.7 ]
[24-11-01 12:15:11] 51     -2808.21 [    49723.5  142130.5   64464.5   26899.7 ]
[24-11-01 12:15:11] 52     -2812.48 [    49723.5  142130.5   64464.5   25269.6 ]
[24-11-01 12:15:11] 53     -2806.66 [    49723.5  142130.5   64464.5   26336.9 ]
[24-11-01 12:15:11] 54     -2806.66 [    49723.5  142130.5   64464.5   26314.3 ]
[24-11-01 12:15:12] 55     -2806.66 [    49723.5  142130.5   64464.5   26292.0 ]
[24-11-01 12:15:12] 57     -2806.66 [    49723.5  142130.5   64464.5   26314.3 ]
[24-11-01 12:15:12] 58     -2806.58 [    49724.5  142130.5   64464.5   26314.3 ]
[24-11-01 12:15:12] 59     -2806.45 [    49726.1  142130.5   64464.5   26314.3 ]
[24-11-01 12:15:12] 60     -2792.35 [    49902.4  142130.5   64464.5   26314.3 ]
[24-11-01 12:15:12] 67     -2797.72 [    49835.1  142130.5   64464.5   26314.3 ]
[24-11-01 12:15:13] 68     -2795.03 [    49868.8  142130.5   64464.5   26314.3 ]
[24-11-01 12:15:13] 69     -2787.94 [    49958.0  142130.5   64464.5   26314.3 ]
[24-11-01 12:15:13] 70     -2785.22 [    49992.3  142130.5   64464.5   26314.3 ]
[24-11-01 12:15:13] 72     -2786.26 [    49979.2  142130.5   64464.5   26314.3 ]
[24-11-01 12:15:13] 74     -2785.62 [    49987.3  142130.5   64464.5   26314.3 ]
[24-11-01 12:15:14] 75     -2784.97 [    49995.4  142130.5   64464.5   26314.3 ]
[24-11-01 12:15:14] 76     -2784.97 [    49995.4  142130.5   64464.5   26314.3 ]
[24-11-01 12:15:14] 77     -2784.96 [    49995.4  142131.5   64464.5   26314.3 ]
[24-11-01 12:15:14] 78     -2784.94 [    49995.4  142133.1   64464.5   26314.3 ]
[24-11-01 12:15:14] 79     -2782.79 [    49995.4  142309.5   64464.5   26314.3 ]
[24-11-01 12:15:14] 80     -2601.61 [    49995.4  161533.3   64464.5   26314.3 ]
[24-11-01 12:15:15] 81     -2519.04 [    49995.4  185091.0   64464.5   26314.3 ]
[24-11-01 12:15:15] 82     -2694.27 [    49995.4  223208.2   64464.5   26314.3 ]
[24-11-01 12:15:15] 83     -2542.05 [    49995.4  199650.5   64464.5   26314.3 ]
[24-11-01 12:15:15] 84     -2532.83 [    49995.4  176092.8   64464.5   26314.3 ]
[24-11-01 12:15:15] 85     -2518.83 [    49995.4  186390.1   64464.5   26314.3 ]
[24-11-01 12:15:16] 86     -2518.85 [    49995.4  185947.5   64464.5   26314.3 ]
[24-11-01 12:15:16] 87     -2518.86 [    49995.4  186832.7   64464.5   26314.3 ]
[24-11-01 12:15:16] 88     -2518.83 [    49995.4  186390.1   64464.5   26314.3 ]
[24-11-01 12:15:16] 89     -2518.84 [    49995.4  186390.1   64465.5   26314.3 ]
[24-11-01 12:15:16] 90     -2518.83 [    49995.4  186390.1   64462.8   26314.3 ]
[24-11-01 12:15:16] 91      -2518.4 [    49995.4  186390.1   64286.5   26314.3 ]
[24-11-01 12:15:17] 92     -2523.88 [    49995.4  186390.1   45604.0   26314.3 ]
[24-11-01 12:15:17] 93     -2505.59 [    49995.4  186390.1   57150.4   26314.3 ]
[24-11-01 12:15:17] 94     -2504.46 [    49995.4  186390.1   52740.1   26314.3 ]
[24-11-01 12:15:17] 95     -2504.05 [    49995.4  186390.1   53984.2   26314.3 ]
[24-11-01 12:15:17] 96     -2504.04 [    49995.4  186390.1   54259.5   26314.3 ]
[24-11-01 12:15:18] 97     -2504.04 [    49995.4  186390.1   54361.5   26314.3 ]
[24-11-01 12:15:18] 98     -2504.04 [    49995.4  186390.1   54157.4   26314.3 ]
[24-11-01 12:15:18] 99     -2504.04 [    49995.4  186390.1   54157.4   26314.3 ]
[24-11-01 12:15:18] 100    -2503.96 [    49995.4  186390.1   54157.4   26315.3 ]
[24-11-01 12:15:18] 101    -2503.84 [    49995.4  186390.1   54157.4   26317.0 ]
[24-11-01 12:15:18] 102    -2490.61 [    49995.4  186390.1   54157.4   26493.3 ]
[24-11-01 12:15:19] 103    -2336.53 [    49995.4  186390.1   54157.4   30014.5 ]
[24-11-01 12:15:19] 104    -2356.47 [    49995.4  186390.1   54157.4   35712.0 ]
[24-11-01 12:15:19] 105    -2316.66 [    49995.4  186390.1   54157.4   32190.8 ]
[24-11-01 12:15:19] 106    -2323.38 [    49995.4  186390.1   54157.4   33535.8 ]
[24-11-01 12:15:19] 107    -2316.68 [    49995.4  186390.1   54157.4   32249.5 ]
[24-11-01 12:15:20] 108    -2316.65 [    49995.4  186390.1   54157.4   32132.0 ]
[24-11-01 12:15:20] 109    -2319.44 [    49995.4  186390.1   54157.4   31323.2 ]
[24-11-01 12:15:20] 110    -2316.68 [    49995.4  186390.1   54157.4   32073.8 ]
[24-11-01 12:15:20] 112    -2316.65 [    49995.4  186390.1   54157.4   32132.0 ]
[24-11-01 12:15:20] 113    -2316.59 [    49996.4  186390.1   54157.4   32132.0 ]
[24-11-01 12:15:20] 114    -2316.48 [    49998.0  186390.1   54157.4   32132.0 ]
[24-11-01 12:15:21] 120    -2316.39 [    49999.4  186390.1   54157.4   32132.0 ]
[24-11-01 12:15:21] 121    -2316.44 [    49998.7  186390.1   54157.4   32132.0 ]
[24-11-01 12:15:21] 123    -2316.37 [    49999.8  186390.1   54157.4   32132.0 ]
[24-11-01 12:15:21] 124    -2316.35 [    50000.0  186390.1   54157.4   32132.0 ]
[24-11-01 12:15:21] 126    -2316.36 [    49999.9  186390.1   54157.4   32132.0 ]
[24-11-01 12:15:22] 128    -2316.35 [    50000.0  186390.1   54157.4   32132.0 ]
[24-11-01 12:15:22] 129    -2316.34 [    50000.0  186391.1   54157.4   32132.0 ]
[24-11-01 12:15:22] 130    -2316.33 [    50000.0  186392.7   54157.4   32132.0 ]
[24-11-01 12:15:22] 131    -2314.53 [    50000.0  186569.1   54157.4   32132.0 ]
[24-11-01 12:15:22] 132     -2152.7 [    50000.0  205792.9   54157.4   32132.0 ]
[24-11-01 12:15:22] 133    -2025.42 [    50000.0  242499.2   54157.4   32132.0 ]
[24-11-01 12:15:23] 136    -2046.45 [    50000.0  228478.6   54157.4   32132.0 ]
[24-11-01 12:15:23] 137    -2031.74 [    50000.0  235488.9   54157.4   32132.0 ]
[24-11-01 12:15:23] 138    -2025.14 [    50000.0  244266.6   54157.4   32132.0 ]
[24-11-01 12:15:23] 139    -2025.17 [    50000.0  244845.4   54157.4   32132.0 ]
[24-11-01 12:15:23] 140    -2025.18 [    50000.0  243687.8   54157.4   32132.0 ]
[24-11-01 12:15:24] 141    -2025.14 [    50000.0  244266.6   54157.4   32132.0 ]
[24-11-01 12:15:24] 142    -2025.14 [    50000.0  244266.6   54158.4   32132.0 ]
[24-11-01 12:15:24] 143    -2025.14 [    50000.0  244266.6   54160.0   32132.0 ]
[24-11-01 12:15:24] 144    -2024.86 [    50000.0  244266.6   54336.4   32132.0 ]
[24-11-01 12:15:24] 145    -2023.13 [    50000.0  244266.6   56459.4   32132.0 ]
[24-11-01 12:15:24] 146    -2025.58 [    50000.0  244266.6   59894.6   32132.0 ]
[24-11-01 12:15:25] 147    -2023.39 [    50000.0  244266.6   57771.5   32132.0 ]
[24-11-01 12:15:25] 148    -2023.46 [    50000.0  244266.6   55648.5   32132.0 ]
[24-11-01 12:15:25] 149    -2023.11 [    50000.0  244266.6   56771.1   32132.0 ]
[24-11-01 12:15:25] 150    -2023.11 [    50000.0  244266.6   56744.9   32132.0 ]
[24-11-01 12:15:25] 151    -2023.11 [    50000.0  244266.6   56719.1   32132.0 ]
[24-11-01 12:15:25] 152    -2023.11 [    50000.0  244266.6   56744.9   32132.0 ]
[24-11-01 12:15:25] 153    -2023.03 [    50000.0  244266.6   56744.9   32133.0 ]
[24-11-01 12:15:26] 154     -2022.9 [    50000.0  244266.6   56744.9   32134.6 ]
[24-11-01 12:15:26] 155    -2009.05 [    50000.0  244266.6   56744.9   32311.0 ]
[24-11-01 12:15:26] 156    -1794.39 [    50000.0  244266.6   56744.9   36947.1 ]
[24-11-01 12:15:26] 157    -1808.53 [    50000.0  244266.6   56744.9   44448.6 ]
[24-11-01 12:15:26] 158    -1763.68 [    50000.0  244266.6   56744.9   39812.4 ]
[24-11-01 12:15:26] 159    -1769.79 [    50000.0  244266.6   56744.9   41583.3 ]
[24-11-01 12:15:27] 160    -1763.56 [    50000.0  244266.6   56744.9   40133.1 ]
[24-11-01 12:15:27] 161    -1763.54 [    50000.0  244266.6   56744.9   40040.3 ]
[24-11-01 12:15:27] 162    -1763.55 [    50000.0  244266.6   56744.9   39961.2 ]
[24-11-01 12:15:27] 164    -1763.54 [    50000.0  244266.6   56744.9   40040.3 ]
[24-11-01 12:15:27] 166    -1763.61 [    49998.3  244266.6   56744.9   40040.3 ]
[24-11-01 12:15:27] 167    -1763.57 [    49999.3  244266.6   56744.9   40040.3 ]
[24-11-01 12:15:28] 169    -1763.55 [    49999.7  244266.6   56744.9   40040.3 ]
[24-11-01 12:15:28] 171    -1763.54 [    49999.8  244266.6   56744.9   40040.3 ]
[24-11-01 12:15:28] 173    -1763.54 [    49999.9  244266.6   56744.9   40040.3 ]
[24-11-01 12:15:28] 174    -1763.54 [    50000.0  244266.6   56744.9   40040.3 ]
[24-11-01 12:15:28] 176    -1763.54 [    50000.0  244266.6   56744.9   40040.3 ]
[24-11-01 12:15:28] 177    -1763.54 [    50000.0  244266.6   56744.9   40040.3 ]
[24-11-01 12:15:29] 178    -1763.54 [    50000.0  244266.6   56744.9   40040.3 ]
[24-11-01 12:15:29] 179    -1763.54 [    50000.0  244266.6   56744.9   40040.3 ]
[24-11-01 12:15:29] 181    -1763.54 [    50000.0  244266.6   56744.9   40040.3 ]
[24-11-01 12:15:29] 182    -1763.54 [    50000.0  244266.6   56744.9   40040.3 ]
[24-11-01 12:15:29] 183    -1763.54 [    50000.0  244266.6   56744.9   40040.3 ]
[24-11-01 12:15:29] 184    -1763.54 [    50000.0  244266.6   56744.9   40040.3 ]
[24-11-01 12:15:30] 185    -1763.53 [    50000.0  244267.6   56744.9   40040.3 ]
[24-11-01 12:15:30] 186    -1763.51 [    50000.0  244269.2   56744.9   40040.3 ]
[24-11-01 12:15:30] 187    -1762.05 [    50000.0  244445.6   56744.9   40040.3 ]
[24-11-01 12:15:30] 190    -1739.33 [    50000.0  247250.3   56744.9   40040.3 ]
[24-11-01 12:15:30] 191    -1750.57 [    50000.0  245847.9   56744.9   40040.3 ]
[24-11-01 12:15:30] 192    -1725.76 [    50000.0  248983.7   56744.9   40040.3 ]
[24-11-01 12:15:31] 194     -1730.9 [    50000.0  248321.6   56744.9   40040.3 ]
[24-11-01 12:15:31] 195    -1722.61 [    50000.0  249392.9   56744.9   40040.3 ]
[24-11-01 12:15:31] 196    -1720.67 [    50000.0  249645.8   56744.9   40040.3 ]
[24-11-01 12:15:31] 197    -1719.48 [    50000.0  249802.1   56744.9   40040.3 ]
[24-11-01 12:15:31] 198    -1718.74 [    50000.0  249898.7   56744.9   40040.3 ]
[24-11-01 12:15:32] 199    -1718.29 [    50000.0  249958.4   56744.9   40040.3 ]
[24-11-01 12:15:32] 200    -1718.29 [    50000.0  249958.4   56744.9   40040.3 ]
[24-11-01 12:15:32] 201    -1718.28 [    50000.0  249958.4   56745.9   40040.3 ]
[24-11-01 12:15:32] 202    -1718.27 [    50000.0  249958.4   56747.6   40040.3 ]
[24-11-01 12:15:32] 203    -1716.91 [    50000.0  249958.4   56923.9   40040.3 ]
[24-11-01 12:15:32] 204    -1674.63 [    50000.0  249958.4   66068.1   40040.3 ]
[24-11-01 12:15:33] 205     -1670.9 [    50000.0  249958.4   80863.6   40040.3 ]
[24-11-01 12:15:33] 206    -1666.54 [    50000.0  249958.4   74155.7   40040.3 ]
[24-11-01 12:15:33] 207    -1667.45 [    50000.0  249958.4   71066.5   40040.3 ]
[24-11-01 12:15:33] 208    -1667.32 [    50000.0  249958.4   76717.9   40040.3 ]
[24-11-01 12:15:33] 209    -1666.53 [    50000.0  249958.4   73981.6   40040.3 ]
[24-11-01 12:15:34] 210    -1666.53 [    50000.0  249958.4   73809.3   40040.3 ]
[24-11-01 12:15:34] 211    -1666.53 [    50000.0  249958.4   73981.6   40040.3 ]
[24-11-01 12:15:34] 212    -1666.52 [    50000.0  249958.4   73981.6   40041.3 ]
[24-11-01 12:15:34] 213    -1666.49 [    50000.0  249958.4   73981.6   40042.9 ]
[24-11-01 12:15:34] 214    -1663.86 [    50000.0  249958.4   73981.6   40219.3 ]
[24-11-01 12:15:34] 215    -1646.34 [    50000.0  249958.4   73981.6   42433.2 ]
[24-11-01 12:15:35] 216    -1665.61 [    50000.0  249958.4   73981.6   46015.4 ]
[24-11-01 12:15:35] 217    -1647.78 [    50000.0  249958.4   73981.6   43801.5 ]
[24-11-01 12:15:35] 218    -1649.86 [    50000.0  249958.4   73981.6   41587.6 ]
[24-11-01 12:15:35] 219     -1645.9 [    50000.0  249958.4   73981.6   42893.7 ]
[24-11-01 12:15:35] 220    -1645.89 [    50000.0  249958.4   73981.6   42865.2 ]
[24-11-01 12:15:35] 221     -1645.9 [    50000.0  249958.4   73981.6   42836.9 ]
[24-11-01 12:15:36] 223    -1645.89 [    50000.0  249958.4   73981.6   42865.2 ]
[24-11-01 12:15:36] 225    -1645.96 [    49998.4  249958.4   73981.6   42865.2 ]
[24-11-01 12:15:36] 226    -1645.92 [    49999.4  249958.4   73981.6   42865.2 ]
[24-11-01 12:15:36] 228    -1645.91 [    49999.7  249958.4   73981.6   42865.2 ]
[24-11-01 12:15:36] 230     -1645.9 [    49999.9  249958.4   73981.6   42865.2 ]
[24-11-01 12:15:37] 232     -1645.9 [    50000.0  249958.4   73981.6   42865.2 ]
[24-11-01 12:15:37] 234     -1645.9 [    50000.0  249958.4   73981.6   42865.2 ]
[24-11-01 12:15:37] 236     -1645.9 [    50000.0  249958.4   73981.6   42865.2 ]
[24-11-01 12:15:37] 238    -1645.89 [    50000.0  249958.4   73981.6   42865.2 ]
[24-11-01 12:15:37] 240    -1645.89 [    50000.0  249958.4   73981.6   42865.2 ]
[24-11-01 12:15:37] 242    -1645.89 [    50000.0  249958.4   73981.6   42865.2 ]
[24-11-01 12:15:38] 243    -1645.89 [    50000.0  249958.4   73981.6   42865.2 ]
[24-11-01 12:15:38] 245    -1645.89 [    50000.0  249958.4   73981.6   42865.2 ]
[24-11-01 12:15:38] 246    -1645.89 [    50000.0  249958.4   73981.6   42865.2 ]
[24-11-01 12:15:38] 247    -1645.89 [    50000.0  249958.4   73981.6   42865.2 ]
[24-11-01 12:15:38] 249    -1645.89 [    50000.0  249958.4   73981.6   42865.2 ]
[24-11-01 12:15:39] 250    -1645.89 [    50000.0  249958.4   73981.6   42865.2 ]
[24-11-01 12:15:39] 252    -1645.89 [    50000.0  249958.4   73981.6   42865.2 ]
[24-11-01 12:15:39] 253    -1645.89 [    50000.0  249958.4   73981.6   42865.2 ]
[24-11-01 12:15:39] 254    -1645.89 [    50000.0  249959.4   73981.6   42865.2 ]
[24-11-01 12:15:39] 255    -1645.87 [    50000.0  249961.1   73981.6   42865.2 ]
[24-11-01 12:15:39] 258    -1645.65 [    50000.0  249986.8   73981.6   42865.2 ]
[24-11-01 12:15:40] 259    -1645.76 [    50000.0  249973.9   73981.6   42865.2 ]
[24-11-01 12:15:40] 261     -1645.6 [    50000.0  249992.9   73981.6   42865.2 ]
[24-11-01 12:15:40] 262    -1645.56 [    50000.0  249996.6   73981.6   42865.2 ]
[24-11-01 12:15:40] 263    -1645.54 [    50000.0  249998.9   73981.6   42865.2 ]
[24-11-01 12:15:40] 265    -1645.55 [    50000.0  249998.0   73981.6   42865.2 ]
[24-11-01 12:15:40] 266    -1645.54 [    50000.0  249999.5   73981.6   42865.2 ]
[24-11-01 12:15:41] 267    -1645.53 [    50000.0  249999.9   73981.6   42865.2 ]
[24-11-01 12:15:41] 268    -1645.53 [    50000.0  249999.9   73981.6   42865.2 ]
[24-11-01 12:15:41] 269    -1645.53 [    50000.0  249999.9   73982.6   42865.2 ]
[24-11-01 12:15:41] 270    -1645.53 [    50000.0  249999.9   73984.3   42865.2 ]
[24-11-01 12:15:41] 271    -1645.29 [    50000.0  249999.9   74160.6   42865.2 ]
[24-11-01 12:15:42] 272    -1641.34 [    50000.0  249999.9   79504.2   42865.2 ]
[24-11-01 12:15:42] 273    -1644.49 [    50000.0  249999.9   88150.3   42865.2 ]
[24-11-01 12:15:42] 274    -1641.42 [    50000.0  249999.9   82806.7   42865.2 ]
[24-11-01 12:15:42] 275    -1642.17 [    50000.0  249999.9   77463.1   42865.2 ]
[24-11-01 12:15:42] 276    -1641.17 [    50000.0  249999.9   81004.9   42865.2 ]
[24-11-01 12:15:42] 277    -1641.17 [    50000.0  249999.9   80934.7   42865.2 ]
[24-11-01 12:15:43] 278    -1641.17 [    50000.0  249999.9   80865.2   42865.2 ]
[24-11-01 12:15:43] 279    -1641.17 [    50000.0  249999.9   80934.7   42865.2 ]
[24-11-01 12:15:43] 280    -1641.17 [    50000.0  249999.9   80934.7   42866.2 ]
[24-11-01 12:15:43] 281    -1641.16 [    50000.0  249999.9   80934.7   42867.8 ]
[24-11-01 12:15:43] 282    -1640.71 [    50000.0  249999.9   80934.7   43044.1 ]
[24-11-01 12:15:44] 283    -1640.19 [    50000.0  249999.9   80934.7   43510.6 ]
[24-11-01 12:15:44] 284     -1641.3 [    50000.0  249999.9   80934.7   44265.3 ]
[24-11-01 12:15:44] 285    -1640.33 [    50000.0  249999.9   80934.7   43798.8 ]
[24-11-01 12:15:44] 286    -1640.27 [    50000.0  249999.9   80934.7   43332.4 ]
[24-11-01 12:15:44] 287    -1640.18 [    50000.0  249999.9   80934.7   43534.2 ]
[24-11-01 12:15:44] 288    -1640.18 [    50000.0  249999.9   80934.7   43527.5 ]
[24-11-01 12:15:45] 289    -1640.18 [    50000.0  249999.9   80934.7   43540.9 ]
[24-11-01 12:15:45] 291    -1640.18 [    50000.0  249999.9   80934.7   43534.2 ]
[24-11-01 12:15:45] 293    -1640.25 [    49998.4  249999.9   80934.7   43534.2 ]
[24-11-01 12:15:45] 294    -1640.21 [    49999.4  249999.9   80934.7   43534.2 ]
[24-11-01 12:15:45] 296     -1640.2 [    49999.7  249999.9   80934.7   43534.2 ]
[24-11-01 12:15:46] 298    -1640.19 [    49999.9  249999.9   80934.7   43534.2 ]
[24-11-01 12:15:46] 300    -1640.19 [    50000.0  249999.9   80934.7   43534.2 ]
[24-11-01 12:15:46] 302    -1640.18 [    50000.0  249999.9   80934.7   43534.2 ]
[24-11-01 12:15:46] 304    -1640.18 [    50000.0  249999.9   80934.7   43534.2 ]
[24-11-01 12:15:46] 306    -1640.18 [    50000.0  249999.9   80934.7   43534.2 ]
[24-11-01 12:15:46] 308    -1640.18 [    50000.0  249999.9   80934.7   43534.2 ]
[24-11-01 12:15:47] 310    -1640.18 [    50000.0  249999.9   80934.7   43534.2 ]
[24-11-01 12:15:47] 312    -1640.18 [    50000.0  249999.9   80934.7   43534.2 ]
[24-11-01 12:15:47] 314    -1640.18 [    50000.0  249999.9   80934.7   43534.2 ]
[24-11-01 12:15:47] 316    -1640.18 [    50000.0  249999.9   80934.7   43534.2 ]
[24-11-01 12:15:47] 318    -1640.18 [    50000.0  249999.9   80934.7   43534.2 ]
[24-11-01 12:15:47] 320    -1640.18 [    50000.0  249999.9   80934.7   43534.2 ]
[24-11-01 12:15:48] 321    -1640.18 [    50000.0  249999.9   80934.7   43534.2 ]
[24-11-01 12:15:48] 322    -1640.18 [    50000.0  249999.9   80934.7   43534.2 ]
[24-11-01 12:15:48] 323    -1640.18 [    50000.0  249999.9   80934.7   43534.2 ]
[24-11-01 12:15:48] 324    -1640.18 [    50000.0  249999.9   80934.7   43534.2 ]
[24-11-01 12:15:48] 326    -1640.18 [    50000.0  249999.9   80934.7   43534.2 ]
[24-11-01 12:15:49] 327    -1640.18 [    50000.0  249999.9   80934.7   43534.2 ]
[24-11-01 12:15:49] 328    -1640.18 [    50000.0  249999.9   80934.7   43534.2 ]
[24-11-01 12:15:49] 330    -1640.18 [    50000.0  249999.9   80934.7   43534.2 ]
[24-11-01 12:15:49] 332     -1640.2 [    50000.0  249998.3   80934.7   43534.2 ]
[24-11-01 12:15:49] 333    -1640.19 [    50000.0  249999.3   80934.7   43534.2 ]
[24-11-01 12:15:49] 335    -1640.19 [    50000.0  249999.6   80934.7   43534.2 ]
[24-11-01 12:15:50] 337    -1640.19 [    50000.0  249999.8   80934.7   43534.2 ]
[24-11-01 12:15:50] 338    -1640.18 [    50000.0  249999.9   80934.7   43534.2 ]
[24-11-01 12:15:50] 339    -1640.18 [    50000.0  250000.0   80934.7   43534.2 ]
[24-11-01 12:15:50] 341    -1640.18 [    50000.0  250000.0   80934.7   43534.2 ]
[24-11-01 12:15:50] 342    -1640.18 [    50000.0  250000.0   80934.7   43534.2 ]
[24-11-01 12:15:50] 343    -1640.18 [    50000.0  250000.0   80934.7   43534.2 ]
[24-11-01 12:15:51] 344    -1640.18 [    50000.0  250000.0   80934.7   43534.2 ]
[24-11-01 12:15:51] 345    -1640.18 [    50000.0  250000.0   80934.7   43534.2 ]
[24-11-01 12:15:51] 346    -1640.18 [    50000.0  250000.0   80934.7   43534.2 ]
[24-11-01 12:15:51] 347    -1640.18 [    50000.0  250000.0   80934.7   43534.2 ]
[24-11-01 12:15:51] 348    -1640.18 [    50000.0  250000.0   80935.7   43534.2 ]
[24-11-01 12:15:52] 349    -1640.18 [    50000.0  250000.0   80937.3   43534.2 ]
[24-11-01 12:15:52] 350    -1640.14 [    50000.0  250000.0   81113.7   43534.2 ]
[24-11-01 12:15:52] 351    -1639.96 [    50000.0  250000.0   82592.7   43534.2 ]
[24-11-01 12:15:52] 352    -1640.31 [    50000.0  250000.0   84985.8   43534.2 ]
[24-11-01 12:15:52] 353    -1640.01 [    50000.0  250000.0   83506.8   43534.2 ]
[24-11-01 12:15:52] 354    -1639.99 [    50000.0  250000.0   82027.8   43534.2 ]
[24-11-01 12:15:53] 355    -1639.96 [    50000.0  250000.0   82694.7   43534.2 ]
[24-11-01 12:15:53] 356    -1639.96 [    50000.0  250000.0   82677.1   43534.2 ]
[24-11-01 12:15:53] 357    -1639.96 [    50000.0  250000.0   82712.3   43534.2 ]
[24-11-01 12:15:53] 358    -1639.96 [    50000.0  250000.0   82694.7   43534.2 ]
[24-11-01 12:15:53] 359    -1639.96 [    50000.0  250000.0   82694.7   43535.2 ]
[24-11-01 12:15:54] 360    -1639.96 [    50000.0  250000.0   82694.7   43536.8 ]
[24-11-01 12:15:54] 361    -1639.91 [    50000.0  250000.0   82694.7   43683.4 ]
[24-11-01 12:15:54] 362    -1640.03 [    50000.0  250000.0   82694.7   43920.6 ]
[24-11-01 12:15:54] 363    -1639.93 [    50000.0  250000.0   82694.7   43774.0 ]
[24-11-01 12:15:54] 364    -1639.92 [    50000.0  250000.0   82694.7   43627.4 ]
[24-11-01 12:15:54] 365    -1639.91 [    50000.0  250000.0   82694.7   43684.9 ]
[24-11-01 12:15:55] 366    -1639.91 [    50000.0  250000.0   82694.7   43686.4 ]
[24-11-01 12:15:55] 368    -1639.91 [    50000.0  250000.0   82694.7   43684.9 ]
[24-11-01 12:15:55] 370    -1639.98 [    49998.4  250000.0   82694.7   43684.9 ]
[24-11-01 12:15:55] 371    -1639.94 [    49999.4  250000.0   82694.7   43684.9 ]
[24-11-01 12:15:55] 373    -1639.92 [    49999.7  250000.0   82694.7   43684.9 ]
[24-11-01 12:15:56] 375    -1639.92 [    49999.9  250000.0   82694.7   43684.9 ]
[24-11-01 12:15:56] 377    -1639.91 [    50000.0  250000.0   82694.7   43684.9 ]
[24-11-01 12:15:56] 379    -1639.91 [    50000.0  250000.0   82694.7   43684.9 ]
[24-11-01 12:15:56] 381    -1639.91 [    50000.0  250000.0   82694.7   43684.9 ]
[24-11-01 12:15:56] 383    -1639.91 [    50000.0  250000.0   82694.7   43684.9 ]
[24-11-01 12:15:56] 385    -1639.91 [    50000.0  250000.0   82694.7   43684.9 ]
[24-11-01 12:15:57] 387    -1639.91 [    50000.0  250000.0   82694.7   43684.9 ]
[24-11-01 12:15:57] 389    -1639.91 [    50000.0  250000.0   82694.7   43684.9 ]
[24-11-01 12:15:57] 391    -1639.91 [    50000.0  250000.0   82694.7   43684.9 ]
[24-11-01 12:15:57] 393    -1639.91 [    50000.0  250000.0   82694.7   43684.9 ]
[24-11-01 12:15:57] 395    -1639.91 [    50000.0  250000.0   82694.7   43684.9 ]
[24-11-01 12:15:58] 397    -1639.91 [    50000.0  250000.0   82694.7   43684.9 ]
[24-11-01 12:15:58] 399    -1639.91 [    50000.0  250000.0   82694.7   43684.9 ]
[24-11-01 12:15:58] 401    -1639.91 [    50000.0  250000.0   82694.7   43684.9 ]
[24-11-01 12:15:58] 403    -1639.91 [    50000.0  250000.0   82694.7   43684.9 ]
[24-11-01 12:15:58] 405    -1639.91 [    50000.0  250000.0   82694.7   43684.9 ]
[24-11-01 12:15:58] 407    -1639.91 [    50000.0  250000.0   82694.7   43684.9 ]
[24-11-01 12:15:59] 408    -1639.91 [    50000.0  250000.0   82694.7   43684.9 ]
[24-11-01 12:15:59] 409    -1639.91 [    50000.0  250000.0   82694.7   43684.9 ]
[24-11-01 12:15:59] 410    -1639.91 [    50000.0  250000.0   82694.7   43684.9 ]
[24-11-01 12:15:59] 412    -1639.91 [    50000.0  250000.0   82694.7   43684.9 ]
[24-11-01 12:15:59] 414    -1639.91 [    50000.0  250000.0   82694.7   43684.9 ]
[24-11-01 12:16:00] 416    -1639.91 [    50000.0  250000.0   82694.7   43684.9 ]
[24-11-01 12:16:00] 417    -1639.91 [    50000.0  250000.0   82694.7   43684.9 ]
[24-11-01 12:16:00] 419    -1639.93 [    50000.0  249998.4   82694.7   43684.9 ]
[24-11-01 12:16:00] 420    -1639.92 [    50000.0  249999.4   82694.7   43684.9 ]
[24-11-01 12:16:00] 422    -1639.91 [    50000.0  249999.7   82694.7   43684.9 ]
[24-11-01 12:16:00] 424    -1639.91 [    50000.0  249999.9   82694.7   43684.9 ]
[24-11-01 12:16:01] 426    -1639.91 [    50000.0  250000.0   82694.7   43684.9 ]
[24-11-01 12:16:01] 428    -1639.91 [    50000.0  250000.0   82694.7   43684.9 ]
[24-11-01 12:16:01] 430    -1639.91 [    50000.0  250000.0   82694.7   43684.9 ]
[24-11-01 12:16:01] 432    -1639.91 [    50000.0  250000.0   82694.7   43684.9 ]
[24-11-01 12:16:01] 434    -1639.91 [    50000.0  250000.0   82694.7   43684.9 ]
[24-11-01 12:16:01] 435    -1639.91 [    50000.0  250000.0   82694.7   43684.9 ]
[24-11-01 12:16:02] 436    -1639.91 [    50000.0  250000.0   82694.7   43684.9 ]
[24-11-01 12:16:02] 438    -1639.91 [    50000.0  250000.0   82694.7   43684.9 ]
[24-11-01 12:16:02] 440    -1639.91 [    50000.0  250000.0   82694.7   43684.9 ]
[24-11-01 12:16:02] 441    -1639.91 [    50000.0  250000.0   82694.7   43684.9 ]
[24-11-01 12:16:02] 442    -1639.91 [    50000.0  250000.0   82694.7   43684.9 ]
[24-11-01 12:16:03] 443    -1639.91 [    50000.0  250000.0   82694.7   43684.9 ]
[24-11-01 12:16:03] 444    -1639.91 [    50000.0  250000.0   82694.7   43684.9 ]
[24-11-01 12:16:03] 445    -1639.91 [    50000.0  250000.0   82695.7   43684.9 ]
[24-11-01 12:16:03] 446    -1639.91 [    50000.0  250000.0   82697.3   43684.9 ]
[24-11-01 12:16:03] 447     -1639.9 [    50000.0  250000.0   82873.6   43684.9 ]
[24-11-01 12:16:03] 448     -1639.9 [    50000.0  250000.0   83077.0   43684.9 ]
[24-11-01 12:16:04] 449    -1639.91 [    50000.0  250000.0   83406.0   43684.9 ]
[24-11-01 12:16:04] 450     -1639.9 [    50000.0  250000.0   83202.6   43684.9 ]
[24-11-01 12:16:04] 451     -1639.9 [    50000.0  250000.0   82999.3   43684.9 ]
[24-11-01 12:16:04] 452     -1639.9 [    50000.0  250000.0   83080.8   43684.9 ]
[24-11-01 12:16:04] 453     -1639.9 [    50000.0  250000.0   83084.7   43684.9 ]
[24-11-01 12:16:05] 454     -1639.9 [    50000.0  250000.0   83080.8   43684.9 ]
[24-11-01 12:16:05] 455     -1639.9 [    50000.0  250000.0   83080.8   43685.9 ]
[24-11-01 12:16:05] 456     -1639.9 [    50000.0  250000.0   83080.8   43687.5 ]
[24-11-01 12:16:05] 457     -1639.9 [    50000.0  250000.0   83080.8   43717.3 ]
[24-11-01 12:16:05] 458     -1639.9 [    50000.0  250000.0   83080.8   43765.5 ]
[24-11-01 12:16:05] 459     -1639.9 [    50000.0  250000.0   83080.8   43735.7 ]
[24-11-01 12:16:06] 460     -1639.9 [    50000.0  250000.0   83080.8   43705.9 ]
[24-11-01 12:16:06] 461     -1639.9 [    50000.0  250000.0   83080.8   43717.6 ]
[24-11-01 12:16:06] 462     -1639.9 [    50000.0  250000.0   83080.8   43717.0 ]
Optimization terminated successfully.
         Current function value: 1639.899145
         Iterations: 7
         Function evaluations: 462
[24-11-01 12:16:06] 462      fit p: [    50000.0  250000.0   83080.8   43717.3 ]
method: Powell
objective_func: objective_H2
fopt: -1639.8991451186043
max_iter: 100
num_iter: 7
func_calls: 462
flag: 0
u_fitted: False
u: 1.111e-08
