[24-10-31 15:20:54] fitting objective_H2 to data for demes ['French', 'KhomaniSan', 'Yoruba']
[24-10-31 15:20:54] 0        pnames [         NK       NFY       TFY        NF        NY ]
[24-10-31 15:20:54] 0            p0 [    16776.4   25024.9   77971.3    5212.9   23882.2 ]
[24-10-31 15:20:54] 1     -46245.25 [    16776.4   25024.9   77971.3    5212.9   23882.2 ]
[24-10-31 15:20:55] 2     -46245.25 [    16776.4   25024.9   77971.3    5212.9   23882.2 ]
[24-10-31 15:20:55] 3     -46245.19 [    16777.4   25024.9   77971.3    5212.9   23882.2 ]
[24-10-31 15:20:56] 4     -46245.09 [    16779.0   25024.9   77971.3    5212.9   23882.2 ]
[24-10-31 15:20:56] 5     -46234.05 [    16955.4   25024.9   77971.3    5212.9   23882.2 ]
[24-10-31 15:20:57] 6     -46012.85 [    22419.9   25024.9   77971.3    5212.9   23882.2 ]
[24-10-31 15:20:57] 7     -45879.56 [    31261.8   25024.9   77971.3    5212.9   23882.2 ]
[24-10-31 15:20:58] 8     -45881.03 [    31085.9   25024.9   77971.3    5212.9   23882.2 ]
[24-10-31 15:20:58] 9     -45819.79 [    45568.2   25024.9   77971.3    5212.9   23882.2 ]
[24-10-31 15:20:59] 10    -45825.43 [    42852.0   25024.9   77971.3    5212.9   23882.2 ]
[24-10-31 15:20:59] 13    -45832.99 [    40103.6   25024.9   77971.3    5212.9   23882.2 ]
[24-10-31 15:20:59] 14    -45825.47 [    42835.9   25024.9   77971.3    5212.9   23882.2 ]
[24-10-31 15:21:00] 15    -45814.66 [    48945.5   25024.9   77971.3    5212.9   23882.2 ]
[24-10-31 15:21:00] 17    -45816.41 [    47655.5   25024.9   77971.3    5212.9   23882.2 ]
[24-10-31 15:21:01] 18    -45813.68 [    49742.8   25024.9   77971.3    5212.9   23882.2 ]
[24-10-31 15:21:01] 20    -45814.08 [    49413.1   25024.9   77971.3    5212.9   23882.2 ]
[24-10-31 15:21:02] 21    -45813.68 [    49742.8   25024.9   77971.3    5212.9   23882.2 ]
[24-10-31 15:21:02] 22    -45813.76 [    49742.8   25025.9   77971.3    5212.9   23882.2 ]
[24-10-31 15:21:03] 23    -45813.55 [    49742.8   25023.3   77971.3    5212.9   23882.2 ]
[24-10-31 15:21:03] 24    -45813.34 [    49742.8   25020.7   77971.3    5212.9   23882.2 ]
[24-10-31 15:21:04] 25     -45813.0 [    49742.8   25016.4   77971.3    5212.9   23882.2 ]
[24-10-31 15:21:04] 26    -45812.44 [    49742.8   25009.6   77971.3    5212.9   23882.2 ]
[24-10-31 15:21:04] 27    -45811.54 [    49742.8   24998.5   77971.3    5212.9   23882.2 ]
[24-10-31 15:21:05] 28    -45810.08 [    49742.8   24980.5   77971.3    5212.9   23882.2 ]
[24-10-31 15:21:05] 29    -45807.72 [    49742.8   24951.5   77971.3    5212.9   23882.2 ]
[24-10-31 15:21:06] 30    -45803.88 [    49742.8   24904.5   77971.3    5212.9   23882.2 ]
[24-10-31 15:21:06] 31    -45797.65 [    49742.8   24828.5   77971.3    5212.9   23882.2 ]
[24-10-31 15:21:07] 32     -45787.5 [    49742.8   24705.5   77971.3    5212.9   23882.2 ]
[24-10-31 15:21:07] 33     -45770.9 [    49742.8   24506.5   77971.3    5212.9   23882.2 ]
[24-10-31 15:21:08] 34    -45743.56 [    49742.8   24184.5   77971.3    5212.9   23882.2 ]
[24-10-31 15:21:08] 35    -45698.04 [    49742.8   23663.5   77971.3    5212.9   23882.2 ]
[24-10-31 15:21:08] 36    -45620.82 [    49742.8   22820.5   77971.3    5212.9   23882.2 ]
[24-10-31 15:21:09] 37    -45485.63 [    49742.8   21456.5   77971.3    5212.9   23882.2 ]
[24-10-31 15:21:09] 38    -45235.51 [    49742.8   19249.5   77971.3    5212.9   23882.2 ]
[24-10-31 15:21:10] 39    -44723.82 [    49742.8   15678.5   77971.3    5212.9   23882.2 ]
[24-10-31 15:21:10] 40    -43469.23 [    49742.8    9900.5   77971.3    5212.9   23882.2 ]
[24-10-31 15:21:11] 41   -106504.31 [    49742.8     551.5   77971.3    5212.9   23882.2 ]
[24-10-31 15:21:11] 42    -42469.09 [    49742.8    6329.5   77971.3    5212.9   23882.2 ]
[24-10-31 15:21:12] 43    -42635.29 [    49742.8    4122.5   77971.3    5212.9   23882.2 ]
[24-10-31 15:21:12] 44    -42376.05 [    49742.8    5838.2   77971.3    5212.9   23882.2 ]
[24-10-31 15:21:13] 45    -42334.12 [    49742.8    5470.1   77971.3    5212.9   23882.2 ]
[24-10-31 15:21:13] 46    -42339.28 [    49742.8    4955.4   77971.3    5212.9   23882.2 ]
[24-10-31 15:21:13] 47    -42325.61 [    49742.8    5274.6   77971.3    5212.9   23882.2 ]
[24-10-31 15:21:14] 48    -42325.61 [    49742.8    5274.6   77971.3    5212.9   23882.2 ]
[24-10-31 15:21:14] 49    -42325.65 [    49742.8    5274.6   77972.3    5212.9   23882.2 ]
[24-10-31 15:21:15] 50    -42325.55 [    49742.8    5274.6   77969.6    5212.9   23882.2 ]
[24-10-31 15:21:15] 51    -42319.06 [    49742.8    5274.6   77793.3    5212.9   23882.2 ]
[24-10-31 15:21:16] 52    -42167.25 [    49742.8    5274.6   69741.9    5212.9   23882.2 ]
[24-10-31 15:21:16] 53    -42467.35 [    49742.8    5274.6   56714.6    5212.9   23882.2 ]
[24-10-31 15:21:17] 54    -42206.86 [    49742.8    5274.6   64766.0    5212.9   23882.2 ]
[24-10-31 15:21:17] 55     -42192.6 [    49742.8    5274.6   72817.3    5212.9   23882.2 ]
[24-10-31 15:21:18] 56     -42166.8 [    49742.8    5274.6   69231.8    5212.9   23882.2 ]
[24-10-31 15:21:18] 57     -42166.8 [    49742.8    5274.6   69319.2    5212.9   23882.2 ]
[24-10-31 15:21:18] 58    -42166.82 [    49742.8    5274.6   69144.4    5212.9   23882.2 ]
[24-10-31 15:21:19] 59     -42166.8 [    49742.8    5274.6   69231.8    5212.9   23882.2 ]
[24-10-31 15:21:19] 60    -42166.66 [    49742.8    5274.6   69231.8    5213.9   23882.2 ]
[24-10-31 15:21:20] 61    -42166.45 [    49742.8    5274.6   69231.8    5215.5   23882.2 ]
[24-10-31 15:21:20] 62    -42145.68 [    49742.8    5274.6   69231.8    5391.9   23882.2 ]
[24-10-31 15:21:21] 63    -42105.25 [    49742.8    5274.6   69231.8    6021.3   23882.2 ]
[24-10-31 15:21:21] 64    -42109.89 [    49742.8    5274.6   69231.8    7039.7   23882.2 ]
[24-10-31 15:21:22] 65    -42099.41 [    49742.8    5274.6   69231.8    6410.3   23882.2 ]
[24-10-31 15:21:22] 66    -42100.97 [    49742.8    5274.6   69231.8    6650.7   23882.2 ]
[24-10-31 15:21:23] 67     -42099.4 [    49742.8    5274.6   69231.8    6435.3   23882.2 ]
[24-10-31 15:21:23] 68    -42099.42 [    49742.8    5274.6   69231.8    6447.6   23882.2 ]
[24-10-31 15:21:24] 69     -42099.4 [    49742.8    5274.6   69231.8    6423.1   23882.2 ]
[24-10-31 15:21:24] 70     -42099.4 [    49742.8    5274.6   69231.8    6423.1   23882.2 ]
[24-10-31 15:21:25] 71    -42099.32 [    49742.8    5274.6   69231.8    6423.1   23883.2 ]
[24-10-31 15:21:25] 72    -42099.18 [    49742.8    5274.6   69231.8    6423.1   23884.8 ]
[24-10-31 15:21:25] 73    -42084.78 [    49742.8    5274.6   69231.8    6423.1   24061.1 ]
[24-10-31 15:21:26] 74     -41513.1 [    49742.8    5274.6   69231.8    6423.1   34616.2 ]
[24-10-31 15:21:26] 76    -41318.09 [    49742.8    5274.6   69231.8    6423.1   41139.5 ]
[24-10-31 15:21:27] 77    -41227.98 [    49742.8    5274.6   69231.8    6423.1   45171.2 ]
[24-10-31 15:21:27] 78    -41180.52 [    49742.8    5274.6   69231.8    6423.1   47662.9 ]
[24-10-31 15:21:28] 79    -41153.78 [    49742.8    5274.6   69231.8    6423.1   49202.8 ]
[24-10-31 15:21:28] 81    -41163.78 [    49742.8    5274.6   69231.8    6423.1   48614.6 ]
[24-10-31 15:21:29] 82    -41147.73 [    49742.8    5274.6   69231.8    6423.1   49566.4 ]
[24-10-31 15:21:29] 83    -41143.51 [    49742.8    5274.6   69231.8    6423.1   49823.2 ]
[24-10-31 15:21:30] 85    -41143.51 [    49742.8    5274.6   69231.8    6423.1   49823.2 ]
[24-10-31 15:21:30] 86    -41143.52 [    49743.8    5274.6   69231.8    6423.1   49823.2 ]
[24-10-31 15:21:30] 87     -41143.5 [    49741.1    5274.6   69231.8    6423.1   49823.2 ]
[24-10-31 15:21:31] 88    -41143.48 [    49738.5    5274.6   69231.8    6423.1   49823.2 ]
[24-10-31 15:21:31] 89    -41143.44 [    49734.3    5274.6   69231.8    6423.1   49823.2 ]
[24-10-31 15:21:32] 90    -41143.39 [    49727.4    5274.6   69231.8    6423.1   49823.2 ]
[24-10-31 15:21:32] 91    -41143.29 [    49716.3    5274.6   69231.8    6423.1   49823.2 ]
[24-10-31 15:21:32] 92    -41143.15 [    49698.4    5274.6   69231.8    6423.1   49823.2 ]
[24-10-31 15:21:32] 93    -41142.91 [    49669.4    5274.6   69231.8    6423.1   49823.2 ]
[24-10-31 15:21:33] 94    -41142.52 [    49622.4    5274.6   69231.8    6423.1   49823.2 ]
[24-10-31 15:21:33] 95    -41141.89 [    49546.4    5274.6   69231.8    6423.1   49823.2 ]
[24-10-31 15:21:33] 96    -41140.86 [    49423.4    5274.6   69231.8    6423.1   49823.2 ]
[24-10-31 15:21:33] 97     -41139.2 [    49224.4    5274.6   69231.8    6423.1   49823.2 ]
[24-10-31 15:21:34] 98    -41136.48 [    48902.4    5274.6   69231.8    6423.1   49823.2 ]
[24-10-31 15:21:34] 99    -41132.03 [    48381.4    5274.6   69231.8    6423.1   49823.2 ]
[24-10-31 15:21:34] 100   -41124.69 [    47538.4    5274.6   69231.8    6423.1   49823.2 ]
[24-10-31 15:21:34] 101   -41112.41 [    46174.4    5274.6   69231.8    6423.1   49823.2 ]
[24-10-31 15:21:35] 102   -41091.42 [    43967.4    5274.6   69231.8    6423.1   49823.2 ]
[24-10-31 15:21:35] 103   -41054.28 [    40396.4    5274.6   69231.8    6423.1   49823.2 ]
[24-10-31 15:21:35] 104   -40984.58 [    34618.4    5274.6   69231.8    6423.1   49823.2 ]
[24-10-31 15:21:36] 105    -40843.6 [    25269.4    5274.6   69231.8    6423.1   49823.2 ]
[24-10-31 15:21:36] 106   -40879.74 [    10142.4    5274.6   69231.8    6423.1   49823.2 ]
[24-10-31 15:21:36] 107   -40748.94 [    19491.4    5274.6   69231.8    6423.1   49823.2 ]
[24-10-31 15:21:36] 108    -40710.9 [    15920.4    5274.6   69231.8    6423.1   49823.2 ]
[24-10-31 15:21:37] 109    -40717.7 [    13713.4    5274.6   69231.8    6423.1   49823.2 ]
[24-10-31 15:21:37] 110   -40709.46 [    15465.0    5274.6   69231.8    6423.1   49823.2 ]
[24-10-31 15:21:37] 111   -40709.19 [    15122.2    5274.6   69231.8    6423.1   49823.2 ]
[24-10-31 15:21:37] 112   -40709.73 [    14776.0    5274.6   69231.8    6423.1   49823.2 ]
[24-10-31 15:21:38] 113   -40709.19 [    15122.2    5274.6   69231.8    6423.1   49823.2 ]
[24-10-31 15:21:38] 114   -40709.25 [    15122.2    5275.6   69231.8    6423.1   49823.2 ]
[24-10-31 15:21:38] 115   -40709.09 [    15122.2    5272.9   69231.8    6423.1   49823.2 ]
[24-10-31 15:21:38] 116   -40705.12 [    15122.2    5134.9   69231.8    6423.1   49823.2 ]
[24-10-31 15:21:39] 117   -40719.63 [    15122.2    4911.5   69231.8    6423.1   49823.2 ]
[24-10-31 15:21:39] 118   -40707.38 [    15122.2    5049.5   69231.8    6423.1   49823.2 ]
[24-10-31 15:21:39] 119   -40705.57 [    15122.2    5187.6   69231.8    6423.1   49823.2 ]
[24-10-31 15:21:39] 120    -40705.1 [    15122.2    5144.3   69231.8    6423.1   49823.2 ]
[24-10-31 15:21:40] 121    -40705.1 [    15122.2    5143.0   69231.8    6423.1   49823.2 ]
[24-10-31 15:21:40] 122    -40705.1 [    15122.2    5145.6   69231.8    6423.1   49823.2 ]
[24-10-31 15:21:40] 123    -40705.1 [    15122.2    5144.3   69231.8    6423.1   49823.2 ]
[24-10-31 15:21:41] 124   -40705.11 [    15122.2    5144.3   69232.8    6423.1   49823.2 ]
[24-10-31 15:21:41] 125   -40705.08 [    15122.2    5144.3   69230.2    6423.1   49823.2 ]
[24-10-31 15:21:41] 126   -40703.16 [    15122.2    5144.3   69053.8    6423.1   49823.2 ]
[24-10-31 15:21:41] 127   -40690.93 [    15122.2    5144.3   66751.9    6423.1   49823.2 ]
[24-10-31 15:21:42] 128   -40720.27 [    15122.2    5144.3   63027.3    6423.1   49823.2 ]
[24-10-31 15:21:42] 129   -40695.09 [    15122.2    5144.3   65329.2    6423.1   49823.2 ]
[24-10-31 15:21:42] 130    -40692.8 [    15122.2    5144.3   67631.1    6423.1   49823.2 ]
[24-10-31 15:21:42] 131   -40690.92 [    15122.2    5144.3   66706.7    6423.1   49823.2 ]
[24-10-31 15:21:43] 132   -40690.93 [    15122.2    5144.3   66681.4    6423.1   49823.2 ]
[24-10-31 15:21:43] 133   -40690.92 [    15122.2    5144.3   66706.7    6423.1   49823.2 ]
[24-10-31 15:21:43] 134   -40690.88 [    15122.2    5144.3   66706.7    6424.1   49823.2 ]
[24-10-31 15:21:43] 135   -40690.82 [    15122.2    5144.3   66706.7    6425.7   49823.2 ]
[24-10-31 15:21:44] 136    -40684.8 [    15122.2    5144.3   66706.7    6602.1   49823.2 ]
[24-10-31 15:21:44] 137   -40677.69 [    15122.2    5144.3   66706.7    7025.9   49823.2 ]
[24-10-31 15:21:44] 138   -40682.34 [    15122.2    5144.3   66706.7    7711.7   49823.2 ]
[24-10-31 15:21:44] 139   -40677.49 [    15122.2    5144.3   66706.7    7287.9   49823.2 ]
[24-10-31 15:21:45] 140   -40678.66 [    15122.2    5144.3   66706.7    7449.7   49823.2 ]
[24-10-31 15:21:45] 141   -40677.23 [    15122.2    5144.3   66706.7    7177.1   49823.2 ]
[24-10-31 15:21:45] 142   -40677.23 [    15122.2    5144.3   66706.7    7169.5   49823.2 ]
[24-10-31 15:21:45] 143   -40677.23 [    15122.2    5144.3   66706.7    7184.6   49823.2 ]
[24-10-31 15:21:46] 144   -40677.23 [    15122.2    5144.3   66706.7    7177.1   49823.2 ]
[24-10-31 15:21:46] 145   -40677.22 [    15122.2    5144.3   66706.7    7177.1   49824.2 ]
[24-10-31 15:21:46] 146    -40677.2 [    15122.2    5144.3   66706.7    7177.1   49825.8 ]
[24-10-31 15:21:46] 148   -40676.37 [    15122.2    5144.3   66706.7    7177.1   49893.2 ]
[24-10-31 15:21:47] 149   -40675.85 [    15122.2    5144.3   66706.7    7177.1   49934.8 ]
[24-10-31 15:21:47] 150   -40675.54 [    15122.2    5144.3   66706.7    7177.1   49960.6 ]
[24-10-31 15:21:47] 151   -40675.34 [    15122.2    5144.3   66706.7    7177.1   49976.5 ]
[24-10-31 15:21:47] 152   -40675.22 [    15122.2    5144.3   66706.7    7177.1   49986.3 ]
[24-10-31 15:21:48] 153   -40675.15 [    15122.2    5144.3   66706.7    7177.1   49992.4 ]
[24-10-31 15:21:48] 154    -40675.1 [    15122.2    5144.3   66706.7    7177.1   49996.1 ]
[24-10-31 15:21:48] 155   -40675.07 [    15122.2    5144.3   66706.7    7177.1   49998.4 ]
[24-10-31 15:21:48] 158   -40675.07 [    15122.2    5144.3   66706.7    7177.1   49998.4 ]
[24-10-31 15:21:49] 159   -40675.08 [    15123.2    5144.3   66706.7    7177.1   49998.4 ]
[24-10-31 15:21:49] 160   -40675.06 [    15120.6    5144.3   66706.7    7177.1   49998.4 ]
[24-10-31 15:21:49] 161   -40673.57 [    14944.3    5144.3   66706.7    7177.1   49998.4 ]
[24-10-31 15:21:49] 162   -40669.58 [    13592.1    5144.3   66706.7    7177.1   49998.4 ]
[24-10-31 15:21:50] 163   -40709.25 [    11404.2    5144.3   66706.7    7177.1   49998.4 ]
[24-10-31 15:21:50] 164   -40676.05 [    12756.4    5144.3   66706.7    7177.1   49998.4 ]
[24-10-31 15:21:50] 165   -40669.34 [    14108.6    5144.3   66706.7    7177.1   49998.4 ]
[24-10-31 15:21:50] 166   -40669.14 [    13893.0    5144.3   66706.7    7177.1   49998.4 ]
[24-10-31 15:21:51] 167   -40669.14 [    13905.3    5144.3   66706.7    7177.1   49998.4 ]
[24-10-31 15:21:51] 168   -40669.14 [    13880.7    5144.3   66706.7    7177.1   49998.4 ]
[24-10-31 15:21:51] 169   -40669.14 [    13893.0    5144.3   66706.7    7177.1   49998.4 ]
[24-10-31 15:21:51] 170    -40669.1 [    13893.0    5145.3   66706.7    7177.1   49998.4 ]
[24-10-31 15:21:52] 171   -40669.03 [    13893.0    5146.9   66706.7    7177.1   49998.4 ]
[24-10-31 15:21:52] 172   -40667.51 [    13893.0    5220.3   66706.7    7177.1   49998.4 ]
[24-10-31 15:21:52] 173   -40670.82 [    13893.0    5339.0   66706.7    7177.1   49998.4 ]
[24-10-31 15:21:52] 174   -40667.96 [    13893.0    5265.6   66706.7    7177.1   49998.4 ]
[24-10-31 15:21:53] 175   -40667.75 [    13893.0    5192.3   66706.7    7177.1   49998.4 ]
[24-10-31 15:21:53] 176    -40667.5 [    13893.0    5223.4   66706.7    7177.1   49998.4 ]
[24-10-31 15:21:53] 177    -40667.5 [    13893.0    5222.6   66706.7    7177.1   49998.4 ]
[24-10-31 15:21:53] 178    -40667.5 [    13893.0    5224.2   66706.7    7177.1   49998.4 ]
[24-10-31 15:21:54] 179    -40667.5 [    13893.0    5223.4   66706.7    7177.1   49998.4 ]
[24-10-31 15:21:54] 180   -40667.51 [    13893.0    5223.4   66707.7    7177.1   49998.4 ]
[24-10-31 15:21:54] 181   -40667.49 [    13893.0    5223.4   66705.1    7177.1   49998.4 ]
[24-10-31 15:21:54] 182    -40666.3 [    13893.0    5223.4   66528.7    7177.1   49998.4 ]
[24-10-31 15:21:55] 183   -40661.59 [    13893.0    5223.4   65063.7    7177.1   49998.4 ]
[24-10-31 15:21:55] 184   -40673.25 [    13893.0    5223.4   62693.3    7177.1   49998.4 ]
[24-10-31 15:21:55] 185   -40663.26 [    13893.0    5223.4   64158.3    7177.1   49998.4 ]
[24-10-31 15:21:55] 186    -40662.3 [    13893.0    5223.4   65623.3    7177.1   49998.4 ]
[24-10-31 15:21:56] 187   -40661.59 [    13893.0    5223.4   65045.0    7177.1   49998.4 ]
[24-10-31 15:21:56] 188   -40661.59 [    13893.0    5223.4   65028.4    7177.1   49998.4 ]
[24-10-31 15:21:56] 189   -40661.59 [    13893.0    5223.4   65045.0    7177.1   49998.4 ]
[24-10-31 15:21:56] 190   -40661.59 [    13893.0    5223.4   65045.0    7178.1   49998.4 ]
[24-10-31 15:21:57] 191   -40661.58 [    13893.0    5223.4   65045.0    7175.5   49998.4 ]
[24-10-31 15:21:57] 192   -40661.55 [    13893.0    5223.4   65045.0    7131.3   49998.4 ]
[24-10-31 15:21:57] 193   -40661.65 [    13893.0    5223.4   65045.0    7060.0   49998.4 ]
[24-10-31 15:21:57] 194   -40661.56 [    13893.0    5223.4   65045.0    7104.1   49998.4 ]
[24-10-31 15:21:58] 195   -40661.55 [    13893.0    5223.4   65045.0    7148.2   49998.4 ]
[24-10-31 15:21:58] 196   -40661.55 [    13893.0    5223.4   65045.0    7132.2   49998.4 ]
[24-10-31 15:21:58] 197   -40661.55 [    13893.0    5223.4   65045.0    7132.6   49998.4 ]
[24-10-31 15:21:59] 198   -40661.55 [    13893.0    5223.4   65045.0    7132.2   49998.4 ]
[24-10-31 15:21:59] 199   -40661.54 [    13893.0    5223.4   65045.0    7132.2   49999.4 ]
[24-10-31 15:21:59] 202   -40661.54 [    13893.0    5223.4   65045.0    7132.2   49999.0 ]
[24-10-31 15:21:59] 203   -40661.54 [    13893.0    5223.4   65045.0    7132.2   49999.2 ]
[24-10-31 15:22:00] 204   -40661.53 [    13893.0    5223.4   65045.0    7132.2   49999.7 ]
[24-10-31 15:22:00] 205   -40661.53 [    13893.0    5223.4   65045.0    7132.2   49999.8 ]
[24-10-31 15:22:00] 206   -40661.53 [    13893.0    5223.4   65045.0    7132.2   49999.9 ]
[24-10-31 15:22:00] 207   -40661.53 [    13893.0    5223.4   65045.0    7132.2   50000.0 ]
[24-10-31 15:22:01] 208   -40661.53 [    13893.0    5223.4   65045.0    7132.2   50000.0 ]
[24-10-31 15:22:01] 210   -40661.53 [    13893.0    5223.4   65045.0    7132.2   50000.0 ]
[24-10-31 15:22:01] 212   -40661.53 [    13893.0    5223.4   65045.0    7132.2   50000.0 ]
[24-10-31 15:22:01] 213   -40661.53 [    13894.0    5223.4   65045.0    7132.2   50000.0 ]
[24-10-31 15:22:02] 214   -40661.53 [    13891.4    5223.4   65045.0    7132.2   50000.0 ]
[24-10-31 15:22:02] 215   -40661.32 [    13715.0    5223.4   65045.0    7132.2   50000.0 ]
[24-10-31 15:22:02] 216   -40661.31 [    13673.7    5223.4   65045.0    7132.2   50000.0 ]
[24-10-31 15:22:02] 217   -40661.34 [    13607.0    5223.4   65045.0    7132.2   50000.0 ]
[24-10-31 15:22:02] 218   -40661.32 [    13648.2    5223.4   65045.0    7132.2   50000.0 ]
[24-10-31 15:22:03] 219   -40661.31 [    13689.5    5223.4   65045.0    7132.2   50000.0 ]
[24-10-31 15:22:03] 220   -40661.31 [    13677.8    5223.4   65045.0    7132.2   50000.0 ]
[24-10-31 15:22:03] 221   -40661.31 [    13680.0    5223.4   65045.0    7132.2   50000.0 ]
[24-10-31 15:22:03] 222   -40661.31 [    13677.8    5223.4   65045.0    7132.2   50000.0 ]
[24-10-31 15:22:04] 223   -40661.24 [    13677.8    5224.4   65045.0    7132.2   50000.0 ]
[24-10-31 15:22:04] 224   -40661.12 [    13677.8    5226.0   65045.0    7132.2   50000.0 ]
[24-10-31 15:22:04] 225   -40656.47 [    13677.8    5352.5   65045.0    7132.2   50000.0 ]
[24-10-31 15:22:05] 226   -40665.37 [    13677.8    5557.2   65045.0    7132.2   50000.0 ]
[24-10-31 15:22:05] 227   -40657.62 [    13677.8    5430.7   65045.0    7132.2   50000.0 ]
[24-10-31 15:22:05] 228   -40657.25 [    13677.8    5304.2   65045.0    7132.2   50000.0 ]
[24-10-31 15:22:05] 229   -40656.45 [    13677.8    5361.5   65045.0    7132.2   50000.0 ]
[24-10-31 15:22:06] 230   -40656.45 [    13677.8    5360.2   65045.0    7132.2   50000.0 ]
[24-10-31 15:22:06] 231   -40656.45 [    13677.8    5362.9   65045.0    7132.2   50000.0 ]
[24-10-31 15:22:06] 232   -40656.45 [    13677.8    5361.5   65045.0    7132.2   50000.0 ]
[24-10-31 15:22:06] 233   -40656.45 [    13677.8    5361.5   65046.0    7132.2   50000.0 ]
[24-10-31 15:22:07] 234   -40656.44 [    13677.8    5361.5   65043.4    7132.2   50000.0 ]
[24-10-31 15:22:07] 235   -40655.32 [    13677.8    5361.5   64867.0    7132.2   50000.0 ]
[24-10-31 15:22:07] 236   -40650.94 [    13677.8    5361.5   63416.2    7132.2   50000.0 ]
[24-10-31 15:22:07] 237   -40661.79 [    13677.8    5361.5   61068.8    7132.2   50000.0 ]
[24-10-31 15:22:08] 238    -40652.5 [    13677.8    5361.5   62519.6    7132.2   50000.0 ]
[24-10-31 15:22:08] 239    -40651.6 [    13677.8    5361.5   63970.4    7132.2   50000.0 ]
[24-10-31 15:22:08] 240   -40650.94 [    13677.8    5361.5   63398.3    7132.2   50000.0 ]
[24-10-31 15:22:08] 241   -40650.94 [    13677.8    5361.5   63381.9    7132.2   50000.0 ]
[24-10-31 15:22:09] 242   -40650.94 [    13677.8    5361.5   63398.3    7132.2   50000.0 ]
[24-10-31 15:22:09] 243   -40650.95 [    13677.8    5361.5   63398.3    7133.2   50000.0 ]
[24-10-31 15:22:09] 244   -40650.94 [    13677.8    5361.5   63398.3    7130.5   50000.0 ]
[24-10-31 15:22:10] 245   -40650.58 [    13677.8    5361.5   63398.3    6986.6   50000.0 ]
[24-10-31 15:22:10] 246   -40651.81 [    13677.8    5361.5   63398.3    6753.6   50000.0 ]
[24-10-31 15:22:10] 247   -40650.77 [    13677.8    5361.5   63398.3    6897.6   50000.0 ]
[24-10-31 15:22:10] 248   -40650.62 [    13677.8    5361.5   63398.3    7041.5   50000.0 ]
[24-10-31 15:22:11] 249   -40650.57 [    13677.8    5361.5   63398.3    6994.5   50000.0 ]
[24-10-31 15:22:11] 250   -40650.57 [    13677.8    5361.5   63398.3    6993.1   50000.0 ]
[24-10-31 15:22:11] 251   -40650.57 [    13677.8    5361.5   63398.3    6995.9   50000.0 ]
[24-10-31 15:22:11] 252   -40650.57 [    13677.8    5361.5   63398.3    6994.5   50000.0 ]
[24-10-31 15:22:12] 254   -40650.59 [    13677.8    5361.5   63398.3    6994.5   49998.4 ]
[24-10-31 15:22:12] 255   -40650.58 [    13677.8    5361.5   63398.3    6994.5   49999.4 ]
[24-10-31 15:22:12] 257   -40650.58 [    13677.8    5361.5   63398.3    6994.5   49999.7 ]
[24-10-31 15:22:12] 259   -40650.58 [    13677.8    5361.5   63398.3    6994.5   49999.9 ]
[24-10-31 15:22:13] 261   -40650.57 [    13677.8    5361.5   63398.3    6994.5   49999.9 ]
[24-10-31 15:22:13] 263   -40650.57 [    13677.8    5361.5   63398.3    6994.5   50000.0 ]
[24-10-31 15:22:13] 265   -40650.57 [    13677.8    5361.5   63398.3    6994.5   50000.0 ]
[24-10-31 15:22:14] 266   -40650.57 [    13677.8    5361.5   63398.3    6994.5   50000.0 ]
[24-10-31 15:22:14] 267   -40650.57 [    13677.8    5361.5   63398.3    6994.5   50000.0 ]
[24-10-31 15:22:14] 268   -40650.57 [    13677.8    5361.5   63398.3    6994.5   50000.0 ]
[24-10-31 15:22:14] 270   -40650.57 [    13677.8    5361.5   63398.3    6994.5   50000.0 ]
[24-10-31 15:22:15] 272   -40650.57 [    13677.8    5361.5   63398.3    6994.5   50000.0 ]
[24-10-31 15:22:15] 274   -40650.57 [    13677.8    5361.5   63398.3    6994.5   50000.0 ]
[24-10-31 15:22:15] 276   -40650.57 [    13677.8    5361.5   63398.3    6994.5   50000.0 ]
[24-10-31 15:22:15] 277   -40650.57 [    13678.8    5361.5   63398.3    6994.5   50000.0 ]
[24-10-31 15:22:16] 278   -40650.57 [    13676.2    5361.5   63398.3    6994.5   50000.0 ]
[24-10-31 15:22:16] 279   -40650.57 [    13662.7    5361.5   63398.3    6994.5   50000.0 ]
[24-10-31 15:22:16] 280   -40650.58 [    13641.0    5361.5   63398.3    6994.5   50000.0 ]
[24-10-31 15:22:17] 281   -40650.57 [    13654.4    5361.5   63398.3    6994.5   50000.0 ]
[24-10-31 15:22:17] 282   -40650.57 [    13667.9    5361.5   63398.3    6994.5   50000.0 ]
[24-10-31 15:22:18] 283   -40650.57 [    13662.9    5361.5   63398.3    6994.5   50000.0 ]
[24-10-31 15:22:18] 284   -40650.57 [    13662.6    5361.5   63398.3    6994.5   50000.0 ]
[24-10-31 15:22:18] 285   -40650.57 [    13662.7    5361.5   63398.3    6994.5   50000.0 ]
[24-10-31 15:22:19] 286    -40650.5 [    13662.7    5362.5   63398.3    6994.5   50000.0 ]
[24-10-31 15:22:19] 287   -40650.37 [    13662.7    5364.2   63398.3    6994.5   50000.0 ]
[24-10-31 15:22:20] 288   -40644.66 [    13662.7    5506.8   63398.3    6994.5   50000.0 ]
[24-10-31 15:22:20] 289   -40655.23 [    13662.7    5737.7   63398.3    6994.5   50000.0 ]
[24-10-31 15:22:21] 290   -40646.01 [    13662.7    5595.0   63398.3    6994.5   50000.0 ]
[24-10-31 15:22:21] 291   -40645.64 [    13662.7    5452.3   63398.3    6994.5   50000.0 ]
[24-10-31 15:22:22] 292   -40644.64 [    13662.7    5518.1   63398.3    6994.5   50000.0 ]
[24-10-31 15:22:22] 293   -40644.64 [    13662.7    5516.5   63398.3    6994.5   50000.0 ]
[24-10-31 15:22:23] 294   -40644.64 [    13662.7    5515.0   63398.3    6994.5   50000.0 ]
[24-10-31 15:22:23] 295   -40644.64 [    13662.7    5516.5   63398.3    6994.5   50000.0 ]
[24-10-31 15:22:24] 296   -40644.64 [    13662.7    5516.5   63399.3    6994.5   50000.0 ]
[24-10-31 15:22:24] 297   -40644.63 [    13662.7    5516.5   63396.7    6994.5   50000.0 ]
[24-10-31 15:22:24] 298   -40643.54 [    13662.7    5516.5   63220.4    6994.5   50000.0 ]
[24-10-31 15:22:25] 299   -40639.21 [    13662.7    5516.5   61733.0    6994.5   50000.0 ]
[24-10-31 15:22:25] 300   -40649.97 [    13662.7    5516.5   59326.3    6994.5   50000.0 ]
[24-10-31 15:22:26] 301   -40640.75 [    13662.7    5516.5   60813.7    6994.5   50000.0 ]
[24-10-31 15:22:26] 302   -40639.86 [    13662.7    5516.5   62301.1    6994.5   50000.0 ]
[24-10-31 15:22:27] 303   -40639.21 [    13662.7    5516.5   61714.8    6994.5   50000.0 ]
[24-10-31 15:22:27] 304   -40639.21 [    13662.7    5516.5   61698.0    6994.5   50000.0 ]
[24-10-31 15:22:28] 305   -40639.21 [    13662.7    5516.5   61714.8    6994.5   50000.0 ]
[24-10-31 15:22:28] 306   -40639.21 [    13662.7    5516.5   61714.8    6995.5   50000.0 ]
[24-10-31 15:22:28] 307   -40639.19 [    13662.7    5516.5   61714.8    6992.9   50000.0 ]
[24-10-31 15:22:29] 308   -40638.67 [    13662.7    5516.5   61714.8    6819.3   50000.0 ]
[24-10-31 15:22:29] 309   -40640.58 [    13662.7    5516.5   61714.8    6538.5   50000.0 ]
[24-10-31 15:22:30] 310   -40638.96 [    13662.7    5516.5   61714.8    6712.0   50000.0 ]
[24-10-31 15:22:30] 311   -40638.73 [    13662.7    5516.5   61714.8    6885.6   50000.0 ]
[24-10-31 15:22:31] 312   -40638.66 [    13662.7    5516.5   61714.8    6830.9   50000.0 ]
[24-10-31 15:22:31] 313   -40638.66 [    13662.7    5516.5   61714.8    6829.3   50000.0 ]
[24-10-31 15:22:32] 314   -40638.66 [    13662.7    5516.5   61714.8    6832.6   50000.0 ]
[24-10-31 15:22:32] 315   -40638.66 [    13662.7    5516.5   61714.8    6830.9   50000.0 ]
[24-10-31 15:22:33] 317   -40638.68 [    13662.7    5516.5   61714.8    6830.9   49998.4 ]
[24-10-31 15:22:33] 318   -40638.67 [    13662.7    5516.5   61714.8    6830.9   49999.4 ]
[24-10-31 15:22:33] 320   -40638.67 [    13662.7    5516.5   61714.8    6830.9   49999.7 ]
[24-10-31 15:22:34] 322   -40638.67 [    13662.7    5516.5   61714.8    6830.9   49999.9 ]
[24-10-31 15:22:34] 324   -40638.66 [    13662.7    5516.5   61714.8    6830.9   50000.0 ]
[24-10-31 15:22:35] 326   -40638.66 [    13662.7    5516.5   61714.8    6830.9   50000.0 ]
[24-10-31 15:22:35] 328   -40638.66 [    13662.7    5516.5   61714.8    6830.9   50000.0 ]
[24-10-31 15:22:36] 330   -40638.66 [    13662.7    5516.5   61714.8    6830.9   50000.0 ]
[24-10-31 15:22:36] 332   -40638.66 [    13662.7    5516.5   61714.8    6830.9   50000.0 ]
[24-10-31 15:22:37] 334   -40638.66 [    13662.7    5516.5   61714.8    6830.9   50000.0 ]
[24-10-31 15:22:37] 336   -40638.66 [    13662.7    5516.5   61714.8    6830.9   50000.0 ]
[24-10-31 15:22:37] 337   -40638.66 [    13662.7    5516.5   61714.8    6830.9   50000.0 ]
[24-10-31 15:22:38] 339   -40638.66 [    13662.7    5516.5   61714.8    6830.9   50000.0 ]
[24-10-31 15:22:38] 340   -40638.66 [    13662.7    5516.5   61714.8    6830.9   50000.0 ]
[24-10-31 15:22:39] 341   -40638.66 [    13662.7    5516.5   61714.8    6830.9   50000.0 ]
[24-10-31 15:22:39] 342   -40638.66 [    13662.7    5516.5   61714.8    6830.9   50000.0 ]
[24-10-31 15:22:40] 344   -40638.66 [    13662.7    5516.5   61714.8    6830.9   50000.0 ]
[24-10-31 15:22:40] 345   -40638.66 [    13662.7    5516.5   61714.8    6830.9   50000.0 ]
[24-10-31 15:22:40] 346   -40638.66 [    13662.7    5516.5   61714.8    6830.9   50000.0 ]
[24-10-31 15:22:41] 348   -40638.66 [    13662.7    5516.5   61714.8    6830.9   50000.0 ]
[24-10-31 15:22:41] 349   -40638.66 [    13663.7    5516.5   61714.8    6830.9   50000.0 ]
[24-10-31 15:22:42] 350   -40638.66 [    13665.4    5516.5   61714.8    6830.9   50000.0 ]
[24-10-31 15:22:42] 351   -40638.66 [    13692.4    5516.5   61714.8    6830.9   50000.0 ]
[24-10-31 15:22:43] 352   -40638.67 [    13736.1    5516.5   61714.8    6830.9   50000.0 ]
[24-10-31 15:22:43] 353   -40638.66 [    13709.1    5516.5   61714.8    6830.9   50000.0 ]
[24-10-31 15:22:44] 354   -40638.66 [    13682.0    5516.5   61714.8    6830.9   50000.0 ]
[24-10-31 15:22:44] 355   -40638.66 [    13692.7    5516.5   61714.8    6830.9   50000.0 ]
[24-10-31 15:22:45] 356   -40638.66 [    13693.0    5516.5   61714.8    6830.9   50000.0 ]
[24-10-31 15:22:45] 357   -40638.66 [    13692.7    5516.5   61714.8    6830.9   50000.0 ]
[24-10-31 15:22:45] 358   -40638.58 [    13692.7    5517.5   61714.8    6830.9   50000.0 ]
[24-10-31 15:22:46] 359   -40638.46 [    13692.7    5519.1   61714.8    6830.9   50000.0 ]
[24-10-31 15:22:46] 360   -40632.35 [    13692.7    5670.6   61714.8    6830.9   50000.0 ]
[24-10-31 15:22:47] 361   -40643.54 [    13692.7    5915.6   61714.8    6830.9   50000.0 ]
[24-10-31 15:22:47] 362   -40633.77 [    13692.7    5764.1   61714.8    6830.9   50000.0 ]
[24-10-31 15:22:48] 363    -40633.4 [    13692.7    5612.7   61714.8    6830.9   50000.0 ]
[24-10-31 15:22:48] 364   -40632.32 [    13692.7    5682.9   61714.8    6830.9   50000.0 ]
[24-10-31 15:22:49] 365   -40632.32 [    13692.7    5681.2   61714.8    6830.9   50000.0 ]
[24-10-31 15:22:49] 366   -40632.32 [    13692.7    5679.6   61714.8    6830.9   50000.0 ]
[24-10-31 15:22:50] 367   -40632.32 [    13692.7    5681.2   61714.8    6830.9   50000.0 ]
[24-10-31 15:22:50] 368   -40632.32 [    13692.7    5681.2   61715.8    6830.9   50000.0 ]
[24-10-31 15:22:50] 369   -40632.31 [    13692.7    5681.2   61713.2    6830.9   50000.0 ]
[24-10-31 15:22:51] 370   -40631.24 [    13692.7    5681.2   61536.8    6830.9   50000.0 ]
[24-10-31 15:22:51] 371   -40626.76 [    13692.7    5681.2   59980.7    6830.9   50000.0 ]
[24-10-31 15:22:52] 372   -40637.87 [    13692.7    5681.2   57462.7    6830.9   50000.0 ]
[24-10-31 15:22:52] 373   -40628.35 [    13692.7    5681.2   59018.9    6830.9   50000.0 ]
[24-10-31 15:22:53] 374   -40627.44 [    13692.7    5681.2   60575.1    6830.9   50000.0 ]
[24-10-31 15:22:53] 375   -40626.76 [    13692.7    5681.2   59961.6    6830.9   50000.0 ]
[24-10-31 15:22:54] 376   -40626.76 [    13692.7    5681.2   59944.1    6830.9   50000.0 ]
[24-10-31 15:22:54] 377   -40626.76 [    13692.7    5681.2   59961.6    6830.9   50000.0 ]
[24-10-31 15:22:55] 378   -40626.77 [    13692.7    5681.2   59961.6    6831.9   50000.0 ]
[24-10-31 15:22:55] 379   -40626.75 [    13692.7    5681.2   59961.6    6829.3   50000.0 ]
[24-10-31 15:22:55] 380    -40626.1 [    13692.7    5681.2   59961.6    6652.9   50000.0 ]
[24-10-31 15:22:56] 381    -40626.1 [    13692.7    5681.2   59961.6    6649.3   50000.0 ]
[24-10-31 15:22:56] 382    -40626.2 [    13692.7    5681.2   59961.6    6720.3   50000.0 ]
[24-10-31 15:22:57] 383   -40626.12 [    13692.7    5681.2   59961.6    6678.7   50000.0 ]
[24-10-31 15:22:57] 384    -40626.1 [    13692.7    5681.2   59961.6    6654.7   50000.0 ]
[24-10-31 15:22:58] 385    -40626.1 [    13692.7    5681.2   59961.6    6651.2   50000.0 ]
[24-10-31 15:22:58] 386    -40626.1 [    13692.7    5681.2   59961.6    6652.9   50000.0 ]
[24-10-31 15:22:59] 388   -40626.12 [    13692.7    5681.2   59961.6    6652.9   49998.4 ]
[24-10-31 15:22:59] 389   -40626.11 [    13692.7    5681.2   59961.6    6652.9   49999.4 ]
[24-10-31 15:23:00] 391   -40626.11 [    13692.7    5681.2   59961.6    6652.9   49999.7 ]
[24-10-31 15:23:00] 393    -40626.1 [    13692.7    5681.2   59961.6    6652.9   49999.9 ]
[24-10-31 15:23:01] 395    -40626.1 [    13692.7    5681.2   59961.6    6652.9   50000.0 ]
[24-10-31 15:23:01] 397    -40626.1 [    13692.7    5681.2   59961.6    6652.9   50000.0 ]
[24-10-31 15:23:01] 399    -40626.1 [    13692.7    5681.2   59961.6    6652.9   50000.0 ]
[24-10-31 15:23:02] 401    -40626.1 [    13692.7    5681.2   59961.6    6652.9   50000.0 ]
[24-10-31 15:23:02] 403    -40626.1 [    13692.7    5681.2   59961.6    6652.9   50000.0 ]
[24-10-31 15:23:03] 405    -40626.1 [    13692.7    5681.2   59961.6    6652.9   50000.0 ]
[24-10-31 15:23:03] 407    -40626.1 [    13692.7    5681.2   59961.6    6652.9   50000.0 ]
[24-10-31 15:23:04] 409    -40626.1 [    13692.7    5681.2   59961.6    6652.9   50000.0 ]
[24-10-31 15:23:04] 411    -40626.1 [    13692.7    5681.2   59961.6    6652.9   50000.0 ]
[24-10-31 15:23:05] 413    -40626.1 [    13692.7    5681.2   59961.6    6652.9   50000.0 ]
[24-10-31 15:23:05] 415    -40626.1 [    13692.7    5681.2   59961.6    6652.9   50000.0 ]
[24-10-31 15:23:05] 417    -40626.1 [    13692.7    5681.2   59961.6    6652.9   50000.0 ]
[24-10-31 15:23:06] 419    -40626.1 [    13692.7    5681.2   59961.6    6652.9   50000.0 ]
[24-10-31 15:23:06] 420    -40626.1 [    13692.7    5681.2   59961.6    6652.9   50000.0 ]
[24-10-31 15:23:07] 421    -40626.1 [    13692.7    5681.2   59961.6    6652.9   50000.0 ]
[24-10-31 15:23:07] 423    -40626.1 [    13692.7    5681.2   59961.6    6652.9   50000.0 ]
[24-10-31 15:23:08] 424    -40626.1 [    13692.7    5681.2   59961.6    6652.9   50000.0 ]
[24-10-31 15:23:08] 426    -40626.1 [    13692.7    5681.2   59961.6    6652.9   50000.0 ]
[24-10-31 15:23:09] 428    -40626.1 [    13692.7    5681.2   59961.6    6652.9   50000.0 ]
[24-10-31 15:23:09] 429    -40626.1 [    13692.7    5681.2   59961.6    6652.9   50000.0 ]
[24-10-31 15:23:09] 431    -40626.1 [    13692.7    5681.2   59961.6    6652.9   50000.0 ]
[24-10-31 15:23:10] 432    -40626.1 [    13693.7    5681.2   59961.6    6652.9   50000.0 ]
[24-10-31 15:23:10] 433    -40626.1 [    13695.3    5681.2   59961.6    6652.9   50000.0 ]
[24-10-31 15:23:11] 434   -40626.09 [    13734.2    5681.2   59961.6    6652.9   50000.0 ]
[24-10-31 15:23:11] 435   -40626.11 [    13797.3    5681.2   59961.6    6652.9   50000.0 ]
[24-10-31 15:23:12] 436    -40626.1 [    13758.3    5681.2   59961.6    6652.9   50000.0 ]
[24-10-31 15:23:12] 437    -40626.1 [    13719.4    5681.2   59961.6    6652.9   50000.0 ]
[24-10-31 15:23:13] 438   -40626.09 [    13734.7    5681.2   59961.6    6652.9   50000.0 ]
[24-10-31 15:23:13] 439   -40626.09 [    13735.1    5681.2   59961.6    6652.9   50000.0 ]
[24-10-31 15:23:13] 440   -40626.09 [    13734.7    5681.2   59961.6    6652.9   50000.0 ]
[24-10-31 15:23:14] 441   -40626.02 [    13734.7    5682.2   59961.6    6652.9   50000.0 ]
[24-10-31 15:23:14] 442   -40625.89 [    13734.7    5683.8   59961.6    6652.9   50000.0 ]
[24-10-31 15:23:15] 443   -40619.52 [    13734.7    5842.7   59961.6    6652.9   50000.0 ]
[24-10-31 15:23:15] 444   -40631.11 [    13734.7    6099.8   59961.6    6652.9   50000.0 ]
[24-10-31 15:23:16] 445   -40620.99 [    13734.7    5940.9   59961.6    6652.9   50000.0 ]
[24-10-31 15:23:16] 446   -40620.62 [    13734.7    5782.0   59961.6    6652.9   50000.0 ]
[24-10-31 15:23:17] 447   -40619.49 [    13734.7    5855.9   59961.6    6652.9   50000.0 ]
[24-10-31 15:23:17] 448   -40619.49 [    13734.7    5854.2   59961.6    6652.9   50000.0 ]
[24-10-31 15:23:17] 449   -40619.49 [    13734.7    5852.4   59961.6    6652.9   50000.0 ]
[24-10-31 15:23:18] 450   -40619.49 [    13734.7    5854.2   59961.6    6652.9   50000.0 ]
[24-10-31 15:23:18] 451    -40619.5 [    13734.7    5854.2   59962.6    6652.9   50000.0 ]
[24-10-31 15:23:19] 452   -40619.48 [    13734.7    5854.2   59960.0    6652.9   50000.0 ]
[24-10-31 15:23:19] 453   -40618.43 [    13734.7    5854.2   59783.6    6652.9   50000.0 ]
[24-10-31 15:23:20] 454   -40613.79 [    13734.7    5854.2   58152.3    6652.9   50000.0 ]
[24-10-31 15:23:20] 455    -40625.3 [    13734.7    5854.2   55512.8    6652.9   50000.0 ]
[24-10-31 15:23:20] 456   -40615.44 [    13734.7    5854.2   57144.1    6652.9   50000.0 ]
[24-10-31 15:23:20] 457   -40614.49 [    13734.7    5854.2   58775.4    6652.9   50000.0 ]
[24-10-31 15:23:21] 458   -40613.79 [    13734.7    5854.2   58132.1    6652.9   50000.0 ]
[24-10-31 15:23:21] 459   -40613.79 [    13734.7    5854.2   58113.8    6652.9   50000.0 ]
[24-10-31 15:23:21] 460   -40613.79 [    13734.7    5854.2   58132.1    6652.9   50000.0 ]
[24-10-31 15:23:21] 461    -40613.8 [    13734.7    5854.2   58132.1    6653.9   50000.0 ]
[24-10-31 15:23:22] 462   -40613.78 [    13734.7    5854.2   58132.1    6651.3   50000.0 ]
[24-10-31 15:23:22] 463   -40613.03 [    13734.7    5854.2   58132.1    6474.9   50000.0 ]
[24-10-31 15:23:22] 464   -40613.03 [    13734.7    5854.2   58132.1    6461.4   50000.0 ]
[24-10-31 15:23:22] 465   -40613.04 [    13734.7    5854.2   58132.1    6439.4   50000.0 ]
[24-10-31 15:23:23] 466   -40613.03 [    13734.7    5854.2   58132.1    6453.0   50000.0 ]
[24-10-31 15:23:23] 467   -40613.03 [    13734.7    5854.2   58132.1    6466.6   50000.0 ]
[24-10-31 15:23:23] 468   -40613.03 [    13734.7    5854.2   58132.1    6468.4   50000.0 ]
[24-10-31 15:23:23] 469   -40613.03 [    13734.7    5854.2   58132.1    6464.7   50000.0 ]
[24-10-31 15:23:24] 470   -40613.03 [    13734.7    5854.2   58132.1    6466.6   50000.0 ]
[24-10-31 15:23:24] 472   -40613.04 [    13734.7    5854.2   58132.1    6466.6   49998.4 ]
[24-10-31 15:23:24] 473   -40613.03 [    13734.7    5854.2   58132.1    6466.6   49999.4 ]
[24-10-31 15:23:24] 475   -40613.03 [    13734.7    5854.2   58132.1    6466.6   49999.7 ]
[24-10-31 15:23:25] 477   -40613.03 [    13734.7    5854.2   58132.1    6466.6   49999.9 ]
[24-10-31 15:23:25] 479   -40613.03 [    13734.7    5854.2   58132.1    6466.6   50000.0 ]
[24-10-31 15:23:25] 481   -40613.03 [    13734.7    5854.2   58132.1    6466.6   50000.0 ]
[24-10-31 15:23:26] 483   -40613.03 [    13734.7    5854.2   58132.1    6466.6   50000.0 ]
[24-10-31 15:23:26] 485   -40613.03 [    13734.7    5854.2   58132.1    6466.6   50000.0 ]
[24-10-31 15:23:26] 487   -40613.03 [    13734.7    5854.2   58132.1    6466.6   50000.0 ]
[24-10-31 15:23:27] 489   -40613.03 [    13734.7    5854.2   58132.1    6466.6   50000.0 ]
[24-10-31 15:23:27] 491   -40613.03 [    13734.7    5854.2   58132.1    6466.6   50000.0 ]
[24-10-31 15:23:28] 493   -40613.03 [    13734.7    5854.2   58132.1    6466.6   50000.0 ]
[24-10-31 15:23:28] 495   -40613.03 [    13734.7    5854.2   58132.1    6466.6   50000.0 ]
[24-10-31 15:23:29] 497   -40613.03 [    13734.7    5854.2   58132.1    6466.6   50000.0 ]
[24-10-31 15:23:29] 499   -40613.03 [    13734.7    5854.2   58132.1    6466.6   50000.0 ]
[24-10-31 15:23:30] 501   -40613.03 [    13734.7    5854.2   58132.1    6466.6   50000.0 ]
[24-10-31 15:23:30] 503   -40613.03 [    13734.7    5854.2   58132.1    6466.6   50000.0 ]
[24-10-31 15:23:31] 505   -40613.03 [    13734.7    5854.2   58132.1    6466.6   50000.0 ]
[24-10-31 15:23:31] 507   -40613.03 [    13734.7    5854.2   58132.1    6466.6   50000.0 ]
[24-10-31 15:23:31] 509   -40613.03 [    13734.7    5854.2   58132.1    6466.6   50000.0 ]
[24-10-31 15:23:32] 511   -40613.03 [    13734.7    5854.2   58132.1    6466.6   50000.0 ]
[24-10-31 15:23:32] 512   -40613.03 [    13734.7    5854.2   58132.1    6466.6   50000.0 ]
[24-10-31 15:23:33] 516   -40613.03 [    13734.7    5854.2   58132.1    6466.6   50000.0 ]
[24-10-31 15:23:33] 517   -40613.03 [    13734.7    5854.2   58132.1    6466.6   50000.0 ]
[24-10-31 15:23:34] 518   -40613.03 [    13734.7    5854.2   58132.1    6466.6   50000.0 ]
[24-10-31 15:23:34] 519   -40613.03 [    13734.7    5854.2   58132.1    6466.6   50000.0 ]
[24-10-31 15:23:35] 520   -40613.03 [    13734.7    5854.2   58132.1    6466.6   50000.0 ]
[24-10-31 15:23:35] 522   -40613.03 [    13734.7    5854.2   58132.1    6466.6   50000.0 ]
[24-10-31 15:23:36] 523   -40613.03 [    13735.7    5854.2   58132.1    6466.6   50000.0 ]
[24-10-31 15:23:36] 524   -40613.03 [    13737.3    5854.2   58132.1    6466.6   50000.0 ]
[24-10-31 15:23:36] 525   -40613.02 [    13781.7    5854.2   58132.1    6466.6   50000.0 ]
[24-10-31 15:23:37] 526   -40613.04 [    13853.4    5854.2   58132.1    6466.6   50000.0 ]
[24-10-31 15:23:37] 527   -40613.02 [    13809.1    5854.2   58132.1    6466.6   50000.0 ]
[24-10-31 15:23:38] 528   -40613.02 [    13764.7    5854.2   58132.1    6466.6   50000.0 ]
[24-10-31 15:23:38] 529   -40613.02 [    13782.1    5854.2   58132.1    6466.6   50000.0 ]
[24-10-31 15:23:39] 530   -40613.02 [    13782.6    5854.2   58132.1    6466.6   50000.0 ]
[24-10-31 15:23:39] 531   -40613.02 [    13782.1    5854.2   58132.1    6466.6   50000.0 ]
[24-10-31 15:23:40] 532   -40612.94 [    13782.1    5855.2   58132.1    6466.6   50000.0 ]
[24-10-31 15:23:40] 533   -40612.82 [    13782.1    5856.8   58132.1    6466.6   50000.0 ]
[24-10-31 15:23:41] 534   -40606.25 [    13782.1    6022.7   58132.1    6466.6   50000.0 ]
[24-10-31 15:23:41] 535   -40618.14 [    13782.1    6291.2   58132.1    6466.6   50000.0 ]
[24-10-31 15:23:41] 536   -40607.75 [    13782.1    6125.2   58132.1    6466.6   50000.0 ]
[24-10-31 15:23:42] 537   -40607.39 [    13782.1    5959.3   58132.1    6466.6   50000.0 ]
[24-10-31 15:23:42] 538   -40606.22 [    13782.1    6036.7   58132.1    6466.6   50000.0 ]
[24-10-31 15:23:43] 539   -40606.22 [    13782.1    6034.8   58132.1    6466.6   50000.0 ]
[24-10-31 15:23:43] 540   -40606.22 [    13782.1    6033.0   58132.1    6466.6   50000.0 ]
[24-10-31 15:23:44] 541   -40606.22 [    13782.1    6034.8   58132.1    6466.6   50000.0 ]
[24-10-31 15:23:44] 542   -40606.23 [    13782.1    6034.8   58133.1    6466.6   50000.0 ]
[24-10-31 15:23:45] 543   -40606.21 [    13782.1    6034.8   58130.5    6466.6   50000.0 ]
[24-10-31 15:23:45] 544   -40605.18 [    13782.1    6034.8   57954.1    6466.6   50000.0 ]
[24-10-31 15:23:45] 545   -40600.39 [    13782.1    6034.8   56249.0    6466.6   50000.0 ]
[24-10-31 15:23:46] 546   -40612.25 [    13782.1    6034.8   53489.9    6466.6   50000.0 ]
[24-10-31 15:23:46] 547   -40602.09 [    13782.1    6034.8   55195.1    6466.6   50000.0 ]
[24-10-31 15:23:47] 548   -40601.11 [    13782.1    6034.8   56900.3    6466.6   50000.0 ]
[24-10-31 15:23:47] 549   -40600.39 [    13782.1    6034.8   56227.8    6466.6   50000.0 ]
[24-10-31 15:23:48] 550   -40600.39 [    13782.1    6034.8   56208.7    6466.6   50000.0 ]
[24-10-31 15:23:48] 551   -40600.39 [    13782.1    6034.8   56227.8    6466.6   50000.0 ]
[24-10-31 15:23:48] 552    -40600.4 [    13782.1    6034.8   56227.8    6467.6   50000.0 ]
[24-10-31 15:23:49] 553   -40600.38 [    13782.1    6034.8   56227.8    6465.0   50000.0 ]
[24-10-31 15:23:49] 554   -40599.51 [    13782.1    6034.8   56227.8    6288.6   50000.0 ]
[24-10-31 15:23:50] 555    -40599.5 [    13782.1    6034.8   56227.8    6263.5   50000.0 ]
[24-10-31 15:23:50] 556   -40599.55 [    13782.1    6034.8   56227.8    6223.0   50000.0 ]
[24-10-31 15:23:50] 557   -40599.51 [    13782.1    6034.8   56227.8    6248.1   50000.0 ]
[24-10-31 15:23:51] 558    -40599.5 [    13782.1    6034.8   56227.8    6273.1   50000.0 ]
[24-10-31 15:23:51] 559    -40599.5 [    13782.1    6034.8   56227.8    6270.1   50000.0 ]
[24-10-31 15:23:51] 560    -40599.5 [    13782.1    6034.8   56227.8    6268.2   50000.0 ]
[24-10-31 15:23:52] 561    -40599.5 [    13782.1    6034.8   56227.8    6270.1   50000.0 ]
[24-10-31 15:23:52] 563   -40599.51 [    13782.1    6034.8   56227.8    6270.1   49998.4 ]
[24-10-31 15:23:53] 564    -40599.5 [    13782.1    6034.8   56227.8    6270.1   49999.4 ]
[24-10-31 15:23:53] 566    -40599.5 [    13782.1    6034.8   56227.8    6270.1   49999.7 ]
[24-10-31 15:23:53] 568    -40599.5 [    13782.1    6034.8   56227.8    6270.1   49999.9 ]
[24-10-31 15:23:54] 570    -40599.5 [    13782.1    6034.8   56227.8    6270.1   50000.0 ]
[24-10-31 15:23:54] 572    -40599.5 [    13782.1    6034.8   56227.8    6270.1   50000.0 ]
[24-10-31 15:23:54] 574    -40599.5 [    13782.1    6034.8   56227.8    6270.1   50000.0 ]
[24-10-31 15:23:55] 576    -40599.5 [    13782.1    6034.8   56227.8    6270.1   50000.0 ]
[24-10-31 15:23:55] 578    -40599.5 [    13782.1    6034.8   56227.8    6270.1   50000.0 ]
[24-10-31 15:23:56] 580    -40599.5 [    13782.1    6034.8   56227.8    6270.1   50000.0 ]
[24-10-31 15:23:56] 582    -40599.5 [    13782.1    6034.8   56227.8    6270.1   50000.0 ]
[24-10-31 15:23:56] 584    -40599.5 [    13782.1    6034.8   56227.8    6270.1   50000.0 ]
[24-10-31 15:23:57] 586    -40599.5 [    13782.1    6034.8   56227.8    6270.1   50000.0 ]
[24-10-31 15:23:57] 588    -40599.5 [    13782.1    6034.8   56227.8    6270.1   50000.0 ]
[24-10-31 15:23:58] 590    -40599.5 [    13782.1    6034.8   56227.8    6270.1   50000.0 ]
[24-10-31 15:23:58] 592    -40599.5 [    13782.1    6034.8   56227.8    6270.1   50000.0 ]
[24-10-31 15:23:58] 594    -40599.5 [    13782.1    6034.8   56227.8    6270.1   50000.0 ]
[24-10-31 15:23:59] 596    -40599.5 [    13782.1    6034.8   56227.8    6270.1   50000.0 ]
[24-10-31 15:23:59] 598    -40599.5 [    13782.1    6034.8   56227.8    6270.1   50000.0 ]
[24-10-31 15:23:59] 600    -40599.5 [    13782.1    6034.8   56227.8    6270.1   50000.0 ]
[24-10-31 15:24:00] 602    -40599.5 [    13782.1    6034.8   56227.8    6270.1   50000.0 ]
[24-10-31 15:24:00] 603    -40599.5 [    13782.1    6034.8   56227.8    6270.1   50000.0 ]
[24-10-31 15:24:01] 604    -40599.5 [    13782.1    6034.8   56227.8    6270.1   50000.0 ]
[24-10-31 15:24:01] 605    -40599.5 [    13782.1    6034.8   56227.8    6270.1   50000.0 ]
[24-10-31 15:24:01] 606    -40599.5 [    13782.1    6034.8   56227.8    6270.1   50000.0 ]
[24-10-31 15:24:02] 607    -40599.5 [    13782.1    6034.8   56227.8    6270.1   50000.0 ]
[24-10-31 15:24:02] 608    -40599.5 [    13782.1    6034.8   56227.8    6270.1   50000.0 ]
[24-10-31 15:24:02] 609    -40599.5 [    13782.1    6034.8   56227.8    6270.1   50000.0 ]
[24-10-31 15:24:03] 610    -40599.5 [    13782.1    6034.8   56227.8    6270.1   50000.0 ]
[24-10-31 15:24:03] 611    -40599.5 [    13782.1    6034.8   56227.8    6270.1   50000.0 ]
[24-10-31 15:24:04] 612   -40586.11 [    13829.6    6215.5   54323.4    6073.7   50000.0 ]
[24-10-31 15:24:04] 613    -40599.5 [    13782.1    6034.8   56227.8    6270.1   50000.0 ]
[24-10-31 15:24:04] 614   -40586.11 [    13829.6    6215.5   54323.4    6073.7   50000.0 ]
[24-10-31 15:24:05] 615   -40564.78 [    13906.4    6507.8   51242.1    5755.8   50000.0 ]
[24-10-31 15:24:05] 619   -40504.25 [    14133.9    7374.0   42112.8    4814.1   50000.0 ]
[24-10-31 15:24:06] 620   -40533.97 [    14020.1    6940.9   46677.5    5285.0   50000.0 ]
[24-10-31 15:24:06] 623   -40515.46 [    14090.4    7208.5   43856.3    4994.0   50000.0 ]
[24-10-31 15:24:07] 624   -40499.03 [    14154.4    7452.1   41289.6    4729.2   50000.0 ]
[24-10-31 15:24:07] 625   -40495.82 [    14167.1    7500.3   40780.8    4676.7   50000.0 ]
[24-10-31 15:24:08] 626   -40493.84 [    14174.9    7530.2   40466.4    4644.3   50000.0 ]
[24-10-31 15:24:08] 627   -40492.62 [    14179.7    7548.6   40272.0    4624.2   50000.0 ]
[24-10-31 15:24:08] 628   -40492.62 [    14179.7    7548.6   40272.0    4624.2   50000.0 ]
[24-10-31 15:24:09] 629   -40492.62 [    14180.7    7548.6   40272.0    4624.2   50000.0 ]
[24-10-31 15:24:09] 630   -40492.62 [    14182.4    7548.6   40272.0    4624.2   50000.0 ]
[24-10-31 15:24:10] 631   -40492.58 [    14282.0    7548.6   40272.0    4624.2   50000.0 ]
[24-10-31 15:24:10] 632   -40492.68 [    14443.2    7548.6   40272.0    4624.2   50000.0 ]
[24-10-31 15:24:11] 633   -40492.59 [    14343.6    7548.6   40272.0    4624.2   50000.0 ]
[24-10-31 15:24:11] 634   -40492.59 [    14243.9    7548.6   40272.0    4624.2   50000.0 ]
[24-10-31 15:24:12] 635   -40492.58 [    14284.1    7548.6   40272.0    4624.2   50000.0 ]
[24-10-31 15:24:12] 636   -40492.58 [    14285.1    7548.6   40272.0    4624.2   50000.0 ]
[24-10-31 15:24:12] 637   -40492.58 [    14283.0    7548.6   40272.0    4624.2   50000.0 ]
[24-10-31 15:24:13] 638   -40492.58 [    14284.1    7548.6   40272.0    4624.2   50000.0 ]
[24-10-31 15:24:13] 640   -40492.59 [    14284.1    7548.6   40272.0    4624.2   49998.4 ]
[24-10-31 15:24:14] 641   -40492.58 [    14284.1    7548.6   40272.0    4624.2   49999.4 ]
[24-10-31 15:24:14] 643   -40492.58 [    14284.1    7548.6   40272.0    4624.2   49999.7 ]
[24-10-31 15:24:15] 645   -40492.58 [    14284.1    7548.6   40272.0    4624.2   49999.9 ]
[24-10-31 15:24:15] 647   -40492.58 [    14284.1    7548.6   40272.0    4624.2   50000.0 ]
[24-10-31 15:24:16] 649   -40492.58 [    14284.1    7548.6   40272.0    4624.2   50000.0 ]
[24-10-31 15:24:16] 651   -40492.58 [    14284.1    7548.6   40272.0    4624.2   50000.0 ]
[24-10-31 15:24:17] 653   -40492.58 [    14284.1    7548.6   40272.0    4624.2   50000.0 ]
[24-10-31 15:24:17] 655   -40492.58 [    14284.1    7548.6   40272.0    4624.2   50000.0 ]
[24-10-31 15:24:18] 657   -40492.58 [    14284.1    7548.6   40272.0    4624.2   50000.0 ]
[24-10-31 15:24:18] 659   -40492.58 [    14284.1    7548.6   40272.0    4624.2   50000.0 ]
[24-10-31 15:24:18] 661   -40492.58 [    14284.1    7548.6   40272.0    4624.2   50000.0 ]
[24-10-31 15:24:19] 663   -40492.58 [    14284.1    7548.6   40272.0    4624.2   50000.0 ]
[24-10-31 15:24:19] 665   -40492.58 [    14284.1    7548.6   40272.0    4624.2   50000.0 ]
[24-10-31 15:24:20] 667   -40492.58 [    14284.1    7548.6   40272.0    4624.2   50000.0 ]
[24-10-31 15:24:20] 669   -40492.58 [    14284.1    7548.6   40272.0    4624.2   50000.0 ]
[24-10-31 15:24:21] 671   -40492.58 [    14284.1    7548.6   40272.0    4624.2   50000.0 ]
[24-10-31 15:24:21] 673   -40492.58 [    14284.1    7548.6   40272.0    4624.2   50000.0 ]
[24-10-31 15:24:22] 675   -40492.58 [    14284.1    7548.6   40272.0    4624.2   50000.0 ]
[24-10-31 15:24:22] 677   -40492.58 [    14284.1    7548.6   40272.0    4624.2   50000.0 ]
[24-10-31 15:24:22] 678   -40492.58 [    14284.1    7548.6   40272.0    4624.2   50000.0 ]
[24-10-31 15:24:23] 679   -40492.58 [    14284.1    7548.6   40272.0    4624.2   50000.0 ]
[24-10-31 15:24:23] 680   -40492.58 [    14284.1    7548.6   40272.0    4624.2   50000.0 ]
[24-10-31 15:24:24] 681   -40492.58 [    14284.1    7548.6   40272.0    4624.2   50000.0 ]
[24-10-31 15:24:24] 682   -40492.58 [    14284.1    7548.6   40272.0    4624.2   50000.0 ]
[24-10-31 15:24:25] 683   -40492.58 [    14284.1    7548.6   40272.0    4624.2   50000.0 ]
[24-10-31 15:24:25] 684   -40492.58 [    14284.1    7548.6   40272.0    4624.2   50000.0 ]
[24-10-31 15:24:26] 685   -40492.58 [    14284.1    7548.6   40272.0    4624.2   50000.0 ]
[24-10-31 15:24:26] 686   -40492.58 [    14284.1    7548.6   40272.0    4624.2   50000.0 ]
[24-10-31 15:24:27] 687   -40492.58 [    14284.1    7548.6   40272.0    4624.2   50000.0 ]
[24-10-31 15:24:27] 688   -40492.58 [    14284.1    7548.6   40272.0    4624.2   50000.0 ]
[24-10-31 15:24:27] 689   -40492.58 [    14284.1    7548.6   40273.0    4624.2   50000.0 ]
[24-10-31 15:24:28] 690   -40492.58 [    14284.1    7548.6   40274.7    4624.2   50000.0 ]
[24-10-31 15:24:28] 691   -40492.57 [    14284.1    7548.6   40371.3    4624.2   50000.0 ]
[24-10-31 15:24:29] 692    -40492.6 [    14284.1    7548.6   40527.6    4624.2   50000.0 ]
[24-10-31 15:24:29] 693   -40492.57 [    14284.1    7548.6   40431.0    4624.2   50000.0 ]
[24-10-31 15:24:30] 694   -40492.57 [    14284.1    7548.6   40334.4    4624.2   50000.0 ]
[24-10-31 15:24:30] 695   -40492.57 [    14284.1    7548.6   40370.3    4624.2   50000.0 ]
[24-10-31 15:24:31] 696   -40492.57 [    14284.1    7548.6   40372.3    4624.2   50000.0 ]
[24-10-31 15:24:31] 697   -40492.57 [    14284.1    7548.6   40371.3    4624.2   50000.0 ]
[24-10-31 15:24:32] 698   -40492.57 [    14284.1    7548.6   40371.3    4625.2   50000.0 ]
[24-10-31 15:24:32] 699   -40492.56 [    14284.1    7548.6   40371.3    4622.6   50000.0 ]
[24-10-31 15:24:32] 700   -40492.49 [    14284.1    7548.6   40371.3    4580.4   50000.0 ]
[24-10-31 15:24:33] 701    -40492.7 [    14284.1    7548.6   40371.3    4512.2   50000.0 ]
[24-10-31 15:24:33] 702   -40492.52 [    14284.1    7548.6   40371.3    4554.4   50000.0 ]
[24-10-31 15:24:34] 703    -40492.5 [    14284.1    7548.6   40371.3    4596.5   50000.0 ]
[24-10-31 15:24:34] 704   -40492.49 [    14284.1    7548.6   40371.3    4581.6   50000.0 ]
[24-10-31 15:24:35] 705   -40492.49 [    14284.1    7548.6   40371.3    4581.1   50000.0 ]
[24-10-31 15:24:35] 706   -40492.49 [    14284.1    7548.6   40371.3    4582.0   50000.0 ]
[24-10-31 15:24:36] 707   -40492.49 [    14284.1    7548.6   40371.3    4581.6   50000.0 ]
[24-10-31 15:24:36] 712   -40504.44 [    14237.2    7369.9   42254.6    4775.8   50000.0 ]
[24-10-31 15:24:36] 713   -40498.44 [    14260.6    7459.3   41312.9    4678.7   50000.0 ]
[24-10-31 15:24:37] 716   -40494.75 [    14275.1    7514.5   40730.9    4618.7   50000.0 ]
[24-10-31 15:24:37] 717   -40490.36 [    14292.5    7580.8   40031.6    4546.5   50000.0 ]
[24-10-31 15:24:38] 719   -40491.17 [    14289.3    7568.5   40161.4    4559.9   50000.0 ]
[24-10-31 15:24:38] 721   -40490.67 [    14291.3    7576.1   40081.2    4551.6   50000.0 ]
[24-10-31 15:24:39] 722   -40490.17 [    14293.3    7583.7   40001.0    4543.4   50000.0 ]
[24-10-31 15:24:39] 724   -40490.24 [    14293.0    7582.6   40012.7    4544.6   50000.0 ]
[24-10-31 15:24:40] 726   -40490.19 [    14293.2    7583.3   40005.5    4543.8   50000.0 ]
Optimization terminated successfully.
         Current function value: 40490.165208
         Iterations: 9
         Function evaluations: 726
[24-10-31 15:24:40] 726      fit p: [    14293.3    7583.7   40001.0    4543.4   50000.0 ]
method: Powell
objective_func: objective_H2
fopt: -40490.165207674305
max_iter: 100
num_iter: 9
func_calls: 726
flag: 0
u_fitted: False
u: 1.111e-08
