[24-10-31 15:25:18] fitting objective_H2 to data for demes ['French', 'KhomaniSan', 'Yoruba']
[24-10-31 15:25:18] 0        pnames [         NK       NFY       TFY        NF        NY ]
[24-10-31 15:25:18] 0            p0 [    14485.4   19181.9   78998.5    4327.1   14209.6 ]
[24-10-31 15:25:18] 1      -46538.6 [    14485.4   19181.9   78998.5    4327.1   14209.6 ]
[24-10-31 15:25:19] 2      -46538.6 [    14485.4   19181.9   78998.5    4327.1   14209.6 ]
[24-10-31 15:25:19] 3     -46538.55 [    14486.4   19181.9   78998.5    4327.1   14209.6 ]
[24-10-31 15:25:19] 4     -46538.46 [    14488.0   19181.9   78998.5    4327.1   14209.6 ]
[24-10-31 15:25:19] 5     -46529.27 [    14664.3   19181.9   78998.5    4327.1   14209.6 ]
[24-10-31 15:25:20] 6     -46411.15 [    18278.4   19181.9   78998.5    4327.1   14209.6 ]
[24-10-31 15:25:20] 7     -46358.06 [    24126.0   19181.9   78998.5    4327.1   14209.6 ]
[24-10-31 15:25:20] 8     -46361.69 [    23021.9   19181.9   78998.5    4327.1   14209.6 ]
[24-10-31 15:25:20] 9     -46370.34 [    33587.6   19181.9   78998.5    4327.1   14209.6 ]
[24-10-31 15:25:21] 10    -46356.43 [    27740.0   19181.9   78998.5    4327.1   14209.6 ]
[24-10-31 15:25:21] 11    -46360.25 [    29973.5   19181.9   78998.5    4327.1   14209.6 ]
[24-10-31 15:25:21] 12    -46355.63 [    26544.0   19181.9   78998.5    4327.1   14209.6 ]
[24-10-31 15:25:21] 13    -46355.61 [    26421.2   19181.9   78998.5    4327.1   14209.6 ]
[24-10-31 15:25:22] 14    -46355.61 [    26283.6   19181.9   78998.5    4327.1   14209.6 ]
[24-10-31 15:25:22] 15    -46355.62 [    26165.6   19181.9   78998.5    4327.1   14209.6 ]
[24-10-31 15:25:22] 16    -46355.61 [    26283.6   19181.9   78998.5    4327.1   14209.6 ]
[24-10-31 15:25:22] 17    -46355.72 [    26283.6   19182.9   78998.5    4327.1   14209.6 ]
[24-10-31 15:25:23] 18    -46355.43 [    26283.6   19180.2   78998.5    4327.1   14209.6 ]
[24-10-31 15:25:23] 19    -46355.13 [    26283.6   19177.6   78998.5    4327.1   14209.6 ]
[24-10-31 15:25:23] 20    -46354.65 [    26283.6   19173.4   78998.5    4327.1   14209.6 ]
[24-10-31 15:25:23] 21    -46353.87 [    26283.6   19166.5   78998.5    4327.1   14209.6 ]
[24-10-31 15:25:24] 22    -46352.62 [    26283.6   19155.4   78998.5    4327.1   14209.6 ]
[24-10-31 15:25:24] 23    -46350.58 [    26283.6   19137.5   78998.5    4327.1   14209.6 ]
[24-10-31 15:25:24] 24    -46347.28 [    26283.6   19108.5   78998.5    4327.1   14209.6 ]
[24-10-31 15:25:24] 25    -46341.93 [    26283.6   19061.5   78998.5    4327.1   14209.6 ]
[24-10-31 15:25:25] 26    -46333.23 [    26283.6   18985.5   78998.5    4327.1   14209.6 ]
[24-10-31 15:25:25] 27    -46319.03 [    26283.6   18862.5   78998.5    4327.1   14209.6 ]
[24-10-31 15:25:25] 28    -46295.76 [    26283.6   18663.5   78998.5    4327.1   14209.6 ]
[24-10-31 15:25:25] 29     -46257.3 [    26283.6   18341.5   78998.5    4327.1   14209.6 ]
[24-10-31 15:25:26] 30    -46192.88 [    26283.6   17820.5   78998.5    4327.1   14209.6 ]
[24-10-31 15:25:26] 31    -46082.55 [    26283.6   16977.5   78998.5    4327.1   14209.6 ]
[24-10-31 15:25:26] 32     -45886.3 [    26283.6   15613.5   78998.5    4327.1   14209.6 ]
[24-10-31 15:25:26] 33    -45513.94 [    26283.6   13406.5   78998.5    4327.1   14209.6 ]
[24-10-31 15:25:27] 34    -44732.02 [    26283.6    9835.5   78998.5    4327.1   14209.6 ]
[24-10-31 15:25:27] 35    -44008.59 [    26283.6    4057.5   78998.5    4327.1   14209.6 ]
[24-10-31 15:25:27] 36    -91541.79 [    26283.6     704.4   78998.5    4327.1   14209.6 ]
[24-10-31 15:25:28] 37    -43813.84 [    26283.6    6264.5   78998.5    4327.1   14209.6 ]
[24-10-31 15:25:28] 38    -44145.88 [    26283.6    7628.5   78998.5    4327.1   14209.6 ]
[24-10-31 15:25:28] 39    -43714.44 [    26283.6    5636.0   78998.5    4327.1   14209.6 ]
[24-10-31 15:25:28] 40     -43697.9 [    26283.6    5443.6   78998.5    4327.1   14209.6 ]
[24-10-31 15:25:29] 41    -43705.44 [    26283.6    4914.2   78998.5    4327.1   14209.6 ]
[24-10-31 15:25:29] 42    -43690.25 [    26283.6    5230.2   78998.5    4327.1   14209.6 ]
[24-10-31 15:25:29] 43    -43692.58 [    26283.6    5090.7   78998.5    4327.1   14209.6 ]
[24-10-31 15:25:29] 44    -43690.25 [    26283.6    5230.2   78998.5    4327.1   14209.6 ]
[24-10-31 15:25:30] 45    -43690.32 [    26283.6    5230.2   78999.5    4327.1   14209.6 ]
[24-10-31 15:25:30] 46    -43690.15 [    26283.6    5230.2   78996.9    4327.1   14209.6 ]
[24-10-31 15:25:30] 47    -43678.54 [    26283.6    5230.2   78820.5    4327.1   14209.6 ]
[24-10-31 15:25:30] 48    -43172.56 [    26283.6    5230.2   64247.1    4327.1   14209.6 ]
[24-10-31 15:25:30] 49    -43961.04 [    26283.6    5230.2   40666.8    4327.1   14209.6 ]
[24-10-31 15:25:31] 50     -43263.7 [    26283.6    5230.2   55240.2    4327.1   14209.6 ]
[24-10-31 15:25:31] 51    -43264.29 [    26283.6    5230.2   69813.6    4327.1   14209.6 ]
[24-10-31 15:25:31] 52    -43167.84 [    26283.6    5230.2   62515.8    4327.1   14209.6 ]
[24-10-31 15:25:31] 53    -43167.81 [    26283.6    5230.2   62680.6    4327.1   14209.6 ]
[24-10-31 15:25:32] 54    -43167.89 [    26283.6    5230.2   62843.8    4327.1   14209.6 ]
[24-10-31 15:25:32] 55    -43167.81 [    26283.6    5230.2   62680.6    4327.1   14209.6 ]
[24-10-31 15:25:32] 56    -43167.55 [    26283.6    5230.2   62680.6    4328.1   14209.6 ]
[24-10-31 15:25:32] 57    -43167.12 [    26283.6    5230.2   62680.6    4329.7   14209.6 ]
[24-10-31 15:25:33] 58    -43124.52 [    26283.6    5230.2   62680.6    4506.1   14209.6 ]
[24-10-31 15:25:33] 59    -43016.08 [    26283.6    5230.2   62680.6    5280.3   14209.6 ]
[24-10-31 15:25:33] 60    -42990.07 [    26283.6    5230.2   62680.6    6532.9   14209.6 ]
[24-10-31 15:25:33] 61    -42986.34 [    26283.6    5230.2   62680.6    6082.9   14209.6 ]
[24-10-31 15:25:34] 62    -42990.98 [    26283.6    5230.2   62680.6    5776.3   14209.6 ]
[24-10-31 15:25:34] 63    -42986.47 [    26283.6    5230.2   62680.6    6254.8   14209.6 ]
[24-10-31 15:25:34] 64    -42986.18 [    26283.6    5230.2   62680.6    6156.9   14209.6 ]
[24-10-31 15:25:34] 65    -42986.19 [    26283.6    5230.2   62680.6    6138.6   14209.6 ]
[24-10-31 15:25:35] 66    -42986.19 [    26283.6    5230.2   62680.6    6175.2   14209.6 ]
[24-10-31 15:25:35] 67    -42986.18 [    26283.6    5230.2   62680.6    6156.9   14209.6 ]
[24-10-31 15:25:35] 68    -42985.96 [    26283.6    5230.2   62680.6    6156.9   14210.6 ]
[24-10-31 15:25:36] 69     -42985.6 [    26283.6    5230.2   62680.6    6156.9   14212.2 ]
[24-10-31 15:25:36] 70    -42946.84 [    26283.6    5230.2   62680.6    6156.9   14388.6 ]
[24-10-31 15:25:36] 71    -42052.26 [    26283.6    5230.2   62680.6    6156.9   20547.9 ]
[24-10-31 15:25:36] 72    -41428.32 [    26283.6    5230.2   62680.6    6156.9   30513.9 ]
[24-10-31 15:25:37] 73    -41384.71 [    26283.6    5230.2   62680.6    6156.9   31639.7 ]
[24-10-31 15:25:37] 74    -41320.93 [    26283.6    5230.2   62680.6    6156.9   33461.4 ]
[24-10-31 15:25:37] 75    -41021.49 [    26283.6    5230.2   62680.6    6156.9   46416.7 ]
[24-10-31 15:25:37] 78    -41112.03 [    26283.6    5230.2   62680.6    6156.9   41468.2 ]
[24-10-31 15:25:38] 79    -41064.02 [    26283.6    5230.2   62680.6    6156.9   43942.5 ]
[24-10-31 15:25:38] 80    -40975.22 [    26283.6    5230.2   62680.6    6156.9   49475.1 ]
[24-10-31 15:25:38] 82    -40992.15 [    26283.6    5230.2   62680.6    6156.9   48306.9 ]
[24-10-31 15:25:38] 84    -40981.59 [    26283.6    5230.2   62680.6    6156.9   49028.9 ]
[24-10-31 15:25:39] 85    -40970.28 [    26283.6    5230.2   62680.6    6156.9   49827.7 ]
[24-10-31 15:25:39] 87    -40970.28 [    26283.6    5230.2   62680.6    6156.9   49827.7 ]
[24-10-31 15:25:39] 88     -40970.3 [    26284.6    5230.2   62680.6    6156.9   49827.7 ]
[24-10-31 15:25:39] 89    -40970.24 [    26282.0    5230.2   62680.6    6156.9   49827.7 ]
[24-10-31 15:25:40] 90    -40970.18 [    26279.4    5230.2   62680.6    6156.9   49827.7 ]
[24-10-31 15:25:40] 91    -40970.09 [    26275.1    5230.2   62680.6    6156.9   49827.7 ]
[24-10-31 15:25:40] 92    -40969.94 [    26268.3    5230.2   62680.6    6156.9   49827.7 ]
[24-10-31 15:25:40] 93    -40969.69 [    26257.2    5230.2   62680.6    6156.9   49827.7 ]
[24-10-31 15:25:41] 94    -40969.29 [    26239.2    5230.2   62680.6    6156.9   49827.7 ]
[24-10-31 15:25:41] 95    -40968.64 [    26210.2    5230.2   62680.6    6156.9   49827.7 ]
[24-10-31 15:25:41] 96     -40967.6 [    26163.2    5230.2   62680.6    6156.9   49827.7 ]
[24-10-31 15:25:41] 97     -40965.9 [    26087.2    5230.2   62680.6    6156.9   49827.7 ]
[24-10-31 15:25:42] 98    -40963.15 [    25964.2    5230.2   62680.6    6156.9   49827.7 ]
[24-10-31 15:25:42] 99    -40958.67 [    25765.2    5230.2   62680.6    6156.9   49827.7 ]
[24-10-31 15:25:42] 100   -40951.37 [    25443.2    5230.2   62680.6    6156.9   49827.7 ]
[24-10-31 15:25:42] 101   -40939.42 [    24922.2    5230.2   62680.6    6156.9   49827.7 ]
[24-10-31 15:25:43] 102   -40919.71 [    24079.2    5230.2   62680.6    6156.9   49827.7 ]
[24-10-31 15:25:43] 103   -40886.97 [    22715.2    5230.2   62680.6    6156.9   49827.7 ]
[24-10-31 15:25:43] 104   -40832.49 [    20508.2    5230.2   62680.6    6156.9   49827.7 ]
[24-10-31 15:25:43] 105   -40747.13 [    16937.2    5230.2   62680.6    6156.9   49827.7 ]
[24-10-31 15:25:44] 108   -43106.09 [     4383.9    5230.2   62680.6    6156.9   49827.7 ]
[24-10-31 15:25:44] 109   -40744.04 [    10660.5    5230.2   62680.6    6156.9   49827.7 ]
[24-10-31 15:25:44] 110   -40697.59 [    13790.7    5230.2   62680.6    6156.9   49827.7 ]
[24-10-31 15:25:44] 111   -40696.83 [    13665.7    5230.2   62680.6    6156.9   49827.7 ]
[24-10-31 15:25:45] 112   -40695.46 [    13294.6    5230.2   62680.6    6156.9   49827.7 ]
[24-10-31 15:25:45] 113   -40699.69 [    12288.5    5230.2   62680.6    6156.9   49827.7 ]
[24-10-31 15:25:45] 114   -40695.31 [    13083.8    5230.2   62680.6    6156.9   49827.7 ]
[24-10-31 15:25:45] 115   -40695.47 [    12951.8    5230.2   62680.6    6156.9   49827.7 ]
[24-10-31 15:25:45] 116   -40695.31 [    13083.8    5230.2   62680.6    6156.9   49827.7 ]
[24-10-31 15:25:46] 117   -40695.09 [    13083.8    5231.2   62680.6    6156.9   49827.7 ]
[24-10-31 15:25:46] 118   -40694.74 [    13083.8    5232.8   62680.6    6156.9   49827.7 ]
[24-10-31 15:25:46] 119   -40666.16 [    13083.8    5409.2   62680.6    6156.9   49827.7 ]
[24-10-31 15:25:46] 120    -40654.2 [    13083.8    5591.7   62680.6    6156.9   49827.7 ]
[24-10-31 15:25:47] 121    -40666.1 [    13083.8    5887.0   62680.6    6156.9   49827.7 ]
[24-10-31 15:25:47] 122   -40654.58 [    13083.8    5704.5   62680.6    6156.9   49827.7 ]
[24-10-31 15:25:47] 123   -40656.83 [    13083.8    5522.0   62680.6    6156.9   49827.7 ]
[24-10-31 15:25:47] 124   -40653.68 [    13083.8    5640.6   62680.6    6156.9   49827.7 ]
[24-10-31 15:25:48] 125   -40653.69 [    13083.8    5636.5   62680.6    6156.9   49827.7 ]
[24-10-31 15:25:48] 126   -40653.69 [    13083.8    5644.7   62680.6    6156.9   49827.7 ]
[24-10-31 15:25:48] 127   -40653.68 [    13083.8    5640.6   62680.6    6156.9   49827.7 ]
[24-10-31 15:25:49] 128   -40653.69 [    13083.8    5640.6   62681.6    6156.9   49827.7 ]
[24-10-31 15:25:49] 129   -40653.67 [    13083.8    5640.6   62679.0    6156.9   49827.7 ]
[24-10-31 15:25:49] 130   -40651.97 [    13083.8    5640.6   62502.6    6156.9   49827.7 ]
[24-10-31 15:25:49] 131   -40640.31 [    13083.8    5640.6   60024.0    6156.9   49827.7 ]
[24-10-31 15:25:49] 132   -40668.37 [    13083.8    5640.6   56013.5    6156.9   49827.7 ]
[24-10-31 15:25:50] 133    -40644.3 [    13083.8    5640.6   58492.1    6156.9   49827.7 ]
[24-10-31 15:25:50] 134   -40642.09 [    13083.8    5640.6   60970.7    6156.9   49827.7 ]
[24-10-31 15:25:50] 135   -40640.31 [    13083.8    5640.6   59977.1    6156.9   49827.7 ]
[24-10-31 15:25:50] 136   -40640.31 [    13083.8    5640.6   59950.1    6156.9   49827.7 ]
[24-10-31 15:25:51] 137   -40640.31 [    13083.8    5640.6   59977.1    6156.9   49827.7 ]
[24-10-31 15:25:51] 138   -40640.28 [    13083.8    5640.6   59977.1    6157.9   49827.7 ]
[24-10-31 15:25:51] 139   -40640.23 [    13083.8    5640.6   59977.1    6159.5   49827.7 ]
[24-10-31 15:25:51] 140   -40636.07 [    13083.8    5640.6   59977.1    6335.9   49827.7 ]
[24-10-31 15:25:52] 141   -40632.97 [    13083.8    5640.6   59977.1    6625.6   49827.7 ]
[24-10-31 15:25:52] 142   -40635.68 [    13083.8    5640.6   59977.1    7094.5   49827.7 ]
[24-10-31 15:25:52] 143   -40633.01 [    13083.8    5640.6   59977.1    6804.7   49827.7 ]
[24-10-31 15:25:52] 144   -40633.65 [    13083.8    5640.6   59977.1    6515.0   49827.7 ]
[24-10-31 15:25:53] 145   -40632.82 [    13083.8    5640.6   59977.1    6709.6   49827.7 ]
[24-10-31 15:25:53] 146   -40632.82 [    13083.8    5640.6   59977.1    6704.1   49827.7 ]
[24-10-31 15:25:53] 147   -40632.82 [    13083.8    5640.6   59977.1    6715.2   49827.7 ]
[24-10-31 15:25:53] 148   -40632.82 [    13083.8    5640.6   59977.1    6709.6   49827.7 ]
[24-10-31 15:25:54] 149   -40632.81 [    13083.8    5640.6   59977.1    6709.6   49828.7 ]
[24-10-31 15:25:54] 150   -40632.79 [    13083.8    5640.6   59977.1    6709.6   49830.3 ]
[24-10-31 15:25:54] 152   -40632.09 [    13083.8    5640.6   59977.1    6709.6   49897.7 ]
[24-10-31 15:25:54] 153   -40631.66 [    13083.8    5640.6   59977.1    6709.6   49939.3 ]
[24-10-31 15:25:55] 154   -40631.39 [    13083.8    5640.6   59977.1    6709.6   49965.1 ]
[24-10-31 15:25:55] 155   -40631.22 [    13083.8    5640.6   59977.1    6709.6   49981.0 ]
[24-10-31 15:25:55] 156   -40631.12 [    13083.8    5640.6   59977.1    6709.6   49990.8 ]
[24-10-31 15:25:55] 157   -40631.06 [    13083.8    5640.6   59977.1    6709.6   49996.9 ]
[24-10-31 15:25:56] 159   -40631.08 [    13083.8    5640.6   59977.1    6709.6   49994.5 ]
[24-10-31 15:25:56] 160   -40631.04 [    13083.8    5640.6   59977.1    6709.6   49998.6 ]
[24-10-31 15:25:56] 162   -40631.04 [    13083.8    5640.6   59977.1    6709.6   49998.6 ]
[24-10-31 15:25:56] 163   -40631.04 [    13084.8    5640.6   59977.1    6709.6   49998.6 ]
[24-10-31 15:25:57] 164   -40631.03 [    13086.4    5640.6   59977.1    6709.6   49998.6 ]
[24-10-31 15:25:57] 165   -40630.19 [    13262.8    5640.6   59977.1    6709.6   49998.6 ]
[24-10-31 15:25:57] 166   -40629.55 [    13576.5    5640.6   59977.1    6709.6   49998.6 ]
[24-10-31 15:25:57] 167   -40630.56 [    14084.2    5640.6   59977.1    6709.6   49998.6 ]
[24-10-31 15:25:58] 168   -40629.66 [    13770.5    5640.6   59977.1    6709.6   49998.6 ]
[24-10-31 15:25:58] 169   -40629.67 [    13456.7    5640.6   59977.1    6709.6   49998.6 ]
[24-10-31 15:25:58] 170   -40629.54 [    13618.2    5640.6   59977.1    6709.6   49998.6 ]
[24-10-31 15:25:58] 171   -40629.54 [    13612.8    5640.6   59977.1    6709.6   49998.6 ]
[24-10-31 15:25:59] 172   -40629.54 [    13623.5    5640.6   59977.1    6709.6   49998.6 ]
[24-10-31 15:25:59] 173   -40629.54 [    13618.2    5640.6   59977.1    6709.6   49998.6 ]
[24-10-31 15:25:59] 174   -40629.45 [    13618.2    5641.6   59977.1    6709.6   49998.6 ]
[24-10-31 15:25:59] 175    -40629.3 [    13618.2    5643.2   59977.1    6709.6   49998.6 ]
[24-10-31 15:26:00] 176   -40620.82 [    13618.2    5819.6   59977.1    6709.6   49998.6 ]
[24-10-31 15:26:00] 177   -40620.74 [    13618.2    5833.1   59977.1    6709.6   49998.6 ]
[24-10-31 15:26:00] 178   -40620.78 [    13618.2    5854.9   59977.1    6709.6   49998.6 ]
[24-10-31 15:26:00] 179   -40620.73 [    13618.2    5841.4   59977.1    6709.6   49998.6 ]
[24-10-31 15:26:01] 180   -40620.74 [    13618.2    5846.6   59977.1    6709.6   49998.6 ]
[24-10-31 15:26:01] 181   -40620.73 [    13618.2    5839.4   59977.1    6709.6   49998.6 ]
[24-10-31 15:26:01] 182   -40620.73 [    13618.2    5837.4   59977.1    6709.6   49998.6 ]
[24-10-31 15:26:01] 183   -40620.73 [    13618.2    5839.4   59977.1    6709.6   49998.6 ]
[24-10-31 15:26:02] 184   -40620.74 [    13618.2    5839.4   59978.1    6709.6   49998.6 ]
[24-10-31 15:26:02] 185   -40620.72 [    13618.2    5839.4   59975.5    6709.6   49998.6 ]
[24-10-31 15:26:02] 186    -40619.7 [    13618.2    5839.4   59799.2    6709.6   49998.6 ]
[24-10-31 15:26:03] 187   -40615.35 [    13618.2    5839.4   58222.9    6709.6   49998.6 ]
[24-10-31 15:26:03] 188   -40626.15 [    13618.2    5839.4   55672.5    6709.6   49998.6 ]
[24-10-31 15:26:04] 189    -40616.9 [    13618.2    5839.4   57248.8    6709.6   49998.6 ]
[24-10-31 15:26:04] 190   -40616.01 [    13618.2    5839.4   58825.0    6709.6   49998.6 ]
[24-10-31 15:26:05] 191   -40615.35 [    13618.2    5839.4   58204.0    6709.6   49998.6 ]
[24-10-31 15:26:05] 192   -40615.35 [    13618.2    5839.4   58186.2    6709.6   49998.6 ]
[24-10-31 15:26:05] 193   -40615.35 [    13618.2    5839.4   58204.0    6709.6   49998.6 ]
[24-10-31 15:26:06] 194   -40615.36 [    13618.2    5839.4   58204.0    6710.6   49998.6 ]
[24-10-31 15:26:06] 195   -40615.34 [    13618.2    5839.4   58204.0    6708.0   49998.6 ]
[24-10-31 15:26:07] 196   -40614.31 [    13618.2    5839.4   58204.0    6531.6   49998.6 ]
[24-10-31 15:26:07] 197   -40614.26 [    13618.2    5839.4   58204.0    6474.1   49998.6 ]
[24-10-31 15:26:08] 198   -40614.51 [    13618.2    5839.4   58204.0    6380.9   49998.6 ]
[24-10-31 15:26:08] 199   -40614.31 [    13618.2    5839.4   58204.0    6438.5   49998.6 ]
[24-10-31 15:26:09] 200   -40614.26 [    13618.2    5839.4   58204.0    6496.1   49998.6 ]
[24-10-31 15:26:09] 201   -40614.26 [    13618.2    5839.4   58204.0    6484.3   49998.6 ]
[24-10-31 15:26:09] 202   -40614.26 [    13618.2    5839.4   58204.0    6482.0   49998.6 ]
[24-10-31 15:26:10] 203   -40614.26 [    13618.2    5839.4   58204.0    6486.5   49998.6 ]
[24-10-31 15:26:10] 204   -40614.26 [    13618.2    5839.4   58204.0    6484.3   49998.6 ]
[24-10-31 15:26:11] 205   -40614.25 [    13618.2    5839.4   58204.0    6484.3   49999.6 ]
[24-10-31 15:26:11] 208   -40614.25 [    13618.2    5839.4   58204.0    6484.3   49999.2 ]
[24-10-31 15:26:11] 209   -40614.25 [    13618.2    5839.4   58204.0    6484.3   49999.4 ]
[24-10-31 15:26:12] 210   -40614.24 [    13618.2    5839.4   58204.0    6484.3   49999.8 ]
[24-10-31 15:26:12] 211   -40614.24 [    13618.2    5839.4   58204.0    6484.3   49999.9 ]
[24-10-31 15:26:13] 213   -40614.24 [    13618.2    5839.4   58204.0    6484.3   49999.9 ]
[24-10-31 15:26:13] 214   -40614.24 [    13618.2    5839.4   58204.0    6484.3   50000.0 ]
[24-10-31 15:26:14] 215   -40614.24 [    13618.2    5839.4   58204.0    6484.3   50000.0 ]
[24-10-31 15:26:14] 218   -40614.24 [    13618.2    5839.4   58204.0    6484.3   50000.0 ]
[24-10-31 15:26:15] 219   -40614.24 [    13619.2    5839.4   58204.0    6484.3   50000.0 ]
[24-10-31 15:26:15] 220   -40614.24 [    13620.8    5839.4   58204.0    6484.3   50000.0 ]
[24-10-31 15:26:15] 221   -40614.15 [    13753.2    5839.4   58204.0    6484.3   50000.0 ]
[24-10-31 15:26:16] 222   -40614.36 [    13967.6    5839.4   58204.0    6484.3   50000.0 ]
[24-10-31 15:26:16] 223   -40614.18 [    13835.1    5839.4   58204.0    6484.3   50000.0 ]
[24-10-31 15:26:17] 224   -40614.16 [    13702.6    5839.4   58204.0    6484.3   50000.0 ]
[24-10-31 15:26:17] 225   -40614.15 [    13757.1    5839.4   58204.0    6484.3   50000.0 ]
[24-10-31 15:26:17] 226   -40614.15 [    13755.7    5839.4   58204.0    6484.3   50000.0 ]
[24-10-31 15:26:18] 227   -40614.15 [    13758.5    5839.4   58204.0    6484.3   50000.0 ]
[24-10-31 15:26:18] 228   -40614.15 [    13757.1    5839.4   58204.0    6484.3   50000.0 ]
[24-10-31 15:26:18] 229   -40614.07 [    13757.1    5840.4   58204.0    6484.3   50000.0 ]
[24-10-31 15:26:18] 230   -40613.94 [    13757.1    5842.0   58204.0    6484.3   50000.0 ]
[24-10-31 15:26:19] 231   -40606.98 [    13757.1    6012.1   58204.0    6484.3   50000.0 ]
[24-10-31 15:26:19] 232   -40619.46 [    13757.1    6287.3   58204.0    6484.3   50000.0 ]
[24-10-31 15:26:19] 233   -40608.55 [    13757.1    6117.2   58204.0    6484.3   50000.0 ]
[24-10-31 15:26:19] 234   -40608.19 [    13757.1    5947.1   58204.0    6484.3   50000.0 ]
[24-10-31 15:26:19] 235   -40606.94 [    13757.1    6026.8   58204.0    6484.3   50000.0 ]
[24-10-31 15:26:20] 236   -40606.94 [    13757.1    6024.9   58204.0    6484.3   50000.0 ]
[24-10-31 15:26:20] 237   -40606.95 [    13757.1    6023.1   58204.0    6484.3   50000.0 ]
[24-10-31 15:26:20] 238   -40606.94 [    13757.1    6024.9   58204.0    6484.3   50000.0 ]
[24-10-31 15:26:20] 239   -40606.95 [    13757.1    6024.9   58205.0    6484.3   50000.0 ]
[24-10-31 15:26:21] 240   -40606.93 [    13757.1    6024.9   58202.3    6484.3   50000.0 ]
[24-10-31 15:26:21] 241   -40605.91 [    13757.1    6024.9   58026.0    6484.3   50000.0 ]
[24-10-31 15:26:21] 242    -40601.2 [    13757.1    6024.9   56336.4    6484.3   50000.0 ]
[24-10-31 15:26:22] 243   -40612.88 [    13757.1    6024.9   53602.7    6484.3   50000.0 ]
[24-10-31 15:26:22] 244   -40602.87 [    13757.1    6024.9   55292.2    6484.3   50000.0 ]
[24-10-31 15:26:23] 245   -40601.91 [    13757.1    6024.9   56981.8    6484.3   50000.0 ]
[24-10-31 15:26:23] 246    -40601.2 [    13757.1    6024.9   56315.6    6484.3   50000.0 ]
[24-10-31 15:26:23] 247    -40601.2 [    13757.1    6024.9   56296.7    6484.3   50000.0 ]
[24-10-31 15:26:24] 248    -40601.2 [    13757.1    6024.9   56315.6    6484.3   50000.0 ]
[24-10-31 15:26:24] 249    -40601.2 [    13757.1    6024.9   56315.6    6485.3   50000.0 ]
[24-10-31 15:26:25] 250   -40601.18 [    13757.1    6024.9   56315.6    6482.6   50000.0 ]
[24-10-31 15:26:25] 251   -40600.26 [    13757.1    6024.9   56315.6    6306.3   50000.0 ]
[24-10-31 15:26:26] 252   -40600.25 [    13757.1    6024.9   56315.6    6273.7   50000.0 ]
[24-10-31 15:26:26] 253   -40600.34 [    13757.1    6024.9   56315.6    6221.0   50000.0 ]
[24-10-31 15:26:26] 254   -40600.27 [    13757.1    6024.9   56315.6    6253.6   50000.0 ]
[24-10-31 15:26:27] 255   -40600.25 [    13757.1    6024.9   56315.6    6286.1   50000.0 ]
[24-10-31 15:26:27] 256   -40600.25 [    13757.1    6024.9   56315.6    6281.1   50000.0 ]
[24-10-31 15:26:28] 257   -40600.25 [    13757.1    6024.9   56315.6    6283.1   50000.0 ]
[24-10-31 15:26:28] 258   -40600.25 [    13757.1    6024.9   56315.6    6279.1   50000.0 ]
[24-10-31 15:26:29] 259   -40600.25 [    13757.1    6024.9   56315.6    6281.1   50000.0 ]
[24-10-31 15:26:29] 261   -40600.26 [    13757.1    6024.9   56315.6    6281.1   49998.4 ]
[24-10-31 15:26:29] 262   -40600.25 [    13757.1    6024.9   56315.6    6281.1   49999.4 ]
[24-10-31 15:26:30] 264   -40600.25 [    13757.1    6024.9   56315.6    6281.1   49999.7 ]
[24-10-31 15:26:30] 266   -40600.25 [    13757.1    6024.9   56315.6    6281.1   49999.9 ]
[24-10-31 15:26:31] 268   -40600.25 [    13757.1    6024.9   56315.6    6281.1   50000.0 ]
[24-10-31 15:26:31] 270   -40600.25 [    13757.1    6024.9   56315.6    6281.1   50000.0 ]
[24-10-31 15:26:31] 272   -40600.25 [    13757.1    6024.9   56315.6    6281.1   50000.0 ]
[24-10-31 15:26:32] 273   -40600.25 [    13757.1    6024.9   56315.6    6281.1   50000.0 ]
[24-10-31 15:26:32] 275   -40600.25 [    13757.1    6024.9   56315.6    6281.1   50000.0 ]
[24-10-31 15:26:33] 276   -40600.25 [    13757.1    6024.9   56315.6    6281.1   50000.0 ]
[24-10-31 15:26:33] 278   -40600.25 [    13757.1    6024.9   56315.6    6281.1   50000.0 ]
[24-10-31 15:26:34] 279   -40600.25 [    13757.1    6024.9   56315.6    6281.1   50000.0 ]
[24-10-31 15:26:34] 281   -40600.25 [    13757.1    6024.9   56315.6    6281.1   50000.0 ]
[24-10-31 15:26:34] 282   -40600.25 [    13757.1    6024.9   56315.6    6281.1   50000.0 ]
[24-10-31 15:26:35] 284   -40600.25 [    13757.1    6024.9   56315.6    6281.1   50000.0 ]
[24-10-31 15:26:35] 285   -40600.25 [    13758.1    6024.9   56315.6    6281.1   50000.0 ]
[24-10-31 15:26:36] 286   -40600.25 [    13759.7    6024.9   56315.6    6281.1   50000.0 ]
[24-10-31 15:26:36] 287   -40600.22 [    13826.2    6024.9   56315.6    6281.1   50000.0 ]
[24-10-31 15:26:36] 288   -40600.28 [    13933.7    6024.9   56315.6    6281.1   50000.0 ]
[24-10-31 15:26:37] 289   -40600.23 [    13867.2    6024.9   56315.6    6281.1   50000.0 ]
[24-10-31 15:26:37] 290   -40600.23 [    13800.8    6024.9   56315.6    6281.1   50000.0 ]
[24-10-31 15:26:37] 291   -40600.22 [    13827.1    6024.9   56315.6    6281.1   50000.0 ]
[24-10-31 15:26:37] 292   -40600.22 [    13827.8    6024.9   56315.6    6281.1   50000.0 ]
[24-10-31 15:26:38] 293   -40600.22 [    13827.1    6024.9   56315.6    6281.1   50000.0 ]
[24-10-31 15:26:38] 294   -40600.15 [    13827.1    6025.9   56315.6    6281.1   50000.0 ]
[24-10-31 15:26:38] 295   -40600.03 [    13827.1    6027.6   56315.6    6281.1   50000.0 ]
[24-10-31 15:26:39] 296   -40593.22 [    13827.1    6201.1   56315.6    6281.1   50000.0 ]
[24-10-31 15:26:39] 297   -40605.47 [    13827.1    6481.9   56315.6    6281.1   50000.0 ]
[24-10-31 15:26:39] 298   -40594.76 [    13827.1    6308.3   56315.6    6281.1   50000.0 ]
[24-10-31 15:26:39] 299    -40594.4 [    13827.1    6134.8   56315.6    6281.1   50000.0 ]
[24-10-31 15:26:40] 300   -40593.19 [    13827.1    6215.9   56315.6    6281.1   50000.0 ]
[24-10-31 15:26:40] 301   -40593.19 [    13827.1    6214.0   56315.6    6281.1   50000.0 ]
[24-10-31 15:26:40] 302   -40593.19 [    13827.1    6212.1   56315.6    6281.1   50000.0 ]
[24-10-31 15:26:41] 303   -40593.19 [    13827.1    6214.0   56315.6    6281.1   50000.0 ]
[24-10-31 15:26:41] 304   -40593.19 [    13827.1    6214.0   56316.6    6281.1   50000.0 ]
[24-10-31 15:26:41] 305   -40593.18 [    13827.1    6214.0   56313.9    6281.1   50000.0 ]
[24-10-31 15:26:42] 306   -40592.16 [    13827.1    6214.0   56137.6    6281.1   50000.0 ]
[24-10-31 15:26:42] 307   -40587.27 [    13827.1    6214.0   54365.3    6281.1   50000.0 ]
[24-10-31 15:26:42] 308   -40599.39 [    13827.1    6214.0   51497.6    6281.1   50000.0 ]
[24-10-31 15:26:43] 309   -40589.01 [    13827.1    6214.0   53269.9    6281.1   50000.0 ]
[24-10-31 15:26:43] 310   -40588.01 [    13827.1    6214.0   55042.2    6281.1   50000.0 ]
[24-10-31 15:26:43] 311   -40587.27 [    13827.1    6214.0   54343.2    6281.1   50000.0 ]
[24-10-31 15:26:44] 312   -40587.27 [    13827.1    6214.0   54323.5    6281.1   50000.0 ]
[24-10-31 15:26:44] 313   -40587.27 [    13827.1    6214.0   54343.2    6281.1   50000.0 ]
[24-10-31 15:26:44] 314   -40587.28 [    13827.1    6214.0   54343.2    6282.1   50000.0 ]
[24-10-31 15:26:45] 315   -40587.25 [    13827.1    6214.0   54343.2    6279.5   50000.0 ]
[24-10-31 15:26:45] 316   -40586.24 [    13827.1    6214.0   54343.2    6103.1   50000.0 ]
[24-10-31 15:26:45] 317   -40586.23 [    13827.1    6214.0   54343.2    6066.0   50000.0 ]
[24-10-31 15:26:46] 318   -40586.35 [    13827.1    6214.0   54343.2    6005.9   50000.0 ]
[24-10-31 15:26:46] 319   -40586.25 [    13827.1    6214.0   54343.2    6043.0   50000.0 ]
[24-10-31 15:26:47] 320   -40586.22 [    13827.1    6214.0   54343.2    6080.2   50000.0 ]
[24-10-31 15:26:47] 321   -40586.22 [    13827.1    6214.0   54343.2    6074.2   50000.0 ]
[24-10-31 15:26:48] 322   -40586.22 [    13827.1    6214.0   54343.2    6076.2   50000.0 ]
[24-10-31 15:26:48] 323   -40586.22 [    13827.1    6214.0   54343.2    6072.1   50000.0 ]
[24-10-31 15:26:49] 324   -40586.22 [    13827.1    6214.0   54343.2    6074.2   50000.0 ]
[24-10-31 15:26:49] 326   -40586.24 [    13827.1    6214.0   54343.2    6074.2   49998.4 ]
[24-10-31 15:26:50] 327   -40586.23 [    13827.1    6214.0   54343.2    6074.2   49999.4 ]
[24-10-31 15:26:50] 329   -40586.23 [    13827.1    6214.0   54343.2    6074.2   49999.7 ]
[24-10-31 15:26:51] 331   -40586.22 [    13827.1    6214.0   54343.2    6074.2   49999.9 ]
[24-10-31 15:26:51] 333   -40586.22 [    13827.1    6214.0   54343.2    6074.2   50000.0 ]
[24-10-31 15:26:52] 335   -40586.22 [    13827.1    6214.0   54343.2    6074.2   50000.0 ]
[24-10-31 15:26:52] 337   -40586.22 [    13827.1    6214.0   54343.2    6074.2   50000.0 ]
[24-10-31 15:26:53] 339   -40586.22 [    13827.1    6214.0   54343.2    6074.2   50000.0 ]
[24-10-31 15:26:53] 341   -40586.22 [    13827.1    6214.0   54343.2    6074.2   50000.0 ]
[24-10-31 15:26:54] 343   -40586.22 [    13827.1    6214.0   54343.2    6074.2   50000.0 ]
[24-10-31 15:26:54] 345   -40586.22 [    13827.1    6214.0   54343.2    6074.2   50000.0 ]
[24-10-31 15:26:54] 347   -40586.22 [    13827.1    6214.0   54343.2    6074.2   50000.0 ]
[24-10-31 15:26:55] 348   -40586.22 [    13827.1    6214.0   54343.2    6074.2   50000.0 ]
[24-10-31 15:26:55] 350   -40586.22 [    13827.1    6214.0   54343.2    6074.2   50000.0 ]
[24-10-31 15:26:56] 351   -40586.22 [    13827.1    6214.0   54343.2    6074.2   50000.0 ]
[24-10-31 15:26:56] 352   -40586.22 [    13827.1    6214.0   54343.2    6074.2   50000.0 ]
[24-10-31 15:26:57] 354   -40586.22 [    13827.1    6214.0   54343.2    6074.2   50000.0 ]
[24-10-31 15:26:57] 356   -40586.22 [    13827.1    6214.0   54343.2    6074.2   50000.0 ]
[24-10-31 15:26:58] 359   -40586.22 [    13827.1    6214.0   54343.2    6074.2   50000.0 ]
[24-10-31 15:26:58] 360   -40586.22 [    13828.1    6214.0   54343.2    6074.2   50000.0 ]
[24-10-31 15:26:59] 361   -40586.22 [    13829.7    6214.0   54343.2    6074.2   50000.0 ]
[24-10-31 15:26:59] 362   -40586.21 [    13886.2    6214.0   54343.2    6074.2   50000.0 ]
[24-10-31 15:27:00] 363   -40586.24 [    13977.6    6214.0   54343.2    6074.2   50000.0 ]
[24-10-31 15:27:00] 364   -40586.21 [    13921.1    6214.0   54343.2    6074.2   50000.0 ]
[24-10-31 15:27:01] 365   -40586.21 [    13864.6    6214.0   54343.2    6074.2   50000.0 ]
[24-10-31 15:27:01] 366   -40586.21 [    13886.9    6214.0   54343.2    6074.2   50000.0 ]
[24-10-31 15:27:01] 367   -40586.21 [    13887.5    6214.0   54343.2    6074.2   50000.0 ]
[24-10-31 15:27:02] 368   -40586.21 [    13886.9    6214.0   54343.2    6074.2   50000.0 ]
[24-10-31 15:27:02] 369   -40586.13 [    13886.9    6215.0   54343.2    6074.2   50000.0 ]
[24-10-31 15:27:03] 370   -40586.01 [    13886.9    6216.6   54343.2    6074.2   50000.0 ]
[24-10-31 15:27:03] 371   -40579.15 [    13886.9    6393.0   54343.2    6074.2   50000.0 ]
[24-10-31 15:27:04] 372    -40579.1 [    13886.9    6405.1   54343.2    6074.2   50000.0 ]
[24-10-31 15:27:04] 373   -40579.12 [    13886.9    6424.6   54343.2    6074.2   50000.0 ]
[24-10-31 15:27:04] 374   -40579.09 [    13886.9    6412.6   54343.2    6074.2   50000.0 ]
[24-10-31 15:27:05] 375    -40579.1 [    13886.9    6417.2   54343.2    6074.2   50000.0 ]
[24-10-31 15:27:05] 376   -40579.09 [    13886.9    6410.6   54343.2    6074.2   50000.0 ]
[24-10-31 15:27:06] 377   -40579.09 [    13886.9    6408.6   54343.2    6074.2   50000.0 ]
[24-10-31 15:27:06] 378   -40579.09 [    13886.9    6410.6   54343.2    6074.2   50000.0 ]
[24-10-31 15:27:07] 379    -40579.1 [    13886.9    6410.6   54344.2    6074.2   50000.0 ]
[24-10-31 15:27:07] 380   -40579.08 [    13886.9    6410.6   54341.6    6074.2   50000.0 ]
[24-10-31 15:27:08] 381   -40578.08 [    13886.9    6410.6   54165.3    6074.2   50000.0 ]
[24-10-31 15:27:08] 382   -40573.04 [    13886.9    6410.6   52314.8    6074.2   50000.0 ]
[24-10-31 15:27:09] 383   -40585.53 [    13886.9    6410.6   49320.6    6074.2   50000.0 ]
[24-10-31 15:27:09] 384   -40574.83 [    13886.9    6410.6   51171.1    6074.2   50000.0 ]
[24-10-31 15:27:10] 385    -40573.8 [    13886.9    6410.6   53021.6    6074.2   50000.0 ]
[24-10-31 15:27:10] 386   -40573.04 [    13886.9    6410.6   52291.7    6074.2   50000.0 ]
[24-10-31 15:27:10] 387   -40573.04 [    13886.9    6410.6   52271.2    6074.2   50000.0 ]
[24-10-31 15:27:11] 388   -40573.04 [    13886.9    6410.6   52291.7    6074.2   50000.0 ]
[24-10-31 15:27:11] 389   -40573.05 [    13886.9    6410.6   52291.7    6075.2   50000.0 ]
[24-10-31 15:27:11] 390   -40573.02 [    13886.9    6410.6   52291.7    6072.5   50000.0 ]
[24-10-31 15:27:12] 391   -40571.87 [    13886.9    6410.6   52291.7    5896.2   50000.0 ]
[24-10-31 15:27:12] 392   -40571.83 [    13886.9    6410.6   52291.7    5848.3   50000.0 ]
[24-10-31 15:27:12] 393   -40572.05 [    13886.9    6410.6   52291.7    5770.7   50000.0 ]
[24-10-31 15:27:12] 394   -40571.87 [    13886.9    6410.6   52291.7    5818.6   50000.0 ]
[24-10-31 15:27:13] 395   -40571.83 [    13886.9    6410.6   52291.7    5866.6   50000.0 ]
[24-10-31 15:27:13] 396   -40571.83 [    13886.9    6410.6   52291.7    5858.1   50000.0 ]
[24-10-31 15:27:13] 397   -40571.83 [    13886.9    6410.6   52291.7    5860.3   50000.0 ]
[24-10-31 15:27:14] 398   -40571.83 [    13886.9    6410.6   52291.7    5855.9   50000.0 ]
[24-10-31 15:27:14] 399   -40571.83 [    13886.9    6410.6   52291.7    5858.1   50000.0 ]
[24-10-31 15:27:14] 401   -40571.84 [    13886.9    6410.6   52291.7    5858.1   49998.4 ]
[24-10-31 15:27:15] 402   -40571.84 [    13886.9    6410.6   52291.7    5858.1   49999.4 ]
[24-10-31 15:27:15] 404   -40571.83 [    13886.9    6410.6   52291.7    5858.1   49999.7 ]
[24-10-31 15:27:15] 406   -40571.83 [    13886.9    6410.6   52291.7    5858.1   49999.9 ]
[24-10-31 15:27:16] 408   -40571.83 [    13886.9    6410.6   52291.7    5858.1   50000.0 ]
[24-10-31 15:27:16] 410   -40571.83 [    13886.9    6410.6   52291.7    5858.1   50000.0 ]
[24-10-31 15:27:16] 412   -40571.83 [    13886.9    6410.6   52291.7    5858.1   50000.0 ]
[24-10-31 15:27:17] 414   -40571.83 [    13886.9    6410.6   52291.7    5858.1   50000.0 ]
[24-10-31 15:27:17] 416   -40571.83 [    13886.9    6410.6   52291.7    5858.1   50000.0 ]
[24-10-31 15:27:17] 418   -40571.83 [    13886.9    6410.6   52291.7    5858.1   50000.0 ]
[24-10-31 15:27:17] 420   -40571.83 [    13886.9    6410.6   52291.7    5858.1   50000.0 ]
[24-10-31 15:27:18] 422   -40571.83 [    13886.9    6410.6   52291.7    5858.1   50000.0 ]
[24-10-31 15:27:18] 424   -40571.83 [    13886.9    6410.6   52291.7    5858.1   50000.0 ]
[24-10-31 15:27:18] 426   -40571.83 [    13886.9    6410.6   52291.7    5858.1   50000.0 ]
[24-10-31 15:27:19] 428   -40571.83 [    13886.9    6410.6   52291.7    5858.1   50000.0 ]
[24-10-31 15:27:19] 430   -40571.83 [    13886.9    6410.6   52291.7    5858.1   50000.0 ]
[24-10-31 15:27:19] 432   -40571.83 [    13886.9    6410.6   52291.7    5858.1   50000.0 ]
[24-10-31 15:27:20] 434   -40571.83 [    13886.9    6410.6   52291.7    5858.1   50000.0 ]
[24-10-31 15:27:20] 435   -40571.83 [    13886.9    6410.6   52291.7    5858.1   50000.0 ]
[24-10-31 15:27:20] 436   -40571.83 [    13886.9    6410.6   52291.7    5858.1   50000.0 ]
[24-10-31 15:27:21] 437   -40571.83 [    13886.9    6410.6   52291.7    5858.1   50000.0 ]
[24-10-31 15:27:21] 440   -40571.83 [    13886.9    6410.6   52291.7    5858.1   50000.0 ]
[24-10-31 15:27:21] 441   -40571.83 [    13886.9    6410.6   52291.7    5858.1   50000.0 ]
[24-10-31 15:27:22] 442   -40571.83 [    13886.9    6410.6   52291.7    5858.1   50000.0 ]
[24-10-31 15:27:22] 444   -40571.83 [    13886.9    6410.6   52291.7    5858.1   50000.0 ]
[24-10-31 15:27:22] 446   -40571.83 [    13886.9    6410.6   52291.7    5858.1   50000.0 ]
[24-10-31 15:27:22] 447   -40571.83 [    13887.9    6410.6   52291.7    5858.1   50000.0 ]
[24-10-31 15:27:23] 448   -40571.83 [    13889.5    6410.6   52291.7    5858.1   50000.0 ]
[24-10-31 15:27:23] 449   -40571.81 [    13948.3    6410.6   52291.7    5858.1   50000.0 ]
[24-10-31 15:27:23] 450   -40571.85 [    14043.4    6410.6   52291.7    5858.1   50000.0 ]
[24-10-31 15:27:24] 451   -40571.82 [    13984.6    6410.6   52291.7    5858.1   50000.0 ]
[24-10-31 15:27:24] 452   -40571.81 [    13925.9    6410.6   52291.7    5858.1   50000.0 ]
[24-10-31 15:27:24] 453   -40571.81 [    13949.1    6410.6   52291.7    5858.1   50000.0 ]
[24-10-31 15:27:25] 454   -40571.81 [    13949.7    6410.6   52291.7    5858.1   50000.0 ]
[24-10-31 15:27:25] 455   -40571.81 [    13949.1    6410.6   52291.7    5858.1   50000.0 ]
[24-10-31 15:27:25] 456   -40571.74 [    13949.1    6411.6   52291.7    5858.1   50000.0 ]
[24-10-31 15:27:26] 457   -40571.62 [    13949.1    6413.2   52291.7    5858.1   50000.0 ]
[24-10-31 15:27:26] 458   -40564.71 [    13949.1    6589.6   52291.7    5858.1   50000.0 ]
[24-10-31 15:27:26] 459   -40564.62 [    13949.1    6608.4   52291.7    5858.1   50000.0 ]
[24-10-31 15:27:27] 460    -40564.7 [    13949.1    6638.8   52291.7    5858.1   50000.0 ]
[24-10-31 15:27:27] 461   -40564.61 [    13949.1    6620.0   52291.7    5858.1   50000.0 ]
[24-10-31 15:27:28] 462   -40564.63 [    13949.1    6627.1   52291.7    5858.1   50000.0 ]
[24-10-31 15:27:28] 463   -40564.61 [    13949.1    6614.7   52291.7    5858.1   50000.0 ]
[24-10-31 15:27:29] 464   -40564.61 [    13949.1    6612.6   52291.7    5858.1   50000.0 ]
[24-10-31 15:27:29] 465   -40564.61 [    13949.1    6616.7   52291.7    5858.1   50000.0 ]
[24-10-31 15:27:29] 466   -40564.61 [    13949.1    6614.7   52291.7    5858.1   50000.0 ]
[24-10-31 15:27:30] 467   -40564.61 [    13949.1    6614.7   52292.7    5858.1   50000.0 ]
[24-10-31 15:27:30] 468    -40564.6 [    13949.1    6614.7   52290.1    5858.1   50000.0 ]
[24-10-31 15:27:31] 469   -40563.62 [    13949.1    6614.7   52113.7    5858.1   50000.0 ]
[24-10-31 15:27:31] 470    -40558.5 [    13949.1    6614.7   50195.9    5858.1   50000.0 ]
[24-10-31 15:27:32] 471    -40571.2 [    13949.1    6614.7   47092.7    5858.1   50000.0 ]
[24-10-31 15:27:32] 472   -40560.32 [    13949.1    6614.7   49010.6    5858.1   50000.0 ]
[24-10-31 15:27:33] 473   -40559.27 [    13949.1    6614.7   50928.4    5858.1   50000.0 ]
[24-10-31 15:27:33] 474   -40558.49 [    13949.1    6614.7   50172.2    5858.1   50000.0 ]
[24-10-31 15:27:34] 475    -40558.5 [    13949.1    6614.7   50151.0    5858.1   50000.0 ]
[24-10-31 15:27:34] 476   -40558.49 [    13949.1    6614.7   50172.2    5858.1   50000.0 ]
[24-10-31 15:27:34] 477   -40558.51 [    13949.1    6614.7   50172.2    5859.1   50000.0 ]
[24-10-31 15:27:35] 478   -40558.47 [    13949.1    6614.7   50172.2    5856.5   50000.0 ]
[24-10-31 15:27:35] 479   -40557.15 [    13949.1    6614.7   50172.2    5680.1   50000.0 ]
[24-10-31 15:27:36] 480   -40557.09 [    13949.1    6614.7   50172.2    5621.0   50000.0 ]
[24-10-31 15:27:36] 481   -40557.44 [    13949.1    6614.7   50172.2    5525.4   50000.0 ]
[24-10-31 15:27:36] 482   -40557.15 [    13949.1    6614.7   50172.2    5584.5   50000.0 ]
[24-10-31 15:27:37] 483   -40557.09 [    13949.1    6614.7   50172.2    5643.6   50000.0 ]
[24-10-31 15:27:37] 484   -40557.08 [    13949.1    6614.7   50172.2    5632.8   50000.0 ]
[24-10-31 15:27:38] 485   -40557.08 [    13949.1    6614.7   50172.2    5635.0   50000.0 ]
[24-10-31 15:27:38] 486   -40557.08 [    13949.1    6614.7   50172.2    5630.5   50000.0 ]
[24-10-31 15:27:39] 487   -40557.08 [    13949.1    6614.7   50172.2    5632.8   50000.0 ]
[24-10-31 15:27:39] 489    -40557.1 [    13949.1    6614.7   50172.2    5632.8   49998.4 ]
[24-10-31 15:27:39] 490   -40557.09 [    13949.1    6614.7   50172.2    5632.8   49999.4 ]
[24-10-31 15:27:40] 492   -40557.09 [    13949.1    6614.7   50172.2    5632.8   49999.7 ]
[24-10-31 15:27:40] 494   -40557.08 [    13949.1    6614.7   50172.2    5632.8   49999.9 ]
[24-10-31 15:27:40] 496   -40557.08 [    13949.1    6614.7   50172.2    5632.8   50000.0 ]
[24-10-31 15:27:41] 498   -40557.08 [    13949.1    6614.7   50172.2    5632.8   50000.0 ]
[24-10-31 15:27:41] 500   -40557.08 [    13949.1    6614.7   50172.2    5632.8   50000.0 ]
[24-10-31 15:27:41] 502   -40557.08 [    13949.1    6614.7   50172.2    5632.8   50000.0 ]
[24-10-31 15:27:42] 504   -40557.08 [    13949.1    6614.7   50172.2    5632.8   50000.0 ]
[24-10-31 15:27:42] 506   -40557.08 [    13949.1    6614.7   50172.2    5632.8   50000.0 ]
[24-10-31 15:27:42] 508   -40557.08 [    13949.1    6614.7   50172.2    5632.8   50000.0 ]
[24-10-31 15:27:42] 510   -40557.08 [    13949.1    6614.7   50172.2    5632.8   50000.0 ]
[24-10-31 15:27:43] 512   -40557.08 [    13949.1    6614.7   50172.2    5632.8   50000.0 ]
[24-10-31 15:27:43] 514   -40557.08 [    13949.1    6614.7   50172.2    5632.8   50000.0 ]
[24-10-31 15:27:43] 516   -40557.08 [    13949.1    6614.7   50172.2    5632.8   50000.0 ]
[24-10-31 15:27:44] 518   -40557.08 [    13949.1    6614.7   50172.2    5632.8   50000.0 ]
[24-10-31 15:27:44] 520   -40557.08 [    13949.1    6614.7   50172.2    5632.8   50000.0 ]
[24-10-31 15:27:45] 522   -40557.08 [    13949.1    6614.7   50172.2    5632.8   50000.0 ]
[24-10-31 15:27:45] 524   -40557.08 [    13949.1    6614.7   50172.2    5632.8   50000.0 ]
[24-10-31 15:27:45] 526   -40557.08 [    13949.1    6614.7   50172.2    5632.8   50000.0 ]
[24-10-31 15:27:46] 528   -40557.08 [    13949.1    6614.7   50172.2    5632.8   50000.0 ]
[24-10-31 15:27:46] 529   -40557.08 [    13949.1    6614.7   50172.2    5632.8   50000.0 ]
[24-10-31 15:27:46] 531   -40557.08 [    13949.1    6614.7   50172.2    5632.8   50000.0 ]
[24-10-31 15:27:47] 532   -40557.08 [    13949.1    6614.7   50172.2    5632.8   50000.0 ]
[24-10-31 15:27:47] 533   -40557.08 [    13949.1    6614.7   50172.2    5632.8   50000.0 ]
[24-10-31 15:27:48] 534   -40557.08 [    13949.1    6614.7   50172.2    5632.8   50000.0 ]
[24-10-31 15:27:48] 535   -40557.08 [    13949.1    6614.7   50172.2    5632.8   50000.0 ]
[24-10-31 15:27:49] 536   -40557.08 [    13949.1    6614.7   50172.2    5632.8   50000.0 ]
[24-10-31 15:27:49] 537   -40557.08 [    13949.1    6614.7   50172.2    5632.8   50000.0 ]
[24-10-31 15:27:49] 538   -40557.08 [    13949.1    6614.7   50172.2    5632.8   50000.0 ]
[24-10-31 15:27:50] 539   -40557.08 [    13949.1    6614.7   50172.2    5632.8   50000.0 ]
[24-10-31 15:27:50] 540   -40557.08 [    13949.1    6614.7   50172.2    5632.8   50000.0 ]
[24-10-31 15:27:51] 541   -40542.55 [    14011.2    6818.8   48052.6    5407.5   50000.0 ]
[24-10-31 15:27:51] 542   -40557.08 [    13949.1    6614.7   50172.2    5632.8   50000.0 ]
[24-10-31 15:27:52] 543   -40542.55 [    14011.2    6818.8   48052.6    5407.5   50000.0 ]
[24-10-31 15:27:52] 544   -40519.53 [    14111.8    7149.0   44623.0    5042.9   50000.0 ]
[24-10-31 15:27:53] 549   -40501.48 [    14192.6    7414.6   41864.7    4749.6   50000.0 ]
[24-10-31 15:27:53] 550   -40510.45 [    14152.2    7281.8   43243.9    4896.3   50000.0 ]
[24-10-31 15:27:54] 551   -40490.56 [    14242.6    7578.8   40160.0    4568.4   50000.0 ]
[24-10-31 15:27:54] 553   -40494.71 [    14223.5    7516.1   40811.1    4637.6   50000.0 ]
[24-10-31 15:27:54] 555   -40492.14 [    14235.3    7554.9   40408.7    4594.9   50000.0 ]
[24-10-31 15:27:55] 556   -40489.59 [    14247.1    7593.6   40006.3    4552.1   50000.0 ]
[24-10-31 15:27:55] 558   -40489.59 [    14247.1    7593.6   40006.3    4552.1   50000.0 ]
[24-10-31 15:27:56] 559   -40489.58 [    14248.1    7593.6   40006.3    4552.1   50000.0 ]
[24-10-31 15:27:56] 560   -40489.58 [    14249.7    7593.6   40006.3    4552.1   50000.0 ]
[24-10-31 15:27:57] 561   -40489.55 [    14341.5    7593.6   40006.3    4552.1   50000.0 ]
[24-10-31 15:27:57] 562   -40489.63 [    14489.9    7593.6   40006.3    4552.1   50000.0 ]
[24-10-31 15:27:58] 563   -40489.56 [    14398.2    7593.6   40006.3    4552.1   50000.0 ]
[24-10-31 15:27:58] 564   -40489.55 [    14306.4    7593.6   40006.3    4552.1   50000.0 ]
[24-10-31 15:27:59] 565   -40489.55 [    14343.3    7593.6   40006.3    4552.1   50000.0 ]
[24-10-31 15:27:59] 566   -40489.55 [    14344.2    7593.6   40006.3    4552.1   50000.0 ]
[24-10-31 15:28:00] 567   -40489.55 [    14343.3    7593.6   40006.3    4552.1   50000.0 ]
[24-10-31 15:28:00] 569   -40489.56 [    14343.3    7593.6   40006.3    4552.1   49998.4 ]
[24-10-31 15:28:00] 570   -40489.55 [    14343.3    7593.6   40006.3    4552.1   49999.4 ]
[24-10-31 15:28:01] 572   -40489.55 [    14343.3    7593.6   40006.3    4552.1   49999.7 ]
[24-10-31 15:28:01] 574   -40489.55 [    14343.3    7593.6   40006.3    4552.1   49999.9 ]
[24-10-31 15:28:02] 576   -40489.55 [    14343.3    7593.6   40006.3    4552.1   50000.0 ]
[24-10-31 15:28:02] 578   -40489.55 [    14343.3    7593.6   40006.3    4552.1   50000.0 ]
[24-10-31 15:28:03] 580   -40489.55 [    14343.3    7593.6   40006.3    4552.1   50000.0 ]
[24-10-31 15:28:03] 582   -40489.55 [    14343.3    7593.6   40006.3    4552.1   50000.0 ]
[24-10-31 15:28:04] 584   -40489.55 [    14343.3    7593.6   40006.3    4552.1   50000.0 ]
[24-10-31 15:28:04] 586   -40489.55 [    14343.3    7593.6   40006.3    4552.1   50000.0 ]
[24-10-31 15:28:05] 588   -40489.55 [    14343.3    7593.6   40006.3    4552.1   50000.0 ]
[24-10-31 15:28:05] 590   -40489.55 [    14343.3    7593.6   40006.3    4552.1   50000.0 ]
[24-10-31 15:28:06] 592   -40489.55 [    14343.3    7593.6   40006.3    4552.1   50000.0 ]
[24-10-31 15:28:06] 594   -40489.55 [    14343.3    7593.6   40006.3    4552.1   50000.0 ]
[24-10-31 15:28:06] 596   -40489.55 [    14343.3    7593.6   40006.3    4552.1   50000.0 ]
[24-10-31 15:28:07] 598   -40489.55 [    14343.3    7593.6   40006.3    4552.1   50000.0 ]
[24-10-31 15:28:07] 600   -40489.55 [    14343.3    7593.6   40006.3    4552.1   50000.0 ]
[24-10-31 15:28:08] 602   -40489.55 [    14343.3    7593.6   40006.3    4552.1   50000.0 ]
[24-10-31 15:28:08] 604   -40489.55 [    14343.3    7593.6   40006.3    4552.1   50000.0 ]
[24-10-31 15:28:09] 606   -40489.55 [    14343.3    7593.6   40006.3    4552.1   50000.0 ]
[24-10-31 15:28:09] 608   -40489.55 [    14343.3    7593.6   40006.3    4552.1   50000.0 ]
[24-10-31 15:28:10] 610   -40489.55 [    14343.3    7593.6   40006.3    4552.1   50000.0 ]
[24-10-31 15:28:10] 611   -40489.55 [    14343.3    7593.6   40006.3    4552.1   50000.0 ]
[24-10-31 15:28:11] 612   -40489.55 [    14343.3    7593.6   40006.3    4552.1   50000.0 ]
[24-10-31 15:28:11] 615   -40489.55 [    14343.3    7593.6   40006.3    4552.1   50000.0 ]
[24-10-31 15:28:12] 616   -40489.55 [    14343.3    7593.6   40006.3    4552.1   50000.0 ]
[24-10-31 15:28:12] 617   -40489.55 [    14343.3    7593.6   40006.3    4552.1   50000.0 ]
[24-10-31 15:28:12] 618   -40489.55 [    14343.3    7593.6   40006.3    4552.1   50000.0 ]
[24-10-31 15:28:13] 619   -40489.55 [    14343.3    7593.6   40006.3    4552.1   50000.0 ]
[24-10-31 15:28:13] 620   -40489.55 [    14343.3    7593.6   40006.3    4552.1   50000.0 ]
[24-10-31 15:28:14] 621   -40489.55 [    14343.3    7593.6   40006.3    4552.1   50000.0 ]
[24-10-31 15:28:14] 622   -40489.55 [    14343.3    7593.6   40006.3    4552.1   50000.0 ]
[24-10-31 15:28:15] 623   -40489.55 [    14343.3    7593.6   40007.3    4552.1   50000.0 ]
[24-10-31 15:28:15] 624   -40489.55 [    14343.3    7593.6   40004.7    4552.1   50000.0 ]
[24-10-31 15:28:16] 629   -40489.55 [    14343.3    7593.6   40002.4    4552.1   50000.0 ]
[24-10-31 15:28:16] 630   -40489.55 [    14343.3    7593.6   40003.5    4552.1   50000.0 ]
[24-10-31 15:28:17] 631   -40489.55 [    14343.3    7593.6   40001.0    4552.1   50000.0 ]
[24-10-31 15:28:17] 632   -40489.55 [    14343.3    7593.6   40000.2    4552.1   50000.0 ]
[24-10-31 15:28:18] 634   -40489.55 [    14343.3    7593.6   40000.5    4552.1   50000.0 ]
[24-10-31 15:28:18] 636   -40489.55 [    14343.3    7593.6   40000.3    4552.1   50000.0 ]
[24-10-31 15:28:19] 637   -40489.55 [    14343.3    7593.6   40000.1    4552.1   50000.0 ]
[24-10-31 15:28:19] 638   -40489.55 [    14343.3    7593.6   40000.0    4552.1   50000.0 ]
[24-10-31 15:28:19] 639   -40489.55 [    14343.3    7593.6   40000.0    4552.1   50000.0 ]
[24-10-31 15:28:20] 640   -40489.55 [    14343.3    7593.6   40000.0    4553.1   50000.0 ]
[24-10-31 15:28:20] 641   -40489.54 [    14343.3    7593.6   40000.0    4550.5   50000.0 ]
[24-10-31 15:28:21] 642   -40489.53 [    14343.3    7593.6   40000.0    4534.6   50000.0 ]
[24-10-31 15:28:21] 643   -40489.56 [    14343.3    7593.6   40000.0    4509.0   50000.0 ]
[24-10-31 15:28:22] 644   -40489.54 [    14343.3    7593.6   40000.0    4524.8   50000.0 ]
[24-10-31 15:28:22] 645   -40489.53 [    14343.3    7593.6   40000.0    4540.7   50000.0 ]
[24-10-31 15:28:22] 646   -40489.53 [    14343.3    7593.6   40000.0    4534.8   50000.0 ]
[24-10-31 15:28:23] 647   -40489.53 [    14343.3    7593.6   40000.0    4535.0   50000.0 ]
[24-10-31 15:28:23] 648   -40489.53 [    14343.3    7593.6   40000.0    4534.8   50000.0 ]
[24-10-31 15:28:24] 650   -40601.38 [    13861.0    6009.7   56448.8    6283.4   50000.0 ]
[24-10-31 15:28:24] 651   -40530.62 [    14159.0    6988.6   46282.9    5202.7   50000.0 ]
[24-10-31 15:28:25] 653   -40509.79 [    14251.2    7291.1   43141.5    4868.8   50000.0 ]
[24-10-31 15:28:25] 655    -40497.2 [    14308.1    7478.1   41199.9    4662.4   50000.0 ]
[24-10-31 15:28:26] 657   -40492.45 [    14329.8    7549.5   40458.4    4583.5   50000.0 ]
[24-10-31 15:28:26] 659   -40490.65 [    14338.1    7576.7   40175.1    4553.4   50000.0 ]
[24-10-31 15:28:27] 661   -40489.96 [    14341.3    7587.2   40066.9    4541.9   50000.0 ]
[24-10-31 15:28:27] 663   -40489.69 [    14342.5    7591.1   40025.6    4537.5   50000.0 ]
[24-10-31 15:28:27] 665   -40489.59 [    14343.0    7592.7   40009.8    4535.8   50000.0 ]
[24-10-31 15:28:28] 667   -40489.56 [    14343.2    7593.2   40003.7    4535.2   50000.0 ]
[24-10-31 15:28:28] 669   -40489.54 [    14343.2    7593.5   40001.4    4535.0   50000.0 ]
[24-10-31 15:28:29] 671   -40489.54 [    14343.2    7593.6   40000.6    4534.9   50000.0 ]
[24-10-31 15:28:29] 673   -40489.53 [    14343.3    7593.6   40000.2    4534.8   50000.0 ]
[24-10-31 15:28:30] 675   -40489.53 [    14343.3    7593.6   40000.1    4534.8   50000.0 ]
[24-10-31 15:28:30] 677   -40489.53 [    14343.3    7593.6   40000.1    4534.8   50000.0 ]
[24-10-31 15:28:31] 678   -40489.53 [    14343.3    7593.6   40000.0    4534.8   50000.0 ]
[24-10-31 15:28:31] 680   -40489.53 [    14343.3    7593.6   40000.0    4534.8   50000.0 ]
[24-10-31 15:28:31] 681   -40489.53 [    14343.3    7593.6   40000.0    4534.8   50000.0 ]
[24-10-31 15:28:31] 682   -40489.53 [    14343.3    7593.6   40000.0    4534.8   50000.0 ]
[24-10-31 15:28:32] 683   -40489.53 [    14343.3    7593.6   40000.0    4534.8   50000.0 ]
[24-10-31 15:28:32] 684   -40489.53 [    14343.3    7593.6   40000.0    4534.8   50000.0 ]
[24-10-31 15:28:32] 686   -40489.53 [    14343.3    7593.6   40000.0    4534.8   50000.0 ]
Optimization terminated successfully.
         Current function value: 40489.532219
         Iterations: 8
         Function evaluations: 687
[24-10-31 15:28:32] 687      fit p: [    14343.3    7593.6   40000.0    4534.8   50000.0 ]
method: Powell
objective_func: objective_H2
fopt: -40489.53221898287
max_iter: 100
num_iter: 8
func_calls: 687
flag: 0
u_fitted: False
u: 1.111e-08
