[24-10-31 15:03:38] fitting objective_H2 to data for demes ['French', 'KhomaniSan', 'Yoruba']
[24-10-31 15:03:38] 0        pnames [         NK       NFY       TFY        NF        NY ]
[24-10-31 15:03:38] 0            p0 [    15633.3   19836.3   77807.5    4602.5   20592.3 ]
[24-10-31 15:03:39] 1      -45816.6 [    15633.3   19836.3   77807.5    4602.5   20592.3 ]
[24-10-31 15:03:39] 2      -45816.6 [    15633.3   19836.3   77807.5    4602.5   20592.3 ]
[24-10-31 15:03:39] 3     -45816.53 [    15634.3   19836.3   77807.5    4602.5   20592.3 ]
[24-10-31 15:03:39] 4     -45816.43 [    15636.0   19836.3   77807.5    4602.5   20592.3 ]
[24-10-31 15:03:40] 5     -45805.18 [    15812.3   19836.3   77807.5    4602.5   20592.3 ]
[24-10-31 15:03:40] 6     -45610.56 [    20568.3   19836.3   77807.5    4602.5   20592.3 ]
[24-10-31 15:03:40] 7     -45499.86 [    28263.7   19836.3   77807.5    4602.5   20592.3 ]
[24-10-31 15:03:40] 8     -45503.41 [    27791.3   19836.3   77807.5    4602.5   20592.3 ]
[24-10-31 15:03:41] 9     -45462.26 [    40715.0   19836.3   77807.5    4602.5   20592.3 ]
[24-10-31 15:03:41] 10    -45466.07 [    37165.2   19836.3   77807.5    4602.5   20592.3 ]
[24-10-31 15:03:41] 12    -45461.55 [    48410.4   19836.3   77807.5    4602.5   20592.3 ]
[24-10-31 15:03:41] 14    -45460.99 [    44562.7   19836.3   77807.5    4602.5   20592.3 ]
[24-10-31 15:03:42] 15    -45460.99 [    45316.9   19836.3   77807.5    4602.5   20592.3 ]
[24-10-31 15:03:42] 16     -45461.0 [    45613.7   19836.3   77807.5    4602.5   20592.3 ]
[24-10-31 15:03:42] 17    -45460.98 [    45020.0   19836.3   77807.5    4602.5   20592.3 ]
[24-10-31 15:03:42] 18    -45460.98 [    45020.0   19836.3   77807.5    4602.5   20592.3 ]
[24-10-31 15:03:43] 19    -45461.09 [    45020.0   19837.3   77807.5    4602.5   20592.3 ]
[24-10-31 15:03:43] 20     -45460.8 [    45020.0   19834.7   77807.5    4602.5   20592.3 ]
[24-10-31 15:03:43] 21    -45460.51 [    45020.0   19832.1   77807.5    4602.5   20592.3 ]
[24-10-31 15:03:43] 22    -45460.03 [    45020.0   19827.8   77807.5    4602.5   20592.3 ]
[24-10-31 15:03:44] 23    -45459.26 [    45020.0   19821.0   77807.5    4602.5   20592.3 ]
[24-10-31 15:03:44] 24    -45458.02 [    45020.0   19809.9   77807.5    4602.5   20592.3 ]
[24-10-31 15:03:44] 25    -45456.01 [    45020.0   19791.9   77807.5    4602.5   20592.3 ]
[24-10-31 15:03:44] 26    -45452.75 [    45020.0   19762.9   77807.5    4602.5   20592.3 ]
[24-10-31 15:03:45] 27    -45447.45 [    45020.0   19715.9   77807.5    4602.5   20592.3 ]
[24-10-31 15:03:45] 28    -45438.84 [    45020.0   19639.9   77807.5    4602.5   20592.3 ]
[24-10-31 15:03:45] 29    -45424.81 [    45020.0   19516.9   77807.5    4602.5   20592.3 ]
[24-10-31 15:03:45] 30    -45401.81 [    45020.0   19317.9   77807.5    4602.5   20592.3 ]
[24-10-31 15:03:46] 31    -45363.83 [    45020.0   18995.9   77807.5    4602.5   20592.3 ]
[24-10-31 15:03:46] 32     -45300.3 [    45020.0   18474.9   77807.5    4602.5   20592.3 ]
[24-10-31 15:03:46] 33    -45191.69 [    45020.0   17631.9   77807.5    4602.5   20592.3 ]
[24-10-31 15:03:46] 34    -44999.15 [    45020.0   16267.9   77807.5    4602.5   20592.3 ]
[24-10-31 15:03:47] 35    -44635.93 [    45020.0   14060.9   77807.5    4602.5   20592.3 ]
[24-10-31 15:03:47] 36    -43879.02 [    45020.0   10489.9   77807.5    4602.5   20592.3 ]
[24-10-31 15:03:47] 37    -42825.04 [    45020.0    4711.9   77807.5    4602.5   20592.3 ]
[24-10-31 15:03:47] 40    -79668.68 [    45020.0     922.6   77807.5    4602.5   20592.3 ]
[24-10-31 15:03:48] 41    -45655.63 [    45020.0    2817.3   77807.5    4602.5   20592.3 ]
[24-10-31 15:03:48] 42     -43279.9 [    45020.0    3936.6   77807.5    4602.5   20592.3 ]
[24-10-31 15:03:48] 43     -42875.7 [    45020.0    4560.7   77807.5    4602.5   20592.3 ]
[24-10-31 15:03:48] 44    -42756.98 [    45020.0    5051.6   77807.5    4602.5   20592.3 ]
[24-10-31 15:03:49] 45    -43006.93 [    45020.0    7128.9   77807.5    4602.5   20592.3 ]
[24-10-31 15:03:49] 46    -42740.72 [    45020.0    5247.0   77807.5    4602.5   20592.3 ]
[24-10-31 15:03:49] 47    -42737.25 [    45020.0    5392.9   77807.5    4602.5   20592.3 ]
[24-10-31 15:03:49] 48    -42740.06 [    45020.0    5537.3   77807.5    4602.5   20592.3 ]
[24-10-31 15:03:50] 49    -42737.25 [    45020.0    5392.9   77807.5    4602.5   20592.3 ]
[24-10-31 15:03:50] 50     -42737.3 [    45020.0    5392.9   77808.5    4602.5   20592.3 ]
[24-10-31 15:03:50] 51    -42737.18 [    45020.0    5392.9   77805.9    4602.5   20592.3 ]
[24-10-31 15:03:50] 52    -42728.99 [    45020.0    5392.9   77629.5    4602.5   20592.3 ]
[24-10-31 15:03:50] 53     -42473.5 [    45020.0    5392.9   67001.3    4602.5   20592.3 ]
[24-10-31 15:03:51] 54    -42940.92 [    45020.0    5392.9   49804.6    4602.5   20592.3 ]
[24-10-31 15:03:51] 55    -42532.98 [    45020.0    5392.9   60432.8    4602.5   20592.3 ]
[24-10-31 15:03:51] 56    -42517.43 [    45020.0    5392.9   71060.9    4602.5   20592.3 ]
[24-10-31 15:03:51] 57     -42472.3 [    45020.0    5392.9   66138.1    4602.5   20592.3 ]
[24-10-31 15:03:52] 58     -42472.3 [    45020.0    5392.9   66254.8    4602.5   20592.3 ]
[24-10-31 15:03:52] 59    -42472.35 [    45020.0    5392.9   66370.3    4602.5   20592.3 ]
[24-10-31 15:03:52] 60     -42472.3 [    45020.0    5392.9   66254.8    4602.5   20592.3 ]
[24-10-31 15:03:52] 61    -42472.07 [    45020.0    5392.9   66254.8    4603.5   20592.3 ]
[24-10-31 15:03:53] 62    -42471.69 [    45020.0    5392.9   66254.8    4605.1   20592.3 ]
[24-10-31 15:03:53] 63    -42434.83 [    45020.0    5392.9   66254.8    4781.5   20592.3 ]
[24-10-31 15:03:53] 64    -42345.34 [    45020.0    5392.9   66254.8    5530.3   20592.3 ]
[24-10-31 15:03:53] 65    -42331.72 [    45020.0    5392.9   66254.8    6741.8   20592.3 ]
[24-10-31 15:03:54] 66    -42324.67 [    45020.0    5392.9   66254.8    6237.8   20592.3 ]
[24-10-31 15:03:54] 67    -42327.42 [    45020.0    5392.9   66254.8    5967.6   20592.3 ]
[24-10-31 15:03:54] 68    -42325.72 [    45020.0    5392.9   66254.8    6430.3   20592.3 ]
[24-10-31 15:03:54] 69    -42324.67 [    45020.0    5392.9   66254.8    6254.2   20592.3 ]
[24-10-31 15:03:55] 70    -42324.68 [    45020.0    5392.9   66254.8    6270.7   20592.3 ]
[24-10-31 15:03:55] 71    -42324.67 [    45020.0    5392.9   66254.8    6254.2   20592.3 ]
[24-10-31 15:03:55] 72    -42324.56 [    45020.0    5392.9   66254.8    6254.2   20593.3 ]
[24-10-31 15:03:55] 73    -42324.38 [    45020.0    5392.9   66254.8    6254.2   20594.9 ]
[24-10-31 15:03:56] 74    -42305.38 [    45020.0    5392.9   66254.8    6254.2   20771.3 ]
[24-10-31 15:03:56] 75    -41657.98 [    45020.0    5392.9   66254.8    6254.2   29841.2 ]
[24-10-31 15:03:56] 76    -41206.04 [    45020.0    5392.9   66254.8    6254.2   44516.6 ]
[24-10-31 15:03:56] 77    -41174.12 [    45020.0    5392.9   66254.8    6254.2   46187.7 ]
[24-10-31 15:03:57] 78    -41127.44 [    45020.0    5392.9   66254.8    6254.2   48891.7 ]
[24-10-31 15:03:57] 82    -41110.44 [    45020.0    5392.9   66254.8    6254.2   49963.0 ]
[24-10-31 15:03:57] 84    -41115.02 [    45020.0    5392.9   66254.8    6254.2   49669.3 ]
[24-10-31 15:03:57] 86    -41110.44 [    45020.0    5392.9   66254.8    6254.2   49963.0 ]
[24-10-31 15:03:58] 87    -41110.45 [    45021.0    5392.9   66254.8    6254.2   49963.0 ]
[24-10-31 15:03:58] 88    -41110.43 [    45018.4    5392.9   66254.8    6254.2   49963.0 ]
[24-10-31 15:03:58] 89     -41110.4 [    45015.8    5392.9   66254.8    6254.2   49963.0 ]
[24-10-31 15:03:58] 90    -41110.36 [    45011.6    5392.9   66254.8    6254.2   49963.0 ]
[24-10-31 15:03:59] 91    -41110.29 [    45004.7    5392.9   66254.8    6254.2   49963.0 ]
[24-10-31 15:03:59] 92    -41110.18 [    44993.6    5392.9   66254.8    6254.2   49963.0 ]
[24-10-31 15:03:59] 93     -41110.0 [    44975.7    5392.9   66254.8    6254.2   49963.0 ]
[24-10-31 15:03:59] 94    -41109.71 [    44946.7    5392.9   66254.8    6254.2   49963.0 ]
[24-10-31 15:03:59] 95    -41109.23 [    44899.7    5392.9   66254.8    6254.2   49963.0 ]
[24-10-31 15:04:00] 96    -41108.47 [    44823.7    5392.9   66254.8    6254.2   49963.0 ]
[24-10-31 15:04:00] 97    -41107.23 [    44700.7    5392.9   66254.8    6254.2   49963.0 ]
[24-10-31 15:04:00] 98    -41105.21 [    44501.7    5392.9   66254.8    6254.2   49963.0 ]
[24-10-31 15:04:00] 99    -41101.91 [    44179.7    5392.9   66254.8    6254.2   49963.0 ]
[24-10-31 15:04:01] 100   -41096.51 [    43658.7    5392.9   66254.8    6254.2   49963.0 ]
[24-10-31 15:04:01] 101   -41087.58 [    42815.7    5392.9   66254.8    6254.2   49963.0 ]
[24-10-31 15:04:01] 102   -41072.61 [    41451.7    5392.9   66254.8    6254.2   49963.0 ]
[24-10-31 15:04:01] 103   -41046.95 [    39244.7    5392.9   66254.8    6254.2   49963.0 ]
[24-10-31 15:04:02] 104   -41001.33 [    35673.7    5392.9   66254.8    6254.2   49963.0 ]
[24-10-31 15:04:02] 105   -40915.42 [    29895.7    5392.9   66254.8    6254.2   49963.0 ]
[24-10-31 15:04:02] 106   -40748.59 [    20546.7    5392.9   66254.8    6254.2   49963.0 ]
[24-10-31 15:04:02] 107    -42317.7 [     5419.7    5392.9   66254.8    6254.2   49963.0 ]
[24-10-31 15:04:03] 108    -40676.5 [    14768.7    5392.9   66254.8    6254.2   49963.0 ]
[24-10-31 15:04:03] 109   -40748.28 [    11197.7    5392.9   66254.8    6254.2   49963.0 ]
[24-10-31 15:04:03] 110   -40681.45 [    15867.4    5392.9   66254.8    6254.2   49963.0 ]
[24-10-31 15:04:03] 111   -40677.13 [    15071.2    5392.9   66254.8    6254.2   49963.0 ]
[24-10-31 15:04:04] 112   -40676.55 [    14466.1    5392.9   66254.8    6254.2   49963.0 ]
[24-10-31 15:04:04] 113    -40676.5 [    14768.7    5392.9   66254.8    6254.2   49963.0 ]
[24-10-31 15:04:04] 114   -40676.49 [    14768.7    5393.9   66254.8    6254.2   49963.0 ]
[24-10-31 15:04:04] 115   -40676.48 [    14768.7    5395.5   66254.8    6254.2   49963.0 ]
[24-10-31 15:04:05] 116    -40676.4 [    14768.7    5414.2   66254.8    6254.2   49963.0 ]
[24-10-31 15:04:05] 117    -40676.6 [    14768.7    5444.6   66254.8    6254.2   49963.0 ]
[24-10-31 15:04:05] 118   -40676.43 [    14768.7    5425.8   66254.8    6254.2   49963.0 ]
[24-10-31 15:04:05] 119   -40676.41 [    14768.7    5407.1   66254.8    6254.2   49963.0 ]
[24-10-31 15:04:06] 120    -40676.4 [    14768.7    5414.5   66254.8    6254.2   49963.0 ]
[24-10-31 15:04:06] 121    -40676.4 [    14768.7    5414.7   66254.8    6254.2   49963.0 ]
[24-10-31 15:04:06] 122    -40676.4 [    14768.7    5414.5   66254.8    6254.2   49963.0 ]
[24-10-31 15:04:06] 123   -40676.41 [    14768.7    5414.5   66255.8    6254.2   49963.0 ]
[24-10-31 15:04:06] 124   -40676.38 [    14768.7    5414.5   66253.1    6254.2   49963.0 ]
[24-10-31 15:04:07] 125   -40674.53 [    14768.7    5414.5   66076.8    6254.2   49963.0 ]
[24-10-31 15:04:07] 126   -40661.87 [    14768.7    5414.5   63610.9    6254.2   49963.0 ]
[24-10-31 15:04:07] 127   -40692.22 [    14768.7    5414.5   59621.1    6254.2   49963.0 ]
[24-10-31 15:04:07] 128   -40666.18 [    14768.7    5414.5   62086.9    6254.2   49963.0 ]
[24-10-31 15:04:08] 129   -40663.81 [    14768.7    5414.5   64552.8    6254.2   49963.0 ]
[24-10-31 15:04:08] 130   -40661.87 [    14768.7    5414.5   63562.3    6254.2   49963.0 ]
[24-10-31 15:04:08] 131   -40661.87 [    14768.7    5414.5   63535.4    6254.2   49963.0 ]
[24-10-31 15:04:08] 132   -40661.87 [    14768.7    5414.5   63562.3    6254.2   49963.0 ]
[24-10-31 15:04:09] 133   -40661.83 [    14768.7    5414.5   63562.3    6255.2   49963.0 ]
[24-10-31 15:04:09] 134   -40661.77 [    14768.7    5414.5   63562.3    6256.8   49963.0 ]
[24-10-31 15:04:09] 135   -40656.49 [    14768.7    5414.5   63562.3    6433.1   49963.0 ]
[24-10-31 15:04:09] 136   -40651.31 [    14768.7    5414.5   63562.3    6794.7   49963.0 ]
[24-10-31 15:04:10] 137   -40655.16 [    14768.7    5414.5   63562.3    7379.7   49963.0 ]
[24-10-31 15:04:10] 138   -40651.26 [    14768.7    5414.5   63562.3    7018.2   49963.0 ]
[24-10-31 15:04:10] 139   -40652.22 [    14768.7    5414.5   63562.3    7156.3   49963.0 ]
[24-10-31 15:04:10] 140   -40651.02 [    14768.7    5414.5   63562.3    6912.8   49963.0 ]
[24-10-31 15:04:11] 141   -40651.02 [    14768.7    5414.5   63562.3    6906.2   49963.0 ]
[24-10-31 15:04:11] 142   -40651.02 [    14768.7    5414.5   63562.3    6919.4   49963.0 ]
[24-10-31 15:04:11] 143   -40651.02 [    14768.7    5414.5   63562.3    6912.8   49963.0 ]
[24-10-31 15:04:11] 144   -40651.01 [    14768.7    5414.5   63562.3    6912.8   49964.0 ]
[24-10-31 15:04:12] 145   -40650.99 [    14768.7    5414.5   63562.3    6912.8   49965.6 ]
[24-10-31 15:04:12] 148   -40650.69 [    14768.7    5414.5   63562.3    6912.8   49991.3 ]
[24-10-31 15:04:12] 149   -40650.84 [    14768.7    5414.5   63562.3    6912.8   49978.5 ]
[24-10-31 15:04:12] 151   -40650.62 [    14768.7    5414.5   63562.3    6912.8   49997.4 ]
[24-10-31 15:04:13] 153   -40650.65 [    14768.7    5414.5   63562.3    6912.8   49995.1 ]
[24-10-31 15:04:13] 154    -40650.6 [    14768.7    5414.5   63562.3    6912.8   49998.8 ]
[24-10-31 15:04:13] 155   -40650.59 [    14768.7    5414.5   63562.3    6912.8   49999.7 ]
[24-10-31 15:04:13] 157    -40650.6 [    14768.7    5414.5   63562.3    6912.8   49999.4 ]
[24-10-31 15:04:14] 159   -40650.59 [    14768.7    5414.5   63562.3    6912.8   49999.7 ]
[24-10-31 15:04:14] 160    -40650.6 [    14769.7    5414.5   63562.3    6912.8   49999.7 ]
[24-10-31 15:04:14] 161   -40650.58 [    14767.0    5414.5   63562.3    6912.8   49999.7 ]
[24-10-31 15:04:14] 162   -40649.46 [    14590.7    5414.5   63562.3    6912.8   49999.7 ]
[24-10-31 15:04:15] 163    -40647.4 [    13726.7    5414.5   63562.3    6912.8   49999.7 ]
[24-10-31 15:04:15] 164   -40660.83 [    12328.9    5414.5   63562.3    6912.8   49999.7 ]
[24-10-31 15:04:15] 165   -40649.64 [    13192.8    5414.5   63562.3    6912.8   49999.7 ]
[24-10-31 15:04:15] 166   -40647.45 [    14056.7    5414.5   63562.3    6912.8   49999.7 ]
[24-10-31 15:04:15] 167    -40647.3 [    13877.6    5414.5   63562.3    6912.8   49999.7 ]
[24-10-31 15:04:16] 168    -40647.3 [    13868.6    5414.5   63562.3    6912.8   49999.7 ]
[24-10-31 15:04:16] 169    -40647.3 [    13886.5    5414.5   63562.3    6912.8   49999.7 ]
[24-10-31 15:04:16] 170    -40647.3 [    13877.6    5414.5   63562.3    6912.8   49999.7 ]
[24-10-31 15:04:16] 171   -40647.24 [    13877.6    5415.5   63562.3    6912.8   49999.7 ]
[24-10-31 15:04:17] 172   -40647.16 [    13877.6    5417.1   63562.3    6912.8   49999.7 ]
[24-10-31 15:04:17] 173    -40644.4 [    13877.6    5519.4   63562.3    6912.8   49999.7 ]
[24-10-31 15:04:17] 174   -40650.05 [    13877.6    5685.0   63562.3    6912.8   49999.7 ]
[24-10-31 15:04:17] 175   -40645.16 [    13877.6    5582.7   63562.3    6912.8   49999.7 ]
[24-10-31 15:04:18] 176   -40644.85 [    13877.6    5480.3   63562.3    6912.8   49999.7 ]
[24-10-31 15:04:18] 177   -40644.39 [    13877.6    5525.1   63562.3    6912.8   49999.7 ]
[24-10-31 15:04:18] 178   -40644.39 [    13877.6    5524.0   63562.3    6912.8   49999.7 ]
[24-10-31 15:04:18] 179   -40644.39 [    13877.6    5526.2   63562.3    6912.8   49999.7 ]
[24-10-31 15:04:19] 180   -40644.39 [    13877.6    5525.1   63562.3    6912.8   49999.7 ]
[24-10-31 15:04:19] 181    -40644.4 [    13877.6    5525.1   63563.3    6912.8   49999.7 ]
[24-10-31 15:04:19] 182   -40644.38 [    13877.6    5525.1   63560.7    6912.8   49999.7 ]
[24-10-31 15:04:19] 183   -40643.23 [    13877.6    5525.1   63384.3    6912.8   49999.7 ]
[24-10-31 15:04:20] 184    -40638.3 [    13877.6    5525.1   61798.1    6912.8   49999.7 ]
[24-10-31 15:04:20] 185    -40650.5 [    13877.6    5525.1   59231.6    6912.8   49999.7 ]
[24-10-31 15:04:20] 186   -40640.05 [    13877.6    5525.1   60817.8    6912.8   49999.7 ]
[24-10-31 15:04:20] 187   -40639.04 [    13877.6    5525.1   62404.0    6912.8   49999.7 ]
[24-10-31 15:04:21] 188    -40638.3 [    13877.6    5525.1   61777.7    6912.8   49999.7 ]
[24-10-31 15:04:21] 189    -40638.3 [    13877.6    5525.1   61759.8    6912.8   49999.7 ]
[24-10-31 15:04:21] 190    -40638.3 [    13877.6    5525.1   61777.7    6912.8   49999.7 ]
[24-10-31 15:04:21] 191    -40638.3 [    13877.6    5525.1   61777.7    6913.8   49999.7 ]
[24-10-31 15:04:22] 192   -40638.29 [    13877.6    5525.1   61777.7    6911.2   49999.7 ]
[24-10-31 15:04:22] 193   -40638.11 [    13877.6    5525.1   61777.7    6812.3   49999.7 ]
[24-10-31 15:04:22] 194    -40638.7 [    13877.6    5525.1   61777.7    6652.4   49999.7 ]
[24-10-31 15:04:22] 195    -40638.2 [    13877.6    5525.1   61777.7    6751.2   49999.7 ]
[24-10-31 15:04:22] 196   -40638.13 [    13877.6    5525.1   61777.7    6850.1   49999.7 ]
[24-10-31 15:04:23] 197   -40638.11 [    13877.6    5525.1   61777.7    6816.3   49999.7 ]
[24-10-31 15:04:23] 198   -40638.11 [    13877.6    5525.1   61777.7    6815.3   49999.7 ]
[24-10-31 15:04:23] 199   -40638.11 [    13877.6    5525.1   61777.7    6817.2   49999.7 ]
[24-10-31 15:04:23] 200   -40638.11 [    13877.6    5525.1   61777.7    6816.3   49999.7 ]
[24-10-31 15:04:24] 202   -40638.12 [    13877.6    5525.1   61777.7    6816.3   49998.1 ]
[24-10-31 15:04:24] 203   -40638.11 [    13877.6    5525.1   61777.7    6816.3   49999.1 ]
[24-10-31 15:04:24] 205   -40638.11 [    13877.6    5525.1   61777.7    6816.3   49999.4 ]
[24-10-31 15:04:24] 206   -40638.11 [    13877.6    5525.1   61777.7    6816.3   49999.9 ]
[24-10-31 15:04:25] 207    -40638.1 [    13877.6    5525.1   61777.7    6816.3   50000.0 ]
[24-10-31 15:04:25] 209    -40638.1 [    13877.6    5525.1   61777.7    6816.3   49999.9 ]
[24-10-31 15:04:25] 210    -40638.1 [    13877.6    5525.1   61777.7    6816.3   50000.0 ]
[24-10-31 15:04:25] 212    -40638.1 [    13877.6    5525.1   61777.7    6816.3   50000.0 ]
[24-10-31 15:04:26] 213    -40638.1 [    13877.6    5525.1   61777.7    6816.3   50000.0 ]
[24-10-31 15:04:26] 214    -40638.1 [    13877.6    5525.1   61777.7    6816.3   50000.0 ]
[24-10-31 15:04:26] 216    -40638.1 [    13877.6    5525.1   61777.7    6816.3   50000.0 ]
[24-10-31 15:04:26] 217   -40638.11 [    13878.6    5525.1   61777.7    6816.3   50000.0 ]
[24-10-31 15:04:27] 218    -40638.1 [    13875.9    5525.1   61777.7    6816.3   50000.0 ]
[24-10-31 15:04:27] 219   -40638.01 [    13731.7    5525.1   61777.7    6816.3   50000.0 ]
[24-10-31 15:04:27] 220   -40638.29 [    13498.2    5525.1   61777.7    6816.3   50000.0 ]
[24-10-31 15:04:27] 221   -40638.05 [    13642.5    5525.1   61777.7    6816.3   50000.0 ]
[24-10-31 15:04:27] 222   -40638.02 [    13786.8    5525.1   61777.7    6816.3   50000.0 ]
[24-10-31 15:04:28] 223   -40638.01 [    13735.9    5525.1   61777.7    6816.3   50000.0 ]
[24-10-31 15:04:28] 224   -40638.01 [    13734.5    5525.1   61777.7    6816.3   50000.0 ]
[24-10-31 15:04:28] 225   -40638.01 [    13737.3    5525.1   61777.7    6816.3   50000.0 ]
[24-10-31 15:04:28] 226   -40638.01 [    13735.9    5525.1   61777.7    6816.3   50000.0 ]
[24-10-31 15:04:29] 227   -40637.94 [    13735.9    5526.1   61777.7    6816.3   50000.0 ]
[24-10-31 15:04:29] 228   -40637.82 [    13735.9    5527.7   61777.7    6816.3   50000.0 ]
[24-10-31 15:04:29] 229   -40632.43 [    13735.9    5670.8   61777.7    6816.3   50000.0 ]
[24-10-31 15:04:29] 230    -40642.5 [    13735.9    5902.2   61777.7    6816.3   50000.0 ]
[24-10-31 15:04:30] 231   -40633.72 [    13735.9    5759.1   61777.7    6816.3   50000.0 ]
[24-10-31 15:04:30] 232   -40633.35 [    13735.9    5616.1   61777.7    6816.3   50000.0 ]
[24-10-31 15:04:30] 233   -40632.41 [    13735.9    5681.7   61777.7    6816.3   50000.0 ]
[24-10-31 15:04:30] 234   -40632.41 [    13735.9    5680.1   61777.7    6816.3   50000.0 ]
[24-10-31 15:04:31] 235   -40632.41 [    13735.9    5683.3   61777.7    6816.3   50000.0 ]
[24-10-31 15:04:31] 236   -40632.41 [    13735.9    5681.7   61777.7    6816.3   50000.0 ]
[24-10-31 15:04:31] 237   -40632.42 [    13735.9    5681.7   61778.7    6816.3   50000.0 ]
[24-10-31 15:04:31] 238    -40632.4 [    13735.9    5681.7   61776.1    6816.3   50000.0 ]
[24-10-31 15:04:32] 239   -40631.31 [    13735.9    5681.7   61599.7    6816.3   50000.0 ]
[24-10-31 15:04:32] 240   -40626.62 [    13735.9    5681.7   60007.9    6816.3   50000.0 ]
[24-10-31 15:04:32] 241   -40638.24 [    13735.9    5681.7   57432.5    6816.3   50000.0 ]
[24-10-31 15:04:32] 242   -40628.29 [    13735.9    5681.7   59024.2    6816.3   50000.0 ]
[24-10-31 15:04:33] 243   -40627.33 [    13735.9    5681.7   60615.9    6816.3   50000.0 ]
[24-10-31 15:04:33] 244   -40626.62 [    13735.9    5681.7   59988.0    6816.3   50000.0 ]
[24-10-31 15:04:33] 245   -40626.62 [    13735.9    5681.7   59970.1    6816.3   50000.0 ]
[24-10-31 15:04:33] 246   -40626.62 [    13735.9    5681.7   59988.0    6816.3   50000.0 ]
[24-10-31 15:04:33] 247   -40626.63 [    13735.9    5681.7   59988.0    6817.3   50000.0 ]
[24-10-31 15:04:34] 248   -40626.61 [    13735.9    5681.7   59988.0    6814.7   50000.0 ]
[24-10-31 15:04:34] 249   -40626.06 [    13735.9    5681.7   59988.0    6641.1   50000.0 ]
[24-10-31 15:04:34] 250   -40628.08 [    13735.9    5681.7   59988.0    6360.2   50000.0 ]
[24-10-31 15:04:34] 251   -40626.37 [    13735.9    5681.7   59988.0    6533.8   50000.0 ]
[24-10-31 15:04:35] 252   -40626.12 [    13735.9    5681.7   59988.0    6707.4   50000.0 ]
[24-10-31 15:04:35] 253   -40626.05 [    13735.9    5681.7   59988.0    6653.0   50000.0 ]
[24-10-31 15:04:35] 254   -40626.05 [    13735.9    5681.7   59988.0    6651.3   50000.0 ]
[24-10-31 15:04:35] 255   -40626.05 [    13735.9    5681.7   59988.0    6654.6   50000.0 ]
[24-10-31 15:04:36] 256   -40626.05 [    13735.9    5681.7   59988.0    6653.0   50000.0 ]
[24-10-31 15:04:36] 258   -40626.07 [    13735.9    5681.7   59988.0    6653.0   49998.4 ]
[24-10-31 15:04:36] 259   -40626.06 [    13735.9    5681.7   59988.0    6653.0   49999.4 ]
[24-10-31 15:04:36] 261   -40626.06 [    13735.9    5681.7   59988.0    6653.0   49999.7 ]
[24-10-31 15:04:37] 263   -40626.05 [    13735.9    5681.7   59988.0    6653.0   49999.9 ]
[24-10-31 15:04:37] 265   -40626.05 [    13735.9    5681.7   59988.0    6653.0   50000.0 ]
[24-10-31 15:04:37] 267   -40626.05 [    13735.9    5681.7   59988.0    6653.0   50000.0 ]
[24-10-31 15:04:37] 269   -40626.05 [    13735.9    5681.7   59988.0    6653.0   50000.0 ]
[24-10-31 15:04:38] 270   -40626.05 [    13735.9    5681.7   59988.0    6653.0   50000.0 ]
[24-10-31 15:04:38] 272   -40626.05 [    13735.9    5681.7   59988.0    6653.0   50000.0 ]
[24-10-31 15:04:38] 274   -40626.05 [    13735.9    5681.7   59988.0    6653.0   50000.0 ]
[24-10-31 15:04:38] 276   -40626.05 [    13735.9    5681.7   59988.0    6653.0   50000.0 ]
[24-10-31 15:04:39] 278   -40626.05 [    13735.9    5681.7   59988.0    6653.0   50000.0 ]
[24-10-31 15:04:39] 279   -40626.05 [    13735.9    5681.7   59988.0    6653.0   50000.0 ]
[24-10-31 15:04:39] 282   -40626.05 [    13735.9    5681.7   59988.0    6653.0   50000.0 ]
[24-10-31 15:04:39] 283   -40626.05 [    13736.9    5681.7   59988.0    6653.0   50000.0 ]
[24-10-31 15:04:40] 284   -40626.05 [    13738.5    5681.7   59988.0    6653.0   50000.0 ]
[24-10-31 15:04:40] 285   -40626.05 [    13742.7    5681.7   59988.0    6653.0   50000.0 ]
[24-10-31 15:04:40] 286   -40626.05 [    13749.6    5681.7   59988.0    6653.0   50000.0 ]
[24-10-31 15:04:40] 287   -40626.05 [    13745.4    5681.7   59988.0    6653.0   50000.0 ]
[24-10-31 15:04:41] 288   -40626.05 [    13741.1    5681.7   59988.0    6653.0   50000.0 ]
[24-10-31 15:04:41] 289   -40626.05 [    13742.8    5681.7   59988.0    6653.0   50000.0 ]
[24-10-31 15:04:41] 290   -40626.05 [    13742.7    5681.7   59988.0    6653.0   50000.0 ]
[24-10-31 15:04:41] 291   -40626.05 [    13742.7    5681.7   59988.0    6653.0   50000.0 ]
[24-10-31 15:04:42] 292   -40625.98 [    13742.7    5682.7   59988.0    6653.0   50000.0 ]
[24-10-31 15:04:42] 293   -40625.85 [    13742.7    5684.3   59988.0    6653.0   50000.0 ]
[24-10-31 15:04:42] 294   -40619.65 [    13742.7    5841.3   59988.0    6653.0   50000.0 ]
[24-10-31 15:04:42] 295   -40630.99 [    13742.7    6095.2   59988.0    6653.0   50000.0 ]
[24-10-31 15:04:43] 296   -40621.09 [    13742.7    5938.3   59988.0    6653.0   50000.0 ]
[24-10-31 15:04:43] 297   -40620.72 [    13742.7    5781.3   59988.0    6653.0   50000.0 ]
[24-10-31 15:04:43] 298   -40619.62 [    13742.7    5854.1   59988.0    6653.0   50000.0 ]
[24-10-31 15:04:43] 299   -40619.62 [    13742.7    5852.4   59988.0    6653.0   50000.0 ]
[24-10-31 15:04:44] 300   -40619.62 [    13742.7    5850.7   59988.0    6653.0   50000.0 ]
[24-10-31 15:04:44] 301   -40619.62 [    13742.7    5852.4   59988.0    6653.0   50000.0 ]
[24-10-31 15:04:44] 302   -40619.63 [    13742.7    5852.4   59989.0    6653.0   50000.0 ]
[24-10-31 15:04:44] 303   -40619.61 [    13742.7    5852.4   59986.4    6653.0   50000.0 ]
[24-10-31 15:04:45] 304   -40618.56 [    13742.7    5852.4   59810.0    6653.0   50000.0 ]
[24-10-31 15:04:45] 305    -40613.9 [    13742.7    5852.4   58176.9    6653.0   50000.0 ]
[24-10-31 15:04:45] 306   -40625.45 [    13742.7    5852.4   55534.3    6653.0   50000.0 ]
[24-10-31 15:04:45] 307   -40615.56 [    13742.7    5852.4   57167.5    6653.0   50000.0 ]
[24-10-31 15:04:46] 308    -40614.6 [    13742.7    5852.4   58800.7    6653.0   50000.0 ]
[24-10-31 15:04:46] 309    -40613.9 [    13742.7    5852.4   58156.6    6653.0   50000.0 ]
[24-10-31 15:04:46] 310    -40613.9 [    13742.7    5852.4   58138.3    6653.0   50000.0 ]
[24-10-31 15:04:46] 311    -40613.9 [    13742.7    5852.4   58156.6    6653.0   50000.0 ]
[24-10-31 15:04:46] 312   -40613.91 [    13742.7    5852.4   58156.6    6654.0   50000.0 ]
[24-10-31 15:04:47] 313   -40613.89 [    13742.7    5852.4   58156.6    6651.3   50000.0 ]
[24-10-31 15:04:47] 314   -40613.16 [    13742.7    5852.4   58156.6    6475.0   50000.0 ]
[24-10-31 15:04:47] 315   -40613.15 [    13742.7    5852.4   58156.6    6463.3   50000.0 ]
[24-10-31 15:04:47] 316   -40613.17 [    13742.7    5852.4   58156.6    6444.5   50000.0 ]
[24-10-31 15:04:47] 317   -40613.16 [    13742.7    5852.4   58156.6    6456.2   50000.0 ]
[24-10-31 15:04:48] 318   -40613.15 [    13742.7    5852.4   58156.6    6467.8   50000.0 ]
[24-10-31 15:04:48] 319   -40613.15 [    13742.7    5852.4   58156.6    6469.6   50000.0 ]
[24-10-31 15:04:48] 320   -40613.15 [    13742.7    5852.4   58156.6    6465.9   50000.0 ]
[24-10-31 15:04:48] 321   -40613.15 [    13742.7    5852.4   58156.6    6467.8   50000.0 ]
[24-10-31 15:04:49] 323   -40613.17 [    13742.7    5852.4   58156.6    6467.8   49998.4 ]
[24-10-31 15:04:49] 324   -40613.16 [    13742.7    5852.4   58156.6    6467.8   49999.4 ]
[24-10-31 15:04:49] 326   -40613.16 [    13742.7    5852.4   58156.6    6467.8   49999.7 ]
[24-10-31 15:04:49] 328   -40613.16 [    13742.7    5852.4   58156.6    6467.8   49999.9 ]
[24-10-31 15:04:49] 330   -40613.15 [    13742.7    5852.4   58156.6    6467.8   50000.0 ]
[24-10-31 15:04:50] 332   -40613.15 [    13742.7    5852.4   58156.6    6467.8   50000.0 ]
[24-10-31 15:04:50] 334   -40613.15 [    13742.7    5852.4   58156.6    6467.8   50000.0 ]
[24-10-31 15:04:50] 336   -40613.15 [    13742.7    5852.4   58156.6    6467.8   50000.0 ]
[24-10-31 15:04:50] 338   -40613.15 [    13742.7    5852.4   58156.6    6467.8   50000.0 ]
[24-10-31 15:04:51] 340   -40613.15 [    13742.7    5852.4   58156.6    6467.8   50000.0 ]
[24-10-31 15:04:51] 342   -40613.15 [    13742.7    5852.4   58156.6    6467.8   50000.0 ]
[24-10-31 15:04:51] 344   -40613.15 [    13742.7    5852.4   58156.6    6467.8   50000.0 ]
[24-10-31 15:04:51] 346   -40613.15 [    13742.7    5852.4   58156.6    6467.8   50000.0 ]
[24-10-31 15:04:51] 347   -40613.15 [    13742.7    5852.4   58156.6    6467.8   50000.0 ]
[24-10-31 15:04:52] 348   -40613.15 [    13742.7    5852.4   58156.6    6467.8   50000.0 ]
[24-10-31 15:04:52] 350   -40613.15 [    13742.7    5852.4   58156.6    6467.8   50000.0 ]
[24-10-31 15:04:52] 351   -40613.15 [    13742.7    5852.4   58156.6    6467.8   50000.0 ]
[24-10-31 15:04:52] 353   -40613.15 [    13742.7    5852.4   58156.6    6467.8   50000.0 ]
[24-10-31 15:04:53] 354   -40613.15 [    13742.7    5852.4   58156.6    6467.8   50000.0 ]
[24-10-31 15:04:53] 357   -40613.15 [    13742.7    5852.4   58156.6    6467.8   50000.0 ]
[24-10-31 15:04:53] 358   -40613.15 [    13743.7    5852.4   58156.6    6467.8   50000.0 ]
[24-10-31 15:04:53] 359   -40613.15 [    13745.4    5852.4   58156.6    6467.8   50000.0 ]
[24-10-31 15:04:53] 360   -40613.15 [    13782.9    5852.4   58156.6    6467.8   50000.0 ]
[24-10-31 15:04:54] 361   -40613.16 [    13843.5    5852.4   58156.6    6467.8   50000.0 ]
[24-10-31 15:04:54] 362   -40613.15 [    13806.0    5852.4   58156.6    6467.8   50000.0 ]
[24-10-31 15:04:54] 363   -40613.15 [    13768.5    5852.4   58156.6    6467.8   50000.0 ]
[24-10-31 15:04:54] 364   -40613.15 [    13783.3    5852.4   58156.6    6467.8   50000.0 ]
[24-10-31 15:04:55] 365   -40613.15 [    13783.7    5852.4   58156.6    6467.8   50000.0 ]
[24-10-31 15:04:55] 366   -40613.15 [    13783.3    5852.4   58156.6    6467.8   50000.0 ]
[24-10-31 15:04:55] 367   -40613.07 [    13783.3    5853.4   58156.6    6467.8   50000.0 ]
[24-10-31 15:04:55] 368   -40612.95 [    13783.3    5855.0   58156.6    6467.8   50000.0 ]
[24-10-31 15:04:55] 369   -40606.41 [    13783.3    6020.6   58156.6    6467.8   50000.0 ]
[24-10-31 15:04:56] 370   -40618.26 [    13783.3    6288.5   58156.6    6467.8   50000.0 ]
[24-10-31 15:04:56] 371    -40607.9 [    13783.3    6122.9   58156.6    6467.8   50000.0 ]
[24-10-31 15:04:56] 372   -40607.54 [    13783.3    5957.4   58156.6    6467.8   50000.0 ]
[24-10-31 15:04:56] 373   -40606.38 [    13783.3    6034.5   58156.6    6467.8   50000.0 ]
[24-10-31 15:04:56] 374   -40606.38 [    13783.3    6032.7   58156.6    6467.8   50000.0 ]
[24-10-31 15:04:57] 375   -40606.38 [    13783.3    6030.9   58156.6    6467.8   50000.0 ]
[24-10-31 15:04:57] 376   -40606.38 [    13783.3    6032.7   58156.6    6467.8   50000.0 ]
[24-10-31 15:04:57] 377   -40606.38 [    13783.3    6032.7   58157.6    6467.8   50000.0 ]
[24-10-31 15:04:57] 378   -40606.37 [    13783.3    6032.7   58155.0    6467.8   50000.0 ]
[24-10-31 15:04:58] 379   -40605.33 [    13783.3    6032.7   57978.7    6467.8   50000.0 ]
[24-10-31 15:04:58] 380   -40600.54 [    13783.3    6032.7   56272.8    6467.8   50000.0 ]
[24-10-31 15:04:58] 381   -40612.42 [    13783.3    6032.7   53512.7    6467.8   50000.0 ]
[24-10-31 15:04:58] 382   -40602.24 [    13783.3    6032.7   55218.6    6467.8   50000.0 ]
[24-10-31 15:04:59] 383   -40601.26 [    13783.3    6032.7   56924.4    6467.8   50000.0 ]
[24-10-31 15:04:59] 384   -40600.54 [    13783.3    6032.7   56251.6    6467.8   50000.0 ]
[24-10-31 15:04:59] 385   -40600.54 [    13783.3    6032.7   56232.6    6467.8   50000.0 ]
[24-10-31 15:04:59] 386   -40600.54 [    13783.3    6032.7   56251.6    6467.8   50000.0 ]
[24-10-31 15:05:00] 387   -40600.55 [    13783.3    6032.7   56251.6    6468.8   50000.0 ]
[24-10-31 15:05:00] 388   -40600.52 [    13783.3    6032.7   56251.6    6466.2   50000.0 ]
[24-10-31 15:05:00] 389   -40599.66 [    13783.3    6032.7   56251.6    6289.8   50000.0 ]
[24-10-31 15:05:00] 390   -40599.66 [    13783.3    6032.7   56251.6    6266.0   50000.0 ]
[24-10-31 15:05:00] 391   -40599.71 [    13783.3    6032.7   56251.6    6227.5   50000.0 ]
[24-10-31 15:05:01] 392   -40599.67 [    13783.3    6032.7   56251.6    6251.3   50000.0 ]
[24-10-31 15:05:01] 393   -40599.66 [    13783.3    6032.7   56251.6    6275.1   50000.0 ]
[24-10-31 15:05:01] 394   -40599.66 [    13783.3    6032.7   56251.6    6272.5   50000.0 ]
[24-10-31 15:05:01] 395   -40599.66 [    13783.3    6032.7   56251.6    6270.5   50000.0 ]
[24-10-31 15:05:01] 396   -40599.66 [    13783.3    6032.7   56251.6    6272.5   50000.0 ]
[24-10-31 15:05:02] 398   -40599.67 [    13783.3    6032.7   56251.6    6272.5   49998.4 ]
[24-10-31 15:05:02] 399   -40599.66 [    13783.3    6032.7   56251.6    6272.5   49999.4 ]
[24-10-31 15:05:02] 401   -40599.66 [    13783.3    6032.7   56251.6    6272.5   49999.7 ]
[24-10-31 15:05:02] 403   -40599.66 [    13783.3    6032.7   56251.6    6272.5   49999.9 ]
[24-10-31 15:05:02] 405   -40599.66 [    13783.3    6032.7   56251.6    6272.5   50000.0 ]
[24-10-31 15:05:03] 407   -40599.66 [    13783.3    6032.7   56251.6    6272.5   50000.0 ]
[24-10-31 15:05:03] 409   -40599.66 [    13783.3    6032.7   56251.6    6272.5   50000.0 ]
[24-10-31 15:05:03] 411   -40599.66 [    13783.3    6032.7   56251.6    6272.5   50000.0 ]
[24-10-31 15:05:03] 413   -40599.66 [    13783.3    6032.7   56251.6    6272.5   50000.0 ]
[24-10-31 15:05:03] 415   -40599.66 [    13783.3    6032.7   56251.6    6272.5   50000.0 ]
[24-10-31 15:05:04] 417   -40599.66 [    13783.3    6032.7   56251.6    6272.5   50000.0 ]
[24-10-31 15:05:04] 419   -40599.66 [    13783.3    6032.7   56251.6    6272.5   50000.0 ]
[24-10-31 15:05:04] 421   -40599.66 [    13783.3    6032.7   56251.6    6272.5   50000.0 ]
[24-10-31 15:05:04] 423   -40599.66 [    13783.3    6032.7   56251.6    6272.5   50000.0 ]
[24-10-31 15:05:04] 425   -40599.66 [    13783.3    6032.7   56251.6    6272.5   50000.0 ]
[24-10-31 15:05:05] 427   -40599.66 [    13783.3    6032.7   56251.6    6272.5   50000.0 ]
[24-10-31 15:05:05] 429   -40599.66 [    13783.3    6032.7   56251.6    6272.5   50000.0 ]
[24-10-31 15:05:05] 431   -40599.66 [    13783.3    6032.7   56251.6    6272.5   50000.0 ]
[24-10-31 15:05:05] 433   -40599.66 [    13783.3    6032.7   56251.6    6272.5   50000.0 ]
[24-10-31 15:05:05] 434   -40599.66 [    13783.3    6032.7   56251.6    6272.5   50000.0 ]
[24-10-31 15:05:06] 435   -40599.66 [    13783.3    6032.7   56251.6    6272.5   50000.0 ]
[24-10-31 15:05:06] 437   -40599.66 [    13783.3    6032.7   56251.6    6272.5   50000.0 ]
[24-10-31 15:05:06] 438   -40599.66 [    13783.3    6032.7   56251.6    6272.5   50000.0 ]
[24-10-31 15:05:06] 440   -40599.66 [    13783.3    6032.7   56251.6    6272.5   50000.0 ]
[24-10-31 15:05:06] 441   -40599.66 [    13783.3    6032.7   56251.6    6272.5   50000.0 ]
[24-10-31 15:05:07] 442   -40599.66 [    13783.3    6032.7   56251.6    6272.5   50000.0 ]
[24-10-31 15:05:07] 443   -40599.66 [    13783.3    6032.7   56251.6    6272.5   50000.0 ]
[24-10-31 15:05:07] 445   -40599.66 [    13783.3    6032.7   56251.6    6272.5   50000.0 ]
[24-10-31 15:05:07] 446   -40599.66 [    13784.3    6032.7   56251.6    6272.5   50000.0 ]
[24-10-31 15:05:08] 447   -40599.66 [    13785.9    6032.7   56251.6    6272.5   50000.0 ]
[24-10-31 15:05:08] 448   -40599.65 [    13833.1    6032.7   56251.6    6272.5   50000.0 ]
[24-10-31 15:05:08] 449   -40599.67 [    13909.6    6032.7   56251.6    6272.5   50000.0 ]
[24-10-31 15:05:08] 450   -40599.65 [    13862.4    6032.7   56251.6    6272.5   50000.0 ]
[24-10-31 15:05:08] 451   -40599.65 [    13815.1    6032.7   56251.6    6272.5   50000.0 ]
[24-10-31 15:05:09] 452   -40599.65 [    13833.6    6032.7   56251.6    6272.5   50000.0 ]
[24-10-31 15:05:09] 453   -40599.65 [    13834.2    6032.7   56251.6    6272.5   50000.0 ]
[24-10-31 15:05:09] 454   -40599.65 [    13833.6    6032.7   56251.6    6272.5   50000.0 ]
[24-10-31 15:05:09] 455   -40599.57 [    13833.6    6033.7   56251.6    6272.5   50000.0 ]
[24-10-31 15:05:09] 456   -40599.45 [    13833.6    6035.3   56251.6    6272.5   50000.0 ]
[24-10-31 15:05:10] 457   -40592.72 [    13833.6    6208.1   56251.6    6272.5   50000.0 ]
[24-10-31 15:05:10] 458   -40604.86 [    13833.6    6487.8   56251.6    6272.5   50000.0 ]
[24-10-31 15:05:10] 459   -40594.25 [    13833.6    6315.0   56251.6    6272.5   50000.0 ]
[24-10-31 15:05:10] 460   -40593.88 [    13833.6    6142.1   56251.6    6272.5   50000.0 ]
[24-10-31 15:05:11] 461   -40592.69 [    13833.6    6222.8   56251.6    6272.5   50000.0 ]
[24-10-31 15:05:11] 462   -40592.69 [    13833.6    6220.9   56251.6    6272.5   50000.0 ]
[24-10-31 15:05:11] 463   -40592.69 [    13833.6    6219.1   56251.6    6272.5   50000.0 ]
[24-10-31 15:05:11] 464   -40592.69 [    13833.6    6220.9   56251.6    6272.5   50000.0 ]
[24-10-31 15:05:11] 465   -40592.69 [    13833.6    6220.9   56252.6    6272.5   50000.0 ]
[24-10-31 15:05:12] 466   -40592.68 [    13833.6    6220.9   56250.0    6272.5   50000.0 ]
[24-10-31 15:05:12] 467   -40591.66 [    13833.6    6220.9   56073.6    6272.5   50000.0 ]
[24-10-31 15:05:12] 468   -40586.75 [    13833.6    6220.9   54296.2    6272.5   50000.0 ]
[24-10-31 15:05:12] 469   -40598.92 [    13833.6    6220.9   51420.2    6272.5   50000.0 ]
[24-10-31 15:05:13] 470   -40588.49 [    13833.6    6220.9   53197.6    6272.5   50000.0 ]
[24-10-31 15:05:13] 471   -40587.49 [    13833.6    6220.9   54975.1    6272.5   50000.0 ]
[24-10-31 15:05:13] 472   -40586.75 [    13833.6    6220.9   54274.0    6272.5   50000.0 ]
[24-10-31 15:05:13] 473   -40586.75 [    13833.6    6220.9   54254.3    6272.5   50000.0 ]
[24-10-31 15:05:14] 474   -40586.75 [    13833.6    6220.9   54274.0    6272.5   50000.0 ]
[24-10-31 15:05:14] 475   -40586.76 [    13833.6    6220.9   54274.0    6273.5   50000.0 ]
[24-10-31 15:05:14] 476   -40586.73 [    13833.6    6220.9   54274.0    6270.8   50000.0 ]
[24-10-31 15:05:14] 477   -40585.73 [    13833.6    6220.9   54274.0    6094.5   50000.0 ]
[24-10-31 15:05:14] 478   -40585.71 [    13833.6    6220.9   54274.0    6058.5   50000.0 ]
[24-10-31 15:05:15] 479   -40585.83 [    13833.6    6220.9   54274.0    6000.3   50000.0 ]
[24-10-31 15:05:15] 480   -40585.74 [    13833.6    6220.9   54274.0    6036.3   50000.0 ]
[24-10-31 15:05:15] 481   -40585.71 [    13833.6    6220.9   54274.0    6072.2   50000.0 ]
[24-10-31 15:05:15] 482   -40585.71 [    13833.6    6220.9   54274.0    6066.6   50000.0 ]
[24-10-31 15:05:15] 483   -40585.71 [    13833.6    6220.9   54274.0    6068.6   50000.0 ]
[24-10-31 15:05:16] 484   -40585.71 [    13833.6    6220.9   54274.0    6064.5   50000.0 ]
[24-10-31 15:05:16] 485   -40585.71 [    13833.6    6220.9   54274.0    6066.6   50000.0 ]
[24-10-31 15:05:16] 487   -40585.73 [    13833.6    6220.9   54274.0    6066.6   49998.4 ]
[24-10-31 15:05:16] 488   -40585.72 [    13833.6    6220.9   54274.0    6066.6   49999.4 ]
[24-10-31 15:05:17] 490   -40585.71 [    13833.6    6220.9   54274.0    6066.6   49999.7 ]
[24-10-31 15:05:17] 492   -40585.71 [    13833.6    6220.9   54274.0    6066.6   49999.9 ]
[24-10-31 15:05:17] 494   -40585.71 [    13833.6    6220.9   54274.0    6066.6   50000.0 ]
[24-10-31 15:05:17] 496   -40585.71 [    13833.6    6220.9   54274.0    6066.6   50000.0 ]
[24-10-31 15:05:17] 498   -40585.71 [    13833.6    6220.9   54274.0    6066.6   50000.0 ]
[24-10-31 15:05:18] 500   -40585.71 [    13833.6    6220.9   54274.0    6066.6   50000.0 ]
[24-10-31 15:05:18] 502   -40585.71 [    13833.6    6220.9   54274.0    6066.6   50000.0 ]
[24-10-31 15:05:18] 504   -40585.71 [    13833.6    6220.9   54274.0    6066.6   50000.0 ]
[24-10-31 15:05:18] 506   -40585.71 [    13833.6    6220.9   54274.0    6066.6   50000.0 ]
[24-10-31 15:05:18] 508   -40585.71 [    13833.6    6220.9   54274.0    6066.6   50000.0 ]
[24-10-31 15:05:19] 510   -40585.71 [    13833.6    6220.9   54274.0    6066.6   50000.0 ]
[24-10-31 15:05:19] 512   -40585.71 [    13833.6    6220.9   54274.0    6066.6   50000.0 ]
[24-10-31 15:05:19] 514   -40585.71 [    13833.6    6220.9   54274.0    6066.6   50000.0 ]
[24-10-31 15:05:19] 516   -40585.71 [    13833.6    6220.9   54274.0    6066.6   50000.0 ]
[24-10-31 15:05:19] 518   -40585.71 [    13833.6    6220.9   54274.0    6066.6   50000.0 ]
[24-10-31 15:05:20] 520   -40585.71 [    13833.6    6220.9   54274.0    6066.6   50000.0 ]
[24-10-31 15:05:20] 522   -40585.71 [    13833.6    6220.9   54274.0    6066.6   50000.0 ]
[24-10-31 15:05:20] 524   -40585.71 [    13833.6    6220.9   54274.0    6066.6   50000.0 ]
[24-10-31 15:05:20] 526   -40585.71 [    13833.6    6220.9   54274.0    6066.6   50000.0 ]
[24-10-31 15:05:21] 527   -40585.71 [    13833.6    6220.9   54274.0    6066.6   50000.0 ]
[24-10-31 15:05:21] 528   -40585.71 [    13833.6    6220.9   54274.0    6066.6   50000.0 ]
[24-10-31 15:05:21] 530   -40585.71 [    13833.6    6220.9   54274.0    6066.6   50000.0 ]
[24-10-31 15:05:21] 531   -40585.71 [    13833.6    6220.9   54274.0    6066.6   50000.0 ]
[24-10-31 15:05:21] 532   -40585.71 [    13833.6    6220.9   54274.0    6066.6   50000.0 ]
[24-10-31 15:05:22] 533   -40585.71 [    13833.6    6220.9   54274.0    6066.6   50000.0 ]
[24-10-31 15:05:22] 534   -40585.71 [    13833.6    6220.9   54274.0    6066.6   50000.0 ]
[24-10-31 15:05:22] 535   -40585.71 [    13833.6    6220.9   54274.0    6066.6   50000.0 ]
[24-10-31 15:05:22] 536   -40585.71 [    13833.6    6220.9   54274.0    6066.6   50000.0 ]
[24-10-31 15:05:22] 538   -40585.71 [    13833.6    6220.9   54274.0    6066.6   50000.0 ]
[24-10-31 15:05:23] 539   -40585.71 [    13834.6    6220.9   54274.0    6066.6   50000.0 ]
[24-10-31 15:05:23] 540   -40585.71 [    13836.3    6220.9   54274.0    6066.6   50000.0 ]
[24-10-31 15:05:23] 541    -40585.7 [    13889.2    6220.9   54274.0    6066.6   50000.0 ]
[24-10-31 15:05:23] 542   -40585.73 [    13974.8    6220.9   54274.0    6066.6   50000.0 ]
[24-10-31 15:05:24] 543    -40585.7 [    13921.9    6220.9   54274.0    6066.6   50000.0 ]
[24-10-31 15:05:24] 544    -40585.7 [    13869.0    6220.9   54274.0    6066.6   50000.0 ]
[24-10-31 15:05:24] 545    -40585.7 [    13889.8    6220.9   54274.0    6066.6   50000.0 ]
[24-10-31 15:05:24] 546    -40585.7 [    13890.4    6220.9   54274.0    6066.6   50000.0 ]
[24-10-31 15:05:24] 547    -40585.7 [    13889.8    6220.9   54274.0    6066.6   50000.0 ]
[24-10-31 15:05:25] 548   -40585.62 [    13889.8    6221.9   54274.0    6066.6   50000.0 ]
[24-10-31 15:05:25] 549    -40585.5 [    13889.8    6223.6   54274.0    6066.6   50000.0 ]
[24-10-31 15:05:25] 550   -40578.65 [    13889.8    6399.9   54274.0    6066.6   50000.0 ]
[24-10-31 15:05:25] 551    -40578.6 [    13889.8    6412.1   54274.0    6066.6   50000.0 ]
[24-10-31 15:05:25] 552   -40578.63 [    13889.8    6431.7   54274.0    6066.6   50000.0 ]
[24-10-31 15:05:26] 553   -40578.59 [    13889.8    6419.6   54274.0    6066.6   50000.0 ]
[24-10-31 15:05:26] 554    -40578.6 [    13889.8    6424.2   54274.0    6066.6   50000.0 ]
[24-10-31 15:05:26] 555   -40578.59 [    13889.8    6417.6   54274.0    6066.6   50000.0 ]
[24-10-31 15:05:26] 556   -40578.59 [    13889.8    6415.6   54274.0    6066.6   50000.0 ]
[24-10-31 15:05:27] 557   -40578.59 [    13889.8    6417.6   54274.0    6066.6   50000.0 ]
[24-10-31 15:05:27] 558    -40578.6 [    13889.8    6417.6   54275.0    6066.6   50000.0 ]
[24-10-31 15:05:27] 559   -40578.58 [    13889.8    6417.6   54272.4    6066.6   50000.0 ]
[24-10-31 15:05:27] 560   -40577.58 [    13889.8    6417.6   54096.0    6066.6   50000.0 ]
[24-10-31 15:05:27] 561   -40572.54 [    13889.8    6417.6   52242.3    6066.6   50000.0 ]
[24-10-31 15:05:28] 562   -40585.04 [    13889.8    6417.6   49243.0    6066.6   50000.0 ]
[24-10-31 15:05:28] 563   -40574.33 [    13889.8    6417.6   51096.7    6066.6   50000.0 ]
[24-10-31 15:05:28] 564    -40573.3 [    13889.8    6417.6   52950.4    6066.6   50000.0 ]
[24-10-31 15:05:28] 565   -40572.53 [    13889.8    6417.6   52219.2    6066.6   50000.0 ]
[24-10-31 15:05:29] 566   -40572.54 [    13889.8    6417.6   52198.7    6066.6   50000.0 ]
[24-10-31 15:05:29] 567   -40572.53 [    13889.8    6417.6   52219.2    6066.6   50000.0 ]
[24-10-31 15:05:29] 568   -40572.55 [    13889.8    6417.6   52219.2    6067.6   50000.0 ]
[24-10-31 15:05:29] 569   -40572.52 [    13889.8    6417.6   52219.2    6064.9   50000.0 ]
[24-10-31 15:05:30] 570   -40571.36 [    13889.8    6417.6   52219.2    5888.6   50000.0 ]
[24-10-31 15:05:30] 571   -40571.32 [    13889.8    6417.6   52219.2    5840.5   50000.0 ]
[24-10-31 15:05:30] 572   -40571.54 [    13889.8    6417.6   52219.2    5762.7   50000.0 ]
[24-10-31 15:05:30] 573   -40571.36 [    13889.8    6417.6   52219.2    5810.8   50000.0 ]
[24-10-31 15:05:30] 574   -40571.32 [    13889.8    6417.6   52219.2    5858.9   50000.0 ]
[24-10-31 15:05:31] 575   -40571.32 [    13889.8    6417.6   52219.2    5850.4   50000.0 ]
[24-10-31 15:05:31] 576   -40571.32 [    13889.8    6417.6   52219.2    5852.5   50000.0 ]
[24-10-31 15:05:31] 577   -40571.32 [    13889.8    6417.6   52219.2    5848.2   50000.0 ]
[24-10-31 15:05:31] 578   -40571.32 [    13889.8    6417.6   52219.2    5850.4   50000.0 ]
[24-10-31 15:05:32] 580   -40571.33 [    13889.8    6417.6   52219.2    5850.4   49998.4 ]
[24-10-31 15:05:32] 581   -40571.32 [    13889.8    6417.6   52219.2    5850.4   49999.4 ]
[24-10-31 15:05:32] 583   -40571.32 [    13889.8    6417.6   52219.2    5850.4   49999.7 ]
[24-10-31 15:05:32] 585   -40571.32 [    13889.8    6417.6   52219.2    5850.4   49999.9 ]
[24-10-31 15:05:33] 587   -40571.32 [    13889.8    6417.6   52219.2    5850.4   50000.0 ]
[24-10-31 15:05:33] 589   -40571.32 [    13889.8    6417.6   52219.2    5850.4   50000.0 ]
[24-10-31 15:05:33] 591   -40571.32 [    13889.8    6417.6   52219.2    5850.4   50000.0 ]
[24-10-31 15:05:33] 593   -40571.32 [    13889.8    6417.6   52219.2    5850.4   50000.0 ]
[24-10-31 15:05:34] 595   -40571.32 [    13889.8    6417.6   52219.2    5850.4   50000.0 ]
[24-10-31 15:05:34] 597   -40571.32 [    13889.8    6417.6   52219.2    5850.4   50000.0 ]
[24-10-31 15:05:34] 599   -40571.32 [    13889.8    6417.6   52219.2    5850.4   50000.0 ]
[24-10-31 15:05:34] 601   -40571.32 [    13889.8    6417.6   52219.2    5850.4   50000.0 ]
[24-10-31 15:05:35] 603   -40571.32 [    13889.8    6417.6   52219.2    5850.4   50000.0 ]
[24-10-31 15:05:35] 605   -40571.32 [    13889.8    6417.6   52219.2    5850.4   50000.0 ]
[24-10-31 15:05:35] 607   -40571.32 [    13889.8    6417.6   52219.2    5850.4   50000.0 ]
[24-10-31 15:05:35] 609   -40571.32 [    13889.8    6417.6   52219.2    5850.4   50000.0 ]
[24-10-31 15:05:36] 611   -40571.32 [    13889.8    6417.6   52219.2    5850.4   50000.0 ]
[24-10-31 15:05:36] 613   -40571.32 [    13889.8    6417.6   52219.2    5850.4   50000.0 ]
[24-10-31 15:05:36] 615   -40571.32 [    13889.8    6417.6   52219.2    5850.4   50000.0 ]
[24-10-31 15:05:36] 617   -40571.32 [    13889.8    6417.6   52219.2    5850.4   50000.0 ]
[24-10-31 15:05:37] 619   -40571.32 [    13889.8    6417.6   52219.2    5850.4   50000.0 ]
[24-10-31 15:05:37] 621   -40571.32 [    13889.8    6417.6   52219.2    5850.4   50000.0 ]
[24-10-31 15:05:37] 622   -40571.32 [    13889.8    6417.6   52219.2    5850.4   50000.0 ]
[24-10-31 15:05:37] 624   -40571.32 [    13889.8    6417.6   52219.2    5850.4   50000.0 ]
[24-10-31 15:05:38] 625   -40571.32 [    13889.8    6417.6   52219.2    5850.4   50000.0 ]
[24-10-31 15:05:38] 626   -40571.32 [    13889.8    6417.6   52219.2    5850.4   50000.0 ]
[24-10-31 15:05:38] 627   -40571.32 [    13889.8    6417.6   52219.2    5850.4   50000.0 ]
[24-10-31 15:05:38] 628   -40571.32 [    13889.8    6417.6   52219.2    5850.4   50000.0 ]
[24-10-31 15:05:39] 629   -40571.32 [    13889.8    6417.6   52219.2    5850.4   50000.0 ]
[24-10-31 15:05:39] 630   -40571.32 [    13889.8    6417.6   52219.2    5850.4   50000.0 ]
[24-10-31 15:05:39] 631   -40571.32 [    13889.8    6417.6   52219.2    5850.4   50000.0 ]
[24-10-31 15:05:39] 632   -40571.32 [    13889.8    6417.6   52219.2    5850.4   50000.0 ]
[24-10-31 15:05:40] 633   -40557.12 [    13945.9    6614.2   50164.5    5634.2   50000.0 ]
[24-10-31 15:05:40] 634   -40571.32 [    13889.8    6417.6   52219.2    5850.4   50000.0 ]
[24-10-31 15:05:40] 635   -40557.12 [    13945.9    6614.2   50164.5    5634.2   50000.0 ]
[24-10-31 15:05:40] 636   -40534.56 [    14036.8    6932.4   46839.7    5284.4   50000.0 ]
[24-10-31 15:05:40] 641    -40514.7 [    14118.8    7219.5   43840.2    4968.8   50000.0 ]
[24-10-31 15:05:41] 642   -40524.57 [    14077.8    7075.9   45340.0    5126.6   50000.0 ]
[24-10-31 15:05:41] 644   -40510.08 [    14138.1    7287.2   43132.1    4894.3   50000.0 ]
[24-10-31 15:05:41] 646   -40511.84 [    14130.7    7261.3   43402.6    4922.8   50000.0 ]
[24-10-31 15:05:41] 647    -40509.0 [    14142.7    7303.2   42965.0    4876.7   50000.0 ]
[24-10-31 15:05:42] 649    -40509.0 [    14142.7    7303.2   42965.0    4876.7   50000.0 ]
[24-10-31 15:05:42] 650   -40508.99 [    14143.7    7303.2   42965.0    4876.7   50000.0 ]
[24-10-31 15:05:42] 651   -40508.99 [    14145.3    7303.2   42965.0    4876.7   50000.0 ]
[24-10-31 15:05:42] 652   -40508.96 [    14231.5    7303.2   42965.0    4876.7   50000.0 ]
[24-10-31 15:05:42] 653   -40509.04 [    14371.0    7303.2   42965.0    4876.7   50000.0 ]
[24-10-31 15:05:43] 654   -40508.97 [    14284.8    7303.2   42965.0    4876.7   50000.0 ]
[24-10-31 15:05:43] 655   -40508.97 [    14198.6    7303.2   42965.0    4876.7   50000.0 ]
[24-10-31 15:05:43] 656   -40508.96 [    14233.1    7303.2   42965.0    4876.7   50000.0 ]
[24-10-31 15:05:43] 657   -40508.96 [    14234.0    7303.2   42965.0    4876.7   50000.0 ]
[24-10-31 15:05:44] 658   -40508.96 [    14233.1    7303.2   42965.0    4876.7   50000.0 ]
[24-10-31 15:05:44] 660   -40508.97 [    14233.1    7303.2   42965.0    4876.7   49998.4 ]
[24-10-31 15:05:44] 661   -40508.97 [    14233.1    7303.2   42965.0    4876.7   49999.4 ]
[24-10-31 15:05:44] 663   -40508.96 [    14233.1    7303.2   42965.0    4876.7   49999.7 ]
[24-10-31 15:05:44] 665   -40508.96 [    14233.1    7303.2   42965.0    4876.7   49999.9 ]
[24-10-31 15:05:45] 667   -40508.96 [    14233.1    7303.2   42965.0    4876.7   50000.0 ]
[24-10-31 15:05:45] 669   -40508.96 [    14233.1    7303.2   42965.0    4876.7   50000.0 ]
[24-10-31 15:05:45] 671   -40508.96 [    14233.1    7303.2   42965.0    4876.7   50000.0 ]
[24-10-31 15:05:45] 673   -40508.96 [    14233.1    7303.2   42965.0    4876.7   50000.0 ]
[24-10-31 15:05:46] 675   -40508.96 [    14233.1    7303.2   42965.0    4876.7   50000.0 ]
[24-10-31 15:05:46] 677   -40508.96 [    14233.1    7303.2   42965.0    4876.7   50000.0 ]
[24-10-31 15:05:46] 679   -40508.96 [    14233.1    7303.2   42965.0    4876.7   50000.0 ]
[24-10-31 15:05:46] 681   -40508.96 [    14233.1    7303.2   42965.0    4876.7   50000.0 ]
[24-10-31 15:05:46] 683   -40508.96 [    14233.1    7303.2   42965.0    4876.7   50000.0 ]
[24-10-31 15:05:47] 685   -40508.96 [    14233.1    7303.2   42965.0    4876.7   50000.0 ]
[24-10-31 15:05:47] 687   -40508.96 [    14233.1    7303.2   42965.0    4876.7   50000.0 ]
[24-10-31 15:05:47] 689   -40508.96 [    14233.1    7303.2   42965.0    4876.7   50000.0 ]
[24-10-31 15:05:47] 691   -40508.96 [    14233.1    7303.2   42965.0    4876.7   50000.0 ]
[24-10-31 15:05:48] 693   -40508.96 [    14233.1    7303.2   42965.0    4876.7   50000.0 ]
[24-10-31 15:05:48] 695   -40508.96 [    14233.1    7303.2   42965.0    4876.7   50000.0 ]
[24-10-31 15:05:48] 697   -40508.96 [    14233.1    7303.2   42965.0    4876.7   50000.0 ]
[24-10-31 15:05:48] 699   -40508.96 [    14233.1    7303.2   42965.0    4876.7   50000.0 ]
[24-10-31 15:05:48] 701   -40508.96 [    14233.1    7303.2   42965.0    4876.7   50000.0 ]
[24-10-31 15:05:49] 703   -40508.96 [    14233.1    7303.2   42965.0    4876.7   50000.0 ]
[24-10-31 15:05:49] 704   -40508.96 [    14233.1    7303.2   42965.0    4876.7   50000.0 ]
[24-10-31 15:05:49] 705   -40508.96 [    14233.1    7303.2   42965.0    4876.7   50000.0 ]
[24-10-31 15:05:49] 706   -40508.96 [    14233.1    7303.2   42965.0    4876.7   50000.0 ]
[24-10-31 15:05:50] 707   -40508.96 [    14233.1    7303.2   42965.0    4876.7   50000.0 ]
[24-10-31 15:05:50] 708   -40508.96 [    14233.1    7303.2   42965.0    4876.7   50000.0 ]
[24-10-31 15:05:50] 709   -40508.96 [    14233.1    7303.2   42965.0    4876.7   50000.0 ]
[24-10-31 15:05:50] 710   -40508.96 [    14233.1    7303.2   42965.0    4876.7   50000.0 ]
[24-10-31 15:05:50] 711   -40508.96 [    14233.1    7303.2   42965.0    4876.7   50000.0 ]
[24-10-31 15:05:51] 712   -40508.96 [    14233.1    7303.2   42966.0    4876.7   50000.0 ]
[24-10-31 15:05:51] 713   -40508.96 [    14233.1    7303.2   42963.4    4876.7   50000.0 ]
[24-10-31 15:05:51] 714   -40508.96 [    14233.1    7303.2   42905.5    4876.7   50000.0 ]
[24-10-31 15:05:51] 715   -40508.97 [    14233.1    7303.2   42812.0    4876.7   50000.0 ]
[24-10-31 15:05:52] 716   -40508.96 [    14233.1    7303.2   42869.8    4876.7   50000.0 ]
[24-10-31 15:05:52] 717   -40508.96 [    14233.1    7303.2   42927.6    4876.7   50000.0 ]
[24-10-31 15:05:52] 718   -40508.96 [    14233.1    7303.2   42904.9    4876.7   50000.0 ]
[24-10-31 15:05:52] 719   -40508.96 [    14233.1    7303.2   42906.1    4876.7   50000.0 ]
[24-10-31 15:05:52] 720   -40508.96 [    14233.1    7303.2   42905.5    4876.7   50000.0 ]
[24-10-31 15:05:53] 721   -40508.96 [    14233.1    7303.2   42905.5    4877.7   50000.0 ]
[24-10-31 15:05:53] 722   -40508.95 [    14233.1    7303.2   42905.5    4875.1   50000.0 ]
[24-10-31 15:05:53] 723   -40508.94 [    14233.1    7303.2   42905.5    4858.3   50000.0 ]
[24-10-31 15:05:53] 724   -40508.97 [    14233.1    7303.2   42905.5    4831.0   50000.0 ]
[24-10-31 15:05:54] 725   -40508.95 [    14233.1    7303.2   42905.5    4847.8   50000.0 ]
[24-10-31 15:05:54] 726   -40508.94 [    14233.1    7303.2   42905.5    4864.7   50000.0 ]
[24-10-31 15:05:54] 727   -40508.94 [    14233.1    7303.2   42905.5    4858.5   50000.0 ]
[24-10-31 15:05:54] 728   -40508.94 [    14233.1    7303.2   42905.5    4858.6   50000.0 ]
[24-10-31 15:05:55] 729   -40508.94 [    14233.1    7303.2   42905.5    4858.5   50000.0 ]
[24-10-31 15:05:55] 731   -40611.85 [    13823.9    5870.2   57879.2    6433.8   50000.0 ]
[24-10-31 15:05:55] 732   -40546.99 [    14076.8    6755.9   48625.0    5460.2   50000.0 ]
[24-10-31 15:05:55] 734   -40527.75 [    14155.0    7029.5   45765.3    5159.3   50000.0 ]
[24-10-31 15:05:55] 735   -40500.23 [    14270.0    7432.4   41555.3    4716.4   50000.0 ]
[24-10-31 15:05:56] 736    -40494.9 [    14292.8    7512.3   40720.9    4628.6   50000.0 ]
[24-10-31 15:05:56] 737   -40491.62 [    14306.9    7561.6   40205.2    4574.3   50000.0 ]
[24-10-31 15:05:56] 739   -40492.87 [    14301.5    7542.8   40402.2    4595.1   50000.0 ]
[24-10-31 15:05:56] 740   -40490.85 [    14310.2    7573.3   40083.4    4561.5   50000.0 ]
[24-10-31 15:05:57] 741   -40490.38 [    14312.3    7580.5   40008.2    4553.6   50000.0 ]
[24-10-31 15:05:57] 743   -40490.56 [    14311.5    7577.7   40037.2    4556.7   50000.0 ]
[24-10-31 15:05:57] 745   -40490.38 [    14312.3    7580.5   40008.2    4553.6   50000.0 ]
[24-10-31 15:05:57] 746   -40490.38 [    14313.3    7580.5   40008.2    4553.6   50000.0 ]
[24-10-31 15:05:58] 747   -40490.38 [    14310.6    7580.5   40008.2    4553.6   50000.0 ]
[24-10-31 15:05:58] 748   -40490.38 [    14311.6    7580.5   40008.2    4553.6   50000.0 ]
[24-10-31 15:05:58] 749   -40490.38 [    14312.6    7580.5   40008.2    4553.6   50000.0 ]
[24-10-31 15:05:58] 750   -40490.38 [    14312.0    7580.5   40008.2    4553.6   50000.0 ]
[24-10-31 15:05:58] 751   -40490.38 [    14312.0    7580.5   40008.2    4553.6   50000.0 ]
[24-10-31 15:05:59] 752   -40490.38 [    14312.0    7580.5   40008.2    4553.6   50000.0 ]
[24-10-31 15:05:59] 753   -40490.38 [    14312.0    7580.5   40008.2    4553.6   50000.0 ]
[24-10-31 15:05:59] 755   -40490.39 [    14312.0    7580.5   40008.2    4553.6   49998.4 ]
[24-10-31 15:05:59] 756   -40490.38 [    14312.0    7580.5   40008.2    4553.6   49999.4 ]
[24-10-31 15:06:00] 758   -40490.38 [    14312.0    7580.5   40008.2    4553.6   49999.7 ]
[24-10-31 15:06:00] 760   -40490.38 [    14312.0    7580.5   40008.2    4553.6   49999.9 ]
[24-10-31 15:06:00] 762   -40490.38 [    14312.0    7580.5   40008.2    4553.6   50000.0 ]
[24-10-31 15:06:00] 764   -40490.38 [    14312.0    7580.5   40008.2    4553.6   50000.0 ]
[24-10-31 15:06:00] 766   -40490.38 [    14312.0    7580.5   40008.2    4553.6   50000.0 ]
[24-10-31 15:06:01] 768   -40490.38 [    14312.0    7580.5   40008.2    4553.6   50000.0 ]
[24-10-31 15:06:01] 770   -40490.38 [    14312.0    7580.5   40008.2    4553.6   50000.0 ]
[24-10-31 15:06:01] 772   -40490.38 [    14312.0    7580.5   40008.2    4553.6   50000.0 ]
[24-10-31 15:06:01] 774   -40490.38 [    14312.0    7580.5   40008.2    4553.6   50000.0 ]
[24-10-31 15:06:01] 776   -40490.38 [    14312.0    7580.5   40008.2    4553.6   50000.0 ]
[24-10-31 15:06:02] 778   -40490.38 [    14312.0    7580.5   40008.2    4553.6   50000.0 ]
[24-10-31 15:06:02] 780   -40490.38 [    14312.0    7580.5   40008.2    4553.6   50000.0 ]
[24-10-31 15:06:02] 782   -40490.38 [    14312.0    7580.5   40008.2    4553.6   50000.0 ]
[24-10-31 15:06:02] 784   -40490.38 [    14312.0    7580.5   40008.2    4553.6   50000.0 ]
[24-10-31 15:06:02] 786   -40490.38 [    14312.0    7580.5   40008.2    4553.6   50000.0 ]
[24-10-31 15:06:03] 788   -40490.38 [    14312.0    7580.5   40008.2    4553.6   50000.0 ]
[24-10-31 15:06:03] 790   -40490.38 [    14312.0    7580.5   40008.2    4553.6   50000.0 ]
[24-10-31 15:06:03] 792   -40490.38 [    14312.0    7580.5   40008.2    4553.6   50000.0 ]
[24-10-31 15:06:03] 794   -40490.38 [    14312.0    7580.5   40008.2    4553.6   50000.0 ]
[24-10-31 15:06:03] 796   -40490.38 [    14312.0    7580.5   40008.2    4553.6   50000.0 ]
[24-10-31 15:06:04] 798   -40490.38 [    14312.0    7580.5   40008.2    4553.6   50000.0 ]
[24-10-31 15:06:04] 799   -40490.38 [    14312.0    7580.5   40008.2    4553.6   50000.0 ]
[24-10-31 15:06:04] 800   -40490.38 [    14312.0    7580.5   40008.2    4553.6   50000.0 ]
[24-10-31 15:06:04] 801   -40490.38 [    14312.0    7580.5   40008.2    4553.6   50000.0 ]
[24-10-31 15:06:04] 802   -40490.38 [    14312.0    7580.5   40008.2    4553.6   50000.0 ]
[24-10-31 15:06:05] 803   -40490.38 [    14312.0    7580.5   40008.2    4553.6   50000.0 ]
[24-10-31 15:06:05] 804   -40490.38 [    14312.0    7580.5   40008.2    4553.6   50000.0 ]
[24-10-31 15:06:05] 805   -40490.38 [    14312.0    7580.5   40008.2    4553.6   50000.0 ]
[24-10-31 15:06:05] 806   -40490.38 [    14312.0    7580.5   40008.2    4553.6   50000.0 ]
[24-10-31 15:06:05] 807   -40490.38 [    14312.0    7580.5   40008.2    4553.6   50000.0 ]
[24-10-31 15:06:06] 808   -40490.38 [    14312.0    7580.5   40008.2    4553.6   50000.0 ]
[24-10-31 15:06:06] 809   -40490.38 [    14312.0    7580.5   40009.2    4553.6   50000.0 ]
[24-10-31 15:06:06] 810   -40490.38 [    14312.0    7580.5   40006.6    4553.6   50000.0 ]
[24-10-31 15:06:06] 812   -40490.38 [    14312.0    7580.5   40000.2    4553.6   50000.0 ]
[24-10-31 15:06:06] 814   -40490.38 [    14312.0    7580.5   40003.4    4553.6   50000.0 ]
[24-10-31 15:06:06] 816   -40490.38 [    14312.0    7580.5   40001.4    4553.6   50000.0 ]
[24-10-31 15:06:07] 818   -40490.38 [    14312.0    7580.5   40000.6    4553.6   50000.0 ]
[24-10-31 15:06:07] 820   -40490.38 [    14312.0    7580.5   40000.4    4553.6   50000.0 ]
[24-10-31 15:06:07] 821   -40490.38 [    14312.0    7580.5   40000.1    4553.6   50000.0 ]
[24-10-31 15:06:07] 822   -40490.38 [    14312.0    7580.5   40000.1    4553.6   50000.0 ]
[24-10-31 15:06:07] 823   -40490.38 [    14312.0    7580.5   40000.1    4554.6   50000.0 ]
[24-10-31 15:06:08] 824   -40490.38 [    14312.0    7580.5   40000.1    4552.0   50000.0 ]
[24-10-31 15:06:08] 825   -40490.37 [    14312.0    7580.5   40000.1    4543.0   50000.0 ]
[24-10-31 15:06:08] 826   -40490.38 [    14312.0    7580.5   40000.1    4528.5   50000.0 ]
[24-10-31 15:06:08] 827   -40490.37 [    14312.0    7580.5   40000.1    4537.5   50000.0 ]
[24-10-31 15:06:08] 828   -40490.37 [    14312.0    7580.5   40000.1    4546.5   50000.0 ]
[24-10-31 15:06:09] 829   -40490.37 [    14312.0    7580.5   40000.1    4543.1   50000.0 ]
[24-10-31 15:06:09] 830   -40490.37 [    14312.0    7580.5   40000.1    4543.2   50000.0 ]
[24-10-31 15:06:09] 831   -40490.37 [    14312.0    7580.5   40000.1    4543.1   50000.0 ]
[24-10-31 15:06:09] 833   -40591.16 [    13902.8    6147.5   54973.8    6118.5   50000.0 ]
[24-10-31 15:06:09] 834   -40527.51 [    14155.7    7033.1   45719.6    5144.9   50000.0 ]
[24-10-31 15:06:09] 836    -40508.7 [    14233.8    7306.8   42859.8    4844.0   50000.0 ]
[24-10-31 15:06:10] 838   -40497.31 [    14282.1    7476.0   41092.4    4658.1   50000.0 ]
[24-10-31 15:06:10] 840   -40493.01 [    14300.6    7540.6   40417.3    4587.0   50000.0 ]
[24-10-31 15:06:10] 842   -40491.38 [    14307.6    7565.2   40159.5    4559.9   50000.0 ]
[24-10-31 15:06:10] 844   -40490.76 [    14310.3    7574.7   40061.0    4549.5   50000.0 ]
[24-10-31 15:06:10] 846   -40490.52 [    14311.4    7578.3   40023.4    4545.6   50000.0 ]
[24-10-31 15:06:10] 848   -40490.43 [    14311.7    7579.6   40009.0    4544.1   50000.0 ]
[24-10-31 15:06:11] 850   -40490.39 [    14311.9    7580.2   40003.5    4543.5   50000.0 ]
[24-10-31 15:06:11] 852   -40490.38 [    14312.0    7580.4   40001.4    4543.3   50000.0 ]
[24-10-31 15:06:11] 854   -40490.38 [    14312.0    7580.4   40000.6    4543.2   50000.0 ]
[24-10-31 15:06:11] 856   -40490.37 [    14312.0    7580.5   40000.3    4543.2   50000.0 ]
[24-10-31 15:06:11] 857   -40490.37 [    14312.0    7580.5   40000.0    4543.1   50000.0 ]
[24-10-31 15:06:12] 859   -40490.37 [    14312.0    7580.5   40000.0    4543.1   50000.0 ]
[24-10-31 15:06:12] 861   -40490.37 [    14312.0    7580.5   40000.0    4543.1   50000.0 ]
[24-10-31 15:06:12] 862   -40490.37 [    14312.0    7580.5   40000.0    4543.1   50000.0 ]
[24-10-31 15:06:12] 864   -40490.37 [    14312.0    7580.5   40000.0    4543.1   50000.0 ]
[24-10-31 15:06:12] 865   -40490.37 [    14312.0    7580.5   40000.0    4543.1   50000.0 ]
Optimization terminated successfully.
         Current function value: 40490.371396
         Iterations: 10
         Function evaluations: 866
[24-10-31 15:06:12] 866      fit p: [    14312.0    7580.5   40000.0    4543.1   50000.0 ]
method: Powell
objective_func: objective_H2
fopt: -40490.37139553101
max_iter: 100
num_iter: 10
func_calls: 866
flag: 0
u_fitted: False
u: 1.111e-08
