[24-10-31 14:55:11] fitting objective_H2 to data for demes ['French', 'KhomaniSan', 'Yoruba']
[24-10-31 14:55:11] 0        pnames [         NK       NFY       TFY        NF        NY ]
[24-10-31 14:55:11] 0            p0 [    20827.2   16284.7   82285.3    4689.0   15220.8 ]
[24-10-31 14:55:11] 1     -22854.95 [    20827.2   16284.7   82285.3    4689.0   15220.8 ]
[24-10-31 14:55:12] 2     -22854.95 [    20827.2   16284.7   82285.3    4689.0   15220.8 ]
[24-10-31 14:55:12] 3     -22854.96 [    20828.2   16284.7   82285.3    4689.0   15220.8 ]
[24-10-31 14:55:12] 4     -22854.93 [    20825.6   16284.7   82285.3    4689.0   15220.8 ]
[24-10-31 14:55:12] 5     -22853.01 [    20649.3   16284.7   82285.3    4689.0   15220.8 ]
[24-10-31 14:55:13] 6     -22846.95 [    19202.4   16284.7   82285.3    4689.0   15220.8 ]
[24-10-31 14:55:13] 7     -22890.29 [    16861.3   16284.7   82285.3    4689.0   15220.8 ]
[24-10-31 14:55:13] 8     -22854.06 [    18308.2   16284.7   82285.3    4689.0   15220.8 ]
[24-10-31 14:55:13] 9     -22847.02 [    19755.0   16284.7   82285.3    4689.0   15220.8 ]
[24-10-31 14:55:13] 10     -22846.6 [    19466.6   16284.7   82285.3    4689.0   15220.8 ]
[24-10-31 14:55:14] 11     -22846.6 [    19453.0   16284.7   82285.3    4689.0   15220.8 ]
[24-10-31 14:55:14] 12     -22846.6 [    19480.2   16284.7   82285.3    4689.0   15220.8 ]
[24-10-31 14:55:14] 13     -22846.6 [    19466.6   16284.7   82285.3    4689.0   15220.8 ]
[24-10-31 14:55:14] 14    -22846.73 [    19466.6   16285.7   82285.3    4689.0   15220.8 ]
[24-10-31 14:55:15] 15    -22846.38 [    19466.6   16283.1   82285.3    4689.0   15220.8 ]
[24-10-31 14:55:15] 16    -22823.01 [    19466.6   16106.8   82285.3    4689.0   15220.8 ]
[24-10-31 14:55:15] 17    -22936.68 [    19466.6   11103.8   82285.3    4689.0   15220.8 ]
[24-10-31 14:55:15] 18    -22640.74 [    19466.6   14195.8   82285.3    4689.0   15220.8 ]
[24-10-31 14:55:16] 19    -22630.51 [    19466.6   13014.7   82285.3    4689.0   15220.8 ]
[24-10-31 14:55:16] 20    -22621.66 [    19466.6   13451.0   82285.3    4689.0   15220.8 ]
[24-10-31 14:55:16] 21    -22621.66 [    19466.6   13494.0   82285.3    4689.0   15220.8 ]
[24-10-31 14:55:16] 22    -22621.74 [    19466.6   13422.6   82285.3    4689.0   15220.8 ]
[24-10-31 14:55:17] 23    -22621.66 [    19466.6   13451.0   82285.3    4689.0   15220.8 ]
[24-10-31 14:55:17] 24    -22621.72 [    19466.6   13451.0   82286.3    4689.0   15220.8 ]
[24-10-31 14:55:17] 25    -22621.56 [    19466.6   13451.0   82283.7    4689.0   15220.8 ]
[24-10-31 14:55:17] 26    -22611.15 [    19466.6   13451.0   82107.3    4689.0   15220.8 ]
[24-10-31 14:55:17] 27    -21834.87 [    19466.6   13451.0   62883.4    4689.0   15220.8 ]
[24-10-31 14:55:18] 28    -21715.22 [    19466.6   13451.0   51488.4    4689.0   15220.8 ]
[24-10-31 14:55:18] 30    -21770.61 [    19466.6   13451.0   44445.9    4689.0   15220.8 ]
[24-10-31 14:55:18] 31    -21730.58 [    19466.6   13451.0   55840.9    4689.0   15220.8 ]
[24-10-31 14:55:18] 32    -21715.05 [    19466.6   13451.0   51899.8    4689.0   15220.8 ]
[24-10-31 14:55:19] 33    -21715.15 [    19466.6   13451.0   52203.6    4689.0   15220.8 ]
[24-10-31 14:55:19] 34    -21715.05 [    19466.6   13451.0   51899.8    4689.0   15220.8 ]
[24-10-31 14:55:19] 35    -21715.39 [    19466.6   13451.0   51899.8    4690.0   15220.8 ]
[24-10-31 14:55:19] 36    -21714.51 [    19466.6   13451.0   51899.8    4687.3   15220.8 ]
[24-10-31 14:55:19] 37    -21657.46 [    19466.6   13451.0   51899.8    4511.0   15220.8 ]
[24-10-31 14:55:20] 38    -22774.97 [    19466.6   13451.0   51899.8    2151.9   15220.8 ]
[24-10-31 14:55:20] 39    -21482.24 [    19466.6   13451.0   51899.8    3609.9   15220.8 ]
[24-10-31 14:55:20] 40    -21586.48 [    19466.6   13451.0   51899.8    3053.0   15220.8 ]
[24-10-31 14:55:20] 41    -21485.42 [    19466.6   13451.0   51899.8    3689.0   15220.8 ]
[24-10-31 14:55:21] 42    -21482.01 [    19466.6   13451.0   51899.8    3593.3   15220.8 ]
[24-10-31 14:55:21] 43    -21481.94 [    19466.6   13451.0   51899.8    3576.5   15220.8 ]
[24-10-31 14:55:21] 44    -21481.99 [    19466.6   13451.0   51899.8    3565.4   15220.8 ]
[24-10-31 14:55:21] 45    -21481.94 [    19466.6   13451.0   51899.8    3576.5   15220.8 ]
[24-10-31 14:55:22] 46    -21481.76 [    19466.6   13451.0   51899.8    3576.5   15221.8 ]
[24-10-31 14:55:22] 47    -21481.47 [    19466.6   13451.0   51899.8    3576.5   15223.5 ]
[24-10-31 14:55:22] 48    -21449.79 [    19466.6   13451.0   51899.8    3576.5   15399.8 ]
[24-10-31 14:55:22] 49    -20747.92 [    19466.6   13451.0   51899.8    3576.5   21340.1 ]
[24-10-31 14:55:23] 50    -20270.06 [    19466.6   13451.0   51899.8    3576.5   30951.6 ]
[24-10-31 14:55:23] 51     -20244.5 [    19466.6   13451.0   51899.8    3576.5   31794.5 ]
[24-10-31 14:55:23] 52    -20206.44 [    19466.6   13451.0   51899.8    3576.5   33158.2 ]
[24-10-31 14:55:23] 53    -19985.59 [    19466.6   13451.0   51899.8    3576.5   45173.1 ]
[24-10-31 14:55:24] 56    -20051.68 [    19466.6   13451.0   51899.8    3576.5   40583.8 ]
[24-10-31 14:55:24] 57    -20016.54 [    19466.6   13451.0   51899.8    3576.5   42878.4 ]
[24-10-31 14:55:24] 58    -19952.09 [    19466.6   13451.0   51899.8    3576.5   48009.4 ]
[24-10-31 14:55:24] 59    -19933.62 [    19466.6   13451.0   51899.8    3576.5   49762.3 ]
[24-10-31 14:55:24] 61    -19940.49 [    19466.6   13451.0   51899.8    3576.5   49092.8 ]
[24-10-31 14:55:25] 64    -19933.62 [    19466.6   13451.0   51899.8    3576.5   49762.3 ]
[24-10-31 14:55:25] 65     -19933.6 [    19467.6   13451.0   51899.8    3576.5   49762.3 ]
[24-10-31 14:55:25] 66    -19933.56 [    19469.2   13451.0   51899.8    3576.5   49762.3 ]
[24-10-31 14:55:25] 67    -19929.98 [    19645.6   13451.0   51899.8    3576.5   49762.3 ]
[24-10-31 14:55:26] 68    -19912.08 [    21267.0   13451.0   51899.8    3576.5   49762.3 ]
[24-10-31 14:55:26] 69    -19923.75 [    23890.4   13451.0   51899.8    3576.5   49762.3 ]
[24-10-31 14:55:26] 70    -19911.81 [    22269.0   13451.0   51899.8    3576.5   49762.3 ]
[24-10-31 14:55:26] 71     -19914.8 [    22888.3   13451.0   51899.8    3576.5   49762.3 ]
[24-10-31 14:55:27] 72    -19911.08 [    21809.9   13451.0   51899.8    3576.5   49762.3 ]
[24-10-31 14:55:27] 73    -19911.08 [    21786.4   13451.0   51899.8    3576.5   49762.3 ]
[24-10-31 14:55:27] 74    -19911.08 [    21763.2   13451.0   51899.8    3576.5   49762.3 ]
[24-10-31 14:55:27] 75    -19911.08 [    21786.4   13451.0   51899.8    3576.5   49762.3 ]
[24-10-31 14:55:27] 76    -19910.83 [    21786.4   13452.0   51899.8    3576.5   49762.3 ]
[24-10-31 14:55:28] 77    -19910.42 [    21786.4   13453.6   51899.8    3576.5   49762.3 ]
[24-10-31 14:55:28] 78    -19868.74 [    21786.4   13630.0   51899.8    3576.5   49762.3 ]
[24-10-31 14:55:28] 79    -19690.61 [    21786.4   14994.8   51899.8    3576.5   49762.3 ]
[24-10-31 14:55:28] 80    -19765.55 [    21786.4   17203.1   51899.8    3576.5   49762.3 ]
[24-10-31 14:55:29] 81    -19678.68 [    21786.4   15838.3   51899.8    3576.5   49762.3 ]
[24-10-31 14:55:29] 82    -19698.67 [    21786.4   16359.6   51899.8    3576.5   49762.3 ]
[24-10-31 14:55:29] 83    -19676.02 [    21786.4   15600.4   51899.8    3576.5   49762.3 ]
[24-10-31 14:55:29] 84     -19676.0 [    21786.4   15578.9   51899.8    3576.5   49762.3 ]
[24-10-31 14:55:30] 85    -19676.02 [    21786.4   15557.6   51899.8    3576.5   49762.3 ]
[24-10-31 14:55:30] 86     -19676.0 [    21786.4   15578.9   51899.8    3576.5   49762.3 ]
[24-10-31 14:55:30] 87    -19676.01 [    21786.4   15578.9   51900.8    3576.5   49762.3 ]
[24-10-31 14:55:30] 88    -19675.99 [    21786.4   15578.9   51898.1    3576.5   49762.3 ]
[24-10-31 14:55:31] 89    -19674.62 [    21786.4   15578.9   51721.8    3576.5   49762.3 ]
[24-10-31 14:55:31] 90    -19665.21 [    21786.4   15578.9   49184.9    3576.5   49762.3 ]
[24-10-31 14:55:31] 91    -19691.55 [    21786.4   15578.9   45080.0    3576.5   49762.3 ]
[24-10-31 14:55:31] 92    -19669.12 [    21786.4   15578.9   47616.9    3576.5   49762.3 ]
[24-10-31 14:55:31] 93    -19666.52 [    21786.4   15578.9   50153.9    3576.5   49762.3 ]
[24-10-31 14:55:32] 94     -19665.2 [    21786.4   15578.9   49221.8    3576.5   49762.3 ]
[24-10-31 14:55:32] 95     -19665.2 [    21786.4   15578.9   49248.6    3576.5   49762.3 ]
[24-10-31 14:55:32] 96     -19665.2 [    21786.4   15578.9   49221.8    3576.5   49762.3 ]
[24-10-31 14:55:32] 97    -19665.28 [    21786.4   15578.9   49221.8    3577.5   49762.3 ]
[24-10-31 14:55:33] 98    -19665.08 [    21786.4   15578.9   49221.8    3574.9   49762.3 ]
[24-10-31 14:55:33] 99     -19660.2 [    21786.4   15578.9   49221.8    3437.1   49762.3 ]
[24-10-31 14:55:33] 100   -19680.58 [    21786.4   15578.9   49221.8    3214.2   49762.3 ]
[24-10-31 14:55:33] 101   -19663.42 [    21786.4   15578.9   49221.8    3352.0   49762.3 ]
[24-10-31 14:55:34] 102   -19660.69 [    21786.4   15578.9   49221.8    3489.7   49762.3 ]
[24-10-31 14:55:34] 103   -19660.16 [    21786.4   15578.9   49221.8    3449.9   49762.3 ]
[24-10-31 14:55:34] 104   -19660.16 [    21786.4   15578.9   49221.8    3448.7   49762.3 ]
[24-10-31 14:55:34] 105   -19660.16 [    21786.4   15578.9   49221.8    3447.4   49762.3 ]
[24-10-31 14:55:35] 106   -19660.16 [    21786.4   15578.9   49221.8    3448.7   49762.3 ]
[24-10-31 14:55:35] 107   -19660.15 [    21786.4   15578.9   49221.8    3448.7   49763.3 ]
[24-10-31 14:55:35] 108   -19660.13 [    21786.4   15578.9   49221.8    3448.7   49764.9 ]
[24-10-31 14:55:35] 109   -19658.57 [    21786.4   15578.9   49221.8    3448.7   49941.3 ]
[24-10-31 14:55:35] 116   -19659.17 [    21786.4   15578.9   49221.8    3448.7   49873.9 ]
[24-10-31 14:55:36] 117   -19658.87 [    21786.4   15578.9   49221.8    3448.7   49907.6 ]
[24-10-31 14:55:36] 119   -19658.37 [    21786.4   15578.9   49221.8    3448.7   49964.1 ]
[24-10-31 14:55:36] 120   -19658.25 [    21786.4   15578.9   49221.8    3448.7   49978.2 ]
[24-10-31 14:55:36] 121   -19658.17 [    21786.4   15578.9   49221.8    3448.7   49986.9 ]
[24-10-31 14:55:37] 122   -19658.12 [    21786.4   15578.9   49221.8    3448.7   49992.3 ]
[24-10-31 14:55:37] 123   -19658.09 [    21786.4   15578.9   49221.8    3448.7   49995.6 ]
[24-10-31 14:55:37] 124   -19658.07 [    21786.4   15578.9   49221.8    3448.7   49998.0 ]
[24-10-31 14:55:37] 126   -19658.07 [    21786.4   15578.9   49221.8    3448.7   49998.0 ]
[24-10-31 14:55:38] 127   -19658.05 [    21787.4   15578.9   49221.8    3448.7   49998.0 ]
[24-10-31 14:55:38] 128   -19658.01 [    21789.1   15578.9   49221.8    3448.7   49998.0 ]
[24-10-31 14:55:38] 129   -19654.28 [    21965.4   15578.9   49221.8    3448.7   49998.0 ]
[24-10-31 14:55:38] 130   -19625.39 [    24374.3   15578.9   49221.8    3448.7   49998.0 ]
[24-10-31 14:55:39] 131   -19635.11 [    28272.0   15578.9   49221.8    3448.7   49998.0 ]
[24-10-31 14:55:39] 132   -19622.99 [    25863.1   15578.9   49221.8    3448.7   49998.0 ]
[24-10-31 14:55:39] 133   -19625.67 [    26783.2   15578.9   49221.8    3448.7   49998.0 ]
[24-10-31 14:55:39] 134   -19622.75 [    25547.0   15578.9   49221.8    3448.7   49998.0 ]
[24-10-31 14:55:39] 135   -19622.74 [    25509.4   15578.9   49221.8    3448.7   49998.0 ]
[24-10-31 14:55:40] 136   -19622.74 [    25472.1   15578.9   49221.8    3448.7   49998.0 ]
[24-10-31 14:55:40] 137   -19622.74 [    25509.4   15578.9   49221.8    3448.7   49998.0 ]
[24-10-31 14:55:40] 138   -19622.69 [    25509.4   15579.9   49221.8    3448.7   49998.0 ]
[24-10-31 14:55:40] 139    -19622.6 [    25509.4   15581.5   49221.8    3448.7   49998.0 ]
[24-10-31 14:55:41] 140   -19614.46 [    25509.4   15757.9   49221.8    3448.7   49998.0 ]
[24-10-31 14:55:41] 141    -19605.3 [    25509.4   16195.2   49221.8    3448.7   49998.0 ]
[24-10-31 14:55:41] 142   -19619.45 [    25509.4   16902.7   49221.8    3448.7   49998.0 ]
[24-10-31 14:55:41] 143    -19606.8 [    25509.4   16465.4   49221.8    3448.7   49998.0 ]
[24-10-31 14:55:42] 144   -19607.03 [    25509.4   16028.1   49221.8    3448.7   49998.0 ]
[24-10-31 14:55:42] 145   -19605.19 [    25509.4   16254.0   49221.8    3448.7   49998.0 ]
[24-10-31 14:55:42] 146   -19605.19 [    25509.4   16247.3   49221.8    3448.7   49998.0 ]
[24-10-31 14:55:42] 147   -19605.19 [    25509.4   16260.8   49221.8    3448.7   49998.0 ]
[24-10-31 14:55:42] 148   -19605.19 [    25509.4   16254.0   49221.8    3448.7   49998.0 ]
[24-10-31 14:55:43] 149   -19605.19 [    25509.4   16254.0   49222.8    3448.7   49998.0 ]
[24-10-31 14:55:43] 150   -19605.18 [    25509.4   16254.0   49220.2    3448.7   49998.0 ]
[24-10-31 14:55:43] 151   -19604.51 [    25509.4   16254.0   49043.8    3448.7   49998.0 ]
[24-10-31 14:55:43] 152   -19602.59 [    25509.4   16254.0   47941.4    3448.7   49998.0 ]
[24-10-31 14:55:44] 153   -19607.81 [    25509.4   16254.0   46157.7    3448.7   49998.0 ]
[24-10-31 14:55:44] 154   -19603.36 [    25509.4   16254.0   47260.1    3448.7   49998.0 ]
[24-10-31 14:55:44] 155   -19602.86 [    25509.4   16254.0   48362.5    3448.7   49998.0 ]
[24-10-31 14:55:44] 156   -19602.59 [    25509.4   16254.0   47954.3    3448.7   49998.0 ]
[24-10-31 14:55:45] 157   -19602.59 [    25509.4   16254.0   47966.9    3448.7   49998.0 ]
[24-10-31 14:55:45] 158   -19602.59 [    25509.4   16254.0   47954.3    3448.7   49998.0 ]
[24-10-31 14:55:45] 159   -19602.69 [    25509.4   16254.0   47954.3    3449.7   49998.0 ]
[24-10-31 14:55:45] 160   -19602.43 [    25509.4   16254.0   47954.3    3447.1   49998.0 ]
[24-10-31 14:55:45] 161   -19595.04 [    25509.4   16254.0   47954.3    3283.0   49998.0 ]
[24-10-31 14:55:46] 162    -19629.4 [    25509.4   16254.0   47954.3    3017.5   49998.0 ]
[24-10-31 14:55:46] 163   -19600.51 [    25509.4   16254.0   47954.3    3181.6   49998.0 ]
[24-10-31 14:55:46] 164   -19595.68 [    25509.4   16254.0   47954.3    3345.7   49998.0 ]
[24-10-31 14:55:46] 165   -19594.93 [    25509.4   16254.0   47954.3    3301.3   49998.0 ]
[24-10-31 14:55:47] 166   -19594.93 [    25509.4   16254.0   47954.3    3299.8   49998.0 ]
[24-10-31 14:55:47] 167   -19594.93 [    25509.4   16254.0   47954.3    3298.3   49998.0 ]
[24-10-31 14:55:47] 168   -19594.93 [    25509.4   16254.0   47954.3    3299.8   49998.0 ]
[24-10-31 14:55:47] 169   -19594.92 [    25509.4   16254.0   47954.3    3299.8   49999.0 ]
[24-10-31 14:55:48] 171   -19594.91 [    25509.4   16254.0   47954.3    3299.8   49999.6 ]
[24-10-31 14:55:48] 172   -19594.91 [    25509.4   16254.0   47954.3    3299.8   50000.0 ]
[24-10-31 14:55:48] 174   -19594.91 [    25509.4   16254.0   47954.3    3299.8   49999.8 ]
[24-10-31 14:55:48] 176   -19594.91 [    25509.4   16254.0   47954.3    3299.8   49999.9 ]
[24-10-31 14:55:49] 177   -19594.91 [    25509.4   16254.0   47954.3    3299.8   50000.0 ]
[24-10-31 14:55:49] 180   -19594.91 [    25509.4   16254.0   47954.3    3299.8   50000.0 ]
[24-10-31 14:55:49] 181    -19594.9 [    25510.4   16254.0   47954.3    3299.8   50000.0 ]
[24-10-31 14:55:49] 182    -19594.9 [    25512.0   16254.0   47954.3    3299.8   50000.0 ]
[24-10-31 14:55:49] 183   -19594.21 [    25688.3   16254.0   47954.3    3299.8   50000.0 ]
[24-10-31 14:55:50] 184   -19592.56 [    26549.8   16254.0   47954.3    3299.8   50000.0 ]
[24-10-31 14:55:50] 185   -19595.02 [    27943.6   16254.0   47954.3    3299.8   50000.0 ]
[24-10-31 14:55:50] 186   -19592.82 [    27082.2   16254.0   47954.3    3299.8   50000.0 ]
[24-10-31 14:55:50] 187   -19592.87 [    26220.7   16254.0   47954.3    3299.8   50000.0 ]
[24-10-31 14:55:51] 188   -19592.53 [    26668.9   16254.0   47954.3    3299.8   50000.0 ]
[24-10-31 14:55:51] 189   -19592.53 [    26657.3   16254.0   47954.3    3299.8   50000.0 ]
[24-10-31 14:55:51] 190   -19592.54 [    26645.8   16254.0   47954.3    3299.8   50000.0 ]
[24-10-31 14:55:51] 191   -19592.53 [    26657.3   16254.0   47954.3    3299.8   50000.0 ]
[24-10-31 14:55:52] 192   -19592.51 [    26657.3   16255.0   47954.3    3299.8   50000.0 ]
[24-10-31 14:55:52] 193   -19592.48 [    26657.3   16256.7   47954.3    3299.8   50000.0 ]
[24-10-31 14:55:52] 194   -19589.64 [    26657.3   16433.0   47954.3    3299.8   50000.0 ]
[24-10-31 14:55:52] 195   -19588.97 [    26657.3   16562.1   47954.3    3299.8   50000.0 ]
[24-10-31 14:55:53] 196    -19590.3 [    26657.3   16770.9   47954.3    3299.8   50000.0 ]
[24-10-31 14:55:53] 197   -19589.14 [    26657.3   16641.8   47954.3    3299.8   50000.0 ]
[24-10-31 14:55:53] 198   -19589.09 [    26657.3   16512.8   47954.3    3299.8   50000.0 ]
[24-10-31 14:55:53] 199   -19588.97 [    26657.3   16572.0   47954.3    3299.8   50000.0 ]
[24-10-31 14:55:53] 200   -19588.97 [    26657.3   16568.8   47954.3    3299.8   50000.0 ]
[24-10-31 14:55:54] 201   -19588.97 [    26657.3   16575.2   47954.3    3299.8   50000.0 ]
[24-10-31 14:55:54] 202   -19588.97 [    26657.3   16572.0   47954.3    3299.8   50000.0 ]
[24-10-31 14:55:54] 203   -19588.98 [    26657.3   16572.0   47955.3    3299.8   50000.0 ]
[24-10-31 14:55:54] 204   -19588.96 [    26657.3   16572.0   47952.6    3299.8   50000.0 ]
[24-10-31 14:55:55] 205   -19587.92 [    26657.3   16572.0   47776.3    3299.8   50000.0 ]
[24-10-31 14:55:55] 206   -19583.38 [    26657.3   16572.0   46132.4    3299.8   50000.0 ]
[24-10-31 14:55:55] 207   -19595.99 [    26657.3   16572.0   43472.5    3299.8   50000.0 ]
[24-10-31 14:55:55] 208   -19585.25 [    26657.3   16572.0   45116.4    3299.8   50000.0 ]
[24-10-31 14:55:56] 209   -19584.01 [    26657.3   16572.0   46760.3    3299.8   50000.0 ]
[24-10-31 14:55:56] 210   -19583.37 [    26657.3   16572.0   46153.5    3299.8   50000.0 ]
[24-10-31 14:55:56] 211   -19583.38 [    26657.3   16572.0   46171.5    3299.8   50000.0 ]
[24-10-31 14:55:56] 212   -19583.37 [    26657.3   16572.0   46153.5    3299.8   50000.0 ]
[24-10-31 14:55:56] 213   -19583.47 [    26657.3   16572.0   46153.5    3300.8   50000.0 ]
[24-10-31 14:55:57] 214   -19583.22 [    26657.3   16572.0   46153.5    3298.2   50000.0 ]
[24-10-31 14:55:57] 215   -19576.73 [    26657.3   16572.0   46153.5    3152.6   50000.0 ]
[24-10-31 14:55:57] 216   -19605.67 [    26657.3   16572.0   46153.5    2917.1   50000.0 ]
[24-10-31 14:55:57] 217   -19581.33 [    26657.3   16572.0   46153.5    3062.6   50000.0 ]
[24-10-31 14:55:58] 218   -19577.32 [    26657.3   16572.0   46153.5    3208.2   50000.0 ]
[24-10-31 14:55:58] 219   -19576.65 [    26657.3   16572.0   46153.5    3167.8   50000.0 ]
[24-10-31 14:55:58] 220   -19576.65 [    26657.3   16572.0   46153.5    3166.5   50000.0 ]
[24-10-31 14:55:58] 221   -19576.65 [    26657.3   16572.0   46153.5    3165.2   50000.0 ]
[24-10-31 14:55:59] 222   -19576.65 [    26657.3   16572.0   46153.5    3166.5   50000.0 ]
[24-10-31 14:55:59] 224   -19576.66 [    26657.3   16572.0   46153.5    3166.5   49998.4 ]
[24-10-31 14:55:59] 225   -19576.65 [    26657.3   16572.0   46153.5    3166.5   49999.4 ]
[24-10-31 14:55:59] 227   -19576.65 [    26657.3   16572.0   46153.5    3166.5   49999.7 ]
[24-10-31 14:56:00] 229   -19576.65 [    26657.3   16572.0   46153.5    3166.5   49999.9 ]
[24-10-31 14:56:00] 231   -19576.65 [    26657.3   16572.0   46153.5    3166.5   49999.9 ]
[24-10-31 14:56:00] 233   -19576.65 [    26657.3   16572.0   46153.5    3166.5   50000.0 ]
[24-10-31 14:56:00] 234   -19576.65 [    26657.3   16572.0   46153.5    3166.5   50000.0 ]
[24-10-31 14:56:00] 236   -19576.65 [    26657.3   16572.0   46153.5    3166.5   50000.0 ]
[24-10-31 14:56:01] 237   -19576.65 [    26657.3   16572.0   46153.5    3166.5   50000.0 ]
[24-10-31 14:56:01] 239   -19576.65 [    26657.3   16572.0   46153.5    3166.5   50000.0 ]
[24-10-31 14:56:01] 240   -19576.65 [    26657.3   16572.0   46153.5    3166.5   50000.0 ]
[24-10-31 14:56:01] 241   -19576.65 [    26657.3   16572.0   46153.5    3166.5   50000.0 ]
[24-10-31 14:56:02] 243   -19576.65 [    26657.3   16572.0   46153.5    3166.5   50000.0 ]
[24-10-31 14:56:02] 245   -19576.65 [    26657.3   16572.0   46153.5    3166.5   50000.0 ]
[24-10-31 14:56:02] 246   -19576.64 [    26658.3   16572.0   46153.5    3166.5   50000.0 ]
[24-10-31 14:56:02] 247   -19576.64 [    26659.9   16572.0   46153.5    3166.5   50000.0 ]
[24-10-31 14:56:03] 248    -19576.5 [    26836.3   16572.0   46153.5    3166.5   50000.0 ]
[24-10-31 14:56:03] 249   -19576.46 [    26989.1   16572.0   46153.5    3166.5   50000.0 ]
[24-10-31 14:56:03] 250   -19576.55 [    27236.3   16572.0   46153.5    3166.5   50000.0 ]
[24-10-31 14:56:03] 251   -19576.47 [    27083.5   16572.0   46153.5    3166.5   50000.0 ]
[24-10-31 14:56:03] 252   -19576.47 [    26930.7   16572.0   46153.5    3166.5   50000.0 ]
[24-10-31 14:56:04] 253   -19576.46 [    26996.6   16572.0   46153.5    3166.5   50000.0 ]
[24-10-31 14:56:04] 254   -19576.46 [    26993.2   16572.0   46153.5    3166.5   50000.0 ]
[24-10-31 14:56:04] 255   -19576.46 [    27000.0   16572.0   46153.5    3166.5   50000.0 ]
[24-10-31 14:56:04] 256   -19576.46 [    26996.6   16572.0   46153.5    3166.5   50000.0 ]
[24-10-31 14:56:05] 257   -19576.44 [    26996.6   16573.0   46153.5    3166.5   50000.0 ]
[24-10-31 14:56:05] 258   -19576.41 [    26996.6   16574.6   46153.5    3166.5   50000.0 ]
[24-10-31 14:56:05] 259   -19574.43 [    26996.6   16751.0   46153.5    3166.5   50000.0 ]
[24-10-31 14:56:05] 260   -19574.23 [    26996.6   16822.9   46153.5    3166.5   50000.0 ]
[24-10-31 14:56:06] 261   -19574.63 [    26996.6   16939.3   46153.5    3166.5   50000.0 ]
[24-10-31 14:56:06] 262   -19574.28 [    26996.6   16867.3   46153.5    3166.5   50000.0 ]
[24-10-31 14:56:06] 263   -19574.27 [    26996.6   16795.4   46153.5    3166.5   50000.0 ]
[24-10-31 14:56:06] 264   -19574.23 [    26996.6   16828.3   46153.5    3166.5   50000.0 ]
[24-10-31 14:56:07] 265   -19574.23 [    26996.6   16825.7   46153.5    3166.5   50000.0 ]
[24-10-31 14:56:07] 266   -19574.23 [    26996.6   16830.9   46153.5    3166.5   50000.0 ]
[24-10-31 14:56:07] 267   -19574.23 [    26996.6   16828.3   46153.5    3166.5   50000.0 ]
[24-10-31 14:56:07] 268   -19574.24 [    26996.6   16828.3   46154.5    3166.5   50000.0 ]
[24-10-31 14:56:08] 269   -19574.22 [    26996.6   16828.3   46151.9    3166.5   50000.0 ]
[24-10-31 14:56:08] 270   -19573.15 [    26996.6   16828.3   45975.5    3166.5   50000.0 ]
[24-10-31 14:56:08] 271   -19568.64 [    26996.6   16828.3   44395.8    3166.5   50000.0 ]
[24-10-31 14:56:08] 272   -19581.18 [    26996.6   16828.3   41839.7    3166.5   50000.0 ]
[24-10-31 14:56:08] 273    -19570.5 [    26996.6   16828.3   43419.5    3166.5   50000.0 ]
[24-10-31 14:56:09] 274   -19569.28 [    26996.6   16828.3   44999.2    3166.5   50000.0 ]
[24-10-31 14:56:09] 275   -19568.64 [    26996.6   16828.3   44417.4    3166.5   50000.0 ]
[24-10-31 14:56:09] 276   -19568.64 [    26996.6   16828.3   44434.8    3166.5   50000.0 ]
[24-10-31 14:56:09] 277   -19568.64 [    26996.6   16828.3   44417.4    3166.5   50000.0 ]
[24-10-31 14:56:10] 278   -19568.74 [    26996.6   16828.3   44417.4    3167.5   50000.0 ]
[24-10-31 14:56:10] 279   -19568.49 [    26996.6   16828.3   44417.4    3164.9   50000.0 ]
[24-10-31 14:56:10] 280    -19562.6 [    26996.6   16828.3   44417.4    3032.6   50000.0 ]
[24-10-31 14:56:10] 281   -19588.15 [    26996.6   16828.3   44417.4    2818.4   50000.0 ]
[24-10-31 14:56:11] 282   -19566.65 [    26996.6   16828.3   44417.4    2950.8   50000.0 ]
[24-10-31 14:56:11] 283   -19563.16 [    26996.6   16828.3   44417.4    3083.1   50000.0 ]
[24-10-31 14:56:11] 284   -19562.53 [    26996.6   16828.3   44417.4    3045.8   50000.0 ]
[24-10-31 14:56:11] 285   -19562.53 [    26996.6   16828.3   44417.4    3044.6   50000.0 ]
[24-10-31 14:56:11] 286   -19562.53 [    26996.6   16828.3   44417.4    3043.4   50000.0 ]
[24-10-31 14:56:12] 287   -19562.53 [    26996.6   16828.3   44417.4    3044.6   50000.0 ]
[24-10-31 14:56:12] 289   -19562.55 [    26996.6   16828.3   44417.4    3044.6   49998.4 ]
[24-10-31 14:56:12] 290   -19562.54 [    26996.6   16828.3   44417.4    3044.6   49999.4 ]
[24-10-31 14:56:12] 292   -19562.53 [    26996.6   16828.3   44417.4    3044.6   49999.7 ]
[24-10-31 14:56:13] 294   -19562.53 [    26996.6   16828.3   44417.4    3044.6   49999.9 ]
[24-10-31 14:56:13] 296   -19562.53 [    26996.6   16828.3   44417.4    3044.6   50000.0 ]
[24-10-31 14:56:13] 298   -19562.53 [    26996.6   16828.3   44417.4    3044.6   50000.0 ]
[24-10-31 14:56:13] 300   -19562.53 [    26996.6   16828.3   44417.4    3044.6   50000.0 ]
[24-10-31 14:56:14] 302   -19562.53 [    26996.6   16828.3   44417.4    3044.6   50000.0 ]
[24-10-31 14:56:14] 304   -19562.53 [    26996.6   16828.3   44417.4    3044.6   50000.0 ]
[24-10-31 14:56:14] 306   -19562.53 [    26996.6   16828.3   44417.4    3044.6   50000.0 ]
[24-10-31 14:56:14] 308   -19562.53 [    26996.6   16828.3   44417.4    3044.6   50000.0 ]
[24-10-31 14:56:15] 309   -19562.53 [    26996.6   16828.3   44417.4    3044.6   50000.0 ]
[24-10-31 14:56:15] 311   -19562.53 [    26996.6   16828.3   44417.4    3044.6   50000.0 ]
[24-10-31 14:56:15] 312   -19562.53 [    26996.6   16828.3   44417.4    3044.6   50000.0 ]
[24-10-31 14:56:15] 313   -19562.53 [    26996.6   16828.3   44417.4    3044.6   50000.0 ]
[24-10-31 14:56:15] 314   -19562.53 [    26996.6   16828.3   44417.4    3044.6   50000.0 ]
[24-10-31 14:56:16] 315   -19562.53 [    26996.6   16828.3   44417.4    3044.6   50000.0 ]
[24-10-31 14:56:16] 317   -19562.53 [    26996.6   16828.3   44417.4    3044.6   50000.0 ]
[24-10-31 14:56:16] 318   -19562.53 [    26996.6   16828.3   44417.4    3044.6   50000.0 ]
[24-10-31 14:56:16] 320   -19562.53 [    26996.6   16828.3   44417.4    3044.6   50000.0 ]
[24-10-31 14:56:17] 321   -19562.53 [    26997.6   16828.3   44417.4    3044.6   50000.0 ]
[24-10-31 14:56:17] 322   -19562.53 [    26999.2   16828.3   44417.4    3044.6   50000.0 ]
[24-10-31 14:56:17] 323   -19562.46 [    27175.6   16828.3   44417.4    3044.6   50000.0 ]
[24-10-31 14:56:17] 324   -19562.46 [    27212.1   16828.3   44417.4    3044.6   50000.0 ]
[24-10-31 14:56:18] 325   -19562.46 [    27271.1   16828.3   44417.4    3044.6   50000.0 ]
[24-10-31 14:56:18] 326   -19562.46 [    27234.6   16828.3   44417.4    3044.6   50000.0 ]
[24-10-31 14:56:18] 327   -19562.46 [    27198.1   16828.3   44417.4    3044.6   50000.0 ]
[24-10-31 14:56:18] 328   -19562.46 [    27214.2   16828.3   44417.4    3044.6   50000.0 ]
[24-10-31 14:56:19] 329   -19562.46 [    27216.4   16828.3   44417.4    3044.6   50000.0 ]
[24-10-31 14:56:19] 330   -19562.46 [    27214.2   16828.3   44417.4    3044.6   50000.0 ]
[24-10-31 14:56:19] 331   -19562.44 [    27214.2   16829.3   44417.4    3044.6   50000.0 ]
[24-10-31 14:56:19] 332   -19562.42 [    27214.2   16830.9   44417.4    3044.6   50000.0 ]
[24-10-31 14:56:19] 333    -19560.8 [    27214.2   17007.3   44417.4    3044.6   50000.0 ]
[24-10-31 14:56:20] 334   -19560.71 [    27214.2   17054.6   44417.4    3044.6   50000.0 ]
[24-10-31 14:56:20] 335   -19560.88 [    27214.2   17131.3   44417.4    3044.6   50000.0 ]
[24-10-31 14:56:20] 336   -19560.73 [    27214.2   17083.9   44417.4    3044.6   50000.0 ]
[24-10-31 14:56:20] 337   -19560.73 [    27214.2   17036.5   44417.4    3044.6   50000.0 ]
[24-10-31 14:56:21] 338   -19560.71 [    27214.2   17058.5   44417.4    3044.6   50000.0 ]
[24-10-31 14:56:21] 339   -19560.71 [    27214.2   17060.8   44417.4    3044.6   50000.0 ]
[24-10-31 14:56:21] 340   -19560.71 [    27214.2   17058.5   44417.4    3044.6   50000.0 ]
[24-10-31 14:56:21] 341   -19560.72 [    27214.2   17058.5   44418.4    3044.6   50000.0 ]
[24-10-31 14:56:22] 342    -19560.7 [    27214.2   17058.5   44415.8    3044.6   50000.0 ]
[24-10-31 14:56:22] 343   -19559.64 [    27214.2   17058.5   44239.4    3044.6   50000.0 ]
[24-10-31 14:56:22] 344   -19555.59 [    27214.2   17058.5   42792.1    3044.6   50000.0 ]
[24-10-31 14:56:22] 345   -19566.88 [    27214.2   17058.5   40450.3    3044.6   50000.0 ]
[24-10-31 14:56:22] 346   -19557.26 [    27214.2   17058.5   41897.6    3044.6   50000.0 ]
[24-10-31 14:56:23] 347   -19556.15 [    27214.2   17058.5   43344.9    3044.6   50000.0 ]
[24-10-31 14:56:23] 348   -19555.59 [    27214.2   17058.5   42812.1    3044.6   50000.0 ]
[24-10-31 14:56:23] 349   -19555.59 [    27214.2   17058.5   42828.1    3044.6   50000.0 ]
[24-10-31 14:56:23] 350   -19555.59 [    27214.2   17058.5   42812.1    3044.6   50000.0 ]
[24-10-31 14:56:24] 351   -19555.68 [    27214.2   17058.5   42812.1    3045.6   50000.0 ]
[24-10-31 14:56:24] 352   -19555.43 [    27214.2   17058.5   42812.1    3043.0   50000.0 ]
[24-10-31 14:56:24] 353   -19550.08 [    27214.2   17058.5   42812.1    2922.2   50000.0 ]
[24-10-31 14:56:24] 354   -19572.74 [    27214.2   17058.5   42812.1    2726.7   50000.0 ]
[24-10-31 14:56:25] 355   -19553.66 [    27214.2   17058.5   42812.1    2847.5   50000.0 ]
[24-10-31 14:56:25] 356    -19550.6 [    27214.2   17058.5   42812.1    2968.3   50000.0 ]
[24-10-31 14:56:25] 357   -19550.02 [    27214.2   17058.5   42812.1    2933.7   50000.0 ]
[24-10-31 14:56:25] 358   -19550.02 [    27214.2   17058.5   42812.1    2932.6   50000.0 ]
[24-10-31 14:56:26] 359   -19550.02 [    27214.2   17058.5   42812.1    2931.5   50000.0 ]
[24-10-31 14:56:26] 360   -19550.02 [    27214.2   17058.5   42812.1    2932.6   50000.0 ]
[24-10-31 14:56:26] 362   -19550.03 [    27214.2   17058.5   42812.1    2932.6   49998.4 ]
[24-10-31 14:56:26] 363   -19550.03 [    27214.2   17058.5   42812.1    2932.6   49999.4 ]
[24-10-31 14:56:26] 365   -19550.02 [    27214.2   17058.5   42812.1    2932.6   49999.7 ]
[24-10-31 14:56:27] 367   -19550.02 [    27214.2   17058.5   42812.1    2932.6   49999.9 ]
[24-10-31 14:56:27] 369   -19550.02 [    27214.2   17058.5   42812.1    2932.6   50000.0 ]
[24-10-31 14:56:27] 371   -19550.02 [    27214.2   17058.5   42812.1    2932.6   50000.0 ]
[24-10-31 14:56:27] 373   -19550.02 [    27214.2   17058.5   42812.1    2932.6   50000.0 ]
[24-10-31 14:56:28] 375   -19550.02 [    27214.2   17058.5   42812.1    2932.6   50000.0 ]
[24-10-31 14:56:28] 377   -19550.02 [    27214.2   17058.5   42812.1    2932.6   50000.0 ]
[24-10-31 14:56:28] 379   -19550.02 [    27214.2   17058.5   42812.1    2932.6   50000.0 ]
[24-10-31 14:56:28] 381   -19550.02 [    27214.2   17058.5   42812.1    2932.6   50000.0 ]
[24-10-31 14:56:29] 383   -19550.02 [    27214.2   17058.5   42812.1    2932.6   50000.0 ]
[24-10-31 14:56:29] 385   -19550.02 [    27214.2   17058.5   42812.1    2932.6   50000.0 ]
[24-10-31 14:56:29] 387   -19550.02 [    27214.2   17058.5   42812.1    2932.6   50000.0 ]
[24-10-31 14:56:29] 389   -19550.02 [    27214.2   17058.5   42812.1    2932.6   50000.0 ]
[24-10-31 14:56:30] 391   -19550.02 [    27214.2   17058.5   42812.1    2932.6   50000.0 ]
[24-10-31 14:56:30] 393   -19550.02 [    27214.2   17058.5   42812.1    2932.6   50000.0 ]
[24-10-31 14:56:30] 394   -19550.02 [    27214.2   17058.5   42812.1    2932.6   50000.0 ]
[24-10-31 14:56:30] 396   -19550.02 [    27214.2   17058.5   42812.1    2932.6   50000.0 ]
[24-10-31 14:56:30] 397   -19550.02 [    27214.2   17058.5   42812.1    2932.6   50000.0 ]
[24-10-31 14:56:31] 399   -19550.02 [    27214.2   17058.5   42812.1    2932.6   50000.0 ]
[24-10-31 14:56:31] 400   -19550.02 [    27214.2   17058.5   42812.1    2932.6   50000.0 ]
[24-10-31 14:56:31] 401   -19550.02 [    27214.2   17058.5   42812.1    2932.6   50000.0 ]
[24-10-31 14:56:31] 402   -19550.02 [    27214.2   17058.5   42812.1    2932.6   50000.0 ]
[24-10-31 14:56:32] 403   -19550.02 [    27214.2   17058.5   42812.1    2932.6   50000.0 ]
[24-10-31 14:56:32] 405   -19550.02 [    27214.2   17058.5   42812.1    2932.6   50000.0 ]
[24-10-31 14:56:32] 406   -19550.02 [    27215.2   17058.5   42812.1    2932.6   50000.0 ]
[24-10-31 14:56:32] 407   -19550.02 [    27216.8   17058.5   42812.1    2932.6   50000.0 ]
[24-10-31 14:56:33] 408   -19549.97 [    27393.2   17058.5   42812.1    2932.6   50000.0 ]
[24-10-31 14:56:33] 409   -19549.97 [    27401.1   17058.5   42812.1    2932.6   50000.0 ]
[24-10-31 14:56:33] 410   -19549.97 [    27414.0   17058.5   42812.1    2932.6   50000.0 ]
[24-10-31 14:56:33] 411   -19549.97 [    27406.1   17058.5   42812.1    2932.6   50000.0 ]
[24-10-31 14:56:34] 412   -19549.97 [    27398.1   17058.5   42812.1    2932.6   50000.0 ]
[24-10-31 14:56:34] 413   -19549.97 [    27403.0   17058.5   42812.1    2932.6   50000.0 ]
[24-10-31 14:56:34] 414   -19549.97 [    27403.0   17058.5   42812.1    2932.6   50000.0 ]
[24-10-31 14:56:34] 415   -19549.95 [    27403.0   17059.5   42812.1    2932.6   50000.0 ]
[24-10-31 14:56:34] 416   -19549.93 [    27403.0   17061.1   42812.1    2932.6   50000.0 ]
[24-10-31 14:56:35] 417   -19548.57 [    27403.0   17237.5   42812.1    2932.6   50000.0 ]
[24-10-31 14:56:35] 418   -19548.54 [    27403.0   17266.3   42812.1    2932.6   50000.0 ]
[24-10-31 14:56:35] 419    -19548.6 [    27403.0   17312.9   42812.1    2932.6   50000.0 ]
[24-10-31 14:56:35] 420   -19548.55 [    27403.0   17284.1   42812.1    2932.6   50000.0 ]
[24-10-31 14:56:36] 421   -19548.55 [    27403.0   17255.3   42812.1    2932.6   50000.0 ]
[24-10-31 14:56:36] 422   -19548.54 [    27403.0   17269.2   42812.1    2932.6   50000.0 ]
[24-10-31 14:56:36] 423   -19548.54 [    27403.0   17271.3   42812.1    2932.6   50000.0 ]
[24-10-31 14:56:36] 424   -19548.54 [    27403.0   17269.2   42812.1    2932.6   50000.0 ]
[24-10-31 14:56:37] 425   -19548.55 [    27403.0   17269.2   42813.1    2932.6   50000.0 ]
[24-10-31 14:56:37] 426   -19548.53 [    27403.0   17269.2   42810.4    2932.6   50000.0 ]
[24-10-31 14:56:37] 427   -19547.49 [    27403.0   17269.2   42634.1    2932.6   50000.0 ]
[24-10-31 14:56:37] 428   -19543.89 [    27403.0   17269.2   41315.7    2932.6   50000.0 ]
[24-10-31 14:56:38] 430   -19545.38 [    27403.0   17269.2   40500.9    2932.6   50000.0 ]
[24-10-31 14:56:38] 431   -19544.39 [    27403.0   17269.2   41819.3    2932.6   50000.0 ]
[24-10-31 14:56:38] 432   -19543.89 [    27403.0   17269.2   41333.8    2932.6   50000.0 ]
[24-10-31 14:56:38] 433   -19543.89 [    27403.0   17269.2   41348.6    2932.6   50000.0 ]
[24-10-31 14:56:38] 434   -19543.89 [    27403.0   17269.2   41333.8    2932.6   50000.0 ]
[24-10-31 14:56:39] 435   -19543.98 [    27403.0   17269.2   41333.8    2933.6   50000.0 ]
[24-10-31 14:56:39] 436   -19543.73 [    27403.0   17269.2   41333.8    2931.0   50000.0 ]
[24-10-31 14:56:39] 437   -19538.87 [    27403.0   17269.2   41333.8    2820.5   50000.0 ]
[24-10-31 14:56:39] 438   -19558.98 [    27403.0   17269.2   41333.8    2641.8   50000.0 ]
[24-10-31 14:56:40] 439   -19542.05 [    27403.0   17269.2   41333.8    2752.3   50000.0 ]
[24-10-31 14:56:40] 440   -19539.36 [    27403.0   17269.2   41333.8    2862.7   50000.0 ]
[24-10-31 14:56:40] 441   -19538.82 [    27403.0   17269.2   41333.8    2830.6   50000.0 ]
[24-10-31 14:56:40] 442   -19538.82 [    27403.0   17269.2   41333.8    2829.6   50000.0 ]
[24-10-31 14:56:41] 443   -19538.82 [    27403.0   17269.2   41333.8    2828.6   50000.0 ]
[24-10-31 14:56:41] 444   -19538.82 [    27403.0   17269.2   41333.8    2829.6   50000.0 ]
[24-10-31 14:56:41] 446   -19538.83 [    27403.0   17269.2   41333.8    2829.6   49998.4 ]
[24-10-31 14:56:41] 447   -19538.83 [    27403.0   17269.2   41333.8    2829.6   49999.4 ]
[24-10-31 14:56:42] 449   -19538.82 [    27403.0   17269.2   41333.8    2829.6   49999.7 ]
[24-10-31 14:56:42] 451   -19538.82 [    27403.0   17269.2   41333.8    2829.6   49999.9 ]
[24-10-31 14:56:42] 453   -19538.82 [    27403.0   17269.2   41333.8    2829.6   50000.0 ]
[24-10-31 14:56:42] 455   -19538.82 [    27403.0   17269.2   41333.8    2829.6   50000.0 ]
[24-10-31 14:56:42] 457   -19538.82 [    27403.0   17269.2   41333.8    2829.6   50000.0 ]
[24-10-31 14:56:43] 459   -19538.82 [    27403.0   17269.2   41333.8    2829.6   50000.0 ]
[24-10-31 14:56:43] 461   -19538.82 [    27403.0   17269.2   41333.8    2829.6   50000.0 ]
[24-10-31 14:56:43] 463   -19538.82 [    27403.0   17269.2   41333.8    2829.6   50000.0 ]
[24-10-31 14:56:43] 465   -19538.82 [    27403.0   17269.2   41333.8    2829.6   50000.0 ]
[24-10-31 14:56:44] 467   -19538.82 [    27403.0   17269.2   41333.8    2829.6   50000.0 ]
[24-10-31 14:56:44] 469   -19538.82 [    27403.0   17269.2   41333.8    2829.6   50000.0 ]
[24-10-31 14:56:44] 471   -19538.82 [    27403.0   17269.2   41333.8    2829.6   50000.0 ]
[24-10-31 14:56:44] 473   -19538.82 [    27403.0   17269.2   41333.8    2829.6   50000.0 ]
[24-10-31 14:56:45] 475   -19538.82 [    27403.0   17269.2   41333.8    2829.6   50000.0 ]
[24-10-31 14:56:45] 477   -19538.82 [    27403.0   17269.2   41333.8    2829.6   50000.0 ]
[24-10-31 14:56:45] 479   -19538.82 [    27403.0   17269.2   41333.8    2829.6   50000.0 ]
[24-10-31 14:56:45] 481   -19538.82 [    27403.0   17269.2   41333.8    2829.6   50000.0 ]
[24-10-31 14:56:45] 483   -19538.82 [    27403.0   17269.2   41333.8    2829.6   50000.0 ]
[24-10-31 14:56:46] 485   -19538.82 [    27403.0   17269.2   41333.8    2829.6   50000.0 ]
[24-10-31 14:56:46] 487   -19538.82 [    27403.0   17269.2   41333.8    2829.6   50000.0 ]
[24-10-31 14:56:46] 488   -19538.82 [    27403.0   17269.2   41333.8    2829.6   50000.0 ]
[24-10-31 14:56:46] 489   -19538.82 [    27403.0   17269.2   41333.8    2829.6   50000.0 ]
[24-10-31 14:56:47] 490   -19538.82 [    27403.0   17269.2   41333.8    2829.6   50000.0 ]
[24-10-31 14:56:47] 491   -19538.82 [    27403.0   17269.2   41333.8    2829.6   50000.0 ]
[24-10-31 14:56:47] 492   -19538.82 [    27403.0   17269.2   41333.8    2829.6   50000.0 ]
[24-10-31 14:56:47] 493   -19538.82 [    27403.0   17269.2   41333.8    2829.6   50000.0 ]
[24-10-31 14:56:48] 494   -19538.82 [    27403.0   17269.2   41333.8    2829.6   50000.0 ]
[24-10-31 14:56:48] 495   -19538.82 [    27403.0   17269.2   41333.8    2829.6   50000.0 ]
[24-10-31 14:56:48] 497   -19538.82 [    27403.0   17269.2   41333.8    2829.6   50000.0 ]
[24-10-31 14:56:48] 498   -19538.82 [    27404.0   17269.2   41333.8    2829.6   50000.0 ]
[24-10-31 14:56:49] 499   -19538.82 [    27405.6   17269.2   41333.8    2829.6   50000.0 ]
[24-10-31 14:56:49] 500   -19538.78 [    27571.1   17269.2   41333.8    2829.6   50000.0 ]
[24-10-31 14:56:49] 501   -19538.88 [    27838.9   17269.2   41333.8    2829.6   50000.0 ]
[24-10-31 14:56:49] 502   -19538.79 [    27673.4   17269.2   41333.8    2829.6   50000.0 ]
[24-10-31 14:56:50] 503   -19538.78 [    27507.9   17269.2   41333.8    2829.6   50000.0 ]
[24-10-31 14:56:50] 504   -19538.78 [    27574.2   17269.2   41333.8    2829.6   50000.0 ]
[24-10-31 14:56:50] 505   -19538.78 [    27575.9   17269.2   41333.8    2829.6   50000.0 ]
[24-10-31 14:56:50] 506   -19538.78 [    27574.2   17269.2   41333.8    2829.6   50000.0 ]
[24-10-31 14:56:50] 507   -19538.77 [    27574.2   17270.2   41333.8    2829.6   50000.0 ]
[24-10-31 14:56:51] 508   -19538.75 [    27574.2   17271.8   41333.8    2829.6   50000.0 ]
[24-10-31 14:56:51] 509   -19537.61 [    27574.2   17448.1   41333.8    2829.6   50000.0 ]
[24-10-31 14:56:51] 510    -19537.6 [    27574.2   17460.4   41333.8    2829.6   50000.0 ]
[24-10-31 14:56:51] 511   -19537.61 [    27574.2   17480.3   41333.8    2829.6   50000.0 ]
[24-10-31 14:56:52] 512    -19537.6 [    27574.2   17468.0   41333.8    2829.6   50000.0 ]
[24-10-31 14:56:52] 513   -19537.61 [    27574.2   17455.7   41333.8    2829.6   50000.0 ]
[24-10-31 14:56:52] 514    -19537.6 [    27574.2   17462.5   41333.8    2829.6   50000.0 ]
[24-10-31 14:56:52] 515    -19537.6 [    27574.2   17464.5   41333.8    2829.6   50000.0 ]
[24-10-31 14:56:53] 516    -19537.6 [    27574.2   17462.5   41333.8    2829.6   50000.0 ]
[24-10-31 14:56:53] 517   -19537.61 [    27574.2   17462.5   41334.8    2829.6   50000.0 ]
[24-10-31 14:56:53] 518   -19537.59 [    27574.2   17462.5   41332.2    2829.6   50000.0 ]
[24-10-31 14:56:53] 519   -19536.58 [    27574.2   17462.5   41155.8    2829.6   50000.0 ]
[24-10-31 14:56:54] 521   -19534.58 [    27574.2   17462.5   40697.0    2829.6   50000.0 ]
[24-10-31 14:56:54] 522   -19533.83 [    27574.2   17462.5   40413.4    2829.6   50000.0 ]
[24-10-31 14:56:54] 523   -19533.54 [    27574.2   17462.5   40238.2    2829.6   50000.0 ]
[24-10-31 14:56:54] 524   -19533.43 [    27574.2   17462.5   40129.9    2829.6   50000.0 ]
[24-10-31 14:56:55] 525    -19533.4 [    27574.2   17462.5   40062.9    2829.6   50000.0 ]
[24-10-31 14:56:55] 526   -19533.38 [    27574.2   17462.5   40021.6    2829.6   50000.0 ]
[24-10-31 14:56:55] 527   -19533.38 [    27574.2   17462.5   40008.4    2829.6   50000.0 ]
[24-10-31 14:56:55] 529   -19533.38 [    27574.2   17462.5   40008.4    2829.6   50000.0 ]
[24-10-31 14:56:55] 530   -19533.47 [    27574.2   17462.5   40008.4    2830.6   50000.0 ]
[24-10-31 14:56:56] 531   -19533.23 [    27574.2   17462.5   40008.4    2828.0   50000.0 ]
[24-10-31 14:56:56] 532   -19529.02 [    27574.2   17462.5   40008.4    2729.4   50000.0 ]
[24-10-31 14:56:56] 533   -19545.87 [    27574.2   17462.5   40008.4    2570.0   50000.0 ]
[24-10-31 14:56:56] 534   -19531.67 [    27574.2   17462.5   40008.4    2668.5   50000.0 ]
[24-10-31 14:56:57] 535   -19529.46 [    27574.2   17462.5   40008.4    2767.1   50000.0 ]
[24-10-31 14:56:57] 536   -19528.98 [    27574.2   17462.5   40008.4    2737.8   50000.0 ]
[24-10-31 14:56:57] 537   -19528.98 [    27574.2   17462.5   40008.4    2736.9   50000.0 ]
[24-10-31 14:56:57] 538   -19528.98 [    27574.2   17462.5   40008.4    2736.0   50000.0 ]
[24-10-31 14:56:58] 539   -19528.98 [    27574.2   17462.5   40008.4    2736.9   50000.0 ]
[24-10-31 14:56:58] 541   -19528.99 [    27574.2   17462.5   40008.4    2736.9   49998.4 ]
[24-10-31 14:56:58] 542   -19528.99 [    27574.2   17462.5   40008.4    2736.9   49999.4 ]
[24-10-31 14:56:58] 544   -19528.98 [    27574.2   17462.5   40008.4    2736.9   49999.7 ]
[24-10-31 14:56:59] 546   -19528.98 [    27574.2   17462.5   40008.4    2736.9   49999.9 ]
[24-10-31 14:56:59] 548   -19528.98 [    27574.2   17462.5   40008.4    2736.9   50000.0 ]
[24-10-31 14:56:59] 550   -19528.98 [    27574.2   17462.5   40008.4    2736.9   50000.0 ]
[24-10-31 14:56:59] 552   -19528.98 [    27574.2   17462.5   40008.4    2736.9   50000.0 ]
[24-10-31 14:57:00] 554   -19528.98 [    27574.2   17462.5   40008.4    2736.9   50000.0 ]
[24-10-31 14:57:00] 556   -19528.98 [    27574.2   17462.5   40008.4    2736.9   50000.0 ]
[24-10-31 14:57:00] 558   -19528.98 [    27574.2   17462.5   40008.4    2736.9   50000.0 ]
[24-10-31 14:57:00] 560   -19528.98 [    27574.2   17462.5   40008.4    2736.9   50000.0 ]
[24-10-31 14:57:01] 562   -19528.98 [    27574.2   17462.5   40008.4    2736.9   50000.0 ]
[24-10-31 14:57:01] 564   -19528.98 [    27574.2   17462.5   40008.4    2736.9   50000.0 ]
[24-10-31 14:57:01] 566   -19528.98 [    27574.2   17462.5   40008.4    2736.9   50000.0 ]
[24-10-31 14:57:01] 568   -19528.98 [    27574.2   17462.5   40008.4    2736.9   50000.0 ]
[24-10-31 14:57:02] 570   -19528.98 [    27574.2   17462.5   40008.4    2736.9   50000.0 ]
[24-10-31 14:57:02] 572   -19528.98 [    27574.2   17462.5   40008.4    2736.9   50000.0 ]
[24-10-31 14:57:02] 574   -19528.98 [    27574.2   17462.5   40008.4    2736.9   50000.0 ]
[24-10-31 14:57:02] 576   -19528.98 [    27574.2   17462.5   40008.4    2736.9   50000.0 ]
[24-10-31 14:57:03] 578   -19528.98 [    27574.2   17462.5   40008.4    2736.9   50000.0 ]
[24-10-31 14:57:03] 580   -19528.98 [    27574.2   17462.5   40008.4    2736.9   50000.0 ]
[24-10-31 14:57:03] 581   -19528.98 [    27574.2   17462.5   40008.4    2736.9   50000.0 ]
[24-10-31 14:57:03] 582   -19528.98 [    27574.2   17462.5   40008.4    2736.9   50000.0 ]
[24-10-31 14:57:04] 584   -19528.98 [    27574.2   17462.5   40008.4    2736.9   50000.0 ]
[24-10-31 14:57:04] 585   -19528.98 [    27574.2   17462.5   40008.4    2736.9   50000.0 ]
[24-10-31 14:57:04] 586   -19528.98 [    27574.2   17462.5   40008.4    2736.9   50000.0 ]
[24-10-31 14:57:04] 587   -19528.98 [    27574.2   17462.5   40008.4    2736.9   50000.0 ]
[24-10-31 14:57:05] 588   -19528.98 [    27574.2   17462.5   40008.4    2736.9   50000.0 ]
[24-10-31 14:57:05] 589   -19528.98 [    27574.2   17462.5   40008.4    2736.9   50000.0 ]
[24-10-31 14:57:05] 590   -19528.98 [    27574.2   17462.5   40008.4    2736.9   50000.0 ]
[24-10-31 14:57:05] 592   -19528.98 [    27574.2   17462.5   40008.4    2736.9   50000.0 ]
[24-10-31 14:57:06] 593   -19528.98 [    27575.2   17462.5   40008.4    2736.9   50000.0 ]
[24-10-31 14:57:06] 594   -19528.98 [    27576.8   17462.5   40008.4    2736.9   50000.0 ]
[24-10-31 14:57:06] 595   -19528.94 [    27735.3   17462.5   40008.4    2736.9   50000.0 ]
[24-10-31 14:57:06] 596   -19529.03 [    27991.8   17462.5   40008.4    2736.9   50000.0 ]
[24-10-31 14:57:06] 597   -19528.96 [    27833.3   17462.5   40008.4    2736.9   50000.0 ]
[24-10-31 14:57:07] 598   -19528.95 [    27674.8   17462.5   40008.4    2736.9   50000.0 ]
[24-10-31 14:57:07] 599   -19528.94 [    27738.1   17462.5   40008.4    2736.9   50000.0 ]
[24-10-31 14:57:07] 600   -19528.94 [    27739.7   17462.5   40008.4    2736.9   50000.0 ]
[24-10-31 14:57:07] 601   -19528.94 [    27738.1   17462.5   40008.4    2736.9   50000.0 ]
[24-10-31 14:57:08] 602   -19528.93 [    27738.1   17463.5   40008.4    2736.9   50000.0 ]
[24-10-31 14:57:08] 603   -19528.91 [    27738.1   17465.2   40008.4    2736.9   50000.0 ]
[24-10-31 14:57:08] 604   -19528.01 [    27738.1   17632.7   40008.4    2736.9   50000.0 ]
[24-10-31 14:57:08] 605    -19530.1 [    27738.1   17903.8   40008.4    2736.9   50000.0 ]
[24-10-31 14:57:09] 606    -19528.3 [    27738.1   17736.3   40008.4    2736.9   50000.0 ]
[24-10-31 14:57:09] 607   -19528.15 [    27738.1   17568.7   40008.4    2736.9   50000.0 ]
[24-10-31 14:57:09] 608   -19528.01 [    27738.1   17637.5   40008.4    2736.9   50000.0 ]
[24-10-31 14:57:09] 609   -19528.01 [    27738.1   17635.7   40008.4    2736.9   50000.0 ]
[24-10-31 14:57:10] 610   -19528.01 [    27738.1   17639.2   40008.4    2736.9   50000.0 ]
[24-10-31 14:57:10] 611   -19528.01 [    27738.1   17637.5   40008.4    2736.9   50000.0 ]
[24-10-31 14:57:10] 612   -19528.01 [    27738.1   17637.5   40009.4    2736.9   50000.0 ]
[24-10-31 14:57:10] 613    -19528.0 [    27738.1   17637.5   40006.8    2736.9   50000.0 ]
[24-10-31 14:57:11] 618   -19527.97 [    27738.1   17637.5   40003.1    2736.9   50000.0 ]
[24-10-31 14:57:11] 619   -19527.98 [    27738.1   17637.5   40004.9    2736.9   50000.0 ]
[24-10-31 14:57:11] 620   -19527.96 [    27738.1   17637.5   40000.7    2736.9   50000.0 ]
[24-10-31 14:57:11] 622   -19527.96 [    27738.1   17637.5   40001.6    2736.9   50000.0 ]
[24-10-31 14:57:11] 623   -19527.96 [    27738.1   17637.5   40000.2    2736.9   50000.0 ]
[24-10-31 14:57:12] 625   -19527.96 [    27738.1   17637.5   40000.4    2736.9   50000.0 ]
[24-10-31 14:57:12] 626   -19527.95 [    27738.1   17637.5   40000.1    2736.9   50000.0 ]
[24-10-31 14:57:12] 628   -19527.95 [    27738.1   17637.5   40000.1    2736.9   50000.0 ]
[24-10-31 14:57:12] 629   -19527.97 [    27738.1   17637.5   40000.1    2737.9   50000.0 ]
[24-10-31 14:57:13] 630   -19527.93 [    27738.1   17637.5   40000.1    2735.3   50000.0 ]
[24-10-31 14:57:13] 631   -19527.87 [    27738.1   17637.5   40000.1    2724.2   50000.0 ]
[24-10-31 14:57:13] 632   -19528.05 [    27738.1   17637.5   40000.1    2706.1   50000.0 ]
[24-10-31 14:57:14] 633   -19527.89 [    27738.1   17637.5   40000.1    2717.3   50000.0 ]
[24-10-31 14:57:14] 634   -19527.88 [    27738.1   17637.5   40000.1    2728.4   50000.0 ]
[24-10-31 14:57:15] 635   -19527.87 [    27738.1   17637.5   40000.1    2724.3   50000.0 ]
[24-10-31 14:57:15] 636   -19527.87 [    27738.1   17637.5   40000.1    2724.4   50000.0 ]
[24-10-31 14:57:15] 637   -19527.87 [    27738.1   17637.5   40000.1    2724.3   50000.0 ]
[24-10-31 14:57:16] 639   -19527.88 [    27738.1   17637.5   40000.1    2724.3   49998.4 ]
[24-10-31 14:57:16] 640   -19527.87 [    27738.1   17637.5   40000.1    2724.3   49999.4 ]
[24-10-31 14:57:16] 642   -19527.87 [    27738.1   17637.5   40000.1    2724.3   49999.7 ]
[24-10-31 14:57:16] 644   -19527.87 [    27738.1   17637.5   40000.1    2724.3   49999.9 ]
[24-10-31 14:57:17] 646   -19527.87 [    27738.1   17637.5   40000.1    2724.3   50000.0 ]
[24-10-31 14:57:17] 648   -19527.87 [    27738.1   17637.5   40000.1    2724.3   50000.0 ]
[24-10-31 14:57:17] 650   -19527.87 [    27738.1   17637.5   40000.1    2724.3   50000.0 ]
[24-10-31 14:57:17] 652   -19527.87 [    27738.1   17637.5   40000.1    2724.3   50000.0 ]
[24-10-31 14:57:18] 654   -19527.87 [    27738.1   17637.5   40000.1    2724.3   50000.0 ]
[24-10-31 14:57:18] 656   -19527.87 [    27738.1   17637.5   40000.1    2724.3   50000.0 ]
[24-10-31 14:57:18] 658   -19527.87 [    27738.1   17637.5   40000.1    2724.3   50000.0 ]
[24-10-31 14:57:18] 660   -19527.87 [    27738.1   17637.5   40000.1    2724.3   50000.0 ]
[24-10-31 14:57:19] 662   -19527.87 [    27738.1   17637.5   40000.1    2724.3   50000.0 ]
[24-10-31 14:57:19] 664   -19527.87 [    27738.1   17637.5   40000.1    2724.3   50000.0 ]
[24-10-31 14:57:19] 666   -19527.87 [    27738.1   17637.5   40000.1    2724.3   50000.0 ]
[24-10-31 14:57:19] 668   -19527.87 [    27738.1   17637.5   40000.1    2724.3   50000.0 ]
[24-10-31 14:57:20] 670   -19527.87 [    27738.1   17637.5   40000.1    2724.3   50000.0 ]
[24-10-31 14:57:20] 672   -19527.87 [    27738.1   17637.5   40000.1    2724.3   50000.0 ]
[24-10-31 14:57:20] 674   -19527.87 [    27738.1   17637.5   40000.1    2724.3   50000.0 ]
[24-10-31 14:57:20] 676   -19527.87 [    27738.1   17637.5   40000.1    2724.3   50000.0 ]
[24-10-31 14:57:20] 678   -19527.87 [    27738.1   17637.5   40000.1    2724.3   50000.0 ]
[24-10-31 14:57:21] 680   -19527.87 [    27738.1   17637.5   40000.1    2724.3   50000.0 ]
[24-10-31 14:57:21] 681   -19527.87 [    27738.1   17637.5   40000.1    2724.3   50000.0 ]
[24-10-31 14:57:21] 682   -19527.87 [    27738.1   17637.5   40000.1    2724.3   50000.0 ]
[24-10-31 14:57:21] 683   -19527.87 [    27738.1   17637.5   40000.1    2724.3   50000.0 ]
[24-10-31 14:57:22] 684   -19527.87 [    27738.1   17637.5   40000.1    2724.3   50000.0 ]
[24-10-31 14:57:22] 685   -19527.87 [    27738.1   17637.5   40000.1    2724.3   50000.0 ]
[24-10-31 14:57:22] 686   -19527.87 [    27738.1   17637.5   40000.1    2724.3   50000.0 ]
[24-10-31 14:57:22] 687   -19527.87 [    27738.1   17637.5   40000.1    2724.3   50000.0 ]
[24-10-31 14:57:23] 688   -19527.87 [    27738.1   17637.5   40000.1    2724.3   50000.0 ]
Optimization terminated successfully.
         Current function value: 19527.867017
         Iterations: 9
         Function evaluations: 688
[24-10-31 14:57:23] 688      fit p: [    27738.1   17637.5   40000.1    2724.3   50000.0 ]
method: Powell
objective_func: objective_H2
fopt: -19527.86701684258
max_iter: 100
num_iter: 9
func_calls: 688
flag: 0
u_fitted: False
u: 1.111e-08
