[24-10-31 15:23:27] fitting objective_H2 to data for demes ['French', 'KhomaniSan', 'Yoruba']
[24-10-31 15:23:27] 0        pnames [         NK       NFY       TFY        NF        NY ]
[24-10-31 15:23:27] 0            p0 [    24050.4   15262.6   76126.7    5936.0   26219.0 ]
[24-10-31 15:23:28] 1     -23742.95 [    24050.4   15262.6   76126.7    5936.0   26219.0 ]
[24-10-31 15:23:28] 2     -23742.95 [    24050.4   15262.6   76126.7    5936.0   26219.0 ]
[24-10-31 15:23:29] 3     -23742.93 [    24051.4   15262.6   76126.7    5936.0   26219.0 ]
[24-10-31 15:23:29] 4     -23742.89 [    24053.0   15262.6   76126.7    5936.0   26219.0 ]
[24-10-31 15:23:30] 5     -23738.99 [    24229.3   15262.6   76126.7    5936.0   26219.0 ]
[24-10-31 15:23:30] 6     -23659.17 [    29960.6   15262.6   76126.7    5936.0   26219.0 ]
[24-10-31 15:23:30] 7     -23623.58 [    39234.0   15262.6   76126.7    5936.0   26219.0 ]
[24-10-31 15:23:30] 8     -23626.06 [    37451.3   15262.6   76126.7    5936.0   26219.0 ]
[24-10-31 15:23:31] 10    -23622.47 [    44965.3   15262.6   76126.7    5936.0   26219.0 ]
[24-10-31 15:23:31] 11    -23624.99 [    48507.4   15262.6   76126.7    5936.0   26219.0 ]
[24-10-31 15:23:31] 12    -23621.95 [    43088.8   15262.6   76126.7    5936.0   26219.0 ]
[24-10-31 15:23:31] 13    -23621.94 [    42889.3   15262.6   76126.7    5936.0   26219.0 ]
[24-10-31 15:23:32] 14    -23621.94 [    42668.9   15262.6   76126.7    5936.0   26219.0 ]
[24-10-31 15:23:32] 15    -23621.94 [    42482.7   15262.6   76126.7    5936.0   26219.0 ]
[24-10-31 15:23:32] 16    -23621.94 [    42668.9   15262.6   76126.7    5936.0   26219.0 ]
[24-10-31 15:23:32] 17    -23622.18 [    42668.9   15263.6   76126.7    5936.0   26219.0 ]
[24-10-31 15:23:32] 18    -23621.53 [    42668.9   15261.0   76126.7    5936.0   26219.0 ]
[24-10-31 15:23:33] 19    -23620.88 [    42668.9   15258.4   76126.7    5936.0   26219.0 ]
[24-10-31 15:23:33] 20    -23619.83 [    42668.9   15254.2   76126.7    5936.0   26219.0 ]
[24-10-31 15:23:33] 21    -23618.12 [    42668.9   15247.3   76126.7    5936.0   26219.0 ]
[24-10-31 15:23:33] 22    -23615.35 [    42668.9   15236.2   76126.7    5936.0   26219.0 ]
[24-10-31 15:23:34] 23    -23610.87 [    42668.9   15218.3   76126.7    5936.0   26219.0 ]
[24-10-31 15:23:34] 24     -23603.6 [    42668.9   15189.2   76126.7    5936.0   26219.0 ]
[24-10-31 15:23:34] 25    -23591.79 [    42668.9   15142.3   76126.7    5936.0   26219.0 ]
[24-10-31 15:23:34] 26    -23572.55 [    42668.9   15066.3   76126.7    5936.0   26219.0 ]
[24-10-31 15:23:34] 27    -23541.09 [    42668.9   14943.3   76126.7    5936.0   26219.0 ]
[24-10-31 15:23:35] 28     -23489.3 [    42668.9   14744.3   76126.7    5936.0   26219.0 ]
[24-10-31 15:23:35] 29    -23403.08 [    42668.9   14422.3   76126.7    5936.0   26219.0 ]
[24-10-31 15:23:35] 30    -23256.91 [    42668.9   13901.3   76126.7    5936.0   26219.0 ]
[24-10-31 15:23:35] 31    -23001.28 [    42668.9   13058.3   76126.7    5936.0   26219.0 ]
[24-10-31 15:23:36] 32    -22529.54 [    42668.9   11694.3   76126.7    5936.0   26219.0 ]
[24-10-31 15:23:36] 33    -21571.04 [    42668.9    9487.3   76126.7    5936.0   26219.0 ]
[24-10-31 15:23:36] 34     -19305.9 [    42668.9    5916.3   76126.7    5936.0   26219.0 ]
[24-10-31 15:23:36] 35   -257460.33 [    42668.9     138.3   76126.7    5936.0   26219.0 ]
[24-10-31 15:23:36] 36     -17911.1 [    42668.9    3709.3   76126.7    5936.0   26219.0 ]
[24-10-31 15:23:37] 37    -19972.36 [    42668.9    2345.3   76126.7    5936.0   26219.0 ]
[24-10-31 15:23:37] 38    -18133.33 [    42668.9    4286.2   76126.7    5936.0   26219.0 ]
[24-10-31 15:23:37] 39    -18024.59 [    42668.9    3188.3   76126.7    5936.0   26219.0 ]
[24-10-31 15:23:37] 40    -17901.32 [    42668.9    3593.7   76126.7    5936.0   26219.0 ]
[24-10-31 15:23:38] 41    -17908.74 [    42668.9    3477.0   76126.7    5936.0   26219.0 ]
[24-10-31 15:23:38] 42    -17901.32 [    42668.9    3593.7   76126.7    5936.0   26219.0 ]
[24-10-31 15:23:38] 43    -17901.32 [    42668.9    3593.7   76127.7    5936.0   26219.0 ]
[24-10-31 15:23:38] 44    -17901.32 [    42668.9    3593.7   76129.3    5936.0   26219.0 ]
[24-10-31 15:23:39] 45    -17901.31 [    42668.9    3593.7   76155.3    5936.0   26219.0 ]
[24-10-31 15:23:39] 46    -17901.34 [    42668.9    3593.7   76197.2    5936.0   26219.0 ]
[24-10-31 15:23:39] 47    -17901.32 [    42668.9    3593.7   76171.3    5936.0   26219.0 ]
[24-10-31 15:23:39] 48    -17901.32 [    42668.9    3593.7   76145.4    5936.0   26219.0 ]
[24-10-31 15:23:40] 49    -17901.31 [    42668.9    3593.7   76155.0    5936.0   26219.0 ]
[24-10-31 15:23:40] 50    -17901.31 [    42668.9    3593.7   76155.5    5936.0   26219.0 ]
[24-10-31 15:23:40] 51    -17901.31 [    42668.9    3593.7   76155.3    5936.0   26219.0 ]
[24-10-31 15:23:40] 52    -17901.88 [    42668.9    3593.7   76155.3    5937.0   26219.0 ]
[24-10-31 15:23:41] 53    -17900.41 [    42668.9    3593.7   76155.3    5934.4   26219.0 ]
[24-10-31 15:23:41] 54    -17803.03 [    42668.9    3593.7   76155.3    5758.1   26219.0 ]
[24-10-31 15:23:41] 55    -50188.31 [    42668.9    3593.7   76155.3     516.5   26219.0 ]
[24-10-31 15:23:41] 56    -17370.24 [    42668.9    3593.7   76155.3    3756.0   26219.0 ]
[24-10-31 15:23:42] 57    -19491.97 [    42668.9    3593.7   76155.3    2518.6   26219.0 ]
[24-10-31 15:23:42] 58    -17312.33 [    42668.9    3593.7   76155.3    4575.7   26219.0 ]
[24-10-31 15:23:42] 59    -17275.19 [    42668.9    3593.7   76155.3    4311.4   26219.0 ]
[24-10-31 15:23:42] 60    -17273.01 [    42668.9    3593.7   76155.3    4258.7   26219.0 ]
[24-10-31 15:23:43] 61    -17272.66 [    42668.9    3593.7   76155.3    4218.8   26219.0 ]
[24-10-31 15:23:43] 62    -17272.88 [    42668.9    3593.7   76155.3    4201.6   26219.0 ]
[24-10-31 15:23:43] 63    -17272.67 [    42668.9    3593.7   76155.3    4236.0   26219.0 ]
[24-10-31 15:23:44] 64    -17272.66 [    42668.9    3593.7   76155.3    4218.8   26219.0 ]
[24-10-31 15:23:44] 65    -17272.55 [    42668.9    3593.7   76155.3    4218.8   26220.0 ]
[24-10-31 15:23:44] 66    -17272.38 [    42668.9    3593.7   76155.3    4218.8   26221.7 ]
[24-10-31 15:23:44] 67    -17253.36 [    42668.9    3593.7   76155.3    4218.8   26398.0 ]
[24-10-31 15:23:45] 68    -16524.96 [    42668.9    3593.7   76155.3    4218.8   36640.0 ]
[24-10-31 15:23:45] 70    -16281.32 [    42668.9    3593.7   76155.3    4218.8   42969.9 ]
[24-10-31 15:23:45] 71    -16170.38 [    42668.9    3593.7   76155.3    4218.8   46882.0 ]
[24-10-31 15:23:45] 72    -16112.47 [    42668.9    3593.7   76155.3    4218.8   49299.8 ]
[24-10-31 15:23:46] 74    -16133.76 [    42668.9    3593.7   76155.3    4218.8   48376.2 ]
[24-10-31 15:23:46] 75     -16099.8 [    42668.9    3593.7   76155.3    4218.8   49870.5 ]
[24-10-31 15:23:46] 77    -16105.01 [    42668.9    3593.7   76155.3    4218.8   49634.0 ]
[24-10-31 15:23:46] 79     -16099.8 [    42668.9    3593.7   76155.3    4218.8   49870.5 ]
[24-10-31 15:23:47] 80    -16099.82 [    42669.9    3593.7   76155.3    4218.8   49870.5 ]
[24-10-31 15:23:47] 81    -16099.78 [    42667.3    3593.7   76155.3    4218.8   49870.5 ]
[24-10-31 15:23:47] 82    -16099.74 [    42664.7    3593.7   76155.3    4218.8   49870.5 ]
[24-10-31 15:23:47] 83    -16099.67 [    42660.5    3593.7   76155.3    4218.8   49870.5 ]
[24-10-31 15:23:48] 84    -16099.57 [    42653.6    3593.7   76155.3    4218.8   49870.5 ]
[24-10-31 15:23:48] 85     -16099.4 [    42642.5    3593.7   76155.3    4218.8   49870.5 ]
[24-10-31 15:23:48] 86    -16099.13 [    42624.6    3593.7   76155.3    4218.8   49870.5 ]
[24-10-31 15:23:48] 87    -16098.68 [    42595.5    3593.7   76155.3    4218.8   49870.5 ]
[24-10-31 15:23:48] 88    -16097.97 [    42548.5    3593.7   76155.3    4218.8   49870.5 ]
[24-10-31 15:23:49] 89    -16096.81 [    42472.5    3593.7   76155.3    4218.8   49870.5 ]
[24-10-31 15:23:49] 90    -16094.93 [    42349.5    3593.7   76155.3    4218.8   49870.5 ]
[24-10-31 15:23:49] 91    -16091.87 [    42150.5    3593.7   76155.3    4218.8   49870.5 ]
[24-10-31 15:23:49] 92    -16086.88 [    41828.5    3593.7   76155.3    4218.8   49870.5 ]
[24-10-31 15:23:50] 93     -16078.7 [    41307.5    3593.7   76155.3    4218.8   49870.5 ]
[24-10-31 15:23:50] 94    -16065.21 [    40464.5    3593.7   76155.3    4218.8   49870.5 ]
[24-10-31 15:23:50] 95    -16042.63 [    39100.5    3593.7   76155.3    4218.8   49870.5 ]
[24-10-31 15:23:51] 96    -16004.12 [    36893.5    3593.7   76155.3    4218.8   49870.5 ]
[24-10-31 15:23:51] 97    -15936.38 [    33322.5    3593.7   76155.3    4218.8   49870.5 ]
[24-10-31 15:23:51] 98    -15813.03 [    27544.5    3593.7   76155.3    4218.8   49870.5 ]
[24-10-31 15:23:51] 99    -15622.59 [    18195.5    3593.7   76155.3    4218.8   49870.5 ]
[24-10-31 15:23:52] 103   -16129.27 [     9684.0    3593.7   76155.3    4218.8   49870.5 ]
[24-10-31 15:23:52] 104   -15651.02 [    13939.8    3593.7   76155.3    4218.8   49870.5 ]
[24-10-31 15:23:52] 105   -15612.57 [    16336.6    3593.7   76155.3    4218.8   49870.5 ]
[24-10-31 15:23:52] 106   -15612.64 [    16730.9    3593.7   76155.3    4218.8   49870.5 ]
[24-10-31 15:23:53] 107   -15613.31 [    16073.3    3593.7   76155.3    4218.8   49870.5 ]
[24-10-31 15:23:53] 108   -15612.57 [    16336.6    3593.7   76155.3    4218.8   49870.5 ]
[24-10-31 15:23:53] 109   -15612.89 [    16336.6    3594.7   76155.3    4218.8   49870.5 ]
[24-10-31 15:23:53] 110   -15612.07 [    16336.6    3592.1   76155.3    4218.8   49870.5 ]
[24-10-31 15:23:54] 111   -15575.93 [    16336.6    3415.7   76155.3    4218.8   49870.5 ]
[24-10-31 15:23:54] 112   -15573.91 [    16336.6    3336.2   76155.3    4218.8   49870.5 ]
[24-10-31 15:23:54] 113   -15593.63 [    16336.6    3207.6   76155.3    4218.8   49870.5 ]
[24-10-31 15:23:55] 114   -15577.85 [    16336.6    3287.1   76155.3    4218.8   49870.5 ]
[24-10-31 15:23:55] 115    -15573.5 [    16336.6    3366.6   76155.3    4218.8   49870.5 ]
[24-10-31 15:23:55] 116   -15573.46 [    16336.6    3359.3   76155.3    4218.8   49870.5 ]
[24-10-31 15:23:55] 117   -15573.47 [    16336.6    3361.7   76155.3    4218.8   49870.5 ]
[24-10-31 15:23:56] 118   -15573.47 [    16336.6    3357.0   76155.3    4218.8   49870.5 ]
[24-10-31 15:23:56] 119   -15573.46 [    16336.6    3359.3   76155.3    4218.8   49870.5 ]
[24-10-31 15:23:56] 120   -15573.48 [    16336.6    3359.3   76156.3    4218.8   49870.5 ]
[24-10-31 15:23:56] 121   -15573.43 [    16336.6    3359.3   76153.6    4218.8   49870.5 ]
[24-10-31 15:23:56] 122   -15570.04 [    16336.6    3359.3   75977.3    4218.8   49870.5 ]
[24-10-31 15:23:57] 123   -15565.27 [    16336.6    3359.3   75407.2    4218.8   49870.5 ]
[24-10-31 15:23:57] 124   -15577.21 [    16336.6    3359.3   74484.8    4218.8   49870.5 ]
[24-10-31 15:23:57] 125   -15566.98 [    16336.6    3359.3   75054.8    4218.8   49870.5 ]
[24-10-31 15:23:58] 126   -15565.99 [    16336.6    3359.3   75624.9    4218.8   49870.5 ]
[24-10-31 15:23:58] 127   -15565.27 [    16336.6    3359.3   75399.7    4218.8   49870.5 ]
[24-10-31 15:23:59] 128   -15565.27 [    16336.6    3359.3   75392.1    4218.8   49870.5 ]
[24-10-31 15:23:59] 129   -15565.27 [    16336.6    3359.3   75399.7    4218.8   49870.5 ]
[24-10-31 15:24:00] 130   -15565.04 [    16336.6    3359.3   75399.7    4219.8   49870.5 ]
[24-10-31 15:24:00] 131   -15564.66 [    16336.6    3359.3   75399.7    4221.4   49870.5 ]
[24-10-31 15:24:01] 132   -15535.66 [    16336.6    3359.3   75399.7    4397.8   49870.5 ]
[24-10-31 15:24:01] 133   -15527.56 [    16336.6    3359.3   75399.7    4530.8   49870.5 ]
[24-10-31 15:24:02] 134   -15535.44 [    16336.6    3359.3   75399.7    4746.0   49870.5 ]
[24-10-31 15:24:02] 135   -15527.73 [    16336.6    3359.3   75399.7    4613.0   49870.5 ]
[24-10-31 15:24:02] 136   -15529.38 [    16336.6    3359.3   75399.7    4480.0   49870.5 ]
[24-10-31 15:24:03] 137   -15527.18 [    16336.6    3359.3   75399.7    4568.3   49870.5 ]
[24-10-31 15:24:03] 138   -15527.18 [    16336.6    3359.3   75399.7    4564.8   49870.5 ]
[24-10-31 15:24:04] 139   -15527.18 [    16336.6    3359.3   75399.7    4571.8   49870.5 ]
[24-10-31 15:24:04] 140   -15527.18 [    16336.6    3359.3   75399.7    4568.3   49870.5 ]
[24-10-31 15:24:05] 141   -15527.16 [    16336.6    3359.3   75399.7    4568.3   49871.5 ]
[24-10-31 15:24:05] 142   -15527.13 [    16336.6    3359.3   75399.7    4568.3   49873.1 ]
[24-10-31 15:24:06] 144   -15526.03 [    16336.6    3359.3   75399.7    4568.3   49940.5 ]
[24-10-31 15:24:06] 145   -15525.36 [    16336.6    3359.3   75399.7    4568.3   49982.1 ]
[24-10-31 15:24:07] 147   -15525.62 [    16336.6    3359.3   75399.7    4568.3   49966.2 ]
[24-10-31 15:24:07] 148    -15525.2 [    16336.6    3359.3   75399.7    4568.3   49992.0 ]
[24-10-31 15:24:07] 149    -15525.1 [    16336.6    3359.3   75399.7    4568.3   49998.0 ]
[24-10-31 15:24:08] 151   -15525.14 [    16336.6    3359.3   75399.7    4568.3   49995.7 ]
[24-10-31 15:24:08] 152   -15525.08 [    16336.6    3359.3   75399.7    4568.3   49999.5 ]
[24-10-31 15:24:09] 154   -15525.08 [    16336.6    3359.3   75399.7    4568.3   49999.5 ]
[24-10-31 15:24:09] 155   -15525.09 [    16337.6    3359.3   75399.7    4568.3   49999.5 ]
[24-10-31 15:24:10] 156   -15525.05 [    16335.0    3359.3   75399.7    4568.3   49999.5 ]
[24-10-31 15:24:10] 157   -15522.33 [    16158.6    3359.3   75399.7    4568.3   49999.5 ]
[24-10-31 15:24:11] 158   -15512.89 [    14130.5    3359.3   75399.7    4568.3   49999.5 ]
[24-10-31 15:24:11] 159   -15677.57 [    10849.0    3359.3   75399.7    4568.3   49999.5 ]
[24-10-31 15:24:12] 160   -15538.24 [    12877.1    3359.3   75399.7    4568.3   49999.5 ]
[24-10-31 15:24:12] 161   -15510.87 [    14905.2    3359.3   75399.7    4568.3   49999.5 ]
[24-10-31 15:24:13] 162   -15510.61 [    14667.6    3359.3   75399.7    4568.3   49999.5 ]
[24-10-31 15:24:13] 163    -15510.6 [    14706.6    3359.3   75399.7    4568.3   49999.5 ]
[24-10-31 15:24:13] 164    -15510.6 [    14690.3    3359.3   75399.7    4568.3   49999.5 ]
[24-10-31 15:24:14] 165   -15510.61 [    14722.9    3359.3   75399.7    4568.3   49999.5 ]
[24-10-31 15:24:14] 166    -15510.6 [    14706.6    3359.3   75399.7    4568.3   49999.5 ]
[24-10-31 15:24:15] 167   -15510.63 [    14706.6    3360.3   75399.7    4568.3   49999.5 ]
[24-10-31 15:24:15] 168   -15510.56 [    14706.6    3357.7   75399.7    4568.3   49999.5 ]
[24-10-31 15:24:16] 169   -15510.36 [    14706.6    3342.2   75399.7    4568.3   49999.5 ]
[24-10-31 15:24:16] 170   -15510.92 [    14706.6    3317.1   75399.7    4568.3   49999.5 ]
[24-10-31 15:24:17] 171   -15510.44 [    14706.6    3332.6   75399.7    4568.3   49999.5 ]
[24-10-31 15:24:17] 172   -15510.38 [    14706.6    3348.1   75399.7    4568.3   49999.5 ]
[24-10-31 15:24:18] 173   -15510.36 [    14706.6    3342.4   75399.7    4568.3   49999.5 ]
[24-10-31 15:24:18] 174   -15510.36 [    14706.6    3342.6   75399.7    4568.3   49999.5 ]
[24-10-31 15:24:18] 175   -15510.36 [    14706.6    3342.4   75399.7    4568.3   49999.5 ]
[24-10-31 15:24:19] 176   -15510.37 [    14706.6    3342.4   75400.7    4568.3   49999.5 ]
[24-10-31 15:24:19] 177   -15510.34 [    14706.6    3342.4   75398.1    4568.3   49999.5 ]
[24-10-31 15:24:20] 178   -15509.13 [    14706.6    3342.4   75221.7    4568.3   49999.5 ]
[24-10-31 15:24:20] 179   -15508.81 [    14706.6    3342.4   75073.3    4568.3   49999.5 ]
[24-10-31 15:24:21] 180   -15509.63 [    14706.6    3342.4   74833.1    4568.3   49999.5 ]
[24-10-31 15:24:21] 181   -15508.93 [    14706.6    3342.4   74981.5    4568.3   49999.5 ]
[24-10-31 15:24:22] 182   -15508.86 [    14706.6    3342.4   75130.0    4568.3   49999.5 ]
[24-10-31 15:24:22] 183   -15508.81 [    14706.6    3342.4   75070.0    4568.3   49999.5 ]
[24-10-31 15:24:23] 184   -15508.81 [    14706.6    3342.4   75076.5    4568.3   49999.5 ]
[24-10-31 15:24:23] 185   -15508.81 [    14706.6    3342.4   75073.3    4568.3   49999.5 ]
[24-10-31 15:24:23] 186    -15508.8 [    14706.6    3342.4   75073.3    4569.3   49999.5 ]
[24-10-31 15:24:24] 187   -15508.78 [    14706.6    3342.4   75073.3    4570.9   49999.5 ]
[24-10-31 15:24:24] 188    -15508.7 [    14706.6    3342.4   75073.3    4588.3   49999.5 ]
[24-10-31 15:24:25] 189   -15508.91 [    14706.6    3342.4   75073.3    4616.4   49999.5 ]
[24-10-31 15:24:25] 190   -15508.73 [    14706.6    3342.4   75073.3    4599.0   49999.5 ]
[24-10-31 15:24:26] 191   -15508.71 [    14706.6    3342.4   75073.3    4581.6   49999.5 ]
[24-10-31 15:24:26] 192    -15508.7 [    14706.6    3342.4   75073.3    4588.5   49999.5 ]
[24-10-31 15:24:27] 193    -15508.7 [    14706.6    3342.4   75073.3    4588.7   49999.5 ]
[24-10-31 15:24:27] 194    -15508.7 [    14706.6    3342.4   75073.3    4588.5   49999.5 ]
[24-10-31 15:24:28] 196   -15508.73 [    14706.6    3342.4   75073.3    4588.5   49997.9 ]
[24-10-31 15:24:28] 197   -15508.71 [    14706.6    3342.4   75073.3    4588.5   49998.9 ]
[24-10-31 15:24:28] 198    -15508.7 [    14706.6    3342.4   75073.3    4588.5   49999.9 ]
[24-10-31 15:24:29] 200    -15508.7 [    14706.6    3342.4   75073.3    4588.5   49999.7 ]
[24-10-31 15:24:29] 201   -15508.69 [    14706.6    3342.4   75073.3    4588.5   50000.0 ]
[24-10-31 15:24:30] 203   -15508.69 [    14706.6    3342.4   75073.3    4588.5   49999.9 ]
[24-10-31 15:24:30] 204   -15508.69 [    14706.6    3342.4   75073.3    4588.5   50000.0 ]
[24-10-31 15:24:31] 205   -15508.69 [    14706.6    3342.4   75073.3    4588.5   50000.0 ]
[24-10-31 15:24:31] 206   -15508.69 [    14706.6    3342.4   75073.3    4588.5   50000.0 ]
[24-10-31 15:24:32] 209   -15508.69 [    14706.6    3342.4   75073.3    4588.5   50000.0 ]
[24-10-31 15:24:32] 210    -15508.7 [    14707.6    3342.4   75073.3    4588.5   50000.0 ]
[24-10-31 15:24:33] 211   -15508.69 [    14705.0    3342.4   75073.3    4588.5   50000.0 ]
[24-10-31 15:24:33] 212   -15508.19 [    14528.7    3342.4   75073.3    4588.5   50000.0 ]
[24-10-31 15:24:34] 213   -15508.08 [    14396.3    3342.4   75073.3    4588.5   50000.0 ]
[24-10-31 15:24:34] 214   -15508.45 [    14182.3    3342.4   75073.3    4588.5   50000.0 ]
[24-10-31 15:24:34] 215   -15508.14 [    14314.6    3342.4   75073.3    4588.5   50000.0 ]
[24-10-31 15:24:35] 216   -15508.09 [    14446.9    3342.4   75073.3    4588.5   50000.0 ]
[24-10-31 15:24:35] 217   -15508.08 [    14407.0    3342.4   75073.3    4588.5   50000.0 ]
[24-10-31 15:24:36] 218   -15508.08 [    14404.0    3342.4   75073.3    4588.5   50000.0 ]
[24-10-31 15:24:36] 219   -15508.08 [    14410.0    3342.4   75073.3    4588.5   50000.0 ]
[24-10-31 15:24:37] 220   -15508.08 [    14407.0    3342.4   75073.3    4588.5   50000.0 ]
[24-10-31 15:24:37] 221   -15508.04 [    14407.0    3343.4   75073.3    4588.5   50000.0 ]
[24-10-31 15:24:38] 222   -15507.97 [    14407.0    3345.0   75073.3    4588.5   50000.0 ]
[24-10-31 15:24:38] 223   -15507.48 [    14407.0    3368.1   75073.3    4588.5   50000.0 ]
[24-10-31 15:24:39] 224   -15508.63 [    14407.0    3405.5   75073.3    4588.5   50000.0 ]
[24-10-31 15:24:39] 225   -15507.65 [    14407.0    3382.4   75073.3    4588.5   50000.0 ]
[24-10-31 15:24:39] 226   -15507.56 [    14407.0    3359.3   75073.3    4588.5   50000.0 ]
[24-10-31 15:24:40] 227   -15507.48 [    14407.0    3368.6   75073.3    4588.5   50000.0 ]
[24-10-31 15:24:40] 228   -15507.48 [    14407.0    3368.9   75073.3    4588.5   50000.0 ]
[24-10-31 15:24:41] 229   -15507.48 [    14407.0    3368.6   75073.3    4588.5   50000.0 ]
[24-10-31 15:24:41] 230   -15507.49 [    14407.0    3368.6   75074.3    4588.5   50000.0 ]
[24-10-31 15:24:42] 231   -15507.47 [    14407.0    3368.6   75071.6    4588.5   50000.0 ]
[24-10-31 15:24:42] 232   -15506.44 [    14407.0    3368.6   74895.3    4588.5   50000.0 ]
[24-10-31 15:24:43] 233   -15506.24 [    14407.0    3368.6   74777.5    4588.5   50000.0 ]
[24-10-31 15:24:43] 234   -15506.75 [    14407.0    3368.6   74586.9    4588.5   50000.0 ]
[24-10-31 15:24:44] 235   -15506.31 [    14407.0    3368.6   74704.7    4588.5   50000.0 ]
[24-10-31 15:24:44] 236   -15506.27 [    14407.0    3368.6   74822.5    4588.5   50000.0 ]
[24-10-31 15:24:45] 237   -15506.24 [    14407.0    3368.6   74774.5    4588.5   50000.0 ]
[24-10-31 15:24:45] 238   -15506.24 [    14407.0    3368.6   74780.5    4588.5   50000.0 ]
[24-10-31 15:24:45] 239   -15506.24 [    14407.0    3368.6   74777.5    4588.5   50000.0 ]
[24-10-31 15:24:46] 240   -15506.24 [    14407.0    3368.6   74777.5    4589.5   50000.0 ]
[24-10-31 15:24:46] 241   -15506.23 [    14407.0    3368.6   74777.5    4586.9   50000.0 ]
[24-10-31 15:24:47] 242   -15506.22 [    14407.0    3368.6   74777.5    4579.7   50000.0 ]
[24-10-31 15:24:47] 243   -15506.25 [    14407.0    3368.6   74777.5    4568.1   50000.0 ]
[24-10-31 15:24:48] 244   -15506.22 [    14407.0    3368.6   74777.5    4575.2   50000.0 ]
[24-10-31 15:24:48] 245   -15506.22 [    14407.0    3368.6   74777.5    4582.4   50000.0 ]
[24-10-31 15:24:49] 246   -15506.22 [    14407.0    3368.6   74777.5    4579.8   50000.0 ]
[24-10-31 15:24:49] 247   -15506.22 [    14407.0    3368.6   74777.5    4579.6   50000.0 ]
[24-10-31 15:24:49] 248   -15506.22 [    14407.0    3368.6   74777.5    4579.7   50000.0 ]
[24-10-31 15:24:50] 250   -15506.24 [    14407.0    3368.6   74777.5    4579.7   49998.4 ]
[24-10-31 15:24:50] 251   -15506.23 [    14407.0    3368.6   74777.5    4579.7   49999.4 ]
[24-10-31 15:24:51] 253   -15506.22 [    14407.0    3368.6   74777.5    4579.7   49999.7 ]
[24-10-31 15:24:51] 255   -15506.22 [    14407.0    3368.6   74777.5    4579.7   49999.9 ]
[24-10-31 15:24:52] 257   -15506.22 [    14407.0    3368.6   74777.5    4579.7   50000.0 ]
[24-10-31 15:24:52] 259   -15506.22 [    14407.0    3368.6   74777.5    4579.7   50000.0 ]
[24-10-31 15:24:53] 261   -15506.22 [    14407.0    3368.6   74777.5    4579.7   50000.0 ]
[24-10-31 15:24:53] 262   -15506.22 [    14407.0    3368.6   74777.5    4579.7   50000.0 ]
[24-10-31 15:24:54] 264   -15506.22 [    14407.0    3368.6   74777.5    4579.7   50000.0 ]
[24-10-31 15:24:54] 265   -15506.22 [    14407.0    3368.6   74777.5    4579.7   50000.0 ]
[24-10-31 15:24:54] 266   -15506.22 [    14407.0    3368.6   74777.5    4579.7   50000.0 ]
[24-10-31 15:24:55] 267   -15506.22 [    14407.0    3368.6   74777.5    4579.7   50000.0 ]
[24-10-31 15:24:55] 269   -15506.22 [    14407.0    3368.6   74777.5    4579.7   50000.0 ]
[24-10-31 15:24:56] 270   -15506.22 [    14407.0    3368.6   74777.5    4579.7   50000.0 ]
[24-10-31 15:24:56] 271   -15506.22 [    14407.0    3368.6   74777.5    4579.7   50000.0 ]
[24-10-31 15:24:57] 273   -15506.22 [    14407.0    3368.6   74777.5    4579.7   50000.0 ]
[24-10-31 15:24:57] 274   -15506.22 [    14408.0    3368.6   74777.5    4579.7   50000.0 ]
[24-10-31 15:24:58] 275   -15506.22 [    14405.4    3368.6   74777.5    4579.7   50000.0 ]
[24-10-31 15:24:58] 276    -15506.2 [    14351.8    3368.6   74777.5    4579.7   50000.0 ]
[24-10-31 15:24:59] 277   -15506.25 [    14265.1    3368.6   74777.5    4579.7   50000.0 ]
[24-10-31 15:24:59] 278    -15506.2 [    14318.7    3368.6   74777.5    4579.7   50000.0 ]
[24-10-31 15:24:59] 279    -15506.2 [    14372.3    3368.6   74777.5    4579.7   50000.0 ]
[24-10-31 15:25:00] 280    -15506.2 [    14352.4    3368.6   74777.5    4579.7   50000.0 ]
[24-10-31 15:25:00] 281    -15506.2 [    14353.0    3368.6   74777.5    4579.7   50000.0 ]
[24-10-31 15:25:01] 282    -15506.2 [    14352.4    3368.6   74777.5    4579.7   50000.0 ]
[24-10-31 15:25:01] 283   -15506.13 [    14352.4    3369.6   74777.5    4579.7   50000.0 ]
[24-10-31 15:25:02] 284   -15506.04 [    14352.4    3371.3   74777.5    4579.7   50000.0 ]
[24-10-31 15:25:02] 285   -15505.08 [    14352.4    3403.7   74777.5    4579.7   50000.0 ]
[24-10-31 15:25:03] 286   -15507.27 [    14352.4    3456.2   74777.5    4579.7   50000.0 ]
[24-10-31 15:25:03] 287   -15505.39 [    14352.4    3423.8   74777.5    4579.7   50000.0 ]
[24-10-31 15:25:04] 288   -15505.23 [    14352.4    3391.3   74777.5    4579.7   50000.0 ]
[24-10-31 15:25:04] 289   -15505.08 [    14352.4    3404.7   74777.5    4579.7   50000.0 ]
[24-10-31 15:25:05] 290   -15505.08 [    14352.4    3404.3   74777.5    4579.7   50000.0 ]
[24-10-31 15:25:05] 291   -15505.08 [    14352.4    3405.1   74777.5    4579.7   50000.0 ]
[24-10-31 15:25:06] 292   -15505.08 [    14352.4    3404.7   74777.5    4579.7   50000.0 ]
[24-10-31 15:25:06] 293   -15505.09 [    14352.4    3404.7   74778.5    4579.7   50000.0 ]
[24-10-31 15:25:06] 294   -15505.07 [    14352.4    3404.7   74775.9    4579.7   50000.0 ]
[24-10-31 15:25:07] 295   -15504.07 [    14352.4    3404.7   74599.5    4579.7   50000.0 ]
[24-10-31 15:25:07] 296   -15503.88 [    14352.4    3404.7   74483.6    4579.7   50000.0 ]
[24-10-31 15:25:08] 297   -15504.36 [    14352.4    3404.7   74296.2    4579.7   50000.0 ]
[24-10-31 15:25:08] 298   -15503.95 [    14352.4    3404.7   74412.0    4579.7   50000.0 ]
[24-10-31 15:25:09] 299   -15503.91 [    14352.4    3404.7   74527.9    4579.7   50000.0 ]
[24-10-31 15:25:09] 300   -15503.88 [    14352.4    3404.7   74480.7    4579.7   50000.0 ]
[24-10-31 15:25:10] 301   -15503.88 [    14352.4    3404.7   74486.6    4579.7   50000.0 ]
[24-10-31 15:25:10] 302   -15503.88 [    14352.4    3404.7   74483.6    4579.7   50000.0 ]
[24-10-31 15:25:11] 303   -15503.89 [    14352.4    3404.7   74483.6    4580.7   50000.0 ]
[24-10-31 15:25:11] 304   -15503.86 [    14352.4    3404.7   74483.6    4578.1   50000.0 ]
[24-10-31 15:25:11] 305   -15503.81 [    14352.4    3404.7   74483.6    4564.3   50000.0 ]
[24-10-31 15:25:12] 306   -15503.95 [    14352.4    3404.7   74483.6    4542.1   50000.0 ]
[24-10-31 15:25:12] 307   -15503.83 [    14352.4    3404.7   74483.6    4555.8   50000.0 ]
[24-10-31 15:25:13] 308   -15503.82 [    14352.4    3404.7   74483.6    4569.6   50000.0 ]
[24-10-31 15:25:13] 309   -15503.81 [    14352.4    3404.7   74483.6    4564.5   50000.0 ]
[24-10-31 15:25:14] 310   -15503.81 [    14352.4    3404.7   74483.6    4564.6   50000.0 ]
[24-10-31 15:25:14] 311   -15503.81 [    14352.4    3404.7   74483.6    4564.5   50000.0 ]
[24-10-31 15:25:15] 313   -15503.84 [    14352.4    3404.7   74483.6    4564.5   49998.4 ]
[24-10-31 15:25:15] 314   -15503.82 [    14352.4    3404.7   74483.6    4564.5   49999.4 ]
[24-10-31 15:25:16] 316   -15503.82 [    14352.4    3404.7   74483.6    4564.5   49999.7 ]
[24-10-31 15:25:16] 318   -15503.82 [    14352.4    3404.7   74483.6    4564.5   49999.9 ]
[24-10-31 15:25:16] 320   -15503.82 [    14352.4    3404.7   74483.6    4564.5   50000.0 ]
[24-10-31 15:25:17] 322   -15503.81 [    14352.4    3404.7   74483.6    4564.5   50000.0 ]
[24-10-31 15:25:17] 324   -15503.81 [    14352.4    3404.7   74483.6    4564.5   50000.0 ]
[24-10-31 15:25:18] 326   -15503.81 [    14352.4    3404.7   74483.6    4564.5   50000.0 ]
[24-10-31 15:25:18] 328   -15503.81 [    14352.4    3404.7   74483.6    4564.5   50000.0 ]
[24-10-31 15:25:19] 330   -15503.81 [    14352.4    3404.7   74483.6    4564.5   50000.0 ]
[24-10-31 15:25:19] 332   -15503.81 [    14352.4    3404.7   74483.6    4564.5   50000.0 ]
[24-10-31 15:25:20] 334   -15503.81 [    14352.4    3404.7   74483.6    4564.5   50000.0 ]
[24-10-31 15:25:20] 335   -15503.81 [    14352.4    3404.7   74483.6    4564.5   50000.0 ]
[24-10-31 15:25:21] 336   -15503.81 [    14352.4    3404.7   74483.6    4564.5   50000.0 ]
[24-10-31 15:25:21] 337   -15503.81 [    14352.4    3404.7   74483.6    4564.5   50000.0 ]
[24-10-31 15:25:21] 339   -15503.81 [    14352.4    3404.7   74483.6    4564.5   50000.0 ]
[24-10-31 15:25:22] 340   -15503.81 [    14352.4    3404.7   74483.6    4564.5   50000.0 ]
[24-10-31 15:25:22] 341   -15503.81 [    14352.4    3404.7   74483.6    4564.5   50000.0 ]
[24-10-31 15:25:23] 343   -15503.81 [    14352.4    3404.7   74483.6    4564.5   50000.0 ]
[24-10-31 15:25:23] 345   -15503.81 [    14352.4    3404.7   74483.6    4564.5   50000.0 ]
[24-10-31 15:25:24] 346   -15503.81 [    14353.4    3404.7   74483.6    4564.5   50000.0 ]
[24-10-31 15:25:24] 347   -15503.81 [    14350.8    3404.7   74483.6    4564.5   50000.0 ]
[24-10-31 15:25:25] 348   -15503.81 [    14348.2    3404.7   74483.6    4564.5   50000.0 ]
[24-10-31 15:25:25] 349   -15503.81 [    14344.1    3404.7   74483.6    4564.5   50000.0 ]
[24-10-31 15:25:26] 350   -15503.81 [    14346.7    3404.7   74483.6    4564.5   50000.0 ]
[24-10-31 15:25:26] 351   -15503.81 [    14349.2    3404.7   74483.6    4564.5   50000.0 ]
[24-10-31 15:25:26] 352   -15503.81 [    14348.3    3404.7   74483.6    4564.5   50000.0 ]
[24-10-31 15:25:27] 353   -15503.81 [    14348.2    3404.7   74483.6    4564.5   50000.0 ]
[24-10-31 15:25:27] 354   -15503.81 [    14348.2    3404.7   74483.6    4564.5   50000.0 ]
[24-10-31 15:25:28] 355   -15503.75 [    14348.2    3405.7   74483.6    4564.5   50000.0 ]
[24-10-31 15:25:28] 356   -15503.65 [    14348.2    3407.3   74483.6    4564.5   50000.0 ]
[24-10-31 15:25:29] 357   -15502.55 [    14348.2    3442.3   74483.6    4564.5   50000.0 ]
[24-10-31 15:25:29] 358   -15505.03 [    14348.2    3498.9   74483.6    4564.5   50000.0 ]
[24-10-31 15:25:30] 359    -15502.9 [    14348.2    3463.9   74483.6    4564.5   50000.0 ]
[24-10-31 15:25:30] 360   -15502.73 [    14348.2    3428.9   74483.6    4564.5   50000.0 ]
[24-10-31 15:25:31] 361   -15502.55 [    14348.2    3443.4   74483.6    4564.5   50000.0 ]
[24-10-31 15:25:31] 362   -15502.55 [    14348.2    3443.1   74483.6    4564.5   50000.0 ]
[24-10-31 15:25:32] 363   -15502.55 [    14348.2    3443.8   74483.6    4564.5   50000.0 ]
[24-10-31 15:25:32] 364   -15502.55 [    14348.2    3443.4   74483.6    4564.5   50000.0 ]
[24-10-31 15:25:32] 365   -15502.56 [    14348.2    3443.4   74484.6    4564.5   50000.0 ]
[24-10-31 15:25:33] 366   -15502.54 [    14348.2    3443.4   74482.0    4564.5   50000.0 ]
[24-10-31 15:25:33] 367   -15501.54 [    14348.2    3443.4   74305.7    4564.5   50000.0 ]
[24-10-31 15:25:34] 368   -15501.34 [    14348.2    3443.4   74185.7    4564.5   50000.0 ]
[24-10-31 15:25:34] 369   -15501.85 [    14348.2    3443.4   73991.6    4564.5   50000.0 ]
[24-10-31 15:25:35] 370   -15501.42 [    14348.2    3443.4   74111.5    4564.5   50000.0 ]
[24-10-31 15:25:35] 371   -15501.37 [    14348.2    3443.4   74231.5    4564.5   50000.0 ]
[24-10-31 15:25:35] 372   -15501.34 [    14348.2    3443.4   74182.7    4564.5   50000.0 ]
[24-10-31 15:25:36] 373   -15501.35 [    14348.2    3443.4   74188.7    4564.5   50000.0 ]
[24-10-31 15:25:36] 374   -15501.34 [    14348.2    3443.4   74185.7    4564.5   50000.0 ]
[24-10-31 15:25:37] 375   -15501.35 [    14348.2    3443.4   74185.7    4565.5   50000.0 ]
[24-10-31 15:25:37] 376   -15501.33 [    14348.2    3443.4   74185.7    4562.9   50000.0 ]
[24-10-31 15:25:38] 377   -15501.27 [    14348.2    3443.4   74185.7    4547.4   50000.0 ]
[24-10-31 15:25:38] 378   -15501.44 [    14348.2    3443.4   74185.7    4522.3   50000.0 ]
[24-10-31 15:25:39] 379   -15501.29 [    14348.2    3443.4   74185.7    4537.8   50000.0 ]
[24-10-31 15:25:39] 380   -15501.28 [    14348.2    3443.4   74185.7    4553.3   50000.0 ]
[24-10-31 15:25:40] 381   -15501.27 [    14348.2    3443.4   74185.7    4547.5   50000.0 ]
[24-10-31 15:25:40] 382   -15501.27 [    14348.2    3443.4   74185.7    4547.7   50000.0 ]
[24-10-31 15:25:40] 383   -15501.27 [    14348.2    3443.4   74185.7    4547.5   50000.0 ]
[24-10-31 15:25:41] 385   -15501.29 [    14348.2    3443.4   74185.7    4547.5   49998.4 ]
[24-10-31 15:25:41] 386   -15501.28 [    14348.2    3443.4   74185.7    4547.5   49999.4 ]
[24-10-31 15:25:42] 388   -15501.27 [    14348.2    3443.4   74185.7    4547.5   49999.7 ]
[24-10-31 15:25:42] 390   -15501.27 [    14348.2    3443.4   74185.7    4547.5   49999.9 ]
[24-10-31 15:25:43] 392   -15501.27 [    14348.2    3443.4   74185.7    4547.5   50000.0 ]
[24-10-31 15:25:43] 394   -15501.27 [    14348.2    3443.4   74185.7    4547.5   50000.0 ]
[24-10-31 15:25:44] 396   -15501.27 [    14348.2    3443.4   74185.7    4547.5   50000.0 ]
[24-10-31 15:25:44] 398   -15501.27 [    14348.2    3443.4   74185.7    4547.5   50000.0 ]
[24-10-31 15:25:44] 400   -15501.27 [    14348.2    3443.4   74185.7    4547.5   50000.0 ]
[24-10-31 15:25:45] 402   -15501.27 [    14348.2    3443.4   74185.7    4547.5   50000.0 ]
[24-10-31 15:25:45] 404   -15501.27 [    14348.2    3443.4   74185.7    4547.5   50000.0 ]
[24-10-31 15:25:46] 406   -15501.27 [    14348.2    3443.4   74185.7    4547.5   50000.0 ]
[24-10-31 15:25:46] 408   -15501.27 [    14348.2    3443.4   74185.7    4547.5   50000.0 ]
[24-10-31 15:25:47] 410   -15501.27 [    14348.2    3443.4   74185.7    4547.5   50000.0 ]
[24-10-31 15:25:47] 412   -15501.27 [    14348.2    3443.4   74185.7    4547.5   50000.0 ]
[24-10-31 15:25:48] 414   -15501.27 [    14348.2    3443.4   74185.7    4547.5   50000.0 ]
[24-10-31 15:25:48] 416   -15501.27 [    14348.2    3443.4   74185.7    4547.5   50000.0 ]
[24-10-31 15:25:49] 417   -15501.27 [    14348.2    3443.4   74185.7    4547.5   50000.0 ]
[24-10-31 15:25:49] 419   -15501.27 [    14348.2    3443.4   74185.7    4547.5   50000.0 ]
[24-10-31 15:25:49] 420   -15501.27 [    14348.2    3443.4   74185.7    4547.5   50000.0 ]
[24-10-31 15:25:50] 422   -15501.27 [    14348.2    3443.4   74185.7    4547.5   50000.0 ]
[24-10-31 15:25:50] 423   -15501.27 [    14348.2    3443.4   74185.7    4547.5   50000.0 ]
[24-10-31 15:25:51] 425   -15501.27 [    14348.2    3443.4   74185.7    4547.5   50000.0 ]
[24-10-31 15:25:51] 428   -15501.27 [    14348.2    3443.4   74185.7    4547.5   50000.0 ]
[24-10-31 15:25:52] 429   -15501.27 [    14349.2    3443.4   74185.7    4547.5   50000.0 ]
[24-10-31 15:25:52] 430   -15501.27 [    14350.9    3443.4   74185.7    4547.5   50000.0 ]
[24-10-31 15:25:53] 431   -15501.27 [    14354.9    3443.4   74185.7    4547.5   50000.0 ]
[24-10-31 15:25:53] 432   -15501.27 [    14361.4    3443.4   74185.7    4547.5   50000.0 ]
[24-10-31 15:25:54] 433   -15501.27 [    14357.3    3443.4   74185.7    4547.5   50000.0 ]
[24-10-31 15:25:54] 434   -15501.27 [    14353.3    3443.4   74185.7    4547.5   50000.0 ]
[24-10-31 15:25:54] 435   -15501.27 [    14354.9    3443.4   74185.7    4547.5   50000.0 ]
[24-10-31 15:25:55] 436   -15501.27 [    14354.8    3443.4   74185.7    4547.5   50000.0 ]
[24-10-31 15:25:55] 437   -15501.27 [    14354.9    3443.4   74185.7    4547.5   50000.0 ]
[24-10-31 15:25:56] 438    -15501.2 [    14354.9    3444.4   74185.7    4547.5   50000.0 ]
[24-10-31 15:25:56] 439    -15501.1 [    14354.9    3446.1   74185.7    4547.5   50000.0 ]
[24-10-31 15:25:57] 440   -15499.96 [    14354.9    3482.2   74185.7    4547.5   50000.0 ]
[24-10-31 15:25:57] 441   -15502.54 [    14354.9    3540.6   74185.7    4547.5   50000.0 ]
[24-10-31 15:25:58] 442   -15500.32 [    14354.9    3504.5   74185.7    4547.5   50000.0 ]
[24-10-31 15:25:58] 443   -15500.14 [    14354.9    3468.4   74185.7    4547.5   50000.0 ]
[24-10-31 15:25:59] 444   -15499.96 [    14354.9    3483.4   74185.7    4547.5   50000.0 ]
[24-10-31 15:25:59] 445   -15499.96 [    14354.9    3483.0   74185.7    4547.5   50000.0 ]
[24-10-31 15:26:00] 446   -15499.96 [    14354.9    3483.8   74185.7    4547.5   50000.0 ]
[24-10-31 15:26:00] 447   -15499.96 [    14354.9    3483.4   74185.7    4547.5   50000.0 ]
[24-10-31 15:26:00] 448   -15499.96 [    14354.9    3483.4   74186.7    4547.5   50000.0 ]
[24-10-31 15:26:01] 449   -15499.94 [    14354.9    3483.4   74184.1    4547.5   50000.0 ]
[24-10-31 15:26:01] 450   -15498.94 [    14354.9    3483.4   74007.7    4547.5   50000.0 ]
[24-10-31 15:26:02] 451   -15498.73 [    14354.9    3483.4   73882.1    4547.5   50000.0 ]
[24-10-31 15:26:02] 452   -15499.27 [    14354.9    3483.4   73678.9    4547.5   50000.0 ]
[24-10-31 15:26:03] 453   -15498.81 [    14354.9    3483.4   73804.5    4547.5   50000.0 ]
[24-10-31 15:26:03] 454   -15498.76 [    14354.9    3483.4   73930.1    4547.5   50000.0 ]
[24-10-31 15:26:03] 455   -15498.73 [    14354.9    3483.4   73879.1    4547.5   50000.0 ]
[24-10-31 15:26:04] 456   -15498.73 [    14354.9    3483.4   73885.1    4547.5   50000.0 ]
[24-10-31 15:26:04] 457   -15498.73 [    14354.9    3483.4   73882.1    4547.5   50000.0 ]
[24-10-31 15:26:05] 458   -15498.74 [    14354.9    3483.4   73882.1    4548.5   50000.0 ]
[24-10-31 15:26:05] 459   -15498.72 [    14354.9    3483.4   73882.1    4545.9   50000.0 ]
[24-10-31 15:26:06] 460   -15498.65 [    14354.9    3483.4   73882.1    4529.8   50000.0 ]
[24-10-31 15:26:06] 461   -15498.84 [    14354.9    3483.4   73882.1    4503.7   50000.0 ]
[24-10-31 15:26:07] 462   -15498.67 [    14354.9    3483.4   73882.1    4519.8   50000.0 ]
[24-10-31 15:26:07] 463   -15498.66 [    14354.9    3483.4   73882.1    4535.9   50000.0 ]
[24-10-31 15:26:07] 464   -15498.65 [    14354.9    3483.4   73882.1    4530.0   50000.0 ]
[24-10-31 15:26:08] 465   -15498.65 [    14354.9    3483.4   73882.1    4530.1   50000.0 ]
[24-10-31 15:26:08] 466   -15498.65 [    14354.9    3483.4   73882.1    4530.0   50000.0 ]
[24-10-31 15:26:08] 468   -15498.67 [    14354.9    3483.4   73882.1    4530.0   49998.4 ]
[24-10-31 15:26:09] 469   -15498.65 [    14354.9    3483.4   73882.1    4530.0   49999.4 ]
[24-10-31 15:26:09] 471   -15498.65 [    14354.9    3483.4   73882.1    4530.0   49999.7 ]
[24-10-31 15:26:10] 473   -15498.65 [    14354.9    3483.4   73882.1    4530.0   49999.9 ]
[24-10-31 15:26:10] 475   -15498.65 [    14354.9    3483.4   73882.1    4530.0   50000.0 ]
[24-10-31 15:26:10] 477   -15498.65 [    14354.9    3483.4   73882.1    4530.0   50000.0 ]
[24-10-31 15:26:11] 479   -15498.65 [    14354.9    3483.4   73882.1    4530.0   50000.0 ]
[24-10-31 15:26:11] 481   -15498.65 [    14354.9    3483.4   73882.1    4530.0   50000.0 ]
[24-10-31 15:26:12] 483   -15498.65 [    14354.9    3483.4   73882.1    4530.0   50000.0 ]
[24-10-31 15:26:12] 485   -15498.65 [    14354.9    3483.4   73882.1    4530.0   50000.0 ]
[24-10-31 15:26:13] 487   -15498.65 [    14354.9    3483.4   73882.1    4530.0   50000.0 ]
[24-10-31 15:26:13] 489   -15498.65 [    14354.9    3483.4   73882.1    4530.0   50000.0 ]
[24-10-31 15:26:13] 491   -15498.65 [    14354.9    3483.4   73882.1    4530.0   50000.0 ]
[24-10-31 15:26:14] 493   -15498.65 [    14354.9    3483.4   73882.1    4530.0   50000.0 ]
[24-10-31 15:26:14] 495   -15498.65 [    14354.9    3483.4   73882.1    4530.0   50000.0 ]
[24-10-31 15:26:15] 497   -15498.65 [    14354.9    3483.4   73882.1    4530.0   50000.0 ]
[24-10-31 15:26:15] 499   -15498.65 [    14354.9    3483.4   73882.1    4530.0   50000.0 ]
[24-10-31 15:26:16] 501   -15498.65 [    14354.9    3483.4   73882.1    4530.0   50000.0 ]
[24-10-31 15:26:16] 503   -15498.65 [    14354.9    3483.4   73882.1    4530.0   50000.0 ]
[24-10-31 15:26:16] 505   -15498.65 [    14354.9    3483.4   73882.1    4530.0   50000.0 ]
[24-10-31 15:26:17] 507   -15498.65 [    14354.9    3483.4   73882.1    4530.0   50000.0 ]
[24-10-31 15:26:17] 509   -15498.65 [    14354.9    3483.4   73882.1    4530.0   50000.0 ]
[24-10-31 15:26:18] 511   -15498.65 [    14354.9    3483.4   73882.1    4530.0   50000.0 ]
[24-10-31 15:26:18] 512   -15498.65 [    14354.9    3483.4   73882.1    4530.0   50000.0 ]
[24-10-31 15:26:19] 513   -15498.65 [    14354.9    3483.4   73882.1    4530.0   50000.0 ]
[24-10-31 15:26:19] 514   -15498.65 [    14354.9    3483.4   73882.1    4530.0   50000.0 ]
[24-10-31 15:26:19] 515   -15498.65 [    14354.9    3483.4   73882.1    4530.0   50000.0 ]
[24-10-31 15:26:20] 516   -15498.65 [    14354.9    3483.4   73882.1    4530.0   50000.0 ]
[24-10-31 15:26:20] 517   -15498.65 [    14354.9    3483.4   73882.1    4530.0   50000.0 ]
[24-10-31 15:26:21] 518   -15498.65 [    14354.9    3483.4   73882.1    4530.0   50000.0 ]
[24-10-31 15:26:21] 519   -15498.65 [    14354.9    3483.4   73882.1    4530.0   50000.0 ]
[24-10-31 15:26:22] 520   -15496.03 [    14361.5    3523.3   73578.5    4512.4   50000.0 ]
[24-10-31 15:26:22] 521   -15498.65 [    14354.9    3483.4   73882.1    4530.0   50000.0 ]
[24-10-31 15:26:22] 522   -15496.03 [    14361.5    3523.3   73578.5    4512.4   50000.0 ]
[24-10-31 15:26:23] 523   -15491.81 [    14372.2    3587.9   73087.3    4484.0   50000.0 ]
[24-10-31 15:26:23] 525    -15331.6 [    14818.8    6277.8   52636.2    3300.1   50000.0 ]
[24-10-31 15:26:24] 527   -15407.53 [    14595.5    4932.9   62861.7    3892.0   50000.0 ]
[24-10-31 15:26:24] 528   -15299.66 [    14924.2    6912.8   47808.3    3020.7   50000.0 ]
[24-10-31 15:26:25] 530    -15311.5 [    14883.9    6670.3   49652.4    3127.4   50000.0 ]
[24-10-31 15:26:25] 531   -15292.58 [    14949.1    7062.7   46668.6    2954.7   50000.0 ]
[24-10-31 15:26:26] 533   -15295.26 [    14939.6    7005.5   47104.0    2979.9   50000.0 ]
[24-10-31 15:26:26] 534   -15290.92 [    14955.0    7098.5   46396.5    2938.9   50000.0 ]
[24-10-31 15:26:26] 535   -15290.92 [    14955.0    7098.5   46396.5    2938.9   50000.0 ]
[24-10-31 15:26:27] 536   -15290.91 [    14956.0    7098.5   46396.5    2938.9   50000.0 ]
[24-10-31 15:26:27] 537    -15290.9 [    14957.7    7098.5   46396.5    2938.9   50000.0 ]
[24-10-31 15:26:28] 538   -15290.22 [    15134.0    7098.5   46396.5    2938.9   50000.0 ]
[24-10-31 15:26:28] 539   -15289.89 [    15352.4    7098.5   46396.5    2938.9   50000.0 ]
[24-10-31 15:26:29] 540   -15290.48 [    15705.8    7098.5   46396.5    2938.9   50000.0 ]
[24-10-31 15:26:29] 541   -15289.96 [    15487.4    7098.5   46396.5    2938.9   50000.0 ]
[24-10-31 15:26:29] 542   -15289.95 [    15269.0    7098.5   46396.5    2938.9   50000.0 ]
[24-10-31 15:26:30] 543   -15289.89 [    15374.3    7098.5   46396.5    2938.9   50000.0 ]
[24-10-31 15:26:30] 544   -15289.89 [    15370.1    7098.5   46396.5    2938.9   50000.0 ]
[24-10-31 15:26:31] 545   -15289.89 [    15378.5    7098.5   46396.5    2938.9   50000.0 ]
[24-10-31 15:26:31] 546   -15289.89 [    15374.3    7098.5   46396.5    2938.9   50000.0 ]
[24-10-31 15:26:32] 548    -15289.9 [    15374.3    7098.5   46396.5    2938.9   49998.4 ]
[24-10-31 15:26:32] 549    -15289.9 [    15374.3    7098.5   46396.5    2938.9   49999.4 ]
[24-10-31 15:26:32] 551   -15289.89 [    15374.3    7098.5   46396.5    2938.9   49999.7 ]
[24-10-31 15:26:33] 553   -15289.89 [    15374.3    7098.5   46396.5    2938.9   49999.9 ]
[24-10-31 15:26:33] 555   -15289.89 [    15374.3    7098.5   46396.5    2938.9   50000.0 ]
[24-10-31 15:26:34] 557   -15289.89 [    15374.3    7098.5   46396.5    2938.9   50000.0 ]
[24-10-31 15:26:34] 559   -15289.89 [    15374.3    7098.5   46396.5    2938.9   50000.0 ]
[24-10-31 15:26:34] 561   -15289.89 [    15374.3    7098.5   46396.5    2938.9   50000.0 ]
[24-10-31 15:26:35] 563   -15289.89 [    15374.3    7098.5   46396.5    2938.9   50000.0 ]
[24-10-31 15:26:35] 565   -15289.89 [    15374.3    7098.5   46396.5    2938.9   50000.0 ]
[24-10-31 15:26:36] 567   -15289.89 [    15374.3    7098.5   46396.5    2938.9   50000.0 ]
[24-10-31 15:26:36] 569   -15289.89 [    15374.3    7098.5   46396.5    2938.9   50000.0 ]
[24-10-31 15:26:37] 571   -15289.89 [    15374.3    7098.5   46396.5    2938.9   50000.0 ]
[24-10-31 15:26:37] 573   -15289.89 [    15374.3    7098.5   46396.5    2938.9   50000.0 ]
[24-10-31 15:26:37] 575   -15289.89 [    15374.3    7098.5   46396.5    2938.9   50000.0 ]
[24-10-31 15:26:38] 577   -15289.89 [    15374.3    7098.5   46396.5    2938.9   50000.0 ]
[24-10-31 15:26:38] 579   -15289.89 [    15374.3    7098.5   46396.5    2938.9   50000.0 ]
[24-10-31 15:26:39] 581   -15289.89 [    15374.3    7098.5   46396.5    2938.9   50000.0 ]
[24-10-31 15:26:39] 583   -15289.89 [    15374.3    7098.5   46396.5    2938.9   50000.0 ]
[24-10-31 15:26:39] 585   -15289.89 [    15374.3    7098.5   46396.5    2938.9   50000.0 ]
[24-10-31 15:26:40] 587   -15289.89 [    15374.3    7098.5   46396.5    2938.9   50000.0 ]
[24-10-31 15:26:40] 589   -15289.89 [    15374.3    7098.5   46396.5    2938.9   50000.0 ]
[24-10-31 15:26:41] 590   -15289.89 [    15374.3    7098.5   46396.5    2938.9   50000.0 ]
[24-10-31 15:26:41] 591   -15289.89 [    15374.3    7098.5   46396.5    2938.9   50000.0 ]
[24-10-31 15:26:41] 592   -15289.89 [    15374.3    7098.5   46396.5    2938.9   50000.0 ]
[24-10-31 15:26:42] 593   -15289.89 [    15374.3    7098.5   46396.5    2938.9   50000.0 ]
[24-10-31 15:26:42] 594   -15289.89 [    15374.3    7098.5   46396.5    2938.9   50000.0 ]
[24-10-31 15:26:43] 595   -15289.89 [    15374.3    7098.5   46396.5    2938.9   50000.0 ]
[24-10-31 15:26:43] 596   -15289.89 [    15374.3    7098.5   46396.5    2938.9   50000.0 ]
[24-10-31 15:26:44] 597   -15289.89 [    15374.3    7098.5   46396.5    2938.9   50000.0 ]
[24-10-31 15:26:44] 598   -15289.89 [    15374.3    7098.5   46396.5    2938.9   50000.0 ]
[24-10-31 15:26:44] 599   -15289.89 [    15374.3    7098.5   46396.5    2938.9   50000.0 ]
[24-10-31 15:26:45] 600   -15289.89 [    15374.3    7098.5   46396.5    2938.9   50000.0 ]
[24-10-31 15:26:45] 601   -15289.89 [    15374.3    7098.5   46396.5    2938.9   50000.0 ]
[24-10-31 15:26:46] 602   -15289.89 [    15374.3    7098.5   46397.5    2938.9   50000.0 ]
[24-10-31 15:26:46] 603   -15289.88 [    15374.3    7098.5   46399.1    2938.9   50000.0 ]
[24-10-31 15:26:47] 604   -15289.55 [    15374.3    7098.5   46575.5    2938.9   50000.0 ]
[24-10-31 15:26:47] 605   -15289.48 [    15374.3    7098.5   46707.7    2938.9   50000.0 ]
[24-10-31 15:26:48] 606   -15289.67 [    15374.3    7098.5   46921.7    2938.9   50000.0 ]
[24-10-31 15:26:48] 607   -15289.51 [    15374.3    7098.5   46789.4    2938.9   50000.0 ]
[24-10-31 15:26:48] 608   -15289.49 [    15374.3    7098.5   46657.2    2938.9   50000.0 ]
[24-10-31 15:26:49] 609   -15289.48 [    15374.3    7098.5   46704.6    2938.9   50000.0 ]
[24-10-31 15:26:49] 610   -15289.48 [    15374.3    7098.5   46710.8    2938.9   50000.0 ]
[24-10-31 15:26:50] 611   -15289.48 [    15374.3    7098.5   46707.7    2938.9   50000.0 ]
[24-10-31 15:26:50] 612   -15289.54 [    15374.3    7098.5   46707.7    2939.9   50000.0 ]
[24-10-31 15:26:51] 613   -15289.39 [    15374.3    7098.5   46707.7    2937.3   50000.0 ]
[24-10-31 15:26:51] 614   -15288.11 [    15374.3    7098.5   46707.7    2890.7   50000.0 ]
[24-10-31 15:26:52] 615   -15292.16 [    15374.3    7098.5   46707.7    2815.4   50000.0 ]
[24-10-31 15:26:52] 616   -15288.73 [    15374.3    7098.5   46707.7    2862.0   50000.0 ]
[24-10-31 15:26:53] 617   -15288.27 [    15374.3    7098.5   46707.7    2908.5   50000.0 ]
[24-10-31 15:26:53] 618   -15288.11 [    15374.3    7098.5   46707.7    2892.7   50000.0 ]
[24-10-31 15:26:54] 619   -15288.11 [    15374.3    7098.5   46707.7    2892.2   50000.0 ]
[24-10-31 15:26:54] 620   -15288.11 [    15374.3    7098.5   46707.7    2893.1   50000.0 ]
[24-10-31 15:26:54] 621   -15288.11 [    15374.3    7098.5   46707.7    2892.7   50000.0 ]
[24-10-31 15:26:55] 623   -15672.07 [    14403.2    1249.1   91180.4    5467.0   50000.0 ]
[24-10-31 15:26:55] 624   -15412.79 [    15003.4    4864.2   63694.8    3876.0   50000.0 ]
[24-10-31 15:26:56] 626   -15347.34 [    15188.9    5981.4   55201.2    3384.3   50000.0 ]
[24-10-31 15:26:56] 628   -15309.88 [    15303.5    6671.8   49952.0    3080.5   50000.0 ]
[24-10-31 15:26:57] 630   -15296.28 [    15347.3    6935.5   47946.9    2964.4   50000.0 ]
[24-10-31 15:26:57] 632   -15291.21 [    15364.0    7036.3   47181.0    2920.1   50000.0 ]
[24-10-31 15:26:58] 633   -15286.65 [    15379.2    7127.9   46484.2    2879.7   50000.0 ]
[24-10-31 15:26:58] 634   -15285.75 [    15382.2    7146.1   46346.1    2871.7   50000.0 ]
[24-10-31 15:26:59] 635    -15285.2 [    15384.1    7157.3   46260.8    2866.8   50000.0 ]
[24-10-31 15:26:59] 636   -15284.86 [    15385.2    7164.2   46208.0    2863.7   50000.0 ]
[24-10-31 15:27:00] 638   -15284.99 [    15384.8    7161.6   46228.2    2864.9   50000.0 ]
[24-10-31 15:27:00] 639   -15284.78 [    15385.5    7165.9   46195.6    2863.0   50000.0 ]
[24-10-31 15:27:00] 640   -15284.73 [    15385.7    7166.9   46187.9    2862.6   50000.0 ]
[24-10-31 15:27:01] 641    -15284.7 [    15385.8    7167.6   46182.7    2862.3   50000.0 ]
[24-10-31 15:27:01] 643    -15284.7 [    15385.8    7167.6   46182.7    2862.3   50000.0 ]
[24-10-31 15:27:02] 644   -15284.69 [    15386.8    7167.6   46182.7    2862.3   50000.0 ]
[24-10-31 15:27:02] 645   -15284.69 [    15388.4    7167.6   46182.7    2862.3   50000.0 ]
[24-10-31 15:27:03] 646    -15284.6 [    15513.9    7167.6   46182.7    2862.3   50000.0 ]
[24-10-31 15:27:03] 647   -15284.81 [    15716.9    7167.6   46182.7    2862.3   50000.0 ]
[24-10-31 15:27:04] 648   -15284.63 [    15591.4    7167.6   46182.7    2862.3   50000.0 ]
[24-10-31 15:27:04] 649   -15284.62 [    15466.0    7167.6   46182.7    2862.3   50000.0 ]
[24-10-31 15:27:05] 650    -15284.6 [    15517.0    7167.6   46182.7    2862.3   50000.0 ]
[24-10-31 15:27:05] 651    -15284.6 [    15515.7    7167.6   46182.7    2862.3   50000.0 ]
[24-10-31 15:27:06] 652    -15284.6 [    15518.4    7167.6   46182.7    2862.3   50000.0 ]
[24-10-31 15:27:06] 653    -15284.6 [    15517.0    7167.6   46182.7    2862.3   50000.0 ]
[24-10-31 15:27:07] 655   -15284.61 [    15517.0    7167.6   46182.7    2862.3   49998.4 ]
[24-10-31 15:27:07] 656   -15284.61 [    15517.0    7167.6   46182.7    2862.3   49999.4 ]
[24-10-31 15:27:07] 658    -15284.6 [    15517.0    7167.6   46182.7    2862.3   49999.7 ]
[24-10-31 15:27:08] 660    -15284.6 [    15517.0    7167.6   46182.7    2862.3   49999.9 ]
[24-10-31 15:27:08] 662    -15284.6 [    15517.0    7167.6   46182.7    2862.3   50000.0 ]
[24-10-31 15:27:09] 664    -15284.6 [    15517.0    7167.6   46182.7    2862.3   50000.0 ]
[24-10-31 15:27:09] 666    -15284.6 [    15517.0    7167.6   46182.7    2862.3   50000.0 ]
[24-10-31 15:27:10] 668    -15284.6 [    15517.0    7167.6   46182.7    2862.3   50000.0 ]
[24-10-31 15:27:10] 670    -15284.6 [    15517.0    7167.6   46182.7    2862.3   50000.0 ]
[24-10-31 15:27:11] 672    -15284.6 [    15517.0    7167.6   46182.7    2862.3   50000.0 ]
[24-10-31 15:27:11] 674    -15284.6 [    15517.0    7167.6   46182.7    2862.3   50000.0 ]
[24-10-31 15:27:11] 676    -15284.6 [    15517.0    7167.6   46182.7    2862.3   50000.0 ]
[24-10-31 15:27:12] 678    -15284.6 [    15517.0    7167.6   46182.7    2862.3   50000.0 ]
[24-10-31 15:27:12] 680    -15284.6 [    15517.0    7167.6   46182.7    2862.3   50000.0 ]
[24-10-31 15:27:13] 682    -15284.6 [    15517.0    7167.6   46182.7    2862.3   50000.0 ]
[24-10-31 15:27:13] 684    -15284.6 [    15517.0    7167.6   46182.7    2862.3   50000.0 ]
[24-10-31 15:27:14] 686    -15284.6 [    15517.0    7167.6   46182.7    2862.3   50000.0 ]
[24-10-31 15:27:14] 688    -15284.6 [    15517.0    7167.6   46182.7    2862.3   50000.0 ]
[24-10-31 15:27:15] 690    -15284.6 [    15517.0    7167.6   46182.7    2862.3   50000.0 ]
[24-10-31 15:27:15] 692    -15284.6 [    15517.0    7167.6   46182.7    2862.3   50000.0 ]
[24-10-31 15:27:16] 694    -15284.6 [    15517.0    7167.6   46182.7    2862.3   50000.0 ]
[24-10-31 15:27:16] 696    -15284.6 [    15517.0    7167.6   46182.7    2862.3   50000.0 ]
[24-10-31 15:27:17] 698    -15284.6 [    15517.0    7167.6   46182.7    2862.3   50000.0 ]
[24-10-31 15:27:17] 699    -15284.6 [    15517.0    7167.6   46182.7    2862.3   50000.0 ]
[24-10-31 15:27:18] 700    -15284.6 [    15517.0    7167.6   46182.7    2862.3   50000.0 ]
[24-10-31 15:27:18] 701    -15284.6 [    15517.0    7167.6   46182.7    2862.3   50000.0 ]
[24-10-31 15:27:18] 702    -15284.6 [    15517.0    7167.6   46182.7    2862.3   50000.0 ]
[24-10-31 15:27:19] 703    -15284.6 [    15517.0    7167.6   46182.7    2862.3   50000.0 ]
[24-10-31 15:27:19] 704    -15284.6 [    15517.0    7167.6   46182.7    2862.3   50000.0 ]
[24-10-31 15:27:20] 705    -15284.6 [    15517.0    7167.6   46182.7    2862.3   50000.0 ]
[24-10-31 15:27:20] 706    -15284.6 [    15517.0    7167.6   46182.7    2862.3   50000.0 ]
[24-10-31 15:27:21] 707    -15284.6 [    15517.0    7167.6   46183.7    2862.3   50000.0 ]
[24-10-31 15:27:21] 708    -15284.6 [    15517.0    7167.6   46181.0    2862.3   50000.0 ]
[24-10-31 15:27:22] 709   -15284.41 [    15517.0    7167.6   46004.7    2862.3   50000.0 ]
[24-10-31 15:27:22] 710   -15284.41 [    15517.0    7167.6   45971.1    2862.3   50000.0 ]
[24-10-31 15:27:23] 711   -15284.42 [    15517.0    7167.6   45916.7    2862.3   50000.0 ]
[24-10-31 15:27:23] 712   -15284.41 [    15517.0    7167.6   45950.3    2862.3   50000.0 ]
[24-10-31 15:27:24] 713   -15284.41 [    15517.0    7167.6   45983.9    2862.3   50000.0 ]
[24-10-31 15:27:24] 714   -15284.41 [    15517.0    7167.6   45969.0    2862.3   50000.0 ]
[24-10-31 15:27:24] 715   -15284.41 [    15517.0    7167.6   45973.2    2862.3   50000.0 ]
[24-10-31 15:27:25] 716   -15284.41 [    15517.0    7167.6   45971.1    2862.3   50000.0 ]
[24-10-31 15:27:25] 717   -15284.43 [    15517.0    7167.6   45971.1    2863.3   50000.0 ]
[24-10-31 15:27:26] 718   -15284.39 [    15517.0    7167.6   45971.1    2860.6   50000.0 ]
[24-10-31 15:27:26] 719   -15284.33 [    15517.0    7167.6   45971.1    2851.0   50000.0 ]
[24-10-31 15:27:27] 720   -15284.49 [    15517.0    7167.6   45971.1    2835.5   50000.0 ]
[24-10-31 15:27:27] 721   -15284.35 [    15517.0    7167.6   45971.1    2845.1   50000.0 ]
[24-10-31 15:27:28] 722   -15284.34 [    15517.0    7167.6   45971.1    2854.7   50000.0 ]
[24-10-31 15:27:28] 723   -15284.33 [    15517.0    7167.6   45971.1    2851.2   50000.0 ]
[24-10-31 15:27:28] 724   -15284.33 [    15517.0    7167.6   45971.1    2851.3   50000.0 ]
[24-10-31 15:27:29] 725   -15284.33 [    15517.0    7167.6   45971.1    2851.2   50000.0 ]
[24-10-31 15:27:29] 727   -15653.05 [    14546.0    1318.2   90443.7    5425.5   50000.0 ]
[24-10-31 15:27:30] 728   -15409.01 [    15146.1    4933.3   62958.1    3834.5   50000.0 ]
[24-10-31 15:27:30] 730   -15343.51 [    15331.6    6050.4   54464.6    3342.8   50000.0 ]
[24-10-31 15:27:31] 731   -15259.31 [    15604.6    7695.0   41961.0    2619.0   50000.0 ]
[24-10-31 15:27:31] 733    -15268.6 [    15571.2    7493.5   43492.7    2707.7   50000.0 ]
[24-10-31 15:27:32] 734   -15253.74 [    15625.3    7819.5   41014.3    2564.2   50000.0 ]
[24-10-31 15:27:32] 735   -15250.38 [    15638.1    7896.5   40429.3    2530.4   50000.0 ]
[24-10-31 15:27:33] 736   -15248.33 [    15645.9    7944.0   40067.7    2509.4   50000.0 ]
[24-10-31 15:27:33] 738   -15249.11 [    15642.9    7925.9   40205.8    2517.4   50000.0 ]
[24-10-31 15:27:33] 740   -15248.66 [    15644.7    7936.3   40126.7    2512.8   50000.0 ]
[24-10-31 15:27:34] 742   -15248.33 [    15645.9    7944.0   40067.7    2509.4   50000.0 ]
[24-10-31 15:27:34] 743   -15248.33 [    15646.9    7944.0   40067.7    2509.4   50000.0 ]
[24-10-31 15:27:35] 744   -15248.32 [    15648.6    7944.0   40067.7    2509.4   50000.0 ]
[24-10-31 15:27:35] 745   -15248.31 [    15701.3    7944.0   40067.7    2509.4   50000.0 ]
[24-10-31 15:27:36] 746   -15248.35 [    15786.6    7944.0   40067.7    2509.4   50000.0 ]
[24-10-31 15:27:36] 747   -15248.31 [    15733.9    7944.0   40067.7    2509.4   50000.0 ]
[24-10-31 15:27:37] 748   -15248.31 [    15681.1    7944.0   40067.7    2509.4   50000.0 ]
[24-10-31 15:27:37] 749   -15248.31 [    15701.8    7944.0   40067.7    2509.4   50000.0 ]
[24-10-31 15:27:38] 750   -15248.31 [    15702.4    7944.0   40067.7    2509.4   50000.0 ]
[24-10-31 15:27:38] 751   -15248.31 [    15701.8    7944.0   40067.7    2509.4   50000.0 ]
[24-10-31 15:27:39] 753   -15248.32 [    15701.8    7944.0   40067.7    2509.4   49998.4 ]
[24-10-31 15:27:39] 754   -15248.31 [    15701.8    7944.0   40067.7    2509.4   49999.4 ]
[24-10-31 15:27:39] 756   -15248.31 [    15701.8    7944.0   40067.7    2509.4   49999.7 ]
[24-10-31 15:27:40] 758   -15248.31 [    15701.8    7944.0   40067.7    2509.4   49999.9 ]
[24-10-31 15:27:40] 760   -15248.31 [    15701.8    7944.0   40067.7    2509.4   50000.0 ]
[24-10-31 15:27:40] 762   -15248.31 [    15701.8    7944.0   40067.7    2509.4   50000.0 ]
[24-10-31 15:27:41] 764   -15248.31 [    15701.8    7944.0   40067.7    2509.4   50000.0 ]
[24-10-31 15:27:41] 766   -15248.31 [    15701.8    7944.0   40067.7    2509.4   50000.0 ]
[24-10-31 15:27:42] 768   -15248.31 [    15701.8    7944.0   40067.7    2509.4   50000.0 ]
[24-10-31 15:27:42] 770   -15248.31 [    15701.8    7944.0   40067.7    2509.4   50000.0 ]
[24-10-31 15:27:43] 772   -15248.31 [    15701.8    7944.0   40067.7    2509.4   50000.0 ]
[24-10-31 15:27:43] 774   -15248.31 [    15701.8    7944.0   40067.7    2509.4   50000.0 ]
[24-10-31 15:27:44] 776   -15248.31 [    15701.8    7944.0   40067.7    2509.4   50000.0 ]
[24-10-31 15:27:44] 778   -15248.31 [    15701.8    7944.0   40067.7    2509.4   50000.0 ]
[24-10-31 15:27:44] 780   -15248.31 [    15701.8    7944.0   40067.7    2509.4   50000.0 ]
[24-10-31 15:27:45] 782   -15248.31 [    15701.8    7944.0   40067.7    2509.4   50000.0 ]
[24-10-31 15:27:45] 784   -15248.31 [    15701.8    7944.0   40067.7    2509.4   50000.0 ]
[24-10-31 15:27:46] 786   -15248.31 [    15701.8    7944.0   40067.7    2509.4   50000.0 ]
[24-10-31 15:27:46] 788   -15248.31 [    15701.8    7944.0   40067.7    2509.4   50000.0 ]
[24-10-31 15:27:47] 790   -15248.31 [    15701.8    7944.0   40067.7    2509.4   50000.0 ]
[24-10-31 15:27:47] 792   -15248.31 [    15701.8    7944.0   40067.7    2509.4   50000.0 ]
[24-10-31 15:27:48] 794   -15248.31 [    15701.8    7944.0   40067.7    2509.4   50000.0 ]
[24-10-31 15:27:48] 795   -15248.31 [    15701.8    7944.0   40067.7    2509.4   50000.0 ]
[24-10-31 15:27:49] 796   -15248.31 [    15701.8    7944.0   40067.7    2509.4   50000.0 ]
[24-10-31 15:27:49] 797   -15248.31 [    15701.8    7944.0   40067.7    2509.4   50000.0 ]
[24-10-31 15:27:50] 798   -15248.31 [    15701.8    7944.0   40067.7    2509.4   50000.0 ]
[24-10-31 15:27:50] 799   -15248.31 [    15701.8    7944.0   40067.7    2509.4   50000.0 ]
[24-10-31 15:27:51] 800   -15248.31 [    15701.8    7944.0   40067.7    2509.4   50000.0 ]
[24-10-31 15:27:51] 801   -15248.31 [    15701.8    7944.0   40068.7    2509.4   50000.0 ]
[24-10-31 15:27:51] 802   -15248.31 [    15701.8    7944.0   40070.3    2509.4   50000.0 ]
[24-10-31 15:27:52] 803   -15248.22 [    15701.8    7944.0   40206.7    2509.4   50000.0 ]
[24-10-31 15:27:52] 804   -15248.44 [    15701.8    7944.0   40427.4    2509.4   50000.0 ]
[24-10-31 15:27:53] 805   -15248.26 [    15701.8    7944.0   40291.0    2509.4   50000.0 ]
[24-10-31 15:27:53] 806   -15248.24 [    15701.8    7944.0   40154.6    2509.4   50000.0 ]
[24-10-31 15:27:54] 807   -15248.22 [    15701.8    7944.0   40208.1    2509.4   50000.0 ]
[24-10-31 15:27:54] 808   -15248.22 [    15701.8    7944.0   40205.3    2509.4   50000.0 ]
[24-10-31 15:27:55] 809   -15248.22 [    15701.8    7944.0   40206.7    2509.4   50000.0 ]
[24-10-31 15:27:55] 810   -15248.25 [    15701.8    7944.0   40206.7    2510.4   50000.0 ]
[24-10-31 15:27:56] 811   -15248.18 [    15701.8    7944.0   40206.7    2507.8   50000.0 ]
[24-10-31 15:27:56] 812   -15247.97 [    15701.8    7944.0   40206.7    2492.0   50000.0 ]
[24-10-31 15:27:57] 813   -15248.57 [    15701.8    7944.0   40206.7    2466.3   50000.0 ]
[24-10-31 15:27:57] 814   -15248.06 [    15701.8    7944.0   40206.7    2482.1   50000.0 ]
[24-10-31 15:27:57] 815    -15248.0 [    15701.8    7944.0   40206.7    2498.0   50000.0 ]
[24-10-31 15:27:58] 816   -15247.97 [    15701.8    7944.0   40206.7    2492.2   50000.0 ]
[24-10-31 15:27:58] 817   -15247.97 [    15701.8    7944.0   40206.7    2492.4   50000.0 ]
[24-10-31 15:27:59] 818   -15247.97 [    15701.8    7944.0   40206.7    2492.2   50000.0 ]
[24-10-31 15:27:59] 820   -15596.88 [    14730.7    2094.6   84679.4    5066.6   50000.0 ]
[24-10-31 15:28:00] 821   -15363.98 [    15330.9    5709.8   57193.8    3475.5   50000.0 ]
[24-10-31 15:28:00] 823   -15302.33 [    15516.4    6826.9   48700.2    2983.9   50000.0 ]
[24-10-31 15:28:01] 825   -15267.69 [    15631.0    7517.3   43451.0    2680.0   50000.0 ]
[24-10-31 15:28:01] 827   -15255.33 [    15674.8    7781.0   41445.9    2564.0   50000.0 ]
[24-10-31 15:28:02] 829   -15250.75 [    15691.5    7881.8   40680.0    2519.6   50000.0 ]
[24-10-31 15:28:02] 831   -15249.03 [    15697.9    7920.3   40387.5    2502.7   50000.0 ]
[24-10-31 15:28:03] 832   -15247.47 [    15703.7    7955.3   40121.4    2487.3   50000.0 ]
[24-10-31 15:28:03] 833   -15247.16 [    15704.8    7962.2   40068.6    2484.3   50000.0 ]
[24-10-31 15:28:03] 834   -15246.97 [    15705.6    7966.5   40036.0    2482.4   50000.0 ]
[24-10-31 15:28:04] 835   -15246.86 [    15706.0    7969.1   40015.8    2481.2   50000.0 ]
[24-10-31 15:28:04] 836   -15246.78 [    15706.3    7970.8   40003.4    2480.5   50000.0 ]
[24-10-31 15:28:05] 838   -15246.81 [    15706.2    7970.2   40008.1    2480.8   50000.0 ]
[24-10-31 15:28:05] 839   -15246.77 [    15706.3    7971.2   40000.5    2480.3   50000.0 ]
[24-10-31 15:28:06] 842   -15246.77 [    15706.3    7971.2   40000.5    2480.3   50000.0 ]
[24-10-31 15:28:06] 843   -15246.77 [    15707.3    7971.2   40000.5    2480.3   50000.0 ]
[24-10-31 15:28:07] 844   -15246.77 [    15709.0    7971.2   40000.5    2480.3   50000.0 ]
[24-10-31 15:28:07] 845   -15246.75 [    15761.5    7971.2   40000.5    2480.3   50000.0 ]
[24-10-31 15:28:08] 846   -15246.79 [    15846.6    7971.2   40000.5    2480.3   50000.0 ]
[24-10-31 15:28:08] 847   -15246.76 [    15794.0    7971.2   40000.5    2480.3   50000.0 ]
[24-10-31 15:28:09] 848   -15246.75 [    15741.4    7971.2   40000.5    2480.3   50000.0 ]
[24-10-31 15:28:09] 849   -15246.75 [    15762.1    7971.2   40000.5    2480.3   50000.0 ]
[24-10-31 15:28:10] 850   -15246.75 [    15762.6    7971.2   40000.5    2480.3   50000.0 ]
[24-10-31 15:28:10] 851   -15246.75 [    15762.1    7971.2   40000.5    2480.3   50000.0 ]
[24-10-31 15:28:10] 853   -15246.76 [    15762.1    7971.2   40000.5    2480.3   49998.4 ]
[24-10-31 15:28:11] 854   -15246.76 [    15762.1    7971.2   40000.5    2480.3   49999.4 ]
[24-10-31 15:28:11] 856   -15246.75 [    15762.1    7971.2   40000.5    2480.3   49999.7 ]
[24-10-31 15:28:12] 858   -15246.75 [    15762.1    7971.2   40000.5    2480.3   49999.9 ]
[24-10-31 15:28:12] 860   -15246.75 [    15762.1    7971.2   40000.5    2480.3   50000.0 ]
[24-10-31 15:28:13] 862   -15246.75 [    15762.1    7971.2   40000.5    2480.3   50000.0 ]
[24-10-31 15:28:13] 864   -15246.75 [    15762.1    7971.2   40000.5    2480.3   50000.0 ]
[24-10-31 15:28:14] 866   -15246.75 [    15762.1    7971.2   40000.5    2480.3   50000.0 ]
[24-10-31 15:28:14] 868   -15246.75 [    15762.1    7971.2   40000.5    2480.3   50000.0 ]
[24-10-31 15:28:15] 870   -15246.75 [    15762.1    7971.2   40000.5    2480.3   50000.0 ]
[24-10-31 15:28:15] 872   -15246.75 [    15762.1    7971.2   40000.5    2480.3   50000.0 ]
[24-10-31 15:28:16] 874   -15246.75 [    15762.1    7971.2   40000.5    2480.3   50000.0 ]
[24-10-31 15:28:16] 876   -15246.75 [    15762.1    7971.2   40000.5    2480.3   50000.0 ]
[24-10-31 15:28:17] 878   -15246.75 [    15762.1    7971.2   40000.5    2480.3   50000.0 ]
[24-10-31 15:28:17] 880   -15246.75 [    15762.1    7971.2   40000.5    2480.3   50000.0 ]
[24-10-31 15:28:17] 882   -15246.75 [    15762.1    7971.2   40000.5    2480.3   50000.0 ]
[24-10-31 15:28:18] 884   -15246.75 [    15762.1    7971.2   40000.5    2480.3   50000.0 ]
[24-10-31 15:28:18] 886   -15246.75 [    15762.1    7971.2   40000.5    2480.3   50000.0 ]
[24-10-31 15:28:19] 888   -15246.75 [    15762.1    7971.2   40000.5    2480.3   50000.0 ]
[24-10-31 15:28:19] 890   -15246.75 [    15762.1    7971.2   40000.5    2480.3   50000.0 ]
[24-10-31 15:28:20] 892   -15246.75 [    15762.1    7971.2   40000.5    2480.3   50000.0 ]
[24-10-31 15:28:20] 893   -15246.75 [    15762.1    7971.2   40000.5    2480.3   50000.0 ]
[24-10-31 15:28:21] 895   -15246.75 [    15762.1    7971.2   40000.5    2480.3   50000.0 ]
[24-10-31 15:28:21] 896   -15246.75 [    15762.1    7971.2   40000.5    2480.3   50000.0 ]
[24-10-31 15:28:22] 897   -15246.75 [    15762.1    7971.2   40000.5    2480.3   50000.0 ]
[24-10-31 15:28:22] 898   -15246.75 [    15762.1    7971.2   40000.5    2480.3   50000.0 ]
[24-10-31 15:28:23] 899   -15246.75 [    15762.1    7971.2   40000.5    2480.3   50000.0 ]
[24-10-31 15:28:23] 900   -15246.75 [    15762.1    7971.2   40000.5    2480.3   50000.0 ]
[24-10-31 15:28:24] 901   -15246.75 [    15762.1    7971.2   40000.5    2480.3   50000.0 ]
[24-10-31 15:28:24] 902   -15246.75 [    15762.1    7971.2   40000.5    2480.3   50000.0 ]
[24-10-31 15:28:24] 903   -15246.75 [    15762.1    7971.2   40000.5    2480.3   50000.0 ]
[24-10-31 15:28:25] 904   -15246.75 [    15762.1    7971.2   40000.5    2480.3   50000.0 ]
[24-10-31 15:28:25] 905   -15246.75 [    15762.1    7971.2   40000.5    2480.3   50000.0 ]
[24-10-31 15:28:26] 906   -15246.75 [    15762.1    7971.2   40000.5    2480.3   50000.0 ]
[24-10-31 15:28:26] 907   -15246.75 [    15762.1    7971.2   40001.5    2480.3   50000.0 ]
[24-10-31 15:28:27] 910   -15246.75 [    15762.1    7971.2   40000.8    2480.3   50000.0 ]
[24-10-31 15:28:27] 911   -15246.75 [    15762.1    7971.2   40000.6    2480.3   50000.0 ]
[24-10-31 15:28:28] 912   -15246.75 [    15762.1    7971.2   40000.2    2480.3   50000.0 ]
[24-10-31 15:28:28] 913   -15246.75 [    15762.1    7971.2   40000.1    2480.3   50000.0 ]
[24-10-31 15:28:29] 915   -15246.75 [    15762.1    7971.2   40000.1    2480.3   50000.0 ]
[24-10-31 15:28:29] 916   -15246.75 [    15762.1    7971.2   40000.0    2480.3   50000.0 ]
[24-10-31 15:28:30] 917   -15246.75 [    15762.1    7971.2   40000.0    2480.3   50000.0 ]
[24-10-31 15:28:30] 918   -15246.75 [    15762.1    7971.2   40000.0    2480.3   50000.0 ]
[24-10-31 15:28:30] 920   -15246.75 [    15762.1    7971.2   40000.0    2480.3   50000.0 ]
[24-10-31 15:28:31] 921   -15246.75 [    15762.1    7971.2   40000.0    2480.3   50000.0 ]
[24-10-31 15:28:31] 922   -15246.75 [    15762.1    7971.2   40000.0    2481.3   50000.0 ]
[24-10-31 15:28:32] 923   -15246.75 [    15762.1    7971.2   40000.0    2478.7   50000.0 ]
[24-10-31 15:28:32] 924   -15246.75 [    15762.1    7971.2   40000.0    2479.3   50000.0 ]
[24-10-31 15:28:33] 925   -15246.75 [    15762.1    7971.2   40000.0    2479.7   50000.0 ]
[24-10-31 15:28:33] 926   -15246.75 [    15762.1    7971.2   40000.0    2479.0   50000.0 ]
[24-10-31 15:28:34] 927   -15246.75 [    15762.1    7971.2   40000.0    2479.3   50000.0 ]
[24-10-31 15:28:34] 928   -15246.75 [    15762.1    7971.2   40000.0    2479.2   50000.0 ]
[24-10-31 15:28:35] 929   -15246.75 [    15762.1    7971.2   40000.0    2479.3   50000.0 ]
[24-10-31 15:28:35] 931   -15595.23 [    14791.0    2121.7   84472.7    5053.6   50000.0 ]
[24-10-31 15:28:36] 932   -15362.65 [    15391.2    5736.9   56987.0    3462.6   50000.0 ]
[24-10-31 15:28:36] 934   -15301.04 [    15576.6    6854.0   48493.5    2970.9   50000.0 ]
[24-10-31 15:28:36] 936   -15266.43 [    15691.2    7544.5   43244.2    2667.0   50000.0 ]
[24-10-31 15:28:37] 938   -15254.09 [    15735.0    7808.2   41239.2    2551.0   50000.0 ]
[24-10-31 15:28:37] 940   -15249.53 [    15751.7    7908.9   40473.3    2506.7   50000.0 ]
[24-10-31 15:28:38] 942   -15247.81 [    15758.1    7947.4   40180.8    2489.7   50000.0 ]
[24-10-31 15:28:38] 944   -15247.15 [    15760.6    7962.1   40069.1    2483.3   50000.0 ]
[24-10-31 15:28:39] 946    -15246.9 [    15761.5    7967.7   40026.4    2480.8   50000.0 ]
[24-10-31 15:28:39] 948   -15246.81 [    15761.9    7969.8   40010.1    2479.8   50000.0 ]
[24-10-31 15:28:40] 950   -15246.77 [    15762.0    7970.7   40003.9    2479.5   50000.0 ]
[24-10-31 15:28:40] 952   -15246.76 [    15762.0    7971.0   40001.5    2479.3   50000.0 ]
[24-10-31 15:28:41] 954   -15246.75 [    15762.1    7971.1   40000.6    2479.3   50000.0 ]
[24-10-31 15:28:41] 956   -15246.75 [    15762.1    7971.1   40000.2    2479.3   50000.0 ]
[24-10-31 15:28:41] 958   -15246.75 [    15762.1    7971.2   40000.1    2479.3   50000.0 ]
[24-10-31 15:28:42] 960   -15246.75 [    15762.1    7971.2   40000.0    2479.3   50000.0 ]
[24-10-31 15:28:42] 962   -15246.75 [    15762.1    7971.2   40000.0    2479.3   50000.0 ]
[24-10-31 15:28:43] 964   -15246.75 [    15762.1    7971.2   40000.0    2479.3   50000.0 ]
[24-10-31 15:28:43] 966   -15246.75 [    15762.1    7971.2   40000.0    2479.3   50000.0 ]
[24-10-31 15:28:44] 967   -15246.75 [    15762.1    7971.2   40000.0    2479.3   50000.0 ]
[24-10-31 15:28:44] 968   -15246.75 [    15762.1    7971.2   40000.0    2479.3   50000.0 ]
[24-10-31 15:28:45] 969   -15246.75 [    15762.1    7971.2   40000.0    2479.3   50000.0 ]
[24-10-31 15:28:45] 971   -15246.75 [    15762.1    7971.2   40000.0    2479.3   50000.0 ]
[24-10-31 15:28:45] 972   -15246.75 [    15762.1    7971.2   40000.0    2479.3   50000.0 ]
[24-10-31 15:28:46] 974   -15246.75 [    15762.1    7971.2   40000.0    2479.3   50000.0 ]
Optimization terminated successfully.
         Current function value: 15246.749588
         Iterations: 11
         Function evaluations: 975
[24-10-31 15:28:46] 975      fit p: [    15762.1    7971.2   40000.0    2479.3   50000.0 ]
method: Powell
objective_func: objective_H2
fopt: -15246.749588086255
max_iter: 100
num_iter: 11
func_calls: 975
flag: 0
u_fitted: False
u: 1.111e-08
