[24-10-31 15:03:16] fitting objective_H2 to data for demes ['French', 'KhomaniSan', 'Yoruba']
[24-10-31 15:03:16] 0        pnames [         NK       NFY       TFY        NF        NY ]
[24-10-31 15:03:16] 0            p0 [    17743.1   22211.7   77671.4    5949.7   17721.6 ]
[24-10-31 15:03:16] 1     -26219.41 [    17743.1   22211.7   77671.4    5949.7   17721.6 ]
[24-10-31 15:03:16] 2     -26219.41 [    17743.1   22211.7   77671.4    5949.7   17721.6 ]
[24-10-31 15:03:17] 3     -26219.36 [    17744.1   22211.7   77671.4    5949.7   17721.6 ]
[24-10-31 15:03:17] 4     -26219.28 [    17745.7   22211.7   77671.4    5949.7   17721.6 ]
[24-10-31 15:03:17] 5     -26211.08 [    17922.1   22211.7   77671.4    5949.7   17721.6 ]
[24-10-31 15:03:17] 6     -26093.47 [    21974.6   22211.7   77671.4    5949.7   17721.6 ]
[24-10-31 15:03:18] 7     -26045.38 [    28531.8   22211.7   77671.4    5949.7   17721.6 ]
[24-10-31 15:03:18] 8     -26048.52 [    27047.0   22211.7   77671.4    5949.7   17721.6 ]
[24-10-31 15:03:18] 9     -26069.75 [    39141.5   22211.7   77671.4    5949.7   17721.6 ]
[24-10-31 15:03:18] 10    -26048.18 [    32584.3   22211.7   77671.4    5949.7   17721.6 ]
[24-10-31 15:03:19] 11    -26052.62 [    26027.2   22211.7   77671.4    5949.7   17721.6 ]
[24-10-31 15:03:19] 12     -26044.8 [    29925.7   22211.7   77671.4    5949.7   17721.6 ]
[24-10-31 15:03:19] 13    -26044.76 [    29728.4   22211.7   77671.4    5949.7   17721.6 ]
[24-10-31 15:03:19] 14    -26044.76 [    29608.5   22211.7   77671.4    5949.7   17721.6 ]
[24-10-31 15:03:20] 15    -26044.77 [    29489.9   22211.7   77671.4    5949.7   17721.6 ]
[24-10-31 15:03:20] 16    -26044.76 [    29608.5   22211.7   77671.4    5949.7   17721.6 ]
[24-10-31 15:03:20] 17    -26044.88 [    29608.5   22212.7   77671.4    5949.7   17721.6 ]
[24-10-31 15:03:20] 18    -26044.57 [    29608.5   22210.1   77671.4    5949.7   17721.6 ]
[24-10-31 15:03:20] 19    -26044.25 [    29608.5   22207.5   77671.4    5949.7   17721.6 ]
[24-10-31 15:03:21] 20    -26043.74 [    29608.5   22203.2   77671.4    5949.7   17721.6 ]
[24-10-31 15:03:21] 21     -26042.9 [    29608.5   22196.4   77671.4    5949.7   17721.6 ]
[24-10-31 15:03:21] 22    -26041.56 [    29608.5   22185.3   77671.4    5949.7   17721.6 ]
[24-10-31 15:03:21] 23    -26039.38 [    29608.5   22167.4   77671.4    5949.7   17721.6 ]
[24-10-31 15:03:22] 24    -26035.85 [    29608.5   22138.3   77671.4    5949.7   17721.6 ]
[24-10-31 15:03:22] 25    -26030.12 [    29608.5   22091.3   77671.4    5949.7   17721.6 ]
[24-10-31 15:03:22] 26    -26020.81 [    29608.5   22015.3   77671.4    5949.7   17721.6 ]
[24-10-31 15:03:22] 27    -26005.61 [    29608.5   21892.3   77671.4    5949.7   17721.6 ]
[24-10-31 15:03:23] 28     -25980.7 [    29608.5   21693.3   77671.4    5949.7   17721.6 ]
[24-10-31 15:03:23] 29    -25939.53 [    29608.5   21371.3   77671.4    5949.7   17721.6 ]
[24-10-31 15:03:23] 30    -25870.56 [    29608.5   20850.3   77671.4    5949.7   17721.6 ]
[24-10-31 15:03:23] 31     -25752.3 [    29608.5   20007.3   77671.4    5949.7   17721.6 ]
[24-10-31 15:03:24] 32    -25541.42 [    29608.5   18643.3   77671.4    5949.7   17721.6 ]
[24-10-31 15:03:24] 33    -25137.68 [    29608.5   16436.3   77671.4    5949.7   17721.6 ]
[24-10-31 15:03:24] 34    -24250.24 [    29608.5   12865.3   77671.4    5949.7   17721.6 ]
[24-10-31 15:03:24] 35    -21620.33 [    29608.5    7087.3   77671.4    5949.7   17721.6 ]
[24-10-31 15:03:25] 37    -19200.77 [    29608.5    3516.3   77671.4    5949.7   17721.6 ]
[24-10-31 15:03:25] 38    -33816.17 [    29608.5    1309.3   77671.4    5949.7   17721.6 ]
[24-10-31 15:03:25] 39    -20107.22 [    29608.5    5033.7   77671.4    5949.7   17721.6 ]
[24-10-31 15:03:25] 40     -19723.8 [    29608.5    2673.3   77671.4    5949.7   17721.6 ]
[24-10-31 15:03:26] 41    -19249.76 [    29608.5    3703.3   77671.4    5949.7   17721.6 ]
[24-10-31 15:03:26] 42    -19191.54 [    29608.5    3329.4   77671.4    5949.7   17721.6 ]
[24-10-31 15:03:26] 43    -19266.32 [    29608.5    3078.8   77671.4    5949.7   17721.6 ]
[24-10-31 15:03:26] 44    -19191.54 [    29608.5    3329.4   77671.4    5949.7   17721.6 ]
[24-10-31 15:03:27] 45    -19191.55 [    29608.5    3329.4   77672.4    5949.7   17721.6 ]
[24-10-31 15:03:27] 46    -19191.52 [    29608.5    3329.4   77669.7    5949.7   17721.6 ]
[24-10-31 15:03:27] 47    -19189.87 [    29608.5    3329.4   77493.4    5949.7   17721.6 ]
[24-10-31 15:03:27] 48     -19189.0 [    29608.5    3329.4   77245.6    5949.7   17721.6 ]
[24-10-31 15:03:28] 49     -19191.2 [    29608.5    3329.4   76844.6    5949.7   17721.6 ]
[24-10-31 15:03:28] 50    -19189.32 [    29608.5    3329.4   77092.4    5949.7   17721.6 ]
[24-10-31 15:03:28] 51    -19189.13 [    29608.5    3329.4   77340.2    5949.7   17721.6 ]
[24-10-31 15:03:28] 52     -19189.0 [    29608.5    3329.4   77241.3    5949.7   17721.6 ]
[24-10-31 15:03:29] 53     -19189.0 [    29608.5    3329.4   77249.8    5949.7   17721.6 ]
[24-10-31 15:03:29] 54     -19189.0 [    29608.5    3329.4   77245.6    5949.7   17721.6 ]
[24-10-31 15:03:29] 55     -19189.6 [    29608.5    3329.4   77245.6    5950.7   17721.6 ]
[24-10-31 15:03:29] 56    -19188.03 [    29608.5    3329.4   77245.6    5948.0   17721.6 ]
[24-10-31 15:03:30] 57    -19083.99 [    29608.5    3329.4   77245.6    5771.7   17721.6 ]
[24-10-31 15:03:30] 59    -18771.09 [    29608.5    3329.4   77245.6    3400.2   17721.6 ]
[24-10-31 15:03:30] 60    -23708.71 [    29608.5    3329.4   77245.6    1934.6   17721.6 ]
[24-10-31 15:03:30] 61    -18519.24 [    29608.5    3329.4   77245.6    4513.6   17721.6 ]
[24-10-31 15:03:31] 62    -18489.28 [    29608.5    3329.4   77245.6    4354.2   17721.6 ]
[24-10-31 15:03:31] 63    -18476.19 [    29608.5    3329.4   77245.6    4217.4   17721.6 ]
[24-10-31 15:03:31] 64    -18500.95 [    29608.5    3329.4   77245.6    3905.3   17721.6 ]
[24-10-31 15:03:31] 65    -18474.66 [    29608.5    3329.4   77245.6    4163.1   17721.6 ]
[24-10-31 15:03:31] 66    -18474.65 [    29608.5    3329.4   77245.6    4145.2   17721.6 ]
[24-10-31 15:03:32] 67    -18474.89 [    29608.5    3329.4   77245.6    4127.2   17721.6 ]
[24-10-31 15:03:32] 68    -18474.65 [    29608.5    3329.4   77245.6    4145.2   17721.6 ]
[24-10-31 15:03:32] 69    -18474.37 [    29608.5    3329.4   77245.6    4145.2   17722.6 ]
[24-10-31 15:03:32] 70    -18473.91 [    29608.5    3329.4   77245.6    4145.2   17724.2 ]
[24-10-31 15:03:33] 71    -18424.49 [    29608.5    3329.4   77245.6    4145.2   17900.6 ]
[24-10-31 15:03:33] 72    -17185.61 [    29608.5    3329.4   77245.6    4145.2   24634.1 ]
[24-10-31 15:03:33] 73    -16357.11 [    29608.5    3329.4   77245.6    4145.2   35529.0 ]
[24-10-31 15:03:33] 74    -16322.12 [    29608.5    3329.4   77245.6    4145.2   36290.9 ]
[24-10-31 15:03:34] 75    -16269.31 [    29608.5    3329.4   77245.6    4145.2   37523.7 ]
[24-10-31 15:03:34] 77    -16092.09 [    29608.5    3329.4   77245.6    4145.2   42585.8 ]
[24-10-31 15:03:34] 78    -16006.77 [    29608.5    3329.4   77245.6    4145.2   45714.3 ]
[24-10-31 15:03:34] 79    -15960.97 [    29608.5    3329.4   77245.6    4145.2   47647.8 ]
[24-10-31 15:03:35] 80    -15934.92 [    29608.5    3329.4   77245.6    4145.2   48842.8 ]
[24-10-31 15:03:35] 81    -15919.61 [    29608.5    3329.4   77245.6    4145.2   49581.3 ]
[24-10-31 15:03:35] 83    -15926.14 [    29608.5    3329.4   77245.6    4145.2   49262.7 ]
[24-10-31 15:03:35] 85    -15919.61 [    29608.5    3329.4   77245.6    4145.2   49581.3 ]
[24-10-31 15:03:36] 86    -15919.63 [    29609.5    3329.4   77245.6    4145.2   49581.3 ]
[24-10-31 15:03:36] 87    -15919.57 [    29606.9    3329.4   77245.6    4145.2   49581.3 ]
[24-10-31 15:03:36] 88    -15919.51 [    29604.3    3329.4   77245.6    4145.2   49581.3 ]
[24-10-31 15:03:36] 89    -15919.41 [    29600.1    3329.4   77245.6    4145.2   49581.3 ]
[24-10-31 15:03:37] 90    -15919.24 [    29593.2    3329.4   77245.6    4145.2   49581.3 ]
[24-10-31 15:03:37] 91    -15918.98 [    29582.1    3329.4   77245.6    4145.2   49581.3 ]
[24-10-31 15:03:37] 92    -15918.56 [    29564.2    3329.4   77245.6    4145.2   49581.3 ]
[24-10-31 15:03:37] 93    -15917.88 [    29535.1    3329.4   77245.6    4145.2   49581.3 ]
[24-10-31 15:03:38] 94    -15916.77 [    29488.2    3329.4   77245.6    4145.2   49581.3 ]
[24-10-31 15:03:38] 95    -15914.97 [    29412.2    3329.4   77245.6    4145.2   49581.3 ]
[24-10-31 15:03:38] 96    -15912.06 [    29289.2    3329.4   77245.6    4145.2   49581.3 ]
[24-10-31 15:03:38] 97    -15907.33 [    29090.2    3329.4   77245.6    4145.2   49581.3 ]
[24-10-31 15:03:38] 98    -15899.64 [    28768.2    3329.4   77245.6    4145.2   49581.3 ]
[24-10-31 15:03:39] 99    -15887.08 [    28247.2    3329.4   77245.6    4145.2   49581.3 ]
[24-10-31 15:03:39] 100   -15866.49 [    27404.2    3329.4   77245.6    4145.2   49581.3 ]
[24-10-31 15:03:39] 101   -15832.58 [    26040.2    3329.4   77245.6    4145.2   49581.3 ]
[24-10-31 15:03:39] 102   -15776.94 [    23833.2    3329.4   77245.6    4145.2   49581.3 ]
[24-10-31 15:03:40] 103   -15691.18 [    20262.2    3329.4   77245.6    4145.2   49581.3 ]
[24-10-31 15:03:40] 106    -15752.9 [    12062.7    3329.4   77245.6    4145.2   49581.3 ]
[24-10-31 15:03:40] 107   -15632.52 [    16162.4    3329.4   77245.6    4145.2   49581.3 ]
[24-10-31 15:03:40] 108   -15636.15 [    16869.0    3329.4   77245.6    4145.2   49581.3 ]
[24-10-31 15:03:41] 109   -15632.94 [    15564.9    3329.4   77245.6    4145.2   49581.3 ]
[24-10-31 15:03:41] 110   -15632.26 [    15941.7    3329.4   77245.6    4145.2   49581.3 ]
[24-10-31 15:03:41] 111   -15632.34 [    15805.1    3329.4   77245.6    4145.2   49581.3 ]
[24-10-31 15:03:41] 112   -15632.26 [    15941.7    3329.4   77245.6    4145.2   49581.3 ]
[24-10-31 15:03:42] 113   -15632.44 [    15941.7    3330.4   77245.6    4145.2   49581.3 ]
[24-10-31 15:03:42] 114   -15631.98 [    15941.7    3327.8   77245.6    4145.2   49581.3 ]
[24-10-31 15:03:42] 115   -15622.11 [    15941.7    3206.2   77245.6    4145.2   49581.3 ]
[24-10-31 15:03:42] 116   -15664.17 [    15941.7    3009.6   77245.6    4145.2   49581.3 ]
[24-10-31 15:03:43] 117   -15628.77 [    15941.7    3131.1   77245.6    4145.2   49581.3 ]
[24-10-31 15:03:43] 118   -15623.06 [    15941.7    3252.7   77245.6    4145.2   49581.3 ]
[24-10-31 15:03:43] 119    -15622.0 [    15941.7    3218.0   77245.6    4145.2   49581.3 ]
[24-10-31 15:03:43] 120    -15622.0 [    15941.7    3216.9   77245.6    4145.2   49581.3 ]
[24-10-31 15:03:44] 121    -15622.0 [    15941.7    3215.8   77245.6    4145.2   49581.3 ]
[24-10-31 15:03:44] 122    -15622.0 [    15941.7    3216.9   77245.6    4145.2   49581.3 ]
[24-10-31 15:03:44] 123   -15622.03 [    15941.7    3216.9   77246.6    4145.2   49581.3 ]
[24-10-31 15:03:44] 124   -15621.96 [    15941.7    3216.9   77244.0    4145.2   49581.3 ]
[24-10-31 15:03:45] 125   -15617.75 [    15941.7    3216.9   77067.6    4145.2   49581.3 ]
[24-10-31 15:03:45] 126   -15610.74 [    15941.7    3216.9   76406.9    4145.2   49581.3 ]
[24-10-31 15:03:45] 127   -15628.15 [    15941.7    3216.9   75337.8    4145.2   49581.3 ]
[24-10-31 15:03:45] 128   -15613.23 [    15941.7    3216.9   75998.5    4145.2   49581.3 ]
[24-10-31 15:03:46] 129   -15611.79 [    15941.7    3216.9   76659.2    4145.2   49581.3 ]
[24-10-31 15:03:46] 130   -15610.73 [    15941.7    3216.9   76398.5    4145.2   49581.3 ]
[24-10-31 15:03:46] 131   -15610.74 [    15941.7    3216.9   76390.0    4145.2   49581.3 ]
[24-10-31 15:03:46] 132   -15610.73 [    15941.7    3216.9   76398.5    4145.2   49581.3 ]
[24-10-31 15:03:46] 133    -15610.4 [    15941.7    3216.9   76398.5    4146.2   49581.3 ]
[24-10-31 15:03:47] 134   -15609.86 [    15941.7    3216.9   76398.5    4147.8   49581.3 ]
[24-10-31 15:03:47] 135   -15563.85 [    15941.7    3216.9   76398.5    4324.2   49581.3 ]
[24-10-31 15:03:47] 136   -15537.68 [    15941.7    3216.9   76398.5    4551.8   49581.3 ]
[24-10-31 15:03:47] 137   -15556.71 [    15941.7    3216.9   76398.5    4920.2   49581.3 ]
[24-10-31 15:03:48] 138   -15537.07 [    15941.7    3216.9   76398.5    4692.5   49581.3 ]
[24-10-31 15:03:48] 139   -15541.79 [    15941.7    3216.9   76398.5    4779.5   49581.3 ]
[24-10-31 15:03:48] 140   -15536.02 [    15941.7    3216.9   76398.5    4630.5   49581.3 ]
[24-10-31 15:03:48] 141   -15536.03 [    15941.7    3216.9   76398.5    4625.7   49581.3 ]
[24-10-31 15:03:49] 142   -15536.03 [    15941.7    3216.9   76398.5    4635.4   49581.3 ]
[24-10-31 15:03:49] 143   -15536.02 [    15941.7    3216.9   76398.5    4630.5   49581.3 ]
[24-10-31 15:03:49] 144   -15536.01 [    15941.7    3216.9   76398.5    4630.5   49582.3 ]
[24-10-31 15:03:49] 145   -15535.98 [    15941.7    3216.9   76398.5    4630.5   49584.0 ]
[24-10-31 15:03:50] 146   -15533.06 [    15941.7    3216.9   76398.5    4630.5   49760.3 ]
[24-10-31 15:03:50] 152   -15530.51 [    15941.7    3216.9   76398.5    4630.5   49915.6 ]
[24-10-31 15:03:50] 153   -15531.78 [    15941.7    3216.9   76398.5    4630.5   49838.0 ]
[24-10-31 15:03:50] 155   -15529.91 [    15941.7    3216.9   76398.5    4630.5   49952.3 ]
[24-10-31 15:03:51] 156   -15529.54 [    15941.7    3216.9   76398.5    4630.5   49975.0 ]
[24-10-31 15:03:51] 157   -15529.31 [    15941.7    3216.9   76398.5    4630.5   49989.0 ]
[24-10-31 15:03:51] 158   -15529.17 [    15941.7    3216.9   76398.5    4630.5   49997.6 ]
[24-10-31 15:03:51] 160   -15529.24 [    15941.7    3216.9   76398.5    4630.5   49993.5 ]
[24-10-31 15:03:52] 162   -15529.17 [    15941.7    3216.9   76398.5    4630.5   49997.6 ]
[24-10-31 15:03:52] 163   -15529.18 [    15942.7    3216.9   76398.5    4630.5   49997.6 ]
[24-10-31 15:03:52] 164   -15529.15 [    15940.1    3216.9   76398.5    4630.5   49997.6 ]
[24-10-31 15:03:52] 165   -15526.83 [    15763.7    3216.9   76398.5    4630.5   49997.6 ]
[24-10-31 15:03:53] 166   -15520.15 [    14282.9    3216.9   76398.5    4630.5   49997.6 ]
[24-10-31 15:03:53] 167   -15591.99 [    11886.8    3216.9   76398.5    4630.5   49997.6 ]
[24-10-31 15:03:53] 168   -15531.78 [    13367.7    3216.9   76398.5    4630.5   49997.6 ]
[24-10-31 15:03:53] 169   -15519.64 [    14848.5    3216.9   76398.5    4630.5   49997.6 ]
[24-10-31 15:03:54] 170   -15519.32 [    14622.6    3216.9   76398.5    4630.5   49997.6 ]
[24-10-31 15:03:54] 171   -15519.32 [    14635.8    3216.9   76398.5    4630.5   49997.6 ]
[24-10-31 15:03:54] 172   -15519.32 [    14609.4    3216.9   76398.5    4630.5   49997.6 ]
[24-10-31 15:03:54] 173   -15519.32 [    14622.6    3216.9   76398.5    4630.5   49997.6 ]
[24-10-31 15:03:55] 174   -15519.35 [    14622.6    3217.9   76398.5    4630.5   49997.6 ]
[24-10-31 15:03:55] 175   -15519.29 [    14622.6    3215.3   76398.5    4630.5   49997.6 ]
[24-10-31 15:03:55] 176   -15519.18 [    14622.6    3204.3   76398.5    4630.5   49997.6 ]
[24-10-31 15:03:55] 177   -15519.48 [    14622.6    3186.6   76398.5    4630.5   49997.6 ]
[24-10-31 15:03:56] 178   -15519.22 [    14622.6    3197.6   76398.5    4630.5   49997.6 ]
[24-10-31 15:03:56] 179   -15519.19 [    14622.6    3208.5   76398.5    4630.5   49997.6 ]
[24-10-31 15:03:56] 180   -15519.18 [    14622.6    3204.5   76398.5    4630.5   49997.6 ]
[24-10-31 15:03:56] 181   -15519.18 [    14622.6    3204.6   76398.5    4630.5   49997.6 ]
[24-10-31 15:03:57] 182   -15519.18 [    14622.6    3204.5   76398.5    4630.5   49997.6 ]
[24-10-31 15:03:57] 183   -15519.19 [    14622.6    3204.5   76399.5    4630.5   49997.6 ]
[24-10-31 15:03:57] 184   -15519.16 [    14622.6    3204.5   76396.9    4630.5   49997.6 ]
[24-10-31 15:03:57] 185    -15518.0 [    14622.6    3204.5   76220.5    4630.5   49997.6 ]
[24-10-31 15:03:58] 186   -15517.77 [    14622.6    3204.5   76100.3    4630.5   49997.6 ]
[24-10-31 15:03:58] 187   -15518.36 [    14622.6    3204.5   75905.7    4630.5   49997.6 ]
[24-10-31 15:03:58] 188   -15517.86 [    14622.6    3204.5   76025.9    4630.5   49997.6 ]
[24-10-31 15:03:58] 189   -15517.81 [    14622.6    3204.5   76146.2    4630.5   49997.6 ]
[24-10-31 15:03:58] 190   -15517.77 [    14622.6    3204.5   76097.3    4630.5   49997.6 ]
[24-10-31 15:03:59] 191   -15517.77 [    14622.6    3204.5   76103.2    4630.5   49997.6 ]
[24-10-31 15:03:59] 192   -15517.77 [    14622.6    3204.5   76100.3    4630.5   49997.6 ]
[24-10-31 15:03:59] 193   -15517.76 [    14622.6    3204.5   76100.3    4631.5   49997.6 ]
[24-10-31 15:03:59] 194   -15517.75 [    14622.6    3204.5   76100.3    4633.2   49997.6 ]
[24-10-31 15:04:00] 195   -15517.68 [    14622.6    3204.5   76100.3    4648.8   49997.6 ]
[24-10-31 15:04:00] 196   -15517.85 [    14622.6    3204.5   76100.3    4674.2   49997.6 ]
[24-10-31 15:04:00] 197   -15517.71 [    14622.6    3204.5   76100.3    4658.5   49997.6 ]
[24-10-31 15:04:00] 198   -15517.69 [    14622.6    3204.5   76100.3    4642.8   49997.6 ]
[24-10-31 15:04:01] 199   -15517.68 [    14622.6    3204.5   76100.3    4649.0   49997.6 ]
[24-10-31 15:04:01] 200   -15517.68 [    14622.6    3204.5   76100.3    4649.2   49997.6 ]
[24-10-31 15:04:01] 201   -15517.68 [    14622.6    3204.5   76100.3    4649.0   49997.6 ]
[24-10-31 15:04:01] 202   -15517.67 [    14622.6    3204.5   76100.3    4649.0   49998.6 ]
[24-10-31 15:04:01] 204   -15517.66 [    14622.6    3204.5   76100.3    4649.0   49999.2 ]
[24-10-31 15:04:02] 205   -15517.65 [    14622.6    3204.5   76100.3    4649.0   49999.6 ]
[24-10-31 15:04:02] 206   -15517.65 [    14622.6    3204.5   76100.3    4649.0   49999.9 ]
[24-10-31 15:04:02] 207   -15517.65 [    14622.6    3204.5   76100.3    4649.0   50000.0 ]
[24-10-31 15:04:02] 209   -15517.65 [    14622.6    3204.5   76100.3    4649.0   49999.9 ]
[24-10-31 15:04:03] 211   -15517.65 [    14622.6    3204.5   76100.3    4649.0   50000.0 ]
[24-10-31 15:04:03] 213   -15517.65 [    14622.6    3204.5   76100.3    4649.0   50000.0 ]
[24-10-31 15:04:03] 214   -15517.65 [    14623.6    3204.5   76100.3    4649.0   50000.0 ]
[24-10-31 15:04:03] 215   -15517.64 [    14621.0    3204.5   76100.3    4649.0   50000.0 ]
[24-10-31 15:04:03] 216   -15517.24 [    14444.6    3204.5   76100.3    4649.0   50000.0 ]
[24-10-31 15:04:04] 217   -15517.19 [    14358.7    3204.5   76100.3    4649.0   50000.0 ]
[24-10-31 15:04:04] 218   -15517.35 [    14219.8    3204.5   76100.3    4649.0   50000.0 ]
[24-10-31 15:04:04] 219   -15517.22 [    14305.7    3204.5   76100.3    4649.0   50000.0 ]
[24-10-31 15:04:04] 220    -15517.2 [    14391.5    3204.5   76100.3    4649.0   50000.0 ]
[24-10-31 15:04:05] 221   -15517.19 [    14365.7    3204.5   76100.3    4649.0   50000.0 ]
[24-10-31 15:04:05] 222   -15517.19 [    14363.1    3204.5   76100.3    4649.0   50000.0 ]
[24-10-31 15:04:05] 223   -15517.19 [    14368.2    3204.5   76100.3    4649.0   50000.0 ]
[24-10-31 15:04:05] 224   -15517.19 [    14365.7    3204.5   76100.3    4649.0   50000.0 ]
[24-10-31 15:04:05] 225   -15517.14 [    14365.7    3205.5   76100.3    4649.0   50000.0 ]
[24-10-31 15:04:06] 226   -15517.07 [    14365.7    3207.1   76100.3    4649.0   50000.0 ]
[24-10-31 15:04:06] 227   -15516.59 [    14365.7    3229.2   76100.3    4649.0   50000.0 ]
[24-10-31 15:04:06] 228   -15517.74 [    14365.7    3265.0   76100.3    4649.0   50000.0 ]
[24-10-31 15:04:06] 229   -15516.75 [    14365.7    3242.9   76100.3    4649.0   50000.0 ]
[24-10-31 15:04:07] 230   -15516.66 [    14365.7    3220.8   76100.3    4649.0   50000.0 ]
[24-10-31 15:04:07] 231   -15516.59 [    14365.7    3229.7   76100.3    4649.0   50000.0 ]
[24-10-31 15:04:07] 232   -15516.59 [    14365.7    3230.0   76100.3    4649.0   50000.0 ]
[24-10-31 15:04:07] 233   -15516.59 [    14365.7    3229.7   76100.3    4649.0   50000.0 ]
[24-10-31 15:04:07] 234    -15516.6 [    14365.7    3229.7   76101.3    4649.0   50000.0 ]
[24-10-31 15:04:08] 235   -15516.57 [    14365.7    3229.7   76098.6    4649.0   50000.0 ]
[24-10-31 15:04:08] 236   -15515.57 [    14365.7    3229.7   75922.3    4649.0   50000.0 ]
[24-10-31 15:04:08] 237   -15515.43 [    14365.7    3229.7   75826.7    4649.0   50000.0 ]
[24-10-31 15:04:08] 238   -15515.79 [    14365.7    3229.7   75672.0    4649.0   50000.0 ]
[24-10-31 15:04:09] 239   -15515.48 [    14365.7    3229.7   75767.6    4649.0   50000.0 ]
[24-10-31 15:04:09] 240   -15515.45 [    14365.7    3229.7   75863.2    4649.0   50000.0 ]
[24-10-31 15:04:09] 241   -15515.43 [    14365.7    3229.7   75823.9    4649.0   50000.0 ]
[24-10-31 15:04:09] 242   -15515.43 [    14365.7    3229.7   75829.4    4649.0   50000.0 ]
[24-10-31 15:04:10] 243   -15515.43 [    14365.7    3229.7   75826.7    4649.0   50000.0 ]
[24-10-31 15:04:10] 244   -15515.43 [    14365.7    3229.7   75826.7    4650.0   50000.0 ]
[24-10-31 15:04:10] 245   -15515.42 [    14365.7    3229.7   75826.7    4647.4   50000.0 ]
[24-10-31 15:04:10] 246   -15515.41 [    14365.7    3229.7   75826.7    4640.6   50000.0 ]
[24-10-31 15:04:10] 247   -15515.44 [    14365.7    3229.7   75826.7    4629.7   50000.0 ]
[24-10-31 15:04:11] 248   -15515.41 [    14365.7    3229.7   75826.7    4636.5   50000.0 ]
[24-10-31 15:04:11] 249   -15515.41 [    14365.7    3229.7   75826.7    4643.2   50000.0 ]
[24-10-31 15:04:11] 250   -15515.41 [    14365.7    3229.7   75826.7    4640.7   50000.0 ]
[24-10-31 15:04:11] 251   -15515.41 [    14365.7    3229.7   75826.7    4640.6   50000.0 ]
[24-10-31 15:04:12] 252   -15515.41 [    14365.7    3229.7   75826.7    4640.6   50000.0 ]
[24-10-31 15:04:12] 254   -15515.43 [    14365.7    3229.7   75826.7    4640.6   49998.4 ]
[24-10-31 15:04:12] 255   -15515.42 [    14365.7    3229.7   75826.7    4640.6   49999.4 ]
[24-10-31 15:04:12] 257   -15515.41 [    14365.7    3229.7   75826.7    4640.6   49999.7 ]
[24-10-31 15:04:13] 259   -15515.41 [    14365.7    3229.7   75826.7    4640.6   49999.9 ]
[24-10-31 15:04:13] 261   -15515.41 [    14365.7    3229.7   75826.7    4640.6   50000.0 ]
[24-10-31 15:04:13] 263   -15515.41 [    14365.7    3229.7   75826.7    4640.6   50000.0 ]
[24-10-31 15:04:13] 265   -15515.41 [    14365.7    3229.7   75826.7    4640.6   50000.0 ]
[24-10-31 15:04:14] 267   -15515.41 [    14365.7    3229.7   75826.7    4640.6   50000.0 ]
[24-10-31 15:04:14] 268   -15515.41 [    14365.7    3229.7   75826.7    4640.6   50000.0 ]
[24-10-31 15:04:14] 269   -15515.41 [    14365.7    3229.7   75826.7    4640.6   50000.0 ]
[24-10-31 15:04:14] 270   -15515.41 [    14365.7    3229.7   75826.7    4640.6   50000.0 ]
[24-10-31 15:04:14] 271   -15515.41 [    14365.7    3229.7   75826.7    4640.6   50000.0 ]
[24-10-31 15:04:15] 272   -15515.41 [    14365.7    3229.7   75826.7    4640.6   50000.0 ]
[24-10-31 15:04:15] 274   -15515.41 [    14365.7    3229.7   75826.7    4640.6   50000.0 ]
[24-10-31 15:04:15] 275   -15515.41 [    14365.7    3229.7   75826.7    4640.6   50000.0 ]
[24-10-31 15:04:15] 276   -15515.41 [    14365.7    3229.7   75826.7    4640.6   50000.0 ]
[24-10-31 15:04:16] 278   -15515.41 [    14365.7    3229.7   75826.7    4640.6   50000.0 ]
[24-10-31 15:04:16] 279   -15515.41 [    14366.7    3229.7   75826.7    4640.6   50000.0 ]
[24-10-31 15:04:16] 280   -15515.41 [    14364.0    3229.7   75826.7    4640.6   50000.0 ]
[24-10-31 15:04:16] 281   -15515.39 [    14317.4    3229.7   75826.7    4640.6   50000.0 ]
[24-10-31 15:04:16] 282   -15515.44 [    14242.0    3229.7   75826.7    4640.6   50000.0 ]
[24-10-31 15:04:17] 283    -15515.4 [    14288.6    3229.7   75826.7    4640.6   50000.0 ]
[24-10-31 15:04:17] 284    -15515.4 [    14335.2    3229.7   75826.7    4640.6   50000.0 ]
[24-10-31 15:04:17] 285   -15515.39 [    14317.9    3229.7   75826.7    4640.6   50000.0 ]
[24-10-31 15:04:17] 286   -15515.39 [    14318.4    3229.7   75826.7    4640.6   50000.0 ]
[24-10-31 15:04:18] 287   -15515.39 [    14317.9    3229.7   75826.7    4640.6   50000.0 ]
[24-10-31 15:04:18] 288   -15515.33 [    14317.9    3230.7   75826.7    4640.6   50000.0 ]
[24-10-31 15:04:18] 289   -15515.23 [    14317.9    3232.3   75826.7    4640.6   50000.0 ]
[24-10-31 15:04:18] 290   -15514.34 [    14317.9    3262.5   75826.7    4640.6   50000.0 ]
[24-10-31 15:04:18] 291    -15516.4 [    14317.9    3311.2   75826.7    4640.6   50000.0 ]
[24-10-31 15:04:19] 292   -15514.62 [    14317.9    3281.1   75826.7    4640.6   50000.0 ]
[24-10-31 15:04:19] 293   -15514.48 [    14317.9    3250.9   75826.7    4640.6   50000.0 ]
[24-10-31 15:04:19] 294   -15514.34 [    14317.9    3263.4   75826.7    4640.6   50000.0 ]
[24-10-31 15:04:19] 295   -15514.34 [    14317.9    3263.0   75826.7    4640.6   50000.0 ]
[24-10-31 15:04:20] 296   -15514.34 [    14317.9    3263.7   75826.7    4640.6   50000.0 ]
[24-10-31 15:04:20] 297   -15514.34 [    14317.9    3263.4   75826.7    4640.6   50000.0 ]
[24-10-31 15:04:20] 298   -15514.34 [    14317.9    3263.4   75827.7    4640.6   50000.0 ]
[24-10-31 15:04:20] 299   -15514.32 [    14317.9    3263.4   75825.1    4640.6   50000.0 ]
[24-10-31 15:04:20] 300   -15513.35 [    14317.9    3263.4   75648.7    4640.6   50000.0 ]
[24-10-31 15:04:21] 301   -15513.21 [    14317.9    3263.4   75554.0    4640.6   50000.0 ]
[24-10-31 15:04:21] 302   -15513.56 [    14317.9    3263.4   75400.7    4640.6   50000.0 ]
[24-10-31 15:04:21] 303   -15513.26 [    14317.9    3263.4   75495.4    4640.6   50000.0 ]
[24-10-31 15:04:21] 304   -15513.23 [    14317.9    3263.4   75590.1    4640.6   50000.0 ]
[24-10-31 15:04:22] 305   -15513.21 [    14317.9    3263.4   75551.2    4640.6   50000.0 ]
[24-10-31 15:04:22] 306   -15513.21 [    14317.9    3263.4   75556.7    4640.6   50000.0 ]
[24-10-31 15:04:22] 307   -15513.21 [    14317.9    3263.4   75554.0    4640.6   50000.0 ]
[24-10-31 15:04:22] 308   -15513.22 [    14317.9    3263.4   75554.0    4641.6   50000.0 ]
[24-10-31 15:04:22] 309    -15513.2 [    14317.9    3263.4   75554.0    4639.0   50000.0 ]
[24-10-31 15:04:23] 310   -15513.16 [    14317.9    3263.4   75554.0    4626.4   50000.0 ]
[24-10-31 15:04:23] 311   -15513.27 [    14317.9    3263.4   75554.0    4606.0   50000.0 ]
[24-10-31 15:04:23] 312   -15513.17 [    14317.9    3263.4   75554.0    4618.6   50000.0 ]
[24-10-31 15:04:23] 313   -15513.16 [    14317.9    3263.4   75554.0    4631.2   50000.0 ]
[24-10-31 15:04:24] 314   -15513.16 [    14317.9    3263.4   75554.0    4626.6   50000.0 ]
[24-10-31 15:04:24] 315   -15513.16 [    14317.9    3263.4   75554.0    4626.7   50000.0 ]
[24-10-31 15:04:24] 316   -15513.16 [    14317.9    3263.4   75554.0    4626.6   50000.0 ]
[24-10-31 15:04:24] 318   -15513.18 [    14317.9    3263.4   75554.0    4626.6   49998.4 ]
[24-10-31 15:04:24] 319   -15513.17 [    14317.9    3263.4   75554.0    4626.6   49999.4 ]
[24-10-31 15:04:25] 321   -15513.16 [    14317.9    3263.4   75554.0    4626.6   49999.7 ]
[24-10-31 15:04:25] 323   -15513.16 [    14317.9    3263.4   75554.0    4626.6   49999.9 ]
[24-10-31 15:04:25] 325   -15513.16 [    14317.9    3263.4   75554.0    4626.6   50000.0 ]
[24-10-31 15:04:25] 327   -15513.16 [    14317.9    3263.4   75554.0    4626.6   50000.0 ]
[24-10-31 15:04:26] 329   -15513.16 [    14317.9    3263.4   75554.0    4626.6   50000.0 ]
[24-10-31 15:04:26] 331   -15513.16 [    14317.9    3263.4   75554.0    4626.6   50000.0 ]
[24-10-31 15:04:26] 333   -15513.16 [    14317.9    3263.4   75554.0    4626.6   50000.0 ]
[24-10-31 15:04:26] 335   -15513.16 [    14317.9    3263.4   75554.0    4626.6   50000.0 ]
[24-10-31 15:04:26] 337   -15513.16 [    14317.9    3263.4   75554.0    4626.6   50000.0 ]
[24-10-31 15:04:27] 339   -15513.16 [    14317.9    3263.4   75554.0    4626.6   50000.0 ]
[24-10-31 15:04:27] 341   -15513.16 [    14317.9    3263.4   75554.0    4626.6   50000.0 ]
[24-10-31 15:04:27] 342   -15513.16 [    14317.9    3263.4   75554.0    4626.6   50000.0 ]
[24-10-31 15:04:27] 343   -15513.16 [    14317.9    3263.4   75554.0    4626.6   50000.0 ]
[24-10-31 15:04:28] 344   -15513.16 [    14317.9    3263.4   75554.0    4626.6   50000.0 ]
[24-10-31 15:04:28] 345   -15513.16 [    14317.9    3263.4   75554.0    4626.6   50000.0 ]
[24-10-31 15:04:28] 347   -15513.16 [    14317.9    3263.4   75554.0    4626.6   50000.0 ]
[24-10-31 15:04:28] 348   -15513.16 [    14317.9    3263.4   75554.0    4626.6   50000.0 ]
[24-10-31 15:04:28] 349   -15513.16 [    14317.9    3263.4   75554.0    4626.6   50000.0 ]
[24-10-31 15:04:29] 352   -15513.16 [    14317.9    3263.4   75554.0    4626.6   50000.0 ]
[24-10-31 15:04:29] 353   -15513.16 [    14318.9    3263.4   75554.0    4626.6   50000.0 ]
[24-10-31 15:04:29] 354   -15513.16 [    14316.3    3263.4   75554.0    4626.6   50000.0 ]
[24-10-31 15:04:29] 355   -15513.16 [    14314.3    3263.4   75554.0    4626.6   50000.0 ]
[24-10-31 15:04:29] 356   -15513.16 [    14311.1    3263.4   75554.0    4626.6   50000.0 ]
[24-10-31 15:04:30] 357   -15513.16 [    14313.1    3263.4   75554.0    4626.6   50000.0 ]
[24-10-31 15:04:30] 358   -15513.16 [    14315.1    3263.4   75554.0    4626.6   50000.0 ]
[24-10-31 15:04:30] 359   -15513.16 [    14314.3    3263.4   75554.0    4626.6   50000.0 ]
[24-10-31 15:04:30] 360   -15513.16 [    14314.3    3263.4   75554.0    4626.6   50000.0 ]
[24-10-31 15:04:31] 361   -15513.16 [    14314.3    3263.4   75554.0    4626.6   50000.0 ]
[24-10-31 15:04:31] 362   -15513.09 [    14314.3    3264.4   75554.0    4626.6   50000.0 ]
[24-10-31 15:04:31] 363   -15512.99 [    14314.3    3266.0   75554.0    4626.6   50000.0 ]
[24-10-31 15:04:31] 364   -15511.97 [    14314.3    3298.3   75554.0    4626.6   50000.0 ]
[24-10-31 15:04:31] 365   -15514.29 [    14314.3    3350.7   75554.0    4626.6   50000.0 ]
[24-10-31 15:04:32] 366   -15512.29 [    14314.3    3318.3   75554.0    4626.6   50000.0 ]
[24-10-31 15:04:32] 367   -15512.13 [    14314.3    3286.0   75554.0    4626.6   50000.0 ]
[24-10-31 15:04:32] 368   -15511.97 [    14314.3    3299.4   75554.0    4626.6   50000.0 ]
[24-10-31 15:04:32] 369   -15511.97 [    14314.3    3299.0   75554.0    4626.6   50000.0 ]
[24-10-31 15:04:33] 370   -15511.97 [    14314.3    3299.7   75554.0    4626.6   50000.0 ]
[24-10-31 15:04:33] 371   -15511.97 [    14314.3    3299.4   75554.0    4626.6   50000.0 ]
[24-10-31 15:04:33] 372   -15511.98 [    14314.3    3299.4   75555.0    4626.6   50000.0 ]
[24-10-31 15:04:33] 373   -15511.96 [    14314.3    3299.4   75552.3    4626.6   50000.0 ]
[24-10-31 15:04:33] 374   -15510.98 [    14314.3    3299.4   75376.0    4626.6   50000.0 ]
[24-10-31 15:04:34] 375   -15510.84 [    14314.3    3299.4   75277.3    4626.6   50000.0 ]
[24-10-31 15:04:34] 376   -15511.21 [    14314.3    3299.4   75117.7    4626.6   50000.0 ]
[24-10-31 15:04:34] 377   -15510.89 [    14314.3    3299.4   75216.4    4626.6   50000.0 ]
[24-10-31 15:04:34] 378   -15510.86 [    14314.3    3299.4   75315.0    4626.6   50000.0 ]
[24-10-31 15:04:35] 379   -15510.84 [    14314.3    3299.4   75274.6    4626.6   50000.0 ]
[24-10-31 15:04:35] 380   -15510.84 [    14314.3    3299.4   75280.1    4626.6   50000.0 ]
[24-10-31 15:04:35] 381   -15510.84 [    14314.3    3299.4   75277.3    4626.6   50000.0 ]
[24-10-31 15:04:35] 382   -15510.84 [    14314.3    3299.4   75277.3    4627.6   50000.0 ]
[24-10-31 15:04:35] 383   -15510.82 [    14314.3    3299.4   75277.3    4624.9   50000.0 ]
[24-10-31 15:04:36] 384   -15510.77 [    14314.3    3299.4   75277.3    4610.7   50000.0 ]
[24-10-31 15:04:36] 385   -15510.91 [    14314.3    3299.4   75277.3    4587.7   50000.0 ]
[24-10-31 15:04:36] 386   -15510.79 [    14314.3    3299.4   75277.3    4601.9   50000.0 ]
[24-10-31 15:04:36] 387   -15510.78 [    14314.3    3299.4   75277.3    4616.2   50000.0 ]
[24-10-31 15:04:36] 388   -15510.77 [    14314.3    3299.4   75277.3    4610.9   50000.0 ]
[24-10-31 15:04:37] 389   -15510.77 [    14314.3    3299.4   75277.3    4611.0   50000.0 ]
[24-10-31 15:04:37] 390   -15510.77 [    14314.3    3299.4   75277.3    4610.9   50000.0 ]
[24-10-31 15:04:37] 392    -15510.8 [    14314.3    3299.4   75277.3    4610.9   49998.4 ]
[24-10-31 15:04:37] 393   -15510.78 [    14314.3    3299.4   75277.3    4610.9   49999.4 ]
[24-10-31 15:04:37] 395   -15510.78 [    14314.3    3299.4   75277.3    4610.9   49999.7 ]
[24-10-31 15:04:38] 397   -15510.77 [    14314.3    3299.4   75277.3    4610.9   49999.9 ]
[24-10-31 15:04:38] 399   -15510.77 [    14314.3    3299.4   75277.3    4610.9   50000.0 ]
[24-10-31 15:04:38] 401   -15510.77 [    14314.3    3299.4   75277.3    4610.9   50000.0 ]
[24-10-31 15:04:38] 403   -15510.77 [    14314.3    3299.4   75277.3    4610.9   50000.0 ]
[24-10-31 15:04:38] 405   -15510.77 [    14314.3    3299.4   75277.3    4610.9   50000.0 ]
[24-10-31 15:04:39] 407   -15510.77 [    14314.3    3299.4   75277.3    4610.9   50000.0 ]
[24-10-31 15:04:39] 409   -15510.77 [    14314.3    3299.4   75277.3    4610.9   50000.0 ]
[24-10-31 15:04:39] 411   -15510.77 [    14314.3    3299.4   75277.3    4610.9   50000.0 ]
[24-10-31 15:04:39] 413   -15510.77 [    14314.3    3299.4   75277.3    4610.9   50000.0 ]
[24-10-31 15:04:39] 415   -15510.77 [    14314.3    3299.4   75277.3    4610.9   50000.0 ]
[24-10-31 15:04:40] 417   -15510.77 [    14314.3    3299.4   75277.3    4610.9   50000.0 ]
[24-10-31 15:04:40] 419   -15510.77 [    14314.3    3299.4   75277.3    4610.9   50000.0 ]
[24-10-31 15:04:40] 421   -15510.77 [    14314.3    3299.4   75277.3    4610.9   50000.0 ]
[24-10-31 15:04:40] 423   -15510.77 [    14314.3    3299.4   75277.3    4610.9   50000.0 ]
[24-10-31 15:04:40] 425   -15510.77 [    14314.3    3299.4   75277.3    4610.9   50000.0 ]
[24-10-31 15:04:41] 426   -15510.77 [    14314.3    3299.4   75277.3    4610.9   50000.0 ]
[24-10-31 15:04:41] 428   -15510.77 [    14314.3    3299.4   75277.3    4610.9   50000.0 ]
[24-10-31 15:04:41] 429   -15510.77 [    14314.3    3299.4   75277.3    4610.9   50000.0 ]
[24-10-31 15:04:41] 430   -15510.77 [    14314.3    3299.4   75277.3    4610.9   50000.0 ]
[24-10-31 15:04:41] 431   -15510.77 [    14314.3    3299.4   75277.3    4610.9   50000.0 ]
[24-10-31 15:04:42] 432   -15510.77 [    14314.3    3299.4   75277.3    4610.9   50000.0 ]
[24-10-31 15:04:42] 435   -15510.77 [    14314.3    3299.4   75277.3    4610.9   50000.0 ]
[24-10-31 15:04:42] 437   -15510.77 [    14314.3    3299.4   75277.3    4610.9   50000.0 ]
[24-10-31 15:04:42] 438   -15510.77 [    14315.3    3299.4   75277.3    4610.9   50000.0 ]
[24-10-31 15:04:42] 439   -15510.77 [    14316.9    3299.4   75277.3    4610.9   50000.0 ]
[24-10-31 15:04:43] 440   -15510.77 [    14320.4    3299.4   75277.3    4610.9   50000.0 ]
[24-10-31 15:04:43] 441   -15510.77 [    14325.9    3299.4   75277.3    4610.9   50000.0 ]
[24-10-31 15:04:43] 442   -15510.77 [    14322.5    3299.4   75277.3    4610.9   50000.0 ]
[24-10-31 15:04:43] 443   -15510.77 [    14319.0    3299.4   75277.3    4610.9   50000.0 ]
[24-10-31 15:04:43] 444   -15510.77 [    14320.4    3299.4   75277.3    4610.9   50000.0 ]
[24-10-31 15:04:44] 445   -15510.77 [    14320.3    3299.4   75277.3    4610.9   50000.0 ]
[24-10-31 15:04:44] 446   -15510.77 [    14320.4    3299.4   75277.3    4610.9   50000.0 ]
[24-10-31 15:04:44] 447    -15510.7 [    14320.4    3300.4   75277.3    4610.9   50000.0 ]
[24-10-31 15:04:44] 448    -15510.6 [    14320.4    3302.0   75277.3    4610.9   50000.0 ]
[24-10-31 15:04:44] 449   -15509.54 [    14320.4    3335.4   75277.3    4610.9   50000.0 ]
[24-10-31 15:04:45] 450   -15511.95 [    14320.4    3389.4   75277.3    4610.9   50000.0 ]
[24-10-31 15:04:45] 451   -15509.88 [    14320.4    3356.0   75277.3    4610.9   50000.0 ]
[24-10-31 15:04:45] 452   -15509.71 [    14320.4    3322.6   75277.3    4610.9   50000.0 ]
[24-10-31 15:04:45] 453   -15509.54 [    14320.4    3336.4   75277.3    4610.9   50000.0 ]
[24-10-31 15:04:45] 454   -15509.54 [    14320.4    3336.1   75277.3    4610.9   50000.0 ]
[24-10-31 15:04:46] 455   -15509.54 [    14320.4    3336.8   75277.3    4610.9   50000.0 ]
[24-10-31 15:04:46] 456   -15509.54 [    14320.4    3336.4   75277.3    4610.9   50000.0 ]
[24-10-31 15:04:46] 457   -15509.55 [    14320.4    3336.4   75278.3    4610.9   50000.0 ]
[24-10-31 15:04:46] 458   -15509.53 [    14320.4    3336.4   75275.7    4610.9   50000.0 ]
[24-10-31 15:04:47] 459   -15508.55 [    14320.4    3336.4   75099.4    4610.9   50000.0 ]
[24-10-31 15:04:47] 460   -15508.39 [    14320.4    3336.4   74995.6    4610.9   50000.0 ]
[24-10-31 15:04:47] 461   -15508.79 [    14320.4    3336.4   74827.6    4610.9   50000.0 ]
[24-10-31 15:04:47] 462   -15508.45 [    14320.4    3336.4   74931.4    4610.9   50000.0 ]
[24-10-31 15:04:47] 463   -15508.41 [    14320.4    3336.4   75035.2    4610.9   50000.0 ]
[24-10-31 15:04:48] 464   -15508.39 [    14320.4    3336.4   74992.7    4610.9   50000.0 ]
[24-10-31 15:04:48] 465   -15508.39 [    14320.4    3336.4   74998.4    4610.9   50000.0 ]
[24-10-31 15:04:48] 466   -15508.39 [    14320.4    3336.4   74995.6    4610.9   50000.0 ]
[24-10-31 15:04:48] 467    -15508.4 [    14320.4    3336.4   74995.6    4611.9   50000.0 ]
[24-10-31 15:04:49] 468   -15508.38 [    14320.4    3336.4   74995.6    4609.3   50000.0 ]
[24-10-31 15:04:49] 469   -15508.32 [    14320.4    3336.4   74995.6    4594.5   50000.0 ]
[24-10-31 15:04:49] 470   -15508.47 [    14320.4    3336.4   74995.6    4570.5   50000.0 ]
[24-10-31 15:04:49] 471   -15508.34 [    14320.4    3336.4   74995.6    4585.3   50000.0 ]
[24-10-31 15:04:49] 472   -15508.33 [    14320.4    3336.4   74995.6    4600.1   50000.0 ]
[24-10-31 15:04:50] 473   -15508.32 [    14320.4    3336.4   74995.6    4594.6   50000.0 ]
[24-10-31 15:04:50] 474   -15508.32 [    14320.4    3336.4   74995.6    4594.8   50000.0 ]
[24-10-31 15:04:50] 475   -15508.32 [    14320.4    3336.4   74995.6    4594.6   50000.0 ]
[24-10-31 15:04:50] 477   -15508.34 [    14320.4    3336.4   74995.6    4594.6   49998.4 ]
[24-10-31 15:04:51] 478   -15508.33 [    14320.4    3336.4   74995.6    4594.6   49999.4 ]
[24-10-31 15:04:51] 480   -15508.32 [    14320.4    3336.4   74995.6    4594.6   49999.7 ]
[24-10-31 15:04:51] 482   -15508.32 [    14320.4    3336.4   74995.6    4594.6   49999.9 ]
[24-10-31 15:04:51] 484   -15508.32 [    14320.4    3336.4   74995.6    4594.6   50000.0 ]
[24-10-31 15:04:51] 486   -15508.32 [    14320.4    3336.4   74995.6    4594.6   50000.0 ]
[24-10-31 15:04:52] 488   -15508.32 [    14320.4    3336.4   74995.6    4594.6   50000.0 ]
[24-10-31 15:04:52] 490   -15508.32 [    14320.4    3336.4   74995.6    4594.6   50000.0 ]
[24-10-31 15:04:52] 492   -15508.32 [    14320.4    3336.4   74995.6    4594.6   50000.0 ]
[24-10-31 15:04:52] 494   -15508.32 [    14320.4    3336.4   74995.6    4594.6   50000.0 ]
[24-10-31 15:04:53] 496   -15508.32 [    14320.4    3336.4   74995.6    4594.6   50000.0 ]
[24-10-31 15:04:53] 498   -15508.32 [    14320.4    3336.4   74995.6    4594.6   50000.0 ]
[24-10-31 15:04:53] 500   -15508.32 [    14320.4    3336.4   74995.6    4594.6   50000.0 ]
[24-10-31 15:04:53] 502   -15508.32 [    14320.4    3336.4   74995.6    4594.6   50000.0 ]
[24-10-31 15:04:53] 504   -15508.32 [    14320.4    3336.4   74995.6    4594.6   50000.0 ]
[24-10-31 15:04:54] 506   -15508.32 [    14320.4    3336.4   74995.6    4594.6   50000.0 ]
[24-10-31 15:04:54] 508   -15508.32 [    14320.4    3336.4   74995.6    4594.6   50000.0 ]
[24-10-31 15:04:54] 510   -15508.32 [    14320.4    3336.4   74995.6    4594.6   50000.0 ]
[24-10-31 15:04:54] 512   -15508.32 [    14320.4    3336.4   74995.6    4594.6   50000.0 ]
[24-10-31 15:04:55] 514   -15508.32 [    14320.4    3336.4   74995.6    4594.6   50000.0 ]
[24-10-31 15:04:55] 516   -15508.32 [    14320.4    3336.4   74995.6    4594.6   50000.0 ]
[24-10-31 15:04:55] 518   -15508.32 [    14320.4    3336.4   74995.6    4594.6   50000.0 ]
[24-10-31 15:04:55] 520   -15508.32 [    14320.4    3336.4   74995.6    4594.6   50000.0 ]
[24-10-31 15:04:55] 521   -15508.32 [    14320.4    3336.4   74995.6    4594.6   50000.0 ]
[24-10-31 15:04:56] 522   -15508.32 [    14320.4    3336.4   74995.6    4594.6   50000.0 ]
[24-10-31 15:04:56] 523   -15508.32 [    14320.4    3336.4   74995.6    4594.6   50000.0 ]
[24-10-31 15:04:56] 524   -15508.32 [    14320.4    3336.4   74995.6    4594.6   50000.0 ]
[24-10-31 15:04:56] 525   -15508.32 [    14320.4    3336.4   74995.6    4594.6   50000.0 ]
[24-10-31 15:04:57] 526   -15508.32 [    14320.4    3336.4   74995.6    4594.6   50000.0 ]
[24-10-31 15:04:57] 527   -15508.32 [    14320.4    3336.4   74995.6    4594.6   50000.0 ]
[24-10-31 15:04:57] 528   -15508.32 [    14320.4    3336.4   74995.6    4594.6   50000.0 ]
[24-10-31 15:04:57] 529   -15508.32 [    14320.4    3336.4   74995.6    4594.6   50000.0 ]
[24-10-31 15:04:57] 530   -15505.87 [    14326.4    3373.5   74713.8    4578.4   50000.0 ]
[24-10-31 15:04:58] 531   -15508.32 [    14320.4    3336.4   74995.6    4594.6   50000.0 ]
[24-10-31 15:04:58] 532   -15505.87 [    14326.4    3373.5   74713.8    4578.4   50000.0 ]
[24-10-31 15:04:58] 533   -15501.92 [    14336.2    3433.5   74257.8    4552.1   50000.0 ]
[24-10-31 15:04:58] 538    -15492.8 [    14358.9    3572.8   73200.0    4491.0   50000.0 ]
[24-10-31 15:04:59] 539   -15497.35 [    14347.6    3503.1   73728.9    4521.5   50000.0 ]
[24-10-31 15:04:59] 540    -15487.2 [    14373.0    3658.8   72546.2    4453.3   50000.0 ]
[24-10-31 15:04:59] 542   -15489.34 [    14367.6    3625.9   72795.9    4467.7   50000.0 ]
[24-10-31 15:04:59] 543   -15485.88 [    14376.3    3679.1   72391.8    4444.4   50000.0 ]
[24-10-31 15:05:00] 545   -15486.38 [    14375.0    3671.3   72450.8    4447.8   50000.0 ]
[24-10-31 15:05:00] 547    -15486.1 [    14375.8    3675.7   72417.9    4445.9   50000.0 ]
[24-10-31 15:05:00] 548   -15485.88 [    14376.3    3679.1   72391.8    4444.4   50000.0 ]
[24-10-31 15:05:00] 549   -15485.88 [    14377.3    3679.1   72391.8    4444.4   50000.0 ]
[24-10-31 15:05:01] 550   -15485.88 [    14378.9    3679.1   72391.8    4444.4   50000.0 ]
[24-10-31 15:05:01] 551   -15485.87 [    14408.0    3679.1   72391.8    4444.4   50000.0 ]
[24-10-31 15:05:01] 552   -15485.89 [    14455.1    3679.1   72391.8    4444.4   50000.0 ]
[24-10-31 15:05:01] 553   -15485.88 [    14426.0    3679.1   72391.8    4444.4   50000.0 ]
[24-10-31 15:05:01] 554   -15485.87 [    14396.9    3679.1   72391.8    4444.4   50000.0 ]
[24-10-31 15:05:02] 555   -15485.87 [    14408.3    3679.1   72391.8    4444.4   50000.0 ]
[24-10-31 15:05:02] 556   -15485.87 [    14408.7    3679.1   72391.8    4444.4   50000.0 ]
[24-10-31 15:05:02] 557   -15485.87 [    14408.3    3679.1   72391.8    4444.4   50000.0 ]
[24-10-31 15:05:02] 559    -15485.9 [    14408.3    3679.1   72391.8    4444.4   49998.4 ]
[24-10-31 15:05:03] 560   -15485.88 [    14408.3    3679.1   72391.8    4444.4   49999.4 ]
[24-10-31 15:05:03] 562   -15485.88 [    14408.3    3679.1   72391.8    4444.4   49999.7 ]
[24-10-31 15:05:03] 564   -15485.88 [    14408.3    3679.1   72391.8    4444.4   49999.9 ]
[24-10-31 15:05:03] 566   -15485.87 [    14408.3    3679.1   72391.8    4444.4   50000.0 ]
[24-10-31 15:05:03] 568   -15485.87 [    14408.3    3679.1   72391.8    4444.4   50000.0 ]
[24-10-31 15:05:04] 570   -15485.87 [    14408.3    3679.1   72391.8    4444.4   50000.0 ]
[24-10-31 15:05:04] 572   -15485.87 [    14408.3    3679.1   72391.8    4444.4   50000.0 ]
[24-10-31 15:05:04] 574   -15485.87 [    14408.3    3679.1   72391.8    4444.4   50000.0 ]
[24-10-31 15:05:04] 576   -15485.87 [    14408.3    3679.1   72391.8    4444.4   50000.0 ]
[24-10-31 15:05:04] 578   -15485.87 [    14408.3    3679.1   72391.8    4444.4   50000.0 ]
[24-10-31 15:05:05] 580   -15485.87 [    14408.3    3679.1   72391.8    4444.4   50000.0 ]
[24-10-31 15:05:05] 582   -15485.87 [    14408.3    3679.1   72391.8    4444.4   50000.0 ]
[24-10-31 15:05:05] 584   -15485.87 [    14408.3    3679.1   72391.8    4444.4   50000.0 ]
[24-10-31 15:05:05] 586   -15485.87 [    14408.3    3679.1   72391.8    4444.4   50000.0 ]
[24-10-31 15:05:06] 588   -15485.87 [    14408.3    3679.1   72391.8    4444.4   50000.0 ]
[24-10-31 15:05:06] 590   -15485.87 [    14408.3    3679.1   72391.8    4444.4   50000.0 ]
[24-10-31 15:05:06] 592   -15485.87 [    14408.3    3679.1   72391.8    4444.4   50000.0 ]
[24-10-31 15:05:06] 594   -15485.87 [    14408.3    3679.1   72391.8    4444.4   50000.0 ]
[24-10-31 15:05:07] 596   -15485.87 [    14408.3    3679.1   72391.8    4444.4   50000.0 ]
[24-10-31 15:05:07] 598   -15485.87 [    14408.3    3679.1   72391.8    4444.4   50000.0 ]
[24-10-31 15:05:07] 600   -15485.87 [    14408.3    3679.1   72391.8    4444.4   50000.0 ]
[24-10-31 15:05:07] 602   -15485.87 [    14408.3    3679.1   72391.8    4444.4   50000.0 ]
[24-10-31 15:05:08] 603   -15485.87 [    14408.3    3679.1   72391.8    4444.4   50000.0 ]
[24-10-31 15:05:08] 604   -15485.87 [    14408.3    3679.1   72391.8    4444.4   50000.0 ]
[24-10-31 15:05:08] 605   -15485.87 [    14408.3    3679.1   72391.8    4444.4   50000.0 ]
[24-10-31 15:05:08] 606   -15485.87 [    14408.3    3679.1   72391.8    4444.4   50000.0 ]
[24-10-31 15:05:08] 607   -15485.87 [    14408.3    3679.1   72391.8    4444.4   50000.0 ]
[24-10-31 15:05:09] 608   -15485.87 [    14408.3    3679.1   72391.8    4444.4   50000.0 ]
[24-10-31 15:05:09] 609   -15485.87 [    14408.3    3679.1   72391.8    4444.4   50000.0 ]
[24-10-31 15:05:09] 610   -15485.87 [    14408.3    3679.1   72391.8    4444.4   50000.0 ]
[24-10-31 15:05:09] 611   -15485.87 [    14408.3    3679.1   72392.8    4444.4   50000.0 ]
[24-10-31 15:05:10] 612   -15485.87 [    14408.3    3679.1   72394.5    4444.4   50000.0 ]
[24-10-31 15:05:10] 613   -15485.87 [    14408.3    3679.1   72400.0    4444.4   50000.0 ]
[24-10-31 15:05:10] 614   -15485.87 [    14408.3    3679.1   72409.1    4444.4   50000.0 ]
[24-10-31 15:05:10] 615   -15485.87 [    14408.3    3679.1   72403.5    4444.4   50000.0 ]
[24-10-31 15:05:11] 616   -15485.87 [    14408.3    3679.1   72397.9    4444.4   50000.0 ]
[24-10-31 15:05:11] 617   -15485.87 [    14408.3    3679.1   72400.0    4444.4   50000.0 ]
[24-10-31 15:05:11] 618   -15485.87 [    14408.3    3679.1   72400.1    4444.4   50000.0 ]
[24-10-31 15:05:11] 619   -15485.87 [    14408.3    3679.1   72400.0    4444.4   50000.0 ]
[24-10-31 15:05:12] 620   -15485.87 [    14408.3    3679.1   72400.0    4445.4   50000.0 ]
[24-10-31 15:05:12] 621   -15485.87 [    14408.3    3679.1   72400.0    4442.8   50000.0 ]
[24-10-31 15:05:12] 622   -15485.87 [    14408.3    3679.1   72400.0    4443.4   50000.0 ]
[24-10-31 15:05:12] 623   -15485.87 [    14408.3    3679.1   72400.0    4443.8   50000.0 ]
[24-10-31 15:05:13] 624   -15485.87 [    14408.3    3679.1   72400.0    4443.2   50000.0 ]
[24-10-31 15:05:13] 625   -15485.87 [    14408.3    3679.1   72400.0    4443.4   50000.0 ]
[24-10-31 15:05:13] 626   -15485.87 [    14408.3    3679.1   72400.0    4443.4   50000.0 ]
[24-10-31 15:05:13] 627   -15485.87 [    14408.3    3679.1   72400.0    4443.4   50000.0 ]
[24-10-31 15:05:14] 629   -15522.39 [    14317.8    3124.7   76613.0    4686.5   50000.0 ]
[24-10-31 15:05:14] 630    -15499.7 [    14373.8    3467.3   74009.2    4536.3   50000.0 ]
[24-10-31 15:05:14] 631   -15477.41 [    14429.7    3810.0   71405.5    4386.0   50000.0 ]
[24-10-31 15:05:14] 633   -15480.63 [    14421.6    3760.0   71785.4    4408.0   50000.0 ]
[24-10-31 15:05:15] 635   -15478.64 [    14426.6    3790.9   71550.6    4394.4   50000.0 ]
[24-10-31 15:05:15] 636   -15476.65 [    14431.6    3821.8   71315.8    4380.9   50000.0 ]
[24-10-31 15:05:15] 638   -15476.94 [    14430.9    3817.3   71350.1    4382.8   50000.0 ]
[24-10-31 15:05:15] 640   -15476.76 [    14431.4    3820.1   71328.9    4381.6   50000.0 ]
[24-10-31 15:05:16] 642   -15476.65 [    14431.6    3821.8   71315.8    4380.9   50000.0 ]
[24-10-31 15:05:16] 643   -15476.65 [    14432.6    3821.8   71315.8    4380.9   50000.0 ]
[24-10-31 15:05:16] 644   -15476.65 [    14434.3    3821.8   71315.8    4380.9   50000.0 ]
[24-10-31 15:05:16] 645   -15476.65 [    14447.4    3821.8   71315.8    4380.9   50000.0 ]
[24-10-31 15:05:16] 646   -15476.65 [    14468.6    3821.8   71315.8    4380.9   50000.0 ]
[24-10-31 15:05:17] 647   -15476.65 [    14455.5    3821.8   71315.8    4380.9   50000.0 ]
[24-10-31 15:05:17] 648   -15476.65 [    14442.4    3821.8   71315.8    4380.9   50000.0 ]
[24-10-31 15:05:17] 649   -15476.65 [    14447.5    3821.8   71315.8    4380.9   50000.0 ]
[24-10-31 15:05:17] 650   -15476.65 [    14447.2    3821.8   71315.8    4380.9   50000.0 ]
[24-10-31 15:05:18] 651   -15476.65 [    14447.4    3821.8   71315.8    4380.9   50000.0 ]
[24-10-31 15:05:18] 653   -15476.67 [    14447.4    3821.8   71315.8    4380.9   49998.4 ]
[24-10-31 15:05:18] 654   -15476.65 [    14447.4    3821.8   71315.8    4380.9   49999.4 ]
[24-10-31 15:05:18] 656   -15476.65 [    14447.4    3821.8   71315.8    4380.9   49999.7 ]
[24-10-31 15:05:19] 658   -15476.65 [    14447.4    3821.8   71315.8    4380.9   49999.9 ]
[24-10-31 15:05:19] 660   -15476.65 [    14447.4    3821.8   71315.8    4380.9   50000.0 ]
[24-10-31 15:05:19] 662   -15476.65 [    14447.4    3821.8   71315.8    4380.9   50000.0 ]
[24-10-31 15:05:19] 664   -15476.65 [    14447.4    3821.8   71315.8    4380.9   50000.0 ]
[24-10-31 15:05:20] 666   -15476.65 [    14447.4    3821.8   71315.8    4380.9   50000.0 ]
[24-10-31 15:05:20] 668   -15476.65 [    14447.4    3821.8   71315.8    4380.9   50000.0 ]
[24-10-31 15:05:20] 670   -15476.65 [    14447.4    3821.8   71315.8    4380.9   50000.0 ]
[24-10-31 15:05:20] 672   -15476.65 [    14447.4    3821.8   71315.8    4380.9   50000.0 ]
[24-10-31 15:05:20] 674   -15476.65 [    14447.4    3821.8   71315.8    4380.9   50000.0 ]
[24-10-31 15:05:21] 676   -15476.65 [    14447.4    3821.8   71315.8    4380.9   50000.0 ]
[24-10-31 15:05:21] 678   -15476.65 [    14447.4    3821.8   71315.8    4380.9   50000.0 ]
[24-10-31 15:05:21] 680   -15476.65 [    14447.4    3821.8   71315.8    4380.9   50000.0 ]
[24-10-31 15:05:21] 682   -15476.65 [    14447.4    3821.8   71315.8    4380.9   50000.0 ]
[24-10-31 15:05:22] 684   -15476.65 [    14447.4    3821.8   71315.8    4380.9   50000.0 ]
[24-10-31 15:05:22] 686   -15476.65 [    14447.4    3821.8   71315.8    4380.9   50000.0 ]
[24-10-31 15:05:22] 688   -15476.65 [    14447.4    3821.8   71315.8    4380.9   50000.0 ]
[24-10-31 15:05:22] 690   -15476.65 [    14447.4    3821.8   71315.8    4380.9   50000.0 ]
[24-10-31 15:05:23] 692   -15476.65 [    14447.4    3821.8   71315.8    4380.9   50000.0 ]
[24-10-31 15:05:23] 694   -15476.65 [    14447.4    3821.8   71315.8    4380.9   50000.0 ]
[24-10-31 15:05:23] 696   -15476.65 [    14447.4    3821.8   71315.8    4380.9   50000.0 ]
[24-10-31 15:05:23] 697   -15476.65 [    14447.4    3821.8   71315.8    4380.9   50000.0 ]
[24-10-31 15:05:24] 698   -15476.65 [    14447.4    3821.8   71315.8    4380.9   50000.0 ]
[24-10-31 15:05:24] 699   -15476.65 [    14447.4    3821.8   71315.8    4380.9   50000.0 ]
[24-10-31 15:05:24] 700   -15476.65 [    14447.4    3821.8   71315.8    4380.9   50000.0 ]
[24-10-31 15:05:24] 701   -15476.65 [    14447.4    3821.8   71315.8    4380.9   50000.0 ]
[24-10-31 15:05:24] 702   -15476.65 [    14447.4    3821.8   71315.8    4380.9   50000.0 ]
[24-10-31 15:05:25] 703   -15476.65 [    14447.4    3821.8   71315.8    4380.9   50000.0 ]
[24-10-31 15:05:25] 704   -15476.65 [    14447.4    3821.8   71315.8    4380.9   50000.0 ]
[24-10-31 15:05:25] 705   -15476.65 [    14447.4    3821.8   71315.8    4380.9   50000.0 ]
[24-10-31 15:05:25] 706   -15476.65 [    14447.4    3821.8   71316.8    4380.9   50000.0 ]
[24-10-31 15:05:26] 707   -15476.65 [    14447.4    3821.8   71318.5    4380.9   50000.0 ]
[24-10-31 15:05:26] 708   -15476.65 [    14447.4    3821.8   71317.7    4380.9   50000.0 ]
[24-10-31 15:05:26] 709   -15476.65 [    14447.4    3821.8   71317.4    4380.9   50000.0 ]
[24-10-31 15:05:26] 710   -15476.65 [    14447.4    3821.8   71318.0    4380.9   50000.0 ]
[24-10-31 15:05:27] 711   -15476.65 [    14447.4    3821.8   71317.7    4380.9   50000.0 ]
[24-10-31 15:05:27] 712   -15476.65 [    14447.4    3821.8   71317.7    4380.9   50000.0 ]
[24-10-31 15:05:27] 713   -15476.65 [    14447.4    3821.8   71317.7    4380.9   50000.0 ]
[24-10-31 15:05:27] 714   -15476.65 [    14447.4    3821.8   71317.7    4381.9   50000.0 ]
[24-10-31 15:05:28] 715   -15476.65 [    14447.4    3821.8   71317.7    4379.2   50000.0 ]
[24-10-31 15:05:28] 716   -15476.65 [    14447.4    3821.8   71317.7    4380.2   50000.0 ]
[24-10-31 15:05:28] 717   -15476.65 [    14447.4    3821.8   71317.7    4379.9   50000.0 ]
[24-10-31 15:05:28] 718   -15476.65 [    14447.4    3821.8   71317.7    4380.1   50000.0 ]
[24-10-31 15:05:28] 719   -15476.65 [    14447.4    3821.8   71317.7    4380.1   50000.0 ]
[24-10-31 15:05:29] 720   -15476.65 [    14447.4    3821.8   71317.7    4380.1   50000.0 ]
[24-10-31 15:05:29] 721   -15476.65 [    14447.4    3821.8   71317.7    4380.1   50000.0 ]
[24-10-31 15:05:29] 723    -15512.9 [    14356.9    3267.4   75530.6    4623.2   50000.0 ]
[24-10-31 15:05:29] 724   -15490.37 [    14412.8    3610.0   72926.9    4473.0   50000.0 ]
[24-10-31 15:05:30] 725   -15468.25 [    14468.8    3952.7   70323.2    4322.7   50000.0 ]
[24-10-31 15:05:30] 727   -15471.45 [    14460.6    3902.7   70703.1    4344.7   50000.0 ]
[24-10-31 15:05:30] 728   -15466.27 [    14473.8    3983.6   70088.4    4309.2   50000.0 ]
[24-10-31 15:05:30] 729   -15465.05 [    14476.9    4002.7   69943.3    4300.8   50000.0 ]
[24-10-31 15:05:31] 730    -15464.3 [    14478.8    4014.5   69853.6    4295.6   50000.0 ]
[24-10-31 15:05:31] 731   -15463.84 [    14480.0    4021.8   69798.2    4292.4   50000.0 ]
[24-10-31 15:05:31] 733   -15464.02 [    14479.6    4019.0   69819.4    4293.7   50000.0 ]
[24-10-31 15:05:31] 734   -15463.71 [    14480.4    4023.8   69783.0    4291.6   50000.0 ]
[24-10-31 15:05:32] 735   -15450.92 [    14529.1    4225.7   68250.2    4202.3   50000.0 ]
[24-10-31 15:05:32] 736   -15463.71 [    14480.4    4023.8   69783.0    4291.6   50000.0 ]
[24-10-31 15:05:32] 737   -15450.92 [    14529.1    4225.7   68250.2    4202.3   50000.0 ]
[24-10-31 15:05:32] 738   -15430.56 [    14607.9    4552.5   65770.0    4057.8   50000.0 ]
[24-10-31 15:05:32] 741   -15298.02 [    15179.2    6921.1   47794.5    3010.6   50000.0 ]
[24-10-31 15:05:33] 742   -15360.57 [    14893.6    5736.8   56782.3    3534.2   50000.0 ]
[24-10-31 15:05:33] 744    -15272.0 [    15314.1    7480.2   43551.1    2763.4   50000.0 ]
[24-10-31 15:05:33] 745   -15257.41 [    15397.4    7825.8   40928.5    2610.7   50000.0 ]
[24-10-31 15:05:34] 747   -15262.83 [    15365.6    7693.8   41930.3    2669.0   50000.0 ]
[24-10-31 15:05:34] 748   -15254.16 [    15417.1    7907.4   40309.4    2574.6   50000.0 ]
[24-10-31 15:05:34] 750   -15255.69 [    15407.8    7868.6   40604.2    2591.8   50000.0 ]
[24-10-31 15:05:34] 751   -15254.16 [    15417.1    7907.4   40309.4    2574.6   50000.0 ]
[24-10-31 15:05:34] 752   -15254.15 [    15418.1    7907.4   40309.4    2574.6   50000.0 ]
[24-10-31 15:05:35] 753   -15254.15 [    15419.7    7907.4   40309.4    2574.6   50000.0 ]
[24-10-31 15:05:35] 754   -15253.87 [    15596.1    7907.4   40309.4    2574.6   50000.0 ]
[24-10-31 15:05:35] 755   -15253.85 [    15650.7    7907.4   40309.4    2574.6   50000.0 ]
[24-10-31 15:05:35] 756   -15253.89 [    15739.0    7907.4   40309.4    2574.6   50000.0 ]
[24-10-31 15:05:36] 757   -15253.86 [    15684.4    7907.4   40309.4    2574.6   50000.0 ]
[24-10-31 15:05:36] 758   -15253.85 [    15629.8    7907.4   40309.4    2574.6   50000.0 ]
[24-10-31 15:05:36] 759   -15253.85 [    15655.5    7907.4   40309.4    2574.6   50000.0 ]
[24-10-31 15:05:36] 760   -15253.85 [    15653.2    7907.4   40309.4    2574.6   50000.0 ]
[24-10-31 15:05:36] 761   -15253.85 [    15657.9    7907.4   40309.4    2574.6   50000.0 ]
[24-10-31 15:05:37] 762   -15253.85 [    15655.5    7907.4   40309.4    2574.6   50000.0 ]
[24-10-31 15:05:37] 764   -15253.86 [    15655.5    7907.4   40309.4    2574.6   49998.4 ]
[24-10-31 15:05:37] 765   -15253.86 [    15655.5    7907.4   40309.4    2574.6   49999.4 ]
[24-10-31 15:05:37] 767   -15253.85 [    15655.5    7907.4   40309.4    2574.6   49999.7 ]
[24-10-31 15:05:38] 769   -15253.85 [    15655.5    7907.4   40309.4    2574.6   49999.9 ]
[24-10-31 15:05:38] 771   -15253.85 [    15655.5    7907.4   40309.4    2574.6   50000.0 ]
[24-10-31 15:05:38] 773   -15253.85 [    15655.5    7907.4   40309.4    2574.6   50000.0 ]
[24-10-31 15:05:38] 775   -15253.85 [    15655.5    7907.4   40309.4    2574.6   50000.0 ]
[24-10-31 15:05:38] 777   -15253.85 [    15655.5    7907.4   40309.4    2574.6   50000.0 ]
[24-10-31 15:05:39] 779   -15253.85 [    15655.5    7907.4   40309.4    2574.6   50000.0 ]
[24-10-31 15:05:39] 781   -15253.85 [    15655.5    7907.4   40309.4    2574.6   50000.0 ]
[24-10-31 15:05:39] 783   -15253.85 [    15655.5    7907.4   40309.4    2574.6   50000.0 ]
[24-10-31 15:05:39] 785   -15253.85 [    15655.5    7907.4   40309.4    2574.6   50000.0 ]
[24-10-31 15:05:39] 787   -15253.85 [    15655.5    7907.4   40309.4    2574.6   50000.0 ]
[24-10-31 15:05:40] 789   -15253.85 [    15655.5    7907.4   40309.4    2574.6   50000.0 ]
[24-10-31 15:05:40] 791   -15253.85 [    15655.5    7907.4   40309.4    2574.6   50000.0 ]
[24-10-31 15:05:40] 793   -15253.85 [    15655.5    7907.4   40309.4    2574.6   50000.0 ]
[24-10-31 15:05:40] 795   -15253.85 [    15655.5    7907.4   40309.4    2574.6   50000.0 ]
[24-10-31 15:05:40] 797   -15253.85 [    15655.5    7907.4   40309.4    2574.6   50000.0 ]
[24-10-31 15:05:41] 799   -15253.85 [    15655.5    7907.4   40309.4    2574.6   50000.0 ]
[24-10-31 15:05:41] 801   -15253.85 [    15655.5    7907.4   40309.4    2574.6   50000.0 ]
[24-10-31 15:05:41] 803   -15253.85 [    15655.5    7907.4   40309.4    2574.6   50000.0 ]
[24-10-31 15:05:41] 805   -15253.85 [    15655.5    7907.4   40309.4    2574.6   50000.0 ]
[24-10-31 15:05:41] 807   -15253.85 [    15655.5    7907.4   40309.4    2574.6   50000.0 ]
[24-10-31 15:05:42] 809   -15253.85 [    15655.5    7907.4   40309.4    2574.6   50000.0 ]
[24-10-31 15:05:42] 811   -15253.85 [    15655.5    7907.4   40309.4    2574.6   50000.0 ]
[24-10-31 15:05:42] 812   -15253.85 [    15655.5    7907.4   40309.4    2574.6   50000.0 ]
[24-10-31 15:05:42] 814   -15253.85 [    15655.5    7907.4   40309.4    2574.6   50000.0 ]
[24-10-31 15:05:42] 815   -15253.85 [    15655.5    7907.4   40309.4    2574.6   50000.0 ]
[24-10-31 15:05:43] 816   -15253.85 [    15655.5    7907.4   40309.4    2574.6   50000.0 ]
[24-10-31 15:05:43] 817   -15253.85 [    15655.5    7907.4   40309.4    2574.6   50000.0 ]
[24-10-31 15:05:43] 818   -15253.85 [    15655.5    7907.4   40310.4    2574.6   50000.0 ]
[24-10-31 15:05:43] 819   -15253.84 [    15655.5    7907.4   40312.0    2574.6   50000.0 ]
[24-10-31 15:05:44] 820   -15253.11 [    15655.5    7907.4   40488.4    2574.6   50000.0 ]
[24-10-31 15:05:44] 821   -15252.45 [    15655.5    7907.4   40879.3    2574.6   50000.0 ]
[24-10-31 15:05:44] 822   -15254.17 [    15655.5    7907.4   41511.8    2574.6   50000.0 ]
[24-10-31 15:05:44] 823    -15252.7 [    15655.5    7907.4   41120.9    2574.6   50000.0 ]
[24-10-31 15:05:44] 824   -15252.54 [    15655.5    7907.4   40730.0    2574.6   50000.0 ]
[24-10-31 15:05:45] 825   -15252.45 [    15655.5    7907.4   40885.0    2574.6   50000.0 ]
[24-10-31 15:05:45] 826   -15252.45 [    15655.5    7907.4   40873.6    2574.6   50000.0 ]
[24-10-31 15:05:45] 827   -15252.45 [    15655.5    7907.4   40879.3    2574.6   50000.0 ]
[24-10-31 15:05:45] 828   -15252.53 [    15655.5    7907.4   40879.3    2575.6   50000.0 ]
[24-10-31 15:05:45] 829   -15252.33 [    15655.5    7907.4   40879.3    2573.0   50000.0 ]
[24-10-31 15:05:46] 830   -15250.62 [    15655.5    7907.4   40879.3    2525.5   50000.0 ]
[24-10-31 15:05:46] 831   -15256.21 [    15655.5    7907.4   40879.3    2448.7   50000.0 ]
[24-10-31 15:05:46] 832   -15251.48 [    15655.5    7907.4   40879.3    2496.1   50000.0 ]
[24-10-31 15:05:46] 833   -15250.83 [    15655.5    7907.4   40879.3    2543.6   50000.0 ]
[24-10-31 15:05:46] 834   -15250.62 [    15655.5    7907.4   40879.3    2527.7   50000.0 ]
[24-10-31 15:05:47] 835   -15250.62 [    15655.5    7907.4   40879.3    2527.3   50000.0 ]
[24-10-31 15:05:47] 836   -15250.62 [    15655.5    7907.4   40879.3    2528.2   50000.0 ]
[24-10-31 15:05:47] 837   -15250.62 [    15655.5    7907.4   40879.3    2527.7   50000.0 ]
[24-10-31 15:05:47] 839   -15650.75 [    14139.8    1623.6   88568.6    5305.9   50000.0 ]
[24-10-31 15:05:47] 840   -15376.04 [    15076.6    5507.2   59095.0    3588.9   50000.0 ]
[24-10-31 15:05:48] 842   -15309.39 [    15366.1    6707.3   49987.1    3058.3   50000.0 ]
[24-10-31 15:05:48] 844   -15271.96 [    15545.0    7449.0   44358.2    2730.4   50000.0 ]
[24-10-31 15:05:48] 846   -15258.59 [    15613.3    7732.3   42208.1    2605.2   50000.0 ]
[24-10-31 15:05:48] 847   -15246.94 [    15675.5    7990.1   40251.9    2491.2   50000.0 ]
[24-10-31 15:05:49] 849   -15248.34 [    15667.9    7958.5   40491.5    2505.2   50000.0 ]
[24-10-31 15:05:49] 850   -15246.08 [    15680.2    8009.6   40103.8    2482.6   50000.0 ]
[24-10-31 15:05:49] 851   -15245.55 [    15683.1    8021.6   40012.3    2477.2   50000.0 ]
[24-10-31 15:05:49] 853   -15245.75 [    15682.0    8017.0   40047.2    2479.3   50000.0 ]
[24-10-31 15:05:49] 855   -15245.63 [    15682.7    8019.9   40025.6    2478.0   50000.0 ]
[24-10-31 15:05:50] 856    -15245.5 [    15683.4    8022.8   40003.6    2476.7   50000.0 ]
[24-10-31 15:05:50] 858    -15245.5 [    15683.4    8022.8   40003.6    2476.7   50000.0 ]
[24-10-31 15:05:50] 859    -15245.5 [    15684.4    8022.8   40003.6    2476.7   50000.0 ]
[24-10-31 15:05:50] 860   -15245.49 [    15686.0    8022.8   40003.6    2476.7   50000.0 ]
[24-10-31 15:05:51] 861   -15245.28 [    15862.4    8022.8   40003.6    2476.7   50000.0 ]
[24-10-31 15:05:51] 862   -15245.28 [    15889.4    8022.8   40003.6    2476.7   50000.0 ]
[24-10-31 15:05:51] 863   -15245.28 [    15933.2    8022.8   40003.6    2476.7   50000.0 ]
[24-10-31 15:05:51] 864   -15245.28 [    15906.1    8022.8   40003.6    2476.7   50000.0 ]
[24-10-31 15:05:51] 865   -15245.28 [    15879.1    8022.8   40003.6    2476.7   50000.0 ]
[24-10-31 15:05:52] 866   -15245.28 [    15892.5    8022.8   40003.6    2476.7   50000.0 ]
[24-10-31 15:05:52] 867   -15245.28 [    15894.6    8022.8   40003.6    2476.7   50000.0 ]
[24-10-31 15:05:52] 868   -15245.28 [    15892.5    8022.8   40003.6    2476.7   50000.0 ]
[24-10-31 15:05:52] 870   -15245.29 [    15892.5    8022.8   40003.6    2476.7   49998.4 ]
[24-10-31 15:05:53] 871   -15245.28 [    15892.5    8022.8   40003.6    2476.7   49999.4 ]
[24-10-31 15:05:53] 873   -15245.28 [    15892.5    8022.8   40003.6    2476.7   49999.7 ]
[24-10-31 15:05:53] 875   -15245.28 [    15892.5    8022.8   40003.6    2476.7   49999.9 ]
[24-10-31 15:05:53] 877   -15245.28 [    15892.5    8022.8   40003.6    2476.7   50000.0 ]
[24-10-31 15:05:54] 879   -15245.28 [    15892.5    8022.8   40003.6    2476.7   50000.0 ]
[24-10-31 15:05:54] 881   -15245.28 [    15892.5    8022.8   40003.6    2476.7   50000.0 ]
[24-10-31 15:05:54] 883   -15245.28 [    15892.5    8022.8   40003.6    2476.7   50000.0 ]
[24-10-31 15:05:54] 885   -15245.28 [    15892.5    8022.8   40003.6    2476.7   50000.0 ]
[24-10-31 15:05:54] 887   -15245.28 [    15892.5    8022.8   40003.6    2476.7   50000.0 ]
[24-10-31 15:05:55] 889   -15245.28 [    15892.5    8022.8   40003.6    2476.7   50000.0 ]
[24-10-31 15:05:55] 891   -15245.28 [    15892.5    8022.8   40003.6    2476.7   50000.0 ]
[24-10-31 15:05:55] 893   -15245.28 [    15892.5    8022.8   40003.6    2476.7   50000.0 ]
[24-10-31 15:05:55] 895   -15245.28 [    15892.5    8022.8   40003.6    2476.7   50000.0 ]
[24-10-31 15:05:56] 897   -15245.28 [    15892.5    8022.8   40003.6    2476.7   50000.0 ]
[24-10-31 15:05:56] 899   -15245.28 [    15892.5    8022.8   40003.6    2476.7   50000.0 ]
[24-10-31 15:05:56] 901   -15245.28 [    15892.5    8022.8   40003.6    2476.7   50000.0 ]
[24-10-31 15:05:56] 903   -15245.28 [    15892.5    8022.8   40003.6    2476.7   50000.0 ]
[24-10-31 15:05:57] 905   -15245.28 [    15892.5    8022.8   40003.6    2476.7   50000.0 ]
[24-10-31 15:05:57] 907   -15245.28 [    15892.5    8022.8   40003.6    2476.7   50000.0 ]
[24-10-31 15:05:57] 909   -15245.28 [    15892.5    8022.8   40003.6    2476.7   50000.0 ]
[24-10-31 15:05:57] 910   -15245.28 [    15892.5    8022.8   40003.6    2476.7   50000.0 ]
[24-10-31 15:05:57] 913   -15245.28 [    15892.5    8022.8   40003.6    2476.7   50000.0 ]
[24-10-31 15:05:58] 915   -15245.28 [    15892.5    8022.8   40003.6    2476.7   50000.0 ]
[24-10-31 15:05:58] 916   -15245.28 [    15892.5    8022.8   40003.6    2476.7   50000.0 ]
[24-10-31 15:05:58] 917   -15245.28 [    15892.5    8022.8   40003.6    2476.7   50000.0 ]
[24-10-31 15:05:58] 918   -15245.28 [    15892.5    8022.8   40003.6    2476.7   50000.0 ]
[24-10-31 15:05:59] 919   -15245.28 [    15892.5    8022.8   40003.6    2476.7   50000.0 ]
[24-10-31 15:05:59] 920   -15245.28 [    15892.5    8022.8   40003.6    2476.7   50000.0 ]
[24-10-31 15:05:59] 921   -15245.28 [    15892.5    8022.8   40003.6    2476.7   50000.0 ]
[24-10-31 15:05:59] 922   -15245.28 [    15892.5    8022.8   40003.6    2476.7   50000.0 ]
[24-10-31 15:05:59] 923   -15245.28 [    15892.5    8022.8   40004.6    2476.7   50000.0 ]
[24-10-31 15:06:00] 924   -15245.27 [    15892.5    8022.8   40002.0    2476.7   50000.0 ]
[24-10-31 15:06:00] 930   -15245.27 [    15892.5    8022.8   40000.6    2476.7   50000.0 ]
[24-10-31 15:06:00] 931   -15245.27 [    15892.5    8022.8   40001.3    2476.7   50000.0 ]
[24-10-31 15:06:00] 933   -15245.27 [    15892.5    8022.8   40000.2    2476.7   50000.0 ]
[24-10-31 15:06:00] 934   -15245.27 [    15892.5    8022.8   40000.0    2476.7   50000.0 ]
[24-10-31 15:06:01] 936   -15245.27 [    15892.5    8022.8   40000.1    2476.7   50000.0 ]
[24-10-31 15:06:01] 938   -15245.27 [    15892.5    8022.8   40000.0    2476.7   50000.0 ]
[24-10-31 15:06:01] 939   -15245.27 [    15892.5    8022.8   40000.0    2476.7   50000.0 ]
[24-10-31 15:06:01] 940   -15245.28 [    15892.5    8022.8   40000.0    2477.7   50000.0 ]
[24-10-31 15:06:02] 941   -15245.26 [    15892.5    8022.8   40000.0    2475.1   50000.0 ]
[24-10-31 15:06:02] 942   -15245.25 [    15892.5    8022.8   40000.0    2472.7   50000.0 ]
[24-10-31 15:06:02] 943   -15245.27 [    15892.5    8022.8   40000.0    2468.8   50000.0 ]
[24-10-31 15:06:02] 944   -15245.26 [    15892.5    8022.8   40000.0    2471.2   50000.0 ]
[24-10-31 15:06:02] 945   -15245.25 [    15892.5    8022.8   40000.0    2473.6   50000.0 ]
[24-10-31 15:06:03] 946   -15245.25 [    15892.5    8022.8   40000.0    2472.8   50000.0 ]
[24-10-31 15:06:03] 947   -15245.25 [    15892.5    8022.8   40000.0    2472.7   50000.0 ]
[24-10-31 15:06:03] 948   -15245.25 [    15892.5    8022.8   40000.0    2472.7   50000.0 ]
[24-10-31 15:06:03] 950   -15636.66 [    14376.8    1738.9   87689.3    5250.8   50000.0 ]
[24-10-31 15:06:03] 951   -15369.55 [    15313.6    5622.6   58215.7    3533.9   50000.0 ]
[24-10-31 15:06:04] 953   -15303.42 [    15603.1    6822.7   49107.8    3003.3   50000.0 ]
[24-10-31 15:06:04] 955   -15266.34 [    15782.0    7564.4   43478.9    2675.4   50000.0 ]
[24-10-31 15:06:04] 957   -15253.12 [    15850.3    7847.7   41328.8    2550.1   50000.0 ]
[24-10-31 15:06:04] 959   -15248.23 [    15876.4    7955.9   40507.6    2502.3   50000.0 ]
[24-10-31 15:06:04] 961   -15246.39 [    15886.4    7997.2   40193.9    2484.0   50000.0 ]
[24-10-31 15:06:04] 963   -15245.69 [    15890.2    8013.0   40074.1    2477.0   50000.0 ]
[24-10-31 15:06:05] 965   -15245.42 [    15891.6    8019.1   40028.3    2474.4   50000.0 ]
[24-10-31 15:06:05] 967   -15245.32 [    15892.2    8021.4   40010.8    2473.3   50000.0 ]
[24-10-31 15:06:05] 969   -15245.28 [    15892.4    8022.2   40004.1    2473.0   50000.0 ]
[24-10-31 15:06:05] 971   -15245.26 [    15892.5    8022.6   40001.6    2472.8   50000.0 ]
[24-10-31 15:06:05] 973   -15245.26 [    15892.5    8022.7   40000.6    2472.7   50000.0 ]
[24-10-31 15:06:06] 975   -15245.25 [    15892.5    8022.8   40000.2    2472.7   50000.0 ]
[24-10-31 15:06:06] 977   -15245.25 [    15892.5    8022.8   40000.1    2472.7   50000.0 ]
[24-10-31 15:06:06] 979   -15245.25 [    15892.5    8022.8   40000.0    2472.7   50000.0 ]
[24-10-31 15:06:06] 981   -15245.25 [    15892.5    8022.8   40000.0    2472.7   50000.0 ]
[24-10-31 15:06:06] 983   -15245.25 [    15892.5    8022.8   40000.0    2472.7   50000.0 ]
[24-10-31 15:06:07] 984   -15245.25 [    15892.5    8022.8   40000.0    2472.7   50000.0 ]
[24-10-31 15:06:07] 986   -15245.25 [    15892.5    8022.8   40000.0    2472.7   50000.0 ]
[24-10-31 15:06:07] 987   -15245.25 [    15892.5    8022.8   40000.0    2472.7   50000.0 ]
[24-10-31 15:06:07] 989   -15245.25 [    15892.5    8022.8   40000.0    2472.7   50000.0 ]
[24-10-31 15:06:07] 991   -15245.25 [    15892.5    8022.8   40000.0    2472.7   50000.0 ]
[24-10-31 15:06:07] 992   -15245.25 [    15892.5    8022.8   40000.0    2472.7   50000.0 ]
Optimization terminated successfully.
         Current function value: 15245.252986
         Iterations: 11
         Function evaluations: 993
[24-10-31 15:06:07] 993      fit p: [    15892.5    8022.8   40000.0    2472.7   50000.0 ]
method: Powell
objective_func: objective_H2
fopt: -15245.252985605828
max_iter: 100
num_iter: 11
func_calls: 993
flag: 0
u_fitted: False
u: 1.111e-08
