[24-10-31 15:27:51] fitting objective_H2 to data for demes ['French', 'KhomaniSan', 'Yoruba']
[24-10-31 15:27:51] 0        pnames [         NK       NFY       TFY        NF        NY ]
[24-10-31 15:27:51] 0            p0 [    27225.6   22768.6   78553.7    4379.6   14570.6 ]
[24-10-31 15:27:51] 1     -24763.54 [    27225.6   22768.6   78553.7    4379.6   14570.6 ]
[24-10-31 15:27:51] 2     -24763.54 [    27225.6   22768.6   78553.7    4379.6   14570.6 ]
[24-10-31 15:27:51] 3     -24763.55 [    27226.6   22768.6   78553.7    4379.6   14570.6 ]
[24-10-31 15:27:52] 4     -24763.53 [    27224.0   22768.6   78553.7    4379.6   14570.6 ]
[24-10-31 15:27:52] 5     -24762.55 [    27047.7   22768.6   78553.7    4379.6   14570.6 ]
[24-10-31 15:27:52] 6     -24758.92 [    21139.3   22768.6   78553.7    4379.6   14570.6 ]
[24-10-31 15:27:52] 7     -25339.74 [    11579.4   22768.6   78553.7    4379.6   14570.6 ]
[24-10-31 15:27:53] 8     -24822.13 [    17487.8   22768.6   78553.7    4379.6   14570.6 ]
[24-10-31 15:27:53] 9     -24751.36 [    23396.1   22768.6   78553.7    4379.6   14570.6 ]
[24-10-31 15:27:53] 10    -24751.65 [    22975.7   22768.6   78553.7    4379.6   14570.6 ]
[24-10-31 15:27:53] 11    -24751.36 [    23434.4   22768.6   78553.7    4379.6   14570.6 ]
[24-10-31 15:27:54] 12    -24751.36 [    23472.3   22768.6   78553.7    4379.6   14570.6 ]
[24-10-31 15:27:54] 13    -24753.28 [    24838.0   22768.6   78553.7    4379.6   14570.6 ]
[24-10-31 15:27:54] 14    -24751.36 [    23509.8   22768.6   78553.7    4379.6   14570.6 ]
[24-10-31 15:27:54] 15    -24751.36 [    23472.3   22768.6   78553.7    4379.6   14570.6 ]
[24-10-31 15:27:55] 16    -24751.45 [    23472.3   22769.6   78553.7    4379.6   14570.6 ]
[24-10-31 15:27:55] 17     -24751.2 [    23472.3   22767.0   78553.7    4379.6   14570.6 ]
[24-10-31 15:27:55] 18    -24750.95 [    23472.3   22764.3   78553.7    4379.6   14570.6 ]
[24-10-31 15:27:55] 19    -24750.54 [    23472.3   22760.1   78553.7    4379.6   14570.6 ]
[24-10-31 15:27:56] 20    -24749.87 [    23472.3   22753.2   78553.7    4379.6   14570.6 ]
[24-10-31 15:27:56] 21    -24748.79 [    23472.3   22742.2   78553.7    4379.6   14570.6 ]
[24-10-31 15:27:56] 22    -24747.05 [    23472.3   22724.2   78553.7    4379.6   14570.6 ]
[24-10-31 15:27:56] 23    -24744.22 [    23472.3   22695.2   78553.7    4379.6   14570.6 ]
[24-10-31 15:27:57] 24    -24739.63 [    23472.3   22648.2   78553.7    4379.6   14570.6 ]
[24-10-31 15:27:57] 25    -24732.17 [    23472.3   22572.2   78553.7    4379.6   14570.6 ]
[24-10-31 15:27:57] 26     -24720.0 [    23472.3   22449.2   78553.7    4379.6   14570.6 ]
[24-10-31 15:27:57] 27    -24700.06 [    23472.3   22250.2   78553.7    4379.6   14570.6 ]
[24-10-31 15:27:58] 28    -24667.12 [    23472.3   21928.2   78553.7    4379.6   14570.6 ]
[24-10-31 15:27:58] 29    -24611.99 [    23472.3   21407.2   78553.7    4379.6   14570.6 ]
[24-10-31 15:27:58] 30    -24517.62 [    23472.3   20564.2   78553.7    4379.6   14570.6 ]
[24-10-31 15:27:58] 31    -24349.81 [    23472.3   19200.2   78553.7    4379.6   14570.6 ]
[24-10-31 15:27:59] 32     -24030.2 [    23472.3   16993.2   78553.7    4379.6   14570.6 ]
[24-10-31 15:27:59] 33    -23335.28 [    23472.3   13422.2   78553.7    4379.6   14570.6 ]
[24-10-31 15:27:59] 34    -21328.62 [    23472.3    7644.2   78553.7    4379.6   14570.6 ]
[24-10-31 15:27:59] 36    -19363.97 [    23472.3    4073.2   78553.7    4379.6   14570.6 ]
[24-10-31 15:28:00] 37    -23875.12 [    23472.3    1866.2   78553.7    4379.6   14570.6 ]
[24-10-31 15:28:00] 38    -19975.02 [    23472.3    5246.0   78553.7    4379.6   14570.6 ]
[24-10-31 15:28:00] 39    -19330.47 [    23472.3    3230.2   78553.7    4379.6   14570.6 ]
[24-10-31 15:28:00] 40    -19260.25 [    23472.3    3568.5   78553.7    4379.6   14570.6 ]
[24-10-31 15:28:01] 41    -19277.74 [    23472.3    3760.5   78553.7    4379.6   14570.6 ]
[24-10-31 15:28:01] 42    -19260.25 [    23472.3    3568.5   78553.7    4379.6   14570.6 ]
[24-10-31 15:28:01] 43    -19260.32 [    23472.3    3568.5   78554.7    4379.6   14570.6 ]
[24-10-31 15:28:02] 44    -19260.15 [    23472.3    3568.5   78552.1    4379.6   14570.6 ]
[24-10-31 15:28:02] 45    -19248.99 [    23472.3    3568.5   78375.7    4379.6   14570.6 ]
[24-10-31 15:28:02] 46    -19171.31 [    23472.3    3568.5   75885.3    4379.6   14570.6 ]
[24-10-31 15:28:02] 47    -19346.15 [    23472.3    3568.5   71855.6    4379.6   14570.6 ]
[24-10-31 15:28:03] 48    -19195.57 [    23472.3    3568.5   74346.1    4379.6   14570.6 ]
[24-10-31 15:28:03] 49     -19183.6 [    23472.3    3568.5   76836.5    4379.6   14570.6 ]
[24-10-31 15:28:03] 50    -19171.24 [    23472.3    3568.5   75800.0    4379.6   14570.6 ]
[24-10-31 15:28:04] 51    -19171.24 [    23472.3    3568.5   75827.6    4379.6   14570.6 ]
[24-10-31 15:28:04] 52    -19171.25 [    23472.3    3568.5   75772.5    4379.6   14570.6 ]
[24-10-31 15:28:04] 53    -19171.24 [    23472.3    3568.5   75800.0    4379.6   14570.6 ]
[24-10-31 15:28:05] 54    -19171.52 [    23472.3    3568.5   75800.0    4380.6   14570.6 ]
[24-10-31 15:28:05] 55    -19170.78 [    23472.3    3568.5   75800.0    4378.0   14570.6 ]
[24-10-31 15:28:05] 56    -19130.46 [    23472.3    3568.5   75800.0    4201.6   14570.6 ]
[24-10-31 15:28:06] 57    -19112.75 [    23472.3    3568.5   75800.0    3904.4   14570.6 ]
[24-10-31 15:28:06] 58     -19277.5 [    23472.3    3568.5   75800.0    3423.3   14570.6 ]
[24-10-31 15:28:06] 59    -19142.22 [    23472.3    3568.5   75800.0    3720.6   14570.6 ]
[24-10-31 15:28:07] 60    -19111.01 [    23472.3    3568.5   75800.0    4017.9   14570.6 ]
[24-10-31 15:28:07] 61    -19110.32 [    23472.3    3568.5   75800.0    3976.8   14570.6 ]
[24-10-31 15:28:07] 62    -19110.32 [    23472.3    3568.5   75800.0    3980.8   14570.6 ]
[24-10-31 15:28:08] 63    -19110.33 [    23472.3    3568.5   75800.0    3972.8   14570.6 ]
[24-10-31 15:28:08] 64    -19110.32 [    23472.3    3568.5   75800.0    3976.8   14570.6 ]
[24-10-31 15:28:08] 65    -19109.89 [    23472.3    3568.5   75800.0    3976.8   14571.6 ]
[24-10-31 15:28:09] 66    -19109.19 [    23472.3    3568.5   75800.0    3976.8   14573.2 ]
[24-10-31 15:28:09] 67    -19034.07 [    23472.3    3568.5   75800.0    3976.8   14749.6 ]
[24-10-31 15:28:09] 68    -17517.23 [    23472.3    3568.5   75800.0    3976.8   20188.0 ]
[24-10-31 15:28:10] 69    -16510.99 [    23472.3    3568.5   75800.0    3976.8   28987.4 ]
[24-10-31 15:28:10] 70    -16473.49 [    23472.3    3568.5   75800.0    3976.8   29534.5 ]
[24-10-31 15:28:11] 71    -16416.53 [    23472.3    3568.5   75800.0    3976.8   30419.8 ]
[24-10-31 15:28:11] 72    -15973.75 [    23472.3    3568.5   75800.0    3976.8   40908.1 ]
[24-10-31 15:28:11] 74    -15820.76 [    23472.3    3568.5   75800.0    3976.8   47390.2 ]
[24-10-31 15:28:12] 76     -15890.0 [    23472.3    3568.5   75800.0    3976.8   44149.2 ]
[24-10-31 15:28:12] 77    -15792.13 [    23472.3    3568.5   75800.0    3976.8   48920.4 ]
[24-10-31 15:28:12] 78    -15775.56 [    23472.3    3568.5   75800.0    3976.8   49866.1 ]
[24-10-31 15:28:13] 80    -15781.79 [    23472.3    3568.5   75800.0    3976.8   49504.9 ]
[24-10-31 15:28:13] 82    -15775.56 [    23472.3    3568.5   75800.0    3976.8   49866.1 ]
[24-10-31 15:28:13] 83    -15775.58 [    23473.3    3568.5   75800.0    3976.8   49866.1 ]
[24-10-31 15:28:14] 84    -15775.52 [    23470.7    3568.5   75800.0    3976.8   49866.1 ]
[24-10-31 15:28:14] 85    -15771.32 [    23294.3    3568.5   75800.0    3976.8   49866.1 ]
[24-10-31 15:28:15] 86    -22295.92 [     4070.5    3568.5   75800.0    3976.8   49866.1 ]
[24-10-31 15:28:15] 87    -15653.62 [    15951.5    3568.5   75800.0    3976.8   49866.1 ]
[24-10-31 15:28:15] 88    -15851.07 [    11413.3    3568.5   75800.0    3976.8   49866.1 ]
[24-10-31 15:28:16] 89     -15665.9 [    18023.5    3568.5   75800.0    3976.8   49866.1 ]
[24-10-31 15:28:16] 90    -15656.22 [    15441.7    3568.5   75800.0    3976.8   49866.1 ]
[24-10-31 15:28:16] 91    -15653.37 [    16293.1    3568.5   75800.0    3976.8   49866.1 ]
[24-10-31 15:28:17] 92    -15653.33 [    16194.8    3568.5   75800.0    3976.8   49866.1 ]
[24-10-31 15:28:17] 93    -15653.36 [    16122.0    3568.5   75800.0    3976.8   49866.1 ]
[24-10-31 15:28:17] 94    -15653.33 [    16194.8    3568.5   75800.0    3976.8   49866.1 ]
[24-10-31 15:28:18] 95     -15653.5 [    16194.8    3569.5   75800.0    3976.8   49866.1 ]
[24-10-31 15:28:18] 96    -15653.06 [    16194.8    3566.8   75800.0    3976.8   49866.1 ]
[24-10-31 15:28:18] 97    -15642.43 [    16194.8    3430.4   75800.0    3976.8   49866.1 ]
[24-10-31 15:28:19] 98    -15688.73 [    16194.8    3209.7   75800.0    3976.8   49866.1 ]
[24-10-31 15:28:19] 99    -15649.78 [    16194.8    3346.1   75800.0    3976.8   49866.1 ]
[24-10-31 15:28:19] 100   -15643.44 [    16194.8    3482.5   75800.0    3976.8   49866.1 ]
[24-10-31 15:28:20] 101   -15642.31 [    16194.8    3444.1   75800.0    3976.8   49866.1 ]
[24-10-31 15:28:20] 102   -15642.31 [    16194.8    3442.9   75800.0    3976.8   49866.1 ]
[24-10-31 15:28:20] 103   -15642.31 [    16194.8    3441.6   75800.0    3976.8   49866.1 ]
[24-10-31 15:28:21] 104   -15642.31 [    16194.8    3442.9   75800.0    3976.8   49866.1 ]
[24-10-31 15:28:21] 105   -15642.34 [    16194.8    3442.9   75801.0    3976.8   49866.1 ]
[24-10-31 15:28:22] 106   -15642.26 [    16194.8    3442.9   75798.4    3976.8   49866.1 ]
[24-10-31 15:28:22] 107   -15637.26 [    16194.8    3442.9   75622.0    3976.8   49866.1 ]
[24-10-31 15:28:23] 108   -15625.12 [    16194.8    3442.9   74694.6    3976.8   49866.1 ]
[24-10-31 15:28:23] 109   -15654.88 [    16194.8    3442.9   73193.9    3976.8   49866.1 ]
[24-10-31 15:28:23] 110   -15629.36 [    16194.8    3442.9   74121.3    3976.8   49866.1 ]
[24-10-31 15:28:24] 111   -15626.96 [    16194.8    3442.9   75048.8    3976.8   49866.1 ]
[24-10-31 15:28:24] 112   -15625.12 [    16194.8    3442.9   74680.4    3976.8   49866.1 ]
[24-10-31 15:28:25] 113   -15625.12 [    16194.8    3442.9   74669.2    3976.8   49866.1 ]
[24-10-31 15:28:25] 114   -15625.12 [    16194.8    3442.9   74680.4    3976.8   49866.1 ]
[24-10-31 15:28:26] 115    -15624.7 [    16194.8    3442.9   74680.4    3977.8   49866.1 ]
[24-10-31 15:28:26] 116   -15624.02 [    16194.8    3442.9   74680.4    3979.4   49866.1 ]
[24-10-31 15:28:27] 117   -15564.78 [    16194.8    3442.9   74680.4    4155.8   49866.1 ]
[24-10-31 15:28:27] 118    -15522.4 [    16194.8    3442.9   74680.4    4427.2   49866.1 ]
[24-10-31 15:28:28] 119   -15546.75 [    16194.8    3442.9   74680.4    4866.3   49866.1 ]
[24-10-31 15:28:28] 120   -15520.13 [    16194.8    3442.9   74680.4    4594.9   49866.1 ]
[24-10-31 15:28:29] 121   -15526.28 [    16194.8    3442.9   74680.4    4698.6   49866.1 ]
[24-10-31 15:28:29] 122   -15519.11 [    16194.8    3442.9   74680.4    4536.3   49866.1 ]
[24-10-31 15:28:29] 123   -15519.11 [    16194.8    3442.9   74680.4    4530.7   49866.1 ]
[24-10-31 15:28:30] 124   -15519.13 [    16194.8    3442.9   74680.4    4541.9   49866.1 ]
[24-10-31 15:28:30] 125   -15519.11 [    16194.8    3442.9   74680.4    4536.3   49866.1 ]
[24-10-31 15:28:31] 126   -15519.09 [    16194.8    3442.9   74680.4    4536.3   49867.1 ]
[24-10-31 15:28:31] 127   -15519.07 [    16194.8    3442.9   74680.4    4536.3   49868.8 ]
[24-10-31 15:28:32] 129   -15517.98 [    16194.8    3442.9   74680.4    4536.3   49936.1 ]
[24-10-31 15:28:32] 130   -15517.32 [    16194.8    3442.9   74680.4    4536.3   49977.8 ]
[24-10-31 15:28:33] 132   -15517.57 [    16194.8    3442.9   74680.4    4536.3   49961.9 ]
[24-10-31 15:28:33] 133   -15517.16 [    16194.8    3442.9   74680.4    4536.3   49987.6 ]
[24-10-31 15:28:34] 134   -15517.06 [    16194.8    3442.9   74680.4    4536.3   49993.7 ]
[24-10-31 15:28:34] 135    -15517.0 [    16194.8    3442.9   74680.4    4536.3   49997.4 ]
[24-10-31 15:28:35] 136   -15516.96 [    16194.8    3442.9   74680.4    4536.3   49999.7 ]
[24-10-31 15:28:35] 139   -15516.96 [    16194.8    3442.9   74680.4    4536.3   49999.7 ]
[24-10-31 15:28:35] 140   -15516.98 [    16195.8    3442.9   74680.4    4536.3   49999.7 ]
[24-10-31 15:28:35] 141   -15516.94 [    16193.2    3442.9   74680.4    4536.3   49999.7 ]
[24-10-31 15:28:36] 142   -15514.32 [    16016.8    3442.9   74680.4    4536.3   49999.7 ]
[24-10-31 15:28:36] 143   -15505.63 [    14162.7    3442.9   74680.4    4536.3   49999.7 ]
[24-10-31 15:28:36] 144    -15635.4 [    11162.6    3442.9   74680.4    4536.3   49999.7 ]
[24-10-31 15:28:37] 145   -15525.98 [    13016.8    3442.9   74680.4    4536.3   49999.7 ]
[24-10-31 15:28:37] 146    -15504.2 [    14870.9    3442.9   74680.4    4536.3   49999.7 ]
[24-10-31 15:28:37] 147   -15503.91 [    14635.7    3442.9   74680.4    4536.3   49999.7 ]
[24-10-31 15:28:37] 148   -15503.91 [    14663.3    3442.9   74680.4    4536.3   49999.7 ]
[24-10-31 15:28:38] 149   -15503.91 [    14678.7    3442.9   74680.4    4536.3   49999.7 ]
[24-10-31 15:28:38] 150   -15503.91 [    14663.3    3442.9   74680.4    4536.3   49999.7 ]
[24-10-31 15:28:38] 151   -15503.92 [    14663.3    3443.9   74680.4    4536.3   49999.7 ]
[24-10-31 15:28:38] 152   -15503.89 [    14663.3    3441.3   74680.4    4536.3   49999.7 ]
[24-10-31 15:28:39] 153   -15503.87 [    14663.3    3435.7   74680.4    4536.3   49999.7 ]
[24-10-31 15:28:39] 154   -15503.93 [    14663.3    3426.8   74680.4    4536.3   49999.7 ]
[24-10-31 15:28:39] 155   -15503.88 [    14663.3    3432.3   74680.4    4536.3   49999.7 ]
[24-10-31 15:28:40] 156   -15503.87 [    14663.3    3437.9   74680.4    4536.3   49999.7 ]
[24-10-31 15:28:40] 157   -15503.87 [    14663.3    3435.8   74680.4    4536.3   49999.7 ]
[24-10-31 15:28:40] 158   -15503.87 [    14663.3    3435.9   74680.4    4536.3   49999.7 ]
[24-10-31 15:28:40] 159   -15503.87 [    14663.3    3435.8   74680.4    4536.3   49999.7 ]
[24-10-31 15:28:41] 160   -15503.88 [    14663.3    3435.8   74681.4    4536.3   49999.7 ]
[24-10-31 15:28:41] 161   -15503.85 [    14663.3    3435.8   74678.8    4536.3   49999.7 ]
[24-10-31 15:28:41] 162   -15502.67 [    14663.3    3435.8   74502.5    4536.3   49999.7 ]
[24-10-31 15:28:42] 163   -15502.34 [    14663.3    3435.8   74346.2    4536.3   49999.7 ]
[24-10-31 15:28:42] 164    -15503.2 [    14663.3    3435.8   74093.4    4536.3   49999.7 ]
[24-10-31 15:28:42] 165   -15502.46 [    14663.3    3435.8   74249.6    4536.3   49999.7 ]
[24-10-31 15:28:42] 166   -15502.39 [    14663.3    3435.8   74405.9    4536.3   49999.7 ]
[24-10-31 15:28:43] 167   -15502.34 [    14663.3    3435.8   74342.9    4536.3   49999.7 ]
[24-10-31 15:28:43] 168   -15502.34 [    14663.3    3435.8   74349.5    4536.3   49999.7 ]
[24-10-31 15:28:43] 169   -15502.34 [    14663.3    3435.8   74346.2    4536.3   49999.7 ]
[24-10-31 15:28:43] 170   -15502.33 [    14663.3    3435.8   74346.2    4537.3   49999.7 ]
[24-10-31 15:28:44] 171   -15502.32 [    14663.3    3435.8   74346.2    4538.9   49999.7 ]
[24-10-31 15:28:44] 172    -15502.3 [    14663.3    3435.8   74346.2    4548.2   49999.7 ]
[24-10-31 15:28:44] 173   -15502.36 [    14663.3    3435.8   74346.2    4563.2   49999.7 ]
[24-10-31 15:28:44] 174   -15502.31 [    14663.3    3435.8   74346.2    4553.9   49999.7 ]
[24-10-31 15:28:45] 175    -15502.3 [    14663.3    3435.8   74346.2    4544.6   49999.7 ]
[24-10-31 15:28:45] 176    -15502.3 [    14663.3    3435.8   74346.2    4548.3   49999.7 ]
[24-10-31 15:28:45] 177    -15502.3 [    14663.3    3435.8   74346.2    4548.1   49999.7 ]
[24-10-31 15:28:46] 178    -15502.3 [    14663.3    3435.8   74346.2    4548.2   49999.7 ]
[24-10-31 15:28:46] 180   -15502.32 [    14663.3    3435.8   74346.2    4548.2   49998.1 ]
[24-10-31 15:28:46] 181   -15502.31 [    14663.3    3435.8   74346.2    4548.2   49999.1 ]
[24-10-31 15:28:46] 183    -15502.3 [    14663.3    3435.8   74346.2    4548.2   49999.4 ]
[24-10-31 15:28:47] 184   -15502.29 [    14663.3    3435.8   74346.2    4548.2   49999.9 ]
[24-10-31 15:28:47] 185   -15502.29 [    14663.3    3435.8   74346.2    4548.2   50000.0 ]
[24-10-31 15:28:47] 187   -15502.29 [    14663.3    3435.8   74346.2    4548.2   49999.9 ]
[24-10-31 15:28:47] 189   -15502.29 [    14663.3    3435.8   74346.2    4548.2   50000.0 ]
[24-10-31 15:28:48] 190   -15502.29 [    14663.3    3435.8   74346.2    4548.2   50000.0 ]
[24-10-31 15:28:48] 191   -15502.29 [    14663.3    3435.8   74346.2    4548.2   50000.0 ]
[24-10-31 15:28:48] 192   -15502.29 [    14663.3    3435.8   74346.2    4548.2   50000.0 ]
[24-10-31 15:28:48] 194   -15502.29 [    14663.3    3435.8   74346.2    4548.2   50000.0 ]
[24-10-31 15:28:49] 195    -15502.3 [    14664.3    3435.8   74346.2    4548.2   50000.0 ]
[24-10-31 15:28:49] 196   -15502.29 [    14661.7    3435.8   74346.2    4548.2   50000.0 ]
[24-10-31 15:28:49] 197   -15501.91 [    14485.4    3435.8   74346.2    4548.2   50000.0 ]
[24-10-31 15:28:50] 198   -15501.87 [    14409.4    3435.8   74346.2    4548.2   50000.0 ]
[24-10-31 15:28:50] 199   -15501.99 [    14286.4    3435.8   74346.2    4548.2   50000.0 ]
[24-10-31 15:28:50] 200   -15501.89 [    14362.4    3435.8   74346.2    4548.2   50000.0 ]
[24-10-31 15:28:50] 201   -15501.88 [    14438.4    3435.8   74346.2    4548.2   50000.0 ]
[24-10-31 15:28:51] 202   -15501.87 [    14415.6    3435.8   74346.2    4548.2   50000.0 ]
[24-10-31 15:28:51] 203   -15501.87 [    14413.1    3435.8   74346.2    4548.2   50000.0 ]
[24-10-31 15:28:51] 204   -15501.87 [    14418.0    3435.8   74346.2    4548.2   50000.0 ]
[24-10-31 15:28:51] 205   -15501.87 [    14415.6    3435.8   74346.2    4548.2   50000.0 ]
[24-10-31 15:28:52] 206   -15501.82 [    14415.6    3436.8   74346.2    4548.2   50000.0 ]
[24-10-31 15:28:52] 207   -15501.75 [    14415.6    3438.4   74346.2    4548.2   50000.0 ]
[24-10-31 15:28:52] 208   -15501.13 [    14415.6    3465.1   74346.2    4548.2   50000.0 ]
[24-10-31 15:28:53] 209   -15502.58 [    14415.6    3508.3   74346.2    4548.2   50000.0 ]
[24-10-31 15:28:53] 210   -15501.34 [    14415.6    3481.6   74346.2    4548.2   50000.0 ]
[24-10-31 15:28:53] 211   -15501.23 [    14415.6    3454.9   74346.2    4548.2   50000.0 ]
[24-10-31 15:28:53] 212   -15501.13 [    14415.6    3465.8   74346.2    4548.2   50000.0 ]
[24-10-31 15:28:54] 213   -15501.13 [    14415.6    3465.5   74346.2    4548.2   50000.0 ]
[24-10-31 15:28:54] 214   -15501.13 [    14415.6    3466.1   74346.2    4548.2   50000.0 ]
[24-10-31 15:28:54] 215   -15501.13 [    14415.6    3465.8   74346.2    4548.2   50000.0 ]
[24-10-31 15:28:54] 216   -15501.14 [    14415.6    3465.8   74347.2    4548.2   50000.0 ]
[24-10-31 15:28:55] 217   -15501.12 [    14415.6    3465.8   74344.6    4548.2   50000.0 ]
[24-10-31 15:28:55] 218   -15500.08 [    14415.6    3465.8   74168.2    4548.2   50000.0 ]
[24-10-31 15:28:55] 219   -15499.85 [    14415.6    3465.8   74037.1    4548.2   50000.0 ]
[24-10-31 15:28:56] 220   -15500.44 [    14415.6    3465.8   73824.9    4548.2   50000.0 ]
[24-10-31 15:28:56] 221   -15499.93 [    14415.6    3465.8   73956.0    4548.2   50000.0 ]
[24-10-31 15:28:56] 222   -15499.88 [    14415.6    3465.8   74087.2    4548.2   50000.0 ]
[24-10-31 15:28:56] 223   -15499.85 [    14415.6    3465.8   74034.0    4548.2   50000.0 ]
[24-10-31 15:28:57] 224   -15499.85 [    14415.6    3465.8   74040.2    4548.2   50000.0 ]
[24-10-31 15:28:57] 225   -15499.85 [    14415.6    3465.8   74037.1    4548.2   50000.0 ]
[24-10-31 15:28:57] 226   -15499.86 [    14415.6    3465.8   74037.1    4549.2   50000.0 ]
[24-10-31 15:28:57] 227   -15499.84 [    14415.6    3465.8   74037.1    4546.6   50000.0 ]
[24-10-31 15:28:58] 228   -15499.82 [    14415.6    3465.8   74037.1    4537.1   50000.0 ]
[24-10-31 15:28:58] 229   -15499.88 [    14415.6    3465.8   74037.1    4521.8   50000.0 ]
[24-10-31 15:28:58] 230   -15499.83 [    14415.6    3465.8   74037.1    4531.3   50000.0 ]
[24-10-31 15:28:58] 231   -15499.82 [    14415.6    3465.8   74037.1    4540.7   50000.0 ]
[24-10-31 15:28:59] 232   -15499.82 [    14415.6    3465.8   74037.1    4537.2   50000.0 ]
[24-10-31 15:28:59] 233   -15499.82 [    14415.6    3465.8   74037.1    4537.3   50000.0 ]
[24-10-31 15:28:59] 234   -15499.82 [    14415.6    3465.8   74037.1    4537.2   50000.0 ]
[24-10-31 15:29:00] 236   -15499.84 [    14415.6    3465.8   74037.1    4537.2   49998.4 ]
[24-10-31 15:29:00] 237   -15499.82 [    14415.6    3465.8   74037.1    4537.2   49999.4 ]
[24-10-31 15:29:00] 239   -15499.82 [    14415.6    3465.8   74037.1    4537.2   49999.7 ]
[24-10-31 15:29:00] 241   -15499.82 [    14415.6    3465.8   74037.1    4537.2   49999.9 ]
[24-10-31 15:29:01] 243   -15499.82 [    14415.6    3465.8   74037.1    4537.2   50000.0 ]
[24-10-31 15:29:01] 245   -15499.82 [    14415.6    3465.8   74037.1    4537.2   50000.0 ]
[24-10-31 15:29:01] 247   -15499.82 [    14415.6    3465.8   74037.1    4537.2   50000.0 ]
[24-10-31 15:29:02] 248   -15499.82 [    14415.6    3465.8   74037.1    4537.2   50000.0 ]
[24-10-31 15:29:02] 250   -15499.82 [    14415.6    3465.8   74037.1    4537.2   50000.0 ]
[24-10-31 15:29:02] 251   -15499.82 [    14415.6    3465.8   74037.1    4537.2   50000.0 ]
[24-10-31 15:29:02] 252   -15499.82 [    14415.6    3465.8   74037.1    4537.2   50000.0 ]
[24-10-31 15:29:03] 253   -15499.82 [    14415.6    3465.8   74037.1    4537.2   50000.0 ]
[24-10-31 15:29:03] 254   -15499.82 [    14415.6    3465.8   74037.1    4537.2   50000.0 ]
[24-10-31 15:29:03] 256   -15499.82 [    14415.6    3465.8   74037.1    4537.2   50000.0 ]
[24-10-31 15:29:03] 259   -15499.82 [    14415.6    3465.8   74037.1    4537.2   50000.0 ]
[24-10-31 15:29:03] 260   -15499.82 [    14416.6    3465.8   74037.1    4537.2   50000.0 ]
[24-10-31 15:29:04] 261   -15499.81 [    14413.9    3465.8   74037.1    4537.2   50000.0 ]
[24-10-31 15:29:04] 262    -15499.8 [    14372.3    3465.8   74037.1    4537.2   50000.0 ]
[24-10-31 15:29:04] 263   -15499.84 [    14304.9    3465.8   74037.1    4537.2   50000.0 ]
[24-10-31 15:29:04] 264   -15499.81 [    14346.6    3465.8   74037.1    4537.2   50000.0 ]
[24-10-31 15:29:05] 265    -15499.8 [    14388.2    3465.8   74037.1    4537.2   50000.0 ]
[24-10-31 15:29:05] 266    -15499.8 [    14372.7    3465.8   74037.1    4537.2   50000.0 ]
[24-10-31 15:29:05] 267    -15499.8 [    14373.2    3465.8   74037.1    4537.2   50000.0 ]
[24-10-31 15:29:05] 268    -15499.8 [    14372.7    3465.8   74037.1    4537.2   50000.0 ]
[24-10-31 15:29:06] 269   -15499.74 [    14372.7    3466.8   74037.1    4537.2   50000.0 ]
[24-10-31 15:29:06] 270   -15499.64 [    14372.7    3468.4   74037.1    4537.2   50000.0 ]
[24-10-31 15:29:06] 271   -15498.61 [    14372.7    3503.1   74037.1    4537.2   50000.0 ]
[24-10-31 15:29:06] 272   -15500.97 [    14372.7    3559.2   74037.1    4537.2   50000.0 ]
[24-10-31 15:29:07] 273   -15498.93 [    14372.7    3524.5   74037.1    4537.2   50000.0 ]
[24-10-31 15:29:07] 274   -15498.77 [    14372.7    3489.8   74037.1    4537.2   50000.0 ]
[24-10-31 15:29:07] 275   -15498.61 [    14372.7    3504.2   74037.1    4537.2   50000.0 ]
[24-10-31 15:29:07] 276   -15498.61 [    14372.7    3503.8   74037.1    4537.2   50000.0 ]
[24-10-31 15:29:08] 277   -15498.61 [    14372.7    3504.6   74037.1    4537.2   50000.0 ]
[24-10-31 15:29:08] 278   -15498.61 [    14372.7    3504.2   74037.1    4537.2   50000.0 ]
[24-10-31 15:29:08] 279   -15498.61 [    14372.7    3504.2   74038.1    4537.2   50000.0 ]
[24-10-31 15:29:08] 280   -15498.59 [    14372.7    3504.2   74035.4    4537.2   50000.0 ]
[24-10-31 15:29:09] 281   -15497.58 [    14372.7    3504.2   73859.1    4537.2   50000.0 ]
[24-10-31 15:29:09] 282   -15497.36 [    14372.7    3504.2   73728.8    4537.2   50000.0 ]
[24-10-31 15:29:09] 283   -15497.93 [    14372.7    3504.2   73517.9    4537.2   50000.0 ]
[24-10-31 15:29:09] 284   -15497.44 [    14372.7    3504.2   73648.2    4537.2   50000.0 ]
[24-10-31 15:29:10] 285   -15497.39 [    14372.7    3504.2   73778.5    4537.2   50000.0 ]
[24-10-31 15:29:10] 286   -15497.36 [    14372.7    3504.2   73725.7    4537.2   50000.0 ]
[24-10-31 15:29:10] 287   -15497.36 [    14372.7    3504.2   73731.8    4537.2   50000.0 ]
[24-10-31 15:29:10] 288   -15497.36 [    14372.7    3504.2   73728.8    4537.2   50000.0 ]
[24-10-31 15:29:11] 289   -15497.37 [    14372.7    3504.2   73728.8    4538.2   50000.0 ]
[24-10-31 15:29:11] 290   -15497.34 [    14372.7    3504.2   73728.8    4535.6   50000.0 ]
[24-10-31 15:29:11] 291   -15497.28 [    14372.7    3504.2   73728.8    4520.5   50000.0 ]
[24-10-31 15:29:11] 292   -15497.45 [    14372.7    3504.2   73728.8    4496.1   50000.0 ]
[24-10-31 15:29:12] 293   -15497.31 [    14372.7    3504.2   73728.8    4511.2   50000.0 ]
[24-10-31 15:29:12] 294   -15497.29 [    14372.7    3504.2   73728.8    4526.3   50000.0 ]
[24-10-31 15:29:12] 295   -15497.28 [    14372.7    3504.2   73728.8    4520.7   50000.0 ]
[24-10-31 15:29:12] 296   -15497.28 [    14372.7    3504.2   73728.8    4520.9   50000.0 ]
[24-10-31 15:29:13] 297   -15497.28 [    14372.7    3504.2   73728.8    4520.7   50000.0 ]
[24-10-31 15:29:13] 299   -15497.31 [    14372.7    3504.2   73728.8    4520.7   49998.4 ]
[24-10-31 15:29:13] 300   -15497.29 [    14372.7    3504.2   73728.8    4520.7   49999.4 ]
[24-10-31 15:29:13] 302   -15497.29 [    14372.7    3504.2   73728.8    4520.7   49999.7 ]
[24-10-31 15:29:14] 304   -15497.28 [    14372.7    3504.2   73728.8    4520.7   49999.9 ]
[24-10-31 15:29:14] 306   -15497.28 [    14372.7    3504.2   73728.8    4520.7   50000.0 ]
[24-10-31 15:29:14] 308   -15497.28 [    14372.7    3504.2   73728.8    4520.7   50000.0 ]
[24-10-31 15:29:14] 310   -15497.28 [    14372.7    3504.2   73728.8    4520.7   50000.0 ]
[24-10-31 15:29:15] 312   -15497.28 [    14372.7    3504.2   73728.8    4520.7   50000.0 ]
[24-10-31 15:29:15] 314   -15497.28 [    14372.7    3504.2   73728.8    4520.7   50000.0 ]
[24-10-31 15:29:15] 316   -15497.28 [    14372.7    3504.2   73728.8    4520.7   50000.0 ]
[24-10-31 15:29:15] 318   -15497.28 [    14372.7    3504.2   73728.8    4520.7   50000.0 ]
[24-10-31 15:29:16] 320   -15497.28 [    14372.7    3504.2   73728.8    4520.7   50000.0 ]
[24-10-31 15:29:16] 321   -15497.28 [    14372.7    3504.2   73728.8    4520.7   50000.0 ]
[24-10-31 15:29:16] 322   -15497.28 [    14372.7    3504.2   73728.8    4520.7   50000.0 ]
[24-10-31 15:29:17] 324   -15497.28 [    14372.7    3504.2   73728.8    4520.7   50000.0 ]
[24-10-31 15:29:17] 326   -15497.28 [    14372.7    3504.2   73728.8    4520.7   50000.0 ]
[24-10-31 15:29:17] 327   -15497.28 [    14372.7    3504.2   73728.8    4520.7   50000.0 ]
[24-10-31 15:29:17] 329   -15497.28 [    14372.7    3504.2   73728.8    4520.7   50000.0 ]
[24-10-31 15:29:18] 330   -15497.28 [    14372.7    3504.2   73728.8    4520.7   50000.0 ]
[24-10-31 15:29:18] 332   -15497.28 [    14372.7    3504.2   73728.8    4520.7   50000.0 ]
[24-10-31 15:29:18] 333   -15497.28 [    14373.7    3504.2   73728.8    4520.7   50000.0 ]
[24-10-31 15:29:18] 334   -15497.28 [    14371.1    3504.2   73728.8    4520.7   50000.0 ]
[24-10-31 15:29:19] 335   -15497.28 [    14371.6    3504.2   73728.8    4520.7   50000.0 ]
[24-10-31 15:29:19] 336   -15497.28 [    14372.0    3504.2   73728.8    4520.7   50000.0 ]
[24-10-31 15:29:19] 337   -15497.28 [    14371.4    3504.2   73728.8    4520.7   50000.0 ]
[24-10-31 15:29:19] 338   -15497.28 [    14371.6    3504.2   73728.8    4520.7   50000.0 ]
[24-10-31 15:29:20] 339   -15497.28 [    14371.6    3504.2   73728.8    4520.7   50000.0 ]
[24-10-31 15:29:20] 340   -15497.28 [    14371.6    3504.2   73728.8    4520.7   50000.0 ]
[24-10-31 15:29:20] 341   -15497.22 [    14371.6    3505.2   73728.8    4520.7   50000.0 ]
[24-10-31 15:29:20] 342   -15497.12 [    14371.6    3506.8   73728.8    4520.7   50000.0 ]
[24-10-31 15:29:21] 343   -15495.96 [    14371.6    3543.8   73728.8    4520.7   50000.0 ]
[24-10-31 15:29:21] 344   -15498.57 [    14371.6    3603.6   73728.8    4520.7   50000.0 ]
[24-10-31 15:29:21] 345   -15496.32 [    14371.6    3566.6   73728.8    4520.7   50000.0 ]
[24-10-31 15:29:21] 346   -15496.14 [    14371.6    3529.6   73728.8    4520.7   50000.0 ]
[24-10-31 15:29:22] 347   -15495.96 [    14371.6    3545.0   73728.8    4520.7   50000.0 ]
[24-10-31 15:29:22] 348   -15495.96 [    14371.6    3544.6   73728.8    4520.7   50000.0 ]
[24-10-31 15:29:22] 349   -15495.96 [    14371.6    3545.4   73728.8    4520.7   50000.0 ]
[24-10-31 15:29:22] 350   -15495.96 [    14371.6    3545.0   73728.8    4520.7   50000.0 ]
[24-10-31 15:29:23] 351   -15495.97 [    14371.6    3545.0   73729.8    4520.7   50000.0 ]
[24-10-31 15:29:23] 352   -15495.94 [    14371.6    3545.0   73727.1    4520.7   50000.0 ]
[24-10-31 15:29:23] 353   -15494.93 [    14371.6    3545.0   73550.8    4520.7   50000.0 ]
[24-10-31 15:29:23] 354    -15494.7 [    14371.6    3545.0   73415.7    4520.7   50000.0 ]
[24-10-31 15:29:24] 355    -15495.3 [    14371.6    3545.0   73197.1    4520.7   50000.0 ]
[24-10-31 15:29:24] 356   -15494.79 [    14371.6    3545.0   73332.2    4520.7   50000.0 ]
[24-10-31 15:29:24] 357   -15494.73 [    14371.6    3545.0   73467.3    4520.7   50000.0 ]
[24-10-31 15:29:24] 358    -15494.7 [    14371.6    3545.0   73412.5    4520.7   50000.0 ]
[24-10-31 15:29:25] 359    -15494.7 [    14371.6    3545.0   73418.8    4520.7   50000.0 ]
[24-10-31 15:29:25] 360    -15494.7 [    14371.6    3545.0   73415.7    4520.7   50000.0 ]
[24-10-31 15:29:25] 361   -15494.71 [    14371.6    3545.0   73415.7    4521.7   50000.0 ]
[24-10-31 15:29:26] 362   -15494.68 [    14371.6    3545.0   73415.7    4519.1   50000.0 ]
[24-10-31 15:29:26] 363   -15494.61 [    14371.6    3545.0   73415.7    4502.6   50000.0 ]
[24-10-31 15:29:26] 364   -15494.81 [    14371.6    3545.0   73415.7    4475.9   50000.0 ]
[24-10-31 15:29:26] 365   -15494.64 [    14371.6    3545.0   73415.7    4492.4   50000.0 ]
[24-10-31 15:29:27] 366   -15494.62 [    14371.6    3545.0   73415.7    4508.9   50000.0 ]
[24-10-31 15:29:27] 367   -15494.61 [    14371.6    3545.0   73415.7    4502.8   50000.0 ]
[24-10-31 15:29:27] 368   -15494.61 [    14371.6    3545.0   73415.7    4502.9   50000.0 ]
[24-10-31 15:29:27] 369   -15494.61 [    14371.6    3545.0   73415.7    4502.8   50000.0 ]
[24-10-31 15:29:28] 371   -15494.63 [    14371.6    3545.0   73415.7    4502.8   49998.4 ]
[24-10-31 15:29:28] 372   -15494.62 [    14371.6    3545.0   73415.7    4502.8   49999.4 ]
[24-10-31 15:29:28] 374   -15494.61 [    14371.6    3545.0   73415.7    4502.8   49999.7 ]
[24-10-31 15:29:28] 376   -15494.61 [    14371.6    3545.0   73415.7    4502.8   49999.9 ]
[24-10-31 15:29:29] 378   -15494.61 [    14371.6    3545.0   73415.7    4502.8   50000.0 ]
[24-10-31 15:29:29] 380   -15494.61 [    14371.6    3545.0   73415.7    4502.8   50000.0 ]
[24-10-31 15:29:29] 382   -15494.61 [    14371.6    3545.0   73415.7    4502.8   50000.0 ]
[24-10-31 15:29:29] 384   -15494.61 [    14371.6    3545.0   73415.7    4502.8   50000.0 ]
[24-10-31 15:29:30] 386   -15494.61 [    14371.6    3545.0   73415.7    4502.8   50000.0 ]
[24-10-31 15:29:30] 388   -15494.61 [    14371.6    3545.0   73415.7    4502.8   50000.0 ]
[24-10-31 15:29:30] 390   -15494.61 [    14371.6    3545.0   73415.7    4502.8   50000.0 ]
[24-10-31 15:29:30] 392   -15494.61 [    14371.6    3545.0   73415.7    4502.8   50000.0 ]
[24-10-31 15:29:31] 394   -15494.61 [    14371.6    3545.0   73415.7    4502.8   50000.0 ]
[24-10-31 15:29:31] 396   -15494.61 [    14371.6    3545.0   73415.7    4502.8   50000.0 ]
[24-10-31 15:29:31] 398   -15494.61 [    14371.6    3545.0   73415.7    4502.8   50000.0 ]
[24-10-31 15:29:31] 400   -15494.61 [    14371.6    3545.0   73415.7    4502.8   50000.0 ]
[24-10-31 15:29:32] 402   -15494.61 [    14371.6    3545.0   73415.7    4502.8   50000.0 ]
[24-10-31 15:29:32] 403   -15494.61 [    14371.6    3545.0   73415.7    4502.8   50000.0 ]
[24-10-31 15:29:32] 404   -15494.61 [    14371.6    3545.0   73415.7    4502.8   50000.0 ]
[24-10-31 15:29:32] 406   -15494.61 [    14371.6    3545.0   73415.7    4502.8   50000.0 ]
[24-10-31 15:29:33] 407   -15494.61 [    14371.6    3545.0   73415.7    4502.8   50000.0 ]
[24-10-31 15:29:33] 409   -15494.61 [    14371.6    3545.0   73415.7    4502.8   50000.0 ]
[24-10-31 15:29:33] 410   -15494.61 [    14371.6    3545.0   73415.7    4502.8   50000.0 ]
[24-10-31 15:29:33] 413   -15494.61 [    14371.6    3545.0   73415.7    4502.8   50000.0 ]
[24-10-31 15:29:34] 414   -15494.61 [    14372.6    3545.0   73415.7    4502.8   50000.0 ]
[24-10-31 15:29:34] 415   -15494.61 [    14374.2    3545.0   73415.7    4502.8   50000.0 ]
[24-10-31 15:29:34] 416   -15494.61 [    14379.3    3545.0   73415.7    4502.8   50000.0 ]
[24-10-31 15:29:34] 417   -15494.61 [    14387.7    3545.0   73415.7    4502.8   50000.0 ]
[24-10-31 15:29:35] 418   -15494.61 [    14382.5    3545.0   73415.7    4502.8   50000.0 ]
[24-10-31 15:29:35] 419   -15494.61 [    14377.4    3545.0   73415.7    4502.8   50000.0 ]
[24-10-31 15:29:35] 420   -15494.61 [    14379.4    3545.0   73415.7    4502.8   50000.0 ]
[24-10-31 15:29:35] 421   -15494.61 [    14379.3    3545.0   73415.7    4502.8   50000.0 ]
[24-10-31 15:29:36] 422   -15494.61 [    14379.3    3545.0   73415.7    4502.8   50000.0 ]
[24-10-31 15:29:36] 423   -15494.54 [    14379.3    3546.0   73415.7    4502.8   50000.0 ]
[24-10-31 15:29:36] 424   -15494.44 [    14379.3    3547.6   73415.7    4502.8   50000.0 ]
[24-10-31 15:29:36] 425   -15493.24 [    14379.3    3585.7   73415.7    4502.8   50000.0 ]
[24-10-31 15:29:37] 426   -15495.95 [    14379.3    3647.3   73415.7    4502.8   50000.0 ]
[24-10-31 15:29:37] 427   -15493.62 [    14379.3    3609.2   73415.7    4502.8   50000.0 ]
[24-10-31 15:29:37] 428   -15493.43 [    14379.3    3571.1   73415.7    4502.8   50000.0 ]
[24-10-31 15:29:37] 429   -15493.24 [    14379.3    3587.0   73415.7    4502.8   50000.0 ]
[24-10-31 15:29:38] 430   -15493.24 [    14379.3    3586.6   73415.7    4502.8   50000.0 ]
[24-10-31 15:29:38] 431   -15493.24 [    14379.3    3587.4   73415.7    4502.8   50000.0 ]
[24-10-31 15:29:38] 432   -15493.24 [    14379.3    3587.0   73415.7    4502.8   50000.0 ]
[24-10-31 15:29:38] 433   -15493.25 [    14379.3    3587.0   73416.7    4502.8   50000.0 ]
[24-10-31 15:29:39] 434   -15493.23 [    14379.3    3587.0   73414.0    4502.8   50000.0 ]
[24-10-31 15:29:39] 435   -15492.21 [    14379.3    3587.0   73237.7    4502.8   50000.0 ]
[24-10-31 15:29:39] 436   -15491.96 [    14379.3    3587.0   73096.5    4502.8   50000.0 ]
[24-10-31 15:29:39] 437   -15492.61 [    14379.3    3587.0   72868.2    4502.8   50000.0 ]
[24-10-31 15:29:40] 438   -15492.06 [    14379.3    3587.0   73009.3    4502.8   50000.0 ]
[24-10-31 15:29:40] 439    -15492.0 [    14379.3    3587.0   73150.5    4502.8   50000.0 ]
[24-10-31 15:29:40] 440   -15491.96 [    14379.3    3587.0   73093.4    4502.8   50000.0 ]
[24-10-31 15:29:40] 441   -15491.96 [    14379.3    3587.0   73099.7    4502.8   50000.0 ]
[24-10-31 15:29:41] 442   -15491.96 [    14379.3    3587.0   73096.5    4502.8   50000.0 ]
[24-10-31 15:29:41] 443   -15491.97 [    14379.3    3587.0   73096.5    4503.8   50000.0 ]
[24-10-31 15:29:41] 444   -15491.95 [    14379.3    3587.0   73096.5    4501.1   50000.0 ]
[24-10-31 15:29:41] 445   -15491.87 [    14379.3    3587.0   73096.5    4484.0   50000.0 ]
[24-10-31 15:29:42] 446   -15492.09 [    14379.3    3587.0   73096.5    4456.4   50000.0 ]
[24-10-31 15:29:42] 447    -15491.9 [    14379.3    3587.0   73096.5    4473.5   50000.0 ]
[24-10-31 15:29:42] 448   -15491.88 [    14379.3    3587.0   73096.5    4490.6   50000.0 ]
[24-10-31 15:29:42] 449   -15491.87 [    14379.3    3587.0   73096.5    4484.2   50000.0 ]
[24-10-31 15:29:43] 450   -15491.87 [    14379.3    3587.0   73096.5    4484.4   50000.0 ]
[24-10-31 15:29:43] 451   -15491.87 [    14379.3    3587.0   73096.5    4484.2   50000.0 ]
[24-10-31 15:29:43] 453   -15491.89 [    14379.3    3587.0   73096.5    4484.2   49998.4 ]
[24-10-31 15:29:43] 454   -15491.88 [    14379.3    3587.0   73096.5    4484.2   49999.4 ]
[24-10-31 15:29:44] 456   -15491.87 [    14379.3    3587.0   73096.5    4484.2   49999.7 ]
[24-10-31 15:29:44] 458   -15491.87 [    14379.3    3587.0   73096.5    4484.2   49999.9 ]
[24-10-31 15:29:44] 460   -15491.87 [    14379.3    3587.0   73096.5    4484.2   50000.0 ]
[24-10-31 15:29:44] 462   -15491.87 [    14379.3    3587.0   73096.5    4484.2   50000.0 ]
[24-10-31 15:29:45] 464   -15491.87 [    14379.3    3587.0   73096.5    4484.2   50000.0 ]
[24-10-31 15:29:45] 466   -15491.87 [    14379.3    3587.0   73096.5    4484.2   50000.0 ]
[24-10-31 15:29:45] 468   -15491.87 [    14379.3    3587.0   73096.5    4484.2   50000.0 ]
[24-10-31 15:29:45] 470   -15491.87 [    14379.3    3587.0   73096.5    4484.2   50000.0 ]
[24-10-31 15:29:46] 472   -15491.87 [    14379.3    3587.0   73096.5    4484.2   50000.0 ]
[24-10-31 15:29:46] 474   -15491.87 [    14379.3    3587.0   73096.5    4484.2   50000.0 ]
[24-10-31 15:29:46] 476   -15491.87 [    14379.3    3587.0   73096.5    4484.2   50000.0 ]
[24-10-31 15:29:46] 478   -15491.87 [    14379.3    3587.0   73096.5    4484.2   50000.0 ]
[24-10-31 15:29:47] 480   -15491.87 [    14379.3    3587.0   73096.5    4484.2   50000.0 ]
[24-10-31 15:29:47] 482   -15491.87 [    14379.3    3587.0   73096.5    4484.2   50000.0 ]
[24-10-31 15:29:47] 484   -15491.87 [    14379.3    3587.0   73096.5    4484.2   50000.0 ]
[24-10-31 15:29:47] 486   -15491.87 [    14379.3    3587.0   73096.5    4484.2   50000.0 ]
[24-10-31 15:29:48] 488   -15491.87 [    14379.3    3587.0   73096.5    4484.2   50000.0 ]
[24-10-31 15:29:48] 490   -15491.87 [    14379.3    3587.0   73096.5    4484.2   50000.0 ]
[24-10-31 15:29:48] 492   -15491.87 [    14379.3    3587.0   73096.5    4484.2   50000.0 ]
[24-10-31 15:29:48] 494   -15491.87 [    14379.3    3587.0   73096.5    4484.2   50000.0 ]
[24-10-31 15:29:49] 495   -15491.87 [    14379.3    3587.0   73096.5    4484.2   50000.0 ]
[24-10-31 15:29:49] 497   -15491.87 [    14379.3    3587.0   73096.5    4484.2   50000.0 ]
[24-10-31 15:29:49] 498   -15491.87 [    14379.3    3587.0   73096.5    4484.2   50000.0 ]
[24-10-31 15:29:49] 499   -15491.87 [    14379.3    3587.0   73096.5    4484.2   50000.0 ]
[24-10-31 15:29:50] 500   -15491.87 [    14379.3    3587.0   73096.5    4484.2   50000.0 ]
[24-10-31 15:29:50] 501   -15491.87 [    14379.3    3587.0   73096.5    4484.2   50000.0 ]
[24-10-31 15:29:50] 502   -15491.87 [    14379.3    3587.0   73096.5    4484.2   50000.0 ]
[24-10-31 15:29:50] 503   -15491.87 [    14379.3    3587.0   73096.5    4484.2   50000.0 ]
[24-10-31 15:29:51] 504   -15491.87 [    14379.3    3587.0   73096.5    4484.2   50000.0 ]
[24-10-31 15:29:51] 505   -15491.87 [    14379.3    3587.0   73096.5    4484.2   50000.0 ]
[24-10-31 15:29:51] 506   -15489.13 [    14387.1    3629.0   72777.4    4465.7   50000.0 ]
[24-10-31 15:29:51] 507   -15491.87 [    14379.3    3587.0   73096.5    4484.2   50000.0 ]
[24-10-31 15:29:52] 508   -15489.13 [    14387.1    3629.0   72777.4    4465.7   50000.0 ]
[24-10-31 15:29:52] 509   -15484.72 [    14399.7    3696.9   72261.1    4435.7   50000.0 ]
[24-10-31 15:29:52] 511   -15318.38 [    14923.2    6525.6   50763.4    3187.3   50000.0 ]
[24-10-31 15:29:52] 513   -15396.84 [    14661.4    5111.3   61512.2    3811.5   50000.0 ]
[24-10-31 15:29:53] 514   -15285.85 [    15046.8    7193.4   45688.5    2892.6   50000.0 ]
[24-10-31 15:29:53] 515   -15267.71 [    15123.1    7606.1   42552.0    2710.5   50000.0 ]
[24-10-31 15:29:53] 516    -15257.4 [    15170.3    7861.1   40613.5    2597.9   50000.0 ]
[24-10-31 15:29:54] 518   -15261.25 [    15152.3    7763.7   41354.0    2640.9   50000.0 ]
[24-10-31 15:29:54] 519   -15255.09 [    15181.5    7921.4   40155.9    2571.3   50000.0 ]
[24-10-31 15:29:54] 521   -15255.09 [    15181.5    7921.4   40155.9    2571.3   50000.0 ]
[24-10-31 15:29:54] 522   -15255.08 [    15182.5    7921.4   40155.9    2571.3   50000.0 ]
[24-10-31 15:29:55] 523   -15255.07 [    15184.1    7921.4   40155.9    2571.3   50000.0 ]
[24-10-31 15:29:55] 524   -15254.34 [    15360.5    7921.4   40155.9    2571.3   50000.0 ]
[24-10-31 15:29:55] 525   -15253.91 [    15617.8    7921.4   40155.9    2571.3   50000.0 ]
[24-10-31 15:29:56] 526   -15254.67 [    16034.1    7921.4   40155.9    2571.3   50000.0 ]
[24-10-31 15:29:56] 527    -15254.0 [    15776.8    7921.4   40155.9    2571.3   50000.0 ]
[24-10-31 15:29:56] 528   -15253.99 [    15519.5    7921.4   40155.9    2571.3   50000.0 ]
[24-10-31 15:29:56] 529   -15253.91 [    15645.1    7921.4   40155.9    2571.3   50000.0 ]
[24-10-31 15:29:57] 530   -15253.91 [    15640.5    7921.4   40155.9    2571.3   50000.0 ]
[24-10-31 15:29:57] 531   -15253.91 [    15649.8    7921.4   40155.9    2571.3   50000.0 ]
[24-10-31 15:29:57] 532   -15253.91 [    15645.1    7921.4   40155.9    2571.3   50000.0 ]
[24-10-31 15:29:58] 534   -15253.92 [    15645.1    7921.4   40155.9    2571.3   49998.4 ]
[24-10-31 15:29:58] 535   -15253.91 [    15645.1    7921.4   40155.9    2571.3   49999.4 ]
[24-10-31 15:29:58] 537   -15253.91 [    15645.1    7921.4   40155.9    2571.3   49999.7 ]
[24-10-31 15:29:58] 539   -15253.91 [    15645.1    7921.4   40155.9    2571.3   49999.9 ]
[24-10-31 15:29:59] 541   -15253.91 [    15645.1    7921.4   40155.9    2571.3   50000.0 ]
[24-10-31 15:29:59] 543   -15253.91 [    15645.1    7921.4   40155.9    2571.3   50000.0 ]
[24-10-31 15:29:59] 545   -15253.91 [    15645.1    7921.4   40155.9    2571.3   50000.0 ]
[24-10-31 15:30:00] 547   -15253.91 [    15645.1    7921.4   40155.9    2571.3   50000.0 ]
[24-10-31 15:30:00] 549   -15253.91 [    15645.1    7921.4   40155.9    2571.3   50000.0 ]
[24-10-31 15:30:00] 551   -15253.91 [    15645.1    7921.4   40155.9    2571.3   50000.0 ]
[24-10-31 15:30:00] 553   -15253.91 [    15645.1    7921.4   40155.9    2571.3   50000.0 ]
[24-10-31 15:30:01] 555   -15253.91 [    15645.1    7921.4   40155.9    2571.3   50000.0 ]
[24-10-31 15:30:01] 557   -15253.91 [    15645.1    7921.4   40155.9    2571.3   50000.0 ]
[24-10-31 15:30:01] 559   -15253.91 [    15645.1    7921.4   40155.9    2571.3   50000.0 ]
[24-10-31 15:30:01] 561   -15253.91 [    15645.1    7921.4   40155.9    2571.3   50000.0 ]
[24-10-31 15:30:02] 563   -15253.91 [    15645.1    7921.4   40155.9    2571.3   50000.0 ]
[24-10-31 15:30:02] 565   -15253.91 [    15645.1    7921.4   40155.9    2571.3   50000.0 ]
[24-10-31 15:30:02] 567   -15253.91 [    15645.1    7921.4   40155.9    2571.3   50000.0 ]
[24-10-31 15:30:02] 569   -15253.91 [    15645.1    7921.4   40155.9    2571.3   50000.0 ]
[24-10-31 15:30:03] 570   -15253.91 [    15645.1    7921.4   40155.9    2571.3   50000.0 ]
[24-10-31 15:30:03] 571   -15253.91 [    15645.1    7921.4   40155.9    2571.3   50000.0 ]
[24-10-31 15:30:03] 572   -15253.91 [    15645.1    7921.4   40155.9    2571.3   50000.0 ]
[24-10-31 15:30:04] 574   -15253.91 [    15645.1    7921.4   40155.9    2571.3   50000.0 ]
[24-10-31 15:30:04] 575   -15253.91 [    15645.1    7921.4   40155.9    2571.3   50000.0 ]
[24-10-31 15:30:04] 576   -15253.91 [    15645.1    7921.4   40155.9    2571.3   50000.0 ]
[24-10-31 15:30:05] 577   -15253.91 [    15645.1    7921.4   40155.9    2571.3   50000.0 ]
[24-10-31 15:30:05] 578   -15253.91 [    15645.1    7921.4   40155.9    2571.3   50000.0 ]
[24-10-31 15:30:05] 579   -15253.91 [    15645.1    7921.4   40155.9    2571.3   50000.0 ]
[24-10-31 15:30:06] 580   -15253.91 [    15645.1    7921.4   40155.9    2571.3   50000.0 ]
[24-10-31 15:30:06] 581    -15253.9 [    15645.1    7921.4   40156.9    2571.3   50000.0 ]
[24-10-31 15:30:06] 582   -15253.89 [    15645.1    7921.4   40158.5    2571.3   50000.0 ]
[24-10-31 15:30:06] 583   -15253.05 [    15645.1    7921.4   40334.9    2571.3   50000.0 ]
[24-10-31 15:30:07] 584   -15252.12 [    15645.1    7921.4   40799.6    2571.3   50000.0 ]
[24-10-31 15:30:07] 585   -15254.55 [    15645.1    7921.4   41551.4    2571.3   50000.0 ]
[24-10-31 15:30:07] 586   -15252.47 [    15645.1    7921.4   41086.7    2571.3   50000.0 ]
[24-10-31 15:30:07] 587   -15252.25 [    15645.1    7921.4   40622.1    2571.3   50000.0 ]
[24-10-31 15:30:08] 588   -15252.12 [    15645.1    7921.4   40806.0    2571.3   50000.0 ]
[24-10-31 15:30:08] 589   -15252.12 [    15645.1    7921.4   40793.1    2571.3   50000.0 ]
[24-10-31 15:30:08] 590   -15252.12 [    15645.1    7921.4   40799.6    2571.3   50000.0 ]
[24-10-31 15:30:08] 591    -15252.2 [    15645.1    7921.4   40799.6    2572.3   50000.0 ]
[24-10-31 15:30:08] 592   -15251.99 [    15645.1    7921.4   40799.6    2569.7   50000.0 ]
[24-10-31 15:30:09] 593   -15250.12 [    15645.1    7921.4   40799.6    2520.0   50000.0 ]
[24-10-31 15:30:09] 594    -15256.3 [    15645.1    7921.4   40799.6    2439.6   50000.0 ]
[24-10-31 15:30:09] 595   -15251.07 [    15645.1    7921.4   40799.6    2489.3   50000.0 ]
[24-10-31 15:30:09] 596   -15250.35 [    15645.1    7921.4   40799.6    2539.0   50000.0 ]
[24-10-31 15:30:10] 597   -15250.12 [    15645.1    7921.4   40799.6    2522.5   50000.0 ]
[24-10-31 15:30:10] 598   -15250.12 [    15645.1    7921.4   40799.6    2522.0   50000.0 ]
[24-10-31 15:30:10] 599   -15250.12 [    15645.1    7921.4   40799.6    2522.9   50000.0 ]
[24-10-31 15:30:10] 600   -15250.12 [    15645.1    7921.4   40799.6    2522.5   50000.0 ]
[24-10-31 15:30:11] 605   -15273.97 [    15550.4    7409.8   44687.7    2748.2   50000.0 ]
[24-10-31 15:30:11] 606    -15261.8 [    15597.8    7665.6   42743.6    2635.3   50000.0 ]
[24-10-31 15:30:11] 609   -15254.52 [    15627.0    7823.6   41542.1    2565.6   50000.0 ]
[24-10-31 15:30:11] 610   -15246.03 [    15662.2    8013.6   40098.4    2481.7   50000.0 ]
[24-10-31 15:30:12] 612   -15247.58 [    15655.7    7978.4   40366.2    2497.3   50000.0 ]
[24-10-31 15:30:12] 614   -15246.62 [    15659.7    8000.2   40200.7    2487.7   50000.0 ]
[24-10-31 15:30:12] 615   -15245.67 [    15663.7    8021.9   40035.1    2478.1   50000.0 ]
[24-10-31 15:30:12] 617   -15245.81 [    15663.1    8018.8   40059.3    2479.5   50000.0 ]
[24-10-31 15:30:13] 618   -15245.58 [    15664.1    8023.9   40020.2    2477.2   50000.0 ]
[24-10-31 15:30:13] 619   -15245.53 [    15664.3    8025.1   40011.0    2476.7   50000.0 ]
[24-10-31 15:30:13] 621   -15245.53 [    15664.3    8025.1   40011.0    2476.7   50000.0 ]
[24-10-31 15:30:13] 622   -15245.53 [    15665.3    8025.1   40011.0    2476.7   50000.0 ]
[24-10-31 15:30:14] 623   -15245.52 [    15666.9    8025.1   40011.0    2476.7   50000.0 ]
[24-10-31 15:30:14] 624   -15245.26 [    15843.3    8025.1   40011.0    2476.7   50000.0 ]
[24-10-31 15:30:14] 625   -15245.25 [    15896.1    8025.1   40011.0    2476.7   50000.0 ]
[24-10-31 15:30:14] 626   -15245.28 [    15981.4    8025.1   40011.0    2476.7   50000.0 ]
[24-10-31 15:30:15] 627   -15245.25 [    15928.7    8025.1   40011.0    2476.7   50000.0 ]
[24-10-31 15:30:15] 628   -15245.25 [    15875.9    8025.1   40011.0    2476.7   50000.0 ]
[24-10-31 15:30:15] 629   -15245.24 [    15900.7    8025.1   40011.0    2476.7   50000.0 ]
[24-10-31 15:30:16] 630   -15245.24 [    15903.1    8025.1   40011.0    2476.7   50000.0 ]
[24-10-31 15:30:16] 631   -15245.24 [    15900.7    8025.1   40011.0    2476.7   50000.0 ]
[24-10-31 15:30:16] 633   -15245.26 [    15900.7    8025.1   40011.0    2476.7   49998.4 ]
[24-10-31 15:30:16] 634   -15245.25 [    15900.7    8025.1   40011.0    2476.7   49999.4 ]
[24-10-31 15:30:17] 636   -15245.25 [    15900.7    8025.1   40011.0    2476.7   49999.7 ]
[24-10-31 15:30:17] 638   -15245.25 [    15900.7    8025.1   40011.0    2476.7   49999.9 ]
[24-10-31 15:30:17] 640   -15245.25 [    15900.7    8025.1   40011.0    2476.7   50000.0 ]
[24-10-31 15:30:18] 642   -15245.25 [    15900.7    8025.1   40011.0    2476.7   50000.0 ]
[24-10-31 15:30:18] 644   -15245.24 [    15900.7    8025.1   40011.0    2476.7   50000.0 ]
[24-10-31 15:30:18] 646   -15245.24 [    15900.7    8025.1   40011.0    2476.7   50000.0 ]
[24-10-31 15:30:18] 648   -15245.24 [    15900.7    8025.1   40011.0    2476.7   50000.0 ]
[24-10-31 15:30:19] 650   -15245.24 [    15900.7    8025.1   40011.0    2476.7   50000.0 ]
[24-10-31 15:30:19] 652   -15245.24 [    15900.7    8025.1   40011.0    2476.7   50000.0 ]
[24-10-31 15:30:19] 654   -15245.24 [    15900.7    8025.1   40011.0    2476.7   50000.0 ]
[24-10-31 15:30:20] 656   -15245.24 [    15900.7    8025.1   40011.0    2476.7   50000.0 ]
[24-10-31 15:30:20] 658   -15245.24 [    15900.7    8025.1   40011.0    2476.7   50000.0 ]
[24-10-31 15:30:20] 660   -15245.24 [    15900.7    8025.1   40011.0    2476.7   50000.0 ]
[24-10-31 15:30:20] 662   -15245.24 [    15900.7    8025.1   40011.0    2476.7   50000.0 ]
[24-10-31 15:30:21] 664   -15245.24 [    15900.7    8025.1   40011.0    2476.7   50000.0 ]
[24-10-31 15:30:21] 666   -15245.24 [    15900.7    8025.1   40011.0    2476.7   50000.0 ]
[24-10-31 15:30:21] 668   -15245.24 [    15900.7    8025.1   40011.0    2476.7   50000.0 ]
[24-10-31 15:30:22] 670   -15245.24 [    15900.7    8025.1   40011.0    2476.7   50000.0 ]
[24-10-31 15:30:22] 671   -15245.24 [    15900.7    8025.1   40011.0    2476.7   50000.0 ]
[24-10-31 15:30:22] 672   -15245.24 [    15900.7    8025.1   40011.0    2476.7   50000.0 ]
[24-10-31 15:30:22] 673   -15245.24 [    15900.7    8025.1   40011.0    2476.7   50000.0 ]
[24-10-31 15:30:23] 674   -15245.24 [    15900.7    8025.1   40011.0    2476.7   50000.0 ]
[24-10-31 15:30:23] 676   -15245.24 [    15900.7    8025.1   40011.0    2476.7   50000.0 ]
[24-10-31 15:30:23] 678   -15245.24 [    15900.7    8025.1   40011.0    2476.7   50000.0 ]
[24-10-31 15:30:24] 679   -15245.24 [    15900.7    8025.1   40011.0    2476.7   50000.0 ]
[24-10-31 15:30:24] 682   -15245.24 [    15900.7    8025.1   40011.0    2476.7   50000.0 ]
[24-10-31 15:30:24] 683   -15245.24 [    15900.7    8025.1   40011.0    2476.7   50000.0 ]
[24-10-31 15:30:24] 684   -15245.25 [    15900.7    8025.1   40012.0    2476.7   50000.0 ]
[24-10-31 15:30:25] 685   -15245.24 [    15900.7    8025.1   40009.4    2476.7   50000.0 ]
[24-10-31 15:30:25] 690   -15245.23 [    15900.7    8025.1   40005.6    2476.7   50000.0 ]
[24-10-31 15:30:25] 691   -15245.24 [    15900.7    8025.1   40007.5    2476.7   50000.0 ]
[24-10-31 15:30:26] 692   -15245.22 [    15900.7    8025.1   40003.3    2476.7   50000.0 ]
[24-10-31 15:30:26] 693   -15245.22 [    15900.7    8025.1   40001.9    2476.7   50000.0 ]
[24-10-31 15:30:26] 694   -15245.22 [    15900.7    8025.1   40001.0    2476.7   50000.0 ]
[24-10-31 15:30:26] 695   -15245.22 [    15900.7    8025.1   40000.4    2476.7   50000.0 ]
[24-10-31 15:30:27] 696   -15245.22 [    15900.7    8025.1   40000.1    2476.7   50000.0 ]
[24-10-31 15:30:27] 698   -15245.22 [    15900.7    8025.1   40000.2    2476.7   50000.0 ]
[24-10-31 15:30:27] 699   -15245.22 [    15900.7    8025.1   40000.1    2476.7   50000.0 ]
[24-10-31 15:30:27] 700   -15245.23 [    15900.7    8025.1   40000.1    2477.7   50000.0 ]
[24-10-31 15:30:28] 701   -15245.21 [    15900.7    8025.1   40000.1    2475.0   50000.0 ]
[24-10-31 15:30:28] 702    -15245.2 [    15900.7    8025.1   40000.1    2472.4   50000.0 ]
[24-10-31 15:30:28] 703   -15245.22 [    15900.7    8025.1   40000.1    2468.2   50000.0 ]
[24-10-31 15:30:28] 704    -15245.2 [    15900.7    8025.1   40000.1    2470.8   50000.0 ]
[24-10-31 15:30:29] 705    -15245.2 [    15900.7    8025.1   40000.1    2473.4   50000.0 ]
[24-10-31 15:30:29] 706    -15245.2 [    15900.7    8025.1   40000.1    2472.5   50000.0 ]
[24-10-31 15:30:29] 707    -15245.2 [    15900.7    8025.1   40000.1    2472.4   50000.0 ]
[24-10-31 15:30:29] 708    -15245.2 [    15900.7    8025.1   40000.1    2472.4   50000.0 ]
[24-10-31 15:30:30] 719   -15245.73 [    15898.5    8013.1   40091.7    2477.7   50000.0 ]
[24-10-31 15:30:30] 720   -15245.47 [    15899.6    8019.1   40045.9    2475.1   50000.0 ]
[24-10-31 15:30:30] 723    -15245.3 [    15900.3    8022.8   40017.6    2473.4   50000.0 ]
[24-10-31 15:30:31] 725   -15245.24 [    15900.6    8024.2   40006.8    2472.8   50000.0 ]
[24-10-31 15:30:31] 727   -15245.22 [    15900.7    8024.8   40002.7    2472.6   50000.0 ]
[24-10-31 15:30:31] 729   -15245.21 [    15900.7    8025.0   40001.1    2472.5   50000.0 ]
[24-10-31 15:30:31] 731    -15245.2 [    15900.7    8025.1   40000.5    2472.4   50000.0 ]
[24-10-31 15:30:32] 733    -15245.2 [    15900.7    8025.1   40000.2    2472.4   50000.0 ]
[24-10-31 15:30:32] 735    -15245.2 [    15900.7    8025.1   40000.2    2472.4   50000.0 ]
[24-10-31 15:30:32] 736    -15245.2 [    15900.7    8025.1   40000.1    2472.4   50000.0 ]
[24-10-31 15:30:33] 737    -15245.2 [    15900.7    8025.1   40000.0    2472.4   50000.0 ]
[24-10-31 15:30:33] 738    -15245.2 [    15900.7    8025.1   40000.0    2472.4   50000.0 ]
[24-10-31 15:30:33] 739    -15245.2 [    15900.7    8025.1   40000.0    2472.4   50000.0 ]
[24-10-31 15:30:33] 740    -15245.2 [    15900.7    8025.1   40000.0    2472.4   50000.0 ]
[24-10-31 15:30:34] 741    -15245.2 [    15900.7    8025.1   40000.0    2472.4   50000.0 ]
[24-10-31 15:30:34] 743    -15245.2 [    15900.7    8025.1   40000.0    2472.4   50000.0 ]
Optimization terminated successfully.
         Current function value: 15245.200171
         Iterations: 9
         Function evaluations: 744
[24-10-31 15:30:34] 744      fit p: [    15900.7    8025.1   40000.0    2472.4   50000.0 ]
method: Powell
objective_func: objective_H2
fopt: -15245.200170946566
max_iter: 100
num_iter: 9
func_calls: 744
flag: 0
u_fitted: False
u: 1.111e-08
