[24-11-01 12:12:27] fitting objective_H2 to data for demes ['KhomaniSan', 'Yoruba']
[24-11-01 12:12:27] 0        pnames [        NA1       TA1        NK        NY ]
[24-11-01 12:12:27] 0            p0 [    29233.0  123942.4   11328.7   19560.1 ]
[24-11-01 12:12:28] 1     -12079.64 [    29233.0  123942.4   11328.7   19560.1 ]
[24-11-01 12:12:28] 2     -12079.64 [    29233.0  123942.4   11328.7   19560.1 ]
[24-11-01 12:12:28] 3     -12078.93 [    29234.0  123942.4   11328.7   19560.1 ]
[24-11-01 12:12:28] 4     -12077.77 [    29235.6  123942.4   11328.7   19560.1 ]
[24-11-01 12:12:28] 5     -11953.19 [    29412.0  123942.4   11328.7   19560.1 ]
[24-11-01 12:12:28] 6      -6263.13 [    41887.7  123942.4   11328.7   19560.1 ]
[24-11-01 12:12:29] 8      -4531.89 [    49598.1  123942.4   11328.7   19560.1 ]
[24-11-01 12:12:29] 10     -5292.31 [    45742.9  123942.4   11328.7   19560.1 ]
[24-11-01 12:12:29] 12     -4801.15 [    48125.5  123942.4   11328.7   19560.1 ]
[24-11-01 12:12:29] 14     -4631.89 [    49035.6  123942.4   11328.7   19560.1 ]
[24-11-01 12:12:29] 15     -4485.85 [    49863.6  123942.4   11328.7   19560.1 ]
[24-11-01 12:12:29] 17     -4485.85 [    49863.6  123942.4   11328.7   19560.1 ]
[24-11-01 12:12:30] 18     -4485.87 [    49863.6  123943.4   11328.7   19560.1 ]
[24-11-01 12:12:30] 19     -4485.82 [    49863.6  123940.8   11328.7   19560.1 ]
[24-11-01 12:12:30] 20     -4482.65 [    49863.6  123764.5   11328.7   19560.1 ]
[24-11-01 12:12:30] 21     -4229.41 [    49863.6  104540.6   11328.7   19560.1 ]
[24-11-01 12:12:30] 22     -4164.93 [    49863.6   87456.5   11328.7   19560.1 ]
[24-11-01 12:12:30] 23      -4407.4 [    49863.6   59813.8   11328.7   19560.1 ]
[24-11-01 12:12:31] 24     -4205.26 [    49863.6   76897.9   11328.7   19560.1 ]
[24-11-01 12:12:31] 25     -4171.03 [    49863.6   93982.0   11328.7   19560.1 ]
[24-11-01 12:12:31] 26     -4164.26 [    49863.6   89040.1   11328.7   19560.1 ]
[24-11-01 12:12:31] 27     -4164.29 [    49863.6   88691.1   11328.7   19560.1 ]
[24-11-01 12:12:31] 28      -4164.3 [    49863.6   89389.1   11328.7   19560.1 ]
[24-11-01 12:12:32] 29     -4164.26 [    49863.6   89040.1   11328.7   19560.1 ]
[24-11-01 12:12:32] 30     -4163.91 [    49863.6   89040.1   11329.7   19560.1 ]
[24-11-01 12:12:32] 31     -4163.33 [    49863.6   89040.1   11331.3   19560.1 ]
[24-11-01 12:12:32] 32     -4102.27 [    49863.6   89040.1   11507.7   19560.1 ]
[24-11-01 12:12:32] 33     -3253.77 [    49863.6   89040.1   15302.0   19560.1 ]
[24-11-01 12:12:32] 34     -2731.51 [    49863.6   89040.1   21441.3   19560.1 ]
[24-11-01 12:12:33] 35     -2732.49 [    49863.6   89040.1   21421.0   19560.1 ]
[24-11-01 12:12:33] 36     -2483.97 [    49863.6   89040.1   31374.9   19560.1 ]
[24-11-01 12:12:33] 37     -2505.09 [    49863.6   89040.1   29737.8   19560.1 ]
[24-11-01 12:12:33] 38     -2406.74 [    49863.6   89040.1   47447.9   19560.1 ]
[24-11-01 12:12:33] 39     -2416.06 [    49863.6   89040.1   42517.2   19560.1 ]
[24-11-01 12:12:34] 40     -2409.37 [    49863.6   89040.1   73454.5   19560.1 ]
[24-11-01 12:12:34] 41     -2402.09 [    49863.6   89040.1   57381.5   19560.1 ]
[24-11-01 12:12:34] 42     -2403.75 [    49863.6   89040.1   63520.8   19560.1 ]
[24-11-01 12:12:34] 43     -2402.13 [    49863.6   89040.1   57842.0   19560.1 ]
[24-11-01 12:12:34] 44     -2402.05 [    49863.6   89040.1   56009.2   19560.1 ]
[24-11-01 12:12:34] 45     -2402.68 [    49863.6   89040.1   52739.1   19560.1 ]
[24-11-01 12:12:35] 46     -2402.04 [    49863.6   89040.1   56456.0   19560.1 ]
[24-11-01 12:12:35] 47     -2402.06 [    49863.6   89040.1   56907.3   19560.1 ]
[24-11-01 12:12:35] 48     -2402.04 [    49863.6   89040.1   56456.0   19560.1 ]
[24-11-01 12:12:35] 49     -2402.08 [    49863.6   89040.1   56456.0   19561.1 ]
[24-11-01 12:12:35] 50     -2401.99 [    49863.6   89040.1   56456.0   19558.5 ]
[24-11-01 12:12:35] 51     -2396.08 [    49863.6   89040.1   56456.0   19382.1 ]
[24-11-01 12:12:36] 52     -2370.53 [    49863.6   89040.1   56456.0   16370.7 ]
[24-11-01 12:12:36] 53     -3136.16 [    49863.6   89040.1   56456.0   11498.1 ]
[24-11-01 12:12:36] 54     -2479.39 [    49863.6   89040.1   56456.0   14509.5 ]
[24-11-01 12:12:36] 55      -2359.6 [    49863.6   89040.1   56456.0   17520.9 ]
[24-11-01 12:12:36] 56     -2359.36 [    49863.6   89040.1   56456.0   17237.7 ]
[24-11-01 12:12:37] 57     -2359.25 [    49863.6   89040.1   56456.0   17343.3 ]
[24-11-01 12:12:37] 58     -2359.25 [    49863.6   89040.1   56456.0   17321.2 ]
[24-11-01 12:12:37] 59     -2359.26 [    49863.6   89040.1   56456.0   17365.5 ]
[24-11-01 12:12:37] 61     -2359.25 [    49863.6   89040.1   56456.0   17343.3 ]
[24-11-01 12:12:37] 62     -2359.12 [    49864.6   89040.1   56456.0   17343.3 ]
[24-11-01 12:12:37] 63      -2358.9 [    49866.3   89040.1   56456.0   17343.3 ]
[24-11-01 12:12:38] 65     -2349.92 [    49933.6   89040.1   56456.0   17343.3 ]
[24-11-01 12:12:38] 66     -2344.39 [    49975.3   89040.1   56456.0   17343.3 ]
[24-11-01 12:12:38] 68      -2346.5 [    49959.4   89040.1   56456.0   17343.3 ]
[24-11-01 12:12:38] 69     -2343.09 [    49985.1   89040.1   56456.0   17343.3 ]
[24-11-01 12:12:38] 70     -2342.28 [    49991.2   89040.1   56456.0   17343.3 ]
[24-11-01 12:12:38] 71     -2341.78 [    49994.9   89040.1   56456.0   17343.3 ]
[24-11-01 12:12:39] 72     -2341.48 [    49997.2   89040.1   56456.0   17343.3 ]
[24-11-01 12:12:39] 73     -2341.29 [    49998.7   89040.1   56456.0   17343.3 ]
[24-11-01 12:12:39] 74     -2341.29 [    49998.7   89040.1   56456.0   17343.3 ]
[24-11-01 12:12:39] 75     -2341.27 [    49998.7   89041.1   56456.0   17343.3 ]
[24-11-01 12:12:39] 76     -2341.25 [    49998.7   89042.7   56456.0   17343.3 ]
[24-11-01 12:12:40] 77     -2339.11 [    49998.7   89219.1   56456.0   17343.3 ]
[24-11-01 12:12:40] 78     -2237.84 [    49998.7  105676.4   56456.0   17343.3 ]
[24-11-01 12:12:40] 79     -2469.17 [    49998.7  132304.7   56456.0   17343.3 ]
[24-11-01 12:12:40] 80     -2270.25 [    49998.7  115847.5   56456.0   17343.3 ]
[24-11-01 12:12:40] 81     -2253.69 [    49998.7   99390.2   56456.0   17343.3 ]
[24-11-01 12:12:40] 82     -2237.76 [    49998.7  106168.3   56456.0   17343.3 ]
[24-11-01 12:12:41] 83     -2237.77 [    49998.7  105997.0   56456.0   17343.3 ]
[24-11-01 12:12:41] 84     -2237.78 [    49998.7  106339.6   56456.0   17343.3 ]
[24-11-01 12:12:41] 85     -2237.76 [    49998.7  106168.3   56456.0   17343.3 ]
[24-11-01 12:12:41] 86     -2237.77 [    49998.7  106168.3   56457.0   17343.3 ]
[24-11-01 12:12:41] 87     -2237.76 [    49998.7  106168.3   56454.4   17343.3 ]
[24-11-01 12:12:41] 88     -2237.75 [    49998.7  106168.3   56451.8   17343.3 ]
[24-11-01 12:12:42] 89     -2237.73 [    49998.7  106168.3   56447.5   17343.3 ]
[24-11-01 12:12:42] 90     -2237.71 [    49998.7  106168.3   56440.7   17343.3 ]
[24-11-01 12:12:42] 91     -2237.67 [    49998.7  106168.3   56429.6   17343.3 ]
[24-11-01 12:12:42] 92     -2237.61 [    49998.7  106168.3   56411.6   17343.3 ]
[24-11-01 12:12:42] 93      -2237.5 [    49998.7  106168.3   56382.6   17343.3 ]
[24-11-01 12:12:43] 94     -2237.33 [    49998.7  106168.3   56335.6   17343.3 ]
[24-11-01 12:12:43] 95     -2237.06 [    49998.7  106168.3   56259.6   17343.3 ]
[24-11-01 12:12:43] 96     -2236.62 [    49998.7  106168.3   56136.6   17343.3 ]
[24-11-01 12:12:43] 97      -2235.9 [    49998.7  106168.3   55937.6   17343.3 ]
[24-11-01 12:12:43] 98     -2234.74 [    49998.7  106168.3   55615.6   17343.3 ]
[24-11-01 12:12:43] 99     -2432.87 [    49998.7  106168.3   20518.0   17343.3 ]
[24-11-01 12:12:44] 100    -2191.38 [    49998.7  106168.3   42209.5   17343.3 ]
[24-11-01 12:12:44] 101     -2187.0 [    49998.7  106168.3   33924.1   17343.3 ]
[24-11-01 12:12:44] 102    -2184.31 [    49998.7  106168.3   35950.4   17343.3 ]
[24-11-01 12:12:44] 103    -2184.17 [    49998.7  106168.3   37177.0   17343.3 ]
[24-11-01 12:12:44] 104    -2184.11 [    49998.7  106168.3   36713.4   17343.3 ]
[24-11-01 12:12:45] 105    -2184.12 [    49998.7  106168.3   36910.8   17343.3 ]
[24-11-01 12:12:45] 106    -2184.12 [    49998.7  106168.3   36515.9   17343.3 ]
[24-11-01 12:12:45] 107    -2184.11 [    49998.7  106168.3   36713.4   17343.3 ]
[24-11-01 12:12:45] 108    -2184.06 [    49998.7  106168.3   36713.4   17344.3 ]
[24-11-01 12:12:45] 109    -2183.98 [    49998.7  106168.3   36713.4   17345.9 ]
[24-11-01 12:12:45] 110    -2175.68 [    49998.7  106168.3   36713.4   17522.3 ]
[24-11-01 12:12:46] 111    -2143.33 [    49998.7  106168.3   36713.4   18805.4 ]
[24-11-01 12:12:46] 112    -2166.57 [    49998.7  106168.3   36713.4   20881.5 ]
[24-11-01 12:12:46] 113    -2143.27 [    49998.7  106168.3   36713.4   19598.4 ]
[24-11-01 12:12:46] 114    -2149.16 [    49998.7  106168.3   36713.4   20088.5 ]
[24-11-01 12:12:46] 115    -2141.69 [    49998.7  106168.3   36713.4   19205.8 ]
[24-11-01 12:12:46] 116    -2141.69 [    49998.7  106168.3   36713.4   19187.2 ]
[24-11-01 12:12:47] 117    -2141.69 [    49998.7  106168.3   36713.4   19224.4 ]
[24-11-01 12:12:47] 119    -2141.69 [    49998.7  106168.3   36713.4   19205.8 ]
[24-11-01 12:12:47] 120    -2141.55 [    49999.7  106168.3   36713.4   19205.8 ]
[24-11-01 12:12:47] 123     -2141.6 [    49999.3  106168.3   36713.4   19205.8 ]
[24-11-01 12:12:47] 124    -2141.58 [    49999.5  106168.3   36713.4   19205.8 ]
[24-11-01 12:12:48] 125    -2141.52 [    49999.9  106168.3   36713.4   19205.8 ]
[24-11-01 12:12:48] 127    -2141.53 [    49999.8  106168.3   36713.4   19205.8 ]
[24-11-01 12:12:48] 128    -2141.51 [    50000.0  106168.3   36713.4   19205.8 ]
[24-11-01 12:12:48] 130    -2141.52 [    49999.9  106168.3   36713.4   19205.8 ]
[24-11-01 12:12:48] 131    -2141.51 [    50000.0  106168.3   36713.4   19205.8 ]
[24-11-01 12:12:48] 132    -2141.51 [    50000.0  106168.3   36713.4   19205.8 ]
[24-11-01 12:12:49] 133     -2141.5 [    50000.0  106169.3   36713.4   19205.8 ]
[24-11-01 12:12:49] 134    -2141.48 [    50000.0  106170.9   36713.4   19205.8 ]
[24-11-01 12:12:49] 135    -2139.63 [    50000.0  106347.3   36713.4   19205.8 ]
[24-11-01 12:12:49] 136    -2036.19 [    50000.0  125571.1   36713.4   19205.8 ]
[24-11-01 12:12:49] 137    -2036.06 [    50000.0  126100.4   36713.4   19205.8 ]
[24-11-01 12:12:49] 138    -2036.16 [    50000.0  126956.9   36713.4   19205.8 ]
[24-11-01 12:12:50] 139    -2036.06 [    50000.0  126427.6   36713.4   19205.8 ]
[24-11-01 12:12:50] 140    -2036.08 [    50000.0  126630.2   36713.4   19205.8 ]
[24-11-01 12:12:50] 141    -2036.06 [    50000.0  126427.6   36713.4   19205.8 ]
[24-11-01 12:12:50] 142    -2036.06 [    50000.0  126427.6   36714.4   19205.8 ]
[24-11-01 12:12:50] 143    -2036.06 [    50000.0  126427.6   36716.0   19205.8 ]
[24-11-01 12:12:51] 144    -2036.01 [    50000.0  126427.6   36892.4   19205.8 ]
[24-11-01 12:12:51] 145     -2036.0 [    50000.0  126427.6   37078.8   19205.8 ]
[24-11-01 12:12:51] 146    -2036.03 [    50000.0  126427.6   37380.6   19205.8 ]
[24-11-01 12:12:51] 147     -2036.0 [    50000.0  126427.6   37194.1   19205.8 ]
[24-11-01 12:12:51] 148     -2036.0 [    50000.0  126427.6   37007.6   19205.8 ]
[24-11-01 12:12:51] 149     -2036.0 [    50000.0  126427.6   37086.1   19205.8 ]
[24-11-01 12:12:52] 150     -2036.0 [    50000.0  126427.6   37089.9   19205.8 ]
[24-11-01 12:12:52] 151     -2036.0 [    50000.0  126427.6   37086.1   19205.8 ]
[24-11-01 12:12:52] 152    -2035.92 [    50000.0  126427.6   37086.1   19206.8 ]
[24-11-01 12:12:52] 153     -2035.8 [    50000.0  126427.6   37086.1   19208.4 ]
[24-11-01 12:12:52] 154    -2023.29 [    50000.0  126427.6   37086.1   19384.8 ]
[24-11-01 12:12:53] 155    -1944.27 [    50000.0  126427.6   37086.1   21367.7 ]
[24-11-01 12:12:53] 156    -1974.49 [    50000.0  126427.6   37086.1   24576.1 ]
[24-11-01 12:12:53] 157    -1938.47 [    50000.0  126427.6   37086.1   22593.2 ]
[24-11-01 12:12:53] 158    -1946.65 [    50000.0  126427.6   37086.1   23350.6 ]
[24-11-01 12:12:53] 159    -1937.52 [    50000.0  126427.6   37086.1   22282.4 ]
[24-11-01 12:12:53] 160     -1937.5 [    50000.0  126427.6   37086.1   22251.7 ]
[24-11-01 12:12:54] 161    -1937.51 [    50000.0  126427.6   37086.1   22221.2 ]
[24-11-01 12:12:54] 163     -1937.5 [    50000.0  126427.6   37086.1   22251.7 ]
[24-11-01 12:12:54] 165    -1937.71 [    49998.4  126427.6   37086.1   22251.7 ]
[24-11-01 12:12:54] 166    -1937.58 [    49999.4  126427.6   37086.1   22251.7 ]
[24-11-01 12:12:54] 168    -1937.54 [    49999.7  126427.6   37086.1   22251.7 ]
[24-11-01 12:12:55] 170    -1937.52 [    49999.9  126427.6   37086.1   22251.7 ]
[24-11-01 12:12:55] 172    -1937.51 [    49999.9  126427.6   37086.1   22251.7 ]
[24-11-01 12:12:55] 174    -1937.51 [    50000.0  126427.6   37086.1   22251.7 ]
[24-11-01 12:12:55] 175     -1937.5 [    50000.0  126427.6   37086.1   22251.7 ]
[24-11-01 12:12:55] 176     -1937.5 [    50000.0  126427.6   37086.1   22251.7 ]
[24-11-01 12:12:56] 177     -1937.5 [    50000.0  126427.6   37086.1   22251.7 ]
[24-11-01 12:12:56] 178     -1937.5 [    50000.0  126427.6   37086.1   22251.7 ]
[24-11-01 12:12:56] 179     -1937.5 [    50000.0  126427.6   37086.1   22251.7 ]
[24-11-01 12:12:56] 180     -1937.5 [    50000.0  126427.6   37086.1   22251.7 ]
[24-11-01 12:12:56] 181     -1937.5 [    50000.0  126427.6   37086.1   22251.7 ]
[24-11-01 12:12:56] 183     -1937.5 [    50000.0  126427.6   37086.1   22251.7 ]
[24-11-01 12:12:57] 184     -1937.5 [    50000.0  126427.6   37086.1   22251.7 ]
[24-11-01 12:12:57] 185    -1937.49 [    50000.0  126428.6   37086.1   22251.7 ]
[24-11-01 12:12:57] 186    -1937.48 [    50000.0  126430.2   37086.1   22251.7 ]
[24-11-01 12:12:57] 187    -1935.82 [    50000.0  126606.6   37086.1   22251.7 ]
[24-11-01 12:12:57] 188    -1828.09 [    50000.0  145830.4   37086.1   22251.7 ]
[24-11-01 12:12:58] 189    -1823.36 [    50000.0  150535.1   37086.1   22251.7 ]
[24-11-01 12:12:58] 190    -1833.29 [    50000.0  158147.5   37086.1   22251.7 ]
[24-11-01 12:12:58] 191     -1824.6 [    50000.0  153442.8   37086.1   22251.7 ]
[24-11-01 12:12:58] 192    -1824.18 [    50000.0  148738.1   37086.1   22251.7 ]
[24-11-01 12:12:58] 193    -1823.34 [    50000.0  150852.1   37086.1   22251.7 ]
[24-11-01 12:12:59] 194    -1823.35 [    50000.0  151096.3   37086.1   22251.7 ]
[24-11-01 12:12:59] 195    -1823.34 [    50000.0  150852.1   37086.1   22251.7 ]
[24-11-01 12:12:59] 196    -1823.34 [    50000.0  150852.1   37087.1   22251.7 ]
[24-11-01 12:12:59] 197    -1823.33 [    50000.0  150852.1   37088.8   22251.7 ]
[24-11-01 12:12:59] 198    -1822.78 [    50000.0  150852.1   37265.1   22251.7 ]
[24-11-01 12:12:59] 199    -1819.03 [    50000.0  150852.1   39488.8   22251.7 ]
[24-11-01 12:13:00] 200    -1822.68 [    50000.0  150852.1   43086.8   22251.7 ]
[24-11-01 12:13:00] 201    -1819.24 [    50000.0  150852.1   40863.1   22251.7 ]
[24-11-01 12:13:00] 202     -1819.8 [    50000.0  150852.1   38639.4   22251.7 ]
[24-11-01 12:13:00] 203    -1818.91 [    50000.0  150852.1   40015.9   22251.7 ]
[24-11-01 12:13:00] 204    -1818.91 [    50000.0  150852.1   39986.6   22251.7 ]
[24-11-01 12:13:01] 205    -1818.91 [    50000.0  150852.1   39957.6   22251.7 ]
[24-11-01 12:13:01] 206    -1818.91 [    50000.0  150852.1   39986.6   22251.7 ]
[24-11-01 12:13:01] 207    -1818.84 [    50000.0  150852.1   39986.6   22252.7 ]
[24-11-01 12:13:01] 208    -1818.72 [    50000.0  150852.1   39986.6   22254.3 ]
[24-11-01 12:13:01] 209     -1806.3 [    50000.0  150852.1   39986.6   22430.6 ]
[24-11-01 12:13:02] 210    -1708.62 [    50000.0  150852.1   39986.6   24875.0 ]
[24-11-01 12:13:02] 211     -1740.9 [    50000.0  150852.1   39986.6   28829.9 ]
[24-11-01 12:13:02] 212     -1700.4 [    50000.0  150852.1   39986.6   26385.6 ]
[24-11-01 12:13:02] 213    -1709.32 [    50000.0  150852.1   39986.6   27319.3 ]
[24-11-01 12:13:02] 214    -1699.61 [    50000.0  150852.1   39986.6   26073.8 ]
[24-11-01 12:13:02] 215    -1699.59 [    50000.0  150852.1   39986.6   26035.5 ]
[24-11-01 12:13:03] 216    -1699.59 [    50000.0  150852.1   39986.6   25997.7 ]
[24-11-01 12:13:03] 218    -1699.59 [    50000.0  150852.1   39986.6   26035.5 ]
[24-11-01 12:13:03] 220    -1699.78 [    49998.4  150852.1   39986.6   26035.5 ]
[24-11-01 12:13:03] 221    -1699.66 [    49999.4  150852.1   39986.6   26035.5 ]
[24-11-01 12:13:03] 223    -1699.63 [    49999.7  150852.1   39986.6   26035.5 ]
[24-11-01 12:13:03] 225    -1699.61 [    49999.9  150852.1   39986.6   26035.5 ]
[24-11-01 12:13:04] 227     -1699.6 [    50000.0  150852.1   39986.6   26035.5 ]
[24-11-01 12:13:04] 229    -1699.59 [    50000.0  150852.1   39986.6   26035.5 ]
[24-11-01 12:13:04] 231    -1699.59 [    50000.0  150852.1   39986.6   26035.5 ]
[24-11-01 12:13:04] 233    -1699.59 [    50000.0  150852.1   39986.6   26035.5 ]
[24-11-01 12:13:04] 235    -1699.59 [    50000.0  150852.1   39986.6   26035.5 ]
[24-11-01 12:13:05] 237    -1699.59 [    50000.0  150852.1   39986.6   26035.5 ]
[24-11-01 12:13:05] 238    -1699.59 [    50000.0  150852.1   39986.6   26035.5 ]
[24-11-01 12:13:05] 240    -1699.59 [    50000.0  150852.1   39986.6   26035.5 ]
[24-11-01 12:13:05] 242    -1699.59 [    50000.0  150852.1   39986.6   26035.5 ]
[24-11-01 12:13:05] 243    -1699.59 [    50000.0  150852.1   39986.6   26035.5 ]
[24-11-01 12:13:06] 244    -1699.59 [    50000.0  150852.1   39986.6   26035.5 ]
[24-11-01 12:13:06] 246    -1699.59 [    50000.0  150852.1   39986.6   26035.5 ]
[24-11-01 12:13:06] 247    -1699.59 [    50000.0  150852.1   39986.6   26035.5 ]
[24-11-01 12:13:06] 248    -1699.59 [    50000.0  150852.1   39986.6   26035.5 ]
[24-11-01 12:13:06] 249    -1699.58 [    50000.0  150853.1   39986.6   26035.5 ]
[24-11-01 12:13:06] 250    -1699.57 [    50000.0  150854.7   39986.6   26035.5 ]
[24-11-01 12:13:07] 251    -1698.07 [    50000.0  151031.1   39986.6   26035.5 ]
[24-11-01 12:13:07] 252    -1588.13 [    50000.0  170254.9   39986.6   26035.5 ]
[24-11-01 12:13:07] 253    -1572.31 [    50000.0  180473.8   39986.6   26035.5 ]
[24-11-01 12:13:07] 254    -1607.63 [    50000.0  197008.2   39986.6   26035.5 ]
[24-11-01 12:13:07] 255     -1577.0 [    50000.0  186789.4   39986.6   26035.5 ]
[24-11-01 12:13:07] 256    -1574.91 [    50000.0  176570.5   39986.6   26035.5 ]
[24-11-01 12:13:08] 257    -1572.28 [    50000.0  180938.8   39986.6   26035.5 ]
[24-11-01 12:13:08] 258    -1572.29 [    50000.0  181239.7   39986.6   26035.5 ]
[24-11-01 12:13:08] 259    -1572.28 [    50000.0  180938.8   39986.6   26035.5 ]
[24-11-01 12:13:08] 260    -1572.27 [    50000.0  180938.8   39987.6   26035.5 ]
[24-11-01 12:13:08] 261    -1572.27 [    50000.0  180938.8   39989.2   26035.5 ]
[24-11-01 12:13:08] 262    -1571.56 [    50000.0  180938.8   40165.6   26035.5 ]
[24-11-01 12:13:09] 263     -1565.8 [    50000.0  180938.8   42809.0   26035.5 ]
[24-11-01 12:13:09] 264     -1570.9 [    50000.0  180938.8   47086.0   26035.5 ]
[24-11-01 12:13:09] 265    -1566.01 [    50000.0  180938.8   44442.7   26035.5 ]
[24-11-01 12:13:09] 266     -1567.0 [    50000.0  180938.8   41799.3   26035.5 ]
[24-11-01 12:13:09] 267    -1565.58 [    50000.0  180938.8   43493.4   26035.5 ]
[24-11-01 12:13:09] 268    -1565.58 [    50000.0  180938.8   43458.3   26035.5 ]
[24-11-01 12:13:10] 269    -1565.58 [    50000.0  180938.8   43423.6   26035.5 ]
[24-11-01 12:13:10] 270    -1565.58 [    50000.0  180938.8   43458.3   26035.5 ]
[24-11-01 12:13:10] 271    -1565.52 [    50000.0  180938.8   43458.3   26036.5 ]
[24-11-01 12:13:10] 272    -1565.41 [    50000.0  180938.8   43458.3   26038.2 ]
[24-11-01 12:13:10] 273    -1553.82 [    50000.0  180938.8   43458.3   26214.5 ]
[24-11-01 12:13:10] 274    -1444.24 [    50000.0  180938.8   43458.3   29138.5 ]
[24-11-01 12:13:11] 275    -1479.25 [    50000.0  180938.8   43458.3   33869.7 ]
[24-11-01 12:13:11] 276    -1434.83 [    50000.0  180938.8   43458.3   30945.7 ]
[24-11-01 12:13:11] 277    -1444.56 [    50000.0  180938.8   43458.3   32062.6 ]
[24-11-01 12:13:11] 278    -1434.01 [    50000.0  180938.8   43458.3   30589.1 ]
[24-11-01 12:13:11] 279    -1433.99 [    50000.0  180938.8   43458.3   30543.6 ]
[24-11-01 12:13:11] 280    -1433.99 [    50000.0  180938.8   43458.3   30498.5 ]
[24-11-01 12:13:12] 282    -1433.99 [    50000.0  180938.8   43458.3   30543.6 ]
[24-11-01 12:13:12] 284    -1434.15 [    49998.4  180938.8   43458.3   30543.6 ]
[24-11-01 12:13:12] 285    -1434.05 [    49999.4  180938.8   43458.3   30543.6 ]
[24-11-01 12:13:12] 287    -1434.02 [    49999.7  180938.8   43458.3   30543.6 ]
[24-11-01 12:13:12] 289     -1434.0 [    49999.9  180938.8   43458.3   30543.6 ]
[24-11-01 12:13:12] 291     -1434.0 [    50000.0  180938.8   43458.3   30543.6 ]
[24-11-01 12:13:13] 293    -1433.99 [    50000.0  180938.8   43458.3   30543.6 ]
[24-11-01 12:13:13] 295    -1433.99 [    50000.0  180938.8   43458.3   30543.6 ]
[24-11-01 12:13:13] 297    -1433.99 [    50000.0  180938.8   43458.3   30543.6 ]
[24-11-01 12:13:13] 299    -1433.99 [    50000.0  180938.8   43458.3   30543.6 ]
[24-11-01 12:13:13] 301    -1433.99 [    50000.0  180938.8   43458.3   30543.6 ]
[24-11-01 12:13:13] 303    -1433.99 [    50000.0  180938.8   43458.3   30543.6 ]
[24-11-01 12:13:14] 305    -1433.99 [    50000.0  180938.8   43458.3   30543.6 ]
[24-11-01 12:13:14] 307    -1433.99 [    50000.0  180938.8   43458.3   30543.6 ]
[24-11-01 12:13:14] 309    -1433.99 [    50000.0  180938.8   43458.3   30543.6 ]
[24-11-01 12:13:14] 311    -1433.99 [    50000.0  180938.8   43458.3   30543.6 ]
[24-11-01 12:13:14] 312    -1433.99 [    50000.0  180938.8   43458.3   30543.6 ]
[24-11-01 12:13:14] 314    -1433.99 [    50000.0  180938.8   43458.3   30543.6 ]
[24-11-01 12:13:15] 315    -1433.99 [    50000.0  180938.8   43458.3   30543.6 ]
[24-11-01 12:13:15] 316    -1433.99 [    50000.0  180938.8   43458.3   30543.6 ]
[24-11-01 12:13:15] 318    -1433.99 [    50000.0  180938.8   43458.3   30543.6 ]
[24-11-01 12:13:15] 319    -1433.99 [    50000.0  180938.8   43458.3   30543.6 ]
[24-11-01 12:13:15] 320    -1433.99 [    50000.0  180938.8   43458.3   30543.6 ]
[24-11-01 12:13:15] 321    -1433.99 [    50000.0  180938.8   43458.3   30543.6 ]
[24-11-01 12:13:16] 322    -1433.99 [    50000.0  180938.8   43458.3   30543.6 ]
[24-11-01 12:13:16] 323    -1433.98 [    50000.0  180939.8   43458.3   30543.6 ]
[24-11-01 12:13:16] 324    -1433.97 [    50000.0  180941.4   43458.3   30543.6 ]
[24-11-01 12:13:16] 325    -1432.65 [    50000.0  181117.8   43458.3   30543.6 ]
[24-11-01 12:13:16] 326    -1328.39 [    50000.0  200341.6   43458.3   30543.6 ]
[24-11-01 12:13:16] 327    -1300.64 [    50000.0  216197.8   43458.3   30543.6 ]
[24-11-01 12:13:17] 328    -1364.03 [    50000.0  241853.5   43458.3   30543.6 ]
[24-11-01 12:13:17] 329    -1309.26 [    50000.0  225997.4   43458.3   30543.6 ]
[24-11-01 12:13:17] 330    -1305.11 [    50000.0  210141.3   43458.3   30543.6 ]
[24-11-01 12:13:17] 331    -1300.61 [    50000.0  216786.2   43458.3   30543.6 ]
[24-11-01 12:13:17] 332    -1300.62 [    50000.0  217144.7   43458.3   30543.6 ]
[24-11-01 12:13:18] 333    -1300.61 [    50000.0  216786.2   43458.3   30543.6 ]
[24-11-01 12:13:18] 334     -1300.6 [    50000.0  216786.2   43459.3   30543.6 ]
[24-11-01 12:13:18] 335     -1300.6 [    50000.0  216786.2   43460.9   30543.6 ]
[24-11-01 12:13:18] 336    -1299.78 [    50000.0  216786.2   43637.3   30543.6 ]
[24-11-01 12:13:18] 337    -1292.45 [    50000.0  216786.2   46568.0   30543.6 ]
[24-11-01 12:13:18] 338    -1298.88 [    50000.0  216786.2   51309.9   30543.6 ]
[24-11-01 12:13:18] 339    -1292.71 [    50000.0  216786.2   48379.2   30543.6 ]
[24-11-01 12:13:19] 340    -1293.98 [    50000.0  216786.2   45448.6   30543.6 ]
[24-11-01 12:13:19] 341    -1292.18 [    50000.0  216786.2   47331.9   30543.6 ]
[24-11-01 12:13:19] 342    -1292.18 [    50000.0  216786.2   47293.1   30543.6 ]
[24-11-01 12:13:19] 343    -1292.18 [    50000.0  216786.2   47254.8   30543.6 ]
[24-11-01 12:13:19] 344    -1292.18 [    50000.0  216786.2   47293.1   30543.6 ]
[24-11-01 12:13:19] 345    -1292.12 [    50000.0  216786.2   47293.1   30544.6 ]
[24-11-01 12:13:20] 346    -1292.02 [    50000.0  216786.2   47293.1   30546.2 ]
[24-11-01 12:13:20] 347     -1281.7 [    50000.0  216786.2   47293.1   30722.6 ]
[24-11-01 12:13:20] 348    -1168.42 [    50000.0  216786.2   47293.1   34114.8 ]
[24-11-01 12:13:20] 349    -1207.31 [    50000.0  216786.2   47293.1   39603.6 ]
[24-11-01 12:13:20] 350    -1159.36 [    50000.0  216786.2   47293.1   36211.3 ]
[24-11-01 12:13:20] 351    -1170.07 [    50000.0  216786.2   47293.1   37507.0 ]
[24-11-01 12:13:21] 352     -1158.3 [    50000.0  216786.2   47293.1   35745.7 ]
[24-11-01 12:13:21] 353    -1158.28 [    50000.0  216786.2   47293.1   35693.7 ]
[24-11-01 12:13:21] 354    -1158.29 [    50000.0  216786.2   47293.1   35642.1 ]
[24-11-01 12:13:21] 356    -1158.28 [    50000.0  216786.2   47293.1   35693.7 ]
[24-11-01 12:13:21] 358    -1158.42 [    49998.4  216786.2   47293.1   35693.7 ]
[24-11-01 12:13:21] 359    -1158.34 [    49999.4  216786.2   47293.1   35693.7 ]
[24-11-01 12:13:22] 361    -1158.31 [    49999.7  216786.2   47293.1   35693.7 ]
[24-11-01 12:13:22] 363    -1158.29 [    49999.9  216786.2   47293.1   35693.7 ]
[24-11-01 12:13:22] 365    -1158.29 [    50000.0  216786.2   47293.1   35693.7 ]
[24-11-01 12:13:22] 367    -1158.29 [    50000.0  216786.2   47293.1   35693.7 ]
[24-11-01 12:13:22] 369    -1158.28 [    50000.0  216786.2   47293.1   35693.7 ]
[24-11-01 12:13:22] 371    -1158.28 [    50000.0  216786.2   47293.1   35693.7 ]
[24-11-01 12:13:23] 373    -1158.28 [    50000.0  216786.2   47293.1   35693.7 ]
[24-11-01 12:13:23] 375    -1158.28 [    50000.0  216786.2   47293.1   35693.7 ]
[24-11-01 12:13:23] 377    -1158.28 [    50000.0  216786.2   47293.1   35693.7 ]
[24-11-01 12:13:23] 379    -1158.28 [    50000.0  216786.2   47293.1   35693.7 ]
[24-11-01 12:13:23] 381    -1158.28 [    50000.0  216786.2   47293.1   35693.7 ]
[24-11-01 12:13:23] 383    -1158.28 [    50000.0  216786.2   47293.1   35693.7 ]
[24-11-01 12:13:24] 385    -1158.28 [    50000.0  216786.2   47293.1   35693.7 ]
[24-11-01 12:13:24] 387    -1158.28 [    50000.0  216786.2   47293.1   35693.7 ]
[24-11-01 12:13:24] 389    -1158.28 [    50000.0  216786.2   47293.1   35693.7 ]
[24-11-01 12:13:24] 391    -1158.28 [    50000.0  216786.2   47293.1   35693.7 ]
[24-11-01 12:13:24] 393    -1158.28 [    50000.0  216786.2   47293.1   35693.7 ]
[24-11-01 12:13:24] 395    -1158.28 [    50000.0  216786.2   47293.1   35693.7 ]
[24-11-01 12:13:24] 397    -1158.28 [    50000.0  216786.2   47293.1   35693.7 ]
[24-11-01 12:13:25] 399    -1158.28 [    50000.0  216786.2   47293.1   35693.7 ]
[24-11-01 12:13:25] 401    -1158.28 [    50000.0  216786.2   47293.1   35693.7 ]
[24-11-01 12:13:25] 403    -1158.28 [    50000.0  216786.2   47293.1   35693.7 ]
[24-11-01 12:13:25] 405    -1158.28 [    50000.0  216786.2   47293.1   35693.7 ]
[24-11-01 12:13:25] 406    -1158.28 [    50000.0  216786.2   47293.1   35693.7 ]
[24-11-01 12:13:25] 407    -1158.28 [    50000.0  216786.2   47293.1   35693.7 ]
[24-11-01 12:13:26] 408    -1158.28 [    50000.0  216786.2   47293.1   35693.7 ]
[24-11-01 12:13:26] 409    -1158.28 [    50000.0  216786.2   47293.1   35693.7 ]
[24-11-01 12:13:26] 410    -1158.28 [    50000.0  216786.2   47293.1   35693.7 ]
[24-11-01 12:13:26] 411    -1158.28 [    50000.0  216786.2   47293.1   35693.7 ]
[24-11-01 12:13:26] 412    -1158.28 [    50000.0  216787.2   47293.1   35693.7 ]
[24-11-01 12:13:26] 413    -1158.27 [    50000.0  216788.8   47293.1   35693.7 ]
[24-11-01 12:13:27] 414    -1157.16 [    50000.0  216965.2   47293.1   35693.7 ]
[24-11-01 12:13:27] 415    -1065.85 [    50000.0  236189.0   47293.1   35693.7 ]
[24-11-01 12:13:27] 417    -1045.71 [    50000.0  243873.0   47293.1   35693.7 ]
[24-11-01 12:13:27] 418    -1037.87 [    50000.0  248621.9   47293.1   35693.7 ]
[24-11-01 12:13:27] 420    -1040.45 [    50000.0  246808.0   47293.1   35693.7 ]
[24-11-01 12:13:28] 421    -1036.53 [    50000.0  249743.0   47293.1   35693.7 ]
[24-11-01 12:13:28] 423    -1037.02 [    50000.0  249314.8   47293.1   35693.7 ]
[24-11-01 12:13:28] 425    -1036.53 [    50000.0  249743.0   47293.1   35693.7 ]
[24-11-01 12:13:28] 426    -1036.52 [    50000.0  249743.0   47294.1   35693.7 ]
[24-11-01 12:13:28] 427    -1036.51 [    50000.0  249743.0   47295.8   35693.7 ]
[24-11-01 12:13:28] 428    -1035.54 [    50000.0  249743.0   47472.1   35693.7 ]
[24-11-01 12:13:28] 429    -1024.63 [    50000.0  249743.0   51080.8   35693.7 ]
[24-11-01 12:13:29] 430    -1032.82 [    50000.0  249743.0   56919.8   35693.7 ]
[24-11-01 12:13:29] 431    -1024.74 [    50000.0  249743.0   53311.1   35693.7 ]
[24-11-01 12:13:29] 432    -1026.97 [    50000.0  249743.0   49702.4   35693.7 ]
[24-11-01 12:13:29] 433    -1024.13 [    50000.0  249743.0   52145.7   35693.7 ]
[24-11-01 12:13:29] 434    -1024.13 [    50000.0  249743.0   52097.1   35693.7 ]
[24-11-01 12:13:29] 435    -1024.13 [    50000.0  249743.0   52049.1   35693.7 ]
[24-11-01 12:13:30] 436    -1024.13 [    50000.0  249743.0   52097.1   35693.7 ]
[24-11-01 12:13:30] 437    -1024.09 [    50000.0  249743.0   52097.1   35694.7 ]
[24-11-01 12:13:30] 438    -1024.02 [    50000.0  249743.0   52097.1   35696.3 ]
[24-11-01 12:13:30] 439    -1016.75 [    50000.0  249743.0   52097.1   35872.6 ]
[24-11-01 12:13:30] 440     -938.78 [    50000.0  249743.0   52097.1   39247.0 ]
[24-11-01 12:13:30] 441     -980.12 [    50000.0  249743.0   52097.1   44706.8 ]
[24-11-01 12:13:31] 442     -935.79 [    50000.0  249743.0   52097.1   41332.5 ]
[24-11-01 12:13:31] 443      -946.6 [    50000.0  249743.0   52097.1   42621.4 ]
[24-11-01 12:13:31] 444     -933.66 [    50000.0  249743.0   52097.1   40535.7 ]
[24-11-01 12:13:31] 445     -933.65 [    50000.0  249743.0   52097.1   40487.3 ]
[24-11-01 12:13:31] 446     -933.66 [    50000.0  249743.0   52097.1   40439.3 ]
[24-11-01 12:13:31] 448     -933.65 [    50000.0  249743.0   52097.1   40487.3 ]
[24-11-01 12:13:32] 450     -933.76 [    49998.4  249743.0   52097.1   40487.3 ]
[24-11-01 12:13:32] 451     -933.69 [    49999.4  249743.0   52097.1   40487.3 ]
[24-11-01 12:13:32] 453     -933.67 [    49999.7  249743.0   52097.1   40487.3 ]
[24-11-01 12:13:32] 455     -933.66 [    49999.9  249743.0   52097.1   40487.3 ]
[24-11-01 12:13:32] 457     -933.65 [    50000.0  249743.0   52097.1   40487.3 ]
[24-11-01 12:13:32] 459     -933.65 [    50000.0  249743.0   52097.1   40487.3 ]
[24-11-01 12:13:33] 461     -933.65 [    50000.0  249743.0   52097.1   40487.3 ]
[24-11-01 12:13:33] 463     -933.65 [    50000.0  249743.0   52097.1   40487.3 ]
[24-11-01 12:13:33] 465     -933.65 [    50000.0  249743.0   52097.1   40487.3 ]
[24-11-01 12:13:33] 467     -933.65 [    50000.0  249743.0   52097.1   40487.3 ]
[24-11-01 12:13:33] 469     -933.65 [    50000.0  249743.0   52097.1   40487.3 ]
[24-11-01 12:13:33] 471     -933.65 [    50000.0  249743.0   52097.1   40487.3 ]
[24-11-01 12:13:34] 473     -933.65 [    50000.0  249743.0   52097.1   40487.3 ]
[24-11-01 12:13:34] 475     -933.65 [    50000.0  249743.0   52097.1   40487.3 ]
[24-11-01 12:13:34] 477     -933.65 [    50000.0  249743.0   52097.1   40487.3 ]
[24-11-01 12:13:34] 479     -933.65 [    50000.0  249743.0   52097.1   40487.3 ]
[24-11-01 12:13:34] 481     -933.65 [    50000.0  249743.0   52097.1   40487.3 ]
[24-11-01 12:13:34] 483     -933.65 [    50000.0  249743.0   52097.1   40487.3 ]
[24-11-01 12:13:34] 485     -933.65 [    50000.0  249743.0   52097.1   40487.3 ]
[24-11-01 12:13:35] 487     -933.65 [    50000.0  249743.0   52097.1   40487.3 ]
[24-11-01 12:13:35] 489     -933.65 [    50000.0  249743.0   52097.1   40487.3 ]
[24-11-01 12:13:35] 491     -933.65 [    50000.0  249743.0   52097.1   40487.3 ]
[24-11-01 12:13:35] 493     -933.65 [    50000.0  249743.0   52097.1   40487.3 ]
[24-11-01 12:13:35] 495     -933.65 [    50000.0  249743.0   52097.1   40487.3 ]
[24-11-01 12:13:35] 497     -933.65 [    50000.0  249743.0   52097.1   40487.3 ]
[24-11-01 12:13:36] 498     -933.65 [    50000.0  249743.0   52097.1   40487.3 ]
[24-11-01 12:13:36] 499     -933.65 [    50000.0  249743.0   52097.1   40487.3 ]
[24-11-01 12:13:36] 500     -933.65 [    50000.0  249743.0   52097.1   40487.3 ]
[24-11-01 12:13:36] 501     -933.65 [    50000.0  249743.0   52097.1   40487.3 ]
[24-11-01 12:13:36] 502     -933.65 [    50000.0  249743.0   52097.1   40487.3 ]
[24-11-01 12:13:36] 503     -933.65 [    50000.0  249744.0   52097.1   40487.3 ]
[24-11-01 12:13:37] 504     -933.64 [    50000.0  249745.6   52097.1   40487.3 ]
[24-11-01 12:13:37] 505     -932.69 [    50000.0  249922.0   52097.1   40487.3 ]
[24-11-01 12:13:37] 512     -933.05 [    50000.0  249854.6   52097.1   40487.3 ]
[24-11-01 12:13:37] 513     -932.87 [    50000.0  249888.3   52097.1   40487.3 ]
[24-11-01 12:13:37] 514     -932.38 [    50000.0  249981.7   52097.1   40487.3 ]
[24-11-01 12:13:38] 516      -932.5 [    50000.0  249958.9   52097.1   40487.3 ]
[24-11-01 12:13:38] 517      -932.3 [    50000.0  249995.8   52097.1   40487.3 ]
[24-11-01 12:13:38] 519     -932.33 [    50000.0  249990.4   52097.1   40487.3 ]
[24-11-01 12:13:38] 520     -932.28 [    50000.0  249999.1   52097.1   40487.3 ]
[24-11-01 12:13:38] 522     -932.28 [    50000.0  249999.1   52097.1   40487.3 ]
[24-11-01 12:13:38] 523     -932.28 [    50000.0  249999.1   52098.1   40487.3 ]
[24-11-01 12:13:39] 524     -932.27 [    50000.0  249999.1   52099.7   40487.3 ]
[24-11-01 12:13:39] 525     -931.24 [    50000.0  249999.1   52276.1   40487.3 ]
[24-11-01 12:13:39] 526     -913.89 [    50000.0  249999.1   57500.6   40487.3 ]
[24-11-01 12:13:39] 527     -921.46 [    50000.0  249999.1   65954.1   40487.3 ]
[24-11-01 12:13:39] 528     -912.88 [    50000.0  249999.1   60729.6   40487.3 ]
[24-11-01 12:13:39] 529     -914.91 [    50000.0  249999.1   62725.2   40487.3 ]
[24-11-01 12:13:40] 530     -912.58 [    50000.0  249999.1   59729.2   40487.3 ]
[24-11-01 12:13:40] 531     -912.57 [    50000.0  249999.1   59652.9   40487.3 ]
[24-11-01 12:13:40] 532     -912.57 [    50000.0  249999.1   59577.4   40487.3 ]
[24-11-01 12:13:40] 533     -912.57 [    50000.0  249999.1   59652.9   40487.3 ]
[24-11-01 12:13:40] 534     -912.57 [    50000.0  249999.1   59652.9   40488.3 ]
[24-11-01 12:13:41] 535     -912.55 [    50000.0  249999.1   59652.9   40489.9 ]
[24-11-01 12:13:41] 536     -911.32 [    50000.0  249999.1   59652.9   40666.3 ]
[24-11-01 12:13:41] 537     -908.03 [    50000.0  249999.1   59652.9   41640.3 ]
[24-11-01 12:13:41] 538     -913.87 [    50000.0  249999.1   59652.9   43216.3 ]
[24-11-01 12:13:41] 539     -908.74 [    50000.0  249999.1   59652.9   42242.3 ]
[24-11-01 12:13:41] 540     -908.61 [    50000.0  249999.1   59652.9   41268.2 ]
[24-11-01 12:13:42] 541     -908.01 [    50000.0  249999.1   59652.9   41731.8 ]
[24-11-01 12:13:42] 542     -908.01 [    50000.0  249999.1   59652.9   41719.3 ]
[24-11-01 12:13:42] 543     -908.01 [    50000.0  249999.1   59652.9   41744.2 ]
[24-11-01 12:13:42] 545     -908.01 [    50000.0  249999.1   59652.9   41731.8 ]
[24-11-01 12:13:42] 547     -908.11 [    49998.4  249999.1   59652.9   41731.8 ]
[24-11-01 12:13:43] 548     -908.05 [    49999.4  249999.1   59652.9   41731.8 ]
[24-11-01 12:13:43] 550     -908.03 [    49999.7  249999.1   59652.9   41731.8 ]
[24-11-01 12:13:43] 552     -908.02 [    49999.9  249999.1   59652.9   41731.8 ]
[24-11-01 12:13:43] 554     -908.01 [    50000.0  249999.1   59652.9   41731.8 ]
[24-11-01 12:13:43] 556     -908.01 [    50000.0  249999.1   59652.9   41731.8 ]
[24-11-01 12:13:43] 558     -908.01 [    50000.0  249999.1   59652.9   41731.8 ]
[24-11-01 12:13:44] 560     -908.01 [    50000.0  249999.1   59652.9   41731.8 ]
[24-11-01 12:13:44] 562     -908.01 [    50000.0  249999.1   59652.9   41731.8 ]
[24-11-01 12:13:44] 564     -908.01 [    50000.0  249999.1   59652.9   41731.8 ]
[24-11-01 12:13:44] 566     -908.01 [    50000.0  249999.1   59652.9   41731.8 ]
[24-11-01 12:13:44] 568     -908.01 [    50000.0  249999.1   59652.9   41731.8 ]
[24-11-01 12:13:45] 570     -908.01 [    50000.0  249999.1   59652.9   41731.8 ]
[24-11-01 12:13:45] 572     -908.01 [    50000.0  249999.1   59652.9   41731.8 ]
[24-11-01 12:13:45] 574     -908.01 [    50000.0  249999.1   59652.9   41731.8 ]
[24-11-01 12:13:45] 576     -908.01 [    50000.0  249999.1   59652.9   41731.8 ]
[24-11-01 12:13:45] 578     -908.01 [    50000.0  249999.1   59652.9   41731.8 ]
[24-11-01 12:13:45] 580     -908.01 [    50000.0  249999.1   59652.9   41731.8 ]
[24-11-01 12:13:46] 582     -908.01 [    50000.0  249999.1   59652.9   41731.8 ]
[24-11-01 12:13:46] 584     -908.01 [    50000.0  249999.1   59652.9   41731.8 ]
[24-11-01 12:13:46] 586     -908.01 [    50000.0  249999.1   59652.9   41731.8 ]
[24-11-01 12:13:46] 588     -908.01 [    50000.0  249999.1   59652.9   41731.8 ]
[24-11-01 12:13:46] 590     -908.01 [    50000.0  249999.1   59652.9   41731.8 ]
[24-11-01 12:13:47] 592     -908.01 [    50000.0  249999.1   59652.9   41731.8 ]
[24-11-01 12:13:47] 593     -908.01 [    50000.0  249999.1   59652.9   41731.8 ]
[24-11-01 12:13:47] 594     -908.01 [    50000.0  249999.1   59652.9   41731.8 ]
[24-11-01 12:13:47] 597     -908.01 [    50000.0  249999.1   59652.9   41731.8 ]
[24-11-01 12:13:47] 598     -908.01 [    50000.0  249999.1   59652.9   41731.8 ]
[24-11-01 12:13:47] 599     -908.01 [    50000.0  249999.1   59652.9   41731.8 ]
[24-11-01 12:13:48] 600     -908.01 [    50000.0  249999.1   59652.9   41731.8 ]
[24-11-01 12:13:48] 601     -908.01 [    50000.0  249999.1   59652.9   41731.8 ]
[24-11-01 12:13:48] 603     -908.02 [    50000.0  249997.5   59652.9   41731.8 ]
[24-11-01 12:13:48] 604     -908.01 [    50000.0  249998.5   59652.9   41731.8 ]
[24-11-01 12:13:48] 605     -908.01 [    50000.0  249999.5   59652.9   41731.8 ]
[24-11-01 12:13:49] 606     -908.01 [    50000.0  249999.7   59652.9   41731.8 ]
[24-11-01 12:13:49] 607     -908.01 [    50000.0  249999.9   59652.9   41731.8 ]
[24-11-01 12:13:49] 608     -908.01 [    50000.0  250000.0   59652.9   41731.8 ]
[24-11-01 12:13:49] 610     -908.01 [    50000.0  249999.9   59652.9   41731.8 ]
[24-11-01 12:13:49] 611     -908.01 [    50000.0  250000.0   59652.9   41731.8 ]
[24-11-01 12:13:49] 613     -908.01 [    50000.0  250000.0   59652.9   41731.8 ]
[24-11-01 12:13:50] 614     -908.01 [    50000.0  250000.0   59652.9   41731.8 ]
[24-11-01 12:13:50] 615      -908.0 [    50000.0  250000.0   59653.9   41731.8 ]
[24-11-01 12:13:50] 616      -908.0 [    50000.0  250000.0   59655.5   41731.8 ]
[24-11-01 12:13:50] 617     -907.83 [    50000.0  250000.0   59831.9   41731.8 ]
[24-11-01 12:13:50] 618     -907.02 [    50000.0  250000.0   61469.7   41731.8 ]
[24-11-01 12:13:51] 619     -908.39 [    50000.0  250000.0   64119.7   41731.8 ]
[24-11-01 12:13:51] 620     -907.19 [    50000.0  250000.0   62481.9   41731.8 ]
[24-11-01 12:13:51] 621     -907.17 [    50000.0  250000.0   60844.1   41731.8 ]
[24-11-01 12:13:51] 622     -907.02 [    50000.0  250000.0   61638.4   41731.8 ]
[24-11-01 12:13:51] 623     -907.02 [    50000.0  250000.0   61618.5   41731.8 ]
[24-11-01 12:13:51] 624     -907.02 [    50000.0  250000.0   61598.9   41731.8 ]
[24-11-01 12:13:52] 625     -907.02 [    50000.0  250000.0   61618.5   41731.8 ]
[24-11-01 12:13:52] 626     -907.02 [    50000.0  250000.0   61618.5   41732.8 ]
[24-11-01 12:13:52] 627     -907.01 [    50000.0  250000.0   61618.5   41734.4 ]
[24-11-01 12:13:52] 628     -906.84 [    50000.0  250000.0   61618.5   41910.7 ]
[24-11-01 12:13:52] 629     -906.81 [    50000.0  250000.0   61618.5   42000.9 ]
[24-11-01 12:13:52] 630     -906.87 [    50000.0  250000.0   61618.5   42146.8 ]
[24-11-01 12:13:53] 631     -906.82 [    50000.0  250000.0   61618.5   42056.7 ]
[24-11-01 12:13:53] 632     -906.82 [    50000.0  250000.0   61618.5   41966.5 ]
[24-11-01 12:13:53] 633     -906.81 [    50000.0  250000.0   61618.5   42003.6 ]
[24-11-01 12:13:53] 634     -906.81 [    50000.0  250000.0   61618.5   42006.3 ]
[24-11-01 12:13:53] 636     -906.81 [    50000.0  250000.0   61618.5   42003.6 ]
[24-11-01 12:13:54] 638     -906.91 [    49998.4  250000.0   61618.5   42003.6 ]
[24-11-01 12:13:54] 639     -906.85 [    49999.4  250000.0   61618.5   42003.6 ]
[24-11-01 12:13:54] 641     -906.83 [    49999.7  250000.0   61618.5   42003.6 ]
[24-11-01 12:13:54] 643     -906.82 [    49999.9  250000.0   61618.5   42003.6 ]
[24-11-01 12:13:54] 645     -906.82 [    50000.0  250000.0   61618.5   42003.6 ]
[24-11-01 12:13:54] 647     -906.81 [    50000.0  250000.0   61618.5   42003.6 ]
[24-11-01 12:13:55] 649     -906.81 [    50000.0  250000.0   61618.5   42003.6 ]
[24-11-01 12:13:55] 651     -906.81 [    50000.0  250000.0   61618.5   42003.6 ]
[24-11-01 12:13:55] 653     -906.81 [    50000.0  250000.0   61618.5   42003.6 ]
[24-11-01 12:13:55] 655     -906.81 [    50000.0  250000.0   61618.5   42003.6 ]
[24-11-01 12:13:55] 657     -906.81 [    50000.0  250000.0   61618.5   42003.6 ]
[24-11-01 12:13:56] 659     -906.81 [    50000.0  250000.0   61618.5   42003.6 ]
[24-11-01 12:13:56] 661     -906.81 [    50000.0  250000.0   61618.5   42003.6 ]
[24-11-01 12:13:56] 663     -906.81 [    50000.0  250000.0   61618.5   42003.6 ]
[24-11-01 12:13:56] 665     -906.81 [    50000.0  250000.0   61618.5   42003.6 ]
[24-11-01 12:13:56] 667     -906.81 [    50000.0  250000.0   61618.5   42003.6 ]
[24-11-01 12:13:56] 669     -906.81 [    50000.0  250000.0   61618.5   42003.6 ]
[24-11-01 12:13:57] 671     -906.81 [    50000.0  250000.0   61618.5   42003.6 ]
[24-11-01 12:13:57] 673     -906.81 [    50000.0  250000.0   61618.5   42003.6 ]
[24-11-01 12:13:57] 675     -906.81 [    50000.0  250000.0   61618.5   42003.6 ]
[24-11-01 12:13:57] 677     -906.81 [    50000.0  250000.0   61618.5   42003.6 ]
[24-11-01 12:13:57] 679     -906.81 [    50000.0  250000.0   61618.5   42003.6 ]
[24-11-01 12:13:58] 681     -906.81 [    50000.0  250000.0   61618.5   42003.6 ]
[24-11-01 12:13:58] 682     -906.81 [    50000.0  250000.0   61618.5   42003.6 ]
[24-11-01 12:13:58] 683     -906.81 [    50000.0  250000.0   61618.5   42003.6 ]
[24-11-01 12:13:58] 684     -906.81 [    50000.0  250000.0   61618.5   42003.6 ]
[24-11-01 12:13:58] 685     -906.81 [    50000.0  250000.0   61618.5   42003.6 ]
[24-11-01 12:13:58] 686     -906.81 [    50000.0  250000.0   61618.5   42003.6 ]
[24-11-01 12:13:59] 687     -906.81 [    50000.0  250000.0   61618.5   42003.6 ]
[24-11-01 12:13:59] 688     -906.81 [    50000.0  250000.0   61618.5   42003.6 ]
[24-11-01 12:13:59] 689     -906.81 [    50000.0  250000.0   61618.5   42003.6 ]
[24-11-01 12:13:59] 691     -906.82 [    50000.0  249998.4   61618.5   42003.6 ]
[24-11-01 12:13:59] 692     -906.82 [    50000.0  249999.4   61618.5   42003.6 ]
[24-11-01 12:14:00] 694     -906.81 [    50000.0  249999.7   61618.5   42003.6 ]
[24-11-01 12:14:00] 696     -906.81 [    50000.0  249999.9   61618.5   42003.6 ]
[24-11-01 12:14:00] 698     -906.81 [    50000.0  250000.0   61618.5   42003.6 ]
[24-11-01 12:14:00] 700     -906.81 [    50000.0  250000.0   61618.5   42003.6 ]
[24-11-01 12:14:00] 702     -906.81 [    50000.0  250000.0   61618.5   42003.6 ]
[24-11-01 12:14:00] 704     -906.81 [    50000.0  250000.0   61618.5   42003.6 ]
[24-11-01 12:14:01] 705     -906.81 [    50000.0  250000.0   61618.5   42003.6 ]
[24-11-01 12:14:01] 706     -906.81 [    50000.0  250000.0   61618.5   42003.6 ]
[24-11-01 12:14:01] 708     -906.81 [    50000.0  250000.0   61618.5   42003.6 ]
[24-11-01 12:14:01] 709     -906.81 [    50000.0  250000.0   61618.5   42003.6 ]
[24-11-01 12:14:01] 711     -906.81 [    50000.0  250000.0   61618.5   42003.6 ]
[24-11-01 12:14:01] 713     -906.81 [    50000.0  250000.0   61618.5   42003.6 ]
[24-11-01 12:14:02] 714     -906.81 [    50000.0  250000.0   61618.5   42003.6 ]
[24-11-01 12:14:02] 715     -906.81 [    50000.0  250000.0   61619.5   42003.6 ]
[24-11-01 12:14:02] 716     -906.81 [    50000.0  250000.0   61621.1   42003.6 ]
[24-11-01 12:14:02] 717     -906.78 [    50000.0  250000.0   61797.5   42003.6 ]
[24-11-01 12:14:02] 718     -906.77 [    50000.0  250000.0   62058.1   42003.6 ]
[24-11-01 12:14:02] 719     -906.81 [    50000.0  250000.0   62479.7   42003.6 ]
[24-11-01 12:14:03] 720     -906.77 [    50000.0  250000.0   62219.1   42003.6 ]
[24-11-01 12:14:03] 721     -906.77 [    50000.0  250000.0   61958.5   42003.6 ]
[24-11-01 12:14:03] 722     -906.77 [    50000.0  250000.0   62064.8   42003.6 ]
[24-11-01 12:14:03] 723     -906.77 [    50000.0  250000.0   62069.3   42003.6 ]
[24-11-01 12:14:03] 724     -906.77 [    50000.0  250000.0   62064.8   42003.6 ]
[24-11-01 12:14:03] 725     -906.77 [    50000.0  250000.0   62064.8   42004.6 ]
[24-11-01 12:14:04] 726     -906.77 [    50000.0  250000.0   62064.8   42006.2 ]
[24-11-01 12:14:04] 727     -906.76 [    50000.0  250000.0   62064.8   42064.4 ]
[24-11-01 12:14:04] 728     -906.78 [    50000.0  250000.0   62064.8   42158.4 ]
[24-11-01 12:14:04] 729     -906.76 [    50000.0  250000.0   62064.8   42100.3 ]
[24-11-01 12:14:04] 730     -906.76 [    50000.0  250000.0   62064.8   42042.2 ]
[24-11-01 12:14:04] 731     -906.76 [    50000.0  250000.0   62064.8   42065.0 ]
[24-11-01 12:14:05] 732     -906.76 [    50000.0  250000.0   62064.8   42063.8 ]
Optimization terminated successfully.
         Current function value: 906.756116
         Iterations: 10
         Function evaluations: 732
[24-11-01 12:14:05] 732      fit p: [    50000.0  250000.0   62064.8   42064.4 ]
method: Powell
objective_func: objective_H2
fopt: -906.7561161914807
max_iter: 100
num_iter: 10
func_calls: 732
flag: 0
u_fitted: False
u: 1.111e-08
