[24-11-01 12:11:57] fitting objective_H2 to data for demes ['KhomaniSan', 'Yoruba']
[24-11-01 12:11:57] 0        pnames [        NA1       TA1        NK        NY ]
[24-11-01 12:11:57] 0            p0 [    25938.3  121114.7   12331.1   22711.9 ]
[24-11-01 12:11:57] 1      -6498.23 [    25938.3  121114.7   12331.1   22711.9 ]
[24-11-01 12:11:57] 2      -6498.23 [    25938.3  121114.7   12331.1   22711.9 ]
[24-11-01 12:11:58] 3       -6497.8 [    25939.3  121114.7   12331.1   22711.9 ]
[24-11-01 12:11:58] 4      -6497.11 [    25940.9  121114.7   12331.1   22711.9 ]
[24-11-01 12:11:58] 5      -6422.32 [    26117.3  121114.7   12331.1   22711.9 ]
[24-11-01 12:11:58] 6      -3843.85 [    35528.1  121114.7   12331.1   22711.9 ]
[24-11-01 12:11:58] 8      -3053.77 [    41344.3  121114.7   12331.1   22711.9 ]
[24-11-01 12:11:58] 9      -2721.99 [    44938.9  121114.7   12331.1   22711.9 ]
[24-11-01 12:11:59] 10     -2558.44 [    47160.5  121114.7   12331.1   22711.9 ]
[24-11-01 12:11:59] 11      -2470.2 [    48533.5  121114.7   12331.1   22711.9 ]
[24-11-01 12:11:59] 12      -2420.0 [    49382.1  121114.7   12331.1   22711.9 ]
[24-11-01 12:11:59] 13      -2390.5 [    49906.5  121114.7   12331.1   22711.9 ]
[24-11-01 12:11:59] 15     -2403.84 [    49666.8  121114.7   12331.1   22711.9 ]
[24-11-01 12:12:00] 16      -2390.5 [    49906.5  121114.7   12331.1   22711.9 ]
[24-11-01 12:12:00] 17     -2390.51 [    49906.5  121115.7   12331.1   22711.9 ]
[24-11-01 12:12:00] 18      -2390.5 [    49906.5  121113.1   12331.1   22711.9 ]
[24-11-01 12:12:00] 19     -2389.83 [    49906.5  120936.7   12331.1   22711.9 ]
[24-11-01 12:12:00] 20     -2376.29 [    49906.5  113633.1   12331.1   22711.9 ]
[24-11-01 12:12:00] 21     -2413.91 [    49906.5  101815.6   12331.1   22711.9 ]
[24-11-01 12:12:01] 22     -2381.87 [    49906.5  109119.2   12331.1   22711.9 ]
[24-11-01 12:12:01] 23      -2378.2 [    49906.5  116422.8   12331.1   22711.9 ]
[24-11-01 12:12:01] 24     -2376.29 [    49906.5  113727.3   12331.1   22711.9 ]
[24-11-01 12:12:01] 25     -2376.29 [    49906.5  113801.2   12331.1   22711.9 ]
[24-11-01 12:12:01] 26     -2376.29 [    49906.5  113727.3   12331.1   22711.9 ]
[24-11-01 12:12:01] 27      -2375.9 [    49906.5  113727.3   12332.1   22711.9 ]
[24-11-01 12:12:02] 28     -2375.28 [    49906.5  113727.3   12333.7   22711.9 ]
[24-11-01 12:12:02] 29     -2308.58 [    49906.5  113727.3   12510.1   22711.9 ]
[24-11-01 12:12:02] 30     -1431.22 [    49906.5  113727.3   16151.9   22711.9 ]
[24-11-01 12:12:02] 31      -954.61 [    49906.5  113727.3   22044.4   22711.9 ]
[24-11-01 12:12:02] 32      -975.95 [    49906.5  113727.3   21507.7   22711.9 ]
[24-11-01 12:12:03] 33       -841.9 [    49906.5  113727.3   31578.8   22711.9 ]
[24-11-01 12:12:03] 34      -845.53 [    49906.5  113727.3   28131.9   22711.9 ]
[24-11-01 12:12:03] 35      -951.63 [    49906.5  113727.3   47005.7   22711.9 ]
[24-11-01 12:12:03] 36      -872.13 [    49906.5  113727.3   37471.4   22711.9 ]
[24-11-01 12:12:03] 37      -846.55 [    49906.5  113727.3   27937.0   22711.9 ]
[24-11-01 12:12:03] 38      -840.66 [    49906.5  113727.3   30708.1   22711.9 ]
[24-11-01 12:12:04] 39      -840.53 [    49906.5  113727.3   30414.2   22711.9 ]
[24-11-01 12:12:04] 40      -840.52 [    49906.5  113727.3   30233.4   22711.9 ]
[24-11-01 12:12:04] 41      -840.58 [    49906.5  113727.3   30054.4   22711.9 ]
[24-11-01 12:12:04] 42      -840.52 [    49906.5  113727.3   30233.4   22711.9 ]
[24-11-01 12:12:04] 43      -840.59 [    49906.5  113727.3   30233.4   22712.9 ]
[24-11-01 12:12:04] 44      -840.41 [    49906.5  113727.3   30233.4   22710.3 ]
[24-11-01 12:12:05] 45      -828.48 [    49906.5  113727.3   30233.4   22533.9 ]
[24-11-01 12:12:05] 46      -888.53 [    49906.5  113727.3   30233.4   15808.7 ]
[24-11-01 12:12:05] 47      -701.86 [    49906.5  113727.3   30233.4   19965.1 ]
[24-11-01 12:12:05] 48      -692.04 [    49906.5  113727.3   30233.4   18377.5 ]
[24-11-01 12:12:05] 49      -687.31 [    49906.5  113727.3   30233.4   18873.2 ]
[24-11-01 12:12:06] 50      -687.27 [    49906.5  113727.3   30233.4   18956.7 ]
[24-11-01 12:12:06] 51      -687.33 [    49906.5  113727.3   30233.4   18994.3 ]
[24-11-01 12:12:06] 52      -687.26 [    49906.5  113727.3   30233.4   18919.2 ]
[24-11-01 12:12:06] 54      -687.26 [    49906.5  113727.3   30233.4   18919.2 ]
[24-11-01 12:12:06] 55      -687.23 [    49907.5  113727.3   30233.4   18919.2 ]
[24-11-01 12:12:06] 56      -687.18 [    49909.1  113727.3   30233.4   18919.2 ]
[24-11-01 12:12:07] 58      -684.92 [    49976.5  113727.3   30233.4   18919.2 ]
[24-11-01 12:12:07] 60      -686.05 [    49942.8  113727.3   30233.4   18919.2 ]
[24-11-01 12:12:07] 61      -684.39 [    49992.4  113727.3   30233.4   18919.2 ]
[24-11-01 12:12:07] 63      -684.59 [    49986.3  113727.3   30233.4   18919.2 ]
[24-11-01 12:12:07] 64      -684.27 [    49996.1  113727.3   30233.4   18919.2 ]
[24-11-01 12:12:08] 65      -684.19 [    49998.5  113727.3   30233.4   18919.2 ]
[24-11-01 12:12:08] 66      -684.14 [    49999.9  113727.3   30233.4   18919.2 ]
[24-11-01 12:12:08] 68      -684.14 [    49999.9  113727.3   30233.4   18919.2 ]
[24-11-01 12:12:08] 69      -684.13 [    49999.9  113728.3   30233.4   18919.2 ]
[24-11-01 12:12:08] 70      -684.12 [    49999.9  113730.0   30233.4   18919.2 ]
[24-11-01 12:12:08] 71      -682.74 [    49999.9  113906.3   30233.4   18919.2 ]
[24-11-01 12:12:09] 72      -635.82 [    49999.9  125847.9   30233.4   18919.2 ]
[24-11-01 12:12:09] 73      -748.83 [    49999.9  145169.8   30233.4   18919.2 ]
[24-11-01 12:12:09] 74      -651.91 [    49999.9  133228.2   30233.4   18919.2 ]
[24-11-01 12:12:09] 75      -642.98 [    49999.9  121286.6   30233.4   18919.2 ]
[24-11-01 12:12:09] 76      -635.81 [    49999.9  126066.1   30233.4   18919.2 ]
[24-11-01 12:12:09] 77      -635.81 [    49999.9  126189.5   30233.4   18919.2 ]
[24-11-01 12:12:10] 78      -635.81 [    49999.9  126066.1   30233.4   18919.2 ]
[24-11-01 12:12:10] 79      -635.82 [    49999.9  126066.1   30234.4   18919.2 ]
[24-11-01 12:12:10] 80      -635.78 [    49999.9  126066.1   30231.8   18919.2 ]
[24-11-01 12:12:10] 81      -633.09 [    49999.9  126066.1   30055.4   18919.2 ]
[24-11-01 12:12:10] 82      -723.57 [    49999.9  126066.1   18740.7   18919.2 ]
[24-11-01 12:12:10] 83      -586.55 [    49999.9  126066.1   25733.6   18919.2 ]
[24-11-01 12:12:11] 84      -590.73 [    49999.9  126066.1   23062.5   18919.2 ]
[24-11-01 12:12:11] 85      -583.97 [    49999.9  126066.1   24841.6   18919.2 ]
[24-11-01 12:12:11] 86      -583.89 [    49999.9  126066.1   24710.4   18919.2 ]
[24-11-01 12:12:11] 87      -583.88 [    49999.9  126066.1   24630.0   18919.2 ]
[24-11-01 12:12:11] 88      -583.89 [    49999.9  126066.1   24574.0   18919.2 ]
[24-11-01 12:12:12] 89      -583.88 [    49999.9  126066.1   24630.0   18919.2 ]
[24-11-01 12:12:12] 90      -583.85 [    49999.9  126066.1   24630.0   18920.2 ]
[24-11-01 12:12:12] 91      -583.81 [    49999.9  126066.1   24630.0   18921.8 ]
[24-11-01 12:12:12] 92      -579.76 [    49999.9  126066.1   24630.0   19098.2 ]
[24-11-01 12:12:12] 93      -574.24 [    49999.9  126066.1   24630.0   19617.6 ]
[24-11-01 12:12:12] 94      -582.95 [    49999.9  126066.1   24630.0   20457.9 ]
[24-11-01 12:12:13] 95      -575.19 [    49999.9  126066.1   24630.0   19938.6 ]
[24-11-01 12:12:13] 96      -575.27 [    49999.9  126066.1   24630.0   19419.2 ]
[24-11-01 12:12:13] 97      -574.18 [    49999.9  126066.1   24630.0   19683.7 ]
[24-11-01 12:12:13] 98      -574.18 [    49999.9  126066.1   24630.0   19676.1 ]
[24-11-01 12:12:13] 99      -574.18 [    49999.9  126066.1   24630.0   19691.4 ]
[24-11-01 12:12:14] 101     -574.18 [    49999.9  126066.1   24630.0   19683.7 ]
[24-11-01 12:12:14] 103     -574.24 [    49998.3  126066.1   24630.0   19683.7 ]
[24-11-01 12:12:14] 104     -574.21 [    49999.3  126066.1   24630.0   19683.7 ]
[24-11-01 12:12:14] 106     -574.19 [    49999.6  126066.1   24630.0   19683.7 ]
[24-11-01 12:12:14] 108     -574.19 [    49999.8  126066.1   24630.0   19683.7 ]
[24-11-01 12:12:14] 109     -574.18 [    49999.9  126066.1   24630.0   19683.7 ]
[24-11-01 12:12:15] 110     -574.18 [    50000.0  126066.1   24630.0   19683.7 ]
[24-11-01 12:12:15] 112     -574.18 [    50000.0  126066.1   24630.0   19683.7 ]
[24-11-01 12:12:15] 113     -574.18 [    50000.0  126066.1   24630.0   19683.7 ]
[24-11-01 12:12:15] 114     -574.18 [    50000.0  126066.1   24630.0   19683.7 ]
[24-11-01 12:12:15] 115     -574.18 [    50000.0  126066.1   24630.0   19683.7 ]
[24-11-01 12:12:16] 117     -574.18 [    50000.0  126066.1   24630.0   19683.7 ]
[24-11-01 12:12:16] 118     -574.18 [    50000.0  126066.1   24630.0   19683.7 ]
[24-11-01 12:12:16] 119     -574.17 [    50000.0  126067.1   24630.0   19683.7 ]
[24-11-01 12:12:16] 120     -574.17 [    50000.0  126068.7   24630.0   19683.7 ]
[24-11-01 12:12:16] 121     -573.35 [    50000.0  126245.1   24630.0   19683.7 ]
[24-11-01 12:12:16] 122      -554.9 [    50000.0  134221.6   24630.0   19683.7 ]
[24-11-01 12:12:17] 123     -600.76 [    50000.0  147127.8   24630.0   19683.7 ]
[24-11-01 12:12:17] 124      -561.5 [    50000.0  139151.3   24630.0   19683.7 ]
[24-11-01 12:12:17] 125     -557.67 [    50000.0  131174.8   24630.0   19683.7 ]
[24-11-01 12:12:17] 126      -554.9 [    50000.0  134311.7   24630.0   19683.7 ]
[24-11-01 12:12:17] 127      -554.9 [    50000.0  134394.1   24630.0   19683.7 ]
[24-11-01 12:12:18] 128      -554.9 [    50000.0  134311.7   24630.0   19683.7 ]
[24-11-01 12:12:18] 129      -554.9 [    50000.0  134311.7   24631.0   19683.7 ]
[24-11-01 12:12:18] 130     -554.89 [    50000.0  134311.7   24632.7   19683.7 ]
[24-11-01 12:12:18] 131     -554.34 [    50000.0  134311.7   24809.0   19683.7 ]
[24-11-01 12:12:18] 132     -553.68 [    50000.0  134311.7   25274.7   19683.7 ]
[24-11-01 12:12:18] 133     -554.88 [    50000.0  134311.7   26028.2   19683.7 ]
[24-11-01 12:12:19] 134     -553.83 [    50000.0  134311.7   25562.5   19683.7 ]
[24-11-01 12:12:19] 135      -553.8 [    50000.0  134311.7   25096.8   19683.7 ]
[24-11-01 12:12:19] 136     -553.68 [    50000.0  134311.7   25317.1   19683.7 ]
[24-11-01 12:12:19] 137     -553.68 [    50000.0  134311.7   25310.2   19683.7 ]
[24-11-01 12:12:19] 138     -553.68 [    50000.0  134311.7   25324.0   19683.7 ]
[24-11-01 12:12:20] 139     -553.68 [    50000.0  134311.7   25317.1   19683.7 ]
[24-11-01 12:12:20] 140     -553.64 [    50000.0  134311.7   25317.1   19684.7 ]
[24-11-01 12:12:20] 141     -553.58 [    50000.0  134311.7   25317.1   19686.3 ]
[24-11-01 12:12:20] 142      -547.7 [    50000.0  134311.7   25317.1   19862.7 ]
[24-11-01 12:12:20] 143     -534.48 [    50000.0  134311.7   25317.1   20663.7 ]
[24-11-01 12:12:20] 144     -551.76 [    50000.0  134311.7   25317.1   21959.8 ]
[24-11-01 12:12:21] 145     -536.06 [    50000.0  134311.7   25317.1   21158.8 ]
[24-11-01 12:12:21] 146     -537.07 [    50000.0  134311.7   25317.1   20357.8 ]
[24-11-01 12:12:21] 147     -534.24 [    50000.0  134311.7   25317.1   20801.4 ]
[24-11-01 12:12:21] 148     -534.24 [    50000.0  134311.7   25317.1   20790.3 ]
[24-11-01 12:12:21] 149     -534.24 [    50000.0  134311.7   25317.1   20779.2 ]
[24-11-01 12:12:21] 151     -534.24 [    50000.0  134311.7   25317.1   20790.3 ]
[24-11-01 12:12:22] 153     -534.29 [    49998.4  134311.7   25317.1   20790.3 ]
[24-11-01 12:12:22] 154     -534.26 [    49999.4  134311.7   25317.1   20790.3 ]
[24-11-01 12:12:22] 156     -534.25 [    49999.7  134311.7   25317.1   20790.3 ]
[24-11-01 12:12:22] 158     -534.24 [    49999.9  134311.7   25317.1   20790.3 ]
[24-11-01 12:12:22] 160     -534.24 [    50000.0  134311.7   25317.1   20790.3 ]
[24-11-01 12:12:23] 162     -534.24 [    50000.0  134311.7   25317.1   20790.3 ]
[24-11-01 12:12:23] 164     -534.24 [    50000.0  134311.7   25317.1   20790.3 ]
[24-11-01 12:12:23] 166     -534.24 [    50000.0  134311.7   25317.1   20790.3 ]
[24-11-01 12:12:23] 168     -534.24 [    50000.0  134311.7   25317.1   20790.3 ]
[24-11-01 12:12:23] 169     -534.24 [    50000.0  134311.7   25317.1   20790.3 ]
[24-11-01 12:12:23] 170     -534.24 [    50000.0  134311.7   25317.1   20790.3 ]
[24-11-01 12:12:24] 171     -534.24 [    50000.0  134311.7   25317.1   20790.3 ]
[24-11-01 12:12:24] 172     -534.24 [    50000.0  134311.7   25317.1   20790.3 ]
[24-11-01 12:12:24] 173     -534.24 [    50000.0  134311.7   25317.1   20790.3 ]
[24-11-01 12:12:24] 175     -534.24 [    50000.0  134311.7   25317.1   20790.3 ]
[24-11-01 12:12:24] 176     -534.24 [    50000.0  134311.7   25317.1   20790.3 ]
[24-11-01 12:12:25] 177     -534.24 [    50000.0  134311.7   25317.1   20790.3 ]
[24-11-01 12:12:25] 178     -534.24 [    50000.0  134311.7   25317.1   20790.3 ]
[24-11-01 12:12:25] 179     -534.23 [    50000.0  134312.7   25317.1   20790.3 ]
[24-11-01 12:12:25] 180     -534.23 [    50000.0  134314.3   25317.1   20790.3 ]
[24-11-01 12:12:25] 181     -533.52 [    50000.0  134490.7   25317.1   20790.3 ]
[24-11-01 12:12:25] 182     -518.14 [    50000.0  142181.5   25317.1   20790.3 ]
[24-11-01 12:12:26] 183     -556.59 [    50000.0  154625.5   25317.1   20790.3 ]
[24-11-01 12:12:26] 184     -523.68 [    50000.0  146934.6   25317.1   20790.3 ]
[24-11-01 12:12:26] 185     -520.44 [    50000.0  139243.8   25317.1   20790.3 ]
[24-11-01 12:12:26] 186     -518.14 [    50000.0  142260.2   25317.1   20790.3 ]
[24-11-01 12:12:26] 187     -518.14 [    50000.0  142339.7   25317.1   20790.3 ]
[24-11-01 12:12:27] 188     -518.14 [    50000.0  142260.2   25317.1   20790.3 ]
[24-11-01 12:12:27] 189     -518.14 [    50000.0  142260.2   25318.1   20790.3 ]
[24-11-01 12:12:27] 190     -518.13 [    50000.0  142260.2   25319.7   20790.3 ]
[24-11-01 12:12:27] 191      -517.2 [    50000.0  142260.2   25496.1   20790.3 ]
[24-11-01 12:12:27] 192     -515.13 [    50000.0  142260.2   26306.6   20790.3 ]
[24-11-01 12:12:27] 193     -518.26 [    50000.0  142260.2   27618.1   20790.3 ]
[24-11-01 12:12:28] 194     -515.46 [    50000.0  142260.2   26807.6   20790.3 ]
[24-11-01 12:12:28] 195     -515.52 [    50000.0  142260.2   25997.0   20790.3 ]
[24-11-01 12:12:28] 196      -515.1 [    50000.0  142260.2   26415.9   20790.3 ]
[24-11-01 12:12:28] 197      -515.1 [    50000.0  142260.2   26404.9   20790.3 ]
[24-11-01 12:12:28] 198      -515.1 [    50000.0  142260.2   26394.0   20790.3 ]
[24-11-01 12:12:29] 199      -515.1 [    50000.0  142260.2   26404.9   20790.3 ]
[24-11-01 12:12:29] 200     -515.07 [    50000.0  142260.2   26404.9   20791.3 ]
[24-11-01 12:12:29] 201     -515.01 [    50000.0  142260.2   26404.9   20792.9 ]
[24-11-01 12:12:29] 202     -509.44 [    50000.0  142260.2   26404.9   20969.2 ]
[24-11-01 12:12:29] 203     -496.26 [    50000.0  142260.2   26404.9   21809.9 ]
[24-11-01 12:12:29] 204     -513.68 [    50000.0  142260.2   26404.9   23170.0 ]
[24-11-01 12:12:30] 205     -497.88 [    50000.0  142260.2   26404.9   22329.4 ]
[24-11-01 12:12:30] 206     -498.82 [    50000.0  142260.2   26404.9   21488.8 ]
[24-11-01 12:12:30] 207     -496.02 [    50000.0  142260.2   26404.9   21951.6 ]
[24-11-01 12:12:30] 208     -496.02 [    50000.0  142260.2   26404.9   21940.0 ]
[24-11-01 12:12:30] 209     -496.02 [    50000.0  142260.2   26404.9   21928.5 ]
[24-11-01 12:12:31] 211     -496.02 [    50000.0  142260.2   26404.9   21940.0 ]
[24-11-01 12:12:31] 213     -496.07 [    49998.4  142260.2   26404.9   21940.0 ]
[24-11-01 12:12:31] 214     -496.04 [    49999.4  142260.2   26404.9   21940.0 ]
[24-11-01 12:12:31] 216     -496.03 [    49999.7  142260.2   26404.9   21940.0 ]
[24-11-01 12:12:31] 218     -496.02 [    49999.9  142260.2   26404.9   21940.0 ]
[24-11-01 12:12:31] 220     -496.02 [    50000.0  142260.2   26404.9   21940.0 ]
[24-11-01 12:12:32] 222     -496.02 [    50000.0  142260.2   26404.9   21940.0 ]
[24-11-01 12:12:32] 224     -496.02 [    50000.0  142260.2   26404.9   21940.0 ]
[24-11-01 12:12:32] 226     -496.02 [    50000.0  142260.2   26404.9   21940.0 ]
[24-11-01 12:12:32] 228     -496.02 [    50000.0  142260.2   26404.9   21940.0 ]
[24-11-01 12:12:32] 230     -496.02 [    50000.0  142260.2   26404.9   21940.0 ]
[24-11-01 12:12:33] 232     -496.02 [    50000.0  142260.2   26404.9   21940.0 ]
[24-11-01 12:12:33] 234     -496.02 [    50000.0  142260.2   26404.9   21940.0 ]
[24-11-01 12:12:33] 236     -496.02 [    50000.0  142260.2   26404.9   21940.0 ]
[24-11-01 12:12:33] 238     -496.02 [    50000.0  142260.2   26404.9   21940.0 ]
[24-11-01 12:12:33] 239     -496.02 [    50000.0  142260.2   26404.9   21940.0 ]
[24-11-01 12:12:33] 240     -496.02 [    50000.0  142260.2   26404.9   21940.0 ]
[24-11-01 12:12:34] 241     -496.02 [    50000.0  142260.2   26404.9   21940.0 ]
[24-11-01 12:12:34] 242     -496.02 [    50000.0  142260.2   26404.9   21940.0 ]
[24-11-01 12:12:34] 244     -496.02 [    50000.0  142260.2   26404.9   21940.0 ]
[24-11-01 12:12:34] 245     -496.02 [    50000.0  142260.2   26404.9   21940.0 ]
[24-11-01 12:12:34] 246     -496.02 [    50000.0  142260.2   26404.9   21940.0 ]
[24-11-01 12:12:34] 247     -496.02 [    50000.0  142260.2   26404.9   21940.0 ]
[24-11-01 12:12:35] 248     -496.02 [    50000.0  142260.2   26404.9   21940.0 ]
[24-11-01 12:12:35] 249     -496.01 [    50000.0  142261.2   26404.9   21940.0 ]
[24-11-01 12:12:35] 250     -496.01 [    50000.0  142262.8   26404.9   21940.0 ]
[24-11-01 12:12:35] 251     -495.35 [    50000.0  142439.2   26404.9   21940.0 ]
[24-11-01 12:12:35] 252     -480.73 [    50000.0  150340.1   26404.9   21940.0 ]
[24-11-01 12:12:36] 253     -517.39 [    50000.0  163124.1   26404.9   21940.0 ]
[24-11-01 12:12:36] 254     -486.01 [    50000.0  155223.1   26404.9   21940.0 ]
[24-11-01 12:12:36] 255     -482.91 [    50000.0  147322.2   26404.9   21940.0 ]
[24-11-01 12:12:36] 256     -480.73 [    50000.0  150420.9   26404.9   21940.0 ]
[24-11-01 12:12:36] 257     -480.73 [    50000.0  150502.5   26404.9   21940.0 ]
[24-11-01 12:12:36] 258     -480.73 [    50000.0  150420.9   26404.9   21940.0 ]
[24-11-01 12:12:37] 259     -480.72 [    50000.0  150420.9   26405.9   21940.0 ]
[24-11-01 12:12:37] 260     -480.71 [    50000.0  150420.9   26407.5   21940.0 ]
[24-11-01 12:12:37] 261     -479.81 [    50000.0  150420.9   26583.9   21940.0 ]
[24-11-01 12:12:37] 262     -477.71 [    50000.0  150420.9   27420.7   21940.0 ]
[24-11-01 12:12:37] 263     -480.91 [    50000.0  150420.9   28774.7   21940.0 ]
[24-11-01 12:12:37] 264     -478.06 [    50000.0  150420.9   27937.9   21940.0 ]
[24-11-01 12:12:38] 265      -478.1 [    50000.0  150420.9   27101.1   21940.0 ]
[24-11-01 12:12:38] 266     -477.69 [    50000.0  150420.9   27531.3   21940.0 ]
[24-11-01 12:12:38] 267     -477.69 [    50000.0  150420.9   27520.1   21940.0 ]
[24-11-01 12:12:38] 268     -477.69 [    50000.0  150420.9   27508.9   21940.0 ]
[24-11-01 12:12:38] 269     -477.69 [    50000.0  150420.9   27520.1   21940.0 ]
[24-11-01 12:12:38] 270     -477.66 [    50000.0  150420.9   27520.1   21941.0 ]
[24-11-01 12:12:38] 271      -477.6 [    50000.0  150420.9   27520.1   21942.6 ]
[24-11-01 12:12:39] 272     -472.41 [    50000.0  150420.9   27520.1   22119.0 ]
[24-11-01 12:12:39] 273     -459.73 [    50000.0  150420.9   27520.1   22986.0 ]
[24-11-01 12:12:39] 274     -476.84 [    50000.0  150420.9   27520.1   24388.9 ]
[24-11-01 12:12:39] 275     -461.37 [    50000.0  150420.9   27520.1   23521.9 ]
[24-11-01 12:12:39] 276     -462.19 [    50000.0  150420.9   27520.1   22654.9 ]
[24-11-01 12:12:39] 277     -459.52 [    50000.0  150420.9   27520.1   23127.5 ]
[24-11-01 12:12:40] 278     -459.52 [    50000.0  150420.9   27520.1   23115.7 ]
[24-11-01 12:12:40] 279     -459.52 [    50000.0  150420.9   27520.1   23103.9 ]
[24-11-01 12:12:40] 281     -459.52 [    50000.0  150420.9   27520.1   23115.7 ]
[24-11-01 12:12:40] 283     -459.56 [    49998.4  150420.9   27520.1   23115.7 ]
[24-11-01 12:12:40] 284     -459.54 [    49999.4  150420.9   27520.1   23115.7 ]
[24-11-01 12:12:40] 286     -459.53 [    49999.7  150420.9   27520.1   23115.7 ]
[24-11-01 12:12:41] 288     -459.52 [    49999.9  150420.9   27520.1   23115.7 ]
[24-11-01 12:12:41] 290     -459.52 [    50000.0  150420.9   27520.1   23115.7 ]
[24-11-01 12:12:41] 292     -459.52 [    50000.0  150420.9   27520.1   23115.7 ]
[24-11-01 12:12:41] 294     -459.52 [    50000.0  150420.9   27520.1   23115.7 ]
[24-11-01 12:12:41] 296     -459.52 [    50000.0  150420.9   27520.1   23115.7 ]
[24-11-01 12:12:41] 298     -459.52 [    50000.0  150420.9   27520.1   23115.7 ]
[24-11-01 12:12:42] 300     -459.52 [    50000.0  150420.9   27520.1   23115.7 ]
[24-11-01 12:12:42] 302     -459.52 [    50000.0  150420.9   27520.1   23115.7 ]
[24-11-01 12:12:42] 304     -459.52 [    50000.0  150420.9   27520.1   23115.7 ]
[24-11-01 12:12:42] 306     -459.52 [    50000.0  150420.9   27520.1   23115.7 ]
[24-11-01 12:12:42] 308     -459.52 [    50000.0  150420.9   27520.1   23115.7 ]
[24-11-01 12:12:42] 310     -459.52 [    50000.0  150420.9   27520.1   23115.7 ]
[24-11-01 12:12:43] 312     -459.52 [    50000.0  150420.9   27520.1   23115.7 ]
[24-11-01 12:12:43] 314     -459.52 [    50000.0  150420.9   27520.1   23115.7 ]
[24-11-01 12:12:43] 316     -459.52 [    50000.0  150420.9   27520.1   23115.7 ]
[24-11-01 12:12:43] 318     -459.52 [    50000.0  150420.9   27520.1   23115.7 ]
[24-11-01 12:12:43] 320     -459.52 [    50000.0  150420.9   27520.1   23115.7 ]
[24-11-01 12:12:43] 321     -459.52 [    50000.0  150420.9   27520.1   23115.7 ]
[24-11-01 12:12:43] 322     -459.52 [    50000.0  150420.9   27520.1   23115.7 ]
[24-11-01 12:12:44] 323     -459.52 [    50000.0  150420.9   27520.1   23115.7 ]
[24-11-01 12:12:44] 324     -459.52 [    50000.0  150420.9   27520.1   23115.7 ]
[24-11-01 12:12:44] 325     -459.52 [    50000.0  150420.9   27520.1   23115.7 ]
[24-11-01 12:12:44] 326     -459.52 [    50000.0  150420.9   27520.1   23115.7 ]
[24-11-01 12:12:44] 327     -459.52 [    50000.0  150420.9   27520.1   23115.7 ]
[24-11-01 12:12:44] 328     -459.51 [    50000.0  150421.9   27520.1   23115.7 ]
[24-11-01 12:12:45] 329     -459.51 [    50000.0  150423.5   27520.1   23115.7 ]
[24-11-01 12:12:45] 330      -458.9 [    50000.0  150599.9   27520.1   23115.7 ]
[24-11-01 12:12:45] 331     -445.19 [    50000.0  158644.6   27520.1   23115.7 ]
[24-11-01 12:12:45] 332     -479.66 [    50000.0  171661.2   27520.1   23115.7 ]
[24-11-01 12:12:45] 333     -450.16 [    50000.0  163616.5   27520.1   23115.7 ]
[24-11-01 12:12:46] 334     -447.24 [    50000.0  155571.8   27520.1   23115.7 ]
[24-11-01 12:12:46] 335     -445.19 [    50000.0  158726.8   27520.1   23115.7 ]
[24-11-01 12:12:46] 336     -445.19 [    50000.0  158809.9   27520.1   23115.7 ]
[24-11-01 12:12:46] 337     -445.19 [    50000.0  158726.8   27520.1   23115.7 ]
[24-11-01 12:12:46] 338     -445.18 [    50000.0  158726.8   27521.1   23115.7 ]
[24-11-01 12:12:46] 339     -445.17 [    50000.0  158726.8   27522.7   23115.7 ]
[24-11-01 12:12:47] 340     -444.31 [    50000.0  158726.8   27699.1   23115.7 ]
[24-11-01 12:12:47] 341     -442.32 [    50000.0  158726.8   28539.9   23115.7 ]
[24-11-01 12:12:47] 342     -445.43 [    50000.0  158726.8   29900.3   23115.7 ]
[24-11-01 12:12:47] 343     -442.66 [    50000.0  158726.8   29059.5   23115.7 ]
[24-11-01 12:12:47] 344     -442.69 [    50000.0  158726.8   28218.7   23115.7 ]
[24-11-01 12:12:48] 345      -442.3 [    50000.0  158726.8   28646.4   23115.7 ]
[24-11-01 12:12:48] 346      -442.3 [    50000.0  158726.8   28635.1   23115.7 ]
[24-11-01 12:12:48] 347      -442.3 [    50000.0  158726.8   28657.7   23115.7 ]
[24-11-01 12:12:48] 348      -442.3 [    50000.0  158726.8   28646.4   23115.7 ]
[24-11-01 12:12:48] 349     -442.27 [    50000.0  158726.8   28646.4   23116.7 ]
[24-11-01 12:12:48] 350     -442.22 [    50000.0  158726.8   28646.4   23118.3 ]
[24-11-01 12:12:49] 351     -437.41 [    50000.0  158726.8   28646.4   23294.6 ]
[24-11-01 12:12:49] 352     -425.47 [    50000.0  158726.8   28646.4   24179.2 ]
[24-11-01 12:12:49] 353      -442.0 [    50000.0  158726.8   28646.4   25610.5 ]
[24-11-01 12:12:49] 354      -427.1 [    50000.0  158726.8   28646.4   24725.9 ]
[24-11-01 12:12:49] 355     -427.76 [    50000.0  158726.8   28646.4   23841.3 ]
[24-11-01 12:12:49] 356     -425.28 [    50000.0  158726.8   28646.4   24317.9 ]
[24-11-01 12:12:50] 357     -425.28 [    50000.0  158726.8   28646.4   24305.9 ]
[24-11-01 12:12:50] 358     -425.28 [    50000.0  158726.8   28646.4   24294.0 ]
[24-11-01 12:12:50] 360     -425.28 [    50000.0  158726.8   28646.4   24305.9 ]
[24-11-01 12:12:50] 362     -425.32 [    49998.4  158726.8   28646.4   24305.9 ]
[24-11-01 12:12:50] 363      -425.3 [    49999.4  158726.8   28646.4   24305.9 ]
[24-11-01 12:12:51] 365     -425.29 [    49999.7  158726.8   28646.4   24305.9 ]
[24-11-01 12:12:51] 367     -425.28 [    49999.9  158726.8   28646.4   24305.9 ]
[24-11-01 12:12:51] 369     -425.28 [    50000.0  158726.8   28646.4   24305.9 ]
[24-11-01 12:12:51] 371     -425.28 [    50000.0  158726.8   28646.4   24305.9 ]
[24-11-01 12:12:51] 373     -425.28 [    50000.0  158726.8   28646.4   24305.9 ]
[24-11-01 12:12:51] 375     -425.28 [    50000.0  158726.8   28646.4   24305.9 ]
[24-11-01 12:12:52] 377     -425.28 [    50000.0  158726.8   28646.4   24305.9 ]
[24-11-01 12:12:52] 379     -425.28 [    50000.0  158726.8   28646.4   24305.9 ]
[24-11-01 12:12:52] 381     -425.28 [    50000.0  158726.8   28646.4   24305.9 ]
[24-11-01 12:12:52] 383     -425.28 [    50000.0  158726.8   28646.4   24305.9 ]
[24-11-01 12:12:52] 385     -425.28 [    50000.0  158726.8   28646.4   24305.9 ]
[24-11-01 12:12:52] 387     -425.28 [    50000.0  158726.8   28646.4   24305.9 ]
[24-11-01 12:12:53] 389     -425.28 [    50000.0  158726.8   28646.4   24305.9 ]
[24-11-01 12:12:53] 391     -425.28 [    50000.0  158726.8   28646.4   24305.9 ]
[24-11-01 12:12:53] 393     -425.28 [    50000.0  158726.8   28646.4   24305.9 ]
[24-11-01 12:12:53] 395     -425.28 [    50000.0  158726.8   28646.4   24305.9 ]
[24-11-01 12:12:53] 397     -425.28 [    50000.0  158726.8   28646.4   24305.9 ]
[24-11-01 12:12:54] 399     -425.28 [    50000.0  158726.8   28646.4   24305.9 ]
[24-11-01 12:12:54] 401     -425.28 [    50000.0  158726.8   28646.4   24305.9 ]
[24-11-01 12:12:54] 403     -425.28 [    50000.0  158726.8   28646.4   24305.9 ]
[24-11-01 12:12:54] 405     -425.28 [    50000.0  158726.8   28646.4   24305.9 ]
[24-11-01 12:12:54] 406     -425.28 [    50000.0  158726.8   28646.4   24305.9 ]
[24-11-01 12:12:55] 407     -425.28 [    50000.0  158726.8   28646.4   24305.9 ]
[24-11-01 12:12:55] 408     -425.28 [    50000.0  158726.8   28646.4   24305.9 ]
[24-11-01 12:12:55] 409     -425.28 [    50000.0  158726.8   28646.4   24305.9 ]
[24-11-01 12:12:55] 410     -425.28 [    50000.0  158726.8   28646.4   24305.9 ]
[24-11-01 12:12:55] 411     -425.28 [    50000.0  158726.8   28646.4   24305.9 ]
[24-11-01 12:12:56] 412     -425.28 [    50000.0  158726.8   28646.4   24305.9 ]
[24-11-01 12:12:56] 413     -425.28 [    50000.0  158726.8   28646.4   24305.9 ]
[24-11-01 12:12:56] 414     -425.28 [    50000.0  158726.8   28646.4   24305.9 ]
[24-11-01 12:12:56] 415     -425.28 [    50000.0  158726.8   28646.4   24305.9 ]
[24-11-01 12:12:56] 416     -425.28 [    50000.0  158727.8   28646.4   24305.9 ]
[24-11-01 12:12:56] 417     -425.27 [    50000.0  158729.4   28646.4   24305.9 ]
[24-11-01 12:12:57] 418     -424.72 [    50000.0  158905.8   28646.4   24305.9 ]
[24-11-01 12:12:57] 419      -412.1 [    50000.0  167002.7   28646.4   24305.9 ]
[24-11-01 12:12:57] 420     -443.92 [    50000.0  180103.8   28646.4   24305.9 ]
[24-11-01 12:12:57] 421     -416.69 [    50000.0  172006.9   28646.4   24305.9 ]
[24-11-01 12:12:57] 422     -413.98 [    50000.0  163910.0   28646.4   24305.9 ]
[24-11-01 12:12:58] 423     -412.09 [    50000.0  167085.5   28646.4   24305.9 ]
[24-11-01 12:12:58] 424      -412.1 [    50000.0  167169.1   28646.4   24305.9 ]
[24-11-01 12:12:58] 425     -412.09 [    50000.0  167085.5   28646.4   24305.9 ]
[24-11-01 12:12:58] 426     -412.09 [    50000.0  167085.5   28647.4   24305.9 ]
[24-11-01 12:12:58] 427     -412.08 [    50000.0  167085.5   28649.0   24305.9 ]
[24-11-01 12:12:58] 428     -411.28 [    50000.0  167085.5   28825.4   24305.9 ]
[24-11-01 12:12:59] 429     -409.47 [    50000.0  167085.5   29651.8   24305.9 ]
[24-11-01 12:12:59] 430     -412.38 [    50000.0  167085.5   30989.0   24305.9 ]
[24-11-01 12:12:59] 431      -409.8 [    50000.0  167085.5   30162.6   24305.9 ]
[24-11-01 12:12:59] 432      -409.8 [    50000.0  167085.5   29336.1   24305.9 ]
[24-11-01 12:12:59] 433     -409.45 [    50000.0  167085.5   29750.5   24305.9 ]
[24-11-01 12:13:00] 434     -409.45 [    50000.0  167085.5   29739.5   24305.9 ]
[24-11-01 12:13:00] 435     -409.45 [    50000.0  167085.5   29761.5   24305.9 ]
[24-11-01 12:13:00] 436     -409.45 [    50000.0  167085.5   29750.5   24305.9 ]
[24-11-01 12:13:00] 437     -409.42 [    50000.0  167085.5   29750.5   24306.9 ]
[24-11-01 12:13:00] 438     -409.38 [    50000.0  167085.5   29750.5   24308.5 ]
[24-11-01 12:13:01] 439     -404.99 [    50000.0  167085.5   29750.5   24484.8 ]
[24-11-01 12:13:01] 440     -394.08 [    50000.0  167085.5   29750.5   25372.7 ]
[24-11-01 12:13:01] 441     -409.65 [    50000.0  167085.5   29750.5   26809.2 ]
[24-11-01 12:13:01] 442     -395.66 [    50000.0  167085.5   29750.5   25921.4 ]
[24-11-01 12:13:01] 443     -396.15 [    50000.0  167085.5   29750.5   25033.6 ]
[24-11-01 12:13:01] 444     -393.92 [    50000.0  167085.5   29750.5   25504.8 ]
[24-11-01 12:13:02] 445     -393.92 [    50000.0  167085.5   29750.5   25492.8 ]
[24-11-01 12:13:02] 446     -393.92 [    50000.0  167085.5   29750.5   25480.9 ]
[24-11-01 12:13:02] 447     -365.51 [    50000.0  175444.2   30854.6   26679.7 ]
[24-11-01 12:13:02] 448     -393.92 [    50000.0  167085.5   29750.5   25492.8 ]
[24-11-01 12:13:02] 449     -365.51 [    50000.0  175444.2   30854.6   26679.7 ]
[24-11-01 12:13:03] 452     -376.01 [    50000.0  172251.4   30432.9   26226.4 ]
[24-11-01 12:13:03] 453      -370.7 [    50000.0  173847.8   30643.7   26453.1 ]
[24-11-01 12:13:03] 454     -359.23 [    50000.0  177417.4   31115.2   26959.9 ]
[24-11-01 12:13:03] 455     -355.44 [    50000.0  178636.9   31276.3   27133.1 ]
[24-11-01 12:13:03] 456     -353.13 [    50000.0  179390.6   31375.9   27240.1 ]
[24-11-01 12:13:03] 457     -351.71 [    50000.0  179856.4   31437.4   27306.3 ]
[24-11-01 12:13:04] 458     -350.84 [    50000.0  180144.3   31475.4   27347.2 ]
[24-11-01 12:13:04] 459      -350.3 [    50000.0  180322.2   31498.9   27372.4 ]
[24-11-01 12:13:04] 461      -350.3 [    50000.0  180322.2   31498.9   27372.4 ]
[24-11-01 12:13:04] 463     -350.34 [    49998.4  180322.2   31498.9   27372.4 ]
[24-11-01 12:13:04] 464     -350.32 [    49999.4  180322.2   31498.9   27372.4 ]
[24-11-01 12:13:04] 466     -350.31 [    49999.7  180322.2   31498.9   27372.4 ]
[24-11-01 12:13:05] 468     -350.31 [    49999.9  180322.2   31498.9   27372.4 ]
[24-11-01 12:13:05] 470     -350.31 [    50000.0  180322.2   31498.9   27372.4 ]
[24-11-01 12:13:05] 472      -350.3 [    50000.0  180322.2   31498.9   27372.4 ]
[24-11-01 12:13:05] 474      -350.3 [    50000.0  180322.2   31498.9   27372.4 ]
[24-11-01 12:13:05] 476      -350.3 [    50000.0  180322.2   31498.9   27372.4 ]
[24-11-01 12:13:05] 478      -350.3 [    50000.0  180322.2   31498.9   27372.4 ]
[24-11-01 12:13:06] 480      -350.3 [    50000.0  180322.2   31498.9   27372.4 ]
[24-11-01 12:13:06] 482      -350.3 [    50000.0  180322.2   31498.9   27372.4 ]
[24-11-01 12:13:06] 484      -350.3 [    50000.0  180322.2   31498.9   27372.4 ]
[24-11-01 12:13:06] 486      -350.3 [    50000.0  180322.2   31498.9   27372.4 ]
[24-11-01 12:13:06] 488      -350.3 [    50000.0  180322.2   31498.9   27372.4 ]
[24-11-01 12:13:06] 490      -350.3 [    50000.0  180322.2   31498.9   27372.4 ]
[24-11-01 12:13:07] 492      -350.3 [    50000.0  180322.2   31498.9   27372.4 ]
[24-11-01 12:13:07] 494      -350.3 [    50000.0  180322.2   31498.9   27372.4 ]
[24-11-01 12:13:07] 496      -350.3 [    50000.0  180322.2   31498.9   27372.4 ]
[24-11-01 12:13:07] 498      -350.3 [    50000.0  180322.2   31498.9   27372.4 ]
[24-11-01 12:13:07] 500      -350.3 [    50000.0  180322.2   31498.9   27372.4 ]
[24-11-01 12:13:07] 502      -350.3 [    50000.0  180322.2   31498.9   27372.4 ]
[24-11-01 12:13:08] 504      -350.3 [    50000.0  180322.2   31498.9   27372.4 ]
[24-11-01 12:13:08] 506      -350.3 [    50000.0  180322.2   31498.9   27372.4 ]
[24-11-01 12:13:08] 508      -350.3 [    50000.0  180322.2   31498.9   27372.4 ]
[24-11-01 12:13:08] 510      -350.3 [    50000.0  180322.2   31498.9   27372.4 ]
[24-11-01 12:13:08] 511      -350.3 [    50000.0  180322.2   31498.9   27372.4 ]
[24-11-01 12:13:08] 514      -350.3 [    50000.0  180322.2   31498.9   27372.4 ]
[24-11-01 12:13:09] 516      -350.3 [    50000.0  180322.2   31498.9   27372.4 ]
[24-11-01 12:13:09] 517      -350.3 [    50000.0  180322.2   31498.9   27372.4 ]
[24-11-01 12:13:09] 518      -350.3 [    50000.0  180323.2   31498.9   27372.4 ]
[24-11-01 12:13:09] 519      -350.3 [    50000.0  180324.8   31498.9   27372.4 ]
[24-11-01 12:13:09] 520     -349.88 [    50000.0  180501.2   31498.9   27372.4 ]
[24-11-01 12:13:09] 521     -340.67 [    50000.0  188236.5   31498.9   27372.4 ]
[24-11-01 12:13:10] 522     -364.05 [    50000.0  200752.5   31498.9   27372.4 ]
[24-11-01 12:13:10] 523     -344.06 [    50000.0  193017.2   31498.9   27372.4 ]
[24-11-01 12:13:10] 524     -342.04 [    50000.0  185281.9   31498.9   27372.4 ]
[24-11-01 12:13:10] 525     -340.67 [    50000.0  188315.6   31498.9   27372.4 ]
[24-11-01 12:13:10] 526     -340.68 [    50000.0  188395.6   31498.9   27372.4 ]
[24-11-01 12:13:11] 527     -340.67 [    50000.0  188315.6   31498.9   27372.4 ]
[24-11-01 12:13:11] 528     -340.67 [    50000.0  188315.6   31499.9   27372.4 ]
[24-11-01 12:13:11] 529     -340.66 [    50000.0  188315.6   31501.6   27372.4 ]
[24-11-01 12:13:11] 530     -340.03 [    50000.0  188315.6   31677.9   27372.4 ]
[24-11-01 12:13:11] 531     -338.78 [    50000.0  188315.6   32417.0   27372.4 ]
[24-11-01 12:13:11] 532     -340.98 [    50000.0  188315.6   33612.9   27372.4 ]
[24-11-01 12:13:12] 533     -339.04 [    50000.0  188315.6   32873.8   27372.4 ]
[24-11-01 12:13:12] 534      -339.0 [    50000.0  188315.6   32134.7   27372.4 ]
[24-11-01 12:13:12] 535     -338.77 [    50000.0  188315.6   32489.5   27372.4 ]
[24-11-01 12:13:12] 536     -338.77 [    50000.0  188315.6   32479.6   27372.4 ]
[24-11-01 12:13:12] 537     -338.77 [    50000.0  188315.6   32499.4   27372.4 ]
[24-11-01 12:13:13] 538     -338.77 [    50000.0  188315.6   32489.5   27372.4 ]
[24-11-01 12:13:13] 540     -408.79 [    50000.0  166898.2   29660.5   24331.1 ]
[24-11-01 12:13:13] 541     -363.16 [    50000.0  180134.9   31408.9   26210.8 ]
[24-11-01 12:13:13] 543      -350.6 [    50000.0  184225.3   31949.2   26791.6 ]
[24-11-01 12:13:13] 545      -343.2 [    50000.0  186753.3   32283.1   27150.6 ]
[24-11-01 12:13:14] 547     -340.45 [    50000.0  187718.9   32410.7   27287.7 ]
[24-11-01 12:13:14] 549     -339.41 [    50000.0  188087.7   32459.4   27340.1 ]
[24-11-01 12:13:14] 551     -339.02 [    50000.0  188228.6   32478.0   27360.1 ]
[24-11-01 12:13:14] 552     -338.66 [    50000.0  188356.7   32495.0   27378.3 ]
[24-11-01 12:13:14] 554      -338.7 [    50000.0  188341.0   32492.9   27376.0 ]
[24-11-01 12:13:15] 556     -338.67 [    50000.0  188350.7   32494.2   27377.4 ]
[24-11-01 12:13:15] 557     -338.65 [    50000.0  188360.5   32495.4   27378.8 ]
[24-11-01 12:13:15] 558     -338.64 [    50000.0  188362.7   32495.7   27379.1 ]
[24-11-01 12:13:15] 560     -338.64 [    50000.0  188361.9   32495.6   27379.0 ]
[24-11-01 12:13:15] 563     -338.64 [    50000.0  188362.7   32495.7   27379.1 ]
[24-11-01 12:13:15] 565     -338.67 [    49998.4  188362.7   32495.7   27379.1 ]
[24-11-01 12:13:16] 566     -338.65 [    49999.4  188362.7   32495.7   27379.1 ]
[24-11-01 12:13:16] 568     -338.65 [    49999.7  188362.7   32495.7   27379.1 ]
[24-11-01 12:13:16] 570     -338.64 [    49999.9  188362.7   32495.7   27379.1 ]
[24-11-01 12:13:16] 572     -338.64 [    50000.0  188362.7   32495.7   27379.1 ]
[24-11-01 12:13:16] 574     -338.64 [    50000.0  188362.7   32495.7   27379.1 ]
[24-11-01 12:13:17] 576     -338.64 [    50000.0  188362.7   32495.7   27379.1 ]
[24-11-01 12:13:17] 578     -338.64 [    50000.0  188362.7   32495.7   27379.1 ]
[24-11-01 12:13:17] 580     -338.64 [    50000.0  188362.7   32495.7   27379.1 ]
[24-11-01 12:13:17] 582     -338.64 [    50000.0  188362.7   32495.7   27379.1 ]
[24-11-01 12:13:17] 584     -338.64 [    50000.0  188362.7   32495.7   27379.1 ]
[24-11-01 12:13:17] 586     -338.64 [    50000.0  188362.7   32495.7   27379.1 ]
[24-11-01 12:13:18] 588     -338.64 [    50000.0  188362.7   32495.7   27379.1 ]
[24-11-01 12:13:18] 590     -338.64 [    50000.0  188362.7   32495.7   27379.1 ]
[24-11-01 12:13:18] 592     -338.64 [    50000.0  188362.7   32495.7   27379.1 ]
[24-11-01 12:13:18] 594     -338.64 [    50000.0  188362.7   32495.7   27379.1 ]
[24-11-01 12:13:18] 596     -338.64 [    50000.0  188362.7   32495.7   27379.1 ]
[24-11-01 12:13:19] 598     -338.64 [    50000.0  188362.7   32495.7   27379.1 ]
[24-11-01 12:13:19] 600     -338.64 [    50000.0  188362.7   32495.7   27379.1 ]
[24-11-01 12:13:19] 602     -338.64 [    50000.0  188362.7   32495.7   27379.1 ]
[24-11-01 12:13:19] 604     -338.64 [    50000.0  188362.7   32495.7   27379.1 ]
[24-11-01 12:13:19] 606     -338.64 [    50000.0  188362.7   32495.7   27379.1 ]
[24-11-01 12:13:19] 608     -338.64 [    50000.0  188362.7   32495.7   27379.1 ]
[24-11-01 12:13:20] 610     -338.64 [    50000.0  188362.7   32495.7   27379.1 ]
[24-11-01 12:13:20] 612     -338.64 [    50000.0  188362.7   32495.7   27379.1 ]
[24-11-01 12:13:20] 613     -338.64 [    50000.0  188362.7   32495.7   27379.1 ]
[24-11-01 12:13:20] 614     -338.64 [    50000.0  188362.7   32495.7   27379.1 ]
[24-11-01 12:13:20] 615     -338.64 [    50000.0  188362.7   32495.7   27379.1 ]
[24-11-01 12:13:21] 616     -338.64 [    50000.0  188362.7   32495.7   27379.1 ]
[24-11-01 12:13:21] 617     -338.64 [    50000.0  188362.7   32495.7   27379.1 ]
[24-11-01 12:13:21] 618     -338.64 [    50000.0  188362.7   32495.7   27379.1 ]
[24-11-01 12:13:21] 619     -338.64 [    50000.0  188363.7   32495.7   27379.1 ]
[24-11-01 12:13:21] 620     -338.64 [    50000.0  188361.1   32495.7   27379.1 ]
[24-11-01 12:13:21] 621     -338.63 [    50000.0  188184.8   32495.7   27379.1 ]
[24-11-01 12:13:22] 622     -338.62 [    50000.0  188033.8   32495.7   27379.1 ]
[24-11-01 12:13:22] 623     -338.63 [    50000.0  187789.6   32495.7   27379.1 ]
[24-11-01 12:13:22] 624     -338.63 [    50000.0  187940.5   32495.7   27379.1 ]
[24-11-01 12:13:22] 625     -338.62 [    50000.0  188091.5   32495.7   27379.1 ]
[24-11-01 12:13:22] 626     -338.62 [    50000.0  188037.1   32495.7   27379.1 ]
[24-11-01 12:13:23] 627     -338.62 [    50000.0  188030.5   32495.7   27379.1 ]
[24-11-01 12:13:23] 628     -338.62 [    50000.0  188033.8   32495.7   27379.1 ]
[24-11-01 12:13:23] 629     -338.62 [    50000.0  188033.8   32496.7   27379.1 ]
[24-11-01 12:13:23] 630     -338.62 [    50000.0  188033.8   32498.4   27379.1 ]
[24-11-01 12:13:23] 631     -338.62 [    50000.0  188033.8   32500.9   27379.1 ]
[24-11-01 12:13:23] 632     -338.62 [    50000.0  188033.8   32505.0   27379.1 ]
[24-11-01 12:13:24] 633     -338.62 [    50000.0  188033.8   32502.4   27379.1 ]
[24-11-01 12:13:24] 634     -338.62 [    50000.0  188033.8   32499.9   27379.1 ]
[24-11-01 12:13:24] 635     -338.62 [    50000.0  188033.8   32500.9   27379.1 ]
[24-11-01 12:13:24] 636     -338.62 [    50000.0  188033.8   32500.8   27379.1 ]
[24-11-01 12:13:24] 637     -338.62 [    50000.0  188033.8   32500.9   27379.1 ]
[24-11-01 12:13:25] 639     -408.65 [    50000.0  166616.3   29671.9   24337.8 ]
[24-11-01 12:13:25] 640     -363.02 [    50000.0  179853.1   31420.3   26217.4 ]
[24-11-01 12:13:25] 642     -350.45 [    50000.0  183943.4   31960.6   26798.3 ]
[24-11-01 12:13:25] 644     -343.06 [    50000.0  186471.4   32294.5   27157.3 ]
[24-11-01 12:13:25] 645     -336.57 [    50000.0  188771.5   32598.3   27483.9 ]
[24-11-01 12:13:25] 647     -337.35 [    50000.0  188489.7   32561.1   27443.9 ]
[24-11-01 12:13:26] 648     -336.09 [    50000.0  188945.6   32621.3   27508.6 ]
[24-11-01 12:13:26] 650     -336.27 [    50000.0  188879.1   32612.5   27499.1 ]
[24-11-01 12:13:26] 651     -335.97 [    50000.0  188986.7   32626.8   27514.4 ]
[24-11-01 12:13:26] 652      -335.9 [    50000.0  189012.1   32630.1   27518.0 ]
[24-11-01 12:13:26] 653     -335.86 [    50000.0  189027.8   32632.2   27520.3 ]
[24-11-01 12:13:26] 655     -333.15 [    50000.0  189692.9   32768.6   27661.4 ]
[24-11-01 12:13:27] 656     -335.86 [    50000.0  189027.8   32632.2   27520.3 ]
[24-11-01 12:13:27] 657     -333.15 [    50000.0  189692.9   32768.6   27661.4 ]
[24-11-01 12:13:27] 658     -328.91 [    50000.0  190769.0   32989.4   27889.8 ]
[24-11-01 12:13:27] 659     -272.96 [    50000.0  215706.3   38105.2   33182.3 ]
[24-11-01 12:13:27] 661     -270.95 [    50000.0  231118.4   41266.9   36453.2 ]
[24-11-01 12:13:27] 662     -279.77 [    50000.0  240643.6   43221.0   38474.7 ]
[24-11-01 12:13:28] 663     -269.21 [    50000.0  224957.5   40003.0   35145.7 ]
[24-11-01 12:13:28] 664     -269.21 [    50000.0  224598.2   39929.3   35069.4 ]
[24-11-01 12:13:28] 665     -269.22 [    50000.0  224242.5   39856.4   34993.9 ]
[24-11-01 12:13:28] 666     -269.21 [    50000.0  224598.2   39929.3   35069.4 ]
[24-11-01 12:13:28] 668     -269.22 [    49998.4  224598.2   39929.3   35069.4 ]
[24-11-01 12:13:29] 669     -269.21 [    49999.4  224598.2   39929.3   35069.4 ]
[24-11-01 12:13:29] 671     -269.21 [    49999.7  224598.2   39929.3   35069.4 ]
[24-11-01 12:13:29] 673     -269.21 [    49999.9  224598.2   39929.3   35069.4 ]
[24-11-01 12:13:29] 675     -269.21 [    50000.0  224598.2   39929.3   35069.4 ]
[24-11-01 12:13:29] 677     -269.21 [    50000.0  224598.2   39929.3   35069.4 ]
[24-11-01 12:13:29] 679     -269.21 [    50000.0  224598.2   39929.3   35069.4 ]
[24-11-01 12:13:30] 681     -269.21 [    50000.0  224598.2   39929.3   35069.4 ]
[24-11-01 12:13:30] 683     -269.21 [    50000.0  224598.2   39929.3   35069.4 ]
[24-11-01 12:13:30] 685     -269.21 [    50000.0  224598.2   39929.3   35069.4 ]
[24-11-01 12:13:30] 687     -269.21 [    50000.0  224598.2   39929.3   35069.4 ]
[24-11-01 12:13:30] 689     -269.21 [    50000.0  224598.2   39929.3   35069.4 ]
[24-11-01 12:13:31] 691     -269.21 [    50000.0  224598.2   39929.3   35069.4 ]
[24-11-01 12:13:31] 693     -269.21 [    50000.0  224598.2   39929.3   35069.4 ]
[24-11-01 12:13:31] 695     -269.21 [    50000.0  224598.2   39929.3   35069.4 ]
[24-11-01 12:13:31] 697     -269.21 [    50000.0  224598.2   39929.3   35069.4 ]
[24-11-01 12:13:31] 699     -269.21 [    50000.0  224598.2   39929.3   35069.4 ]
[24-11-01 12:13:31] 701     -269.21 [    50000.0  224598.2   39929.3   35069.4 ]
[24-11-01 12:13:32] 703     -269.21 [    50000.0  224598.2   39929.3   35069.4 ]
[24-11-01 12:13:32] 705     -269.21 [    50000.0  224598.2   39929.3   35069.4 ]
[24-11-01 12:13:32] 707     -269.21 [    50000.0  224598.2   39929.3   35069.4 ]
[24-11-01 12:13:32] 709     -269.21 [    50000.0  224598.2   39929.3   35069.4 ]
[24-11-01 12:13:32] 711     -269.21 [    50000.0  224598.2   39929.3   35069.4 ]
[24-11-01 12:13:33] 713     -269.21 [    50000.0  224598.2   39929.3   35069.4 ]
[24-11-01 12:13:33] 715     -269.21 [    50000.0  224598.2   39929.3   35069.4 ]
[24-11-01 12:13:33] 717     -269.21 [    50000.0  224598.2   39929.3   35069.4 ]
[24-11-01 12:13:33] 718     -269.21 [    50000.0  224598.2   39929.3   35069.4 ]
[24-11-01 12:13:33] 720     -269.21 [    50000.0  224598.2   39929.3   35069.4 ]
[24-11-01 12:13:33] 721     -269.21 [    50000.0  224598.2   39929.3   35069.4 ]
[24-11-01 12:13:34] 722      -269.2 [    50000.0  224599.2   39929.3   35069.4 ]
[24-11-01 12:13:34] 723      -269.2 [    50000.0  224600.8   39929.3   35069.4 ]
[24-11-01 12:13:34] 724     -268.74 [    50000.0  224777.2   39929.3   35069.4 ]
[24-11-01 12:13:34] 725     -251.73 [    50000.0  237864.9   39929.3   35069.4 ]
[24-11-01 12:13:34] 727     -257.96 [    50000.0  245953.6   39929.3   35069.4 ]
[24-11-01 12:13:34] 728     -254.26 [    50000.0  232865.9   39929.3   35069.4 ]
[24-11-01 12:13:35] 729     -251.73 [    50000.0  237997.6   39929.3   35069.4 ]
[24-11-01 12:13:35] 730     -251.74 [    50000.0  238131.6   39929.3   35069.4 ]
[24-11-01 12:13:35] 731     -251.73 [    50000.0  237997.6   39929.3   35069.4 ]
[24-11-01 12:13:35] 732     -251.74 [    50000.0  237997.6   39930.3   35069.4 ]
[24-11-01 12:13:35] 733     -251.73 [    50000.0  237997.6   39927.7   35069.4 ]
[24-11-01 12:13:36] 734     -251.23 [    50000.0  237997.6   39751.4   35069.4 ]
[24-11-01 12:13:36] 735     -250.01 [    50000.0  237997.6   38737.0   35069.4 ]
[24-11-01 12:13:36] 736     -254.78 [    50000.0  237997.6   37095.6   35069.4 ]
[24-11-01 12:13:36] 737     -250.77 [    50000.0  237997.6   38110.0   35069.4 ]
[24-11-01 12:13:36] 738     -250.13 [    50000.0  237997.6   39124.4   35069.4 ]
[24-11-01 12:13:36] 739      -250.0 [    50000.0  237997.6   38822.8   35069.4 ]
[24-11-01 12:13:37] 740      -250.0 [    50000.0  237997.6   38811.7   35069.4 ]
[24-11-01 12:13:37] 741      -250.0 [    50000.0  237997.6   38833.9   35069.4 ]
[24-11-01 12:13:37] 742      -250.0 [    50000.0  237997.6   38822.8   35069.4 ]
[24-11-01 12:13:37] 744     -569.71 [    50000.0  180443.5   27015.8   22854.6 ]
[24-11-01 12:13:37] 745     -296.48 [    50000.0  216013.9   34312.9   30403.8 ]
[24-11-01 12:13:38] 747     -265.03 [    50000.0  227005.7   36567.9   32736.6 ]
[24-11-01 12:13:38] 748     -247.95 [    50000.0  242559.1   39758.6   36037.5 ]
[24-11-01 12:13:38] 749     -247.77 [    50000.0  244083.1   40071.2   36360.9 ]
[24-11-01 12:13:38] 750     -247.76 [    50000.0  244400.8   40136.4   36428.4 ]
[24-11-01 12:13:38] 751     -247.76 [    50000.0  244464.8   40149.5   36441.9 ]
[24-11-01 12:13:38] 752     -247.76 [    50000.0  244336.7   40123.3   36414.8 ]
[24-11-01 12:13:39] 754     -247.76 [    50000.0  244400.8   40136.4   36428.4 ]
[24-11-01 12:13:39] 756     -247.76 [    49998.4  244400.8   40136.4   36428.4 ]
[24-11-01 12:13:39] 757     -247.76 [    49999.4  244400.8   40136.4   36428.4 ]
[24-11-01 12:13:39] 759     -247.76 [    49999.7  244400.8   40136.4   36428.4 ]
[24-11-01 12:13:39] 761     -247.76 [    49999.9  244400.8   40136.4   36428.4 ]
[24-11-01 12:13:39] 763     -247.76 [    50000.0  244400.8   40136.4   36428.4 ]
[24-11-01 12:13:40] 765     -247.76 [    50000.0  244400.8   40136.4   36428.4 ]
[24-11-01 12:13:40] 767     -247.76 [    50000.0  244400.8   40136.4   36428.4 ]
[24-11-01 12:13:40] 769     -247.76 [    50000.0  244400.8   40136.4   36428.4 ]
[24-11-01 12:13:40] 771     -247.76 [    50000.0  244400.8   40136.4   36428.4 ]
[24-11-01 12:13:40] 773     -247.76 [    50000.0  244400.8   40136.4   36428.4 ]
[24-11-01 12:13:41] 775     -247.76 [    50000.0  244400.8   40136.4   36428.4 ]
[24-11-01 12:13:41] 777     -247.76 [    50000.0  244400.8   40136.4   36428.4 ]
[24-11-01 12:13:41] 779     -247.76 [    50000.0  244400.8   40136.4   36428.4 ]
[24-11-01 12:13:41] 781     -247.76 [    50000.0  244400.8   40136.4   36428.4 ]
[24-11-01 12:13:41] 783     -247.76 [    50000.0  244400.8   40136.4   36428.4 ]
[24-11-01 12:13:41] 785     -247.76 [    50000.0  244400.8   40136.4   36428.4 ]
[24-11-01 12:13:42] 787     -247.76 [    50000.0  244400.8   40136.4   36428.4 ]
[24-11-01 12:13:42] 789     -247.76 [    50000.0  244400.8   40136.4   36428.4 ]
[24-11-01 12:13:42] 791     -247.76 [    50000.0  244400.8   40136.4   36428.4 ]
[24-11-01 12:13:42] 793     -247.76 [    50000.0  244400.8   40136.4   36428.4 ]
[24-11-01 12:13:42] 795     -247.76 [    50000.0  244400.8   40136.4   36428.4 ]
[24-11-01 12:13:43] 797     -247.76 [    50000.0  244400.8   40136.4   36428.4 ]
[24-11-01 12:13:43] 799     -247.76 [    50000.0  244400.8   40136.4   36428.4 ]
[24-11-01 12:13:43] 801     -247.76 [    50000.0  244400.8   40136.4   36428.4 ]
[24-11-01 12:13:43] 802     -247.76 [    50000.0  244400.8   40136.4   36428.4 ]
[24-11-01 12:13:43] 803     -247.76 [    50000.0  244400.8   40136.4   36428.4 ]
[24-11-01 12:13:43] 805     -247.76 [    50000.0  244400.8   40136.4   36428.4 ]
[24-11-01 12:13:44] 806     -247.76 [    50000.0  244400.8   40136.4   36428.4 ]
[24-11-01 12:13:44] 807     -247.76 [    50000.0  244400.8   40136.4   36428.4 ]
[24-11-01 12:13:44] 808     -247.76 [    50000.0  244400.8   40136.4   36428.4 ]
[24-11-01 12:13:44] 809     -247.76 [    50000.0  244401.8   40136.4   36428.4 ]
[24-11-01 12:13:44] 810     -247.76 [    50000.0  244403.4   40136.4   36428.4 ]
[24-11-01 12:13:45] 811     -247.69 [    50000.0  244579.8   40136.4   36428.4 ]
[24-11-01 12:13:45] 812     -247.28 [    50000.0  246704.4   40136.4   36428.4 ]
[24-11-01 12:13:45] 814     -247.43 [    50000.0  248017.5   40136.4   36428.4 ]
[24-11-01 12:13:45] 815     -247.34 [    50000.0  245892.9   40136.4   36428.4 ]
[24-11-01 12:13:45] 816     -247.28 [    50000.0  246727.4   40136.4   36428.4 ]
[24-11-01 12:13:45] 817     -247.28 [    50000.0  246681.4   40136.4   36428.4 ]
[24-11-01 12:13:46] 818     -247.28 [    50000.0  246704.4   40136.4   36428.4 ]
[24-11-01 12:13:46] 819     -247.28 [    50000.0  246704.4   40137.4   36428.4 ]
[24-11-01 12:13:46] 820     -247.28 [    50000.0  246704.4   40134.8   36428.4 ]
[24-11-01 12:13:46] 821     -247.18 [    50000.0  246704.4   39958.4   36428.4 ]
[24-11-01 12:13:46] 822     -247.16 [    50000.0  246704.4   39850.1   36428.4 ]
[24-11-01 12:13:46] 823     -247.21 [    50000.0  246704.4   39674.9   36428.4 ]
[24-11-01 12:13:47] 824     -247.17 [    50000.0  246704.4   39783.2   36428.4 ]
[24-11-01 12:13:47] 825     -247.17 [    50000.0  246704.4   39891.5   36428.4 ]
[24-11-01 12:13:47] 826     -247.16 [    50000.0  246704.4   39853.4   36428.4 ]
[24-11-01 12:13:47] 827     -247.16 [    50000.0  246704.4   39856.2   36428.4 ]
[24-11-01 12:13:47] 828     -247.16 [    50000.0  246704.4   39853.4   36428.4 ]
[24-11-01 12:13:48] 830     -513.72 [    50000.0  189150.3   28046.3   24213.6 ]
[24-11-01 12:13:48] 831      -279.7 [    50000.0  224720.7   35343.5   31762.7 ]
[24-11-01 12:13:48] 833     -255.67 [    50000.0  235712.5   37598.4   34095.5 ]
[24-11-01 12:13:48] 834      -247.1 [    50000.0  247231.3   39961.5   36540.2 ]
[24-11-01 12:13:48] 835     -247.07 [    50000.0  247947.6   40108.4   36692.2 ]
[24-11-01 12:13:48] 836     -247.07 [    50000.0  248003.1   40119.8   36704.0 ]
[24-11-01 12:13:49] 837     -247.07 [    50000.0  248016.0   40122.5   36706.7 ]
[24-11-01 12:13:49] 838     -247.07 [    50000.0  247990.1   40117.1   36701.2 ]
[24-11-01 12:13:49] 840     -247.07 [    50000.0  248003.1   40119.8   36704.0 ]
[24-11-01 12:13:49] 842     -247.07 [    49998.4  248003.1   40119.8   36704.0 ]
[24-11-01 12:13:49] 843     -247.07 [    49999.4  248003.1   40119.8   36704.0 ]
[24-11-01 12:13:49] 845     -247.07 [    49999.7  248003.1   40119.8   36704.0 ]
[24-11-01 12:13:50] 847     -247.07 [    49999.9  248003.1   40119.8   36704.0 ]
[24-11-01 12:13:50] 849     -247.07 [    50000.0  248003.1   40119.8   36704.0 ]
[24-11-01 12:13:50] 851     -247.07 [    50000.0  248003.1   40119.8   36704.0 ]
[24-11-01 12:13:50] 853     -247.07 [    50000.0  248003.1   40119.8   36704.0 ]
[24-11-01 12:13:50] 855     -247.07 [    50000.0  248003.1   40119.8   36704.0 ]
[24-11-01 12:13:51] 857     -247.07 [    50000.0  248003.1   40119.8   36704.0 ]
[24-11-01 12:13:51] 859     -247.07 [    50000.0  248003.1   40119.8   36704.0 ]
[24-11-01 12:13:51] 861     -247.07 [    50000.0  248003.1   40119.8   36704.0 ]
[24-11-01 12:13:51] 863     -247.07 [    50000.0  248003.1   40119.8   36704.0 ]
[24-11-01 12:13:51] 865     -247.07 [    50000.0  248003.1   40119.8   36704.0 ]
[24-11-01 12:13:51] 867     -247.07 [    50000.0  248003.1   40119.8   36704.0 ]
[24-11-01 12:13:52] 869     -247.07 [    50000.0  248003.1   40119.8   36704.0 ]
[24-11-01 12:13:52] 871     -247.07 [    50000.0  248003.1   40119.8   36704.0 ]
[24-11-01 12:13:52] 873     -247.07 [    50000.0  248003.1   40119.8   36704.0 ]
[24-11-01 12:13:52] 875     -247.07 [    50000.0  248003.1   40119.8   36704.0 ]
[24-11-01 12:13:52] 877     -247.07 [    50000.0  248003.1   40119.8   36704.0 ]
[24-11-01 12:13:53] 879     -247.07 [    50000.0  248003.1   40119.8   36704.0 ]
[24-11-01 12:13:53] 881     -247.07 [    50000.0  248003.1   40119.8   36704.0 ]
[24-11-01 12:13:53] 883     -247.07 [    50000.0  248003.1   40119.8   36704.0 ]
[24-11-01 12:13:53] 885     -247.07 [    50000.0  248003.1   40119.8   36704.0 ]
[24-11-01 12:13:53] 887     -247.07 [    50000.0  248003.1   40119.8   36704.0 ]
[24-11-01 12:13:53] 889     -247.07 [    50000.0  248003.1   40119.8   36704.0 ]
[24-11-01 12:13:54] 890     -247.07 [    50000.0  248003.1   40119.8   36704.0 ]
[24-11-01 12:13:54] 891     -247.07 [    50000.0  248003.1   40119.8   36704.0 ]
[24-11-01 12:13:54] 892     -247.07 [    50000.0  248003.1   40119.8   36704.0 ]
[24-11-01 12:13:54] 893     -247.07 [    50000.0  248003.1   40119.8   36704.0 ]
[24-11-01 12:13:54] 894     -247.07 [    50000.0  248003.1   40119.8   36704.0 ]
[24-11-01 12:13:55] 895     -247.07 [    50000.0  248003.1   40119.8   36704.0 ]
[24-11-01 12:13:55] 896     -247.07 [    50000.0  248004.1   40119.8   36704.0 ]
[24-11-01 12:13:55] 897     -247.07 [    50000.0  248005.7   40119.8   36704.0 ]
[24-11-01 12:13:55] 898     -247.06 [    50000.0  248182.0   40119.8   36704.0 ]
[24-11-01 12:13:55] 899     -247.05 [    50000.0  248476.1   40119.8   36704.0 ]
[24-11-01 12:13:55] 900     -247.07 [    50000.0  248952.0   40119.8   36704.0 ]
[24-11-01 12:13:56] 901     -247.05 [    50000.0  248657.9   40119.8   36704.0 ]
[24-11-01 12:13:56] 902     -247.05 [    50000.0  248363.8   40119.8   36704.0 ]
[24-11-01 12:13:56] 903     -247.05 [    50000.0  248480.9   40119.8   36704.0 ]
[24-11-01 12:13:56] 904     -247.05 [    50000.0  248471.4   40119.8   36704.0 ]
[24-11-01 12:13:56] 905     -247.05 [    50000.0  248476.1   40119.8   36704.0 ]
[24-11-01 12:13:56] 906     -247.05 [    50000.0  248476.1   40120.8   36704.0 ]
[24-11-01 12:13:57] 907     -247.05 [    50000.0  248476.1   40118.2   36704.0 ]
[24-11-01 12:13:57] 908     -247.05 [    50000.0  248476.1   40060.0   36704.0 ]
[24-11-01 12:13:57] 909     -247.06 [    50000.0  248476.1   39965.8   36704.0 ]
[24-11-01 12:13:57] 910     -247.05 [    50000.0  248476.1   40024.0   36704.0 ]
[24-11-01 12:13:57] 911     -247.05 [    50000.0  248476.1   40082.2   36704.0 ]
[24-11-01 12:13:58] 912     -247.05 [    50000.0  248476.1   40060.6   36704.0 ]
[24-11-01 12:13:58] 913     -247.05 [    50000.0  248476.1   40059.4   36704.0 ]
[24-11-01 12:13:58] 914     -247.05 [    50000.0  248476.1   40060.0   36704.0 ]
[24-11-01 12:13:58] 916     -503.43 [    50000.0  190922.1   28252.9   24489.2 ]
[24-11-01 12:13:58] 917     -276.83 [    50000.0  226492.4   35550.1   32038.4 ]
[24-11-01 12:13:58] 919     -254.26 [    50000.0  237484.3   37805.0   34371.2 ]
[24-11-01 12:13:59] 920     -247.06 [    50000.0  248141.3   39991.3   36632.9 ]
[24-11-01 12:13:59] 921     -247.04 [    50000.0  248722.9   40110.6   36756.3 ]
[24-11-01 12:13:59] 922     -247.04 [    50000.0  248744.2   40115.0   36760.9 ]
[24-11-01 12:13:59] 923     -247.04 [    50000.0  248746.9   40115.5   36761.4 ]
[24-11-01 12:13:59] 924     -247.04 [    50000.0  248741.5   40114.4   36760.3 ]
[24-11-01 12:13:59] 925     -247.05 [    50000.0  249485.3   40110.1   36817.7 ]
[24-11-01 12:14:00] 926     -247.04 [    50000.0  248744.2   40115.0   36760.9 ]
[24-11-01 12:14:00] 927     -247.05 [    50000.0  249485.3   40110.1   36817.7 ]
[24-11-01 12:14:00] 928     -247.11 [    50000.0  247545.0   40122.8   36668.8 ]
[24-11-01 12:14:00] 929     -247.06 [    50000.0  248286.1   40117.9   36725.7 ]
[24-11-01 12:14:00] 930     -247.04 [    50000.0  249027.3   40113.1   36782.6 ]
[24-11-01 12:14:01] 931     -247.04 [    50000.0  248933.4   40113.7   36775.4 ]
[24-11-01 12:14:01] 932     -247.04 [    50000.0  248935.2   40113.7   36775.5 ]
[24-11-01 12:14:01] 933     -247.04 [    50000.0  248931.5   40113.7   36775.2 ]
[24-11-01 12:14:01] 934     -247.04 [    50000.0  248933.4   40113.7   36775.4 ]
[24-11-01 12:14:01] 936     -247.04 [    49998.4  248933.4   40113.7   36775.4 ]
[24-11-01 12:14:01] 937     -247.04 [    49999.4  248933.4   40113.7   36775.4 ]
[24-11-01 12:14:02] 939     -247.04 [    49999.7  248933.4   40113.7   36775.4 ]
[24-11-01 12:14:02] 941     -247.04 [    49999.9  248933.4   40113.7   36775.4 ]
[24-11-01 12:14:02] 943     -247.04 [    50000.0  248933.4   40113.7   36775.4 ]
[24-11-01 12:14:02] 945     -247.04 [    50000.0  248933.4   40113.7   36775.4 ]
[24-11-01 12:14:02] 947     -247.04 [    50000.0  248933.4   40113.7   36775.4 ]
[24-11-01 12:14:03] 949     -247.04 [    50000.0  248933.4   40113.7   36775.4 ]
[24-11-01 12:14:03] 951     -247.04 [    50000.0  248933.4   40113.7   36775.4 ]
[24-11-01 12:14:03] 953     -247.04 [    50000.0  248933.4   40113.7   36775.4 ]
[24-11-01 12:14:03] 955     -247.04 [    50000.0  248933.4   40113.7   36775.4 ]
[24-11-01 12:14:03] 957     -247.04 [    50000.0  248933.4   40113.7   36775.4 ]
[24-11-01 12:14:03] 959     -247.04 [    50000.0  248933.4   40113.7   36775.4 ]
[24-11-01 12:14:04] 961     -247.04 [    50000.0  248933.4   40113.7   36775.4 ]
[24-11-01 12:14:04] 963     -247.04 [    50000.0  248933.4   40113.7   36775.4 ]
[24-11-01 12:14:04] 965     -247.04 [    50000.0  248933.4   40113.7   36775.4 ]
[24-11-01 12:14:04] 967     -247.04 [    50000.0  248933.4   40113.7   36775.4 ]
[24-11-01 12:14:04] 969     -247.04 [    50000.0  248933.4   40113.7   36775.4 ]
[24-11-01 12:14:04] 971     -247.04 [    50000.0  248933.4   40113.7   36775.4 ]
[24-11-01 12:14:05] 973     -247.04 [    50000.0  248933.4   40113.7   36775.4 ]
[24-11-01 12:14:05] 975     -247.04 [    50000.0  248933.4   40113.7   36775.4 ]
[24-11-01 12:14:05] 977     -247.04 [    50000.0  248933.4   40113.7   36775.4 ]
[24-11-01 12:14:05] 979     -247.04 [    50000.0  248933.4   40113.7   36775.4 ]
[24-11-01 12:14:05] 981     -247.04 [    50000.0  248933.4   40113.7   36775.4 ]
[24-11-01 12:14:06] 982     -247.04 [    50000.0  248933.4   40113.7   36775.4 ]
[24-11-01 12:14:06] 983     -247.04 [    50000.0  248933.4   40113.7   36775.4 ]
[24-11-01 12:14:06] 984     -247.04 [    50000.0  248933.4   40113.7   36775.4 ]
[24-11-01 12:14:06] 985     -247.04 [    50000.0  248933.4   40113.7   36775.4 ]
[24-11-01 12:14:06] 986     -247.04 [    50000.0  248933.4   40113.7   36775.4 ]
[24-11-01 12:14:06] 987     -247.04 [    50000.0  248933.4   40113.7   36775.4 ]
[24-11-01 12:14:07] 988     -247.04 [    50000.0  248933.4   40113.7   36775.4 ]
[24-11-01 12:14:07] 990      -500.8 [    50000.0  191379.3   28306.7   24560.6 ]
[24-11-01 12:14:07] 991     -276.11 [    50000.0  226949.7   35603.8   32109.8 ]
[24-11-01 12:14:07] 993     -253.92 [    50000.0  237941.5   37858.8   34442.6 ]
[24-11-01 12:14:07] 994     -247.06 [    50000.0  248371.9   39998.6   36656.2 ]
[24-11-01 12:14:08] 995     -247.04 [    50000.0  248920.0   40111.0   36772.6 ]
[24-11-01 12:14:08] 996     -247.04 [    50000.0  248933.4   40113.7   36775.4 ]
[24-11-01 12:14:08] 997     -247.04 [    50000.0  248933.4   40113.8   36775.4 ]
[24-11-01 12:14:08] 998     -247.04 [    50000.0  248933.4   40113.8   36775.4 ]
[24-11-01 12:14:08] 999     -247.04 [    50000.0  248933.4   40113.7   36775.4 ]
[24-11-01 12:14:08] 1000    -247.04 [    50000.0  248933.4   40113.8   36775.4 ]
[24-11-01 12:14:09] 1001    -247.04 [    50000.0  248933.4   40113.8   36775.4 ]
[24-11-01 12:14:09] 1002    -247.04 [    50000.0  248933.4   40113.8   36775.4 ]
[24-11-01 12:14:09] 1003    -247.04 [    50000.0  248933.4   40113.8   36775.4 ]
[24-11-01 12:14:09] 1004    -247.04 [    50000.0  248933.4   40114.8   36775.4 ]
[24-11-01 12:14:09] 1005    -247.04 [    50000.0  248933.4   40112.1   36775.4 ]
[24-11-01 12:14:10] 1006    -247.04 [    50000.0  248933.4   40113.1   36775.4 ]
[24-11-01 12:14:10] 1007    -247.04 [    50000.0  248933.4   40114.1   36775.4 ]
[24-11-01 12:14:10] 1008    -247.04 [    50000.0  248933.4   40113.7   36775.4 ]
[24-11-01 12:14:10] 1009    -247.04 [    50000.0  248933.4   40113.7   36775.4 ]
[24-11-01 12:14:10] 1010    -247.04 [    50000.0  248933.4   40113.7   36775.4 ]
[24-11-01 12:14:10] 1011    -247.04 [    50000.0  248933.4   40113.7   36775.4 ]
[24-11-01 12:14:11] 1012    -247.04 [    50000.0  248933.4   40113.7   36775.4 ]
[24-11-01 12:14:11] 1013    -247.04 [    50000.0  248933.4   40113.7   36775.4 ]
[24-11-01 12:14:11] 1014    -247.04 [    50000.0  248933.4   40113.7   36775.4 ]
[24-11-01 12:14:11] 1015    -247.04 [    50000.0  249122.6   40112.5   36789.9 ]
[24-11-01 12:14:11] 1016    -247.04 [    50000.0  248627.3   40115.7   36751.9 ]
[24-11-01 12:14:11] 1017    -247.04 [    50000.0  248816.5   40114.5   36766.4 ]
[24-11-01 12:14:12] 1018    -247.04 [    50000.0  249005.7   40113.3   36780.9 ]
[24-11-01 12:14:12] 1019    -247.04 [    50000.0  248933.4   40113.7   36775.4 ]
[24-11-01 12:14:12] 1020    -247.04 [    50000.0  248933.5   40113.7   36775.4 ]
[24-11-01 12:14:12] 1021    -247.04 [    50000.0  248933.4   40113.7   36775.4 ]
[24-11-01 12:14:12] 1022    -247.04 [    50000.0  248933.4   40113.7   36775.4 ]
[24-11-01 12:14:13] 1023    -247.04 [    50000.0  248933.4   40113.7   36775.4 ]
[24-11-01 12:14:13] 1024    -247.04 [    50000.0  248933.4   40113.7   36775.4 ]
[24-11-01 12:14:13] 1025    -247.04 [    50000.0  248933.4   40113.7   36775.4 ]
[24-11-01 12:14:13] 1026    -247.04 [    50000.0  248933.4   40113.7   36775.4 ]
[24-11-01 12:14:13] 1027    -247.04 [    50000.0  248933.4   40113.7   36775.4 ]
[24-11-01 12:14:13] 1028    -247.04 [    50000.0  248933.4   40113.7   36775.4 ]
[24-11-01 12:14:14] 1029    -247.04 [    50000.0  248933.4   40113.7   36775.4 ]
[24-11-01 12:14:14] 1030    -247.04 [    50000.0  248933.4   40113.7   36775.4 ]
[24-11-01 12:14:14] 1031    -247.04 [    50000.0  248933.4   40113.7   36775.4 ]
[24-11-01 12:14:14] 1032    -247.04 [    50000.0  248933.4   40113.7   36775.4 ]
[24-11-01 12:14:14] 1033    -247.04 [    50000.0  248933.4   40113.7   36775.4 ]
[24-11-01 12:14:14] 1034    -247.04 [    50000.0  248933.4   40113.7   36775.4 ]
[24-11-01 12:14:15] 1035    -247.04 [    50000.0  248933.4   40113.7   36775.4 ]
[24-11-01 12:14:15] 1036    -247.04 [    50000.0  248933.4   40113.7   36775.4 ]
[24-11-01 12:14:15] 1037    -247.04 [    50000.0  248933.4   40113.7   36775.4 ]
[24-11-01 12:14:15] 1038    -247.04 [    50000.0  248933.4   40113.7   36775.4 ]
[24-11-01 12:14:15] 1039    -247.04 [    50000.0  248933.4   40113.7   36775.4 ]
[24-11-01 12:14:16] 1040    -247.04 [    50000.0  248933.4   40113.7   36775.4 ]
[24-11-01 12:14:16] 1041    -247.04 [    50000.0  248933.4   40113.7   36775.4 ]
[24-11-01 12:14:16] 1042    -247.04 [    50000.0  248933.4   40113.7   36775.4 ]
[24-11-01 12:14:16] 1043    -247.04 [    50000.0  248933.4   40113.7   36775.4 ]
[24-11-01 12:14:16] 1044    -247.04 [    50000.0  248933.4   40113.7   36775.4 ]
[24-11-01 12:14:16] 1045    -247.04 [    50000.0  248933.4   40113.7   36775.4 ]
[24-11-01 12:14:17] 1046    -247.04 [    50000.0  248933.4   40113.7   36775.4 ]
[24-11-01 12:14:17] 1047    -247.04 [    50000.0  248933.4   40113.7   36775.4 ]
[24-11-01 12:14:17] 1048    -247.04 [    50000.0  248933.4   40113.7   36775.4 ]
[24-11-01 12:14:17] 1049    -247.04 [    50000.0  248933.4   40113.7   36775.4 ]
[24-11-01 12:14:17] 1050    -247.04 [    50000.0  248933.4   40113.7   36775.4 ]
[24-11-01 12:14:17] 1051    -247.04 [    50000.0  248933.4   40113.7   36775.4 ]
[24-11-01 12:14:18] 1052    -247.04 [    50000.0  248933.4   40113.7   36775.4 ]
Optimization terminated successfully.
         Current function value: 247.041215
         Iterations: 13
         Function evaluations: 1052
[24-11-01 12:14:18] 1052     fit p: [    50000.0  248933.4   40113.7   36775.4 ]
method: Powell
objective_func: objective_H2
fopt: -247.04121482480235
max_iter: 100
num_iter: 13
func_calls: 1052
flag: 0
u_fitted: False
u: 1.111e-08
