[24-11-01 12:13:22] fitting objective_H2 to data for demes ['KhomaniSan', 'Yoruba']
[24-11-01 12:13:22] 0        pnames [        NA1       TA1        NK        NY ]
[24-11-01 12:13:22] 0            p0 [    30491.2  125844.5   12490.3   19602.1 ]
[24-11-01 12:13:22] 1      -4481.57 [    30491.2  125844.5   12490.3   19602.1 ]
[24-11-01 12:13:22] 2      -4481.57 [    30491.2  125844.5   12490.3   19602.1 ]
[24-11-01 12:13:22] 3       -4481.3 [    30492.2  125844.5   12490.3   19602.1 ]
[24-11-01 12:13:22] 4      -4480.85 [    30493.8  125844.5   12490.3   19602.1 ]
[24-11-01 12:13:23] 5      -4432.97 [    30670.2  125844.5   12490.3   19602.1 ]
[24-11-01 12:13:23] 6      -2580.17 [    41231.9  125844.5   12490.3   19602.1 ]
[24-11-01 12:13:23] 8      -2014.43 [    47759.3  125844.5   12490.3   19602.1 ]
[24-11-01 12:13:23] 10     -2262.99 [    44495.6  125844.5   12490.3   19602.1 ]
[24-11-01 12:13:23] 11     -1915.98 [    49300.3  125844.5   12490.3   19602.1 ]
[24-11-01 12:13:23] 13     -1952.31 [    48711.7  125844.5   12490.3   19602.1 ]
[24-11-01 12:13:24] 14     -1894.27 [    49664.0  125844.5   12490.3   19602.1 ]
[24-11-01 12:13:24] 15     -1881.12 [    49888.8  125844.5   12490.3   19602.1 ]
[24-11-01 12:13:24] 16     -1881.12 [    49888.8  125844.5   12490.3   19602.1 ]
[24-11-01 12:13:24] 17     -1881.13 [    49888.8  125845.5   12490.3   19602.1 ]
[24-11-01 12:13:24] 18     -1881.11 [    49888.8  125842.9   12490.3   19602.1 ]
[24-11-01 12:13:25] 19     -1879.49 [    49888.8  125666.5   12490.3   19602.1 ]
[24-11-01 12:13:25] 20     -1812.27 [    49888.8  110676.2   12490.3   19602.1 ]
[24-11-01 12:13:25] 21     -2010.51 [    49888.8   86421.2   12490.3   19602.1 ]
[24-11-01 12:13:25] 22     -1842.07 [    49888.8  101411.6   12490.3   19602.1 ]
[24-11-01 12:13:25] 23     -1821.37 [    49888.8  116402.0   12490.3   19602.1 ]
[24-11-01 12:13:25] 24     -1812.23 [    49888.8  111060.2   12490.3   19602.1 ]
[24-11-01 12:13:26] 25     -1812.23 [    49888.8  110912.3   12490.3   19602.1 ]
[24-11-01 12:13:26] 26     -1812.24 [    49888.8  111208.0   12490.3   19602.1 ]
[24-11-01 12:13:26] 27     -1812.23 [    49888.8  111060.2   12490.3   19602.1 ]
[24-11-01 12:13:26] 28     -1811.91 [    49888.8  111060.2   12491.3   19602.1 ]
[24-11-01 12:13:26] 29      -1811.4 [    49888.8  111060.2   12493.0   19602.1 ]
[24-11-01 12:13:26] 30     -1757.18 [    49888.8  111060.2   12669.3   19602.1 ]
[24-11-01 12:13:27] 31      -1089.4 [    49888.8  111060.2   16103.5   19602.1 ]
[24-11-01 12:13:27] 32      -751.85 [    49888.8  111060.2   21660.0   19602.1 ]
[24-11-01 12:13:27] 33      -771.71 [    49888.8  111060.2   20924.2   19602.1 ]
[24-11-01 12:13:27] 34      -727.92 [    49888.8  111060.2   30650.7   19602.1 ]
[24-11-01 12:13:27] 35      -706.22 [    49888.8  111060.2   26488.6   19602.1 ]
[24-11-01 12:13:28] 36      -710.56 [    49888.8  111060.2   24644.2   19602.1 ]
[24-11-01 12:13:28] 37      -710.55 [    49888.8  111060.2   28078.4   19602.1 ]
[24-11-01 12:13:28] 38      -706.15 [    49888.8  111060.2   26348.6   19602.1 ]
[24-11-01 12:13:28] 39      -706.14 [    49888.8  111060.2   26210.0   19602.1 ]
[24-11-01 12:13:28] 40       -706.8 [    49888.8  111060.2   25611.9   19602.1 ]
[24-11-01 12:13:28] 41      -706.19 [    49888.8  111060.2   26072.8   19602.1 ]
[24-11-01 12:13:29] 42      -706.14 [    49888.8  111060.2   26210.0   19602.1 ]
[24-11-01 12:13:29] 43      -706.18 [    49888.8  111060.2   26210.0   19603.1 ]
[24-11-01 12:13:29] 44      -706.07 [    49888.8  111060.2   26210.0   19600.5 ]
[24-11-01 12:13:29] 45      -698.99 [    49888.8  111060.2   26210.0   19424.1 ]
[24-11-01 12:13:29] 46      -673.77 [    49888.8  111060.2   26210.0   17662.4 ]
[24-11-01 12:13:29] 47      -926.47 [    49888.8  111060.2   26210.0   14811.9 ]
[24-11-01 12:13:30] 48      -714.62 [    49888.8  111060.2   26210.0   16573.6 ]
[24-11-01 12:13:30] 49      -672.35 [    49888.8  111060.2   26210.0   18335.3 ]
[24-11-01 12:13:30] 50      -671.04 [    49888.8  111060.2   26210.0   18051.3 ]
[24-11-01 12:13:30] 51      -671.05 [    49888.8  111060.2   26210.0   18066.8 ]
[24-11-01 12:13:30] 52      -671.05 [    49888.8  111060.2   26210.0   18035.8 ]
[24-11-01 12:13:31] 54      -671.04 [    49888.8  111060.2   26210.0   18051.3 ]
[24-11-01 12:13:31] 55       -671.0 [    49889.8  111060.2   26210.0   18051.3 ]
[24-11-01 12:13:31] 56      -670.94 [    49891.5  111060.2   26210.0   18051.3 ]
[24-11-01 12:13:31] 58      -668.37 [    49958.8  111060.2   26210.0   18051.3 ]
[24-11-01 12:13:31] 60      -669.65 [    49925.1  111060.2   26210.0   18051.3 ]
[24-11-01 12:13:31] 61      -667.76 [    49974.7  111060.2   26210.0   18051.3 ]
[24-11-01 12:13:32] 62      -667.39 [    49984.6  111060.2   26210.0   18051.3 ]
[24-11-01 12:13:32] 63      -667.16 [    49990.6  111060.2   26210.0   18051.3 ]
[24-11-01 12:13:32] 64      -667.01 [    49994.4  111060.2   26210.0   18051.3 ]
[24-11-01 12:13:32] 65      -666.93 [    49996.7  111060.2   26210.0   18051.3 ]
[24-11-01 12:13:32] 66      -666.87 [    49998.1  111060.2   26210.0   18051.3 ]
[24-11-01 12:13:32] 67      -666.83 [    49999.2  111060.2   26210.0   18051.3 ]
[24-11-01 12:13:33] 68      -666.83 [    49999.2  111060.2   26210.0   18051.3 ]
[24-11-01 12:13:33] 69      -666.82 [    49999.2  111061.2   26210.0   18051.3 ]
[24-11-01 12:13:33] 70      -666.81 [    49999.2  111062.8   26210.0   18051.3 ]
[24-11-01 12:13:33] 71      -665.55 [    49999.2  111239.1   26210.0   18051.3 ]
[24-11-01 12:13:33] 72      -629.33 [    49999.2  121379.8   26210.0   18051.3 ]
[24-11-01 12:13:34] 73       -717.3 [    49999.2  137787.6   26210.0   18051.3 ]
[24-11-01 12:13:34] 74      -641.89 [    49999.2  127647.0   26210.0   18051.3 ]
[24-11-01 12:13:34] 75      -634.83 [    49999.2  117506.4   26210.0   18051.3 ]
[24-11-01 12:13:34] 76      -629.32 [    49999.2  121546.9   26210.0   18051.3 ]
[24-11-01 12:13:34] 77      -629.32 [    49999.2  121651.8   26210.0   18051.3 ]
[24-11-01 12:13:34] 78      -629.32 [    49999.2  121546.9   26210.0   18051.3 ]
[24-11-01 12:13:35] 79      -629.33 [    49999.2  121546.9   26211.0   18051.3 ]
[24-11-01 12:13:35] 80       -629.3 [    49999.2  121546.9   26208.4   18051.3 ]
[24-11-01 12:13:35] 81      -627.59 [    49999.2  121546.9   26032.0   18051.3 ]
[24-11-01 12:13:35] 82      -617.65 [    49999.2  121546.9   22813.3   18051.3 ]
[24-11-01 12:13:35] 83      -782.88 [    49999.2  121546.9   17605.2   18051.3 ]
[24-11-01 12:13:35] 84      -642.87 [    49999.2  121546.9   20824.0   18051.3 ]
[24-11-01 12:13:36] 85       -615.8 [    49999.2  121546.9   24042.7   18051.3 ]
[24-11-01 12:13:36] 86      -615.49 [    49999.2  121546.9   23644.8   18051.3 ]
[24-11-01 12:13:36] 87      -615.48 [    49999.2  121546.9   23701.3   18051.3 ]
[24-11-01 12:13:36] 88      -615.49 [    49999.2  121546.9   23726.4   18051.3 ]
[24-11-01 12:13:36] 89      -615.48 [    49999.2  121546.9   23676.2   18051.3 ]
[24-11-01 12:13:37] 90      -615.48 [    49999.2  121546.9   23701.3   18051.3 ]
[24-11-01 12:13:37] 91      -615.45 [    49999.2  121546.9   23701.3   18052.3 ]
[24-11-01 12:13:37] 92      -615.39 [    49999.2  121546.9   23701.3   18053.9 ]
[24-11-01 12:13:37] 93      -609.93 [    49999.2  121546.9   23701.3   18230.2 ]
[24-11-01 12:13:37] 94      -600.44 [    49999.2  121546.9   23701.3   18868.2 ]
[24-11-01 12:13:37] 95      -613.72 [    49999.2  121546.9   23701.3   19900.4 ]
[24-11-01 12:13:38] 96      -601.74 [    49999.2  121546.9   23701.3   19262.5 ]
[24-11-01 12:13:38] 97      -602.27 [    49999.2  121546.9   23701.3   18624.5 ]
[24-11-01 12:13:38] 98      -600.29 [    49999.2  121546.9   23701.3   18968.2 ]
[24-11-01 12:13:38] 99      -600.29 [    49999.2  121546.9   23701.3   18959.0 ]
[24-11-01 12:13:38] 100     -600.29 [    49999.2  121546.9   23701.3   18949.9 ]
[24-11-01 12:13:39] 102     -600.29 [    49999.2  121546.9   23701.3   18959.0 ]
[24-11-01 12:13:39] 104     -600.35 [    49997.6  121546.9   23701.3   18959.0 ]
[24-11-01 12:13:39] 105     -600.31 [    49998.6  121546.9   23701.3   18959.0 ]
[24-11-01 12:13:39] 106     -600.27 [    49999.6  121546.9   23701.3   18959.0 ]
[24-11-01 12:13:39] 107     -600.26 [    49999.8  121546.9   23701.3   18959.0 ]
[24-11-01 12:13:39] 108     -600.26 [    50000.0  121546.9   23701.3   18959.0 ]
[24-11-01 12:13:40] 110     -600.26 [    49999.9  121546.9   23701.3   18959.0 ]
[24-11-01 12:13:40] 112     -600.26 [    50000.0  121546.9   23701.3   18959.0 ]
[24-11-01 12:13:40] 114     -600.26 [    50000.0  121546.9   23701.3   18959.0 ]
[24-11-01 12:13:40] 115     -600.26 [    50000.0  121546.9   23701.3   18959.0 ]
[24-11-01 12:13:40] 116     -600.25 [    50000.0  121547.9   23701.3   18959.0 ]
[24-11-01 12:13:41] 117     -600.24 [    50000.0  121549.5   23701.3   18959.0 ]
[24-11-01 12:13:41] 118     -599.43 [    50000.0  121725.9   23701.3   18959.0 ]
[24-11-01 12:13:41] 119     -582.44 [    50000.0  129114.8   23701.3   18959.0 ]
[24-11-01 12:13:41] 120     -624.73 [    50000.0  141070.4   23701.3   18959.0 ]
[24-11-01 12:13:41] 121     -588.52 [    50000.0  133681.5   23701.3   18959.0 ]
[24-11-01 12:13:41] 122     -584.99 [    50000.0  126292.5   23701.3   18959.0 ]
[24-11-01 12:13:42] 123     -582.44 [    50000.0  129196.7   23701.3   18959.0 ]
[24-11-01 12:13:42] 124     -582.44 [    50000.0  129273.2   23701.3   18959.0 ]
[24-11-01 12:13:42] 125     -582.44 [    50000.0  129196.7   23701.3   18959.0 ]
[24-11-01 12:13:42] 126     -582.43 [    50000.0  129196.7   23702.3   18959.0 ]
[24-11-01 12:13:42] 127     -582.42 [    50000.0  129196.7   23703.9   18959.0 ]
[24-11-01 12:13:42] 128     -581.64 [    50000.0  129196.7   23880.3   18959.0 ]
[24-11-01 12:13:43] 129     -580.32 [    50000.0  129196.7   24510.2   18959.0 ]
[24-11-01 12:13:43] 130     -582.47 [    50000.0  129196.7   25529.5   18959.0 ]
[24-11-01 12:13:43] 131     -580.57 [    50000.0  129196.7   24899.5   18959.0 ]
[24-11-01 12:13:43] 132     -580.57 [    50000.0  129196.7   24269.6   18959.0 ]
[24-11-01 12:13:43] 133     -580.31 [    50000.0  129196.7   24584.7   18959.0 ]
[24-11-01 12:13:44] 134     -580.31 [    50000.0  129196.7   24575.9   18959.0 ]
[24-11-01 12:13:44] 135     -580.31 [    50000.0  129196.7   24593.6   18959.0 ]
[24-11-01 12:13:44] 136     -580.31 [    50000.0  129196.7   24584.7   18959.0 ]
[24-11-01 12:13:44] 137     -580.27 [    50000.0  129196.7   24584.7   18960.0 ]
[24-11-01 12:13:44] 138     -580.21 [    50000.0  129196.7   24584.7   18961.6 ]
[24-11-01 12:13:44] 139     -574.07 [    50000.0  129196.7   24584.7   19138.0 ]
[24-11-01 12:13:45] 140     -560.68 [    50000.0  129196.7   24584.7   19916.5 ]
[24-11-01 12:13:45] 141      -578.0 [    50000.0  129196.7   24584.7   21176.2 ]
[24-11-01 12:13:45] 142     -562.24 [    50000.0  129196.7   24584.7   20397.7 ]
[24-11-01 12:13:45] 143     -563.31 [    50000.0  129196.7   24584.7   19619.2 ]
[24-11-01 12:13:45] 144     -560.42 [    50000.0  129196.7   24584.7   20052.7 ]
[24-11-01 12:13:45] 145     -560.42 [    50000.0  129196.7   24584.7   20041.8 ]
[24-11-01 12:13:46] 146     -560.43 [    50000.0  129196.7   24584.7   20031.0 ]
[24-11-01 12:13:46] 148     -560.42 [    50000.0  129196.7   24584.7   20041.8 ]
[24-11-01 12:13:46] 150     -560.48 [    49998.4  129196.7   24584.7   20041.8 ]
[24-11-01 12:13:46] 151     -560.45 [    49999.4  129196.7   24584.7   20041.8 ]
[24-11-01 12:13:46] 153     -560.44 [    49999.7  129196.7   24584.7   20041.8 ]
[24-11-01 12:13:47] 155     -560.43 [    49999.9  129196.7   24584.7   20041.8 ]
[24-11-01 12:13:47] 157     -560.43 [    49999.9  129196.7   24584.7   20041.8 ]
[24-11-01 12:13:47] 159     -560.42 [    50000.0  129196.7   24584.7   20041.8 ]
[24-11-01 12:13:47] 161     -560.42 [    50000.0  129196.7   24584.7   20041.8 ]
[24-11-01 12:13:47] 162     -560.42 [    50000.0  129196.7   24584.7   20041.8 ]
[24-11-01 12:13:47] 163     -560.42 [    50000.0  129196.7   24584.7   20041.8 ]
[24-11-01 12:13:48] 164     -560.42 [    50000.0  129196.7   24584.7   20041.8 ]
[24-11-01 12:13:48] 165     -560.42 [    50000.0  129196.7   24584.7   20041.8 ]
[24-11-01 12:13:48] 166     -560.42 [    50000.0  129196.7   24584.7   20041.8 ]
[24-11-01 12:13:48] 167     -560.42 [    50000.0  129196.7   24584.7   20041.8 ]
[24-11-01 12:13:48] 169     -560.42 [    50000.0  129196.7   24584.7   20041.8 ]
[24-11-01 12:13:48] 171     -560.42 [    50000.0  129196.7   24584.7   20041.8 ]
[24-11-01 12:13:49] 172     -560.42 [    50000.0  129197.7   24584.7   20041.8 ]
[24-11-01 12:13:49] 173     -560.41 [    50000.0  129199.3   24584.7   20041.8 ]
[24-11-01 12:13:49] 174     -559.67 [    50000.0  129375.6   24584.7   20041.8 ]
[24-11-01 12:13:49] 175     -544.04 [    50000.0  136861.3   24584.7   20041.8 ]
[24-11-01 12:13:49] 176     -583.09 [    50000.0  148973.4   24584.7   20041.8 ]
[24-11-01 12:13:50] 177     -549.66 [    50000.0  141487.7   24584.7   20041.8 ]
[24-11-01 12:13:50] 178     -546.38 [    50000.0  134002.1   24584.7   20041.8 ]
[24-11-01 12:13:50] 179     -544.04 [    50000.0  136938.5   24584.7   20041.8 ]
[24-11-01 12:13:50] 180     -544.04 [    50000.0  137016.0   24584.7   20041.8 ]
[24-11-01 12:13:50] 181     -544.04 [    50000.0  136938.5   24584.7   20041.8 ]
[24-11-01 12:13:50] 182     -544.03 [    50000.0  136938.5   24585.7   20041.8 ]
[24-11-01 12:13:51] 183     -544.02 [    50000.0  136938.5   24587.3   20041.8 ]
[24-11-01 12:13:51] 184     -543.07 [    50000.0  136938.5   24763.7   20041.8 ]
[24-11-01 12:13:51] 185     -540.95 [    50000.0  136938.5   25565.3   20041.8 ]
[24-11-01 12:13:51] 186     -544.11 [    50000.0  136938.5   26862.4   20041.8 ]
[24-11-01 12:13:51] 187     -541.29 [    50000.0  136938.5   26060.8   20041.8 ]
[24-11-01 12:13:52] 188     -541.35 [    50000.0  136938.5   25259.1   20041.8 ]
[24-11-01 12:13:52] 189     -540.93 [    50000.0  136938.5   25676.0   20041.8 ]
[24-11-01 12:13:52] 190     -540.93 [    50000.0  136938.5   25665.1   20041.8 ]
[24-11-01 12:13:52] 191     -540.93 [    50000.0  136938.5   25654.3   20041.8 ]
[24-11-01 12:13:52] 192     -540.93 [    50000.0  136938.5   25665.1   20041.8 ]
[24-11-01 12:13:52] 193     -540.89 [    50000.0  136938.5   25665.1   20042.8 ]
[24-11-01 12:13:53] 194     -540.83 [    50000.0  136938.5   25665.1   20044.4 ]
[24-11-01 12:13:53] 195     -535.02 [    50000.0  136938.5   25665.1   20220.8 ]
[24-11-01 12:13:53] 196     -521.64 [    50000.0  136938.5   25665.1   21039.3 ]
[24-11-01 12:13:53] 197     -539.13 [    50000.0  136938.5   25665.1   22363.8 ]
[24-11-01 12:13:53] 198     -523.24 [    50000.0  136938.5   25665.1   21545.2 ]
[24-11-01 12:13:53] 199     -524.26 [    50000.0  136938.5   25665.1   20726.7 ]
[24-11-01 12:13:54] 200     -521.39 [    50000.0  136938.5   25665.1   21179.8 ]
[24-11-01 12:13:54] 201     -521.39 [    50000.0  136938.5   25665.1   21168.5 ]
[24-11-01 12:13:54] 202     -521.39 [    50000.0  136938.5   25665.1   21157.2 ]
[24-11-01 12:13:54] 204     -521.39 [    50000.0  136938.5   25665.1   21168.5 ]
[24-11-01 12:13:54] 206     -521.45 [    49998.4  136938.5   25665.1   21168.5 ]
[24-11-01 12:13:55] 207     -521.41 [    49999.4  136938.5   25665.1   21168.5 ]
[24-11-01 12:13:55] 209      -521.4 [    49999.7  136938.5   25665.1   21168.5 ]
[24-11-01 12:13:55] 211      -521.4 [    49999.9  136938.5   25665.1   21168.5 ]
[24-11-01 12:13:55] 213     -521.39 [    50000.0  136938.5   25665.1   21168.5 ]
[24-11-01 12:13:55] 215     -521.39 [    50000.0  136938.5   25665.1   21168.5 ]
[24-11-01 12:13:55] 217     -521.39 [    50000.0  136938.5   25665.1   21168.5 ]
[24-11-01 12:13:56] 219     -521.39 [    50000.0  136938.5   25665.1   21168.5 ]
[24-11-01 12:13:56] 221     -521.39 [    50000.0  136938.5   25665.1   21168.5 ]
[24-11-01 12:13:56] 223     -521.39 [    50000.0  136938.5   25665.1   21168.5 ]
[24-11-01 12:13:56] 225     -521.39 [    50000.0  136938.5   25665.1   21168.5 ]
[24-11-01 12:13:56] 227     -521.39 [    50000.0  136938.5   25665.1   21168.5 ]
[24-11-01 12:13:57] 228     -521.39 [    50000.0  136938.5   25665.1   21168.5 ]
[24-11-01 12:13:57] 230     -521.39 [    50000.0  136938.5   25665.1   21168.5 ]
[24-11-01 12:13:57] 232     -521.39 [    50000.0  136938.5   25665.1   21168.5 ]
[24-11-01 12:13:57] 234     -521.39 [    50000.0  136938.5   25665.1   21168.5 ]
[24-11-01 12:13:57] 235     -521.39 [    50000.0  136938.5   25665.1   21168.5 ]
[24-11-01 12:13:57] 236     -521.39 [    50000.0  136938.5   25665.1   21168.5 ]
[24-11-01 12:13:58] 237     -521.39 [    50000.0  136938.5   25665.1   21168.5 ]
[24-11-01 12:13:58] 238     -521.39 [    50000.0  136938.5   25665.1   21168.5 ]
[24-11-01 12:13:58] 239     -521.39 [    50000.0  136939.5   25665.1   21168.5 ]
[24-11-01 12:13:58] 240     -521.38 [    50000.0  136941.2   25665.1   21168.5 ]
[24-11-01 12:13:58] 241     -520.69 [    50000.0  137117.5   25665.1   21168.5 ]
[24-11-01 12:13:58] 242      -505.6 [    50000.0  144870.5   25665.1   21168.5 ]
[24-11-01 12:13:59] 243     -543.37 [    50000.0  157415.0   25665.1   21168.5 ]
[24-11-01 12:13:59] 244     -511.04 [    50000.0  149662.0   25665.1   21168.5 ]
[24-11-01 12:13:59] 245     -507.86 [    50000.0  141909.1   25665.1   21168.5 ]
[24-11-01 12:13:59] 246      -505.6 [    50000.0  144949.8   25665.1   21168.5 ]
[24-11-01 12:13:59] 247     -505.61 [    50000.0  145029.9   25665.1   21168.5 ]
[24-11-01 12:14:00] 248      -505.6 [    50000.0  144949.8   25665.1   21168.5 ]
[24-11-01 12:14:00] 249      -505.6 [    50000.0  144949.8   25666.1   21168.5 ]
[24-11-01 12:14:00] 250     -505.59 [    50000.0  144949.8   25667.7   21168.5 ]
[24-11-01 12:14:00] 251     -504.66 [    50000.0  144949.8   25844.1   21168.5 ]
[24-11-01 12:14:00] 252     -502.52 [    50000.0  144949.8   26673.4   21168.5 ]
[24-11-01 12:14:00] 253     -505.74 [    50000.0  144949.8   28015.2   21168.5 ]
[24-11-01 12:14:01] 254     -502.86 [    50000.0  144949.8   27185.9   21168.5 ]
[24-11-01 12:14:01] 255     -502.92 [    50000.0  144949.8   26356.6   21168.5 ]
[24-11-01 12:14:01] 256     -502.49 [    50000.0  144949.8   26785.6   21168.5 ]
[24-11-01 12:14:01] 257     -502.49 [    50000.0  144949.8   26774.4   21168.5 ]
[24-11-01 12:14:01] 258     -502.49 [    50000.0  144949.8   26763.3   21168.5 ]
[24-11-01 12:14:01] 259     -502.49 [    50000.0  144949.8   26774.4   21168.5 ]
[24-11-01 12:14:02] 260     -502.46 [    50000.0  144949.8   26774.4   21169.5 ]
[24-11-01 12:14:02] 261      -502.4 [    50000.0  144949.8   26774.4   21171.1 ]
[24-11-01 12:14:02] 262     -496.95 [    50000.0  144949.8   26774.4   21347.4 ]
[24-11-01 12:14:02] 263      -483.9 [    50000.0  144949.8   26774.4   22198.0 ]
[24-11-01 12:14:02] 264     -501.26 [    50000.0  144949.8   26774.4   23574.3 ]
[24-11-01 12:14:03] 265     -485.53 [    50000.0  144949.8   26774.4   22723.7 ]
[24-11-01 12:14:03] 266     -486.44 [    50000.0  144949.8   26774.4   21873.1 ]
[24-11-01 12:14:03] 267     -483.67 [    50000.0  144949.8   26774.4   22340.1 ]
[24-11-01 12:14:03] 268     -483.67 [    50000.0  144949.8   26774.4   22328.4 ]
[24-11-01 12:14:03] 269     -483.67 [    50000.0  144949.8   26774.4   22316.8 ]
[24-11-01 12:14:03] 271     -483.67 [    50000.0  144949.8   26774.4   22328.4 ]
[24-11-01 12:14:04] 273     -483.72 [    49998.4  144949.8   26774.4   22328.4 ]
[24-11-01 12:14:04] 274     -483.69 [    49999.4  144949.8   26774.4   22328.4 ]
[24-11-01 12:14:04] 276     -483.68 [    49999.7  144949.8   26774.4   22328.4 ]
[24-11-01 12:14:04] 278     -483.67 [    49999.9  144949.8   26774.4   22328.4 ]
[24-11-01 12:14:04] 280     -483.67 [    50000.0  144949.8   26774.4   22328.4 ]
[24-11-01 12:14:04] 282     -483.67 [    50000.0  144949.8   26774.4   22328.4 ]
[24-11-01 12:14:05] 284     -483.67 [    50000.0  144949.8   26774.4   22328.4 ]
[24-11-01 12:14:05] 286     -483.67 [    50000.0  144949.8   26774.4   22328.4 ]
[24-11-01 12:14:05] 288     -483.67 [    50000.0  144949.8   26774.4   22328.4 ]
[24-11-01 12:14:05] 290     -483.67 [    50000.0  144949.8   26774.4   22328.4 ]
[24-11-01 12:14:05] 292     -483.67 [    50000.0  144949.8   26774.4   22328.4 ]
[24-11-01 12:14:06] 294     -483.67 [    50000.0  144949.8   26774.4   22328.4 ]
[24-11-01 12:14:06] 296     -483.67 [    50000.0  144949.8   26774.4   22328.4 ]
[24-11-01 12:14:06] 298     -483.67 [    50000.0  144949.8   26774.4   22328.4 ]
[24-11-01 12:14:06] 300     -483.67 [    50000.0  144949.8   26774.4   22328.4 ]
[24-11-01 12:14:06] 302     -483.67 [    50000.0  144949.8   26774.4   22328.4 ]
[24-11-01 12:14:06] 304     -483.67 [    50000.0  144949.8   26774.4   22328.4 ]
[24-11-01 12:14:07] 305     -483.67 [    50000.0  144949.8   26774.4   22328.4 ]
[24-11-01 12:14:07] 307     -483.67 [    50000.0  144949.8   26774.4   22328.4 ]
[24-11-01 12:14:07] 308     -483.67 [    50000.0  144949.8   26774.4   22328.4 ]
[24-11-01 12:14:07] 309     -483.67 [    50000.0  144949.8   26774.4   22328.4 ]
[24-11-01 12:14:07] 310     -483.67 [    50000.0  144949.8   26774.4   22328.4 ]
[24-11-01 12:14:08] 311     -483.67 [    50000.0  144949.8   26774.4   22328.4 ]
[24-11-01 12:14:08] 312     -483.67 [    50000.0  144949.8   26774.4   22328.4 ]
[24-11-01 12:14:08] 313     -483.67 [    50000.0  144949.8   26774.4   22328.4 ]
[24-11-01 12:14:08] 314     -483.67 [    50000.0  144949.8   26774.4   22328.4 ]
[24-11-01 12:14:08] 315     -483.67 [    50000.0  144949.8   26774.4   22328.4 ]
[24-11-01 12:14:08] 316     -483.67 [    50000.0  144950.8   26774.4   22328.4 ]
[24-11-01 12:14:09] 317     -483.66 [    50000.0  144952.4   26774.4   22328.4 ]
[24-11-01 12:14:09] 318     -483.02 [    50000.0  145128.8   26774.4   22328.4 ]
[24-11-01 12:14:09] 319     -468.67 [    50000.0  153087.9   26774.4   22328.4 ]
[24-11-01 12:14:09] 320     -504.67 [    50000.0  165966.0   26774.4   22328.4 ]
[24-11-01 12:14:09] 321     -473.86 [    50000.0  158006.9   26774.4   22328.4 ]
[24-11-01 12:14:09] 322     -470.82 [    50000.0  150047.8   26774.4   22328.4 ]
[24-11-01 12:14:10] 323     -468.67 [    50000.0  153169.3   26774.4   22328.4 ]
[24-11-01 12:14:10] 324     -468.67 [    50000.0  153251.5   26774.4   22328.4 ]
[24-11-01 12:14:10] 325     -468.67 [    50000.0  153169.3   26774.4   22328.4 ]
[24-11-01 12:14:10] 326     -468.67 [    50000.0  153169.3   26775.4   22328.4 ]
[24-11-01 12:14:10] 327     -468.66 [    50000.0  153169.3   26777.1   22328.4 ]
[24-11-01 12:14:10] 328     -467.77 [    50000.0  153169.3   26953.4   22328.4 ]
[24-11-01 12:14:11] 329      -465.7 [    50000.0  153169.3   27792.9   22328.4 ]
[24-11-01 12:14:11] 330     -468.88 [    50000.0  153169.3   29151.2   22328.4 ]
[24-11-01 12:14:11] 331     -466.05 [    50000.0  153169.3   28311.7   22328.4 ]
[24-11-01 12:14:11] 332     -466.09 [    50000.0  153169.3   27472.3   22328.4 ]
[24-11-01 12:14:11] 333     -465.68 [    50000.0  153169.3   27902.5   22328.4 ]
[24-11-01 12:14:12] 334     -465.68 [    50000.0  153169.3   27891.2   22328.4 ]
[24-11-01 12:14:12] 335     -465.68 [    50000.0  153169.3   27880.0   22328.4 ]
[24-11-01 12:14:12] 336     -465.68 [    50000.0  153169.3   27891.2   22328.4 ]
[24-11-01 12:14:12] 337     -465.64 [    50000.0  153169.3   27891.2   22329.4 ]
[24-11-01 12:14:12] 338     -465.59 [    50000.0  153169.3   27891.2   22331.0 ]
[24-11-01 12:14:12] 339     -460.53 [    50000.0  153169.3   27891.2   22507.4 ]
[24-11-01 12:14:13] 340     -448.09 [    50000.0  153169.3   27891.2   23380.9 ]
[24-11-01 12:14:13] 341     -465.01 [    50000.0  153169.3   27891.2   24794.2 ]
[24-11-01 12:14:13] 342     -449.72 [    50000.0  153169.3   27891.2   23920.7 ]
[24-11-01 12:14:13] 343     -450.49 [    50000.0  153169.3   27891.2   23047.2 ]
[24-11-01 12:14:13] 344     -447.88 [    50000.0  153169.3   27891.2   23521.6 ]
[24-11-01 12:14:14] 345     -447.88 [    50000.0  153169.3   27891.2   23509.7 ]
[24-11-01 12:14:14] 346     -447.88 [    50000.0  153169.3   27891.2   23497.9 ]
[24-11-01 12:14:14] 348     -447.88 [    50000.0  153169.3   27891.2   23509.7 ]
[24-11-01 12:14:14] 350     -447.92 [    49998.4  153169.3   27891.2   23509.7 ]
[24-11-01 12:14:14] 351     -447.89 [    49999.4  153169.3   27891.2   23509.7 ]
[24-11-01 12:14:14] 353     -447.89 [    49999.7  153169.3   27891.2   23509.7 ]
[24-11-01 12:14:15] 355     -447.88 [    49999.9  153169.3   27891.2   23509.7 ]
[24-11-01 12:14:15] 357     -447.88 [    50000.0  153169.3   27891.2   23509.7 ]
[24-11-01 12:14:15] 359     -447.88 [    50000.0  153169.3   27891.2   23509.7 ]
[24-11-01 12:14:15] 361     -447.88 [    50000.0  153169.3   27891.2   23509.7 ]
[24-11-01 12:14:15] 363     -447.88 [    50000.0  153169.3   27891.2   23509.7 ]
[24-11-01 12:14:15] 365     -447.88 [    50000.0  153169.3   27891.2   23509.7 ]
[24-11-01 12:14:16] 367     -447.88 [    50000.0  153169.3   27891.2   23509.7 ]
[24-11-01 12:14:16] 369     -447.88 [    50000.0  153169.3   27891.2   23509.7 ]
[24-11-01 12:14:16] 371     -447.88 [    50000.0  153169.3   27891.2   23509.7 ]
[24-11-01 12:14:16] 373     -447.88 [    50000.0  153169.3   27891.2   23509.7 ]
[24-11-01 12:14:16] 375     -447.88 [    50000.0  153169.3   27891.2   23509.7 ]
[24-11-01 12:14:17] 377     -447.88 [    50000.0  153169.3   27891.2   23509.7 ]
[24-11-01 12:14:17] 379     -447.88 [    50000.0  153169.3   27891.2   23509.7 ]
[24-11-01 12:14:17] 381     -447.88 [    50000.0  153169.3   27891.2   23509.7 ]
[24-11-01 12:14:17] 383     -447.88 [    50000.0  153169.3   27891.2   23509.7 ]
[24-11-01 12:14:17] 385     -447.88 [    50000.0  153169.3   27891.2   23509.7 ]
[24-11-01 12:14:17] 387     -447.88 [    50000.0  153169.3   27891.2   23509.7 ]
[24-11-01 12:14:18] 389     -447.88 [    50000.0  153169.3   27891.2   23509.7 ]
[24-11-01 12:14:18] 391     -447.88 [    50000.0  153169.3   27891.2   23509.7 ]
[24-11-01 12:14:18] 392     -447.88 [    50000.0  153169.3   27891.2   23509.7 ]
[24-11-01 12:14:18] 394     -447.88 [    50000.0  153169.3   27891.2   23509.7 ]
[24-11-01 12:14:18] 396     -447.88 [    50000.0  153169.3   27891.2   23509.7 ]
[24-11-01 12:14:18] 397     -447.88 [    50000.0  153169.3   27891.2   23509.7 ]
[24-11-01 12:14:19] 398     -447.88 [    50000.0  153169.3   27891.2   23509.7 ]
[24-11-01 12:14:19] 399     -447.88 [    50000.0  153169.3   27891.2   23509.7 ]
[24-11-01 12:14:19] 400     -447.88 [    50000.0  153169.3   27891.2   23509.7 ]
[24-11-01 12:14:19] 401     -447.87 [    50000.0  153170.3   27891.2   23509.7 ]
[24-11-01 12:14:19] 402     -447.87 [    50000.0  153171.9   27891.2   23509.7 ]
[24-11-01 12:14:20] 403     -447.28 [    50000.0  153348.2   27891.2   23509.7 ]
[24-11-01 12:14:20] 404     -433.92 [    50000.0  161418.1   27891.2   23509.7 ]
[24-11-01 12:14:20] 405     -467.54 [    50000.0  174475.3   27891.2   23509.7 ]
[24-11-01 12:14:20] 406     -438.77 [    50000.0  166405.5   27891.2   23509.7 ]
[24-11-01 12:14:20] 407     -435.91 [    50000.0  158335.7   27891.2   23509.7 ]
[24-11-01 12:14:20] 408     -433.92 [    50000.0  161500.6   27891.2   23509.7 ]
[24-11-01 12:14:21] 409     -433.92 [    50000.0  161583.9   27891.2   23509.7 ]
[24-11-01 12:14:21] 410     -433.92 [    50000.0  161500.6   27891.2   23509.7 ]
[24-11-01 12:14:21] 411     -433.91 [    50000.0  161500.6   27892.2   23509.7 ]
[24-11-01 12:14:21] 412     -433.91 [    50000.0  161500.6   27893.8   23509.7 ]
[24-11-01 12:14:21] 413     -433.06 [    50000.0  161500.6   28070.2   23509.7 ]
[24-11-01 12:14:21] 414     -431.11 [    50000.0  161500.6   28909.9   23509.7 ]
[24-11-01 12:14:22] 415     -434.18 [    50000.0  161500.6   30268.6   23509.7 ]
[24-11-01 12:14:22] 416     -431.45 [    50000.0  161500.6   29428.9   23509.7 ]
[24-11-01 12:14:22] 417     -431.47 [    50000.0  161500.6   28589.2   23509.7 ]
[24-11-01 12:14:22] 418     -431.09 [    50000.0  161500.6   29014.6   23509.7 ]
[24-11-01 12:14:22] 419     -431.09 [    50000.0  161500.6   29003.4   23509.7 ]
[24-11-01 12:14:22] 420     -431.09 [    50000.0  161500.6   29025.9   23509.7 ]
[24-11-01 12:14:23] 421     -431.09 [    50000.0  161500.6   29014.6   23509.7 ]
[24-11-01 12:14:23] 422     -431.06 [    50000.0  161500.6   29014.6   23510.7 ]
[24-11-01 12:14:23] 423     -431.01 [    50000.0  161500.6   29014.6   23512.3 ]
[24-11-01 12:14:23] 424     -426.34 [    50000.0  161500.6   29014.6   23688.7 ]
[24-11-01 12:14:23] 425     -414.72 [    50000.0  161500.6   29014.6   24575.8 ]
[24-11-01 12:14:23] 426     -430.96 [    50000.0  161500.6   29014.6   26011.3 ]
[24-11-01 12:14:23] 427     -416.33 [    50000.0  161500.6   29014.6   25124.1 ]
[24-11-01 12:14:24] 428     -416.94 [    50000.0  161500.6   29014.6   24237.0 ]
[24-11-01 12:14:24] 429     -414.54 [    50000.0  161500.6   29014.6   24712.7 ]
[24-11-01 12:14:24] 430     -414.54 [    50000.0  161500.6   29014.6   24700.7 ]
[24-11-01 12:14:24] 431     -414.54 [    50000.0  161500.6   29014.6   24688.7 ]
[24-11-01 12:14:24] 433     -414.54 [    50000.0  161500.6   29014.6   24700.7 ]
[24-11-01 12:14:24] 435     -414.58 [    49998.4  161500.6   29014.6   24700.7 ]
[24-11-01 12:14:25] 436     -414.55 [    49999.4  161500.6   29014.6   24700.7 ]
[24-11-01 12:14:25] 438     -414.54 [    49999.7  161500.6   29014.6   24700.7 ]
[24-11-01 12:14:25] 440     -414.54 [    49999.9  161500.6   29014.6   24700.7 ]
[24-11-01 12:14:25] 442     -414.54 [    50000.0  161500.6   29014.6   24700.7 ]
[24-11-01 12:14:25] 444     -414.54 [    50000.0  161500.6   29014.6   24700.7 ]
[24-11-01 12:14:25] 446     -414.54 [    50000.0  161500.6   29014.6   24700.7 ]
[24-11-01 12:14:26] 448     -414.54 [    50000.0  161500.6   29014.6   24700.7 ]
[24-11-01 12:14:26] 450     -414.54 [    50000.0  161500.6   29014.6   24700.7 ]
[24-11-01 12:14:26] 452     -414.54 [    50000.0  161500.6   29014.6   24700.7 ]
[24-11-01 12:14:26] 454     -414.54 [    50000.0  161500.6   29014.6   24700.7 ]
[24-11-01 12:14:26] 456     -414.54 [    50000.0  161500.6   29014.6   24700.7 ]
[24-11-01 12:14:26] 458     -414.54 [    50000.0  161500.6   29014.6   24700.7 ]
[24-11-01 12:14:27] 460     -414.54 [    50000.0  161500.6   29014.6   24700.7 ]
[24-11-01 12:14:27] 462     -414.54 [    50000.0  161500.6   29014.6   24700.7 ]
[24-11-01 12:14:27] 464     -414.54 [    50000.0  161500.6   29014.6   24700.7 ]
[24-11-01 12:14:27] 466     -414.54 [    50000.0  161500.6   29014.6   24700.7 ]
[24-11-01 12:14:27] 468     -414.54 [    50000.0  161500.6   29014.6   24700.7 ]
[24-11-01 12:14:27] 470     -414.54 [    50000.0  161500.6   29014.6   24700.7 ]
[24-11-01 12:14:28] 472     -414.54 [    50000.0  161500.6   29014.6   24700.7 ]
[24-11-01 12:14:28] 474     -414.54 [    50000.0  161500.6   29014.6   24700.7 ]
[24-11-01 12:14:28] 476     -414.54 [    50000.0  161500.6   29014.6   24700.7 ]
[24-11-01 12:14:28] 478     -414.54 [    50000.0  161500.6   29014.6   24700.7 ]
[24-11-01 12:14:28] 479     -414.54 [    50000.0  161500.6   29014.6   24700.7 ]
[24-11-01 12:14:28] 481     -414.54 [    50000.0  161500.6   29014.6   24700.7 ]
[24-11-01 12:14:28] 482     -414.54 [    50000.0  161500.6   29014.6   24700.7 ]
[24-11-01 12:14:29] 483     -414.54 [    50000.0  161500.6   29014.6   24700.7 ]
[24-11-01 12:14:29] 484     -414.54 [    50000.0  161500.6   29014.6   24700.7 ]
[24-11-01 12:14:29] 485     -414.54 [    50000.0  161500.6   29014.6   24700.7 ]
[24-11-01 12:14:29] 486     -414.54 [    50000.0  161500.6   29014.6   24700.7 ]
[24-11-01 12:14:29] 488     -414.54 [    50000.0  161500.6   29014.6   24700.7 ]
[24-11-01 12:14:29] 490     -414.54 [    50000.0  161500.6   29014.6   24700.7 ]
[24-11-01 12:14:30] 491     -414.54 [    50000.0  161500.6   29014.6   24700.7 ]
[24-11-01 12:14:30] 492     -414.53 [    50000.0  161501.6   29014.6   24700.7 ]
[24-11-01 12:14:30] 493     -414.53 [    50000.0  161503.2   29014.6   24700.7 ]
[24-11-01 12:14:30] 494     -413.99 [    50000.0  161679.5   29014.6   24700.7 ]
[24-11-01 12:14:30] 495     -401.79 [    50000.0  169763.3   29014.6   24700.7 ]
[24-11-01 12:14:30] 496     -432.58 [    50000.0  182843.0   29014.6   24700.7 ]
[24-11-01 12:14:31] 497     -406.24 [    50000.0  174759.3   29014.6   24700.7 ]
[24-11-01 12:14:31] 498     -403.61 [    50000.0  166675.6   29014.6   24700.7 ]
[24-11-01 12:14:31] 499     -401.79 [    50000.0  169845.9   29014.6   24700.7 ]
[24-11-01 12:14:31] 500     -401.79 [    50000.0  169929.4   29014.6   24700.7 ]
[24-11-01 12:14:31] 501     -401.79 [    50000.0  169845.9   29014.6   24700.7 ]
[24-11-01 12:14:32] 502     -401.79 [    50000.0  169845.9   29015.6   24700.7 ]
[24-11-01 12:14:32] 503     -401.78 [    50000.0  169845.9   29017.2   24700.7 ]
[24-11-01 12:14:32] 504      -401.0 [    50000.0  169845.9   29193.6   24700.7 ]
[24-11-01 12:14:32] 505     -399.24 [    50000.0  169845.9   30015.2   24700.7 ]
[24-11-01 12:14:32] 506     -402.09 [    50000.0  169845.9   31344.6   24700.7 ]
[24-11-01 12:14:32] 507     -399.56 [    50000.0  169845.9   30523.0   24700.7 ]
[24-11-01 12:14:33] 508     -399.56 [    50000.0  169845.9   29701.4   24700.7 ]
[24-11-01 12:14:33] 509     -399.22 [    50000.0  169845.9   30111.5   24700.7 ]
[24-11-01 12:14:33] 510     -399.22 [    50000.0  169845.9   30100.5   24700.7 ]
[24-11-01 12:14:33] 511     -399.22 [    50000.0  169845.9   30122.4   24700.7 ]
[24-11-01 12:14:33] 512     -399.22 [    50000.0  169845.9   30111.5   24700.7 ]
[24-11-01 12:14:34] 513     -399.19 [    50000.0  169845.9   30111.5   24701.7 ]
[24-11-01 12:14:34] 514     -399.15 [    50000.0  169845.9   30111.5   24703.3 ]
[24-11-01 12:14:34] 515      -394.9 [    50000.0  169845.9   30111.5   24879.6 ]
[24-11-01 12:14:34] 516     -384.37 [    50000.0  169845.9   30111.5   25765.6 ]
[24-11-01 12:14:34] 517     -399.58 [    50000.0  169845.9   30111.5   27199.1 ]
[24-11-01 12:14:34] 518     -385.94 [    50000.0  169845.9   30111.5   26313.2 ]
[24-11-01 12:14:35] 519     -386.37 [    50000.0  169845.9   30111.5   25427.2 ]
[24-11-01 12:14:35] 520     -384.23 [    50000.0  169845.9   30111.5   25894.9 ]
[24-11-01 12:14:35] 521     -384.23 [    50000.0  169845.9   30111.5   25883.0 ]
[24-11-01 12:14:35] 522     -384.23 [    50000.0  169845.9   30111.5   25871.1 ]
[24-11-01 12:14:35] 524     -384.23 [    50000.0  169845.9   30111.5   25883.0 ]
[24-11-01 12:14:36] 526     -384.26 [    49998.4  169845.9   30111.5   25883.0 ]
[24-11-01 12:14:36] 527     -384.24 [    49999.4  169845.9   30111.5   25883.0 ]
[24-11-01 12:14:36] 529     -384.23 [    49999.7  169845.9   30111.5   25883.0 ]
[24-11-01 12:14:36] 531     -384.23 [    49999.9  169845.9   30111.5   25883.0 ]
[24-11-01 12:14:36] 533     -384.23 [    50000.0  169845.9   30111.5   25883.0 ]
[24-11-01 12:14:36] 535     -384.23 [    50000.0  169845.9   30111.5   25883.0 ]
[24-11-01 12:14:37] 537     -384.23 [    50000.0  169845.9   30111.5   25883.0 ]
[24-11-01 12:14:37] 539     -384.23 [    50000.0  169845.9   30111.5   25883.0 ]
[24-11-01 12:14:37] 541     -384.23 [    50000.0  169845.9   30111.5   25883.0 ]
[24-11-01 12:14:37] 543     -384.23 [    50000.0  169845.9   30111.5   25883.0 ]
[24-11-01 12:14:37] 545     -384.23 [    50000.0  169845.9   30111.5   25883.0 ]
[24-11-01 12:14:37] 547     -384.23 [    50000.0  169845.9   30111.5   25883.0 ]
[24-11-01 12:14:38] 549     -384.23 [    50000.0  169845.9   30111.5   25883.0 ]
[24-11-01 12:14:38] 551     -384.23 [    50000.0  169845.9   30111.5   25883.0 ]
[24-11-01 12:14:38] 553     -384.23 [    50000.0  169845.9   30111.5   25883.0 ]
[24-11-01 12:14:38] 555     -384.23 [    50000.0  169845.9   30111.5   25883.0 ]
[24-11-01 12:14:38] 557     -384.23 [    50000.0  169845.9   30111.5   25883.0 ]
[24-11-01 12:14:39] 559     -384.23 [    50000.0  169845.9   30111.5   25883.0 ]
[24-11-01 12:14:39] 561     -384.23 [    50000.0  169845.9   30111.5   25883.0 ]
[24-11-01 12:14:39] 563     -384.23 [    50000.0  169845.9   30111.5   25883.0 ]
[24-11-01 12:14:39] 565     -384.23 [    50000.0  169845.9   30111.5   25883.0 ]
[24-11-01 12:14:39] 567     -384.23 [    50000.0  169845.9   30111.5   25883.0 ]
[24-11-01 12:14:39] 569     -384.23 [    50000.0  169845.9   30111.5   25883.0 ]
[24-11-01 12:14:40] 571     -384.23 [    50000.0  169845.9   30111.5   25883.0 ]
[24-11-01 12:14:40] 573     -384.23 [    50000.0  169845.9   30111.5   25883.0 ]
[24-11-01 12:14:40] 575     -384.23 [    50000.0  169845.9   30111.5   25883.0 ]
[24-11-01 12:14:40] 576     -384.23 [    50000.0  169845.9   30111.5   25883.0 ]
[24-11-01 12:14:40] 577     -384.23 [    50000.0  169845.9   30111.5   25883.0 ]
[24-11-01 12:14:40] 578     -384.23 [    50000.0  169845.9   30111.5   25883.0 ]
[24-11-01 12:14:41] 579     -384.23 [    50000.0  169845.9   30111.5   25883.0 ]
[24-11-01 12:14:41] 580     -384.22 [    50000.0  169846.9   30111.5   25883.0 ]
[24-11-01 12:14:41] 581     -384.22 [    50000.0  169848.5   30111.5   25883.0 ]
[24-11-01 12:14:41] 582     -383.74 [    50000.0  170024.9   30111.5   25883.0 ]
[24-11-01 12:14:41] 583      -372.9 [    50000.0  177987.3   30111.5   25883.0 ]
[24-11-01 12:14:42] 584     -400.32 [    50000.0  190870.7   30111.5   25883.0 ]
[24-11-01 12:14:42] 585     -376.87 [    50000.0  182908.3   30111.5   25883.0 ]
[24-11-01 12:14:42] 586     -374.51 [    50000.0  174945.9   30111.5   25883.0 ]
[24-11-01 12:14:42] 587      -372.9 [    50000.0  178068.7   30111.5   25883.0 ]
[24-11-01 12:14:42] 588      -372.9 [    50000.0  178150.9   30111.5   25883.0 ]
[24-11-01 12:14:42] 589      -372.9 [    50000.0  178068.7   30111.5   25883.0 ]
[24-11-01 12:14:43] 590      -372.9 [    50000.0  178068.7   30112.5   25883.0 ]
[24-11-01 12:14:43] 591     -372.89 [    50000.0  178068.7   30114.1   25883.0 ]
[24-11-01 12:14:43] 592     -372.17 [    50000.0  178068.7   30290.4   25883.0 ]
[24-11-01 12:14:43] 593     -370.59 [    50000.0  178068.7   31089.6   25883.0 ]
[24-11-01 12:14:43] 594     -373.22 [    50000.0  178068.7   32382.6   25883.0 ]
[24-11-01 12:14:43] 595      -370.9 [    50000.0  178068.7   31583.5   25883.0 ]
[24-11-01 12:14:44] 596     -370.88 [    50000.0  178068.7   30784.3   25883.0 ]
[24-11-01 12:14:44] 597     -370.58 [    50000.0  178068.7   31177.4   25883.0 ]
[24-11-01 12:14:44] 598     -370.58 [    50000.0  178068.7   31166.7   25883.0 ]
[24-11-01 12:14:44] 599     -370.58 [    50000.0  178068.7   31188.1   25883.0 ]
[24-11-01 12:14:44] 600     -370.58 [    50000.0  178068.7   31177.4   25883.0 ]
[24-11-01 12:14:45] 601     -370.56 [    50000.0  178068.7   31177.4   25884.0 ]
[24-11-01 12:14:45] 602     -370.52 [    50000.0  178068.7   31177.4   25885.6 ]
[24-11-01 12:14:45] 603     -366.69 [    50000.0  178068.7   31177.4   26061.9 ]
[24-11-01 12:14:45] 604     -357.43 [    50000.0  178068.7   31177.4   26932.8 ]
[24-11-01 12:14:45] 605     -371.31 [    50000.0  178068.7   31177.4   28341.9 ]
[24-11-01 12:14:45] 606     -358.91 [    50000.0  178068.7   31177.4   27471.0 ]
[24-11-01 12:14:46] 607     -359.17 [    50000.0  178068.7   31177.4   26600.2 ]
[24-11-01 12:14:46] 608     -357.31 [    50000.0  178068.7   31177.4   27051.8 ]
[24-11-01 12:14:46] 609     -357.31 [    50000.0  178068.7   31177.4   27040.1 ]
[24-11-01 12:14:46] 610     -357.32 [    50000.0  178068.7   31177.4   27028.5 ]
[24-11-01 12:14:46] 611     -333.28 [    50000.0  186291.5   32243.3   28197.2 ]
[24-11-01 12:14:47] 612     -357.31 [    50000.0  178068.7   31177.4   27040.1 ]
[24-11-01 12:14:47] 613     -333.28 [    50000.0  186291.5   32243.3   28197.2 ]
[24-11-01 12:14:47] 614     -300.54 [    50000.0  199596.3   33968.0   30069.5 ]
[24-11-01 12:14:47] 616     -266.75 [    50000.0  218921.0   36473.1   32788.9 ]
[24-11-01 12:14:47] 617     -254.14 [    50000.0  230864.4   38021.4   34469.5 ]
[24-11-01 12:14:47] 618     -249.55 [    50000.0  238245.8   38978.2   35508.3 ]
[24-11-01 12:14:48] 619     -247.95 [    50000.0  242807.8   39569.6   36150.2 ]
[24-11-01 12:14:48] 620     -247.27 [    50000.0  248315.3   40283.5   36925.3 ]
[24-11-01 12:14:48] 621     -247.28 [    50000.0  247612.8   40192.5   36826.4 ]
[24-11-01 12:14:48] 622     -247.28 [    50000.0  249017.8   40374.6   37024.1 ]
[24-11-01 12:14:48] 623     -247.27 [    50000.0  248315.3   40283.5   36925.3 ]
[24-11-01 12:14:48] 625     -247.27 [    49998.4  248315.3   40283.5   36925.3 ]
[24-11-01 12:14:49] 626     -247.27 [    49999.4  248315.3   40283.5   36925.3 ]
[24-11-01 12:14:49] 628     -247.27 [    49999.7  248315.3   40283.5   36925.3 ]
[24-11-01 12:14:49] 630     -247.27 [    49999.9  248315.3   40283.5   36925.3 ]
[24-11-01 12:14:49] 632     -247.27 [    50000.0  248315.3   40283.5   36925.3 ]
[24-11-01 12:14:49] 634     -247.27 [    50000.0  248315.3   40283.5   36925.3 ]
[24-11-01 12:14:50] 636     -247.27 [    50000.0  248315.3   40283.5   36925.3 ]
[24-11-01 12:14:50] 638     -247.27 [    50000.0  248315.3   40283.5   36925.3 ]
[24-11-01 12:14:50] 640     -247.27 [    50000.0  248315.3   40283.5   36925.3 ]
[24-11-01 12:14:50] 642     -247.27 [    50000.0  248315.3   40283.5   36925.3 ]
[24-11-01 12:14:50] 644     -247.27 [    50000.0  248315.3   40283.5   36925.3 ]
[24-11-01 12:14:50] 646     -247.27 [    50000.0  248315.3   40283.5   36925.3 ]
[24-11-01 12:14:51] 648     -247.27 [    50000.0  248315.3   40283.5   36925.3 ]
[24-11-01 12:14:51] 650     -247.27 [    50000.0  248315.3   40283.5   36925.3 ]
[24-11-01 12:14:51] 652     -247.27 [    50000.0  248315.3   40283.5   36925.3 ]
[24-11-01 12:14:51] 654     -247.27 [    50000.0  248315.3   40283.5   36925.3 ]
[24-11-01 12:14:51] 656     -247.27 [    50000.0  248315.3   40283.5   36925.3 ]
[24-11-01 12:14:52] 658     -247.27 [    50000.0  248315.3   40283.5   36925.3 ]
[24-11-01 12:14:52] 660     -247.27 [    50000.0  248315.3   40283.5   36925.3 ]
[24-11-01 12:14:52] 662     -247.27 [    50000.0  248315.3   40283.5   36925.3 ]
[24-11-01 12:14:52] 664     -247.27 [    50000.0  248315.3   40283.5   36925.3 ]
[24-11-01 12:14:52] 666     -247.27 [    50000.0  248315.3   40283.5   36925.3 ]
[24-11-01 12:14:52] 668     -247.27 [    50000.0  248315.3   40283.5   36925.3 ]
[24-11-01 12:14:53] 670     -247.27 [    50000.0  248315.3   40283.5   36925.3 ]
[24-11-01 12:14:53] 671     -247.27 [    50000.0  248315.3   40283.5   36925.3 ]
[24-11-01 12:14:53] 672     -247.27 [    50000.0  248315.3   40283.5   36925.3 ]
[24-11-01 12:14:53] 673     -247.27 [    50000.0  248315.3   40283.5   36925.3 ]
[24-11-01 12:14:53] 674     -247.27 [    50000.0  248315.3   40283.5   36925.3 ]
[24-11-01 12:14:53] 675     -247.27 [    50000.0  248315.3   40283.5   36925.3 ]
[24-11-01 12:14:54] 676     -247.27 [    50000.0  248315.3   40283.5   36925.3 ]
[24-11-01 12:14:54] 677     -247.27 [    50000.0  248315.3   40283.5   36925.3 ]
[24-11-01 12:14:54] 678     -247.27 [    50000.0  248316.3   40283.5   36925.3 ]
[24-11-01 12:14:54] 679     -247.27 [    50000.0  248317.9   40283.5   36925.3 ]
[24-11-01 12:14:54] 680     -247.22 [    50000.0  248494.3   40283.5   36925.3 ]
[24-11-01 12:14:55] 681     -247.07 [    50000.0  249815.6   40283.5   36925.3 ]
[24-11-01 12:14:55] 684     -247.09 [    50000.0  249310.9   40283.5   36925.3 ]
[24-11-01 12:14:55] 685     -247.07 [    50000.0  249563.2   40283.5   36925.3 ]
[24-11-01 12:14:55] 686     -247.07 [    50000.0  249830.6   40283.5   36925.3 ]
[24-11-01 12:14:55] 687     -247.07 [    50000.0  249800.5   40283.5   36925.3 ]
[24-11-01 12:14:55] 688     -247.07 [    50000.0  249815.6   40283.5   36925.3 ]
[24-11-01 12:14:56] 689     -247.07 [    50000.0  249815.6   40284.5   36925.3 ]
[24-11-01 12:14:56] 690     -247.07 [    50000.0  249815.6   40281.9   36925.3 ]
[24-11-01 12:14:56] 691     -247.06 [    50000.0  249815.6   40227.5   36925.3 ]
[24-11-01 12:14:56] 692     -247.07 [    50000.0  249815.6   40139.6   36925.3 ]
[24-11-01 12:14:56] 693     -247.07 [    50000.0  249815.6   40193.9   36925.3 ]
[24-11-01 12:14:57] 694     -247.06 [    50000.0  249815.6   40248.3   36925.3 ]
[24-11-01 12:14:57] 695     -247.06 [    50000.0  249815.6   40228.1   36925.3 ]
[24-11-01 12:14:57] 696     -247.06 [    50000.0  249815.6   40227.0   36925.3 ]
[24-11-01 12:14:57] 697     -247.06 [    50000.0  249815.6   40227.5   36925.3 ]
[24-11-01 12:14:57] 702     -248.28 [    50000.0  241524.1   39152.7   35758.5 ]
[24-11-01 12:14:57] 703     -247.28 [    50000.0  245669.8   39690.1   36341.9 ]
[24-11-01 12:14:58] 704     -247.04 [    50000.0  248906.6   40109.7   36797.3 ]
[24-11-01 12:14:58] 705     -247.04 [    50000.0  248897.5   40108.5   36796.1 ]
[24-11-01 12:14:58] 706     -247.04 [    50000.0  248915.7   40110.9   36798.6 ]
[24-11-01 12:14:58] 708     -247.04 [    50000.0  248906.6   40109.7   36797.3 ]
[24-11-01 12:14:58] 710     -247.05 [    49998.4  248906.6   40109.7   36797.3 ]
[24-11-01 12:14:58] 711     -247.05 [    49999.4  248906.6   40109.7   36797.3 ]
[24-11-01 12:14:59] 713     -247.05 [    49999.7  248906.6   40109.7   36797.3 ]
[24-11-01 12:14:59] 715     -247.04 [    49999.9  248906.6   40109.7   36797.3 ]
[24-11-01 12:14:59] 717     -247.04 [    50000.0  248906.6   40109.7   36797.3 ]
[24-11-01 12:14:59] 719     -247.04 [    50000.0  248906.6   40109.7   36797.3 ]
[24-11-01 12:14:59] 721     -247.04 [    50000.0  248906.6   40109.7   36797.3 ]
[24-11-01 12:15:00] 723     -247.04 [    50000.0  248906.6   40109.7   36797.3 ]
[24-11-01 12:15:00] 725     -247.04 [    50000.0  248906.6   40109.7   36797.3 ]
[24-11-01 12:15:00] 727     -247.04 [    50000.0  248906.6   40109.7   36797.3 ]
[24-11-01 12:15:00] 729     -247.04 [    50000.0  248906.6   40109.7   36797.3 ]
[24-11-01 12:15:00] 731     -247.04 [    50000.0  248906.6   40109.7   36797.3 ]
[24-11-01 12:15:00] 733     -247.04 [    50000.0  248906.6   40109.7   36797.3 ]
[24-11-01 12:15:01] 735     -247.04 [    50000.0  248906.6   40109.7   36797.3 ]
[24-11-01 12:15:01] 737     -247.04 [    50000.0  248906.6   40109.7   36797.3 ]
[24-11-01 12:15:01] 739     -247.04 [    50000.0  248906.6   40109.7   36797.3 ]
[24-11-01 12:15:01] 741     -247.04 [    50000.0  248906.6   40109.7   36797.3 ]
[24-11-01 12:15:01] 743     -247.04 [    50000.0  248906.6   40109.7   36797.3 ]
[24-11-01 12:15:01] 745     -247.04 [    50000.0  248906.6   40109.7   36797.3 ]
[24-11-01 12:15:02] 747     -247.04 [    50000.0  248906.6   40109.7   36797.3 ]
[24-11-01 12:15:02] 749     -247.04 [    50000.0  248906.6   40109.7   36797.3 ]
[24-11-01 12:15:02] 751     -247.04 [    50000.0  248906.6   40109.7   36797.3 ]
[24-11-01 12:15:02] 753     -247.04 [    50000.0  248906.6   40109.7   36797.3 ]
[24-11-01 12:15:02] 755     -247.04 [    50000.0  248906.6   40109.7   36797.3 ]
[24-11-01 12:15:03] 757     -247.04 [    50000.0  248906.6   40109.7   36797.3 ]
[24-11-01 12:15:03] 759     -247.04 [    50000.0  248906.6   40109.7   36797.3 ]
[24-11-01 12:15:03] 760     -247.04 [    50000.0  248906.6   40109.7   36797.3 ]
[24-11-01 12:15:03] 761     -247.04 [    50000.0  248906.6   40109.7   36797.3 ]
[24-11-01 12:15:03] 762     -247.04 [    50000.0  248906.6   40109.7   36797.3 ]
[24-11-01 12:15:03] 763     -247.04 [    50000.0  248906.6   40109.7   36797.3 ]
[24-11-01 12:15:04] 764     -247.04 [    50000.0  248907.6   40109.7   36797.3 ]
[24-11-01 12:15:04] 765     -247.04 [    50000.0  248909.2   40109.7   36797.3 ]
[24-11-01 12:15:04] 766     -247.04 [    50000.0  249074.6   40109.7   36797.3 ]
[24-11-01 12:15:04] 767     -247.05 [    50000.0  249342.2   40109.7   36797.3 ]
[24-11-01 12:15:04] 768     -247.04 [    50000.0  249176.8   40109.7   36797.3 ]
[24-11-01 12:15:05] 769     -247.04 [    50000.0  249011.4   40109.7   36797.3 ]
[24-11-01 12:15:05] 770     -247.04 [    50000.0  249076.3   40109.7   36797.3 ]
[24-11-01 12:15:05] 771     -247.04 [    50000.0  249072.9   40109.7   36797.3 ]
[24-11-01 12:15:05] 772     -247.04 [    50000.0  249074.6   40109.7   36797.3 ]
[24-11-01 12:15:05] 773     -247.04 [    50000.0  249074.6   40110.7   36797.3 ]
[24-11-01 12:15:05] 774     -247.04 [    50000.0  249074.6   40112.3   36797.3 ]
[24-11-01 12:15:06] 775     -247.04 [    50000.0  249074.6   40130.1   36797.3 ]
[24-11-01 12:15:06] 776     -247.04 [    50000.0  249074.6   40158.9   36797.3 ]
[24-11-01 12:15:06] 777     -247.04 [    50000.0  249074.6   40141.1   36797.3 ]
[24-11-01 12:15:06] 778     -247.04 [    50000.0  249074.6   40123.3   36797.3 ]
[24-11-01 12:15:06] 779     -247.04 [    50000.0  249074.6   40130.3   36797.3 ]
[24-11-01 12:15:06] 780     -247.04 [    50000.0  249074.6   40129.9   36797.3 ]
[24-11-01 12:15:07] 781     -247.04 [    50000.0  249074.6   40130.1   36797.3 ]
[24-11-01 12:15:07] 786     -248.55 [    50000.0  240783.1   39055.3   35630.6 ]
[24-11-01 12:15:07] 787     -247.41 [    50000.0  244928.9   39592.7   36214.0 ]
[24-11-01 12:15:07] 788     -247.04 [    50000.0  248938.0   40112.4   36778.1 ]
[24-11-01 12:15:07] 789     -247.04 [    50000.0  248934.1   40111.9   36777.6 ]
[24-11-01 12:15:08] 790     -247.04 [    50000.0  248935.6   40112.1   36777.8 ]
[24-11-01 12:15:08] 791     -247.04 [    50000.0  248932.7   40111.7   36777.4 ]
Optimization terminated successfully.
         Current function value: 247.041254
         Iterations: 11
         Function evaluations: 791
[24-11-01 12:15:08] 791      fit p: [    50000.0  248934.1   40111.9   36777.6 ]
method: Powell
objective_func: objective_H2
fopt: -247.04125393562987
max_iter: 100
num_iter: 11
func_calls: 791
flag: 0
u_fitted: False
u: 1.111e-08
