[24-10-31 14:57:22] fitting objective_H2 to data for demes ['French', 'KhomaniSan', 'Yoruba']
[24-10-31 14:57:22] 0        pnames [         NK       NFY       TFY        NF        NY ]
[24-10-31 14:57:22] 0            p0 [    25671.2   15862.3   73002.6    5515.9   19120.5 ]
[24-10-31 14:57:22] 1     -39786.55 [    25671.2   15862.3   73002.6    5515.9   19120.5 ]
[24-10-31 14:57:22] 2     -39786.55 [    25671.2   15862.3   73002.6    5515.9   19120.5 ]
[24-10-31 14:57:22] 3     -39786.55 [    25672.2   15862.3   73002.6    5515.9   19120.5 ]
[24-10-31 14:57:22] 4     -39786.55 [    25673.9   15862.3   73002.6    5515.9   19120.5 ]
[24-10-31 14:57:23] 5     -39786.38 [    25850.2   15862.3   73002.6    5515.9   19120.5 ]
[24-10-31 14:57:23] 6     -39786.18 [    26332.0   15862.3   73002.6    5515.9   19120.5 ]
[24-10-31 14:57:23] 7     -39786.55 [    27111.4   15862.3   73002.6    5515.9   19120.5 ]
[24-10-31 14:57:23] 8     -39786.23 [    26629.7   15862.3   73002.6    5515.9   19120.5 ]
[24-10-31 14:57:24] 9     -39786.22 [    26147.9   15862.3   73002.6    5515.9   19120.5 ]
[24-10-31 14:57:24] 10    -39786.18 [    26374.8   15862.3   73002.6    5515.9   19120.5 ]
[24-10-31 14:57:24] 11    -39786.18 [    26367.8   15862.3   73002.6    5515.9   19120.5 ]
[24-10-31 14:57:24] 12    -39786.18 [    26381.9   15862.3   73002.6    5515.9   19120.5 ]
[24-10-31 14:57:24] 13    -39786.18 [    26374.8   15862.3   73002.6    5515.9   19120.5 ]
[24-10-31 14:57:25] 14    -39786.38 [    26374.8   15863.3   73002.6    5515.9   19120.5 ]
[24-10-31 14:57:25] 15    -39785.85 [    26374.8   15860.7   73002.6    5515.9   19120.5 ]
[24-10-31 14:57:25] 16    -39785.31 [    26374.8   15858.1   73002.6    5515.9   19120.5 ]
[24-10-31 14:57:25] 17    -39784.44 [    26374.8   15853.8   73002.6    5515.9   19120.5 ]
[24-10-31 14:57:26] 18    -39783.04 [    26374.8   15847.0   73002.6    5515.9   19120.5 ]
[24-10-31 14:57:26] 19    -39780.77 [    26374.8   15835.9   73002.6    5515.9   19120.5 ]
[24-10-31 14:57:26] 20    -39777.09 [    26374.8   15818.0   73002.6    5515.9   19120.5 ]
[24-10-31 14:57:26] 21    -39771.13 [    26374.8   15788.9   73002.6    5515.9   19120.5 ]
[24-10-31 14:57:26] 22    -39761.48 [    26374.8   15741.9   73002.6    5515.9   19120.5 ]
[24-10-31 14:57:27] 23    -39745.84 [    26374.8   15665.9   73002.6    5515.9   19120.5 ]
[24-10-31 14:57:27] 24    -39720.47 [    26374.8   15542.9   73002.6    5515.9   19120.5 ]
[24-10-31 14:57:27] 25    -39679.26 [    26374.8   15343.9   73002.6    5515.9   19120.5 ]
[24-10-31 14:57:27] 26    -39612.19 [    26374.8   15021.9   73002.6    5515.9   19120.5 ]
[24-10-31 14:57:27] 27    -39502.93 [    26374.8   14500.9   73002.6    5515.9   19120.5 ]
[24-10-31 14:57:28] 28    -39325.54 [    26374.8   13657.9   73002.6    5515.9   19120.5 ]
[24-10-31 14:57:28] 29     -39045.7 [    26374.8   12293.9   73002.6    5515.9   19120.5 ]
[24-10-31 14:57:28] 32    -39747.41 [    26374.8    6107.2   73002.6    5515.9   19120.5 ]
[24-10-31 14:57:28] 33    -38621.99 [    26374.8    9200.5   73002.6    5515.9   19120.5 ]
[24-10-31 14:57:29] 34    -38665.32 [    26374.8    9901.2   73002.6    5515.9   19120.5 ]
[24-10-31 14:57:29] 35    -38635.21 [    26374.8    8565.9   73002.6    5515.9   19120.5 ]
[24-10-31 14:57:29] 36    -38619.86 [    26374.8    9051.4   73002.6    5515.9   19120.5 ]
[24-10-31 14:57:29] 37    -38619.87 [    26374.8    8983.3   73002.6    5515.9   19120.5 ]
[24-10-31 14:57:29] 38    -38620.48 [    26374.8    9119.5   73002.6    5515.9   19120.5 ]
[24-10-31 14:57:30] 39    -38619.86 [    26374.8    9051.4   73002.6    5515.9   19120.5 ]
[24-10-31 14:57:30] 40     -38619.9 [    26374.8    9051.4   73003.6    5515.9   19120.5 ]
[24-10-31 14:57:30] 41     -38619.8 [    26374.8    9051.4   73001.0    5515.9   19120.5 ]
[24-10-31 14:57:30] 42    -38613.48 [    26374.8    9051.4   72824.6    5515.9   19120.5 ]
[24-10-31 14:57:31] 43     -38231.3 [    26374.8    9051.4   53600.8    5515.9   19120.5 ]
[24-10-31 14:57:31] 44    -38224.62 [    26374.8    9051.4   51159.3    5515.9   19120.5 ]
[24-10-31 14:57:31] 45    -38232.84 [    26374.8    9051.4   47208.9    5515.9   19120.5 ]
[24-10-31 14:57:31] 46    -38225.01 [    26374.8    9051.4   49650.4    5515.9   19120.5 ]
[24-10-31 14:57:32] 47     -38226.1 [    26374.8    9051.4   52091.9    5515.9   19120.5 ]
[24-10-31 14:57:32] 48    -38224.37 [    26374.8    9051.4   50574.2    5515.9   19120.5 ]
[24-10-31 14:57:32] 49    -38224.41 [    26374.8    9051.4   50798.5    5515.9   19120.5 ]
[24-10-31 14:57:32] 50    -38224.41 [    26374.8    9051.4   50349.9    5515.9   19120.5 ]
[24-10-31 14:57:33] 51    -38224.37 [    26374.8    9051.4   50574.2    5515.9   19120.5 ]
[24-10-31 14:57:33] 52     -38224.4 [    26374.8    9051.4   50574.2    5516.9   19120.5 ]
[24-10-31 14:57:33] 53    -38224.31 [    26374.8    9051.4   50574.2    5514.3   19120.5 ]
[24-10-31 14:57:33] 54    -38219.26 [    26374.8    9051.4   50574.2    5337.9   19120.5 ]
[24-10-31 14:57:34] 55    -38216.44 [    26374.8    9051.4   50574.2    4981.2   19120.5 ]
[24-10-31 14:57:34] 56    -38242.97 [    26374.8    9051.4   50574.2    4403.9   19120.5 ]
[24-10-31 14:57:34] 57    -38221.11 [    26374.8    9051.4   50574.2    4760.7   19120.5 ]
[24-10-31 14:57:34] 58    -38216.18 [    26374.8    9051.4   50574.2    5117.4   19120.5 ]
[24-10-31 14:57:35] 59    -38216.06 [    26374.8    9051.4   50574.2    5066.7   19120.5 ]
[24-10-31 14:57:35] 60    -38216.06 [    26374.8    9051.4   50574.2    5071.2   19120.5 ]
[24-10-31 14:57:35] 61    -38216.07 [    26374.8    9051.4   50574.2    5062.2   19120.5 ]
[24-10-31 14:57:35] 62    -38216.06 [    26374.8    9051.4   50574.2    5066.7   19120.5 ]
[24-10-31 14:57:35] 63    -38215.97 [    26374.8    9051.4   50574.2    5066.7   19121.5 ]
[24-10-31 14:57:36] 64    -38215.82 [    26374.8    9051.4   50574.2    5066.7   19123.2 ]
[24-10-31 14:57:36] 65    -38199.71 [    26374.8    9051.4   50574.2    5066.7   19299.5 ]
[24-10-31 14:57:36] 66    -37689.32 [    26374.8    9051.4   50574.2    5066.7   27730.2 ]
[24-10-31 14:57:36] 67    -37332.08 [    26374.8    9051.4   50574.2    5066.7   41371.2 ]
[24-10-31 14:57:37] 68    -37306.18 [    26374.8    9051.4   50574.2    5066.7   42964.3 ]
[24-10-31 14:57:37] 69    -37268.37 [    26374.8    9051.4   50574.2    5066.7   45542.0 ]
[24-10-31 14:57:37] 72    -37234.44 [    26374.8    9051.4   50574.2    5066.7   48155.9 ]
[24-10-31 14:57:37] 73     -37250.9 [    26374.8    9051.4   50574.2    5066.7   46849.0 ]
[24-10-31 14:57:38] 74    -37215.37 [    26374.8    9051.4   50574.2    5066.7   49771.3 ]
[24-10-31 14:57:38] 76     -37222.5 [    26374.8    9051.4   50574.2    5066.7   49154.3 ]
[24-10-31 14:57:38] 78    -37218.89 [    26374.8    9051.4   50574.2    5066.7   49464.8 ]
[24-10-31 14:57:38] 80    -37215.37 [    26374.8    9051.4   50574.2    5066.7   49771.3 ]
[24-10-31 14:57:39] 81    -37215.39 [    26375.8    9051.4   50574.2    5066.7   49771.3 ]
[24-10-31 14:57:39] 82    -37215.34 [    26373.2    9051.4   50574.2    5066.7   49771.3 ]
[24-10-31 14:57:39] 83    -37215.28 [    26370.6    9051.4   50574.2    5066.7   49771.3 ]
[24-10-31 14:57:39] 84    -37215.19 [    26366.4    9051.4   50574.2    5066.7   49771.3 ]
[24-10-31 14:57:39] 85    -37215.04 [    26359.5    9051.4   50574.2    5066.7   49771.3 ]
[24-10-31 14:57:40] 86    -37214.81 [    26348.4    9051.4   50574.2    5066.7   49771.3 ]
[24-10-31 14:57:40] 87    -37214.42 [    26330.5    9051.4   50574.2    5066.7   49771.3 ]
[24-10-31 14:57:40] 88     -37213.8 [    26301.4    9051.4   50574.2    5066.7   49771.3 ]
[24-10-31 14:57:40] 89     -37212.8 [    26254.5    9051.4   50574.2    5066.7   49771.3 ]
[24-10-31 14:57:41] 90    -37211.18 [    26178.4    9051.4   50574.2    5066.7   49771.3 ]
[24-10-31 14:57:41] 91    -37208.56 [    26055.4    9051.4   50574.2    5066.7   49771.3 ]
[24-10-31 14:57:41] 92    -37204.31 [    25856.4    9051.4   50574.2    5066.7   49771.3 ]
[24-10-31 14:57:41] 93    -41882.02 [     4164.9    9051.4   50574.2    5066.7   49771.3 ]
[24-10-31 14:57:42] 94    -37061.03 [    17571.0    9051.4   50574.2    5066.7   49771.3 ]
[24-10-31 14:57:42] 95    -37167.76 [    12450.3    9051.4   50574.2    5066.7   49771.3 ]
[24-10-31 14:57:42] 96    -37070.89 [    18674.2    9051.4   50574.2    5066.7   49771.3 ]
[24-10-31 14:57:42] 97    -37059.11 [    17188.8    9051.4   50574.2    5066.7   49771.3 ]
[24-10-31 14:57:43] 98    -37064.93 [    15378.9    9051.4   50574.2    5066.7   49771.3 ]
[24-10-31 14:57:43] 99    -37058.04 [    16711.6    9051.4   50574.2    5066.7   49771.3 ]
[24-10-31 14:57:43] 100   -37058.02 [    16602.9    9051.4   50574.2    5066.7   49771.3 ]
[24-10-31 14:57:43] 101   -37058.08 [    16505.1    9051.4   50574.2    5066.7   49771.3 ]
[24-10-31 14:57:43] 102   -37058.02 [    16602.9    9051.4   50574.2    5066.7   49771.3 ]
[24-10-31 14:57:44] 103   -37057.84 [    16602.9    9052.4   50574.2    5066.7   49771.3 ]
[24-10-31 14:57:44] 104   -37057.54 [    16602.9    9054.1   50574.2    5066.7   49771.3 ]
[24-10-31 14:57:44] 105   -37029.22 [    16602.9    9230.4   50574.2    5066.7   49771.3 ]
[24-10-31 14:57:44] 106   -36982.03 [    16602.9    9815.5   50574.2    5066.7   49771.3 ]
[24-10-31 14:57:45] 107   -37020.57 [    16602.9   10762.1   50574.2    5066.7   49771.3 ]
[24-10-31 14:57:45] 108    -36982.6 [    16602.9   10177.1   50574.2    5066.7   49771.3 ]
[24-10-31 14:57:45] 109   -36992.32 [    16602.9    9592.0   50574.2    5066.7   49771.3 ]
[24-10-31 14:57:45] 110   -36979.82 [    16602.9    9986.6   50574.2    5066.7   49771.3 ]
[24-10-31 14:57:46] 111   -36979.82 [    16602.9    9977.3   50574.2    5066.7   49771.3 ]
[24-10-31 14:57:46] 112   -36979.83 [    16602.9    9996.0   50574.2    5066.7   49771.3 ]
[24-10-31 14:57:46] 113   -36979.82 [    16602.9    9986.6   50574.2    5066.7   49771.3 ]
[24-10-31 14:57:46] 114   -36979.83 [    16602.9    9986.6   50575.2    5066.7   49771.3 ]
[24-10-31 14:57:47] 115   -36979.81 [    16602.9    9986.6   50572.5    5066.7   49771.3 ]
[24-10-31 14:57:47] 116   -36978.65 [    16602.9    9986.6   50396.2    5066.7   49771.3 ]
[24-10-31 14:57:47] 117   -36965.91 [    16602.9    9986.6   46477.5    5066.7   49771.3 ]
[24-10-31 14:57:47] 118   -36997.91 [    16602.9    9986.6   40136.9    5066.7   49771.3 ]
[24-10-31 14:57:47] 119   -36970.52 [    16602.9    9986.6   44055.6    5066.7   49771.3 ]
[24-10-31 14:57:48] 120   -36967.81 [    16602.9    9986.6   47974.3    5066.7   49771.3 ]
[24-10-31 14:57:48] 121   -36965.91 [    16602.9    9986.6   46436.5    5066.7   49771.3 ]
[24-10-31 14:57:48] 122   -36965.91 [    16602.9    9986.6   46395.1    5066.7   49771.3 ]
[24-10-31 14:57:48] 123   -36965.91 [    16602.9    9986.6   46436.5    5066.7   49771.3 ]
[24-10-31 14:57:49] 124   -36965.93 [    16602.9    9986.6   46436.5    5067.7   49771.3 ]
[24-10-31 14:57:49] 125   -36965.87 [    16602.9    9986.6   46436.5    5065.1   49771.3 ]
[24-10-31 14:57:49] 126   -36963.26 [    16602.9    9986.6   46436.5    4888.8   49771.3 ]
[24-10-31 14:57:49] 127   -36963.04 [    16602.9    9986.6   46436.5    4801.9   49771.3 ]
[24-10-31 14:57:50] 128    -36964.4 [    16602.9    9986.6   46436.5    4661.4   49771.3 ]
[24-10-31 14:57:50] 129   -36963.29 [    16602.9    9986.6   46436.5    4748.2   49771.3 ]
[24-10-31 14:57:50] 130   -36963.03 [    16602.9    9986.6   46436.5    4835.1   49771.3 ]
[24-10-31 14:57:50] 131   -36963.02 [    16602.9    9986.6   46436.5    4820.1   49771.3 ]
[24-10-31 14:57:50] 132   -36963.02 [    16602.9    9986.6   46436.5    4822.5   49771.3 ]
[24-10-31 14:57:51] 133   -36963.02 [    16602.9    9986.6   46436.5    4817.6   49771.3 ]
[24-10-31 14:57:51] 134   -36963.02 [    16602.9    9986.6   46436.5    4820.1   49771.3 ]
[24-10-31 14:57:51] 135   -36963.01 [    16602.9    9986.6   46436.5    4820.1   49772.3 ]
[24-10-31 14:57:51] 136    -36963.0 [    16602.9    9986.6   46436.5    4820.1   49774.0 ]
[24-10-31 14:57:52] 137   -36961.54 [    16602.9    9986.6   46436.5    4820.1   49950.3 ]
[24-10-31 14:57:52] 144    -36962.1 [    16602.9    9986.6   46436.5    4820.1   49883.0 ]
[24-10-31 14:57:52] 145   -36961.82 [    16602.9    9986.6   46436.5    4820.1   49916.6 ]
[24-10-31 14:57:52] 147   -36961.36 [    16602.9    9986.6   46436.5    4820.1   49973.1 ]
[24-10-31 14:57:53] 148   -36961.24 [    16602.9    9986.6   46436.5    4820.1   49987.2 ]
[24-10-31 14:57:53] 149   -36961.17 [    16602.9    9986.6   46436.5    4820.1   49995.9 ]
[24-10-31 14:57:53] 151    -36961.2 [    16602.9    9986.6   46436.5    4820.1   49992.6 ]
[24-10-31 14:57:53] 152   -36961.15 [    16602.9    9986.6   46436.5    4820.1   49998.2 ]
[24-10-31 14:57:54] 154   -36961.15 [    16602.9    9986.6   46436.5    4820.1   49998.2 ]
[24-10-31 14:57:54] 155   -36961.14 [    16603.9    9986.6   46436.5    4820.1   49998.2 ]
[24-10-31 14:57:54] 156   -36961.13 [    16605.5    9986.6   46436.5    4820.1   49998.2 ]
[24-10-31 14:57:55] 157   -36959.51 [    16781.8    9986.6   46436.5    4820.1   49998.2 ]
[24-10-31 14:57:55] 158   -36954.89 [    17763.1    9986.6   46436.5    4820.1   49998.2 ]
[24-10-31 14:57:55] 159    -36959.4 [    19350.8    9986.6   46436.5    4820.1   49998.2 ]
[24-10-31 14:57:55] 160   -36955.12 [    18369.6    9986.6   46436.5    4820.1   49998.2 ]
[24-10-31 14:57:55] 161   -36955.85 [    17388.3    9986.6   46436.5    4820.1   49998.2 ]
[24-10-31 14:57:56] 162   -36954.73 [    18001.8    9986.6   46436.5    4820.1   49998.2 ]
[24-10-31 14:57:56] 163   -36954.73 [    17987.8    9986.6   46436.5    4820.1   49998.2 ]
[24-10-31 14:57:56] 164   -36954.73 [    17973.9    9986.6   46436.5    4820.1   49998.2 ]
[24-10-31 14:57:57] 165   -36954.73 [    17987.8    9986.6   46436.5    4820.1   49998.2 ]
[24-10-31 14:57:57] 166   -36954.65 [    17987.8    9987.6   46436.5    4820.1   49998.2 ]
[24-10-31 14:57:57] 167   -36954.53 [    17987.8    9989.2   46436.5    4820.1   49998.2 ]
[24-10-31 14:57:57] 168   -36943.88 [    17987.8   10165.6   46436.5    4820.1   49998.2 ]
[24-10-31 14:57:57] 169   -36937.15 [    17987.8   10431.9   46436.5    4820.1   49998.2 ]
[24-10-31 14:57:58] 170   -36946.95 [    17987.8   10862.8   46436.5    4820.1   49998.2 ]
[24-10-31 14:57:58] 171   -36938.08 [    17987.8   10596.5   46436.5    4820.1   49998.2 ]
[24-10-31 14:57:58] 172   -36938.46 [    17987.8   10330.2   46436.5    4820.1   49998.2 ]
[24-10-31 14:57:58] 173   -36937.03 [    17987.8   10473.6   46436.5    4820.1   49998.2 ]
[24-10-31 14:57:59] 174   -36937.03 [    17987.8   10468.7   46436.5    4820.1   49998.2 ]
[24-10-31 14:57:59] 175   -36937.04 [    17987.8   10478.5   46436.5    4820.1   49998.2 ]
[24-10-31 14:57:59] 176   -36937.03 [    17987.8   10473.6   46436.5    4820.1   49998.2 ]
[24-10-31 14:58:00] 177   -36937.04 [    17987.8   10473.6   46437.5    4820.1   49998.2 ]
[24-10-31 14:58:00] 178   -36937.03 [    17987.8   10473.6   46434.9    4820.1   49998.2 ]
[24-10-31 14:58:00] 179   -36936.22 [    17987.8   10473.6   46258.5    4820.1   49998.2 ]
[24-10-31 14:58:00] 180    -36930.2 [    17987.8   10473.6   43545.7    4820.1   49998.2 ]
[24-10-31 14:58:00] 182   -36932.44 [    17987.8   10473.6   41869.0    4820.1   49998.2 ]
[24-10-31 14:58:01] 183   -36931.09 [    17987.8   10473.6   44581.9    4820.1   49998.2 ]
[24-10-31 14:58:01] 184    -36930.2 [    17987.8   10473.6   43516.8    4820.1   49998.2 ]
[24-10-31 14:58:01] 185    -36930.2 [    17987.8   10473.6   43574.6    4820.1   49998.2 ]
[24-10-31 14:58:01] 186    -36930.2 [    17987.8   10473.6   43545.7    4820.1   49998.2 ]
[24-10-31 14:58:02] 187   -36930.24 [    17987.8   10473.6   43545.7    4821.1   49998.2 ]
[24-10-31 14:58:02] 188   -36930.14 [    17987.8   10473.6   43545.7    4818.4   49998.2 ]
[24-10-31 14:58:02] 189   -36924.78 [    17987.8   10473.6   43545.7    4642.1   49998.2 ]
[24-10-31 14:58:02] 190   -36922.78 [    17987.8   10473.6   43545.7    4380.6   49998.2 ]
[24-10-31 14:58:02] 191   -36940.74 [    17987.8   10473.6   43545.7    3957.5   49998.2 ]
[24-10-31 14:58:03] 192   -36926.02 [    17987.8   10473.6   43545.7    4219.0   49998.2 ]
[24-10-31 14:58:03] 193   -36922.59 [    17987.8   10473.6   43545.7    4480.5   49998.2 ]
[24-10-31 14:58:03] 194   -36922.51 [    17987.8   10473.6   43545.7    4443.9   49998.2 ]
[24-10-31 14:58:03] 195   -36922.51 [    17987.8   10473.6   43545.7    4447.6   49998.2 ]
[24-10-31 14:58:04] 196   -36922.51 [    17987.8   10473.6   43545.7    4440.1   49998.2 ]
[24-10-31 14:58:04] 197   -36922.51 [    17987.8   10473.6   43545.7    4443.9   49998.2 ]
[24-10-31 14:58:04] 198    -36922.5 [    17987.8   10473.6   43545.7    4443.9   49999.2 ]
[24-10-31 14:58:04] 200    -36922.5 [    17987.8   10473.6   43545.7    4443.9   49999.8 ]
[24-10-31 14:58:04] 202    -36922.5 [    17987.8   10473.6   43545.7    4443.9   49999.5 ]
[24-10-31 14:58:05] 203    -36922.5 [    17987.8   10473.6   43545.7    4443.9   49999.9 ]
[24-10-31 14:58:05] 205    -36922.5 [    17987.8   10473.6   43545.7    4443.9   49999.9 ]
[24-10-31 14:58:05] 206    -36922.5 [    17987.8   10473.6   43545.7    4443.9   50000.0 ]
[24-10-31 14:58:05] 207    -36922.5 [    17987.8   10473.6   43545.7    4443.9   50000.0 ]
[24-10-31 14:58:06] 209    -36922.5 [    17987.8   10473.6   43545.7    4443.9   50000.0 ]
[24-10-31 14:58:06] 210   -36922.49 [    17988.8   10473.6   43545.7    4443.9   50000.0 ]
[24-10-31 14:58:06] 211   -36922.49 [    17990.4   10473.6   43545.7    4443.9   50000.0 ]
[24-10-31 14:58:06] 212    -36922.0 [    18166.8   10473.6   43545.7    4443.9   50000.0 ]
[24-10-31 14:58:07] 213   -36921.56 [    18539.3   10473.6   43545.7    4443.9   50000.0 ]
[24-10-31 14:58:07] 214   -36922.33 [    19142.2   10473.6   43545.7    4443.9   50000.0 ]
[24-10-31 14:58:07] 215   -36921.65 [    18769.6   10473.6   43545.7    4443.9   50000.0 ]
[24-10-31 14:58:07] 216   -36921.64 [    18397.0   10473.6   43545.7    4443.9   50000.0 ]
[24-10-31 14:58:08] 217   -36921.55 [    18578.7   10473.6   43545.7    4443.9   50000.0 ]
[24-10-31 14:58:08] 218   -36921.55 [    18572.8   10473.6   43545.7    4443.9   50000.0 ]
[24-10-31 14:58:08] 219   -36921.55 [    18584.6   10473.6   43545.7    4443.9   50000.0 ]
[24-10-31 14:58:08] 220   -36921.55 [    18578.7   10473.6   43545.7    4443.9   50000.0 ]
[24-10-31 14:58:08] 221    -36921.5 [    18578.7   10474.6   43545.7    4443.9   50000.0 ]
[24-10-31 14:58:09] 222   -36921.42 [    18578.7   10476.2   43545.7    4443.9   50000.0 ]
[24-10-31 14:58:09] 223   -36914.72 [    18578.7   10652.6   43545.7    4443.9   50000.0 ]
[24-10-31 14:58:09] 224    -36912.4 [    18578.7   10820.6   43545.7    4443.9   50000.0 ]
[24-10-31 14:58:10] 225   -36916.28 [    18578.7   11092.6   43545.7    4443.9   50000.0 ]
[24-10-31 14:58:10] 226   -36912.82 [    18578.7   10924.5   43545.7    4443.9   50000.0 ]
[24-10-31 14:58:10] 227   -36912.84 [    18578.7   10756.5   43545.7    4443.9   50000.0 ]
[24-10-31 14:58:10] 228   -36912.38 [    18578.7   10841.6   43545.7    4443.9   50000.0 ]
[24-10-31 14:58:11] 229   -36912.38 [    18578.7   10837.9   43545.7    4443.9   50000.0 ]
[24-10-31 14:58:11] 230   -36912.38 [    18578.7   10845.2   43545.7    4443.9   50000.0 ]
[24-10-31 14:58:11] 231   -36912.38 [    18578.7   10841.6   43545.7    4443.9   50000.0 ]
[24-10-31 14:58:11] 232   -36912.38 [    18578.7   10841.6   43546.7    4443.9   50000.0 ]
[24-10-31 14:58:11] 233   -36912.37 [    18578.7   10841.6   43544.1    4443.9   50000.0 ]
[24-10-31 14:58:12] 234   -36911.49 [    18578.7   10841.6   43367.7    4443.9   50000.0 ]
[24-10-31 14:58:12] 235    -36904.6 [    18578.7   10841.6   40518.9    4443.9   50000.0 ]
[24-10-31 14:58:12] 238   -36905.61 [    18578.7   10841.6   41607.0    4443.9   50000.0 ]
[24-10-31 14:58:12] 239   -36904.85 [    18578.7   10841.6   41063.0    4443.9   50000.0 ]
[24-10-31 14:58:13] 240    -36904.6 [    18578.7   10841.6   40488.6    4443.9   50000.0 ]
[24-10-31 14:58:13] 241    -36904.6 [    18578.7   10841.6   40549.2    4443.9   50000.0 ]
[24-10-31 14:58:13] 242    -36904.6 [    18578.7   10841.6   40518.9    4443.9   50000.0 ]
[24-10-31 14:58:13] 243   -36904.64 [    18578.7   10841.6   40518.9    4444.9   50000.0 ]
[24-10-31 14:58:14] 244   -36904.53 [    18578.7   10841.6   40518.9    4442.2   50000.0 ]
[24-10-31 14:58:14] 245   -36899.33 [    18578.7   10841.6   40518.9    4265.9   50000.0 ]
[24-10-31 14:58:14] 246   -36898.04 [    18578.7   10841.6   40518.9    4074.2   50000.0 ]
[24-10-31 14:58:14] 247    -36908.8 [    18578.7   10841.6   40518.9    3764.1   50000.0 ]
[24-10-31 14:58:15] 248   -36900.02 [    18578.7   10841.6   40518.9    3955.8   50000.0 ]
[24-10-31 14:58:15] 249   -36897.93 [    18578.7   10841.6   40518.9    4147.4   50000.0 ]
[24-10-31 14:58:15] 250   -36897.88 [    18578.7   10841.6   40518.9    4120.4   50000.0 ]
[24-10-31 14:58:15] 251   -36897.88 [    18578.7   10841.6   40518.9    4123.6   50000.0 ]
[24-10-31 14:58:16] 252   -36897.88 [    18578.7   10841.6   40518.9    4117.1   50000.0 ]
[24-10-31 14:58:16] 253   -36897.88 [    18578.7   10841.6   40518.9    4120.4   50000.0 ]
[24-10-31 14:58:16] 255   -36897.89 [    18578.7   10841.6   40518.9    4120.4   49998.4 ]
[24-10-31 14:58:16] 256   -36897.88 [    18578.7   10841.6   40518.9    4120.4   49999.4 ]
[24-10-31 14:58:17] 258   -36897.88 [    18578.7   10841.6   40518.9    4120.4   49999.7 ]
[24-10-31 14:58:17] 260   -36897.88 [    18578.7   10841.6   40518.9    4120.4   49999.9 ]
[24-10-31 14:58:17] 262   -36897.88 [    18578.7   10841.6   40518.9    4120.4   49999.9 ]
[24-10-31 14:58:17] 264   -36897.88 [    18578.7   10841.6   40518.9    4120.4   50000.0 ]
[24-10-31 14:58:18] 266   -36897.88 [    18578.7   10841.6   40518.9    4120.4   50000.0 ]
[24-10-31 14:58:18] 267   -36897.88 [    18578.7   10841.6   40518.9    4120.4   50000.0 ]
[24-10-31 14:58:18] 268   -36897.88 [    18578.7   10841.6   40518.9    4120.4   50000.0 ]
[24-10-31 14:58:18] 269   -36897.88 [    18578.7   10841.6   40518.9    4120.4   50000.0 ]
[24-10-31 14:58:19] 271   -36897.88 [    18578.7   10841.6   40518.9    4120.4   50000.0 ]
[24-10-31 14:58:19] 272   -36897.88 [    18578.7   10841.6   40518.9    4120.4   50000.0 ]
[24-10-31 14:58:19] 273   -36897.88 [    18578.7   10841.6   40518.9    4120.4   50000.0 ]
[24-10-31 14:58:19] 275   -36897.88 [    18578.7   10841.6   40518.9    4120.4   50000.0 ]
[24-10-31 14:58:20] 277   -36897.88 [    18578.7   10841.6   40518.9    4120.4   50000.0 ]
[24-10-31 14:58:20] 278   -36897.87 [    18579.7   10841.6   40518.9    4120.4   50000.0 ]
[24-10-31 14:58:20] 279   -36897.87 [    18581.3   10841.6   40518.9    4120.4   50000.0 ]
[24-10-31 14:58:20] 280   -36897.71 [    18757.7   10841.6   40518.9    4120.4   50000.0 ]
[24-10-31 14:58:21] 281   -36897.68 [    18851.4   10841.6   40518.9    4120.4   50000.0 ]
[24-10-31 14:58:21] 282   -36897.73 [    19002.9   10841.6   40518.9    4120.4   50000.0 ]
[24-10-31 14:58:21] 283   -36897.69 [    18909.3   10841.6   40518.9    4120.4   50000.0 ]
[24-10-31 14:58:21] 284   -36897.68 [    18815.6   10841.6   40518.9    4120.4   50000.0 ]
[24-10-31 14:58:22] 285   -36897.68 [    18857.6   10841.6   40518.9    4120.4   50000.0 ]
[24-10-31 14:58:22] 286   -36897.68 [    18854.8   10841.6   40518.9    4120.4   50000.0 ]
[24-10-31 14:58:22] 287   -36897.68 [    18860.4   10841.6   40518.9    4120.4   50000.0 ]
[24-10-31 14:58:22] 288   -36897.68 [    18857.6   10841.6   40518.9    4120.4   50000.0 ]
[24-10-31 14:58:23] 289   -36897.64 [    18857.6   10842.6   40518.9    4120.4   50000.0 ]
[24-10-31 14:58:23] 290   -36897.57 [    18857.6   10844.2   40518.9    4120.4   50000.0 ]
[24-10-31 14:58:23] 291   -36892.05 [    18857.6   11020.5   40518.9    4120.4   50000.0 ]
[24-10-31 14:58:23] 292   -36890.55 [    18857.6   11161.2   40518.9    4120.4   50000.0 ]
[24-10-31 14:58:24] 293   -36893.16 [    18857.6   11388.9   40518.9    4120.4   50000.0 ]
[24-10-31 14:58:24] 294   -36890.84 [    18857.6   11248.2   40518.9    4120.4   50000.0 ]
[24-10-31 14:58:24] 295   -36890.83 [    18857.6   11107.5   40518.9    4120.4   50000.0 ]
[24-10-31 14:58:24] 296   -36890.53 [    18857.6   11177.4   40518.9    4120.4   50000.0 ]
[24-10-31 14:58:25] 297   -36890.54 [    18857.6   11174.1   40518.9    4120.4   50000.0 ]
[24-10-31 14:58:25] 298   -36890.54 [    18857.6   11180.8   40518.9    4120.4   50000.0 ]
[24-10-31 14:58:25] 299   -36890.53 [    18857.6   11177.4   40518.9    4120.4   50000.0 ]
[24-10-31 14:58:25] 300   -36890.54 [    18857.6   11177.4   40519.9    4120.4   50000.0 ]
[24-10-31 14:58:26] 301   -36890.53 [    18857.6   11177.4   40517.3    4120.4   50000.0 ]
[24-10-31 14:58:26] 302   -36889.67 [    18857.6   11177.4   40340.9    4120.4   50000.0 ]
[24-10-31 14:58:26] 306   -36888.99 [    18857.6   11177.4   40194.2    4120.4   50000.0 ]
[24-10-31 14:58:26] 307   -36889.32 [    18857.6   11177.4   40267.6    4120.4   50000.0 ]
[24-10-31 14:58:27] 308    -36888.6 [    18857.6   11177.4   40103.6    4120.4   50000.0 ]
[24-10-31 14:58:27] 309   -36888.36 [    18857.6   11177.4   40047.5    4120.4   50000.0 ]
[24-10-31 14:58:27] 310   -36888.21 [    18857.6   11177.4   40012.9    4120.4   50000.0 ]
[24-10-31 14:58:27] 312   -36888.27 [    18857.6   11177.4   40026.1    4120.4   50000.0 ]
[24-10-31 14:58:28] 313   -36888.18 [    18857.6   11177.4   40004.7    4120.4   50000.0 ]
[24-10-31 14:58:28] 315   -36888.18 [    18857.6   11177.4   40004.7    4120.4   50000.0 ]
[24-10-31 14:58:28] 316    -36888.2 [    18857.6   11177.4   40004.7    4121.4   50000.0 ]
[24-10-31 14:58:28] 317   -36888.15 [    18857.6   11177.4   40004.7    4118.8   50000.0 ]
[24-10-31 14:58:29] 318   -36886.68 [    18857.6   11177.4   40004.7    3967.3   50000.0 ]
[24-10-31 14:58:29] 319   -36892.84 [    18857.6   11177.4   40004.7    3722.3   50000.0 ]
[24-10-31 14:58:29] 320   -36887.66 [    18857.6   11177.4   40004.7    3873.8   50000.0 ]
[24-10-31 14:58:29] 321   -36886.83 [    18857.6   11177.4   40004.7    4025.2   50000.0 ]
[24-10-31 14:58:29] 322   -36886.67 [    18857.6   11177.4   40004.7    3981.7   50000.0 ]
[24-10-31 14:58:30] 323   -36886.67 [    18857.6   11177.4   40004.7    3980.3   50000.0 ]
[24-10-31 14:58:30] 324   -36886.67 [    18857.6   11177.4   40004.7    3978.9   50000.0 ]
[24-10-31 14:58:30] 325   -36886.67 [    18857.6   11177.4   40004.7    3980.3   50000.0 ]
[24-10-31 14:58:30] 327   -36886.68 [    18857.6   11177.4   40004.7    3980.3   49998.4 ]
[24-10-31 14:58:31] 328   -36886.67 [    18857.6   11177.4   40004.7    3980.3   49999.4 ]
[24-10-31 14:58:31] 330   -36886.67 [    18857.6   11177.4   40004.7    3980.3   49999.7 ]
[24-10-31 14:58:31] 332   -36886.67 [    18857.6   11177.4   40004.7    3980.3   49999.9 ]
[24-10-31 14:58:31] 334   -36886.67 [    18857.6   11177.4   40004.7    3980.3   50000.0 ]
[24-10-31 14:58:32] 336   -36886.67 [    18857.6   11177.4   40004.7    3980.3   50000.0 ]
[24-10-31 14:58:32] 338   -36886.67 [    18857.6   11177.4   40004.7    3980.3   50000.0 ]
[24-10-31 14:58:32] 340   -36886.67 [    18857.6   11177.4   40004.7    3980.3   50000.0 ]
[24-10-31 14:58:32] 342   -36886.67 [    18857.6   11177.4   40004.7    3980.3   50000.0 ]
[24-10-31 14:58:33] 344   -36886.67 [    18857.6   11177.4   40004.7    3980.3   50000.0 ]
[24-10-31 14:58:33] 346   -36886.67 [    18857.6   11177.4   40004.7    3980.3   50000.0 ]
[24-10-31 14:58:33] 347   -36886.67 [    18857.6   11177.4   40004.7    3980.3   50000.0 ]
[24-10-31 14:58:33] 349   -36886.67 [    18857.6   11177.4   40004.7    3980.3   50000.0 ]
[24-10-31 14:58:33] 350   -36886.67 [    18857.6   11177.4   40004.7    3980.3   50000.0 ]
[24-10-31 14:58:34] 352   -36886.67 [    18857.6   11177.4   40004.7    3980.3   50000.0 ]
[24-10-31 14:58:34] 353   -36886.67 [    18857.6   11177.4   40004.7    3980.3   50000.0 ]
[24-10-31 14:58:34] 354   -36886.67 [    18857.6   11177.4   40004.7    3980.3   50000.0 ]
[24-10-31 14:58:34] 355   -36886.67 [    18857.6   11177.4   40004.7    3980.3   50000.0 ]
[24-10-31 14:58:35] 358   -36886.67 [    18857.6   11177.4   40004.7    3980.3   50000.0 ]
[24-10-31 14:58:35] 359   -36886.67 [    18858.6   11177.4   40004.7    3980.3   50000.0 ]
[24-10-31 14:58:35] 360   -36886.66 [    18860.2   11177.4   40004.7    3980.3   50000.0 ]
[24-10-31 14:58:35] 361   -36886.18 [    19036.6   11177.4   40004.7    3980.3   50000.0 ]
[24-10-31 14:58:36] 362   -36885.64 [    19482.7   11177.4   40004.7    3980.3   50000.0 ]
[24-10-31 14:58:36] 363   -36886.55 [    20204.6   11177.4   40004.7    3980.3   50000.0 ]
[24-10-31 14:58:36] 364   -36885.74 [    19758.5   11177.4   40004.7    3980.3   50000.0 ]
[24-10-31 14:58:36] 365   -36885.74 [    19312.3   11177.4   40004.7    3980.3   50000.0 ]
[24-10-31 14:58:37] 366   -36885.63 [    19533.4   11177.4   40004.7    3980.3   50000.0 ]
[24-10-31 14:58:37] 367   -36885.63 [    19526.6   11177.4   40004.7    3980.3   50000.0 ]
[24-10-31 14:58:37] 368   -36885.63 [    19540.1   11177.4   40004.7    3980.3   50000.0 ]
[24-10-31 14:58:37] 369   -36885.63 [    19533.4   11177.4   40004.7    3980.3   50000.0 ]
[24-10-31 14:58:38] 370   -36885.61 [    19533.4   11178.4   40004.7    3980.3   50000.0 ]
[24-10-31 14:58:38] 371   -36885.59 [    19533.4   11180.0   40004.7    3980.3   50000.0 ]
[24-10-31 14:58:38] 372   -36884.41 [    19533.4   11316.6   40004.7    3980.3   50000.0 ]
[24-10-31 14:58:38] 373   -36887.04 [    19533.4   11537.6   40004.7    3980.3   50000.0 ]
[24-10-31 14:58:38] 374   -36884.77 [    19533.4   11401.0   40004.7    3980.3   50000.0 ]
[24-10-31 14:58:39] 375   -36884.59 [    19533.4   11264.4   40004.7    3980.3   50000.0 ]
[24-10-31 14:58:39] 376   -36884.41 [    19533.4   11321.5   40004.7    3980.3   50000.0 ]
[24-10-31 14:58:39] 377   -36884.41 [    19533.4   11320.0   40004.7    3980.3   50000.0 ]
[24-10-31 14:58:39] 378   -36884.41 [    19533.4   11322.9   40004.7    3980.3   50000.0 ]
[24-10-31 14:58:40] 379   -36884.41 [    19533.4   11321.5   40004.7    3980.3   50000.0 ]
[24-10-31 14:58:40] 380   -36884.41 [    19533.4   11321.5   40005.7    3980.3   50000.0 ]
[24-10-31 14:58:40] 381    -36884.4 [    19533.4   11321.5   40003.1    3980.3   50000.0 ]
[24-10-31 14:58:40] 387   -36884.39 [    19533.4   11321.5   40001.7    3980.3   50000.0 ]
[24-10-31 14:58:41] 388   -36884.39 [    19533.4   11321.5   40002.4    3980.3   50000.0 ]
[24-10-31 14:58:41] 389   -36884.38 [    19533.4   11321.5   40000.8    3980.3   50000.0 ]
[24-10-31 14:58:41] 390   -36884.38 [    19533.4   11321.5   40000.2    3980.3   50000.0 ]
[24-10-31 14:58:41] 392   -36884.38 [    19533.4   11321.5   40000.5    3980.3   50000.0 ]
[24-10-31 14:58:42] 393   -36884.38 [    19533.4   11321.5   40000.1    3980.3   50000.0 ]
[24-10-31 14:58:42] 394   -36884.38 [    19533.4   11321.5   40000.0    3980.3   50000.0 ]
[24-10-31 14:58:42] 396   -36884.38 [    19533.4   11321.5   40000.0    3980.3   50000.0 ]
[24-10-31 14:58:42] 397   -36884.39 [    19533.4   11321.5   40000.0    3981.3   50000.0 ]
[24-10-31 14:58:43] 398   -36884.37 [    19533.4   11321.5   40000.0    3978.7   50000.0 ]
[24-10-31 14:58:43] 399   -36884.21 [    19533.4   11321.5   40000.0    3934.5   50000.0 ]
[24-10-31 14:58:43] 400   -36884.68 [    19533.4   11321.5   40000.0    3863.2   50000.0 ]
[24-10-31 14:58:43] 401   -36884.28 [    19533.4   11321.5   40000.0    3907.3   50000.0 ]
[24-10-31 14:58:44] 402   -36884.23 [    19533.4   11321.5   40000.0    3951.4   50000.0 ]
[24-10-31 14:58:44] 403   -36884.21 [    19533.4   11321.5   40000.0    3936.0   50000.0 ]
[24-10-31 14:58:44] 404   -36884.21 [    19533.4   11321.5   40000.0    3935.5   50000.0 ]
[24-10-31 14:58:44] 405   -36884.21 [    19533.4   11321.5   40000.0    3936.4   50000.0 ]
[24-10-31 14:58:45] 406   -36884.21 [    19533.4   11321.5   40000.0    3936.0   50000.0 ]
[24-10-31 14:58:45] 408   -36884.22 [    19533.4   11321.5   40000.0    3936.0   49998.4 ]
[24-10-31 14:58:45] 409   -36884.22 [    19533.4   11321.5   40000.0    3936.0   49999.4 ]
[24-10-31 14:58:45] 411   -36884.21 [    19533.4   11321.5   40000.0    3936.0   49999.7 ]
[24-10-31 14:58:45] 413   -36884.21 [    19533.4   11321.5   40000.0    3936.0   49999.9 ]
[24-10-31 14:58:46] 415   -36884.21 [    19533.4   11321.5   40000.0    3936.0   50000.0 ]
[24-10-31 14:58:46] 417   -36884.21 [    19533.4   11321.5   40000.0    3936.0   50000.0 ]
[24-10-31 14:58:46] 419   -36884.21 [    19533.4   11321.5   40000.0    3936.0   50000.0 ]
[24-10-31 14:58:47] 421   -36884.21 [    19533.4   11321.5   40000.0    3936.0   50000.0 ]
[24-10-31 14:58:47] 423   -36884.21 [    19533.4   11321.5   40000.0    3936.0   50000.0 ]
[24-10-31 14:58:47] 425   -36884.21 [    19533.4   11321.5   40000.0    3936.0   50000.0 ]
[24-10-31 14:58:47] 427   -36884.21 [    19533.4   11321.5   40000.0    3936.0   50000.0 ]
[24-10-31 14:58:47] 429   -36884.21 [    19533.4   11321.5   40000.0    3936.0   50000.0 ]
[24-10-31 14:58:48] 431   -36884.21 [    19533.4   11321.5   40000.0    3936.0   50000.0 ]
[24-10-31 14:58:48] 433   -36884.21 [    19533.4   11321.5   40000.0    3936.0   50000.0 ]
[24-10-31 14:58:48] 435   -36884.21 [    19533.4   11321.5   40000.0    3936.0   50000.0 ]
[24-10-31 14:58:48] 437   -36884.21 [    19533.4   11321.5   40000.0    3936.0   50000.0 ]
[24-10-31 14:58:49] 438   -36884.21 [    19533.4   11321.5   40000.0    3936.0   50000.0 ]
[24-10-31 14:58:49] 440   -36884.21 [    19533.4   11321.5   40000.0    3936.0   50000.0 ]
[24-10-31 14:58:49] 442   -36884.21 [    19533.4   11321.5   40000.0    3936.0   50000.0 ]
[24-10-31 14:58:49] 444   -36884.21 [    19533.4   11321.5   40000.0    3936.0   50000.0 ]
[24-10-31 14:58:50] 446   -36884.21 [    19533.4   11321.5   40000.0    3936.0   50000.0 ]
[24-10-31 14:58:50] 447   -36884.21 [    19533.4   11321.5   40000.0    3936.0   50000.0 ]
[24-10-31 14:58:50] 448   -36884.21 [    19533.4   11321.5   40000.0    3936.0   50000.0 ]
Optimization terminated successfully.
         Current function value: 36884.210941
         Iterations: 6
         Function evaluations: 448
[24-10-31 14:58:50] 448      fit p: [    19533.4   11321.5   40000.0    3936.0   50000.0 ]
method: Powell
objective_func: objective_H2
fopt: -36884.210940757504
max_iter: 100
num_iter: 6
func_calls: 448
flag: 0
u_fitted: False
u: 1.111e-08
