[24-11-01 12:19:26] fitting objective_H2 to data for demes ['KhomaniSan', 'Yoruba']
[24-11-01 12:19:26] 0        pnames [        NA1       TA1        NK        NY ]
[24-11-01 12:19:26] 0            p0 [    22721.4  109896.4   19999.3   17020.5 ]
[24-11-01 12:19:26] 1      -9221.44 [    22721.4  109896.4   19999.3   17020.5 ]
[24-11-01 12:19:26] 2      -9221.44 [    22721.4  109896.4   19999.3   17020.5 ]
[24-11-01 12:19:26] 3      -9220.47 [    22722.4  109896.4   19999.3   17020.5 ]
[24-11-01 12:19:26] 4      -9218.91 [    22724.0  109896.4   19999.3   17020.5 ]
[24-11-01 12:19:26] 5      -9050.11 [    22900.3  109896.4   19999.3   17020.5 ]
[24-11-01 12:19:27] 6      -3607.53 [    31807.2  109896.4   19999.3   17020.5 ]
[24-11-01 12:19:27] 7       -768.03 [    46218.8  109896.4   19999.3   17020.5 ]
[24-11-01 12:19:27] 8       -925.51 [    44561.4  109896.4   19999.3   17020.5 ]
[24-11-01 12:19:27] 11     -1413.52 [    40714.1  109896.4   19999.3   17020.5 ]
[24-11-01 12:19:27] 12     -1045.52 [    43466.4  109896.4   19999.3   17020.5 ]
[24-11-01 12:19:28] 13      -520.91 [    49620.9  109896.4   19999.3   17020.5 ]
[24-11-01 12:19:28] 15       -604.5 [    48321.4  109896.4   19999.3   17020.5 ]
[24-11-01 12:19:28] 17      -551.39 [    49124.5  109896.4   19999.3   17020.5 ]
[24-11-01 12:19:28] 18      -502.92 [    49927.7  109896.4   19999.3   17020.5 ]
[24-11-01 12:19:28] 19      -502.92 [    49927.7  109896.4   19999.3   17020.5 ]
[24-11-01 12:19:28] 20      -502.91 [    49927.7  109897.4   19999.3   17020.5 ]
[24-11-01 12:19:29] 21      -502.91 [    49927.7  109899.0   19999.3   17020.5 ]
[24-11-01 12:19:29] 22      -502.42 [    49927.7  110075.4   19999.3   17020.5 ]
[24-11-01 12:19:29] 23      -497.65 [    49927.7  113584.7   19999.3   17020.5 ]
[24-11-01 12:19:29] 24      -509.79 [    49927.7  119263.0   19999.3   17020.5 ]
[24-11-01 12:19:29] 25       -499.4 [    49927.7  115753.6   19999.3   17020.5 ]
[24-11-01 12:19:29] 26      -498.35 [    49927.7  112244.3   19999.3   17020.5 ]
[24-11-01 12:19:30] 27      -497.65 [    49927.7  113621.6   19999.3   17020.5 ]
[24-11-01 12:19:30] 28      -497.65 [    49927.7  113658.8   19999.3   17020.5 ]
[24-11-01 12:19:30] 29      -497.65 [    49927.7  113621.6   19999.3   17020.5 ]
[24-11-01 12:19:30] 30      -497.63 [    49927.7  113621.6   20000.3   17020.5 ]
[24-11-01 12:19:30] 31       -497.6 [    49927.7  113621.6   20001.9   17020.5 ]
[24-11-01 12:19:31] 32      -494.91 [    49927.7  113621.6   20178.3   17020.5 ]
[24-11-01 12:19:31] 33      -483.36 [    49927.7  113621.6   21591.0   17020.5 ]
[24-11-01 12:19:31] 34      -492.29 [    49927.7  113621.6   23876.7   17020.5 ]
[24-11-01 12:19:31] 35      -483.48 [    49927.7  113621.6   22464.1   17020.5 ]
[24-11-01 12:19:31] 36      -485.85 [    49927.7  113621.6   21051.4   17020.5 ]
[24-11-01 12:19:31] 37      -482.83 [    49927.7  113621.6   22006.7   17020.5 ]
[24-11-01 12:19:32] 38      -482.83 [    49927.7  113621.6   21986.6   17020.5 ]
[24-11-01 12:19:32] 39      -482.83 [    49927.7  113621.6   22026.8   17020.5 ]
[24-11-01 12:19:32] 40      -482.83 [    49927.7  113621.6   22006.7   17020.5 ]
[24-11-01 12:19:32] 41      -482.79 [    49927.7  113621.6   22006.7   17021.5 ]
[24-11-01 12:19:32] 42      -482.73 [    49927.7  113621.6   22006.7   17023.2 ]
[24-11-01 12:19:33] 43      -477.01 [    49927.7  113621.6   22006.7   17199.5 ]
[24-11-01 12:19:33] 44      -467.91 [    49927.7  113621.6   22006.7   17789.0 ]
[24-11-01 12:19:33] 45      -480.67 [    49927.7  113621.6   22006.7   18742.9 ]
[24-11-01 12:19:33] 46      -469.15 [    49927.7  113621.6   22006.7   18153.4 ]
[24-11-01 12:19:33] 47      -469.67 [    49927.7  113621.6   22006.7   17563.9 ]
[24-11-01 12:19:33] 48      -467.76 [    49927.7  113621.6   22006.7   17881.7 ]
[24-11-01 12:19:34] 49      -467.76 [    49927.7  113621.6   22006.7   17873.1 ]
[24-11-01 12:19:34] 50      -467.76 [    49927.7  113621.6   22006.7   17890.3 ]
[24-11-01 12:19:34] 52      -467.76 [    49927.7  113621.6   22006.7   17881.7 ]
[24-11-01 12:19:34] 53      -467.71 [    49928.7  113621.6   22006.7   17881.7 ]
[24-11-01 12:19:34] 54      -467.62 [    49930.3  113621.6   22006.7   17881.7 ]
[24-11-01 12:19:35] 56      -464.11 [    49997.7  113621.6   22006.7   17881.7 ]
[24-11-01 12:19:35] 58      -465.86 [    49964.0  113621.6   22006.7   17881.7 ]
[24-11-01 12:19:35] 60      -464.78 [    49984.8  113621.6   22006.7   17881.7 ]
[24-11-01 12:19:35] 62      -464.37 [    49992.7  113621.6   22006.7   17881.7 ]
[24-11-01 12:19:35] 63      -463.99 [    50000.0  113621.6   22006.7   17881.7 ]
[24-11-01 12:19:35] 65      -464.04 [    49999.1  113621.6   22006.7   17881.7 ]
[24-11-01 12:19:36] 66      -463.99 [    50000.0  113621.6   22006.7   17881.7 ]
[24-11-01 12:19:36] 67      -463.99 [    50000.0  113622.6   22006.7   17881.7 ]
[24-11-01 12:19:36] 68      -463.98 [    50000.0  113624.2   22006.7   17881.7 ]
[24-11-01 12:19:36] 69      -463.27 [    50000.0  113800.6   22006.7   17881.7 ]
[24-11-01 12:19:36] 70      -451.97 [    50000.0  119431.5   22006.7   17881.7 ]
[24-11-01 12:19:36] 71      -480.32 [    50000.0  128542.5   22006.7   17881.7 ]
[24-11-01 12:19:37] 72      -456.06 [    50000.0  122911.6   22006.7   17881.7 ]
[24-11-01 12:19:37] 73      -453.66 [    50000.0  117280.7   22006.7   17881.7 ]
[24-11-01 12:19:37] 74      -451.97 [    50000.0  119489.6   22006.7   17881.7 ]
[24-11-01 12:19:37] 75      -451.97 [    50000.0  119548.3   22006.7   17881.7 ]
[24-11-01 12:19:37] 76      -451.97 [    50000.0  119489.6   22006.7   17881.7 ]
[24-11-01 12:19:38] 77      -451.97 [    50000.0  119489.6   22007.7   17881.7 ]
[24-11-01 12:19:38] 78      -451.96 [    50000.0  119489.6   22009.3   17881.7 ]
[24-11-01 12:19:38] 79      -451.08 [    50000.0  119489.6   22185.7   17881.7 ]
[24-11-01 12:19:38] 80      -449.65 [    50000.0  119489.6   22791.3   17881.7 ]
[24-11-01 12:19:38] 81      -451.92 [    50000.0  119489.6   23771.2   17881.7 ]
[24-11-01 12:19:38] 82       -449.9 [    50000.0  119489.6   23165.6   17881.7 ]
[24-11-01 12:19:39] 83      -449.92 [    50000.0  119489.6   22560.0   17881.7 ]
[24-11-01 12:19:39] 84      -449.64 [    50000.0  119489.6   22866.6   17881.7 ]
[24-11-01 12:19:39] 85      -449.64 [    50000.0  119489.6   22858.0   17881.7 ]
[24-11-01 12:19:39] 86      -449.64 [    50000.0  119489.6   22875.2   17881.7 ]
[24-11-01 12:19:39] 87      -449.64 [    50000.0  119489.6   22866.6   17881.7 ]
[24-11-01 12:19:40] 88       -449.6 [    50000.0  119489.6   22866.6   17882.7 ]
[24-11-01 12:19:40] 89      -449.55 [    50000.0  119489.6   22866.6   17884.3 ]
[24-11-01 12:19:40] 90      -444.22 [    50000.0  119489.6   22866.6   18060.6 ]
[24-11-01 12:19:40] 91       -435.5 [    50000.0  119489.6   22866.6   18665.1 ]
[24-11-01 12:19:40] 92      -447.96 [    50000.0  119489.6   22866.6   19643.2 ]
[24-11-01 12:19:40] 93      -436.74 [    50000.0  119489.6   22866.6   19038.7 ]
[24-11-01 12:19:41] 94      -437.17 [    50000.0  119489.6   22866.6   18434.2 ]
[24-11-01 12:19:41] 95      -435.36 [    50000.0  119489.6   22866.6   18756.9 ]
[24-11-01 12:19:41] 96      -435.36 [    50000.0  119489.6   22866.6   18748.1 ]
[24-11-01 12:19:41] 97      -435.37 [    50000.0  119489.6   22866.6   18765.6 ]
[24-11-01 12:19:41] 99      -435.36 [    50000.0  119489.6   22866.6   18756.9 ]
[24-11-01 12:19:42] 101     -435.44 [    49998.4  119489.6   22866.6   18756.9 ]
[24-11-01 12:19:42] 102     -435.39 [    49999.4  119489.6   22866.6   18756.9 ]
[24-11-01 12:19:42] 104     -435.38 [    49999.7  119489.6   22866.6   18756.9 ]
[24-11-01 12:19:42] 106     -435.37 [    49999.9  119489.6   22866.6   18756.9 ]
[24-11-01 12:19:42] 108     -435.37 [    49999.9  119489.6   22866.6   18756.9 ]
[24-11-01 12:19:42] 109     -435.36 [    50000.0  119489.6   22866.6   18756.9 ]
[24-11-01 12:19:43] 111     -435.36 [    50000.0  119489.6   22866.6   18756.9 ]
[24-11-01 12:19:43] 113     -435.36 [    50000.0  119489.6   22866.6   18756.9 ]
[24-11-01 12:19:43] 115     -435.36 [    50000.0  119489.6   22866.6   18756.9 ]
[24-11-01 12:19:43] 116     -435.36 [    50000.0  119489.6   22866.6   18756.9 ]
[24-11-01 12:19:43] 117     -435.36 [    50000.0  119489.6   22866.6   18756.9 ]
[24-11-01 12:19:44] 118     -435.36 [    50000.0  119489.6   22866.6   18756.9 ]
[24-11-01 12:19:44] 119     -435.36 [    50000.0  119489.6   22866.6   18756.9 ]
[24-11-01 12:19:44] 120     -435.36 [    50000.0  119490.6   22866.6   18756.9 ]
[24-11-01 12:19:44] 121     -435.35 [    50000.0  119492.2   22866.6   18756.9 ]
[24-11-01 12:19:44] 122     -434.68 [    50000.0  119668.6   22866.6   18756.9 ]
[24-11-01 12:19:44] 123     -423.68 [    50000.0  125491.9   22866.6   18756.9 ]
[24-11-01 12:19:45] 124     -451.34 [    50000.0  134914.2   22866.6   18756.9 ]
[24-11-01 12:19:45] 125     -427.67 [    50000.0  129090.9   22866.6   18756.9 ]
[24-11-01 12:19:45] 126     -425.32 [    50000.0  123267.6   22866.6   18756.9 ]
[24-11-01 12:19:45] 127     -423.68 [    50000.0  125551.9   22866.6   18756.9 ]
[24-11-01 12:19:45] 128     -423.68 [    50000.0  125612.5   22866.6   18756.9 ]
[24-11-01 12:19:45] 129     -423.68 [    50000.0  125551.9   22866.6   18756.9 ]
[24-11-01 12:19:45] 130     -423.67 [    50000.0  125551.9   22867.6   18756.9 ]
[24-11-01 12:19:46] 131     -423.66 [    50000.0  125551.9   22869.2   18756.9 ]
[24-11-01 12:19:46] 132     -422.79 [    50000.0  125551.9   23045.5   18756.9 ]
[24-11-01 12:19:46] 133     -421.33 [    50000.0  125551.9   23676.5   18756.9 ]
[24-11-01 12:19:46] 134     -423.67 [    50000.0  125551.9   24697.5   18756.9 ]
[24-11-01 12:19:46] 135     -421.59 [    50000.0  125551.9   24066.5   18756.9 ]
[24-11-01 12:19:46] 136      -421.6 [    50000.0  125551.9   23435.5   18756.9 ]
[24-11-01 12:19:47] 137     -421.31 [    50000.0  125551.9   23754.1   18756.9 ]
[24-11-01 12:19:47] 138     -421.31 [    50000.0  125551.9   23745.2   18756.9 ]
[24-11-01 12:19:47] 139     -421.31 [    50000.0  125551.9   23763.0   18756.9 ]
[24-11-01 12:19:47] 140     -421.31 [    50000.0  125551.9   23754.1   18756.9 ]
[24-11-01 12:19:47] 141     -421.28 [    50000.0  125551.9   23754.1   18757.9 ]
[24-11-01 12:19:47] 142     -421.22 [    50000.0  125551.9   23754.1   18759.5 ]
[24-11-01 12:19:47] 143     -416.16 [    50000.0  125551.9   23754.1   18935.9 ]
[24-11-01 12:19:48] 144     -407.51 [    50000.0  125551.9   23754.1   19565.3 ]
[24-11-01 12:19:48] 145      -420.0 [    50000.0  125551.9   23754.1   20583.6 ]
[24-11-01 12:19:48] 146     -408.77 [    50000.0  125551.9   23754.1   19954.2 ]
[24-11-01 12:19:48] 147     -409.16 [    50000.0  125551.9   23754.1   19324.9 ]
[24-11-01 12:19:48] 148     -407.38 [    50000.0  125551.9   23754.1   19658.8 ]
[24-11-01 12:19:48] 149     -407.38 [    50000.0  125551.9   23754.1   19649.8 ]
[24-11-01 12:19:48] 150     -407.38 [    50000.0  125551.9   23754.1   19667.9 ]
[24-11-01 12:19:49] 152     -407.38 [    50000.0  125551.9   23754.1   19658.8 ]
[24-11-01 12:19:49] 154     -407.46 [    49998.4  125551.9   23754.1   19658.8 ]
[24-11-01 12:19:49] 155     -407.41 [    49999.4  125551.9   23754.1   19658.8 ]
[24-11-01 12:19:49] 157      -407.4 [    49999.7  125551.9   23754.1   19658.8 ]
[24-11-01 12:19:49] 159     -407.39 [    49999.9  125551.9   23754.1   19658.8 ]
[24-11-01 12:19:49] 161     -407.38 [    50000.0  125551.9   23754.1   19658.8 ]
[24-11-01 12:19:49] 163     -407.38 [    50000.0  125551.9   23754.1   19658.8 ]
[24-11-01 12:19:50] 165     -407.38 [    50000.0  125551.9   23754.1   19658.8 ]
[24-11-01 12:19:50] 167     -407.38 [    50000.0  125551.9   23754.1   19658.8 ]
[24-11-01 12:19:50] 169     -407.38 [    50000.0  125551.9   23754.1   19658.8 ]
[24-11-01 12:19:50] 171     -407.38 [    50000.0  125551.9   23754.1   19658.8 ]
[24-11-01 12:19:50] 172     -407.38 [    50000.0  125551.9   23754.1   19658.8 ]
[24-11-01 12:19:50] 173     -407.38 [    50000.0  125551.9   23754.1   19658.8 ]
[24-11-01 12:19:51] 174     -407.38 [    50000.0  125551.9   23754.1   19658.8 ]
[24-11-01 12:19:51] 175     -407.38 [    50000.0  125551.9   23754.1   19658.8 ]
[24-11-01 12:19:51] 176     -407.38 [    50000.0  125551.9   23754.1   19658.8 ]
[24-11-01 12:19:51] 177     -407.38 [    50000.0  125551.9   23754.1   19658.8 ]
[24-11-01 12:19:51] 179     -407.38 [    50000.0  125551.9   23754.1   19658.8 ]
[24-11-01 12:19:51] 181     -407.38 [    50000.0  125551.9   23754.1   19658.8 ]
[24-11-01 12:19:51] 182     -407.38 [    50000.0  125552.9   23754.1   19658.8 ]
[24-11-01 12:19:52] 183     -407.37 [    50000.0  125554.5   23754.1   19658.8 ]
[24-11-01 12:19:52] 184     -406.74 [    50000.0  125730.9   23754.1   19658.8 ]
[24-11-01 12:19:52] 185     -396.09 [    50000.0  131726.8   23754.1   19658.8 ]
[24-11-01 12:19:52] 186     -422.91 [    50000.0  141428.4   23754.1   19658.8 ]
[24-11-01 12:19:52] 187     -399.96 [    50000.0  135432.5   23754.1   19658.8 ]
[24-11-01 12:19:52] 188     -397.68 [    50000.0  129436.6   23754.1   19658.8 ]
[24-11-01 12:19:53] 189     -396.09 [    50000.0  131788.6   23754.1   19658.8 ]
[24-11-01 12:19:53] 190     -396.09 [    50000.0  131850.9   23754.1   19658.8 ]
[24-11-01 12:19:53] 191     -396.09 [    50000.0  131788.6   23754.1   19658.8 ]
[24-11-01 12:19:53] 192     -396.08 [    50000.0  131788.6   23755.1   19658.8 ]
[24-11-01 12:19:53] 193     -396.07 [    50000.0  131788.6   23756.7   19658.8 ]
[24-11-01 12:19:53] 194     -395.24 [    50000.0  131788.6   23933.1   19658.8 ]
[24-11-01 12:19:54] 195      -393.8 [    50000.0  131788.6   24575.4   19658.8 ]
[24-11-01 12:19:54] 196     -396.13 [    50000.0  131788.6   25614.6   19658.8 ]
[24-11-01 12:19:54] 197     -394.06 [    50000.0  131788.6   24972.3   19658.8 ]
[24-11-01 12:19:54] 198     -394.06 [    50000.0  131788.6   24330.0   19658.8 ]
[24-11-01 12:19:54] 199     -393.78 [    50000.0  131788.6   24652.2   19658.8 ]
[24-11-01 12:19:54] 200     -393.78 [    50000.0  131788.6   24643.2   19658.8 ]
[24-11-01 12:19:55] 201     -393.78 [    50000.0  131788.6   24661.1   19658.8 ]
[24-11-01 12:19:55] 202     -393.78 [    50000.0  131788.6   24652.2   19658.8 ]
[24-11-01 12:19:55] 203     -393.75 [    50000.0  131788.6   24652.2   19659.8 ]
[24-11-01 12:19:55] 204      -393.7 [    50000.0  131788.6   24652.2   19661.5 ]
[24-11-01 12:19:55] 205     -388.92 [    50000.0  131788.6   24652.2   19837.8 ]
[24-11-01 12:19:55] 206     -380.49 [    50000.0  131788.6   24652.2   20487.2 ]
[24-11-01 12:19:56] 207     -392.84 [    50000.0  131788.6   24652.2   21538.0 ]
[24-11-01 12:19:56] 208     -381.76 [    50000.0  131788.6   24652.2   20888.6 ]
[24-11-01 12:19:56] 209     -382.09 [    50000.0  131788.6   24652.2   20239.2 ]
[24-11-01 12:19:56] 210     -380.37 [    50000.0  131788.6   24652.2   20581.3 ]
[24-11-01 12:19:56] 211     -380.37 [    50000.0  131788.6   24652.2   20572.0 ]
[24-11-01 12:19:56] 212     -380.37 [    50000.0  131788.6   24652.2   20590.5 ]
[24-11-01 12:19:57] 214     -380.37 [    50000.0  131788.6   24652.2   20581.3 ]
[24-11-01 12:19:57] 216     -380.44 [    49998.4  131788.6   24652.2   20581.3 ]
[24-11-01 12:19:57] 217      -380.4 [    49999.4  131788.6   24652.2   20581.3 ]
[24-11-01 12:19:57] 219     -380.38 [    49999.7  131788.6   24652.2   20581.3 ]
[24-11-01 12:19:57] 221     -380.38 [    49999.9  131788.6   24652.2   20581.3 ]
[24-11-01 12:19:57] 223     -380.37 [    50000.0  131788.6   24652.2   20581.3 ]
[24-11-01 12:19:58] 225     -380.37 [    50000.0  131788.6   24652.2   20581.3 ]
[24-11-01 12:19:58] 227     -380.37 [    50000.0  131788.6   24652.2   20581.3 ]
[24-11-01 12:19:58] 229     -380.37 [    50000.0  131788.6   24652.2   20581.3 ]
[24-11-01 12:19:58] 231     -380.37 [    50000.0  131788.6   24652.2   20581.3 ]
[24-11-01 12:19:58] 233     -380.37 [    50000.0  131788.6   24652.2   20581.3 ]
[24-11-01 12:19:58] 235     -380.37 [    50000.0  131788.6   24652.2   20581.3 ]
[24-11-01 12:19:59] 237     -380.37 [    50000.0  131788.6   24652.2   20581.3 ]
[24-11-01 12:19:59] 239     -380.37 [    50000.0  131788.6   24652.2   20581.3 ]
[24-11-01 12:19:59] 241     -380.37 [    50000.0  131788.6   24652.2   20581.3 ]
[24-11-01 12:19:59] 243     -380.37 [    50000.0  131788.6   24652.2   20581.3 ]
[24-11-01 12:19:59] 244     -380.37 [    50000.0  131788.6   24652.2   20581.3 ]
[24-11-01 12:19:59] 245     -380.37 [    50000.0  131788.6   24652.2   20581.3 ]
[24-11-01 12:20:00] 247     -380.37 [    50000.0  131788.6   24652.2   20581.3 ]
[24-11-01 12:20:00] 249     -380.37 [    50000.0  131788.6   24652.2   20581.3 ]
[24-11-01 12:20:00] 250     -380.37 [    50000.0  131788.6   24652.2   20581.3 ]
[24-11-01 12:20:00] 252     -380.37 [    50000.0  131788.6   24652.2   20581.3 ]
[24-11-01 12:20:00] 253     -380.37 [    50000.0  131788.6   24652.2   20581.3 ]
[24-11-01 12:20:00] 254     -380.37 [    50000.0  131788.6   24652.2   20581.3 ]
[24-11-01 12:20:01] 255     -380.37 [    50000.0  131789.6   24652.2   20581.3 ]
[24-11-01 12:20:01] 256     -380.36 [    50000.0  131791.2   24652.2   20581.3 ]
[24-11-01 12:20:01] 257     -379.77 [    50000.0  131967.6   24652.2   20581.3 ]
[24-11-01 12:20:01] 258     -369.61 [    50000.0  138089.2   24652.2   20581.3 ]
[24-11-01 12:20:01] 259     -395.25 [    50000.0  147994.4   24652.2   20581.3 ]
[24-11-01 12:20:01] 260     -373.31 [    50000.0  141872.7   24652.2   20581.3 ]
[24-11-01 12:20:02] 261     -371.13 [    50000.0  135751.0   24652.2   20581.3 ]
[24-11-01 12:20:02] 262     -369.61 [    50000.0  138152.3   24652.2   20581.3 ]
[24-11-01 12:20:02] 263     -369.61 [    50000.0  138215.9   24652.2   20581.3 ]
[24-11-01 12:20:02] 264     -369.61 [    50000.0  138152.3   24652.2   20581.3 ]
[24-11-01 12:20:02] 265     -369.61 [    50000.0  138152.3   24653.2   20581.3 ]
[24-11-01 12:20:03] 266      -369.6 [    50000.0  138152.3   24654.8   20581.3 ]
[24-11-01 12:20:03] 267      -368.8 [    50000.0  138152.3   24831.1   20581.3 ]
[24-11-01 12:20:03] 268     -367.41 [    50000.0  138152.3   25479.0   20581.3 ]
[24-11-01 12:20:03] 269     -369.69 [    50000.0  138152.3   26527.4   20581.3 ]
[24-11-01 12:20:03] 270     -367.67 [    50000.0  138152.3   25879.5   20581.3 ]
[24-11-01 12:20:03] 271     -367.66 [    50000.0  138152.3   25231.6   20581.3 ]
[24-11-01 12:20:04] 272     -367.39 [    50000.0  138152.3   25553.9   20581.3 ]
[24-11-01 12:20:04] 273     -367.39 [    50000.0  138152.3   25544.9   20581.3 ]
[24-11-01 12:20:04] 274     -367.39 [    50000.0  138152.3   25562.9   20581.3 ]
[24-11-01 12:20:04] 275     -367.39 [    50000.0  138152.3   25553.9   20581.3 ]
[24-11-01 12:20:04] 276     -367.37 [    50000.0  138152.3   25553.9   20582.3 ]
[24-11-01 12:20:05] 277     -367.32 [    50000.0  138152.3   25553.9   20583.9 ]
[24-11-01 12:20:05] 278     -362.84 [    50000.0  138152.3   25553.9   20760.2 ]
[24-11-01 12:20:05] 279     -354.77 [    50000.0  138152.3   25553.9   21423.9 ]
[24-11-01 12:20:05] 280      -366.8 [    50000.0  138152.3   25553.9   22497.7 ]
[24-11-01 12:20:05] 281     -356.03 [    50000.0  138152.3   25553.9   21834.1 ]
[24-11-01 12:20:05] 282     -356.29 [    50000.0  138152.3   25553.9   21170.4 ]
[24-11-01 12:20:06] 283     -354.66 [    50000.0  138152.3   25553.9   21516.9 ]
[24-11-01 12:20:06] 284     -354.66 [    50000.0  138152.3   25553.9   21507.5 ]
[24-11-01 12:20:06] 285     -354.66 [    50000.0  138152.3   25553.9   21526.2 ]
[24-11-01 12:20:06] 287     -354.66 [    50000.0  138152.3   25553.9   21516.9 ]
[24-11-01 12:20:06] 289     -354.73 [    49998.4  138152.3   25553.9   21516.9 ]
[24-11-01 12:20:07] 290     -354.69 [    49999.4  138152.3   25553.9   21516.9 ]
[24-11-01 12:20:07] 292     -354.67 [    49999.7  138152.3   25553.9   21516.9 ]
[24-11-01 12:20:07] 294     -354.67 [    49999.9  138152.3   25553.9   21516.9 ]
[24-11-01 12:20:07] 296     -354.66 [    50000.0  138152.3   25553.9   21516.9 ]
[24-11-01 12:20:07] 298     -354.66 [    50000.0  138152.3   25553.9   21516.9 ]
[24-11-01 12:20:07] 300     -354.66 [    50000.0  138152.3   25553.9   21516.9 ]
[24-11-01 12:20:08] 302     -354.66 [    50000.0  138152.3   25553.9   21516.9 ]
[24-11-01 12:20:08] 304     -354.66 [    50000.0  138152.3   25553.9   21516.9 ]
[24-11-01 12:20:08] 306     -354.66 [    50000.0  138152.3   25553.9   21516.9 ]
[24-11-01 12:20:08] 308     -354.66 [    50000.0  138152.3   25553.9   21516.9 ]
[24-11-01 12:20:08] 310     -354.66 [    50000.0  138152.3   25553.9   21516.9 ]
[24-11-01 12:20:09] 312     -354.66 [    50000.0  138152.3   25553.9   21516.9 ]
[24-11-01 12:20:09] 314     -354.66 [    50000.0  138152.3   25553.9   21516.9 ]
[24-11-01 12:20:09] 316     -354.66 [    50000.0  138152.3   25553.9   21516.9 ]
[24-11-01 12:20:09] 318     -354.66 [    50000.0  138152.3   25553.9   21516.9 ]
[24-11-01 12:20:09] 320     -354.66 [    50000.0  138152.3   25553.9   21516.9 ]
[24-11-01 12:20:09] 322     -354.66 [    50000.0  138152.3   25553.9   21516.9 ]
[24-11-01 12:20:10] 324     -354.66 [    50000.0  138152.3   25553.9   21516.9 ]
[24-11-01 12:20:10] 326     -354.66 [    50000.0  138152.3   25553.9   21516.9 ]
[24-11-01 12:20:10] 328     -354.66 [    50000.0  138152.3   25553.9   21516.9 ]
[24-11-01 12:20:10] 330     -354.66 [    50000.0  138152.3   25553.9   21516.9 ]
[24-11-01 12:20:10] 332     -354.66 [    50000.0  138152.3   25553.9   21516.9 ]
[24-11-01 12:20:11] 333     -354.66 [    50000.0  138152.3   25553.9   21516.9 ]
[24-11-01 12:20:11] 334     -354.66 [    50000.0  138152.3   25553.9   21516.9 ]
[24-11-01 12:20:11] 335     -354.66 [    50000.0  138152.3   25553.9   21516.9 ]
[24-11-01 12:20:11] 336     -354.66 [    50000.0  138152.3   25553.9   21516.9 ]
[24-11-01 12:20:11] 337     -354.66 [    50000.0  138152.3   25553.9   21516.9 ]
[24-11-01 12:20:11] 338     -354.66 [    50000.0  138152.3   25553.9   21516.9 ]
[24-11-01 12:20:12] 339     -354.66 [    50000.0  138152.3   25553.9   21516.9 ]
[24-11-01 12:20:12] 340     -354.66 [    50000.0  138152.3   25553.9   21516.9 ]
[24-11-01 12:20:12] 341     -354.66 [    50000.0  138152.3   25553.9   21516.9 ]
[24-11-01 12:20:12] 342     -354.66 [    50000.0  138152.3   25553.9   21516.9 ]
[24-11-01 12:20:12] 343     -354.66 [    50000.0  138152.3   25553.9   21516.9 ]
[24-11-01 12:20:13] 344     -354.66 [    50000.0  138152.3   25553.9   21516.9 ]
[24-11-01 12:20:13] 345     -354.66 [    50000.0  138153.3   25553.9   21516.9 ]
[24-11-01 12:20:13] 346     -354.65 [    50000.0  138154.9   25553.9   21516.9 ]
[24-11-01 12:20:13] 347      -354.1 [    50000.0  138331.2   25553.9   21516.9 ]
[24-11-01 12:20:13] 348     -344.57 [    50000.0  144522.5   25553.9   21516.9 ]
[24-11-01 12:20:13] 349     -368.68 [    50000.0  154540.1   25553.9   21516.9 ]
[24-11-01 12:20:14] 350     -348.05 [    50000.0  148348.8   25553.9   21516.9 ]
[24-11-01 12:20:14] 351     -345.99 [    50000.0  142157.6   25553.9   21516.9 ]
[24-11-01 12:20:14] 352     -344.57 [    50000.0  144586.2   25553.9   21516.9 ]
[24-11-01 12:20:14] 353     -344.57 [    50000.0  144650.5   25553.9   21516.9 ]
[24-11-01 12:20:14] 354     -344.57 [    50000.0  144586.2   25553.9   21516.9 ]
[24-11-01 12:20:14] 355     -344.56 [    50000.0  144586.2   25554.9   21516.9 ]
[24-11-01 12:20:15] 356     -344.55 [    50000.0  144586.2   25556.5   21516.9 ]
[24-11-01 12:20:15] 357     -343.79 [    50000.0  144586.2   25732.9   21516.9 ]
[24-11-01 12:20:15] 358     -342.48 [    50000.0  144586.2   26380.2   21516.9 ]
[24-11-01 12:20:15] 359     -344.68 [    50000.0  144586.2   27427.5   21516.9 ]
[24-11-01 12:20:15] 360     -342.73 [    50000.0  144586.2   26780.2   21516.9 ]
[24-11-01 12:20:15] 361     -342.71 [    50000.0  144586.2   26132.9   21516.9 ]
[24-11-01 12:20:16] 362     -342.46 [    50000.0  144586.2   26452.0   21516.9 ]
[24-11-01 12:20:16] 363     -342.46 [    50000.0  144586.2   26443.0   21516.9 ]
[24-11-01 12:20:16] 364     -342.46 [    50000.0  144586.2   26461.0   21516.9 ]
[24-11-01 12:20:16] 365     -342.46 [    50000.0  144586.2   26452.0   21516.9 ]
[24-11-01 12:20:16] 366     -342.44 [    50000.0  144586.2   26452.0   21517.9 ]
[24-11-01 12:20:16] 367     -342.39 [    50000.0  144586.2   26452.0   21519.5 ]
[24-11-01 12:20:17] 368     -338.23 [    50000.0  144586.2   26452.0   21695.9 ]
[24-11-01 12:20:17] 369     -330.65 [    50000.0  144586.2   26452.0   22366.9 ]
[24-11-01 12:20:17] 370     -342.19 [    50000.0  144586.2   26452.0   23452.8 ]
[24-11-01 12:20:17] 371     -331.88 [    50000.0  144586.2   26452.0   22781.7 ]
[24-11-01 12:20:17] 372     -332.07 [    50000.0  144586.2   26452.0   22110.6 ]
[24-11-01 12:20:17] 373     -330.56 [    50000.0  144586.2   26452.0   22457.3 ]
[24-11-01 12:20:18] 374     -330.56 [    50000.0  144586.2   26452.0   22447.9 ]
[24-11-01 12:20:18] 375     -330.56 [    50000.0  144586.2   26452.0   22466.7 ]
[24-11-01 12:20:18] 376     -308.29 [    50000.0  151020.1   27350.1   23397.7 ]
[24-11-01 12:20:18] 377     -330.56 [    50000.0  144586.2   26452.0   22457.3 ]
[24-11-01 12:20:18] 378     -308.29 [    50000.0  151020.1   27350.1   23397.7 ]
[24-11-01 12:20:18] 379      -276.2 [    50000.0  161430.4   28803.2   24919.3 ]
[24-11-01 12:20:19] 380     -189.62 [    50000.0  224977.2   37673.6   34207.7 ]
[24-11-01 12:20:19] 383     -200.04 [    50000.0  200704.5   34285.4   30659.8 ]
[24-11-01 12:20:19] 384     -191.26 [    50000.0  212840.8   35979.5   32433.8 ]
[24-11-01 12:20:19] 385     -189.36 [    50000.0  221709.6   37217.5   33730.1 ]
[24-11-01 12:20:19] 386     -189.37 [    50000.0  220938.4   37109.8   33617.3 ]
[24-11-01 12:20:19] 387     -189.37 [    50000.0  222480.9   37325.1   33842.8 ]
[24-11-01 12:20:20] 388     -189.36 [    50000.0  221709.6   37217.5   33730.1 ]
[24-11-01 12:20:20] 390     -189.36 [    49998.4  221709.6   37217.5   33730.1 ]
[24-11-01 12:20:20] 391     -189.36 [    49999.4  221709.6   37217.5   33730.1 ]
[24-11-01 12:20:20] 393     -189.36 [    49999.7  221709.6   37217.5   33730.1 ]
[24-11-01 12:20:20] 395     -189.36 [    49999.9  221709.6   37217.5   33730.1 ]
[24-11-01 12:20:21] 397     -189.36 [    50000.0  221709.6   37217.5   33730.1 ]
[24-11-01 12:20:21] 399     -189.36 [    50000.0  221709.6   37217.5   33730.1 ]
[24-11-01 12:20:21] 401     -189.36 [    50000.0  221709.6   37217.5   33730.1 ]
[24-11-01 12:20:21] 403     -189.36 [    50000.0  221709.6   37217.5   33730.1 ]
[24-11-01 12:20:21] 405     -189.36 [    50000.0  221709.6   37217.5   33730.1 ]
[24-11-01 12:20:21] 407     -189.36 [    50000.0  221709.6   37217.5   33730.1 ]
[24-11-01 12:20:22] 409     -189.36 [    50000.0  221709.6   37217.5   33730.1 ]
[24-11-01 12:20:22] 411     -189.36 [    50000.0  221709.6   37217.5   33730.1 ]
[24-11-01 12:20:22] 413     -189.36 [    50000.0  221709.6   37217.5   33730.1 ]
[24-11-01 12:20:22] 415     -189.36 [    50000.0  221709.6   37217.5   33730.1 ]
[24-11-01 12:20:22] 417     -189.36 [    50000.0  221709.6   37217.5   33730.1 ]
[24-11-01 12:20:23] 419     -189.36 [    50000.0  221709.6   37217.5   33730.1 ]
[24-11-01 12:20:23] 421     -189.36 [    50000.0  221709.6   37217.5   33730.1 ]
[24-11-01 12:20:23] 423     -189.36 [    50000.0  221709.6   37217.5   33730.1 ]
[24-11-01 12:20:23] 425     -189.36 [    50000.0  221709.6   37217.5   33730.1 ]
[24-11-01 12:20:23] 427     -189.36 [    50000.0  221709.6   37217.5   33730.1 ]
[24-11-01 12:20:23] 428     -189.36 [    50000.0  221709.6   37217.5   33730.1 ]
[24-11-01 12:20:24] 430     -189.36 [    50000.0  221709.6   37217.5   33730.1 ]
[24-11-01 12:20:24] 431     -189.36 [    50000.0  221709.6   37217.5   33730.1 ]
[24-11-01 12:20:24] 433     -189.36 [    50000.0  221709.6   37217.5   33730.1 ]
[24-11-01 12:20:24] 435     -189.36 [    50000.0  221709.6   37217.5   33730.1 ]
[24-11-01 12:20:24] 436     -189.36 [    50000.0  221709.6   37217.5   33730.1 ]
[24-11-01 12:20:25] 438     -189.36 [    50000.0  221709.6   37217.5   33730.1 ]
[24-11-01 12:20:25] 439     -189.35 [    50000.0  221710.6   37217.5   33730.1 ]
[24-11-01 12:20:25] 440     -189.35 [    50000.0  221712.2   37217.5   33730.1 ]
[24-11-01 12:20:25] 441     -189.27 [    50000.0  221888.6   37217.5   33730.1 ]
[24-11-01 12:20:25] 442     -188.83 [    50000.0  223924.1   37217.5   33730.1 ]
[24-11-01 12:20:25] 443     -189.99 [    50000.0  227217.5   37217.5   33730.1 ]
[24-11-01 12:20:26] 444      -189.0 [    50000.0  225182.0   37217.5   33730.1 ]
[24-11-01 12:20:26] 445     -188.89 [    50000.0  223146.6   37217.5   33730.1 ]
[24-11-01 12:20:26] 446     -188.83 [    50000.0  223946.2   37217.5   33730.1 ]
[24-11-01 12:20:26] 447     -188.83 [    50000.0  223901.9   37217.5   33730.1 ]
[24-11-01 12:20:26] 448     -188.83 [    50000.0  223924.1   37217.5   33730.1 ]
[24-11-01 12:20:26] 449     -188.83 [    50000.0  223924.1   37218.5   33730.1 ]
[24-11-01 12:20:27] 450     -188.83 [    50000.0  223924.1   37215.8   33730.1 ]
[24-11-01 12:20:27] 451     -188.71 [    50000.0  223924.1   37039.5   33730.1 ]
[24-11-01 12:20:27] 452     -188.69 [    50000.0  223924.1   36923.3   33730.1 ]
[24-11-01 12:20:27] 453     -188.75 [    50000.0  223924.1   36735.3   33730.1 ]
[24-11-01 12:20:27] 454      -188.7 [    50000.0  223924.1   36851.5   33730.1 ]
[24-11-01 12:20:27] 455      -188.7 [    50000.0  223924.1   36967.7   33730.1 ]
[24-11-01 12:20:28] 456     -188.69 [    50000.0  223924.1   36927.1   33730.1 ]
[24-11-01 12:20:28] 457     -188.69 [    50000.0  223924.1   36930.0   33730.1 ]
[24-11-01 12:20:28] 458     -188.69 [    50000.0  223924.1   36927.1   33730.1 ]
[24-11-01 12:20:28] 464     -191.62 [    50000.0  234101.7   38347.8   35217.7 ]
[24-11-01 12:20:28] 465     -189.21 [    50000.0  227811.6   37469.7   34298.3 ]
[24-11-01 12:20:28] 467     -188.69 [    50000.0  223924.1   36927.1   33730.1 ]
[24-11-01 12:20:29] 469     -188.69 [    50000.0  223811.4   36911.4   33713.6 ]
[24-11-01 12:20:29] 470     -188.69 [    50000.0  223755.4   36903.5   33705.4 ]
[24-11-01 12:20:29] 471     -188.69 [    50000.0  223707.2   36896.8   33698.4 ]
[24-11-01 12:20:29] 473     -188.69 [    50000.0  223725.6   36899.4   33701.1 ]
[24-11-01 12:20:29] 474     -188.69 [    50000.0  223695.8   36895.2   33696.7 ]
[24-11-01 12:20:30] 475     -188.69 [    50000.0  223688.7   36894.3   33695.7 ]
[24-11-01 12:20:30] 477     -188.69 [    50000.0  223691.4   36894.6   33696.1 ]
[24-11-01 12:20:30] 479     -188.69 [    50000.0  223688.7   36894.3   33695.7 ]
[24-11-01 12:20:30] 481     -188.69 [    49998.4  223688.7   36894.3   33695.7 ]
[24-11-01 12:20:30] 482     -188.69 [    49999.4  223688.7   36894.3   33695.7 ]
[24-11-01 12:20:30] 484     -188.69 [    49999.7  223688.7   36894.3   33695.7 ]
[24-11-01 12:20:31] 486     -188.69 [    49999.9  223688.7   36894.3   33695.7 ]
[24-11-01 12:20:31] 488     -188.69 [    50000.0  223688.7   36894.3   33695.7 ]
[24-11-01 12:20:31] 490     -188.69 [    50000.0  223688.7   36894.3   33695.7 ]
[24-11-01 12:20:31] 492     -188.69 [    50000.0  223688.7   36894.3   33695.7 ]
[24-11-01 12:20:31] 494     -188.69 [    50000.0  223688.7   36894.3   33695.7 ]
[24-11-01 12:20:32] 496     -188.69 [    50000.0  223688.7   36894.3   33695.7 ]
[24-11-01 12:20:32] 498     -188.69 [    50000.0  223688.7   36894.3   33695.7 ]
[24-11-01 12:20:32] 500     -188.69 [    50000.0  223688.7   36894.3   33695.7 ]
[24-11-01 12:20:32] 502     -188.69 [    50000.0  223688.7   36894.3   33695.7 ]
[24-11-01 12:20:32] 504     -188.69 [    50000.0  223688.7   36894.3   33695.7 ]
[24-11-01 12:20:32] 506     -188.69 [    50000.0  223688.7   36894.3   33695.7 ]
[24-11-01 12:20:33] 508     -188.69 [    50000.0  223688.7   36894.3   33695.7 ]
[24-11-01 12:20:33] 510     -188.69 [    50000.0  223688.7   36894.3   33695.7 ]
[24-11-01 12:20:33] 512     -188.69 [    50000.0  223688.7   36894.3   33695.7 ]
[24-11-01 12:20:33] 514     -188.69 [    50000.0  223688.7   36894.3   33695.7 ]
[24-11-01 12:20:33] 516     -188.69 [    50000.0  223688.7   36894.3   33695.7 ]
[24-11-01 12:20:34] 518     -188.69 [    50000.0  223688.7   36894.3   33695.7 ]
[24-11-01 12:20:34] 520     -188.69 [    50000.0  223688.7   36894.3   33695.7 ]
[24-11-01 12:20:34] 522     -188.69 [    50000.0  223688.7   36894.3   33695.7 ]
[24-11-01 12:20:34] 524     -188.69 [    50000.0  223688.7   36894.3   33695.7 ]
[24-11-01 12:20:34] 526     -188.69 [    50000.0  223688.7   36894.3   33695.7 ]
[24-11-01 12:20:34] 527     -188.69 [    50000.0  223688.7   36894.3   33695.7 ]
[24-11-01 12:20:35] 528     -188.69 [    50000.0  223688.7   36894.3   33695.7 ]
[24-11-01 12:20:35] 529     -188.69 [    50000.0  223688.7   36894.3   33695.7 ]
[24-11-01 12:20:35] 530     -188.69 [    50000.0  223688.7   36894.3   33695.7 ]
[24-11-01 12:20:35] 531     -188.69 [    50000.0  223688.7   36894.3   33695.7 ]
[24-11-01 12:20:35] 532     -188.69 [    50000.0  223688.7   36894.3   33695.7 ]
[24-11-01 12:20:36] 533     -188.69 [    50000.0  223688.7   36894.3   33695.7 ]
[24-11-01 12:20:36] 534     -188.69 [    50000.0  223689.7   36894.3   33695.7 ]
[24-11-01 12:20:36] 535     -188.69 [    50000.0  223691.4   36894.3   33695.7 ]
[24-11-01 12:20:36] 536     -188.68 [    50000.0  223827.6   36894.3   33695.7 ]
[24-11-01 12:20:36] 537     -188.69 [    50000.0  224048.1   36894.3   33695.7 ]
[24-11-01 12:20:36] 538     -188.68 [    50000.0  223911.8   36894.3   33695.7 ]
[24-11-01 12:20:37] 539     -188.68 [    50000.0  223775.6   36894.3   33695.7 ]
[24-11-01 12:20:37] 540     -188.68 [    50000.0  223829.0   36894.3   33695.7 ]
[24-11-01 12:20:37] 541     -188.68 [    50000.0  223826.2   36894.3   33695.7 ]
[24-11-01 12:20:37] 542     -188.68 [    50000.0  223827.6   36894.3   33695.7 ]
[24-11-01 12:20:37] 543     -188.68 [    50000.0  223827.6   36895.3   33695.7 ]
[24-11-01 12:20:37] 544     -188.68 [    50000.0  223827.6   36896.9   33695.7 ]
[24-11-01 12:20:38] 545     -188.68 [    50000.0  223827.6   36897.7   33695.7 ]
[24-11-01 12:20:38] 546     -188.68 [    50000.0  223827.6   36898.9   33695.7 ]
[24-11-01 12:20:38] 547     -188.68 [    50000.0  223827.6   36898.2   33695.7 ]
[24-11-01 12:20:38] 548     -188.68 [    50000.0  223827.6   36897.4   33695.7 ]
[24-11-01 12:20:38] 549     -188.68 [    50000.0  223827.6   36897.7   33695.7 ]
[24-11-01 12:20:39] 550     -188.68 [    50000.0  223827.6   36897.6   33695.7 ]
[24-11-01 12:20:39] 551     -188.68 [    50000.0  223827.6   36897.7   33695.7 ]
[24-11-01 12:20:39] 557     -191.54 [    50000.0  234005.3   38318.3   35183.3 ]
[24-11-01 12:20:39] 558     -189.17 [    50000.0  227715.1   37440.3   34263.9 ]
[24-11-01 12:20:39] 559     -188.67 [    50000.0  223208.1   36811.2   33605.1 ]
[24-11-01 12:20:39] 560     -188.67 [    50000.0  223200.5   36810.1   33604.0 ]
[24-11-01 12:20:40] 561     -188.67 [    50000.0  223194.2   36809.2   33603.1 ]
Optimization terminated successfully.
         Current function value: 188.673598
         Iterations: 8
         Function evaluations: 561
[24-11-01 12:20:40] 561      fit p: [    50000.0  223200.5   36810.1   33604.0 ]
method: Powell
objective_func: objective_H2
fopt: -188.6735979454008
max_iter: 100
num_iter: 8
func_calls: 561
flag: 0
u_fitted: False
u: 1.111e-08
