[24-10-31 15:23:59] fitting objective_H2 to data for demes ['French', 'KhomaniSan', 'Yoruba']
[24-10-31 15:23:59] 0        pnames [         NK       NFY       TFY        NF        NY ]
[24-10-31 15:23:59] 0            p0 [    22300.4   27090.2   61624.8    5079.6   22184.6 ]
[24-10-31 15:23:59] 1     -48721.02 [    22300.4   27090.2   61624.8    5079.6   22184.6 ]
[24-10-31 15:23:59] 2     -48721.02 [    22300.4   27090.2   61624.8    5079.6   22184.6 ]
[24-10-31 15:24:00] 3      -48721.0 [    22301.4   27090.2   61624.8    5079.6   22184.6 ]
[24-10-31 15:24:00] 4     -48720.97 [    22303.1   27090.2   61624.8    5079.6   22184.6 ]
[24-10-31 15:24:01] 5     -48717.39 [    22479.4   27090.2   61624.8    5079.6   22184.6 ]
[24-10-31 15:24:01] 6     -48623.02 [    29652.6   27090.2   61624.8    5079.6   22184.6 ]
[24-10-31 15:24:02] 7     -48565.46 [    41259.1   27090.2   61624.8    5079.6   22184.6 ]
[24-10-31 15:24:02] 8     -48565.81 [    41135.8   27090.2   61624.8    5079.6   22184.6 ]
[24-10-31 15:24:02] 10     -48550.4 [    48432.3   27090.2   61624.8    5079.6   22184.6 ]
[24-10-31 15:24:03] 12    -48556.86 [    44845.7   27090.2   61624.8    5079.6   22184.6 ]
[24-10-31 15:24:03] 14    -48552.66 [    47062.4   27090.2   61624.8    5079.6   22184.6 ]
[24-10-31 15:24:04] 15    -48549.42 [    49079.1   27090.2   61624.8    5079.6   22184.6 ]
[24-10-31 15:24:04] 16    -48548.83 [    49478.9   27090.2   61624.8    5079.6   22184.6 ]
[24-10-31 15:24:04] 17    -48548.44 [    49750.7   27090.2   61624.8    5079.6   22184.6 ]
[24-10-31 15:24:05] 18    -48548.44 [    49750.7   27090.2   61624.8    5079.6   22184.6 ]
[24-10-31 15:24:05] 19    -48548.51 [    49750.7   27091.2   61624.8    5079.6   22184.6 ]
[24-10-31 15:24:06] 20    -48548.33 [    49750.7   27088.6   61624.8    5079.6   22184.6 ]
[24-10-31 15:24:06] 21    -48548.15 [    49750.7   27086.0   61624.8    5079.6   22184.6 ]
[24-10-31 15:24:07] 22    -48547.86 [    49750.7   27081.7   61624.8    5079.6   22184.6 ]
[24-10-31 15:24:07] 23    -48547.39 [    49750.7   27074.9   61624.8    5079.6   22184.6 ]
[24-10-31 15:24:07] 24    -48546.63 [    49750.7   27063.8   61624.8    5079.6   22184.6 ]
[24-10-31 15:24:08] 25     -48545.4 [    49750.7   27045.8   61624.8    5079.6   22184.6 ]
[24-10-31 15:24:08] 26     -48543.4 [    49750.7   27016.8   61624.8    5079.6   22184.6 ]
[24-10-31 15:24:09] 27    -48540.16 [    49750.7   26969.8   61624.8    5079.6   22184.6 ]
[24-10-31 15:24:09] 28    -48534.89 [    49750.7   26893.8   61624.8    5079.6   22184.6 ]
[24-10-31 15:24:09] 29    -48526.32 [    49750.7   26770.8   61624.8    5079.6   22184.6 ]
[24-10-31 15:24:10] 30     -48512.3 [    49750.7   26571.8   61624.8    5079.6   22184.6 ]
[24-10-31 15:24:10] 31    -48489.23 [    49750.7   26249.8   61624.8    5079.6   22184.6 ]
[24-10-31 15:24:11] 32    -48450.86 [    49750.7   25728.8   61624.8    5079.6   22184.6 ]
[24-10-31 15:24:11] 33    -48385.86 [    49750.7   24885.8   61624.8    5079.6   22184.6 ]
[24-10-31 15:24:12] 34    -48272.37 [    49750.7   23521.8   61624.8    5079.6   22184.6 ]
[24-10-31 15:24:12] 35    -48063.27 [    49750.7   21314.8   61624.8    5079.6   22184.6 ]
[24-10-31 15:24:12] 36    -47637.81 [    49750.7   17743.8   61624.8    5079.6   22184.6 ]
[24-10-31 15:24:13] 37     -46579.7 [    49750.7   11965.8   61624.8    5079.6   22184.6 ]
[24-10-31 15:24:13] 38    -46555.64 [    49750.7    2616.8   61624.8    5079.6   22184.6 ]
[24-10-31 15:24:14] 39    -45119.94 [    49750.7    7183.5   61624.8    5079.6   22184.6 ]
[24-10-31 15:24:14] 40    -45749.33 [    49750.7    9010.2   61624.8    5079.6   22184.6 ]
[24-10-31 15:24:14] 41     -44542.1 [    49750.7    5439.2   61624.8    5079.6   22184.6 ]
[24-10-31 15:24:15] 42    -44413.64 [    49750.7    4361.1   61624.8    5079.6   22184.6 ]
[24-10-31 15:24:15] 43    -44457.52 [    49750.7    4107.4   61624.8    5079.6   22184.6 ]
[24-10-31 15:24:16] 44    -44407.32 [    49750.7    4628.5   61624.8    5079.6   22184.6 ]
[24-10-31 15:24:16] 45    -44425.78 [    49750.7    4853.1   61624.8    5079.6   22184.6 ]
[24-10-31 15:24:16] 46    -44407.32 [    49750.7    4628.5   61624.8    5079.6   22184.6 ]
[24-10-31 15:24:17] 47    -44407.36 [    49750.7    4628.5   61625.8    5079.6   22184.6 ]
[24-10-31 15:24:17] 48    -44407.27 [    49750.7    4628.5   61623.2    5079.6   22184.6 ]
[24-10-31 15:24:17] 49     -44401.4 [    49750.7    4628.5   61446.8    5079.6   22184.6 ]
[24-10-31 15:24:17] 50    -44299.87 [    49750.7    4628.5   55447.2    5079.6   22184.6 ]
[24-10-31 15:24:18] 51     -44506.7 [    49750.7    4628.5   45739.5    5079.6   22184.6 ]
[24-10-31 15:24:18] 52    -44327.53 [    49750.7    4628.5   51739.2    5079.6   22184.6 ]
[24-10-31 15:24:18] 53    -44316.63 [    49750.7    4628.5   57738.8    5079.6   22184.6 ]
[24-10-31 15:24:18] 54    -44299.63 [    49750.7    4628.5   55107.9    5079.6   22184.6 ]
[24-10-31 15:24:19] 55    -44299.63 [    49750.7    4628.5   55173.1    5079.6   22184.6 ]
[24-10-31 15:24:19] 56    -44299.65 [    49750.7    4628.5   55042.7    5079.6   22184.6 ]
[24-10-31 15:24:19] 57    -44299.63 [    49750.7    4628.5   55107.9    5079.6   22184.6 ]
[24-10-31 15:24:19] 58    -44299.59 [    49750.7    4628.5   55107.9    5080.6   22184.6 ]
[24-10-31 15:24:20] 59    -44299.54 [    49750.7    4628.5   55107.9    5082.2   22184.6 ]
[24-10-31 15:24:20] 60    -44294.92 [    49750.7    4628.5   55107.9    5258.5   22184.6 ]
[24-10-31 15:24:20] 61    -44293.15 [    49750.7    4628.5   55107.9    5428.9   22184.6 ]
[24-10-31 15:24:20] 62    -44294.86 [    49750.7    4628.5   55107.9    5704.5   22184.6 ]
[24-10-31 15:24:21] 63    -44293.19 [    49750.7    4628.5   55107.9    5534.1   22184.6 ]
[24-10-31 15:24:21] 64    -44293.54 [    49750.7    4628.5   55107.9    5363.8   22184.6 ]
[24-10-31 15:24:21] 65    -44293.07 [    49750.7    4628.5   55107.9    5476.2   22184.6 ]
[24-10-31 15:24:22] 66    -44293.07 [    49750.7    4628.5   55107.9    5472.3   22184.6 ]
[24-10-31 15:24:22] 67    -44293.07 [    49750.7    4628.5   55107.9    5480.2   22184.6 ]
[24-10-31 15:24:22] 68    -44293.07 [    49750.7    4628.5   55107.9    5476.2   22184.6 ]
[24-10-31 15:24:22] 69     -44293.0 [    49750.7    4628.5   55107.9    5476.2   22185.6 ]
[24-10-31 15:24:23] 70    -44292.88 [    49750.7    4628.5   55107.9    5476.2   22187.2 ]
[24-10-31 15:24:23] 71    -44280.48 [    49750.7    4628.5   55107.9    5476.2   22363.6 ]
[24-10-31 15:24:23] 72    -43816.02 [    49750.7    4628.5   55107.9    5476.2   32318.0 ]
[24-10-31 15:24:23] 73    -43490.54 [    49750.7    4628.5   55107.9    5476.2   48424.6 ]
[24-10-31 15:24:24] 75     -43583.6 [    49750.7    4628.5   55107.9    5476.2   42272.4 ]
[24-10-31 15:24:24] 76    -43522.97 [    49750.7    4628.5   55107.9    5476.2   46074.7 ]
[24-10-31 15:24:24] 77    -43502.53 [    49750.7    4628.5   55107.9    5476.2   47527.0 ]
[24-10-31 15:24:24] 78    -43481.19 [    49750.7    4628.5   55107.9    5476.2   49151.0 ]
[24-10-31 15:24:25] 79    -43475.55 [    49750.7    4628.5   55107.9    5476.2   49599.9 ]
[24-10-31 15:24:25] 80    -43472.12 [    49750.7    4628.5   55107.9    5476.2   49877.4 ]
[24-10-31 15:24:25] 82    -43472.12 [    49750.7    4628.5   55107.9    5476.2   49877.4 ]
[24-10-31 15:24:25] 83    -43472.13 [    49751.7    4628.5   55107.9    5476.2   49877.4 ]
[24-10-31 15:24:26] 84    -43472.11 [    49749.0    4628.5   55107.9    5476.2   49877.4 ]
[24-10-31 15:24:26] 85    -43472.09 [    49746.4    4628.5   55107.9    5476.2   49877.4 ]
[24-10-31 15:24:26] 86    -43472.06 [    49742.2    4628.5   55107.9    5476.2   49877.4 ]
[24-10-31 15:24:26] 87    -43472.02 [    49735.3    4628.5   55107.9    5476.2   49877.4 ]
[24-10-31 15:24:27] 88    -43471.94 [    49724.2    4628.5   55107.9    5476.2   49877.4 ]
[24-10-31 15:24:27] 89    -43471.82 [    49706.3    4628.5   55107.9    5476.2   49877.4 ]
[24-10-31 15:24:27] 90    -43471.62 [    49677.3    4628.5   55107.9    5476.2   49877.4 ]
[24-10-31 15:24:27] 91     -43471.3 [    49630.3    4628.5   55107.9    5476.2   49877.4 ]
[24-10-31 15:24:28] 92    -43470.78 [    49554.3    4628.5   55107.9    5476.2   49877.4 ]
[24-10-31 15:24:28] 93    -43469.94 [    49431.3    4628.5   55107.9    5476.2   49877.4 ]
[24-10-31 15:24:28] 94    -43468.57 [    49232.3    4628.5   55107.9    5476.2   49877.4 ]
[24-10-31 15:24:28] 95    -43466.34 [    48910.3    4628.5   55107.9    5476.2   49877.4 ]
[24-10-31 15:24:29] 96    -43462.67 [    48389.3    4628.5   55107.9    5476.2   49877.4 ]
[24-10-31 15:24:29] 97    -43456.62 [    47546.3    4628.5   55107.9    5476.2   49877.4 ]
[24-10-31 15:24:29] 98    -43446.46 [    46182.3    4628.5   55107.9    5476.2   49877.4 ]
[24-10-31 15:24:29] 99    -43429.02 [    43975.3    4628.5   55107.9    5476.2   49877.4 ]
[24-10-31 15:24:30] 100   -43397.87 [    40404.3    4628.5   55107.9    5476.2   49877.4 ]
[24-10-31 15:24:30] 101   -43338.29 [    34626.3    4628.5   55107.9    5476.2   49877.4 ]
[24-10-31 15:24:30] 102   -43210.64 [    25277.3    4628.5   55107.9    5476.2   49877.4 ]
[24-10-31 15:24:30] 103   -43075.01 [    10150.3    4628.5   55107.9    5476.2   49877.4 ]
[24-10-31 15:24:31] 105   -45111.05 [     4097.7    4628.5   55107.9    5476.2   49877.4 ]
[24-10-31 15:24:31] 106   -43052.45 [    15928.3    4628.5   55107.9    5476.2   49877.4 ]
[24-10-31 15:24:31] 107   -43026.76 [    13108.7    4628.5   55107.9    5476.2   49877.4 ]
[24-10-31 15:24:31] 108   -43027.85 [    13482.9    4628.5   55107.9    5476.2   49877.4 ]
[24-10-31 15:24:32] 109   -43026.76 [    12716.5    4628.5   55107.9    5476.2   49877.4 ]
[24-10-31 15:24:32] 110   -43026.76 [    13108.7    4628.5   55107.9    5476.2   49877.4 ]
[24-10-31 15:24:32] 111   -43026.85 [    13108.7    4629.5   55107.9    5476.2   49877.4 ]
[24-10-31 15:24:32] 112   -43026.61 [    13108.7    4626.9   55107.9    5476.2   49877.4 ]
[24-10-31 15:24:33] 113   -43018.98 [    13108.7    4452.0   55107.9    5476.2   49877.4 ]
[24-10-31 15:24:33] 114   -43051.19 [    13108.7    4169.1   55107.9    5476.2   49877.4 ]
[24-10-31 15:24:33] 115   -43024.08 [    13108.7    4344.0   55107.9    5476.2   49877.4 ]
[24-10-31 15:24:33] 116   -43019.73 [    13108.7    4518.8   55107.9    5476.2   49877.4 ]
[24-10-31 15:24:34] 117    -43018.9 [    13108.7    4468.6   55107.9    5476.2   49877.4 ]
[24-10-31 15:24:34] 118    -43018.9 [    13108.7    4467.0   55107.9    5476.2   49877.4 ]
[24-10-31 15:24:34] 119   -43018.91 [    13108.7    4465.4   55107.9    5476.2   49877.4 ]
[24-10-31 15:24:34] 120    -43018.9 [    13108.7    4467.0   55107.9    5476.2   49877.4 ]
[24-10-31 15:24:35] 121   -43018.91 [    13108.7    4467.0   55108.9    5476.2   49877.4 ]
[24-10-31 15:24:35] 122   -43018.89 [    13108.7    4467.0   55106.3    5476.2   49877.4 ]
[24-10-31 15:24:35] 123   -43017.04 [    13108.7    4467.0   54929.9    5476.2   49877.4 ]
[24-10-31 15:24:35] 124   -43008.18 [    13108.7    4467.0   53171.4    5476.2   49877.4 ]
[24-10-31 15:24:36] 125   -43029.55 [    13108.7    4467.0   50326.1    5476.2   49877.4 ]
[24-10-31 15:24:36] 126   -43011.22 [    13108.7    4467.0   52084.6    5476.2   49877.4 ]
[24-10-31 15:24:36] 127   -43009.54 [    13108.7    4467.0   53843.1    5476.2   49877.4 ]
[24-10-31 15:24:36] 128   -43008.18 [    13108.7    4467.0   53138.7    5476.2   49877.4 ]
[24-10-31 15:24:37] 129   -43008.18 [    13108.7    4467.0   53119.0    5476.2   49877.4 ]
[24-10-31 15:24:37] 130   -43008.18 [    13108.7    4467.0   53138.7    5476.2   49877.4 ]
[24-10-31 15:24:37] 131   -43008.14 [    13108.7    4467.0   53138.7    5477.2   49877.4 ]
[24-10-31 15:24:37] 132   -43008.07 [    13108.7    4467.0   53138.7    5478.8   49877.4 ]
[24-10-31 15:24:38] 133   -43001.92 [    13108.7    4467.0   53138.7    5655.2   49877.4 ]
[24-10-31 15:24:38] 134   -42995.58 [    13108.7    4467.0   53138.7    6027.0   49877.4 ]
[24-10-31 15:24:38] 135    -42999.1 [    13108.7    4467.0   53138.7    6628.6   49877.4 ]
[24-10-31 15:24:38] 136   -42995.25 [    13108.7    4467.0   53138.7    6256.8   49877.4 ]
[24-10-31 15:24:39] 137   -42996.15 [    13108.7    4467.0   53138.7    6398.8   49877.4 ]
[24-10-31 15:24:39] 138    -42995.1 [    13108.7    4467.0   53138.7    6176.5   49877.4 ]
[24-10-31 15:24:39] 139    -42995.1 [    13108.7    4467.0   53138.7    6169.5   49877.4 ]
[24-10-31 15:24:39] 140    -42995.1 [    13108.7    4467.0   53138.7    6162.6   49877.4 ]
[24-10-31 15:24:39] 141    -42995.1 [    13108.7    4467.0   53138.7    6169.5   49877.4 ]
[24-10-31 15:24:40] 142   -42995.09 [    13108.7    4467.0   53138.7    6169.5   49878.4 ]
[24-10-31 15:24:40] 143   -42995.07 [    13108.7    4467.0   53138.7    6169.5   49880.0 ]
[24-10-31 15:24:40] 145   -42994.45 [    13108.7    4467.0   53138.7    6169.5   49947.4 ]
[24-10-31 15:24:41] 146   -42994.06 [    13108.7    4467.0   53138.7    6169.5   49989.0 ]
[24-10-31 15:24:41] 148   -42994.21 [    13108.7    4467.0   53138.7    6169.5   49973.1 ]
[24-10-31 15:24:42] 149   -42993.97 [    13108.7    4467.0   53138.7    6169.5   49998.8 ]
[24-10-31 15:24:42] 151    -42994.0 [    13108.7    4467.0   53138.7    6169.5   49995.1 ]
[24-10-31 15:24:42] 153   -42993.98 [    13108.7    4467.0   53138.7    6169.5   49997.4 ]
[24-10-31 15:24:43] 155   -42993.97 [    13108.7    4467.0   53138.7    6169.5   49998.8 ]
[24-10-31 15:24:43] 156   -42993.98 [    13109.7    4467.0   53138.7    6169.5   49998.8 ]
[24-10-31 15:24:44] 157   -42993.95 [    13107.1    4467.0   53138.7    6169.5   49998.8 ]
[24-10-31 15:24:44] 158   -42991.89 [    12930.8    4467.0   53138.7    6169.5   49998.8 ]
[24-10-31 15:24:45] 159   -42986.13 [    11189.0    4467.0   53138.7    6169.5   49998.8 ]
[24-10-31 15:24:45] 160   -43101.28 [     8370.8    4467.0   53138.7    6169.5   49998.8 ]
[24-10-31 15:24:45] 161   -43003.72 [    10112.5    4467.0   53138.7    6169.5   49998.8 ]
[24-10-31 15:24:46] 162   -42984.58 [    11854.3    4467.0   53138.7    6169.5   49998.8 ]
[24-10-31 15:24:46] 163   -42984.45 [    11667.2    4467.0   53138.7    6169.5   49998.8 ]
[24-10-31 15:24:47] 164   -42984.45 [    11708.0    4467.0   53138.7    6169.5   49998.8 ]
[24-10-31 15:24:47] 165   -42984.45 [    11694.0    4467.0   53138.7    6169.5   49998.8 ]
[24-10-31 15:24:48] 166   -42984.45 [    11722.0    4467.0   53138.7    6169.5   49998.8 ]
[24-10-31 15:24:48] 167   -42984.45 [    11708.0    4467.0   53138.7    6169.5   49998.8 ]
[24-10-31 15:24:48] 168   -42984.43 [    11708.0    4468.0   53138.7    6169.5   49998.8 ]
[24-10-31 15:24:49] 169   -42984.39 [    11708.0    4469.6   53138.7    6169.5   49998.8 ]
[24-10-31 15:24:49] 170   -42984.12 [    11708.0    4497.4   53138.7    6169.5   49998.8 ]
[24-10-31 15:24:50] 171   -42984.78 [    11708.0    4542.2   53138.7    6169.5   49998.8 ]
[24-10-31 15:24:50] 172   -42984.21 [    11708.0    4514.5   53138.7    6169.5   49998.8 ]
[24-10-31 15:24:50] 173   -42984.16 [    11708.0    4486.8   53138.7    6169.5   49998.8 ]
[24-10-31 15:24:51] 174   -42984.12 [    11708.0    4497.9   53138.7    6169.5   49998.8 ]
[24-10-31 15:24:51] 175   -42984.12 [    11708.0    4498.2   53138.7    6169.5   49998.8 ]
[24-10-31 15:24:52] 176   -42984.12 [    11708.0    4497.9   53138.7    6169.5   49998.8 ]
[24-10-31 15:24:52] 177   -42984.13 [    11708.0    4497.9   53139.7    6169.5   49998.8 ]
[24-10-31 15:24:53] 178   -42984.11 [    11708.0    4497.9   53137.1    6169.5   49998.8 ]
[24-10-31 15:24:53] 179   -42983.04 [    11708.0    4497.9   52960.7    6169.5   49998.8 ]
[24-10-31 15:24:54] 180   -42980.15 [    11708.0    4497.9   51937.9    6169.5   49998.8 ]
[24-10-31 15:24:54] 181   -42987.34 [    11708.0    4497.9   50283.1    6169.5   49998.8 ]
[24-10-31 15:24:54] 182   -42981.18 [    11708.0    4497.9   51305.8    6169.5   49998.8 ]
[24-10-31 15:24:55] 183   -42980.58 [    11708.0    4497.9   52328.6    6169.5   49998.8 ]
[24-10-31 15:24:55] 184   -42980.15 [    11708.0    4497.9   51925.9    6169.5   49998.8 ]
[24-10-31 15:24:56] 185   -42980.15 [    11708.0    4497.9   51913.8    6169.5   49998.8 ]
[24-10-31 15:24:56] 186   -42980.15 [    11708.0    4497.9   51925.9    6169.5   49998.8 ]
[24-10-31 15:24:57] 187   -42980.15 [    11708.0    4497.9   51925.9    6170.5   49998.8 ]
[24-10-31 15:24:57] 188   -42980.14 [    11708.0    4497.9   51925.9    6172.1   49998.8 ]
[24-10-31 15:24:58] 189   -42980.14 [    11708.0    4497.9   51925.9    6182.1   49998.8 ]
[24-10-31 15:24:58] 190   -42980.15 [    11708.0    4497.9   51925.9    6198.3   49998.8 ]
[24-10-31 15:24:59] 191   -42980.14 [    11708.0    4497.9   51925.9    6188.3   49998.8 ]
[24-10-31 15:24:59] 192   -42980.14 [    11708.0    4497.9   51925.9    6178.3   49998.8 ]
[24-10-31 15:24:59] 193   -42980.14 [    11708.0    4497.9   51925.9    6182.2   49998.8 ]
[24-10-31 15:25:00] 194   -42980.14 [    11708.0    4497.9   51925.9    6182.0   49998.8 ]
[24-10-31 15:25:00] 195   -42980.14 [    11708.0    4497.9   51925.9    6182.1   49998.8 ]
[24-10-31 15:25:01] 196   -42980.13 [    11708.0    4497.9   51925.9    6182.1   49999.8 ]
[24-10-31 15:25:01] 199   -42980.14 [    11708.0    4497.9   51925.9    6182.1   49999.4 ]
[24-10-31 15:25:02] 200   -42980.14 [    11708.0    4497.9   51925.9    6182.1   49999.6 ]
[24-10-31 15:25:02] 202   -42980.13 [    11708.0    4497.9   51925.9    6182.1   49999.9 ]
[24-10-31 15:25:03] 203   -42980.13 [    11708.0    4497.9   51925.9    6182.1   50000.0 ]
[24-10-31 15:25:03] 205   -42980.13 [    11708.0    4497.9   51925.9    6182.1   49999.9 ]
[24-10-31 15:25:04] 206   -42980.13 [    11708.0    4497.9   51925.9    6182.1   50000.0 ]
[24-10-31 15:25:04] 208   -42980.13 [    11708.0    4497.9   51925.9    6182.1   50000.0 ]
[24-10-31 15:25:05] 209   -42980.14 [    11709.0    4497.9   51925.9    6182.1   50000.0 ]
[24-10-31 15:25:05] 210   -42980.13 [    11706.4    4497.9   51925.9    6182.1   50000.0 ]
[24-10-31 15:25:06] 211   -42979.78 [    11530.0    4497.9   51925.9    6182.1   50000.0 ]
[24-10-31 15:25:06] 212   -42979.75 [    11448.9    4497.9   51925.9    6182.1   50000.0 ]
[24-10-31 15:25:06] 213   -42979.87 [    11317.6    4497.9   51925.9    6182.1   50000.0 ]
[24-10-31 15:25:07] 214   -42979.77 [    11398.7    4497.9   51925.9    6182.1   50000.0 ]
[24-10-31 15:25:07] 215   -42979.75 [    11479.9    4497.9   51925.9    6182.1   50000.0 ]
[24-10-31 15:25:08] 216   -42979.75 [    11456.8    4497.9   51925.9    6182.1   50000.0 ]
[24-10-31 15:25:08] 217   -42979.75 [    11454.3    4497.9   51925.9    6182.1   50000.0 ]
[24-10-31 15:25:09] 218   -42979.75 [    11459.3    4497.9   51925.9    6182.1   50000.0 ]
[24-10-31 15:25:09] 219   -42979.75 [    11456.8    4497.9   51925.9    6182.1   50000.0 ]
[24-10-31 15:25:10] 220   -42979.69 [    11456.8    4498.9   51925.9    6182.1   50000.0 ]
[24-10-31 15:25:10] 221   -42979.59 [    11456.8    4500.5   51925.9    6182.1   50000.0 ]
[24-10-31 15:25:11] 222    -42977.1 [    11456.8    4582.0   51925.9    6182.1   50000.0 ]
[24-10-31 15:25:11] 223   -42982.25 [    11456.8    4713.9   51925.9    6182.1   50000.0 ]
[24-10-31 15:25:12] 224   -42977.79 [    11456.8    4632.4   51925.9    6182.1   50000.0 ]
[24-10-31 15:25:12] 225   -42977.51 [    11456.8    4550.9   51925.9    6182.1   50000.0 ]
[24-10-31 15:25:12] 226    -42977.1 [    11456.8    4586.3   51925.9    6182.1   50000.0 ]
[24-10-31 15:25:13] 227    -42977.1 [    11456.8    4585.4   51925.9    6182.1   50000.0 ]
[24-10-31 15:25:13] 228    -42977.1 [    11456.8    4587.2   51925.9    6182.1   50000.0 ]
[24-10-31 15:25:14] 229    -42977.1 [    11456.8    4586.3   51925.9    6182.1   50000.0 ]
[24-10-31 15:25:14] 230    -42977.1 [    11456.8    4586.3   51926.9    6182.1   50000.0 ]
[24-10-31 15:25:15] 231   -42977.09 [    11456.8    4586.3   51924.3    6182.1   50000.0 ]
[24-10-31 15:25:15] 232   -42976.11 [    11456.8    4586.3   51748.0    6182.1   50000.0 ]
[24-10-31 15:25:16] 233   -42973.65 [    11456.8    4586.3   50783.2    6182.1   50000.0 ]
[24-10-31 15:25:16] 234    -42979.8 [    11456.8    4586.3   49222.2    6182.1   50000.0 ]
[24-10-31 15:25:17] 235   -42974.53 [    11456.8    4586.3   50187.0    6182.1   50000.0 ]
[24-10-31 15:25:17] 236   -42974.02 [    11456.8    4586.3   51151.7    6182.1   50000.0 ]
[24-10-31 15:25:17] 237   -42973.65 [    11456.8    4586.3   50771.8    6182.1   50000.0 ]
[24-10-31 15:25:18] 238   -42973.65 [    11456.8    4586.3   50760.2    6182.1   50000.0 ]
[24-10-31 15:25:18] 239   -42973.65 [    11456.8    4586.3   50771.8    6182.1   50000.0 ]
[24-10-31 15:25:19] 240   -42973.65 [    11456.8    4586.3   50771.8    6183.1   50000.0 ]
[24-10-31 15:25:19] 241   -42973.64 [    11456.8    4586.3   50771.8    6180.5   50000.0 ]
[24-10-31 15:25:20] 242   -42973.46 [    11456.8    4586.3   50771.8    6082.8   50000.0 ]
[24-10-31 15:25:20] 243   -42974.04 [    11456.8    4586.3   50771.8    5924.8   50000.0 ]
[24-10-31 15:25:21] 244   -42973.55 [    11456.8    4586.3   50771.8    6022.5   50000.0 ]
[24-10-31 15:25:21] 245   -42973.49 [    11456.8    4586.3   50771.8    6120.1   50000.0 ]
[24-10-31 15:25:22] 246   -42973.46 [    11456.8    4586.3   50771.8    6087.2   50000.0 ]
[24-10-31 15:25:22] 247   -42973.46 [    11456.8    4586.3   50771.8    6086.2   50000.0 ]
[24-10-31 15:25:22] 248   -42973.46 [    11456.8    4586.3   50771.8    6088.1   50000.0 ]
[24-10-31 15:25:23] 249   -42973.46 [    11456.8    4586.3   50771.8    6087.2   50000.0 ]
[24-10-31 15:25:23] 251   -42973.48 [    11456.8    4586.3   50771.8    6087.2   49998.4 ]
[24-10-31 15:25:24] 252   -42973.47 [    11456.8    4586.3   50771.8    6087.2   49999.4 ]
[24-10-31 15:25:24] 254   -42973.47 [    11456.8    4586.3   50771.8    6087.2   49999.7 ]
[24-10-31 15:25:25] 256   -42973.46 [    11456.8    4586.3   50771.8    6087.2   49999.9 ]
[24-10-31 15:25:25] 258   -42973.46 [    11456.8    4586.3   50771.8    6087.2   49999.9 ]
[24-10-31 15:25:26] 260   -42973.46 [    11456.8    4586.3   50771.8    6087.2   50000.0 ]
[24-10-31 15:25:26] 261   -42973.46 [    11456.8    4586.3   50771.8    6087.2   50000.0 ]
[24-10-31 15:25:27] 262   -42973.46 [    11456.8    4586.3   50771.8    6087.2   50000.0 ]
[24-10-31 15:25:27] 263   -42973.46 [    11456.8    4586.3   50771.8    6087.2   50000.0 ]
[24-10-31 15:25:28] 264   -42973.46 [    11456.8    4586.3   50771.8    6087.2   50000.0 ]
[24-10-31 15:25:28] 265   -42973.46 [    11456.8    4586.3   50771.8    6087.2   50000.0 ]
[24-10-31 15:25:29] 267   -42973.46 [    11456.8    4586.3   50771.8    6087.2   50000.0 ]
[24-10-31 15:25:29] 269   -42973.46 [    11456.8    4586.3   50771.8    6087.2   50000.0 ]
[24-10-31 15:25:29] 271   -42973.46 [    11456.8    4586.3   50771.8    6087.2   50000.0 ]
[24-10-31 15:25:30] 272   -42973.46 [    11457.8    4586.3   50771.8    6087.2   50000.0 ]
[24-10-31 15:25:30] 273   -42973.46 [    11455.2    4586.3   50771.8    6087.2   50000.0 ]
[24-10-31 15:25:31] 274   -42973.46 [    11420.4    4586.3   50771.8    6087.2   50000.0 ]
[24-10-31 15:25:31] 275   -42973.48 [    11364.0    4586.3   50771.8    6087.2   50000.0 ]
[24-10-31 15:25:32] 276   -42973.46 [    11398.9    4586.3   50771.8    6087.2   50000.0 ]
[24-10-31 15:25:32] 277   -42973.46 [    11433.7    4586.3   50771.8    6087.2   50000.0 ]
[24-10-31 15:25:33] 278   -42973.46 [    11420.8    4586.3   50771.8    6087.2   50000.0 ]
[24-10-31 15:25:33] 279   -42973.46 [    11421.1    4586.3   50771.8    6087.2   50000.0 ]
[24-10-31 15:25:34] 280   -42973.46 [    11420.8    4586.3   50771.8    6087.2   50000.0 ]
[24-10-31 15:25:34] 281   -42973.39 [    11420.8    4587.3   50771.8    6087.2   50000.0 ]
[24-10-31 15:25:34] 282   -42973.28 [    11420.8    4588.9   50771.8    6087.2   50000.0 ]
[24-10-31 15:25:35] 283    -42969.9 [    11420.8    4685.0   50771.8    6087.2   50000.0 ]
[24-10-31 15:25:35] 284   -42976.64 [    11420.8    4840.5   50771.8    6087.2   50000.0 ]
[24-10-31 15:25:36] 285   -42970.79 [    11420.8    4744.4   50771.8    6087.2   50000.0 ]
[24-10-31 15:25:36] 286   -42970.46 [    11420.8    4648.3   50771.8    6087.2   50000.0 ]
[24-10-31 15:25:37] 287   -42969.89 [    11420.8    4691.0   50771.8    6087.2   50000.0 ]
[24-10-31 15:25:37] 288   -42969.89 [    11420.8    4689.9   50771.8    6087.2   50000.0 ]
[24-10-31 15:25:38] 289   -42969.89 [    11420.8    4692.0   50771.8    6087.2   50000.0 ]
[24-10-31 15:25:38] 290   -42969.89 [    11420.8    4691.0   50771.8    6087.2   50000.0 ]
[24-10-31 15:25:39] 291   -42969.89 [    11420.8    4691.0   50772.8    6087.2   50000.0 ]
[24-10-31 15:25:39] 292   -42969.88 [    11420.8    4691.0   50770.2    6087.2   50000.0 ]
[24-10-31 15:25:39] 293   -42968.93 [    11420.8    4691.0   50593.8    6087.2   50000.0 ]
[24-10-31 15:25:40] 294   -42966.49 [    11420.8    4691.0   49611.8    6087.2   50000.0 ]
[24-10-31 15:25:40] 295   -42972.59 [    11420.8    4691.0   48022.8    6087.2   50000.0 ]
[24-10-31 15:25:41] 296   -42967.37 [    11420.8    4691.0   49004.8    6087.2   50000.0 ]
[24-10-31 15:25:41] 297   -42966.86 [    11420.8    4691.0   49986.9    6087.2   50000.0 ]
[24-10-31 15:25:42] 298   -42966.49 [    11420.8    4691.0   49600.2    6087.2   50000.0 ]
[24-10-31 15:25:42] 299    -42966.5 [    11420.8    4691.0   49588.4    6087.2   50000.0 ]
[24-10-31 15:25:43] 300   -42966.49 [    11420.8    4691.0   49600.2    6087.2   50000.0 ]
[24-10-31 15:25:43] 301    -42966.5 [    11420.8    4691.0   49600.2    6088.2   50000.0 ]
[24-10-31 15:25:44] 302   -42966.49 [    11420.8    4691.0   49600.2    6085.6   50000.0 ]
[24-10-31 15:25:44] 303   -42966.17 [    11420.8    4691.0   49600.2    5956.5   50000.0 ]
[24-10-31 15:25:44] 304   -42967.26 [    11420.8    4691.0   49600.2    5747.5   50000.0 ]
[24-10-31 15:25:45] 305   -42966.34 [    11420.8    4691.0   49600.2    5876.7   50000.0 ]
[24-10-31 15:25:45] 306   -42966.21 [    11420.8    4691.0   49600.2    6005.8   50000.0 ]
[24-10-31 15:25:46] 307   -42966.17 [    11420.8    4691.0   49600.2    5964.0   50000.0 ]
[24-10-31 15:25:46] 308   -42966.17 [    11420.8    4691.0   49600.2    5962.8   50000.0 ]
[24-10-31 15:25:47] 309   -42966.17 [    11420.8    4691.0   49600.2    5965.3   50000.0 ]
[24-10-31 15:25:47] 310   -42966.17 [    11420.8    4691.0   49600.2    5964.0   50000.0 ]
[24-10-31 15:25:48] 312   -42966.19 [    11420.8    4691.0   49600.2    5964.0   49998.4 ]
[24-10-31 15:25:48] 313   -42966.18 [    11420.8    4691.0   49600.2    5964.0   49999.4 ]
[24-10-31 15:25:49] 315   -42966.18 [    11420.8    4691.0   49600.2    5964.0   49999.7 ]
[24-10-31 15:25:49] 317   -42966.17 [    11420.8    4691.0   49600.2    5964.0   49999.9 ]
[24-10-31 15:25:49] 319   -42966.17 [    11420.8    4691.0   49600.2    5964.0   50000.0 ]
[24-10-31 15:25:50] 321   -42966.17 [    11420.8    4691.0   49600.2    5964.0   50000.0 ]
[24-10-31 15:25:50] 323   -42966.17 [    11420.8    4691.0   49600.2    5964.0   50000.0 ]
[24-10-31 15:25:51] 325   -42966.17 [    11420.8    4691.0   49600.2    5964.0   50000.0 ]
[24-10-31 15:25:51] 327   -42966.17 [    11420.8    4691.0   49600.2    5964.0   50000.0 ]
[24-10-31 15:25:52] 329   -42966.17 [    11420.8    4691.0   49600.2    5964.0   50000.0 ]
[24-10-31 15:25:52] 331   -42966.17 [    11420.8    4691.0   49600.2    5964.0   50000.0 ]
[24-10-31 15:25:53] 332   -42966.17 [    11420.8    4691.0   49600.2    5964.0   50000.0 ]
[24-10-31 15:25:53] 334   -42966.17 [    11420.8    4691.0   49600.2    5964.0   50000.0 ]
[24-10-31 15:25:54] 336   -42966.17 [    11420.8    4691.0   49600.2    5964.0   50000.0 ]
[24-10-31 15:25:54] 337   -42966.17 [    11420.8    4691.0   49600.2    5964.0   50000.0 ]
[24-10-31 15:25:55] 338   -42966.17 [    11420.8    4691.0   49600.2    5964.0   50000.0 ]
[24-10-31 15:25:55] 340   -42966.17 [    11420.8    4691.0   49600.2    5964.0   50000.0 ]
[24-10-31 15:25:55] 343   -42966.17 [    11420.8    4691.0   49600.2    5964.0   50000.0 ]
[24-10-31 15:25:56] 344   -42966.17 [    11421.8    4691.0   49600.2    5964.0   50000.0 ]
[24-10-31 15:25:56] 345   -42966.17 [    11423.4    4691.0   49600.2    5964.0   50000.0 ]
[24-10-31 15:25:57] 346   -42966.17 [    11432.5    4691.0   49600.2    5964.0   50000.0 ]
[24-10-31 15:25:57] 347   -42966.17 [    11447.3    4691.0   49600.2    5964.0   50000.0 ]
[24-10-31 15:25:58] 348   -42966.17 [    11438.1    4691.0   49600.2    5964.0   50000.0 ]
[24-10-31 15:25:58] 349   -42966.17 [    11429.0    4691.0   49600.2    5964.0   50000.0 ]
[24-10-31 15:25:59] 350   -42966.17 [    11432.6    4691.0   49600.2    5964.0   50000.0 ]
[24-10-31 15:25:59] 351   -42966.17 [    11432.4    4691.0   49600.2    5964.0   50000.0 ]
[24-10-31 15:26:00] 352   -42966.17 [    11432.5    4691.0   49600.2    5964.0   50000.0 ]
[24-10-31 15:26:00] 353    -42966.1 [    11432.5    4692.0   49600.2    5964.0   50000.0 ]
[24-10-31 15:26:00] 354   -42965.99 [    11432.5    4693.6   49600.2    5964.0   50000.0 ]
[24-10-31 15:26:01] 355   -42962.32 [    11432.5    4795.7   49600.2    5964.0   50000.0 ]
[24-10-31 15:26:01] 356   -42969.57 [    11432.5    4961.0   49600.2    5964.0   50000.0 ]
[24-10-31 15:26:02] 357   -42963.27 [    11432.5    4858.9   49600.2    5964.0   50000.0 ]
[24-10-31 15:26:02] 358   -42962.93 [    11432.5    4756.7   49600.2    5964.0   50000.0 ]
[24-10-31 15:26:03] 359   -42962.31 [    11432.5    4802.3   49600.2    5964.0   50000.0 ]
[24-10-31 15:26:03] 360   -42962.31 [    11432.5    4801.2   49600.2    5964.0   50000.0 ]
[24-10-31 15:26:04] 361   -42962.31 [    11432.5    4803.4   49600.2    5964.0   50000.0 ]
[24-10-31 15:26:04] 362   -42962.31 [    11432.5    4802.3   49600.2    5964.0   50000.0 ]
[24-10-31 15:26:05] 363   -42962.31 [    11432.5    4802.3   49601.2    5964.0   50000.0 ]
[24-10-31 15:26:05] 364    -42962.3 [    11432.5    4802.3   49598.5    5964.0   50000.0 ]
[24-10-31 15:26:06] 365   -42961.37 [    11432.5    4802.3   49422.2    5964.0   50000.0 ]
[24-10-31 15:26:06] 366   -42958.88 [    11432.5    4802.3   48405.6    5964.0   50000.0 ]
[24-10-31 15:26:07] 367    -42965.1 [    11432.5    4802.3   46760.8    5964.0   50000.0 ]
[24-10-31 15:26:07] 368   -42959.77 [    11432.5    4802.3   47777.4    5964.0   50000.0 ]
[24-10-31 15:26:07] 369   -42959.25 [    11432.5    4802.3   48793.9    5964.0   50000.0 ]
[24-10-31 15:26:08] 370   -42958.88 [    11432.5    4802.3   48393.7    5964.0   50000.0 ]
[24-10-31 15:26:08] 371   -42958.88 [    11432.5    4802.3   48381.6    5964.0   50000.0 ]
[24-10-31 15:26:09] 372   -42958.88 [    11432.5    4802.3   48393.7    5964.0   50000.0 ]
[24-10-31 15:26:09] 373   -42958.88 [    11432.5    4802.3   48393.7    5965.0   50000.0 ]
[24-10-31 15:26:10] 374   -42958.87 [    11432.5    4802.3   48393.7    5962.4   50000.0 ]
[24-10-31 15:26:10] 375   -42958.49 [    11432.5    4802.3   48393.7    5821.3   50000.0 ]
[24-10-31 15:26:11] 376   -42959.86 [    11432.5    4802.3   48393.7    5593.0   50000.0 ]
[24-10-31 15:26:11] 377    -42958.7 [    11432.5    4802.3   48393.7    5734.1   50000.0 ]
[24-10-31 15:26:12] 378   -42958.53 [    11432.5    4802.3   48393.7    5875.2   50000.0 ]
[24-10-31 15:26:12] 379   -42958.48 [    11432.5    4802.3   48393.7    5830.5   50000.0 ]
[24-10-31 15:26:13] 380   -42958.48 [    11432.5    4802.3   48393.7    5829.1   50000.0 ]
[24-10-31 15:26:13] 381   -42958.48 [    11432.5    4802.3   48393.7    5831.8   50000.0 ]
[24-10-31 15:26:14] 382   -42958.48 [    11432.5    4802.3   48393.7    5830.5   50000.0 ]
[24-10-31 15:26:14] 384    -42958.5 [    11432.5    4802.3   48393.7    5830.5   49998.4 ]
[24-10-31 15:26:14] 385   -42958.49 [    11432.5    4802.3   48393.7    5830.5   49999.4 ]
[24-10-31 15:26:15] 387   -42958.49 [    11432.5    4802.3   48393.7    5830.5   49999.7 ]
[24-10-31 15:26:15] 389   -42958.48 [    11432.5    4802.3   48393.7    5830.5   49999.9 ]
[24-10-31 15:26:16] 391   -42958.48 [    11432.5    4802.3   48393.7    5830.5   50000.0 ]
[24-10-31 15:26:16] 393   -42958.48 [    11432.5    4802.3   48393.7    5830.5   50000.0 ]
[24-10-31 15:26:17] 395   -42958.48 [    11432.5    4802.3   48393.7    5830.5   50000.0 ]
[24-10-31 15:26:17] 397   -42958.48 [    11432.5    4802.3   48393.7    5830.5   50000.0 ]
[24-10-31 15:26:17] 399   -42958.48 [    11432.5    4802.3   48393.7    5830.5   50000.0 ]
[24-10-31 15:26:18] 401   -42958.48 [    11432.5    4802.3   48393.7    5830.5   50000.0 ]
[24-10-31 15:26:18] 403   -42958.48 [    11432.5    4802.3   48393.7    5830.5   50000.0 ]
[24-10-31 15:26:19] 405   -42958.48 [    11432.5    4802.3   48393.7    5830.5   50000.0 ]
[24-10-31 15:26:19] 407   -42958.48 [    11432.5    4802.3   48393.7    5830.5   50000.0 ]
[24-10-31 15:26:20] 409   -42958.48 [    11432.5    4802.3   48393.7    5830.5   50000.0 ]
[24-10-31 15:26:20] 411   -42958.48 [    11432.5    4802.3   48393.7    5830.5   50000.0 ]
[24-10-31 15:26:21] 413   -42958.48 [    11432.5    4802.3   48393.7    5830.5   50000.0 ]
[24-10-31 15:26:21] 415   -42958.48 [    11432.5    4802.3   48393.7    5830.5   50000.0 ]
[24-10-31 15:26:22] 416   -42958.48 [    11432.5    4802.3   48393.7    5830.5   50000.0 ]
[24-10-31 15:26:22] 418   -42958.48 [    11432.5    4802.3   48393.7    5830.5   50000.0 ]
[24-10-31 15:26:23] 420   -42958.48 [    11432.5    4802.3   48393.7    5830.5   50000.0 ]
[24-10-31 15:26:23] 422   -42958.48 [    11432.5    4802.3   48393.7    5830.5   50000.0 ]
[24-10-31 15:26:23] 423   -42958.48 [    11432.5    4802.3   48393.7    5830.5   50000.0 ]
[24-10-31 15:26:24] 424   -42958.48 [    11432.5    4802.3   48393.7    5830.5   50000.0 ]
[24-10-31 15:26:24] 425   -42958.48 [    11432.5    4802.3   48393.7    5830.5   50000.0 ]
[24-10-31 15:26:25] 427   -42958.48 [    11432.5    4802.3   48393.7    5830.5   50000.0 ]
[24-10-31 15:26:25] 428   -42958.48 [    11433.5    4802.3   48393.7    5830.5   50000.0 ]
[24-10-31 15:26:26] 429   -42958.48 [    11435.1    4802.3   48393.7    5830.5   50000.0 ]
[24-10-31 15:26:26] 430   -42958.48 [    11456.1    4802.3   48393.7    5830.5   50000.0 ]
[24-10-31 15:26:27] 431   -42958.49 [    11490.1    4802.3   48393.7    5830.5   50000.0 ]
[24-10-31 15:26:27] 432   -42958.48 [    11469.1    4802.3   48393.7    5830.5   50000.0 ]
[24-10-31 15:26:28] 433   -42958.48 [    11448.1    4802.3   48393.7    5830.5   50000.0 ]
[24-10-31 15:26:28] 434   -42958.48 [    11456.3    4802.3   48393.7    5830.5   50000.0 ]
[24-10-31 15:26:29] 435   -42958.48 [    11455.9    4802.3   48393.7    5830.5   50000.0 ]
[24-10-31 15:26:29] 436   -42958.48 [    11456.1    4802.3   48393.7    5830.5   50000.0 ]
[24-10-31 15:26:30] 437   -42958.41 [    11456.1    4803.3   48393.7    5830.5   50000.0 ]
[24-10-31 15:26:30] 438    -42958.3 [    11456.1    4804.9   48393.7    5830.5   50000.0 ]
[24-10-31 15:26:31] 439   -42954.49 [    11456.1    4911.2   48393.7    5830.5   50000.0 ]
[24-10-31 15:26:31] 440   -42961.97 [    11456.1    5083.3   48393.7    5830.5   50000.0 ]
[24-10-31 15:26:31] 441   -42955.48 [    11456.1    4976.9   48393.7    5830.5   50000.0 ]
[24-10-31 15:26:32] 442   -42955.13 [    11456.1    4870.6   48393.7    5830.5   50000.0 ]
[24-10-31 15:26:32] 443   -42954.48 [    11456.1    4918.1   48393.7    5830.5   50000.0 ]
[24-10-31 15:26:33] 444   -42954.48 [    11456.1    4917.0   48393.7    5830.5   50000.0 ]
[24-10-31 15:26:33] 445   -42954.48 [    11456.1    4919.3   48393.7    5830.5   50000.0 ]
[24-10-31 15:26:34] 446   -42954.48 [    11456.1    4918.1   48393.7    5830.5   50000.0 ]
[24-10-31 15:26:34] 447   -42954.49 [    11456.1    4918.1   48394.7    5830.5   50000.0 ]
[24-10-31 15:26:35] 448   -42954.47 [    11456.1    4918.1   48392.1    5830.5   50000.0 ]
[24-10-31 15:26:35] 449   -42953.55 [    11456.1    4918.1   48215.7    5830.5   50000.0 ]
[24-10-31 15:26:36] 450   -42950.99 [    11456.1    4918.1   47160.5    5830.5   50000.0 ]
[24-10-31 15:26:36] 451   -42957.39 [    11456.1    4918.1   45453.1    5830.5   50000.0 ]
[24-10-31 15:26:37] 452   -42951.91 [    11456.1    4918.1   46508.4    5830.5   50000.0 ]
[24-10-31 15:26:37] 453   -42951.38 [    11456.1    4918.1   47563.6    5830.5   50000.0 ]
[24-10-31 15:26:37] 454   -42950.99 [    11456.1    4918.1   47148.2    5830.5   50000.0 ]
[24-10-31 15:26:38] 455   -42950.99 [    11456.1    4918.1   47135.7    5830.5   50000.0 ]
[24-10-31 15:26:38] 456   -42950.99 [    11456.1    4918.1   47148.2    5830.5   50000.0 ]
[24-10-31 15:26:39] 457    -42951.0 [    11456.1    4918.1   47148.2    5831.5   50000.0 ]
[24-10-31 15:26:39] 458   -42950.98 [    11456.1    4918.1   47148.2    5828.8   50000.0 ]
[24-10-31 15:26:40] 459   -42950.54 [    11456.1    4918.1   47148.2    5680.1   50000.0 ]
[24-10-31 15:26:40] 460   -42952.16 [    11456.1    4918.1   47148.2    5439.4   50000.0 ]
[24-10-31 15:26:40] 461    -42950.8 [    11456.1    4918.1   47148.2    5588.1   50000.0 ]
[24-10-31 15:26:41] 462   -42950.59 [    11456.1    4918.1   47148.2    5736.9   50000.0 ]
[24-10-31 15:26:41] 463   -42950.54 [    11456.1    4918.1   47148.2    5690.4   50000.0 ]
[24-10-31 15:26:42] 464   -42950.54 [    11456.1    4918.1   47148.2    5689.0   50000.0 ]
[24-10-31 15:26:42] 465   -42950.54 [    11456.1    4918.1   47148.2    5691.8   50000.0 ]
[24-10-31 15:26:43] 466   -42950.54 [    11456.1    4918.1   47148.2    5690.4   50000.0 ]
[24-10-31 15:26:43] 468   -42950.55 [    11456.1    4918.1   47148.2    5690.4   49998.4 ]
[24-10-31 15:26:43] 469   -42950.55 [    11456.1    4918.1   47148.2    5690.4   49999.4 ]
[24-10-31 15:26:44] 471   -42950.54 [    11456.1    4918.1   47148.2    5690.4   49999.7 ]
[24-10-31 15:26:44] 473   -42950.54 [    11456.1    4918.1   47148.2    5690.4   49999.9 ]
[24-10-31 15:26:45] 475   -42950.54 [    11456.1    4918.1   47148.2    5690.4   50000.0 ]
[24-10-31 15:26:45] 477   -42950.54 [    11456.1    4918.1   47148.2    5690.4   50000.0 ]
[24-10-31 15:26:45] 479   -42950.54 [    11456.1    4918.1   47148.2    5690.4   50000.0 ]
[24-10-31 15:26:46] 481   -42950.54 [    11456.1    4918.1   47148.2    5690.4   50000.0 ]
[24-10-31 15:26:46] 483   -42950.54 [    11456.1    4918.1   47148.2    5690.4   50000.0 ]
[24-10-31 15:26:46] 485   -42950.54 [    11456.1    4918.1   47148.2    5690.4   50000.0 ]
[24-10-31 15:26:46] 487   -42950.54 [    11456.1    4918.1   47148.2    5690.4   50000.0 ]
[24-10-31 15:26:47] 489   -42950.54 [    11456.1    4918.1   47148.2    5690.4   50000.0 ]
[24-10-31 15:26:47] 491   -42950.54 [    11456.1    4918.1   47148.2    5690.4   50000.0 ]
[24-10-31 15:26:47] 493   -42950.54 [    11456.1    4918.1   47148.2    5690.4   50000.0 ]
[24-10-31 15:26:48] 495   -42950.54 [    11456.1    4918.1   47148.2    5690.4   50000.0 ]
[24-10-31 15:26:48] 497   -42950.54 [    11456.1    4918.1   47148.2    5690.4   50000.0 ]
[24-10-31 15:26:48] 499   -42950.54 [    11456.1    4918.1   47148.2    5690.4   50000.0 ]
[24-10-31 15:26:49] 501   -42950.54 [    11456.1    4918.1   47148.2    5690.4   50000.0 ]
[24-10-31 15:26:49] 503   -42950.54 [    11456.1    4918.1   47148.2    5690.4   50000.0 ]
[24-10-31 15:26:49] 505   -42950.54 [    11456.1    4918.1   47148.2    5690.4   50000.0 ]
[24-10-31 15:26:50] 507   -42950.54 [    11456.1    4918.1   47148.2    5690.4   50000.0 ]
[24-10-31 15:26:50] 508   -42950.54 [    11456.1    4918.1   47148.2    5690.4   50000.0 ]
[24-10-31 15:26:50] 509   -42950.54 [    11456.1    4918.1   47148.2    5690.4   50000.0 ]
[24-10-31 15:26:51] 510   -42950.54 [    11456.1    4918.1   47148.2    5690.4   50000.0 ]
[24-10-31 15:26:51] 511   -42950.54 [    11456.1    4918.1   47148.2    5690.4   50000.0 ]
[24-10-31 15:26:51] 512   -42950.54 [    11456.1    4918.1   47148.2    5690.4   50000.0 ]
[24-10-31 15:26:52] 513   -42950.54 [    11456.1    4918.1   47148.2    5690.4   50000.0 ]
[24-10-31 15:26:52] 514   -42950.54 [    11456.1    4918.1   47148.2    5690.4   50000.0 ]
[24-10-31 15:26:52] 515   -42950.54 [    11456.1    4918.1   47148.2    5690.4   50000.0 ]
[24-10-31 15:26:52] 516   -42950.54 [    11456.1    4918.1   47148.2    5690.4   50000.0 ]
[24-10-31 15:26:53] 518   -42950.54 [    11456.1    4918.1   47148.2    5690.4   50000.0 ]
[24-10-31 15:26:53] 519   -42950.54 [    11457.1    4918.1   47148.2    5690.4   50000.0 ]
[24-10-31 15:26:53] 520   -42950.54 [    11458.7    4918.1   47148.2    5690.4   50000.0 ]
[24-10-31 15:26:54] 521   -42950.54 [    11483.7    4918.1   47148.2    5690.4   50000.0 ]
[24-10-31 15:26:54] 522   -42950.55 [    11524.2    4918.1   47148.2    5690.4   50000.0 ]
[24-10-31 15:26:54] 523   -42950.54 [    11499.2    4918.1   47148.2    5690.4   50000.0 ]
[24-10-31 15:26:55] 524   -42950.54 [    11474.2    4918.1   47148.2    5690.4   50000.0 ]
[24-10-31 15:26:55] 525   -42950.54 [    11484.0    4918.1   47148.2    5690.4   50000.0 ]
[24-10-31 15:26:55] 526   -42950.54 [    11484.3    4918.1   47148.2    5690.4   50000.0 ]
[24-10-31 15:26:56] 527   -42950.54 [    11484.0    4918.1   47148.2    5690.4   50000.0 ]
[24-10-31 15:26:56] 528   -42950.47 [    11484.0    4919.1   47148.2    5690.4   50000.0 ]
[24-10-31 15:26:56] 529   -42950.36 [    11484.0    4920.8   47148.2    5690.4   50000.0 ]
[24-10-31 15:26:56] 530   -42946.46 [    11484.0    5030.9   47148.2    5690.4   50000.0 ]
[24-10-31 15:26:57] 531    -42954.1 [    11484.0    5209.1   47148.2    5690.4   50000.0 ]
[24-10-31 15:26:57] 532   -42947.46 [    11484.0    5099.0   47148.2    5690.4   50000.0 ]
[24-10-31 15:26:57] 533   -42947.11 [    11484.0    4988.8   47148.2    5690.4   50000.0 ]
[24-10-31 15:26:57] 534   -42946.44 [    11484.0    5038.1   47148.2    5690.4   50000.0 ]
[24-10-31 15:26:58] 535   -42946.44 [    11484.0    5036.9   47148.2    5690.4   50000.0 ]
[24-10-31 15:26:58] 536   -42946.44 [    11484.0    5039.3   47148.2    5690.4   50000.0 ]
[24-10-31 15:26:58] 537   -42946.44 [    11484.0    5038.1   47148.2    5690.4   50000.0 ]
[24-10-31 15:26:59] 538   -42946.45 [    11484.0    5038.1   47149.2    5690.4   50000.0 ]
[24-10-31 15:26:59] 539   -42946.43 [    11484.0    5038.1   47146.6    5690.4   50000.0 ]
[24-10-31 15:26:59] 540   -42945.53 [    11484.0    5038.1   46970.2    5690.4   50000.0 ]
[24-10-31 15:26:59] 541    -42942.9 [    11484.0    5038.1   45875.7    5690.4   50000.0 ]
[24-10-31 15:27:00] 542   -42949.46 [    11484.0    5038.1   44104.7    5690.4   50000.0 ]
[24-10-31 15:27:00] 543   -42943.84 [    11484.0    5038.1   45199.2    5690.4   50000.0 ]
[24-10-31 15:27:00] 544   -42943.29 [    11484.0    5038.1   46293.7    5690.4   50000.0 ]
[24-10-31 15:27:01] 545    -42942.9 [    11484.0    5038.1   45862.9    5690.4   50000.0 ]
[24-10-31 15:27:01] 546    -42942.9 [    11484.0    5038.1   45850.1    5690.4   50000.0 ]
[24-10-31 15:27:01] 547    -42942.9 [    11484.0    5038.1   45862.9    5690.4   50000.0 ]
[24-10-31 15:27:02] 548   -42942.91 [    11484.0    5038.1   45862.9    5691.4   50000.0 ]
[24-10-31 15:27:02] 549   -42942.89 [    11484.0    5038.1   45862.9    5688.8   50000.0 ]
[24-10-31 15:27:02] 550   -42942.39 [    11484.0    5038.1   45862.9    5533.1   50000.0 ]
[24-10-31 15:27:03] 551   -42944.26 [    11484.0    5038.1   45862.9    5281.3   50000.0 ]
[24-10-31 15:27:03] 552   -42942.69 [    11484.0    5038.1   45862.9    5436.9   50000.0 ]
[24-10-31 15:27:03] 553   -42942.45 [    11484.0    5038.1   45862.9    5592.6   50000.0 ]
[24-10-31 15:27:03] 554   -42942.39 [    11484.0    5038.1   45862.9    5544.7   50000.0 ]
[24-10-31 15:27:04] 555   -42942.39 [    11484.0    5038.1   45862.9    5543.2   50000.0 ]
[24-10-31 15:27:04] 556   -42942.39 [    11484.0    5038.1   45862.9    5546.1   50000.0 ]
[24-10-31 15:27:04] 557   -42942.39 [    11484.0    5038.1   45862.9    5544.7   50000.0 ]
[24-10-31 15:27:04] 559    -42942.4 [    11484.0    5038.1   45862.9    5544.7   49998.4 ]
[24-10-31 15:27:05] 560   -42942.39 [    11484.0    5038.1   45862.9    5544.7   49999.4 ]
[24-10-31 15:27:05] 562   -42942.39 [    11484.0    5038.1   45862.9    5544.7   49999.7 ]
[24-10-31 15:27:05] 564   -42942.39 [    11484.0    5038.1   45862.9    5544.7   49999.9 ]
[24-10-31 15:27:06] 566   -42942.39 [    11484.0    5038.1   45862.9    5544.7   50000.0 ]
[24-10-31 15:27:06] 568   -42942.39 [    11484.0    5038.1   45862.9    5544.7   50000.0 ]
[24-10-31 15:27:06] 570   -42942.39 [    11484.0    5038.1   45862.9    5544.7   50000.0 ]
[24-10-31 15:27:07] 572   -42942.39 [    11484.0    5038.1   45862.9    5544.7   50000.0 ]
[24-10-31 15:27:07] 574   -42942.39 [    11484.0    5038.1   45862.9    5544.7   50000.0 ]
[24-10-31 15:27:07] 576   -42942.39 [    11484.0    5038.1   45862.9    5544.7   50000.0 ]
[24-10-31 15:27:08] 578   -42942.39 [    11484.0    5038.1   45862.9    5544.7   50000.0 ]
[24-10-31 15:27:08] 580   -42942.39 [    11484.0    5038.1   45862.9    5544.7   50000.0 ]
[24-10-31 15:27:08] 582   -42942.39 [    11484.0    5038.1   45862.9    5544.7   50000.0 ]
[24-10-31 15:27:09] 584   -42942.39 [    11484.0    5038.1   45862.9    5544.7   50000.0 ]
[24-10-31 15:27:09] 586   -42942.39 [    11484.0    5038.1   45862.9    5544.7   50000.0 ]
[24-10-31 15:27:10] 588   -42942.39 [    11484.0    5038.1   45862.9    5544.7   50000.0 ]
[24-10-31 15:27:10] 590   -42942.39 [    11484.0    5038.1   45862.9    5544.7   50000.0 ]
[24-10-31 15:27:11] 592   -42942.39 [    11484.0    5038.1   45862.9    5544.7   50000.0 ]
[24-10-31 15:27:11] 594   -42942.39 [    11484.0    5038.1   45862.9    5544.7   50000.0 ]
[24-10-31 15:27:11] 596   -42942.39 [    11484.0    5038.1   45862.9    5544.7   50000.0 ]
[24-10-31 15:27:12] 598   -42942.39 [    11484.0    5038.1   45862.9    5544.7   50000.0 ]
[24-10-31 15:27:12] 599   -42942.39 [    11484.0    5038.1   45862.9    5544.7   50000.0 ]
[24-10-31 15:27:13] 600   -42942.39 [    11484.0    5038.1   45862.9    5544.7   50000.0 ]
[24-10-31 15:27:13] 601   -42942.39 [    11484.0    5038.1   45862.9    5544.7   50000.0 ]
[24-10-31 15:27:14] 602   -42942.39 [    11484.0    5038.1   45862.9    5544.7   50000.0 ]
[24-10-31 15:27:14] 603   -42942.39 [    11484.0    5038.1   45862.9    5544.7   50000.0 ]
[24-10-31 15:27:15] 604   -42942.39 [    11484.0    5038.1   45862.9    5544.7   50000.0 ]
[24-10-31 15:27:15] 605   -42942.39 [    11484.0    5038.1   45862.9    5544.7   50000.0 ]
[24-10-31 15:27:16] 606   -42942.39 [    11484.0    5038.1   45862.9    5544.7   50000.0 ]
[24-10-31 15:27:16] 607   -42934.32 [    11511.9    5158.1   44577.7    5398.9   50000.0 ]
[24-10-31 15:27:17] 608   -42942.39 [    11484.0    5038.1   45862.9    5544.7   50000.0 ]
[24-10-31 15:27:17] 609   -42934.32 [    11511.9    5158.1   44577.7    5398.9   50000.0 ]
[24-10-31 15:27:18] 610   -42921.43 [    11557.0    5352.3   42498.1    5163.1   50000.0 ]
[24-10-31 15:27:18] 616   -42915.27 [    11578.8    5446.2   41492.6    5049.1   50000.0 ]
[24-10-31 15:27:18] 617   -42918.34 [    11567.9    5399.3   41995.4    5106.1   50000.0 ]
[24-10-31 15:27:19] 618    -42911.5 [    11592.3    5504.2   40871.2    4978.7   50000.0 ]
[24-10-31 15:27:19] 619   -42909.18 [    11600.6    5540.1   40487.2    4935.1   50000.0 ]
[24-10-31 15:27:20] 620   -42907.75 [    11605.8    5562.2   40249.8    4908.2   50000.0 ]
[24-10-31 15:27:20] 621   -42906.86 [    11609.0    5575.9   40103.1    4891.6   50000.0 ]
[24-10-31 15:27:21] 622   -42906.32 [    11610.9    5584.4   40012.4    4881.3   50000.0 ]
[24-10-31 15:27:21] 624   -42906.32 [    11610.9    5584.4   40012.4    4881.3   50000.0 ]
[24-10-31 15:27:22] 625   -42906.32 [    11611.9    5584.4   40012.4    4881.3   50000.0 ]
[24-10-31 15:27:22] 626   -42906.32 [    11613.5    5584.4   40012.4    4881.3   50000.0 ]
[24-10-31 15:27:23] 627   -42906.31 [    11652.0    5584.4   40012.4    4881.3   50000.0 ]
[24-10-31 15:27:23] 628   -42906.33 [    11714.3    5584.4   40012.4    4881.3   50000.0 ]
[24-10-31 15:27:23] 629   -42906.31 [    11675.8    5584.4   40012.4    4881.3   50000.0 ]
[24-10-31 15:27:24] 630   -42906.31 [    11637.3    5584.4   40012.4    4881.3   50000.0 ]
[24-10-31 15:27:24] 631   -42906.31 [    11652.4    5584.4   40012.4    4881.3   50000.0 ]
[24-10-31 15:27:25] 632   -42906.31 [    11652.9    5584.4   40012.4    4881.3   50000.0 ]
[24-10-31 15:27:25] 633   -42906.31 [    11652.4    5584.4   40012.4    4881.3   50000.0 ]
[24-10-31 15:27:26] 635   -42906.32 [    11652.4    5584.4   40012.4    4881.3   49998.4 ]
[24-10-31 15:27:26] 636   -42906.31 [    11652.4    5584.4   40012.4    4881.3   49999.4 ]
[24-10-31 15:27:27] 638   -42906.31 [    11652.4    5584.4   40012.4    4881.3   49999.7 ]
[24-10-31 15:27:27] 640   -42906.31 [    11652.4    5584.4   40012.4    4881.3   49999.9 ]
[24-10-31 15:27:28] 642   -42906.31 [    11652.4    5584.4   40012.4    4881.3   50000.0 ]
[24-10-31 15:27:28] 644   -42906.31 [    11652.4    5584.4   40012.4    4881.3   50000.0 ]
[24-10-31 15:27:29] 646   -42906.31 [    11652.4    5584.4   40012.4    4881.3   50000.0 ]
[24-10-31 15:27:29] 648   -42906.31 [    11652.4    5584.4   40012.4    4881.3   50000.0 ]
[24-10-31 15:27:29] 650   -42906.31 [    11652.4    5584.4   40012.4    4881.3   50000.0 ]
[24-10-31 15:27:30] 652   -42906.31 [    11652.4    5584.4   40012.4    4881.3   50000.0 ]
[24-10-31 15:27:30] 654   -42906.31 [    11652.4    5584.4   40012.4    4881.3   50000.0 ]
[24-10-31 15:27:31] 656   -42906.31 [    11652.4    5584.4   40012.4    4881.3   50000.0 ]
[24-10-31 15:27:31] 658   -42906.31 [    11652.4    5584.4   40012.4    4881.3   50000.0 ]
[24-10-31 15:27:32] 660   -42906.31 [    11652.4    5584.4   40012.4    4881.3   50000.0 ]
[24-10-31 15:27:32] 662   -42906.31 [    11652.4    5584.4   40012.4    4881.3   50000.0 ]
[24-10-31 15:27:33] 664   -42906.31 [    11652.4    5584.4   40012.4    4881.3   50000.0 ]
[24-10-31 15:27:33] 666   -42906.31 [    11652.4    5584.4   40012.4    4881.3   50000.0 ]
[24-10-31 15:27:33] 668   -42906.31 [    11652.4    5584.4   40012.4    4881.3   50000.0 ]
[24-10-31 15:27:34] 670   -42906.31 [    11652.4    5584.4   40012.4    4881.3   50000.0 ]
[24-10-31 15:27:34] 671   -42906.31 [    11652.4    5584.4   40012.4    4881.3   50000.0 ]
[24-10-31 15:27:35] 672   -42906.31 [    11652.4    5584.4   40012.4    4881.3   50000.0 ]
[24-10-31 15:27:35] 674   -42906.31 [    11652.4    5584.4   40012.4    4881.3   50000.0 ]
[24-10-31 15:27:36] 676   -42906.31 [    11652.4    5584.4   40012.4    4881.3   50000.0 ]
[24-10-31 15:27:36] 677   -42906.31 [    11652.4    5584.4   40012.4    4881.3   50000.0 ]
[24-10-31 15:27:37] 678   -42906.31 [    11652.4    5584.4   40012.4    4881.3   50000.0 ]
[24-10-31 15:27:37] 679   -42906.31 [    11652.4    5584.4   40012.4    4881.3   50000.0 ]
[24-10-31 15:27:38] 681   -42906.31 [    11652.4    5584.4   40012.4    4881.3   50000.0 ]
[24-10-31 15:27:38] 682   -42906.31 [    11652.4    5584.4   40013.4    4881.3   50000.0 ]
[24-10-31 15:27:38] 683   -42906.31 [    11652.4    5584.4   40015.1    4881.3   50000.0 ]
[24-10-31 15:27:39] 684   -42906.31 [    11652.4    5584.4   40030.2    4881.3   50000.0 ]
[24-10-31 15:27:39] 685   -42906.31 [    11652.4    5584.4   40054.6    4881.3   50000.0 ]
[24-10-31 15:27:40] 686   -42906.31 [    11652.4    5584.4   40039.5    4881.3   50000.0 ]
[24-10-31 15:27:40] 687   -42906.31 [    11652.4    5584.4   40024.4    4881.3   50000.0 ]
[24-10-31 15:27:41] 688   -42906.31 [    11652.4    5584.4   40030.0    4881.3   50000.0 ]
[24-10-31 15:27:41] 689   -42906.31 [    11652.4    5584.4   40030.4    4881.3   50000.0 ]
[24-10-31 15:27:41] 690   -42906.31 [    11652.4    5584.4   40030.2    4881.3   50000.0 ]
[24-10-31 15:27:42] 691   -42906.31 [    11652.4    5584.4   40030.2    4882.3   50000.0 ]
[24-10-31 15:27:42] 692   -42906.31 [    11652.4    5584.4   40030.2    4879.7   50000.0 ]
[24-10-31 15:27:42] 693   -42906.31 [    11652.4    5584.4   40030.2    4872.6   50000.0 ]
[24-10-31 15:27:43] 694   -42906.31 [    11652.4    5584.4   40030.2    4861.1   50000.0 ]
[24-10-31 15:27:43] 695   -42906.31 [    11652.4    5584.4   40030.2    4868.2   50000.0 ]
[24-10-31 15:27:44] 696   -42906.31 [    11652.4    5584.4   40030.2    4875.3   50000.0 ]
[24-10-31 15:27:44] 697   -42906.31 [    11652.4    5584.4   40030.2    4872.6   50000.0 ]
[24-10-31 15:27:44] 698   -42906.31 [    11652.4    5584.4   40030.2    4872.5   50000.0 ]
[24-10-31 15:27:45] 699   -42906.31 [    11652.4    5584.4   40030.2    4872.6   50000.0 ]
[24-10-31 15:27:45] 709   -42906.56 [    11651.5    5580.4   40072.8    4877.4   50000.0 ]
[24-10-31 15:27:46] 710   -42906.43 [    11652.0    5582.4   40051.5    4875.0   50000.0 ]
[24-10-31 15:27:46] 711   -42906.21 [    11652.8    5585.9   40014.6    4870.8   50000.0 ]
[24-10-31 15:27:46] 712   -42906.16 [    11653.0    5586.7   40005.0    4869.7   50000.0 ]
[24-10-31 15:27:47] 714   -42906.18 [    11652.9    5586.4   40008.7    4870.1   50000.0 ]
[24-10-31 15:27:47] 715   -42906.14 [    11653.0    5587.0   40002.7    4869.4   50000.0 ]
[24-10-31 15:27:48] 716   -42906.13 [    11653.1    5587.1   40001.3    4869.3   50000.0 ]
[24-10-31 15:27:48] 717   -42906.13 [    11653.1    5587.2   40000.4    4869.2   50000.0 ]
[24-10-31 15:27:49] 719   -42906.13 [    11653.1    5587.1   40000.8    4869.2   50000.0 ]
Optimization terminated successfully.
         Current function value: 42906.127934
         Iterations: 9
         Function evaluations: 719
[24-10-31 15:27:49] 719      fit p: [    11653.1    5587.2   40000.4    4869.2   50000.0 ]
method: Powell
objective_func: objective_H2
fopt: -42906.12793353329
max_iter: 100
num_iter: 9
func_calls: 719
flag: 0
u_fitted: False
u: 1.111e-08
