[24-10-31 15:22:47] fitting objective_H2 to data for demes ['French', 'KhomaniSan', 'Yoruba']
[24-10-31 15:22:47] 0        pnames [         NK       NFY       TFY        NF        NY ]
[24-10-31 15:22:47] 0            p0 [    24044.4   14680.0   65743.5    5334.4   28044.5 ]
[24-10-31 15:22:48] 1     -47347.94 [    24044.4   14680.0   65743.5    5334.4   28044.5 ]
[24-10-31 15:22:48] 2     -47347.94 [    24044.4   14680.0   65743.5    5334.4   28044.5 ]
[24-10-31 15:22:49] 3     -47347.93 [    24045.4   14680.0   65743.5    5334.4   28044.5 ]
[24-10-31 15:22:49] 4      -47347.9 [    24047.0   14680.0   65743.5    5334.4   28044.5 ]
[24-10-31 15:22:49] 5     -47345.51 [    24223.4   14680.0   65743.5    5334.4   28044.5 ]
[24-10-31 15:22:50] 6     -47283.29 [    31335.3   14680.0   65743.5    5334.4   28044.5 ]
[24-10-31 15:22:50] 7     -47247.63 [    42842.6   14680.0   65743.5    5334.4   28044.5 ]
[24-10-31 15:22:51] 8     -47248.69 [    42195.1   14680.0   65743.5    5334.4   28044.5 ]
[24-10-31 15:22:51] 10    -47239.62 [    49954.5   14680.0   65743.5    5334.4   28044.5 ]
[24-10-31 15:22:52] 12     -47242.9 [    46398.6   14680.0   65743.5    5334.4   28044.5 ]
[24-10-31 15:22:52] 14    -47240.73 [    48596.3   14680.0   65743.5    5334.4   28044.5 ]
[24-10-31 15:22:53] 16    -47240.02 [    49435.7   14680.0   65743.5    5334.4   28044.5 ]
[24-10-31 15:22:53] 18    -47239.82 [    49695.4   14680.0   65743.5    5334.4   28044.5 ]
[24-10-31 15:22:54] 19    -47239.62 [    49954.5   14680.0   65743.5    5334.4   28044.5 ]
[24-10-31 15:22:54] 20    -47239.79 [    49954.5   14681.0   65743.5    5334.4   28044.5 ]
[24-10-31 15:22:55] 21    -47239.33 [    49954.5   14678.3   65743.5    5334.4   28044.5 ]
[24-10-31 15:22:55] 22    -47238.87 [    49954.5   14675.7   65743.5    5334.4   28044.5 ]
[24-10-31 15:22:56] 23    -47238.13 [    49954.5   14671.5   65743.5    5334.4   28044.5 ]
[24-10-31 15:22:56] 24    -47236.93 [    49954.5   14664.6   65743.5    5334.4   28044.5 ]
[24-10-31 15:22:56] 25    -47234.98 [    49954.5   14653.5   65743.5    5334.4   28044.5 ]
[24-10-31 15:22:57] 26    -47231.83 [    49954.5   14635.6   65743.5    5334.4   28044.5 ]
[24-10-31 15:22:57] 27    -47226.72 [    49954.5   14606.6   65743.5    5334.4   28044.5 ]
[24-10-31 15:22:58] 28    -47218.41 [    49954.5   14559.6   65743.5    5334.4   28044.5 ]
[24-10-31 15:22:58] 29    -47204.88 [    49954.5   14483.6   65743.5    5334.4   28044.5 ]
[24-10-31 15:22:58] 30    -47182.76 [    49954.5   14360.6   65743.5    5334.4   28044.5 ]
[24-10-31 15:22:58] 31    -47146.37 [    49954.5   14161.6   65743.5    5334.4   28044.5 ]
[24-10-31 15:22:59] 32    -47085.84 [    49954.5   13839.6   65743.5    5334.4   28044.5 ]
[24-10-31 15:22:59] 33     -46983.4 [    49954.5   13318.6   65743.5    5334.4   28044.5 ]
[24-10-31 15:23:00] 34    -46804.82 [    49954.5   12475.6   65743.5    5334.4   28044.5 ]
[24-10-31 15:23:00] 35    -46477.57 [    49954.5   11111.6   65743.5    5334.4   28044.5 ]
[24-10-31 15:23:01] 36    -45825.61 [    49954.5    8904.6   65743.5    5334.4   28044.5 ]
[24-10-31 15:23:01] 37    -44456.39 [    49954.5    5333.6   65743.5    5334.4   28044.5 ]
[24-10-31 15:23:02] 39    -44522.05 [    49954.5    3126.6   65743.5    5334.4   28044.5 ]
[24-10-31 15:23:02] 40    -45001.29 [    49954.5    6697.6   65743.5    5334.4   28044.5 ]
[24-10-31 15:23:02] 41    -44175.05 [    49954.5    4353.8   65743.5    5334.4   28044.5 ]
[24-10-31 15:23:03] 42    -44160.91 [    49954.5    4250.6   65743.5    5334.4   28044.5 ]
[24-10-31 15:23:03] 43    -44163.55 [    49954.5    3808.9   65743.5    5334.4   28044.5 ]
[24-10-31 15:23:04] 44    -44148.41 [    49954.5    4081.9   65743.5    5334.4   28044.5 ]
[24-10-31 15:23:04] 45    -44148.46 [    49954.5    3975.9   65743.5    5334.4   28044.5 ]
[24-10-31 15:23:05] 46    -44148.41 [    49954.5    4081.9   65743.5    5334.4   28044.5 ]
[24-10-31 15:23:05] 47    -44148.43 [    49954.5    4081.9   65744.5    5334.4   28044.5 ]
[24-10-31 15:23:06] 48    -44148.36 [    49954.5    4081.9   65741.9    5334.4   28044.5 ]
[24-10-31 15:23:06] 49    -44143.58 [    49954.5    4081.9   65565.5    5334.4   28044.5 ]
[24-10-31 15:23:06] 50    -44093.06 [    49954.5    4081.9   61845.1    5334.4   28044.5 ]
[24-10-31 15:23:07] 51     -44203.3 [    49954.5    4081.9   55825.3    5334.4   28044.5 ]
[24-10-31 15:23:07] 52     -44108.2 [    49954.5    4081.9   59545.7    5334.4   28044.5 ]
[24-10-31 15:23:08] 53    -44101.16 [    49954.5    4081.9   63266.1    5334.4   28044.5 ]
[24-10-31 15:23:08] 54    -44092.99 [    49954.5    4081.9   61692.4    5334.4   28044.5 ]
[24-10-31 15:23:09] 55    -44092.99 [    49954.5    4081.9   61732.9    5334.4   28044.5 ]
[24-10-31 15:23:09] 56     -44093.0 [    49954.5    4081.9   61651.9    5334.4   28044.5 ]
[24-10-31 15:23:09] 57    -44092.99 [    49954.5    4081.9   61692.4    5334.4   28044.5 ]
[24-10-31 15:23:10] 58    -44092.93 [    49954.5    4081.9   61692.4    5335.4   28044.5 ]
[24-10-31 15:23:10] 59    -44092.83 [    49954.5    4081.9   61692.4    5337.1   28044.5 ]
[24-10-31 15:23:11] 60    -44083.96 [    49954.5    4081.9   61692.4    5513.4   28044.5 ]
[24-10-31 15:23:11] 61    -44074.83 [    49954.5    4081.9   61692.4    5883.9   28044.5 ]
[24-10-31 15:23:12] 62    -44079.94 [    49954.5    4081.9   61692.4    6483.5   28044.5 ]
[24-10-31 15:23:12] 63    -44074.37 [    49954.5    4081.9   61692.4    6112.9   28044.5 ]
[24-10-31 15:23:12] 64    -44075.67 [    49954.5    4081.9   61692.4    6254.5   28044.5 ]
[24-10-31 15:23:13] 65    -44074.14 [    49954.5    4081.9   61692.4    6032.1   28044.5 ]
[24-10-31 15:23:13] 66    -44074.14 [    49954.5    4081.9   61692.4    6025.1   28044.5 ]
[24-10-31 15:23:14] 67    -44074.15 [    49954.5    4081.9   61692.4    6018.2   28044.5 ]
[24-10-31 15:23:14] 68    -44074.14 [    49954.5    4081.9   61692.4    6025.1   28044.5 ]
[24-10-31 15:23:14] 69     -44074.1 [    49954.5    4081.9   61692.4    6025.1   28045.5 ]
[24-10-31 15:23:15] 70    -44074.02 [    49954.5    4081.9   61692.4    6025.1   28047.1 ]
[24-10-31 15:23:15] 71    -44065.63 [    49954.5    4081.9   61692.4    6025.1   28223.4 ]
[24-10-31 15:23:16] 72    -43666.48 [    49954.5    4081.9   61692.4    6025.1   40860.3 ]
[24-10-31 15:23:16] 74    -43530.09 [    49954.5    4081.9   61692.4    6025.1   48670.3 ]
[24-10-31 15:23:16] 76    -43591.89 [    49954.5    4081.9   61692.4    6025.1   44765.3 ]
[24-10-31 15:23:17] 78     -43552.4 [    49954.5    4081.9   61692.4    6025.1   47178.7 ]
[24-10-31 15:23:17] 79    -43520.05 [    49954.5    4081.9   61692.4    6025.1   49374.5 ]
[24-10-31 15:23:18] 80    -43514.01 [    49954.5    4081.9   61692.4    6025.1   49809.7 ]
[24-10-31 15:23:18] 83    -43514.01 [    49954.5    4081.9   61692.4    6025.1   49809.7 ]
[24-10-31 15:23:19] 84    -43514.01 [    49955.5    4081.9   61692.4    6025.1   49809.7 ]
[24-10-31 15:23:19] 85     -43514.0 [    49952.9    4081.9   61692.4    6025.1   49809.7 ]
[24-10-31 15:23:19] 86    -43513.98 [    49950.3    4081.9   61692.4    6025.1   49809.7 ]
[24-10-31 15:23:20] 87    -43513.95 [    49946.1    4081.9   61692.4    6025.1   49809.7 ]
[24-10-31 15:23:20] 88    -43513.91 [    49939.2    4081.9   61692.4    6025.1   49809.7 ]
[24-10-31 15:23:21] 89    -43513.83 [    49928.1    4081.9   61692.4    6025.1   49809.7 ]
[24-10-31 15:23:21] 90    -43513.72 [    49910.2    4081.9   61692.4    6025.1   49809.7 ]
[24-10-31 15:23:21] 91    -43513.53 [    49881.1    4081.9   61692.4    6025.1   49809.7 ]
[24-10-31 15:23:22] 92    -43513.22 [    49834.2    4081.9   61692.4    6025.1   49809.7 ]
[24-10-31 15:23:22] 93    -43512.72 [    49758.1    4081.9   61692.4    6025.1   49809.7 ]
[24-10-31 15:23:23] 94    -43511.91 [    49635.1    4081.9   61692.4    6025.1   49809.7 ]
[24-10-31 15:23:23] 95     -43510.6 [    49436.1    4081.9   61692.4    6025.1   49809.7 ]
[24-10-31 15:23:24] 96    -43508.46 [    49114.1    4081.9   61692.4    6025.1   49809.7 ]
[24-10-31 15:23:24] 97    -43504.94 [    48593.1    4081.9   61692.4    6025.1   49809.7 ]
[24-10-31 15:23:24] 98    -43499.13 [    47750.1    4081.9   61692.4    6025.1   49809.7 ]
[24-10-31 15:23:25] 99    -43489.38 [    46386.1    4081.9   61692.4    6025.1   49809.7 ]
[24-10-31 15:23:25] 100   -43472.67 [    44179.1    4081.9   61692.4    6025.1   49809.7 ]
[24-10-31 15:23:26] 101   -43442.86 [    40608.1    4081.9   61692.4    6025.1   49809.7 ]
[24-10-31 15:23:26] 102   -43385.99 [    34830.1    4081.9   61692.4    6025.1   49809.7 ]
[24-10-31 15:23:26] 103   -43265.01 [    25481.1    4081.9   61692.4    6025.1   49809.7 ]
[24-10-31 15:23:27] 104   -43145.86 [    10354.1    4081.9   61692.4    6025.1   49809.7 ]
[24-10-31 15:23:27] 106   -43118.24 [    16132.1    4081.9   61692.4    6025.1   49809.7 ]
[24-10-31 15:23:28] 107   -43172.31 [    19703.1    4081.9   61692.4    6025.1   49809.7 ]
[24-10-31 15:23:28] 108   -43100.44 [    14364.9    4081.9   61692.4    6025.1   49809.7 ]
[24-10-31 15:23:29] 109   -43097.83 [    13888.6    4081.9   61692.4    6025.1   49809.7 ]
[24-10-31 15:23:29] 110   -43098.66 [    12538.6    4081.9   61692.4    6025.1   49809.7 ]
[24-10-31 15:23:29] 111   -43096.48 [    13305.3    4081.9   61692.4    6025.1   49809.7 ]
[24-10-31 15:23:30] 112   -43096.88 [    12938.8    4081.9   61692.4    6025.1   49809.7 ]
[24-10-31 15:23:30] 113   -43096.48 [    13305.3    4081.9   61692.4    6025.1   49809.7 ]
[24-10-31 15:23:31] 114   -43096.67 [    13305.3    4082.9   61692.4    6025.1   49809.7 ]
[24-10-31 15:23:31] 115   -43096.17 [    13305.3    4080.2   61692.4    6025.1   49809.7 ]
[24-10-31 15:23:31] 116   -43073.68 [    13305.3    3903.9   61692.4    6025.1   49809.7 ]
[24-10-31 15:23:32] 117   -43071.45 [    13305.3    3801.4   61692.4    6025.1   49809.7 ]
[24-10-31 15:23:32] 118   -43088.39 [    13305.3    3635.6   61692.4    6025.1   49809.7 ]
[24-10-31 15:23:33] 119    -43074.7 [    13305.3    3738.1   61692.4    6025.1   49809.7 ]
[24-10-31 15:23:33] 120   -43071.26 [    13305.3    3840.6   61692.4    6025.1   49809.7 ]
[24-10-31 15:23:34] 121   -43071.18 [    13305.3    3826.4   61692.4    6025.1   49809.7 ]
[24-10-31 15:23:34] 122   -43071.18 [    13305.3    3828.9   61692.4    6025.1   49809.7 ]
[24-10-31 15:23:34] 123   -43071.18 [    13305.3    3823.8   61692.4    6025.1   49809.7 ]
[24-10-31 15:23:35] 124   -43071.18 [    13305.3    3826.4   61692.4    6025.1   49809.7 ]
[24-10-31 15:23:35] 125   -43071.19 [    13305.3    3826.4   61693.4    6025.1   49809.7 ]
[24-10-31 15:23:36] 126   -43071.16 [    13305.3    3826.4   61690.8    6025.1   49809.7 ]
[24-10-31 15:23:36] 127   -43069.32 [    13305.3    3826.4   61514.4    6025.1   49809.7 ]
[24-10-31 15:23:37] 128   -43063.14 [    13305.3    3826.4   60258.5    6025.1   49809.7 ]
[24-10-31 15:23:37] 129    -43078.2 [    13305.3    3826.4   58226.3    6025.1   49809.7 ]
[24-10-31 15:23:37] 130   -43065.29 [    13305.3    3826.4   59482.3    6025.1   49809.7 ]
[24-10-31 15:23:38] 131   -43064.08 [    13305.3    3826.4   60738.2    6025.1   49809.7 ]
[24-10-31 15:23:38] 132   -43063.14 [    13305.3    3826.4   60237.9    6025.1   49809.7 ]
[24-10-31 15:23:39] 133   -43063.14 [    13305.3    3826.4   60223.3    6025.1   49809.7 ]
[24-10-31 15:23:39] 134   -43063.14 [    13305.3    3826.4   60237.9    6025.1   49809.7 ]
[24-10-31 15:23:40] 135    -43063.1 [    13305.3    3826.4   60237.9    6026.1   49809.7 ]
[24-10-31 15:23:40] 136   -43063.03 [    13305.3    3826.4   60237.9    6027.7   49809.7 ]
[24-10-31 15:23:41] 137    -43056.5 [    13305.3    3826.4   60237.9    6204.1   49809.7 ]
[24-10-31 15:23:41] 138   -43047.85 [    13305.3    3826.4   60237.9    6666.1   49809.7 ]
[24-10-31 15:23:42] 139   -43052.15 [    13305.3    3826.4   60237.9    7413.6   49809.7 ]
[24-10-31 15:23:42] 140   -43047.31 [    13305.3    3826.4   60237.9    6951.6   49809.7 ]
[24-10-31 15:23:43] 141   -43048.43 [    13305.3    3826.4   60237.9    7128.1   49809.7 ]
[24-10-31 15:23:43] 142   -43047.15 [    13305.3    3826.4   60237.9    6861.6   49809.7 ]
[24-10-31 15:23:44] 143   -43047.15 [    13305.3    3826.4   60237.9    6853.3   49809.7 ]
[24-10-31 15:23:44] 144   -43047.15 [    13305.3    3826.4   60237.9    6845.0   49809.7 ]
[24-10-31 15:23:44] 145   -43047.15 [    13305.3    3826.4   60237.9    6853.3   49809.7 ]
[24-10-31 15:23:45] 146   -43047.14 [    13305.3    3826.4   60237.9    6853.3   49810.7 ]
[24-10-31 15:23:45] 147   -43047.12 [    13305.3    3826.4   60237.9    6853.3   49812.3 ]
[24-10-31 15:23:46] 148   -43045.23 [    13305.3    3826.4   60237.9    6853.3   49988.7 ]
[24-10-31 15:23:46] 155   -43045.95 [    13305.3    3826.4   60237.9    6853.3   49921.3 ]
[24-10-31 15:23:47] 156   -43045.59 [    13305.3    3826.4   60237.9    6853.3   49955.0 ]
[24-10-31 15:23:47] 159   -43045.37 [    13305.3    3826.4   60237.9    6853.3   49975.8 ]
[24-10-31 15:23:48] 160   -43045.14 [    13305.3    3826.4   60237.9    6853.3   49997.4 ]
[24-10-31 15:23:48] 162   -43045.18 [    13305.3    3826.4   60237.9    6853.3   49994.1 ]
[24-10-31 15:23:49] 163   -43045.12 [    13305.3    3826.4   60237.9    6853.3   49999.5 ]
[24-10-31 15:23:49] 165   -43045.12 [    13305.3    3826.4   60237.9    6853.3   49999.5 ]
[24-10-31 15:23:49] 166   -43045.13 [    13306.3    3826.4   60237.9    6853.3   49999.5 ]
[24-10-31 15:23:50] 167    -43045.1 [    13303.7    3826.4   60237.9    6853.3   49999.5 ]
[24-10-31 15:23:50] 168   -43042.78 [    13127.3    3826.4   60237.9    6853.3   49999.5 ]
[24-10-31 15:23:51] 169   -43036.21 [    10950.3    3826.4   60237.9    6853.3   49999.5 ]
[24-10-31 15:23:51] 170   -43265.42 [     7427.9    3826.4   60237.9    6853.3   49999.5 ]
[24-10-31 15:23:52] 171   -43068.62 [     9604.9    3826.4   60237.9    6853.3   49999.5 ]
[24-10-31 15:23:52] 172   -43032.73 [    11781.9    3826.4   60237.9    6853.3   49999.5 ]
[24-10-31 15:23:53] 173   -43032.71 [    11594.6    3826.4   60237.9    6853.3   49999.5 ]
[24-10-31 15:23:53] 174   -43032.67 [    11681.0    3826.4   60237.9    6853.3   49999.5 ]
[24-10-31 15:23:54] 175   -43032.67 [    11664.7    3826.4   60237.9    6853.3   49999.5 ]
[24-10-31 15:23:54] 176   -43032.67 [    11697.2    3826.4   60237.9    6853.3   49999.5 ]
[24-10-31 15:23:55] 177   -43032.67 [    11681.0    3826.4   60237.9    6853.3   49999.5 ]
[24-10-31 15:23:55] 178   -43032.68 [    11681.0    3827.4   60237.9    6853.3   49999.5 ]
[24-10-31 15:23:55] 179   -43032.66 [    11681.0    3824.8   60237.9    6853.3   49999.5 ]
[24-10-31 15:23:56] 180   -43032.66 [    11681.0    3821.2   60237.9    6853.3   49999.5 ]
[24-10-31 15:23:56] 181   -43032.67 [    11681.0    3815.4   60237.9    6853.3   49999.5 ]
[24-10-31 15:23:57] 182   -43032.66 [    11681.0    3819.0   60237.9    6853.3   49999.5 ]
[24-10-31 15:23:57] 183   -43032.66 [    11681.0    3822.6   60237.9    6853.3   49999.5 ]
[24-10-31 15:23:58] 184   -43032.66 [    11681.0    3821.2   60237.9    6853.3   49999.5 ]
[24-10-31 15:23:58] 185   -43032.66 [    11681.0    3821.1   60237.9    6853.3   49999.5 ]
[24-10-31 15:23:59] 186   -43032.66 [    11681.0    3821.2   60237.9    6853.3   49999.5 ]
[24-10-31 15:23:59] 187   -43032.67 [    11681.0    3821.2   60238.9    6853.3   49999.5 ]
[24-10-31 15:24:00] 188   -43032.65 [    11681.0    3821.2   60236.3    6853.3   49999.5 ]
[24-10-31 15:24:00] 189   -43031.51 [    11681.0    3821.2   60059.9    6853.3   49999.5 ]
[24-10-31 15:24:00] 190   -43029.34 [    11681.0    3821.2   59309.3    6853.3   49999.5 ]
[24-10-31 15:24:01] 191   -43034.78 [    11681.0    3821.2   58094.7    6853.3   49999.5 ]
[24-10-31 15:24:01] 192   -43030.12 [    11681.0    3821.2   58845.3    6853.3   49999.5 ]
[24-10-31 15:24:02] 193   -43029.66 [    11681.0    3821.2   59596.0    6853.3   49999.5 ]
[24-10-31 15:24:02] 194   -43029.34 [    11681.0    3821.2   59300.0    6853.3   49999.5 ]
[24-10-31 15:24:03] 195   -43029.34 [    11681.0    3821.2   59290.6    6853.3   49999.5 ]
[24-10-31 15:24:03] 196   -43029.34 [    11681.0    3821.2   59300.0    6853.3   49999.5 ]
[24-10-31 15:24:04] 197   -43029.33 [    11681.0    3821.2   59300.0    6854.3   49999.5 ]
[24-10-31 15:24:04] 198   -43029.33 [    11681.0    3821.2   59300.0    6855.9   49999.5 ]
[24-10-31 15:24:05] 199   -43029.15 [    11681.0    3821.2   59300.0    6953.0   49999.5 ]
[24-10-31 15:24:05] 200   -43029.53 [    11681.0    3821.2   59300.0    7110.2   49999.5 ]
[24-10-31 15:24:06] 201    -43029.2 [    11681.0    3821.2   59300.0    7013.1   49999.5 ]
[24-10-31 15:24:06] 202   -43029.18 [    11681.0    3821.2   59300.0    6915.9   49999.5 ]
[24-10-31 15:24:06] 203   -43029.15 [    11681.0    3821.2   59300.0    6957.2   49999.5 ]
[24-10-31 15:24:07] 204   -43029.15 [    11681.0    3821.2   59300.0    6956.2   49999.5 ]
[24-10-31 15:24:07] 205   -43029.15 [    11681.0    3821.2   59300.0    6958.3   49999.5 ]
[24-10-31 15:24:08] 206   -43029.15 [    11681.0    3821.2   59300.0    6957.2   49999.5 ]
[24-10-31 15:24:08] 208   -43029.17 [    11681.0    3821.2   59300.0    6957.2   49997.9 ]
[24-10-31 15:24:09] 209   -43029.16 [    11681.0    3821.2   59300.0    6957.2   49998.9 ]
[24-10-31 15:24:09] 210   -43029.15 [    11681.0    3821.2   59300.0    6957.2   49999.9 ]
[24-10-31 15:24:10] 212   -43029.15 [    11681.0    3821.2   59300.0    6957.2   49999.7 ]
[24-10-31 15:24:10] 213   -43029.15 [    11681.0    3821.2   59300.0    6957.2   49999.9 ]
[24-10-31 15:24:11] 214   -43029.15 [    11681.0    3821.2   59300.0    6957.2   50000.0 ]
[24-10-31 15:24:11] 216   -43029.15 [    11681.0    3821.2   59300.0    6957.2   50000.0 ]
[24-10-31 15:24:11] 218   -43029.15 [    11681.0    3821.2   59300.0    6957.2   50000.0 ]
[24-10-31 15:24:12] 221   -43029.15 [    11681.0    3821.2   59300.0    6957.2   50000.0 ]
[24-10-31 15:24:12] 222   -43029.15 [    11682.0    3821.2   59300.0    6957.2   50000.0 ]
[24-10-31 15:24:13] 223   -43029.14 [    11679.4    3821.2   59300.0    6957.2   50000.0 ]
[24-10-31 15:24:13] 224    -43028.6 [    11503.0    3821.2   59300.0    6957.2   50000.0 ]
[24-10-31 15:24:14] 225   -43028.45 [    11328.4    3821.2   59300.0    6957.2   50000.0 ]
[24-10-31 15:24:14] 226   -43029.06 [    11045.9    3821.2   59300.0    6957.2   50000.0 ]
[24-10-31 15:24:15] 227   -43028.55 [    11220.5    3821.2   59300.0    6957.2   50000.0 ]
[24-10-31 15:24:15] 228   -43028.46 [    11395.1    3821.2   59300.0    6957.2   50000.0 ]
[24-10-31 15:24:16] 229   -43028.44 [    11346.3    3821.2   59300.0    6957.2   50000.0 ]
[24-10-31 15:24:16] 230   -43028.44 [    11343.0    3821.2   59300.0    6957.2   50000.0 ]
[24-10-31 15:24:16] 231   -43028.44 [    11349.7    3821.2   59300.0    6957.2   50000.0 ]
[24-10-31 15:24:17] 232   -43028.44 [    11346.3    3821.2   59300.0    6957.2   50000.0 ]
[24-10-31 15:24:17] 233   -43028.39 [    11346.3    3822.2   59300.0    6957.2   50000.0 ]
[24-10-31 15:24:18] 234    -43028.3 [    11346.3    3823.8   59300.0    6957.2   50000.0 ]
[24-10-31 15:24:18] 235   -43026.82 [    11346.3    3878.1   59300.0    6957.2   50000.0 ]
[24-10-31 15:24:19] 236   -43030.04 [    11346.3    3965.8   59300.0    6957.2   50000.0 ]
[24-10-31 15:24:19] 237   -43027.26 [    11346.3    3911.6   59300.0    6957.2   50000.0 ]
[24-10-31 15:24:20] 238   -43027.05 [    11346.3    3857.3   59300.0    6957.2   50000.0 ]
[24-10-31 15:24:20] 239   -43026.81 [    11346.3    3880.3   59300.0    6957.2   50000.0 ]
[24-10-31 15:24:21] 240   -43026.81 [    11346.3    3879.7   59300.0    6957.2   50000.0 ]
[24-10-31 15:24:21] 241   -43026.81 [    11346.3    3880.9   59300.0    6957.2   50000.0 ]
[24-10-31 15:24:22] 242   -43026.81 [    11346.3    3880.3   59300.0    6957.2   50000.0 ]
[24-10-31 15:24:22] 243   -43026.82 [    11346.3    3880.3   59301.0    6957.2   50000.0 ]
[24-10-31 15:24:22] 244    -43026.8 [    11346.3    3880.3   59298.4    6957.2   50000.0 ]
[24-10-31 15:24:23] 245   -43025.78 [    11346.3    3880.3   59122.0    6957.2   50000.0 ]
[24-10-31 15:24:23] 246   -43023.97 [    11346.3    3880.3   58424.8    6957.2   50000.0 ]
[24-10-31 15:24:24] 247   -43028.51 [    11346.3    3880.3   57296.7    6957.2   50000.0 ]
[24-10-31 15:24:24] 248   -43024.62 [    11346.3    3880.3   57993.9    6957.2   50000.0 ]
[24-10-31 15:24:25] 249   -43024.24 [    11346.3    3880.3   58691.1    6957.2   50000.0 ]
[24-10-31 15:24:25] 250   -43023.97 [    11346.3    3880.3   58416.1    6957.2   50000.0 ]
[24-10-31 15:24:26] 251   -43023.97 [    11346.3    3880.3   58407.2    6957.2   50000.0 ]
[24-10-31 15:24:26] 252   -43023.97 [    11346.3    3880.3   58416.1    6957.2   50000.0 ]
[24-10-31 15:24:26] 253   -43023.97 [    11346.3    3880.3   58416.1    6958.2   50000.0 ]
[24-10-31 15:24:27] 254   -43023.96 [    11346.3    3880.3   58416.1    6955.6   50000.0 ]
[24-10-31 15:24:27] 255   -43023.93 [    11346.3    3880.3   58416.1    6912.4   50000.0 ]
[24-10-31 15:24:28] 256   -43024.02 [    11346.3    3880.3   58416.1    6842.5   50000.0 ]
[24-10-31 15:24:28] 257   -43023.95 [    11346.3    3880.3   58416.1    6885.7   50000.0 ]
[24-10-31 15:24:29] 258   -43023.94 [    11346.3    3880.3   58416.1    6928.9   50000.0 ]
[24-10-31 15:24:29] 259   -43023.93 [    11346.3    3880.3   58416.1    6913.2   50000.0 ]
[24-10-31 15:24:30] 260   -43023.93 [    11346.3    3880.3   58416.1    6913.6   50000.0 ]
[24-10-31 15:24:30] 261   -43023.93 [    11346.3    3880.3   58416.1    6913.2   50000.0 ]
[24-10-31 15:24:31] 263   -43023.95 [    11346.3    3880.3   58416.1    6913.2   49998.4 ]
[24-10-31 15:24:31] 264   -43023.94 [    11346.3    3880.3   58416.1    6913.2   49999.4 ]
[24-10-31 15:24:32] 266   -43023.94 [    11346.3    3880.3   58416.1    6913.2   49999.7 ]
[24-10-31 15:24:32] 268   -43023.93 [    11346.3    3880.3   58416.1    6913.2   49999.9 ]
[24-10-31 15:24:32] 270   -43023.93 [    11346.3    3880.3   58416.1    6913.2   50000.0 ]
[24-10-31 15:24:33] 272   -43023.93 [    11346.3    3880.3   58416.1    6913.2   50000.0 ]
[24-10-31 15:24:33] 274   -43023.93 [    11346.3    3880.3   58416.1    6913.2   50000.0 ]
[24-10-31 15:24:34] 276   -43023.93 [    11346.3    3880.3   58416.1    6913.2   50000.0 ]
[24-10-31 15:24:34] 278   -43023.93 [    11346.3    3880.3   58416.1    6913.2   50000.0 ]
[24-10-31 15:24:35] 279   -43023.93 [    11346.3    3880.3   58416.1    6913.2   50000.0 ]
[24-10-31 15:24:35] 280   -43023.93 [    11346.3    3880.3   58416.1    6913.2   50000.0 ]
[24-10-31 15:24:36] 282   -43023.93 [    11346.3    3880.3   58416.1    6913.2   50000.0 ]
[24-10-31 15:24:36] 283   -43023.93 [    11346.3    3880.3   58416.1    6913.2   50000.0 ]
[24-10-31 15:24:37] 284   -43023.93 [    11346.3    3880.3   58416.1    6913.2   50000.0 ]
[24-10-31 15:24:37] 286   -43023.93 [    11346.3    3880.3   58416.1    6913.2   50000.0 ]
[24-10-31 15:24:38] 287   -43023.93 [    11346.3    3880.3   58416.1    6913.2   50000.0 ]
[24-10-31 15:24:38] 289   -43023.93 [    11346.3    3880.3   58416.1    6913.2   50000.0 ]
[24-10-31 15:24:38] 290   -43023.93 [    11347.3    3880.3   58416.1    6913.2   50000.0 ]
[24-10-31 15:24:39] 291   -43023.93 [    11344.7    3880.3   58416.1    6913.2   50000.0 ]
[24-10-31 15:24:39] 292    -43023.9 [    11277.5    3880.3   58416.1    6913.2   50000.0 ]
[24-10-31 15:24:40] 293   -43023.99 [    11168.7    3880.3   58416.1    6913.2   50000.0 ]
[24-10-31 15:24:40] 294   -43023.92 [    11235.9    3880.3   58416.1    6913.2   50000.0 ]
[24-10-31 15:24:41] 295   -43023.91 [    11303.1    3880.3   58416.1    6913.2   50000.0 ]
[24-10-31 15:24:41] 296    -43023.9 [    11278.6    3880.3   58416.1    6913.2   50000.0 ]
[24-10-31 15:24:42] 297    -43023.9 [    11279.3    3880.3   58416.1    6913.2   50000.0 ]
[24-10-31 15:24:42] 298    -43023.9 [    11278.6    3880.3   58416.1    6913.2   50000.0 ]
[24-10-31 15:24:43] 299   -43023.83 [    11278.6    3881.3   58416.1    6913.2   50000.0 ]
[24-10-31 15:24:43] 300   -43023.72 [    11278.6    3882.9   58416.1    6913.2   50000.0 ]
[24-10-31 15:24:44] 301   -43021.22 [    11278.6    3953.7   58416.1    6913.2   50000.0 ]
[24-10-31 15:24:44] 302   -43026.39 [    11278.6    4068.1   58416.1    6913.2   50000.0 ]
[24-10-31 15:24:44] 303   -43021.91 [    11278.6    3997.4   58416.1    6913.2   50000.0 ]
[24-10-31 15:24:45] 304   -43021.63 [    11278.6    3926.7   58416.1    6913.2   50000.0 ]
[24-10-31 15:24:45] 305   -43021.21 [    11278.6    3957.5   58416.1    6913.2   50000.0 ]
[24-10-31 15:24:46] 306   -43021.21 [    11278.6    3956.7   58416.1    6913.2   50000.0 ]
[24-10-31 15:24:46] 307   -43021.21 [    11278.6    3958.2   58416.1    6913.2   50000.0 ]
[24-10-31 15:24:47] 308   -43021.21 [    11278.6    3957.5   58416.1    6913.2   50000.0 ]
[24-10-31 15:24:47] 309   -43021.22 [    11278.6    3957.5   58417.1    6913.2   50000.0 ]
[24-10-31 15:24:48] 310    -43021.2 [    11278.6    3957.5   58414.4    6913.2   50000.0 ]
[24-10-31 15:24:48] 311    -43020.2 [    11278.6    3957.5   58238.1    6913.2   50000.0 ]
[24-10-31 15:24:49] 312   -43018.41 [    11278.6    3957.5   57529.8    6913.2   50000.0 ]
[24-10-31 15:24:49] 313   -43022.91 [    11278.6    3957.5   56383.8    6913.2   50000.0 ]
[24-10-31 15:24:49] 314   -43019.06 [    11278.6    3957.5   57092.1    6913.2   50000.0 ]
[24-10-31 15:24:50] 315   -43018.68 [    11278.6    3957.5   57800.3    6913.2   50000.0 ]
[24-10-31 15:24:50] 316   -43018.41 [    11278.6    3957.5   57521.0    6913.2   50000.0 ]
[24-10-31 15:24:51] 317   -43018.41 [    11278.6    3957.5   57512.0    6913.2   50000.0 ]
[24-10-31 15:24:51] 318   -43018.41 [    11278.6    3957.5   57521.0    6913.2   50000.0 ]
[24-10-31 15:24:52] 319   -43018.41 [    11278.6    3957.5   57521.0    6914.2   50000.0 ]
[24-10-31 15:24:52] 320    -43018.4 [    11278.6    3957.5   57521.0    6911.6   50000.0 ]
[24-10-31 15:24:53] 321   -43018.29 [    11278.6    3957.5   57521.0    6826.8   50000.0 ]
[24-10-31 15:24:53] 322   -43018.64 [    11278.6    3957.5   57521.0    6689.7   50000.0 ]
[24-10-31 15:24:53] 323   -43018.34 [    11278.6    3957.5   57521.0    6774.5   50000.0 ]
[24-10-31 15:24:54] 324   -43018.31 [    11278.6    3957.5   57521.0    6859.2   50000.0 ]
[24-10-31 15:24:54] 325   -43018.29 [    11278.6    3957.5   57521.0    6829.8   50000.0 ]
[24-10-31 15:24:55] 326   -43018.29 [    11278.6    3957.5   57521.0    6829.0   50000.0 ]
[24-10-31 15:24:55] 327   -43018.29 [    11278.6    3957.5   57521.0    6830.6   50000.0 ]
[24-10-31 15:24:55] 328   -43018.29 [    11278.6    3957.5   57521.0    6829.8   50000.0 ]
[24-10-31 15:24:56] 330   -43018.31 [    11278.6    3957.5   57521.0    6829.8   49998.4 ]
[24-10-31 15:24:56] 331    -43018.3 [    11278.6    3957.5   57521.0    6829.8   49999.4 ]
[24-10-31 15:24:57] 333   -43018.29 [    11278.6    3957.5   57521.0    6829.8   49999.7 ]
[24-10-31 15:24:57] 335   -43018.29 [    11278.6    3957.5   57521.0    6829.8   49999.9 ]
[24-10-31 15:24:58] 337   -43018.29 [    11278.6    3957.5   57521.0    6829.8   50000.0 ]
[24-10-31 15:24:58] 339   -43018.29 [    11278.6    3957.5   57521.0    6829.8   50000.0 ]
[24-10-31 15:24:58] 341   -43018.29 [    11278.6    3957.5   57521.0    6829.8   50000.0 ]
[24-10-31 15:24:59] 343   -43018.29 [    11278.6    3957.5   57521.0    6829.8   50000.0 ]
[24-10-31 15:24:59] 345   -43018.29 [    11278.6    3957.5   57521.0    6829.8   50000.0 ]
[24-10-31 15:25:00] 347   -43018.29 [    11278.6    3957.5   57521.0    6829.8   50000.0 ]
[24-10-31 15:25:00] 349   -43018.29 [    11278.6    3957.5   57521.0    6829.8   50000.0 ]
[24-10-31 15:25:01] 351   -43018.29 [    11278.6    3957.5   57521.0    6829.8   50000.0 ]
[24-10-31 15:25:01] 353   -43018.29 [    11278.6    3957.5   57521.0    6829.8   50000.0 ]
[24-10-31 15:25:01] 354   -43018.29 [    11278.6    3957.5   57521.0    6829.8   50000.0 ]
[24-10-31 15:25:02] 356   -43018.29 [    11278.6    3957.5   57521.0    6829.8   50000.0 ]
[24-10-31 15:25:02] 358   -43018.29 [    11278.6    3957.5   57521.0    6829.8   50000.0 ]
[24-10-31 15:25:02] 360   -43018.29 [    11278.6    3957.5   57521.0    6829.8   50000.0 ]
[24-10-31 15:25:02] 361   -43018.29 [    11278.6    3957.5   57521.0    6829.8   50000.0 ]
[24-10-31 15:25:03] 362   -43018.29 [    11278.6    3957.5   57521.0    6829.8   50000.0 ]
[24-10-31 15:25:03] 363   -43018.29 [    11278.6    3957.5   57521.0    6829.8   50000.0 ]
[24-10-31 15:25:03] 365   -43018.29 [    11278.6    3957.5   57521.0    6829.8   50000.0 ]
[24-10-31 15:25:03] 366   -43018.29 [    11279.6    3957.5   57521.0    6829.8   50000.0 ]
[24-10-31 15:25:04] 367   -43018.29 [    11277.0    3957.5   57521.0    6829.8   50000.0 ]
[24-10-31 15:25:04] 368   -43018.29 [    11274.8    3957.5   57521.0    6829.8   50000.0 ]
[24-10-31 15:25:04] 369   -43018.29 [    11271.4    3957.5   57521.0    6829.8   50000.0 ]
[24-10-31 15:25:05] 370   -43018.29 [    11273.5    3957.5   57521.0    6829.8   50000.0 ]
[24-10-31 15:25:05] 371   -43018.29 [    11275.7    3957.5   57521.0    6829.8   50000.0 ]
[24-10-31 15:25:06] 372   -43018.29 [    11274.9    3957.5   57521.0    6829.8   50000.0 ]
[24-10-31 15:25:06] 373   -43018.29 [    11274.8    3957.5   57521.0    6829.8   50000.0 ]
[24-10-31 15:25:07] 374   -43018.29 [    11274.8    3957.5   57521.0    6829.8   50000.0 ]
[24-10-31 15:25:07] 375   -43018.22 [    11274.8    3958.5   57521.0    6829.8   50000.0 ]
[24-10-31 15:25:07] 376    -43018.1 [    11274.8    3960.1   57521.0    6829.8   50000.0 ]
[24-10-31 15:25:08] 377   -43015.23 [    11274.8    4037.0   57521.0    6829.8   50000.0 ]
[24-10-31 15:25:08] 378   -43021.06 [    11274.8    4161.4   57521.0    6829.8   50000.0 ]
[24-10-31 15:25:09] 379   -43016.01 [    11274.8    4084.5   57521.0    6829.8   50000.0 ]
[24-10-31 15:25:09] 380   -43015.71 [    11274.8    4007.6   57521.0    6829.8   50000.0 ]
[24-10-31 15:25:09] 381   -43015.22 [    11274.8    4041.4   57521.0    6829.8   50000.0 ]
[24-10-31 15:25:10] 382   -43015.22 [    11274.8    4040.5   57521.0    6829.8   50000.0 ]
[24-10-31 15:25:10] 383   -43015.23 [    11274.8    4042.2   57521.0    6829.8   50000.0 ]
[24-10-31 15:25:10] 384   -43015.22 [    11274.8    4041.4   57521.0    6829.8   50000.0 ]
[24-10-31 15:25:11] 385   -43015.23 [    11274.8    4041.4   57522.0    6829.8   50000.0 ]
[24-10-31 15:25:11] 386   -43015.21 [    11274.8    4041.4   57519.3    6829.8   50000.0 ]
[24-10-31 15:25:11] 387   -43014.23 [    11274.8    4041.4   57343.0    6829.8   50000.0 ]
[24-10-31 15:25:11] 388   -43012.38 [    11274.8    4041.4   56607.8    6829.8   50000.0 ]
[24-10-31 15:25:12] 389   -43017.02 [    11274.8    4041.4   55418.2    6829.8   50000.0 ]
[24-10-31 15:25:12] 390   -43013.04 [    11274.8    4041.4   56153.4    6829.8   50000.0 ]
[24-10-31 15:25:12] 391   -43012.65 [    11274.8    4041.4   56888.6    6829.8   50000.0 ]
[24-10-31 15:25:12] 392   -43012.38 [    11274.8    4041.4   56598.6    6829.8   50000.0 ]
[24-10-31 15:25:13] 393   -43012.38 [    11274.8    4041.4   56589.4    6829.8   50000.0 ]
[24-10-31 15:25:13] 394   -43012.38 [    11274.8    4041.4   56598.6    6829.8   50000.0 ]
[24-10-31 15:25:13] 395   -43012.38 [    11274.8    4041.4   56598.6    6830.8   50000.0 ]
[24-10-31 15:25:13] 396   -43012.37 [    11274.8    4041.4   56598.6    6828.2   50000.0 ]
[24-10-31 15:25:14] 397   -43012.22 [    11274.8    4041.4   56598.6    6729.5   50000.0 ]
[24-10-31 15:25:14] 398    -43012.7 [    11274.8    4041.4   56598.6    6569.8   50000.0 ]
[24-10-31 15:25:14] 399   -43012.29 [    11274.8    4041.4   56598.6    6668.5   50000.0 ]
[24-10-31 15:25:15] 400   -43012.24 [    11274.8    4041.4   56598.6    6767.2   50000.0 ]
[24-10-31 15:25:15] 401   -43012.22 [    11274.8    4041.4   56598.6    6733.5   50000.0 ]
[24-10-31 15:25:16] 402   -43012.22 [    11274.8    4041.4   56598.6    6732.6   50000.0 ]
[24-10-31 15:25:16] 403   -43012.22 [    11274.8    4041.4   56598.6    6734.5   50000.0 ]
[24-10-31 15:25:17] 404   -43012.22 [    11274.8    4041.4   56598.6    6733.5   50000.0 ]
[24-10-31 15:25:17] 406   -43012.23 [    11274.8    4041.4   56598.6    6733.5   49998.4 ]
[24-10-31 15:25:18] 407   -43012.22 [    11274.8    4041.4   56598.6    6733.5   49999.4 ]
[24-10-31 15:25:18] 409   -43012.22 [    11274.8    4041.4   56598.6    6733.5   49999.7 ]
[24-10-31 15:25:18] 411   -43012.22 [    11274.8    4041.4   56598.6    6733.5   49999.9 ]
[24-10-31 15:25:19] 413   -43012.22 [    11274.8    4041.4   56598.6    6733.5   50000.0 ]
[24-10-31 15:25:19] 415   -43012.22 [    11274.8    4041.4   56598.6    6733.5   50000.0 ]
[24-10-31 15:25:20] 417   -43012.22 [    11274.8    4041.4   56598.6    6733.5   50000.0 ]
[24-10-31 15:25:20] 419   -43012.22 [    11274.8    4041.4   56598.6    6733.5   50000.0 ]
[24-10-31 15:25:21] 421   -43012.22 [    11274.8    4041.4   56598.6    6733.5   50000.0 ]
[24-10-31 15:25:21] 423   -43012.22 [    11274.8    4041.4   56598.6    6733.5   50000.0 ]
[24-10-31 15:25:22] 425   -43012.22 [    11274.8    4041.4   56598.6    6733.5   50000.0 ]
[24-10-31 15:25:22] 427   -43012.22 [    11274.8    4041.4   56598.6    6733.5   50000.0 ]
[24-10-31 15:25:23] 429   -43012.22 [    11274.8    4041.4   56598.6    6733.5   50000.0 ]
[24-10-31 15:25:23] 431   -43012.22 [    11274.8    4041.4   56598.6    6733.5   50000.0 ]
[24-10-31 15:25:23] 433   -43012.22 [    11274.8    4041.4   56598.6    6733.5   50000.0 ]
[24-10-31 15:25:24] 435   -43012.22 [    11274.8    4041.4   56598.6    6733.5   50000.0 ]
[24-10-31 15:25:24] 437   -43012.22 [    11274.8    4041.4   56598.6    6733.5   50000.0 ]
[24-10-31 15:25:25] 439   -43012.22 [    11274.8    4041.4   56598.6    6733.5   50000.0 ]
[24-10-31 15:25:25] 441   -43012.22 [    11274.8    4041.4   56598.6    6733.5   50000.0 ]
[24-10-31 15:25:26] 442   -43012.22 [    11274.8    4041.4   56598.6    6733.5   50000.0 ]
[24-10-31 15:25:26] 443   -43012.22 [    11274.8    4041.4   56598.6    6733.5   50000.0 ]
[24-10-31 15:25:27] 445   -43012.22 [    11274.8    4041.4   56598.6    6733.5   50000.0 ]
[24-10-31 15:25:27] 446   -43012.22 [    11274.8    4041.4   56598.6    6733.5   50000.0 ]
[24-10-31 15:25:28] 448   -43012.22 [    11274.8    4041.4   56598.6    6733.5   50000.0 ]
[24-10-31 15:25:28] 449   -43012.22 [    11274.8    4041.4   56598.6    6733.5   50000.0 ]
[24-10-31 15:25:28] 451   -43012.22 [    11274.8    4041.4   56598.6    6733.5   50000.0 ]
[24-10-31 15:25:29] 452   -43012.22 [    11275.8    4041.4   56598.6    6733.5   50000.0 ]
[24-10-31 15:25:29] 453   -43012.22 [    11277.5    4041.4   56598.6    6733.5   50000.0 ]
[24-10-31 15:25:30] 454   -43012.22 [    11287.4    4041.4   56598.6    6733.5   50000.0 ]
[24-10-31 15:25:30] 455   -43012.22 [    11303.4    4041.4   56598.6    6733.5   50000.0 ]
[24-10-31 15:25:31] 456   -43012.22 [    11293.5    4041.4   56598.6    6733.5   50000.0 ]
[24-10-31 15:25:31] 457   -43012.22 [    11283.6    4041.4   56598.6    6733.5   50000.0 ]
[24-10-31 15:25:32] 458   -43012.22 [    11287.5    4041.4   56598.6    6733.5   50000.0 ]
[24-10-31 15:25:32] 459   -43012.22 [    11287.2    4041.4   56598.6    6733.5   50000.0 ]
[24-10-31 15:25:33] 460   -43012.22 [    11287.4    4041.4   56598.6    6733.5   50000.0 ]
[24-10-31 15:25:33] 461   -43012.14 [    11287.4    4042.4   56598.6    6733.5   50000.0 ]
[24-10-31 15:25:34] 462   -43012.02 [    11287.4    4044.0   56598.6    6733.5   50000.0 ]
[24-10-31 15:25:34] 463   -43008.99 [    11287.4    4124.6   56598.6    6733.5   50000.0 ]
[24-10-31 15:25:34] 464   -43015.12 [    11287.4    4255.1   56598.6    6733.5   50000.0 ]
[24-10-31 15:25:35] 465    -43009.8 [    11287.4    4174.5   56598.6    6733.5   50000.0 ]
[24-10-31 15:25:35] 466   -43009.49 [    11287.4    4093.8   56598.6    6733.5   50000.0 ]
[24-10-31 15:25:36] 467   -43008.98 [    11287.4    4129.4   56598.6    6733.5   50000.0 ]
[24-10-31 15:25:36] 468   -43008.98 [    11287.4    4128.5   56598.6    6733.5   50000.0 ]
[24-10-31 15:25:37] 469   -43008.98 [    11287.4    4130.3   56598.6    6733.5   50000.0 ]
[24-10-31 15:25:37] 470   -43008.98 [    11287.4    4129.4   56598.6    6733.5   50000.0 ]
[24-10-31 15:25:38] 471   -43008.99 [    11287.4    4129.4   56599.6    6733.5   50000.0 ]
[24-10-31 15:25:38] 472   -43008.97 [    11287.4    4129.4   56597.0    6733.5   50000.0 ]
[24-10-31 15:25:39] 473   -43007.99 [    11287.4    4129.4   56420.6    6733.5   50000.0 ]
[24-10-31 15:25:39] 474   -43006.06 [    11287.4    4129.4   55653.4    6733.5   50000.0 ]
[24-10-31 15:25:39] 475    -43010.9 [    11287.4    4129.4   54412.0    6733.5   50000.0 ]
[24-10-31 15:25:40] 476   -43006.75 [    11287.4    4129.4   55179.2    6733.5   50000.0 ]
[24-10-31 15:25:40] 477   -43006.35 [    11287.4    4129.4   55946.5    6733.5   50000.0 ]
[24-10-31 15:25:41] 478   -43006.06 [    11287.4    4129.4   55644.0    6733.5   50000.0 ]
[24-10-31 15:25:41] 479   -43006.06 [    11287.4    4129.4   55634.4    6733.5   50000.0 ]
[24-10-31 15:25:42] 480   -43006.06 [    11287.4    4129.4   55644.0    6733.5   50000.0 ]
[24-10-31 15:25:42] 481   -43006.06 [    11287.4    4129.4   55644.0    6734.5   50000.0 ]
[24-10-31 15:25:42] 482   -43006.05 [    11287.4    4129.4   55644.0    6731.9   50000.0 ]
[24-10-31 15:25:43] 483   -43005.87 [    11287.4    4129.4   55644.0    6626.3   50000.0 ]
[24-10-31 15:25:43] 484   -43006.45 [    11287.4    4129.4   55644.0    6455.5   50000.0 ]
[24-10-31 15:25:44] 485   -43005.96 [    11287.4    4129.4   55644.0    6561.1   50000.0 ]
[24-10-31 15:25:44] 486    -43005.9 [    11287.4    4129.4   55644.0    6666.7   50000.0 ]
[24-10-31 15:25:45] 487   -43005.87 [    11287.4    4129.4   55644.0    6631.0   50000.0 ]
[24-10-31 15:25:45] 488   -43005.87 [    11287.4    4129.4   55644.0    6630.0   50000.0 ]
[24-10-31 15:25:45] 489   -43005.87 [    11287.4    4129.4   55644.0    6632.0   50000.0 ]
[24-10-31 15:25:46] 490   -43005.87 [    11287.4    4129.4   55644.0    6631.0   50000.0 ]
[24-10-31 15:25:46] 492   -43005.89 [    11287.4    4129.4   55644.0    6631.0   49998.4 ]
[24-10-31 15:25:47] 493   -43005.88 [    11287.4    4129.4   55644.0    6631.0   49999.4 ]
[24-10-31 15:25:47] 495   -43005.88 [    11287.4    4129.4   55644.0    6631.0   49999.7 ]
[24-10-31 15:25:47] 497   -43005.87 [    11287.4    4129.4   55644.0    6631.0   49999.9 ]
[24-10-31 15:25:48] 499   -43005.87 [    11287.4    4129.4   55644.0    6631.0   50000.0 ]
[24-10-31 15:25:48] 501   -43005.87 [    11287.4    4129.4   55644.0    6631.0   50000.0 ]
[24-10-31 15:25:49] 503   -43005.87 [    11287.4    4129.4   55644.0    6631.0   50000.0 ]
[24-10-31 15:25:49] 505   -43005.87 [    11287.4    4129.4   55644.0    6631.0   50000.0 ]
[24-10-31 15:25:50] 507   -43005.87 [    11287.4    4129.4   55644.0    6631.0   50000.0 ]
[24-10-31 15:25:50] 509   -43005.87 [    11287.4    4129.4   55644.0    6631.0   50000.0 ]
[24-10-31 15:25:50] 511   -43005.87 [    11287.4    4129.4   55644.0    6631.0   50000.0 ]
[24-10-31 15:25:51] 513   -43005.87 [    11287.4    4129.4   55644.0    6631.0   50000.0 ]
[24-10-31 15:25:51] 515   -43005.87 [    11287.4    4129.4   55644.0    6631.0   50000.0 ]
[24-10-31 15:25:52] 517   -43005.87 [    11287.4    4129.4   55644.0    6631.0   50000.0 ]
[24-10-31 15:25:52] 519   -43005.87 [    11287.4    4129.4   55644.0    6631.0   50000.0 ]
[24-10-31 15:25:52] 521   -43005.87 [    11287.4    4129.4   55644.0    6631.0   50000.0 ]
[24-10-31 15:25:53] 523   -43005.87 [    11287.4    4129.4   55644.0    6631.0   50000.0 ]
[24-10-31 15:25:53] 525   -43005.87 [    11287.4    4129.4   55644.0    6631.0   50000.0 ]
[24-10-31 15:25:54] 527   -43005.87 [    11287.4    4129.4   55644.0    6631.0   50000.0 ]
[24-10-31 15:25:54] 529   -43005.87 [    11287.4    4129.4   55644.0    6631.0   50000.0 ]
[24-10-31 15:25:55] 531   -43005.87 [    11287.4    4129.4   55644.0    6631.0   50000.0 ]
[24-10-31 15:25:55] 533   -43005.87 [    11287.4    4129.4   55644.0    6631.0   50000.0 ]
[24-10-31 15:25:55] 534   -43005.87 [    11287.4    4129.4   55644.0    6631.0   50000.0 ]
[24-10-31 15:25:56] 535   -43005.87 [    11287.4    4129.4   55644.0    6631.0   50000.0 ]
[24-10-31 15:25:56] 536   -43005.87 [    11287.4    4129.4   55644.0    6631.0   50000.0 ]
[24-10-31 15:25:57] 537   -43005.87 [    11287.4    4129.4   55644.0    6631.0   50000.0 ]
[24-10-31 15:25:57] 538   -43005.87 [    11287.4    4129.4   55644.0    6631.0   50000.0 ]
[24-10-31 15:25:57] 539   -42999.56 [    11299.9    4217.4   54689.3    6528.5   50000.0 ]
[24-10-31 15:25:58] 540   -43005.87 [    11287.4    4129.4   55644.0    6631.0   50000.0 ]
[24-10-31 15:25:58] 541   -42999.56 [    11299.9    4217.4   54689.3    6528.5   50000.0 ]
[24-10-31 15:25:59] 542   -42989.43 [    11320.2    4359.8   53144.6    6362.5   50000.0 ]
[24-10-31 15:25:59] 546   -42929.99 [    11443.2    5224.6   43761.7    5354.7   50000.0 ]
[24-10-31 15:26:00] 547   -42959.21 [    11381.7    4792.2   48453.2    5858.6   50000.0 ]
[24-10-31 15:26:00] 549   -42916.59 [    11472.3    5428.8   41546.7    5116.7   50000.0 ]
[24-10-31 15:26:01] 550   -42908.45 [    11490.3    5555.0   40177.7    4969.7   50000.0 ]
[24-10-31 15:26:01] 552   -42911.55 [    11483.4    5506.8   40700.6    5025.8   50000.0 ]
[24-10-31 15:26:02] 554   -42909.63 [    11487.6    5536.6   40377.5    4991.1   50000.0 ]
[24-10-31 15:26:02] 555   -42907.54 [    11492.3    5569.3   40023.1    4953.1   50000.0 ]
[24-10-31 15:26:03] 556   -42907.54 [    11492.3    5569.3   40023.1    4953.1   50000.0 ]
[24-10-31 15:26:03] 557   -42907.54 [    11493.3    5569.3   40023.1    4953.1   50000.0 ]
[24-10-31 15:26:03] 558   -42907.54 [    11494.9    5569.3   40023.1    4953.1   50000.0 ]
[24-10-31 15:26:03] 559   -42907.45 [    11607.4    5569.3   40023.1    4953.1   50000.0 ]
[24-10-31 15:26:04] 560   -42907.64 [    11789.4    5569.3   40023.1    4953.1   50000.0 ]
[24-10-31 15:26:04] 561   -42907.48 [    11676.9    5569.3   40023.1    4953.1   50000.0 ]
[24-10-31 15:26:04] 562   -42907.47 [    11564.4    5569.3   40023.1    4953.1   50000.0 ]
[24-10-31 15:26:04] 563   -42907.45 [    11610.7    5569.3   40023.1    4953.1   50000.0 ]
[24-10-31 15:26:05] 564   -42907.45 [    11609.5    5569.3   40023.1    4953.1   50000.0 ]
[24-10-31 15:26:05] 565   -42907.45 [    11611.9    5569.3   40023.1    4953.1   50000.0 ]
[24-10-31 15:26:05] 566   -42907.45 [    11610.7    5569.3   40023.1    4953.1   50000.0 ]
[24-10-31 15:26:05] 568   -42907.46 [    11610.7    5569.3   40023.1    4953.1   49998.4 ]
[24-10-31 15:26:06] 569   -42907.46 [    11610.7    5569.3   40023.1    4953.1   49999.4 ]
[24-10-31 15:26:06] 571   -42907.46 [    11610.7    5569.3   40023.1    4953.1   49999.7 ]
[24-10-31 15:26:06] 573   -42907.45 [    11610.7    5569.3   40023.1    4953.1   49999.9 ]
[24-10-31 15:26:07] 575   -42907.45 [    11610.7    5569.3   40023.1    4953.1   50000.0 ]
[24-10-31 15:26:07] 577   -42907.45 [    11610.7    5569.3   40023.1    4953.1   50000.0 ]
[24-10-31 15:26:07] 579   -42907.45 [    11610.7    5569.3   40023.1    4953.1   50000.0 ]
[24-10-31 15:26:08] 581   -42907.45 [    11610.7    5569.3   40023.1    4953.1   50000.0 ]
[24-10-31 15:26:08] 583   -42907.45 [    11610.7    5569.3   40023.1    4953.1   50000.0 ]
[24-10-31 15:26:08] 585   -42907.45 [    11610.7    5569.3   40023.1    4953.1   50000.0 ]
[24-10-31 15:26:09] 587   -42907.45 [    11610.7    5569.3   40023.1    4953.1   50000.0 ]
[24-10-31 15:26:09] 589   -42907.45 [    11610.7    5569.3   40023.1    4953.1   50000.0 ]
[24-10-31 15:26:09] 591   -42907.45 [    11610.7    5569.3   40023.1    4953.1   50000.0 ]
[24-10-31 15:26:09] 593   -42907.45 [    11610.7    5569.3   40023.1    4953.1   50000.0 ]
[24-10-31 15:26:09] 595   -42907.45 [    11610.7    5569.3   40023.1    4953.1   50000.0 ]
[24-10-31 15:26:10] 597   -42907.45 [    11610.7    5569.3   40023.1    4953.1   50000.0 ]
[24-10-31 15:26:10] 599   -42907.45 [    11610.7    5569.3   40023.1    4953.1   50000.0 ]
[24-10-31 15:26:10] 601   -42907.45 [    11610.7    5569.3   40023.1    4953.1   50000.0 ]
[24-10-31 15:26:10] 603   -42907.45 [    11610.7    5569.3   40023.1    4953.1   50000.0 ]
[24-10-31 15:26:11] 605   -42907.45 [    11610.7    5569.3   40023.1    4953.1   50000.0 ]
[24-10-31 15:26:11] 606   -42907.45 [    11610.7    5569.3   40023.1    4953.1   50000.0 ]
[24-10-31 15:26:11] 607   -42907.45 [    11610.7    5569.3   40023.1    4953.1   50000.0 ]
[24-10-31 15:26:11] 609   -42907.45 [    11610.7    5569.3   40023.1    4953.1   50000.0 ]
[24-10-31 15:26:12] 611   -42907.45 [    11610.7    5569.3   40023.1    4953.1   50000.0 ]
[24-10-31 15:26:12] 612   -42907.45 [    11610.7    5569.3   40023.1    4953.1   50000.0 ]
[24-10-31 15:26:12] 613   -42907.45 [    11610.7    5569.3   40023.1    4953.1   50000.0 ]
[24-10-31 15:26:12] 614   -42907.45 [    11610.7    5569.3   40023.1    4953.1   50000.0 ]
[24-10-31 15:26:13] 615   -42907.45 [    11610.7    5569.3   40024.1    4953.1   50000.0 ]
[24-10-31 15:26:13] 616   -42907.45 [    11610.7    5569.3   40025.7    4953.1   50000.0 ]
[24-10-31 15:26:13] 617   -42907.41 [    11610.7    5569.3   40182.9    4953.1   50000.0 ]
[24-10-31 15:26:13] 618   -42907.52 [    11610.7    5569.3   40437.3    4953.1   50000.0 ]
[24-10-31 15:26:14] 619   -42907.43 [    11610.7    5569.3   40280.1    4953.1   50000.0 ]
[24-10-31 15:26:14] 620   -42907.41 [    11610.7    5569.3   40122.9    4953.1   50000.0 ]
[24-10-31 15:26:14] 621   -42907.41 [    11610.7    5569.3   40181.3    4953.1   50000.0 ]
[24-10-31 15:26:14] 622   -42907.41 [    11610.7    5569.3   40184.5    4953.1   50000.0 ]
[24-10-31 15:26:15] 623   -42907.41 [    11610.7    5569.3   40182.9    4953.1   50000.0 ]
[24-10-31 15:26:15] 624   -42907.41 [    11610.7    5569.3   40182.9    4954.1   50000.0 ]
[24-10-31 15:26:15] 625    -42907.4 [    11610.7    5569.3   40182.9    4951.4   50000.0 ]
[24-10-31 15:26:16] 626   -42907.29 [    11610.7    5569.3   40182.9    4889.5   50000.0 ]
[24-10-31 15:26:16] 627   -42907.63 [    11610.7    5569.3   40182.9    4789.3   50000.0 ]
[24-10-31 15:26:16] 628   -42907.34 [    11610.7    5569.3   40182.9    4851.2   50000.0 ]
[24-10-31 15:26:17] 629   -42907.31 [    11610.7    5569.3   40182.9    4913.2   50000.0 ]
[24-10-31 15:26:17] 630   -42907.29 [    11610.7    5569.3   40182.9    4891.8   50000.0 ]
[24-10-31 15:26:17] 631   -42907.29 [    11610.7    5569.3   40182.9    4891.1   50000.0 ]
[24-10-31 15:26:18] 632   -42907.29 [    11610.7    5569.3   40182.9    4892.4   50000.0 ]
[24-10-31 15:26:18] 633   -42907.29 [    11610.7    5569.3   40182.9    4891.8   50000.0 ]
[24-10-31 15:26:19] 640   -42906.65 [    11612.1    5579.3   40074.1    4880.1   50000.0 ]
[24-10-31 15:26:19] 641   -42906.97 [    11611.4    5574.3   40128.5    4885.9   50000.0 ]
[24-10-31 15:26:20] 645    -42906.4 [    11612.7    5583.1   40032.5    4875.6   50000.0 ]
[24-10-31 15:26:20] 646   -42906.25 [    11613.0    5585.5   40006.8    4872.8   50000.0 ]
[24-10-31 15:26:20] 648   -42906.31 [    11612.9    5584.6   40016.6    4873.9   50000.0 ]
[24-10-31 15:26:21] 649   -42906.21 [    11613.1    5586.0   40000.8    4872.2   50000.0 ]
[24-10-31 15:26:21] 651   -42906.23 [    11613.0    5585.8   40003.1    4872.4   50000.0 ]
Optimization terminated successfully.
         Current function value: 42906.211426
         Iterations: 8
         Function evaluations: 652
[24-10-31 15:26:21] 652      fit p: [    11613.1    5586.0   40000.8    4872.2   50000.0 ]
method: Powell
objective_func: objective_H2
fopt: -42906.2114255387
max_iter: 100
num_iter: 8
func_calls: 652
flag: 0
u_fitted: False
u: 1.111e-08
