[24-10-31 14:55:23] fitting objective_H2 to data for demes ['French', 'KhomaniSan', 'Yoruba']
[24-10-31 14:55:23] 0        pnames [         NK       NFY       TFY        NF        NY ]
[24-10-31 14:55:23] 0            p0 [    19907.5   15250.6   73293.4    8193.7   26109.5 ]
[24-10-31 14:55:23] 1     -48952.27 [    19907.5   15250.6   73293.4    8193.7   26109.5 ]
[24-10-31 14:55:23] 2     -48952.27 [    19907.5   15250.6   73293.4    8193.7   26109.5 ]
[24-10-31 14:55:23] 3     -48952.24 [    19908.5   15250.6   73293.4    8193.7   26109.5 ]
[24-10-31 14:55:24] 4      -48952.2 [    19910.2   15250.6   73293.4    8193.7   26109.5 ]
[24-10-31 14:55:24] 5     -48947.75 [    20086.5   15250.6   73293.4    8193.7   26109.5 ]
[24-10-31 14:55:24] 6     -48846.66 [    26282.5   15250.6   73293.4    8193.7   26109.5 ]
[24-10-31 14:55:24] 7     -48786.62 [    36307.7   15250.6   73293.4    8193.7   26109.5 ]
[24-10-31 14:55:24] 8     -48787.63 [    35999.7   15250.6   73293.4    8193.7   26109.5 ]
[24-10-31 14:55:25] 10    -48771.87 [    42503.6   15250.6   73293.4    8193.7   26109.5 ]
[24-10-31 14:55:25] 11    -48766.43 [    46332.9   15250.6   73293.4    8193.7   26109.5 ]
[24-10-31 14:55:25] 12    -48763.97 [    48699.5   15250.6   73293.4    8193.7   26109.5 ]
[24-10-31 14:55:25] 14    -48764.84 [    47795.5   15250.6   73293.4    8193.7   26109.5 ]
[24-10-31 14:55:26] 15    -48763.47 [    49258.2   15250.6   73293.4    8193.7   26109.5 ]
[24-10-31 14:55:26] 16    -48763.18 [    49603.5   15250.6   73293.4    8193.7   26109.5 ]
[24-10-31 14:55:26] 17    -48763.18 [    49603.5   15250.6   73293.4    8193.7   26109.5 ]
[24-10-31 14:55:26] 18    -48763.33 [    49603.5   15251.6   73293.4    8193.7   26109.5 ]
[24-10-31 14:55:27] 19    -48762.93 [    49603.5   15248.9   73293.4    8193.7   26109.5 ]
[24-10-31 14:55:27] 20    -48762.53 [    49603.5   15246.3   73293.4    8193.7   26109.5 ]
[24-10-31 14:55:27] 21    -48761.88 [    49603.5   15242.1   73293.4    8193.7   26109.5 ]
[24-10-31 14:55:27] 22    -48760.83 [    49603.5   15235.2   73293.4    8193.7   26109.5 ]
[24-10-31 14:55:27] 23    -48759.12 [    49603.5   15224.1   73293.4    8193.7   26109.5 ]
[24-10-31 14:55:28] 24    -48756.37 [    49603.5   15206.2   73293.4    8193.7   26109.5 ]
[24-10-31 14:55:28] 25    -48751.89 [    49603.5   15177.2   73293.4    8193.7   26109.5 ]
[24-10-31 14:55:28] 26    -48744.62 [    49603.5   15130.2   73293.4    8193.7   26109.5 ]
[24-10-31 14:55:28] 27    -48732.78 [    49603.5   15054.2   73293.4    8193.7   26109.5 ]
[24-10-31 14:55:29] 28     -48713.4 [    49603.5   14931.2   73293.4    8193.7   26109.5 ]
[24-10-31 14:55:29] 29    -48681.48 [    49603.5   14732.2   73293.4    8193.7   26109.5 ]
[24-10-31 14:55:29] 30    -48628.28 [    49603.5   14410.2   73293.4    8193.7   26109.5 ]
[24-10-31 14:55:29] 31    -48537.93 [    49603.5   13889.2   73293.4    8193.7   26109.5 ]
[24-10-31 14:55:30] 32    -48379.37 [    49603.5   13046.2   73293.4    8193.7   26109.5 ]
[24-10-31 14:55:30] 33    -48084.82 [    49603.5   11682.2   73293.4    8193.7   26109.5 ]
[24-10-31 14:55:30] 34    -47476.87 [    49603.5    9475.2   73293.4    8193.7   26109.5 ]
[24-10-31 14:55:30] 35    -45948.67 [    49603.5    5904.2   73293.4    8193.7   26109.5 ]
[24-10-31 14:55:30] 36   -135923.89 [    49603.5     126.2   73293.4    8193.7   26109.5 ]
[24-10-31 14:55:31] 37    -44662.84 [    49603.5    3697.2   73293.4    8193.7   26109.5 ]
[24-10-31 14:55:31] 38    -44824.53 [    49603.5    2333.2   73293.4    8193.7   26109.5 ]
[24-10-31 14:55:31] 39     -44507.6 [    49603.5    3317.0   73293.4    8193.7   26109.5 ]
[24-10-31 14:55:31] 40    -44462.36 [    49603.5    3125.8   73293.4    8193.7   26109.5 ]
[24-10-31 14:55:32] 41    -44465.58 [    49603.5    2823.1   73293.4    8193.7   26109.5 ]
[24-10-31 14:55:32] 42    -44450.57 [    49603.5    3004.6   73293.4    8193.7   26109.5 ]
[24-10-31 14:55:32] 43    -44450.57 [    49603.5    3004.6   73293.4    8193.7   26109.5 ]
[24-10-31 14:55:32] 44    -44450.59 [    49603.5    3004.6   73294.4    8193.7   26109.5 ]
[24-10-31 14:55:33] 45    -44450.54 [    49603.5    3004.6   73291.8    8193.7   26109.5 ]
[24-10-31 14:55:33] 46    -44446.96 [    49603.5    3004.6   73115.4    8193.7   26109.5 ]
[24-10-31 14:55:33] 47     -44433.0 [    49603.5    3004.6   71676.9    8193.7   26109.5 ]
[24-10-31 14:55:33] 48    -44465.92 [    49603.5    3004.6   69349.4    8193.7   26109.5 ]
[24-10-31 14:55:33] 49    -44437.64 [    49603.5    3004.6   70787.9    8193.7   26109.5 ]
[24-10-31 14:55:34] 50    -44435.17 [    49603.5    3004.6   72226.4    8193.7   26109.5 ]
[24-10-31 14:55:34] 51     -44433.0 [    49603.5    3004.6   71642.6    8193.7   26109.5 ]
[24-10-31 14:55:34] 52     -44433.0 [    49603.5    3004.6   71626.1    8193.7   26109.5 ]
[24-10-31 14:55:34] 53     -44433.0 [    49603.5    3004.6   71659.1    8193.7   26109.5 ]
[24-10-31 14:55:35] 54     -44433.0 [    49603.5    3004.6   71642.6    8193.7   26109.5 ]
[24-10-31 14:55:35] 55    -44433.04 [    49603.5    3004.6   71642.6    8194.7   26109.5 ]
[24-10-31 14:55:35] 56    -44432.93 [    49603.5    3004.6   71642.6    8192.0   26109.5 ]
[24-10-31 14:55:35] 57    -44425.63 [    49603.5    3004.6   71642.6    8015.7   26109.5 ]
[24-10-31 14:55:35] 58    -44427.31 [    49603.5    3004.6   71642.6    5912.7   26109.5 ]
[24-10-31 14:55:36] 59    -44402.15 [    49603.5    3004.6   71642.6    7212.4   26109.5 ]
[24-10-31 14:55:36] 60    -44399.39 [    49603.5    3004.6   71642.6    6715.9   26109.5 ]
[24-10-31 14:55:36] 61    -44398.99 [    49603.5    3004.6   71642.6    6812.0   26109.5 ]
[24-10-31 14:55:36] 62    -44398.97 [    49603.5    3004.6   71642.6    6850.0   26109.5 ]
[24-10-31 14:55:37] 63    -44398.97 [    49603.5    3004.6   71642.6    6836.5   26109.5 ]
[24-10-31 14:55:37] 64    -44398.97 [    49603.5    3004.6   71642.6    6836.5   26109.5 ]
[24-10-31 14:55:37] 65     -44398.9 [    49603.5    3004.6   71642.6    6836.5   26110.5 ]
[24-10-31 14:55:37] 66    -44398.79 [    49603.5    3004.6   71642.6    6836.5   26112.1 ]
[24-10-31 14:55:37] 67    -44387.08 [    49603.5    3004.6   71642.6    6836.5   26288.5 ]
[24-10-31 14:55:38] 68    -43875.19 [    49603.5    3004.6   71642.6    6836.5   37904.4 ]
[24-10-31 14:55:38] 70    -43700.53 [    49603.5    3004.6   71642.6    6836.5   45083.4 ]
[24-10-31 14:55:38] 71     -43619.8 [    49603.5    3004.6   71642.6    6836.5   49520.3 ]
[24-10-31 14:55:38] 73    -43648.72 [    49603.5    3004.6   71642.6    6836.5   47825.6 ]
[24-10-31 14:55:38] 75    -43630.59 [    49603.5    3004.6   71642.6    6836.5   48873.0 ]
[24-10-31 14:55:39] 76    -43613.28 [    49603.5    3004.6   71642.6    6836.5   49920.4 ]
[24-10-31 14:55:39] 79    -43613.28 [    49603.5    3004.6   71642.6    6836.5   49920.4 ]
[24-10-31 14:55:39] 80    -43613.28 [    49604.5    3004.6   71642.6    6836.5   49920.4 ]
[24-10-31 14:55:39] 81    -43613.27 [    49601.9    3004.6   71642.6    6836.5   49920.4 ]
[24-10-31 14:55:39] 82    -43613.25 [    49599.2    3004.6   71642.6    6836.5   49920.4 ]
[24-10-31 14:55:40] 83    -43613.22 [    49595.0    3004.6   71642.6    6836.5   49920.4 ]
[24-10-31 14:55:40] 84    -43613.17 [    49588.2    3004.6   71642.6    6836.5   49920.4 ]
[24-10-31 14:55:40] 85     -43613.1 [    49577.1    3004.6   71642.6    6836.5   49920.4 ]
[24-10-31 14:55:40] 86    -43612.97 [    49559.1    3004.6   71642.6    6836.5   49920.4 ]
[24-10-31 14:55:41] 87    -43612.78 [    49530.1    3004.6   71642.6    6836.5   49920.4 ]
[24-10-31 14:55:41] 88    -43612.45 [    49483.1    3004.6   71642.6    6836.5   49920.4 ]
[24-10-31 14:55:41] 89    -43611.93 [    49407.1    3004.6   71642.6    6836.5   49920.4 ]
[24-10-31 14:55:41] 90    -43611.09 [    49284.1    3004.6   71642.6    6836.5   49920.4 ]
[24-10-31 14:55:41] 91    -43609.71 [    49085.1    3004.6   71642.6    6836.5   49920.4 ]
[24-10-31 14:55:42] 92    -43607.46 [    48763.1    3004.6   71642.6    6836.5   49920.4 ]
[24-10-31 14:55:42] 93    -43603.78 [    48242.1    3004.6   71642.6    6836.5   49920.4 ]
[24-10-31 14:55:42] 94    -43597.69 [    47399.1    3004.6   71642.6    6836.5   49920.4 ]
[24-10-31 14:55:42] 95    -43587.47 [    46035.1    3004.6   71642.6    6836.5   49920.4 ]
[24-10-31 14:55:42] 96    -43569.92 [    43828.1    3004.6   71642.6    6836.5   49920.4 ]
[24-10-31 14:55:43] 97    -43538.58 [    40257.1    3004.6   71642.6    6836.5   49920.4 ]
[24-10-31 14:55:43] 98    -43478.61 [    34479.1    3004.6   71642.6    6836.5   49920.4 ]
[24-10-31 14:55:43] 99    -43350.08 [    25130.1    3004.6   71642.6    6836.5   49920.4 ]
[24-10-31 14:55:43] 100    -43221.9 [    10003.1    3004.6   71642.6    6836.5   49920.4 ]
[24-10-31 14:55:44] 102   -43191.65 [    15781.1    3004.6   71642.6    6836.5   49920.4 ]
[24-10-31 14:55:44] 103   -43250.48 [    19352.1    3004.6   71642.6    6836.5   49920.4 ]
[24-10-31 14:55:44] 104   -43172.04 [    14019.3    3004.6   71642.6    6836.5   49920.4 ]
[24-10-31 14:55:44] 105   -43169.06 [    13534.5    3004.6   71642.6    6836.5   49920.4 ]
[24-10-31 14:55:44] 106   -43169.78 [    12185.6    3004.6   71642.6    6836.5   49920.4 ]
[24-10-31 14:55:45] 107   -43167.49 [    12933.4    3004.6   71642.6    6836.5   49920.4 ]
[24-10-31 14:55:45] 108   -43167.94 [    12566.7    3004.6   71642.6    6836.5   49920.4 ]
[24-10-31 14:55:45] 109   -43167.49 [    12933.4    3004.6   71642.6    6836.5   49920.4 ]
[24-10-31 14:55:45] 110   -43167.73 [    12933.4    3005.6   71642.6    6836.5   49920.4 ]
[24-10-31 14:55:45] 111    -43167.1 [    12933.4    3003.0   71642.6    6836.5   49920.4 ]
[24-10-31 14:55:46] 112   -43144.93 [    12933.4    2826.6   71642.6    6836.5   49920.4 ]
[24-10-31 14:55:46] 113   -43145.01 [    12933.4    2816.0   71642.6    6836.5   49920.4 ]
[24-10-31 14:55:46] 114   -43148.41 [    12933.4    2894.0   71642.6    6836.5   49920.4 ]
[24-10-31 14:55:46] 115   -43145.46 [    12933.4    2852.3   71642.6    6836.5   49920.4 ]
[24-10-31 14:55:47] 116   -43144.93 [    12933.4    2824.8   71642.6    6836.5   49920.4 ]
[24-10-31 14:55:47] 117   -43144.93 [    12933.4    2828.4   71642.6    6836.5   49920.4 ]
[24-10-31 14:55:47] 118   -43144.93 [    12933.4    2826.6   71642.6    6836.5   49920.4 ]
[24-10-31 14:55:47] 119   -43144.94 [    12933.4    2826.6   71643.6    6836.5   49920.4 ]
[24-10-31 14:55:47] 120   -43144.91 [    12933.4    2826.6   71641.0    6836.5   49920.4 ]
[24-10-31 14:55:48] 121   -43143.14 [    12933.4    2826.6   71464.6    6836.5   49920.4 ]
[24-10-31 14:55:48] 122   -43140.43 [    12933.4    2826.6   70854.5    6836.5   49920.4 ]
[24-10-31 14:55:48] 123   -43147.13 [    12933.4    2826.6   69867.2    6836.5   49920.4 ]
[24-10-31 14:55:48] 124   -43141.39 [    12933.4    2826.6   70477.4    6836.5   49920.4 ]
[24-10-31 14:55:48] 125   -43140.84 [    12933.4    2826.6   71087.5    6836.5   49920.4 ]
[24-10-31 14:55:49] 126   -43140.43 [    12933.4    2826.6   70846.6    6836.5   49920.4 ]
[24-10-31 14:55:49] 127   -43140.43 [    12933.4    2826.6   70838.6    6836.5   49920.4 ]
[24-10-31 14:55:49] 128   -43140.43 [    12933.4    2826.6   70846.6    6836.5   49920.4 ]
[24-10-31 14:55:49] 129   -43140.39 [    12933.4    2826.6   70846.6    6837.5   49920.4 ]
[24-10-31 14:55:50] 130   -43140.32 [    12933.4    2826.6   70846.6    6839.2   49920.4 ]
[24-10-31 14:55:50] 131   -43133.39 [    12933.4    2826.6   70846.6    7015.5   49920.4 ]
[24-10-31 14:55:50] 132   -43120.98 [    12933.4    2826.6   70846.6    7618.2   49920.4 ]
[24-10-31 14:55:50] 133    -43126.2 [    12933.4    2826.6   70846.6    8593.3   49920.4 ]
[24-10-31 14:55:50] 134   -43120.04 [    12933.4    2826.6   70846.6    7990.6   49920.4 ]
[24-10-31 14:55:51] 135   -43121.42 [    12933.4    2826.6   70846.6    8220.8   49920.4 ]
[24-10-31 14:55:51] 136   -43119.88 [    12933.4    2826.6   70846.6    7893.3   49920.4 ]
[24-10-31 14:55:51] 137   -43119.88 [    12933.4    2826.6   70846.6    7882.7   49920.4 ]
[24-10-31 14:55:51] 138   -43119.88 [    12933.4    2826.6   70846.6    7872.3   49920.4 ]
[24-10-31 14:55:51] 139   -43119.88 [    12933.4    2826.6   70846.6    7882.7   49920.4 ]
[24-10-31 14:55:52] 140   -43119.87 [    12933.4    2826.6   70846.6    7882.7   49921.4 ]
[24-10-31 14:55:52] 141   -43119.85 [    12933.4    2826.6   70846.6    7882.7   49923.0 ]
[24-10-31 14:55:52] 143    -43119.0 [    12933.4    2826.6   70846.6    7882.7   49990.4 ]
[24-10-31 14:55:52] 145   -43119.42 [    12933.4    2826.6   70846.6    7882.7   49956.7 ]
[24-10-31 14:55:53] 147   -43119.16 [    12933.4    2826.6   70846.6    7882.7   49977.5 ]
[24-10-31 14:55:53] 148   -43118.92 [    12933.4    2826.6   70846.6    7882.7   49996.4 ]
[24-10-31 14:55:53] 150   -43118.95 [    12933.4    2826.6   70846.6    7882.7   49994.1 ]
[24-10-31 14:55:53] 151    -43118.9 [    12933.4    2826.6   70846.6    7882.7   49997.9 ]
[24-10-31 14:55:53] 152   -43118.89 [    12933.4    2826.6   70846.6    7882.7   49998.8 ]
[24-10-31 14:55:54] 154   -43118.89 [    12933.4    2826.6   70846.6    7882.7   49998.8 ]
[24-10-31 14:55:54] 155   -43118.91 [    12934.4    2826.6   70846.6    7882.7   49998.8 ]
[24-10-31 14:55:54] 156   -43118.87 [    12931.7    2826.6   70846.6    7882.7   49998.8 ]
[24-10-31 14:55:54] 157   -43116.75 [    12755.4    2826.6   70846.6    7882.7   49998.8 ]
[24-10-31 14:55:54] 158   -43110.91 [    11046.0    2826.6   70846.6    7882.7   49998.8 ]
[24-10-31 14:55:55] 159   -43226.33 [     8280.1    2826.6   70846.6    7882.7   49998.8 ]
[24-10-31 14:55:55] 160   -43128.57 [     9989.5    2826.6   70846.6    7882.7   49998.8 ]
[24-10-31 14:55:55] 161   -43109.35 [    11698.9    2826.6   70846.6    7882.7   49998.8 ]
[24-10-31 14:55:55] 162   -43109.23 [    11514.5    2826.6   70846.6    7882.7   49998.8 ]
[24-10-31 14:55:55] 163   -43109.22 [    11553.9    2826.6   70846.6    7882.7   49998.8 ]
[24-10-31 14:55:56] 164   -43109.22 [    11540.1    2826.6   70846.6    7882.7   49998.8 ]
[24-10-31 14:55:56] 165   -43109.22 [    11567.7    2826.6   70846.6    7882.7   49998.8 ]
[24-10-31 14:55:56] 166   -43109.22 [    11553.9    2826.6   70846.6    7882.7   49998.8 ]
[24-10-31 14:55:56] 167   -43109.26 [    11553.9    2827.6   70846.6    7882.7   49998.8 ]
[24-10-31 14:55:57] 168   -43109.15 [    11553.9    2825.0   70846.6    7882.7   49998.8 ]
[24-10-31 14:55:57] 169   -43108.62 [    11553.9    2799.2   70846.6    7882.7   49998.8 ]
[24-10-31 14:55:57] 170   -43110.19 [    11553.9    2757.4   70846.6    7882.7   49998.8 ]
[24-10-31 14:55:57] 171   -43108.85 [    11553.9    2783.2   70846.6    7882.7   49998.8 ]
[24-10-31 14:55:57] 172   -43108.69 [    11553.9    2809.0   70846.6    7882.7   49998.8 ]
[24-10-31 14:55:58] 173   -43108.62 [    11553.9    2799.9   70846.6    7882.7   49998.8 ]
[24-10-31 14:55:58] 174   -43108.62 [    11553.9    2799.6   70846.6    7882.7   49998.8 ]
[24-10-31 14:55:58] 175   -43108.62 [    11553.9    2800.1   70846.6    7882.7   49998.8 ]
[24-10-31 14:55:58] 176   -43108.62 [    11553.9    2799.9   70846.6    7882.7   49998.8 ]
[24-10-31 14:55:58] 177   -43108.62 [    11553.9    2799.9   70847.6    7882.7   49998.8 ]
[24-10-31 14:55:59] 178    -43108.6 [    11553.9    2799.9   70844.9    7882.7   49998.8 ]
[24-10-31 14:55:59] 179   -43107.49 [    11553.9    2799.9   70668.6    7882.7   49998.8 ]
[24-10-31 14:55:59] 180   -43106.61 [    11553.9    2799.9   70322.2    7882.7   49998.8 ]
[24-10-31 14:55:59] 181   -43108.83 [    11553.9    2799.9   69761.6    7882.7   49998.8 ]
[24-10-31 14:56:00] 182   -43106.93 [    11553.9    2799.9   70108.1    7882.7   49998.8 ]
[24-10-31 14:56:00] 183   -43106.74 [    11553.9    2799.9   70454.5    7882.7   49998.8 ]
[24-10-31 14:56:00] 184   -43106.61 [    11553.9    2799.9   70316.9    7882.7   49998.8 ]
[24-10-31 14:56:00] 185   -43106.61 [    11553.9    2799.9   70311.6    7882.7   49998.8 ]
[24-10-31 14:56:00] 186   -43106.61 [    11553.9    2799.9   70316.9    7882.7   49998.8 ]
[24-10-31 14:56:01] 187   -43106.61 [    11553.9    2799.9   70316.9    7883.7   49998.8 ]
[24-10-31 14:56:01] 188    -43106.6 [    11553.9    2799.9   70316.9    7885.4   49998.8 ]
[24-10-31 14:56:01] 189   -43106.12 [    11553.9    2799.9   70316.9    8061.1   49998.8 ]
[24-10-31 14:56:01] 190   -43107.04 [    11553.9    2799.9   70316.9    8345.4   49998.8 ]
[24-10-31 14:56:01] 191   -43106.24 [    11553.9    2799.9   70316.9    8169.6   49998.8 ]
[24-10-31 14:56:02] 192    -43106.2 [    11553.9    2799.9   70316.9    7993.9   49998.8 ]
[24-10-31 14:56:02] 193   -43106.12 [    11553.9    2799.9   70316.9    8073.1   49998.8 ]
[24-10-31 14:56:02] 194   -43106.12 [    11553.9    2799.9   70316.9    8071.2   49998.8 ]
[24-10-31 14:56:02] 195   -43106.12 [    11553.9    2799.9   70316.9    8075.0   49998.8 ]
[24-10-31 14:56:02] 196   -43106.12 [    11553.9    2799.9   70316.9    8073.1   49998.8 ]
[24-10-31 14:56:03] 197   -43106.11 [    11553.9    2799.9   70316.9    8073.1   49999.8 ]
[24-10-31 14:56:03] 200   -43106.11 [    11553.9    2799.9   70316.9    8073.1   49999.4 ]
[24-10-31 14:56:03] 201   -43106.11 [    11553.9    2799.9   70316.9    8073.1   49999.6 ]
[24-10-31 14:56:03] 203   -43106.11 [    11553.9    2799.9   70316.9    8073.1   49999.9 ]
[24-10-31 14:56:04] 204   -43106.11 [    11553.9    2799.9   70316.9    8073.1   49999.9 ]
[24-10-31 14:56:04] 205   -43106.11 [    11553.9    2799.9   70316.9    8073.1   49999.9 ]
[24-10-31 14:56:04] 206   -43106.11 [    11553.9    2799.9   70316.9    8073.1   50000.0 ]
[24-10-31 14:56:04] 207   -43106.11 [    11553.9    2799.9   70316.9    8073.1   50000.0 ]
[24-10-31 14:56:04] 209   -43106.11 [    11553.9    2799.9   70316.9    8073.1   50000.0 ]
[24-10-31 14:56:05] 210   -43106.11 [    11554.9    2799.9   70316.9    8073.1   50000.0 ]
[24-10-31 14:56:05] 211    -43106.1 [    11552.3    2799.9   70316.9    8073.1   50000.0 ]
[24-10-31 14:56:05] 212   -43105.45 [    11375.9    2799.9   70316.9    8073.1   50000.0 ]
[24-10-31 14:56:05] 213    -43105.2 [    11156.5    2799.9   70316.9    8073.1   50000.0 ]
[24-10-31 14:56:05] 214   -43106.25 [    10801.5    2799.9   70316.9    8073.1   50000.0 ]
[24-10-31 14:56:06] 215   -43105.37 [    11020.9    2799.9   70316.9    8073.1   50000.0 ]
[24-10-31 14:56:06] 216   -43105.22 [    11240.3    2799.9   70316.9    8073.1   50000.0 ]
[24-10-31 14:56:06] 217   -43105.19 [    11180.7    2799.9   70316.9    8073.1   50000.0 ]
[24-10-31 14:56:06] 218   -43105.19 [    11176.9    2799.9   70316.9    8073.1   50000.0 ]
[24-10-31 14:56:07] 219   -43105.19 [    11184.4    2799.9   70316.9    8073.1   50000.0 ]
[24-10-31 14:56:07] 220   -43105.19 [    11180.7    2799.9   70316.9    8073.1   50000.0 ]
[24-10-31 14:56:07] 221   -43105.15 [    11180.7    2800.9   70316.9    8073.1   50000.0 ]
[24-10-31 14:56:07] 222   -43105.08 [    11180.7    2802.5   70316.9    8073.1   50000.0 ]
[24-10-31 14:56:07] 223   -43104.62 [    11180.7    2825.1   70316.9    8073.1   50000.0 ]
[24-10-31 14:56:08] 224    -43105.7 [    11180.7    2861.8   70316.9    8073.1   50000.0 ]
[24-10-31 14:56:08] 225   -43104.77 [    11180.7    2839.1   70316.9    8073.1   50000.0 ]
[24-10-31 14:56:08] 226   -43104.69 [    11180.7    2816.5   70316.9    8073.1   50000.0 ]
[24-10-31 14:56:08] 227   -43104.62 [    11180.7    2825.7   70316.9    8073.1   50000.0 ]
[24-10-31 14:56:08] 228   -43104.62 [    11180.7    2825.4   70316.9    8073.1   50000.0 ]
[24-10-31 14:56:09] 229   -43104.62 [    11180.7    2826.0   70316.9    8073.1   50000.0 ]
[24-10-31 14:56:09] 230   -43104.62 [    11180.7    2825.7   70316.9    8073.1   50000.0 ]
[24-10-31 14:56:09] 231   -43104.63 [    11180.7    2825.7   70317.9    8073.1   50000.0 ]
[24-10-31 14:56:09] 232   -43104.61 [    11180.7    2825.7   70315.3    8073.1   50000.0 ]
[24-10-31 14:56:10] 233   -43103.59 [    11180.7    2825.7   70138.9    8073.1   50000.0 ]
[24-10-31 14:56:10] 234   -43102.88 [    11180.7    2825.7   69822.5    8073.1   50000.0 ]
[24-10-31 14:56:10] 235   -43104.69 [    11180.7    2825.7   69310.5    8073.1   50000.0 ]
[24-10-31 14:56:10] 236   -43103.14 [    11180.7    2825.7   69626.9    8073.1   50000.0 ]
[24-10-31 14:56:10] 237   -43102.98 [    11180.7    2825.7   69943.4    8073.1   50000.0 ]
[24-10-31 14:56:11] 238   -43102.88 [    11180.7    2825.7   69817.5    8073.1   50000.0 ]
[24-10-31 14:56:11] 239   -43102.88 [    11180.7    2825.7   69812.5    8073.1   50000.0 ]
[24-10-31 14:56:11] 240   -43102.88 [    11180.7    2825.7   69817.5    8073.1   50000.0 ]
[24-10-31 14:56:11] 241   -43102.88 [    11180.7    2825.7   69817.5    8074.1   50000.0 ]
[24-10-31 14:56:12] 242   -43102.88 [    11180.7    2825.7   69817.5    8075.7   50000.0 ]
[24-10-31 14:56:12] 243   -43102.87 [    11180.7    2825.7   69817.5    8091.0   50000.0 ]
[24-10-31 14:56:12] 244   -43102.88 [    11180.7    2825.7   69817.5    8115.6   50000.0 ]
[24-10-31 14:56:12] 245   -43102.87 [    11180.7    2825.7   69817.5    8100.4   50000.0 ]
[24-10-31 14:56:13] 246   -43102.87 [    11180.7    2825.7   69817.5    8085.1   50000.0 ]
[24-10-31 14:56:13] 247   -43102.87 [    11180.7    2825.7   69817.5    8091.1   50000.0 ]
[24-10-31 14:56:13] 248   -43102.87 [    11180.7    2825.7   69817.5    8091.3   50000.0 ]
[24-10-31 14:56:13] 249   -43102.87 [    11180.7    2825.7   69817.5    8091.1   50000.0 ]
[24-10-31 14:56:13] 251   -43102.89 [    11180.7    2825.7   69817.5    8091.1   49998.4 ]
[24-10-31 14:56:14] 252   -43102.88 [    11180.7    2825.7   69817.5    8091.1   49999.4 ]
[24-10-31 14:56:14] 254   -43102.88 [    11180.7    2825.7   69817.5    8091.1   49999.7 ]
[24-10-31 14:56:14] 256   -43102.87 [    11180.7    2825.7   69817.5    8091.1   49999.9 ]
[24-10-31 14:56:14] 258   -43102.87 [    11180.7    2825.7   69817.5    8091.1   49999.9 ]
[24-10-31 14:56:15] 260   -43102.87 [    11180.7    2825.7   69817.5    8091.1   50000.0 ]
[24-10-31 14:56:15] 261   -43102.87 [    11180.7    2825.7   69817.5    8091.1   50000.0 ]
[24-10-31 14:56:15] 262   -43102.87 [    11180.7    2825.7   69817.5    8091.1   50000.0 ]
[24-10-31 14:56:15] 263   -43102.87 [    11180.7    2825.7   69817.5    8091.1   50000.0 ]
[24-10-31 14:56:16] 265   -43102.87 [    11180.7    2825.7   69817.5    8091.1   50000.0 ]
[24-10-31 14:56:16] 267   -43102.87 [    11180.7    2825.7   69817.5    8091.1   50000.0 ]
[24-10-31 14:56:16] 269   -43102.87 [    11180.7    2825.7   69817.5    8091.1   50000.0 ]
Optimization terminated successfully.
         Current function value: 43102.871849
         Iterations: 4
         Function evaluations: 269
[24-10-31 14:56:16] 269      fit p: [    11180.7    2825.7   69817.5    8091.1   50000.0 ]
method: Powell
objective_func: objective_H2
fopt: -43102.87184890294
max_iter: 100
num_iter: 4
func_calls: 269
flag: 0
u_fitted: False
u: 1.111e-08
