[24-10-31 15:04:11] fitting objective_H2 to data for demes ['French', 'KhomaniSan', 'Yoruba']
[24-10-31 15:04:11] 0        pnames [         NK       NFY       TFY        NF        NY ]
[24-10-31 15:04:11] 0            p0 [    14772.6   28163.9   81407.2    7792.8   16598.7 ]
[24-10-31 15:04:11] 1     -23026.35 [    14772.6   28163.9   81407.2    7792.8   16598.7 ]
[24-10-31 15:04:11] 2     -23026.35 [    14772.6   28163.9   81407.2    7792.8   16598.7 ]
[24-10-31 15:04:11] 3     -23026.18 [    14773.6   28163.9   81407.2    7792.8   16598.7 ]
[24-10-31 15:04:12] 4     -23025.92 [    14775.2   28163.9   81407.2    7792.8   16598.7 ]
[24-10-31 15:04:12] 5     -22997.76 [    14951.6   28163.9   81407.2    7792.8   16598.7 ]
[24-10-31 15:04:12] 6     -22656.13 [    18390.5   28163.9   81407.2    7792.8   16598.7 ]
[24-10-31 15:04:12] 7     -22519.31 [    23954.7   28163.9   81407.2    7792.8   16598.7 ]
[24-10-31 15:04:13] 8      -22527.9 [    22653.4   28163.9   81407.2    7792.8   16598.7 ]
[24-10-31 15:04:13] 9     -22599.55 [    32957.7   28163.9   81407.2    7792.8   16598.7 ]
[24-10-31 15:04:13] 10     -22530.7 [    27393.5   28163.9   81407.2    7792.8   16598.7 ]
[24-10-31 15:04:13] 11    -22538.81 [    21829.3   28163.9   81407.2    7792.8   16598.7 ]
[24-10-31 15:04:14] 12    -22518.37 [    24936.3   28163.9   81407.2    7792.8   16598.7 ]
[24-10-31 15:04:14] 13    -22518.23 [    24722.0   28163.9   81407.2    7792.8   16598.7 ]
[24-10-31 15:04:14] 14    -22518.23 [    24622.5   28163.9   81407.2    7792.8   16598.7 ]
[24-10-31 15:04:14] 15    -22518.26 [    24524.0   28163.9   81407.2    7792.8   16598.7 ]
[24-10-31 15:04:15] 16    -22518.23 [    24622.5   28163.9   81407.2    7792.8   16598.7 ]
[24-10-31 15:04:15] 17    -22518.42 [    24622.5   28164.9   81407.2    7792.8   16598.7 ]
[24-10-31 15:04:15] 18    -22517.92 [    24622.5   28162.2   81407.2    7792.8   16598.7 ]
[24-10-31 15:04:15] 19    -22517.42 [    24622.5   28159.6   81407.2    7792.8   16598.7 ]
[24-10-31 15:04:16] 20    -22516.62 [    24622.5   28155.4   81407.2    7792.8   16598.7 ]
[24-10-31 15:04:16] 21    -22515.32 [    24622.5   28148.5   81407.2    7792.8   16598.7 ]
[24-10-31 15:04:16] 22    -22513.22 [    24622.5   28137.4   81407.2    7792.8   16598.7 ]
[24-10-31 15:04:16] 23    -22509.81 [    24622.5   28119.5   81407.2    7792.8   16598.7 ]
[24-10-31 15:04:17] 24    -22504.29 [    24622.5   28090.5   81407.2    7792.8   16598.7 ]
[24-10-31 15:04:17] 25    -22495.33 [    24622.5   28043.5   81407.2    7792.8   16598.7 ]
[24-10-31 15:04:17] 26    -22480.79 [    24622.5   27967.5   81407.2    7792.8   16598.7 ]
[24-10-31 15:04:17] 27    -22457.12 [    24622.5   27844.5   81407.2    7792.8   16598.7 ]
[24-10-31 15:04:18] 28    -22418.45 [    24622.5   27645.5   81407.2    7792.8   16598.7 ]
[24-10-31 15:04:18] 29     -22354.9 [    24622.5   27323.5   81407.2    7792.8   16598.7 ]
[24-10-31 15:04:18] 30    -22249.38 [    24622.5   26802.5   81407.2    7792.8   16598.7 ]
[24-10-31 15:04:18] 31    -22071.28 [    24622.5   25959.5   81407.2    7792.8   16598.7 ]
[24-10-31 15:04:19] 32    -21762.15 [    24622.5   24595.5   81407.2    7792.8   16598.7 ]
[24-10-31 15:04:19] 33     -21198.9 [    24622.5   22388.5   81407.2    7792.8   16598.7 ]
[24-10-31 15:04:19] 34    -20078.38 [    24622.5   18817.5   81407.2    7792.8   16598.7 ]
[24-10-31 15:04:19] 35    -17449.11 [    24622.5   13039.5   81407.2    7792.8   16598.7 ]
[24-10-31 15:04:20] 36    -16920.76 [    24622.5    3690.5   81407.2    7792.8   16598.7 ]
[24-10-31 15:04:20] 37    -13635.64 [    24622.5    7292.4   81407.2    7792.8   16598.7 ]
[24-10-31 15:04:20] 38    -15142.07 [    24622.5    9487.6   81407.2    7792.8   16598.7 ]
[24-10-31 15:04:20] 39    -13112.33 [    24622.5    5916.6   81407.2    7792.8   16598.7 ]
[24-10-31 15:04:21] 40    -14411.56 [    24622.5    4384.2   81407.2    7792.8   16598.7 ]
[24-10-31 15:04:21] 41    -13143.93 [    24622.5    6154.2   81407.2    7792.8   16598.7 ]
[24-10-31 15:04:21] 42    -13118.09 [    24622.5    5694.1   81407.2    7792.8   16598.7 ]
[24-10-31 15:04:21] 43    -13112.33 [    24622.5    5916.6   81407.2    7792.8   16598.7 ]
[24-10-31 15:04:22] 44    -13112.34 [    24622.5    5916.6   81408.2    7792.8   16598.7 ]
[24-10-31 15:04:22] 45    -13112.31 [    24622.5    5916.6   81405.6    7792.8   16598.7 ]
[24-10-31 15:04:22] 46    -13110.71 [    24622.5    5916.6   81229.2    7792.8   16598.7 ]
[24-10-31 15:04:22] 47    -13108.33 [    24622.5    5916.6   80627.7    7792.8   16598.7 ]
[24-10-31 15:04:23] 48    -13114.42 [    24622.5    5916.6   79654.5    7792.8   16598.7 ]
[24-10-31 15:04:23] 49    -13109.21 [    24622.5    5916.6   80256.0    7792.8   16598.7 ]
[24-10-31 15:04:23] 50    -13108.68 [    24622.5    5916.6   80857.5    7792.8   16598.7 ]
[24-10-31 15:04:23] 51    -13108.33 [    24622.5    5916.6   80619.9    7792.8   16598.7 ]
[24-10-31 15:04:23] 52    -13108.33 [    24622.5    5916.6   80635.5    7792.8   16598.7 ]
[24-10-31 15:04:24] 53    -13108.33 [    24622.5    5916.6   80627.7    7792.8   16598.7 ]
[24-10-31 15:04:24] 54    -13109.48 [    24622.5    5916.6   80627.7    7793.8   16598.7 ]
[24-10-31 15:04:24] 55    -13106.46 [    24622.5    5916.6   80627.7    7791.2   16598.7 ]
[24-10-31 15:04:24] 56    -13103.45 [    24622.5    5916.6   80627.7    7788.6   16598.7 ]
[24-10-31 15:04:25] 57    -13098.57 [    24622.5    5916.6   80627.7    7784.4   16598.7 ]
[24-10-31 15:04:25] 58    -13090.67 [    24622.5    5916.6   80627.7    7777.5   16598.7 ]
[24-10-31 15:04:25] 59    -13077.89 [    24622.5    5916.6   80627.7    7766.4   16598.7 ]
[24-10-31 15:04:25] 60    -13057.18 [    24622.5    5916.6   80627.7    7748.5   16598.7 ]
[24-10-31 15:04:26] 61    -13023.61 [    24622.5    5916.6   80627.7    7719.5   16598.7 ]
[24-10-31 15:04:26] 62    -12969.15 [    24622.5    5916.6   80627.7    7672.5   16598.7 ]
[24-10-31 15:04:26] 63    -12880.65 [    24622.5    5916.6   80627.7    7596.5   16598.7 ]
[24-10-31 15:04:26] 64    -12736.48 [    24622.5    5916.6   80627.7    7473.5   16598.7 ]
[24-10-31 15:04:27] 65    -12500.86 [    24622.5    5916.6   80627.7    7274.5   16598.7 ]
[24-10-31 15:04:27] 66     -12114.3 [    24622.5    5916.6   80627.7    6952.5   16598.7 ]
[24-10-31 15:04:27] 67    -11480.18 [    24622.5    5916.6   80627.7    6431.5   16598.7 ]
[24-10-31 15:04:27] 68    -10468.75 [    24622.5    5916.6   80627.7    5588.5   16598.7 ]
[24-10-31 15:04:28] 72    -10020.38 [    24622.5    5916.6   80627.7    2979.0   16598.7 ]
[24-10-31 15:04:28] 73     -9264.61 [    24622.5    5916.6   80627.7    4283.7   16598.7 ]
[24-10-31 15:04:28] 74     -9198.14 [    24622.5    5916.6   80627.7    4134.5   16598.7 ]
[24-10-31 15:04:28] 75     -9153.01 [    24622.5    5916.6   80627.7    3958.0   16598.7 ]
[24-10-31 15:04:29] 76     -9214.26 [    24622.5    5916.6   80627.7    3584.1   16598.7 ]
[24-10-31 15:04:29] 77     -9146.49 [    24622.5    5916.6   80627.7    3878.5   16598.7 ]
[24-10-31 15:04:29] 78     -9146.79 [    24622.5    5916.6   80627.7    3839.4   16598.7 ]
[24-10-31 15:04:29] 79     -9148.54 [    24622.5    5916.6   80627.7    3917.6   16598.7 ]
[24-10-31 15:04:30] 80     -9146.49 [    24622.5    5916.6   80627.7    3878.5   16598.7 ]
[24-10-31 15:04:30] 81     -9146.04 [    24622.5    5916.6   80627.7    3878.5   16599.7 ]
[24-10-31 15:04:30] 82     -9145.31 [    24622.5    5916.6   80627.7    3878.5   16601.3 ]
[24-10-31 15:04:30] 83     -9066.98 [    24622.5    5916.6   80627.7    3878.5   16777.7 ]
[24-10-31 15:04:31] 84     -7368.36 [    24622.5    5916.6   80627.7    3878.5   22636.7 ]
[24-10-31 15:04:31] 85     -6271.28 [    24622.5    5916.6   80627.7    3878.5   32116.7 ]
[24-10-31 15:04:31] 86     -6247.08 [    24622.5    5916.6   80627.7    3878.5   32472.0 ]
[24-10-31 15:04:31] 87      -6209.5 [    24622.5    5916.6   80627.7    3878.5   33047.0 ]
[24-10-31 15:04:32] 88     -5748.84 [    24622.5    5916.6   80627.7    3878.5   43832.1 ]
[24-10-31 15:04:32] 91     -5882.65 [    24622.5    5916.6   80627.7    3878.5   39712.6 ]
[24-10-31 15:04:32] 92     -5810.96 [    24622.5    5916.6   80627.7    3878.5   41772.4 ]
[24-10-31 15:04:32] 93     -5682.89 [    24622.5    5916.6   80627.7    3878.5   46378.2 ]
[24-10-31 15:04:33] 94     -5647.14 [    24622.5    5916.6   80627.7    3878.5   47951.7 ]
[24-10-31 15:04:33] 95     -5626.69 [    24622.5    5916.6   80627.7    3878.5   48924.2 ]
[24-10-31 15:04:33] 96     -5614.64 [    24622.5    5916.6   80627.7    3878.5   49525.2 ]
[24-10-31 15:04:33] 97      -5607.4 [    24622.5    5916.6   80627.7    3878.5   49896.7 ]
[24-10-31 15:04:34] 99      -5607.4 [    24622.5    5916.6   80627.7    3878.5   49896.7 ]
[24-10-31 15:04:34] 100    -5607.44 [    24623.5    5916.6   80627.7    3878.5   49896.7 ]
[24-10-31 15:04:34] 101    -5607.35 [    24620.9    5916.6   80627.7    3878.5   49896.7 ]
[24-10-31 15:04:34] 102    -5601.58 [    24444.5    5916.6   80627.7    3878.5   49896.7 ]
[24-10-31 15:04:35] 103   -12537.97 [     5702.1    5916.6   80627.7    3878.5   49896.7 ]
[24-10-31 15:04:35] 104    -5489.32 [    17285.6    5916.6   80627.7    3878.5   49896.7 ]
[24-10-31 15:04:35] 105    -5849.42 [    12861.1    5916.6   80627.7    3878.5   49896.7 ]
[24-10-31 15:04:35] 106    -5487.94 [    19929.4    5916.6   80627.7    3878.5   49896.7 ]
[24-10-31 15:04:36] 107    -5478.34 [    18680.7    5916.6   80627.7    3878.5   49896.7 ]
[24-10-31 15:04:36] 108    -5478.28 [    18621.3    5916.6   80627.7    3878.5   49896.7 ]
[24-10-31 15:04:36] 109    -5478.27 [    18554.2    5916.6   80627.7    3878.5   49896.7 ]
[24-10-31 15:04:36] 110     -5479.8 [    18069.6    5916.6   80627.7    3878.5   49896.7 ]
[24-10-31 15:04:37] 111     -5478.3 [    18493.5    5916.6   80627.7    3878.5   49896.7 ]
[24-10-31 15:04:37] 112    -5478.27 [    18554.2    5916.6   80627.7    3878.5   49896.7 ]
[24-10-31 15:04:37] 113    -5478.05 [    18554.2    5917.6   80627.7    3878.5   49896.7 ]
[24-10-31 15:04:37] 114     -5477.7 [    18554.2    5919.2   80627.7    3878.5   49896.7 ]
[24-10-31 15:04:38] 115    -5451.09 [    18554.2    6095.6   80627.7    3878.5   49896.7 ]
[24-10-31 15:04:38] 116    -5445.26 [    18554.2    6209.3   80627.7    3878.5   49896.7 ]
[24-10-31 15:04:38] 117    -5452.26 [    18554.2    6393.3   80627.7    3878.5   49896.7 ]
[24-10-31 15:04:38] 118    -5445.67 [    18554.2    6279.6   80627.7    3878.5   49896.7 ]
[24-10-31 15:04:39] 119    -5446.51 [    18554.2    6165.9   80627.7    3878.5   49896.7 ]
[24-10-31 15:04:39] 120    -5445.07 [    18554.2    6235.0   80627.7    3878.5   49896.7 ]
[24-10-31 15:04:39] 121    -5445.07 [    18554.2    6231.8   80627.7    3878.5   49896.7 ]
[24-10-31 15:04:39] 122    -5445.07 [    18554.2    6238.2   80627.7    3878.5   49896.7 ]
[24-10-31 15:04:39] 123    -5445.07 [    18554.2    6235.0   80627.7    3878.5   49896.7 ]
[24-10-31 15:04:40] 124     -5445.1 [    18554.2    6235.0   80628.7    3878.5   49896.7 ]
[24-10-31 15:04:40] 125    -5445.02 [    18554.2    6235.0   80626.1    3878.5   49896.7 ]
[24-10-31 15:04:40] 126    -5439.67 [    18554.2    6235.0   80449.8    3878.5   49896.7 ]
[24-10-31 15:04:40] 127    -5409.81 [    18554.2    6235.0   78413.9    3878.5   49896.7 ]
[24-10-31 15:04:41] 128    -5483.31 [    18554.2    6235.0   75119.8    3878.5   49896.7 ]
[24-10-31 15:04:41] 129    -5420.33 [    18554.2    6235.0   77155.7    3878.5   49896.7 ]
[24-10-31 15:04:41] 130    -5414.32 [    18554.2    6235.0   79191.5    3878.5   49896.7 ]
[24-10-31 15:04:41] 131     -5409.8 [    18554.2    6235.0   78385.6    3878.5   49896.7 ]
[24-10-31 15:04:42] 132    -5409.81 [    18554.2    6235.0   78363.2    3878.5   49896.7 ]
[24-10-31 15:04:42] 133     -5409.8 [    18554.2    6235.0   78385.6    3878.5   49896.7 ]
[24-10-31 15:04:42] 134     -5409.4 [    18554.2    6235.0   78385.6    3879.5   49896.7 ]
[24-10-31 15:04:42] 135    -5408.75 [    18554.2    6235.0   78385.6    3881.1   49896.7 ]
[24-10-31 15:04:43] 136    -5362.28 [    18554.2    6235.0   78385.6    4057.5   49896.7 ]
[24-10-31 15:04:43] 137    -5355.67 [    18554.2    6235.0   78385.6    4139.1   49896.7 ]
[24-10-31 15:04:43] 138    -5362.32 [    18554.2    6235.0   78385.6    4271.1   49896.7 ]
[24-10-31 15:04:43] 139     -5355.8 [    18554.2    6235.0   78385.6    4189.5   49896.7 ]
[24-10-31 15:04:44] 140    -5357.17 [    18554.2    6235.0   78385.6    4107.9   49896.7 ]
[24-10-31 15:04:44] 141    -5355.34 [    18554.2    6235.0   78385.6    4162.3   49896.7 ]
[24-10-31 15:04:44] 142    -5355.35 [    18554.2    6235.0   78385.6    4159.4   49896.7 ]
[24-10-31 15:04:44] 143    -5355.35 [    18554.2    6235.0   78385.6    4165.1   49896.7 ]
[24-10-31 15:04:45] 144    -5355.34 [    18554.2    6235.0   78385.6    4162.3   49896.7 ]
[24-10-31 15:04:45] 145    -5355.33 [    18554.2    6235.0   78385.6    4162.3   49897.7 ]
[24-10-31 15:04:45] 146     -5355.3 [    18554.2    6235.0   78385.6    4162.3   49899.3 ]
[24-10-31 15:04:45] 148    -5354.29 [    18554.2    6235.0   78385.6    4162.3   49966.7 ]
[24-10-31 15:04:46] 150     -5354.8 [    18554.2    6235.0   78385.6    4162.3   49933.0 ]
[24-10-31 15:04:46] 151    -5354.05 [    18554.2    6235.0   78385.6    4162.3   49982.6 ]
[24-10-31 15:04:46] 152     -5353.9 [    18554.2    6235.0   78385.6    4162.3   49992.4 ]
[24-10-31 15:04:46] 153    -5353.81 [    18554.2    6235.0   78385.6    4162.3   49998.5 ]
[24-10-31 15:04:47] 155    -5353.85 [    18554.2    6235.0   78385.6    4162.3   49996.2 ]
[24-10-31 15:04:47] 156    -5353.79 [    18554.2    6235.0   78385.6    4162.3   49999.9 ]
[24-10-31 15:04:47] 159    -5353.79 [    18554.2    6235.0   78385.6    4162.3   49999.9 ]
[24-10-31 15:04:47] 160    -5353.79 [    18555.2    6235.0   78385.6    4162.3   49999.9 ]
[24-10-31 15:04:48] 161    -5353.79 [    18552.6    6235.0   78385.6    4162.3   49999.9 ]
[24-10-31 15:04:48] 162    -5353.75 [    18467.0    6235.0   78385.6    4162.3   49999.9 ]
[24-10-31 15:04:48] 163    -5353.87 [    18328.7    6235.0   78385.6    4162.3   49999.9 ]
[24-10-31 15:04:48] 164    -5353.77 [    18414.2    6235.0   78385.6    4162.3   49999.9 ]
[24-10-31 15:04:48] 165    -5353.75 [    18499.7    6235.0   78385.6    4162.3   49999.9 ]
[24-10-31 15:04:49] 166    -5353.75 [    18468.2    6235.0   78385.6    4162.3   49999.9 ]
[24-10-31 15:04:49] 167    -5353.75 [    18469.1    6235.0   78385.6    4162.3   49999.9 ]
[24-10-31 15:04:49] 168    -5353.75 [    18468.2    6235.0   78385.6    4162.3   49999.9 ]
[24-10-31 15:04:50] 169    -5353.63 [    18468.2    6236.0   78385.6    4162.3   49999.9 ]
[24-10-31 15:04:50] 170    -5353.43 [    18468.2    6237.6   78385.6    4162.3   49999.9 ]
[24-10-31 15:04:50] 171    -5342.58 [    18468.2    6410.4   78385.6    4162.3   49999.9 ]
[24-10-31 15:04:50] 172    -5361.92 [    18468.2    6689.9   78385.6    4162.3   49999.9 ]
[24-10-31 15:04:51] 173     -5345.0 [    18468.2    6517.1   78385.6    4162.3   49999.9 ]
[24-10-31 15:04:51] 174    -5344.47 [    18468.2    6344.4   78385.6    4162.3   49999.9 ]
[24-10-31 15:04:51] 175    -5342.52 [    18468.2    6425.6   78385.6    4162.3   49999.9 ]
[24-10-31 15:04:51] 176    -5342.52 [    18468.2    6423.7   78385.6    4162.3   49999.9 ]
[24-10-31 15:04:51] 177    -5342.52 [    18468.2    6421.8   78385.6    4162.3   49999.9 ]
[24-10-31 15:04:52] 178    -5342.52 [    18468.2    6423.7   78385.6    4162.3   49999.9 ]
[24-10-31 15:04:52] 179    -5342.53 [    18468.2    6423.7   78386.6    4162.3   49999.9 ]
[24-10-31 15:04:52] 180    -5342.51 [    18468.2    6423.7   78384.0    4162.3   49999.9 ]
[24-10-31 15:04:52] 181    -5341.59 [    18468.2    6423.7   78207.6    4162.3   49999.9 ]
[24-10-31 15:04:53] 182    -5340.98 [    18468.2    6423.7   77903.5    4162.3   49999.9 ]
[24-10-31 15:04:53] 183    -5342.57 [    18468.2    6423.7   77411.5    4162.3   49999.9 ]
[24-10-31 15:04:53] 184    -5341.21 [    18468.2    6423.7   77715.6    4162.3   49999.9 ]
[24-10-31 15:04:53] 185    -5341.07 [    18468.2    6423.7   78019.7    4162.3   49999.9 ]
[24-10-31 15:04:54] 186    -5340.98 [    18468.2    6423.7   77898.7    4162.3   49999.9 ]
[24-10-31 15:04:54] 187    -5340.98 [    18468.2    6423.7   77908.4    4162.3   49999.9 ]
[24-10-31 15:04:54] 188    -5340.98 [    18468.2    6423.7   77903.5    4162.3   49999.9 ]
[24-10-31 15:04:54] 189    -5341.04 [    18468.2    6423.7   77903.5    4163.3   49999.9 ]
[24-10-31 15:04:55] 190    -5340.89 [    18468.2    6423.7   77903.5    4160.6   49999.9 ]
[24-10-31 15:04:55] 191    -5339.72 [    18468.2    6423.7   77903.5    4116.1   49999.9 ]
[24-10-31 15:04:55] 192    -5343.18 [    18468.2    6423.7   77903.5    4044.1   49999.9 ]
[24-10-31 15:04:55] 193    -5340.24 [    18468.2    6423.7   77903.5    4088.6   49999.9 ]
[24-10-31 15:04:55] 194    -5339.88 [    18468.2    6423.7   77903.5    4133.1   49999.9 ]
[24-10-31 15:04:56] 195    -5339.72 [    18468.2    6423.7   77903.5    4117.3   49999.9 ]
[24-10-31 15:04:56] 196    -5339.72 [    18468.2    6423.7   77903.5    4116.9   49999.9 ]
[24-10-31 15:04:56] 197    -5339.72 [    18468.2    6423.7   77903.5    4117.8   49999.9 ]
[24-10-31 15:04:56] 198    -5339.72 [    18468.2    6423.7   77903.5    4117.3   49999.9 ]
[24-10-31 15:04:57] 200    -5339.75 [    18468.2    6423.7   77903.5    4117.3   49998.3 ]
[24-10-31 15:04:57] 201    -5339.73 [    18468.2    6423.7   77903.5    4117.3   49999.3 ]
[24-10-31 15:04:57] 203    -5339.73 [    18468.2    6423.7   77903.5    4117.3   49999.6 ]
[24-10-31 15:04:57] 205    -5339.72 [    18468.2    6423.7   77903.5    4117.3   49999.8 ]
[24-10-31 15:04:58] 206    -5339.72 [    18468.2    6423.7   77903.5    4117.3   50000.0 ]
[24-10-31 15:04:58] 208    -5339.72 [    18468.2    6423.7   77903.5    4117.3   50000.0 ]
[24-10-31 15:04:58] 209    -5339.72 [    18468.2    6423.7   77903.5    4117.3   50000.0 ]
[24-10-31 15:04:58] 211    -5339.72 [    18468.2    6423.7   77903.5    4117.3   50000.0 ]
[24-10-31 15:04:58] 212    -5339.72 [    18468.2    6423.7   77903.5    4117.3   50000.0 ]
[24-10-31 15:04:59] 213    -5339.72 [    18468.2    6423.7   77903.5    4117.3   50000.0 ]
[24-10-31 15:04:59] 214    -5339.72 [    18468.2    6423.7   77903.5    4117.3   50000.0 ]
[24-10-31 15:04:59] 215    -5339.72 [    18468.2    6423.7   77903.5    4117.3   50000.0 ]
[24-10-31 15:04:59] 217    -5339.72 [    18468.2    6423.7   77903.5    4117.3   50000.0 ]
[24-10-31 15:05:00] 218    -5339.72 [    18469.2    6423.7   77903.5    4117.3   50000.0 ]
[24-10-31 15:05:00] 219    -5339.71 [    18470.8    6423.7   77903.5    4117.3   50000.0 ]
[24-10-31 15:05:00] 220    -5339.06 [    18647.2    6423.7   77903.5    4117.3   50000.0 ]
[24-10-31 15:05:00] 221    -5338.78 [    18856.6    6423.7   77903.5    4117.3   50000.0 ]
[24-10-31 15:05:00] 222    -5339.34 [    19195.4    6423.7   77903.5    4117.3   50000.0 ]
[24-10-31 15:05:01] 223    -5338.84 [    18986.0    6423.7   77903.5    4117.3   50000.0 ]
[24-10-31 15:05:01] 224    -5338.83 [    18776.6    6423.7   77903.5    4117.3   50000.0 ]
[24-10-31 15:05:01] 225    -5338.77 [    18873.2    6423.7   77903.5    4117.3   50000.0 ]
[24-10-31 15:05:01] 226    -5338.77 [    18869.1    6423.7   77903.5    4117.3   50000.0 ]
[24-10-31 15:05:02] 227    -5338.77 [    18877.2    6423.7   77903.5    4117.3   50000.0 ]
[24-10-31 15:05:02] 228    -5338.77 [    18873.2    6423.7   77903.5    4117.3   50000.0 ]
[24-10-31 15:05:02] 229    -5338.71 [    18873.2    6424.7   77903.5    4117.3   50000.0 ]
[24-10-31 15:05:02] 230    -5338.61 [    18873.2    6426.3   77903.5    4117.3   50000.0 ]
[24-10-31 15:05:02] 231    -5335.51 [    18873.2    6524.9   77903.5    4117.3   50000.0 ]
[24-10-31 15:05:03] 232    -5342.08 [    18873.2    6684.5   77903.5    4117.3   50000.0 ]
[24-10-31 15:05:03] 233     -5336.4 [    18873.2    6585.8   77903.5    4117.3   50000.0 ]
[24-10-31 15:05:03] 234    -5336.01 [    18873.2    6487.2   77903.5    4117.3   50000.0 ]
[24-10-31 15:05:03] 235     -5335.5 [    18873.2    6529.6   77903.5    4117.3   50000.0 ]
[24-10-31 15:05:04] 236     -5335.5 [    18873.2    6528.5   77903.5    4117.3   50000.0 ]
[24-10-31 15:05:04] 237     -5335.5 [    18873.2    6530.7   77903.5    4117.3   50000.0 ]
[24-10-31 15:05:04] 238     -5335.5 [    18873.2    6529.6   77903.5    4117.3   50000.0 ]
[24-10-31 15:05:04] 239    -5335.51 [    18873.2    6529.6   77904.5    4117.3   50000.0 ]
[24-10-31 15:05:05] 240    -5335.49 [    18873.2    6529.6   77901.9    4117.3   50000.0 ]
[24-10-31 15:05:05] 241    -5334.38 [    18873.2    6529.6   77725.6    4117.3   50000.0 ]
[24-10-31 15:05:05] 242    -5333.35 [    18873.2    6529.6   77327.3    4117.3   50000.0 ]
[24-10-31 15:05:05] 243    -5336.01 [    18873.2    6529.6   76682.8    4117.3   50000.0 ]
[24-10-31 15:05:05] 244    -5333.74 [    18873.2    6529.6   77081.1    4117.3   50000.0 ]
[24-10-31 15:05:06] 245    -5333.51 [    18873.2    6529.6   77479.4    4117.3   50000.0 ]
[24-10-31 15:05:06] 246    -5333.35 [    18873.2    6529.6   77321.5    4117.3   50000.0 ]
[24-10-31 15:05:06] 247    -5333.36 [    18873.2    6529.6   77333.0    4117.3   50000.0 ]
[24-10-31 15:05:06] 248    -5333.35 [    18873.2    6529.6   77327.3    4117.3   50000.0 ]
[24-10-31 15:05:07] 249     -5333.4 [    18873.2    6529.6   77327.3    4118.3   50000.0 ]
[24-10-31 15:05:07] 250    -5333.29 [    18873.2    6529.6   77327.3    4115.7   50000.0 ]
[24-10-31 15:05:07] 251    -5332.61 [    18873.2    6529.6   77327.3    4082.5   50000.0 ]
[24-10-31 15:05:07] 252    -5334.55 [    18873.2    6529.6   77327.3    4028.8   50000.0 ]
[24-10-31 15:05:08] 253     -5332.9 [    18873.2    6529.6   77327.3    4062.0   50000.0 ]
[24-10-31 15:05:08] 254    -5332.71 [    18873.2    6529.6   77327.3    4095.2   50000.0 ]
[24-10-31 15:05:08] 255    -5332.61 [    18873.2    6529.6   77327.3    4083.2   50000.0 ]
[24-10-31 15:05:08] 256    -5332.61 [    18873.2    6529.6   77327.3    4083.5   50000.0 ]
[24-10-31 15:05:09] 257    -5332.61 [    18873.2    6529.6   77327.3    4082.8   50000.0 ]
[24-10-31 15:05:09] 258    -5332.61 [    18873.2    6529.6   77327.3    4083.2   50000.0 ]
[24-10-31 15:05:09] 260    -5332.64 [    18873.2    6529.6   77327.3    4083.2   49998.4 ]
[24-10-31 15:05:09] 261    -5332.62 [    18873.2    6529.6   77327.3    4083.2   49999.4 ]
[24-10-31 15:05:10] 263    -5332.62 [    18873.2    6529.6   77327.3    4083.2   49999.7 ]
[24-10-31 15:05:10] 265    -5332.62 [    18873.2    6529.6   77327.3    4083.2   49999.9 ]
[24-10-31 15:05:10] 267    -5332.61 [    18873.2    6529.6   77327.3    4083.2   50000.0 ]
[24-10-31 15:05:10] 269    -5332.61 [    18873.2    6529.6   77327.3    4083.2   50000.0 ]
[24-10-31 15:05:11] 271    -5332.61 [    18873.2    6529.6   77327.3    4083.2   50000.0 ]
[24-10-31 15:05:11] 273    -5332.61 [    18873.2    6529.6   77327.3    4083.2   50000.0 ]
[24-10-31 15:05:11] 275    -5332.61 [    18873.2    6529.6   77327.3    4083.2   50000.0 ]
[24-10-31 15:05:11] 276    -5332.61 [    18873.2    6529.6   77327.3    4083.2   50000.0 ]
[24-10-31 15:05:11] 277    -5332.61 [    18873.2    6529.6   77327.3    4083.2   50000.0 ]
[24-10-31 15:05:12] 279    -5332.61 [    18873.2    6529.6   77327.3    4083.2   50000.0 ]
[24-10-31 15:05:12] 281    -5332.61 [    18873.2    6529.6   77327.3    4083.2   50000.0 ]
[24-10-31 15:05:12] 283    -5332.61 [    18873.2    6529.6   77327.3    4083.2   50000.0 ]
[24-10-31 15:05:12] 285    -5332.61 [    18873.2    6529.6   77327.3    4083.2   50000.0 ]
[24-10-31 15:05:13] 287    -5332.61 [    18873.2    6529.6   77327.3    4083.2   50000.0 ]
[24-10-31 15:05:13] 288    -5332.61 [    18874.2    6529.6   77327.3    4083.2   50000.0 ]
[24-10-31 15:05:13] 289    -5332.61 [    18875.8    6529.6   77327.3    4083.2   50000.0 ]
[24-10-31 15:05:13] 290    -5332.57 [    18963.6    6529.6   77327.3    4083.2   50000.0 ]
[24-10-31 15:05:14] 291    -5332.67 [    19105.6    6529.6   77327.3    4083.2   50000.0 ]
[24-10-31 15:05:14] 292    -5332.58 [    19017.8    6529.6   77327.3    4083.2   50000.0 ]
[24-10-31 15:05:14] 293    -5332.57 [    18930.0    6529.6   77327.3    4083.2   50000.0 ]
[24-10-31 15:05:14] 294    -5332.57 [    18964.8    6529.6   77327.3    4083.2   50000.0 ]
[24-10-31 15:05:14] 295    -5332.57 [    18965.7    6529.6   77327.3    4083.2   50000.0 ]
[24-10-31 15:05:15] 296    -5332.57 [    18964.8    6529.6   77327.3    4083.2   50000.0 ]
[24-10-31 15:05:15] 297    -5332.51 [    18964.8    6530.6   77327.3    4083.2   50000.0 ]
[24-10-31 15:05:15] 298    -5332.43 [    18964.8    6532.2   77327.3    4083.2   50000.0 ]
[24-10-31 15:05:15] 299    -5330.07 [    18964.8    6620.1   77327.3    4083.2   50000.0 ]
[24-10-31 15:05:15] 300    -5335.19 [    18964.8    6762.2   77327.3    4083.2   50000.0 ]
[24-10-31 15:05:16] 301    -5330.77 [    18964.8    6674.3   77327.3    4083.2   50000.0 ]
[24-10-31 15:05:16] 302    -5330.45 [    18964.8    6586.5   77327.3    4083.2   50000.0 ]
[24-10-31 15:05:16] 303    -5330.07 [    18964.8    6623.7   77327.3    4083.2   50000.0 ]
[24-10-31 15:05:16] 304    -5330.07 [    18964.8    6622.8   77327.3    4083.2   50000.0 ]
[24-10-31 15:05:17] 305    -5330.07 [    18964.8    6624.7   77327.3    4083.2   50000.0 ]
[24-10-31 15:05:17] 306    -5330.07 [    18964.8    6623.7   77327.3    4083.2   50000.0 ]
[24-10-31 15:05:17] 307    -5330.08 [    18964.8    6623.7   77328.3    4083.2   50000.0 ]
[24-10-31 15:05:17] 308    -5330.06 [    18964.8    6623.7   77325.6    4083.2   50000.0 ]
[24-10-31 15:05:17] 309    -5328.91 [    18964.8    6623.7   77149.3    4083.2   50000.0 ]
[24-10-31 15:05:18] 310    -5327.76 [    18964.8    6623.7   76722.8    4083.2   50000.0 ]
[24-10-31 15:05:18] 311    -5330.73 [    18964.8    6623.7   76032.8    4083.2   50000.0 ]
[24-10-31 15:05:18] 312    -5328.19 [    18964.8    6623.7   76459.2    4083.2   50000.0 ]
[24-10-31 15:05:18] 313    -5327.93 [    18964.8    6623.7   76885.7    4083.2   50000.0 ]
[24-10-31 15:05:19] 314    -5327.76 [    18964.8    6623.7   76716.8    4083.2   50000.0 ]
[24-10-31 15:05:19] 315    -5327.76 [    18964.8    6623.7   76728.9    4083.2   50000.0 ]
[24-10-31 15:05:19] 316    -5327.76 [    18964.8    6623.7   76722.8    4083.2   50000.0 ]
[24-10-31 15:05:19] 317     -5327.8 [    18964.8    6623.7   76722.8    4084.2   50000.0 ]
[24-10-31 15:05:20] 318    -5327.69 [    18964.8    6623.7   76722.8    4081.6   50000.0 ]
[24-10-31 15:05:20] 319    -5327.12 [    18964.8    6623.7   76722.8    4051.1   50000.0 ]
[24-10-31 15:05:20] 320    -5328.77 [    18964.8    6623.7   76722.8    4001.8   50000.0 ]
[24-10-31 15:05:20] 321    -5327.36 [    18964.8    6623.7   76722.8    4032.3   50000.0 ]
[24-10-31 15:05:21] 322     -5327.2 [    18964.8    6623.7   76722.8    4062.7   50000.0 ]
[24-10-31 15:05:21] 323    -5327.12 [    18964.8    6623.7   76722.8    4051.7   50000.0 ]
[24-10-31 15:05:21] 324    -5327.12 [    18964.8    6623.7   76722.8    4052.0   50000.0 ]
[24-10-31 15:05:21] 325    -5327.12 [    18964.8    6623.7   76722.8    4051.7   50000.0 ]
[24-10-31 15:05:21] 327    -5327.14 [    18964.8    6623.7   76722.8    4051.7   49998.4 ]
[24-10-31 15:05:22] 328    -5327.12 [    18964.8    6623.7   76722.8    4051.7   49999.4 ]
[24-10-31 15:05:22] 330    -5327.12 [    18964.8    6623.7   76722.8    4051.7   49999.7 ]
[24-10-31 15:05:22] 332    -5327.12 [    18964.8    6623.7   76722.8    4051.7   49999.9 ]
[24-10-31 15:05:22] 334    -5327.12 [    18964.8    6623.7   76722.8    4051.7   50000.0 ]
[24-10-31 15:05:23] 336    -5327.12 [    18964.8    6623.7   76722.8    4051.7   50000.0 ]
[24-10-31 15:05:23] 338    -5327.12 [    18964.8    6623.7   76722.8    4051.7   50000.0 ]
[24-10-31 15:05:23] 340    -5327.12 [    18964.8    6623.7   76722.8    4051.7   50000.0 ]
[24-10-31 15:05:23] 342    -5327.12 [    18964.8    6623.7   76722.8    4051.7   50000.0 ]
[24-10-31 15:05:24] 344    -5327.12 [    18964.8    6623.7   76722.8    4051.7   50000.0 ]
[24-10-31 15:05:24] 346    -5327.12 [    18964.8    6623.7   76722.8    4051.7   50000.0 ]
[24-10-31 15:05:24] 348    -5327.12 [    18964.8    6623.7   76722.8    4051.7   50000.0 ]
[24-10-31 15:05:24] 350    -5327.12 [    18964.8    6623.7   76722.8    4051.7   50000.0 ]
[24-10-31 15:05:25] 352    -5327.12 [    18964.8    6623.7   76722.8    4051.7   50000.0 ]
[24-10-31 15:05:25] 353    -5327.12 [    18964.8    6623.7   76722.8    4051.7   50000.0 ]
[24-10-31 15:05:25] 354    -5327.12 [    18964.8    6623.7   76722.8    4051.7   50000.0 ]
[24-10-31 15:05:25] 355    -5327.12 [    18964.8    6623.7   76722.8    4051.7   50000.0 ]
[24-10-31 15:05:26] 356    -5327.12 [    18964.8    6623.7   76722.8    4051.7   50000.0 ]
[24-10-31 15:05:26] 358    -5327.12 [    18964.8    6623.7   76722.8    4051.7   50000.0 ]
[24-10-31 15:05:26] 360    -5327.12 [    18964.8    6623.7   76722.8    4051.7   50000.0 ]
[24-10-31 15:05:26] 361    -5327.12 [    18964.8    6623.7   76722.8    4051.7   50000.0 ]
[24-10-31 15:05:26] 363    -5327.12 [    18964.8    6623.7   76722.8    4051.7   50000.0 ]
[24-10-31 15:05:27] 364    -5327.12 [    18965.8    6623.7   76722.8    4051.7   50000.0 ]
[24-10-31 15:05:27] 365    -5327.12 [    18967.4    6623.7   76722.8    4051.7   50000.0 ]
[24-10-31 15:05:27] 366    -5327.11 [    19005.2    6623.7   76722.8    4051.7   50000.0 ]
[24-10-31 15:05:27] 367    -5327.13 [    19066.2    6623.7   76722.8    4051.7   50000.0 ]
[24-10-31 15:05:28] 368    -5327.11 [    19028.5    6623.7   76722.8    4051.7   50000.0 ]
[24-10-31 15:05:28] 369    -5327.11 [    18990.8    6623.7   76722.8    4051.7   50000.0 ]
[24-10-31 15:05:28] 370    -5327.11 [    19005.6    6623.7   76722.8    4051.7   50000.0 ]
[24-10-31 15:05:28] 371    -5327.11 [    19006.0    6623.7   76722.8    4051.7   50000.0 ]
[24-10-31 15:05:29] 372    -5327.11 [    19005.6    6623.7   76722.8    4051.7   50000.0 ]
[24-10-31 15:05:29] 373    -5327.06 [    19005.6    6624.7   76722.8    4051.7   50000.0 ]
[24-10-31 15:05:29] 374    -5326.97 [    19005.6    6626.3   76722.8    4051.7   50000.0 ]
[24-10-31 15:05:29] 375     -5324.7 [    19005.6    6713.9   76722.8    4051.7   50000.0 ]
[24-10-31 15:05:30] 376    -5329.66 [    19005.6    6855.6   76722.8    4051.7   50000.0 ]
[24-10-31 15:05:30] 377    -5325.38 [    19005.6    6768.0   76722.8    4051.7   50000.0 ]
[24-10-31 15:05:30] 378    -5325.06 [    19005.6    6680.5   76722.8    4051.7   50000.0 ]
[24-10-31 15:05:30] 379    -5324.69 [    19005.6    6717.5   76722.8    4051.7   50000.0 ]
[24-10-31 15:05:31] 380    -5324.69 [    19005.6    6716.6   76722.8    4051.7   50000.0 ]
[24-10-31 15:05:31] 381    -5324.69 [    19005.6    6718.5   76722.8    4051.7   50000.0 ]
[24-10-31 15:05:31] 382    -5324.69 [    19005.6    6717.5   76722.8    4051.7   50000.0 ]
[24-10-31 15:05:31] 383     -5324.7 [    19005.6    6717.5   76723.8    4051.7   50000.0 ]
[24-10-31 15:05:31] 384    -5324.68 [    19005.6    6717.5   76721.2    4051.7   50000.0 ]
[24-10-31 15:05:32] 385    -5323.54 [    19005.6    6717.5   76544.8    4051.7   50000.0 ]
[24-10-31 15:05:32] 386    -5322.35 [    19005.6    6717.5   76107.2    4051.7   50000.0 ]
[24-10-31 15:05:32] 387    -5325.41 [    19005.6    6717.5   75399.2    4051.7   50000.0 ]
[24-10-31 15:05:32] 388    -5322.79 [    19005.6    6717.5   75836.8    4051.7   50000.0 ]
[24-10-31 15:05:33] 389    -5322.52 [    19005.6    6717.5   76274.4    4051.7   50000.0 ]
[24-10-31 15:05:33] 390    -5322.35 [    19005.6    6717.5   76101.1    4051.7   50000.0 ]
[24-10-31 15:05:33] 391    -5322.35 [    19005.6    6717.5   76113.4    4051.7   50000.0 ]
[24-10-31 15:05:33] 392    -5322.35 [    19005.6    6717.5   76107.2    4051.7   50000.0 ]
[24-10-31 15:05:34] 393    -5322.39 [    19005.6    6717.5   76107.2    4052.7   50000.0 ]
[24-10-31 15:05:34] 394    -5322.28 [    19005.6    6717.5   76107.2    4050.1   50000.0 ]
[24-10-31 15:05:34] 395     -5321.7 [    19005.6    6717.5   76107.2    4019.5   50000.0 ]
[24-10-31 15:05:34] 396    -5323.38 [    19005.6    6717.5   76107.2    3970.1   50000.0 ]
[24-10-31 15:05:35] 397    -5321.95 [    19005.6    6717.5   76107.2    4000.7   50000.0 ]
[24-10-31 15:05:35] 398    -5321.78 [    19005.6    6717.5   76107.2    4031.2   50000.0 ]
[24-10-31 15:05:35] 399     -5321.7 [    19005.6    6717.5   76107.2    4020.1   50000.0 ]
[24-10-31 15:05:35] 400     -5321.7 [    19005.6    6717.5   76107.2    4020.4   50000.0 ]
[24-10-31 15:05:36] 401     -5321.7 [    19005.6    6717.5   76107.2    4020.1   50000.0 ]
[24-10-31 15:05:36] 403    -5321.72 [    19005.6    6717.5   76107.2    4020.1   49998.4 ]
[24-10-31 15:05:36] 404     -5321.7 [    19005.6    6717.5   76107.2    4020.1   49999.4 ]
[24-10-31 15:05:36] 406     -5321.7 [    19005.6    6717.5   76107.2    4020.1   49999.7 ]
[24-10-31 15:05:37] 408     -5321.7 [    19005.6    6717.5   76107.2    4020.1   49999.9 ]
[24-10-31 15:05:37] 410     -5321.7 [    19005.6    6717.5   76107.2    4020.1   50000.0 ]
[24-10-31 15:05:37] 412     -5321.7 [    19005.6    6717.5   76107.2    4020.1   50000.0 ]
[24-10-31 15:05:38] 414     -5321.7 [    19005.6    6717.5   76107.2    4020.1   50000.0 ]
[24-10-31 15:05:38] 416     -5321.7 [    19005.6    6717.5   76107.2    4020.1   50000.0 ]
[24-10-31 15:05:38] 418     -5321.7 [    19005.6    6717.5   76107.2    4020.1   50000.0 ]
[24-10-31 15:05:38] 420     -5321.7 [    19005.6    6717.5   76107.2    4020.1   50000.0 ]
[24-10-31 15:05:38] 422     -5321.7 [    19005.6    6717.5   76107.2    4020.1   50000.0 ]
[24-10-31 15:05:39] 424     -5321.7 [    19005.6    6717.5   76107.2    4020.1   50000.0 ]
[24-10-31 15:05:39] 426     -5321.7 [    19005.6    6717.5   76107.2    4020.1   50000.0 ]
[24-10-31 15:05:39] 428     -5321.7 [    19005.6    6717.5   76107.2    4020.1   50000.0 ]
[24-10-31 15:05:39] 430     -5321.7 [    19005.6    6717.5   76107.2    4020.1   50000.0 ]
[24-10-31 15:05:40] 432     -5321.7 [    19005.6    6717.5   76107.2    4020.1   50000.0 ]
[24-10-31 15:05:40] 434     -5321.7 [    19005.6    6717.5   76107.2    4020.1   50000.0 ]
[24-10-31 15:05:40] 436     -5321.7 [    19005.6    6717.5   76107.2    4020.1   50000.0 ]
[24-10-31 15:05:40] 438     -5321.7 [    19005.6    6717.5   76107.2    4020.1   50000.0 ]
[24-10-31 15:05:41] 439     -5321.7 [    19005.6    6717.5   76107.2    4020.1   50000.0 ]
[24-10-31 15:05:41] 440     -5321.7 [    19005.6    6717.5   76107.2    4020.1   50000.0 ]
[24-10-31 15:05:41] 442     -5321.7 [    19005.6    6717.5   76107.2    4020.1   50000.0 ]
[24-10-31 15:05:41] 444     -5321.7 [    19005.6    6717.5   76107.2    4020.1   50000.0 ]
[24-10-31 15:05:41] 445     -5321.7 [    19005.6    6717.5   76107.2    4020.1   50000.0 ]
[24-10-31 15:05:42] 446     -5321.7 [    19005.6    6717.5   76107.2    4020.1   50000.0 ]
[24-10-31 15:05:42] 447     -5321.7 [    19005.6    6717.5   76107.2    4020.1   50000.0 ]
[24-10-31 15:05:42] 449     -5321.7 [    19005.6    6717.5   76107.2    4020.1   50000.0 ]
[24-10-31 15:05:42] 450     -5321.7 [    19006.6    6717.5   76107.2    4020.1   50000.0 ]
[24-10-31 15:05:43] 451     -5321.7 [    19008.2    6717.5   76107.2    4020.1   50000.0 ]
[24-10-31 15:05:43] 452    -5321.69 [    19040.1    6717.5   76107.2    4020.1   50000.0 ]
[24-10-31 15:05:43] 453     -5321.7 [    19091.6    6717.5   76107.2    4020.1   50000.0 ]
[24-10-31 15:05:43] 454    -5321.69 [    19059.8    6717.5   76107.2    4020.1   50000.0 ]
[24-10-31 15:05:43] 455    -5321.69 [    19027.9    6717.5   76107.2    4020.1   50000.0 ]
[24-10-31 15:05:44] 456    -5321.69 [    19040.4    6717.5   76107.2    4020.1   50000.0 ]
[24-10-31 15:05:44] 457    -5321.69 [    19039.7    6717.5   76107.2    4020.1   50000.0 ]
[24-10-31 15:05:44] 458    -5321.69 [    19040.1    6717.5   76107.2    4020.1   50000.0 ]
[24-10-31 15:05:44] 459    -5321.64 [    19040.1    6718.5   76107.2    4020.1   50000.0 ]
[24-10-31 15:05:45] 460    -5321.56 [    19040.1    6720.1   76107.2    4020.1   50000.0 ]
[24-10-31 15:05:45] 461    -5319.29 [    19040.1    6808.7   76107.2    4020.1   50000.0 ]
[24-10-31 15:05:45] 462    -5324.23 [    19040.1    6952.1   76107.2    4020.1   50000.0 ]
[24-10-31 15:05:45] 463    -5319.97 [    19040.1    6863.5   76107.2    4020.1   50000.0 ]
[24-10-31 15:05:45] 464    -5319.65 [    19040.1    6774.9   76107.2    4020.1   50000.0 ]
[24-10-31 15:05:46] 465    -5319.29 [    19040.1    6812.4   76107.2    4020.1   50000.0 ]
[24-10-31 15:05:46] 466    -5319.29 [    19040.1    6811.4   76107.2    4020.1   50000.0 ]
[24-10-31 15:05:46] 467    -5319.29 [    19040.1    6813.3   76107.2    4020.1   50000.0 ]
[24-10-31 15:05:46] 468    -5319.29 [    19040.1    6812.4   76107.2    4020.1   50000.0 ]
[24-10-31 15:05:47] 469     -5319.3 [    19040.1    6812.4   76108.2    4020.1   50000.0 ]
[24-10-31 15:05:47] 470    -5319.28 [    19040.1    6812.4   76105.6    4020.1   50000.0 ]
[24-10-31 15:05:47] 471    -5318.14 [    19040.1    6812.4   75929.3    4020.1   50000.0 ]
[24-10-31 15:05:47] 472    -5316.93 [    19040.1    6812.4   75483.2    4020.1   50000.0 ]
[24-10-31 15:05:47] 473    -5320.04 [    19040.1    6812.4   74761.4    4020.1   50000.0 ]
[24-10-31 15:05:48] 474    -5317.38 [    19040.1    6812.4   75207.5    4020.1   50000.0 ]
[24-10-31 15:05:48] 475    -5317.11 [    19040.1    6812.4   75653.6    4020.1   50000.0 ]
[24-10-31 15:05:48] 476    -5316.93 [    19040.1    6812.4   75476.9    4020.1   50000.0 ]
[24-10-31 15:05:48] 477    -5316.93 [    19040.1    6812.4   75489.4    4020.1   50000.0 ]
[24-10-31 15:05:49] 478    -5316.93 [    19040.1    6812.4   75483.2    4020.1   50000.0 ]
[24-10-31 15:05:49] 479    -5316.97 [    19040.1    6812.4   75483.2    4021.1   50000.0 ]
[24-10-31 15:05:49] 480    -5316.86 [    19040.1    6812.4   75483.2    4018.5   50000.0 ]
[24-10-31 15:05:49] 481    -5316.25 [    19040.1    6812.4   75483.2    3987.6   50000.0 ]
[24-10-31 15:05:49] 482    -5318.01 [    19040.1    6812.4   75483.2    3937.5   50000.0 ]
[24-10-31 15:05:50] 483    -5316.51 [    19040.1    6812.4   75483.2    3968.4   50000.0 ]
[24-10-31 15:05:50] 484    -5316.33 [    19040.1    6812.4   75483.2    3999.4   50000.0 ]
[24-10-31 15:05:50] 485    -5316.25 [    19040.1    6812.4   75483.2    3988.2   50000.0 ]
[24-10-31 15:05:50] 486    -5316.25 [    19040.1    6812.4   75483.2    3988.5   50000.0 ]
[24-10-31 15:05:51] 487    -5316.25 [    19040.1    6812.4   75483.2    3988.2   50000.0 ]
[24-10-31 15:05:51] 489    -5316.27 [    19040.1    6812.4   75483.2    3988.2   49998.4 ]
[24-10-31 15:05:51] 490    -5316.26 [    19040.1    6812.4   75483.2    3988.2   49999.4 ]
[24-10-31 15:05:51] 492    -5316.25 [    19040.1    6812.4   75483.2    3988.2   49999.7 ]
[24-10-31 15:05:51] 494    -5316.25 [    19040.1    6812.4   75483.2    3988.2   49999.9 ]
[24-10-31 15:05:52] 496    -5316.25 [    19040.1    6812.4   75483.2    3988.2   50000.0 ]
[24-10-31 15:05:52] 498    -5316.25 [    19040.1    6812.4   75483.2    3988.2   50000.0 ]
[24-10-31 15:05:52] 500    -5316.25 [    19040.1    6812.4   75483.2    3988.2   50000.0 ]
[24-10-31 15:05:52] 502    -5316.25 [    19040.1    6812.4   75483.2    3988.2   50000.0 ]
[24-10-31 15:05:53] 504    -5316.25 [    19040.1    6812.4   75483.2    3988.2   50000.0 ]
[24-10-31 15:05:53] 506    -5316.25 [    19040.1    6812.4   75483.2    3988.2   50000.0 ]
[24-10-31 15:05:53] 508    -5316.25 [    19040.1    6812.4   75483.2    3988.2   50000.0 ]
[24-10-31 15:05:54] 510    -5316.25 [    19040.1    6812.4   75483.2    3988.2   50000.0 ]
[24-10-31 15:05:54] 512    -5316.25 [    19040.1    6812.4   75483.2    3988.2   50000.0 ]
[24-10-31 15:05:54] 514    -5316.25 [    19040.1    6812.4   75483.2    3988.2   50000.0 ]
[24-10-31 15:05:54] 516    -5316.25 [    19040.1    6812.4   75483.2    3988.2   50000.0 ]
[24-10-31 15:05:54] 518    -5316.25 [    19040.1    6812.4   75483.2    3988.2   50000.0 ]
[24-10-31 15:05:55] 520    -5316.25 [    19040.1    6812.4   75483.2    3988.2   50000.0 ]
[24-10-31 15:05:55] 522    -5316.25 [    19040.1    6812.4   75483.2    3988.2   50000.0 ]
[24-10-31 15:05:55] 524    -5316.25 [    19040.1    6812.4   75483.2    3988.2   50000.0 ]
[24-10-31 15:05:55] 526    -5316.25 [    19040.1    6812.4   75483.2    3988.2   50000.0 ]
[24-10-31 15:05:56] 528    -5316.25 [    19040.1    6812.4   75483.2    3988.2   50000.0 ]
[24-10-31 15:05:56] 530    -5316.25 [    19040.1    6812.4   75483.2    3988.2   50000.0 ]
[24-10-31 15:05:56] 531    -5316.25 [    19040.1    6812.4   75483.2    3988.2   50000.0 ]
[24-10-31 15:05:56] 532    -5316.25 [    19040.1    6812.4   75483.2    3988.2   50000.0 ]
[24-10-31 15:05:57] 534    -5316.25 [    19040.1    6812.4   75483.2    3988.2   50000.0 ]
[24-10-31 15:05:57] 535    -5316.25 [    19040.1    6812.4   75483.2    3988.2   50000.0 ]
[24-10-31 15:05:57] 536    -5316.25 [    19040.1    6812.4   75483.2    3988.2   50000.0 ]
[24-10-31 15:05:57] 537    -5316.25 [    19040.1    6812.4   75483.2    3988.2   50000.0 ]
[24-10-31 15:05:57] 538    -5316.25 [    19040.1    6812.4   75483.2    3988.2   50000.0 ]
[24-10-31 15:05:58] 539    -5316.25 [    19040.1    6812.4   75483.2    3988.2   50000.0 ]
[24-10-31 15:05:58] 541    -5316.25 [    19040.1    6812.4   75483.2    3988.2   50000.0 ]
[24-10-31 15:05:58] 542    -5316.25 [    19041.1    6812.4   75483.2    3988.2   50000.0 ]
[24-10-31 15:05:58] 543    -5316.25 [    19042.7    6812.4   75483.2    3988.2   50000.0 ]
[24-10-31 15:05:59] 544    -5316.24 [    19074.8    6812.4   75483.2    3988.2   50000.0 ]
[24-10-31 15:05:59] 545    -5316.26 [    19126.8    6812.4   75483.2    3988.2   50000.0 ]
[24-10-31 15:05:59] 546    -5316.24 [    19094.7    6812.4   75483.2    3988.2   50000.0 ]
[24-10-31 15:05:59] 547    -5316.24 [    19062.5    6812.4   75483.2    3988.2   50000.0 ]
[24-10-31 15:05:59] 548    -5316.24 [    19075.2    6812.4   75483.2    3988.2   50000.0 ]
[24-10-31 15:06:00] 549    -5316.24 [    19074.5    6812.4   75483.2    3988.2   50000.0 ]
[24-10-31 15:06:00] 550    -5316.24 [    19074.8    6812.4   75483.2    3988.2   50000.0 ]
[24-10-31 15:06:00] 551    -5316.19 [    19074.8    6813.4   75483.2    3988.2   50000.0 ]
[24-10-31 15:06:00] 552    -5316.11 [    19074.8    6815.0   75483.2    3988.2   50000.0 ]
[24-10-31 15:06:01] 553    -5313.85 [    19074.8    6904.8   75483.2    3988.2   50000.0 ]
[24-10-31 15:06:01] 554    -5318.79 [    19074.8    7050.1   75483.2    3988.2   50000.0 ]
[24-10-31 15:06:01] 555    -5314.53 [    19074.8    6960.3   75483.2    3988.2   50000.0 ]
[24-10-31 15:06:01] 556    -5314.21 [    19074.8    6870.5   75483.2    3988.2   50000.0 ]
[24-10-31 15:06:01] 557    -5313.84 [    19074.8    6908.4   75483.2    3988.2   50000.0 ]
[24-10-31 15:06:02] 558    -5313.84 [    19074.8    6907.5   75483.2    3988.2   50000.0 ]
[24-10-31 15:06:02] 559    -5313.84 [    19074.8    6909.4   75483.2    3988.2   50000.0 ]
[24-10-31 15:06:02] 560    -5313.84 [    19074.8    6908.4   75483.2    3988.2   50000.0 ]
[24-10-31 15:06:02] 561    -5313.85 [    19074.8    6908.4   75484.2    3988.2   50000.0 ]
[24-10-31 15:06:02] 562    -5313.83 [    19074.8    6908.4   75481.6    3988.2   50000.0 ]
[24-10-31 15:06:03] 563     -5312.7 [    19074.8    6908.4   75305.2    3988.2   50000.0 ]
[24-10-31 15:06:03] 564    -5311.48 [    19074.8    6908.4   74851.3    3988.2   50000.0 ]
[24-10-31 15:06:03] 565    -5314.63 [    19074.8    6908.4   74116.8    3988.2   50000.0 ]
[24-10-31 15:06:03] 566    -5311.93 [    19074.8    6908.4   74570.7    3988.2   50000.0 ]
[24-10-31 15:06:03] 567    -5311.66 [    19074.8    6908.4   75024.6    3988.2   50000.0 ]
[24-10-31 15:06:04] 568    -5311.48 [    19074.8    6908.4   74844.9    3988.2   50000.0 ]
[24-10-31 15:06:04] 569    -5311.48 [    19074.8    6908.4   74857.6    3988.2   50000.0 ]
[24-10-31 15:06:04] 570    -5311.48 [    19074.8    6908.4   74851.3    3988.2   50000.0 ]
[24-10-31 15:06:04] 571    -5311.52 [    19074.8    6908.4   74851.3    3989.2   50000.0 ]
[24-10-31 15:06:04] 572    -5311.41 [    19074.8    6908.4   74851.3    3986.6   50000.0 ]
[24-10-31 15:06:05] 573    -5310.77 [    19074.8    6908.4   74851.3    3955.1   50000.0 ]
[24-10-31 15:06:05] 574    -5312.61 [    19074.8    6908.4   74851.3    3904.3   50000.0 ]
[24-10-31 15:06:05] 575    -5311.04 [    19074.8    6908.4   74851.3    3935.7   50000.0 ]
[24-10-31 15:06:05] 576    -5310.85 [    19074.8    6908.4   74851.3    3967.1   50000.0 ]
[24-10-31 15:06:05] 577    -5310.77 [    19074.8    6908.4   74851.3    3955.8   50000.0 ]
[24-10-31 15:06:05] 578    -5310.77 [    19074.8    6908.4   74851.3    3956.1   50000.0 ]
[24-10-31 15:06:06] 579    -5310.77 [    19074.8    6908.4   74851.3    3955.8   50000.0 ]
[24-10-31 15:06:06] 581    -5310.79 [    19074.8    6908.4   74851.3    3955.8   49998.4 ]
[24-10-31 15:06:06] 582    -5310.77 [    19074.8    6908.4   74851.3    3955.8   49999.4 ]
[24-10-31 15:06:06] 584    -5310.77 [    19074.8    6908.4   74851.3    3955.8   49999.7 ]
[24-10-31 15:06:06] 586    -5310.77 [    19074.8    6908.4   74851.3    3955.8   49999.9 ]
[24-10-31 15:06:07] 588    -5310.77 [    19074.8    6908.4   74851.3    3955.8   50000.0 ]
[24-10-31 15:06:07] 590    -5310.77 [    19074.8    6908.4   74851.3    3955.8   50000.0 ]
[24-10-31 15:06:07] 592    -5310.77 [    19074.8    6908.4   74851.3    3955.8   50000.0 ]
[24-10-31 15:06:07] 594    -5310.77 [    19074.8    6908.4   74851.3    3955.8   50000.0 ]
[24-10-31 15:06:07] 596    -5310.77 [    19074.8    6908.4   74851.3    3955.8   50000.0 ]
[24-10-31 15:06:08] 598    -5310.77 [    19074.8    6908.4   74851.3    3955.8   50000.0 ]
[24-10-31 15:06:08] 600    -5310.77 [    19074.8    6908.4   74851.3    3955.8   50000.0 ]
[24-10-31 15:06:08] 602    -5310.77 [    19074.8    6908.4   74851.3    3955.8   50000.0 ]
[24-10-31 15:06:08] 604    -5310.77 [    19074.8    6908.4   74851.3    3955.8   50000.0 ]
[24-10-31 15:06:08] 606    -5310.77 [    19074.8    6908.4   74851.3    3955.8   50000.0 ]
[24-10-31 15:06:09] 608    -5310.77 [    19074.8    6908.4   74851.3    3955.8   50000.0 ]
[24-10-31 15:06:09] 610    -5310.77 [    19074.8    6908.4   74851.3    3955.8   50000.0 ]
[24-10-31 15:06:09] 612    -5310.77 [    19074.8    6908.4   74851.3    3955.8   50000.0 ]
[24-10-31 15:06:09] 614    -5310.77 [    19074.8    6908.4   74851.3    3955.8   50000.0 ]
[24-10-31 15:06:09] 616    -5310.77 [    19074.8    6908.4   74851.3    3955.8   50000.0 ]
[24-10-31 15:06:09] 618    -5310.77 [    19074.8    6908.4   74851.3    3955.8   50000.0 ]
[24-10-31 15:06:10] 620    -5310.77 [    19074.8    6908.4   74851.3    3955.8   50000.0 ]
[24-10-31 15:06:10] 622    -5310.77 [    19074.8    6908.4   74851.3    3955.8   50000.0 ]
[24-10-31 15:06:10] 623    -5310.77 [    19074.8    6908.4   74851.3    3955.8   50000.0 ]
[24-10-31 15:06:10] 624    -5310.77 [    19074.8    6908.4   74851.3    3955.8   50000.0 ]
[24-10-31 15:06:10] 625    -5310.77 [    19074.8    6908.4   74851.3    3955.8   50000.0 ]
[24-10-31 15:06:11] 626    -5310.77 [    19074.8    6908.4   74851.3    3955.8   50000.0 ]
[24-10-31 15:06:11] 627    -5310.77 [    19074.8    6908.4   74851.3    3955.8   50000.0 ]
[24-10-31 15:06:11] 628    -5310.77 [    19074.8    6908.4   74851.3    3955.8   50000.0 ]
[24-10-31 15:06:11] 629    -5310.77 [    19074.8    6908.4   74851.3    3955.8   50000.0 ]
[24-10-31 15:06:11] 630    -5310.77 [    19074.8    6908.4   74851.3    3955.8   50000.0 ]
[24-10-31 15:06:11] 631    -5305.32 [    19109.6    7004.5   74219.4    3923.4   50000.0 ]
[24-10-31 15:06:12] 632    -5310.77 [    19074.8    6908.4   74851.3    3955.8   50000.0 ]
[24-10-31 15:06:12] 633    -5305.32 [    19109.6    7004.5   74219.4    3923.4   50000.0 ]
[24-10-31 15:06:12] 634    -5296.58 [    19165.8    7160.0   73196.9    3870.9   50000.0 ]
[24-10-31 15:06:12] 637     -5187.1 [    19934.8    9285.4   59219.4    3154.3   50000.0 ]
[24-10-31 15:06:12] 638    -5239.42 [    19550.3    8222.7   66208.2    3512.6   50000.0 ]
[24-10-31 15:06:12] 639    -5130.22 [    20410.0   10598.9   50580.9    2711.4   50000.0 ]
[24-10-31 15:06:13] 640    -5100.38 [    20703.7   11410.7   45241.9    2437.6   50000.0 ]
[24-10-31 15:06:13] 641    -5084.49 [    20885.2   11912.4   41942.3    2268.4   50000.0 ]
[24-10-31 15:06:13] 643     -5090.3 [    20815.9   11720.8   43202.6    2333.1   50000.0 ]
[24-10-31 15:06:13] 644    -5081.07 [    20928.1   12030.9   41163.4    2228.5   50000.0 ]
[24-10-31 15:06:13] 645    -5079.03 [    20954.6   12104.1   40681.9    2203.8   50000.0 ]
[24-10-31 15:06:13] 646    -5077.62 [    20973.4   12156.0   40340.3    2186.3   50000.0 ]
[24-10-31 15:06:14] 647    -5077.62 [    20973.4   12156.0   40340.3    2186.3   50000.0 ]
[24-10-31 15:06:14] 648    -5077.61 [    20974.4   12156.0   40340.3    2186.3   50000.0 ]
[24-10-31 15:06:14] 649    -5077.61 [    20976.0   12156.0   40340.3    2186.3   50000.0 ]
[24-10-31 15:06:14] 650    -5077.28 [    21152.4   12156.0   40340.3    2186.3   50000.0 ]
[24-10-31 15:06:14] 651    -5077.18 [    21309.4   12156.0   40340.3    2186.3   50000.0 ]
[24-10-31 15:06:14] 652    -5077.39 [    21563.4   12156.0   40340.3    2186.3   50000.0 ]
[24-10-31 15:06:15] 653     -5077.2 [    21406.4   12156.0   40340.3    2186.3   50000.0 ]
[24-10-31 15:06:15] 654     -5077.2 [    21249.4   12156.0   40340.3    2186.3   50000.0 ]
[24-10-31 15:06:15] 655    -5077.18 [    21319.5   12156.0   40340.3    2186.3   50000.0 ]
[24-10-31 15:06:15] 656    -5077.18 [    21316.0   12156.0   40340.3    2186.3   50000.0 ]
[24-10-31 15:06:15] 657    -5077.18 [    21322.9   12156.0   40340.3    2186.3   50000.0 ]
[24-10-31 15:06:15] 658    -5077.18 [    21319.5   12156.0   40340.3    2186.3   50000.0 ]
[24-10-31 15:06:16] 660    -5077.19 [    21319.5   12156.0   40340.3    2186.3   49998.4 ]
[24-10-31 15:06:16] 661    -5077.18 [    21319.5   12156.0   40340.3    2186.3   49999.4 ]
[24-10-31 15:06:16] 663    -5077.18 [    21319.5   12156.0   40340.3    2186.3   49999.7 ]
[24-10-31 15:06:16] 665    -5077.18 [    21319.5   12156.0   40340.3    2186.3   49999.9 ]
[24-10-31 15:06:16] 667    -5077.18 [    21319.5   12156.0   40340.3    2186.3   50000.0 ]
[24-10-31 15:06:16] 669    -5077.18 [    21319.5   12156.0   40340.3    2186.3   50000.0 ]
[24-10-31 15:06:17] 671    -5077.18 [    21319.5   12156.0   40340.3    2186.3   50000.0 ]
[24-10-31 15:06:17] 673    -5077.18 [    21319.5   12156.0   40340.3    2186.3   50000.0 ]
[24-10-31 15:06:17] 675    -5077.18 [    21319.5   12156.0   40340.3    2186.3   50000.0 ]
[24-10-31 15:06:17] 677    -5077.18 [    21319.5   12156.0   40340.3    2186.3   50000.0 ]
[24-10-31 15:06:17] 679    -5077.18 [    21319.5   12156.0   40340.3    2186.3   50000.0 ]
[24-10-31 15:06:17] 681    -5077.18 [    21319.5   12156.0   40340.3    2186.3   50000.0 ]
[24-10-31 15:06:18] 683    -5077.18 [    21319.5   12156.0   40340.3    2186.3   50000.0 ]
[24-10-31 15:06:18] 685    -5077.18 [    21319.5   12156.0   40340.3    2186.3   50000.0 ]
[24-10-31 15:06:18] 687    -5077.18 [    21319.5   12156.0   40340.3    2186.3   50000.0 ]
[24-10-31 15:06:18] 689    -5077.18 [    21319.5   12156.0   40340.3    2186.3   50000.0 ]
[24-10-31 15:06:18] 691    -5077.18 [    21319.5   12156.0   40340.3    2186.3   50000.0 ]
[24-10-31 15:06:18] 693    -5077.18 [    21319.5   12156.0   40340.3    2186.3   50000.0 ]
[24-10-31 15:06:19] 694    -5077.18 [    21319.5   12156.0   40340.3    2186.3   50000.0 ]
[24-10-31 15:06:19] 695    -5077.18 [    21319.5   12156.0   40340.3    2186.3   50000.0 ]
[24-10-31 15:06:19] 696    -5077.18 [    21319.5   12156.0   40340.3    2186.3   50000.0 ]
[24-10-31 15:06:19] 697    -5077.18 [    21319.5   12156.0   40340.3    2186.3   50000.0 ]
[24-10-31 15:06:19] 699    -5077.18 [    21319.5   12156.0   40340.3    2186.3   50000.0 ]
[24-10-31 15:06:19] 700    -5077.18 [    21319.5   12156.0   40340.3    2186.3   50000.0 ]
[24-10-31 15:06:19] 701    -5077.18 [    21319.5   12156.0   40340.3    2186.3   50000.0 ]
[24-10-31 15:06:20] 702    -5077.18 [    21319.5   12156.0   40340.3    2186.3   50000.0 ]
[24-10-31 15:06:20] 703    -5077.18 [    21319.5   12156.0   40340.3    2186.3   50000.0 ]
[24-10-31 15:06:20] 704    -5077.17 [    21319.5   12156.0   40341.3    2186.3   50000.0 ]
[24-10-31 15:06:20] 705    -5077.16 [    21319.5   12156.0   40342.9    2186.3   50000.0 ]
[24-10-31 15:06:20] 706    -5075.96 [    21319.5   12156.0   40519.2    2186.3   50000.0 ]
[24-10-31 15:06:20] 707    -5074.73 [    21319.5   12156.0   40955.1    2186.3   50000.0 ]
[24-10-31 15:06:21] 708    -5077.87 [    21319.5   12156.0   41660.5    2186.3   50000.0 ]
[24-10-31 15:06:21] 709    -5075.18 [    21319.5   12156.0   41224.6    2186.3   50000.0 ]
[24-10-31 15:06:21] 710    -5074.91 [    21319.5   12156.0   40788.6    2186.3   50000.0 ]
[24-10-31 15:06:21] 711    -5074.73 [    21319.5   12156.0   40961.3    2186.3   50000.0 ]
[24-10-31 15:06:21] 712    -5074.73 [    21319.5   12156.0   40949.0    2186.3   50000.0 ]
[24-10-31 15:06:21] 713    -5074.73 [    21319.5   12156.0   40955.1    2186.3   50000.0 ]
[24-10-31 15:06:21] 714    -5074.82 [    21319.5   12156.0   40955.1    2187.3   50000.0 ]
[24-10-31 15:06:21] 715     -5074.6 [    21319.5   12156.0   40955.1    2184.7   50000.0 ]
[24-10-31 15:06:22] 716    -5073.94 [    21319.5   12156.0   40955.1    2166.9   50000.0 ]
[24-10-31 15:06:22] 717    -5075.87 [    21319.5   12156.0   40955.1    2138.1   50000.0 ]
[24-10-31 15:06:22] 718    -5074.23 [    21319.5   12156.0   40955.1    2155.9   50000.0 ]
[24-10-31 15:06:22] 719    -5074.03 [    21319.5   12156.0   40955.1    2173.7   50000.0 ]
[24-10-31 15:06:22] 720    -5073.94 [    21319.5   12156.0   40955.1    2167.3   50000.0 ]
[24-10-31 15:06:22] 721    -5073.94 [    21319.5   12156.0   40955.1    2167.5   50000.0 ]
[24-10-31 15:06:22] 722    -5073.94 [    21319.5   12156.0   40955.1    2167.1   50000.0 ]
[24-10-31 15:06:22] 723    -5073.94 [    21319.5   12156.0   40955.1    2167.3   50000.0 ]
[24-10-31 15:06:23] 730    -5072.76 [    21332.7   12192.6   40714.7    2154.9   50000.0 ]
[24-10-31 15:06:23] 731    -5073.35 [    21326.1   12174.3   40834.9    2161.1   50000.0 ]
[24-10-31 15:06:23] 733    -5069.74 [    21367.3   12288.3   40085.4    2122.7   50000.0 ]
[24-10-31 15:06:23] 735    -5070.88 [    21354.1   12251.7   40325.8    2135.0   50000.0 ]
[24-10-31 15:06:23] 737    -5070.17 [    21362.3   12274.3   40177.2    2127.4   50000.0 ]
[24-10-31 15:06:23] 738    -5069.47 [    21370.4   12296.9   40028.6    2119.8   50000.0 ]
[24-10-31 15:06:23] 740    -5069.57 [    21369.2   12293.6   40050.3    2120.9   50000.0 ]
[24-10-31 15:06:24] 741     -5069.4 [    21371.2   12299.0   40015.2    2119.1   50000.0 ]
[24-10-31 15:06:24] 742    -5069.36 [    21371.7   12300.4   40005.8    2118.6   50000.0 ]
[24-10-31 15:06:24] 744    -5069.36 [    21371.7   12300.4   40005.8    2118.6   50000.0 ]
[24-10-31 15:06:24] 745    -5069.36 [    21372.7   12300.4   40005.8    2118.6   50000.0 ]
[24-10-31 15:06:24] 746    -5069.35 [    21374.3   12300.4   40005.8    2118.6   50000.0 ]
[24-10-31 15:06:24] 747    -5069.19 [    21550.7   12300.4   40005.8    2118.6   50000.0 ]
[24-10-31 15:06:24] 748    -5069.18 [    21594.2   12300.4   40005.8    2118.6   50000.0 ]
[24-10-31 15:06:24] 749     -5069.2 [    21664.6   12300.4   40005.8    2118.6   50000.0 ]
[24-10-31 15:06:25] 750    -5069.18 [    21621.1   12300.4   40005.8    2118.6   50000.0 ]
[24-10-31 15:06:25] 751    -5069.18 [    21577.6   12300.4   40005.8    2118.6   50000.0 ]
[24-10-31 15:06:25] 752    -5069.18 [    21597.2   12300.4   40005.8    2118.6   50000.0 ]
[24-10-31 15:06:25] 753    -5069.18 [    21599.5   12300.4   40005.8    2118.6   50000.0 ]
[24-10-31 15:06:25] 754    -5069.18 [    21597.2   12300.4   40005.8    2118.6   50000.0 ]
[24-10-31 15:06:25] 756    -5069.19 [    21597.2   12300.4   40005.8    2118.6   49998.4 ]
[24-10-31 15:06:25] 757    -5069.19 [    21597.2   12300.4   40005.8    2118.6   49999.4 ]
[24-10-31 15:06:25] 759    -5069.18 [    21597.2   12300.4   40005.8    2118.6   49999.7 ]
[24-10-31 15:06:25] 761    -5069.18 [    21597.2   12300.4   40005.8    2118.6   49999.9 ]
[24-10-31 15:06:26] 763    -5069.18 [    21597.2   12300.4   40005.8    2118.6   50000.0 ]
[24-10-31 15:06:26] 765    -5069.18 [    21597.2   12300.4   40005.8    2118.6   50000.0 ]
[24-10-31 15:06:26] 767    -5069.18 [    21597.2   12300.4   40005.8    2118.6   50000.0 ]
[24-10-31 15:06:26] 769    -5069.18 [    21597.2   12300.4   40005.8    2118.6   50000.0 ]
[24-10-31 15:06:26] 771    -5069.18 [    21597.2   12300.4   40005.8    2118.6   50000.0 ]
[24-10-31 15:06:26] 773    -5069.18 [    21597.2   12300.4   40005.8    2118.6   50000.0 ]
[24-10-31 15:06:26] 775    -5069.18 [    21597.2   12300.4   40005.8    2118.6   50000.0 ]
[24-10-31 15:06:26] 777    -5069.18 [    21597.2   12300.4   40005.8    2118.6   50000.0 ]
[24-10-31 15:06:27] 779    -5069.18 [    21597.2   12300.4   40005.8    2118.6   50000.0 ]
[24-10-31 15:06:27] 781    -5069.18 [    21597.2   12300.4   40005.8    2118.6   50000.0 ]
[24-10-31 15:06:27] 783    -5069.18 [    21597.2   12300.4   40005.8    2118.6   50000.0 ]
[24-10-31 15:06:27] 785    -5069.18 [    21597.2   12300.4   40005.8    2118.6   50000.0 ]
[24-10-31 15:06:27] 787    -5069.18 [    21597.2   12300.4   40005.8    2118.6   50000.0 ]
[24-10-31 15:06:27] 789    -5069.18 [    21597.2   12300.4   40005.8    2118.6   50000.0 ]
[24-10-31 15:06:27] 791    -5069.18 [    21597.2   12300.4   40005.8    2118.6   50000.0 ]
[24-10-31 15:06:27] 793    -5069.18 [    21597.2   12300.4   40005.8    2118.6   50000.0 ]
[24-10-31 15:06:28] 794    -5069.18 [    21597.2   12300.4   40005.8    2118.6   50000.0 ]
[24-10-31 15:06:28] 795    -5069.18 [    21597.2   12300.4   40005.8    2118.6   50000.0 ]
[24-10-31 15:06:28] 796    -5069.18 [    21597.2   12300.4   40005.8    2118.6   50000.0 ]
[24-10-31 15:06:28] 797    -5069.18 [    21597.2   12300.4   40005.8    2118.6   50000.0 ]
[24-10-31 15:06:28] 798    -5069.18 [    21597.2   12300.4   40005.8    2118.6   50000.0 ]
[24-10-31 15:06:28] 799    -5069.18 [    21597.2   12300.4   40005.8    2118.6   50000.0 ]
[24-10-31 15:06:28] 800    -5069.18 [    21597.2   12300.4   40005.8    2118.6   50000.0 ]
[24-10-31 15:06:28] 801    -5069.18 [    21597.2   12300.4   40005.8    2118.6   50000.0 ]
[24-10-31 15:06:29] 802    -5069.18 [    21597.2   12300.4   40005.8    2118.6   50000.0 ]
[24-10-31 15:06:29] 803    -5069.18 [    21597.2   12300.4   40005.8    2118.6   50000.0 ]
[24-10-31 15:06:29] 804    -5069.19 [    21597.2   12300.4   40006.8    2118.6   50000.0 ]
[24-10-31 15:06:29] 805    -5069.18 [    21597.2   12300.4   40004.2    2118.6   50000.0 ]
[24-10-31 15:06:29] 810    -5069.17 [    21597.2   12300.4   40000.4    2118.6   50000.0 ]
[24-10-31 15:06:29] 811    -5069.17 [    21597.2   12300.4   40002.3    2118.6   50000.0 ]
[24-10-31 15:06:29] 814    -5069.17 [    21597.2   12300.4   40001.2    2118.6   50000.0 ]
[24-10-31 15:06:29] 815    -5069.17 [    21597.2   12300.4   40000.1    2118.6   50000.0 ]
[24-10-31 15:06:30] 817    -5069.17 [    21597.2   12300.4   40000.2    2118.6   50000.0 ]
[24-10-31 15:06:30] 818    -5069.17 [    21597.2   12300.4   40000.0    2118.6   50000.0 ]
[24-10-31 15:06:30] 820    -5069.17 [    21597.2   12300.4   40000.0    2118.6   50000.0 ]
[24-10-31 15:06:30] 821    -5069.18 [    21597.2   12300.4   40000.0    2119.6   50000.0 ]
[24-10-31 15:06:30] 822    -5069.15 [    21597.2   12300.4   40000.0    2117.0   50000.0 ]
[24-10-31 15:06:30] 823    -5069.15 [    21597.2   12300.4   40000.0    2115.8   50000.0 ]
[24-10-31 15:06:30] 824    -5069.16 [    21597.2   12300.4   40000.0    2113.9   50000.0 ]
[24-10-31 15:06:31] 825    -5069.15 [    21597.2   12300.4   40000.0    2115.1   50000.0 ]
[24-10-31 15:06:31] 826    -5069.15 [    21597.2   12300.4   40000.0    2116.3   50000.0 ]
[24-10-31 15:06:31] 827    -5069.15 [    21597.2   12300.4   40000.0    2115.8   50000.0 ]
[24-10-31 15:06:31] 828    -5069.15 [    21597.2   12300.4   40000.0    2115.8   50000.0 ]
[24-10-31 15:06:31] 829    -5069.15 [    21597.2   12300.4   40000.0    2115.8   50000.0 ]
[24-10-31 15:06:31] 838    -5072.34 [    21561.0   12200.4   40657.8    2149.5   50000.0 ]
[24-10-31 15:06:31] 839    -5070.73 [    21579.1   12250.4   40328.9    2132.7   50000.0 ]
[24-10-31 15:06:31] 840    -5069.75 [    21590.3   12281.3   40125.6    2122.2   50000.0 ]
[24-10-31 15:06:32] 842    -5069.38 [    21594.6   12293.1   40048.0    2118.3   50000.0 ]
[24-10-31 15:06:32] 844    -5069.24 [    21596.2   12297.6   40018.3    2116.7   50000.0 ]
[24-10-31 15:06:32] 846    -5069.18 [    21596.8   12299.3   40007.0    2116.2   50000.0 ]
[24-10-31 15:06:32] 848    -5069.16 [    21597.1   12300.0   40002.7    2115.9   50000.0 ]
[24-10-31 15:06:32] 850    -5069.15 [    21597.2   12300.2   40001.0    2115.9   50000.0 ]
[24-10-31 15:06:32] 852    -5069.15 [    21597.2   12300.3   40000.4    2115.8   50000.0 ]
[24-10-31 15:06:32] 854    -5069.15 [    21597.2   12300.4   40000.2    2115.8   50000.0 ]
[24-10-31 15:06:32] 856    -5069.15 [    21597.2   12300.4   40000.1    2115.8   50000.0 ]
[24-10-31 15:06:33] 858    -5069.15 [    21597.2   12300.4   40000.0    2115.8   50000.0 ]
[24-10-31 15:06:33] 860    -5069.15 [    21597.2   12300.4   40000.0    2115.8   50000.0 ]
[24-10-31 15:06:33] 861    -5069.15 [    21597.2   12300.4   40000.0    2115.8   50000.0 ]
[24-10-31 15:06:33] 862    -5069.15 [    21597.2   12300.4   40000.0    2115.8   50000.0 ]
[24-10-31 15:06:33] 863    -5069.15 [    21597.2   12300.4   40000.0    2115.8   50000.0 ]
[24-10-31 15:06:33] 864    -5069.15 [    21597.2   12300.4   40000.0    2115.8   50000.0 ]
[24-10-31 15:06:33] 865    -5069.15 [    21597.2   12300.4   40000.0    2115.8   50000.0 ]
[24-10-31 15:06:34] 866    -5069.15 [    21597.2   12300.4   40000.0    2115.8   50000.0 ]
[24-10-31 15:06:34] 867    -5069.15 [    21597.2   12300.4   40000.0    2115.8   50000.0 ]
[24-10-31 15:06:34] 869    -5069.15 [    21597.2   12300.4   40000.0    2115.8   50000.0 ]
Optimization terminated successfully.
         Current function value: 5069.148691
         Iterations: 10
         Function evaluations: 869
[24-10-31 15:06:34] 869      fit p: [    21597.2   12300.4   40000.0    2115.8   50000.0 ]
method: Powell
objective_func: objective_H2
fopt: -5069.148691134766
max_iter: 100
num_iter: 10
func_calls: 869
flag: 0
u_fitted: False
u: 1.111e-08
