[24-10-31 14:52:51] fitting objective_H2 to data for demes ['French', 'KhomaniSan', 'Yoruba']
[24-10-31 14:52:51] 0        pnames [         NK       NFY       TFY        NF        NY ]
[24-10-31 14:52:51] 0            p0 [    22031.6   23400.7   55634.0    6934.0   25739.7 ]
[24-10-31 14:52:51] 1      -18533.9 [    22031.6   23400.7   55634.0    6934.0   25739.7 ]
[24-10-31 14:52:52] 2      -18533.9 [    22031.6   23400.7   55634.0    6934.0   25739.7 ]
[24-10-31 14:52:52] 3     -18533.85 [    22032.6   23400.7   55634.0    6934.0   25739.7 ]
[24-10-31 14:52:52] 4     -18533.76 [    22034.2   23400.7   55634.0    6934.0   25739.7 ]
[24-10-31 14:52:52] 5     -18524.55 [    22210.6   23400.7   55634.0    6934.0   25739.7 ]
[24-10-31 14:52:52] 6     -18366.22 [    27076.7   23400.7   55634.0    6934.0   25739.7 ]
[24-10-31 14:52:52] 7     -18306.26 [    34950.1   23400.7   55634.0    6934.0   25739.7 ]
[24-10-31 14:52:53] 8     -18309.69 [    32959.7   23400.7   55634.0    6934.0   25739.7 ]
[24-10-31 14:52:53] 9      -18351.0 [    47689.6   23400.7   55634.0    6934.0   25739.7 ]
[24-10-31 14:52:53] 10    -18314.38 [    39816.1   23400.7   55634.0    6934.0   25739.7 ]
[24-10-31 14:52:53] 11    -18313.71 [    31942.7   23400.7   55634.0    6934.0   25739.7 ]
[24-10-31 14:52:53] 12    -18306.25 [    35798.3   23400.7   55634.0    6934.0   25739.7 ]
[24-10-31 14:52:54] 13    -18306.16 [    35387.2   23400.7   55634.0    6934.0   25739.7 ]
[24-10-31 14:52:54] 14    -18306.17 [    35520.7   23400.7   55634.0    6934.0   25739.7 ]
[24-10-31 14:52:54] 15    -18306.17 [    35253.6   23400.7   55634.0    6934.0   25739.7 ]
[24-10-31 14:52:54] 16    -18306.16 [    35387.2   23400.7   55634.0    6934.0   25739.7 ]
[24-10-31 14:52:55] 17    -18306.55 [    35387.2   23401.7   55634.0    6934.0   25739.7 ]
[24-10-31 14:52:55] 18    -18305.53 [    35387.2   23399.1   55634.0    6934.0   25739.7 ]
[24-10-31 14:52:55] 19    -18304.52 [    35387.2   23396.5   55634.0    6934.0   25739.7 ]
[24-10-31 14:52:55] 20    -18302.88 [    35387.2   23392.3   55634.0    6934.0   25739.7 ]
[24-10-31 14:52:55] 21    -18300.22 [    35387.2   23385.4   55634.0    6934.0   25739.7 ]
[24-10-31 14:52:56] 22    -18295.93 [    35387.2   23374.3   55634.0    6934.0   25739.7 ]
[24-10-31 14:52:56] 23    -18288.97 [    35387.2   23356.4   55634.0    6934.0   25739.7 ]
[24-10-31 14:52:56] 24    -18277.69 [    35387.2   23327.3   55634.0    6934.0   25739.7 ]
[24-10-31 14:52:56] 25    -18259.41 [    35387.2   23280.4   55634.0    6934.0   25739.7 ]
[24-10-31 14:52:57] 26    -18229.74 [    35387.2   23204.3   55634.0    6934.0   25739.7 ]
[24-10-31 14:52:57] 27    -18181.47 [    35387.2   23081.4   55634.0    6934.0   25739.7 ]
[24-10-31 14:52:57] 28    -18102.69 [    35387.2   22882.3   55634.0    6934.0   25739.7 ]
[24-10-31 14:52:57] 29    -17973.43 [    35387.2   22560.3   55634.0    6934.0   25739.7 ]
[24-10-31 14:52:58] 30    -17759.53 [    35387.2   22039.3   55634.0    6934.0   25739.7 ]
[24-10-31 14:52:58] 31    -17400.58 [    35387.2   21196.3   55634.0    6934.0   25739.7 ]
[24-10-31 14:52:58] 32    -16784.87 [    35387.2   19832.3   55634.0    6934.0   25739.7 ]
[24-10-31 14:52:58] 33    -15693.84 [    35387.2   17625.3   55634.0    6934.0   25739.7 ]
[24-10-31 14:52:58] 34    -13709.38 [    35387.2   14054.3   55634.0    6934.0   25739.7 ]
[24-10-31 14:52:59] 35    -11594.18 [    35387.2    8276.3   55634.0    6934.0   25739.7 ]
[24-10-31 14:52:59] 36    -92934.56 [    35387.2    2141.7   55634.0    6934.0   25739.7 ]
[24-10-31 14:52:59] 37    -15099.43 [    35387.2    5933.1   55634.0    6934.0   25739.7 ]
[24-10-31 14:52:59] 38     -11830.6 [    35387.2   10483.3   55634.0    6934.0   25739.7 ]
[24-10-31 14:53:00] 39    -11503.98 [    35387.2    9227.8   55634.0    6934.0   25739.7 ]
[24-10-31 14:53:00] 40    -11492.12 [    35387.2    9046.8   55634.0    6934.0   25739.7 ]
[24-10-31 14:53:00] 41    -11491.21 [    35387.2    8903.3   55634.0    6934.0   25739.7 ]
[24-10-31 14:53:00] 42    -11498.67 [    35387.2    8758.3   55634.0    6934.0   25739.7 ]
[24-10-31 14:53:01] 43    -11491.21 [    35387.2    8903.3   55634.0    6934.0   25739.7 ]
[24-10-31 14:53:01] 44    -11491.12 [    35387.2    8903.3   55635.0    6934.0   25739.7 ]
[24-10-31 14:53:01] 45    -11490.98 [    35387.2    8903.3   55636.6    6934.0   25739.7 ]
[24-10-31 14:53:01] 46    -11475.26 [    35387.2    8903.3   55813.0    6934.0   25739.7 ]
[24-10-31 14:53:02] 47    -10822.78 [    35387.2    8903.3   71213.1    6934.0   25739.7 ]
[24-10-31 14:53:02] 48    -13118.12 [    35387.2    8903.3   96131.0    6934.0   25739.7 ]
[24-10-31 14:53:02] 49    -11179.36 [    35387.2    8903.3   80730.9    6934.0   25739.7 ]
[24-10-31 14:53:02] 50    -10899.72 [    35387.2    8903.3   65330.8    6934.0   25739.7 ]
[24-10-31 14:53:02] 51    -10820.23 [    35387.2    8903.3   70264.6    6934.0   25739.7 ]
[24-10-31 14:53:03] 52    -10820.25 [    35387.2    8903.3   70410.9    6934.0   25739.7 ]
[24-10-31 14:53:03] 53    -10820.36 [    35387.2    8903.3   70118.3    6934.0   25739.7 ]
[24-10-31 14:53:03] 54    -10820.23 [    35387.2    8903.3   70264.6    6934.0   25739.7 ]
[24-10-31 14:53:03] 55    -10821.58 [    35387.2    8903.3   70264.6    6935.0   25739.7 ]
[24-10-31 14:53:04] 56    -10818.05 [    35387.2    8903.3   70264.6    6932.4   25739.7 ]
[24-10-31 14:53:04] 57    -10814.51 [    35387.2    8903.3   70264.6    6929.8   25739.7 ]
[24-10-31 14:53:04] 58    -10808.79 [    35387.2    8903.3   70264.6    6925.5   25739.7 ]
[24-10-31 14:53:04] 59    -10799.53 [    35387.2    8903.3   70264.6    6918.7   25739.7 ]
[24-10-31 14:53:05] 60    -10784.53 [    35387.2    8903.3   70264.6    6907.6   25739.7 ]
[24-10-31 14:53:05] 61    -10760.23 [    35387.2    8903.3   70264.6    6889.7   25739.7 ]
[24-10-31 14:53:05] 62    -10720.83 [    35387.2    8903.3   70264.6    6860.6   25739.7 ]
[24-10-31 14:53:05] 63    -10656.88 [    35387.2    8903.3   70264.6    6813.6   25739.7 ]
[24-10-31 14:53:05] 64    -10552.88 [    35387.2    8903.3   70264.6    6737.6   25739.7 ]
[24-10-31 14:53:06] 65    -10383.29 [    35387.2    8903.3   70264.6    6614.6   25739.7 ]
[24-10-31 14:53:06] 66    -10105.65 [    35387.2    8903.3   70264.6    6415.6   25739.7 ]
[24-10-31 14:53:06] 67     -9649.32 [    35387.2    8903.3   70264.6    6093.6   25739.7 ]
[24-10-31 14:53:06] 68     -8900.58 [    35387.2    8903.3   70264.6    5572.6   25739.7 ]
[24-10-31 14:53:07] 69     -7725.04 [    35387.2    8903.3   70264.6    4729.6   25739.7 ]
[24-10-31 14:53:07] 72    -16410.09 [    35387.2    8903.3   70264.6    1536.3   25739.7 ]
[24-10-31 14:53:07] 73     -6706.75 [    35387.2    8903.3   70264.6    3133.0   25739.7 ]
[24-10-31 14:53:07] 74     -6739.34 [    35387.2    8903.3   70264.6    3779.7   25739.7 ]
[24-10-31 14:53:08] 75     -6616.28 [    35387.2    8903.3   70264.6    3415.6   25739.7 ]
[24-10-31 14:53:08] 76     -6617.98 [    35387.2    8903.3   70264.6    3450.8   25739.7 ]
[24-10-31 14:53:08] 77     -6617.16 [    35387.2    8903.3   70264.6    3380.4   25739.7 ]
[24-10-31 14:53:08] 78     -6616.28 [    35387.2    8903.3   70264.6    3415.6   25739.7 ]
[24-10-31 14:53:09] 79     -6616.18 [    35387.2    8903.3   70264.6    3415.6   25740.7 ]
[24-10-31 14:53:09] 80     -6616.01 [    35387.2    8903.3   70264.6    3415.6   25742.3 ]
[24-10-31 14:53:09] 81     -6597.86 [    35387.2    8903.3   70264.6    3415.6   25918.7 ]
[24-10-31 14:53:09] 82     -6008.01 [    35387.2    8903.3   70264.6    3415.6   34688.0 ]
[24-10-31 14:53:09] 83     -5631.06 [    35387.2    8903.3   70264.6    3415.6   48877.0 ]
[24-10-31 14:53:10] 84     -5624.85 [    35387.2    8903.3   70264.6    3415.6   49276.2 ]
[24-10-31 14:53:10] 85      -5615.1 [    35387.2    8903.3   70264.6    3415.6   49922.2 ]
[24-10-31 14:53:10] 91     -5618.78 [    35387.2    8903.3   70264.6    3415.6   49675.4 ]
[24-10-31 14:53:10] 93      -5615.1 [    35387.2    8903.3   70264.6    3415.6   49922.2 ]
[24-10-31 14:53:11] 94     -5615.12 [    35388.2    8903.3   70264.6    3415.6   49922.2 ]
[24-10-31 14:53:11] 95     -5615.07 [    35385.5    8903.3   70264.6    3415.6   49922.2 ]
[24-10-31 14:53:11] 96     -5611.73 [    35209.2    8903.3   70264.6    3415.6   49922.2 ]
[24-10-31 14:53:11] 97     -5721.93 [    15985.3    8903.3   70264.6    3415.6   49922.2 ]
[24-10-31 14:53:12] 98     -5483.84 [    27866.3    8903.3   70264.6    3415.6   49922.2 ]
[24-10-31 14:53:12] 99     -5446.53 [    23328.2    8903.3   70264.6    3415.6   49922.2 ]
[24-10-31 14:53:12] 100    -5477.39 [    20288.7    8903.3   70264.6    3415.6   49922.2 ]
[24-10-31 14:53:12] 101    -5447.28 [    23902.1    8903.3   70264.6    3415.6   49922.2 ]
[24-10-31 14:53:13] 102    -5446.56 [    23448.8    8903.3   70264.6    3415.6   49922.2 ]
[24-10-31 14:53:13] 103    -5446.58 [    23207.6    8903.3   70264.6    3415.6   49922.2 ]
[24-10-31 14:53:13] 104    -5446.53 [    23328.2    8903.3   70264.6    3415.6   49922.2 ]
[24-10-31 14:53:13] 105    -5446.74 [    23328.2    8904.3   70264.6    3415.6   49922.2 ]
[24-10-31 14:53:14] 106    -5446.19 [    23328.2    8901.7   70264.6    3415.6   49922.2 ]
[24-10-31 14:53:14] 107    -5412.49 [    23328.2    8725.3   70264.6    3415.6   49922.2 ]
[24-10-31 14:53:14] 108    -5364.09 [    23328.2    7895.3   70264.6    3415.6   49922.2 ]
[24-10-31 14:53:14] 109    -5960.67 [    23328.2    6552.4   70264.6    3415.6   49922.2 ]
[24-10-31 14:53:14] 110    -5462.56 [    23328.2    7382.4   70264.6    3415.6   49922.2 ]
[24-10-31 14:53:15] 111    -5357.66 [    23328.2    8212.3   70264.6    3415.6   49922.2 ]
[24-10-31 14:53:15] 112     -5355.9 [    23328.2    8102.9   70264.6    3415.6   49922.2 ]
[24-10-31 14:53:15] 113     -5355.9 [    23328.2    8111.8   70264.6    3415.6   49922.2 ]
[24-10-31 14:53:15] 114    -5355.91 [    23328.2    8119.7   70264.6    3415.6   49922.2 ]
[24-10-31 14:53:16] 115     -5355.9 [    23328.2    8111.8   70264.6    3415.6   49922.2 ]
[24-10-31 14:53:16] 116    -5355.93 [    23328.2    8111.8   70265.6    3415.6   49922.2 ]
[24-10-31 14:53:16] 117    -5355.85 [    23328.2    8111.8   70263.0    3415.6   49922.2 ]
[24-10-31 14:53:16] 118    -5350.62 [    23328.2    8111.8   70086.7    3415.6   49922.2 ]
[24-10-31 14:53:17] 119    -5308.85 [    23328.2    8111.8   67198.2    3415.6   49922.2 ]
[24-10-31 14:53:17] 120    -5414.43 [    23328.2    8111.8   62524.5    3415.6   49922.2 ]
[24-10-31 14:53:17] 121    -5324.09 [    23328.2    8111.8   65413.0    3415.6   49922.2 ]
[24-10-31 14:53:17] 122    -5315.07 [    23328.2    8111.8   68301.5    3415.6   49922.2 ]
[24-10-31 14:53:18] 123    -5308.85 [    23328.2    8111.8   67167.5    3415.6   49922.2 ]
[24-10-31 14:53:18] 124    -5308.86 [    23328.2    8111.8   67136.5    3415.6   49922.2 ]
[24-10-31 14:53:18] 125    -5308.85 [    23328.2    8111.8   67167.5    3415.6   49922.2 ]
[24-10-31 14:53:18] 126    -5308.61 [    23328.2    8111.8   67167.5    3416.6   49922.2 ]
[24-10-31 14:53:18] 127    -5308.23 [    23328.2    8111.8   67167.5    3418.2   49922.2 ]
[24-10-31 14:53:19] 128    -5294.01 [    23328.2    8111.8   67167.5    3534.8   49922.2 ]
[24-10-31 14:53:19] 129    -5319.16 [    23328.2    8111.8   67167.5    3723.4   49922.2 ]
[24-10-31 14:53:19] 130    -5297.13 [    23328.2    8111.8   67167.5    3606.8   49922.2 ]
[24-10-31 14:53:19] 131    -5296.49 [    23328.2    8111.8   67167.5    3490.2   49922.2 ]
[24-10-31 14:53:20] 132    -5293.92 [    23328.2    8111.8   67167.5    3545.2   49922.2 ]
[24-10-31 14:53:20] 133    -5293.92 [    23328.2    8111.8   67167.5    3543.9   49922.2 ]
[24-10-31 14:53:20] 134    -5293.93 [    23328.2    8111.8   67167.5    3542.7   49922.2 ]
[24-10-31 14:53:20] 135    -5293.92 [    23328.2    8111.8   67167.5    3543.9   49922.2 ]
[24-10-31 14:53:21] 136    -5293.91 [    23328.2    8111.8   67167.5    3543.9   49923.2 ]
[24-10-31 14:53:21] 137    -5293.89 [    23328.2    8111.8   67167.5    3543.9   49924.8 ]
[24-10-31 14:53:21] 139    -5292.94 [    23328.2    8111.8   67167.5    3543.9   49992.2 ]
[24-10-31 14:53:21] 141    -5293.42 [    23328.2    8111.8   67167.5    3543.9   49958.5 ]
[24-10-31 14:53:22] 143    -5293.12 [    23328.2    8111.8   67167.5    3543.9   49979.3 ]
[24-10-31 14:53:22] 144    -5292.86 [    23328.2    8111.8   67167.5    3543.9   49998.2 ]
[24-10-31 14:53:22] 146    -5292.89 [    23328.2    8111.8   67167.5    3543.9   49995.9 ]
[24-10-31 14:53:22] 147    -5292.84 [    23328.2    8111.8   67167.5    3543.9   49999.7 ]
[24-10-31 14:53:23] 150    -5292.84 [    23328.2    8111.8   67167.5    3543.9   49999.7 ]
[24-10-31 14:53:23] 151    -5292.86 [    23329.2    8111.8   67167.5    3543.9   49999.7 ]
[24-10-31 14:53:23] 152     -5292.8 [    23326.6    8111.8   67167.5    3543.9   49999.7 ]
[24-10-31 14:53:23] 153    -5288.99 [    23150.2    8111.8   67167.5    3543.9   49999.7 ]
[24-10-31 14:53:23] 154    -5292.85 [    16928.1    8111.8   67167.5    3543.9   49999.7 ]
[24-10-31 14:53:24] 155    -5251.13 [    20773.6    8111.8   67167.5    3543.9   49999.7 ]
[24-10-31 14:53:24] 156    -5246.41 [    19304.7    8111.8   67167.5    3543.9   49999.7 ]
[24-10-31 14:53:24] 157    -5245.83 [    19552.5    8111.8   67167.5    3543.9   49999.7 ]
[24-10-31 14:53:24] 158    -5245.78 [    19684.6    8111.8   67167.5    3543.9   49999.7 ]
[24-10-31 14:53:25] 159    -5245.78 [    19648.1    8111.8   67167.5    3543.9   49999.7 ]
[24-10-31 14:53:25] 160    -5245.79 [    19611.3    8111.8   67167.5    3543.9   49999.7 ]
[24-10-31 14:53:25] 161    -5245.78 [    19648.1    8111.8   67167.5    3543.9   49999.7 ]
[24-10-31 14:53:25] 162    -5245.74 [    19648.1    8112.8   67167.5    3543.9   49999.7 ]
[24-10-31 14:53:26] 163    -5245.69 [    19648.1    8114.4   67167.5    3543.9   49999.7 ]
[24-10-31 14:53:26] 164    -5244.29 [    19648.1    8198.6   67167.5    3543.9   49999.7 ]
[24-10-31 14:53:26] 165    -5247.46 [    19648.1    8334.9   67167.5    3543.9   49999.7 ]
[24-10-31 14:53:26] 166    -5244.73 [    19648.1    8250.7   67167.5    3543.9   49999.7 ]
[24-10-31 14:53:27] 167    -5244.51 [    19648.1    8166.4   67167.5    3543.9   49999.7 ]
[24-10-31 14:53:27] 168    -5244.29 [    19648.1    8201.3   67167.5    3543.9   49999.7 ]
[24-10-31 14:53:27] 169    -5244.29 [    19648.1    8200.4   67167.5    3543.9   49999.7 ]
[24-10-31 14:53:27] 170    -5244.29 [    19648.1    8202.2   67167.5    3543.9   49999.7 ]
[24-10-31 14:53:28] 171    -5244.29 [    19648.1    8201.3   67167.5    3543.9   49999.7 ]
[24-10-31 14:53:28] 172     -5244.3 [    19648.1    8201.3   67168.5    3543.9   49999.7 ]
[24-10-31 14:53:28] 173    -5244.28 [    19648.1    8201.3   67165.9    3543.9   49999.7 ]
[24-10-31 14:53:28] 174    -5243.06 [    19648.1    8201.3   66989.5    3543.9   49999.7 ]
[24-10-31 14:53:28] 175    -5241.16 [    19648.1    8201.3   66360.6    3543.9   49999.7 ]
[24-10-31 14:53:29] 176     -5246.1 [    19648.1    8201.3   65342.9    3543.9   49999.7 ]
[24-10-31 14:53:29] 177    -5241.88 [    19648.1    8201.3   65971.9    3543.9   49999.7 ]
[24-10-31 14:53:29] 178    -5241.44 [    19648.1    8201.3   66600.8    3543.9   49999.7 ]
[24-10-31 14:53:29] 179    -5241.16 [    19648.1    8201.3   66352.5    3543.9   49999.7 ]
[24-10-31 14:53:30] 180    -5241.16 [    19648.1    8201.3   66368.6    3543.9   49999.7 ]
[24-10-31 14:53:30] 181    -5241.16 [    19648.1    8201.3   66360.6    3543.9   49999.7 ]
[24-10-31 14:53:30] 182    -5241.21 [    19648.1    8201.3   66360.6    3544.9   49999.7 ]
[24-10-31 14:53:30] 183    -5241.09 [    19648.1    8201.3   66360.6    3542.3   49999.7 ]
[24-10-31 14:53:31] 184    -5240.52 [    19648.1    8201.3   66360.6    3516.0   49999.7 ]
[24-10-31 14:53:31] 185    -5242.14 [    19648.1    8201.3   66360.6    3473.5   49999.7 ]
[24-10-31 14:53:31] 186    -5240.76 [    19648.1    8201.3   66360.6    3499.8   49999.7 ]
[24-10-31 14:53:31] 187     -5240.6 [    19648.1    8201.3   66360.6    3526.1   49999.7 ]
[24-10-31 14:53:32] 188    -5240.52 [    19648.1    8201.3   66360.6    3516.5   49999.7 ]
[24-10-31 14:53:32] 189    -5240.52 [    19648.1    8201.3   66360.6    3516.8   49999.7 ]
[24-10-31 14:53:32] 190    -5240.52 [    19648.1    8201.3   66360.6    3516.5   49999.7 ]
[24-10-31 14:53:32] 192    -5240.54 [    19648.1    8201.3   66360.6    3516.5   49998.0 ]
[24-10-31 14:53:33] 193    -5240.53 [    19648.1    8201.3   66360.6    3516.5   49999.0 ]
[24-10-31 14:53:33] 195    -5240.52 [    19648.1    8201.3   66360.6    3516.5   49999.4 ]
[24-10-31 14:53:33] 196    -5240.52 [    19648.1    8201.3   66360.6    3516.5   49999.8 ]
[24-10-31 14:53:33] 197    -5240.52 [    19648.1    8201.3   66360.6    3516.5   49999.9 ]
[24-10-31 14:53:33] 198    -5240.52 [    19648.1    8201.3   66360.6    3516.5   50000.0 ]
[24-10-31 14:53:34] 199    -5240.52 [    19648.1    8201.3   66360.6    3516.5   50000.0 ]
[24-10-31 14:53:34] 201    -5240.52 [    19648.1    8201.3   66360.6    3516.5   50000.0 ]
[24-10-31 14:53:34] 202    -5240.52 [    19648.1    8201.3   66360.6    3516.5   50000.0 ]
[24-10-31 14:53:34] 204    -5240.52 [    19648.1    8201.3   66360.6    3516.5   50000.0 ]
[24-10-31 14:53:35] 206    -5240.52 [    19648.1    8201.3   66360.6    3516.5   50000.0 ]
[24-10-31 14:53:35] 207    -5240.52 [    19649.1    8201.3   66360.6    3516.5   50000.0 ]
[24-10-31 14:53:35] 208    -5240.52 [    19646.5    8201.3   66360.6    3516.5   50000.0 ]
[24-10-31 14:53:35] 209    -5240.51 [    19612.7    8201.3   66360.6    3516.5   50000.0 ]
[24-10-31 14:53:36] 210    -5240.52 [    19557.8    8201.3   66360.6    3516.5   50000.0 ]
[24-10-31 14:53:36] 211    -5240.51 [    19591.7    8201.3   66360.6    3516.5   50000.0 ]
[24-10-31 14:53:36] 212    -5240.51 [    19625.6    8201.3   66360.6    3516.5   50000.0 ]
[24-10-31 14:53:36] 213    -5240.51 [    19613.0    8201.3   66360.6    3516.5   50000.0 ]
[24-10-31 14:53:37] 214    -5240.51 [    19612.3    8201.3   66360.6    3516.5   50000.0 ]
[24-10-31 14:53:37] 215    -5240.51 [    19612.7    8201.3   66360.6    3516.5   50000.0 ]
[24-10-31 14:53:37] 216    -5240.47 [    19612.7    8202.3   66360.6    3516.5   50000.0 ]
[24-10-31 14:53:37] 217    -5240.41 [    19612.7    8203.9   66360.6    3516.5   50000.0 ]
[24-10-31 14:53:38] 218    -5238.31 [    19612.7    8307.3   66360.6    3516.5   50000.0 ]
[24-10-31 14:53:38] 219    -5242.91 [    19612.7    8474.7   66360.6    3516.5   50000.0 ]
[24-10-31 14:53:38] 220    -5238.95 [    19612.7    8371.3   66360.6    3516.5   50000.0 ]
[24-10-31 14:53:38] 221    -5238.65 [    19612.7    8267.9   66360.6    3516.5   50000.0 ]
[24-10-31 14:53:38] 222    -5238.31 [    19612.7    8311.4   66360.6    3516.5   50000.0 ]
[24-10-31 14:53:39] 223    -5238.31 [    19612.7    8310.3   66360.6    3516.5   50000.0 ]
[24-10-31 14:53:39] 224    -5238.31 [    19612.7    8312.5   66360.6    3516.5   50000.0 ]
[24-10-31 14:53:39] 225    -5238.31 [    19612.7    8311.4   66360.6    3516.5   50000.0 ]
[24-10-31 14:53:39] 226    -5238.32 [    19612.7    8311.4   66361.6    3516.5   50000.0 ]
[24-10-31 14:53:40] 227     -5238.3 [    19612.7    8311.4   66359.0    3516.5   50000.0 ]
[24-10-31 14:53:40] 228     -5237.3 [    19612.7    8311.4   66182.6    3516.5   50000.0 ]
[24-10-31 14:53:40] 229    -5236.06 [    19612.7    8311.4   65671.4    3516.5   50000.0 ]
[24-10-31 14:53:40] 230    -5239.28 [    19612.7    8311.4   64844.2    3516.5   50000.0 ]
[24-10-31 14:53:41] 231    -5236.52 [    19612.7    8311.4   65355.4    3516.5   50000.0 ]
[24-10-31 14:53:41] 232    -5236.24 [    19612.7    8311.4   65866.6    3516.5   50000.0 ]
[24-10-31 14:53:41] 233    -5236.06 [    19612.7    8311.4   65664.5    3516.5   50000.0 ]
[24-10-31 14:53:41] 234    -5236.06 [    19612.7    8311.4   65678.3    3516.5   50000.0 ]
[24-10-31 14:53:42] 235    -5236.06 [    19612.7    8311.4   65671.4    3516.5   50000.0 ]
[24-10-31 14:53:42] 236    -5236.12 [    19612.7    8311.4   65671.4    3517.5   50000.0 ]
[24-10-31 14:53:42] 237    -5235.96 [    19612.7    8311.4   65671.4    3514.9   50000.0 ]
[24-10-31 14:53:42] 238    -5234.92 [    19612.7    8311.4   65671.4    3479.4   50000.0 ]
[24-10-31 14:53:42] 239    -5237.97 [    19612.7    8311.4   65671.4    3422.0   50000.0 ]
[24-10-31 14:53:43] 240    -5235.38 [    19612.7    8311.4   65671.4    3457.5   50000.0 ]
[24-10-31 14:53:43] 241    -5235.06 [    19612.7    8311.4   65671.4    3493.0   50000.0 ]
[24-10-31 14:53:43] 242    -5234.92 [    19612.7    8311.4   65671.4    3480.3   50000.0 ]
[24-10-31 14:53:43] 243    -5234.92 [    19612.7    8311.4   65671.4    3480.0   50000.0 ]
[24-10-31 14:53:44] 244    -5234.92 [    19612.7    8311.4   65671.4    3480.7   50000.0 ]
[24-10-31 14:53:44] 245    -5234.92 [    19612.7    8311.4   65671.4    3480.3   50000.0 ]
[24-10-31 14:53:44] 247    -5234.94 [    19612.7    8311.4   65671.4    3480.3   49998.4 ]
[24-10-31 14:53:44] 248    -5234.93 [    19612.7    8311.4   65671.4    3480.3   49999.4 ]
[24-10-31 14:53:45] 250    -5234.92 [    19612.7    8311.4   65671.4    3480.3   49999.7 ]
[24-10-31 14:53:45] 252    -5234.92 [    19612.7    8311.4   65671.4    3480.3   49999.9 ]
[24-10-31 14:53:45] 254    -5234.92 [    19612.7    8311.4   65671.4    3480.3   50000.0 ]
[24-10-31 14:53:45] 256    -5234.92 [    19612.7    8311.4   65671.4    3480.3   50000.0 ]
[24-10-31 14:53:46] 258    -5234.92 [    19612.7    8311.4   65671.4    3480.3   50000.0 ]
[24-10-31 14:53:46] 259    -5234.92 [    19612.7    8311.4   65671.4    3480.3   50000.0 ]
[24-10-31 14:53:46] 261    -5234.92 [    19612.7    8311.4   65671.4    3480.3   50000.0 ]
[24-10-31 14:53:46] 262    -5234.92 [    19612.7    8311.4   65671.4    3480.3   50000.0 ]
[24-10-31 14:53:46] 263    -5234.92 [    19612.7    8311.4   65671.4    3480.3   50000.0 ]
[24-10-31 14:53:47] 265    -5234.92 [    19612.7    8311.4   65671.4    3480.3   50000.0 ]
[24-10-31 14:53:47] 266    -5234.92 [    19612.7    8311.4   65671.4    3480.3   50000.0 ]
[24-10-31 14:53:47] 268    -5234.92 [    19612.7    8311.4   65671.4    3480.3   50000.0 ]
[24-10-31 14:53:47] 270    -5234.92 [    19612.7    8311.4   65671.4    3480.3   50000.0 ]
[24-10-31 14:53:48] 271    -5234.92 [    19613.7    8311.4   65671.4    3480.3   50000.0 ]
[24-10-31 14:53:48] 272    -5234.92 [    19615.3    8311.4   65671.4    3480.3   50000.0 ]
[24-10-31 14:53:48] 273    -5234.91 [    19668.5    8311.4   65671.4    3480.3   50000.0 ]
[24-10-31 14:53:48] 274    -5234.94 [    19754.8    8311.4   65671.4    3480.3   50000.0 ]
[24-10-31 14:53:49] 275    -5234.91 [    19701.5    8311.4   65671.4    3480.3   50000.0 ]
[24-10-31 14:53:49] 276    -5234.91 [    19648.2    8311.4   65671.4    3480.3   50000.0 ]
[24-10-31 14:53:49] 277    -5234.91 [    19669.1    8311.4   65671.4    3480.3   50000.0 ]
[24-10-31 14:53:49] 278    -5234.91 [    19669.7    8311.4   65671.4    3480.3   50000.0 ]
[24-10-31 14:53:50] 279    -5234.91 [    19669.1    8311.4   65671.4    3480.3   50000.0 ]
[24-10-31 14:53:50] 280    -5234.87 [    19669.1    8312.4   65671.4    3480.3   50000.0 ]
[24-10-31 14:53:50] 281    -5234.81 [    19669.1    8314.0   65671.4    3480.3   50000.0 ]
[24-10-31 14:53:50] 282    -5232.88 [    19669.1    8414.6   65671.4    3480.3   50000.0 ]
[24-10-31 14:53:51] 283    -5237.14 [    19669.1    8577.4   65671.4    3480.3   50000.0 ]
[24-10-31 14:53:51] 284    -5233.47 [    19669.1    8476.8   65671.4    3480.3   50000.0 ]
[24-10-31 14:53:51] 285    -5233.19 [    19669.1    8376.2   65671.4    3480.3   50000.0 ]
[24-10-31 14:53:51] 286    -5232.88 [    19669.1    8418.3   65671.4    3480.3   50000.0 ]
[24-10-31 14:53:51] 287    -5232.88 [    19669.1    8417.3   65671.4    3480.3   50000.0 ]
[24-10-31 14:53:52] 288    -5232.88 [    19669.1    8419.4   65671.4    3480.3   50000.0 ]
[24-10-31 14:53:52] 289    -5232.88 [    19669.1    8418.3   65671.4    3480.3   50000.0 ]
[24-10-31 14:53:52] 290    -5232.89 [    19669.1    8418.3   65672.4    3480.3   50000.0 ]
[24-10-31 14:53:52] 291    -5232.87 [    19669.1    8418.3   65669.8    3480.3   50000.0 ]
[24-10-31 14:53:53] 292    -5231.87 [    19669.1    8418.3   65493.4    3480.3   50000.0 ]
[24-10-31 14:53:53] 293    -5230.64 [    19669.1    8418.3   64981.3    3480.3   50000.0 ]
[24-10-31 14:53:53] 294    -5233.85 [    19669.1    8418.3   64152.6    3480.3   50000.0 ]
[24-10-31 14:53:53] 295    -5231.11 [    19669.1    8418.3   64664.8    3480.3   50000.0 ]
[24-10-31 14:53:54] 296    -5230.82 [    19669.1    8418.3   65176.9    3480.3   50000.0 ]
[24-10-31 14:53:54] 297    -5230.64 [    19669.1    8418.3   64974.4    3480.3   50000.0 ]
[24-10-31 14:53:54] 298    -5230.64 [    19669.1    8418.3   64988.2    3480.3   50000.0 ]
[24-10-31 14:53:54] 299    -5230.64 [    19669.1    8418.3   64981.3    3480.3   50000.0 ]
[24-10-31 14:53:54] 300     -5230.7 [    19669.1    8418.3   64981.3    3481.3   50000.0 ]
[24-10-31 14:53:55] 301    -5230.54 [    19669.1    8418.3   64981.3    3478.7   50000.0 ]
[24-10-31 14:53:55] 302    -5229.48 [    19669.1    8418.3   64981.3    3443.2   50000.0 ]
[24-10-31 14:53:55] 303     -5232.6 [    19669.1    8418.3   64981.3    3385.7   50000.0 ]
[24-10-31 14:53:55] 304    -5229.95 [    19669.1    8418.3   64981.3    3421.2   50000.0 ]
[24-10-31 14:53:56] 305    -5229.63 [    19669.1    8418.3   64981.3    3456.7   50000.0 ]
[24-10-31 14:53:56] 306    -5229.48 [    19669.1    8418.3   64981.3    3444.1   50000.0 ]
[24-10-31 14:53:56] 307    -5229.48 [    19669.1    8418.3   64981.3    3443.7   50000.0 ]
[24-10-31 14:53:56] 308    -5229.48 [    19669.1    8418.3   64981.3    3444.5   50000.0 ]
[24-10-31 14:53:57] 309    -5229.48 [    19669.1    8418.3   64981.3    3444.1   50000.0 ]
[24-10-31 14:53:57] 311     -5229.5 [    19669.1    8418.3   64981.3    3444.1   49998.4 ]
[24-10-31 14:53:57] 312    -5229.49 [    19669.1    8418.3   64981.3    3444.1   49999.4 ]
[24-10-31 14:53:57] 314    -5229.49 [    19669.1    8418.3   64981.3    3444.1   49999.7 ]
[24-10-31 14:53:58] 316    -5229.48 [    19669.1    8418.3   64981.3    3444.1   49999.9 ]
[24-10-31 14:53:58] 318    -5229.48 [    19669.1    8418.3   64981.3    3444.1   50000.0 ]
[24-10-31 14:53:58] 320    -5229.48 [    19669.1    8418.3   64981.3    3444.1   50000.0 ]
[24-10-31 14:53:58] 322    -5229.48 [    19669.1    8418.3   64981.3    3444.1   50000.0 ]
[24-10-31 14:53:59] 324    -5229.48 [    19669.1    8418.3   64981.3    3444.1   50000.0 ]
[24-10-31 14:53:59] 326    -5229.48 [    19669.1    8418.3   64981.3    3444.1   50000.0 ]
[24-10-31 14:53:59] 328    -5229.48 [    19669.1    8418.3   64981.3    3444.1   50000.0 ]
[24-10-31 14:53:59] 330    -5229.48 [    19669.1    8418.3   64981.3    3444.1   50000.0 ]
[24-10-31 14:53:59] 332    -5229.48 [    19669.1    8418.3   64981.3    3444.1   50000.0 ]
[24-10-31 14:54:00] 333    -5229.48 [    19669.1    8418.3   64981.3    3444.1   50000.0 ]
[24-10-31 14:54:00] 334    -5229.48 [    19669.1    8418.3   64981.3    3444.1   50000.0 ]
[24-10-31 14:54:00] 335    -5229.48 [    19669.1    8418.3   64981.3    3444.1   50000.0 ]
[24-10-31 14:54:00] 336    -5229.48 [    19669.1    8418.3   64981.3    3444.1   50000.0 ]
[24-10-31 14:54:01] 338    -5229.48 [    19669.1    8418.3   64981.3    3444.1   50000.0 ]
[24-10-31 14:54:01] 339    -5229.48 [    19669.1    8418.3   64981.3    3444.1   50000.0 ]
[24-10-31 14:54:01] 340    -5229.48 [    19669.1    8418.3   64981.3    3444.1   50000.0 ]
[24-10-31 14:54:01] 341    -5229.48 [    19669.1    8418.3   64981.3    3444.1   50000.0 ]
[24-10-31 14:54:02] 343    -5229.48 [    19669.1    8418.3   64981.3    3444.1   50000.0 ]
[24-10-31 14:54:02] 344    -5229.48 [    19670.1    8418.3   64981.3    3444.1   50000.0 ]
[24-10-31 14:54:02] 345    -5229.48 [    19671.7    8418.3   64981.3    3444.1   50000.0 ]
[24-10-31 14:54:02] 346    -5229.47 [    19716.3    8418.3   64981.3    3444.1   50000.0 ]
[24-10-31 14:54:03] 347     -5229.5 [    19788.5    8418.3   64981.3    3444.1   50000.0 ]
[24-10-31 14:54:03] 348    -5229.47 [    19743.9    8418.3   64981.3    3444.1   50000.0 ]
[24-10-31 14:54:03] 349    -5229.47 [    19699.3    8418.3   64981.3    3444.1   50000.0 ]
[24-10-31 14:54:03] 350    -5229.47 [    19716.8    8418.3   64981.3    3444.1   50000.0 ]
[24-10-31 14:54:04] 351    -5229.47 [    19717.3    8418.3   64981.3    3444.1   50000.0 ]
[24-10-31 14:54:04] 352    -5229.47 [    19716.8    8418.3   64981.3    3444.1   50000.0 ]
[24-10-31 14:54:04] 353    -5229.43 [    19716.8    8419.3   64981.3    3444.1   50000.0 ]
[24-10-31 14:54:04] 354    -5229.38 [    19716.8    8421.0   64981.3    3444.1   50000.0 ]
[24-10-31 14:54:04] 355    -5227.52 [    19716.8    8521.1   64981.3    3444.1   50000.0 ]
[24-10-31 14:54:05] 356    -5231.64 [    19716.8    8683.1   64981.3    3444.1   50000.0 ]
[24-10-31 14:54:05] 357    -5228.09 [    19716.8    8583.0   64981.3    3444.1   50000.0 ]
[24-10-31 14:54:05] 358    -5227.81 [    19716.8    8482.8   64981.3    3444.1   50000.0 ]
[24-10-31 14:54:05] 359    -5227.52 [    19716.8    8524.8   64981.3    3444.1   50000.0 ]
[24-10-31 14:54:06] 360    -5227.52 [    19716.8    8523.7   64981.3    3444.1   50000.0 ]
[24-10-31 14:54:06] 361    -5227.52 [    19716.8    8525.8   64981.3    3444.1   50000.0 ]
[24-10-31 14:54:06] 362    -5227.52 [    19716.8    8524.8   64981.3    3444.1   50000.0 ]
[24-10-31 14:54:06] 363    -5227.52 [    19716.8    8524.8   64982.3    3444.1   50000.0 ]
[24-10-31 14:54:07] 364    -5227.51 [    19716.8    8524.8   64979.7    3444.1   50000.0 ]
[24-10-31 14:54:07] 365    -5226.52 [    19716.8    8524.8   64803.3    3444.1   50000.0 ]
[24-10-31 14:54:07] 366     -5225.3 [    19716.8    8524.8   64291.1    3444.1   50000.0 ]
[24-10-31 14:54:07] 367    -5228.48 [    19716.8    8524.8   63462.4    3444.1   50000.0 ]
[24-10-31 14:54:08] 368    -5225.76 [    19716.8    8524.8   63974.6    3444.1   50000.0 ]
[24-10-31 14:54:08] 369    -5225.48 [    19716.8    8524.8   64486.7    3444.1   50000.0 ]
[24-10-31 14:54:08] 370     -5225.3 [    19716.8    8524.8   64284.2    3444.1   50000.0 ]
[24-10-31 14:54:08] 371     -5225.3 [    19716.8    8524.8   64298.0    3444.1   50000.0 ]
[24-10-31 14:54:08] 372     -5225.3 [    19716.8    8524.8   64291.1    3444.1   50000.0 ]
[24-10-31 14:54:09] 373    -5225.36 [    19716.8    8524.8   64291.1    3445.1   50000.0 ]
[24-10-31 14:54:09] 374    -5225.19 [    19716.8    8524.8   64291.1    3442.5   50000.0 ]
[24-10-31 14:54:09] 375    -5224.12 [    19716.8    8524.8   64291.1    3407.0   50000.0 ]
[24-10-31 14:54:09] 376     -5227.3 [    19716.8    8524.8   64291.1    3349.6   50000.0 ]
[24-10-31 14:54:10] 377     -5224.6 [    19716.8    8524.8   64291.1    3385.1   50000.0 ]
[24-10-31 14:54:10] 378    -5224.26 [    19716.8    8524.8   64291.1    3420.6   50000.0 ]
[24-10-31 14:54:10] 379    -5224.12 [    19716.8    8524.8   64291.1    3407.9   50000.0 ]
[24-10-31 14:54:10] 380    -5224.12 [    19716.8    8524.8   64291.1    3407.6   50000.0 ]
[24-10-31 14:54:11] 381    -5224.12 [    19716.8    8524.8   64291.1    3408.3   50000.0 ]
[24-10-31 14:54:11] 382    -5224.12 [    19716.8    8524.8   64291.1    3407.9   50000.0 ]
[24-10-31 14:54:11] 384    -5224.13 [    19716.8    8524.8   64291.1    3407.9   49998.4 ]
[24-10-31 14:54:11] 385    -5224.12 [    19716.8    8524.8   64291.1    3407.9   49999.4 ]
[24-10-31 14:54:12] 387    -5224.12 [    19716.8    8524.8   64291.1    3407.9   49999.7 ]
[24-10-31 14:54:12] 389    -5224.12 [    19716.8    8524.8   64291.1    3407.9   49999.9 ]
[24-10-31 14:54:12] 391    -5224.12 [    19716.8    8524.8   64291.1    3407.9   50000.0 ]
[24-10-31 14:54:12] 393    -5224.12 [    19716.8    8524.8   64291.1    3407.9   50000.0 ]
[24-10-31 14:54:13] 395    -5224.12 [    19716.8    8524.8   64291.1    3407.9   50000.0 ]
[24-10-31 14:54:13] 397    -5224.12 [    19716.8    8524.8   64291.1    3407.9   50000.0 ]
[24-10-31 14:54:13] 399    -5224.12 [    19716.8    8524.8   64291.1    3407.9   50000.0 ]
[24-10-31 14:54:13] 401    -5224.12 [    19716.8    8524.8   64291.1    3407.9   50000.0 ]
[24-10-31 14:54:14] 403    -5224.12 [    19716.8    8524.8   64291.1    3407.9   50000.0 ]
[24-10-31 14:54:14] 405    -5224.12 [    19716.8    8524.8   64291.1    3407.9   50000.0 ]
[24-10-31 14:54:14] 407    -5224.12 [    19716.8    8524.8   64291.1    3407.9   50000.0 ]
[24-10-31 14:54:14] 409    -5224.12 [    19716.8    8524.8   64291.1    3407.9   50000.0 ]
[24-10-31 14:54:14] 411    -5224.12 [    19716.8    8524.8   64291.1    3407.9   50000.0 ]
[24-10-31 14:54:15] 413    -5224.12 [    19716.8    8524.8   64291.1    3407.9   50000.0 ]
[24-10-31 14:54:15] 415    -5224.12 [    19716.8    8524.8   64291.1    3407.9   50000.0 ]
[24-10-31 14:54:15] 417    -5224.12 [    19716.8    8524.8   64291.1    3407.9   50000.0 ]
[24-10-31 14:54:15] 418    -5224.12 [    19716.8    8524.8   64291.1    3407.9   50000.0 ]
[24-10-31 14:54:16] 419    -5224.12 [    19716.8    8524.8   64291.1    3407.9   50000.0 ]
[24-10-31 14:54:16] 421    -5224.12 [    19716.8    8524.8   64291.1    3407.9   50000.0 ]
[24-10-31 14:54:16] 423    -5224.12 [    19716.8    8524.8   64291.1    3407.9   50000.0 ]
[24-10-31 14:54:16] 425    -5224.12 [    19716.8    8524.8   64291.1    3407.9   50000.0 ]
[24-10-31 14:54:17] 426    -5224.12 [    19716.8    8524.8   64291.1    3407.9   50000.0 ]
[24-10-31 14:54:17] 427    -5224.12 [    19716.8    8524.8   64291.1    3407.9   50000.0 ]
[24-10-31 14:54:17] 429    -5224.12 [    19716.8    8524.8   64291.1    3407.9   50000.0 ]
[24-10-31 14:54:17] 430    -5224.12 [    19717.8    8524.8   64291.1    3407.9   50000.0 ]
[24-10-31 14:54:18] 431    -5224.12 [    19719.4    8524.8   64291.1    3407.9   50000.0 ]
[24-10-31 14:54:18] 432    -5224.11 [    19762.6    8524.8   64291.1    3407.9   50000.0 ]
[24-10-31 14:54:18] 433    -5224.13 [    19832.5    8524.8   64291.1    3407.9   50000.0 ]
[24-10-31 14:54:18] 434    -5224.11 [    19789.3    8524.8   64291.1    3407.9   50000.0 ]
[24-10-31 14:54:18] 435    -5224.11 [    19746.1    8524.8   64291.1    3407.9   50000.0 ]
[24-10-31 14:54:19] 436    -5224.11 [    19763.1    8524.8   64291.1    3407.9   50000.0 ]
[24-10-31 14:54:19] 437    -5224.11 [    19763.5    8524.8   64291.1    3407.9   50000.0 ]
[24-10-31 14:54:19] 438    -5224.11 [    19763.1    8524.8   64291.1    3407.9   50000.0 ]
[24-10-31 14:54:19] 439    -5224.07 [    19763.1    8525.8   64291.1    3407.9   50000.0 ]
[24-10-31 14:54:20] 440    -5224.01 [    19763.1    8527.4   64291.1    3407.9   50000.0 ]
[24-10-31 14:54:20] 441    -5222.21 [    19763.1    8627.4   64291.1    3407.9   50000.0 ]
[24-10-31 14:54:20] 442    -5226.23 [    19763.1    8789.2   64291.1    3407.9   50000.0 ]
[24-10-31 14:54:20] 443    -5222.77 [    19763.1    8689.2   64291.1    3407.9   50000.0 ]
[24-10-31 14:54:21] 444    -5222.49 [    19763.1    8589.2   64291.1    3407.9   50000.0 ]
[24-10-31 14:54:21] 445    -5222.21 [    19763.1    8631.0   64291.1    3407.9   50000.0 ]
[24-10-31 14:54:21] 446    -5222.21 [    19763.1    8629.9   64291.1    3407.9   50000.0 ]
[24-10-31 14:54:21] 447    -5222.21 [    19763.1    8632.1   64291.1    3407.9   50000.0 ]
[24-10-31 14:54:22] 448    -5222.21 [    19763.1    8631.0   64291.1    3407.9   50000.0 ]
[24-10-31 14:54:22] 449    -5222.21 [    19763.1    8631.0   64292.1    3407.9   50000.0 ]
[24-10-31 14:54:22] 450     -5222.2 [    19763.1    8631.0   64289.5    3407.9   50000.0 ]
[24-10-31 14:54:22] 451    -5221.22 [    19763.1    8631.0   64113.1    3407.9   50000.0 ]
[24-10-31 14:54:23] 452    -5220.01 [    19763.1    8631.0   63602.4    3407.9   50000.0 ]
[24-10-31 14:54:23] 453    -5223.16 [    19763.1    8631.0   62776.1    3407.9   50000.0 ]
[24-10-31 14:54:23] 454    -5220.47 [    19763.1    8631.0   63286.8    3407.9   50000.0 ]
[24-10-31 14:54:23] 455    -5220.19 [    19763.1    8631.0   63797.5    3407.9   50000.0 ]
[24-10-31 14:54:23] 456    -5220.01 [    19763.1    8631.0   63595.5    3407.9   50000.0 ]
[24-10-31 14:54:24] 457    -5220.01 [    19763.1    8631.0   63609.3    3407.9   50000.0 ]
[24-10-31 14:54:24] 458    -5220.01 [    19763.1    8631.0   63602.4    3407.9   50000.0 ]
[24-10-31 14:54:24] 459    -5220.08 [    19763.1    8631.0   63602.4    3408.9   50000.0 ]
[24-10-31 14:54:24] 460    -5219.91 [    19763.1    8631.0   63602.4    3406.3   50000.0 ]
[24-10-31 14:54:25] 461    -5218.81 [    19763.1    8631.0   63602.4    3370.9   50000.0 ]
[24-10-31 14:54:25] 462    -5222.05 [    19763.1    8631.0   63602.4    3313.6   50000.0 ]
[24-10-31 14:54:25] 463     -5219.3 [    19763.1    8631.0   63602.4    3349.0   50000.0 ]
[24-10-31 14:54:25] 464    -5218.96 [    19763.1    8631.0   63602.4    3384.4   50000.0 ]
[24-10-31 14:54:26] 465    -5218.81 [    19763.1    8631.0   63602.4    3371.8   50000.0 ]
[24-10-31 14:54:26] 466    -5218.81 [    19763.1    8631.0   63602.4    3371.5   50000.0 ]
[24-10-31 14:54:26] 467    -5218.81 [    19763.1    8631.0   63602.4    3372.2   50000.0 ]
[24-10-31 14:54:26] 468    -5218.81 [    19763.1    8631.0   63602.4    3371.8   50000.0 ]
[24-10-31 14:54:27] 470    -5218.83 [    19763.1    8631.0   63602.4    3371.8   49998.4 ]
[24-10-31 14:54:27] 471    -5218.82 [    19763.1    8631.0   63602.4    3371.8   49999.4 ]
[24-10-31 14:54:27] 473    -5218.82 [    19763.1    8631.0   63602.4    3371.8   49999.7 ]
[24-10-31 14:54:27] 475    -5218.81 [    19763.1    8631.0   63602.4    3371.8   49999.9 ]
[24-10-31 14:54:27] 477    -5218.81 [    19763.1    8631.0   63602.4    3371.8   50000.0 ]
[24-10-31 14:54:28] 479    -5218.81 [    19763.1    8631.0   63602.4    3371.8   50000.0 ]
[24-10-31 14:54:28] 481    -5218.81 [    19763.1    8631.0   63602.4    3371.8   50000.0 ]
[24-10-31 14:54:28] 483    -5218.81 [    19763.1    8631.0   63602.4    3371.8   50000.0 ]
[24-10-31 14:54:28] 485    -5218.81 [    19763.1    8631.0   63602.4    3371.8   50000.0 ]
[24-10-31 14:54:29] 487    -5218.81 [    19763.1    8631.0   63602.4    3371.8   50000.0 ]
[24-10-31 14:54:29] 489    -5218.81 [    19763.1    8631.0   63602.4    3371.8   50000.0 ]
[24-10-31 14:54:29] 491    -5218.81 [    19763.1    8631.0   63602.4    3371.8   50000.0 ]
[24-10-31 14:54:29] 493    -5218.81 [    19763.1    8631.0   63602.4    3371.8   50000.0 ]
[24-10-31 14:54:30] 495    -5218.81 [    19763.1    8631.0   63602.4    3371.8   50000.0 ]
[24-10-31 14:54:30] 497    -5218.81 [    19763.1    8631.0   63602.4    3371.8   50000.0 ]
[24-10-31 14:54:30] 499    -5218.81 [    19763.1    8631.0   63602.4    3371.8   50000.0 ]
[24-10-31 14:54:30] 501    -5218.81 [    19763.1    8631.0   63602.4    3371.8   50000.0 ]
[24-10-31 14:54:31] 503    -5218.81 [    19763.1    8631.0   63602.4    3371.8   50000.0 ]
[24-10-31 14:54:31] 505    -5218.81 [    19763.1    8631.0   63602.4    3371.8   50000.0 ]
[24-10-31 14:54:31] 507    -5218.81 [    19763.1    8631.0   63602.4    3371.8   50000.0 ]
[24-10-31 14:54:31] 509    -5218.81 [    19763.1    8631.0   63602.4    3371.8   50000.0 ]
[24-10-31 14:54:32] 512    -5218.81 [    19763.1    8631.0   63602.4    3371.8   50000.0 ]
[24-10-31 14:54:32] 514    -5218.81 [    19763.1    8631.0   63602.4    3371.8   50000.0 ]
[24-10-31 14:54:32] 515    -5218.81 [    19763.1    8631.0   63602.4    3371.8   50000.0 ]
[24-10-31 14:54:32] 516    -5218.81 [    19763.1    8631.0   63602.4    3371.8   50000.0 ]
[24-10-31 14:54:32] 517    -5218.81 [    19763.1    8631.0   63602.4    3371.8   50000.0 ]
[24-10-31 14:54:33] 518    -5218.81 [    19763.1    8631.0   63602.4    3371.8   50000.0 ]
[24-10-31 14:54:33] 519    -5218.81 [    19763.1    8631.0   63602.4    3371.8   50000.0 ]
[24-10-31 14:54:33] 520    -5218.81 [    19763.1    8631.0   63602.4    3371.8   50000.0 ]
[24-10-31 14:54:33] 521    -5213.56 [    19809.4    8737.2   62913.7    3335.7   50000.0 ]
[24-10-31 14:54:34] 522    -5218.81 [    19763.1    8631.0   63602.4    3371.8   50000.0 ]
[24-10-31 14:54:34] 523    -5213.56 [    19809.4    8737.2   62913.7    3335.7   50000.0 ]
[24-10-31 14:54:34] 524    -5205.16 [    19884.2    8909.1   61799.4    3277.3   50000.0 ]
[24-10-31 14:54:34] 527    -5133.23 [    20584.5   10516.4   51380.0    2730.9   50000.0 ]
[24-10-31 14:54:35] 528    -5167.66 [    20234.4    9712.8   56589.7    3004.1   50000.0 ]
[24-10-31 14:54:35] 529    -5095.33 [    21017.3   11509.7   44940.5    2393.2   50000.0 ]
[24-10-31 14:54:35] 530    -5074.81 [    21284.8   12123.6   40960.7    2184.5   50000.0 ]
[24-10-31 14:54:35] 532    -5082.36 [    21182.6   11889.1   42480.8    2264.2   50000.0 ]
[24-10-31 14:54:36] 533    -5070.33 [    21347.9   12268.6   40021.2    2135.3   50000.0 ]
[24-10-31 14:54:36] 535    -5072.02 [    21323.8   12213.2   40380.0    2154.1   50000.0 ]
[24-10-31 14:54:36] 537    -5070.33 [    21347.9   12268.6   40021.2    2135.3   50000.0 ]
[24-10-31 14:54:36] 538    -5070.33 [    21348.9   12268.6   40021.2    2135.3   50000.0 ]
[24-10-31 14:54:36] 539    -5070.33 [    21350.5   12268.6   40021.2    2135.3   50000.0 ]
[24-10-31 14:54:37] 540    -5070.23 [    21512.0   12268.6   40021.2    2135.3   50000.0 ]
[24-10-31 14:54:37] 541    -5070.46 [    21773.2   12268.6   40021.2    2135.3   50000.0 ]
[24-10-31 14:54:37] 542    -5070.26 [    21611.8   12268.6   40021.2    2135.3   50000.0 ]
[24-10-31 14:54:37] 543    -5070.25 [    21450.3   12268.6   40021.2    2135.3   50000.0 ]
[24-10-31 14:54:38] 544    -5070.23 [    21515.8   12268.6   40021.2    2135.3   50000.0 ]
[24-10-31 14:54:38] 545    -5070.23 [    21514.1   12268.6   40021.2    2135.3   50000.0 ]
[24-10-31 14:54:38] 546    -5070.23 [    21517.4   12268.6   40021.2    2135.3   50000.0 ]
[24-10-31 14:54:38] 547    -5070.23 [    21515.8   12268.6   40021.2    2135.3   50000.0 ]
[24-10-31 14:54:39] 548    -5070.22 [    21515.8   12269.6   40021.2    2135.3   50000.0 ]
[24-10-31 14:54:39] 549    -5070.21 [    21515.8   12271.2   40021.2    2135.3   50000.0 ]
[24-10-31 14:54:39] 550    -5069.97 [    21515.8   12323.5   40021.2    2135.3   50000.0 ]
[24-10-31 14:54:39] 551    -5070.56 [    21515.8   12408.2   40021.2    2135.3   50000.0 ]
[24-10-31 14:54:40] 552    -5070.05 [    21515.8   12355.9   40021.2    2135.3   50000.0 ]
[24-10-31 14:54:40] 553    -5070.01 [    21515.8   12303.5   40021.2    2135.3   50000.0 ]
[24-10-31 14:54:40] 554    -5069.97 [    21515.8   12324.2   40021.2    2135.3   50000.0 ]
[24-10-31 14:54:40] 555    -5069.97 [    21515.8   12324.8   40021.2    2135.3   50000.0 ]
[24-10-31 14:54:41] 556    -5069.97 [    21515.8   12324.2   40021.2    2135.3   50000.0 ]
[24-10-31 14:54:41] 558    -5069.98 [    21515.8   12324.2   40021.2    2135.3   49998.4 ]
[24-10-31 14:54:41] 559    -5069.97 [    21515.8   12324.2   40021.2    2135.3   49999.4 ]
[24-10-31 14:54:41] 561    -5069.97 [    21515.8   12324.2   40021.2    2135.3   49999.7 ]
[24-10-31 14:54:41] 563    -5069.97 [    21515.8   12324.2   40021.2    2135.3   49999.9 ]
[24-10-31 14:54:42] 565    -5069.97 [    21515.8   12324.2   40021.2    2135.3   50000.0 ]
[24-10-31 14:54:42] 567    -5069.97 [    21515.8   12324.2   40021.2    2135.3   50000.0 ]
[24-10-31 14:54:42] 569    -5069.97 [    21515.8   12324.2   40021.2    2135.3   50000.0 ]
[24-10-31 14:54:42] 571    -5069.97 [    21515.8   12324.2   40021.2    2135.3   50000.0 ]
[24-10-31 14:54:43] 573    -5069.97 [    21515.8   12324.2   40021.2    2135.3   50000.0 ]
[24-10-31 14:54:43] 575    -5069.97 [    21515.8   12324.2   40021.2    2135.3   50000.0 ]
[24-10-31 14:54:43] 577    -5069.97 [    21515.8   12324.2   40021.2    2135.3   50000.0 ]
[24-10-31 14:54:43] 579    -5069.97 [    21515.8   12324.2   40021.2    2135.3   50000.0 ]
[24-10-31 14:54:44] 581    -5069.97 [    21515.8   12324.2   40021.2    2135.3   50000.0 ]
[24-10-31 14:54:44] 583    -5069.97 [    21515.8   12324.2   40021.2    2135.3   50000.0 ]
[24-10-31 14:54:44] 585    -5069.97 [    21515.8   12324.2   40021.2    2135.3   50000.0 ]
[24-10-31 14:54:44] 587    -5069.97 [    21515.8   12324.2   40021.2    2135.3   50000.0 ]
[24-10-31 14:54:45] 589    -5069.97 [    21515.8   12324.2   40021.2    2135.3   50000.0 ]
[24-10-31 14:54:45] 591    -5069.97 [    21515.8   12324.2   40021.2    2135.3   50000.0 ]
[24-10-31 14:54:45] 593    -5069.97 [    21515.8   12324.2   40021.2    2135.3   50000.0 ]
[24-10-31 14:54:45] 594    -5069.97 [    21515.8   12324.2   40021.2    2135.3   50000.0 ]
[24-10-31 14:54:46] 596    -5069.97 [    21515.8   12324.2   40021.2    2135.3   50000.0 ]
[24-10-31 14:54:46] 597    -5069.97 [    21515.8   12324.2   40021.2    2135.3   50000.0 ]
[24-10-31 14:54:46] 598    -5069.97 [    21515.8   12324.2   40021.2    2135.3   50000.0 ]
[24-10-31 14:54:46] 599    -5069.97 [    21515.8   12324.2   40021.2    2135.3   50000.0 ]
[24-10-31 14:54:46] 600    -5069.97 [    21515.8   12324.2   40021.2    2135.3   50000.0 ]
[24-10-31 14:54:47] 601    -5070.06 [    21515.8   12324.2   40021.2    2136.3   50000.0 ]
[24-10-31 14:54:47] 602    -5069.83 [    21515.8   12324.2   40021.2    2133.6   50000.0 ]
[24-10-31 14:54:47] 603     -5069.1 [    21515.8   12324.2   40021.2    2115.4   50000.0 ]
[24-10-31 14:54:47] 604    -5071.24 [    21515.8   12324.2   40021.2    2085.8   50000.0 ]
[24-10-31 14:54:48] 605    -5069.42 [    21515.8   12324.2   40021.2    2104.1   50000.0 ]
[24-10-31 14:54:48] 606     -5069.2 [    21515.8   12324.2   40021.2    2122.3   50000.0 ]
[24-10-31 14:54:48] 607     -5069.1 [    21515.8   12324.2   40021.2    2115.8   50000.0 ]
[24-10-31 14:54:48] 608     -5069.1 [    21515.8   12324.2   40021.2    2115.6   50000.0 ]
[24-10-31 14:54:49] 609     -5069.1 [    21515.8   12324.2   40021.2    2116.0   50000.0 ]
[24-10-31 14:54:49] 610     -5069.1 [    21515.8   12324.2   40021.2    2115.8   50000.0 ]
[24-10-31 14:54:49] 615     -5083.0 [    21328.7   11894.9   42804.5    2261.8   50000.0 ]
[24-10-31 14:54:49] 616    -5075.91 [    21422.2   12109.5   41412.9    2188.8   50000.0 ]
[24-10-31 14:54:50] 619    -5071.67 [    21480.0   12242.2   40552.7    2143.7   50000.0 ]
[24-10-31 14:54:50] 621    -5070.07 [    21502.1   12292.9   40224.2    2126.4   50000.0 ]
[24-10-31 14:54:50] 623    -5069.47 [    21510.5   12312.2   40098.7    2119.9   50000.0 ]
[24-10-31 14:54:50] 625    -5069.24 [    21513.8   12319.6   40050.8    2117.3   50000.0 ]
[24-10-31 14:54:50] 627    -5069.15 [    21515.0   12322.5   40032.5    2116.4   50000.0 ]
[24-10-31 14:54:51] 628    -5069.05 [    21516.5   12325.9   40010.5    2115.2   50000.0 ]
[24-10-31 14:54:51] 629    -5069.01 [    21516.9   12326.9   40003.9    2114.9   50000.0 ]
[24-10-31 14:54:51] 631    -5069.03 [    21516.7   12326.5   40006.4    2115.0   50000.0 ]
[24-10-31 14:54:51] 632    -5069.01 [    21517.0   12327.1   40002.3    2114.8   50000.0 ]
[24-10-31 14:54:52] 633     -5069.0 [    21517.1   12327.3   40001.3    2114.8   50000.0 ]
[24-10-31 14:54:52] 634     -5069.0 [    21517.1   12327.4   40000.8    2114.7   50000.0 ]
[24-10-31 14:54:52] 635     -5069.0 [    21517.2   12327.4   40000.4    2114.7   50000.0 ]
[24-10-31 14:54:52] 636     -5069.0 [    21517.2   12327.4   40000.2    2114.7   50000.0 ]
[24-10-31 14:54:52] 638     -5069.0 [    21517.2   12327.4   40000.2    2114.7   50000.0 ]
[24-10-31 14:54:53] 639     -5069.0 [    21518.2   12327.4   40000.2    2114.7   50000.0 ]
[24-10-31 14:54:53] 640    -5068.99 [    21519.8   12327.4   40000.2    2114.7   50000.0 ]
[24-10-31 14:54:53] 641    -5068.93 [    21656.1   12327.4   40000.2    2114.7   50000.0 ]
[24-10-31 14:54:53] 642    -5069.09 [    21876.7   12327.4   40000.2    2114.7   50000.0 ]
[24-10-31 14:54:54] 643    -5068.95 [    21740.3   12327.4   40000.2    2114.7   50000.0 ]
[24-10-31 14:54:54] 644    -5068.94 [    21604.0   12327.4   40000.2    2114.7   50000.0 ]
[24-10-31 14:54:54] 645    -5068.93 [    21658.8   12327.4   40000.2    2114.7   50000.0 ]
[24-10-31 14:54:54] 646    -5068.93 [    21660.2   12327.4   40000.2    2114.7   50000.0 ]
[24-10-31 14:54:55] 647    -5068.93 [    21658.8   12327.4   40000.2    2114.7   50000.0 ]
[24-10-31 14:54:55] 648    -5068.92 [    21658.8   12328.4   40000.2    2114.7   50000.0 ]
[24-10-31 14:54:55] 649    -5068.91 [    21658.8   12330.1   40000.2    2114.7   50000.0 ]
[24-10-31 14:54:55] 650     -5068.8 [    21658.8   12365.6   40000.2    2114.7   50000.0 ]
[24-10-31 14:54:56] 651    -5069.07 [    21658.8   12423.1   40000.2    2114.7   50000.0 ]
[24-10-31 14:54:56] 652    -5068.84 [    21658.8   12387.5   40000.2    2114.7   50000.0 ]
[24-10-31 14:54:56] 653    -5068.82 [    21658.8   12352.0   40000.2    2114.7   50000.0 ]
[24-10-31 14:54:56] 654     -5068.8 [    21658.8   12366.0   40000.2    2114.7   50000.0 ]
[24-10-31 14:54:57] 655     -5068.8 [    21658.8   12366.4   40000.2    2114.7   50000.0 ]
[24-10-31 14:54:57] 656     -5068.8 [    21658.8   12366.0   40000.2    2114.7   50000.0 ]
[24-10-31 14:54:57] 658    -5068.81 [    21658.8   12366.0   40000.2    2114.7   49998.4 ]
[24-10-31 14:54:57] 659    -5068.81 [    21658.8   12366.0   40000.2    2114.7   49999.4 ]
[24-10-31 14:54:57] 661    -5068.81 [    21658.8   12366.0   40000.2    2114.7   49999.7 ]
[24-10-31 14:54:58] 663    -5068.81 [    21658.8   12366.0   40000.2    2114.7   49999.9 ]
[24-10-31 14:54:58] 665    -5068.81 [    21658.8   12366.0   40000.2    2114.7   50000.0 ]
[24-10-31 14:54:58] 667    -5068.81 [    21658.8   12366.0   40000.2    2114.7   50000.0 ]
[24-10-31 14:54:58] 669     -5068.8 [    21658.8   12366.0   40000.2    2114.7   50000.0 ]
[24-10-31 14:54:59] 671     -5068.8 [    21658.8   12366.0   40000.2    2114.7   50000.0 ]
[24-10-31 14:54:59] 673     -5068.8 [    21658.8   12366.0   40000.2    2114.7   50000.0 ]
[24-10-31 14:54:59] 675     -5068.8 [    21658.8   12366.0   40000.2    2114.7   50000.0 ]
[24-10-31 14:54:59] 677     -5068.8 [    21658.8   12366.0   40000.2    2114.7   50000.0 ]
[24-10-31 14:55:00] 679     -5068.8 [    21658.8   12366.0   40000.2    2114.7   50000.0 ]
[24-10-31 14:55:00] 681     -5068.8 [    21658.8   12366.0   40000.2    2114.7   50000.0 ]
[24-10-31 14:55:00] 683     -5068.8 [    21658.8   12366.0   40000.2    2114.7   50000.0 ]
[24-10-31 14:55:00] 685     -5068.8 [    21658.8   12366.0   40000.2    2114.7   50000.0 ]
[24-10-31 14:55:01] 687     -5068.8 [    21658.8   12366.0   40000.2    2114.7   50000.0 ]
[24-10-31 14:55:01] 689     -5068.8 [    21658.8   12366.0   40000.2    2114.7   50000.0 ]
[24-10-31 14:55:01] 691     -5068.8 [    21658.8   12366.0   40000.2    2114.7   50000.0 ]
[24-10-31 14:55:01] 693     -5068.8 [    21658.8   12366.0   40000.2    2114.7   50000.0 ]
[24-10-31 14:55:02] 695     -5068.8 [    21658.8   12366.0   40000.2    2114.7   50000.0 ]
[24-10-31 14:55:02] 696     -5068.8 [    21658.8   12366.0   40000.2    2114.7   50000.0 ]
[24-10-31 14:55:02] 698     -5068.8 [    21658.8   12366.0   40000.2    2114.7   50000.0 ]
[24-10-31 14:55:02] 699     -5068.8 [    21658.8   12366.0   40000.2    2114.7   50000.0 ]
[24-10-31 14:55:02] 700     -5068.8 [    21658.8   12366.0   40000.2    2114.7   50000.0 ]
[24-10-31 14:55:03] 701     -5068.8 [    21658.8   12366.0   40000.2    2114.7   50000.0 ]
[24-10-31 14:55:03] 702     -5068.8 [    21658.8   12366.0   40000.2    2114.7   50000.0 ]
[24-10-31 14:55:03] 703     -5068.8 [    21658.8   12366.0   40000.2    2114.7   50000.0 ]
[24-10-31 14:55:03] 704     -5068.8 [    21658.8   12366.0   40000.2    2114.7   50000.0 ]
[24-10-31 14:55:04] 705     -5068.8 [    21658.8   12366.0   40000.2    2114.7   50000.0 ]
[24-10-31 14:55:04] 706    -5068.82 [    21658.8   12366.0   40000.2    2115.7   50000.0 ]
[24-10-31 14:55:04] 707     -5068.8 [    21658.8   12366.0   40000.2    2113.1   50000.0 ]
[24-10-31 14:55:04] 708    -5068.79 [    21658.8   12366.0   40000.2    2112.6   50000.0 ]
[24-10-31 14:55:05] 709     -5068.8 [    21658.8   12366.0   40000.2    2111.8   50000.0 ]
[24-10-31 14:55:05] 710    -5068.79 [    21658.8   12366.0   40000.2    2112.3   50000.0 ]
[24-10-31 14:55:05] 711    -5068.79 [    21658.8   12366.0   40000.2    2112.8   50000.0 ]
[24-10-31 14:55:05] 712    -5068.79 [    21658.8   12366.0   40000.2    2112.6   50000.0 ]
[24-10-31 14:55:06] 713    -5068.79 [    21658.8   12366.0   40000.2    2112.6   50000.0 ]
[24-10-31 14:55:06] 714    -5068.79 [    21658.8   12366.0   40000.2    2112.6   50000.0 ]
[24-10-31 14:55:06] 719    -5082.66 [    21471.7   11936.6   42783.5    2258.5   50000.0 ]
[24-10-31 14:55:06] 720    -5075.59 [    21565.2   12151.3   41391.9    2185.6   50000.0 ]
[24-10-31 14:55:06] 723    -5071.36 [    21623.0   12284.0   40531.7    2140.5   50000.0 ]
[24-10-31 14:55:07] 725    -5069.77 [    21645.1   12334.7   40203.2    2123.2   50000.0 ]
[24-10-31 14:55:07] 727    -5069.17 [    21653.6   12354.0   40077.7    2116.6   50000.0 ]
[24-10-31 14:55:07] 729    -5068.94 [    21656.8   12361.4   40029.8    2114.1   50000.0 ]
[24-10-31 14:55:07] 731    -5068.85 [    21658.0   12364.2   40011.5    2113.2   50000.0 ]
[24-10-31 14:55:08] 733    -5068.82 [    21658.5   12365.3   40004.5    2112.8   50000.0 ]
[24-10-31 14:55:08] 735     -5068.8 [    21658.7   12365.7   40001.8    2112.7   50000.0 ]
[24-10-31 14:55:08] 737     -5068.8 [    21658.7   12365.9   40000.8    2112.6   50000.0 ]
[24-10-31 14:55:08] 739     -5068.8 [    21658.8   12365.9   40000.4    2112.6   50000.0 ]
[24-10-31 14:55:09] 741    -5068.79 [    21658.8   12366.0   40000.2    2112.6   50000.0 ]
[24-10-31 14:55:09] 742    -5068.79 [    21658.8   12366.0   40000.1    2112.6   50000.0 ]
[24-10-31 14:55:09] 743    -5068.79 [    21658.8   12366.0   40000.0    2112.6   50000.0 ]
[24-10-31 14:55:09] 745    -5068.79 [    21658.8   12366.0   40000.0    2112.6   50000.0 ]
[24-10-31 14:55:09] 746    -5068.79 [    21658.8   12366.0   40000.0    2112.6   50000.0 ]
[24-10-31 14:55:10] 748    -5068.79 [    21658.8   12366.0   40000.0    2112.6   50000.0 ]
[24-10-31 14:55:10] 750    -5068.79 [    21658.8   12366.0   40000.0    2112.6   50000.0 ]
Optimization terminated successfully.
         Current function value: 5068.793805
         Iterations: 9
         Function evaluations: 750
[24-10-31 14:55:10] 750      fit p: [    21658.8   12366.0   40000.0    2112.6   50000.0 ]
method: Powell
objective_func: objective_H2
fopt: -5068.793804945992
max_iter: 100
num_iter: 9
func_calls: 750
flag: 0
u_fitted: False
u: 1.111e-08
