[24-10-31 15:14:32] fitting objective_H2 to data for demes ['French', 'KhomaniSan', 'Yoruba']
[24-10-31 15:14:32] 0        pnames [         NK       NFY       TFY        NF        NY ]
[24-10-31 15:14:32] 0            p0 [    16741.2   24180.3   47368.6    6675.0   17959.7 ]
[24-10-31 15:14:32] 1     -63696.92 [    16741.2   24180.3   47368.6    6675.0   17959.7 ]
[24-10-31 15:14:32] 2     -63696.92 [    16741.2   24180.3   47368.6    6675.0   17959.7 ]
[24-10-31 15:14:32] 3     -63696.89 [    16742.2   24180.3   47368.6    6675.0   17959.7 ]
[24-10-31 15:14:32] 4     -63696.84 [    16743.9   24180.3   47368.6    6675.0   17959.7 ]
[24-10-31 15:14:33] 5     -63691.72 [    16920.2   24180.3   47368.6    6675.0   17959.7 ]
[24-10-31 15:14:33] 6     -63583.19 [    22665.7   24180.3   47368.6    6675.0   17959.7 ]
[24-10-31 15:14:33] 7     -63514.71 [    31962.1   24180.3   47368.6    6675.0   17959.7 ]
[24-10-31 15:14:33] 8     -63514.03 [    32121.8   24180.3   47368.6    6675.0   17959.7 ]
[24-10-31 15:14:33] 9     -63512.96 [    32380.3   24180.3   47368.6    6675.0   17959.7 ]
[24-10-31 15:14:34] 10    -63485.48 [    42504.8   24180.3   47368.6    6675.0   17959.7 ]
[24-10-31 15:14:34] 12    -63476.76 [    48762.1   24180.3   47368.6    6675.0   17959.7 ]
[24-10-31 15:14:34] 14    -63480.63 [    45633.5   24180.3   47368.6    6675.0   17959.7 ]
[24-10-31 15:14:34] 16    -63478.14 [    47567.1   24180.3   47368.6    6675.0   17959.7 ]
[24-10-31 15:14:34] 17    -63476.15 [    49326.4   24180.3   47368.6    6675.0   17959.7 ]
[24-10-31 15:14:35] 18    -63475.78 [    49675.1   24180.3   47368.6    6675.0   17959.7 ]
[24-10-31 15:14:35] 19    -63475.78 [    49675.1   24180.3   47368.6    6675.0   17959.7 ]
[24-10-31 15:14:35] 20    -63475.86 [    49675.1   24181.3   47368.6    6675.0   17959.7 ]
[24-10-31 15:14:35] 21    -63475.65 [    49675.1   24178.7   47368.6    6675.0   17959.7 ]
[24-10-31 15:14:35] 22    -63475.44 [    49675.1   24176.1   47368.6    6675.0   17959.7 ]
[24-10-31 15:14:36] 23     -63475.1 [    49675.1   24171.9   47368.6    6675.0   17959.7 ]
[24-10-31 15:14:36] 24    -63474.55 [    49675.1   24165.0   47368.6    6675.0   17959.7 ]
[24-10-31 15:14:36] 25    -63473.66 [    49675.1   24153.9   47368.6    6675.0   17959.7 ]
[24-10-31 15:14:36] 26    -63472.21 [    49675.1   24136.0   47368.6    6675.0   17959.7 ]
[24-10-31 15:14:37] 27    -63469.87 [    49675.1   24106.9   47368.6    6675.0   17959.7 ]
[24-10-31 15:14:37] 28    -63466.07 [    49675.1   24060.0   47368.6    6675.0   17959.7 ]
[24-10-31 15:14:37] 29     -63459.9 [    49675.1   23983.9   47368.6    6675.0   17959.7 ]
[24-10-31 15:14:37] 30    -63449.84 [    49675.1   23861.0   47368.6    6675.0   17959.7 ]
[24-10-31 15:14:38] 31    -63433.39 [    49675.1   23661.9   47368.6    6675.0   17959.7 ]
[24-10-31 15:14:38] 32    -63406.28 [    49675.1   23340.0   47368.6    6675.0   17959.7 ]
[24-10-31 15:14:38] 33    -63361.11 [    49675.1   22818.9   47368.6    6675.0   17959.7 ]
[24-10-31 15:14:38] 34    -63284.38 [    49675.1   21976.0   47368.6    6675.0   17959.7 ]
[24-10-31 15:14:39] 35    -63149.76 [    49675.1   20611.9   47368.6    6675.0   17959.7 ]
[24-10-31 15:14:39] 36    -62899.76 [    49675.1   18405.0   47368.6    6675.0   17959.7 ]
[24-10-31 15:14:39] 37    -62384.73 [    49675.1   14833.9   47368.6    6675.0   17959.7 ]
[24-10-31 15:14:39] 38    -61111.28 [    49675.1    9055.9   47368.6    6675.0   17959.7 ]
[24-10-31 15:14:40] 40    -60177.59 [    49675.1    5484.9   47368.6    6675.0   17959.7 ]
[24-10-31 15:14:40] 41    -61003.56 [    49675.1    3277.9   47368.6    6675.0   17959.7 ]
[24-10-31 15:14:40] 42    -60289.74 [    49675.1    6082.2   47368.6    6675.0   17959.7 ]
[24-10-31 15:14:40] 43    -60154.54 [    49675.1    5298.0   47368.6    6675.0   17959.7 ]
[24-10-31 15:14:41] 44    -60164.42 [    49675.1    4526.4   47368.6    6675.0   17959.7 ]
[24-10-31 15:14:41] 45    -60134.18 [    49675.1    4957.3   47368.6    6675.0   17959.7 ]
[24-10-31 15:14:41] 46    -60138.49 [    49675.1    4765.1   47368.6    6675.0   17959.7 ]
[24-10-31 15:14:41] 47    -60134.18 [    49675.1    4957.3   47368.6    6675.0   17959.7 ]
[24-10-31 15:14:41] 48    -60134.21 [    49675.1    4957.3   47369.6    6675.0   17959.7 ]
[24-10-31 15:14:42] 49    -60134.14 [    49675.1    4957.3   47367.0    6675.0   17959.7 ]
[24-10-31 15:14:42] 50    -60129.17 [    49675.1    4957.3   47190.6    6675.0   17959.7 ]
[24-10-31 15:14:42] 52     -60032.4 [    49675.1    4957.3   42931.4    6675.0   17959.7 ]
[24-10-31 15:14:42] 53    -59994.17 [    49675.1    4957.3   40299.1    6675.0   17959.7 ]
[24-10-31 15:14:43] 55    -60006.88 [    49675.1    4957.3   41304.5    6675.0   17959.7 ]
[24-10-31 15:14:43] 57    -59998.76 [    49675.1    4957.3   40683.1    6675.0   17959.7 ]
[24-10-31 15:14:43] 58    -59991.51 [    49675.1    4957.3   40061.7    6675.0   17959.7 ]
[24-10-31 15:14:43] 60    -59992.51 [    49675.1    4957.3   40152.4    6675.0   17959.7 ]
[24-10-31 15:14:44] 62    -59991.51 [    49675.1    4957.3   40061.7    6675.0   17959.7 ]
[24-10-31 15:14:44] 63    -59991.48 [    49675.1    4957.3   40061.7    6676.0   17959.7 ]
[24-10-31 15:14:44] 64    -59991.44 [    49675.1    4957.3   40061.7    6677.6   17959.7 ]
[24-10-31 15:14:44] 65    -59986.99 [    49675.1    4957.3   40061.7    6854.0   17959.7 ]
[24-10-31 15:14:45] 66    -59966.83 [    49675.1    4957.3   40061.7    8172.4   17959.7 ]
[24-10-31 15:14:45] 67    -59959.45 [    49675.1    4957.3   40061.7   10305.7   17959.7 ]
[24-10-31 15:14:45] 68    -59959.74 [    49675.1    4957.3   40061.7    9743.6   17959.7 ]
[24-10-31 15:14:45] 69    -59967.49 [    49675.1    4957.3   40061.7   13757.4   17959.7 ]
[24-10-31 15:14:46] 70    -59961.17 [    49675.1    4957.3   40061.7   11624.1   17959.7 ]
[24-10-31 15:14:46] 71    -59960.16 [    49675.1    4957.3   40061.7    9490.8   17959.7 ]
[24-10-31 15:14:46] 72    -59959.45 [    49675.1    4957.3   40061.7   10342.0   17959.7 ]
[24-10-31 15:14:46] 73    -59959.44 [    49675.1    4957.3   40061.7   10243.9   17959.7 ]
[24-10-31 15:14:46] 74    -59959.53 [    49675.1    4957.3   40061.7    9956.2   17959.7 ]
[24-10-31 15:14:47] 75    -59959.44 [    49675.1    4957.3   40061.7   10208.2   17959.7 ]
[24-10-31 15:14:47] 76    -59959.44 [    49675.1    4957.3   40061.7   10243.9   17959.7 ]
[24-10-31 15:14:47] 77    -59959.38 [    49675.1    4957.3   40061.7   10243.9   17960.7 ]
[24-10-31 15:14:47] 78    -59959.29 [    49675.1    4957.3   40061.7   10243.9   17962.3 ]
[24-10-31 15:14:48] 79    -59949.36 [    49675.1    4957.3   40061.7   10243.9   18138.7 ]
[24-10-31 15:14:48] 80    -59634.48 [    49675.1    4957.3   40061.7   10243.9   26557.8 ]
[24-10-31 15:14:48] 81    -59412.12 [    49675.1    4957.3   40061.7   10243.9   40180.2 ]
[24-10-31 15:14:48] 82    -59394.58 [    49675.1    4957.3   40061.7   10243.9   41904.2 ]
[24-10-31 15:14:49] 83    -59369.14 [    49675.1    4957.3   40061.7   10243.9   44693.7 ]
[24-10-31 15:14:49] 86     -59347.9 [    49675.1    4957.3   40061.7   10243.9   47333.5 ]
[24-10-31 15:14:49] 87    -59358.21 [    49675.1    4957.3   40061.7   10243.9   46013.6 ]
[24-10-31 15:14:49] 88    -59335.95 [    49675.1    4957.3   40061.7   10243.9   48965.0 ]
[24-10-31 15:14:50] 89    -59328.96 [    49675.1    4957.3   40061.7   10243.9   49973.3 ]
[24-10-31 15:14:50] 91     -59331.6 [    49675.1    4957.3   40061.7   10243.9   49588.1 ]
[24-10-31 15:14:50] 93    -59328.96 [    49675.1    4957.3   40061.7   10243.9   49973.3 ]
[24-10-31 15:14:50] 94    -59328.97 [    49676.1    4957.3   40061.7   10243.9   49973.3 ]
[24-10-31 15:14:51] 95    -59328.95 [    49673.5    4957.3   40061.7   10243.9   49973.3 ]
[24-10-31 15:14:51] 96    -59328.94 [    49670.8    4957.3   40061.7   10243.9   49973.3 ]
[24-10-31 15:14:51] 97    -59328.92 [    49666.6    4957.3   40061.7   10243.9   49973.3 ]
[24-10-31 15:14:51] 98    -59328.89 [    49659.7    4957.3   40061.7   10243.9   49973.3 ]
[24-10-31 15:14:52] 99    -59328.84 [    49648.7    4957.3   40061.7   10243.9   49973.3 ]
[24-10-31 15:14:52] 100   -59328.76 [    49630.7    4957.3   40061.7   10243.9   49973.3 ]
[24-10-31 15:14:52] 101   -59328.63 [    49601.7    4957.3   40061.7   10243.9   49973.3 ]
[24-10-31 15:14:52] 102   -59328.41 [    49554.7    4957.3   40061.7   10243.9   49973.3 ]
[24-10-31 15:14:53] 103   -59328.07 [    49478.7    4957.3   40061.7   10243.9   49973.3 ]
[24-10-31 15:14:53] 104   -59327.51 [    49355.7    4957.3   40061.7   10243.9   49973.3 ]
[24-10-31 15:14:53] 105   -59326.59 [    49156.7    4957.3   40061.7   10243.9   49973.3 ]
[24-10-31 15:14:53] 106    -59325.1 [    48834.7    4957.3   40061.7   10243.9   49973.3 ]
[24-10-31 15:14:54] 107   -59322.65 [    48313.7    4957.3   40061.7   10243.9   49973.3 ]
[24-10-31 15:14:54] 108    -59318.6 [    47470.7    4957.3   40061.7   10243.9   49973.3 ]
[24-10-31 15:14:54] 109   -59311.79 [    46106.7    4957.3   40061.7   10243.9   49973.3 ]
[24-10-31 15:14:54] 110   -59300.08 [    43899.7    4957.3   40061.7   10243.9   49973.3 ]
[24-10-31 15:14:55] 111   -59279.05 [    40328.7    4957.3   40061.7   10243.9   49973.3 ]
[24-10-31 15:14:55] 112   -59238.44 [    34550.7    4957.3   40061.7   10243.9   49973.3 ]
[24-10-31 15:14:55] 113   -59148.87 [    25201.7    4957.3   40061.7   10243.9   49973.3 ]
[24-10-31 15:14:55] 114   -58991.16 [    10074.7    4957.3   40061.7   10243.9   49973.3 ]
[24-10-31 15:14:56] 116   -68721.47 [      725.7    4957.3   40061.7   10243.9   49973.3 ]
[24-10-31 15:14:56] 117   -59024.37 [    15852.7    4957.3   40061.7   10243.9   49973.3 ]
[24-10-31 15:14:56] 118   -58990.38 [    12922.1    4957.3   40061.7   10243.9   49973.3 ]
[24-10-31 15:14:56] 119   -58983.44 [    11565.1    4957.3   40061.7   10243.9   49973.3 ]
[24-10-31 15:14:57] 120   -58983.46 [    11184.0    4957.3   40061.7   10243.9   49973.3 ]
[24-10-31 15:14:57] 121   -58984.41 [    11946.2    4957.3   40061.7   10243.9   49973.3 ]
[24-10-31 15:14:57] 122   -58983.44 [    11565.1    4957.3   40061.7   10243.9   49973.3 ]
[24-10-31 15:14:57] 123   -58983.53 [    11565.1    4958.3   40061.7   10243.9   49973.3 ]
[24-10-31 15:14:58] 124   -58983.28 [    11565.1    4955.7   40061.7   10243.9   49973.3 ]
[24-10-31 15:14:58] 125   -58972.66 [    11565.1    4779.3   40061.7   10243.9   49973.3 ]
[24-10-31 15:14:58] 126   -58972.17 [    11565.1    4718.8   40061.7   10243.9   49973.3 ]
[24-10-31 15:14:58] 127    -58975.2 [    11565.1    4620.8   40061.7   10243.9   49973.3 ]
[24-10-31 15:14:59] 128   -58972.75 [    11565.1    4681.3   40061.7   10243.9   49973.3 ]
[24-10-31 15:14:59] 129   -58972.15 [    11565.1    4741.9   40061.7   10243.9   49973.3 ]
[24-10-31 15:14:59] 130   -58972.13 [    11565.1    4731.7   40061.7   10243.9   49973.3 ]
[24-10-31 15:14:59] 131   -58972.13 [    11565.1    4734.0   40061.7   10243.9   49973.3 ]
[24-10-31 15:14:59] 132   -58972.13 [    11565.1    4729.5   40061.7   10243.9   49973.3 ]
[24-10-31 15:15:00] 133   -58972.13 [    11565.1    4731.7   40061.7   10243.9   49973.3 ]
[24-10-31 15:15:00] 134   -58972.14 [    11565.1    4731.7   40062.7   10243.9   49973.3 ]
[24-10-31 15:15:00] 135   -58972.12 [    11565.1    4731.7   40060.1   10243.9   49973.3 ]
[24-10-31 15:15:00] 138   -58971.94 [    11565.1    4731.7   40034.4   10243.9   49973.3 ]
[24-10-31 15:15:01] 139   -58972.03 [    11565.1    4731.7   40047.2   10243.9   49973.3 ]
[24-10-31 15:15:01] 140   -58971.82 [    11565.1    4731.7   40018.5   10243.9   49973.3 ]
[24-10-31 15:15:01] 141   -58971.75 [    11565.1    4731.7   40008.6   10243.9   49973.3 ]
[24-10-31 15:15:01] 142   -58971.71 [    11565.1    4731.7   40002.6   10243.9   49973.3 ]
[24-10-31 15:15:02] 144   -58971.73 [    11565.1    4731.7   40004.9   10243.9   49973.3 ]
[24-10-31 15:15:02] 145    -58971.7 [    11565.1    4731.7   40001.1   10243.9   49973.3 ]
[24-10-31 15:15:02] 146   -58971.69 [    11565.1    4731.7   40000.2   10243.9   49973.3 ]
[24-10-31 15:15:02] 148   -58971.69 [    11565.1    4731.7   40000.2   10243.9   49973.3 ]
[24-10-31 15:15:03] 149   -58971.69 [    11565.1    4731.7   40000.2   10244.9   49973.3 ]
[24-10-31 15:15:03] 150   -58971.68 [    11565.1    4731.7   40000.2   10246.5   49973.3 ]
[24-10-31 15:15:03] 151   -58970.57 [    11565.1    4731.7   40000.2   10422.8   49973.3 ]
[24-10-31 15:15:03] 152   -58963.79 [    11565.1    4731.7   40000.2   12224.3   49973.3 ]
[24-10-31 15:15:04] 153   -58962.03 [    11565.1    4731.7   40000.2   15139.1   49973.3 ]
[24-10-31 15:15:04] 154    -58961.9 [    11565.1    4731.7   40000.2   14130.7   49973.3 ]
[24-10-31 15:15:04] 155   -58962.21 [    11565.1    4731.7   40000.2   13402.5   49973.3 ]
[24-10-31 15:15:04] 156   -58961.88 [    11565.1    4731.7   40000.2   14515.8   49973.3 ]
[24-10-31 15:15:05] 157   -58961.88 [    11565.1    4731.7   40000.2   14380.3   49973.3 ]
[24-10-31 15:15:05] 158   -58961.88 [    11565.1    4731.7   40000.2   14421.7   49973.3 ]
[24-10-31 15:15:05] 159   -58961.88 [    11565.1    4731.7   40000.2   14338.9   49973.3 ]
[24-10-31 15:15:05] 160   -58961.88 [    11565.1    4731.7   40000.2   14380.3   49973.3 ]
[24-10-31 15:15:06] 161   -58961.87 [    11565.1    4731.7   40000.2   14380.3   49974.3 ]
[24-10-31 15:15:06] 162   -58961.86 [    11565.1    4731.7   40000.2   14380.3   49975.9 ]
[24-10-31 15:15:06] 166   -58961.81 [    11565.1    4731.7   40000.2   14380.3   49985.7 ]
[24-10-31 15:15:06] 167   -58961.84 [    11565.1    4731.7   40000.2   14380.3   49980.8 ]
[24-10-31 15:15:06] 168   -58961.78 [    11565.1    4731.7   40000.2   14380.3   49991.8 ]
[24-10-31 15:15:07] 169   -58961.76 [    11565.1    4731.7   40000.2   14380.3   49995.5 ]
[24-10-31 15:15:07] 170   -58961.74 [    11565.1    4731.7   40000.2   14380.3   49997.9 ]
[24-10-31 15:15:07] 171   -58961.74 [    11565.1    4731.7   40000.2   14380.3   49999.3 ]
[24-10-31 15:15:07] 173   -58961.74 [    11565.1    4731.7   40000.2   14380.3   49998.7 ]
[24-10-31 15:15:08] 174   -58961.73 [    11565.1    4731.7   40000.2   14380.3   49999.6 ]
[24-10-31 15:15:08] 175   -58961.73 [    11565.1    4731.7   40000.2   14380.3   49999.9 ]
[24-10-31 15:15:08] 177   -58961.73 [    11565.1    4731.7   40000.2   14380.3   49999.9 ]
[24-10-31 15:15:08] 178   -58961.74 [    11566.1    4731.7   40000.2   14380.3   49999.9 ]
[24-10-31 15:15:09] 179   -58961.72 [    11563.4    4731.7   40000.2   14380.3   49999.9 ]
[24-10-31 15:15:09] 180    -58960.6 [    11387.1    4731.7   40000.2   14380.3   49999.9 ]
[24-10-31 15:15:09] 181   -58958.55 [    10445.4    4731.7   40000.2   14380.3   49999.9 ]
[24-10-31 15:15:09] 182   -58977.44 [     8921.8    4731.7   40000.2   14380.3   49999.9 ]
[24-10-31 15:15:10] 183   -58961.69 [     9863.4    4731.7   40000.2   14380.3   49999.9 ]
[24-10-31 15:15:10] 184   -58958.45 [    10805.1    4731.7   40000.2   14380.3   49999.9 ]
[24-10-31 15:15:10] 185   -58958.35 [    10651.3    4731.7   40000.2   14380.3   49999.9 ]
[24-10-31 15:15:10] 186   -58958.35 [    10660.4    4731.7   40000.2   14380.3   49999.9 ]
[24-10-31 15:15:11] 187   -58958.35 [    10642.2    4731.7   40000.2   14380.3   49999.9 ]
[24-10-31 15:15:11] 188   -58958.35 [    10651.3    4731.7   40000.2   14380.3   49999.9 ]
[24-10-31 15:15:11] 189   -58958.41 [    10651.3    4732.7   40000.2   14380.3   49999.9 ]
[24-10-31 15:15:11] 190   -58958.25 [    10651.3    4730.1   40000.2   14380.3   49999.9 ]
[24-10-31 15:15:12] 191   -58954.44 [    10651.3    4598.9   40000.2   14380.3   49999.9 ]
[24-10-31 15:15:12] 192   -58968.38 [    10651.3    4386.5   40000.2   14380.3   49999.9 ]
[24-10-31 15:15:12] 193   -58956.61 [    10651.3    4517.8   40000.2   14380.3   49999.9 ]
[24-10-31 15:15:12] 194   -58954.87 [    10651.3    4649.0   40000.2   14380.3   49999.9 ]
[24-10-31 15:15:13] 195   -58954.42 [    10651.3    4607.9   40000.2   14380.3   49999.9 ]
[24-10-31 15:15:13] 196   -58954.42 [    10651.3    4606.7   40000.2   14380.3   49999.9 ]
[24-10-31 15:15:13] 197   -58954.42 [    10651.3    4609.1   40000.2   14380.3   49999.9 ]
[24-10-31 15:15:13] 198   -58954.42 [    10651.3    4607.9   40000.2   14380.3   49999.9 ]
[24-10-31 15:15:14] 199   -58954.43 [    10651.3    4607.9   40001.2   14380.3   49999.9 ]
[24-10-31 15:15:14] 202   -58954.42 [    10651.3    4607.9   40000.6   14380.3   49999.9 ]
[24-10-31 15:15:14] 203   -58954.42 [    10651.3    4607.9   40000.4   14380.3   49999.9 ]
[24-10-31 15:15:14] 205   -58954.42 [    10651.3    4607.9   40000.1   14380.3   49999.9 ]
[24-10-31 15:15:15] 206   -58954.42 [    10651.3    4607.9   40000.1   14380.3   49999.9 ]
[24-10-31 15:15:15] 207   -58954.42 [    10651.3    4607.9   40000.1   14380.3   49999.9 ]
[24-10-31 15:15:15] 208   -58954.42 [    10651.3    4607.9   40000.0   14380.3   49999.9 ]
[24-10-31 15:15:15] 209   -58954.42 [    10651.3    4607.9   40000.0   14380.3   49999.9 ]
[24-10-31 15:15:16] 210   -58954.42 [    10651.3    4607.9   40000.0   14380.3   49999.9 ]
[24-10-31 15:15:16] 211   -58954.42 [    10651.3    4607.9   40000.0   14380.3   49999.9 ]
[24-10-31 15:15:16] 212   -58954.42 [    10651.3    4607.9   40000.0   14380.3   49999.9 ]
[24-10-31 15:15:16] 213   -58954.42 [    10651.3    4607.9   40000.0   14380.3   49999.9 ]
[24-10-31 15:15:17] 214   -58954.42 [    10651.3    4607.9   40000.0   14380.3   49999.9 ]
[24-10-31 15:15:17] 215   -58954.42 [    10651.3    4607.9   40000.0   14381.3   49999.9 ]
[24-10-31 15:15:17] 216   -58954.42 [    10651.3    4607.9   40000.0   14382.9   49999.9 ]
[24-10-31 15:15:17] 217   -58954.26 [    10651.3    4607.9   40000.0   14559.3   49999.9 ]
[24-10-31 15:15:17] 218   -58953.69 [    10651.3    4607.9   40000.0   15740.3   49999.9 ]
[24-10-31 15:15:18] 219   -58953.98 [    10651.3    4607.9   40000.0   17651.2   49999.9 ]
[24-10-31 15:15:18] 220   -58953.66 [    10651.3    4607.9   40000.0   16470.2   49999.9 ]
[24-10-31 15:15:18] 221   -58953.74 [    10651.3    4607.9   40000.0   16921.3   49999.9 ]
[24-10-31 15:15:18] 222   -58953.65 [    10651.3    4607.9   40000.0   16211.6   49999.9 ]
[24-10-31 15:15:19] 223   -58953.65 [    10651.3    4607.9   40000.0   16193.3   49999.9 ]
[24-10-31 15:15:19] 224   -58953.65 [    10651.3    4607.9   40000.0   16175.1   49999.9 ]
[24-10-31 15:15:19] 225   -58953.65 [    10651.3    4607.9   40000.0   16193.3   49999.9 ]
[24-10-31 15:15:19] 227   -58953.66 [    10651.3    4607.9   40000.0   16193.3   49998.3 ]
[24-10-31 15:15:19] 228   -58953.65 [    10651.3    4607.9   40000.0   16193.3   49999.3 ]
[24-10-31 15:15:20] 230   -58953.65 [    10651.3    4607.9   40000.0   16193.3   49999.6 ]
[24-10-31 15:15:20] 232   -58953.65 [    10651.3    4607.9   40000.0   16193.3   49999.8 ]
[24-10-31 15:15:20] 233   -58953.65 [    10651.3    4607.9   40000.0   16193.3   49999.9 ]
[24-10-31 15:15:20] 234   -58953.65 [    10651.3    4607.9   40000.0   16193.3   50000.0 ]
[24-10-31 15:15:21] 236   -58953.65 [    10651.3    4607.9   40000.0   16193.3   50000.0 ]
[24-10-31 15:15:21] 237   -58953.65 [    10651.3    4607.9   40000.0   16193.3   50000.0 ]
[24-10-31 15:15:21] 238   -58953.65 [    10651.3    4607.9   40000.0   16193.3   50000.0 ]
[24-10-31 15:15:21] 239   -58953.65 [    10651.3    4607.9   40000.0   16193.3   50000.0 ]
[24-10-31 15:15:22] 240   -58953.65 [    10651.3    4607.9   40000.0   16193.3   50000.0 ]
[24-10-31 15:15:22] 241   -58953.65 [    10651.3    4607.9   40000.0   16193.3   50000.0 ]
[24-10-31 15:15:22] 243   -58953.65 [    10651.3    4607.9   40000.0   16193.3   50000.0 ]
[24-10-31 15:15:22] 244   -58953.65 [    10652.3    4607.9   40000.0   16193.3   50000.0 ]
[24-10-31 15:15:22] 245   -58953.64 [    10649.7    4607.9   40000.0   16193.3   50000.0 ]
[24-10-31 15:15:23] 246   -58953.15 [    10473.3    4607.9   40000.0   16193.3   50000.0 ]
[24-10-31 15:15:23] 247   -58952.96 [    10255.2    4607.9   40000.0   16193.3   50000.0 ]
[24-10-31 15:15:23] 248   -58953.77 [     9902.3    4607.9   40000.0   16193.3   50000.0 ]
[24-10-31 15:15:23] 249    -58953.1 [    10120.4    4607.9   40000.0   16193.3   50000.0 ]
[24-10-31 15:15:23] 250   -58952.98 [    10338.5    4607.9   40000.0   16193.3   50000.0 ]
[24-10-31 15:15:24] 251   -58952.96 [    10280.8    4607.9   40000.0   16193.3   50000.0 ]
[24-10-31 15:15:24] 252   -58952.96 [    10277.0    4607.9   40000.0   16193.3   50000.0 ]
[24-10-31 15:15:24] 253   -58952.96 [    10284.5    4607.9   40000.0   16193.3   50000.0 ]
[24-10-31 15:15:24] 254   -58952.96 [    10280.8    4607.9   40000.0   16193.3   50000.0 ]
[24-10-31 15:15:25] 255   -58952.98 [    10280.8    4608.9   40000.0   16193.3   50000.0 ]
[24-10-31 15:15:25] 256   -58952.92 [    10280.8    4606.3   40000.0   16193.3   50000.0 ]
[24-10-31 15:15:25] 257   -58952.44 [    10280.8    4562.8   40000.0   16193.3   50000.0 ]
[24-10-31 15:15:25] 258   -58953.87 [    10280.8    4492.4   40000.0   16193.3   50000.0 ]
[24-10-31 15:15:25] 259   -58952.65 [    10280.8    4535.9   40000.0   16193.3   50000.0 ]
[24-10-31 15:15:26] 260    -58952.5 [    10280.8    4579.4   40000.0   16193.3   50000.0 ]
[24-10-31 15:15:26] 261   -58952.44 [    10280.8    4563.9   40000.0   16193.3   50000.0 ]
[24-10-31 15:15:26] 262   -58952.44 [    10280.8    4563.5   40000.0   16193.3   50000.0 ]
[24-10-31 15:15:26] 263   -58952.44 [    10280.8    4564.3   40000.0   16193.3   50000.0 ]
[24-10-31 15:15:27] 264   -58952.44 [    10280.8    4563.9   40000.0   16193.3   50000.0 ]
[24-10-31 15:15:27] 265   -58952.44 [    10280.8    4563.9   40001.0   16193.3   50000.0 ]
[24-10-31 15:15:27] 268   -58952.44 [    10280.8    4563.9   40000.4   16193.3   50000.0 ]
[24-10-31 15:15:27] 269   -58952.44 [    10280.8    4563.9   40000.2   16193.3   50000.0 ]
[24-10-31 15:15:28] 272   -58952.44 [    10280.8    4563.9   40000.1   16193.3   50000.0 ]
[24-10-31 15:15:28] 274   -58952.44 [    10280.8    4563.9   40000.0   16193.3   50000.0 ]
[24-10-31 15:15:28] 276   -58952.44 [    10280.8    4563.9   40000.0   16193.3   50000.0 ]
[24-10-31 15:15:28] 278   -58952.44 [    10280.8    4563.9   40000.0   16193.3   50000.0 ]
[24-10-31 15:15:29] 279   -58952.44 [    10280.8    4563.9   40000.0   16193.3   50000.0 ]
[24-10-31 15:15:29] 281   -58952.44 [    10280.8    4563.9   40000.0   16193.3   50000.0 ]
[24-10-31 15:15:29] 283   -58952.44 [    10280.8    4563.9   40000.0   16193.3   50000.0 ]
[24-10-31 15:15:29] 284   -58952.44 [    10280.8    4563.9   40000.0   16193.3   50000.0 ]
[24-10-31 15:15:29] 285   -58952.44 [    10280.8    4563.9   40000.0   16193.3   50000.0 ]
[24-10-31 15:15:30] 286   -58952.44 [    10280.8    4563.9   40000.0   16193.3   50000.0 ]
[24-10-31 15:15:30] 287   -58952.44 [    10280.8    4563.9   40000.0   16193.3   50000.0 ]
[24-10-31 15:15:30] 288   -58952.44 [    10280.8    4563.9   40000.0   16193.3   50000.0 ]
[24-10-31 15:15:31] 289   -58952.44 [    10280.8    4563.9   40000.0   16193.3   50000.0 ]
[24-10-31 15:15:31] 290   -58952.44 [    10280.8    4563.9   40000.0   16194.3   50000.0 ]
[24-10-31 15:15:31] 291   -58952.44 [    10280.8    4563.9   40000.0   16195.9   50000.0 ]
[24-10-31 15:15:31] 292   -58952.39 [    10280.8    4563.9   40000.0   16372.3   50000.0 ]
[24-10-31 15:15:32] 293   -58952.33 [    10280.8    4563.9   40000.0   16904.6   50000.0 ]
[24-10-31 15:15:32] 294   -58952.41 [    10280.8    4563.9   40000.0   17766.0   50000.0 ]
[24-10-31 15:15:32] 295   -58952.34 [    10280.8    4563.9   40000.0   17233.6   50000.0 ]
[24-10-31 15:15:32] 296   -58952.34 [    10280.8    4563.9   40000.0   16701.3   50000.0 ]
[24-10-31 15:15:33] 297   -58952.33 [    10280.8    4563.9   40000.0   16993.1   50000.0 ]
[24-10-31 15:15:33] 298   -58952.33 [    10280.8    4563.9   40000.0   16985.1   50000.0 ]
[24-10-31 15:15:33] 299   -58952.33 [    10280.8    4563.9   40000.0   17001.1   50000.0 ]
[24-10-31 15:15:33] 300   -58952.33 [    10280.8    4563.9   40000.0   16993.1   50000.0 ]
[24-10-31 15:15:33] 302   -58952.34 [    10280.8    4563.9   40000.0   16993.1   49998.4 ]
[24-10-31 15:15:34] 303   -58952.33 [    10280.8    4563.9   40000.0   16993.1   49999.4 ]
[24-10-31 15:15:34] 305   -58952.33 [    10280.8    4563.9   40000.0   16993.1   49999.7 ]
[24-10-31 15:15:34] 307   -58952.33 [    10280.8    4563.9   40000.0   16993.1   49999.9 ]
[24-10-31 15:15:34] 309   -58952.33 [    10280.8    4563.9   40000.0   16993.1   50000.0 ]
[24-10-31 15:15:35] 311   -58952.33 [    10280.8    4563.9   40000.0   16993.1   50000.0 ]
[24-10-31 15:15:35] 313   -58952.33 [    10280.8    4563.9   40000.0   16993.1   50000.0 ]
[24-10-31 15:15:35] 315   -58952.33 [    10280.8    4563.9   40000.0   16993.1   50000.0 ]
[24-10-31 15:15:35] 317   -58952.33 [    10280.8    4563.9   40000.0   16993.1   50000.0 ]
[24-10-31 15:15:36] 318   -58952.33 [    10280.8    4563.9   40000.0   16993.1   50000.0 ]
[24-10-31 15:15:36] 320   -58952.33 [    10280.8    4563.9   40000.0   16993.1   50000.0 ]
[24-10-31 15:15:36] 321   -58952.33 [    10280.8    4563.9   40000.0   16993.1   50000.0 ]
[24-10-31 15:15:36] 323   -58952.33 [    10280.8    4563.9   40000.0   16993.1   50000.0 ]
[24-10-31 15:15:37] 325   -58952.33 [    10280.8    4563.9   40000.0   16993.1   50000.0 ]
[24-10-31 15:15:37] 327   -58952.33 [    10280.8    4563.9   40000.0   16993.1   50000.0 ]
Optimization terminated successfully.
         Current function value: 58952.329679
         Iterations: 4
         Function evaluations: 327
[24-10-31 15:15:37] 327      fit p: [    10280.8    4563.9   40000.0   16993.1   50000.0 ]
method: Powell
objective_func: objective_H2
fopt: -58952.32967889986
max_iter: 100
num_iter: 4
func_calls: 327
flag: 0
u_fitted: False
u: 1.111e-08
