[24-11-01 12:16:31] fitting objective_H2 to data for demes ['KhomaniSan', 'Yoruba']
[24-11-01 12:16:31] 0        pnames [        NA1       TA1        NK        NY ]
[24-11-01 12:16:31] 0            p0 [    27230.5  107706.1   15663.4   17406.5 ]
[24-11-01 12:16:32] 1      -7523.77 [    27230.5  107706.1   15663.4   17406.5 ]
[24-11-01 12:16:32] 2      -7523.77 [    27230.5  107706.1   15663.4   17406.5 ]
[24-11-01 12:16:32] 3      -7522.98 [    27231.5  107706.1   15663.4   17406.5 ]
[24-11-01 12:16:32] 4       -7521.7 [    27233.1  107706.1   15663.4   17406.5 ]
[24-11-01 12:16:32] 5      -7383.23 [    27409.4  107706.1   15663.4   17406.5 ]
[24-11-01 12:16:32] 6      -2516.66 [    37230.0  107706.1   15663.4   17406.5 ]
[24-11-01 12:16:33] 8      -1207.52 [    43299.4  107706.1   15663.4   17406.5 ]
[24-11-01 12:16:33] 9       -740.92 [    47050.6  107706.1   15663.4   17406.5 ]
[24-11-01 12:16:33] 11      -579.34 [    48889.3  107706.1   15663.4   17406.5 ]
[24-11-01 12:16:33] 13      -636.55 [    48186.9  107706.1   15663.4   17406.5 ]
[24-11-01 12:16:33] 14      -546.59 [    49323.3  107706.1   15663.4   17406.5 ]
[24-11-01 12:16:34] 15      -527.31 [    49591.6  107706.1   15663.4   17406.5 ]
[24-11-01 12:16:34] 16      -527.31 [    49591.6  107706.1   15663.4   17406.5 ]
[24-11-01 12:16:34] 17      -527.31 [    49591.6  107707.1   15663.4   17406.5 ]
[24-11-01 12:16:34] 18       -527.3 [    49591.6  107708.7   15663.4   17406.5 ]
[24-11-01 12:16:34] 19      -526.67 [    49591.6  107885.1   15663.4   17406.5 ]
[24-11-01 12:16:34] 20      -518.75 [    49591.6  112373.4   15663.4   17406.5 ]
[24-11-01 12:16:35] 21      -538.79 [    49591.6  119635.7   15663.4   17406.5 ]
[24-11-01 12:16:35] 22      -521.64 [    49591.6  115147.4   15663.4   17406.5 ]
[24-11-01 12:16:35] 23      -519.92 [    49591.6  110659.0   15663.4   17406.5 ]
[24-11-01 12:16:35] 24      -518.75 [    49591.6  112420.1   15663.4   17406.5 ]
[24-11-01 12:16:35] 25      -518.75 [    49591.6  112467.2   15663.4   17406.5 ]
[24-11-01 12:16:36] 26      -518.75 [    49591.6  112420.1   15663.4   17406.5 ]
[24-11-01 12:16:36] 27      -518.65 [    49591.6  112420.1   15664.4   17406.5 ]
[24-11-01 12:16:36] 28       -518.5 [    49591.6  112420.1   15666.0   17406.5 ]
[24-11-01 12:16:36] 29       -502.4 [    49591.6  112420.1   15842.4   17406.5 ]
[24-11-01 12:16:36] 30      -350.58 [    49591.6  112420.1   18607.9   17406.5 ]
[24-11-01 12:16:36] 31      -323.79 [    49591.6  112420.1   23082.6   17406.5 ]
[24-11-01 12:16:37] 32      -315.26 [    49591.6  112420.1   21288.4   17406.5 ]
[24-11-01 12:16:37] 33      -320.23 [    49591.6  112420.1   20264.5   17406.5 ]
[24-11-01 12:16:37] 34      -316.29 [    49591.6  112420.1   21973.7   17406.5 ]
[24-11-01 12:16:37] 35      -315.21 [    49591.6  112420.1   21428.4   17406.5 ]
[24-11-01 12:16:37] 36      -315.21 [    49591.6  112420.1   21370.7   17406.5 ]
[24-11-01 12:16:37] 37      -315.23 [    49591.6  112420.1   21486.0   17406.5 ]
[24-11-01 12:16:38] 38      -315.21 [    49591.6  112420.1   21428.4   17406.5 ]
[24-11-01 12:16:38] 39       -315.2 [    49591.6  112420.1   21428.4   17407.5 ]
[24-11-01 12:16:38] 40      -315.18 [    49591.6  112420.1   21428.4   17409.1 ]
[24-11-01 12:16:38] 41      -313.64 [    49591.6  112420.1   21428.4   17585.5 ]
[24-11-01 12:16:38] 42      -313.33 [    49591.6  112420.1   21428.4   17702.1 ]
[24-11-01 12:16:39] 43      -313.96 [    49591.6  112420.1   21428.4   17890.8 ]
[24-11-01 12:16:39] 44      -313.41 [    49591.6  112420.1   21428.4   17774.2 ]
[24-11-01 12:16:39] 45      -313.38 [    49591.6  112420.1   21428.4   17657.6 ]
[24-11-01 12:16:39] 46      -313.33 [    49591.6  112420.1   21428.4   17710.6 ]
[24-11-01 12:16:39] 47      -313.33 [    49591.6  112420.1   21428.4   17707.6 ]
[24-11-01 12:16:39] 48      -313.33 [    49591.6  112420.1   21428.4   17713.7 ]
[24-11-01 12:16:40] 50      -313.33 [    49591.6  112420.1   21428.4   17710.6 ]
[24-11-01 12:16:40] 51      -313.28 [    49592.6  112420.1   21428.4   17710.6 ]
[24-11-01 12:16:40] 52       -313.2 [    49594.2  112420.1   21428.4   17710.6 ]
[24-11-01 12:16:40] 53      -304.53 [    49770.6  112420.1   21428.4   17710.6 ]
[24-11-01 12:16:40] 58       -299.3 [    49880.0  112420.1   21428.4   17710.6 ]
[24-11-01 12:16:40] 59       -301.9 [    49825.3  112420.1   21428.4   17710.6 ]
[24-11-01 12:16:41] 60      -296.12 [    49947.7  112420.1   21428.4   17710.6 ]
[24-11-01 12:16:41] 61      -294.18 [    49989.5  112420.1   21428.4   17710.6 ]
[24-11-01 12:16:41] 63      -294.92 [    49973.5  112420.1   21428.4   17710.6 ]
[24-11-01 12:16:41] 64      -293.72 [    49999.3  112420.1   21428.4   17710.6 ]
[24-11-01 12:16:41] 66      -293.91 [    49995.3  112420.1   21428.4   17710.6 ]
[24-11-01 12:16:42] 67      -293.72 [    49999.3  112420.1   21428.4   17710.6 ]
[24-11-01 12:16:42] 68      -293.72 [    49999.3  112421.1   21428.4   17710.6 ]
[24-11-01 12:16:42] 69      -293.72 [    49999.3  112422.7   21428.4   17710.6 ]
[24-11-01 12:16:42] 70      -293.12 [    49999.3  112599.1   21428.4   17710.6 ]
[24-11-01 12:16:42] 71      -285.73 [    49999.3  117021.9   21428.4   17710.6 ]
[24-11-01 12:16:42] 72      -304.44 [    49999.3  124178.1   21428.4   17710.6 ]
[24-11-01 12:16:43] 73      -288.43 [    49999.3  119755.3   21428.4   17710.6 ]
[24-11-01 12:16:43] 74      -286.83 [    49999.3  115332.5   21428.4   17710.6 ]
[24-11-01 12:16:43] 75      -285.73 [    49999.3  117067.9   21428.4   17710.6 ]
[24-11-01 12:16:43] 76      -285.73 [    49999.3  117114.4   21428.4   17710.6 ]
[24-11-01 12:16:43] 77      -285.73 [    49999.3  117067.9   21428.4   17710.6 ]
[24-11-01 12:16:44] 78      -285.73 [    49999.3  117067.9   21429.4   17710.6 ]
[24-11-01 12:16:44] 79      -285.73 [    49999.3  117067.9   21431.0   17710.6 ]
[24-11-01 12:16:44] 80      -285.72 [    49999.3  117067.9   21477.3   17710.6 ]
[24-11-01 12:16:44] 81      -285.74 [    49999.3  117067.9   21552.3   17710.6 ]
[24-11-01 12:16:44] 82      -285.72 [    49999.3  117067.9   21506.0   17710.6 ]
[24-11-01 12:16:44] 83      -285.72 [    49999.3  117067.9   21459.6   17710.6 ]
[24-11-01 12:16:45] 84      -285.72 [    49999.3  117067.9   21477.8   17710.6 ]
[24-11-01 12:16:45] 85      -285.72 [    49999.3  117067.9   21478.3   17710.6 ]
[24-11-01 12:16:45] 86      -285.72 [    49999.3  117067.9   21477.8   17710.6 ]
[24-11-01 12:16:45] 87       -285.7 [    49999.3  117067.9   21477.8   17711.6 ]
[24-11-01 12:16:45] 88      -285.66 [    49999.3  117067.9   21477.8   17713.2 ]
[24-11-01 12:16:45] 89      -282.23 [    49999.3  117067.9   21477.8   17889.6 ]
[24-11-01 12:16:46] 90       -279.3 [    49999.3  117067.9   21477.8   18240.7 ]
[24-11-01 12:16:46] 91       -284.4 [    49999.3  117067.9   21477.8   18808.8 ]
[24-11-01 12:16:46] 92      -279.89 [    49999.3  117067.9   21477.8   18457.7 ]
[24-11-01 12:16:46] 93      -279.83 [    49999.3  117067.9   21477.8   18106.6 ]
[24-11-01 12:16:46] 94      -279.27 [    49999.3  117067.9   21477.8   18277.7 ]
[24-11-01 12:16:47] 95      -279.27 [    49999.3  117067.9   21477.8   18272.0 ]
[24-11-01 12:16:47] 96      -279.27 [    49999.3  117067.9   21477.8   18283.4 ]
[24-11-01 12:16:47] 98      -279.27 [    49999.3  117067.9   21477.8   18277.7 ]
[24-11-01 12:16:47] 100     -279.35 [    49997.7  117067.9   21477.8   18277.7 ]
[24-11-01 12:16:47] 101      -279.3 [    49998.7  117067.9   21477.8   18277.7 ]
[24-11-01 12:16:47] 102     -279.26 [    49999.7  117067.9   21477.8   18277.7 ]
[24-11-01 12:16:48] 103     -279.24 [    50000.0  117067.9   21477.8   18277.7 ]
[24-11-01 12:16:48] 105     -279.25 [    49999.9  117067.9   21477.8   18277.7 ]
[24-11-01 12:16:48] 107     -279.25 [    49999.9  117067.9   21477.8   18277.7 ]
[24-11-01 12:16:48] 108     -279.24 [    50000.0  117067.9   21477.8   18277.7 ]
[24-11-01 12:16:48] 109     -279.24 [    50000.0  117067.9   21477.8   18277.7 ]
[24-11-01 12:16:49] 111     -279.24 [    50000.0  117067.9   21477.8   18277.7 ]
[24-11-01 12:16:49] 112     -279.24 [    50000.0  117067.9   21477.8   18277.7 ]
[24-11-01 12:16:49] 113     -279.24 [    50000.0  117068.9   21477.8   18277.7 ]
[24-11-01 12:16:49] 114     -279.24 [    50000.0  117070.5   21477.8   18277.7 ]
[24-11-01 12:16:49] 115     -278.77 [    50000.0  117246.9   21477.8   18277.7 ]
[24-11-01 12:16:49] 116      -274.0 [    50000.0  120920.1   21477.8   18277.7 ]
[24-11-01 12:16:50] 117     -286.16 [    50000.0  126863.5   21477.8   18277.7 ]
[24-11-01 12:16:50] 118     -275.76 [    50000.0  123190.3   21477.8   18277.7 ]
[24-11-01 12:16:50] 119      -274.7 [    50000.0  119517.0   21477.8   18277.7 ]
[24-11-01 12:16:50] 120      -274.0 [    50000.0  120958.6   21477.8   18277.7 ]
[24-11-01 12:16:50] 121      -274.0 [    50000.0  120997.5   21477.8   18277.7 ]
[24-11-01 12:16:51] 122      -274.0 [    50000.0  120958.6   21477.8   18277.7 ]
[24-11-01 12:16:51] 123     -273.99 [    50000.0  120958.6   21478.8   18277.7 ]
[24-11-01 12:16:51] 124     -273.98 [    50000.0  120958.6   21480.4   18277.7 ]
[24-11-01 12:16:51] 125     -273.35 [    50000.0  120958.6   21656.8   18277.7 ]
[24-11-01 12:16:51] 126     -272.83 [    50000.0  120958.6   22004.9   18277.7 ]
[24-11-01 12:16:51] 127     -273.81 [    50000.0  120958.6   22568.2   18277.7 ]
[24-11-01 12:16:52] 128     -272.95 [    50000.0  120958.6   22220.1   18277.7 ]
[24-11-01 12:16:52] 129     -272.92 [    50000.0  120958.6   21872.0   18277.7 ]
[24-11-01 12:16:52] 130     -272.82 [    50000.0  120958.6   22035.3   18277.7 ]
[24-11-01 12:16:52] 131     -272.82 [    50000.0  120958.6   22029.7   18277.7 ]
[24-11-01 12:16:52] 132     -272.82 [    50000.0  120958.6   22040.9   18277.7 ]
[24-11-01 12:16:52] 133     -272.82 [    50000.0  120958.6   22035.3   18277.7 ]
[24-11-01 12:16:53] 134      -272.8 [    50000.0  120958.6   22035.3   18278.7 ]
[24-11-01 12:16:53] 135     -272.76 [    50000.0  120958.6   22035.3   18280.3 ]
[24-11-01 12:16:53] 136     -269.45 [    50000.0  120958.6   22035.3   18456.7 ]
[24-11-01 12:16:53] 137     -266.52 [    50000.0  120958.6   22035.3   18817.8 ]
[24-11-01 12:16:53] 138     -271.65 [    50000.0  120958.6   22035.3   19402.1 ]
[24-11-01 12:16:54] 139     -267.12 [    50000.0  120958.6   22035.3   19041.0 ]
[24-11-01 12:16:54] 140     -267.05 [    50000.0  120958.6   22035.3   18679.9 ]
[24-11-01 12:16:54] 141      -266.5 [    50000.0  120958.6   22035.3   18855.2 ]
[24-11-01 12:16:54] 142      -266.5 [    50000.0  120958.6   22035.3   18849.5 ]
[24-11-01 12:16:54] 143      -266.5 [    50000.0  120958.6   22035.3   18861.0 ]
[24-11-01 12:16:54] 145      -266.5 [    50000.0  120958.6   22035.3   18855.2 ]
[24-11-01 12:16:55] 147     -266.57 [    49998.4  120958.6   22035.3   18855.2 ]
[24-11-01 12:16:55] 148     -266.53 [    49999.4  120958.6   22035.3   18855.2 ]
[24-11-01 12:16:55] 150     -266.51 [    49999.7  120958.6   22035.3   18855.2 ]
[24-11-01 12:16:55] 152      -266.5 [    49999.9  120958.6   22035.3   18855.2 ]
[24-11-01 12:16:55] 154      -266.5 [    49999.9  120958.6   22035.3   18855.2 ]
[24-11-01 12:16:56] 156      -266.5 [    50000.0  120958.6   22035.3   18855.2 ]
[24-11-01 12:16:56] 158      -266.5 [    50000.0  120958.6   22035.3   18855.2 ]
[24-11-01 12:16:56] 159      -266.5 [    50000.0  120958.6   22035.3   18855.2 ]
[24-11-01 12:16:56] 160      -266.5 [    50000.0  120958.6   22035.3   18855.2 ]
[24-11-01 12:16:56] 161      -266.5 [    50000.0  120958.6   22035.3   18855.2 ]
[24-11-01 12:16:56] 162      -266.5 [    50000.0  120958.6   22035.3   18855.2 ]
[24-11-01 12:16:57] 163      -266.5 [    50000.0  120958.6   22035.3   18855.2 ]
[24-11-01 12:16:57] 165      -266.5 [    50000.0  120958.6   22035.3   18855.2 ]
[24-11-01 12:16:57] 166      -266.5 [    50000.0  120958.6   22035.3   18855.2 ]
[24-11-01 12:16:57] 167      -266.5 [    50000.0  120958.6   22035.3   18855.2 ]
[24-11-01 12:16:57] 168      -266.5 [    50000.0  120958.6   22035.3   18855.2 ]
[24-11-01 12:16:58] 169      -266.5 [    50000.0  120959.6   22035.3   18855.2 ]
[24-11-01 12:16:58] 170     -266.49 [    50000.0  120961.2   22035.3   18855.2 ]
[24-11-01 12:16:58] 171     -266.05 [    50000.0  121137.6   22035.3   18855.2 ]
[24-11-01 12:16:58] 172      -261.6 [    50000.0  124796.2   22035.3   18855.2 ]
[24-11-01 12:16:58] 173     -272.97 [    50000.0  130716.0   22035.3   18855.2 ]
[24-11-01 12:16:58] 174     -263.24 [    50000.0  127057.4   22035.3   18855.2 ]
[24-11-01 12:16:59] 175     -262.26 [    50000.0  123398.7   22035.3   18855.2 ]
[24-11-01 12:16:59] 176      -261.6 [    50000.0  124834.6   22035.3   18855.2 ]
[24-11-01 12:16:59] 177      -261.6 [    50000.0  124757.8   22035.3   18855.2 ]
[24-11-01 12:16:59] 178      -261.6 [    50000.0  124796.2   22035.3   18855.2 ]
[24-11-01 12:16:59] 179     -261.59 [    50000.0  124796.2   22036.3   18855.2 ]
[24-11-01 12:16:59] 180     -261.59 [    50000.0  124796.2   22037.9   18855.2 ]
[24-11-01 12:17:00] 181     -260.97 [    50000.0  124796.2   22214.3   18855.2 ]
[24-11-01 12:17:00] 182     -260.45 [    50000.0  124796.2   22567.9   18855.2 ]
[24-11-01 12:17:00] 183     -261.43 [    50000.0  124796.2   23140.0   18855.2 ]
[24-11-01 12:17:00] 184     -260.57 [    50000.0  124796.2   22786.4   18855.2 ]
[24-11-01 12:17:00] 185     -260.54 [    50000.0  124796.2   22432.8   18855.2 ]
[24-11-01 12:17:01] 186     -260.44 [    50000.0  124796.2   22598.1   18855.2 ]
[24-11-01 12:17:01] 187     -260.44 [    50000.0  124796.2   22592.5   18855.2 ]
[24-11-01 12:17:01] 188     -260.44 [    50000.0  124796.2   22603.7   18855.2 ]
[24-11-01 12:17:01] 189     -260.44 [    50000.0  124796.2   22598.1   18855.2 ]
[24-11-01 12:17:01] 190     -260.42 [    50000.0  124796.2   22598.1   18856.2 ]
[24-11-01 12:17:01] 191     -260.39 [    50000.0  124796.2   22598.1   18857.8 ]
[24-11-01 12:17:02] 192     -257.29 [    50000.0  124796.2   22598.1   19034.2 ]
[24-11-01 12:17:02] 193     -254.61 [    50000.0  124796.2   22598.1   19391.1 ]
[24-11-01 12:17:02] 194     -259.39 [    50000.0  124796.2   22598.1   19968.6 ]
[24-11-01 12:17:02] 195     -255.17 [    50000.0  124796.2   22598.1   19611.7 ]
[24-11-01 12:17:02] 196     -255.09 [    50000.0  124796.2   22598.1   19254.8 ]
[24-11-01 12:17:03] 197     -254.59 [    50000.0  124796.2   22598.1   19426.6 ]
[24-11-01 12:17:03] 198     -254.59 [    50000.0  124796.2   22598.1   19420.9 ]
[24-11-01 12:17:03] 199     -254.59 [    50000.0  124796.2   22598.1   19432.4 ]
[24-11-01 12:17:03] 201     -254.59 [    50000.0  124796.2   22598.1   19426.6 ]
[24-11-01 12:17:03] 203     -254.65 [    49998.4  124796.2   22598.1   19426.6 ]
[24-11-01 12:17:03] 204     -254.61 [    49999.4  124796.2   22598.1   19426.6 ]
[24-11-01 12:17:04] 206      -254.6 [    49999.7  124796.2   22598.1   19426.6 ]
[24-11-01 12:17:04] 208     -254.59 [    49999.9  124796.2   22598.1   19426.6 ]
[24-11-01 12:17:04] 210     -254.59 [    50000.0  124796.2   22598.1   19426.6 ]
[24-11-01 12:17:04] 212     -254.59 [    50000.0  124796.2   22598.1   19426.6 ]
[24-11-01 12:17:04] 214     -254.59 [    50000.0  124796.2   22598.1   19426.6 ]
[24-11-01 12:17:05] 216     -254.59 [    50000.0  124796.2   22598.1   19426.6 ]
[24-11-01 12:17:05] 218     -254.59 [    50000.0  124796.2   22598.1   19426.6 ]
[24-11-01 12:17:05] 220     -254.59 [    50000.0  124796.2   22598.1   19426.6 ]
[24-11-01 12:17:05] 222     -254.59 [    50000.0  124796.2   22598.1   19426.6 ]
[24-11-01 12:17:05] 223     -254.59 [    50000.0  124796.2   22598.1   19426.6 ]
[24-11-01 12:17:05] 225     -254.59 [    50000.0  124796.2   22598.1   19426.6 ]
[24-11-01 12:17:06] 227     -254.59 [    50000.0  124796.2   22598.1   19426.6 ]
[24-11-01 12:17:06] 229     -254.59 [    50000.0  124796.2   22598.1   19426.6 ]
[24-11-01 12:17:06] 230     -254.59 [    50000.0  124796.2   22598.1   19426.6 ]
[24-11-01 12:17:06] 231     -254.59 [    50000.0  124796.2   22598.1   19426.6 ]
[24-11-01 12:17:06] 233     -254.59 [    50000.0  124796.2   22598.1   19426.6 ]
[24-11-01 12:17:07] 234     -254.59 [    50000.0  124796.2   22598.1   19426.6 ]
[24-11-01 12:17:07] 235     -254.58 [    50000.0  124797.2   22598.1   19426.6 ]
[24-11-01 12:17:07] 236     -254.58 [    50000.0  124798.8   22598.1   19426.6 ]
[24-11-01 12:17:07] 237     -254.17 [    50000.0  124975.2   22598.1   19426.6 ]
[24-11-01 12:17:07] 238     -249.99 [    50000.0  128621.1   22598.1   19426.6 ]
[24-11-01 12:17:07] 239     -260.67 [    50000.0  134520.3   22598.1   19426.6 ]
[24-11-01 12:17:08] 240     -251.54 [    50000.0  130874.4   22598.1   19426.6 ]
[24-11-01 12:17:08] 241     -250.61 [    50000.0  127228.5   22598.1   19426.6 ]
[24-11-01 12:17:08] 242     -249.99 [    50000.0  128659.3   22598.1   19426.6 ]
[24-11-01 12:17:08] 243     -249.99 [    50000.0  128582.8   22598.1   19426.6 ]
[24-11-01 12:17:08] 244     -249.99 [    50000.0  128621.1   22598.1   19426.6 ]
[24-11-01 12:17:09] 245     -249.98 [    50000.0  128621.1   22599.1   19426.6 ]
[24-11-01 12:17:09] 246     -249.98 [    50000.0  128621.1   22600.7   19426.6 ]
[24-11-01 12:17:09] 247      -249.4 [    50000.0  128621.1   22777.1   19426.6 ]
[24-11-01 12:17:09] 248     -248.93 [    50000.0  128621.1   23120.0   19426.6 ]
[24-11-01 12:17:09] 249     -249.83 [    50000.0  128621.1   23674.7   19426.6 ]
[24-11-01 12:17:09] 250     -249.04 [    50000.0  128621.1   23331.9   19426.6 ]
[24-11-01 12:17:10] 251     -249.01 [    50000.0  128621.1   22989.0   19426.6 ]
[24-11-01 12:17:10] 252     -248.93 [    50000.0  128621.1   23148.0   19426.6 ]
[24-11-01 12:17:10] 253     -248.93 [    50000.0  128621.1   23142.5   19426.6 ]
[24-11-01 12:17:10] 254     -248.93 [    50000.0  128621.1   23153.5   19426.6 ]
[24-11-01 12:17:10] 255     -248.93 [    50000.0  128621.1   23148.0   19426.6 ]
[24-11-01 12:17:11] 256     -248.91 [    50000.0  128621.1   23148.0   19427.6 ]
[24-11-01 12:17:11] 257     -248.87 [    50000.0  128621.1   23148.0   19429.3 ]
[24-11-01 12:17:11] 258     -245.97 [    50000.0  128621.1   23148.0   19605.6 ]
[24-11-01 12:17:11] 259     -243.48 [    50000.0  128621.1   23148.0   19959.1 ]
[24-11-01 12:17:11] 260     -247.97 [    50000.0  128621.1   23148.0   20531.0 ]
[24-11-01 12:17:11] 261     -244.02 [    50000.0  128621.1   23148.0   20177.6 ]
[24-11-01 12:17:12] 262     -243.93 [    50000.0  128621.1   23148.0   19824.1 ]
[24-11-01 12:17:12] 263     -243.47 [    50000.0  128621.1   23148.0   19993.0 ]
[24-11-01 12:17:12] 264     -243.47 [    50000.0  128621.1   23148.0   19987.3 ]
[24-11-01 12:17:12] 265     -243.47 [    50000.0  128621.1   23148.0   19998.7 ]
[24-11-01 12:17:12] 267     -243.47 [    50000.0  128621.1   23148.0   19993.0 ]
[24-11-01 12:17:12] 269     -243.53 [    49998.4  128621.1   23148.0   19993.0 ]
[24-11-01 12:17:13] 270     -243.49 [    49999.4  128621.1   23148.0   19993.0 ]
[24-11-01 12:17:13] 272     -243.48 [    49999.7  128621.1   23148.0   19993.0 ]
[24-11-01 12:17:13] 274     -243.47 [    49999.9  128621.1   23148.0   19993.0 ]
[24-11-01 12:17:13] 276     -243.47 [    50000.0  128621.1   23148.0   19993.0 ]
[24-11-01 12:17:13] 278     -243.47 [    50000.0  128621.1   23148.0   19993.0 ]
[24-11-01 12:17:14] 280     -243.47 [    50000.0  128621.1   23148.0   19993.0 ]
[24-11-01 12:17:14] 282     -243.47 [    50000.0  128621.1   23148.0   19993.0 ]
[24-11-01 12:17:14] 284     -243.47 [    50000.0  128621.1   23148.0   19993.0 ]
[24-11-01 12:17:14] 286     -243.47 [    50000.0  128621.1   23148.0   19993.0 ]
[24-11-01 12:17:14] 288     -243.47 [    50000.0  128621.1   23148.0   19993.0 ]
[24-11-01 12:17:14] 290     -243.47 [    50000.0  128621.1   23148.0   19993.0 ]
[24-11-01 12:17:15] 292     -243.47 [    50000.0  128621.1   23148.0   19993.0 ]
[24-11-01 12:17:15] 294     -243.47 [    50000.0  128621.1   23148.0   19993.0 ]
[24-11-01 12:17:15] 296     -243.47 [    50000.0  128621.1   23148.0   19993.0 ]
[24-11-01 12:17:15] 298     -243.47 [    50000.0  128621.1   23148.0   19993.0 ]
[24-11-01 12:17:15] 300     -243.47 [    50000.0  128621.1   23148.0   19993.0 ]
[24-11-01 12:17:16] 301     -243.47 [    50000.0  128621.1   23148.0   19993.0 ]
[24-11-01 12:17:16] 303     -243.47 [    50000.0  128621.1   23148.0   19993.0 ]
[24-11-01 12:17:16] 304     -243.47 [    50000.0  128621.1   23148.0   19993.0 ]
[24-11-01 12:17:16] 305     -243.47 [    50000.0  128621.1   23148.0   19993.0 ]
[24-11-01 12:17:16] 307     -243.47 [    50000.0  128621.1   23148.0   19993.0 ]
[24-11-01 12:17:16] 308     -243.47 [    50000.0  128621.1   23148.0   19993.0 ]
[24-11-01 12:17:17] 310     -243.47 [    50000.0  128621.1   23148.0   19993.0 ]
[24-11-01 12:17:17] 311     -243.47 [    50000.0  128621.1   23148.0   19993.0 ]
[24-11-01 12:17:17] 312     -243.46 [    50000.0  128622.1   23148.0   19993.0 ]
[24-11-01 12:17:17] 313     -243.46 [    50000.0  128623.7   23148.0   19993.0 ]
[24-11-01 12:17:17] 314     -243.07 [    50000.0  128800.1   23148.0   19993.0 ]
[24-11-01 12:17:18] 315     -239.21 [    50000.0  132403.4   23148.0   19993.0 ]
[24-11-01 12:17:18] 316     -249.09 [    50000.0  138233.7   23148.0   19993.0 ]
[24-11-01 12:17:18] 317     -240.65 [    50000.0  134630.4   23148.0   19993.0 ]
[24-11-01 12:17:18] 318     -239.79 [    50000.0  131027.1   23148.0   19993.0 ]
[24-11-01 12:17:18] 319     -239.21 [    50000.0  132441.2   23148.0   19993.0 ]
[24-11-01 12:17:18] 320     -239.22 [    50000.0  132365.6   23148.0   19993.0 ]
[24-11-01 12:17:19] 321     -239.21 [    50000.0  132403.4   23148.0   19993.0 ]
[24-11-01 12:17:19] 322     -239.21 [    50000.0  132403.4   23149.0   19993.0 ]
[24-11-01 12:17:19] 323     -239.21 [    50000.0  132403.4   23150.6   19993.0 ]
[24-11-01 12:17:19] 324     -238.66 [    50000.0  132403.4   23327.0   19993.0 ]
[24-11-01 12:17:19] 325     -238.23 [    50000.0  132403.4   23660.9   19993.0 ]
[24-11-01 12:17:20] 326     -239.06 [    50000.0  132403.4   24201.2   19993.0 ]
[24-11-01 12:17:20] 327     -238.33 [    50000.0  132403.4   23867.3   19993.0 ]
[24-11-01 12:17:20] 328      -238.3 [    50000.0  132403.4   23533.4   19993.0 ]
[24-11-01 12:17:20] 329     -238.23 [    50000.0  132403.4   23687.1   19993.0 ]
[24-11-01 12:17:20] 330     -238.23 [    50000.0  132403.4   23681.7   19993.0 ]
[24-11-01 12:17:20] 331     -238.23 [    50000.0  132403.4   23692.5   19993.0 ]
[24-11-01 12:17:21] 332     -238.23 [    50000.0  132403.4   23687.1   19993.0 ]
[24-11-01 12:17:21] 333     -238.21 [    50000.0  132403.4   23687.1   19994.0 ]
[24-11-01 12:17:21] 334     -238.18 [    50000.0  132403.4   23687.1   19995.6 ]
[24-11-01 12:17:21] 335     -235.47 [    50000.0  132403.4   23687.1   20172.0 ]
[24-11-01 12:17:21] 336      -233.2 [    50000.0  132403.4   23687.1   20519.2 ]
[24-11-01 12:17:22] 337     -237.35 [    50000.0  132403.4   23687.1   21081.1 ]
[24-11-01 12:17:22] 338      -233.7 [    50000.0  132403.4   23687.1   20733.9 ]
[24-11-01 12:17:22] 339      -233.6 [    50000.0  132403.4   23687.1   20386.6 ]
[24-11-01 12:17:22] 340     -233.18 [    50000.0  132403.4   23687.1   20551.2 ]
[24-11-01 12:17:22] 341     -233.18 [    50000.0  132403.4   23687.1   20545.6 ]
[24-11-01 12:17:22] 342     -233.19 [    50000.0  132403.4   23687.1   20556.8 ]
[24-11-01 12:17:23] 344     -233.18 [    50000.0  132403.4   23687.1   20551.2 ]
[24-11-01 12:17:23] 346     -233.24 [    49998.4  132403.4   23687.1   20551.2 ]
[24-11-01 12:17:23] 347     -233.21 [    49999.4  132403.4   23687.1   20551.2 ]
[24-11-01 12:17:23] 349      -233.2 [    49999.7  132403.4   23687.1   20551.2 ]
[24-11-01 12:17:23] 351     -233.19 [    49999.9  132403.4   23687.1   20551.2 ]
[24-11-01 12:17:24] 353     -233.19 [    50000.0  132403.4   23687.1   20551.2 ]
[24-11-01 12:17:24] 355     -233.19 [    50000.0  132403.4   23687.1   20551.2 ]
[24-11-01 12:17:24] 357     -233.18 [    50000.0  132403.4   23687.1   20551.2 ]
[24-11-01 12:17:24] 359     -233.18 [    50000.0  132403.4   23687.1   20551.2 ]
[24-11-01 12:17:24] 361     -233.18 [    50000.0  132403.4   23687.1   20551.2 ]
[24-11-01 12:17:24] 363     -233.18 [    50000.0  132403.4   23687.1   20551.2 ]
[24-11-01 12:17:25] 365     -233.18 [    50000.0  132403.4   23687.1   20551.2 ]
[24-11-01 12:17:25] 367     -233.18 [    50000.0  132403.4   23687.1   20551.2 ]
[24-11-01 12:17:25] 369     -233.18 [    50000.0  132403.4   23687.1   20551.2 ]
[24-11-01 12:17:25] 371     -233.18 [    50000.0  132403.4   23687.1   20551.2 ]
[24-11-01 12:17:25] 373     -233.18 [    50000.0  132403.4   23687.1   20551.2 ]
[24-11-01 12:17:26] 375     -233.18 [    50000.0  132403.4   23687.1   20551.2 ]
[24-11-01 12:17:26] 377     -233.18 [    50000.0  132403.4   23687.1   20551.2 ]
[24-11-01 12:17:26] 379     -233.18 [    50000.0  132403.4   23687.1   20551.2 ]
[24-11-01 12:17:26] 381     -233.18 [    50000.0  132403.4   23687.1   20551.2 ]
[24-11-01 12:17:26] 383     -233.18 [    50000.0  132403.4   23687.1   20551.2 ]
[24-11-01 12:17:26] 385     -233.18 [    50000.0  132403.4   23687.1   20551.2 ]
[24-11-01 12:17:27] 387     -233.18 [    50000.0  132403.4   23687.1   20551.2 ]
[24-11-01 12:17:27] 389     -233.18 [    50000.0  132403.4   23687.1   20551.2 ]
[24-11-01 12:17:27] 390     -233.18 [    50000.0  132403.4   23687.1   20551.2 ]
[24-11-01 12:17:27] 391     -233.18 [    50000.0  132403.4   23687.1   20551.2 ]
[24-11-01 12:17:27] 392     -233.18 [    50000.0  132403.4   23687.1   20551.2 ]
[24-11-01 12:17:28] 393     -233.18 [    50000.0  132403.4   23687.1   20551.2 ]
[24-11-01 12:17:28] 394     -233.18 [    50000.0  132403.4   23687.1   20551.2 ]
[24-11-01 12:17:28] 395     -233.18 [    50000.0  132403.4   23687.1   20551.2 ]
[24-11-01 12:17:28] 396     -233.18 [    50000.0  132403.4   23687.1   20551.2 ]
[24-11-01 12:17:28] 397     -233.18 [    50000.0  132403.4   23687.1   20551.2 ]
[24-11-01 12:17:28] 398     -233.18 [    50000.0  132403.4   23687.1   20551.2 ]
[24-11-01 12:17:29] 399     -233.18 [    50000.0  132403.4   23687.1   20551.2 ]
[24-11-01 12:17:29] 400     -233.18 [    50000.0  132403.4   23687.1   20551.2 ]
[24-11-01 12:17:29] 401     -233.18 [    50000.0  132404.4   23687.1   20551.2 ]
[24-11-01 12:17:29] 402     -233.18 [    50000.0  132406.0   23687.1   20551.2 ]
[24-11-01 12:17:29] 403     -232.82 [    50000.0  132582.4   23687.1   20551.2 ]
[24-11-01 12:17:29] 404     -229.29 [    50000.0  136120.9   23687.1   20551.2 ]
[24-11-01 12:17:30] 405     -238.33 [    50000.0  141846.3   23687.1   20551.2 ]
[24-11-01 12:17:30] 406      -230.6 [    50000.0  138307.8   23687.1   20551.2 ]
[24-11-01 12:17:30] 407     -229.81 [    50000.0  134769.3   23687.1   20551.2 ]
[24-11-01 12:17:30] 408     -229.29 [    50000.0  136158.1   23687.1   20551.2 ]
[24-11-01 12:17:30] 409     -229.29 [    50000.0  136083.7   23687.1   20551.2 ]
[24-11-01 12:17:31] 410     -229.29 [    50000.0  136120.9   23687.1   20551.2 ]
[24-11-01 12:17:31] 411     -229.29 [    50000.0  136120.9   23688.1   20551.2 ]
[24-11-01 12:17:31] 412     -229.28 [    50000.0  136120.9   23689.7   20551.2 ]
[24-11-01 12:17:31] 413     -228.77 [    50000.0  136120.9   23866.1   20551.2 ]
[24-11-01 12:17:31] 414     -228.38 [    50000.0  136120.9   24188.6   20551.2 ]
[24-11-01 12:17:31] 415     -229.14 [    50000.0  136120.9   24710.4   20551.2 ]
[24-11-01 12:17:32] 416     -228.48 [    50000.0  136120.9   24387.9   20551.2 ]
[24-11-01 12:17:32] 417     -228.45 [    50000.0  136120.9   24065.4   20551.2 ]
[24-11-01 12:17:32] 418     -228.38 [    50000.0  136120.9   24212.8   20551.2 ]
[24-11-01 12:17:32] 419     -228.38 [    50000.0  136120.9   24207.6   20551.2 ]
[24-11-01 12:17:32] 420     -228.38 [    50000.0  136120.9   24218.1   20551.2 ]
[24-11-01 12:17:32] 421     -228.38 [    50000.0  136120.9   24212.8   20551.2 ]
[24-11-01 12:17:33] 422     -228.36 [    50000.0  136120.9   24212.8   20552.2 ]
[24-11-01 12:17:33] 423     -228.33 [    50000.0  136120.9   24212.8   20553.8 ]
[24-11-01 12:17:33] 424     -225.82 [    50000.0  136120.9   24212.8   20730.2 ]
[24-11-01 12:17:33] 425     -223.78 [    50000.0  136120.9   24212.8   21068.3 ]
[24-11-01 12:17:33] 426     -227.57 [    50000.0  136120.9   24212.8   21615.5 ]
[24-11-01 12:17:33] 427     -224.24 [    50000.0  136120.9   24212.8   21277.3 ]
[24-11-01 12:17:33] 428     -224.14 [    50000.0  136120.9   24212.8   20939.2 ]
[24-11-01 12:17:34] 429     -223.77 [    50000.0  136120.9   24212.8   21098.1 ]
[24-11-01 12:17:34] 430     -223.77 [    50000.0  136120.9   24212.8   21092.6 ]
[24-11-01 12:17:34] 431     -223.77 [    50000.0  136120.9   24212.8   21103.6 ]
[24-11-01 12:17:34] 433     -223.77 [    50000.0  136120.9   24212.8   21098.1 ]
[24-11-01 12:17:34] 435     -223.82 [    49998.4  136120.9   24212.8   21098.1 ]
[24-11-01 12:17:34] 436     -223.79 [    49999.4  136120.9   24212.8   21098.1 ]
[24-11-01 12:17:35] 438     -223.78 [    49999.7  136120.9   24212.8   21098.1 ]
[24-11-01 12:17:35] 440     -223.77 [    49999.9  136120.9   24212.8   21098.1 ]
[24-11-01 12:17:35] 442     -223.77 [    50000.0  136120.9   24212.8   21098.1 ]
[24-11-01 12:17:35] 444     -223.77 [    50000.0  136120.9   24212.8   21098.1 ]
[24-11-01 12:17:35] 446     -223.77 [    50000.0  136120.9   24212.8   21098.1 ]
[24-11-01 12:17:35] 448     -223.77 [    50000.0  136120.9   24212.8   21098.1 ]
[24-11-01 12:17:36] 450     -223.77 [    50000.0  136120.9   24212.8   21098.1 ]
[24-11-01 12:17:36] 452     -223.77 [    50000.0  136120.9   24212.8   21098.1 ]
[24-11-01 12:17:36] 454     -223.77 [    50000.0  136120.9   24212.8   21098.1 ]
[24-11-01 12:17:36] 456     -223.77 [    50000.0  136120.9   24212.8   21098.1 ]
[24-11-01 12:17:36] 458     -223.77 [    50000.0  136120.9   24212.8   21098.1 ]
[24-11-01 12:17:36] 460     -223.77 [    50000.0  136120.9   24212.8   21098.1 ]
[24-11-01 12:17:37] 462     -223.77 [    50000.0  136120.9   24212.8   21098.1 ]
[24-11-01 12:17:37] 464     -223.77 [    50000.0  136120.9   24212.8   21098.1 ]
[24-11-01 12:17:37] 466     -223.77 [    50000.0  136120.9   24212.8   21098.1 ]
[24-11-01 12:17:37] 468     -223.77 [    50000.0  136120.9   24212.8   21098.1 ]
[24-11-01 12:17:37] 470     -223.77 [    50000.0  136120.9   24212.8   21098.1 ]
[24-11-01 12:17:37] 472     -223.77 [    50000.0  136120.9   24212.8   21098.1 ]
[24-11-01 12:17:38] 474     -223.77 [    50000.0  136120.9   24212.8   21098.1 ]
[24-11-01 12:17:38] 476     -223.77 [    50000.0  136120.9   24212.8   21098.1 ]
[24-11-01 12:17:38] 478     -223.77 [    50000.0  136120.9   24212.8   21098.1 ]
[24-11-01 12:17:38] 480     -223.77 [    50000.0  136120.9   24212.8   21098.1 ]
[24-11-01 12:17:38] 481     -223.77 [    50000.0  136120.9   24212.8   21098.1 ]
[24-11-01 12:17:38] 482     -223.77 [    50000.0  136120.9   24212.8   21098.1 ]
[24-11-01 12:17:39] 483     -223.77 [    50000.0  136120.9   24212.8   21098.1 ]
[24-11-01 12:17:39] 484     -223.77 [    50000.0  136120.9   24212.8   21098.1 ]
[24-11-01 12:17:39] 485     -223.77 [    50000.0  136120.9   24212.8   21098.1 ]
[24-11-01 12:17:39] 486     -223.77 [    50000.0  136121.9   24212.8   21098.1 ]
[24-11-01 12:17:39] 487     -223.76 [    50000.0  136123.5   24212.8   21098.1 ]
[24-11-01 12:17:39] 488     -223.43 [    50000.0  136299.9   24212.8   21098.1 ]
[24-11-01 12:17:40] 489     -220.24 [    50000.0  139752.0   24212.8   21098.1 ]
[24-11-01 12:17:40] 490     -228.43 [    50000.0  145337.6   24212.8   21098.1 ]
[24-11-01 12:17:40] 491     -221.42 [    50000.0  141885.5   24212.8   21098.1 ]
[24-11-01 12:17:40] 492     -220.71 [    50000.0  138433.4   24212.8   21098.1 ]
[24-11-01 12:17:40] 493     -220.24 [    50000.0  139788.3   24212.8   21098.1 ]
[24-11-01 12:17:41] 494     -220.24 [    50000.0  139715.6   24212.8   21098.1 ]
[24-11-01 12:17:41] 495     -220.24 [    50000.0  139752.0   24212.8   21098.1 ]
[24-11-01 12:17:41] 496     -220.23 [    50000.0  139752.0   24213.8   21098.1 ]
[24-11-01 12:17:41] 497     -220.23 [    50000.0  139752.0   24215.4   21098.1 ]
[24-11-01 12:17:41] 498     -219.75 [    50000.0  139752.0   24391.8   21098.1 ]
[24-11-01 12:17:41] 499     -219.41 [    50000.0  139752.0   24700.4   21098.1 ]
[24-11-01 12:17:42] 500     -220.09 [    50000.0  139752.0   25199.8   21098.1 ]
[24-11-01 12:17:42] 501     -219.49 [    50000.0  139752.0   24891.2   21098.1 ]
[24-11-01 12:17:42] 502     -219.46 [    50000.0  139752.0   24582.5   21098.1 ]
[24-11-01 12:17:42] 503      -219.4 [    50000.0  139752.0   24722.6   21098.1 ]
[24-11-01 12:17:42] 504      -219.4 [    50000.0  139752.0   24717.5   21098.1 ]
[24-11-01 12:17:43] 505      -219.4 [    50000.0  139752.0   24727.7   21098.1 ]
[24-11-01 12:17:43] 506      -219.4 [    50000.0  139752.0   24722.6   21098.1 ]
[24-11-01 12:17:43] 507     -219.39 [    50000.0  139752.0   24722.6   21099.1 ]
[24-11-01 12:17:43] 508     -219.36 [    50000.0  139752.0   24722.6   21100.7 ]
[24-11-01 12:17:43] 509     -217.04 [    50000.0  139752.0   24722.6   21277.1 ]
[24-11-01 12:17:43] 510     -215.24 [    50000.0  139752.0   24722.6   21603.3 ]
[24-11-01 12:17:44] 511     -218.64 [    50000.0  139752.0   24722.6   22131.1 ]
[24-11-01 12:17:44] 512     -215.66 [    50000.0  139752.0   24722.6   21804.9 ]
[24-11-01 12:17:44] 513     -215.55 [    50000.0  139752.0   24722.6   21478.7 ]
[24-11-01 12:17:44] 514     -215.23 [    50000.0  139752.0   24722.6   21630.7 ]
[24-11-01 12:17:44] 515     -215.23 [    50000.0  139752.0   24722.6   21625.3 ]
[24-11-01 12:17:44] 516     -215.23 [    50000.0  139752.0   24722.6   21636.0 ]
[24-11-01 12:17:45] 517     -207.33 [    50000.0  143383.0   25232.3   22163.2 ]
[24-11-01 12:17:45] 518     -215.23 [    50000.0  139752.0   24722.6   21630.7 ]
[24-11-01 12:17:45] 519     -207.33 [    50000.0  143383.0   25232.3   22163.2 ]
[24-11-01 12:17:45] 520      -195.9 [    50000.0  149258.2   26057.1   23024.9 ]
[24-11-01 12:17:45] 521     -163.23 [    50000.0  186329.3   31261.2   28462.1 ]
[24-11-01 12:17:46] 522     -260.21 [    50000.0  246311.4   39681.6   37259.7 ]
[24-11-01 12:17:46] 523      -178.0 [    50000.0  209240.4   34477.5   31822.5 ]
[24-11-01 12:17:46] 524     -167.57 [    50000.0  172169.4   29273.4   26385.3 ]
[24-11-01 12:17:46] 525     -163.21 [    50000.0  185223.0   31105.9   28299.9 ]
[24-11-01 12:17:46] 526     -163.21 [    50000.0  185677.7   31169.7   28366.6 ]
[24-11-01 12:17:46] 527     -163.21 [    50000.0  184768.3   31042.1   28233.2 ]
[24-11-01 12:17:47] 528     -163.21 [    50000.0  185223.0   31105.9   28299.9 ]
[24-11-01 12:17:47] 530     -163.22 [    49998.4  185223.0   31105.9   28299.9 ]
[24-11-01 12:17:47] 531     -163.21 [    49999.4  185223.0   31105.9   28299.9 ]
[24-11-01 12:17:47] 533     -163.21 [    49999.7  185223.0   31105.9   28299.9 ]
[24-11-01 12:17:47] 535     -163.21 [    49999.9  185223.0   31105.9   28299.9 ]
[24-11-01 12:17:48] 537     -163.21 [    50000.0  185223.0   31105.9   28299.9 ]
[24-11-01 12:17:48] 539     -163.21 [    50000.0  185223.0   31105.9   28299.9 ]
[24-11-01 12:17:48] 541     -163.21 [    50000.0  185223.0   31105.9   28299.9 ]
[24-11-01 12:17:48] 543     -163.21 [    50000.0  185223.0   31105.9   28299.9 ]
[24-11-01 12:17:48] 545     -163.21 [    50000.0  185223.0   31105.9   28299.9 ]
[24-11-01 12:17:48] 547     -163.21 [    50000.0  185223.0   31105.9   28299.9 ]
[24-11-01 12:17:49] 549     -163.21 [    50000.0  185223.0   31105.9   28299.9 ]
[24-11-01 12:17:49] 551     -163.21 [    50000.0  185223.0   31105.9   28299.9 ]
[24-11-01 12:17:49] 553     -163.21 [    50000.0  185223.0   31105.9   28299.9 ]
[24-11-01 12:17:49] 555     -163.21 [    50000.0  185223.0   31105.9   28299.9 ]
[24-11-01 12:17:49] 557     -163.21 [    50000.0  185223.0   31105.9   28299.9 ]
[24-11-01 12:17:50] 559     -163.21 [    50000.0  185223.0   31105.9   28299.9 ]
[24-11-01 12:17:50] 561     -163.21 [    50000.0  185223.0   31105.9   28299.9 ]
[24-11-01 12:17:50] 563     -163.21 [    50000.0  185223.0   31105.9   28299.9 ]
[24-11-01 12:17:50] 565     -163.21 [    50000.0  185223.0   31105.9   28299.9 ]
[24-11-01 12:17:50] 567     -163.21 [    50000.0  185223.0   31105.9   28299.9 ]
[24-11-01 12:17:50] 569     -163.21 [    50000.0  185223.0   31105.9   28299.9 ]
[24-11-01 12:17:51] 571     -163.21 [    50000.0  185223.0   31105.9   28299.9 ]
[24-11-01 12:17:51] 573     -163.21 [    50000.0  185223.0   31105.9   28299.9 ]
[24-11-01 12:17:51] 574     -163.21 [    50000.0  185223.0   31105.9   28299.9 ]
[24-11-01 12:17:51] 575     -163.21 [    50000.0  185223.0   31105.9   28299.9 ]
[24-11-01 12:17:51] 576     -163.21 [    50000.0  185223.0   31105.9   28299.9 ]
[24-11-01 12:17:52] 577     -163.21 [    50000.0  185223.0   31105.9   28299.9 ]
[24-11-01 12:17:52] 578     -163.21 [    50000.0  185223.0   31105.9   28299.9 ]
[24-11-01 12:17:52] 579     -163.21 [    50000.0  185223.0   31105.9   28299.9 ]
[24-11-01 12:17:52] 580     -163.21 [    50000.0  185223.0   31105.9   28299.9 ]
[24-11-01 12:17:52] 581     -163.21 [    50000.0  185223.0   31105.9   28299.9 ]
[24-11-01 12:17:52] 582     -163.21 [    50000.0  185223.0   31105.9   28299.9 ]
[24-11-01 12:17:53] 583     -163.21 [    50000.0  185223.0   31105.9   28299.9 ]
[24-11-01 12:17:53] 584     -163.21 [    50000.0  185224.0   31105.9   28299.9 ]
[24-11-01 12:17:53] 585      -163.2 [    50000.0  185225.6   31105.9   28299.9 ]
[24-11-01 12:17:53] 586     -163.17 [    50000.0  185402.0   31105.9   28299.9 ]
[24-11-01 12:17:53] 587     -163.12 [    50000.0  185978.6   31105.9   28299.9 ]
[24-11-01 12:17:54] 588     -163.25 [    50000.0  186911.6   31105.9   28299.9 ]
[24-11-01 12:17:54] 589     -163.14 [    50000.0  186335.0   31105.9   28299.9 ]
[24-11-01 12:17:54] 590     -163.13 [    50000.0  185758.4   31105.9   28299.9 ]
[24-11-01 12:17:54] 591     -163.12 [    50000.0  185986.2   31105.9   28299.9 ]
[24-11-01 12:17:54] 592     -163.12 [    50000.0  185971.1   31105.9   28299.9 ]
[24-11-01 12:17:54] 593     -163.12 [    50000.0  185978.6   31105.9   28299.9 ]
[24-11-01 12:17:55] 594     -163.12 [    50000.0  185978.6   31106.9   28299.9 ]
[24-11-01 12:17:55] 595     -163.12 [    50000.0  185978.6   31104.3   28299.9 ]
[24-11-01 12:17:55] 596     -163.09 [    50000.0  185978.6   30994.9   28299.9 ]
[24-11-01 12:17:55] 597     -163.16 [    50000.0  185978.6   30818.0   28299.9 ]
[24-11-01 12:17:55] 598      -163.1 [    50000.0  185978.6   30927.3   28299.9 ]
[24-11-01 12:17:56] 599     -163.09 [    50000.0  185978.6   31036.7   28299.9 ]
[24-11-01 12:17:56] 600     -163.09 [    50000.0  185978.6   30996.1   28299.9 ]
[24-11-01 12:17:56] 601     -163.09 [    50000.0  185978.6   30997.2   28299.9 ]
[24-11-01 12:17:56] 602     -163.09 [    50000.0  185978.6   30996.1   28299.9 ]
[24-11-01 12:17:56] 603     -217.18 [    50000.0  231449.7   37379.4   34969.1 ]
[24-11-01 12:17:56] 604     -296.25 [    50000.0  112404.9   20667.6   17508.9 ]
[24-11-01 12:17:57] 605     -182.74 [    50000.0  157876.0   27050.9   24178.1 ]
[24-11-01 12:17:57] 606     -171.02 [    50000.0  203347.0   33434.3   30847.3 ]
[24-11-01 12:17:57] 607     -163.09 [    50000.0  185682.0   30954.4   28256.4 ]
[24-11-01 12:17:57] 608     -163.09 [    50000.0  185781.0   30968.3   28270.9 ]
[24-11-01 12:17:57] 609     -163.09 [    50000.0  185779.0   30968.0   28270.6 ]
[24-11-01 12:17:58] 610     -163.09 [    50000.0  185783.0   30968.6   28271.2 ]
[24-11-01 12:17:58] 611     -216.86 [    50000.0  231810.0   37214.1   34911.1 ]
[24-11-01 12:17:58] 612     -163.09 [    50000.0  185781.0   30968.3   28270.9 ]
[24-11-01 12:17:58] 614      -163.1 [    49998.4  185781.0   30968.3   28270.9 ]
[24-11-01 12:17:58] 615     -163.09 [    49999.4  185781.0   30968.3   28270.9 ]
[24-11-01 12:17:58] 617     -163.09 [    49999.7  185781.0   30968.3   28270.9 ]
[24-11-01 12:17:59] 619     -163.09 [    49999.9  185781.0   30968.3   28270.9 ]
[24-11-01 12:17:59] 621     -163.09 [    50000.0  185781.0   30968.3   28270.9 ]
[24-11-01 12:17:59] 623     -163.09 [    50000.0  185781.0   30968.3   28270.9 ]
[24-11-01 12:17:59] 625     -163.09 [    50000.0  185781.0   30968.3   28270.9 ]
[24-11-01 12:17:59] 627     -163.09 [    50000.0  185781.0   30968.3   28270.9 ]
[24-11-01 12:18:00] 629     -163.09 [    50000.0  185781.0   30968.3   28270.9 ]
[24-11-01 12:18:00] 631     -163.09 [    50000.0  185781.0   30968.3   28270.9 ]
[24-11-01 12:18:00] 633     -163.09 [    50000.0  185781.0   30968.3   28270.9 ]
[24-11-01 12:18:00] 635     -163.09 [    50000.0  185781.0   30968.3   28270.9 ]
[24-11-01 12:18:00] 637     -163.09 [    50000.0  185781.0   30968.3   28270.9 ]
[24-11-01 12:18:00] 639     -163.09 [    50000.0  185781.0   30968.3   28270.9 ]
[24-11-01 12:18:01] 641     -163.09 [    50000.0  185781.0   30968.3   28270.9 ]
[24-11-01 12:18:01] 643     -163.09 [    50000.0  185781.0   30968.3   28270.9 ]
[24-11-01 12:18:01] 645     -163.09 [    50000.0  185781.0   30968.3   28270.9 ]
[24-11-01 12:18:01] 647     -163.09 [    50000.0  185781.0   30968.3   28270.9 ]
[24-11-01 12:18:01] 649     -163.09 [    50000.0  185781.0   30968.3   28270.9 ]
[24-11-01 12:18:02] 651     -163.09 [    50000.0  185781.0   30968.3   28270.9 ]
[24-11-01 12:18:02] 653     -163.09 [    50000.0  185781.0   30968.3   28270.9 ]
[24-11-01 12:18:02] 655     -163.09 [    50000.0  185781.0   30968.3   28270.9 ]
[24-11-01 12:18:02] 657     -163.09 [    50000.0  185781.0   30968.3   28270.9 ]
[24-11-01 12:18:02] 658     -163.09 [    50000.0  185781.0   30968.3   28270.9 ]
[24-11-01 12:18:02] 660     -163.09 [    50000.0  185781.0   30968.3   28270.9 ]
[24-11-01 12:18:03] 661     -163.09 [    50000.0  185781.0   30968.3   28270.9 ]
[24-11-01 12:18:03] 662     -163.09 [    50000.0  185781.0   30968.3   28270.9 ]
[24-11-01 12:18:03] 663     -163.09 [    50000.0  185781.0   30968.3   28270.9 ]
[24-11-01 12:18:03] 664     -163.09 [    50000.0  185781.0   30968.3   28270.9 ]
[24-11-01 12:18:03] 665     -163.09 [    50000.0  185781.0   30968.3   28270.9 ]
[24-11-01 12:18:04] 666     -163.09 [    50000.0  185782.0   30968.3   28270.9 ]
[24-11-01 12:18:04] 667     -163.09 [    50000.0  185783.6   30968.3   28270.9 ]
[24-11-01 12:18:04] 668     -163.09 [    50000.0  185828.4   30968.3   28270.9 ]
[24-11-01 12:18:04] 669     -163.09 [    50000.0  185901.0   30968.3   28270.9 ]
[24-11-01 12:18:04] 670     -163.09 [    50000.0  185856.2   30968.3   28270.9 ]
[24-11-01 12:18:04] 671     -163.09 [    50000.0  185811.3   30968.3   28270.9 ]
[24-11-01 12:18:05] 672     -163.09 [    50000.0  185828.9   30968.3   28270.9 ]
[24-11-01 12:18:05] 673     -163.09 [    50000.0  185828.0   30968.3   28270.9 ]
[24-11-01 12:18:05] 674     -163.09 [    50000.0  185828.4   30968.3   28270.9 ]
[24-11-01 12:18:05] 675     -163.09 [    50000.0  185828.4   30969.3   28270.9 ]
[24-11-01 12:18:05] 676     -163.09 [    50000.0  185828.4   30970.9   28270.9 ]
[24-11-01 12:18:06] 677     -163.09 [    50000.0  185828.4   30971.7   28270.9 ]
[24-11-01 12:18:06] 678     -163.09 [    50000.0  185828.4   30973.0   28270.9 ]
[24-11-01 12:18:06] 679     -163.09 [    50000.0  185828.4   30972.2   28270.9 ]
[24-11-01 12:18:06] 680     -163.09 [    50000.0  185828.4   30971.4   28270.9 ]
[24-11-01 12:18:06] 681     -163.09 [    50000.0  185828.4   30971.8   28270.9 ]
[24-11-01 12:18:06] 682     -163.09 [    50000.0  185828.4   30971.7   28270.9 ]
[24-11-01 12:18:07] 683     -163.09 [    50000.0  185828.4   30971.7   28270.9 ]
[24-11-01 12:18:07] 684     -216.79 [    50000.0  231299.5   37355.1   34940.1 ]
[24-11-01 12:18:07] 685     -296.82 [    50000.0  112254.7   20643.3   17479.9 ]
[24-11-01 12:18:07] 686     -182.97 [    50000.0  157725.8   27026.6   24149.1 ]
[24-11-01 12:18:07] 687     -170.87 [    50000.0  203196.8   33410.0   30818.3 ]
[24-11-01 12:18:08] 688     -163.09 [    50000.0  185695.5   30953.1   28251.4 ]
[24-11-01 12:18:08] 689     -163.09 [    50000.0  185793.5   30966.8   28265.8 ]
[24-11-01 12:18:08] 690     -163.09 [    50000.0  185793.8   30966.9   28265.8 ]
[24-11-01 12:18:08] 691     -163.09 [    50000.0  185794.2   30966.9   28265.9 ]
Optimization terminated successfully.
         Current function value: 163.088824
         Iterations: 10
         Function evaluations: 691
[24-11-01 12:18:08] 691      fit p: [    50000.0  185793.8   30966.9   28265.8 ]
method: Powell
objective_func: objective_H2
fopt: -163.08882447974295
max_iter: 100
num_iter: 10
func_calls: 691
flag: 0
u_fitted: False
u: 1.111e-08
