[24-10-31 15:24:58] fitting objective_H2 to data for demes ['French', 'KhomaniSan', 'Yoruba']
[24-10-31 15:24:58] 0        pnames [         NK       NFY       TFY        NF        NY ]
[24-10-31 15:24:58] 0            p0 [    19826.5   25632.3   69438.7    6438.3   14419.4 ]
[24-10-31 15:24:59] 1     -12716.12 [    19826.5   25632.3   69438.7    6438.3   14419.4 ]
[24-10-31 15:24:59] 2     -12716.12 [    19826.5   25632.3   69438.7    6438.3   14419.4 ]
[24-10-31 15:24:59] 3     -12716.07 [    19827.5   25632.3   69438.7    6438.3   14419.4 ]
[24-10-31 15:25:00] 4     -12715.99 [    19829.1   25632.3   69438.7    6438.3   14419.4 ]
[24-10-31 15:25:00] 5      -12707.9 [    20005.5   25632.3   69438.7    6438.3   14419.4 ]
[24-10-31 15:25:01] 6     -12662.73 [    21794.6   25632.3   69438.7    6438.3   14419.4 ]
[24-10-31 15:25:01] 7     -12688.36 [    24689.4   25632.3   69438.7    6438.3   14419.4 ]
[24-10-31 15:25:02] 8     -12661.25 [    22900.3   25632.3   69438.7    6438.3   14419.4 ]
[24-10-31 15:25:02] 9     -12667.89 [    23583.6   25632.3   69438.7    6438.3   14419.4 ]
[24-10-31 15:25:03] 10    -12659.86 [    22455.6   25632.3   69438.7    6438.3   14419.4 ]
[24-10-31 15:25:03] 11    -12659.86 [    22429.3   25632.3   69438.7    6438.3   14419.4 ]
[24-10-31 15:25:03] 12    -12659.86 [    22403.3   25632.3   69438.7    6438.3   14419.4 ]
[24-10-31 15:25:04] 13    -12659.86 [    22429.3   25632.3   69438.7    6438.3   14419.4 ]
[24-10-31 15:25:04] 14    -12660.18 [    22429.3   25633.3   69438.7    6438.3   14419.4 ]
[24-10-31 15:25:04] 15    -12659.33 [    22429.3   25630.7   69438.7    6438.3   14419.4 ]
[24-10-31 15:25:05] 16    -12658.48 [    22429.3   25628.1   69438.7    6438.3   14419.4 ]
[24-10-31 15:25:05] 17    -12657.11 [    22429.3   25623.8   69438.7    6438.3   14419.4 ]
[24-10-31 15:25:05] 18    -12654.88 [    22429.3   25617.0   69438.7    6438.3   14419.4 ]
[24-10-31 15:25:06] 19    -12651.29 [    22429.3   25605.9   69438.7    6438.3   14419.4 ]
[24-10-31 15:25:06] 20    -12645.46 [    22429.3   25588.0   69438.7    6438.3   14419.4 ]
[24-10-31 15:25:07] 21    -12636.04 [    22429.3   25558.9   69438.7    6438.3   14419.4 ]
[24-10-31 15:25:07] 22     -12620.8 [    22429.3   25511.9   69438.7    6438.3   14419.4 ]
[24-10-31 15:25:08] 23    -12596.12 [    22429.3   25435.9   69438.7    6438.3   14419.4 ]
[24-10-31 15:25:08] 24    -12556.18 [    22429.3   25312.9   69438.7    6438.3   14419.4 ]
[24-10-31 15:25:09] 25    -12491.54 [    22429.3   25113.9   69438.7    6438.3   14419.4 ]
[24-10-31 15:25:09] 26    -12386.93 [    22429.3   24791.9   69438.7    6438.3   14419.4 ]
[24-10-31 15:25:10] 27    -12217.84 [    22429.3   24270.9   69438.7    6438.3   14419.4 ]
[24-10-31 15:25:10] 29   -172183.16 [    22429.3    2579.4   69438.7    6438.3   14419.4 ]
[24-10-31 15:25:10] 30    -10276.53 [    22429.3   15985.5   69438.7    6438.3   14419.4 ]
[24-10-31 15:25:10] 31    -10894.93 [    22429.3   19921.8   69438.7    6438.3   14419.4 ]
[24-10-31 15:25:11] 32    -10805.18 [    22429.3   13528.6   69438.7    6438.3   14419.4 ]
[24-10-31 15:25:11] 33    -10293.56 [    22429.3   16604.7   69438.7    6438.3   14419.4 ]
[24-10-31 15:25:11] 34    -10276.48 [    22429.3   16120.8   69438.7    6438.3   14419.4 ]
[24-10-31 15:25:11] 35    -10277.76 [    22429.3   16215.9   69438.7    6438.3   14419.4 ]
[24-10-31 15:25:12] 36    -10276.48 [    22429.3   16120.8   69438.7    6438.3   14419.4 ]
[24-10-31 15:25:12] 37    -10276.46 [    22429.3   16120.8   69439.7    6438.3   14419.4 ]
[24-10-31 15:25:12] 38    -10276.42 [    22429.3   16120.8   69441.4    6438.3   14419.4 ]
[24-10-31 15:25:12] 39    -10272.74 [    22429.3   16120.8   69617.7    6438.3   14419.4 ]
[24-10-31 15:25:13] 40    -10207.27 [    22429.3   16120.8   75991.3    6438.3   14419.4 ]
[24-10-31 15:25:13] 41    -10379.94 [    22429.3   16120.8   86304.0    6438.3   14419.4 ]
[24-10-31 15:25:13] 42    -10232.51 [    22429.3   16120.8   79930.4    6438.3   14419.4 ]
[24-10-31 15:25:13] 43    -10216.78 [    22429.3   16120.8   73556.8    6438.3   14419.4 ]
[24-10-31 15:25:14] 44    -10207.27 [    22429.3   16120.8   75925.8    6438.3   14419.4 ]
[24-10-31 15:25:14] 45    -10207.28 [    22429.3   16120.8   76056.8    6438.3   14419.4 ]
[24-10-31 15:25:14] 46    -10207.27 [    22429.3   16120.8   75991.3    6438.3   14419.4 ]
[24-10-31 15:25:15] 47     -10208.9 [    22429.3   16120.8   75991.3    6439.3   14419.4 ]
[24-10-31 15:25:15] 48    -10204.62 [    22429.3   16120.8   75991.3    6436.7   14419.4 ]
[24-10-31 15:25:16] 49    -10200.33 [    22429.3   16120.8   75991.3    6434.0   14419.4 ]
[24-10-31 15:25:16] 50    -10193.39 [    22429.3   16120.8   75991.3    6429.8   14419.4 ]
[24-10-31 15:25:17] 51    -10182.17 [    22429.3   16120.8   75991.3    6423.0   14419.4 ]
[24-10-31 15:25:17] 52    -10163.99 [    22429.3   16120.8   75991.3    6411.9   14419.4 ]
[24-10-31 15:25:17] 53    -10134.57 [    22429.3   16120.8   75991.3    6393.9   14419.4 ]
[24-10-31 15:25:18] 54    -10086.92 [    22429.3   16120.8   75991.3    6364.9   14419.4 ]
[24-10-31 15:25:18] 55     -10009.7 [    22429.3   16120.8   75991.3    6317.9   14419.4 ]
[24-10-31 15:25:19] 56     -9884.49 [    22429.3   16120.8   75991.3    6241.9   14419.4 ]
[24-10-31 15:25:19] 57     -9681.33 [    22429.3   16120.8   75991.3    6118.9   14419.4 ]
[24-10-31 15:25:20] 58     -9351.79 [    22429.3   16120.8   75991.3    5919.9   14419.4 ]
[24-10-31 15:25:20] 59     -8819.82 [    22429.3   16120.8   75991.3    5597.9   14419.4 ]
[24-10-31 15:25:20] 62    -56677.51 [    22429.3   16120.8   75991.3     477.2   14419.4 ]
[24-10-31 15:25:21] 63     -6741.62 [    22429.3   16120.8   75991.3    3037.6   14419.4 ]
[24-10-31 15:25:21] 64     -6813.38 [    22429.3   16120.8   75991.3    4215.5   14419.4 ]
[24-10-31 15:25:22] 65     -6401.66 [    22429.3   16120.8   75991.3    3570.4   14419.4 ]
[24-10-31 15:25:22] 66      -6405.1 [    22429.3   16120.8   75991.3    3599.1   14419.4 ]
[24-10-31 15:25:23] 67     -6399.98 [    22429.3   16120.8   75991.3    3540.4   14419.4 ]
[24-10-31 15:25:23] 68     -6440.72 [    22429.3   16120.8   75991.3    3348.3   14419.4 ]
[24-10-31 15:25:24] 69     -6400.29 [    22429.3   16120.8   75991.3    3511.4   14419.4 ]
[24-10-31 15:25:24] 70     -6399.98 [    22429.3   16120.8   75991.3    3540.4   14419.4 ]
[24-10-31 15:25:25] 71     -6399.42 [    22429.3   16120.8   75991.3    3540.4   14420.4 ]
[24-10-31 15:25:25] 72     -6398.53 [    22429.3   16120.8   75991.3    3540.4   14422.0 ]
[24-10-31 15:25:26] 73     -6303.19 [    22429.3   16120.8   75991.3    3540.4   14598.4 ]
[24-10-31 15:25:26] 74     -4687.12 [    22429.3   16120.8   75991.3    3540.4   19220.9 ]
[24-10-31 15:25:26] 75     -3700.96 [    22429.3   16120.8   75991.3    3540.4   26700.3 ]
[24-10-31 15:25:27] 76     -3706.56 [    22429.3   16120.8   75991.3    3540.4   26624.5 ]
[24-10-31 15:25:27] 77     -3242.56 [    22429.3   16120.8   75991.3    3540.4   38802.3 ]
[24-10-31 15:25:28] 78     -3283.28 [    22429.3   16120.8   75991.3    3540.4   36697.8 ]
[24-10-31 15:25:28] 80      -3155.7 [    22429.3   16120.8   75991.3    3540.4   46281.7 ]
[24-10-31 15:25:29] 82     -3190.16 [    22429.3   16120.8   75991.3    3540.4   42542.0 ]
[24-10-31 15:25:29] 83     -3143.88 [    22429.3   16120.8   75991.3    3540.4   48047.3 ]
[24-10-31 15:25:30] 84     -3137.71 [    22429.3   16120.8   75991.3    3540.4   49138.6 ]
[24-10-31 15:25:30] 85     -3134.28 [    22429.3   16120.8   75991.3    3540.4   49813.0 ]
[24-10-31 15:25:31] 88     -3134.28 [    22429.3   16120.8   75991.3    3540.4   49813.0 ]
[24-10-31 15:25:31] 89     -3134.21 [    22430.3   16120.8   75991.3    3540.4   49813.0 ]
[24-10-31 15:25:32] 90      -3134.1 [    22431.9   16120.8   75991.3    3540.4   49813.0 ]
[24-10-31 15:25:32] 91      -3122.1 [    22608.3   16120.8   75991.3    3540.4   49813.0 ]
[24-10-31 15:25:32] 92     -2978.91 [    26150.4   16120.8   75991.3    3540.4   49813.0 ]
[24-10-31 15:25:33] 93     -2972.78 [    31881.7   16120.8   75991.3    3540.4   49813.0 ]
[24-10-31 15:25:33] 94     -2953.65 [    29141.9   16120.8   75991.3    3540.4   49813.0 ]
[24-10-31 15:25:34] 95     -2956.16 [    27999.2   16120.8   75991.3    3540.4   49813.0 ]
[24-10-31 15:25:34] 96     -2957.33 [    30188.4   16120.8   75991.3    3540.4   49813.0 ]
[24-10-31 15:25:35] 97     -2953.56 [    28991.1   16120.8   75991.3    3540.4   49813.0 ]
[24-10-31 15:25:35] 98     -2953.56 [    28925.5   16120.8   75991.3    3540.4   49813.0 ]
[24-10-31 15:25:36] 99     -2953.58 [    28860.5   16120.8   75991.3    3540.4   49813.0 ]
[24-10-31 15:25:36] 100    -2953.56 [    28925.5   16120.8   75991.3    3540.4   49813.0 ]
[24-10-31 15:25:37] 101    -2953.46 [    28925.5   16121.8   75991.3    3540.4   49813.0 ]
[24-10-31 15:25:37] 102    -2953.29 [    28925.5   16123.4   75991.3    3540.4   49813.0 ]
[24-10-31 15:25:37] 103    -2937.23 [    28925.5   16299.8   75991.3    3540.4   49813.0 ]
[24-10-31 15:25:38] 104    -2906.16 [    28925.5   16993.4   75991.3    3540.4   49813.0 ]
[24-10-31 15:25:38] 105     -2944.1 [    28925.5   18115.6   75991.3    3540.4   49813.0 ]
[24-10-31 15:25:39] 106    -2909.28 [    28925.5   17422.0   75991.3    3540.4   49813.0 ]
[24-10-31 15:25:39] 107    -2912.37 [    28925.5   16728.4   75991.3    3540.4   49813.0 ]
[24-10-31 15:25:40] 108    -2905.46 [    28925.5   17125.6   75991.3    3540.4   49813.0 ]
[24-10-31 15:25:40] 109    -2905.46 [    28925.5   17115.6   75991.3    3540.4   49813.0 ]
[24-10-31 15:25:41] 110    -2905.47 [    28925.5   17105.6   75991.3    3540.4   49813.0 ]
[24-10-31 15:25:41] 111    -2905.46 [    28925.5   17115.6   75991.3    3540.4   49813.0 ]
[24-10-31 15:25:42] 112     -2905.5 [    28925.5   17115.6   75992.3    3540.4   49813.0 ]
[24-10-31 15:25:42] 113    -2905.39 [    28925.5   17115.6   75989.7    3540.4   49813.0 ]
[24-10-31 15:25:43] 114    -2898.36 [    28925.5   17115.6   75813.3    3540.4   49813.0 ]
[24-10-31 15:25:43] 115    -2752.24 [    28925.5   17115.6   68177.5    3540.4   49813.0 ]
[24-10-31 15:25:43] 116    -3223.45 [    28925.5   17115.6   55822.5    3540.4   49813.0 ]
[24-10-31 15:25:44] 117     -2824.2 [    28925.5   17115.6   63458.3    3540.4   49813.0 ]
[24-10-31 15:25:44] 118    -2770.82 [    28925.5   17115.6   71094.1    3540.4   49813.0 ]
[24-10-31 15:25:45] 119    -2751.97 [    28925.5   17115.6   68510.8    3540.4   49813.0 ]
[24-10-31 15:25:45] 120    -2751.98 [    28925.5   17115.6   68436.0    3540.4   49813.0 ]
[24-10-31 15:25:46] 121     -2752.0 [    28925.5   17115.6   68585.6    3540.4   49813.0 ]
[24-10-31 15:25:46] 122    -2751.97 [    28925.5   17115.6   68510.8    3540.4   49813.0 ]
[24-10-31 15:25:47] 123    -2751.94 [    28925.5   17115.6   68510.8    3541.4   49813.0 ]
[24-10-31 15:25:47] 124    -2751.91 [    28925.5   17115.6   68510.8    3543.0   49813.0 ]
[24-10-31 15:25:48] 125    -2751.79 [    28925.5   17115.6   68510.8    3553.5   49813.0 ]
[24-10-31 15:25:48] 126    -2752.08 [    28925.5   17115.6   68510.8    3570.5   49813.0 ]
[24-10-31 15:25:48] 127    -2751.83 [    28925.5   17115.6   68510.8    3560.0   49813.0 ]
[24-10-31 15:25:49] 128    -2751.81 [    28925.5   17115.6   68510.8    3549.5   49813.0 ]
[24-10-31 15:25:49] 129    -2751.79 [    28925.5   17115.6   68510.8    3553.6   49813.0 ]
[24-10-31 15:25:50] 130    -2751.79 [    28925.5   17115.6   68510.8    3553.7   49813.0 ]
[24-10-31 15:25:50] 131    -2751.79 [    28925.5   17115.6   68510.8    3553.6   49813.0 ]
[24-10-31 15:25:51] 132    -2751.78 [    28925.5   17115.6   68510.8    3553.6   49814.0 ]
[24-10-31 15:25:51] 133    -2751.76 [    28925.5   17115.6   68510.8    3553.6   49815.6 ]
[24-10-31 15:25:52] 134    -2749.69 [    28925.5   17115.6   68510.8    3553.6   49992.0 ]
[24-10-31 15:25:52] 141    -2750.48 [    28925.5   17115.6   68510.8    3553.6   49924.6 ]
[24-10-31 15:25:53] 142    -2750.08 [    28925.5   17115.6   68510.8    3553.6   49958.3 ]
[24-10-31 15:25:53] 145    -2749.84 [    28925.5   17115.6   68510.8    3553.6   49979.1 ]
[24-10-31 15:25:54] 146    -2749.61 [    28925.5   17115.6   68510.8    3553.6   49998.7 ]
[24-10-31 15:25:54] 148    -2749.64 [    28925.5   17115.6   68510.8    3553.6   49996.1 ]
[24-10-31 15:25:54] 151    -2749.61 [    28925.5   17115.6   68510.8    3553.6   49998.7 ]
[24-10-31 15:25:55] 152    -2749.61 [    28926.5   17115.6   68510.8    3553.6   49998.7 ]
[24-10-31 15:25:55] 153    -2749.61 [    28928.1   17115.6   68510.8    3553.6   49998.7 ]
[24-10-31 15:25:56] 154    -2749.56 [    29063.5   17115.6   68510.8    3553.6   49998.7 ]
[24-10-31 15:25:56] 155    -2749.68 [    29282.5   17115.6   68510.8    3553.6   49998.7 ]
[24-10-31 15:25:57] 156    -2749.58 [    29147.1   17115.6   68510.8    3553.6   49998.7 ]
[24-10-31 15:25:57] 157    -2749.57 [    29011.8   17115.6   68510.8    3553.6   49998.7 ]
[24-10-31 15:25:58] 158    -2749.56 [    29065.4   17115.6   68510.8    3553.6   49998.7 ]
[24-10-31 15:25:58] 159    -2749.56 [    29066.8   17115.6   68510.8    3553.6   49998.7 ]
[24-10-31 15:25:59] 160    -2749.56 [    29065.4   17115.6   68510.8    3553.6   49998.7 ]
[24-10-31 15:25:59] 161    -2749.49 [    29065.4   17116.6   68510.8    3553.6   49998.7 ]
[24-10-31 15:25:59] 162    -2749.39 [    29065.4   17118.2   68510.8    3553.6   49998.7 ]
[24-10-31 15:26:00] 163    -2739.65 [    29065.4   17294.6   68510.8    3553.6   49998.7 ]
[24-10-31 15:26:00] 164    -2728.48 [    29065.4   17741.0   68510.8    3553.6   49998.7 ]
[24-10-31 15:26:01] 165     -2746.2 [    29065.4   18463.4   68510.8    3553.6   49998.7 ]
[24-10-31 15:26:01] 166    -2730.41 [    29065.4   18016.9   68510.8    3553.6   49998.7 ]
[24-10-31 15:26:02] 167    -2730.57 [    29065.4   17570.5   68510.8    3553.6   49998.7 ]
[24-10-31 15:26:02] 168    -2728.36 [    29065.4   17797.9   68510.8    3553.6   49998.7 ]
[24-10-31 15:26:03] 169    -2728.36 [    29065.4   17791.1   68510.8    3553.6   49998.7 ]
[24-10-31 15:26:03] 170    -2728.36 [    29065.4   17804.8   68510.8    3553.6   49998.7 ]
[24-10-31 15:26:04] 171    -2728.36 [    29065.4   17797.9   68510.8    3553.6   49998.7 ]
[24-10-31 15:26:04] 172    -2728.36 [    29065.4   17797.9   68511.8    3553.6   49998.7 ]
[24-10-31 15:26:05] 173    -2728.35 [    29065.4   17797.9   68509.2    3553.6   49998.7 ]
[24-10-31 15:26:05] 174     -2727.7 [    29065.4   17797.9   68332.8    3553.6   49998.7 ]
[24-10-31 15:26:06] 175    -2726.78 [    29065.4   17797.9   67760.6    3553.6   49998.7 ]
[24-10-31 15:26:06] 176    -2729.23 [    29065.4   17797.9   66834.7    3553.6   49998.7 ]
[24-10-31 15:26:06] 177    -2727.14 [    29065.4   17797.9   67406.9    3553.6   49998.7 ]
[24-10-31 15:26:07] 178    -2726.91 [    29065.4   17797.9   67979.2    3553.6   49998.7 ]
[24-10-31 15:26:07] 179    -2726.78 [    29065.4   17797.9   67768.1    3553.6   49998.7 ]
[24-10-31 15:26:08] 180    -2726.78 [    29065.4   17797.9   67753.1    3553.6   49998.7 ]
[24-10-31 15:26:08] 181    -2726.78 [    29065.4   17797.9   67760.6    3553.6   49998.7 ]
[24-10-31 15:26:08] 182    -2726.92 [    29065.4   17797.9   67760.6    3554.6   49998.7 ]
[24-10-31 15:26:08] 183    -2726.56 [    29065.4   17797.9   67760.6    3552.0   49998.7 ]
[24-10-31 15:26:09] 184    -2722.02 [    29065.4   17797.9   67760.6    3483.1   49998.7 ]
[24-10-31 15:26:09] 185     -2736.8 [    29065.4   17797.9   67760.6    3371.7   49998.7 ]
[24-10-31 15:26:09] 186    -2724.29 [    29065.4   17797.9   67760.6    3440.6   49998.7 ]
[24-10-31 15:26:09] 187    -2722.59 [    29065.4   17797.9   67760.6    3509.4   49998.7 ]
[24-10-31 15:26:10] 188    -2722.01 [    29065.4   17797.9   67760.6    3486.3   49998.7 ]
[24-10-31 15:26:10] 189    -2722.01 [    29065.4   17797.9   67760.6    3485.6   49998.7 ]
[24-10-31 15:26:10] 190    -2722.02 [    29065.4   17797.9   67760.6    3487.0   49998.7 ]
[24-10-31 15:26:10] 191    -2722.01 [    29065.4   17797.9   67760.6    3486.3   49998.7 ]
[24-10-31 15:26:11] 192     -2722.0 [    29065.4   17797.9   67760.6    3486.3   49999.7 ]
[24-10-31 15:26:11] 195    -2722.01 [    29065.4   17797.9   67760.6    3486.3   49999.3 ]
[24-10-31 15:26:11] 196    -2722.01 [    29065.4   17797.9   67760.6    3486.3   49999.5 ]
[24-10-31 15:26:11] 197     -2722.0 [    29065.4   17797.9   67760.6    3486.3   49999.9 ]
[24-10-31 15:26:12] 199     -2722.0 [    29065.4   17797.9   67760.6    3486.3   49999.8 ]
[24-10-31 15:26:12] 200     -2722.0 [    29065.4   17797.9   67760.6    3486.3   49999.9 ]
[24-10-31 15:26:12] 201     -2722.0 [    29065.4   17797.9   67760.6    3486.3   50000.0 ]
[24-10-31 15:26:12] 203     -2722.0 [    29065.4   17797.9   67760.6    3486.3   50000.0 ]
[24-10-31 15:26:13] 205     -2722.0 [    29065.4   17797.9   67760.6    3486.3   50000.0 ]
[24-10-31 15:26:13] 206     -2722.0 [    29066.4   17797.9   67760.6    3486.3   50000.0 ]
[24-10-31 15:26:13] 207    -2721.99 [    29068.0   17797.9   67760.6    3486.3   50000.0 ]
[24-10-31 15:26:14] 208    -2721.04 [    29244.4   17797.9   67760.6    3486.3   50000.0 ]
[24-10-31 15:26:14] 209    -2718.75 [    30118.8   17797.9   67760.6    3486.3   50000.0 ]
[24-10-31 15:26:14] 210    -2722.37 [    31533.6   17797.9   67760.6    3486.3   50000.0 ]
[24-10-31 15:26:14] 211    -2719.15 [    30659.2   17797.9   67760.6    3486.3   50000.0 ]
[24-10-31 15:26:15] 212    -2719.17 [    29784.8   17797.9   67760.6    3486.3   50000.0 ]
[24-10-31 15:26:15] 213    -2718.72 [    30226.4   17797.9   67760.6    3486.3   50000.0 ]
[24-10-31 15:26:15] 214    -2718.72 [    30214.8   17797.9   67760.6    3486.3   50000.0 ]
[24-10-31 15:26:15] 215    -2718.72 [    30238.0   17797.9   67760.6    3486.3   50000.0 ]
[24-10-31 15:26:16] 216    -2718.72 [    30226.4   17797.9   67760.6    3486.3   50000.0 ]
[24-10-31 15:26:16] 217     -2718.7 [    30226.4   17798.9   67760.6    3486.3   50000.0 ]
[24-10-31 15:26:17] 218    -2718.66 [    30226.4   17800.6   67760.6    3486.3   50000.0 ]
[24-10-31 15:26:17] 219    -2716.06 [    30226.4   17976.9   67760.6    3486.3   50000.0 ]
[24-10-31 15:26:18] 220    -2715.75 [    30226.4   18058.1   67760.6    3486.3   50000.0 ]
[24-10-31 15:26:18] 221    -2716.39 [    30226.4   18189.4   67760.6    3486.3   50000.0 ]
[24-10-31 15:26:18] 222    -2715.83 [    30226.4   18108.2   67760.6    3486.3   50000.0 ]
[24-10-31 15:26:19] 223    -2715.81 [    30226.4   18027.1   67760.6    3486.3   50000.0 ]
[24-10-31 15:26:19] 224    -2715.75 [    30226.4   18063.8   67760.6    3486.3   50000.0 ]
[24-10-31 15:26:20] 225    -2715.75 [    30226.4   18061.2   67760.6    3486.3   50000.0 ]
[24-10-31 15:26:20] 226    -2715.75 [    30226.4   18066.5   67760.6    3486.3   50000.0 ]
[24-10-31 15:26:21] 227    -2715.75 [    30226.4   18063.8   67760.6    3486.3   50000.0 ]
[24-10-31 15:26:21] 228    -2715.76 [    30226.4   18063.8   67761.6    3486.3   50000.0 ]
[24-10-31 15:26:22] 229    -2715.74 [    30226.4   18063.8   67759.0    3486.3   50000.0 ]
[24-10-31 15:26:22] 230    -2714.68 [    30226.4   18063.8   67582.6    3486.3   50000.0 ]
[24-10-31 15:26:23] 231    -2712.08 [    30226.4   18063.8   66626.1    3486.3   50000.0 ]
[24-10-31 15:26:23] 232    -2719.14 [    30226.4   18063.8   65078.4    3486.3   50000.0 ]
[24-10-31 15:26:23] 233    -2713.12 [    30226.4   18063.8   66034.9    3486.3   50000.0 ]
[24-10-31 15:26:24] 234    -2712.45 [    30226.4   18063.8   66991.4    3486.3   50000.0 ]
[24-10-31 15:26:24] 235    -2712.08 [    30226.4   18063.8   66637.4    3486.3   50000.0 ]
[24-10-31 15:26:25] 236    -2712.08 [    30226.4   18063.8   66648.7    3486.3   50000.0 ]
[24-10-31 15:26:25] 237    -2712.08 [    30226.4   18063.8   66637.4    3486.3   50000.0 ]
[24-10-31 15:26:26] 238    -2712.21 [    30226.4   18063.8   66637.4    3487.3   50000.0 ]
[24-10-31 15:26:26] 239    -2711.86 [    30226.4   18063.8   66637.4    3484.7   50000.0 ]
[24-10-31 15:26:27] 240     -2707.7 [    30226.4   18063.8   66637.4    3420.2   50000.0 ]
[24-10-31 15:26:27] 241    -2721.11 [    30226.4   18063.8   66637.4    3315.9   50000.0 ]
[24-10-31 15:26:28] 242    -2709.75 [    30226.4   18063.8   66637.4    3380.3   50000.0 ]
[24-10-31 15:26:28] 243    -2708.23 [    30226.4   18063.8   66637.4    3444.8   50000.0 ]
[24-10-31 15:26:29] 244     -2707.7 [    30226.4   18063.8   66637.4    3423.0   50000.0 ]
[24-10-31 15:26:29] 245     -2707.7 [    30226.4   18063.8   66637.4    3422.4   50000.0 ]
[24-10-31 15:26:30] 246     -2707.7 [    30226.4   18063.8   66637.4    3423.7   50000.0 ]
[24-10-31 15:26:30] 247     -2707.7 [    30226.4   18063.8   66637.4    3423.0   50000.0 ]
[24-10-31 15:26:31] 249    -2707.71 [    30226.4   18063.8   66637.4    3423.0   49998.4 ]
[24-10-31 15:26:31] 250     -2707.7 [    30226.4   18063.8   66637.4    3423.0   49999.4 ]
[24-10-31 15:26:32] 252     -2707.7 [    30226.4   18063.8   66637.4    3423.0   49999.7 ]
[24-10-31 15:26:32] 254     -2707.7 [    30226.4   18063.8   66637.4    3423.0   49999.9 ]
[24-10-31 15:26:32] 256     -2707.7 [    30226.4   18063.8   66637.4    3423.0   49999.9 ]
[24-10-31 15:26:33] 258     -2707.7 [    30226.4   18063.8   66637.4    3423.0   50000.0 ]
[24-10-31 15:26:33] 259     -2707.7 [    30226.4   18063.8   66637.4    3423.0   50000.0 ]
[24-10-31 15:26:34] 260     -2707.7 [    30226.4   18063.8   66637.4    3423.0   50000.0 ]
[24-10-31 15:26:34] 261     -2707.7 [    30226.4   18063.8   66637.4    3423.0   50000.0 ]
[24-10-31 15:26:35] 262     -2707.7 [    30226.4   18063.8   66637.4    3423.0   50000.0 ]
[24-10-31 15:26:35] 264     -2707.7 [    30226.4   18063.8   66637.4    3423.0   50000.0 ]
[24-10-31 15:26:36] 265     -2707.7 [    30226.4   18063.8   66637.4    3423.0   50000.0 ]
[24-10-31 15:26:36] 267     -2707.7 [    30226.4   18063.8   66637.4    3423.0   50000.0 ]
[24-10-31 15:26:37] 269     -2707.7 [    30226.4   18063.8   66637.4    3423.0   50000.0 ]
[24-10-31 15:26:37] 270    -2707.69 [    30227.4   18063.8   66637.4    3423.0   50000.0 ]
[24-10-31 15:26:38] 271    -2707.69 [    30229.0   18063.8   66637.4    3423.0   50000.0 ]
[24-10-31 15:26:38] 272    -2707.54 [    30405.4   18063.8   66637.4    3423.0   50000.0 ]
[24-10-31 15:26:39] 273    -2707.52 [    30500.2   18063.8   66637.4    3423.0   50000.0 ]
[24-10-31 15:26:39] 274    -2707.57 [    30653.6   18063.8   66637.4    3423.0   50000.0 ]
[24-10-31 15:26:39] 275    -2707.53 [    30558.8   18063.8   66637.4    3423.0   50000.0 ]
[24-10-31 15:26:40] 276    -2707.53 [    30464.0   18063.8   66637.4    3423.0   50000.0 ]
[24-10-31 15:26:40] 277    -2707.52 [    30504.2   18063.8   66637.4    3423.0   50000.0 ]
[24-10-31 15:26:41] 278    -2707.52 [    30506.9   18063.8   66637.4    3423.0   50000.0 ]
[24-10-31 15:26:41] 279    -2707.52 [    30504.2   18063.8   66637.4    3423.0   50000.0 ]
[24-10-31 15:26:42] 280    -2707.51 [    30504.2   18064.8   66637.4    3423.0   50000.0 ]
[24-10-31 15:26:42] 281    -2707.48 [    30504.2   18066.5   66637.4    3423.0   50000.0 ]
[24-10-31 15:26:43] 282    -2705.88 [    30504.2   18242.8   66637.4    3423.0   50000.0 ]
[24-10-31 15:26:43] 283    -2705.86 [    30504.2   18263.0   66637.4    3423.0   50000.0 ]
[24-10-31 15:26:44] 284     -2705.9 [    30504.2   18295.6   66637.4    3423.0   50000.0 ]
[24-10-31 15:26:44] 285    -2705.87 [    30504.2   18275.4   66637.4    3423.0   50000.0 ]
[24-10-31 15:26:45] 286    -2705.87 [    30504.2   18255.3   66637.4    3423.0   50000.0 ]
[24-10-31 15:26:45] 287    -2705.86 [    30504.2   18265.4   66637.4    3423.0   50000.0 ]
[24-10-31 15:26:46] 288    -2705.86 [    30504.2   18267.4   66637.4    3423.0   50000.0 ]
[24-10-31 15:26:46] 289    -2705.86 [    30504.2   18265.4   66637.4    3423.0   50000.0 ]
[24-10-31 15:26:47] 290    -2705.87 [    30504.2   18265.4   66638.4    3423.0   50000.0 ]
[24-10-31 15:26:47] 291    -2705.85 [    30504.2   18265.4   66635.8    3423.0   50000.0 ]
[24-10-31 15:26:47] 292    -2704.72 [    30504.2   18265.4   66459.4    3423.0   50000.0 ]
[24-10-31 15:26:48] 293    -2701.77 [    30504.2   18265.4   65456.2    3423.0   50000.0 ]
[24-10-31 15:26:48] 294    -2709.78 [    30504.2   18265.4   63832.8    3423.0   50000.0 ]
[24-10-31 15:26:49] 295    -2702.96 [    30504.2   18265.4   64836.1    3423.0   50000.0 ]
[24-10-31 15:26:49] 296    -2702.19 [    30504.2   18265.4   65839.4    3423.0   50000.0 ]
[24-10-31 15:26:50] 297    -2701.77 [    30504.2   18265.4   65468.0    3423.0   50000.0 ]
[24-10-31 15:26:50] 298    -2701.77 [    30504.2   18265.4   65479.7    3423.0   50000.0 ]
[24-10-31 15:26:51] 299    -2701.77 [    30504.2   18265.4   65468.0    3423.0   50000.0 ]
[24-10-31 15:26:51] 300    -2701.91 [    30504.2   18265.4   65468.0    3424.0   50000.0 ]
[24-10-31 15:26:51] 301    -2701.56 [    30504.2   18265.4   65468.0    3421.4   50000.0 ]
[24-10-31 15:26:52] 302    -2697.65 [    30504.2   18265.4   65468.0    3360.1   50000.0 ]
[24-10-31 15:26:52] 303    -2710.19 [    30504.2   18265.4   65468.0    3260.8   50000.0 ]
[24-10-31 15:26:53] 304    -2699.56 [    30504.2   18265.4   65468.0    3322.1   50000.0 ]
[24-10-31 15:26:53] 305    -2698.15 [    30504.2   18265.4   65468.0    3383.5   50000.0 ]
[24-10-31 15:26:54] 306    -2697.64 [    30504.2   18265.4   65468.0    3362.7   50000.0 ]
[24-10-31 15:26:54] 307    -2697.64 [    30504.2   18265.4   65468.0    3362.1   50000.0 ]
[24-10-31 15:26:54] 308    -2697.64 [    30504.2   18265.4   65468.0    3363.3   50000.0 ]
[24-10-31 15:26:55] 309    -2697.64 [    30504.2   18265.4   65468.0    3362.7   50000.0 ]
[24-10-31 15:26:55] 311    -2697.66 [    30504.2   18265.4   65468.0    3362.7   49998.4 ]
[24-10-31 15:26:56] 312    -2697.65 [    30504.2   18265.4   65468.0    3362.7   49999.4 ]
[24-10-31 15:26:56] 314    -2697.64 [    30504.2   18265.4   65468.0    3362.7   49999.7 ]
[24-10-31 15:26:57] 316    -2697.64 [    30504.2   18265.4   65468.0    3362.7   49999.9 ]
[24-10-31 15:26:57] 318    -2697.64 [    30504.2   18265.4   65468.0    3362.7   50000.0 ]
[24-10-31 15:26:57] 320    -2697.64 [    30504.2   18265.4   65468.0    3362.7   50000.0 ]
[24-10-31 15:26:58] 322    -2697.64 [    30504.2   18265.4   65468.0    3362.7   50000.0 ]
[24-10-31 15:26:58] 324    -2697.64 [    30504.2   18265.4   65468.0    3362.7   50000.0 ]
[24-10-31 15:26:59] 326    -2697.64 [    30504.2   18265.4   65468.0    3362.7   50000.0 ]
[24-10-31 15:26:59] 328    -2697.64 [    30504.2   18265.4   65468.0    3362.7   50000.0 ]
[24-10-31 15:27:00] 330    -2697.64 [    30504.2   18265.4   65468.0    3362.7   50000.0 ]
[24-10-31 15:27:00] 332    -2697.64 [    30504.2   18265.4   65468.0    3362.7   50000.0 ]
[24-10-31 15:27:01] 333    -2697.64 [    30504.2   18265.4   65468.0    3362.7   50000.0 ]
[24-10-31 15:27:01] 334    -2697.64 [    30504.2   18265.4   65468.0    3362.7   50000.0 ]
[24-10-31 15:27:01] 335    -2697.64 [    30504.2   18265.4   65468.0    3362.7   50000.0 ]
[24-10-31 15:27:02] 337    -2697.64 [    30504.2   18265.4   65468.0    3362.7   50000.0 ]
[24-10-31 15:27:02] 338    -2697.64 [    30504.2   18265.4   65468.0    3362.7   50000.0 ]
[24-10-31 15:27:03] 340    -2697.64 [    30504.2   18265.4   65468.0    3362.7   50000.0 ]
[24-10-31 15:27:03] 341    -2697.64 [    30504.2   18265.4   65468.0    3362.7   50000.0 ]
[24-10-31 15:27:04] 343    -2697.64 [    30504.2   18265.4   65468.0    3362.7   50000.0 ]
[24-10-31 15:27:04] 344    -2697.64 [    30505.2   18265.4   65468.0    3362.7   50000.0 ]
[24-10-31 15:27:04] 345    -2697.64 [    30506.8   18265.4   65468.0    3362.7   50000.0 ]
[24-10-31 15:27:05] 346    -2697.59 [    30651.5   18265.4   65468.0    3362.7   50000.0 ]
[24-10-31 15:27:05] 347    -2697.71 [    30885.7   18265.4   65468.0    3362.7   50000.0 ]
[24-10-31 15:27:05] 348    -2697.61 [    30741.0   18265.4   65468.0    3362.7   50000.0 ]
[24-10-31 15:27:05] 349     -2697.6 [    30596.2   18265.4   65468.0    3362.7   50000.0 ]
[24-10-31 15:27:06] 350    -2697.59 [    30653.6   18265.4   65468.0    3362.7   50000.0 ]
[24-10-31 15:27:06] 351    -2697.59 [    30655.1   18265.4   65468.0    3362.7   50000.0 ]
[24-10-31 15:27:06] 352    -2697.59 [    30653.6   18265.4   65468.0    3362.7   50000.0 ]
[24-10-31 15:27:06] 353    -2697.58 [    30653.6   18266.4   65468.0    3362.7   50000.0 ]
[24-10-31 15:27:07] 354    -2697.55 [    30653.6   18268.0   65468.0    3362.7   50000.0 ]
[24-10-31 15:27:07] 355    -2696.18 [    30653.6   18444.3   65468.0    3362.7   50000.0 ]
[24-10-31 15:27:07] 356    -2696.17 [    30653.6   18451.8   65468.0    3362.7   50000.0 ]
[24-10-31 15:27:08] 357    -2696.18 [    30653.6   18463.9   65468.0    3362.7   50000.0 ]
[24-10-31 15:27:08] 358    -2696.17 [    30653.6   18456.4   65468.0    3362.7   50000.0 ]
[24-10-31 15:27:08] 359    -2696.17 [    30653.6   18449.0   65468.0    3362.7   50000.0 ]
[24-10-31 15:27:08] 360    -2696.17 [    30653.6   18453.7   65468.0    3362.7   50000.0 ]
[24-10-31 15:27:09] 361    -2696.17 [    30653.6   18453.7   65468.0    3362.7   50000.0 ]
[24-10-31 15:27:09] 362    -2696.18 [    30653.6   18453.7   65469.0    3362.7   50000.0 ]
[24-10-31 15:27:10] 363    -2696.16 [    30653.6   18453.7   65466.4    3362.7   50000.0 ]
[24-10-31 15:27:10] 364    -2695.04 [    30653.6   18453.7   65290.0    3362.7   50000.0 ]
[24-10-31 15:27:11] 365    -2692.23 [    30653.6   18453.7   64324.6    3362.7   50000.0 ]
[24-10-31 15:27:11] 366    -2699.86 [    30653.6   18453.7   62762.5    3362.7   50000.0 ]
[24-10-31 15:27:12] 367    -2693.36 [    30653.6   18453.7   63727.9    3362.7   50000.0 ]
[24-10-31 15:27:12] 368    -2692.63 [    30653.6   18453.7   64693.3    3362.7   50000.0 ]
[24-10-31 15:27:12] 369    -2692.23 [    30653.6   18453.7   64336.0    3362.7   50000.0 ]
[24-10-31 15:27:13] 370    -2692.23 [    30653.6   18453.7   64347.3    3362.7   50000.0 ]
[24-10-31 15:27:13] 371    -2692.23 [    30653.6   18453.7   64336.0    3362.7   50000.0 ]
[24-10-31 15:27:14] 372    -2692.37 [    30653.6   18453.7   64336.0    3363.7   50000.0 ]
[24-10-31 15:27:14] 373    -2692.02 [    30653.6   18453.7   64336.0    3361.1   50000.0 ]
[24-10-31 15:27:15] 374     -2688.3 [    30653.6   18453.7   64336.0    3302.3   50000.0 ]
[24-10-31 15:27:15] 375    -2700.18 [    30653.6   18453.7   64336.0    3207.2   50000.0 ]
[24-10-31 15:27:16] 376    -2690.11 [    30653.6   18453.7   64336.0    3266.0   50000.0 ]
[24-10-31 15:27:16] 377    -2688.77 [    30653.6   18453.7   64336.0    3324.7   50000.0 ]
[24-10-31 15:27:17] 378    -2688.29 [    30653.6   18453.7   64336.0    3304.8   50000.0 ]
[24-10-31 15:27:17] 379    -2688.29 [    30653.6   18453.7   64336.0    3304.2   50000.0 ]
[24-10-31 15:27:18] 380    -2688.29 [    30653.6   18453.7   64336.0    3305.3   50000.0 ]
[24-10-31 15:27:18] 381    -2688.29 [    30653.6   18453.7   64336.0    3304.8   50000.0 ]
[24-10-31 15:27:19] 383    -2688.31 [    30653.6   18453.7   64336.0    3304.8   49998.4 ]
[24-10-31 15:27:19] 384     -2688.3 [    30653.6   18453.7   64336.0    3304.8   49999.4 ]
[24-10-31 15:27:20] 386    -2688.29 [    30653.6   18453.7   64336.0    3304.8   49999.7 ]
[24-10-31 15:27:20] 388    -2688.29 [    30653.6   18453.7   64336.0    3304.8   49999.9 ]
[24-10-31 15:27:20] 390    -2688.29 [    30653.6   18453.7   64336.0    3304.8   50000.0 ]
[24-10-31 15:27:21] 392    -2688.29 [    30653.6   18453.7   64336.0    3304.8   50000.0 ]
[24-10-31 15:27:21] 394    -2688.29 [    30653.6   18453.7   64336.0    3304.8   50000.0 ]
[24-10-31 15:27:22] 396    -2688.29 [    30653.6   18453.7   64336.0    3304.8   50000.0 ]
[24-10-31 15:27:22] 398    -2688.29 [    30653.6   18453.7   64336.0    3304.8   50000.0 ]
[24-10-31 15:27:23] 400    -2688.29 [    30653.6   18453.7   64336.0    3304.8   50000.0 ]
[24-10-31 15:27:23] 402    -2688.29 [    30653.6   18453.7   64336.0    3304.8   50000.0 ]
[24-10-31 15:27:24] 404    -2688.29 [    30653.6   18453.7   64336.0    3304.8   50000.0 ]
[24-10-31 15:27:24] 406    -2688.29 [    30653.6   18453.7   64336.0    3304.8   50000.0 ]
[24-10-31 15:27:25] 408    -2688.29 [    30653.6   18453.7   64336.0    3304.8   50000.0 ]
[24-10-31 15:27:25] 410    -2688.29 [    30653.6   18453.7   64336.0    3304.8   50000.0 ]
[24-10-31 15:27:26] 412    -2688.29 [    30653.6   18453.7   64336.0    3304.8   50000.0 ]
[24-10-31 15:27:26] 414    -2688.29 [    30653.6   18453.7   64336.0    3304.8   50000.0 ]
[24-10-31 15:27:26] 416    -2688.29 [    30653.6   18453.7   64336.0    3304.8   50000.0 ]
[24-10-31 15:27:27] 417    -2688.29 [    30653.6   18453.7   64336.0    3304.8   50000.0 ]
[24-10-31 15:27:27] 419    -2688.29 [    30653.6   18453.7   64336.0    3304.8   50000.0 ]
[24-10-31 15:27:27] 421    -2688.29 [    30653.6   18453.7   64336.0    3304.8   50000.0 ]
[24-10-31 15:27:28] 422    -2688.29 [    30653.6   18453.7   64336.0    3304.8   50000.0 ]
[24-10-31 15:27:28] 423    -2688.29 [    30653.6   18453.7   64336.0    3304.8   50000.0 ]
[24-10-31 15:27:29] 424    -2688.29 [    30653.6   18453.7   64336.0    3304.8   50000.0 ]
[24-10-31 15:27:29] 425    -2688.29 [    30653.6   18453.7   64336.0    3304.8   50000.0 ]
[24-10-31 15:27:30] 426    -2688.29 [    30653.6   18453.7   64336.0    3304.8   50000.0 ]
[24-10-31 15:27:30] 428    -2688.29 [    30653.6   18453.7   64336.0    3304.8   50000.0 ]
[24-10-31 15:27:31] 429    -2688.29 [    30654.6   18453.7   64336.0    3304.8   50000.0 ]
[24-10-31 15:27:31] 430    -2688.29 [    30656.3   18453.7   64336.0    3304.8   50000.0 ]
[24-10-31 15:27:32] 431    -2688.25 [    30784.3   18453.7   64336.0    3304.8   50000.0 ]
[24-10-31 15:27:32] 432    -2688.34 [    30991.5   18453.7   64336.0    3304.8   50000.0 ]
[24-10-31 15:27:33] 433    -2688.26 [    30863.5   18453.7   64336.0    3304.8   50000.0 ]
[24-10-31 15:27:33] 434    -2688.26 [    30735.4   18453.7   64336.0    3304.8   50000.0 ]
[24-10-31 15:27:34] 435    -2688.25 [    30786.0   18453.7   64336.0    3304.8   50000.0 ]
[24-10-31 15:27:34] 436    -2688.25 [    30787.3   18453.7   64336.0    3304.8   50000.0 ]
[24-10-31 15:27:34] 437    -2688.25 [    30786.0   18453.7   64336.0    3304.8   50000.0 ]
[24-10-31 15:27:35] 438    -2688.24 [    30786.0   18454.7   64336.0    3304.8   50000.0 ]
[24-10-31 15:27:35] 439    -2688.21 [    30786.0   18456.3   64336.0    3304.8   50000.0 ]
[24-10-31 15:27:36] 440    -2686.98 [    30786.0   18629.2   64336.0    3304.8   50000.0 ]
[24-10-31 15:27:36] 441    -2689.82 [    30786.0   18908.9   64336.0    3304.8   50000.0 ]
[24-10-31 15:27:37] 442    -2687.38 [    30786.0   18736.0   64336.0    3304.8   50000.0 ]
[24-10-31 15:27:37] 443    -2687.17 [    30786.0   18563.1   64336.0    3304.8   50000.0 ]
[24-10-31 15:27:38] 444    -2686.98 [    30786.0   18634.1   64336.0    3304.8   50000.0 ]
[24-10-31 15:27:38] 445    -2686.98 [    30786.0   18632.3   64336.0    3304.8   50000.0 ]
[24-10-31 15:27:39] 446    -2686.98 [    30786.0   18635.9   64336.0    3304.8   50000.0 ]
[24-10-31 15:27:39] 447    -2686.98 [    30786.0   18634.1   64336.0    3304.8   50000.0 ]
[24-10-31 15:27:40] 448    -2686.99 [    30786.0   18634.1   64337.0    3304.8   50000.0 ]
[24-10-31 15:27:40] 449    -2686.97 [    30786.0   18634.1   64334.4    3304.8   50000.0 ]
[24-10-31 15:27:40] 450    -2685.86 [    30786.0   18634.1   64158.0    3304.8   50000.0 ]
[24-10-31 15:27:41] 451    -2683.24 [    30786.0   18634.1   63237.3    3304.8   50000.0 ]
[24-10-31 15:27:41] 452    -2690.37 [    30786.0   18634.1   61747.6    3304.8   50000.0 ]
[24-10-31 15:27:42] 453    -2684.29 [    30786.0   18634.1   62668.3    3304.8   50000.0 ]
[24-10-31 15:27:42] 454    -2683.61 [    30786.0   18634.1   63589.0    3304.8   50000.0 ]
[24-10-31 15:27:43] 455    -2683.24 [    30786.0   18634.1   63248.3    3304.8   50000.0 ]
[24-10-31 15:27:43] 456    -2683.24 [    30786.0   18634.1   63259.2    3304.8   50000.0 ]
[24-10-31 15:27:44] 457    -2683.24 [    30786.0   18634.1   63248.3    3304.8   50000.0 ]
[24-10-31 15:27:44] 458    -2683.37 [    30786.0   18634.1   63248.3    3305.8   50000.0 ]
[24-10-31 15:27:45] 459    -2683.02 [    30786.0   18634.1   63248.3    3303.1   50000.0 ]
[24-10-31 15:27:45] 460    -2679.47 [    30786.0   18634.1   63248.3    3246.8   50000.0 ]
[24-10-31 15:27:45] 461    -2690.75 [    30786.0   18634.1   63248.3    3155.5   50000.0 ]
[24-10-31 15:27:46] 462    -2681.19 [    30786.0   18634.1   63248.3    3211.9   50000.0 ]
[24-10-31 15:27:46] 463    -2679.93 [    30786.0   18634.1   63248.3    3268.3   50000.0 ]
[24-10-31 15:27:47] 464    -2679.47 [    30786.0   18634.1   63248.3    3249.1   50000.0 ]
[24-10-31 15:27:47] 465    -2679.47 [    30786.0   18634.1   63248.3    3248.5   50000.0 ]
[24-10-31 15:27:48] 466    -2679.47 [    30786.0   18634.1   63248.3    3249.6   50000.0 ]
[24-10-31 15:27:48] 467    -2679.47 [    30786.0   18634.1   63248.3    3249.1   50000.0 ]
[24-10-31 15:27:49] 469    -2679.48 [    30786.0   18634.1   63248.3    3249.1   49998.4 ]
[24-10-31 15:27:49] 470    -2679.47 [    30786.0   18634.1   63248.3    3249.1   49999.4 ]
[24-10-31 15:27:50] 472    -2679.47 [    30786.0   18634.1   63248.3    3249.1   49999.7 ]
[24-10-31 15:27:50] 474    -2679.47 [    30786.0   18634.1   63248.3    3249.1   49999.9 ]
[24-10-31 15:27:51] 476    -2679.47 [    30786.0   18634.1   63248.3    3249.1   50000.0 ]
[24-10-31 15:27:51] 478    -2679.47 [    30786.0   18634.1   63248.3    3249.1   50000.0 ]
[24-10-31 15:27:52] 480    -2679.47 [    30786.0   18634.1   63248.3    3249.1   50000.0 ]
[24-10-31 15:27:52] 482    -2679.47 [    30786.0   18634.1   63248.3    3249.1   50000.0 ]
[24-10-31 15:27:52] 484    -2679.47 [    30786.0   18634.1   63248.3    3249.1   50000.0 ]
[24-10-31 15:27:53] 486    -2679.47 [    30786.0   18634.1   63248.3    3249.1   50000.0 ]
[24-10-31 15:27:53] 488    -2679.47 [    30786.0   18634.1   63248.3    3249.1   50000.0 ]
[24-10-31 15:27:54] 490    -2679.47 [    30786.0   18634.1   63248.3    3249.1   50000.0 ]
[24-10-31 15:27:54] 492    -2679.47 [    30786.0   18634.1   63248.3    3249.1   50000.0 ]
[24-10-31 15:27:55] 494    -2679.47 [    30786.0   18634.1   63248.3    3249.1   50000.0 ]
[24-10-31 15:27:55] 496    -2679.47 [    30786.0   18634.1   63248.3    3249.1   50000.0 ]
[24-10-31 15:27:56] 498    -2679.47 [    30786.0   18634.1   63248.3    3249.1   50000.0 ]
[24-10-31 15:27:56] 500    -2679.47 [    30786.0   18634.1   63248.3    3249.1   50000.0 ]
[24-10-31 15:27:57] 502    -2679.47 [    30786.0   18634.1   63248.3    3249.1   50000.0 ]
[24-10-31 15:27:57] 504    -2679.47 [    30786.0   18634.1   63248.3    3249.1   50000.0 ]
[24-10-31 15:27:58] 506    -2679.47 [    30786.0   18634.1   63248.3    3249.1   50000.0 ]
[24-10-31 15:27:58] 507    -2679.47 [    30786.0   18634.1   63248.3    3249.1   50000.0 ]
[24-10-31 15:27:59] 509    -2679.47 [    30786.0   18634.1   63248.3    3249.1   50000.0 ]
[24-10-31 15:27:59] 510    -2679.47 [    30786.0   18634.1   63248.3    3249.1   50000.0 ]
[24-10-31 15:27:59] 511    -2679.47 [    30786.0   18634.1   63248.3    3249.1   50000.0 ]
[24-10-31 15:28:00] 512    -2679.47 [    30786.0   18634.1   63248.3    3249.1   50000.0 ]
[24-10-31 15:28:00] 513    -2679.47 [    30786.0   18634.1   63248.3    3249.1   50000.0 ]
[24-10-31 15:28:01] 514    -2679.47 [    30786.0   18634.1   63248.3    3249.1   50000.0 ]
[24-10-31 15:28:01] 515    -2679.47 [    30786.0   18634.1   63248.3    3249.1   50000.0 ]
[24-10-31 15:28:02] 516    -2679.47 [    30786.0   18634.1   63248.3    3249.1   50000.0 ]
[24-10-31 15:28:02] 517    -2679.47 [    30786.0   18634.1   63248.3    3249.1   50000.0 ]
[24-10-31 15:28:03] 518    -2679.47 [    30786.0   18634.1   63248.3    3249.1   50000.0 ]
[24-10-31 15:28:03] 519    -2679.47 [    30786.0   18634.1   63248.3    3249.1   50000.0 ]
[24-10-31 15:28:04] 520    -2679.47 [    30786.0   18634.1   63248.3    3249.1   50000.0 ]
[24-10-31 15:28:04] 521    -2679.47 [    30786.0   18634.1   63248.3    3249.1   50000.0 ]
[24-10-31 15:28:05] 522    -2670.79 [    30918.3   18814.6   62160.6    3193.4   50000.0 ]
[24-10-31 15:28:05] 523    -2679.47 [    30786.0   18634.1   63248.3    3249.1   50000.0 ]
[24-10-31 15:28:06] 524    -2670.79 [    30918.3   18814.6   62160.6    3193.4   50000.0 ]
[24-10-31 15:28:06] 525    -2657.07 [    31132.4   19106.5   60400.7    3103.3   50000.0 ]
[24-10-31 15:28:06] 531    -2662.27 [    31050.6   18995.0   61072.9    3137.7   50000.0 ]
[24-10-31 15:28:07] 532    -2659.66 [    31091.5   19050.7   60736.8    3120.5   50000.0 ]
[24-10-31 15:28:07] 533    -2653.28 [    31192.7   19188.8   59904.8    3077.9   50000.0 ]
[24-10-31 15:28:08] 535    -2654.73 [    31169.6   19157.3   60094.2    3087.6   50000.0 ]
[24-10-31 15:28:08] 537    -2653.83 [    31183.9   19176.8   59977.1    3081.6   50000.0 ]
[24-10-31 15:28:09] 538    -2652.94 [    31198.1   19196.2   59860.1    3075.6   50000.0 ]
[24-10-31 15:28:09] 539    -2652.68 [    31202.2   19201.8   59826.2    3073.9   50000.0 ]
[24-10-31 15:28:10] 540    -2652.68 [    31202.2   19201.8   59826.2    3073.9   50000.0 ]
[24-10-31 15:28:10] 541    -2652.68 [    31203.2   19201.8   59826.2    3073.9   50000.0 ]
[24-10-31 15:28:11] 542    -2652.68 [    31204.9   19201.8   59826.2    3073.9   50000.0 ]
[24-10-31 15:28:11] 543    -2652.65 [    31316.8   19201.8   59826.2    3073.9   50000.0 ]
[24-10-31 15:28:12] 544    -2652.72 [    31498.0   19201.8   59826.2    3073.9   50000.0 ]
[24-10-31 15:28:12] 545    -2652.66 [    31386.0   19201.8   59826.2    3073.9   50000.0 ]
[24-10-31 15:28:13] 546    -2652.66 [    31274.1   19201.8   59826.2    3073.9   50000.0 ]
[24-10-31 15:28:13] 547    -2652.65 [    31318.1   19201.8   59826.2    3073.9   50000.0 ]
[24-10-31 15:28:13] 548    -2652.65 [    31319.2   19201.8   59826.2    3073.9   50000.0 ]
[24-10-31 15:28:14] 549    -2652.65 [    31318.1   19201.8   59826.2    3073.9   50000.0 ]
[24-10-31 15:28:14] 550    -2652.64 [    31318.1   19202.8   59826.2    3073.9   50000.0 ]
[24-10-31 15:28:15] 551    -2652.63 [    31318.1   19204.4   59826.2    3073.9   50000.0 ]
[24-10-31 15:28:15] 552    -2651.87 [    31318.1   19345.9   59826.2    3073.9   50000.0 ]
[24-10-31 15:28:16] 553    -2653.66 [    31318.1   19574.8   59826.2    3073.9   50000.0 ]
[24-10-31 15:28:16] 554    -2652.12 [    31318.1   19433.3   59826.2    3073.9   50000.0 ]
[24-10-31 15:28:17] 555    -2651.98 [    31318.1   19291.8   59826.2    3073.9   50000.0 ]
[24-10-31 15:28:17] 556    -2651.87 [    31318.1   19349.0   59826.2    3073.9   50000.0 ]
[24-10-31 15:28:18] 557    -2651.87 [    31318.1   19350.5   59826.2    3073.9   50000.0 ]
[24-10-31 15:28:18] 558    -2651.87 [    31318.1   19347.6   59826.2    3073.9   50000.0 ]
[24-10-31 15:28:19] 559    -2651.87 [    31318.1   19349.0   59826.2    3073.9   50000.0 ]
[24-10-31 15:28:19] 560    -2651.87 [    31318.1   19349.0   59827.2    3073.9   50000.0 ]
[24-10-31 15:28:19] 561    -2651.86 [    31318.1   19349.0   59824.6    3073.9   50000.0 ]
[24-10-31 15:28:20] 562    -2650.83 [    31318.1   19349.0   59648.2    3073.9   50000.0 ]
[24-10-31 15:28:20] 563    -2648.93 [    31318.1   19349.0   58912.5    3073.9   50000.0 ]
[24-10-31 15:28:21] 564    -2654.09 [    31318.1   19349.0   57722.2    3073.9   50000.0 ]
[24-10-31 15:28:21] 565     -2649.7 [    31318.1   19349.0   58457.8    3073.9   50000.0 ]
[24-10-31 15:28:22] 566     -2649.2 [    31318.1   19349.0   59193.5    3073.9   50000.0 ]
[24-10-31 15:28:22] 567    -2648.93 [    31318.1   19349.0   58921.7    3073.9   50000.0 ]
[24-10-31 15:28:23] 568    -2648.93 [    31318.1   19349.0   58930.7    3073.9   50000.0 ]
[24-10-31 15:28:23] 569    -2648.93 [    31318.1   19349.0   58921.7    3073.9   50000.0 ]
[24-10-31 15:28:24] 571    -2648.95 [    31318.1   19349.0   58921.7    3073.9   49998.4 ]
[24-10-31 15:28:24] 572    -2648.94 [    31318.1   19349.0   58921.7    3073.9   49999.4 ]
[24-10-31 15:28:25] 574    -2648.94 [    31318.1   19349.0   58921.7    3073.9   49999.7 ]
[24-10-31 15:28:25] 576    -2648.93 [    31318.1   19349.0   58921.7    3073.9   49999.9 ]
[24-10-31 15:28:26] 578    -2648.93 [    31318.1   19349.0   58921.7    3073.9   50000.0 ]
[24-10-31 15:28:26] 580    -2648.93 [    31318.1   19349.0   58921.7    3073.9   50000.0 ]
[24-10-31 15:28:26] 582    -2648.93 [    31318.1   19349.0   58921.7    3073.9   50000.0 ]
[24-10-31 15:28:27] 584    -2648.93 [    31318.1   19349.0   58921.7    3073.9   50000.0 ]
[24-10-31 15:28:27] 586    -2648.93 [    31318.1   19349.0   58921.7    3073.9   50000.0 ]
[24-10-31 15:28:28] 588    -2648.93 [    31318.1   19349.0   58921.7    3073.9   50000.0 ]
[24-10-31 15:28:28] 590    -2648.93 [    31318.1   19349.0   58921.7    3073.9   50000.0 ]
[24-10-31 15:28:29] 592    -2648.93 [    31318.1   19349.0   58921.7    3073.9   50000.0 ]
[24-10-31 15:28:29] 594    -2648.93 [    31318.1   19349.0   58921.7    3073.9   50000.0 ]
[24-10-31 15:28:30] 596    -2648.93 [    31318.1   19349.0   58921.7    3073.9   50000.0 ]
[24-10-31 15:28:30] 598    -2648.93 [    31318.1   19349.0   58921.7    3073.9   50000.0 ]
[24-10-31 15:28:31] 600    -2648.93 [    31318.1   19349.0   58921.7    3073.9   50000.0 ]
[24-10-31 15:28:31] 602    -2648.93 [    31318.1   19349.0   58921.7    3073.9   50000.0 ]
[24-10-31 15:28:32] 604    -2648.93 [    31318.1   19349.0   58921.7    3073.9   50000.0 ]
[24-10-31 15:28:32] 606    -2648.93 [    31318.1   19349.0   58921.7    3073.9   50000.0 ]
[24-10-31 15:28:33] 608    -2648.93 [    31318.1   19349.0   58921.7    3073.9   50000.0 ]
[24-10-31 15:28:33] 610    -2648.93 [    31318.1   19349.0   58921.7    3073.9   50000.0 ]
[24-10-31 15:28:33] 612    -2648.93 [    31318.1   19349.0   58921.7    3073.9   50000.0 ]
[24-10-31 15:28:34] 614    -2648.93 [    31318.1   19349.0   58921.7    3073.9   50000.0 ]
[24-10-31 15:28:34] 615    -2648.93 [    31318.1   19349.0   58921.7    3073.9   50000.0 ]
[24-10-31 15:28:35] 616    -2648.93 [    31318.1   19349.0   58921.7    3073.9   50000.0 ]
[24-10-31 15:28:35] 617    -2648.93 [    31318.1   19349.0   58921.7    3073.9   50000.0 ]
[24-10-31 15:28:36] 618    -2648.93 [    31318.1   19349.0   58921.7    3073.9   50000.0 ]
[24-10-31 15:28:36] 619    -2648.93 [    31318.1   19349.0   58921.7    3073.9   50000.0 ]
[24-10-31 15:28:37] 620    -2648.93 [    31318.1   19349.0   58921.7    3073.9   50000.0 ]
[24-10-31 15:28:37] 621    -2648.93 [    31318.1   19349.0   58921.7    3073.9   50000.0 ]
[24-10-31 15:28:38] 622    -2648.93 [    31318.1   19349.0   58921.7    3073.9   50000.0 ]
[24-10-31 15:28:38] 623    -2648.93 [    31318.1   19349.0   58921.7    3073.9   50000.0 ]
[24-10-31 15:28:38] 625    -2691.84 [    30644.5   18430.5   64458.8    3357.4   50000.0 ]
[24-10-31 15:28:39] 626    -2664.83 [    31060.8   18998.2   61036.7    3182.2   50000.0 ]
[24-10-31 15:28:39] 628     -2656.8 [    31189.4   19173.6   59979.2    3128.0   50000.0 ]
[24-10-31 15:28:40] 629    -2645.27 [    31378.8   19431.9   58422.4    3048.3   50000.0 ]
[24-10-31 15:28:40] 631    -2646.67 [    31355.6   19400.2   58613.1    3058.1   50000.0 ]
[24-10-31 15:28:41] 633    -2645.81 [    31369.9   19419.8   58495.2    3052.1   50000.0 ]
[24-10-31 15:28:41] 634    -2644.95 [    31384.3   19439.3   58377.4    3046.0   50000.0 ]
[24-10-31 15:28:42] 635    -2644.74 [    31387.7   19444.0   58349.5    3044.6   50000.0 ]
[24-10-31 15:28:42] 637    -2644.82 [    31386.4   19442.2   58360.2    3045.1   50000.0 ]
[24-10-31 15:28:42] 638     -2644.7 [    31388.5   19445.0   58343.0    3044.3   50000.0 ]
[24-10-31 15:28:43] 640     -2644.7 [    31388.5   19445.0   58343.0    3044.3   50000.0 ]
[24-10-31 15:28:43] 641    -2644.69 [    31389.5   19445.0   58343.0    3044.3   50000.0 ]
[24-10-31 15:28:44] 642    -2644.69 [    31391.1   19445.0   58343.0    3044.3   50000.0 ]
[24-10-31 15:28:44] 643    -2644.69 [    31441.5   19445.0   58343.0    3044.3   50000.0 ]
[24-10-31 15:28:45] 644     -2644.7 [    31523.1   19445.0   58343.0    3044.3   50000.0 ]
[24-10-31 15:28:45] 645    -2644.69 [    31472.7   19445.0   58343.0    3044.3   50000.0 ]
[24-10-31 15:28:46] 646    -2644.69 [    31422.3   19445.0   58343.0    3044.3   50000.0 ]
[24-10-31 15:28:46] 647    -2644.69 [    31442.1   19445.0   58343.0    3044.3   50000.0 ]
[24-10-31 15:28:46] 648    -2644.69 [    31441.0   19445.0   58343.0    3044.3   50000.0 ]
[24-10-31 15:28:47] 649    -2644.69 [    31441.5   19445.0   58343.0    3044.3   50000.0 ]
[24-10-31 15:28:47] 650    -2644.69 [    31441.5   19446.0   58343.0    3044.3   50000.0 ]
[24-10-31 15:28:47] 651    -2644.68 [    31441.5   19447.7   58343.0    3044.3   50000.0 ]
[24-10-31 15:28:47] 652    -2644.57 [    31441.5   19503.2   58343.0    3044.3   50000.0 ]
[24-10-31 15:28:48] 653    -2644.85 [    31441.5   19593.0   58343.0    3044.3   50000.0 ]
[24-10-31 15:28:48] 654    -2644.61 [    31441.5   19537.5   58343.0    3044.3   50000.0 ]
[24-10-31 15:28:48] 655    -2644.58 [    31441.5   19482.0   58343.0    3044.3   50000.0 ]
[24-10-31 15:28:49] 656    -2644.57 [    31441.5   19503.8   58343.0    3044.3   50000.0 ]
[24-10-31 15:28:49] 657    -2644.57 [    31441.5   19504.4   58343.0    3044.3   50000.0 ]
[24-10-31 15:28:49] 658    -2644.57 [    31441.5   19503.8   58343.0    3044.3   50000.0 ]
[24-10-31 15:28:50] 659    -2644.57 [    31441.5   19503.8   58344.0    3044.3   50000.0 ]
[24-10-31 15:28:50] 660    -2644.57 [    31441.5   19503.8   58341.4    3044.3   50000.0 ]
[24-10-31 15:28:50] 661    -2644.57 [    31441.5   19503.8   58331.9    3044.3   50000.0 ]
[24-10-31 15:28:51] 662    -2644.57 [    31441.5   19503.8   58316.6    3044.3   50000.0 ]
[24-10-31 15:28:51] 663    -2644.57 [    31441.5   19503.8   58326.1    3044.3   50000.0 ]
[24-10-31 15:28:51] 664    -2644.57 [    31441.5   19503.8   58335.5    3044.3   50000.0 ]
[24-10-31 15:28:51] 665    -2644.57 [    31441.5   19503.8   58332.0    3044.3   50000.0 ]
[24-10-31 15:28:52] 666    -2644.57 [    31441.5   19503.8   58331.8    3044.3   50000.0 ]
[24-10-31 15:28:52] 667    -2644.57 [    31441.5   19503.8   58331.9    3044.3   50000.0 ]
[24-10-31 15:28:52] 669    -2644.58 [    31441.5   19503.8   58331.9    3044.3   49998.4 ]
[24-10-31 15:28:53] 670    -2644.57 [    31441.5   19503.8   58331.9    3044.3   49999.4 ]
[24-10-31 15:28:53] 672    -2644.57 [    31441.5   19503.8   58331.9    3044.3   49999.7 ]
[24-10-31 15:28:53] 674    -2644.57 [    31441.5   19503.8   58331.9    3044.3   49999.9 ]
[24-10-31 15:28:54] 676    -2644.57 [    31441.5   19503.8   58331.9    3044.3   50000.0 ]
[24-10-31 15:28:54] 678    -2644.57 [    31441.5   19503.8   58331.9    3044.3   50000.0 ]
[24-10-31 15:28:54] 680    -2644.57 [    31441.5   19503.8   58331.9    3044.3   50000.0 ]
[24-10-31 15:28:54] 682    -2644.57 [    31441.5   19503.8   58331.9    3044.3   50000.0 ]
[24-10-31 15:28:55] 684    -2644.57 [    31441.5   19503.8   58331.9    3044.3   50000.0 ]
[24-10-31 15:28:55] 686    -2644.57 [    31441.5   19503.8   58331.9    3044.3   50000.0 ]
[24-10-31 15:28:55] 688    -2644.57 [    31441.5   19503.8   58331.9    3044.3   50000.0 ]
[24-10-31 15:28:56] 690    -2644.57 [    31441.5   19503.8   58331.9    3044.3   50000.0 ]
[24-10-31 15:28:56] 692    -2644.57 [    31441.5   19503.8   58331.9    3044.3   50000.0 ]
[24-10-31 15:28:56] 694    -2644.57 [    31441.5   19503.8   58331.9    3044.3   50000.0 ]
[24-10-31 15:28:57] 696    -2644.57 [    31441.5   19503.8   58331.9    3044.3   50000.0 ]
[24-10-31 15:28:57] 698    -2644.57 [    31441.5   19503.8   58331.9    3044.3   50000.0 ]
[24-10-31 15:28:57] 700    -2644.57 [    31441.5   19503.8   58331.9    3044.3   50000.0 ]
[24-10-31 15:28:57] 702    -2644.57 [    31441.5   19503.8   58331.9    3044.3   50000.0 ]
[24-10-31 15:28:58] 704    -2644.57 [    31441.5   19503.8   58331.9    3044.3   50000.0 ]
[24-10-31 15:28:58] 706    -2644.57 [    31441.5   19503.8   58331.9    3044.3   50000.0 ]
[24-10-31 15:28:58] 708    -2644.57 [    31441.5   19503.8   58331.9    3044.3   50000.0 ]
[24-10-31 15:28:59] 710    -2644.57 [    31441.5   19503.8   58331.9    3044.3   50000.0 ]
[24-10-31 15:28:59] 711    -2644.57 [    31441.5   19503.8   58331.9    3044.3   50000.0 ]
[24-10-31 15:28:59] 712    -2644.57 [    31441.5   19503.8   58331.9    3044.3   50000.0 ]
[24-10-31 15:29:00] 713    -2644.57 [    31441.5   19503.8   58331.9    3044.3   50000.0 ]
[24-10-31 15:29:00] 714    -2644.57 [    31441.5   19503.8   58331.9    3044.3   50000.0 ]
[24-10-31 15:29:00] 715    -2644.57 [    31441.5   19503.8   58331.9    3044.3   50000.0 ]
[24-10-31 15:29:01] 716    -2644.57 [    31441.5   19503.8   58331.9    3044.3   50000.0 ]
[24-10-31 15:29:01] 717    -2644.57 [    31441.5   19503.8   58331.9    3044.3   50000.0 ]
[24-10-31 15:29:01] 718    -2644.57 [    31441.5   19503.8   58331.9    3044.3   50000.0 ]
[24-10-31 15:29:01] 719    -2644.57 [    31441.5   19503.8   58331.9    3044.3   50000.0 ]
[24-10-31 15:29:02] 720    -2644.57 [    31441.5   19503.8   58331.9    3044.3   50000.0 ]
[24-10-31 15:29:02] 722    -2686.78 [    30767.9   18585.2   63869.0    3327.7   50000.0 ]
[24-10-31 15:29:02] 723    -2660.19 [    31184.2   19152.9   60446.9    3152.5   50000.0 ]
[24-10-31 15:29:03] 725     -2652.3 [    31312.9   19328.3   59389.4    3098.4   50000.0 ]
[24-10-31 15:29:03] 726    -2640.97 [    31502.3   19586.6   57832.6    3018.7   50000.0 ]
[24-10-31 15:29:03] 727    -2638.77 [    31539.8   19637.8   57524.1    3002.9   50000.0 ]
[24-10-31 15:29:04] 729    -2639.61 [    31525.5   19618.2   57641.9    3008.9   50000.0 ]
[24-10-31 15:29:04] 730    -2638.25 [    31548.7   19649.9   57451.2    2999.2   50000.0 ]
[24-10-31 15:29:04] 732    -2638.45 [    31545.3   19645.3   57479.0    3000.6   50000.0 ]
[24-10-31 15:29:05] 733    -2638.13 [    31550.8   19652.7   57434.0    2998.3   50000.0 ]
[24-10-31 15:29:05] 734    -2638.05 [    31552.0   19654.5   57423.4    2997.7   50000.0 ]
[24-10-31 15:29:05] 735    -2631.81 [    31715.6   19863.9   56503.8    2951.2   50000.0 ]
[24-10-31 15:29:05] 736    -2638.05 [    31552.0   19654.5   57423.4    2997.7   50000.0 ]
[24-10-31 15:29:06] 737    -2631.81 [    31715.6   19863.9   56503.8    2951.2   50000.0 ]
[24-10-31 15:29:06] 738    -2622.56 [    31980.3   20202.8   55015.9    2876.0   50000.0 ]
[24-10-31 15:29:06] 739    -2583.21 [    34206.9   23053.5   42499.4    2242.9   50000.0 ]
[24-10-31 15:29:07] 742    -2590.25 [    33356.4   21964.6   47280.3    2484.7   50000.0 ]
[24-10-31 15:29:07] 743    -2585.48 [    33781.6   22509.1   44889.8    2363.8   50000.0 ]
[24-10-31 15:29:07] 744    -2583.03 [    34377.8   23272.4   41538.5    2194.3   50000.0 ]
[24-10-31 15:29:08] 745    -2583.03 [    34349.6   23236.2   41697.3    2202.4   50000.0 ]
[24-10-31 15:29:08] 746    -2583.04 [    34321.6   23200.4   41854.6    2210.3   50000.0 ]
[24-10-31 15:29:08] 747    -2583.03 [    34349.6   23236.2   41697.3    2202.4   50000.0 ]
[24-10-31 15:29:08] 748    -2583.03 [    34350.6   23236.2   41697.3    2202.4   50000.0 ]
[24-10-31 15:29:09] 749    -2583.02 [    34352.2   23236.2   41697.3    2202.4   50000.0 ]
[24-10-31 15:29:09] 750    -2582.54 [    34528.6   23236.2   41697.3    2202.4   50000.0 ]
[24-10-31 15:29:09] 751    -2581.45 [    35358.4   23236.2   41697.3    2202.4   50000.0 ]
[24-10-31 15:29:10] 752    -2583.34 [    36701.1   23236.2   41697.3    2202.4   50000.0 ]
[24-10-31 15:29:10] 753    -2581.68 [    35871.3   23236.2   41697.3    2202.4   50000.0 ]
[24-10-31 15:29:10] 754    -2581.64 [    35041.4   23236.2   41697.3    2202.4   50000.0 ]
[24-10-31 15:29:11] 755    -2581.44 [    35441.2   23236.2   41697.3    2202.4   50000.0 ]
[24-10-31 15:29:11] 756    -2581.44 [    35430.3   23236.2   41697.3    2202.4   50000.0 ]
[24-10-31 15:29:11] 757    -2581.44 [    35452.2   23236.2   41697.3    2202.4   50000.0 ]
[24-10-31 15:29:12] 758    -2581.44 [    35441.2   23236.2   41697.3    2202.4   50000.0 ]
[24-10-31 15:29:12] 759    -2581.49 [    35441.2   23237.2   41697.3    2202.4   50000.0 ]
[24-10-31 15:29:12] 760    -2581.36 [    35441.2   23234.6   41697.3    2202.4   50000.0 ]
[24-10-31 15:29:12] 761    -2573.16 [    35441.2   23058.2   41697.3    2202.4   50000.0 ]
[24-10-31 15:29:13] 762    -2555.05 [    35441.2   22094.2   41697.3    2202.4   50000.0 ]
[24-10-31 15:29:13] 763    -2645.64 [    35441.2   20534.5   41697.3    2202.4   50000.0 ]
[24-10-31 15:29:13] 764    -2569.89 [    35441.2   21498.5   41697.3    2202.4   50000.0 ]
[24-10-31 15:29:14] 765     -2556.3 [    35441.2   22462.4   41697.3    2202.4   50000.0 ]
[24-10-31 15:29:14] 766    -2554.63 [    35441.2   22220.7   41697.3    2202.4   50000.0 ]
[24-10-31 15:29:14] 767    -2554.63 [    35441.2   22210.5   41697.3    2202.4   50000.0 ]
[24-10-31 15:29:15] 768    -2554.64 [    35441.2   22230.8   41697.3    2202.4   50000.0 ]
[24-10-31 15:29:15] 769    -2554.63 [    35441.2   22220.7   41697.3    2202.4   50000.0 ]
[24-10-31 15:29:15] 770    -2554.62 [    35441.2   22220.7   41698.3    2202.4   50000.0 ]
[24-10-31 15:29:16] 771     -2554.6 [    35441.2   22220.7   41699.9    2202.4   50000.0 ]
[24-10-31 15:29:16] 772    -2552.36 [    35441.2   22220.7   41876.3    2202.4   50000.0 ]
[24-10-31 15:29:16] 773     -2547.6 [    35441.2   22220.7   42698.3    2202.4   50000.0 ]
[24-10-31 15:29:16] 774     -2559.2 [    35441.2   22220.7   44028.4    2202.4   50000.0 ]
[24-10-31 15:29:17] 775    -2549.25 [    35441.2   22220.7   43206.4    2202.4   50000.0 ]
[24-10-31 15:29:17] 776    -2548.33 [    35441.2   22220.7   42384.3    2202.4   50000.0 ]
[24-10-31 15:29:17] 777     -2547.6 [    35441.2   22220.7   42712.2    2202.4   50000.0 ]
[24-10-31 15:29:18] 778     -2547.6 [    35441.2   22220.7   42722.3    2202.4   50000.0 ]
[24-10-31 15:29:18] 779     -2547.6 [    35441.2   22220.7   42712.2    2202.4   50000.0 ]
[24-10-31 15:29:18] 781    -2547.61 [    35441.2   22220.7   42712.2    2202.4   49998.4 ]
[24-10-31 15:29:19] 782     -2547.6 [    35441.2   22220.7   42712.2    2202.4   49999.4 ]
[24-10-31 15:29:19] 784     -2547.6 [    35441.2   22220.7   42712.2    2202.4   49999.7 ]
[24-10-31 15:29:19] 786     -2547.6 [    35441.2   22220.7   42712.2    2202.4   49999.9 ]
[24-10-31 15:29:19] 788     -2547.6 [    35441.2   22220.7   42712.2    2202.4   50000.0 ]
[24-10-31 15:29:20] 790     -2547.6 [    35441.2   22220.7   42712.2    2202.4   50000.0 ]
[24-10-31 15:29:20] 792     -2547.6 [    35441.2   22220.7   42712.2    2202.4   50000.0 ]
[24-10-31 15:29:20] 794     -2547.6 [    35441.2   22220.7   42712.2    2202.4   50000.0 ]
[24-10-31 15:29:21] 796     -2547.6 [    35441.2   22220.7   42712.2    2202.4   50000.0 ]
[24-10-31 15:29:21] 798     -2547.6 [    35441.2   22220.7   42712.2    2202.4   50000.0 ]
[24-10-31 15:29:21] 800     -2547.6 [    35441.2   22220.7   42712.2    2202.4   50000.0 ]
[24-10-31 15:29:22] 802     -2547.6 [    35441.2   22220.7   42712.2    2202.4   50000.0 ]
[24-10-31 15:29:22] 804     -2547.6 [    35441.2   22220.7   42712.2    2202.4   50000.0 ]
[24-10-31 15:29:22] 806     -2547.6 [    35441.2   22220.7   42712.2    2202.4   50000.0 ]
[24-10-31 15:29:22] 808     -2547.6 [    35441.2   22220.7   42712.2    2202.4   50000.0 ]
[24-10-31 15:29:23] 810     -2547.6 [    35441.2   22220.7   42712.2    2202.4   50000.0 ]
[24-10-31 15:29:23] 812     -2547.6 [    35441.2   22220.7   42712.2    2202.4   50000.0 ]
[24-10-31 15:29:23] 814     -2547.6 [    35441.2   22220.7   42712.2    2202.4   50000.0 ]
[24-10-31 15:29:24] 816     -2547.6 [    35441.2   22220.7   42712.2    2202.4   50000.0 ]
[24-10-31 15:29:24] 818     -2547.6 [    35441.2   22220.7   42712.2    2202.4   50000.0 ]
[24-10-31 15:29:24] 820     -2547.6 [    35441.2   22220.7   42712.2    2202.4   50000.0 ]
[24-10-31 15:29:25] 821     -2547.6 [    35441.2   22220.7   42712.2    2202.4   50000.0 ]
[24-10-31 15:29:25] 822     -2547.6 [    35441.2   22220.7   42712.2    2202.4   50000.0 ]
[24-10-31 15:29:25] 823     -2547.6 [    35441.2   22220.7   42712.2    2202.4   50000.0 ]
[24-10-31 15:29:25] 824     -2547.6 [    35441.2   22220.7   42712.2    2202.4   50000.0 ]
[24-10-31 15:29:26] 825     -2547.6 [    35441.2   22220.7   42712.2    2202.4   50000.0 ]
[24-10-31 15:29:26] 826     -2547.6 [    35441.2   22220.7   42712.2    2202.4   50000.0 ]
[24-10-31 15:29:26] 827     -2547.6 [    35441.2   22220.7   42712.2    2202.4   50000.0 ]
[24-10-31 15:29:27] 828     -2547.6 [    35441.2   22220.7   42712.2    2202.4   50000.0 ]
[24-10-31 15:29:27] 829     -2547.6 [    35441.2   22220.7   42712.2    2202.4   50000.0 ]
[24-10-31 15:29:27] 830     -2547.6 [    35441.2   22220.7   42712.2    2202.4   50000.0 ]
[24-10-31 15:29:28] 831     -2547.6 [    35441.2   22220.7   42712.2    2202.4   50000.0 ]
[24-10-31 15:29:28] 833    -2852.37 [    30914.8   16425.3   68157.5    3489.3   50000.0 ]
[24-10-31 15:29:28] 834    -2616.23 [    33712.3   20007.0   52431.4    2693.9   50000.0 ]
[24-10-31 15:29:28] 836    -2576.09 [    34576.8   21113.9   47571.8    2448.2   50000.0 ]
[24-10-31 15:29:29] 837    -2537.94 [    35849.4   22743.2   40417.8    2086.3   50000.0 ]
[24-10-31 15:29:29] 839    -2541.35 [    35693.5   22543.6   41294.2    2130.6   50000.0 ]
[24-10-31 15:29:29] 841     -2539.2 [    35789.9   22667.0   40752.5    2103.2   50000.0 ]
[24-10-31 15:29:30] 842    -2537.19 [    35886.2   22790.3   40210.9    2075.9   50000.0 ]
[24-10-31 15:29:30] 843    -2536.73 [    35908.9   22819.5   40083.0    2069.4   50000.0 ]
[24-10-31 15:29:30] 844    -2536.46 [    35923.0   22837.5   40004.0    2065.4   50000.0 ]
[24-10-31 15:29:30] 846    -2536.56 [    35917.6   22830.6   40034.2    2066.9   50000.0 ]
[24-10-31 15:29:31] 848    -2536.46 [    35923.0   22837.5   40004.0    2065.4   50000.0 ]
[24-10-31 15:29:31] 849    -2536.46 [    35924.0   22837.5   40004.0    2065.4   50000.0 ]
[24-10-31 15:29:31] 850    -2536.45 [    35921.4   22837.5   40004.0    2065.4   50000.0 ]
[24-10-31 15:29:32] 851    -2535.85 [    35745.0   22837.5   40004.0    2065.4   50000.0 ]
[24-10-31 15:29:32] 852    -2533.77 [    34308.1   22837.5   40004.0    2065.4   50000.0 ]
[24-10-31 15:29:32] 853    -2543.76 [    31983.1   22837.5   40004.0    2065.4   50000.0 ]
[24-10-31 15:29:32] 854    -2535.39 [    33420.0   22837.5   40004.0    2065.4   50000.0 ]
[24-10-31 15:29:33] 855    -2533.93 [    34857.0   22837.5   40004.0    2065.4   50000.0 ]
[24-10-31 15:29:33] 856    -2533.73 [    34483.2   22837.5   40004.0    2065.4   50000.0 ]
[24-10-31 15:29:33] 857    -2533.73 [    34468.8   22837.5   40004.0    2065.4   50000.0 ]
[24-10-31 15:29:33] 858    -2533.73 [    34454.2   22837.5   40004.0    2065.4   50000.0 ]
[24-10-31 15:29:34] 859    -2533.73 [    34468.8   22837.5   40004.0    2065.4   50000.0 ]
[24-10-31 15:29:34] 860    -2533.75 [    34468.8   22838.5   40004.0    2065.4   50000.0 ]
[24-10-31 15:29:34] 861     -2533.7 [    34468.8   22835.8   40004.0    2065.4   50000.0 ]
[24-10-31 15:29:34] 862    -2531.25 [    34468.8   22659.5   40004.0    2065.4   50000.0 ]
[24-10-31 15:29:35] 863    -2530.43 [    34468.8   22474.8   40004.0    2065.4   50000.0 ]
[24-10-31 15:29:35] 864     -2533.1 [    34468.8   22176.1   40004.0    2065.4   50000.0 ]
[24-10-31 15:29:35] 865    -2530.86 [    34468.8   22360.7   40004.0    2065.4   50000.0 ]
[24-10-31 15:29:35] 866    -2530.53 [    34468.8   22545.4   40004.0    2065.4   50000.0 ]
[24-10-31 15:29:36] 867    -2530.43 [    34468.8   22485.2   40004.0    2065.4   50000.0 ]
[24-10-31 15:29:36] 868    -2530.43 [    34468.8   22481.7   40004.0    2065.4   50000.0 ]
[24-10-31 15:29:36] 869    -2530.43 [    34468.8   22488.8   40004.0    2065.4   50000.0 ]
[24-10-31 15:29:37] 870    -2530.43 [    34468.8   22485.2   40004.0    2065.4   50000.0 ]
[24-10-31 15:29:37] 871    -2530.43 [    34468.8   22485.2   40005.0    2065.4   50000.0 ]
[24-10-31 15:29:37] 872    -2530.43 [    34468.8   22485.2   40006.6    2065.4   50000.0 ]
[24-10-31 15:29:37] 873    -2530.39 [    34468.8   22485.2   40077.3    2065.4   50000.0 ]
[24-10-31 15:29:38] 874    -2530.49 [    34468.8   22485.2   40191.6    2065.4   50000.0 ]
[24-10-31 15:29:38] 875    -2530.41 [    34468.8   22485.2   40120.9    2065.4   50000.0 ]
[24-10-31 15:29:38] 876     -2530.4 [    34468.8   22485.2   40050.3    2065.4   50000.0 ]
[24-10-31 15:29:39] 877    -2530.39 [    34468.8   22485.2   40078.0    2065.4   50000.0 ]
[24-10-31 15:29:39] 878    -2530.39 [    34468.8   22485.2   40076.5    2065.4   50000.0 ]
[24-10-31 15:29:39] 879    -2530.39 [    34468.8   22485.2   40077.3    2065.4   50000.0 ]
[24-10-31 15:29:40] 881     -2530.4 [    34468.8   22485.2   40077.3    2065.4   49998.4 ]
[24-10-31 15:29:40] 882    -2530.39 [    34468.8   22485.2   40077.3    2065.4   49999.4 ]
[24-10-31 15:29:40] 884    -2530.39 [    34468.8   22485.2   40077.3    2065.4   49999.7 ]
[24-10-31 15:29:41] 886    -2530.39 [    34468.8   22485.2   40077.3    2065.4   49999.9 ]
[24-10-31 15:29:41] 888    -2530.39 [    34468.8   22485.2   40077.3    2065.4   50000.0 ]
[24-10-31 15:29:41] 890    -2530.39 [    34468.8   22485.2   40077.3    2065.4   50000.0 ]
[24-10-31 15:29:42] 892    -2530.39 [    34468.8   22485.2   40077.3    2065.4   50000.0 ]
[24-10-31 15:29:42] 894    -2530.39 [    34468.8   22485.2   40077.3    2065.4   50000.0 ]
[24-10-31 15:29:42] 896    -2530.39 [    34468.8   22485.2   40077.3    2065.4   50000.0 ]
[24-10-31 15:29:43] 898    -2530.39 [    34468.8   22485.2   40077.3    2065.4   50000.0 ]
[24-10-31 15:29:43] 900    -2530.39 [    34468.8   22485.2   40077.3    2065.4   50000.0 ]
[24-10-31 15:29:43] 902    -2530.39 [    34468.8   22485.2   40077.3    2065.4   50000.0 ]
[24-10-31 15:29:44] 904    -2530.39 [    34468.8   22485.2   40077.3    2065.4   50000.0 ]
[24-10-31 15:29:44] 906    -2530.39 [    34468.8   22485.2   40077.3    2065.4   50000.0 ]
[24-10-31 15:29:44] 908    -2530.39 [    34468.8   22485.2   40077.3    2065.4   50000.0 ]
[24-10-31 15:29:45] 910    -2530.39 [    34468.8   22485.2   40077.3    2065.4   50000.0 ]
[24-10-31 15:29:45] 912    -2530.39 [    34468.8   22485.2   40077.3    2065.4   50000.0 ]
[24-10-31 15:29:45] 914    -2530.39 [    34468.8   22485.2   40077.3    2065.4   50000.0 ]
[24-10-31 15:29:46] 916    -2530.39 [    34468.8   22485.2   40077.3    2065.4   50000.0 ]
[24-10-31 15:29:46] 918    -2530.39 [    34468.8   22485.2   40077.3    2065.4   50000.0 ]
[24-10-31 15:29:46] 920    -2530.39 [    34468.8   22485.2   40077.3    2065.4   50000.0 ]
[24-10-31 15:29:47] 921    -2530.39 [    34468.8   22485.2   40077.3    2065.4   50000.0 ]
[24-10-31 15:29:47] 922    -2530.39 [    34468.8   22485.2   40077.3    2065.4   50000.0 ]
[24-10-31 15:29:47] 923    -2530.39 [    34468.8   22485.2   40077.3    2065.4   50000.0 ]
[24-10-31 15:29:48] 924    -2530.39 [    34468.8   22485.2   40077.3    2065.4   50000.0 ]
[24-10-31 15:29:48] 925    -2530.39 [    34468.8   22485.2   40077.3    2065.4   50000.0 ]
[24-10-31 15:29:48] 926    -2530.39 [    34468.8   22485.2   40077.3    2065.4   50000.0 ]
[24-10-31 15:29:49] 927    -2530.39 [    34468.8   22485.2   40077.3    2065.4   50000.0 ]
[24-10-31 15:29:49] 928    -2530.39 [    34468.8   22485.2   40077.3    2065.4   50000.0 ]
[24-10-31 15:29:49] 929    -2530.39 [    34468.8   22485.2   40077.3    2065.4   50000.0 ]
[24-10-31 15:29:50] 930    -2530.39 [    34468.8   22485.2   40077.3    2065.4   50000.0 ]
[24-10-31 15:29:50] 932    -2835.24 [    29942.3   16689.9   65522.6    3352.4   50000.0 ]
[24-10-31 15:29:50] 933    -2597.96 [    32739.8   20271.6   49796.5    2557.0   50000.0 ]
[24-10-31 15:29:51] 935    -2558.14 [    33604.3   21378.4   44936.9    2311.2   50000.0 ]
[24-10-31 15:29:51] 937    -2539.62 [    34138.6   22062.5   41933.5    2159.3   50000.0 ]
[24-10-31 15:29:51] 939    -2533.72 [    34342.6   22323.8   40786.3    2101.2   50000.0 ]
[24-10-31 15:29:52] 941    -2531.63 [    34420.6   22423.6   40348.1    2079.1   50000.0 ]
[24-10-31 15:29:52] 943    -2530.86 [    34450.4   22461.7   40180.7    2070.6   50000.0 ]
[24-10-31 15:29:52] 944    -2530.17 [    34477.5   22496.4   40028.4    2062.9   50000.0 ]
[24-10-31 15:29:53] 946    -2530.25 [    34474.1   22492.1   40047.1    2063.9   50000.0 ]
[24-10-31 15:29:53] 947    -2530.12 [    34479.5   22499.0   40016.9    2062.3   50000.0 ]
[24-10-31 15:29:53] 948    -2530.09 [    34480.8   22500.6   40009.8    2062.0   50000.0 ]
[24-10-31 15:29:53] 949    -2530.07 [    34481.6   22501.6   40005.4    2061.8   50000.0 ]
[24-10-31 15:29:53] 950    -2530.05 [    34482.0   22502.2   40002.7    2061.6   50000.0 ]
[24-10-31 15:29:54] 951    -2530.05 [    34482.3   22502.6   40001.0    2061.5   50000.0 ]
[24-10-31 15:29:54] 953    -2530.05 [    34482.2   22502.5   40001.7    2061.6   50000.0 ]
[24-10-31 15:29:54] 955    -2530.05 [    34482.3   22502.6   40001.0    2061.5   50000.0 ]
[24-10-31 15:29:54] 956    -2530.05 [    34483.3   22502.6   40001.0    2061.5   50000.0 ]
[24-10-31 15:29:55] 957    -2530.04 [    34480.7   22502.6   40001.0    2061.5   50000.0 ]
[24-10-31 15:29:55] 958    -2529.77 [    34304.4   22502.6   40001.0    2061.5   50000.0 ]
[24-10-31 15:29:55] 959    -2529.48 [    33830.7   22502.6   40001.0    2061.5   50000.0 ]
[24-10-31 15:29:55] 960    -2530.47 [    33064.4   22502.6   40001.0    2061.5   50000.0 ]
[24-10-31 15:29:55] 961    -2529.64 [    33538.0   22502.6   40001.0    2061.5   50000.0 ]
[24-10-31 15:29:56] 962    -2529.51 [    34011.6   22502.6   40001.0    2061.5   50000.0 ]
[24-10-31 15:29:56] 963    -2529.48 [    33858.7   22502.6   40001.0    2061.5   50000.0 ]
[24-10-31 15:29:56] 964    -2529.48 [    33852.4   22502.6   40001.0    2061.5   50000.0 ]
[24-10-31 15:29:56] 965    -2529.48 [    33864.9   22502.6   40001.0    2061.5   50000.0 ]
[24-10-31 15:29:57] 966    -2529.48 [    33858.7   22502.6   40001.0    2061.5   50000.0 ]
[24-10-31 15:29:57] 967    -2529.48 [    33858.7   22503.6   40001.0    2061.5   50000.0 ]
[24-10-31 15:29:57] 968    -2529.47 [    33858.7   22501.0   40001.0    2061.5   50000.0 ]
[24-10-31 15:29:57] 969    -2529.35 [    33858.7   22433.2   40001.0    2061.5   50000.0 ]
[24-10-31 15:29:57] 970    -2529.69 [    33858.7   22323.4   40001.0    2061.5   50000.0 ]
[24-10-31 15:29:58] 971     -2529.4 [    33858.7   22391.2   40001.0    2061.5   50000.0 ]
[24-10-31 15:29:58] 972    -2529.37 [    33858.7   22459.1   40001.0    2061.5   50000.0 ]
[24-10-31 15:29:58] 973    -2529.35 [    33858.7   22433.8   40001.0    2061.5   50000.0 ]
[24-10-31 15:29:58] 974    -2529.35 [    33858.7   22434.5   40001.0    2061.5   50000.0 ]
[24-10-31 15:29:59] 975    -2529.35 [    33858.7   22433.8   40001.0    2061.5   50000.0 ]
[24-10-31 15:29:59] 976    -2529.35 [    33858.7   22433.8   40002.0    2061.5   50000.0 ]
[24-10-31 15:29:59] 978    -2529.35 [    33858.7   22433.8   40000.4    2061.5   50000.0 ]
[24-10-31 15:29:59] 980    -2529.35 [    33858.7   22433.8   40000.7    2061.5   50000.0 ]
[24-10-31 15:29:59] 981    -2529.35 [    33858.7   22433.8   40000.2    2061.5   50000.0 ]
[24-10-31 15:30:00] 982    -2529.35 [    33858.7   22433.8   40000.1    2061.5   50000.0 ]
[24-10-31 15:30:00] 983    -2529.35 [    33858.7   22433.8   40000.1    2061.5   50000.0 ]
[24-10-31 15:30:00] 984    -2529.35 [    33858.7   22433.8   40000.0    2061.5   50000.0 ]
[24-10-31 15:30:00] 985    -2529.35 [    33858.7   22433.8   40000.0    2061.5   50000.0 ]
[24-10-31 15:30:01] 987    -2529.35 [    33858.7   22433.8   40000.0    2061.5   50000.0 ]
[24-10-31 15:30:01] 988    -2529.35 [    33858.7   22433.8   40000.0    2061.5   50000.0 ]
[24-10-31 15:30:01] 990    -2529.36 [    33858.7   22433.8   40000.0    2061.5   49998.4 ]
[24-10-31 15:30:01] 991    -2529.35 [    33858.7   22433.8   40000.0    2061.5   49999.4 ]
[24-10-31 15:30:02] 993    -2529.35 [    33858.7   22433.8   40000.0    2061.5   49999.7 ]
[24-10-31 15:30:02] 995    -2529.35 [    33858.7   22433.8   40000.0    2061.5   49999.9 ]
[24-10-31 15:30:02] 997    -2529.35 [    33858.7   22433.8   40000.0    2061.5   50000.0 ]
[24-10-31 15:30:03] 999    -2529.35 [    33858.7   22433.8   40000.0    2061.5   50000.0 ]
[24-10-31 15:30:03] 1001   -2529.35 [    33858.7   22433.8   40000.0    2061.5   50000.0 ]
[24-10-31 15:30:03] 1003   -2529.35 [    33858.7   22433.8   40000.0    2061.5   50000.0 ]
[24-10-31 15:30:03] 1005   -2529.35 [    33858.7   22433.8   40000.0    2061.5   50000.0 ]
[24-10-31 15:30:04] 1007   -2529.35 [    33858.7   22433.8   40000.0    2061.5   50000.0 ]
[24-10-31 15:30:04] 1009   -2529.35 [    33858.7   22433.8   40000.0    2061.5   50000.0 ]
[24-10-31 15:30:04] 1011   -2529.35 [    33858.7   22433.8   40000.0    2061.5   50000.0 ]
[24-10-31 15:30:04] 1013   -2529.35 [    33858.7   22433.8   40000.0    2061.5   50000.0 ]
[24-10-31 15:30:05] 1015   -2529.35 [    33858.7   22433.8   40000.0    2061.5   50000.0 ]
[24-10-31 15:30:05] 1017   -2529.35 [    33858.7   22433.8   40000.0    2061.5   50000.0 ]
[24-10-31 15:30:05] 1019   -2529.35 [    33858.7   22433.8   40000.0    2061.5   50000.0 ]
[24-10-31 15:30:05] 1021   -2529.35 [    33858.7   22433.8   40000.0    2061.5   50000.0 ]
[24-10-31 15:30:06] 1023   -2529.35 [    33858.7   22433.8   40000.0    2061.5   50000.0 ]
[24-10-31 15:30:06] 1025   -2529.35 [    33858.7   22433.8   40000.0    2061.5   50000.0 ]
[24-10-31 15:30:06] 1027   -2529.35 [    33858.7   22433.8   40000.0    2061.5   50000.0 ]
[24-10-31 15:30:06] 1028   -2529.35 [    33858.7   22433.8   40000.0    2061.5   50000.0 ]
[24-10-31 15:30:07] 1029   -2529.35 [    33858.7   22433.8   40000.0    2061.5   50000.0 ]
[24-10-31 15:30:07] 1030   -2529.35 [    33858.7   22433.8   40000.0    2061.5   50000.0 ]
[24-10-31 15:30:07] 1031   -2529.35 [    33858.7   22433.8   40000.0    2061.5   50000.0 ]
[24-10-31 15:30:07] 1032   -2529.35 [    33858.7   22433.8   40000.0    2061.5   50000.0 ]
[24-10-31 15:30:07] 1033   -2529.35 [    33858.7   22433.8   40000.0    2061.5   50000.0 ]
[24-10-31 15:30:08] 1034   -2529.35 [    33858.7   22433.8   40000.0    2061.5   50000.0 ]
[24-10-31 15:30:08] 1035   -2529.35 [    33858.7   22433.8   40000.0    2061.5   50000.0 ]
[24-10-31 15:30:08] 1036   -2529.35 [    33858.7   22433.8   40000.0    2061.5   50000.0 ]
[24-10-31 15:30:08] 1037   -2529.35 [    33858.7   22433.8   40000.0    2061.5   50000.0 ]
[24-10-31 15:30:08] 1038   -2529.35 [    33858.7   22433.8   40000.0    2061.5   50000.0 ]
[24-10-31 15:30:09] 1039   -2529.35 [    33858.7   22433.8   40000.0    2061.5   50000.0 ]
[24-10-31 15:30:09] 1040   -2529.35 [    33858.7   22433.8   40000.0    2061.5   50000.0 ]
[24-10-31 15:30:09] 1041   -2529.35 [    33858.7   22433.8   40000.0    2061.5   50000.0 ]
[24-10-31 15:30:09] 1043   -2839.34 [    29332.2   16638.5   65445.3    3348.5   50000.0 ]
[24-10-31 15:30:10] 1044   -2598.09 [    32129.7   20220.2   49719.2    2553.1   50000.0 ]
[24-10-31 15:30:10] 1046    -2557.6 [    32994.2   21327.0   44859.6    2307.3   50000.0 ]
[24-10-31 15:30:10] 1048   -2538.76 [    33528.4   22011.1   41856.2    2155.4   50000.0 ]
[24-10-31 15:30:10] 1050   -2532.74 [    33732.5   22272.4   40709.0    2097.4   50000.0 ]
[24-10-31 15:30:10] 1052   -2530.62 [    33810.5   22372.2   40270.8    2075.2   50000.0 ]
[24-10-31 15:30:11] 1054   -2529.83 [    33840.3   22410.3   40103.4    2066.8   50000.0 ]
[24-10-31 15:30:11] 1056   -2529.53 [    33851.6   22424.9   40039.5    2063.5   50000.0 ]
[24-10-31 15:30:11] 1058   -2529.42 [    33856.0   22430.4   40015.1    2062.3   50000.0 ]
[24-10-31 15:30:11] 1060   -2529.38 [    33857.6   22432.5   40005.8    2061.8   50000.0 ]
[24-10-31 15:30:12] 1062   -2529.36 [    33858.3   22433.3   40002.2    2061.6   50000.0 ]
[24-10-31 15:30:12] 1064   -2529.35 [    33858.5   22433.7   40000.8    2061.6   50000.0 ]
[24-10-31 15:30:12] 1066   -2529.35 [    33858.6   22433.8   40000.3    2061.5   50000.0 ]
[24-10-31 15:30:12] 1068   -2529.35 [    33858.6   22433.8   40000.1    2061.5   50000.0 ]
[24-10-31 15:30:13] 1070   -2529.35 [    33858.6   22433.8   40000.0    2061.5   50000.0 ]
[24-10-31 15:30:13] 1072   -2529.35 [    33858.6   22433.8   40000.0    2061.5   50000.0 ]
[24-10-31 15:30:13] 1074   -2529.35 [    33858.7   22433.8   40000.0    2061.5   50000.0 ]
[24-10-31 15:30:13] 1076   -2529.35 [    33858.7   22433.8   40000.0    2061.5   50000.0 ]
[24-10-31 15:30:13] 1077   -2529.35 [    33858.7   22433.9   40000.0    2061.5   50000.0 ]
[24-10-31 15:30:14] 1078   -2529.35 [    33858.7   22433.9   40000.0    2061.5   50000.0 ]
[24-10-31 15:30:14] 1079   -2529.35 [    33858.7   22433.9   40000.0    2061.5   50000.0 ]
[24-10-31 15:30:14] 1080   -2529.35 [    33858.7   22433.9   40000.0    2061.5   50000.0 ]
[24-10-31 15:30:14] 1081   -2529.35 [    33858.7   22433.9   40000.0    2061.5   50000.0 ]
[24-10-31 15:30:15] 1082   -2529.35 [    33858.7   22433.9   40000.0    2061.5   50000.0 ]
[24-10-31 15:30:15] 1084   -2529.35 [    33858.7   22433.9   40000.0    2061.5   50000.0 ]
[24-10-31 15:30:15] 1085   -2529.35 [    33858.7   22433.9   40000.0    2061.5   50000.0 ]
[24-10-31 15:30:15] 1087   -2529.35 [    33858.7   22433.9   40000.0    2061.5   50000.0 ]
[24-10-31 15:30:16] 1088   -2529.35 [    33859.7   22433.9   40000.0    2061.5   50000.0 ]
[24-10-31 15:30:16] 1089   -2529.35 [    33857.0   22433.9   40000.0    2061.5   50000.0 ]
[24-10-31 15:30:16] 1090   -2529.32 [    33728.2   22433.9   40000.0    2061.5   50000.0 ]
[24-10-31 15:30:16] 1091   -2529.39 [    33519.6   22433.9   40000.0    2061.5   50000.0 ]
[24-10-31 15:30:17] 1092   -2529.33 [    33648.5   22433.9   40000.0    2061.5   50000.0 ]
[24-10-31 15:30:17] 1093   -2529.33 [    33777.4   22433.9   40000.0    2061.5   50000.0 ]
[24-10-31 15:30:17] 1094   -2529.32 [    33729.6   22433.9   40000.0    2061.5   50000.0 ]
[24-10-31 15:30:17] 1095   -2529.32 [    33730.9   22433.9   40000.0    2061.5   50000.0 ]
[24-10-31 15:30:17] 1096   -2529.32 [    33729.6   22433.9   40000.0    2061.5   50000.0 ]
[24-10-31 15:30:18] 1097   -2529.32 [    33729.6   22434.9   40000.0    2061.5   50000.0 ]
[24-10-31 15:30:18] 1098   -2529.32 [    33729.6   22432.2   40000.0    2061.5   50000.0 ]
[24-10-31 15:30:18] 1099   -2529.32 [    33729.6   22420.5   40000.0    2061.5   50000.0 ]
[24-10-31 15:30:18] 1100   -2529.33 [    33729.6   22401.5   40000.0    2061.5   50000.0 ]
[24-10-31 15:30:19] 1101   -2529.32 [    33729.6   22413.2   40000.0    2061.5   50000.0 ]
[24-10-31 15:30:19] 1102   -2529.32 [    33729.6   22425.0   40000.0    2061.5   50000.0 ]
[24-10-31 15:30:19] 1103   -2529.32 [    33729.6   22420.6   40000.0    2061.5   50000.0 ]
[24-10-31 15:30:19] 1104   -2529.32 [    33729.6   22420.4   40000.0    2061.5   50000.0 ]
[24-10-31 15:30:20] 1105   -2529.32 [    33729.6   22420.5   40000.0    2061.5   50000.0 ]
[24-10-31 15:30:20] 1106   -2529.32 [    33729.6   22420.5   40001.0    2061.5   50000.0 ]
[24-10-31 15:30:20] 1109   -2529.32 [    33729.6   22420.5   40000.4    2061.5   50000.0 ]
[24-10-31 15:30:20] 1110   -2529.32 [    33729.6   22420.5   40000.2    2061.5   50000.0 ]
[24-10-31 15:30:20] 1113   -2529.32 [    33729.6   22420.5   40000.1    2061.5   50000.0 ]
[24-10-31 15:30:21] 1115   -2529.32 [    33729.6   22420.5   40000.0    2061.5   50000.0 ]
[24-10-31 15:30:21] 1117   -2529.32 [    33729.6   22420.5   40000.0    2061.5   50000.0 ]
[24-10-31 15:30:21] 1119   -2529.32 [    33729.6   22420.5   40000.0    2061.5   50000.0 ]
[24-10-31 15:30:21] 1121   -2529.32 [    33729.6   22420.5   40000.0    2061.5   50000.0 ]
[24-10-31 15:30:22] 1123   -2529.32 [    33729.6   22420.5   40000.0    2061.5   50000.0 ]
[24-10-31 15:30:22] 1125   -2529.32 [    33729.6   22420.5   40000.0    2061.5   50000.0 ]
[24-10-31 15:30:22] 1127   -2529.32 [    33729.6   22420.5   40000.0    2061.5   50000.0 ]
[24-10-31 15:30:22] 1129   -2529.32 [    33729.6   22420.5   40000.0    2061.5   50000.0 ]
[24-10-31 15:30:22] 1131   -2529.32 [    33729.6   22420.5   40000.0    2061.5   50000.0 ]
[24-10-31 15:30:23] 1133   -2529.32 [    33729.6   22420.5   40000.0    2061.5   50000.0 ]
[24-10-31 15:30:23] 1135   -2529.32 [    33729.6   22420.5   40000.0    2061.5   50000.0 ]
[24-10-31 15:30:23] 1137   -2529.32 [    33729.6   22420.5   40000.0    2061.5   50000.0 ]
[24-10-31 15:30:23] 1139   -2529.32 [    33729.6   22420.5   40000.0    2061.5   50000.0 ]
[24-10-31 15:30:24] 1140   -2529.32 [    33729.6   22420.5   40000.0    2061.5   50000.0 ]
[24-10-31 15:30:24] 1141   -2529.32 [    33729.6   22420.5   40000.0    2061.5   50000.0 ]
[24-10-31 15:30:24] 1142   -2529.32 [    33729.6   22420.5   40000.0    2061.5   50000.0 ]
[24-10-31 15:30:24] 1143   -2529.32 [    33729.6   22420.5   40000.0    2061.5   50000.0 ]
[24-10-31 15:30:25] 1144   -2529.32 [    33729.6   22420.5   40000.0    2061.5   50000.0 ]
[24-10-31 15:30:25] 1145   -2529.32 [    33729.6   22420.5   40000.0    2061.5   50000.0 ]
[24-10-31 15:30:25] 1146   -2529.32 [    33729.6   22420.5   40000.0    2061.5   50000.0 ]
[24-10-31 15:30:25] 1147   -2529.32 [    33729.6   22420.5   40000.0    2061.5   50000.0 ]
[24-10-31 15:30:25] 1148   -2529.32 [    33729.6   22420.5   40000.0    2061.5   50000.0 ]
[24-10-31 15:30:26] 1149   -2529.32 [    33729.6   22420.5   40000.0    2061.5   50000.0 ]
[24-10-31 15:30:26] 1150   -2529.32 [    33729.6   22420.5   40000.0    2061.5   50000.0 ]
[24-10-31 15:30:26] 1152   -2529.33 [    33729.6   22420.5   40000.0    2061.5   49998.4 ]
[24-10-31 15:30:26] 1153   -2529.32 [    33729.6   22420.5   40000.0    2061.5   49999.4 ]
[24-10-31 15:30:26] 1155   -2529.32 [    33729.6   22420.5   40000.0    2061.5   49999.7 ]
[24-10-31 15:30:27] 1157   -2529.32 [    33729.6   22420.5   40000.0    2061.5   49999.9 ]
[24-10-31 15:30:27] 1159   -2529.32 [    33729.6   22420.5   40000.0    2061.5   50000.0 ]
[24-10-31 15:30:27] 1161   -2529.32 [    33729.6   22420.5   40000.0    2061.5   50000.0 ]
[24-10-31 15:30:27] 1163   -2529.32 [    33729.6   22420.5   40000.0    2061.5   50000.0 ]
[24-10-31 15:30:28] 1165   -2529.32 [    33729.6   22420.5   40000.0    2061.5   50000.0 ]
[24-10-31 15:30:28] 1167   -2529.32 [    33729.6   22420.5   40000.0    2061.5   50000.0 ]
[24-10-31 15:30:28] 1169   -2529.32 [    33729.6   22420.5   40000.0    2061.5   50000.0 ]
[24-10-31 15:30:28] 1171   -2529.32 [    33729.6   22420.5   40000.0    2061.5   50000.0 ]
[24-10-31 15:30:28] 1173   -2529.32 [    33729.6   22420.5   40000.0    2061.5   50000.0 ]
[24-10-31 15:30:29] 1175   -2529.32 [    33729.6   22420.5   40000.0    2061.5   50000.0 ]
[24-10-31 15:30:29] 1177   -2529.32 [    33729.6   22420.5   40000.0    2061.5   50000.0 ]
[24-10-31 15:30:29] 1179   -2529.32 [    33729.6   22420.5   40000.0    2061.5   50000.0 ]
[24-10-31 15:30:29] 1181   -2529.32 [    33729.6   22420.5   40000.0    2061.5   50000.0 ]
[24-10-31 15:30:29] 1183   -2529.32 [    33729.6   22420.5   40000.0    2061.5   50000.0 ]
[24-10-31 15:30:30] 1185   -2529.32 [    33729.6   22420.5   40000.0    2061.5   50000.0 ]
[24-10-31 15:30:30] 1187   -2529.32 [    33729.6   22420.5   40000.0    2061.5   50000.0 ]
[24-10-31 15:30:30] 1189   -2529.32 [    33729.6   22420.5   40000.0    2061.5   50000.0 ]
[24-10-31 15:30:30] 1191   -2529.32 [    33729.6   22420.5   40000.0    2061.5   50000.0 ]
[24-10-31 15:30:31] 1192   -2529.32 [    33729.6   22420.5   40000.0    2061.5   50000.0 ]
[24-10-31 15:30:31] 1193   -2529.32 [    33729.6   22420.5   40000.0    2061.5   50000.0 ]
[24-10-31 15:30:31] 1194   -2529.32 [    33729.6   22420.5   40000.0    2061.5   50000.0 ]
[24-10-31 15:30:31] 1195   -2529.32 [    33729.6   22420.5   40000.0    2061.5   50000.0 ]
[24-10-31 15:30:31] 1196   -2529.32 [    33729.6   22420.5   40000.0    2061.5   50000.0 ]
[24-10-31 15:30:32] 1197   -2529.32 [    33729.6   22420.5   40000.0    2061.5   50000.0 ]
[24-10-31 15:30:32] 1198   -2529.32 [    33729.6   22420.5   40000.0    2061.5   50000.0 ]
[24-10-31 15:30:32] 1200   -2840.56 [    29203.2   16625.2   65445.3    3348.5   50000.0 ]
[24-10-31 15:30:32] 1201   -2598.36 [    32000.7   20206.9   49719.2    2553.1   50000.0 ]
[24-10-31 15:30:33] 1203    -2557.7 [    32865.2   21313.7   44859.6    2307.3   50000.0 ]
[24-10-31 15:30:33] 1205   -2538.78 [    33399.4   21997.7   41856.2    2155.4   50000.0 ]
[24-10-31 15:30:33] 1207   -2532.73 [    33603.5   22259.0   40709.0    2097.4   50000.0 ]
[24-10-31 15:30:33] 1209   -2530.59 [    33681.5   22358.8   40270.8    2075.2   50000.0 ]
[24-10-31 15:30:33] 1211    -2529.8 [    33711.2   22396.9   40103.4    2066.8   50000.0 ]
[24-10-31 15:30:34] 1213    -2529.5 [    33722.6   22411.5   40039.5    2063.5   50000.0 ]
[24-10-31 15:30:34] 1215   -2529.39 [    33727.0   22417.1   40015.1    2062.3   50000.0 ]
[24-10-31 15:30:34] 1217   -2529.35 [    33728.6   22419.2   40005.8    2061.8   50000.0 ]
[24-10-31 15:30:34] 1219   -2529.33 [    33729.3   22420.0   40002.2    2061.6   50000.0 ]
[24-10-31 15:30:35] 1221   -2529.32 [    33729.5   22420.3   40000.8    2061.6   50000.0 ]
[24-10-31 15:30:35] 1223   -2529.32 [    33729.6   22420.4   40000.3    2061.5   50000.0 ]
[24-10-31 15:30:35] 1225   -2529.32 [    33729.6   22420.5   40000.1    2061.5   50000.0 ]
[24-10-31 15:30:35] 1227   -2529.32 [    33729.6   22420.5   40000.0    2061.5   50000.0 ]
[24-10-31 15:30:35] 1229   -2529.32 [    33729.6   22420.5   40000.0    2061.5   50000.0 ]
[24-10-31 15:30:36] 1231   -2529.32 [    33729.6   22420.5   40000.0    2061.5   50000.0 ]
[24-10-31 15:30:36] 1233   -2529.32 [    33729.6   22420.5   40000.0    2061.5   50000.0 ]
[24-10-31 15:30:36] 1235   -2529.32 [    33729.6   22420.5   40000.0    2061.5   50000.0 ]
[24-10-31 15:30:36] 1237   -2529.32 [    33729.6   22420.5   40000.0    2061.5   50000.0 ]
[24-10-31 15:30:36] 1239   -2529.32 [    33729.6   22420.5   40000.0    2061.5   50000.0 ]
[24-10-31 15:30:37] 1241   -2529.32 [    33729.6   22420.5   40000.0    2061.5   50000.0 ]
[24-10-31 15:30:37] 1243   -2529.32 [    33729.6   22420.5   40000.0    2061.5   50000.0 ]
[24-10-31 15:30:37] 1245   -2529.32 [    33729.6   22420.5   40000.0    2061.5   50000.0 ]
[24-10-31 15:30:37] 1247   -2529.32 [    33729.6   22420.5   40000.0    2061.5   50000.0 ]
[24-10-31 15:30:38] 1249   -2529.32 [    33729.6   22420.5   40000.0    2061.5   50000.0 ]
[24-10-31 15:30:38] 1251   -2529.32 [    33729.6   22420.5   40000.0    2061.5   50000.0 ]
[24-10-31 15:30:38] 1253   -2529.32 [    33729.6   22420.5   40000.0    2061.5   50000.0 ]
Optimization terminated successfully.
         Current function value: 2529.318610
         Iterations: 13
         Function evaluations: 1253
[24-10-31 15:30:38] 1253     fit p: [    33729.6   22420.5   40000.0    2061.5   50000.0 ]
method: Powell
objective_func: objective_H2
fopt: -2529.318609905582
max_iter: 100
num_iter: 13
func_calls: 1253
flag: 0
u_fitted: False
u: 1.111e-08
