[24-10-31 14:52:51] fitting objective_H2 to data for demes ['French', 'KhomaniSan', 'Yoruba']
[24-10-31 14:52:51] 0        pnames [         NK       NFY       TFY        NF        NY ]
[24-10-31 14:52:51] 0            p0 [    19533.5   14226.1   66776.4    4870.4   27863.8 ]
[24-10-31 14:52:51] 1      -5108.79 [    19533.5   14226.1   66776.4    4870.4   27863.8 ]
[24-10-31 14:52:52] 2      -5108.79 [    19533.5   14226.1   66776.4    4870.4   27863.8 ]
[24-10-31 14:52:52] 3      -5108.78 [    19534.5   14226.1   66776.4    4870.4   27863.8 ]
[24-10-31 14:52:52] 4      -5108.77 [    19536.2   14226.1   66776.4    4870.4   27863.8 ]
[24-10-31 14:52:52] 5       -5107.6 [    19712.5   14226.1   66776.4    4870.4   27863.8 ]
[24-10-31 14:52:52] 6      -5107.09 [    19920.9   14226.1   66776.4    4870.4   27863.8 ]
[24-10-31 14:52:52] 7      -5108.12 [    20258.1   14226.1   66776.4    4870.4   27863.8 ]
[24-10-31 14:52:53] 8      -5107.22 [    20049.7   14226.1   66776.4    4870.4   27863.8 ]
[24-10-31 14:52:53] 9      -5107.18 [    19841.3   14226.1   66776.4    4870.4   27863.8 ]
[24-10-31 14:52:53] 10     -5107.09 [    19935.8   14226.1   66776.4    4870.4   27863.8 ]
[24-10-31 14:52:53] 11     -5107.09 [    19931.8   14226.1   66776.4    4870.4   27863.8 ]
[24-10-31 14:52:53] 12     -5107.09 [    19939.8   14226.1   66776.4    4870.4   27863.8 ]
[24-10-31 14:52:54] 13     -5107.09 [    19935.8   14226.1   66776.4    4870.4   27863.8 ]
[24-10-31 14:52:54] 14     -5106.76 [    19935.8   14227.1   66776.4    4870.4   27863.8 ]
[24-10-31 14:52:54] 15     -5106.23 [    19935.8   14228.8   66776.4    4870.4   27863.8 ]
[24-10-31 14:52:54] 16     -5052.24 [    19935.8   14405.1   66776.4    4870.4   27863.8 ]
[24-10-31 14:52:54] 17     -4848.99 [    19935.8   15630.7   66776.4    4870.4   27863.8 ]
[24-10-31 14:52:55] 18      -4965.0 [    19935.8   17613.7   66776.4    4870.4   27863.8 ]
[24-10-31 14:52:55] 19     -4841.99 [    19935.8   16388.2   66776.4    4870.4   27863.8 ]
[24-10-31 14:52:55] 20     -4871.97 [    19935.8   16856.3   66776.4    4870.4   27863.8 ]
[24-10-31 14:52:55] 21     -4835.84 [    19935.8   16086.7   66776.4    4870.4   27863.8 ]
[24-10-31 14:52:56] 22     -4835.83 [    19935.8   16068.1   66776.4    4870.4   27863.8 ]
[24-10-31 14:52:56] 23     -4835.86 [    19935.8   16049.7   66776.4    4870.4   27863.8 ]
[24-10-31 14:52:56] 24     -4835.83 [    19935.8   16068.1   66776.4    4870.4   27863.8 ]
[24-10-31 14:52:56] 25     -4835.76 [    19935.8   16068.1   66777.4    4870.4   27863.8 ]
[24-10-31 14:52:56] 26     -4835.65 [    19935.8   16068.1   66779.0    4870.4   27863.8 ]
[24-10-31 14:52:57] 27     -4823.43 [    19935.8   16068.1   66955.4    4870.4   27863.8 ]
[24-10-31 14:52:57] 28     -4225.33 [    19935.8   16068.1   83931.8    4870.4   27863.8 ]
[24-10-31 14:52:57] 29     -5551.37 [    19935.8   16068.1  111400.3    4870.4   27863.8 ]
[24-10-31 14:52:57] 30     -4407.75 [    19935.8   16068.1   94423.8    4870.4   27863.8 ]
[24-10-31 14:52:58] 31     -4320.68 [    19935.8   16068.1   77447.4    4870.4   27863.8 ]
[24-10-31 14:52:58] 32     -4224.64 [    19935.8   16068.1   84579.0    4870.4   27863.8 ]
[24-10-31 14:52:58] 33     -4224.68 [    19935.8   16068.1   84401.0    4870.4   27863.8 ]
[24-10-31 14:52:58] 34     -4224.73 [    19935.8   16068.1   84757.0    4870.4   27863.8 ]
[24-10-31 14:52:58] 35     -4224.64 [    19935.8   16068.1   84579.0    4870.4   27863.8 ]
[24-10-31 14:52:59] 36      -4225.5 [    19935.8   16068.1   84579.0    4871.4   27863.8 ]
[24-10-31 14:52:59] 37     -4223.26 [    19935.8   16068.1   84579.0    4868.8   27863.8 ]
[24-10-31 14:52:59] 38     -4084.58 [    19935.8   16068.1   84579.0    4692.4   27863.8 ]
[24-10-31 14:52:59] 39     -3962.89 [    19935.8   16068.1   84579.0    3792.1   27863.8 ]
[24-10-31 14:52:59] 40     -9384.18 [    19935.8   16068.1   84579.0    2335.3   27863.8 ]
[24-10-31 14:53:00] 41     -4772.92 [    19935.8   16068.1   84579.0    3235.6   27863.8 ]
[24-10-31 14:53:00] 42     -3861.37 [    19935.8   16068.1   84579.0    4136.0   27863.8 ]
[24-10-31 14:53:00] 43     -3862.78 [    19935.8   16068.1   84579.0    4078.5   27863.8 ]
[24-10-31 14:53:00] 44     -3861.21 [    19935.8   16068.1   84579.0    4120.3   27863.8 ]
[24-10-31 14:53:00] 45     -3861.27 [    19935.8   16068.1   84579.0    4112.8   27863.8 ]
[24-10-31 14:53:01] 46     -3861.23 [    19935.8   16068.1   84579.0    4127.8   27863.8 ]
[24-10-31 14:53:01] 47     -3861.21 [    19935.8   16068.1   84579.0    4120.3   27863.8 ]
[24-10-31 14:53:01] 48     -3861.14 [    19935.8   16068.1   84579.0    4120.3   27864.8 ]
[24-10-31 14:53:01] 49     -3861.04 [    19935.8   16068.1   84579.0    4120.3   27866.4 ]
[24-10-31 14:53:01] 50     -3849.91 [    19935.8   16068.1   84579.0    4120.3   28042.8 ]
[24-10-31 14:53:02] 51     -3576.47 [    19935.8   16068.1   84579.0    4120.3   34883.9 ]
[24-10-31 14:53:02] 52      -3447.2 [    19935.8   16068.1   84579.0    4120.3   45953.1 ]
[24-10-31 14:53:02] 53     -3455.93 [    19935.8   16068.1   84579.0    4120.3   44115.1 ]
[24-10-31 14:53:02] 56     -3472.83 [    19935.8   16068.1   84579.0    4120.3   41725.1 ]
[24-10-31 14:53:02] 57     -3457.54 [    19935.8   16068.1   84579.0    4120.3   43839.1 ]
[24-10-31 14:53:02] 58     -3439.68 [    19935.8   16068.1   84579.0    4120.3   48566.2 ]
[24-10-31 14:53:03] 60     -3441.95 [    19935.8   16068.1   84579.0    4120.3   47568.1 ]
[24-10-31 14:53:03] 61     -3438.33 [    19935.8   16068.1   84579.0    4120.3   49357.6 ]
[24-10-31 14:53:03] 62     -3437.68 [    19935.8   16068.1   84579.0    4120.3   49846.6 ]
[24-10-31 14:53:03] 64     -3437.95 [    19935.8   16068.1   84579.0    4120.3   49626.8 ]
[24-10-31 14:53:03] 66     -3437.68 [    19935.8   16068.1   84579.0    4120.3   49846.6 ]
[24-10-31 14:53:04] 67     -3437.53 [    19936.8   16068.1   84579.0    4120.3   49846.6 ]
[24-10-31 14:53:04] 68     -3437.29 [    19938.4   16068.1   84579.0    4120.3   49846.6 ]
[24-10-31 14:53:04] 69     -3411.74 [    20114.8   16068.1   84579.0    4120.3   49846.6 ]
[24-10-31 14:53:04] 70     -3025.82 [    24432.1   16068.1   84579.0    4120.3   49846.6 ]
[24-10-31 14:53:04] 71      -2901.5 [    31417.6   16068.1   84579.0    4120.3   49846.6 ]
[24-10-31 14:53:05] 72     -2904.08 [    29329.7   16068.1   84579.0    4120.3   49846.6 ]
[24-10-31 14:53:05] 73     -3072.08 [    42720.4   16068.1   84579.0    4120.3   49846.6 ]
[24-10-31 14:53:05] 74     -2943.08 [    35734.9   16068.1   84579.0    4120.3   49846.6 ]
[24-10-31 14:53:05] 75     -2908.71 [    28749.4   16068.1   84579.0    4120.3   49846.6 ]
[24-10-31 14:53:05] 76     -2900.28 [    30848.8   16068.1   84579.0    4120.3   49846.6 ]
[24-10-31 14:53:06] 77     -2900.17 [    30669.8   16068.1   84579.0    4120.3   49846.6 ]
[24-10-31 14:53:06] 78     -2900.18 [    30562.4   16068.1   84579.0    4120.3   49846.6 ]
[24-10-31 14:53:06] 79     -2900.17 [    30669.8   16068.1   84579.0    4120.3   49846.6 ]
[24-10-31 14:53:06] 80      -2900.2 [    30669.8   16069.1   84579.0    4120.3   49846.6 ]
[24-10-31 14:53:06] 81     -2900.13 [    30669.8   16066.5   84579.0    4120.3   49846.6 ]
[24-10-31 14:53:06] 82     -2897.01 [    30669.8   15890.1   84579.0    4120.3   49846.6 ]
[24-10-31 14:53:07] 83     -2896.57 [    30669.8   15788.0   84579.0    4120.3   49846.6 ]
[24-10-31 14:53:07] 84     -2898.09 [    30669.8   15622.6   84579.0    4120.3   49846.6 ]
[24-10-31 14:53:07] 85     -2896.81 [    30669.8   15724.8   84579.0    4120.3   49846.6 ]
[24-10-31 14:53:07] 86     -2896.61 [    30669.8   15827.0   84579.0    4120.3   49846.6 ]
[24-10-31 14:53:07] 87     -2896.56 [    30669.8   15795.4   84579.0    4120.3   49846.6 ]
[24-10-31 14:53:08] 88     -2896.56 [    30669.8   15792.7   84579.0    4120.3   49846.6 ]
[24-10-31 14:53:08] 89     -2896.56 [    30669.8   15798.2   84579.0    4120.3   49846.6 ]
[24-10-31 14:53:08] 90     -2896.56 [    30669.8   15795.4   84579.0    4120.3   49846.6 ]
[24-10-31 14:53:08] 91     -2896.59 [    30669.8   15795.4   84580.0    4120.3   49846.6 ]
[24-10-31 14:53:08] 92     -2896.53 [    30669.8   15795.4   84577.4    4120.3   49846.6 ]
[24-10-31 14:53:09] 93     -2892.68 [    30669.8   15795.4   84401.0    4120.3   49846.6 ]
[24-10-31 14:53:09] 94     -2842.98 [    30669.8   15795.4   79706.5    4120.3   49846.6 ]
[24-10-31 14:53:09] 95     -2982.81 [    30669.8   15795.4   72110.6    4120.3   49846.6 ]
[24-10-31 14:53:09] 96     -2863.75 [    30669.8   15795.4   76805.1    4120.3   49846.6 ]
[24-10-31 14:53:10] 97     -2849.92 [    30669.8   15795.4   81499.6    4120.3   49846.6 ]
[24-10-31 14:53:10] 98     -2842.97 [    30669.8   15795.4   79779.1    4120.3   49846.6 ]
[24-10-31 14:53:10] 99     -2842.98 [    30669.8   15795.4   79827.1    4120.3   49846.6 ]
[24-10-31 14:53:10] 100    -2842.97 [    30669.8   15795.4   79779.1    4120.3   49846.6 ]
[24-10-31 14:53:11] 101    -2843.02 [    30669.8   15795.4   79779.1    4121.3   49846.6 ]
[24-10-31 14:53:11] 102     -2842.9 [    30669.8   15795.4   79779.1    4118.6   49846.6 ]
[24-10-31 14:53:11] 103    -2842.26 [    30669.8   15795.4   79779.1    4089.7   49846.6 ]
[24-10-31 14:53:11] 104    -2844.06 [    30669.8   15795.4   79779.1    4042.8   49846.6 ]
[24-10-31 14:53:11] 105    -2842.53 [    30669.8   15795.4   79779.1    4071.8   49846.6 ]
[24-10-31 14:53:12] 106    -2842.35 [    30669.8   15795.4   79779.1    4100.7   49846.6 ]
[24-10-31 14:53:12] 107    -2842.26 [    30669.8   15795.4   79779.1    4090.2   49846.6 ]
[24-10-31 14:53:12] 108    -2842.26 [    30669.8   15795.4   79779.1    4090.5   49846.6 ]
[24-10-31 14:53:12] 109    -2842.26 [    30669.8   15795.4   79779.1    4090.2   49846.6 ]
[24-10-31 14:53:13] 110    -2842.25 [    30669.8   15795.4   79779.1    4090.2   49847.6 ]
[24-10-31 14:53:13] 111    -2842.22 [    30669.8   15795.4   79779.1    4090.2   49849.3 ]
[24-10-31 14:53:13] 113    -2841.11 [    30669.8   15795.4   79779.1    4090.2   49916.6 ]
[24-10-31 14:53:13] 114    -2840.42 [    30669.8   15795.4   79779.1    4090.2   49958.3 ]
[24-10-31 14:53:14] 115     -2840.0 [    30669.8   15795.4   79779.1    4090.2   49984.0 ]
[24-10-31 14:53:14] 116    -2839.74 [    30669.8   15795.4   79779.1    4090.2   49999.9 ]
[24-10-31 14:53:14] 118    -2839.84 [    30669.8   15795.4   79779.1    4090.2   49993.8 ]
[24-10-31 14:53:14] 120    -2839.78 [    30669.8   15795.4   79779.1    4090.2   49997.6 ]
[24-10-31 14:53:14] 123    -2839.74 [    30669.8   15795.4   79779.1    4090.2   49999.9 ]
[24-10-31 14:53:15] 124    -2839.75 [    30670.8   15795.4   79779.1    4090.2   49999.9 ]
[24-10-31 14:53:15] 125    -2839.72 [    30668.1   15795.4   79779.1    4090.2   49999.9 ]
[24-10-31 14:53:15] 126    -2838.34 [    30491.8   15795.4   79779.1    4090.2   49999.9 ]
[24-10-31 14:53:15] 127    -2832.26 [    28561.5   15795.4   79779.1    4090.2   49999.9 ]
[24-10-31 14:53:16] 128    -2872.25 [    25438.2   15795.4   79779.1    4090.2   49999.9 ]
[24-10-31 14:53:16] 129    -2838.79 [    27368.5   15795.4   79779.1    4090.2   49999.9 ]
[24-10-31 14:53:16] 130    -2832.45 [    29298.8   15795.4   79779.1    4090.2   49999.9 ]
[24-10-31 14:53:16] 131    -2831.99 [    28888.3   15795.4   79779.1    4090.2   49999.9 ]
[24-10-31 14:53:17] 132    -2831.99 [    28870.5   15795.4   79779.1    4090.2   49999.9 ]
[24-10-31 14:53:17] 133    -2831.99 [    28906.1   15795.4   79779.1    4090.2   49999.9 ]
[24-10-31 14:53:17] 134    -2831.99 [    28888.3   15795.4   79779.1    4090.2   49999.9 ]
[24-10-31 14:53:17] 135    -2831.95 [    28888.3   15796.4   79779.1    4090.2   49999.9 ]
[24-10-31 14:53:18] 136    -2831.89 [    28888.3   15798.1   79779.1    4090.2   49999.9 ]
[24-10-31 14:53:18] 137    -2826.96 [    28888.3   15974.4   79779.1    4090.2   49999.9 ]
[24-10-31 14:53:18] 138    -2825.37 [    28888.3   16136.9   79779.1    4090.2   49999.9 ]
[24-10-31 14:53:18] 139    -2828.42 [    28888.3   16399.8   79779.1    4090.2   49999.9 ]
[24-10-31 14:53:18] 140    -2825.74 [    28888.3   16237.3   79779.1    4090.2   49999.9 ]
[24-10-31 14:53:19] 141    -2825.65 [    28888.3   16074.9   79779.1    4090.2   49999.9 ]
[24-10-31 14:53:19] 142    -2825.36 [    28888.3   16150.8   79779.1    4090.2   49999.9 ]
[24-10-31 14:53:19] 143    -2825.36 [    28888.3   16147.3   79779.1    4090.2   49999.9 ]
[24-10-31 14:53:19] 144    -2825.36 [    28888.3   16154.4   79779.1    4090.2   49999.9 ]
[24-10-31 14:53:20] 145    -2825.36 [    28888.3   16150.8   79779.1    4090.2   49999.9 ]
[24-10-31 14:53:20] 146    -2825.37 [    28888.3   16150.8   79780.1    4090.2   49999.9 ]
[24-10-31 14:53:20] 147    -2825.35 [    28888.3   16150.8   79777.5    4090.2   49999.9 ]
[24-10-31 14:53:20] 148    -2824.02 [    28888.3   16150.8   79601.1    4090.2   49999.9 ]
[24-10-31 14:53:21] 149    -2818.66 [    28888.3   16150.8   78085.0    4090.2   49999.9 ]
[24-10-31 14:53:21] 150    -2833.09 [    28888.3   16150.8   75631.8    4090.2   49999.9 ]
[24-10-31 14:53:21] 151    -2820.78 [    28888.3   16150.8   77147.9    4090.2   49999.9 ]
[24-10-31 14:53:21] 152    -2819.43 [    28888.3   16150.8   78664.1    4090.2   49999.9 ]
[24-10-31 14:53:22] 153    -2818.66 [    28888.3   16150.8   78101.9    4090.2   49999.9 ]
[24-10-31 14:53:22] 154    -2818.66 [    28888.3   16150.8   78118.7    4090.2   49999.9 ]
[24-10-31 14:53:22] 155    -2818.66 [    28888.3   16150.8   78101.9    4090.2   49999.9 ]
[24-10-31 14:53:22] 156     -2818.8 [    28888.3   16150.8   78101.9    4091.2   49999.9 ]
[24-10-31 14:53:22] 157    -2818.45 [    28888.3   16150.8   78101.9    4088.6   49999.9 ]
[24-10-31 14:53:23] 158    -2812.97 [    28888.3   16150.8   78101.9    4001.5   49999.9 ]
[24-10-31 14:53:23] 159    -2831.17 [    28888.3   16150.8   78101.9    3860.6   49999.9 ]
[24-10-31 14:53:23] 160    -2815.77 [    28888.3   16150.8   78101.9    3947.7   49999.9 ]
[24-10-31 14:53:23] 161    -2813.65 [    28888.3   16150.8   78101.9    4034.7   49999.9 ]
[24-10-31 14:53:24] 162    -2812.96 [    28888.3   16150.8   78101.9    4005.8   49999.9 ]
[24-10-31 14:53:24] 163    -2812.96 [    28888.3   16150.8   78101.9    4005.0   49999.9 ]
[24-10-31 14:53:24] 164    -2812.96 [    28888.3   16150.8   78101.9    4006.7   49999.9 ]
[24-10-31 14:53:24] 165    -2812.96 [    28888.3   16150.8   78101.9    4005.8   49999.9 ]
[24-10-31 14:53:25] 167    -2812.98 [    28888.3   16150.8   78101.9    4005.8   49998.3 ]
[24-10-31 14:53:25] 168    -2812.97 [    28888.3   16150.8   78101.9    4005.8   49999.3 ]
[24-10-31 14:53:25] 170    -2812.96 [    28888.3   16150.8   78101.9    4005.8   49999.6 ]
[24-10-31 14:53:25] 172    -2812.96 [    28888.3   16150.8   78101.9    4005.8   49999.8 ]
[24-10-31 14:53:25] 173    -2812.96 [    28888.3   16150.8   78101.9    4005.8   50000.0 ]
[24-10-31 14:53:26] 174    -2812.96 [    28888.3   16150.8   78101.9    4005.8   50000.0 ]
[24-10-31 14:53:26] 176    -2812.96 [    28888.3   16150.8   78101.9    4005.8   50000.0 ]
[24-10-31 14:53:26] 177    -2812.96 [    28888.3   16150.8   78101.9    4005.8   50000.0 ]
[24-10-31 14:53:26] 179    -2812.96 [    28888.3   16150.8   78101.9    4005.8   50000.0 ]
[24-10-31 14:53:27] 181    -2812.96 [    28888.3   16150.8   78101.9    4005.8   50000.0 ]
[24-10-31 14:53:27] 183    -2812.96 [    28888.3   16150.8   78101.9    4005.8   50000.0 ]
[24-10-31 14:53:27] 184    -2812.95 [    28889.3   16150.8   78101.9    4005.8   50000.0 ]
[24-10-31 14:53:27] 185    -2812.95 [    28890.9   16150.8   78101.9    4005.8   50000.0 ]
[24-10-31 14:53:28] 186    -2812.74 [    29067.3   16150.8   78101.9    4005.8   50000.0 ]
[24-10-31 14:53:28] 187    -2812.68 [    29203.1   16150.8   78101.9    4005.8   50000.0 ]
[24-10-31 14:53:28] 188     -2812.8 [    29422.7   16150.8   78101.9    4005.8   50000.0 ]
[24-10-31 14:53:28] 189     -2812.7 [    29287.0   16150.8   78101.9    4005.8   50000.0 ]
[24-10-31 14:53:29] 190    -2812.69 [    29151.2   16150.8   78101.9    4005.8   50000.0 ]
[24-10-31 14:53:29] 191    -2812.68 [    29209.1   16150.8   78101.9    4005.8   50000.0 ]
[24-10-31 14:53:29] 192    -2812.68 [    29212.3   16150.8   78101.9    4005.8   50000.0 ]
[24-10-31 14:53:29] 193    -2812.68 [    29209.1   16150.8   78101.9    4005.8   50000.0 ]
[24-10-31 14:53:29] 194    -2812.65 [    29209.1   16151.8   78101.9    4005.8   50000.0 ]
[24-10-31 14:53:30] 195    -2812.61 [    29209.1   16153.4   78101.9    4005.8   50000.0 ]
[24-10-31 14:53:30] 196     -2809.2 [    29209.1   16329.8   78101.9    4005.8   50000.0 ]
[24-10-31 14:53:30] 197    -2808.68 [    29209.1   16425.5   78101.9    4005.8   50000.0 ]
[24-10-31 14:53:30] 198    -2809.72 [    29209.1   16580.3   78101.9    4005.8   50000.0 ]
[24-10-31 14:53:31] 199    -2808.81 [    29209.1   16484.6   78101.9    4005.8   50000.0 ]
[24-10-31 14:53:31] 200    -2808.77 [    29209.1   16388.9   78101.9    4005.8   50000.0 ]
[24-10-31 14:53:31] 201    -2808.68 [    29209.1   16432.9   78101.9    4005.8   50000.0 ]
[24-10-31 14:53:31] 202    -2808.68 [    29209.1   16430.1   78101.9    4005.8   50000.0 ]
[24-10-31 14:53:32] 203    -2808.68 [    29209.1   16435.7   78101.9    4005.8   50000.0 ]
[24-10-31 14:53:32] 204    -2808.68 [    29209.1   16432.9   78101.9    4005.8   50000.0 ]
[24-10-31 14:53:32] 205    -2808.69 [    29209.1   16432.9   78102.9    4005.8   50000.0 ]
[24-10-31 14:53:32] 206    -2808.67 [    29209.1   16432.9   78100.3    4005.8   50000.0 ]
[24-10-31 14:53:33] 207    -2807.38 [    29209.1   16432.9   77923.9    4005.8   50000.0 ]
[24-10-31 14:53:33] 208    -2802.41 [    29209.1   16432.9   76479.7    4005.8   50000.0 ]
[24-10-31 14:53:33] 209    -2815.79 [    29209.1   16432.9   74142.9    4005.8   50000.0 ]
[24-10-31 14:53:33] 210    -2804.38 [    29209.1   16432.9   75587.1    4005.8   50000.0 ]
[24-10-31 14:53:33] 211    -2803.12 [    29209.1   16432.9   77031.3    4005.8   50000.0 ]
[24-10-31 14:53:34] 212    -2802.41 [    29209.1   16432.9   76495.9    4005.8   50000.0 ]
[24-10-31 14:53:34] 213    -2802.41 [    29209.1   16432.9   76512.0    4005.8   50000.0 ]
[24-10-31 14:53:34] 214    -2802.41 [    29209.1   16432.9   76495.9    4005.8   50000.0 ]
[24-10-31 14:53:34] 215    -2802.55 [    29209.1   16432.9   76495.9    4006.8   50000.0 ]
[24-10-31 14:53:35] 216     -2802.2 [    29209.1   16432.9   76495.9    4004.2   50000.0 ]
[24-10-31 14:53:35] 217    -2796.75 [    29209.1   16432.9   76495.9    3919.2   50000.0 ]
[24-10-31 14:53:35] 218    -2814.83 [    29209.1   16432.9   76495.9    3781.6   50000.0 ]
[24-10-31 14:53:35] 219    -2799.53 [    29209.1   16432.9   76495.9    3866.6   50000.0 ]
[24-10-31 14:53:36] 220    -2797.43 [    29209.1   16432.9   76495.9    3951.7   50000.0 ]
[24-10-31 14:53:36] 221    -2796.74 [    29209.1   16432.9   76495.9    3923.4   50000.0 ]
[24-10-31 14:53:36] 222    -2796.74 [    29209.1   16432.9   76495.9    3922.6   50000.0 ]
[24-10-31 14:53:36] 223    -2796.74 [    29209.1   16432.9   76495.9    3924.2   50000.0 ]
[24-10-31 14:53:36] 224    -2796.74 [    29209.1   16432.9   76495.9    3923.4   50000.0 ]
[24-10-31 14:53:37] 226    -2796.76 [    29209.1   16432.9   76495.9    3923.4   49998.4 ]
[24-10-31 14:53:37] 227    -2796.75 [    29209.1   16432.9   76495.9    3923.4   49999.4 ]
[24-10-31 14:53:37] 229    -2796.74 [    29209.1   16432.9   76495.9    3923.4   49999.7 ]
[24-10-31 14:53:37] 231    -2796.74 [    29209.1   16432.9   76495.9    3923.4   49999.9 ]
[24-10-31 14:53:38] 233    -2796.74 [    29209.1   16432.9   76495.9    3923.4   50000.0 ]
[24-10-31 14:53:38] 235    -2796.74 [    29209.1   16432.9   76495.9    3923.4   50000.0 ]
[24-10-31 14:53:38] 237    -2796.74 [    29209.1   16432.9   76495.9    3923.4   50000.0 ]
[24-10-31 14:53:38] 239    -2796.74 [    29209.1   16432.9   76495.9    3923.4   50000.0 ]
[24-10-31 14:53:39] 240    -2796.74 [    29209.1   16432.9   76495.9    3923.4   50000.0 ]
[24-10-31 14:53:39] 242    -2796.74 [    29209.1   16432.9   76495.9    3923.4   50000.0 ]
[24-10-31 14:53:39] 244    -2796.74 [    29209.1   16432.9   76495.9    3923.4   50000.0 ]
[24-10-31 14:53:39] 246    -2796.74 [    29209.1   16432.9   76495.9    3923.4   50000.0 ]
[24-10-31 14:53:40] 247    -2796.74 [    29209.1   16432.9   76495.9    3923.4   50000.0 ]
[24-10-31 14:53:40] 248    -2796.74 [    29209.1   16432.9   76495.9    3923.4   50000.0 ]
[24-10-31 14:53:40] 250    -2796.74 [    29209.1   16432.9   76495.9    3923.4   50000.0 ]
[24-10-31 14:53:40] 252    -2796.74 [    29209.1   16432.9   76495.9    3923.4   50000.0 ]
[24-10-31 14:53:40] 253    -2796.74 [    29210.1   16432.9   76495.9    3923.4   50000.0 ]
[24-10-31 14:53:41] 254    -2796.74 [    29211.7   16432.9   76495.9    3923.4   50000.0 ]
[24-10-31 14:53:41] 255    -2796.63 [    29388.1   16432.9   76495.9    3923.4   50000.0 ]
[24-10-31 14:53:41] 256    -2796.63 [    29412.0   16432.9   76495.9    3923.4   50000.0 ]
[24-10-31 14:53:41] 257    -2796.64 [    29450.7   16432.9   76495.9    3923.4   50000.0 ]
[24-10-31 14:53:42] 258    -2796.63 [    29426.8   16432.9   76495.9    3923.4   50000.0 ]
[24-10-31 14:53:42] 259    -2796.63 [    29402.9   16432.9   76495.9    3923.4   50000.0 ]
[24-10-31 14:53:42] 260    -2796.63 [    29414.0   16432.9   76495.9    3923.4   50000.0 ]
[24-10-31 14:53:42] 261    -2796.63 [    29416.1   16432.9   76495.9    3923.4   50000.0 ]
[24-10-31 14:53:43] 262    -2796.63 [    29414.0   16432.9   76495.9    3923.4   50000.0 ]
[24-10-31 14:53:43] 263    -2796.61 [    29414.0   16433.9   76495.9    3923.4   50000.0 ]
[24-10-31 14:53:43] 264    -2796.56 [    29414.0   16435.5   76495.9    3923.4   50000.0 ]
[24-10-31 14:53:43] 265    -2793.63 [    29414.0   16611.9   76495.9    3923.4   50000.0 ]
[24-10-31 14:53:44] 266    -2793.31 [    29414.0   16688.4   76495.9    3923.4   50000.0 ]
[24-10-31 14:53:44] 267    -2793.96 [    29414.0   16812.2   76495.9    3923.4   50000.0 ]
[24-10-31 14:53:44] 268    -2793.39 [    29414.0   16735.7   76495.9    3923.4   50000.0 ]
[24-10-31 14:53:44] 269    -2793.36 [    29414.0   16659.2   76495.9    3923.4   50000.0 ]
[24-10-31 14:53:44] 270    -2793.31 [    29414.0   16694.3   76495.9    3923.4   50000.0 ]
[24-10-31 14:53:45] 271    -2793.31 [    29414.0   16691.7   76495.9    3923.4   50000.0 ]
[24-10-31 14:53:45] 272    -2793.31 [    29414.0   16696.9   76495.9    3923.4   50000.0 ]
[24-10-31 14:53:45] 273    -2793.31 [    29414.0   16694.3   76495.9    3923.4   50000.0 ]
[24-10-31 14:53:45] 274    -2793.31 [    29414.0   16694.3   76496.9    3923.4   50000.0 ]
[24-10-31 14:53:46] 275    -2793.29 [    29414.0   16694.3   76494.3    3923.4   50000.0 ]
[24-10-31 14:53:46] 276    -2792.01 [    29414.0   16694.3   76317.9    3923.4   50000.0 ]
[24-10-31 14:53:46] 277    -2787.22 [    29414.0   16694.3   74914.6    3923.4   50000.0 ]
[24-10-31 14:53:46] 278    -2800.16 [    29414.0   16694.3   72643.9    3923.4   50000.0 ]
[24-10-31 14:53:47] 279    -2789.13 [    29414.0   16694.3   74047.2    3923.4   50000.0 ]
[24-10-31 14:53:47] 280     -2787.9 [    29414.0   16694.3   75450.6    3923.4   50000.0 ]
[24-10-31 14:53:47] 281    -2787.22 [    29414.0   16694.3   74930.4    3923.4   50000.0 ]
[24-10-31 14:53:47] 282    -2787.22 [    29414.0   16694.3   74946.0    3923.4   50000.0 ]
[24-10-31 14:53:47] 283    -2787.22 [    29414.0   16694.3   74930.4    3923.4   50000.0 ]
[24-10-31 14:53:48] 284    -2787.36 [    29414.0   16694.3   74930.4    3924.4   50000.0 ]
[24-10-31 14:53:48] 285     -2787.0 [    29414.0   16694.3   74930.4    3921.8   50000.0 ]
[24-10-31 14:53:48] 286    -2781.75 [    29414.0   16694.3   74930.4    3840.1   50000.0 ]
[24-10-31 14:53:48] 287    -2799.11 [    29414.0   16694.3   74930.4    3707.8   50000.0 ]
[24-10-31 14:53:49] 288    -2784.42 [    29414.0   16694.3   74930.4    3789.5   50000.0 ]
[24-10-31 14:53:49] 289    -2782.41 [    29414.0   16694.3   74930.4    3871.3   50000.0 ]
[24-10-31 14:53:49] 290    -2781.74 [    29414.0   16694.3   74930.4    3844.1   50000.0 ]
[24-10-31 14:53:49] 291    -2781.74 [    29414.0   16694.3   74930.4    3843.3   50000.0 ]
[24-10-31 14:53:50] 292    -2781.74 [    29414.0   16694.3   74930.4    3844.9   50000.0 ]
[24-10-31 14:53:50] 293    -2781.74 [    29414.0   16694.3   74930.4    3844.1   50000.0 ]
[24-10-31 14:53:50] 295    -2781.76 [    29414.0   16694.3   74930.4    3844.1   49998.4 ]
[24-10-31 14:53:50] 296    -2781.75 [    29414.0   16694.3   74930.4    3844.1   49999.4 ]
[24-10-31 14:53:51] 298    -2781.74 [    29414.0   16694.3   74930.4    3844.1   49999.7 ]
[24-10-31 14:53:51] 300    -2781.74 [    29414.0   16694.3   74930.4    3844.1   49999.9 ]
[24-10-31 14:53:51] 302    -2781.74 [    29414.0   16694.3   74930.4    3844.1   50000.0 ]
[24-10-31 14:53:51] 304    -2781.74 [    29414.0   16694.3   74930.4    3844.1   50000.0 ]
[24-10-31 14:53:51] 306    -2781.74 [    29414.0   16694.3   74930.4    3844.1   50000.0 ]
[24-10-31 14:53:52] 308    -2781.74 [    29414.0   16694.3   74930.4    3844.1   50000.0 ]
[24-10-31 14:53:52] 310    -2781.74 [    29414.0   16694.3   74930.4    3844.1   50000.0 ]
[24-10-31 14:53:52] 312    -2781.74 [    29414.0   16694.3   74930.4    3844.1   50000.0 ]
[24-10-31 14:53:52] 314    -2781.74 [    29414.0   16694.3   74930.4    3844.1   50000.0 ]
[24-10-31 14:53:53] 316    -2781.74 [    29414.0   16694.3   74930.4    3844.1   50000.0 ]
[24-10-31 14:53:53] 318    -2781.74 [    29414.0   16694.3   74930.4    3844.1   50000.0 ]
[24-10-31 14:53:53] 319    -2781.74 [    29414.0   16694.3   74930.4    3844.1   50000.0 ]
[24-10-31 14:53:53] 321    -2781.74 [    29414.0   16694.3   74930.4    3844.1   50000.0 ]
[24-10-31 14:53:54] 323    -2781.74 [    29414.0   16694.3   74930.4    3844.1   50000.0 ]
[24-10-31 14:53:54] 324    -2781.74 [    29414.0   16694.3   74930.4    3844.1   50000.0 ]
[24-10-31 14:53:54] 325    -2781.74 [    29414.0   16694.3   74930.4    3844.1   50000.0 ]
[24-10-31 14:53:54] 326    -2781.74 [    29414.0   16694.3   74930.4    3844.1   50000.0 ]
[24-10-31 14:53:55] 327    -2781.74 [    29414.0   16694.3   74930.4    3844.1   50000.0 ]
[24-10-31 14:53:55] 330    -2781.74 [    29414.0   16694.3   74930.4    3844.1   50000.0 ]
[24-10-31 14:53:55] 331    -2781.74 [    29415.0   16694.3   74930.4    3844.1   50000.0 ]
[24-10-31 14:53:55] 332    -2781.74 [    29416.7   16694.3   74930.4    3844.1   50000.0 ]
[24-10-31 14:53:55] 333    -2781.67 [    29584.7   16694.3   74930.4    3844.1   50000.0 ]
[24-10-31 14:53:56] 334    -2781.84 [    29856.7   16694.3   74930.4    3844.1   50000.0 ]
[24-10-31 14:53:56] 335    -2781.69 [    29688.6   16694.3   74930.4    3844.1   50000.0 ]
[24-10-31 14:53:56] 336    -2781.68 [    29520.5   16694.3   74930.4    3844.1   50000.0 ]
[24-10-31 14:53:56] 337    -2781.67 [    29587.7   16694.3   74930.4    3844.1   50000.0 ]
[24-10-31 14:53:57] 338    -2781.67 [    29589.4   16694.3   74930.4    3844.1   50000.0 ]
[24-10-31 14:53:57] 339    -2781.67 [    29587.7   16694.3   74930.4    3844.1   50000.0 ]
[24-10-31 14:53:57] 340    -2781.64 [    29587.7   16695.3   74930.4    3844.1   50000.0 ]
[24-10-31 14:53:57] 341     -2781.6 [    29587.7   16696.9   74930.4    3844.1   50000.0 ]
[24-10-31 14:53:58] 342    -2778.93 [    29587.7   16873.3   74930.4    3844.1   50000.0 ]
[24-10-31 14:53:58] 343    -2778.69 [    29587.7   16939.9   74930.4    3844.1   50000.0 ]
[24-10-31 14:53:58] 344    -2779.17 [    29587.7   17047.7   74930.4    3844.1   50000.0 ]
[24-10-31 14:53:58] 345    -2778.75 [    29587.7   16981.1   74930.4    3844.1   50000.0 ]
[24-10-31 14:53:59] 346    -2778.74 [    29587.7   16914.5   74930.4    3844.1   50000.0 ]
[24-10-31 14:53:59] 347    -2778.69 [    29587.7   16945.1   74930.4    3844.1   50000.0 ]
[24-10-31 14:53:59] 348    -2778.69 [    29587.7   16942.6   74930.4    3844.1   50000.0 ]
[24-10-31 14:53:59] 349    -2778.69 [    29587.7   16947.6   74930.4    3844.1   50000.0 ]
[24-10-31 14:53:59] 350    -2778.69 [    29587.7   16945.1   74930.4    3844.1   50000.0 ]
[24-10-31 14:54:00] 351     -2778.7 [    29587.7   16945.1   74931.4    3844.1   50000.0 ]
[24-10-31 14:54:00] 352    -2778.68 [    29587.7   16945.1   74928.8    3844.1   50000.0 ]
[24-10-31 14:54:00] 353    -2777.41 [    29587.7   16945.1   74752.4    3844.1   50000.0 ]
[24-10-31 14:54:00] 354    -2772.91 [    29587.7   16945.1   73406.3    3844.1   50000.0 ]
[24-10-31 14:54:01] 355    -2785.11 [    29587.7   16945.1   71228.2    3844.1   50000.0 ]
[24-10-31 14:54:01] 356     -2774.7 [    29587.7   16945.1   72574.3    3844.1   50000.0 ]
[24-10-31 14:54:01] 357    -2773.55 [    29587.7   16945.1   73920.4    3844.1   50000.0 ]
[24-10-31 14:54:01] 358    -2772.91 [    29587.7   16945.1   73421.5    3844.1   50000.0 ]
[24-10-31 14:54:02] 359    -2772.91 [    29587.7   16945.1   73436.6    3844.1   50000.0 ]
[24-10-31 14:54:02] 360    -2772.91 [    29587.7   16945.1   73421.5    3844.1   50000.0 ]
[24-10-31 14:54:02] 361    -2773.04 [    29587.7   16945.1   73421.5    3845.1   50000.0 ]
[24-10-31 14:54:02] 362    -2772.69 [    29587.7   16945.1   73421.5    3842.4   50000.0 ]
[24-10-31 14:54:02] 363    -2767.62 [    29587.7   16945.1   73421.5    3763.8   50000.0 ]
[24-10-31 14:54:03] 364    -2784.31 [    29587.7   16945.1   73421.5    3636.5   50000.0 ]
[24-10-31 14:54:03] 365    -2770.18 [    29587.7   16945.1   73421.5    3715.2   50000.0 ]
[24-10-31 14:54:03] 366    -2768.25 [    29587.7   16945.1   73421.5    3793.8   50000.0 ]
[24-10-31 14:54:03] 367    -2767.61 [    29587.7   16945.1   73421.5    3767.6   50000.0 ]
[24-10-31 14:54:03] 368    -2767.61 [    29587.7   16945.1   73421.5    3766.8   50000.0 ]
[24-10-31 14:54:04] 369    -2767.61 [    29587.7   16945.1   73421.5    3768.4   50000.0 ]
[24-10-31 14:54:04] 370    -2767.61 [    29587.7   16945.1   73421.5    3767.6   50000.0 ]
[24-10-31 14:54:04] 372    -2767.63 [    29587.7   16945.1   73421.5    3767.6   49998.4 ]
[24-10-31 14:54:04] 373    -2767.62 [    29587.7   16945.1   73421.5    3767.6   49999.4 ]
[24-10-31 14:54:05] 375    -2767.61 [    29587.7   16945.1   73421.5    3767.6   49999.7 ]
[24-10-31 14:54:05] 377    -2767.61 [    29587.7   16945.1   73421.5    3767.6   49999.9 ]
[24-10-31 14:54:05] 379    -2767.61 [    29587.7   16945.1   73421.5    3767.6   50000.0 ]
[24-10-31 14:54:05] 381    -2767.61 [    29587.7   16945.1   73421.5    3767.6   50000.0 ]
[24-10-31 14:54:05] 383    -2767.61 [    29587.7   16945.1   73421.5    3767.6   50000.0 ]
[24-10-31 14:54:06] 385    -2767.61 [    29587.7   16945.1   73421.5    3767.6   50000.0 ]
[24-10-31 14:54:06] 387    -2767.61 [    29587.7   16945.1   73421.5    3767.6   50000.0 ]
[24-10-31 14:54:06] 389    -2767.61 [    29587.7   16945.1   73421.5    3767.6   50000.0 ]
[24-10-31 14:54:06] 391    -2767.61 [    29587.7   16945.1   73421.5    3767.6   50000.0 ]
[24-10-31 14:54:06] 393    -2767.61 [    29587.7   16945.1   73421.5    3767.6   50000.0 ]
[24-10-31 14:54:07] 395    -2767.61 [    29587.7   16945.1   73421.5    3767.6   50000.0 ]
[24-10-31 14:54:07] 397    -2767.61 [    29587.7   16945.1   73421.5    3767.6   50000.0 ]
[24-10-31 14:54:07] 399    -2767.61 [    29587.7   16945.1   73421.5    3767.6   50000.0 ]
[24-10-31 14:54:07] 401    -2767.61 [    29587.7   16945.1   73421.5    3767.6   50000.0 ]
[24-10-31 14:54:08] 403    -2767.61 [    29587.7   16945.1   73421.5    3767.6   50000.0 ]
[24-10-31 14:54:08] 405    -2767.61 [    29587.7   16945.1   73421.5    3767.6   50000.0 ]
[24-10-31 14:54:08] 406    -2767.61 [    29587.7   16945.1   73421.5    3767.6   50000.0 ]
[24-10-31 14:54:08] 408    -2767.61 [    29587.7   16945.1   73421.5    3767.6   50000.0 ]
[24-10-31 14:54:08] 409    -2767.61 [    29587.7   16945.1   73421.5    3767.6   50000.0 ]
[24-10-31 14:54:09] 410    -2767.61 [    29587.7   16945.1   73421.5    3767.6   50000.0 ]
[24-10-31 14:54:09] 412    -2767.61 [    29587.7   16945.1   73421.5    3767.6   50000.0 ]
[24-10-31 14:54:09] 413    -2767.61 [    29587.7   16945.1   73421.5    3767.6   50000.0 ]
[24-10-31 14:54:09] 414    -2767.61 [    29587.7   16945.1   73421.5    3767.6   50000.0 ]
[24-10-31 14:54:09] 416    -2767.61 [    29587.7   16945.1   73421.5    3767.6   50000.0 ]
[24-10-31 14:54:10] 417    -2767.61 [    29588.7   16945.1   73421.5    3767.6   50000.0 ]
[24-10-31 14:54:10] 418    -2767.61 [    29590.3   16945.1   73421.5    3767.6   50000.0 ]
[24-10-31 14:54:10] 419    -2767.54 [    29751.5   16945.1   73421.5    3767.6   50000.0 ]
[24-10-31 14:54:10] 420     -2767.7 [    30012.5   16945.1   73421.5    3767.6   50000.0 ]
[24-10-31 14:54:11] 421    -2767.56 [    29851.2   16945.1   73421.5    3767.6   50000.0 ]
[24-10-31 14:54:11] 422    -2767.55 [    29689.9   16945.1   73421.5    3767.6   50000.0 ]
[24-10-31 14:54:11] 423    -2767.54 [    29754.2   16945.1   73421.5    3767.6   50000.0 ]
[24-10-31 14:54:11] 424    -2767.54 [    29755.9   16945.1   73421.5    3767.6   50000.0 ]
[24-10-31 14:54:11] 425    -2767.54 [    29754.2   16945.1   73421.5    3767.6   50000.0 ]
[24-10-31 14:54:12] 426    -2767.52 [    29754.2   16946.1   73421.5    3767.6   50000.0 ]
[24-10-31 14:54:12] 427    -2767.48 [    29754.2   16947.7   73421.5    3767.6   50000.0 ]
[24-10-31 14:54:12] 428    -2765.04 [    29754.2   17124.1   73421.5    3767.6   50000.0 ]
[24-10-31 14:54:12] 429    -2764.87 [    29754.2   17181.7   73421.5    3767.6   50000.0 ]
[24-10-31 14:54:12] 430    -2765.22 [    29754.2   17274.9   73421.5    3767.6   50000.0 ]
[24-10-31 14:54:13] 431    -2764.91 [    29754.2   17217.3   73421.5    3767.6   50000.0 ]
[24-10-31 14:54:13] 432     -2764.9 [    29754.2   17159.7   73421.5    3767.6   50000.0 ]
[24-10-31 14:54:13] 433    -2764.87 [    29754.2   17186.2   73421.5    3767.6   50000.0 ]
[24-10-31 14:54:13] 434    -2764.87 [    29754.2   17188.6   73421.5    3767.6   50000.0 ]
[24-10-31 14:54:14] 435    -2764.87 [    29754.2   17186.2   73421.5    3767.6   50000.0 ]
[24-10-31 14:54:14] 436    -2764.88 [    29754.2   17186.2   73422.5    3767.6   50000.0 ]
[24-10-31 14:54:14] 437    -2764.86 [    29754.2   17186.2   73419.9    3767.6   50000.0 ]
[24-10-31 14:54:14] 438    -2763.61 [    29754.2   17186.2   73243.5    3767.6   50000.0 ]
[24-10-31 14:54:14] 439    -2759.38 [    29754.2   17186.2   71956.0    3767.6   50000.0 ]
[24-10-31 14:54:15] 440    -2770.84 [    29754.2   17186.2   69872.6    3767.6   50000.0 ]
[24-10-31 14:54:15] 441    -2761.07 [    29754.2   17186.2   71160.2    3767.6   50000.0 ]
[24-10-31 14:54:15] 442    -2759.99 [    29754.2   17186.2   72447.8    3767.6   50000.0 ]
[24-10-31 14:54:15] 443    -2759.38 [    29754.2   17186.2   71970.6    3767.6   50000.0 ]
[24-10-31 14:54:16] 444    -2759.38 [    29754.2   17186.2   71985.1    3767.6   50000.0 ]
[24-10-31 14:54:16] 445    -2759.38 [    29754.2   17186.2   71970.6    3767.6   50000.0 ]
[24-10-31 14:54:16] 446    -2759.52 [    29754.2   17186.2   71970.6    3768.6   50000.0 ]
[24-10-31 14:54:16] 447    -2759.16 [    29754.2   17186.2   71970.6    3766.0   50000.0 ]
[24-10-31 14:54:17] 448    -2754.29 [    29754.2   17186.2   71970.6    3690.4   50000.0 ]
[24-10-31 14:54:17] 449    -2770.29 [    29754.2   17186.2   71970.6    3568.0   50000.0 ]
[24-10-31 14:54:17] 450    -2756.74 [    29754.2   17186.2   71970.6    3643.6   50000.0 ]
[24-10-31 14:54:17] 451     -2754.9 [    29754.2   17186.2   71970.6    3719.2   50000.0 ]
[24-10-31 14:54:18] 452    -2754.28 [    29754.2   17186.2   71970.6    3694.0   50000.0 ]
[24-10-31 14:54:18] 453    -2754.28 [    29754.2   17186.2   71970.6    3693.2   50000.0 ]
[24-10-31 14:54:18] 454    -2754.28 [    29754.2   17186.2   71970.6    3694.7   50000.0 ]
[24-10-31 14:54:18] 455    -2754.28 [    29754.2   17186.2   71970.6    3694.0   50000.0 ]
[24-10-31 14:54:18] 457     -2754.3 [    29754.2   17186.2   71970.6    3694.0   49998.4 ]
[24-10-31 14:54:19] 458    -2754.28 [    29754.2   17186.2   71970.6    3694.0   49999.4 ]
[24-10-31 14:54:19] 460    -2754.28 [    29754.2   17186.2   71970.6    3694.0   49999.7 ]
[24-10-31 14:54:19] 462    -2754.28 [    29754.2   17186.2   71970.6    3694.0   49999.9 ]
[24-10-31 14:54:19] 464    -2754.28 [    29754.2   17186.2   71970.6    3694.0   50000.0 ]
[24-10-31 14:54:20] 466    -2754.28 [    29754.2   17186.2   71970.6    3694.0   50000.0 ]
[24-10-31 14:54:20] 468    -2754.28 [    29754.2   17186.2   71970.6    3694.0   50000.0 ]
[24-10-31 14:54:20] 470    -2754.28 [    29754.2   17186.2   71970.6    3694.0   50000.0 ]
[24-10-31 14:54:20] 472    -2754.28 [    29754.2   17186.2   71970.6    3694.0   50000.0 ]
[24-10-31 14:54:21] 474    -2754.28 [    29754.2   17186.2   71970.6    3694.0   50000.0 ]
[24-10-31 14:54:21] 476    -2754.28 [    29754.2   17186.2   71970.6    3694.0   50000.0 ]
[24-10-31 14:54:21] 478    -2754.28 [    29754.2   17186.2   71970.6    3694.0   50000.0 ]
[24-10-31 14:54:21] 480    -2754.28 [    29754.2   17186.2   71970.6    3694.0   50000.0 ]
[24-10-31 14:54:22] 482    -2754.28 [    29754.2   17186.2   71970.6    3694.0   50000.0 ]
[24-10-31 14:54:22] 484    -2754.28 [    29754.2   17186.2   71970.6    3694.0   50000.0 ]
[24-10-31 14:54:22] 486    -2754.28 [    29754.2   17186.2   71970.6    3694.0   50000.0 ]
[24-10-31 14:54:22] 488    -2754.28 [    29754.2   17186.2   71970.6    3694.0   50000.0 ]
[24-10-31 14:54:23] 490    -2754.28 [    29754.2   17186.2   71970.6    3694.0   50000.0 ]
[24-10-31 14:54:23] 492    -2754.28 [    29754.2   17186.2   71970.6    3694.0   50000.0 ]
[24-10-31 14:54:23] 494    -2754.28 [    29754.2   17186.2   71970.6    3694.0   50000.0 ]
[24-10-31 14:54:23] 496    -2754.28 [    29754.2   17186.2   71970.6    3694.0   50000.0 ]
[24-10-31 14:54:23] 498    -2754.28 [    29754.2   17186.2   71970.6    3694.0   50000.0 ]
[24-10-31 14:54:24] 500    -2754.28 [    29754.2   17186.2   71970.6    3694.0   50000.0 ]
[24-10-31 14:54:24] 502    -2754.28 [    29754.2   17186.2   71970.6    3694.0   50000.0 ]
[24-10-31 14:54:24] 503    -2754.28 [    29754.2   17186.2   71970.6    3694.0   50000.0 ]
[24-10-31 14:54:24] 504    -2754.28 [    29754.2   17186.2   71970.6    3694.0   50000.0 ]
[24-10-31 14:54:25] 505    -2754.28 [    29754.2   17186.2   71970.6    3694.0   50000.0 ]
[24-10-31 14:54:25] 506    -2754.28 [    29754.2   17186.2   71970.6    3694.0   50000.0 ]
[24-10-31 14:54:25] 507    -2754.28 [    29754.2   17186.2   71970.6    3694.0   50000.0 ]
[24-10-31 14:54:25] 508    -2754.28 [    29754.2   17186.2   71970.6    3694.0   50000.0 ]
[24-10-31 14:54:26] 509    -2754.28 [    29754.2   17186.2   71970.6    3694.0   50000.0 ]
[24-10-31 14:54:26] 511    -2754.28 [    29754.2   17186.2   71970.6    3694.0   50000.0 ]
[24-10-31 14:54:26] 512    -2754.28 [    29755.2   17186.2   71970.6    3694.0   50000.0 ]
[24-10-31 14:54:26] 513    -2754.27 [    29756.9   17186.2   71970.6    3694.0   50000.0 ]
[24-10-31 14:54:27] 514    -2754.21 [    29913.3   17186.2   71970.6    3694.0   50000.0 ]
[24-10-31 14:54:27] 515    -2754.36 [    30166.3   17186.2   71970.6    3694.0   50000.0 ]
[24-10-31 14:54:27] 516    -2754.23 [    30009.9   17186.2   71970.6    3694.0   50000.0 ]
[24-10-31 14:54:27] 517    -2754.22 [    29853.5   17186.2   71970.6    3694.0   50000.0 ]
[24-10-31 14:54:27] 518    -2754.21 [    29915.8   17186.2   71970.6    3694.0   50000.0 ]
[24-10-31 14:54:28] 519    -2754.21 [    29917.4   17186.2   71970.6    3694.0   50000.0 ]
[24-10-31 14:54:28] 520    -2754.21 [    29915.8   17186.2   71970.6    3694.0   50000.0 ]
[24-10-31 14:54:28] 521    -2754.19 [    29915.8   17187.2   71970.6    3694.0   50000.0 ]
[24-10-31 14:54:28] 522    -2754.16 [    29915.8   17188.8   71970.6    3694.0   50000.0 ]
[24-10-31 14:54:29] 523    -2751.93 [    29915.8   17365.2   71970.6    3694.0   50000.0 ]
[24-10-31 14:54:29] 524    -2751.81 [    29915.8   17413.9   71970.6    3694.0   50000.0 ]
[24-10-31 14:54:29] 525    -2752.05 [    29915.8   17492.8   71970.6    3694.0   50000.0 ]
[24-10-31 14:54:29] 526    -2751.84 [    29915.8   17444.1   71970.6    3694.0   50000.0 ]
[24-10-31 14:54:30] 527    -2751.83 [    29915.8   17395.3   71970.6    3694.0   50000.0 ]
[24-10-31 14:54:30] 528    -2751.81 [    29915.8   17417.9   71970.6    3694.0   50000.0 ]
[24-10-31 14:54:30] 529    -2751.81 [    29915.8   17420.2   71970.6    3694.0   50000.0 ]
[24-10-31 14:54:30] 530    -2751.81 [    29915.8   17417.9   71970.6    3694.0   50000.0 ]
[24-10-31 14:54:31] 531    -2751.82 [    29915.8   17417.9   71971.6    3694.0   50000.0 ]
[24-10-31 14:54:31] 532     -2751.8 [    29915.8   17417.9   71969.0    3694.0   50000.0 ]
[24-10-31 14:54:31] 533    -2750.57 [    29915.8   17417.9   71792.6    3694.0   50000.0 ]
[24-10-31 14:54:31] 534    -2746.61 [    29915.8   17417.9   70562.5    3694.0   50000.0 ]
[24-10-31 14:54:31] 535    -2757.36 [    29915.8   17417.9   68572.2    3694.0   50000.0 ]
[24-10-31 14:54:32] 536     -2748.2 [    29915.8   17417.9   69802.3    3694.0   50000.0 ]
[24-10-31 14:54:32] 537    -2747.18 [    29915.8   17417.9   71032.4    3694.0   50000.0 ]
[24-10-31 14:54:32] 538    -2746.61 [    29915.8   17417.9   70576.6    3694.0   50000.0 ]
[24-10-31 14:54:32] 539    -2746.61 [    29915.8   17417.9   70590.6    3694.0   50000.0 ]
[24-10-31 14:54:33] 540    -2746.61 [    29915.8   17417.9   70576.6    3694.0   50000.0 ]
[24-10-31 14:54:33] 541    -2746.75 [    29915.8   17417.9   70576.6    3695.0   50000.0 ]
[24-10-31 14:54:33] 542     -2746.4 [    29915.8   17417.9   70576.6    3692.3   50000.0 ]
[24-10-31 14:54:33] 543    -2741.71 [    29915.8   17417.9   70576.6    3619.7   50000.0 ]
[24-10-31 14:54:34] 544    -2757.01 [    29915.8   17417.9   70576.6    3502.2   50000.0 ]
[24-10-31 14:54:34] 545    -2744.06 [    29915.8   17417.9   70576.6    3574.8   50000.0 ]
[24-10-31 14:54:34] 546     -2742.3 [    29915.8   17417.9   70576.6    3647.5   50000.0 ]
[24-10-31 14:54:34] 547     -2741.7 [    29915.8   17417.9   70576.6    3623.1   50000.0 ]
[24-10-31 14:54:34] 548     -2741.7 [    29915.8   17417.9   70576.6    3622.4   50000.0 ]
[24-10-31 14:54:35] 549     -2741.7 [    29915.8   17417.9   70576.6    3623.8   50000.0 ]
[24-10-31 14:54:35] 550     -2741.7 [    29915.8   17417.9   70576.6    3623.1   50000.0 ]
[24-10-31 14:54:35] 552    -2741.72 [    29915.8   17417.9   70576.6    3623.1   49998.4 ]
[24-10-31 14:54:35] 553    -2741.71 [    29915.8   17417.9   70576.6    3623.1   49999.4 ]
[24-10-31 14:54:36] 555     -2741.7 [    29915.8   17417.9   70576.6    3623.1   49999.7 ]
[24-10-31 14:54:36] 557     -2741.7 [    29915.8   17417.9   70576.6    3623.1   49999.9 ]
[24-10-31 14:54:36] 559     -2741.7 [    29915.8   17417.9   70576.6    3623.1   50000.0 ]
[24-10-31 14:54:36] 561     -2741.7 [    29915.8   17417.9   70576.6    3623.1   50000.0 ]
[24-10-31 14:54:37] 563     -2741.7 [    29915.8   17417.9   70576.6    3623.1   50000.0 ]
[24-10-31 14:54:37] 565     -2741.7 [    29915.8   17417.9   70576.6    3623.1   50000.0 ]
[24-10-31 14:54:37] 567     -2741.7 [    29915.8   17417.9   70576.6    3623.1   50000.0 ]
[24-10-31 14:54:37] 569     -2741.7 [    29915.8   17417.9   70576.6    3623.1   50000.0 ]
[24-10-31 14:54:38] 571     -2741.7 [    29915.8   17417.9   70576.6    3623.1   50000.0 ]
[24-10-31 14:54:38] 573     -2741.7 [    29915.8   17417.9   70576.6    3623.1   50000.0 ]
[24-10-31 14:54:38] 575     -2741.7 [    29915.8   17417.9   70576.6    3623.1   50000.0 ]
[24-10-31 14:54:38] 577     -2741.7 [    29915.8   17417.9   70576.6    3623.1   50000.0 ]
[24-10-31 14:54:39] 579     -2741.7 [    29915.8   17417.9   70576.6    3623.1   50000.0 ]
[24-10-31 14:54:39] 581     -2741.7 [    29915.8   17417.9   70576.6    3623.1   50000.0 ]
[24-10-31 14:54:39] 583     -2741.7 [    29915.8   17417.9   70576.6    3623.1   50000.0 ]
[24-10-31 14:54:39] 585     -2741.7 [    29915.8   17417.9   70576.6    3623.1   50000.0 ]
[24-10-31 14:54:39] 587     -2741.7 [    29915.8   17417.9   70576.6    3623.1   50000.0 ]
[24-10-31 14:54:40] 589     -2741.7 [    29915.8   17417.9   70576.6    3623.1   50000.0 ]
[24-10-31 14:54:40] 591     -2741.7 [    29915.8   17417.9   70576.6    3623.1   50000.0 ]
[24-10-31 14:54:40] 593     -2741.7 [    29915.8   17417.9   70576.6    3623.1   50000.0 ]
[24-10-31 14:54:40] 594     -2741.7 [    29915.8   17417.9   70576.6    3623.1   50000.0 ]
[24-10-31 14:54:41] 595     -2741.7 [    29915.8   17417.9   70576.6    3623.1   50000.0 ]
[24-10-31 14:54:41] 596     -2741.7 [    29915.8   17417.9   70576.6    3623.1   50000.0 ]
[24-10-31 14:54:41] 597     -2741.7 [    29915.8   17417.9   70576.6    3623.1   50000.0 ]
[24-10-31 14:54:41] 598     -2741.7 [    29915.8   17417.9   70576.6    3623.1   50000.0 ]
[24-10-31 14:54:42] 599     -2741.7 [    29915.8   17417.9   70576.6    3623.1   50000.0 ]
[24-10-31 14:54:42] 600     -2741.7 [    29915.8   17417.9   70576.6    3623.1   50000.0 ]
[24-10-31 14:54:42] 601     -2741.7 [    29915.8   17417.9   70576.6    3623.1   50000.0 ]
[24-10-31 14:54:42] 602     -2741.7 [    29915.8   17417.9   70576.6    3623.1   50000.0 ]
[24-10-31 14:54:43] 603     -2741.7 [    29915.8   17417.9   70576.6    3623.1   50000.0 ]
[24-10-31 14:54:43] 604    -2729.36 [    30077.3   17649.6   69182.6    3552.2   50000.0 ]
[24-10-31 14:54:43] 605     -2741.7 [    29915.8   17417.9   70576.6    3623.1   50000.0 ]
[24-10-31 14:54:43] 606    -2729.36 [    30077.3   17649.6   69182.6    3552.2   50000.0 ]
[24-10-31 14:54:43] 607    -2709.88 [    30338.7   18024.5   66927.1    3437.6   50000.0 ]
[24-10-31 14:54:44] 609    -2530.91 [    33449.8   22486.7   40080.1    2073.0   50000.0 ]
[24-10-31 14:54:44] 611    -2607.29 [    31894.3   20255.6   53503.6    2755.3   50000.0 ]
[24-10-31 14:54:44] 613    -2556.51 [    32855.6   21634.5   45207.4    2333.6   50000.0 ]
[24-10-31 14:54:44] 615    -2540.11 [    33222.9   22161.2   42038.5    2172.6   50000.0 ]
[24-10-31 14:54:45] 617    -2534.34 [    33363.1   22362.4   40828.1    2111.0   50000.0 ]
[24-10-31 14:54:45] 619    -2532.29 [    33414.5   22436.1   40385.0    2088.5   50000.0 ]
[24-10-31 14:54:45] 620    -2530.91 [    33449.8   22486.7   40080.1    2073.0   50000.0 ]
[24-10-31 14:54:45] 621    -2530.91 [    33450.8   22486.7   40080.1    2073.0   50000.0 ]
[24-10-31 14:54:46] 622    -2530.91 [    33452.4   22486.7   40080.1    2073.0   50000.0 ]
[24-10-31 14:54:46] 623    -2530.75 [    33628.8   22486.7   40080.1    2073.0   50000.0 ]
[24-10-31 14:54:46] 624    -2530.69 [    33820.9   22486.7   40080.1    2073.0   50000.0 ]
[24-10-31 14:54:46] 625    -2530.83 [    34131.6   22486.7   40080.1    2073.0   50000.0 ]
[24-10-31 14:54:47] 626    -2530.71 [    33939.6   22486.7   40080.1    2073.0   50000.0 ]
[24-10-31 14:54:47] 627     -2530.7 [    33747.5   22486.7   40080.1    2073.0   50000.0 ]
[24-10-31 14:54:47] 628    -2530.69 [    33829.0   22486.7   40080.1    2073.0   50000.0 ]
[24-10-31 14:54:47] 629    -2530.69 [    33825.2   22486.7   40080.1    2073.0   50000.0 ]
[24-10-31 14:54:47] 630    -2530.69 [    33832.8   22486.7   40080.1    2073.0   50000.0 ]
[24-10-31 14:54:48] 631    -2530.69 [    33829.0   22486.7   40080.1    2073.0   50000.0 ]
[24-10-31 14:54:48] 632     -2530.7 [    33829.0   22487.7   40080.1    2073.0   50000.0 ]
[24-10-31 14:54:48] 633    -2530.68 [    33829.0   22485.1   40080.1    2073.0   50000.0 ]
[24-10-31 14:54:48] 634    -2530.49 [    33829.0   22399.3   40080.1    2073.0   50000.0 ]
[24-10-31 14:54:49] 635    -2531.03 [    33829.0   22260.5   40080.1    2073.0   50000.0 ]
[24-10-31 14:54:49] 636    -2530.57 [    33829.0   22346.3   40080.1    2073.0   50000.0 ]
[24-10-31 14:54:49] 637    -2530.51 [    33829.0   22432.1   40080.1    2073.0   50000.0 ]
[24-10-31 14:54:49] 638    -2530.49 [    33829.0   22400.3   40080.1    2073.0   50000.0 ]
[24-10-31 14:54:50] 639    -2530.49 [    33829.0   22401.1   40080.1    2073.0   50000.0 ]
[24-10-31 14:54:50] 640    -2530.49 [    33829.0   22400.3   40080.1    2073.0   50000.0 ]
[24-10-31 14:54:50] 642    -2530.49 [    33829.0   22400.3   40080.1    2073.0   49998.4 ]
[24-10-31 14:54:50] 643    -2530.49 [    33829.0   22400.3   40080.1    2073.0   49999.4 ]
[24-10-31 14:54:51] 645    -2530.49 [    33829.0   22400.3   40080.1    2073.0   49999.7 ]
[24-10-31 14:54:51] 647    -2530.49 [    33829.0   22400.3   40080.1    2073.0   49999.9 ]
[24-10-31 14:54:51] 649    -2530.49 [    33829.0   22400.3   40080.1    2073.0   50000.0 ]
[24-10-31 14:54:51] 651    -2530.49 [    33829.0   22400.3   40080.1    2073.0   50000.0 ]
[24-10-31 14:54:51] 653    -2530.49 [    33829.0   22400.3   40080.1    2073.0   50000.0 ]
[24-10-31 14:54:52] 655    -2530.49 [    33829.0   22400.3   40080.1    2073.0   50000.0 ]
[24-10-31 14:54:52] 657    -2530.49 [    33829.0   22400.3   40080.1    2073.0   50000.0 ]
[24-10-31 14:54:52] 659    -2530.49 [    33829.0   22400.3   40080.1    2073.0   50000.0 ]
[24-10-31 14:54:52] 661    -2530.49 [    33829.0   22400.3   40080.1    2073.0   50000.0 ]
[24-10-31 14:54:53] 663    -2530.49 [    33829.0   22400.3   40080.1    2073.0   50000.0 ]
[24-10-31 14:54:53] 665    -2530.49 [    33829.0   22400.3   40080.1    2073.0   50000.0 ]
[24-10-31 14:54:53] 667    -2530.49 [    33829.0   22400.3   40080.1    2073.0   50000.0 ]
[24-10-31 14:54:53] 669    -2530.49 [    33829.0   22400.3   40080.1    2073.0   50000.0 ]
[24-10-31 14:54:54] 671    -2530.49 [    33829.0   22400.3   40080.1    2073.0   50000.0 ]
[24-10-31 14:54:54] 673    -2530.49 [    33829.0   22400.3   40080.1    2073.0   50000.0 ]
[24-10-31 14:54:54] 675    -2530.49 [    33829.0   22400.3   40080.1    2073.0   50000.0 ]
[24-10-31 14:54:54] 676    -2530.49 [    33829.0   22400.3   40080.1    2073.0   50000.0 ]
[24-10-31 14:54:55] 677    -2530.49 [    33829.0   22400.3   40080.1    2073.0   50000.0 ]
[24-10-31 14:54:55] 678    -2530.49 [    33829.0   22400.3   40080.1    2073.0   50000.0 ]
[24-10-31 14:54:55] 680    -2530.49 [    33829.0   22400.3   40080.1    2073.0   50000.0 ]
[24-10-31 14:54:55] 682    -2530.49 [    33829.0   22400.3   40080.1    2073.0   50000.0 ]
[24-10-31 14:54:56] 683    -2530.49 [    33829.0   22400.3   40080.1    2073.0   50000.0 ]
[24-10-31 14:54:56] 684    -2530.49 [    33829.0   22400.3   40080.1    2073.0   50000.0 ]
[24-10-31 14:54:56] 685    -2530.49 [    33829.0   22400.3   40080.1    2073.0   50000.0 ]
[24-10-31 14:54:56] 686    -2530.61 [    33829.0   22400.3   40080.1    2074.0   50000.0 ]
[24-10-31 14:54:56] 687    -2530.29 [    33829.0   22400.3   40080.1    2071.4   50000.0 ]
[24-10-31 14:54:57] 688    -2529.18 [    33829.0   22400.3   40080.1    2051.7   50000.0 ]
[24-10-31 14:54:57] 689    -2532.44 [    33829.0   22400.3   40080.1    2019.9   50000.0 ]
[24-10-31 14:54:57] 690    -2529.67 [    33829.0   22400.3   40080.1    2039.6   50000.0 ]
[24-10-31 14:54:57] 691    -2529.33 [    33829.0   22400.3   40080.1    2059.2   50000.0 ]
[24-10-31 14:54:58] 692    -2529.18 [    33829.0   22400.3   40080.1    2052.2   50000.0 ]
[24-10-31 14:54:58] 693    -2529.18 [    33829.0   22400.3   40080.1    2052.0   50000.0 ]
[24-10-31 14:54:58] 694    -2529.18 [    33829.0   22400.3   40080.1    2052.4   50000.0 ]
[24-10-31 14:54:58] 695    -2529.18 [    33829.0   22400.3   40080.1    2052.2   50000.0 ]
[24-10-31 14:54:59] 703    -2535.99 [    33669.7   22171.8   41455.0    2122.1   50000.0 ]
[24-10-31 14:54:59] 704    -2532.55 [    33749.3   22286.0   40767.5    2087.2   50000.0 ]
[24-10-31 14:54:59] 705    -2530.46 [    33798.6   22356.6   40342.7    2065.6   50000.0 ]
[24-10-31 14:54:59] 706    -2529.67 [    33817.4   22383.6   40180.4    2057.3   50000.0 ]
[24-10-31 14:55:00] 708    -2529.37 [    33824.6   22393.9   40118.4    2054.2   50000.0 ]
[24-10-31 14:55:00] 709    -2529.03 [    33832.6   22405.4   40049.1    2050.6   50000.0 ]
[24-10-31 14:55:00] 710    -2528.94 [    33834.8   22408.6   40029.9    2049.7   50000.0 ]
[24-10-31 14:55:00] 711    -2528.88 [    33836.2   22410.6   40018.1    2049.1   50000.0 ]
[24-10-31 14:55:00] 712    -2528.85 [    33837.0   22411.8   40010.8    2048.7   50000.0 ]
[24-10-31 14:55:01] 713    -2528.82 [    33837.6   22412.6   40006.2    2048.5   50000.0 ]
[24-10-31 14:55:01] 714    -2528.81 [    33837.9   22413.0   40003.4    2048.3   50000.0 ]
[24-10-31 14:55:01] 715     -2528.8 [    33838.1   22413.3   40001.7    2048.2   50000.0 ]
[24-10-31 14:55:01] 716     -2528.8 [    33838.2   22413.5   40000.6    2048.2   50000.0 ]
[24-10-31 14:55:02] 719     -2528.8 [    33838.2   22413.5   40000.6    2048.2   50000.0 ]
[24-10-31 14:55:02] 720     -2528.8 [    33839.2   22413.5   40000.6    2048.2   50000.0 ]
[24-10-31 14:55:02] 721     -2528.8 [    33836.6   22413.5   40000.6    2048.2   50000.0 ]
[24-10-31 14:55:02] 722    -2528.77 [    33713.9   22413.5   40000.6    2048.2   50000.0 ]
[24-10-31 14:55:03] 723    -2528.84 [    33515.3   22413.5   40000.6    2048.2   50000.0 ]
[24-10-31 14:55:03] 724    -2528.78 [    33638.0   22413.5   40000.6    2048.2   50000.0 ]
[24-10-31 14:55:03] 725    -2528.78 [    33760.7   22413.5   40000.6    2048.2   50000.0 ]
[24-10-31 14:55:03] 726    -2528.77 [    33715.2   22413.5   40000.6    2048.2   50000.0 ]
[24-10-31 14:55:04] 727    -2528.77 [    33716.4   22413.5   40000.6    2048.2   50000.0 ]
[24-10-31 14:55:04] 728    -2528.77 [    33715.2   22413.5   40000.6    2048.2   50000.0 ]
[24-10-31 14:55:04] 729    -2528.77 [    33715.2   22414.5   40000.6    2048.2   50000.0 ]
[24-10-31 14:55:04] 730    -2528.77 [    33715.2   22416.1   40000.6    2048.2   50000.0 ]
[24-10-31 14:55:04] 731    -2528.73 [    33715.2   22454.0   40000.6    2048.2   50000.0 ]
[24-10-31 14:55:05] 732    -2528.83 [    33715.2   22515.4   40000.6    2048.2   50000.0 ]
[24-10-31 14:55:05] 733    -2528.74 [    33715.2   22477.5   40000.6    2048.2   50000.0 ]
[24-10-31 14:55:05] 734    -2528.73 [    33715.2   22439.6   40000.6    2048.2   50000.0 ]
[24-10-31 14:55:05] 735    -2528.73 [    33715.2   22454.4   40000.6    2048.2   50000.0 ]
[24-10-31 14:55:06] 736    -2528.73 [    33715.2   22453.6   40000.6    2048.2   50000.0 ]
[24-10-31 14:55:06] 737    -2528.73 [    33715.2   22454.0   40000.6    2048.2   50000.0 ]
[24-10-31 14:55:06] 739    -2528.74 [    33715.2   22454.0   40000.6    2048.2   49998.4 ]
[24-10-31 14:55:06] 740    -2528.73 [    33715.2   22454.0   40000.6    2048.2   49999.4 ]
[24-10-31 14:55:07] 742    -2528.73 [    33715.2   22454.0   40000.6    2048.2   49999.7 ]
[24-10-31 14:55:07] 744    -2528.73 [    33715.2   22454.0   40000.6    2048.2   49999.9 ]
[24-10-31 14:55:07] 746    -2528.73 [    33715.2   22454.0   40000.6    2048.2   50000.0 ]
[24-10-31 14:55:07] 748    -2528.73 [    33715.2   22454.0   40000.6    2048.2   50000.0 ]
[24-10-31 14:55:08] 750    -2528.73 [    33715.2   22454.0   40000.6    2048.2   50000.0 ]
[24-10-31 14:55:08] 752    -2528.73 [    33715.2   22454.0   40000.6    2048.2   50000.0 ]
[24-10-31 14:55:08] 754    -2528.73 [    33715.2   22454.0   40000.6    2048.2   50000.0 ]
[24-10-31 14:55:08] 756    -2528.73 [    33715.2   22454.0   40000.6    2048.2   50000.0 ]
[24-10-31 14:55:09] 758    -2528.73 [    33715.2   22454.0   40000.6    2048.2   50000.0 ]
[24-10-31 14:55:09] 760    -2528.73 [    33715.2   22454.0   40000.6    2048.2   50000.0 ]
[24-10-31 14:55:09] 762    -2528.73 [    33715.2   22454.0   40000.6    2048.2   50000.0 ]
[24-10-31 14:55:09] 764    -2528.73 [    33715.2   22454.0   40000.6    2048.2   50000.0 ]
[24-10-31 14:55:09] 766    -2528.73 [    33715.2   22454.0   40000.6    2048.2   50000.0 ]
[24-10-31 14:55:10] 768    -2528.73 [    33715.2   22454.0   40000.6    2048.2   50000.0 ]
[24-10-31 14:55:10] 770    -2528.73 [    33715.2   22454.0   40000.6    2048.2   50000.0 ]
[24-10-31 14:55:10] 772    -2528.73 [    33715.2   22454.0   40000.6    2048.2   50000.0 ]
[24-10-31 14:55:10] 774    -2528.73 [    33715.2   22454.0   40000.6    2048.2   50000.0 ]
[24-10-31 14:55:11] 776    -2528.73 [    33715.2   22454.0   40000.6    2048.2   50000.0 ]
[24-10-31 14:55:11] 777    -2528.73 [    33715.2   22454.0   40000.6    2048.2   50000.0 ]
[24-10-31 14:55:11] 779    -2528.73 [    33715.2   22454.0   40000.6    2048.2   50000.0 ]
[24-10-31 14:55:11] 780    -2528.73 [    33715.2   22454.0   40000.6    2048.2   50000.0 ]
[24-10-31 14:55:12] 781    -2528.73 [    33715.2   22454.0   40000.6    2048.2   50000.0 ]
[24-10-31 14:55:12] 782    -2528.73 [    33715.2   22454.0   40000.6    2048.2   50000.0 ]
[24-10-31 14:55:12] 783    -2528.73 [    33715.2   22454.0   40000.6    2048.2   50000.0 ]
[24-10-31 14:55:12] 784    -2528.73 [    33715.2   22454.0   40000.6    2048.2   50000.0 ]
[24-10-31 14:55:12] 785    -2528.73 [    33715.2   22454.0   40000.6    2048.2   50000.0 ]
[24-10-31 14:55:13] 786    -2528.73 [    33715.2   22454.0   40000.6    2048.2   50000.0 ]
[24-10-31 14:55:13] 787    -2528.73 [    33715.2   22454.0   40000.6    2048.2   50000.0 ]
[24-10-31 14:55:13] 788    -2528.73 [    33715.2   22454.0   40000.6    2048.2   50000.0 ]
[24-10-31 14:55:13] 789    -2528.73 [    33715.2   22454.0   40000.6    2048.2   50000.0 ]
[24-10-31 14:55:14] 790    -2528.74 [    33715.2   22454.0   40000.6    2049.2   50000.0 ]
[24-10-31 14:55:14] 791    -2528.73 [    33715.2   22454.0   40000.6    2046.6   50000.0 ]
[24-10-31 14:55:14] 792    -2528.73 [    33715.2   22454.0   40000.6    2047.2   50000.0 ]
[24-10-31 14:55:14] 793    -2528.73 [    33715.2   22454.0   40000.6    2047.6   50000.0 ]
[24-10-31 14:55:15] 794    -2528.73 [    33715.2   22454.0   40000.6    2047.0   50000.0 ]
[24-10-31 14:55:15] 795    -2528.73 [    33715.2   22454.0   40000.6    2047.2   50000.0 ]
[24-10-31 14:55:15] 796    -2528.73 [    33715.2   22454.0   40000.6    2047.2   50000.0 ]
[24-10-31 14:55:15] 797    -2528.73 [    33715.2   22454.0   40000.6    2047.2   50000.0 ]
[24-10-31 14:55:16] 806    -2531.54 [    33647.8   22357.4   40581.9    2076.7   50000.0 ]
[24-10-31 14:55:16] 807    -2530.12 [    33681.5   22405.7   40291.3    2062.0   50000.0 ]
[24-10-31 14:55:16] 808    -2529.26 [    33702.3   22435.6   40111.7    2052.8   50000.0 ]
[24-10-31 14:55:16] 810    -2528.93 [    33710.3   22447.0   40043.0    2049.3   50000.0 ]
[24-10-31 14:55:16] 812     -2528.8 [    33713.3   22451.4   40016.8    2048.0   50000.0 ]
[24-10-31 14:55:17] 814    -2528.76 [    33714.5   22453.0   40006.8    2047.5   50000.0 ]
[24-10-31 14:55:17] 816    -2528.74 [    33714.9   22453.7   40003.0    2047.3   50000.0 ]
[24-10-31 14:55:17] 818    -2528.73 [    33715.1   22453.9   40001.6    2047.2   50000.0 ]
[24-10-31 14:55:17] 820    -2528.73 [    33715.2   22454.0   40001.0    2047.2   50000.0 ]
[24-10-31 14:55:18] 821    -2528.72 [    33715.2   22454.1   40000.4    2047.2   50000.0 ]
[24-10-31 14:55:18] 822    -2528.72 [    33715.3   22454.1   40000.2    2047.2   50000.0 ]
[24-10-31 14:55:18] 823    -2528.72 [    33715.3   22454.1   40000.1    2047.2   50000.0 ]
[24-10-31 14:55:18] 824    -2528.72 [    33715.3   22454.1   40000.1    2047.2   50000.0 ]
[24-10-31 14:55:19] 825    -2528.72 [    33715.3   22454.1   40000.0    2047.2   50000.0 ]
[24-10-31 14:55:19] 826    -2528.72 [    33715.3   22454.1   40000.0    2047.2   50000.0 ]
[24-10-31 14:55:19] 827    -2528.72 [    33715.3   22454.2   40000.0    2047.2   50000.0 ]
[24-10-31 14:55:19] 828    -2528.72 [    33715.3   22454.2   40000.0    2047.2   50000.0 ]
Optimization terminated successfully.
         Current function value: 2528.722935
         Iterations: 10
         Function evaluations: 829
[24-10-31 14:55:19] 829      fit p: [    33715.3   22454.2   40000.0    2047.2   50000.0 ]
method: Powell
objective_func: objective_H2
fopt: -2528.722934508414
max_iter: 100
num_iter: 10
func_calls: 829
flag: 0
u_fitted: False
u: 1.111e-08
