[24-10-31 15:02:51] fitting objective_H2 to data for demes ['French', 'KhomaniSan', 'Yoruba']
[24-10-31 15:02:51] 0        pnames [         NK       NFY       TFY        NF        NY ]
[24-10-31 15:02:51] 0            p0 [    23561.9   17827.0   75627.2    5142.3   20287.8 ]
[24-10-31 15:02:51] 1     -14908.35 [    23561.9   17827.0   75627.2    5142.3   20287.8 ]
[24-10-31 15:02:51] 2     -14908.35 [    23561.9   17827.0   75627.2    5142.3   20287.8 ]
[24-10-31 15:02:51] 3     -14908.34 [    23562.9   17827.0   75627.2    5142.3   20287.8 ]
[24-10-31 15:02:51] 4     -14908.33 [    23564.5   17827.0   75627.2    5142.3   20287.8 ]
[24-10-31 15:02:52] 5     -14907.36 [    23740.9   17827.0   75627.2    5142.3   20287.8 ]
[24-10-31 15:02:52] 6     -14904.97 [    24620.8   17827.0   75627.2    5142.3   20287.8 ]
[24-10-31 15:02:52] 7      -14908.3 [    26044.6   17827.0   75627.2    5142.3   20287.8 ]
[24-10-31 15:02:52] 8      -14905.3 [    25164.7   17827.0   75627.2    5142.3   20287.8 ]
[24-10-31 15:02:53] 9     -14905.43 [    24284.7   17827.0   75627.2    5142.3   20287.8 ]
[24-10-31 15:02:53] 10    -14904.94 [    24757.5   17827.0   75627.2    5142.3   20287.8 ]
[24-10-31 15:02:53] 11    -14904.94 [    24745.6   17827.0   75627.2    5142.3   20287.8 ]
[24-10-31 15:02:53] 12    -14904.94 [    24733.7   17827.0   75627.2    5142.3   20287.8 ]
[24-10-31 15:02:53] 13    -14904.94 [    24745.6   17827.0   75627.2    5142.3   20287.8 ]
[24-10-31 15:02:54] 14    -14905.22 [    24745.6   17828.0   75627.2    5142.3   20287.8 ]
[24-10-31 15:02:54] 15    -14904.48 [    24745.6   17825.4   75627.2    5142.3   20287.8 ]
[24-10-31 15:02:54] 16    -14903.74 [    24745.6   17822.8   75627.2    5142.3   20287.8 ]
[24-10-31 15:02:54] 17    -14902.54 [    24745.6   17818.6   75627.2    5142.3   20287.8 ]
[24-10-31 15:02:55] 18    -14900.61 [    24745.6   17811.7   75627.2    5142.3   20287.8 ]
[24-10-31 15:02:55] 19    -14897.47 [    24745.6   17800.6   75627.2    5142.3   20287.8 ]
[24-10-31 15:02:55] 20     -14892.4 [    24745.6   17782.7   75627.2    5142.3   20287.8 ]
[24-10-31 15:02:55] 21    -14884.19 [    24745.6   17753.6   75627.2    5142.3   20287.8 ]
[24-10-31 15:02:55] 22    -14870.91 [    24745.6   17706.7   75627.2    5142.3   20287.8 ]
[24-10-31 15:02:56] 23     -14849.4 [    24745.6   17630.6   75627.2    5142.3   20287.8 ]
[24-10-31 15:02:56] 24    -14814.57 [    24745.6   17507.7   75627.2    5142.3   20287.8 ]
[24-10-31 15:02:56] 25    -14758.18 [    24745.6   17308.7   75627.2    5142.3   20287.8 ]
[24-10-31 15:02:56] 26    -14666.88 [    24745.6   16986.7   75627.2    5142.3   20287.8 ]
[24-10-31 15:02:57] 27    -14519.47 [    24745.6   16465.7   75627.2    5142.3   20287.8 ]
[24-10-31 15:02:57] 30     -14487.9 [    24745.6    8180.2   75627.2    5142.3   20287.8 ]
[24-10-31 15:02:57] 31    -13520.33 [    24745.6   12322.9   75627.2    5142.3   20287.8 ]
[24-10-31 15:02:57] 32    -13512.26 [    24745.6   12267.9   75627.2    5142.3   20287.8 ]
[24-10-31 15:02:57] 33     -13430.5 [    24745.6   11507.3   75627.2    5142.3   20287.8 ]
[24-10-31 15:02:58] 34     -13470.9 [    24745.6   10236.5   75627.2    5142.3   20287.8 ]
[24-10-31 15:02:58] 35    -13414.69 [    24745.6   11103.7   75627.2    5142.3   20287.8 ]
[24-10-31 15:02:58] 36    -13414.31 [    24745.6   11036.5   75627.2    5142.3   20287.8 ]
[24-10-31 15:02:58] 37    -13414.65 [    24745.6   10968.6   75627.2    5142.3   20287.8 ]
[24-10-31 15:02:59] 38    -13414.31 [    24745.6   11036.5   75627.2    5142.3   20287.8 ]
[24-10-31 15:02:59] 39    -13414.33 [    24745.6   11036.5   75628.2    5142.3   20287.8 ]
[24-10-31 15:02:59] 40     -13414.3 [    24745.6   11036.5   75625.6    5142.3   20287.8 ]
[24-10-31 15:02:59] 41     -13412.4 [    24745.6   11036.5   75449.2    5142.3   20287.8 ]
[24-10-31 15:02:59] 42    -13396.01 [    24745.6   11036.5   72329.7    5142.3   20287.8 ]
[24-10-31 15:03:00] 43     -13437.9 [    24745.6   11036.5   67282.2    5142.3   20287.8 ]
[24-10-31 15:03:00] 44    -13402.08 [    24745.6   11036.5   70401.7    5142.3   20287.8 ]
[24-10-31 15:03:00] 45    -13398.43 [    24745.6   11036.5   73521.2    5142.3   20287.8 ]
[24-10-31 15:03:00] 46    -13396.01 [    24745.6   11036.5   72296.7    5142.3   20287.8 ]
[24-10-31 15:03:01] 47    -13396.01 [    24745.6   11036.5   72362.7    5142.3   20287.8 ]
[24-10-31 15:03:01] 48    -13396.01 [    24745.6   11036.5   72329.7    5142.3   20287.8 ]
[24-10-31 15:03:01] 49    -13396.64 [    24745.6   11036.5   72329.7    5143.3   20287.8 ]
[24-10-31 15:03:01] 50    -13394.98 [    24745.6   11036.5   72329.7    5140.7   20287.8 ]
[24-10-31 15:03:02] 51    -13287.11 [    24745.6   11036.5   72329.7    4964.3   20287.8 ]
[24-10-31 15:03:02] 52    -14535.14 [    24745.6   11036.5   72329.7    2594.6   20287.8 ]
[24-10-31 15:03:02] 53    -12933.61 [    24745.6   11036.5   72329.7    4059.2   20287.8 ]
[24-10-31 15:03:02] 54    -13041.37 [    24745.6   11036.5   72329.7    3499.8   20287.8 ]
[24-10-31 15:03:03] 55    -12930.12 [    24745.6   11036.5   72329.7    4021.4   20287.8 ]
[24-10-31 15:03:03] 56    -12927.16 [    24745.6   11036.5   72329.7    3955.8   20287.8 ]
[24-10-31 15:03:03] 57    -12927.05 [    24745.6   11036.5   72329.7    3938.7   20287.8 ]
[24-10-31 15:03:03] 58    -12927.15 [    24745.6   11036.5   72329.7    3926.6   20287.8 ]
[24-10-31 15:03:04] 59    -12927.05 [    24745.6   11036.5   72329.7    3938.7   20287.8 ]
[24-10-31 15:03:04] 60    -12926.88 [    24745.6   11036.5   72329.7    3938.7   20288.8 ]
[24-10-31 15:03:04] 61     -12926.6 [    24745.6   11036.5   72329.7    3938.7   20290.5 ]
[24-10-31 15:03:04] 62     -12896.5 [    24745.6   11036.5   72329.7    3938.7   20466.8 ]
[24-10-31 15:03:04] 63    -12078.67 [    24745.6   11036.5   72329.7    3938.7   27780.3 ]
[24-10-31 15:03:05] 64    -11542.34 [    24745.6   11036.5   72329.7    3938.7   39613.8 ]
[24-10-31 15:03:05] 65    -11525.91 [    24745.6   11036.5   72329.7    3938.7   40221.8 ]
[24-10-31 15:03:05] 66    -11500.72 [    24745.6   11036.5   72329.7    3938.7   41205.5 ]
[24-10-31 15:03:05] 68    -11388.83 [    24745.6   11036.5   72329.7    3938.7   46525.8 ]
[24-10-31 15:03:06] 69    -11335.44 [    24745.6   11036.5   72329.7    3938.7   49813.9 ]
[24-10-31 15:03:06] 71    -11354.68 [    24745.6   11036.5   72329.7    3938.7   48558.0 ]
[24-10-31 15:03:06] 73    -11342.64 [    24745.6   11036.5   72329.7    3938.7   49334.2 ]
[24-10-31 15:03:06] 76    -11335.44 [    24745.6   11036.5   72329.7    3938.7   49813.9 ]
[24-10-31 15:03:07] 77    -11335.45 [    24746.6   11036.5   72329.7    3938.7   49813.9 ]
[24-10-31 15:03:07] 78    -11335.43 [    24744.0   11036.5   72329.7    3938.7   49813.9 ]
[24-10-31 15:03:07] 79     -11334.3 [    24567.6   11036.5   72329.7    3938.7   49813.9 ]
[24-10-31 15:03:07] 80    -11330.43 [    23045.9   11036.5   72329.7    3938.7   49813.9 ]
[24-10-31 15:03:08] 81     -11355.8 [    20583.8   11036.5   72329.7    3938.7   49813.9 ]
[24-10-31 15:03:08] 82    -11334.59 [    22105.5   11036.5   72329.7    3938.7   49813.9 ]
[24-10-31 15:03:08] 83    -11330.54 [    23627.1   11036.5   72329.7    3938.7   49813.9 ]
[24-10-31 15:03:08] 84    -11330.24 [    23304.9   11036.5   72329.7    3938.7   49813.9 ]
[24-10-31 15:03:09] 85    -11330.25 [    23290.5   11036.5   72329.7    3938.7   49813.9 ]
[24-10-31 15:03:09] 86    -11330.25 [    23319.3   11036.5   72329.7    3938.7   49813.9 ]
[24-10-31 15:03:09] 87    -11330.24 [    23304.9   11036.5   72329.7    3938.7   49813.9 ]
[24-10-31 15:03:09] 88    -11330.22 [    23304.9   11037.5   72329.7    3938.7   49813.9 ]
[24-10-31 15:03:10] 89    -11330.18 [    23304.9   11039.1   72329.7    3938.7   49813.9 ]
[24-10-31 15:03:10] 90    -11328.32 [    23304.9   11183.7   72329.7    3938.7   49813.9 ]
[24-10-31 15:03:10] 91    -11332.39 [    23304.9   11417.7   72329.7    3938.7   49813.9 ]
[24-10-31 15:03:11] 92    -11328.88 [    23304.9   11273.1   72329.7    3938.7   49813.9 ]
[24-10-31 15:03:11] 93    -11328.62 [    23304.9   11128.5   72329.7    3938.7   49813.9 ]
[24-10-31 15:03:11] 94    -11328.32 [    23304.9   11189.5   72329.7    3938.7   49813.9 ]
[24-10-31 15:03:11] 95    -11328.32 [    23304.9   11187.9   72329.7    3938.7   49813.9 ]
[24-10-31 15:03:12] 96    -11328.32 [    23304.9   11191.0   72329.7    3938.7   49813.9 ]
[24-10-31 15:03:12] 97    -11328.32 [    23304.9   11189.5   72329.7    3938.7   49813.9 ]
[24-10-31 15:03:12] 98    -11328.34 [    23304.9   11189.5   72330.7    3938.7   49813.9 ]
[24-10-31 15:03:12] 99    -11328.28 [    23304.9   11189.5   72328.1    3938.7   49813.9 ]
[24-10-31 15:03:12] 100   -11324.41 [    23304.9   11189.5   72151.7    3938.7   49813.9 ]
[24-10-31 15:03:13] 101   -11270.14 [    23304.9   11189.5   67118.6    3938.7   49813.9 ]
[24-10-31 15:03:13] 102   -11413.47 [    23304.9   11189.5   58974.9    3938.7   49813.9 ]
[24-10-31 15:03:13] 103   -11291.09 [    23304.9   11189.5   64008.0    3938.7   49813.9 ]
[24-10-31 15:03:14] 104   -11278.02 [    23304.9   11189.5   69041.1    3938.7   49813.9 ]
[24-10-31 15:03:14] 105   -11270.14 [    23304.9   11189.5   67170.7    3938.7   49813.9 ]
[24-10-31 15:03:14] 106   -11270.14 [    23304.9   11189.5   67066.5    3938.7   49813.9 ]
[24-10-31 15:03:14] 107   -11270.14 [    23304.9   11189.5   67118.6    3938.7   49813.9 ]
[24-10-31 15:03:14] 108   -11270.09 [    23304.9   11189.5   67118.6    3939.7   49813.9 ]
[24-10-31 15:03:15] 109   -11270.02 [    23304.9   11189.5   67118.6    3941.3   49813.9 ]
[24-10-31 15:03:15] 110   -11268.89 [    23304.9   11189.5   67118.6    3990.6   49813.9 ]
[24-10-31 15:03:15] 111   -11271.43 [    23304.9   11189.5   67118.6    4070.4   49813.9 ]
[24-10-31 15:03:15] 112   -11269.24 [    23304.9   11189.5   67118.6    4021.1   49813.9 ]
[24-10-31 15:03:16] 113   -11269.06 [    23304.9   11189.5   67118.6    3971.8   49813.9 ]
[24-10-31 15:03:16] 114   -11268.89 [    23304.9   11189.5   67118.6    3992.3   49813.9 ]
[24-10-31 15:03:16] 115   -11268.89 [    23304.9   11189.5   67118.6    3991.8   49813.9 ]
[24-10-31 15:03:16] 116   -11268.89 [    23304.9   11189.5   67118.6    3992.8   49813.9 ]
[24-10-31 15:03:16] 117   -11268.89 [    23304.9   11189.5   67118.6    3992.3   49813.9 ]
[24-10-31 15:03:17] 118   -11268.87 [    23304.9   11189.5   67118.6    3992.3   49814.9 ]
[24-10-31 15:03:17] 119   -11268.85 [    23304.9   11189.5   67118.6    3992.3   49816.5 ]
[24-10-31 15:03:17] 120   -11266.29 [    23304.9   11189.5   67118.6    3992.3   49992.9 ]
[24-10-31 15:03:17] 127   -11267.26 [    23304.9   11189.5   67118.6    3992.3   49925.5 ]
[24-10-31 15:03:17] 128   -11266.78 [    23304.9   11189.5   67118.6    3992.3   49959.2 ]
[24-10-31 15:03:18] 131   -11266.47 [    23304.9   11189.5   67118.6    3992.3   49980.0 ]
[24-10-31 15:03:18] 133   -11266.36 [    23304.9   11189.5   67118.6    3992.3   49988.0 ]
[24-10-31 15:03:18] 134   -11266.24 [    23304.9   11189.5   67118.6    3992.3   49996.2 ]
[24-10-31 15:03:18] 135   -11266.21 [    23304.9   11189.5   67118.6    3992.3   49998.2 ]
[24-10-31 15:03:19] 137   -11266.21 [    23304.9   11189.5   67118.6    3992.3   49998.2 ]
[24-10-31 15:03:19] 138   -11266.22 [    23305.9   11189.5   67118.6    3992.3   49998.2 ]
[24-10-31 15:03:19] 139    -11266.2 [    23303.3   11189.5   67118.6    3992.3   49998.2 ]
[24-10-31 15:03:19] 140   -11265.14 [    23126.9   11189.5   67118.6    3992.3   49998.2 ]
[24-10-31 15:03:19] 141   -11262.48 [    22033.0   11189.5   67118.6    3992.3   49998.2 ]
[24-10-31 15:03:20] 142   -11276.79 [    20262.9   11189.5   67118.6    3992.3   49998.2 ]
[24-10-31 15:03:20] 143   -11264.83 [    21356.9   11189.5   67118.6    3992.3   49998.2 ]
[24-10-31 15:03:20] 144   -11262.63 [    22450.8   11189.5   67118.6    3992.3   49998.2 ]
[24-10-31 15:03:20] 145    -11262.4 [    22189.1   11189.5   67118.6    3992.3   49998.2 ]
[24-10-31 15:03:21] 146    -11262.4 [    22177.9   11189.5   67118.6    3992.3   49998.2 ]
[24-10-31 15:03:21] 147    -11262.4 [    22200.2   11189.5   67118.6    3992.3   49998.2 ]
[24-10-31 15:03:21] 148    -11262.4 [    22189.1   11189.5   67118.6    3992.3   49998.2 ]
[24-10-31 15:03:21] 149   -11262.33 [    22189.1   11190.5   67118.6    3992.3   49998.2 ]
[24-10-31 15:03:21] 150   -11262.22 [    22189.1   11192.1   67118.6    3992.3   49998.2 ]
[24-10-31 15:03:22] 151   -11253.01 [    22189.1   11368.5   67118.6    3992.3   49998.2 ]
[24-10-31 15:03:22] 152   -11249.23 [    22189.1   11560.0   67118.6    3992.3   49998.2 ]
[24-10-31 15:03:22] 153   -11255.46 [    22189.1   11869.9   67118.6    3992.3   49998.2 ]
[24-10-31 15:03:22] 154   -11249.89 [    22189.1   11678.4   67118.6    3992.3   49998.2 ]
[24-10-31 15:03:22] 155   -11249.94 [    22189.1   11486.8   67118.6    3992.3   49998.2 ]
[24-10-31 15:03:23] 156   -11249.18 [    22189.1   11584.3   67118.6    3992.3   49998.2 ]
[24-10-31 15:03:23] 157   -11249.18 [    22189.1   11580.3   67118.6    3992.3   49998.2 ]
[24-10-31 15:03:23] 158   -11249.18 [    22189.1   11588.2   67118.6    3992.3   49998.2 ]
[24-10-31 15:03:23] 159   -11249.18 [    22189.1   11584.3   67118.6    3992.3   49998.2 ]
[24-10-31 15:03:24] 160   -11249.19 [    22189.1   11584.3   67119.6    3992.3   49998.2 ]
[24-10-31 15:03:24] 161   -11249.17 [    22189.1   11584.3   67117.0    3992.3   49998.2 ]
[24-10-31 15:03:24] 162   -11248.09 [    22189.1   11584.3   66940.6    3992.3   49998.2 ]
[24-10-31 15:03:24] 163   -11244.14 [    22189.1   11584.3   65568.2    3992.3   49998.2 ]
[24-10-31 15:03:25] 164   -11254.54 [    22189.1   11584.3   63347.7    3992.3   49998.2 ]
[24-10-31 15:03:25] 165   -11245.66 [    22189.1   11584.3   64720.1    3992.3   49998.2 ]
[24-10-31 15:03:25] 166   -11244.71 [    22189.1   11584.3   66092.4    3992.3   49998.2 ]
[24-10-31 15:03:25] 167   -11244.14 [    22189.1   11584.3   65583.7    3992.3   49998.2 ]
[24-10-31 15:03:26] 168   -11244.14 [    22189.1   11584.3   65552.7    3992.3   49998.2 ]
[24-10-31 15:03:26] 169   -11244.14 [    22189.1   11584.3   65568.2    3992.3   49998.2 ]
[24-10-31 15:03:26] 170   -11244.23 [    22189.1   11584.3   65568.2    3993.3   49998.2 ]
[24-10-31 15:03:26] 171   -11243.99 [    22189.1   11584.3   65568.2    3990.7   49998.2 ]
[24-10-31 15:03:26] 172   -11239.09 [    22189.1   11584.3   65568.2    3877.4   49998.2 ]
[24-10-31 15:03:27] 173   -11256.95 [    22189.1   11584.3   65568.2    3694.2   49998.2 ]
[24-10-31 15:03:27] 174   -11241.87 [    22189.1   11584.3   65568.2    3807.4   49998.2 ]
[24-10-31 15:03:27] 175   -11239.65 [    22189.1   11584.3   65568.2    3920.7   49998.2 ]
[24-10-31 15:03:27] 176   -11239.07 [    22189.1   11584.3   65568.2    3885.1   49998.2 ]
[24-10-31 15:03:27] 177   -11239.07 [    22189.1   11584.3   65568.2    3884.1   49998.2 ]
[24-10-31 15:03:28] 178   -11239.07 [    22189.1   11584.3   65568.2    3886.2   49998.2 ]
[24-10-31 15:03:28] 179   -11239.07 [    22189.1   11584.3   65568.2    3885.1   49998.2 ]
[24-10-31 15:03:28] 180   -11239.06 [    22189.1   11584.3   65568.2    3885.1   49999.2 ]
[24-10-31 15:03:28] 182   -11239.05 [    22189.1   11584.3   65568.2    3885.1   49999.9 ]
[24-10-31 15:03:29] 184   -11239.05 [    22189.1   11584.3   65568.2    3885.1   49999.5 ]
[24-10-31 15:03:29] 186   -11239.05 [    22189.1   11584.3   65568.2    3885.1   49999.7 ]
[24-10-31 15:03:29] 187   -11239.05 [    22189.1   11584.3   65568.2    3885.1   49999.9 ]
[24-10-31 15:03:29] 188   -11239.05 [    22189.1   11584.3   65568.2    3885.1   49999.9 ]
[24-10-31 15:03:29] 189   -11239.05 [    22189.1   11584.3   65568.2    3885.1   50000.0 ]
[24-10-31 15:03:30] 191   -11239.05 [    22189.1   11584.3   65568.2    3885.1   50000.0 ]
[24-10-31 15:03:30] 192   -11239.04 [    22190.1   11584.3   65568.2    3885.1   50000.0 ]
[24-10-31 15:03:30] 193   -11239.04 [    22191.7   11584.3   65568.2    3885.1   50000.0 ]
[24-10-31 15:03:30] 194   -11238.56 [    22368.0   11584.3   65568.2    3885.1   50000.0 ]
[24-10-31 15:03:31] 195   -11238.21 [    22679.6   11584.3   65568.2    3885.1   50000.0 ]
[24-10-31 15:03:31] 196   -11238.89 [    23183.8   11584.3   65568.2    3885.1   50000.0 ]
[24-10-31 15:03:31] 197    -11238.3 [    22872.2   11584.3   65568.2    3885.1   50000.0 ]
[24-10-31 15:03:31] 198   -11238.27 [    22560.6   11584.3   65568.2    3885.1   50000.0 ]
[24-10-31 15:03:31] 199   -11238.21 [    22704.0   11584.3   65568.2    3885.1   50000.0 ]
[24-10-31 15:03:32] 200   -11238.21 [    22698.8   11584.3   65568.2    3885.1   50000.0 ]
[24-10-31 15:03:32] 201   -11238.21 [    22709.1   11584.3   65568.2    3885.1   50000.0 ]
[24-10-31 15:03:32] 202   -11238.21 [    22704.0   11584.3   65568.2    3885.1   50000.0 ]
[24-10-31 15:03:32] 203   -11238.17 [    22704.0   11585.3   65568.2    3885.1   50000.0 ]
[24-10-31 15:03:33] 204    -11238.1 [    22704.0   11586.9   65568.2    3885.1   50000.0 ]
[24-10-31 15:03:33] 205   -11233.28 [    22704.0   11763.3   65568.2    3885.1   50000.0 ]
[24-10-31 15:03:33] 206   -11232.74 [    22704.0   11838.9   65568.2    3885.1   50000.0 ]
[24-10-31 15:03:33] 207   -11233.71 [    22704.0   11961.2   65568.2    3885.1   50000.0 ]
[24-10-31 15:03:33] 208   -11232.85 [    22704.0   11885.6   65568.2    3885.1   50000.0 ]
[24-10-31 15:03:34] 209   -11232.84 [    22704.0   11810.0   65568.2    3885.1   50000.0 ]
[24-10-31 15:03:34] 210   -11232.74 [    22704.0   11847.1   65568.2    3885.1   50000.0 ]
[24-10-31 15:03:34] 211   -11232.74 [    22704.0   11844.5   65568.2    3885.1   50000.0 ]
[24-10-31 15:03:34] 212   -11232.74 [    22704.0   11849.8   65568.2    3885.1   50000.0 ]
[24-10-31 15:03:35] 213   -11232.74 [    22704.0   11847.1   65568.2    3885.1   50000.0 ]
[24-10-31 15:03:35] 214   -11232.75 [    22704.0   11847.1   65569.2    3885.1   50000.0 ]
[24-10-31 15:03:35] 215   -11232.73 [    22704.0   11847.1   65566.6    3885.1   50000.0 ]
[24-10-31 15:03:35] 216   -11231.56 [    22704.0   11847.1   65390.3    3885.1   50000.0 ]
[24-10-31 15:03:36] 217   -11226.96 [    22704.0   11847.1   63915.6    3885.1   50000.0 ]
[24-10-31 15:03:36] 218   -11239.11 [    22704.0   11847.1   61529.5    3885.1   50000.0 ]
[24-10-31 15:03:36] 219   -11228.74 [    22704.0   11847.1   63004.2    3885.1   50000.0 ]
[24-10-31 15:03:36] 220   -11227.63 [    22704.0   11847.1   64478.8    3885.1   50000.0 ]
[24-10-31 15:03:36] 221   -11226.96 [    22704.0   11847.1   63932.1    3885.1   50000.0 ]
[24-10-31 15:03:37] 222   -11226.96 [    22704.0   11847.1   63899.0    3885.1   50000.0 ]
[24-10-31 15:03:37] 223   -11226.96 [    22704.0   11847.1   63915.6    3885.1   50000.0 ]
[24-10-31 15:03:37] 224   -11227.05 [    22704.0   11847.1   63915.6    3886.1   50000.0 ]
[24-10-31 15:03:37] 225   -11226.81 [    22704.0   11847.1   63915.6    3883.5   50000.0 ]
[24-10-31 15:03:38] 226   -11222.22 [    22704.0   11847.1   63915.6    3777.1   50000.0 ]
[24-10-31 15:03:38] 227   -11238.77 [    22704.0   11847.1   63915.6    3604.9   50000.0 ]
[24-10-31 15:03:38] 228    -11224.8 [    22704.0   11847.1   63915.6    3711.3   50000.0 ]
[24-10-31 15:03:38] 229   -11222.76 [    22704.0   11847.1   63915.6    3817.7   50000.0 ]
[24-10-31 15:03:39] 230    -11222.2 [    22704.0   11847.1   63915.6    3784.1   50000.0 ]
[24-10-31 15:03:39] 231    -11222.2 [    22704.0   11847.1   63915.6    3783.1   50000.0 ]
[24-10-31 15:03:39] 232    -11222.2 [    22704.0   11847.1   63915.6    3785.1   50000.0 ]
[24-10-31 15:03:39] 233    -11222.2 [    22704.0   11847.1   63915.6    3784.1   50000.0 ]
[24-10-31 15:03:39] 235   -11222.22 [    22704.0   11847.1   63915.6    3784.1   49998.4 ]
[24-10-31 15:03:40] 236   -11222.21 [    22704.0   11847.1   63915.6    3784.1   49999.4 ]
[24-10-31 15:03:40] 238   -11222.21 [    22704.0   11847.1   63915.6    3784.1   49999.7 ]
[24-10-31 15:03:40] 240    -11222.2 [    22704.0   11847.1   63915.6    3784.1   49999.9 ]
[24-10-31 15:03:40] 242    -11222.2 [    22704.0   11847.1   63915.6    3784.1   49999.9 ]
[24-10-31 15:03:41] 243    -11222.2 [    22704.0   11847.1   63915.6    3784.1   50000.0 ]
[24-10-31 15:03:41] 245    -11222.2 [    22704.0   11847.1   63915.6    3784.1   50000.0 ]
[24-10-31 15:03:41] 246    -11222.2 [    22704.0   11847.1   63915.6    3784.1   50000.0 ]
[24-10-31 15:03:41] 247    -11222.2 [    22704.0   11847.1   63915.6    3784.1   50000.0 ]
[24-10-31 15:03:41] 248    -11222.2 [    22704.0   11847.1   63915.6    3784.1   50000.0 ]
[24-10-31 15:03:42] 250    -11222.2 [    22704.0   11847.1   63915.6    3784.1   50000.0 ]
[24-10-31 15:03:42] 252    -11222.2 [    22704.0   11847.1   63915.6    3784.1   50000.0 ]
[24-10-31 15:03:42] 254    -11222.2 [    22704.0   11847.1   63915.6    3784.1   50000.0 ]
[24-10-31 15:03:42] 255    -11222.2 [    22705.0   11847.1   63915.6    3784.1   50000.0 ]
[24-10-31 15:03:42] 256    -11222.2 [    22706.6   11847.1   63915.6    3784.1   50000.0 ]
[24-10-31 15:03:43] 257   -11222.09 [    22883.0   11847.1   63915.6    3784.1   50000.0 ]
[24-10-31 15:03:43] 258   -11222.09 [    22892.9   11847.1   63915.6    3784.1   50000.0 ]
[24-10-31 15:03:43] 259   -11222.09 [    22909.1   11847.1   63915.6    3784.1   50000.0 ]
[24-10-31 15:03:43] 260   -11222.09 [    22899.1   11847.1   63915.6    3784.1   50000.0 ]
[24-10-31 15:03:44] 261   -11222.09 [    22889.1   11847.1   63915.6    3784.1   50000.0 ]
[24-10-31 15:03:44] 262   -11222.09 [    22894.8   11847.1   63915.6    3784.1   50000.0 ]
[24-10-31 15:03:44] 263   -11222.09 [    22896.7   11847.1   63915.6    3784.1   50000.0 ]
[24-10-31 15:03:44] 264   -11222.09 [    22894.8   11847.1   63915.6    3784.1   50000.0 ]
[24-10-31 15:03:45] 265   -11222.06 [    22894.8   11848.1   63915.6    3784.1   50000.0 ]
[24-10-31 15:03:45] 266    -11222.0 [    22894.8   11849.8   63915.6    3784.1   50000.0 ]
[24-10-31 15:03:45] 267   -11217.97 [    22894.8   12026.1   63915.6    3784.1   50000.0 ]
[24-10-31 15:03:45] 268   -11217.68 [    22894.8   12082.1   63915.6    3784.1   50000.0 ]
[24-10-31 15:03:45] 269   -11218.19 [    22894.8   12172.8   63915.6    3784.1   50000.0 ]
[24-10-31 15:03:46] 270   -11217.74 [    22894.8   12116.8   63915.6    3784.1   50000.0 ]
[24-10-31 15:03:46] 271   -11217.74 [    22894.8   12060.7   63915.6    3784.1   50000.0 ]
[24-10-31 15:03:46] 272   -11217.68 [    22894.8   12088.5   63915.6    3784.1   50000.0 ]
[24-10-31 15:03:46] 273   -11217.68 [    22894.8   12086.1   63915.6    3784.1   50000.0 ]
[24-10-31 15:03:47] 274   -11217.68 [    22894.8   12090.9   63915.6    3784.1   50000.0 ]
[24-10-31 15:03:47] 275   -11217.68 [    22894.8   12088.5   63915.6    3784.1   50000.0 ]
[24-10-31 15:03:47] 276   -11217.69 [    22894.8   12088.5   63916.6    3784.1   50000.0 ]
[24-10-31 15:03:47] 277   -11217.67 [    22894.8   12088.5   63913.9    3784.1   50000.0 ]
[24-10-31 15:03:48] 278   -11216.49 [    22894.8   12088.5   63737.6    3784.1   50000.0 ]
[24-10-31 15:03:48] 279   -11211.88 [    22894.8   12088.5   62269.6    3784.1   50000.0 ]
[24-10-31 15:03:48] 280   -11224.11 [    22894.8   12088.5   59894.3    3784.1   50000.0 ]
[24-10-31 15:03:48] 281   -11213.67 [    22894.8   12088.5   61362.3    3784.1   50000.0 ]
[24-10-31 15:03:48] 282   -11212.55 [    22894.8   12088.5   62830.3    3784.1   50000.0 ]
[24-10-31 15:03:49] 283   -11211.88 [    22894.8   12088.5   62286.0    3784.1   50000.0 ]
[24-10-31 15:03:49] 284   -11211.88 [    22894.8   12088.5   62253.1    3784.1   50000.0 ]
[24-10-31 15:03:49] 285   -11211.88 [    22894.8   12088.5   62269.6    3784.1   50000.0 ]
[24-10-31 15:03:49] 286   -11211.97 [    22894.8   12088.5   62269.6    3785.1   50000.0 ]
[24-10-31 15:03:50] 287   -11211.73 [    22894.8   12088.5   62269.6    3782.5   50000.0 ]
[24-10-31 15:03:50] 288   -11207.25 [    22894.8   12088.5   62269.6    3680.2   50000.0 ]
[24-10-31 15:03:50] 289   -11223.33 [    22894.8   12088.5   62269.6    3514.6   50000.0 ]
[24-10-31 15:03:50] 290   -11209.75 [    22894.8   12088.5   62269.6    3616.9   50000.0 ]
[24-10-31 15:03:51] 291   -11207.77 [    22894.8   12088.5   62269.6    3719.2   50000.0 ]
[24-10-31 15:03:51] 292   -11207.23 [    22894.8   12088.5   62269.6    3686.8   50000.0 ]
[24-10-31 15:03:51] 293   -11207.23 [    22894.8   12088.5   62269.6    3685.8   50000.0 ]
[24-10-31 15:03:51] 294   -11207.23 [    22894.8   12088.5   62269.6    3687.8   50000.0 ]
[24-10-31 15:03:52] 295   -11207.23 [    22894.8   12088.5   62269.6    3686.8   50000.0 ]
[24-10-31 15:03:52] 297   -11207.25 [    22894.8   12088.5   62269.6    3686.8   49998.4 ]
[24-10-31 15:03:52] 298   -11207.24 [    22894.8   12088.5   62269.6    3686.8   49999.4 ]
[24-10-31 15:03:52] 300   -11207.23 [    22894.8   12088.5   62269.6    3686.8   49999.7 ]
[24-10-31 15:03:53] 302   -11207.23 [    22894.8   12088.5   62269.6    3686.8   49999.9 ]
[24-10-31 15:03:53] 304   -11207.23 [    22894.8   12088.5   62269.6    3686.8   50000.0 ]
[24-10-31 15:03:53] 306   -11207.23 [    22894.8   12088.5   62269.6    3686.8   50000.0 ]
[24-10-31 15:03:53] 308   -11207.23 [    22894.8   12088.5   62269.6    3686.8   50000.0 ]
[24-10-31 15:03:54] 310   -11207.23 [    22894.8   12088.5   62269.6    3686.8   50000.0 ]
[24-10-31 15:03:54] 312   -11207.23 [    22894.8   12088.5   62269.6    3686.8   50000.0 ]
[24-10-31 15:03:54] 314   -11207.23 [    22894.8   12088.5   62269.6    3686.8   50000.0 ]
[24-10-31 15:03:54] 316   -11207.23 [    22894.8   12088.5   62269.6    3686.8   50000.0 ]
[24-10-31 15:03:55] 317   -11207.23 [    22894.8   12088.5   62269.6    3686.8   50000.0 ]
[24-10-31 15:03:55] 318   -11207.23 [    22894.8   12088.5   62269.6    3686.8   50000.0 ]
[24-10-31 15:03:55] 320   -11207.23 [    22894.8   12088.5   62269.6    3686.8   50000.0 ]
[24-10-31 15:03:55] 321   -11207.23 [    22894.8   12088.5   62269.6    3686.8   50000.0 ]
[24-10-31 15:03:56] 322   -11207.23 [    22894.8   12088.5   62269.6    3686.8   50000.0 ]
[24-10-31 15:03:56] 324   -11207.23 [    22894.8   12088.5   62269.6    3686.8   50000.0 ]
[24-10-31 15:03:56] 327   -11207.23 [    22894.8   12088.5   62269.6    3686.8   50000.0 ]
[24-10-31 15:03:56] 328   -11207.23 [    22895.8   12088.5   62269.6    3686.8   50000.0 ]
[24-10-31 15:03:57] 329   -11207.23 [    22897.5   12088.5   62269.6    3686.8   50000.0 ]
[24-10-31 15:03:57] 330   -11207.17 [    23036.1   12088.5   62269.6    3686.8   50000.0 ]
[24-10-31 15:03:57] 331   -11207.31 [    23260.4   12088.5   62269.6    3686.8   50000.0 ]
[24-10-31 15:03:57] 332   -11207.19 [    23121.8   12088.5   62269.6    3686.8   50000.0 ]
[24-10-31 15:03:58] 333   -11207.18 [    22983.1   12088.5   62269.6    3686.8   50000.0 ]
[24-10-31 15:03:58] 334   -11207.17 [    23038.6   12088.5   62269.6    3686.8   50000.0 ]
[24-10-31 15:03:58] 335   -11207.17 [    23040.1   12088.5   62269.6    3686.8   50000.0 ]
[24-10-31 15:03:58] 336   -11207.17 [    23038.6   12088.5   62269.6    3686.8   50000.0 ]
[24-10-31 15:03:59] 337   -11207.14 [    23038.6   12089.5   62269.6    3686.8   50000.0 ]
[24-10-31 15:03:59] 338   -11207.08 [    23038.6   12091.1   62269.6    3686.8   50000.0 ]
[24-10-31 15:03:59] 339   -11203.39 [    23038.6   12267.5   62269.6    3686.8   50000.0 ]
[24-10-31 15:03:59] 340   -11203.18 [    23038.6   12316.8   62269.6    3686.8   50000.0 ]
[24-10-31 15:04:00] 341   -11203.56 [    23038.6   12396.6   62269.6    3686.8   50000.0 ]
[24-10-31 15:04:00] 342   -11203.22 [    23038.6   12347.3   62269.6    3686.8   50000.0 ]
[24-10-31 15:04:00] 343   -11203.22 [    23038.6   12297.9   62269.6    3686.8   50000.0 ]
[24-10-31 15:04:00] 344   -11203.18 [    23038.6   12322.4   62269.6    3686.8   50000.0 ]
[24-10-31 15:04:00] 345   -11203.18 [    23038.6   12320.1   62269.6    3686.8   50000.0 ]
[24-10-31 15:04:01] 346   -11203.18 [    23038.6   12324.8   62269.6    3686.8   50000.0 ]
[24-10-31 15:04:01] 347   -11203.18 [    23038.6   12322.4   62269.6    3686.8   50000.0 ]
[24-10-31 15:04:01] 348   -11203.18 [    23038.6   12322.4   62270.6    3686.8   50000.0 ]
[24-10-31 15:04:02] 349   -11203.17 [    23038.6   12322.4   62267.9    3686.8   50000.0 ]
[24-10-31 15:04:02] 350   -11202.01 [    23038.6   12322.4   62091.6    3686.8   50000.0 ]
[24-10-31 15:04:02] 351   -11197.62 [    23038.6   12322.4   60671.0    3686.8   50000.0 ]
[24-10-31 15:04:02] 352    -11209.3 [    23038.6   12322.4   58372.5    3686.8   50000.0 ]
[24-10-31 15:04:03] 353   -11199.33 [    23038.6   12322.4   59793.1    3686.8   50000.0 ]
[24-10-31 15:04:03] 354   -11198.25 [    23038.6   12322.4   61213.6    3686.8   50000.0 ]
[24-10-31 15:04:03] 355   -11197.62 [    23038.6   12322.4   60687.0    3686.8   50000.0 ]
[24-10-31 15:04:03] 356   -11197.62 [    23038.6   12322.4   60655.0    3686.8   50000.0 ]
[24-10-31 15:04:03] 357   -11197.62 [    23038.6   12322.4   60671.0    3686.8   50000.0 ]
[24-10-31 15:04:04] 358   -11197.71 [    23038.6   12322.4   60671.0    3687.8   50000.0 ]
[24-10-31 15:04:04] 359   -11197.46 [    23038.6   12322.4   60671.0    3685.2   50000.0 ]
[24-10-31 15:04:04] 360   -11193.03 [    23038.6   12322.4   60671.0    3586.0   50000.0 ]
[24-10-31 15:04:04] 361   -11208.94 [    23038.6   12322.4   60671.0    3425.4   50000.0 ]
[24-10-31 15:04:05] 362    -11195.5 [    23038.6   12322.4   60671.0    3524.7   50000.0 ]
[24-10-31 15:04:05] 363   -11193.55 [    23038.6   12322.4   60671.0    3623.9   50000.0 ]
[24-10-31 15:04:05] 364   -11193.01 [    23038.6   12322.4   60671.0    3592.4   50000.0 ]
[24-10-31 15:04:05] 365   -11193.01 [    23038.6   12322.4   60671.0    3591.5   50000.0 ]
[24-10-31 15:04:06] 366   -11193.01 [    23038.6   12322.4   60671.0    3593.4   50000.0 ]
[24-10-31 15:04:06] 367   -11193.01 [    23038.6   12322.4   60671.0    3592.4   50000.0 ]
[24-10-31 15:04:06] 369   -11193.03 [    23038.6   12322.4   60671.0    3592.4   49998.4 ]
[24-10-31 15:04:06] 370   -11193.02 [    23038.6   12322.4   60671.0    3592.4   49999.4 ]
[24-10-31 15:04:07] 372   -11193.01 [    23038.6   12322.4   60671.0    3592.4   49999.7 ]
[24-10-31 15:04:07] 374   -11193.01 [    23038.6   12322.4   60671.0    3592.4   49999.9 ]
[24-10-31 15:04:07] 376   -11193.01 [    23038.6   12322.4   60671.0    3592.4   50000.0 ]
[24-10-31 15:04:07] 378   -11193.01 [    23038.6   12322.4   60671.0    3592.4   50000.0 ]
[24-10-31 15:04:08] 380   -11193.01 [    23038.6   12322.4   60671.0    3592.4   50000.0 ]
[24-10-31 15:04:08] 382   -11193.01 [    23038.6   12322.4   60671.0    3592.4   50000.0 ]
[24-10-31 15:04:08] 384   -11193.01 [    23038.6   12322.4   60671.0    3592.4   50000.0 ]
[24-10-31 15:04:08] 386   -11193.01 [    23038.6   12322.4   60671.0    3592.4   50000.0 ]
[24-10-31 15:04:08] 388   -11193.01 [    23038.6   12322.4   60671.0    3592.4   50000.0 ]
[24-10-31 15:04:09] 390   -11193.01 [    23038.6   12322.4   60671.0    3592.4   50000.0 ]
[24-10-31 15:04:09] 392   -11193.01 [    23038.6   12322.4   60671.0    3592.4   50000.0 ]
[24-10-31 15:04:09] 394   -11193.01 [    23038.6   12322.4   60671.0    3592.4   50000.0 ]
[24-10-31 15:04:09] 396   -11193.01 [    23038.6   12322.4   60671.0    3592.4   50000.0 ]
[24-10-31 15:04:10] 398   -11193.01 [    23038.6   12322.4   60671.0    3592.4   50000.0 ]
[24-10-31 15:04:10] 400   -11193.01 [    23038.6   12322.4   60671.0    3592.4   50000.0 ]
[24-10-31 15:04:10] 402   -11193.01 [    23038.6   12322.4   60671.0    3592.4   50000.0 ]
[24-10-31 15:04:10] 403   -11193.01 [    23038.6   12322.4   60671.0    3592.4   50000.0 ]
[24-10-31 15:04:11] 404   -11193.01 [    23038.6   12322.4   60671.0    3592.4   50000.0 ]
[24-10-31 15:04:11] 405   -11193.01 [    23038.6   12322.4   60671.0    3592.4   50000.0 ]
[24-10-31 15:04:11] 407   -11193.01 [    23038.6   12322.4   60671.0    3592.4   50000.0 ]
[24-10-31 15:04:11] 409   -11193.01 [    23038.6   12322.4   60671.0    3592.4   50000.0 ]
[24-10-31 15:04:12] 410   -11193.01 [    23038.6   12322.4   60671.0    3592.4   50000.0 ]
[24-10-31 15:04:12] 411   -11193.01 [    23038.6   12322.4   60671.0    3592.4   50000.0 ]
[24-10-31 15:04:12] 412   -11193.01 [    23038.6   12322.4   60671.0    3592.4   50000.0 ]
[24-10-31 15:04:12] 414   -11193.01 [    23038.6   12322.4   60671.0    3592.4   50000.0 ]
[24-10-31 15:04:13] 415   -11193.01 [    23039.6   12322.4   60671.0    3592.4   50000.0 ]
[24-10-31 15:04:13] 416   -11193.01 [    23041.3   12322.4   60671.0    3592.4   50000.0 ]
[24-10-31 15:04:13] 417   -11192.96 [    23175.7   12322.4   60671.0    3592.4   50000.0 ]
[24-10-31 15:04:13] 418   -11193.08 [    23393.1   12322.4   60671.0    3592.4   50000.0 ]
[24-10-31 15:04:14] 419   -11192.97 [    23258.7   12322.4   60671.0    3592.4   50000.0 ]
[24-10-31 15:04:14] 420   -11192.96 [    23124.3   12322.4   60671.0    3592.4   50000.0 ]
[24-10-31 15:04:14] 421   -11192.96 [    23178.0   12322.4   60671.0    3592.4   50000.0 ]
[24-10-31 15:04:14] 422   -11192.96 [    23179.4   12322.4   60671.0    3592.4   50000.0 ]
[24-10-31 15:04:15] 423   -11192.96 [    23178.0   12322.4   60671.0    3592.4   50000.0 ]
[24-10-31 15:04:15] 424   -11192.92 [    23178.0   12323.4   60671.0    3592.4   50000.0 ]
[24-10-31 15:04:15] 425   -11192.87 [    23178.0   12325.0   60671.0    3592.4   50000.0 ]
[24-10-31 15:04:15] 426   -11189.49 [    23178.0   12501.4   60671.0    3592.4   50000.0 ]
[24-10-31 15:04:16] 427   -11189.34 [    23178.0   12544.3   60671.0    3592.4   50000.0 ]
[24-10-31 15:04:16] 428   -11189.62 [    23178.0   12613.6   60671.0    3592.4   50000.0 ]
[24-10-31 15:04:16] 429   -11189.37 [    23178.0   12570.8   60671.0    3592.4   50000.0 ]
[24-10-31 15:04:16] 430   -11189.37 [    23178.0   12527.9   60671.0    3592.4   50000.0 ]
[24-10-31 15:04:17] 431   -11189.34 [    23178.0   12549.3   60671.0    3592.4   50000.0 ]
[24-10-31 15:04:17] 432   -11189.34 [    23178.0   12547.1   60671.0    3592.4   50000.0 ]
[24-10-31 15:04:17] 433   -11189.34 [    23178.0   12551.6   60671.0    3592.4   50000.0 ]
[24-10-31 15:04:17] 434   -11189.34 [    23178.0   12549.3   60671.0    3592.4   50000.0 ]
[24-10-31 15:04:18] 435   -11189.34 [    23178.0   12549.3   60672.0    3592.4   50000.0 ]
[24-10-31 15:04:18] 436   -11189.32 [    23178.0   12549.3   60669.4    3592.4   50000.0 ]
[24-10-31 15:04:18] 437   -11188.18 [    23178.0   12549.3   60493.0    3592.4   50000.0 ]
[24-10-31 15:04:18] 438   -11184.04 [    23178.0   12549.3   59126.3    3592.4   50000.0 ]
[24-10-31 15:04:19] 439    -11195.1 [    23178.0   12549.3   56914.9    3592.4   50000.0 ]
[24-10-31 15:04:19] 440   -11185.66 [    23178.0   12549.3   58281.6    3592.4   50000.0 ]
[24-10-31 15:04:19] 441   -11184.64 [    23178.0   12549.3   59648.4    3592.4   50000.0 ]
[24-10-31 15:04:19] 442   -11184.04 [    23178.0   12549.3   59141.8    3592.4   50000.0 ]
[24-10-31 15:04:20] 443   -11184.04 [    23178.0   12549.3   59110.9    3592.4   50000.0 ]
[24-10-31 15:04:20] 444   -11184.04 [    23178.0   12549.3   59126.3    3592.4   50000.0 ]
[24-10-31 15:04:20] 445   -11184.14 [    23178.0   12549.3   59126.3    3593.4   50000.0 ]
[24-10-31 15:04:20] 446   -11183.89 [    23178.0   12549.3   59126.3    3590.8   50000.0 ]
[24-10-31 15:04:20] 447   -11179.52 [    23178.0   12549.3   59126.3    3494.8   50000.0 ]
[24-10-31 15:04:21] 448   -11195.16 [    23178.0   12549.3   59126.3    3339.5   50000.0 ]
[24-10-31 15:04:21] 449   -11181.95 [    23178.0   12549.3   59126.3    3435.5   50000.0 ]
[24-10-31 15:04:21] 450   -11180.02 [    23178.0   12549.3   59126.3    3531.5   50000.0 ]
[24-10-31 15:04:21] 451    -11179.5 [    23178.0   12549.3   59126.3    3501.0   50000.0 ]
[24-10-31 15:04:22] 452    -11179.5 [    23178.0   12549.3   59126.3    3500.1   50000.0 ]
[24-10-31 15:04:22] 453    -11179.5 [    23178.0   12549.3   59126.3    3501.9   50000.0 ]
[24-10-31 15:04:22] 454    -11179.5 [    23178.0   12549.3   59126.3    3501.0   50000.0 ]
[24-10-31 15:04:22] 456   -11179.52 [    23178.0   12549.3   59126.3    3501.0   49998.4 ]
[24-10-31 15:04:23] 457    -11179.5 [    23178.0   12549.3   59126.3    3501.0   49999.4 ]
[24-10-31 15:04:23] 459    -11179.5 [    23178.0   12549.3   59126.3    3501.0   49999.7 ]
[24-10-31 15:04:23] 461    -11179.5 [    23178.0   12549.3   59126.3    3501.0   49999.9 ]
[24-10-31 15:04:23] 463    -11179.5 [    23178.0   12549.3   59126.3    3501.0   50000.0 ]
[24-10-31 15:04:24] 465    -11179.5 [    23178.0   12549.3   59126.3    3501.0   50000.0 ]
[24-10-31 15:04:24] 467    -11179.5 [    23178.0   12549.3   59126.3    3501.0   50000.0 ]
[24-10-31 15:04:24] 469    -11179.5 [    23178.0   12549.3   59126.3    3501.0   50000.0 ]
[24-10-31 15:04:24] 471    -11179.5 [    23178.0   12549.3   59126.3    3501.0   50000.0 ]
[24-10-31 15:04:25] 473    -11179.5 [    23178.0   12549.3   59126.3    3501.0   50000.0 ]
[24-10-31 15:04:25] 475    -11179.5 [    23178.0   12549.3   59126.3    3501.0   50000.0 ]
[24-10-31 15:04:25] 477    -11179.5 [    23178.0   12549.3   59126.3    3501.0   50000.0 ]
[24-10-31 15:04:25] 479    -11179.5 [    23178.0   12549.3   59126.3    3501.0   50000.0 ]
[24-10-31 15:04:25] 481    -11179.5 [    23178.0   12549.3   59126.3    3501.0   50000.0 ]
[24-10-31 15:04:26] 483    -11179.5 [    23178.0   12549.3   59126.3    3501.0   50000.0 ]
[24-10-31 15:04:26] 485    -11179.5 [    23178.0   12549.3   59126.3    3501.0   50000.0 ]
[24-10-31 15:04:26] 487    -11179.5 [    23178.0   12549.3   59126.3    3501.0   50000.0 ]
[24-10-31 15:04:27] 489    -11179.5 [    23178.0   12549.3   59126.3    3501.0   50000.0 ]
[24-10-31 15:04:27] 491    -11179.5 [    23178.0   12549.3   59126.3    3501.0   50000.0 ]
[24-10-31 15:04:27] 493    -11179.5 [    23178.0   12549.3   59126.3    3501.0   50000.0 ]
[24-10-31 15:04:27] 495    -11179.5 [    23178.0   12549.3   59126.3    3501.0   50000.0 ]
[24-10-31 15:04:28] 497    -11179.5 [    23178.0   12549.3   59126.3    3501.0   50000.0 ]
[24-10-31 15:04:28] 498    -11179.5 [    23178.0   12549.3   59126.3    3501.0   50000.0 ]
[24-10-31 15:04:28] 499    -11179.5 [    23178.0   12549.3   59126.3    3501.0   50000.0 ]
[24-10-31 15:04:28] 500    -11179.5 [    23178.0   12549.3   59126.3    3501.0   50000.0 ]
[24-10-31 15:04:29] 501    -11179.5 [    23178.0   12549.3   59126.3    3501.0   50000.0 ]
[24-10-31 15:04:29] 502    -11179.5 [    23178.0   12549.3   59126.3    3501.0   50000.0 ]
[24-10-31 15:04:29] 503    -11179.5 [    23178.0   12549.3   59126.3    3501.0   50000.0 ]
[24-10-31 15:04:29] 504    -11179.5 [    23178.0   12549.3   59126.3    3501.0   50000.0 ]
[24-10-31 15:04:29] 505    -11179.5 [    23178.0   12549.3   59126.3    3501.0   50000.0 ]
[24-10-31 15:04:30] 506    -11179.5 [    23178.0   12549.3   59126.3    3501.0   50000.0 ]
[24-10-31 15:04:30] 507    -11179.5 [    23178.0   12549.3   59126.3    3501.0   50000.0 ]
[24-10-31 15:04:30] 508   -11166.23 [    23317.4   12776.2   57581.6    3409.6   50000.0 ]
[24-10-31 15:04:30] 509    -11179.5 [    23178.0   12549.3   59126.3    3501.0   50000.0 ]
[24-10-31 15:04:31] 510   -11166.23 [    23317.4   12776.2   57581.6    3409.6   50000.0 ]
[24-10-31 15:04:31] 511   -11145.32 [    23543.0   13143.4   55082.2    3261.7   50000.0 ]
[24-10-31 15:04:31] 514   -11060.26 [    24554.9   14790.4   43869.5    2598.3   50000.0 ]
[24-10-31 15:04:31] 515   -11100.92 [    24048.9   13966.9   49475.8    2930.0   50000.0 ]
[24-10-31 15:04:32] 517   -11042.48 [    24793.8   15179.2   41222.5    2441.7   50000.0 ]
[24-10-31 15:04:32] 519   -11049.16 [    24702.5   15030.7   42233.5    2501.5   50000.0 ]
[24-10-31 15:04:32] 520   -11038.43 [    24850.2   15271.0   40597.6    2404.7   50000.0 ]
[24-10-31 15:04:32] 521   -11035.95 [    24885.0   15327.7   40211.4    2381.9   50000.0 ]
[24-10-31 15:04:33] 523   -11037.16 [    24867.9   15299.9   40400.6    2393.0   50000.0 ]
[24-10-31 15:04:33] 524   -11035.95 [    24885.0   15327.7   40211.4    2381.9   50000.0 ]
[24-10-31 15:04:33] 525   -11035.95 [    24886.0   15327.7   40211.4    2381.9   50000.0 ]
[24-10-31 15:04:33] 526   -11035.95 [    24887.6   15327.7   40211.4    2381.9   50000.0 ]
[24-10-31 15:04:33] 527   -11035.89 [    25055.2   15327.7   40211.4    2381.9   50000.0 ]
[24-10-31 15:04:34] 528   -11036.03 [    25326.3   15327.7   40211.4    2381.9   50000.0 ]
[24-10-31 15:04:34] 529   -11035.91 [    25158.7   15327.7   40211.4    2381.9   50000.0 ]
[24-10-31 15:04:34] 530   -11035.89 [    24991.2   15327.7   40211.4    2381.9   50000.0 ]
[24-10-31 15:04:34] 531   -11035.89 [    25058.6   15327.7   40211.4    2381.9   50000.0 ]
[24-10-31 15:04:34] 532   -11035.89 [    25060.4   15327.7   40211.4    2381.9   50000.0 ]
[24-10-31 15:04:35] 533   -11035.89 [    25058.6   15327.7   40211.4    2381.9   50000.0 ]
[24-10-31 15:04:35] 534   -11035.88 [    25058.6   15328.7   40211.4    2381.9   50000.0 ]
[24-10-31 15:04:35] 535   -11035.86 [    25058.6   15330.3   40211.4    2381.9   50000.0 ]
[24-10-31 15:04:35] 536   -11035.35 [    25058.6   15432.8   40211.4    2381.9   50000.0 ]
[24-10-31 15:04:36] 537   -11036.56 [    25058.6   15598.5   40211.4    2381.9   50000.0 ]
[24-10-31 15:04:36] 538   -11035.52 [    25058.6   15496.1   40211.4    2381.9   50000.0 ]
[24-10-31 15:04:36] 539   -11035.43 [    25058.6   15393.6   40211.4    2381.9   50000.0 ]
[24-10-31 15:04:36] 540   -11035.35 [    25058.6   15434.8   40211.4    2381.9   50000.0 ]
[24-10-31 15:04:37] 541   -11035.35 [    25058.6   15435.9   40211.4    2381.9   50000.0 ]
[24-10-31 15:04:37] 542   -11035.35 [    25058.6   15434.8   40211.4    2381.9   50000.0 ]
[24-10-31 15:04:37] 544   -11035.36 [    25058.6   15434.8   40211.4    2381.9   49998.4 ]
[24-10-31 15:04:37] 545   -11035.36 [    25058.6   15434.8   40211.4    2381.9   49999.4 ]
[24-10-31 15:04:37] 547   -11035.36 [    25058.6   15434.8   40211.4    2381.9   49999.7 ]
[24-10-31 15:04:38] 549   -11035.35 [    25058.6   15434.8   40211.4    2381.9   49999.9 ]
[24-10-31 15:04:38] 551   -11035.35 [    25058.6   15434.8   40211.4    2381.9   50000.0 ]
[24-10-31 15:04:38] 553   -11035.35 [    25058.6   15434.8   40211.4    2381.9   50000.0 ]
[24-10-31 15:04:38] 555   -11035.35 [    25058.6   15434.8   40211.4    2381.9   50000.0 ]
[24-10-31 15:04:39] 557   -11035.35 [    25058.6   15434.8   40211.4    2381.9   50000.0 ]
[24-10-31 15:04:39] 559   -11035.35 [    25058.6   15434.8   40211.4    2381.9   50000.0 ]
[24-10-31 15:04:39] 561   -11035.35 [    25058.6   15434.8   40211.4    2381.9   50000.0 ]
[24-10-31 15:04:39] 563   -11035.35 [    25058.6   15434.8   40211.4    2381.9   50000.0 ]
[24-10-31 15:04:39] 565   -11035.35 [    25058.6   15434.8   40211.4    2381.9   50000.0 ]
[24-10-31 15:04:40] 567   -11035.35 [    25058.6   15434.8   40211.4    2381.9   50000.0 ]
[24-10-31 15:04:40] 569   -11035.35 [    25058.6   15434.8   40211.4    2381.9   50000.0 ]
[24-10-31 15:04:40] 571   -11035.35 [    25058.6   15434.8   40211.4    2381.9   50000.0 ]
[24-10-31 15:04:40] 573   -11035.35 [    25058.6   15434.8   40211.4    2381.9   50000.0 ]
[24-10-31 15:04:41] 575   -11035.35 [    25058.6   15434.8   40211.4    2381.9   50000.0 ]
[24-10-31 15:04:41] 577   -11035.35 [    25058.6   15434.8   40211.4    2381.9   50000.0 ]
[24-10-31 15:04:41] 579   -11035.35 [    25058.6   15434.8   40211.4    2381.9   50000.0 ]
[24-10-31 15:04:41] 581   -11035.35 [    25058.6   15434.8   40211.4    2381.9   50000.0 ]
[24-10-31 15:04:41] 582   -11035.35 [    25058.6   15434.8   40211.4    2381.9   50000.0 ]
[24-10-31 15:04:42] 583   -11035.35 [    25058.6   15434.8   40211.4    2381.9   50000.0 ]
[24-10-31 15:04:42] 586   -11035.35 [    25058.6   15434.8   40211.4    2381.9   50000.0 ]
[24-10-31 15:04:42] 587   -11035.35 [    25058.6   15434.8   40211.4    2381.9   50000.0 ]
[24-10-31 15:04:42] 588   -11035.35 [    25058.6   15434.8   40211.4    2381.9   50000.0 ]
[24-10-31 15:04:43] 589   -11035.35 [    25058.6   15434.8   40211.4    2381.9   50000.0 ]
[24-10-31 15:04:43] 590   -11035.35 [    25058.6   15434.8   40211.4    2381.9   50000.0 ]
[24-10-31 15:04:43] 591   -11035.35 [    25058.6   15434.8   40211.4    2381.9   50000.0 ]
[24-10-31 15:04:43] 592   -11035.35 [    25058.6   15434.8   40211.4    2381.9   50000.0 ]
[24-10-31 15:04:43] 593   -11035.35 [    25058.6   15434.8   40211.4    2381.9   50000.0 ]
[24-10-31 15:04:44] 594   -11035.35 [    25058.6   15434.8   40211.4    2381.9   50000.0 ]
[24-10-31 15:04:44] 595   -11035.39 [    25058.6   15434.8   40211.4    2382.9   50000.0 ]
[24-10-31 15:04:44] 596    -11035.3 [    25058.6   15434.8   40211.4    2380.2   50000.0 ]
[24-10-31 15:04:44] 597   -11035.12 [    25058.6   15434.8   40211.4    2367.8   50000.0 ]
[24-10-31 15:04:45] 598   -11035.63 [    25058.6   15434.8   40211.4    2347.8   50000.0 ]
[24-10-31 15:04:45] 599    -11035.2 [    25058.6   15434.8   40211.4    2360.2   50000.0 ]
[24-10-31 15:04:45] 600   -11035.15 [    25058.6   15434.8   40211.4    2372.6   50000.0 ]
[24-10-31 15:04:45] 601   -11035.12 [    25058.6   15434.8   40211.4    2368.0   50000.0 ]
[24-10-31 15:04:45] 602   -11035.12 [    25058.6   15434.8   40211.4    2368.2   50000.0 ]
[24-10-31 15:04:46] 603   -11035.12 [    25058.6   15434.8   40211.4    2368.0   50000.0 ]
[24-10-31 15:04:46] 608    -11049.6 [    24857.1   15106.9   42444.0    2500.1   50000.0 ]
[24-10-31 15:04:46] 609   -11042.28 [    24957.9   15270.9   41327.7    2434.1   50000.0 ]
[24-10-31 15:04:46] 612   -11037.83 [    25020.1   15372.2   40637.8    2393.3   50000.0 ]
[24-10-31 15:04:47] 614   -11036.15 [    25043.9   15410.9   40374.3    2377.7   50000.0 ]
[24-10-31 15:04:47] 615   -11034.15 [    25072.5   15457.4   40057.6    2358.9   50000.0 ]
[24-10-31 15:04:47] 617   -11034.52 [    25067.2   15448.8   40116.4    2362.4   50000.0 ]
[24-10-31 15:04:47] 618   -11033.92 [    25075.8   15462.8   40021.3    2356.8   50000.0 ]
[24-10-31 15:04:47] 620   -11034.01 [    25074.5   15460.7   40035.2    2357.6   50000.0 ]
[24-10-31 15:04:48] 621   -11033.87 [    25076.6   15464.0   40012.8    2356.3   50000.0 ]
[24-10-31 15:04:48] 622   -11033.83 [    25077.0   15464.8   40007.5    2356.0   50000.0 ]
[24-10-31 15:04:48] 623   -11033.81 [    25077.3   15465.3   40004.2    2355.8   50000.0 ]
[24-10-31 15:04:48] 624    -11033.8 [    25077.5   15465.6   40002.1    2355.7   50000.0 ]
[24-10-31 15:04:49] 626    -11033.8 [    25077.5   15465.6   40002.1    2355.7   50000.0 ]
[24-10-31 15:04:49] 627    -11033.8 [    25078.5   15465.6   40002.1    2355.7   50000.0 ]
[24-10-31 15:04:49] 628    -11033.8 [    25080.1   15465.6   40002.1    2355.7   50000.0 ]
[24-10-31 15:04:49] 629   -11033.69 [    25256.5   15465.6   40002.1    2355.7   50000.0 ]
[24-10-31 15:04:50] 630   -11033.69 [    25307.5   15465.6   40002.1    2355.7   50000.0 ]
[24-10-31 15:04:50] 631    -11033.7 [    25389.9   15465.6   40002.1    2355.7   50000.0 ]
[24-10-31 15:04:50] 632   -11033.69 [    25338.9   15465.6   40002.1    2355.7   50000.0 ]
[24-10-31 15:04:50] 633   -11033.69 [    25288.0   15465.6   40002.1    2355.7   50000.0 ]
[24-10-31 15:04:51] 634   -11033.69 [    25310.3   15465.6   40002.1    2355.7   50000.0 ]
[24-10-31 15:04:51] 635   -11033.69 [    25312.6   15465.6   40002.1    2355.7   50000.0 ]
[24-10-31 15:04:51] 636   -11033.69 [    25310.3   15465.6   40002.1    2355.7   50000.0 ]
[24-10-31 15:04:51] 637   -11033.68 [    25310.3   15466.6   40002.1    2355.7   50000.0 ]
[24-10-31 15:04:52] 638   -11033.68 [    25310.3   15468.2   40002.1    2355.7   50000.0 ]
[24-10-31 15:04:52] 639   -11033.62 [    25310.3   15504.7   40002.1    2355.7   50000.0 ]
[24-10-31 15:04:52] 640   -11033.77 [    25310.3   15563.9   40002.1    2355.7   50000.0 ]
[24-10-31 15:04:52] 641   -11033.64 [    25310.3   15527.3   40002.1    2355.7   50000.0 ]
[24-10-31 15:04:53] 642   -11033.63 [    25310.3   15490.8   40002.1    2355.7   50000.0 ]
[24-10-31 15:04:53] 643   -11033.62 [    25310.3   15505.1   40002.1    2355.7   50000.0 ]
[24-10-31 15:04:53] 644   -11033.62 [    25310.3   15505.5   40002.1    2355.7   50000.0 ]
[24-10-31 15:04:53] 645   -11033.62 [    25310.3   15505.1   40002.1    2355.7   50000.0 ]
[24-10-31 15:04:54] 647   -11033.63 [    25310.3   15505.1   40002.1    2355.7   49998.4 ]
[24-10-31 15:04:54] 648   -11033.62 [    25310.3   15505.1   40002.1    2355.7   49999.4 ]
[24-10-31 15:04:54] 650   -11033.62 [    25310.3   15505.1   40002.1    2355.7   49999.7 ]
[24-10-31 15:04:54] 652   -11033.62 [    25310.3   15505.1   40002.1    2355.7   49999.9 ]
[24-10-31 15:04:55] 654   -11033.62 [    25310.3   15505.1   40002.1    2355.7   50000.0 ]
[24-10-31 15:04:55] 656   -11033.62 [    25310.3   15505.1   40002.1    2355.7   50000.0 ]
[24-10-31 15:04:55] 658   -11033.62 [    25310.3   15505.1   40002.1    2355.7   50000.0 ]
[24-10-31 15:04:55] 660   -11033.62 [    25310.3   15505.1   40002.1    2355.7   50000.0 ]
[24-10-31 15:04:56] 662   -11033.62 [    25310.3   15505.1   40002.1    2355.7   50000.0 ]
[24-10-31 15:04:56] 664   -11033.62 [    25310.3   15505.1   40002.1    2355.7   50000.0 ]
[24-10-31 15:04:56] 666   -11033.62 [    25310.3   15505.1   40002.1    2355.7   50000.0 ]
[24-10-31 15:04:56] 668   -11033.62 [    25310.3   15505.1   40002.1    2355.7   50000.0 ]
[24-10-31 15:04:57] 670   -11033.62 [    25310.3   15505.1   40002.1    2355.7   50000.0 ]
[24-10-31 15:04:57] 672   -11033.62 [    25310.3   15505.1   40002.1    2355.7   50000.0 ]
[24-10-31 15:04:57] 674   -11033.62 [    25310.3   15505.1   40002.1    2355.7   50000.0 ]
[24-10-31 15:04:57] 676   -11033.62 [    25310.3   15505.1   40002.1    2355.7   50000.0 ]
[24-10-31 15:04:58] 678   -11033.62 [    25310.3   15505.1   40002.1    2355.7   50000.0 ]
[24-10-31 15:04:58] 680   -11033.62 [    25310.3   15505.1   40002.1    2355.7   50000.0 ]
[24-10-31 15:04:58] 682   -11033.62 [    25310.3   15505.1   40002.1    2355.7   50000.0 ]
[24-10-31 15:04:58] 684   -11033.62 [    25310.3   15505.1   40002.1    2355.7   50000.0 ]
[24-10-31 15:04:59] 686   -11033.62 [    25310.3   15505.1   40002.1    2355.7   50000.0 ]
[24-10-31 15:04:59] 687   -11033.62 [    25310.3   15505.1   40002.1    2355.7   50000.0 ]
[24-10-31 15:04:59] 688   -11033.62 [    25310.3   15505.1   40002.1    2355.7   50000.0 ]
[24-10-31 15:04:59] 689   -11033.62 [    25310.3   15505.1   40002.1    2355.7   50000.0 ]
[24-10-31 15:05:00] 690   -11033.62 [    25310.3   15505.1   40002.1    2355.7   50000.0 ]
[24-10-31 15:05:00] 691   -11033.62 [    25310.3   15505.1   40002.1    2355.7   50000.0 ]
[24-10-31 15:05:00] 692   -11033.62 [    25310.3   15505.1   40002.1    2355.7   50000.0 ]
[24-10-31 15:05:00] 693   -11033.62 [    25310.3   15505.1   40002.1    2355.7   50000.0 ]
[24-10-31 15:05:01] 694   -11033.62 [    25310.3   15505.1   40002.1    2355.7   50000.0 ]
[24-10-31 15:05:01] 695   -11033.62 [    25310.3   15505.1   40002.1    2355.7   50000.0 ]
[24-10-31 15:05:01] 696   -11033.62 [    25310.3   15505.1   40002.1    2355.7   50000.0 ]
[24-10-31 15:05:01] 697   -11033.62 [    25310.3   15505.1   40002.1    2356.7   50000.0 ]
[24-10-31 15:05:02] 698   -11033.61 [    25310.3   15505.1   40002.1    2354.0   50000.0 ]
[24-10-31 15:05:02] 699   -11033.61 [    25310.3   15505.1   40002.1    2353.1   50000.0 ]
[24-10-31 15:05:02] 700   -11033.61 [    25310.3   15505.1   40002.1    2351.6   50000.0 ]
[24-10-31 15:05:02] 701   -11033.61 [    25310.3   15505.1   40002.1    2352.5   50000.0 ]
[24-10-31 15:05:03] 702   -11033.61 [    25310.3   15505.1   40002.1    2353.5   50000.0 ]
[24-10-31 15:05:03] 703   -11033.61 [    25310.3   15505.1   40002.1    2353.1   50000.0 ]
[24-10-31 15:05:03] 704   -11033.61 [    25310.3   15505.1   40002.1    2353.1   50000.0 ]
[24-10-31 15:05:03] 705   -11033.61 [    25310.3   15505.1   40002.1    2353.1   50000.0 ]
[24-10-31 15:05:04] 708   -11115.81 [    24255.3   13788.0   51692.2    3044.8   50000.0 ]
[24-10-31 15:05:04] 710   -11072.62 [    24782.8   14646.6   45847.1    2698.9   50000.0 ]
[24-10-31 15:05:04] 712   -11047.98 [    25108.8   15177.2   42234.7    2485.2   50000.0 ]
[24-10-31 15:05:04] 714   -11039.02 [    25233.3   15379.9   40854.9    2403.6   50000.0 ]
[24-10-31 15:05:04] 716   -11035.66 [    25280.9   15457.3   40327.8    2372.4   50000.0 ]
[24-10-31 15:05:05] 718   -11034.39 [    25299.1   15486.9   40126.5    2360.5   50000.0 ]
[24-10-31 15:05:05] 720   -11033.91 [    25306.0   15498.2   40049.6    2355.9   50000.0 ]
[24-10-31 15:05:05] 722   -11033.72 [    25308.6   15502.5   40020.3    2354.2   50000.0 ]
[24-10-31 15:05:05] 724   -11033.65 [    25309.7   15504.1   40009.1    2353.5   50000.0 ]
[24-10-31 15:05:06] 726   -11033.62 [    25310.0   15504.7   40004.8    2353.3   50000.0 ]
[24-10-31 15:05:06] 727    -11033.6 [    25310.4   15505.3   40000.9    2353.0   50000.0 ]
[24-10-31 15:05:06] 728    -11033.6 [    25310.5   15505.4   40000.1    2353.0   50000.0 ]
[24-10-31 15:05:06] 730    -11033.6 [    25310.4   15505.4   40000.4    2353.0   50000.0 ]
[24-10-31 15:05:07] 732    -11033.6 [    25310.5   15505.4   40000.2    2353.0   50000.0 ]
[24-10-31 15:05:07] 733    -11033.6 [    25310.5   15505.4   40000.0    2353.0   50000.0 ]
[24-10-31 15:05:07] 735    -11033.6 [    25310.5   15505.4   40000.1    2353.0   50000.0 ]
[24-10-31 15:05:07] 736   -11033.59 [    25310.5   15505.4   40000.0    2353.0   50000.0 ]
Optimization terminated successfully.
         Current function value: 11033.594894
         Iterations: 9
         Function evaluations: 736
[24-10-31 15:05:07] 736      fit p: [    25310.5   15505.4   40000.0    2353.0   50000.0 ]
method: Powell
objective_func: objective_H2
fopt: -11033.594894413674
max_iter: 100
num_iter: 9
func_calls: 736
flag: 0
u_fitted: False
u: 1.111e-08
