[24-10-31 15:15:17] fitting objective_H2 to data for demes ['French', 'KhomaniSan', 'Yoruba']
[24-10-31 15:15:17] 0        pnames [         NK       NFY       TFY        NF        NY ]
[24-10-31 15:15:17] 0            p0 [    17876.9   21633.1   50414.3    5753.5   22701.5 ]
[24-10-31 15:15:18] 1     -16900.38 [    17876.9   21633.1   50414.3    5753.5   22701.5 ]
[24-10-31 15:15:18] 2     -16900.38 [    17876.9   21633.1   50414.3    5753.5   22701.5 ]
[24-10-31 15:15:18] 3     -16900.28 [    17877.9   21633.1   50414.3    5753.5   22701.5 ]
[24-10-31 15:15:18] 4     -16900.11 [    17879.5   21633.1   50414.3    5753.5   22701.5 ]
[24-10-31 15:15:19] 5     -16882.11 [    18055.9   21633.1   50414.3    5753.5   22701.5 ]
[24-10-31 15:15:19] 6     -16619.39 [    22193.3   21633.1   50414.3    5753.5   22701.5 ]
[24-10-31 15:15:19] 7     -16517.94 [    28887.7   21633.1   50414.3    5753.5   22701.5 ]
[24-10-31 15:15:19] 8     -16523.96 [    27238.2   21633.1   50414.3    5753.5   22701.5 ]
[24-10-31 15:15:20] 9     -16587.97 [    39719.6   21633.1   50414.3    5753.5   22701.5 ]
[24-10-31 15:15:20] 10    -16529.83 [    33025.1   21633.1   50414.3    5753.5   22701.5 ]
[24-10-31 15:15:20] 11    -16531.19 [    26330.7   21633.1   50414.3    5753.5   22701.5 ]
[24-10-31 15:15:20] 12    -16517.75 [    29762.2   21633.1   50414.3    5753.5   22701.5 ]
[24-10-31 15:15:21] 13    -16517.61 [    29443.3   21633.1   50414.3    5753.5   22701.5 ]
[24-10-31 15:15:21] 14    -16517.62 [    29327.6   21633.1   50414.3    5753.5   22701.5 ]
[24-10-31 15:15:21] 15    -16517.63 [    29559.0   21633.1   50414.3    5753.5   22701.5 ]
[24-10-31 15:15:21] 16    -16517.61 [    29443.3   21633.1   50414.3    5753.5   22701.5 ]
[24-10-31 15:15:22] 17    -16517.94 [    29443.3   21634.1   50414.3    5753.5   22701.5 ]
[24-10-31 15:15:22] 18    -16517.08 [    29443.3   21631.5   50414.3    5753.5   22701.5 ]
[24-10-31 15:15:22] 19    -16516.22 [    29443.3   21628.9   50414.3    5753.5   22701.5 ]
[24-10-31 15:15:22] 20    -16514.84 [    29443.3   21624.7   50414.3    5753.5   22701.5 ]
[24-10-31 15:15:23] 21     -16512.6 [    29443.3   21617.8   50414.3    5753.5   22701.5 ]
[24-10-31 15:15:23] 22    -16508.97 [    29443.3   21606.7   50414.3    5753.5   22701.5 ]
[24-10-31 15:15:23] 23    -16503.11 [    29443.3   21588.8   50414.3    5753.5   22701.5 ]
[24-10-31 15:15:23] 24    -16493.61 [    29443.3   21559.7   50414.3    5753.5   22701.5 ]
[24-10-31 15:15:23] 25    -16478.24 [    29443.3   21512.8   50414.3    5753.5   22701.5 ]
[24-10-31 15:15:24] 26    -16453.34 [    29443.3   21436.7   50414.3    5753.5   22701.5 ]
[24-10-31 15:15:24] 27    -16413.02 [    29443.3   21313.8   50414.3    5753.5   22701.5 ]
[24-10-31 15:15:24] 28    -16347.64 [    29443.3   21114.7   50414.3    5753.5   22701.5 ]
[24-10-31 15:15:24] 29    -16241.61 [    29443.3   20792.8   50414.3    5753.5   22701.5 ]
[24-10-31 15:15:25] 30    -16069.62 [    29443.3   20271.8   50414.3    5753.5   22701.5 ]
[24-10-31 15:15:25] 31    -15791.46 [    29443.3   19428.8   50414.3    5753.5   22701.5 ]
[24-10-31 15:15:25] 34    -27007.49 [    29443.3    6022.6   50414.3    5753.5   22701.5 ]
[24-10-31 15:15:25] 35    -14242.95 [    29443.3   12725.7   50414.3    5753.5   22701.5 ]
[24-10-31 15:15:26] 36    -14574.59 [    29443.3   15352.0   50414.3    5753.5   22701.5 ]
[24-10-31 15:15:26] 37    -14402.92 [    29443.3   11581.3   50414.3    5753.5   22701.5 ]
[24-10-31 15:15:26] 38    -14244.39 [    29443.3   13144.1   50414.3    5753.5   22701.5 ]
[24-10-31 15:15:26] 39    -14240.32 [    29443.3   12916.1   50414.3    5753.5   22701.5 ]
[24-10-31 15:15:27] 40    -14240.81 [    29443.3   12828.9   50414.3    5753.5   22701.5 ]
[24-10-31 15:15:27] 41    -14240.98 [    29443.3   13003.3   50414.3    5753.5   22701.5 ]
[24-10-31 15:15:27] 42    -14240.32 [    29443.3   12916.1   50414.3    5753.5   22701.5 ]
[24-10-31 15:15:27] 43    -14240.27 [    29443.3   12916.1   50415.3    5753.5   22701.5 ]
[24-10-31 15:15:28] 44    -14240.19 [    29443.3   12916.1   50416.9    5753.5   22701.5 ]
[24-10-31 15:15:28] 45    -14231.42 [    29443.3   12916.1   50593.3    5753.5   22701.5 ]
[24-10-31 15:15:28] 46    -13781.04 [    29443.3   12916.1   69021.0    5753.5   22701.5 ]
[24-10-31 15:15:28] 47    -15055.96 [    29443.3   12916.1   98837.7    5753.5   22701.5 ]
[24-10-31 15:15:29] 48    -13970.98 [    29443.3   12916.1   80410.0    5753.5   22701.5 ]
[24-10-31 15:15:29] 49    -13843.61 [    29443.3   12916.1   61982.2    5753.5   22701.5 ]
[24-10-31 15:15:29] 50    -13780.92 [    29443.3   12916.1   68705.2    5753.5   22701.5 ]
[24-10-31 15:15:29] 51    -13780.97 [    29443.3   12916.1   68522.3    5753.5   22701.5 ]
[24-10-31 15:15:30] 52    -13780.92 [    29443.3   12916.1   68705.2    5753.5   22701.5 ]
[24-10-31 15:15:30] 53    -13781.78 [    29443.3   12916.1   68705.2    5754.5   22701.5 ]
[24-10-31 15:15:30] 54    -13779.53 [    29443.3   12916.1   68705.2    5751.9   22701.5 ]
[24-10-31 15:15:30] 55    -13628.66 [    29443.3   12916.1   68705.2    5575.5   22701.5 ]
[24-10-31 15:15:30] 58    -12896.17 [    29443.3   12916.1   68705.2    2972.8   22701.5 ]
[24-10-31 15:15:31] 59    -12673.39 [    29443.3   12916.1   68705.2    4274.2   22701.5 ]
[24-10-31 15:15:31] 60    -12521.39 [    29443.3   12916.1   68705.2    3869.6   22701.5 ]
[24-10-31 15:15:31] 61    -12504.34 [    29443.3   12916.1   68705.2    3763.9   22701.5 ]
[24-10-31 15:15:31] 62    -12500.46 [    29443.3   12916.1   68705.2    3624.8   22701.5 ]
[24-10-31 15:15:32] 63    -12499.22 [    29443.3   12916.1   68705.2    3668.7   22701.5 ]
[24-10-31 15:15:32] 64    -12499.45 [    29443.3   12916.1   68705.2    3689.6   22701.5 ]
[24-10-31 15:15:32] 65    -12499.51 [    29443.3   12916.1   68705.2    3647.9   22701.5 ]
[24-10-31 15:15:32] 66    -12499.22 [    29443.3   12916.1   68705.2    3668.7   22701.5 ]
[24-10-31 15:15:33] 67     -12499.1 [    29443.3   12916.1   68705.2    3668.7   22702.5 ]
[24-10-31 15:15:33] 68    -12498.91 [    29443.3   12916.1   68705.2    3668.7   22704.1 ]
[24-10-31 15:15:33] 69    -12478.68 [    29443.3   12916.1   68705.2    3668.7   22880.4 ]
[24-10-31 15:15:33] 70    -11872.32 [    29443.3   12916.1   68705.2    3668.7   30950.2 ]
[24-10-31 15:15:33] 71    -11476.53 [    29443.3   12916.1   68705.2    3668.7   44007.2 ]
[24-10-31 15:15:34] 72    -11465.46 [    29443.3   12916.1   68705.2    3668.7   44621.3 ]
[24-10-31 15:15:34] 73    -11448.42 [    29443.3   12916.1   68705.2    3668.7   45614.8 ]
[24-10-31 15:15:34] 76    -11413.71 [    29443.3   12916.1   68705.2    3668.7   47843.2 ]
[24-10-31 15:15:34] 77    -11430.49 [    29443.3   12916.1   68705.2    3668.7   46729.0 ]
[24-10-31 15:15:35] 78     -11394.4 [    29443.3   12916.1   68705.2    3668.7   49220.3 ]
[24-10-31 15:15:35] 80     -11401.6 [    29443.3   12916.1   68705.2    3668.7   48694.3 ]
[24-10-31 15:15:35] 81    -11390.06 [    29443.3   12916.1   68705.2    3668.7   49545.4 ]
[24-10-31 15:15:35] 83    -11390.06 [    29443.3   12916.1   68705.2    3668.7   49545.4 ]
[24-10-31 15:15:35] 84    -11390.07 [    29444.3   12916.1   68705.2    3668.7   49545.4 ]
[24-10-31 15:15:36] 85    -11390.05 [    29441.7   12916.1   68705.2    3668.7   49545.4 ]
[24-10-31 15:15:36] 86     -11388.9 [    29265.3   12916.1   68705.2    3668.7   49545.4 ]
[24-10-31 15:15:36] 87    -11381.64 [    25986.3   12916.1   68705.2    3668.7   49545.4 ]
[24-10-31 15:15:36] 88    -11480.29 [    20680.7   12916.1   68705.2    3668.7   49545.4 ]
[24-10-31 15:15:37] 89     -11397.0 [    23959.7   12916.1   68705.2    3668.7   49545.4 ]
[24-10-31 15:15:37] 90    -11380.73 [    27238.7   12916.1   68705.2    3668.7   49545.4 ]
[24-10-31 15:15:37] 91    -11380.44 [    26786.0   12916.1   68705.2    3668.7   49545.4 ]
[24-10-31 15:15:37] 92    -11380.44 [    26825.1   12916.1   68705.2    3668.7   49545.4 ]
[24-10-31 15:15:37] 93    -11380.44 [    26851.3   12916.1   68705.2    3668.7   49545.4 ]
[24-10-31 15:15:38] 94    -11380.44 [    26825.1   12916.1   68705.2    3668.7   49545.4 ]
[24-10-31 15:15:38] 95    -11380.54 [    26825.1   12917.1   68705.2    3668.7   49545.4 ]
[24-10-31 15:15:38] 96    -11380.28 [    26825.1   12914.5   68705.2    3668.7   49545.4 ]
[24-10-31 15:15:38] 97    -11364.03 [    26825.1   12738.1   68705.2    3668.7   49545.4 ]
[24-10-31 15:15:39] 98     -11334.2 [    26825.1   11828.0   68705.2    3668.7   49545.4 ]
[24-10-31 15:15:39] 99    -11572.27 [    26825.1   10355.5   68705.2    3668.7   49545.4 ]
[24-10-31 15:15:39] 100   -11373.84 [    26825.1   11265.6   68705.2    3668.7   49545.4 ]
[24-10-31 15:15:39] 101   -11333.69 [    26825.1   12175.7   68705.2    3668.7   49545.4 ]
[24-10-31 15:15:40] 102   -11331.89 [    26825.1   12011.5   68705.2    3668.7   49545.4 ]
[24-10-31 15:15:40] 103    -11331.9 [    26825.1   12020.5   68705.2    3668.7   49545.4 ]
[24-10-31 15:15:40] 104    -11331.9 [    26825.1   12002.4   68705.2    3668.7   49545.4 ]
[24-10-31 15:15:40] 105   -11331.89 [    26825.1   12011.5   68705.2    3668.7   49545.4 ]
[24-10-31 15:15:40] 106   -11331.92 [    26825.1   12011.5   68706.2    3668.7   49545.4 ]
[24-10-31 15:15:41] 107   -11331.85 [    26825.1   12011.5   68703.6    3668.7   49545.4 ]
[24-10-31 15:15:41] 108   -11327.26 [    26825.1   12011.5   68527.3    3668.7   49545.4 ]
[24-10-31 15:15:41] 109   -11251.25 [    26825.1   12011.5   62561.5    3668.7   49545.4 ]
[24-10-31 15:15:41] 110   -11461.18 [    26825.1   12011.5   52908.6    3668.7   49545.4 ]
[24-10-31 15:15:42] 111   -11282.28 [    26825.1   12011.5   58874.4    3668.7   49545.4 ]
[24-10-31 15:15:42] 112    -11262.0 [    26825.1   12011.5   64840.2    3668.7   49545.4 ]
[24-10-31 15:15:42] 113   -11251.24 [    26825.1   12011.5   62629.5    3668.7   49545.4 ]
[24-10-31 15:15:42] 114   -11251.25 [    26825.1   12011.5   62690.2    3668.7   49545.4 ]
[24-10-31 15:15:43] 115   -11251.24 [    26825.1   12011.5   62629.5    3668.7   49545.4 ]
[24-10-31 15:15:43] 116   -11251.21 [    26825.1   12011.5   62629.5    3669.7   49545.4 ]
[24-10-31 15:15:43] 117   -11251.16 [    26825.1   12011.5   62629.5    3671.3   49545.4 ]
[24-10-31 15:15:43] 118   -11250.77 [    26825.1   12011.5   62629.5    3698.5   49545.4 ]
[24-10-31 15:15:44] 119    -11251.7 [    26825.1   12011.5   62629.5    3742.3   49545.4 ]
[24-10-31 15:15:44] 120   -11250.91 [    26825.1   12011.5   62629.5    3715.2   49545.4 ]
[24-10-31 15:15:44] 121   -11250.83 [    26825.1   12011.5   62629.5    3688.1   49545.4 ]
[24-10-31 15:15:44] 122   -11250.77 [    26825.1   12011.5   62629.5    3699.0   49545.4 ]
[24-10-31 15:15:45] 123   -11250.77 [    26825.1   12011.5   62629.5    3699.3   49545.4 ]
[24-10-31 15:15:45] 124   -11250.77 [    26825.1   12011.5   62629.5    3699.0   49545.4 ]
[24-10-31 15:15:45] 125   -11250.76 [    26825.1   12011.5   62629.5    3699.0   49546.4 ]
[24-10-31 15:15:45] 126   -11250.74 [    26825.1   12011.5   62629.5    3699.0   49548.1 ]
[24-10-31 15:15:46] 127   -11248.18 [    26825.1   12011.5   62629.5    3699.0   49724.4 ]
[24-10-31 15:15:46] 133   -11245.94 [    26825.1   12011.5   62629.5    3699.0   49880.7 ]
[24-10-31 15:15:46] 134   -11247.06 [    26825.1   12011.5   62629.5    3699.0   49802.6 ]
[24-10-31 15:15:46] 135   -11244.57 [    26825.1   12011.5   62629.5    3699.0   49977.3 ]
[24-10-31 15:15:46] 137   -11245.09 [    26825.1   12011.5   62629.5    3699.0   49940.4 ]
[24-10-31 15:15:47] 139   -11244.77 [    26825.1   12011.5   62629.5    3699.0   49963.2 ]
[24-10-31 15:15:47] 140   -11244.44 [    26825.1   12011.5   62629.5    3699.0   49986.0 ]
[24-10-31 15:15:47] 141   -11244.37 [    26825.1   12011.5   62629.5    3699.0   49991.4 ]
[24-10-31 15:15:48] 143   -11244.37 [    26825.1   12011.5   62629.5    3699.0   49991.4 ]
[24-10-31 15:15:48] 144   -11244.38 [    26826.1   12011.5   62629.5    3699.0   49991.4 ]
[24-10-31 15:15:48] 145   -11244.34 [    26823.5   12011.5   62629.5    3699.0   49991.4 ]
[24-10-31 15:15:48] 146   -11241.78 [    26647.1   12011.5   62629.5    3699.0   49991.4 ]
[24-10-31 15:15:49] 147   -11233.36 [    20488.6   12011.5   62629.5    3699.0   49991.4 ]
[24-10-31 15:15:49] 148   -12956.27 [    10523.9   12011.5   62629.5    3699.0   49991.4 ]
[24-10-31 15:15:49] 149    -11415.2 [    16682.4   12011.5   62629.5    3699.0   49991.4 ]
[24-10-31 15:15:49] 150   -11211.51 [    22840.9   12011.5   62629.5    3699.0   49991.4 ]
[24-10-31 15:15:50] 151   -11212.39 [    22407.9   12011.5   62629.5    3699.0   49991.4 ]
[24-10-31 15:15:50] 152   -11211.48 [    22893.9   12011.5   62629.5    3699.0   49991.4 ]
[24-10-31 15:15:50] 153   -11211.47 [    22953.0   12011.5   62629.5    3699.0   49991.4 ]
[24-10-31 15:15:50] 154   -11211.47 [    22991.7   12011.5   62629.5    3699.0   49991.4 ]
[24-10-31 15:15:51] 155   -11211.47 [    22953.0   12011.5   62629.5    3699.0   49991.4 ]
[24-10-31 15:15:51] 156   -11211.43 [    22953.0   12012.5   62629.5    3699.0   49991.4 ]
[24-10-31 15:15:51] 157   -11211.36 [    22953.0   12014.1   62629.5    3699.0   49991.4 ]
[24-10-31 15:15:51] 158    -11206.9 [    22953.0   12190.5   62629.5    3699.0   49991.4 ]
[24-10-31 15:15:52] 159   -11206.41 [    22953.0   12265.5   62629.5    3699.0   49991.4 ]
[24-10-31 15:15:52] 160   -11207.31 [    22953.0   12386.8   62629.5    3699.0   49991.4 ]
[24-10-31 15:15:52] 161   -11206.51 [    22953.0   12311.8   62629.5    3699.0   49991.4 ]
[24-10-31 15:15:52] 162    -11206.5 [    22953.0   12236.8   62629.5    3699.0   49991.4 ]
[24-10-31 15:15:53] 163   -11206.41 [    22953.0   12273.4   62629.5    3699.0   49991.4 ]
[24-10-31 15:15:53] 164   -11206.41 [    22953.0   12270.8   62629.5    3699.0   49991.4 ]
[24-10-31 15:15:53] 165   -11206.41 [    22953.0   12276.0   62629.5    3699.0   49991.4 ]
[24-10-31 15:15:53] 166   -11206.41 [    22953.0   12273.4   62629.5    3699.0   49991.4 ]
[24-10-31 15:15:54] 167   -11206.42 [    22953.0   12273.4   62630.5    3699.0   49991.4 ]
[24-10-31 15:15:54] 168    -11206.4 [    22953.0   12273.4   62627.9    3699.0   49991.4 ]
[24-10-31 15:15:54] 169   -11205.14 [    22953.0   12273.4   62451.5    3699.0   49991.4 ]
[24-10-31 15:15:54] 170   -11199.96 [    22953.0   12273.4   60906.2    3699.0   49991.4 ]
[24-10-31 15:15:55] 171   -11213.76 [    22953.0   12273.4   58406.0    3699.0   49991.4 ]
[24-10-31 15:15:55] 172   -11201.98 [    22953.0   12273.4   59951.2    3699.0   49991.4 ]
[24-10-31 15:15:55] 173   -11200.71 [    22953.0   12273.4   61496.5    3699.0   49991.4 ]
[24-10-31 15:15:55] 174   -11199.96 [    22953.0   12273.4   60923.5    3699.0   49991.4 ]
[24-10-31 15:15:55] 175   -11199.96 [    22953.0   12273.4   60889.0    3699.0   49991.4 ]
[24-10-31 15:15:56] 176   -11199.96 [    22953.0   12273.4   60906.2    3699.0   49991.4 ]
[24-10-31 15:15:56] 177   -11200.05 [    22953.0   12273.4   60906.2    3700.0   49991.4 ]
[24-10-31 15:15:56] 178   -11199.82 [    22953.0   12273.4   60906.2    3697.4   49991.4 ]
[24-10-31 15:15:56] 179   -11195.73 [    22953.0   12273.4   60906.2    3602.0   49991.4 ]
[24-10-31 15:15:57] 180   -11210.21 [    22953.0   12273.4   60906.2    3447.6   49991.4 ]
[24-10-31 15:15:57] 181   -11197.97 [    22953.0   12273.4   60906.2    3543.0   49991.4 ]
[24-10-31 15:15:57] 182   -11196.21 [    22953.0   12273.4   60906.2    3638.4   49991.4 ]
[24-10-31 15:15:57] 183   -11195.71 [    22953.0   12273.4   60906.2    3607.9   49991.4 ]
[24-10-31 15:15:58] 184   -11195.71 [    22953.0   12273.4   60906.2    3607.0   49991.4 ]
[24-10-31 15:15:58] 185   -11195.71 [    22953.0   12273.4   60906.2    3608.8   49991.4 ]
[24-10-31 15:15:58] 186   -11195.71 [    22953.0   12273.4   60906.2    3607.9   49991.4 ]
[24-10-31 15:15:59] 187    -11195.7 [    22953.0   12273.4   60906.2    3607.9   49992.4 ]
[24-10-31 15:15:59] 188   -11195.68 [    22953.0   12273.4   60906.2    3607.9   49994.0 ]
[24-10-31 15:15:59] 193   -11195.63 [    22953.0   12273.4   60906.2    3607.9   49997.8 ]
[24-10-31 15:15:59] 194   -11195.66 [    22953.0   12273.4   60906.2    3607.9   49995.9 ]
[24-10-31 15:15:59] 196   -11195.62 [    22953.0   12273.4   60906.2    3607.9   49998.7 ]
[24-10-31 15:16:00] 197   -11195.62 [    22953.0   12273.4   60906.2    3607.9   49999.2 ]
[24-10-31 15:16:00] 198   -11195.61 [    22953.0   12273.4   60906.2    3607.9   49999.6 ]
[24-10-31 15:16:00] 199   -11195.61 [    22953.0   12273.4   60906.2    3607.9   49999.8 ]
[24-10-31 15:16:01] 200   -11195.61 [    22953.0   12273.4   60906.2    3607.9   49999.9 ]
[24-10-31 15:16:01] 201   -11195.61 [    22953.0   12273.4   60906.2    3607.9   50000.0 ]
[24-10-31 15:16:01] 203   -11195.61 [    22953.0   12273.4   60906.2    3607.9   50000.0 ]
[24-10-31 15:16:01] 204   -11195.61 [    22954.0   12273.4   60906.2    3607.9   50000.0 ]
[24-10-31 15:16:02] 205   -11195.61 [    22955.6   12273.4   60906.2    3607.9   50000.0 ]
[24-10-31 15:16:02] 206   -11195.52 [    23121.1   12273.4   60906.2    3607.9   50000.0 ]
[24-10-31 15:16:02] 207   -11195.72 [    23388.8   12273.4   60906.2    3607.9   50000.0 ]
[24-10-31 15:16:02] 208   -11195.55 [    23223.3   12273.4   60906.2    3607.9   50000.0 ]
[24-10-31 15:16:03] 209   -11195.54 [    23057.9   12273.4   60906.2    3607.9   50000.0 ]
[24-10-31 15:16:03] 210   -11195.52 [    23124.7   12273.4   60906.2    3607.9   50000.0 ]
[24-10-31 15:16:03] 211   -11195.52 [    23126.4   12273.4   60906.2    3607.9   50000.0 ]
[24-10-31 15:16:03] 212   -11195.52 [    23123.0   12273.4   60906.2    3607.9   50000.0 ]
[24-10-31 15:16:04] 213   -11195.52 [    23124.7   12273.4   60906.2    3607.9   50000.0 ]
[24-10-31 15:16:04] 214   -11195.49 [    23124.7   12274.4   60906.2    3607.9   50000.0 ]
[24-10-31 15:16:04] 215   -11195.43 [    23124.7   12276.0   60906.2    3607.9   50000.0 ]
[24-10-31 15:16:04] 216   -11191.74 [    23124.7   12452.4   60906.2    3607.9   50000.0 ]
[24-10-31 15:16:05] 217    -11191.5 [    23124.7   12506.0   60906.2    3607.9   50000.0 ]
[24-10-31 15:16:05] 218   -11191.94 [    23124.7   12592.7   60906.2    3607.9   50000.0 ]
[24-10-31 15:16:05] 219   -11191.54 [    23124.7   12539.1   60906.2    3607.9   50000.0 ]
[24-10-31 15:16:05] 220   -11191.54 [    23124.7   12485.5   60906.2    3607.9   50000.0 ]
[24-10-31 15:16:06] 221   -11191.49 [    23124.7   12511.9   60906.2    3607.9   50000.0 ]
[24-10-31 15:16:06] 222   -11191.49 [    23124.7   12509.5   60906.2    3607.9   50000.0 ]
[24-10-31 15:16:06] 223   -11191.49 [    23124.7   12514.2   60906.2    3607.9   50000.0 ]
[24-10-31 15:16:06] 224   -11191.49 [    23124.7   12511.9   60906.2    3607.9   50000.0 ]
[24-10-31 15:16:07] 225    -11191.5 [    23124.7   12511.9   60907.2    3607.9   50000.0 ]
[24-10-31 15:16:07] 226   -11191.48 [    23124.7   12511.9   60904.6    3607.9   50000.0 ]
[24-10-31 15:16:07] 227   -11190.35 [    23124.7   12511.9   60728.3    3607.9   50000.0 ]
[24-10-31 15:16:07] 228   -11186.28 [    23124.7   12511.9   59370.4    3607.9   50000.0 ]
[24-10-31 15:16:08] 229   -11197.15 [    23124.7   12511.9   57173.2    3607.9   50000.0 ]
[24-10-31 15:16:08] 230   -11187.87 [    23124.7   12511.9   58531.1    3607.9   50000.0 ]
[24-10-31 15:16:08] 231   -11186.86 [    23124.7   12511.9   59889.0    3607.9   50000.0 ]
[24-10-31 15:16:08] 232   -11186.28 [    23124.7   12511.9   59385.7    3607.9   50000.0 ]
[24-10-31 15:16:08] 233   -11186.28 [    23124.7   12511.9   59355.0    3607.9   50000.0 ]
[24-10-31 15:16:09] 234   -11186.28 [    23124.7   12511.9   59370.4    3607.9   50000.0 ]
[24-10-31 15:16:09] 235   -11186.37 [    23124.7   12511.9   59370.4    3608.9   50000.0 ]
[24-10-31 15:16:09] 236   -11186.12 [    23124.7   12511.9   59370.4    3606.3   50000.0 ]
[24-10-31 15:16:09] 237   -11181.71 [    23124.7   12511.9   59370.4    3509.4   50000.0 ]
[24-10-31 15:16:10] 238   -11197.53 [    23124.7   12511.9   59370.4    3352.7   50000.0 ]
[24-10-31 15:16:10] 239   -11184.17 [    23124.7   12511.9   59370.4    3449.6   50000.0 ]
[24-10-31 15:16:10] 240   -11182.22 [    23124.7   12511.9   59370.4    3546.4   50000.0 ]
[24-10-31 15:16:10] 241   -11181.69 [    23124.7   12511.9   59370.4    3515.7   50000.0 ]
[24-10-31 15:16:11] 242   -11181.69 [    23124.7   12511.9   59370.4    3514.8   50000.0 ]
[24-10-31 15:16:11] 243   -11181.69 [    23124.7   12511.9   59370.4    3516.6   50000.0 ]
[24-10-31 15:16:11] 244   -11181.69 [    23124.7   12511.9   59370.4    3515.7   50000.0 ]
[24-10-31 15:16:11] 246   -11181.71 [    23124.7   12511.9   59370.4    3515.7   49998.4 ]
[24-10-31 15:16:12] 247    -11181.7 [    23124.7   12511.9   59370.4    3515.7   49999.4 ]
[24-10-31 15:16:12] 249   -11181.69 [    23124.7   12511.9   59370.4    3515.7   49999.7 ]
[24-10-31 15:16:12] 251   -11181.69 [    23124.7   12511.9   59370.4    3515.7   49999.9 ]
[24-10-31 15:16:12] 253   -11181.69 [    23124.7   12511.9   59370.4    3515.7   49999.9 ]
[24-10-31 15:16:12] 255   -11181.69 [    23124.7   12511.9   59370.4    3515.7   50000.0 ]
[24-10-31 15:16:13] 257   -11181.69 [    23124.7   12511.9   59370.4    3515.7   50000.0 ]
[24-10-31 15:16:13] 258   -11181.69 [    23124.7   12511.9   59370.4    3515.7   50000.0 ]
[24-10-31 15:16:13] 259   -11181.69 [    23124.7   12511.9   59370.4    3515.7   50000.0 ]
[24-10-31 15:16:13] 260   -11181.69 [    23124.7   12511.9   59370.4    3515.7   50000.0 ]
[24-10-31 15:16:14] 261   -11181.69 [    23124.7   12511.9   59370.4    3515.7   50000.0 ]
[24-10-31 15:16:14] 262   -11181.69 [    23124.7   12511.9   59370.4    3515.7   50000.0 ]
[24-10-31 15:16:14] 263   -11181.69 [    23124.7   12511.9   59370.4    3515.7   50000.0 ]
[24-10-31 15:16:14] 265   -11181.69 [    23124.7   12511.9   59370.4    3515.7   50000.0 ]
[24-10-31 15:16:15] 266   -11181.69 [    23124.7   12511.9   59370.4    3515.7   50000.0 ]
[24-10-31 15:16:15] 268   -11181.69 [    23124.7   12511.9   59370.4    3515.7   50000.0 ]
[24-10-31 15:16:15] 269   -11181.69 [    23125.7   12511.9   59370.4    3515.7   50000.0 ]
[24-10-31 15:16:15] 270   -11181.69 [    23127.3   12511.9   59370.4    3515.7   50000.0 ]
[24-10-31 15:16:16] 271   -11181.61 [    23286.6   12511.9   59370.4    3515.7   50000.0 ]
[24-10-31 15:16:16] 272   -11181.79 [    23544.3   12511.9   59370.4    3515.7   50000.0 ]
[24-10-31 15:16:16] 273   -11181.64 [    23385.0   12511.9   59370.4    3515.7   50000.0 ]
[24-10-31 15:16:16] 274   -11181.62 [    23225.8   12511.9   59370.4    3515.7   50000.0 ]
[24-10-31 15:16:17] 275   -11181.61 [    23289.9   12511.9   59370.4    3515.7   50000.0 ]
[24-10-31 15:16:17] 276   -11181.61 [    23291.6   12511.9   59370.4    3515.7   50000.0 ]
[24-10-31 15:16:17] 277   -11181.61 [    23288.3   12511.9   59370.4    3515.7   50000.0 ]
[24-10-31 15:16:17] 278   -11181.61 [    23289.9   12511.9   59370.4    3515.7   50000.0 ]
[24-10-31 15:16:18] 279   -11181.58 [    23289.9   12512.9   59370.4    3515.7   50000.0 ]
[24-10-31 15:16:18] 280   -11181.53 [    23289.9   12514.5   59370.4    3515.7   50000.0 ]
[24-10-31 15:16:18] 281   -11178.38 [    23289.9   12690.8   59370.4    3515.7   50000.0 ]
[24-10-31 15:16:18] 282   -11178.26 [    23289.9   12728.9   59370.4    3515.7   50000.0 ]
[24-10-31 15:16:18] 283   -11178.47 [    23289.9   12790.6   59370.4    3515.7   50000.0 ]
[24-10-31 15:16:19] 284   -11178.28 [    23289.9   12752.5   59370.4    3515.7   50000.0 ]
[24-10-31 15:16:19] 285   -11178.28 [    23289.9   12714.4   59370.4    3515.7   50000.0 ]
[24-10-31 15:16:19] 286   -11178.26 [    23289.9   12733.6   59370.4    3515.7   50000.0 ]
[24-10-31 15:16:19] 287   -11178.26 [    23289.9   12731.3   59370.4    3515.7   50000.0 ]
[24-10-31 15:16:20] 288   -11178.26 [    23289.9   12735.8   59370.4    3515.7   50000.0 ]
[24-10-31 15:16:20] 289   -11178.26 [    23289.9   12733.6   59370.4    3515.7   50000.0 ]
[24-10-31 15:16:20] 290   -11178.26 [    23289.9   12733.6   59371.4    3515.7   50000.0 ]
[24-10-31 15:16:20] 291   -11178.25 [    23289.9   12733.6   59368.7    3515.7   50000.0 ]
[24-10-31 15:16:21] 292   -11177.12 [    23289.9   12733.6   59192.4    3515.7   50000.0 ]
[24-10-31 15:16:21] 293    -11173.2 [    23289.9   12733.6   57875.3    3515.7   50000.0 ]
[24-10-31 15:16:21] 294   -11183.69 [    23289.9   12733.6   55744.2    3515.7   50000.0 ]
[24-10-31 15:16:21] 295   -11174.74 [    23289.9   12733.6   57061.3    3515.7   50000.0 ]
[24-10-31 15:16:22] 296   -11173.77 [    23289.9   12733.6   58378.4    3515.7   50000.0 ]
[24-10-31 15:16:22] 297    -11173.2 [    23289.9   12733.6   57890.2    3515.7   50000.0 ]
[24-10-31 15:16:22] 298    -11173.2 [    23289.9   12733.6   57860.3    3515.7   50000.0 ]
[24-10-31 15:16:22] 299    -11173.2 [    23289.9   12733.6   57875.3    3515.7   50000.0 ]
[24-10-31 15:16:22] 300    -11173.3 [    23289.9   12733.6   57875.3    3516.7   50000.0 ]
[24-10-31 15:16:23] 301   -11173.05 [    23289.9   12733.6   57875.3    3514.1   50000.0 ]
[24-10-31 15:16:23] 302   -11168.74 [    23289.9   12733.6   57875.3    3420.9   50000.0 ]
[24-10-31 15:16:23] 303   -11184.11 [    23289.9   12733.6   57875.3    3270.2   50000.0 ]
[24-10-31 15:16:23] 304   -11171.13 [    23289.9   12733.6   57875.3    3363.3   50000.0 ]
[24-10-31 15:16:24] 305   -11169.25 [    23289.9   12733.6   57875.3    3456.5   50000.0 ]
[24-10-31 15:16:24] 306   -11168.73 [    23289.9   12733.6   57875.3    3426.9   50000.0 ]
[24-10-31 15:16:24] 307   -11168.73 [    23289.9   12733.6   57875.3    3426.0   50000.0 ]
[24-10-31 15:16:24] 308   -11168.73 [    23289.9   12733.6   57875.3    3427.8   50000.0 ]
[24-10-31 15:16:25] 309   -11168.73 [    23289.9   12733.6   57875.3    3426.9   50000.0 ]
[24-10-31 15:16:25] 311   -11168.74 [    23289.9   12733.6   57875.3    3426.9   49998.4 ]
[24-10-31 15:16:25] 312   -11168.73 [    23289.9   12733.6   57875.3    3426.9   49999.4 ]
[24-10-31 15:16:25] 314   -11168.73 [    23289.9   12733.6   57875.3    3426.9   49999.7 ]
[24-10-31 15:16:26] 316   -11168.73 [    23289.9   12733.6   57875.3    3426.9   49999.9 ]
[24-10-31 15:16:26] 318   -11168.73 [    23289.9   12733.6   57875.3    3426.9   50000.0 ]
[24-10-31 15:16:26] 320   -11168.73 [    23289.9   12733.6   57875.3    3426.9   50000.0 ]
[24-10-31 15:16:26] 322   -11168.73 [    23289.9   12733.6   57875.3    3426.9   50000.0 ]
[24-10-31 15:16:27] 324   -11168.73 [    23289.9   12733.6   57875.3    3426.9   50000.0 ]
[24-10-31 15:16:27] 326   -11168.73 [    23289.9   12733.6   57875.3    3426.9   50000.0 ]
[24-10-31 15:16:27] 328   -11168.73 [    23289.9   12733.6   57875.3    3426.9   50000.0 ]
[24-10-31 15:16:27] 330   -11168.73 [    23289.9   12733.6   57875.3    3426.9   50000.0 ]
[24-10-31 15:16:27] 331   -11168.73 [    23289.9   12733.6   57875.3    3426.9   50000.0 ]
[24-10-31 15:16:28] 333   -11168.73 [    23289.9   12733.6   57875.3    3426.9   50000.0 ]
[24-10-31 15:16:28] 334   -11168.73 [    23289.9   12733.6   57875.3    3426.9   50000.0 ]
[24-10-31 15:16:28] 335   -11168.73 [    23289.9   12733.6   57875.3    3426.9   50000.0 ]
[24-10-31 15:16:28] 337   -11168.73 [    23289.9   12733.6   57875.3    3426.9   50000.0 ]
[24-10-31 15:16:29] 338   -11168.73 [    23289.9   12733.6   57875.3    3426.9   50000.0 ]
[24-10-31 15:16:29] 339   -11168.73 [    23289.9   12733.6   57875.3    3426.9   50000.0 ]
[24-10-31 15:16:29] 342   -11168.73 [    23289.9   12733.6   57875.3    3426.9   50000.0 ]
[24-10-31 15:16:29] 343   -11168.72 [    23290.9   12733.6   57875.3    3426.9   50000.0 ]
[24-10-31 15:16:30] 344   -11168.72 [    23292.6   12733.6   57875.3    3426.9   50000.0 ]
[24-10-31 15:16:30] 345   -11168.67 [    23425.6   12733.6   57875.3    3426.9   50000.0 ]
[24-10-31 15:16:30] 346   -11168.79 [    23640.8   12733.6   57875.3    3426.9   50000.0 ]
[24-10-31 15:16:30] 347   -11168.69 [    23507.8   12733.6   57875.3    3426.9   50000.0 ]
[24-10-31 15:16:31] 348   -11168.68 [    23374.8   12733.6   57875.3    3426.9   50000.0 ]
[24-10-31 15:16:31] 349   -11168.67 [    23427.9   12733.6   57875.3    3426.9   50000.0 ]
[24-10-31 15:16:31] 350   -11168.67 [    23429.3   12733.6   57875.3    3426.9   50000.0 ]
[24-10-31 15:16:31] 351   -11168.67 [    23427.9   12733.6   57875.3    3426.9   50000.0 ]
[24-10-31 15:16:32] 352   -11168.64 [    23427.9   12734.6   57875.3    3426.9   50000.0 ]
[24-10-31 15:16:32] 353    -11168.6 [    23427.9   12736.2   57875.3    3426.9   50000.0 ]
[24-10-31 15:16:32] 354   -11165.75 [    23427.9   12912.5   57875.3    3426.9   50000.0 ]
[24-10-31 15:16:32] 355   -11165.68 [    23427.9   12942.5   57875.3    3426.9   50000.0 ]
[24-10-31 15:16:33] 356   -11165.81 [    23427.9   12990.9   57875.3    3426.9   50000.0 ]
[24-10-31 15:16:33] 357   -11165.69 [    23427.9   12960.9   57875.3    3426.9   50000.0 ]
[24-10-31 15:16:33] 358    -11165.7 [    23427.9   12931.0   57875.3    3426.9   50000.0 ]
[24-10-31 15:16:33] 359   -11165.68 [    23427.9   12946.4   57875.3    3426.9   50000.0 ]
[24-10-31 15:16:34] 360   -11165.68 [    23427.9   12948.6   57875.3    3426.9   50000.0 ]
[24-10-31 15:16:34] 361   -11165.68 [    23427.9   12946.4   57875.3    3426.9   50000.0 ]
[24-10-31 15:16:34] 362   -11165.69 [    23427.9   12946.4   57876.3    3426.9   50000.0 ]
[24-10-31 15:16:34] 363   -11165.67 [    23427.9   12946.4   57873.7    3426.9   50000.0 ]
[24-10-31 15:16:34] 364   -11164.56 [    23427.9   12946.4   57697.3    3426.9   50000.0 ]
[24-10-31 15:16:35] 365   -11160.87 [    23427.9   12946.4   56434.6    3426.9   50000.0 ]
[24-10-31 15:16:35] 366   -11170.77 [    23427.9   12946.4   54391.4    3426.9   50000.0 ]
[24-10-31 15:16:35] 367   -11162.33 [    23427.9   12946.4   55654.2    3426.9   50000.0 ]
[24-10-31 15:16:35] 368    -11161.4 [    23427.9   12946.4   56916.9    3426.9   50000.0 ]
[24-10-31 15:16:36] 369   -11160.87 [    23427.9   12946.4   56449.0    3426.9   50000.0 ]
[24-10-31 15:16:36] 370   -11160.87 [    23427.9   12946.4   56420.2    3426.9   50000.0 ]
[24-10-31 15:16:36] 371   -11160.87 [    23427.9   12946.4   56434.6    3426.9   50000.0 ]
[24-10-31 15:16:36] 372   -11160.97 [    23427.9   12946.4   56434.6    3427.9   50000.0 ]
[24-10-31 15:16:37] 373   -11160.71 [    23427.9   12946.4   56434.6    3425.3   50000.0 ]
[24-10-31 15:16:37] 374   -11156.52 [    23427.9   12946.4   56434.6    3335.7   50000.0 ]
[24-10-31 15:16:37] 375   -11171.43 [    23427.9   12946.4   56434.6    3190.7   50000.0 ]
[24-10-31 15:16:37] 376   -11158.84 [    23427.9   12946.4   56434.6    3280.3   50000.0 ]
[24-10-31 15:16:38] 377   -11157.01 [    23427.9   12946.4   56434.6    3369.9   50000.0 ]
[24-10-31 15:16:38] 378    -11156.5 [    23427.9   12946.4   56434.6    3341.4   50000.0 ]
[24-10-31 15:16:38] 379    -11156.5 [    23427.9   12946.4   56434.6    3340.5   50000.0 ]
[24-10-31 15:16:38] 380    -11156.5 [    23427.9   12946.4   56434.6    3342.2   50000.0 ]
[24-10-31 15:16:38] 381    -11156.5 [    23427.9   12946.4   56434.6    3341.4   50000.0 ]
[24-10-31 15:16:39] 383   -11156.52 [    23427.9   12946.4   56434.6    3341.4   49998.4 ]
[24-10-31 15:16:39] 384   -11156.51 [    23427.9   12946.4   56434.6    3341.4   49999.4 ]
[24-10-31 15:16:39] 386   -11156.51 [    23427.9   12946.4   56434.6    3341.4   49999.7 ]
[24-10-31 15:16:39] 388    -11156.5 [    23427.9   12946.4   56434.6    3341.4   49999.9 ]
[24-10-31 15:16:40] 390    -11156.5 [    23427.9   12946.4   56434.6    3341.4   50000.0 ]
[24-10-31 15:16:40] 392    -11156.5 [    23427.9   12946.4   56434.6    3341.4   50000.0 ]
[24-10-31 15:16:40] 394    -11156.5 [    23427.9   12946.4   56434.6    3341.4   50000.0 ]
[24-10-31 15:16:40] 396    -11156.5 [    23427.9   12946.4   56434.6    3341.4   50000.0 ]
[24-10-31 15:16:41] 398    -11156.5 [    23427.9   12946.4   56434.6    3341.4   50000.0 ]
[24-10-31 15:16:41] 400    -11156.5 [    23427.9   12946.4   56434.6    3341.4   50000.0 ]
[24-10-31 15:16:41] 402    -11156.5 [    23427.9   12946.4   56434.6    3341.4   50000.0 ]
[24-10-31 15:16:41] 404    -11156.5 [    23427.9   12946.4   56434.6    3341.4   50000.0 ]
[24-10-31 15:16:42] 406    -11156.5 [    23427.9   12946.4   56434.6    3341.4   50000.0 ]
[24-10-31 15:16:42] 408    -11156.5 [    23427.9   12946.4   56434.6    3341.4   50000.0 ]
[24-10-31 15:16:42] 410    -11156.5 [    23427.9   12946.4   56434.6    3341.4   50000.0 ]
[24-10-31 15:16:42] 412    -11156.5 [    23427.9   12946.4   56434.6    3341.4   50000.0 ]
[24-10-31 15:16:43] 413    -11156.5 [    23427.9   12946.4   56434.6    3341.4   50000.0 ]
[24-10-31 15:16:43] 415    -11156.5 [    23427.9   12946.4   56434.6    3341.4   50000.0 ]
[24-10-31 15:16:43] 417    -11156.5 [    23427.9   12946.4   56434.6    3341.4   50000.0 ]
[24-10-31 15:16:43] 419    -11156.5 [    23427.9   12946.4   56434.6    3341.4   50000.0 ]
[24-10-31 15:16:44] 420    -11156.5 [    23427.9   12946.4   56434.6    3341.4   50000.0 ]
[24-10-31 15:16:44] 422    -11156.5 [    23427.9   12946.4   56434.6    3341.4   50000.0 ]
[24-10-31 15:16:44] 425    -11156.5 [    23427.9   12946.4   56434.6    3341.4   50000.0 ]
[24-10-31 15:16:44] 426    -11156.5 [    23428.9   12946.4   56434.6    3341.4   50000.0 ]
[24-10-31 15:16:44] 427    -11156.5 [    23430.5   12946.4   56434.6    3341.4   50000.0 ]
[24-10-31 15:16:45] 428   -11156.46 [    23557.7   12946.4   56434.6    3341.4   50000.0 ]
[24-10-31 15:16:45] 429   -11156.57 [    23763.5   12946.4   56434.6    3341.4   50000.0 ]
[24-10-31 15:16:45] 430   -11156.47 [    23636.3   12946.4   56434.6    3341.4   50000.0 ]
[24-10-31 15:16:45] 431   -11156.46 [    23509.1   12946.4   56434.6    3341.4   50000.0 ]
[24-10-31 15:16:46] 432   -11156.46 [    23559.8   12946.4   56434.6    3341.4   50000.0 ]
[24-10-31 15:16:46] 433   -11156.46 [    23561.1   12946.4   56434.6    3341.4   50000.0 ]
[24-10-31 15:16:46] 434   -11156.46 [    23559.8   12946.4   56434.6    3341.4   50000.0 ]
[24-10-31 15:16:46] 435   -11156.43 [    23559.8   12947.4   56434.6    3341.4   50000.0 ]
[24-10-31 15:16:47] 436   -11156.39 [    23559.8   12949.1   56434.6    3341.4   50000.0 ]
[24-10-31 15:16:47] 437   -11153.81 [    23559.8   13125.4   56434.6    3341.4   50000.0 ]
[24-10-31 15:16:47] 438   -11153.77 [    23559.8   13147.8   56434.6    3341.4   50000.0 ]
[24-10-31 15:16:47] 439   -11153.84 [    23559.8   13184.0   56434.6    3341.4   50000.0 ]
[24-10-31 15:16:48] 440   -11153.78 [    23559.8   13161.6   56434.6    3341.4   50000.0 ]
[24-10-31 15:16:48] 441   -11153.78 [    23559.8   13139.3   56434.6    3341.4   50000.0 ]
[24-10-31 15:16:48] 442   -11153.77 [    23559.8   13151.3   56434.6    3341.4   50000.0 ]
[24-10-31 15:16:48] 443   -11153.77 [    23559.8   13153.3   56434.6    3341.4   50000.0 ]
[24-10-31 15:16:49] 444   -11153.77 [    23559.8   13151.3   56434.6    3341.4   50000.0 ]
[24-10-31 15:16:49] 445   -11153.78 [    23559.8   13151.3   56435.6    3341.4   50000.0 ]
[24-10-31 15:16:49] 446   -11153.76 [    23559.8   13151.3   56433.0    3341.4   50000.0 ]
[24-10-31 15:16:49] 447   -11152.67 [    23559.8   13151.3   56256.6    3341.4   50000.0 ]
[24-10-31 15:16:49] 448   -11149.22 [    23559.8   13151.3   55051.2    3341.4   50000.0 ]
[24-10-31 15:16:50] 449   -11158.51 [    23559.8   13151.3   53100.7    3341.4   50000.0 ]
[24-10-31 15:16:50] 450   -11150.58 [    23559.8   13151.3   54306.1    3341.4   50000.0 ]
[24-10-31 15:16:50] 451   -11149.71 [    23559.8   13151.3   55511.6    3341.4   50000.0 ]
[24-10-31 15:16:50] 452   -11149.22 [    23559.8   13151.3   55065.0    3341.4   50000.0 ]
[24-10-31 15:16:51] 453   -11149.22 [    23559.8   13151.3   55037.3    3341.4   50000.0 ]
[24-10-31 15:16:51] 454   -11149.22 [    23559.8   13151.3   55051.2    3341.4   50000.0 ]
[24-10-31 15:16:51] 455   -11149.32 [    23559.8   13151.3   55051.2    3342.4   50000.0 ]
[24-10-31 15:16:51] 456   -11149.05 [    23559.8   13151.3   55051.2    3339.7   50000.0 ]
[24-10-31 15:16:52] 457   -11144.99 [    23559.8   13151.3   55051.2    3253.8   50000.0 ]
[24-10-31 15:16:52] 458   -11159.38 [    23559.8   13151.3   55051.2    3114.6   50000.0 ]
[24-10-31 15:16:52] 459   -11147.22 [    23559.8   13151.3   55051.2    3200.6   50000.0 ]
[24-10-31 15:16:53] 460   -11145.47 [    23559.8   13151.3   55051.2    3286.6   50000.0 ]
[24-10-31 15:16:53] 461   -11144.97 [    23559.8   13151.3   55051.2    3259.1   50000.0 ]
[24-10-31 15:16:53] 462   -11144.97 [    23559.8   13151.3   55051.2    3258.3   50000.0 ]
[24-10-31 15:16:53] 463   -11144.97 [    23559.8   13151.3   55051.2    3260.0   50000.0 ]
[24-10-31 15:16:54] 464   -11144.97 [    23559.8   13151.3   55051.2    3259.1   50000.0 ]
[24-10-31 15:16:54] 466   -11144.99 [    23559.8   13151.3   55051.2    3259.1   49998.4 ]
[24-10-31 15:16:54] 467   -11144.98 [    23559.8   13151.3   55051.2    3259.1   49999.4 ]
[24-10-31 15:16:54] 469   -11144.98 [    23559.8   13151.3   55051.2    3259.1   49999.7 ]
[24-10-31 15:16:55] 471   -11144.98 [    23559.8   13151.3   55051.2    3259.1   49999.9 ]
[24-10-31 15:16:55] 473   -11144.97 [    23559.8   13151.3   55051.2    3259.1   50000.0 ]
[24-10-31 15:16:55] 475   -11144.97 [    23559.8   13151.3   55051.2    3259.1   50000.0 ]
[24-10-31 15:16:55] 477   -11144.97 [    23559.8   13151.3   55051.2    3259.1   50000.0 ]
[24-10-31 15:16:56] 479   -11144.97 [    23559.8   13151.3   55051.2    3259.1   50000.0 ]
[24-10-31 15:16:56] 481   -11144.97 [    23559.8   13151.3   55051.2    3259.1   50000.0 ]
[24-10-31 15:16:56] 483   -11144.97 [    23559.8   13151.3   55051.2    3259.1   50000.0 ]
[24-10-31 15:16:56] 485   -11144.97 [    23559.8   13151.3   55051.2    3259.1   50000.0 ]
[24-10-31 15:16:57] 487   -11144.97 [    23559.8   13151.3   55051.2    3259.1   50000.0 ]
[24-10-31 15:16:57] 489   -11144.97 [    23559.8   13151.3   55051.2    3259.1   50000.0 ]
[24-10-31 15:16:57] 491   -11144.97 [    23559.8   13151.3   55051.2    3259.1   50000.0 ]
[24-10-31 15:16:57] 493   -11144.97 [    23559.8   13151.3   55051.2    3259.1   50000.0 ]
[24-10-31 15:16:58] 495   -11144.97 [    23559.8   13151.3   55051.2    3259.1   50000.0 ]
[24-10-31 15:16:58] 497   -11144.97 [    23559.8   13151.3   55051.2    3259.1   50000.0 ]
[24-10-31 15:16:58] 499   -11144.97 [    23559.8   13151.3   55051.2    3259.1   50000.0 ]
[24-10-31 15:16:58] 501   -11144.97 [    23559.8   13151.3   55051.2    3259.1   50000.0 ]
[24-10-31 15:16:59] 503   -11144.97 [    23559.8   13151.3   55051.2    3259.1   50000.0 ]
[24-10-31 15:16:59] 505   -11144.97 [    23559.8   13151.3   55051.2    3259.1   50000.0 ]
[24-10-31 15:16:59] 506   -11144.97 [    23559.8   13151.3   55051.2    3259.1   50000.0 ]
[24-10-31 15:16:59] 507   -11144.97 [    23559.8   13151.3   55051.2    3259.1   50000.0 ]
[24-10-31 15:17:00] 508   -11144.97 [    23559.8   13151.3   55051.2    3259.1   50000.0 ]
[24-10-31 15:17:00] 509   -11144.97 [    23559.8   13151.3   55051.2    3259.1   50000.0 ]
[24-10-31 15:17:00] 510   -11144.97 [    23559.8   13151.3   55051.2    3259.1   50000.0 ]
[24-10-31 15:17:00] 511   -11144.97 [    23559.8   13151.3   55051.2    3259.1   50000.0 ]
[24-10-31 15:17:01] 512   -11144.97 [    23559.8   13151.3   55051.2    3259.1   50000.0 ]
[24-10-31 15:17:01] 513   -11133.66 [    23691.7   13356.1   53667.7    3176.9   50000.0 ]
[24-10-31 15:17:01] 514   -11144.97 [    23559.8   13151.3   55051.2    3259.1   50000.0 ]
[24-10-31 15:17:01] 515   -11133.66 [    23691.7   13356.1   53667.7    3176.9   50000.0 ]
[24-10-31 15:17:02] 516   -11115.81 [    23905.2   13687.5   51429.3    3043.9   50000.0 ]
[24-10-31 15:17:02] 519   -11043.37 [    24861.4   15172.0   41402.0    2447.8   50000.0 ]
[24-10-31 15:17:02] 520    -11078.0 [    24383.3   14429.7   46415.7    2745.8   50000.0 ]
[24-10-31 15:17:02] 523    -11056.2 [    24678.7   14888.4   43317.1    2561.7   50000.0 ]
[24-10-31 15:17:03] 524   -11037.49 [    24947.6   15305.8   40497.9    2394.1   50000.0 ]
[24-10-31 15:17:03] 526   -11039.72 [    24914.6   15254.7   40843.2    2414.6   50000.0 ]
[24-10-31 15:17:03] 527   -11036.12 [    24967.9   15337.4   40284.4    2381.4   50000.0 ]
[24-10-31 15:17:03] 528   -11035.18 [    24982.0   15359.3   40136.8    2372.6   50000.0 ]
[24-10-31 15:17:04] 529   -11035.18 [    24982.0   15359.3   40136.8    2372.6   50000.0 ]
[24-10-31 15:17:04] 530   -11035.18 [    24983.0   15359.3   40136.8    2372.6   50000.0 ]
[24-10-31 15:17:04] 531   -11035.17 [    24984.6   15359.3   40136.8    2372.6   50000.0 ]
[24-10-31 15:17:04] 532   -11035.14 [    25110.1   15359.3   40136.8    2372.6   50000.0 ]
[24-10-31 15:17:05] 533   -11035.22 [    25313.1   15359.3   40136.8    2372.6   50000.0 ]
[24-10-31 15:17:05] 534   -11035.15 [    25187.7   15359.3   40136.8    2372.6   50000.0 ]
[24-10-31 15:17:05] 535   -11035.14 [    25062.2   15359.3   40136.8    2372.6   50000.0 ]
[24-10-31 15:17:05] 536   -11035.14 [    25112.0   15359.3   40136.8    2372.6   50000.0 ]
[24-10-31 15:17:06] 537   -11035.14 [    25113.3   15359.3   40136.8    2372.6   50000.0 ]
[24-10-31 15:17:06] 538   -11035.14 [    25112.0   15359.3   40136.8    2372.6   50000.0 ]
[24-10-31 15:17:06] 539   -11035.13 [    25112.0   15360.3   40136.8    2372.6   50000.0 ]
[24-10-31 15:17:07] 540   -11035.12 [    25112.0   15361.9   40136.8    2372.6   50000.0 ]
[24-10-31 15:17:07] 541   -11034.71 [    25112.0   15454.6   40136.8    2372.6   50000.0 ]
[24-10-31 15:17:07] 542    -11035.7 [    25112.0   15604.6   40136.8    2372.6   50000.0 ]
[24-10-31 15:17:07] 543   -11034.85 [    25112.0   15511.9   40136.8    2372.6   50000.0 ]
[24-10-31 15:17:08] 544   -11034.77 [    25112.0   15419.2   40136.8    2372.6   50000.0 ]
[24-10-31 15:17:08] 545   -11034.71 [    25112.0   15456.3   40136.8    2372.6   50000.0 ]
[24-10-31 15:17:08] 546   -11034.71 [    25112.0   15457.3   40136.8    2372.6   50000.0 ]
[24-10-31 15:17:08] 547   -11034.71 [    25112.0   15456.3   40136.8    2372.6   50000.0 ]
[24-10-31 15:17:09] 549   -11034.72 [    25112.0   15456.3   40136.8    2372.6   49998.4 ]
[24-10-31 15:17:09] 550   -11034.71 [    25112.0   15456.3   40136.8    2372.6   49999.4 ]
[24-10-31 15:17:09] 552   -11034.71 [    25112.0   15456.3   40136.8    2372.6   49999.7 ]
[24-10-31 15:17:09] 554   -11034.71 [    25112.0   15456.3   40136.8    2372.6   49999.9 ]
[24-10-31 15:17:10] 556   -11034.71 [    25112.0   15456.3   40136.8    2372.6   50000.0 ]
[24-10-31 15:17:10] 558   -11034.71 [    25112.0   15456.3   40136.8    2372.6   50000.0 ]
[24-10-31 15:17:10] 560   -11034.71 [    25112.0   15456.3   40136.8    2372.6   50000.0 ]
[24-10-31 15:17:10] 562   -11034.71 [    25112.0   15456.3   40136.8    2372.6   50000.0 ]
[24-10-31 15:17:11] 564   -11034.71 [    25112.0   15456.3   40136.8    2372.6   50000.0 ]
[24-10-31 15:17:11] 566   -11034.71 [    25112.0   15456.3   40136.8    2372.6   50000.0 ]
[24-10-31 15:17:11] 568   -11034.71 [    25112.0   15456.3   40136.8    2372.6   50000.0 ]
[24-10-31 15:17:11] 570   -11034.71 [    25112.0   15456.3   40136.8    2372.6   50000.0 ]
[24-10-31 15:17:12] 572   -11034.71 [    25112.0   15456.3   40136.8    2372.6   50000.0 ]
[24-10-31 15:17:12] 574   -11034.71 [    25112.0   15456.3   40136.8    2372.6   50000.0 ]
[24-10-31 15:17:12] 576   -11034.71 [    25112.0   15456.3   40136.8    2372.6   50000.0 ]
[24-10-31 15:17:12] 578   -11034.71 [    25112.0   15456.3   40136.8    2372.6   50000.0 ]
[24-10-31 15:17:13] 580   -11034.71 [    25112.0   15456.3   40136.8    2372.6   50000.0 ]
[24-10-31 15:17:13] 582   -11034.71 [    25112.0   15456.3   40136.8    2372.6   50000.0 ]
[24-10-31 15:17:13] 584   -11034.71 [    25112.0   15456.3   40136.8    2372.6   50000.0 ]
[24-10-31 15:17:13] 585   -11034.71 [    25112.0   15456.3   40136.8    2372.6   50000.0 ]
[24-10-31 15:17:14] 586   -11034.71 [    25112.0   15456.3   40136.8    2372.6   50000.0 ]
[24-10-31 15:17:14] 587   -11034.71 [    25112.0   15456.3   40136.8    2372.6   50000.0 ]
[24-10-31 15:17:14] 588   -11034.71 [    25112.0   15456.3   40136.8    2372.6   50000.0 ]
[24-10-31 15:17:14] 589   -11034.71 [    25112.0   15456.3   40136.8    2372.6   50000.0 ]
[24-10-31 15:17:15] 590   -11034.71 [    25112.0   15456.3   40136.8    2372.6   50000.0 ]
[24-10-31 15:17:15] 591   -11034.71 [    25112.0   15456.3   40136.8    2372.6   50000.0 ]
[24-10-31 15:17:15] 592   -11034.71 [    25112.0   15456.3   40136.8    2372.6   50000.0 ]
[24-10-31 15:17:16] 593   -11034.71 [    25112.0   15456.3   40136.8    2372.6   50000.0 ]
[24-10-31 15:17:16] 594   -11034.71 [    25112.0   15456.3   40136.8    2372.6   50000.0 ]
[24-10-31 15:17:16] 595   -11034.73 [    25112.0   15456.3   40136.8    2373.6   50000.0 ]
[24-10-31 15:17:16] 596   -11034.67 [    25112.0   15456.3   40136.8    2371.0   50000.0 ]
[24-10-31 15:17:17] 597   -11034.59 [    25112.0   15456.3   40136.8    2362.9   50000.0 ]
[24-10-31 15:17:17] 598   -11034.81 [    25112.0   15456.3   40136.8    2349.7   50000.0 ]
[24-10-31 15:17:17] 599   -11034.62 [    25112.0   15456.3   40136.8    2357.8   50000.0 ]
[24-10-31 15:17:17] 600    -11034.6 [    25112.0   15456.3   40136.8    2366.0   50000.0 ]
[24-10-31 15:17:18] 601   -11034.59 [    25112.0   15456.3   40136.8    2363.0   50000.0 ]
[24-10-31 15:17:18] 602   -11034.59 [    25112.0   15456.3   40136.8    2363.1   50000.0 ]
[24-10-31 15:17:18] 603   -11034.59 [    25112.0   15456.3   40136.8    2363.0   50000.0 ]
[24-10-31 15:17:18] 608   -11045.94 [    24944.2   15195.7   41897.2    2467.6   50000.0 ]
[24-10-31 15:17:19] 609   -11040.21 [    25028.1   15326.0   41017.0    2415.3   50000.0 ]
[24-10-31 15:17:19] 612   -11036.72 [    25080.0   15406.5   40473.0    2382.9   50000.0 ]
[24-10-31 15:17:19] 614    -11035.4 [    25099.8   15437.3   40265.2    2370.6   50000.0 ]
[24-10-31 15:17:20] 615   -11033.83 [    25123.6   15474.2   40015.5    2355.8   50000.0 ]
[24-10-31 15:17:20] 617   -11034.12 [    25119.2   15467.4   40061.8    2358.5   50000.0 ]
[24-10-31 15:17:20] 619   -11033.94 [    25121.9   15471.6   40033.2    2356.8   50000.0 ]
[24-10-31 15:17:20] 620   -11033.76 [    25124.6   15475.9   40004.6    2355.1   50000.0 ]
[24-10-31 15:17:21] 622   -11033.78 [    25124.2   15475.2   40008.7    2355.3   50000.0 ]
[24-10-31 15:17:21] 623   -11033.74 [    25124.9   15476.2   40002.0    2354.9   50000.0 ]
[24-10-31 15:17:21] 624   -11033.73 [    25125.0   15476.5   40000.4    2354.9   50000.0 ]
[24-10-31 15:17:21] 626   -11033.73 [    25125.0   15476.5   40000.4    2354.9   50000.0 ]
[24-10-31 15:17:22] 627   -11033.73 [    25126.0   15476.5   40000.4    2354.9   50000.0 ]
[24-10-31 15:17:22] 628   -11033.73 [    25127.7   15476.5   40000.4    2354.9   50000.0 ]
[24-10-31 15:17:22] 629   -11033.64 [    25304.0   15476.5   40000.4    2354.9   50000.0 ]
[24-10-31 15:17:22] 630   -11033.64 [    25331.0   15476.5   40000.4    2354.9   50000.0 ]
[24-10-31 15:17:23] 631   -11033.64 [    25374.7   15476.5   40000.4    2354.9   50000.0 ]
[24-10-31 15:17:23] 632   -11033.64 [    25347.7   15476.5   40000.4    2354.9   50000.0 ]
[24-10-31 15:17:23] 633   -11033.64 [    25320.7   15476.5   40000.4    2354.9   50000.0 ]
[24-10-31 15:17:23] 634   -11033.64 [    25333.1   15476.5   40000.4    2354.9   50000.0 ]
[24-10-31 15:17:24] 635   -11033.64 [    25335.1   15476.5   40000.4    2354.9   50000.0 ]
[24-10-31 15:17:24] 636   -11033.64 [    25333.1   15476.5   40000.4    2354.9   50000.0 ]
[24-10-31 15:17:24] 637   -11033.64 [    25333.1   15477.5   40000.4    2354.9   50000.0 ]
[24-10-31 15:17:24] 638   -11033.63 [    25333.1   15479.1   40000.4    2354.9   50000.0 ]
[24-10-31 15:17:25] 639   -11033.59 [    25333.1   15508.2   40000.4    2354.9   50000.0 ]
[24-10-31 15:17:25] 640   -11033.69 [    25333.1   15555.2   40000.4    2354.9   50000.0 ]
[24-10-31 15:17:25] 641   -11033.61 [    25333.1   15526.1   40000.4    2354.9   50000.0 ]
[24-10-31 15:17:26] 642    -11033.6 [    25333.1   15497.1   40000.4    2354.9   50000.0 ]
[24-10-31 15:17:26] 643   -11033.59 [    25333.1   15508.5   40000.4    2354.9   50000.0 ]
[24-10-31 15:17:26] 644   -11033.59 [    25333.1   15508.8   40000.4    2354.9   50000.0 ]
[24-10-31 15:17:26] 645   -11033.59 [    25333.1   15508.5   40000.4    2354.9   50000.0 ]
[24-10-31 15:17:27] 647   -11033.61 [    25333.1   15508.5   40000.4    2354.9   49998.4 ]
[24-10-31 15:17:27] 648    -11033.6 [    25333.1   15508.5   40000.4    2354.9   49999.4 ]
[24-10-31 15:17:27] 650    -11033.6 [    25333.1   15508.5   40000.4    2354.9   49999.7 ]
[24-10-31 15:17:28] 652    -11033.6 [    25333.1   15508.5   40000.4    2354.9   49999.9 ]
[24-10-31 15:17:28] 654   -11033.59 [    25333.1   15508.5   40000.4    2354.9   50000.0 ]
[24-10-31 15:17:28] 656   -11033.59 [    25333.1   15508.5   40000.4    2354.9   50000.0 ]
[24-10-31 15:17:28] 658   -11033.59 [    25333.1   15508.5   40000.4    2354.9   50000.0 ]
[24-10-31 15:17:29] 660   -11033.59 [    25333.1   15508.5   40000.4    2354.9   50000.0 ]
[24-10-31 15:17:29] 662   -11033.59 [    25333.1   15508.5   40000.4    2354.9   50000.0 ]
[24-10-31 15:17:29] 664   -11033.59 [    25333.1   15508.5   40000.4    2354.9   50000.0 ]
[24-10-31 15:17:29] 666   -11033.59 [    25333.1   15508.5   40000.4    2354.9   50000.0 ]
[24-10-31 15:17:30] 668   -11033.59 [    25333.1   15508.5   40000.4    2354.9   50000.0 ]
[24-10-31 15:17:30] 670   -11033.59 [    25333.1   15508.5   40000.4    2354.9   50000.0 ]
[24-10-31 15:17:30] 672   -11033.59 [    25333.1   15508.5   40000.4    2354.9   50000.0 ]
[24-10-31 15:17:31] 674   -11033.59 [    25333.1   15508.5   40000.4    2354.9   50000.0 ]
[24-10-31 15:17:31] 676   -11033.59 [    25333.1   15508.5   40000.4    2354.9   50000.0 ]
[24-10-31 15:17:31] 678   -11033.59 [    25333.1   15508.5   40000.4    2354.9   50000.0 ]
[24-10-31 15:17:31] 680   -11033.59 [    25333.1   15508.5   40000.4    2354.9   50000.0 ]
[24-10-31 15:17:32] 682   -11033.59 [    25333.1   15508.5   40000.4    2354.9   50000.0 ]
[24-10-31 15:17:32] 684   -11033.59 [    25333.1   15508.5   40000.4    2354.9   50000.0 ]
[24-10-31 15:17:32] 685   -11033.59 [    25333.1   15508.5   40000.4    2354.9   50000.0 ]
[24-10-31 15:17:32] 687   -11033.59 [    25333.1   15508.5   40000.4    2354.9   50000.0 ]
[24-10-31 15:17:33] 688   -11033.59 [    25333.1   15508.5   40000.4    2354.9   50000.0 ]
[24-10-31 15:17:33] 689   -11033.59 [    25333.1   15508.5   40000.4    2354.9   50000.0 ]
[24-10-31 15:17:33] 690   -11033.59 [    25333.1   15508.5   40000.4    2354.9   50000.0 ]
[24-10-31 15:17:33] 691   -11033.59 [    25333.1   15508.5   40000.4    2354.9   50000.0 ]
[24-10-31 15:17:34] 692    -11033.6 [    25333.1   15508.5   40000.4    2355.9   50000.0 ]
[24-10-31 15:17:34] 693   -11033.59 [    25333.1   15508.5   40000.4    2353.2   50000.0 ]
[24-10-31 15:17:34] 694   -11033.59 [    25333.1   15508.5   40000.4    2352.8   50000.0 ]
[24-10-31 15:17:34] 695   -11033.59 [    25333.1   15508.5   40000.4    2352.1   50000.0 ]
[24-10-31 15:17:35] 696   -11033.59 [    25333.1   15508.5   40000.4    2352.5   50000.0 ]
[24-10-31 15:17:35] 697   -11033.59 [    25333.1   15508.5   40000.4    2353.0   50000.0 ]
[24-10-31 15:17:35] 698   -11033.59 [    25333.1   15508.5   40000.4    2352.8   50000.0 ]
[24-10-31 15:17:35] 699   -11033.59 [    25333.1   15508.5   40000.4    2352.8   50000.0 ]
[24-10-31 15:17:36] 700   -11033.59 [    25333.1   15508.5   40000.4    2352.8   50000.0 ]
[24-10-31 15:17:36] 705   -11044.87 [    25165.2   15247.9   41760.8    2457.4   50000.0 ]
[24-10-31 15:17:36] 706   -11039.17 [    25249.1   15378.2   40880.6    2405.1   50000.0 ]
[24-10-31 15:17:36] 709   -11035.71 [    25301.0   15458.7   40336.6    2372.8   50000.0 ]
[24-10-31 15:17:37] 711    -11034.4 [    25320.8   15489.5   40128.8    2360.4   50000.0 ]
[24-10-31 15:17:37] 713    -11033.9 [    25328.4   15501.2   40049.4    2355.7   50000.0 ]
[24-10-31 15:17:37] 715   -11033.71 [    25331.3   15505.7   40019.1    2353.9   50000.0 ]
[24-10-31 15:17:38] 717   -11033.63 [    25332.4   15507.4   40007.6    2353.2   50000.0 ]
[24-10-31 15:17:38] 719   -11033.61 [    25332.8   15508.1   40003.1    2353.0   50000.0 ]
[24-10-31 15:17:38] 721    -11033.6 [    25333.0   15508.3   40001.4    2352.9   50000.0 ]
[24-10-31 15:17:38] 723   -11033.59 [    25333.0   15508.4   40000.8    2352.8   50000.0 ]
[24-10-31 15:17:39] 724   -11033.59 [    25333.1   15508.5   40000.0    2352.8   50000.0 ]
[24-10-31 15:17:39] 726   -11033.59 [    25333.1   15508.5   40000.2    2352.8   50000.0 ]
[24-10-31 15:17:39] 728   -11033.59 [    25333.1   15508.5   40000.1    2352.8   50000.0 ]
[24-10-31 15:17:39] 730   -11033.59 [    25333.1   15508.5   40000.0    2352.8   50000.0 ]
[24-10-31 15:17:39] 731   -11033.59 [    25333.1   15508.5   40000.0    2352.8   50000.0 ]
[24-10-31 15:17:40] 733   -11033.59 [    25333.1   15508.5   40000.0    2352.8   50000.0 ]
[24-10-31 15:17:40] 734   -11033.59 [    25333.1   15508.5   40000.0    2352.8   50000.0 ]
Optimization terminated successfully.
         Current function value: 11033.587033
         Iterations: 9
         Function evaluations: 734
[24-10-31 15:17:40] 734      fit p: [    25333.1   15508.5   40000.0    2352.8   50000.0 ]
method: Powell
objective_func: objective_H2
fopt: -11033.587033218431
max_iter: 100
num_iter: 9
func_calls: 734
flag: 0
u_fitted: False
u: 1.111e-08
