[24-10-31 15:01:13] fitting objective_H2 to data for demes ['French', 'KhomaniSan', 'Yoruba']
[24-10-31 15:01:13] 0        pnames [         NK       NFY       TFY        NF        NY ]
[24-10-31 15:01:13] 0            p0 [    17314.5   15774.3   69375.2    7380.0   15678.5 ]
[24-10-31 15:01:13] 1      -17463.0 [    17314.5   15774.3   69375.2    7380.0   15678.5 ]
[24-10-31 15:01:14] 2      -17463.0 [    17314.5   15774.3   69375.2    7380.0   15678.5 ]
[24-10-31 15:01:14] 3     -17462.98 [    17315.5   15774.3   69375.2    7380.0   15678.5 ]
[24-10-31 15:01:14] 4     -17462.95 [    17317.1   15774.3   69375.2    7380.0   15678.5 ]
[24-10-31 15:01:14] 5      -17459.7 [    17493.5   15774.3   69375.2    7380.0   15678.5 ]
[24-10-31 15:01:14] 6      -17450.7 [    18448.7   15774.3   69375.2    7380.0   15678.5 ]
[24-10-31 15:01:15] 7     -17460.08 [    19994.4   15774.3   69375.2    7380.0   15678.5 ]
[24-10-31 15:01:15] 8     -17451.29 [    19039.1   15774.3   69375.2    7380.0   15678.5 ]
[24-10-31 15:01:15] 9     -17452.55 [    18083.9   15774.3   69375.2    7380.0   15678.5 ]
[24-10-31 15:01:15] 10    -17450.43 [    18665.7   15774.3   69375.2    7380.0   15678.5 ]
[24-10-31 15:01:16] 11    -17450.43 [    18652.2   15774.3   69375.2    7380.0   15678.5 ]
[24-10-31 15:01:16] 12    -17450.43 [    18638.8   15774.3   69375.2    7380.0   15678.5 ]
[24-10-31 15:01:16] 13    -17450.43 [    18652.2   15774.3   69375.2    7380.0   15678.5 ]
[24-10-31 15:01:16] 14    -17450.82 [    18652.2   15775.3   69375.2    7380.0   15678.5 ]
[24-10-31 15:01:17] 15    -17449.79 [    18652.2   15772.6   69375.2    7380.0   15678.5 ]
[24-10-31 15:01:17] 16    -17379.94 [    18652.2   15596.3   69375.2    7380.0   15678.5 ]
[24-10-31 15:01:17] 18    -16642.45 [    18652.2    8253.4   69375.2    7380.0   15678.5 ]
[24-10-31 15:01:17] 19    -42044.51 [    18652.2    3715.3   69375.2    7380.0   15678.5 ]
[24-10-31 15:01:17] 20    -16075.96 [    18652.2   11820.1   69375.2    7380.0   15678.5 ]
[24-10-31 15:01:18] 21    -15953.14 [    18652.2   11193.4   69375.2    7380.0   15678.5 ]
[24-10-31 15:01:18] 22    -15896.74 [    18652.2   10694.8   69375.2    7380.0   15678.5 ]
[24-10-31 15:01:18] 23    -15931.61 [    18652.2    9762.3   69375.2    7380.0   15678.5 ]
[24-10-31 15:01:18] 24    -15885.33 [    18652.2   10406.3   69375.2    7380.0   15678.5 ]
[24-10-31 15:01:19] 25    -15885.19 [    18652.2   10352.7   69375.2    7380.0   15678.5 ]
[24-10-31 15:01:19] 26    -15885.71 [    18652.2   10298.4   69375.2    7380.0   15678.5 ]
[24-10-31 15:01:19] 27    -15885.19 [    18652.2   10352.7   69375.2    7380.0   15678.5 ]
[24-10-31 15:01:19] 28    -15885.19 [    18652.2   10352.7   69376.2    7380.0   15678.5 ]
[24-10-31 15:01:19] 29    -15885.18 [    18652.2   10352.7   69373.5    7380.0   15678.5 ]
[24-10-31 15:01:20] 30    -15884.17 [    18652.2   10352.7   69197.2    7380.0   15678.5 ]
[24-10-31 15:01:20] 31    -15879.35 [    18652.2   10352.7   67424.3    7380.0   15678.5 ]
[24-10-31 15:01:20] 32    -15891.61 [    18652.2   10352.7   64555.8    7380.0   15678.5 ]
[24-10-31 15:01:20] 33    -15881.12 [    18652.2   10352.7   66328.6    7380.0   15678.5 ]
[24-10-31 15:01:21] 34    -15880.06 [    18652.2   10352.7   68101.5    7380.0   15678.5 ]
[24-10-31 15:01:21] 35    -15879.35 [    18652.2   10352.7   67404.8    7380.0   15678.5 ]
[24-10-31 15:01:21] 36    -15879.35 [    18652.2   10352.7   67385.1    7380.0   15678.5 ]
[24-10-31 15:01:21] 37    -15879.35 [    18652.2   10352.7   67404.8    7380.0   15678.5 ]
[24-10-31 15:01:22] 38    -15880.03 [    18652.2   10352.7   67404.8    7381.0   15678.5 ]
[24-10-31 15:01:22] 39    -15878.24 [    18652.2   10352.7   67404.8    7378.4   15678.5 ]
[24-10-31 15:01:22] 40    -15876.45 [    18652.2   10352.7   67404.8    7375.8   15678.5 ]
[24-10-31 15:01:22] 41    -15873.54 [    18652.2   10352.7   67404.8    7371.6   15678.5 ]
[24-10-31 15:01:23] 42    -15868.85 [    18652.2   10352.7   67404.8    7364.7   15678.5 ]
[24-10-31 15:01:23] 43    -15861.24 [    18652.2   10352.7   67404.8    7353.6   15678.5 ]
[24-10-31 15:01:23] 44    -15848.92 [    18652.2   10352.7   67404.8    7335.7   15678.5 ]
[24-10-31 15:01:23] 45    -15828.95 [    18652.2   10352.7   67404.8    7306.7   15678.5 ]
[24-10-31 15:01:24] 46    -15796.55 [    18652.2   10352.7   67404.8    7259.7   15678.5 ]
[24-10-31 15:01:24] 47    -15743.88 [    18652.2   10352.7   67404.8    7183.7   15678.5 ]
[24-10-31 15:01:24] 48    -15658.07 [    18652.2   10352.7   67404.8    7060.7   15678.5 ]
[24-10-31 15:01:24] 49    -15517.81 [    18652.2   10352.7   67404.8    6861.7   15678.5 ]
[24-10-31 15:01:25] 50    -15287.81 [    18652.2   10352.7   67404.8    6539.7   15678.5 ]
[24-10-31 15:01:25] 51    -14911.67 [    18652.2   10352.7   67404.8    6018.7   15678.5 ]
[24-10-31 15:01:25] 52    -14322.13 [    18652.2   10352.7   67404.8    5175.7   15678.5 ]
[24-10-31 15:01:25] 55    -16513.58 [    18652.2   10352.7   67404.8    2158.9   15678.5 ]
[24-10-31 15:01:26] 56    -13731.35 [    18652.2   10352.7   67404.8    3667.3   15678.5 ]
[24-10-31 15:01:26] 57    -13790.86 [    18652.2   10352.7   67404.8    4157.3   15678.5 ]
[24-10-31 15:01:26] 58    -13728.17 [    18652.2   10352.7   67404.8    3704.4   15678.5 ]
[24-10-31 15:01:26] 59    -13726.18 [    18652.2   10352.7   67404.8    3779.6   15678.5 ]
[24-10-31 15:01:26] 60    -13737.47 [    18652.2   10352.7   67404.8    3923.9   15678.5 ]
[24-10-31 15:01:27] 61    -13727.22 [    18652.2   10352.7   67404.8    3815.6   15678.5 ]
[24-10-31 15:01:27] 62    -13726.41 [    18652.2   10352.7   67404.8    3743.6   15678.5 ]
[24-10-31 15:01:27] 63    -13726.18 [    18652.2   10352.7   67404.8    3779.6   15678.5 ]
[24-10-31 15:01:27] 64    -13725.88 [    18652.2   10352.7   67404.8    3779.6   15679.5 ]
[24-10-31 15:01:28] 65    -13725.41 [    18652.2   10352.7   67404.8    3779.6   15681.1 ]
[24-10-31 15:01:28] 66    -13674.68 [    18652.2   10352.7   67404.8    3779.6   15857.5 ]
[24-10-31 15:01:28] 67     -12610.6 [    18652.2   10352.7   67404.8    3779.6   21513.7 ]
[24-10-31 15:01:28] 68    -11912.05 [    18652.2   10352.7   67404.8    3779.6   30665.7 ]
[24-10-31 15:01:29] 69    -11890.28 [    18652.2   10352.7   67404.8    3779.6   31144.8 ]
[24-10-31 15:01:29] 70    -11856.95 [    18652.2   10352.7   67404.8    3779.6   31919.9 ]
[24-10-31 15:01:29] 71    -11554.99 [    18652.2   10352.7   67404.8    3779.6   42634.9 ]
[24-10-31 15:01:29] 73     -11452.2 [    18652.2   10352.7   67404.8    3779.6   49257.2 ]
[24-10-31 15:01:30] 75    -11498.58 [    18652.2   10352.7   67404.8    3779.6   45946.1 ]
[24-10-31 15:01:30] 77    -11468.89 [    18652.2   10352.7   67404.8    3779.6   47992.4 ]
[24-10-31 15:01:30] 78    -11444.72 [    18652.2   10352.7   67404.8    3779.6   49854.3 ]
[24-10-31 15:01:30] 81    -11444.72 [    18652.2   10352.7   67404.8    3779.6   49854.3 ]
[24-10-31 15:01:31] 82    -11444.69 [    18653.2   10352.7   67404.8    3779.6   49854.3 ]
[24-10-31 15:01:31] 83    -11444.66 [    18654.8   10352.7   67404.8    3779.6   49854.3 ]
[24-10-31 15:01:31] 84    -11441.25 [    18831.1   10352.7   67404.8    3779.6   49854.3 ]
[24-10-31 15:01:31] 85    -11428.06 [    20115.2   10352.7   67404.8    3779.6   49854.3 ]
[24-10-31 15:01:32] 86    -11438.95 [    22192.9   10352.7   67404.8    3779.6   49854.3 ]
[24-10-31 15:01:32] 87    -11428.34 [    20908.8   10352.7   67404.8    3779.6   49854.3 ]
[24-10-31 15:01:32] 88    -11430.87 [    19624.8   10352.7   67404.8    3779.6   49854.3 ]
[24-10-31 15:01:32] 89     -11427.5 [    20474.6   10352.7   67404.8    3779.6   49854.3 ]
[24-10-31 15:01:32] 90     -11427.5 [    20456.4   10352.7   67404.8    3779.6   49854.3 ]
[24-10-31 15:01:33] 91     -11427.5 [    20438.4   10352.7   67404.8    3779.6   49854.3 ]
[24-10-31 15:01:33] 92     -11427.5 [    20456.4   10352.7   67404.8    3779.6   49854.3 ]
[24-10-31 15:01:33] 93    -11427.24 [    20456.4   10353.7   67404.8    3779.6   49854.3 ]
[24-10-31 15:01:33] 94    -11426.84 [    20456.4   10355.3   67404.8    3779.6   49854.3 ]
[24-10-31 15:01:34] 95    -11386.62 [    20456.4   10531.6   67404.8    3779.6   49854.3 ]
[24-10-31 15:01:34] 96     -11297.1 [    20456.4   11286.2   67404.8    3779.6   49854.3 ]
[24-10-31 15:01:34] 97     -11358.1 [    20456.4   12507.1   67404.8    3779.6   49854.3 ]
[24-10-31 15:01:34] 98     -11295.8 [    20456.4   11752.5   67404.8    3779.6   49854.3 ]
[24-10-31 15:01:35] 99    -11311.27 [    20456.4   12040.7   67404.8    3779.6   49854.3 ]
[24-10-31 15:01:35] 100   -11292.03 [    20456.4   11538.0   67404.8    3779.6   49854.3 ]
[24-10-31 15:01:35] 101   -11292.03 [    20456.4   11526.2   67404.8    3779.6   49854.3 ]
[24-10-31 15:01:35] 102   -11292.06 [    20456.4   11549.9   67404.8    3779.6   49854.3 ]
[24-10-31 15:01:36] 103   -11292.03 [    20456.4   11538.0   67404.8    3779.6   49854.3 ]
[24-10-31 15:01:36] 104   -11292.05 [    20456.4   11538.0   67405.8    3779.6   49854.3 ]
[24-10-31 15:01:36] 105    -11292.0 [    20456.4   11538.0   67403.2    3779.6   49854.3 ]
[24-10-31 15:01:36] 106   -11288.81 [    20456.4   11538.0   67226.8    3779.6   49854.3 ]
[24-10-31 15:01:37] 107   -11252.73 [    20456.4   11538.0   63143.6    3779.6   49854.3 ]
[24-10-31 15:01:37] 108   -11349.36 [    20456.4   11538.0   56536.9    3779.6   49854.3 ]
[24-10-31 15:01:37] 109   -11266.91 [    20456.4   11538.0   60620.1    3779.6   49854.3 ]
[24-10-31 15:01:37] 110   -11257.92 [    20456.4   11538.0   64703.3    3779.6   49854.3 ]
[24-10-31 15:01:38] 111   -11252.73 [    20456.4   11538.0   63186.2    3779.6   49854.3 ]
[24-10-31 15:01:38] 112   -11252.74 [    20456.4   11538.0   63101.0    3779.6   49854.3 ]
[24-10-31 15:01:38] 113   -11252.73 [    20456.4   11538.0   63143.6    3779.6   49854.3 ]
[24-10-31 15:01:38] 114   -11252.72 [    20456.4   11538.0   63143.6    3780.6   49854.3 ]
[24-10-31 15:01:39] 115    -11252.7 [    20456.4   11538.0   63143.6    3782.2   49854.3 ]
[24-10-31 15:01:39] 116   -11252.64 [    20456.4   11538.0   63143.6    3793.3   49854.3 ]
[24-10-31 15:01:39] 117   -11252.79 [    20456.4   11538.0   63143.6    3811.1   49854.3 ]
[24-10-31 15:01:39] 118   -11252.66 [    20456.4   11538.0   63143.6    3800.1   49854.3 ]
[24-10-31 15:01:39] 119   -11252.65 [    20456.4   11538.0   63143.6    3789.1   49854.3 ]
[24-10-31 15:01:40] 120   -11252.64 [    20456.4   11538.0   63143.6    3793.4   49854.3 ]
[24-10-31 15:01:40] 121   -11252.64 [    20456.4   11538.0   63143.6    3793.5   49854.3 ]
[24-10-31 15:01:40] 122   -11252.64 [    20456.4   11538.0   63143.6    3793.4   49854.3 ]
[24-10-31 15:01:40] 123   -11252.63 [    20456.4   11538.0   63143.6    3793.4   49855.3 ]
[24-10-31 15:01:41] 124   -11252.61 [    20456.4   11538.0   63143.6    3793.4   49856.9 ]
[24-10-31 15:01:41] 126   -11251.81 [    20456.4   11538.0   63143.6    3793.4   49924.3 ]
[24-10-31 15:01:41] 127   -11251.31 [    20456.4   11538.0   63143.6    3793.4   49965.9 ]
[24-10-31 15:01:41] 128   -11251.01 [    20456.4   11538.0   63143.6    3793.4   49991.7 ]
[24-10-31 15:01:42] 130   -11251.12 [    20456.4   11538.0   63143.6    3793.4   49981.8 ]
[24-10-31 15:01:42] 131   -11250.93 [    20456.4   11538.0   63143.6    3793.4   49997.7 ]
[24-10-31 15:01:42] 133   -11250.96 [    20456.4   11538.0   63143.6    3793.4   49995.4 ]
[24-10-31 15:01:42] 134   -11250.92 [    20456.4   11538.0   63143.6    3793.4   49999.2 ]
[24-10-31 15:01:43] 136   -11250.92 [    20456.4   11538.0   63143.6    3793.4   49999.2 ]
[24-10-31 15:01:43] 137   -11250.91 [    20457.4   11538.0   63143.6    3793.4   49999.2 ]
[24-10-31 15:01:43] 138   -11250.88 [    20459.0   11538.0   63143.6    3793.4   49999.2 ]
[24-10-31 15:01:43] 139   -11248.77 [    20635.4   11538.0   63143.6    3793.4   49999.2 ]
[24-10-31 15:01:44] 140   -11241.76 [    21764.4   11538.0   63143.6    3793.4   49999.2 ]
[24-10-31 15:01:44] 141   -11249.08 [    23591.1   11538.0   63143.6    3793.4   49999.2 ]
[24-10-31 15:01:44] 142   -11242.23 [    22462.1   11538.0   63143.6    3793.4   49999.2 ]
[24-10-31 15:01:44] 143   -11243.19 [    21333.2   11538.0   63143.6    3793.4   49999.2 ]
[24-10-31 15:01:44] 144   -11241.55 [    22018.3   11538.0   63143.6    3793.4   49999.2 ]
[24-10-31 15:01:45] 145   -11241.55 [    22002.7   11538.0   63143.6    3793.4   49999.2 ]
[24-10-31 15:01:45] 146   -11241.55 [    21987.3   11538.0   63143.6    3793.4   49999.2 ]
[24-10-31 15:01:45] 147   -11241.55 [    22002.7   11538.0   63143.6    3793.4   49999.2 ]
[24-10-31 15:01:45] 148   -11241.46 [    22002.7   11539.0   63143.6    3793.4   49999.2 ]
[24-10-31 15:01:46] 149   -11241.31 [    22002.7   11540.7   63143.6    3793.4   49999.2 ]
[24-10-31 15:01:46] 150   -11228.36 [    22002.7   11717.0   63143.6    3793.4   49999.2 ]
[24-10-31 15:01:46] 151   -11218.51 [    22002.7   12027.6   63143.6    3793.4   49999.2 ]
[24-10-31 15:01:46] 152   -11232.93 [    22002.7   12530.1   63143.6    3793.4   49999.2 ]
[24-10-31 15:01:47] 153   -11219.91 [    22002.7   12219.5   63143.6    3793.4   49999.2 ]
[24-10-31 15:01:47] 154   -11220.42 [    22002.7   11909.0   63143.6    3793.4   49999.2 ]
[24-10-31 15:01:47] 155   -11218.35 [    22002.7   12075.1   63143.6    3793.4   49999.2 ]
[24-10-31 15:01:47] 156   -11218.35 [    22002.7   12069.7   63143.6    3793.4   49999.2 ]
[24-10-31 15:01:48] 157   -11218.36 [    22002.7   12080.4   63143.6    3793.4   49999.2 ]
[24-10-31 15:01:48] 158   -11218.35 [    22002.7   12075.1   63143.6    3793.4   49999.2 ]
[24-10-31 15:01:48] 159   -11218.36 [    22002.7   12075.1   63144.6    3793.4   49999.2 ]
[24-10-31 15:01:48] 160   -11218.35 [    22002.7   12075.1   63142.0    3793.4   49999.2 ]
[24-10-31 15:01:49] 161    -11217.6 [    22002.7   12075.1   62965.6    3793.4   49999.2 ]
[24-10-31 15:01:49] 162   -11215.88 [    22002.7   12075.1   62069.1    3793.4   49999.2 ]
[24-10-31 15:01:49] 163   -11220.43 [    22002.7   12075.1   60618.6    3793.4   49999.2 ]
[24-10-31 15:01:49] 164   -11216.54 [    22002.7   12075.1   61515.1    3793.4   49999.2 ]
[24-10-31 15:01:49] 165   -11216.13 [    22002.7   12075.1   62411.6    3793.4   49999.2 ]
[24-10-31 15:01:50] 166   -11215.88 [    22002.7   12075.1   62079.9    3793.4   49999.2 ]
[24-10-31 15:01:50] 167   -11215.88 [    22002.7   12075.1   62058.4    3793.4   49999.2 ]
[24-10-31 15:01:50] 168   -11215.88 [    22002.7   12075.1   62069.1    3793.4   49999.2 ]
[24-10-31 15:01:50] 169   -11215.98 [    22002.7   12075.1   62069.1    3794.4   49999.2 ]
[24-10-31 15:01:51] 170   -11215.71 [    22002.7   12075.1   62069.1    3791.8   49999.2 ]
[24-10-31 15:01:51] 171   -11209.89 [    22002.7   12075.1   62069.1    3673.6   49999.2 ]
[24-10-31 15:01:51] 172   -11231.81 [    22002.7   12075.1   62069.1    3482.3   49999.2 ]
[24-10-31 15:01:51] 173   -11213.31 [    22002.7   12075.1   62069.1    3600.5   49999.2 ]
[24-10-31 15:01:52] 174   -11210.53 [    22002.7   12075.1   62069.1    3718.7   49999.2 ]
[24-10-31 15:01:52] 175   -11209.85 [    22002.7   12075.1   62069.1    3682.3   49999.2 ]
[24-10-31 15:01:52] 176   -11209.85 [    22002.7   12075.1   62069.1    3681.2   49999.2 ]
[24-10-31 15:01:52] 177   -11209.85 [    22002.7   12075.1   62069.1    3683.4   49999.2 ]
[24-10-31 15:01:53] 178   -11209.85 [    22002.7   12075.1   62069.1    3682.3   49999.2 ]
[24-10-31 15:01:53] 180   -11209.87 [    22002.7   12075.1   62069.1    3682.3   49997.6 ]
[24-10-31 15:01:53] 181   -11209.86 [    22002.7   12075.1   62069.1    3682.3   49998.6 ]
[24-10-31 15:01:53] 182   -11209.85 [    22002.7   12075.1   62069.1    3682.3   49999.6 ]
[24-10-31 15:01:54] 183   -11209.85 [    22002.7   12075.1   62069.1    3682.3   49999.8 ]
[24-10-31 15:01:54] 184   -11209.84 [    22002.7   12075.1   62069.1    3682.3   49999.9 ]
[24-10-31 15:01:54] 186   -11209.84 [    22002.7   12075.1   62069.1    3682.3   49999.9 ]
[24-10-31 15:01:54] 187   -11209.84 [    22002.7   12075.1   62069.1    3682.3   50000.0 ]
[24-10-31 15:01:55] 188   -11209.84 [    22002.7   12075.1   62069.1    3682.3   50000.0 ]
[24-10-31 15:01:55] 190   -11209.84 [    22002.7   12075.1   62069.1    3682.3   50000.0 ]
[24-10-31 15:01:55] 192   -11209.84 [    22002.7   12075.1   62069.1    3682.3   50000.0 ]
[24-10-31 15:01:55] 193   -11209.84 [    22003.7   12075.1   62069.1    3682.3   50000.0 ]
[24-10-31 15:01:56] 194   -11209.83 [    22005.3   12075.1   62069.1    3682.3   50000.0 ]
[24-10-31 15:01:56] 195   -11208.84 [    22181.7   12075.1   62069.1    3682.3   50000.0 ]
[24-10-31 15:01:56] 196   -11206.98 [    22869.8   12075.1   62069.1    3682.3   50000.0 ]
[24-10-31 15:01:56] 197    -11209.8 [    23983.3   12075.1   62069.1    3682.3   50000.0 ]
[24-10-31 15:01:57] 198   -11207.28 [    23295.1   12075.1   62069.1    3682.3   50000.0 ]
[24-10-31 15:01:57] 199   -11207.33 [    22607.0   12075.1   62069.1    3682.3   50000.0 ]
[24-10-31 15:01:57] 200   -11206.96 [    22962.8   12075.1   62069.1    3682.3   50000.0 ]
[24-10-31 15:01:57] 201   -11206.96 [    22953.2   12075.1   62069.1    3682.3   50000.0 ]
[24-10-31 15:01:58] 202   -11206.96 [    22972.4   12075.1   62069.1    3682.3   50000.0 ]
[24-10-31 15:01:58] 203   -11206.96 [    22962.8   12075.1   62069.1    3682.3   50000.0 ]
[24-10-31 15:01:58] 204   -11206.92 [    22962.8   12076.1   62069.1    3682.3   50000.0 ]
[24-10-31 15:01:58] 205   -11206.86 [    22962.8   12077.7   62069.1    3682.3   50000.0 ]
[24-10-31 15:01:59] 206   -11202.42 [    22962.8   12254.1   62069.1    3682.3   50000.0 ]
[24-10-31 15:01:59] 207   -11201.93 [    22962.8   12329.4   62069.1    3682.3   50000.0 ]
[24-10-31 15:01:59] 208   -11202.83 [    22962.8   12451.4   62069.1    3682.3   50000.0 ]
[24-10-31 15:01:59] 209   -11202.03 [    22962.8   12376.0   62069.1    3682.3   50000.0 ]
[24-10-31 15:02:00] 210   -11202.02 [    22962.8   12300.6   62069.1    3682.3   50000.0 ]
[24-10-31 15:02:00] 211   -11201.93 [    22962.8   12337.3   62069.1    3682.3   50000.0 ]
[24-10-31 15:02:00] 212   -11201.93 [    22962.8   12334.7   62069.1    3682.3   50000.0 ]
[24-10-31 15:02:00] 213   -11201.93 [    22962.8   12340.0   62069.1    3682.3   50000.0 ]
[24-10-31 15:02:01] 214   -11201.93 [    22962.8   12337.3   62069.1    3682.3   50000.0 ]
[24-10-31 15:02:01] 215   -11201.93 [    22962.8   12337.3   62070.1    3682.3   50000.0 ]
[24-10-31 15:02:01] 216   -11201.92 [    22962.8   12337.3   62067.5    3682.3   50000.0 ]
[24-10-31 15:02:01] 217   -11200.82 [    22962.8   12337.3   61891.2    3682.3   50000.0 ]
[24-10-31 15:02:02] 218   -11196.95 [    22962.8   12337.3   60557.6    3682.3   50000.0 ]
[24-10-31 15:02:02] 219   -11207.25 [    22962.8   12337.3   58399.8    3682.3   50000.0 ]
[24-10-31 15:02:02] 220   -11198.46 [    22962.8   12337.3   59733.4    3682.3   50000.0 ]
[24-10-31 15:02:02] 221   -11197.51 [    22962.8   12337.3   61067.0    3682.3   50000.0 ]
[24-10-31 15:02:02] 222   -11196.95 [    22962.8   12337.3   60572.7    3682.3   50000.0 ]
[24-10-31 15:02:03] 223   -11196.95 [    22962.8   12337.3   60542.5    3682.3   50000.0 ]
[24-10-31 15:02:03] 224   -11196.95 [    22962.8   12337.3   60557.6    3682.3   50000.0 ]
[24-10-31 15:02:03] 225   -11197.05 [    22962.8   12337.3   60557.6    3683.3   50000.0 ]
[24-10-31 15:02:03] 226   -11196.79 [    22962.8   12337.3   60557.6    3680.7   50000.0 ]
[24-10-31 15:02:04] 227   -11192.17 [    22962.8   12337.3   60557.6    3579.4   50000.0 ]
[24-10-31 15:02:04] 228   -11208.85 [    22962.8   12337.3   60557.6    3415.6   50000.0 ]
[24-10-31 15:02:04] 229   -11194.77 [    22962.8   12337.3   60557.6    3516.8   50000.0 ]
[24-10-31 15:02:04] 230   -11192.71 [    22962.8   12337.3   60557.6    3618.1   50000.0 ]
[24-10-31 15:02:05] 231   -11192.15 [    22962.8   12337.3   60557.6    3586.1   50000.0 ]
[24-10-31 15:02:05] 232   -11192.15 [    22962.8   12337.3   60557.6    3585.2   50000.0 ]
[24-10-31 15:02:05] 233   -11192.15 [    22962.8   12337.3   60557.6    3587.1   50000.0 ]
[24-10-31 15:02:05] 234   -11192.15 [    22962.8   12337.3   60557.6    3586.1   50000.0 ]
[24-10-31 15:02:06] 236   -11192.17 [    22962.8   12337.3   60557.6    3586.1   49998.4 ]
[24-10-31 15:02:06] 237   -11192.16 [    22962.8   12337.3   60557.6    3586.1   49999.4 ]
[24-10-31 15:02:06] 239   -11192.16 [    22962.8   12337.3   60557.6    3586.1   49999.7 ]
[24-10-31 15:02:06] 241   -11192.15 [    22962.8   12337.3   60557.6    3586.1   49999.9 ]
[24-10-31 15:02:07] 243   -11192.15 [    22962.8   12337.3   60557.6    3586.1   49999.9 ]
[24-10-31 15:02:07] 245   -11192.15 [    22962.8   12337.3   60557.6    3586.1   50000.0 ]
[24-10-31 15:02:07] 246   -11192.15 [    22962.8   12337.3   60557.6    3586.1   50000.0 ]
[24-10-31 15:02:07] 248   -11192.15 [    22962.8   12337.3   60557.6    3586.1   50000.0 ]
[24-10-31 15:02:08] 249   -11192.15 [    22962.8   12337.3   60557.6    3586.1   50000.0 ]
[24-10-31 15:02:08] 250   -11192.15 [    22962.8   12337.3   60557.6    3586.1   50000.0 ]
[24-10-31 15:02:08] 252   -11192.15 [    22962.8   12337.3   60557.6    3586.1   50000.0 ]
[24-10-31 15:02:08] 253   -11192.15 [    22962.8   12337.3   60557.6    3586.1   50000.0 ]
[24-10-31 15:02:09] 254   -11192.15 [    22962.8   12337.3   60557.6    3586.1   50000.0 ]
[24-10-31 15:02:09] 255   -11192.15 [    22962.8   12337.3   60557.6    3586.1   50000.0 ]
[24-10-31 15:02:09] 257   -11192.15 [    22962.8   12337.3   60557.6    3586.1   50000.0 ]
[24-10-31 15:02:09] 258   -11192.15 [    22963.8   12337.3   60557.6    3586.1   50000.0 ]
[24-10-31 15:02:10] 259   -11192.15 [    22965.4   12337.3   60557.6    3586.1   50000.0 ]
[24-10-31 15:02:10] 260   -11192.02 [    23141.8   12337.3   60557.6    3586.1   50000.0 ]
[24-10-31 15:02:10] 261   -11192.01 [    23181.3   12337.3   60557.6    3586.1   50000.0 ]
[24-10-31 15:02:10] 262   -11192.02 [    23245.2   12337.3   60557.6    3586.1   50000.0 ]
[24-10-31 15:02:11] 263   -11192.01 [    23205.7   12337.3   60557.6    3586.1   50000.0 ]
[24-10-31 15:02:11] 264   -11192.01 [    23166.2   12337.3   60557.6    3586.1   50000.0 ]
[24-10-31 15:02:11] 265   -11192.01 [    23183.9   12337.3   60557.6    3586.1   50000.0 ]
[24-10-31 15:02:11] 266   -11192.01 [    23186.1   12337.3   60557.6    3586.1   50000.0 ]
[24-10-31 15:02:12] 267   -11192.01 [    23183.9   12337.3   60557.6    3586.1   50000.0 ]
[24-10-31 15:02:12] 268   -11191.98 [    23183.9   12338.3   60557.6    3586.1   50000.0 ]
[24-10-31 15:02:12] 269   -11191.93 [    23183.9   12340.0   60557.6    3586.1   50000.0 ]
[24-10-31 15:02:12] 270   -11188.54 [    23183.9   12516.3   60557.6    3586.1   50000.0 ]
[24-10-31 15:02:12] 271   -11188.39 [    23183.9   12559.7   60557.6    3586.1   50000.0 ]
[24-10-31 15:02:13] 272   -11188.67 [    23183.9   12629.8   60557.6    3586.1   50000.0 ]
[24-10-31 15:02:13] 273   -11188.42 [    23183.9   12586.5   60557.6    3586.1   50000.0 ]
[24-10-31 15:02:13] 274   -11188.42 [    23183.9   12543.1   60557.6    3586.1   50000.0 ]
[24-10-31 15:02:13] 275   -11188.38 [    23183.9   12564.7   60557.6    3586.1   50000.0 ]
[24-10-31 15:02:14] 276   -11188.38 [    23183.9   12562.5   60557.6    3586.1   50000.0 ]
[24-10-31 15:02:14] 277   -11188.38 [    23183.9   12567.0   60557.6    3586.1   50000.0 ]
[24-10-31 15:02:14] 278   -11188.38 [    23183.9   12564.7   60557.6    3586.1   50000.0 ]
[24-10-31 15:02:14] 279   -11188.39 [    23183.9   12564.7   60558.6    3586.1   50000.0 ]
[24-10-31 15:02:15] 280   -11188.37 [    23183.9   12564.7   60556.0    3586.1   50000.0 ]
[24-10-31 15:02:15] 281   -11187.24 [    23183.9   12564.7   60379.6    3586.1   50000.0 ]
[24-10-31 15:02:15] 282   -11183.14 [    23183.9   12564.7   59021.8    3586.1   50000.0 ]
[24-10-31 15:02:15] 283   -11194.07 [    23183.9   12564.7   56824.9    3586.1   50000.0 ]
[24-10-31 15:02:16] 284   -11184.75 [    23183.9   12564.7   58182.7    3586.1   50000.0 ]
[24-10-31 15:02:16] 285   -11183.73 [    23183.9   12564.7   59540.5    3586.1   50000.0 ]
[24-10-31 15:02:16] 286   -11183.14 [    23183.9   12564.7   59037.2    3586.1   50000.0 ]
[24-10-31 15:02:16] 287   -11183.14 [    23183.9   12564.7   59006.5    3586.1   50000.0 ]
[24-10-31 15:02:16] 288   -11183.14 [    23183.9   12564.7   59021.8    3586.1   50000.0 ]
[24-10-31 15:02:17] 289   -11183.24 [    23183.9   12564.7   59021.8    3587.1   50000.0 ]
[24-10-31 15:02:17] 290   -11182.99 [    23183.9   12564.7   59021.8    3584.5   50000.0 ]
[24-10-31 15:02:17] 291   -11178.61 [    23183.9   12564.7   59021.8    3488.7   50000.0 ]
[24-10-31 15:02:17] 292   -11194.28 [    23183.9   12564.7   59021.8    3333.5   50000.0 ]
[24-10-31 15:02:18] 293   -11181.05 [    23183.9   12564.7   59021.8    3429.4   50000.0 ]
[24-10-31 15:02:18] 294   -11179.12 [    23183.9   12564.7   59021.8    3525.3   50000.0 ]
[24-10-31 15:02:18] 295   -11178.59 [    23183.9   12564.7   59021.8    3494.8   50000.0 ]
[24-10-31 15:02:18] 296   -11178.59 [    23183.9   12564.7   59021.8    3493.9   50000.0 ]
[24-10-31 15:02:19] 297   -11178.59 [    23183.9   12564.7   59021.8    3495.8   50000.0 ]
[24-10-31 15:02:19] 298   -11178.59 [    23183.9   12564.7   59021.8    3494.8   50000.0 ]
[24-10-31 15:02:19] 300   -11178.61 [    23183.9   12564.7   59021.8    3494.8   49998.4 ]
[24-10-31 15:02:19] 301    -11178.6 [    23183.9   12564.7   59021.8    3494.8   49999.4 ]
[24-10-31 15:02:20] 303    -11178.6 [    23183.9   12564.7   59021.8    3494.8   49999.7 ]
[24-10-31 15:02:20] 305   -11178.59 [    23183.9   12564.7   59021.8    3494.8   49999.9 ]
[24-10-31 15:02:20] 307   -11178.59 [    23183.9   12564.7   59021.8    3494.8   50000.0 ]
[24-10-31 15:02:20] 309   -11178.59 [    23183.9   12564.7   59021.8    3494.8   50000.0 ]
[24-10-31 15:02:21] 311   -11178.59 [    23183.9   12564.7   59021.8    3494.8   50000.0 ]
[24-10-31 15:02:21] 313   -11178.59 [    23183.9   12564.7   59021.8    3494.8   50000.0 ]
[24-10-31 15:02:21] 315   -11178.59 [    23183.9   12564.7   59021.8    3494.8   50000.0 ]
[24-10-31 15:02:21] 317   -11178.59 [    23183.9   12564.7   59021.8    3494.8   50000.0 ]
[24-10-31 15:02:21] 319   -11178.59 [    23183.9   12564.7   59021.8    3494.8   50000.0 ]
[24-10-31 15:02:22] 320   -11178.59 [    23183.9   12564.7   59021.8    3494.8   50000.0 ]
[24-10-31 15:02:22] 322   -11178.59 [    23183.9   12564.7   59021.8    3494.8   50000.0 ]
[24-10-31 15:02:22] 324   -11178.59 [    23183.9   12564.7   59021.8    3494.8   50000.0 ]
[24-10-31 15:02:22] 326   -11178.59 [    23183.9   12564.7   59021.8    3494.8   50000.0 ]
[24-10-31 15:02:23] 328   -11178.59 [    23183.9   12564.7   59021.8    3494.8   50000.0 ]
[24-10-31 15:02:23] 329   -11178.59 [    23183.9   12564.7   59021.8    3494.8   50000.0 ]
[24-10-31 15:02:23] 330   -11178.59 [    23183.9   12564.7   59021.8    3494.8   50000.0 ]
[24-10-31 15:02:23] 332   -11178.59 [    23183.9   12564.7   59021.8    3494.8   50000.0 ]
[24-10-31 15:02:24] 333   -11178.59 [    23184.9   12564.7   59021.8    3494.8   50000.0 ]
[24-10-31 15:02:24] 334   -11178.59 [    23186.5   12564.7   59021.8    3494.8   50000.0 ]
[24-10-31 15:02:24] 335   -11178.54 [    23322.3   12564.7   59021.8    3494.8   50000.0 ]
[24-10-31 15:02:24] 336   -11178.67 [    23542.0   12564.7   59021.8    3494.8   50000.0 ]
[24-10-31 15:02:25] 337   -11178.56 [    23406.2   12564.7   59021.8    3494.8   50000.0 ]
[24-10-31 15:02:25] 338   -11178.55 [    23270.4   12564.7   59021.8    3494.8   50000.0 ]
[24-10-31 15:02:25] 339   -11178.54 [    23324.7   12564.7   59021.8    3494.8   50000.0 ]
[24-10-31 15:02:25] 340   -11178.54 [    23326.1   12564.7   59021.8    3494.8   50000.0 ]
[24-10-31 15:02:26] 341   -11178.54 [    23324.7   12564.7   59021.8    3494.8   50000.0 ]
[24-10-31 15:02:26] 342   -11178.51 [    23324.7   12565.7   59021.8    3494.8   50000.0 ]
[24-10-31 15:02:26] 343   -11178.46 [    23324.7   12567.4   59021.8    3494.8   50000.0 ]
[24-10-31 15:02:26] 344    -11175.4 [    23324.7   12743.7   59021.8    3494.8   50000.0 ]
[24-10-31 15:02:27] 345    -11175.3 [    23324.7   12779.1   59021.8    3494.8   50000.0 ]
[24-10-31 15:02:27] 346   -11175.48 [    23324.7   12836.4   59021.8    3494.8   50000.0 ]
[24-10-31 15:02:27] 347   -11175.31 [    23324.7   12801.0   59021.8    3494.8   50000.0 ]
[24-10-31 15:02:27] 348   -11175.32 [    23324.7   12765.6   59021.8    3494.8   50000.0 ]
[24-10-31 15:02:28] 349   -11175.29 [    23324.7   12783.6   59021.8    3494.8   50000.0 ]
[24-10-31 15:02:28] 350   -11175.29 [    23324.7   12781.4   59021.8    3494.8   50000.0 ]
[24-10-31 15:02:28] 351   -11175.29 [    23324.7   12785.7   59021.8    3494.8   50000.0 ]
[24-10-31 15:02:28] 352   -11175.29 [    23324.7   12783.6   59021.8    3494.8   50000.0 ]
[24-10-31 15:02:29] 353    -11175.3 [    23324.7   12783.6   59022.8    3494.8   50000.0 ]
[24-10-31 15:02:29] 354   -11175.28 [    23324.7   12783.6   59020.2    3494.8   50000.0 ]
[24-10-31 15:02:29] 355   -11174.16 [    23324.7   12783.6   58843.9    3494.8   50000.0 ]
[24-10-31 15:02:29] 356   -11170.28 [    23324.7   12783.6   57537.1    3494.8   50000.0 ]
[24-10-31 15:02:29] 357   -11180.67 [    23324.7   12783.6   55422.8    3494.8   50000.0 ]
[24-10-31 15:02:30] 358   -11171.81 [    23324.7   12783.6   56729.5    3494.8   50000.0 ]
[24-10-31 15:02:30] 359   -11170.84 [    23324.7   12783.6   58036.2    3494.8   50000.0 ]
[24-10-31 15:02:30] 360   -11170.28 [    23324.7   12783.6   57552.0    3494.8   50000.0 ]
[24-10-31 15:02:30] 361   -11170.28 [    23324.7   12783.6   57522.3    3494.8   50000.0 ]
[24-10-31 15:02:31] 362   -11170.28 [    23324.7   12783.6   57537.1    3494.8   50000.0 ]
[24-10-31 15:02:31] 363   -11170.38 [    23324.7   12783.6   57537.1    3495.8   50000.0 ]
[24-10-31 15:02:31] 364   -11170.13 [    23324.7   12783.6   57537.1    3493.2   50000.0 ]
[24-10-31 15:02:31] 365   -11165.85 [    23324.7   12783.6   57537.1    3400.9   50000.0 ]
[24-10-31 15:02:32] 366    -11181.1 [    23324.7   12783.6   57537.1    3251.6   50000.0 ]
[24-10-31 15:02:32] 367   -11168.22 [    23324.7   12783.6   57537.1    3343.9   50000.0 ]
[24-10-31 15:02:32] 368   -11166.35 [    23324.7   12783.6   57537.1    3436.2   50000.0 ]
[24-10-31 15:02:32] 369   -11165.83 [    23324.7   12783.6   57537.1    3406.8   50000.0 ]
[24-10-31 15:02:32] 370   -11165.83 [    23324.7   12783.6   57537.1    3405.9   50000.0 ]
[24-10-31 15:02:33] 371   -11165.83 [    23324.7   12783.6   57537.1    3407.7   50000.0 ]
[24-10-31 15:02:33] 372   -11165.83 [    23324.7   12783.6   57537.1    3406.8   50000.0 ]
[24-10-31 15:02:33] 374   -11165.85 [    23324.7   12783.6   57537.1    3406.8   49998.4 ]
[24-10-31 15:02:33] 375   -11165.84 [    23324.7   12783.6   57537.1    3406.8   49999.4 ]
[24-10-31 15:02:34] 377   -11165.84 [    23324.7   12783.6   57537.1    3406.8   49999.7 ]
[24-10-31 15:02:34] 379   -11165.83 [    23324.7   12783.6   57537.1    3406.8   49999.9 ]
[24-10-31 15:02:34] 381   -11165.83 [    23324.7   12783.6   57537.1    3406.8   50000.0 ]
[24-10-31 15:02:34] 383   -11165.83 [    23324.7   12783.6   57537.1    3406.8   50000.0 ]
[24-10-31 15:02:34] 385   -11165.83 [    23324.7   12783.6   57537.1    3406.8   50000.0 ]
[24-10-31 15:02:35] 387   -11165.83 [    23324.7   12783.6   57537.1    3406.8   50000.0 ]
[24-10-31 15:02:35] 389   -11165.83 [    23324.7   12783.6   57537.1    3406.8   50000.0 ]
[24-10-31 15:02:35] 391   -11165.83 [    23324.7   12783.6   57537.1    3406.8   50000.0 ]
[24-10-31 15:02:35] 393   -11165.83 [    23324.7   12783.6   57537.1    3406.8   50000.0 ]
[24-10-31 15:02:36] 395   -11165.83 [    23324.7   12783.6   57537.1    3406.8   50000.0 ]
[24-10-31 15:02:36] 397   -11165.83 [    23324.7   12783.6   57537.1    3406.8   50000.0 ]
[24-10-31 15:02:36] 399   -11165.83 [    23324.7   12783.6   57537.1    3406.8   50000.0 ]
[24-10-31 15:02:36] 401   -11165.83 [    23324.7   12783.6   57537.1    3406.8   50000.0 ]
[24-10-31 15:02:36] 403   -11165.83 [    23324.7   12783.6   57537.1    3406.8   50000.0 ]
[24-10-31 15:02:37] 405   -11165.83 [    23324.7   12783.6   57537.1    3406.8   50000.0 ]
[24-10-31 15:02:37] 407   -11165.83 [    23324.7   12783.6   57537.1    3406.8   50000.0 ]
[24-10-31 15:02:37] 408   -11165.83 [    23324.7   12783.6   57537.1    3406.8   50000.0 ]
[24-10-31 15:02:37] 409   -11165.83 [    23324.7   12783.6   57537.1    3406.8   50000.0 ]
[24-10-31 15:02:38] 411   -11165.83 [    23324.7   12783.6   57537.1    3406.8   50000.0 ]
[24-10-31 15:02:38] 413   -11165.83 [    23324.7   12783.6   57537.1    3406.8   50000.0 ]
[24-10-31 15:02:38] 414   -11165.83 [    23324.7   12783.6   57537.1    3406.8   50000.0 ]
[24-10-31 15:02:38] 415   -11165.83 [    23324.7   12783.6   57537.1    3406.8   50000.0 ]
[24-10-31 15:02:39] 416   -11165.83 [    23324.7   12783.6   57537.1    3406.8   50000.0 ]
[24-10-31 15:02:39] 417   -11165.83 [    23324.7   12783.6   57537.1    3406.8   50000.0 ]
[24-10-31 15:02:39] 419   -11165.83 [    23324.7   12783.6   57537.1    3406.8   50000.0 ]
[24-10-31 15:02:39] 420   -11165.83 [    23325.7   12783.6   57537.1    3406.8   50000.0 ]
[24-10-31 15:02:39] 421   -11165.83 [    23327.3   12783.6   57537.1    3406.8   50000.0 ]
[24-10-31 15:02:40] 422   -11165.78 [    23456.7   12783.6   57537.1    3406.8   50000.0 ]
[24-10-31 15:02:40] 423    -11165.9 [    23666.0   12783.6   57537.1    3406.8   50000.0 ]
[24-10-31 15:02:40] 424    -11165.8 [    23536.7   12783.6   57537.1    3406.8   50000.0 ]
[24-10-31 15:02:40] 425   -11165.79 [    23407.3   12783.6   57537.1    3406.8   50000.0 ]
[24-10-31 15:02:41] 426   -11165.78 [    23458.9   12783.6   57537.1    3406.8   50000.0 ]
[24-10-31 15:02:41] 427   -11165.78 [    23460.2   12783.6   57537.1    3406.8   50000.0 ]
[24-10-31 15:02:41] 428   -11165.78 [    23458.9   12783.6   57537.1    3406.8   50000.0 ]
[24-10-31 15:02:41] 429   -11165.76 [    23458.9   12784.6   57537.1    3406.8   50000.0 ]
[24-10-31 15:02:42] 430   -11165.71 [    23458.9   12786.2   57537.1    3406.8   50000.0 ]
[24-10-31 15:02:42] 431   -11162.93 [    23458.9   12962.5   57537.1    3406.8   50000.0 ]
[24-10-31 15:02:42] 432   -11162.87 [    23458.9   12990.7   57537.1    3406.8   50000.0 ]
[24-10-31 15:02:42] 433   -11162.98 [    23458.9   13036.2   57537.1    3406.8   50000.0 ]
[24-10-31 15:02:43] 434   -11162.88 [    23458.9   13008.1   57537.1    3406.8   50000.0 ]
[24-10-31 15:02:43] 435   -11162.88 [    23458.9   12979.9   57537.1    3406.8   50000.0 ]
[24-10-31 15:02:43] 436   -11162.87 [    23458.9   12994.5   57537.1    3406.8   50000.0 ]
[24-10-31 15:02:43] 437   -11162.87 [    23458.9   12996.7   57537.1    3406.8   50000.0 ]
[24-10-31 15:02:44] 438   -11162.87 [    23458.9   12994.5   57537.1    3406.8   50000.0 ]
[24-10-31 15:02:44] 439   -11162.87 [    23458.9   12994.5   57538.1    3406.8   50000.0 ]
[24-10-31 15:02:44] 440   -11162.86 [    23458.9   12994.5   57535.5    3406.8   50000.0 ]
[24-10-31 15:02:44] 441   -11161.75 [    23458.9   12994.5   57359.1    3406.8   50000.0 ]
[24-10-31 15:02:45] 442   -11158.11 [    23458.9   12994.5   56109.4    3406.8   50000.0 ]
[24-10-31 15:02:45] 443   -11167.88 [    23458.9   12994.5   54087.4    3406.8   50000.0 ]
[24-10-31 15:02:45] 444   -11159.55 [    23458.9   12994.5   55337.1    3406.8   50000.0 ]
[24-10-31 15:02:45] 445   -11158.64 [    23458.9   12994.5   56586.8    3406.8   50000.0 ]
[24-10-31 15:02:46] 446   -11158.11 [    23458.9   12994.5   56123.7    3406.8   50000.0 ]
[24-10-31 15:02:46] 447   -11158.12 [    23458.9   12994.5   56095.2    3406.8   50000.0 ]
[24-10-31 15:02:46] 448   -11158.11 [    23458.9   12994.5   56109.4    3406.8   50000.0 ]
[24-10-31 15:02:46] 449   -11158.22 [    23458.9   12994.5   56109.4    3407.8   50000.0 ]
[24-10-31 15:02:47] 450   -11157.95 [    23458.9   12994.5   56109.4    3405.2   50000.0 ]
[24-10-31 15:02:47] 451   -11153.79 [    23458.9   12994.5   56109.4    3316.4   50000.0 ]
[24-10-31 15:02:47] 452   -11168.58 [    23458.9   12994.5   56109.4    3172.8   50000.0 ]
[24-10-31 15:02:47] 453   -11156.09 [    23458.9   12994.5   56109.4    3261.6   50000.0 ]
[24-10-31 15:02:48] 454   -11154.28 [    23458.9   12994.5   56109.4    3350.3   50000.0 ]
[24-10-31 15:02:48] 455   -11153.78 [    23458.9   12994.5   56109.4    3322.0   50000.0 ]
[24-10-31 15:02:48] 456   -11153.78 [    23458.9   12994.5   56109.4    3321.2   50000.0 ]
[24-10-31 15:02:48] 457   -11153.78 [    23458.9   12994.5   56109.4    3322.9   50000.0 ]
[24-10-31 15:02:49] 458   -11153.78 [    23458.9   12994.5   56109.4    3322.0   50000.0 ]
[24-10-31 15:02:49] 460   -11153.79 [    23458.9   12994.5   56109.4    3322.0   49998.4 ]
[24-10-31 15:02:49] 461   -11153.78 [    23458.9   12994.5   56109.4    3322.0   49999.4 ]
[24-10-31 15:02:49] 463   -11153.78 [    23458.9   12994.5   56109.4    3322.0   49999.7 ]
[24-10-31 15:02:50] 465   -11153.78 [    23458.9   12994.5   56109.4    3322.0   49999.9 ]
[24-10-31 15:02:50] 467   -11153.78 [    23458.9   12994.5   56109.4    3322.0   50000.0 ]
[24-10-31 15:02:50] 469   -11153.78 [    23458.9   12994.5   56109.4    3322.0   50000.0 ]
[24-10-31 15:02:50] 471   -11153.78 [    23458.9   12994.5   56109.4    3322.0   50000.0 ]
[24-10-31 15:02:51] 473   -11153.78 [    23458.9   12994.5   56109.4    3322.0   50000.0 ]
[24-10-31 15:02:51] 475   -11153.78 [    23458.9   12994.5   56109.4    3322.0   50000.0 ]
[24-10-31 15:02:51] 477   -11153.78 [    23458.9   12994.5   56109.4    3322.0   50000.0 ]
[24-10-31 15:02:51] 479   -11153.78 [    23458.9   12994.5   56109.4    3322.0   50000.0 ]
[24-10-31 15:02:52] 481   -11153.78 [    23458.9   12994.5   56109.4    3322.0   50000.0 ]
[24-10-31 15:02:52] 483   -11153.78 [    23458.9   12994.5   56109.4    3322.0   50000.0 ]
[24-10-31 15:02:52] 485   -11153.78 [    23458.9   12994.5   56109.4    3322.0   50000.0 ]
[24-10-31 15:02:52] 487   -11153.78 [    23458.9   12994.5   56109.4    3322.0   50000.0 ]
[24-10-31 15:02:53] 489   -11153.78 [    23458.9   12994.5   56109.4    3322.0   50000.0 ]
[24-10-31 15:02:53] 491   -11153.78 [    23458.9   12994.5   56109.4    3322.0   50000.0 ]
[24-10-31 15:02:53] 493   -11153.78 [    23458.9   12994.5   56109.4    3322.0   50000.0 ]
[24-10-31 15:02:53] 495   -11153.78 [    23458.9   12994.5   56109.4    3322.0   50000.0 ]
[24-10-31 15:02:54] 497   -11153.78 [    23458.9   12994.5   56109.4    3322.0   50000.0 ]
[24-10-31 15:02:54] 499   -11153.78 [    23458.9   12994.5   56109.4    3322.0   50000.0 ]
[24-10-31 15:02:54] 501   -11153.78 [    23458.9   12994.5   56109.4    3322.0   50000.0 ]
[24-10-31 15:02:54] 502   -11153.78 [    23458.9   12994.5   56109.4    3322.0   50000.0 ]
[24-10-31 15:02:55] 503   -11153.78 [    23458.9   12994.5   56109.4    3322.0   50000.0 ]
[24-10-31 15:02:55] 504   -11153.78 [    23458.9   12994.5   56109.4    3322.0   50000.0 ]
[24-10-31 15:02:55] 505   -11153.78 [    23458.9   12994.5   56109.4    3322.0   50000.0 ]
[24-10-31 15:02:55] 506   -11153.78 [    23458.9   12994.5   56109.4    3322.0   50000.0 ]
[24-10-31 15:02:56] 507   -11153.78 [    23458.9   12994.5   56109.4    3322.0   50000.0 ]
[24-10-31 15:02:56] 508   -11153.78 [    23458.9   12994.5   56109.4    3322.0   50000.0 ]
[24-10-31 15:02:56] 509   -11153.78 [    23458.9   12994.5   56109.4    3322.0   50000.0 ]
[24-10-31 15:02:56] 510   -11153.78 [    23458.9   12994.5   56109.4    3322.0   50000.0 ]
[24-10-31 15:02:56] 511   -11153.78 [    23458.9   12994.5   56109.4    3322.0   50000.0 ]
[24-10-31 15:02:57] 512   -11153.78 [    23458.9   12994.5   56109.4    3322.0   50000.0 ]
[24-10-31 15:02:57] 513   -11141.94 [    23593.1   13205.5   54681.8    3237.3   50000.0 ]
[24-10-31 15:02:57] 514   -11153.78 [    23458.9   12994.5   56109.4    3322.0   50000.0 ]
[24-10-31 15:02:57] 515   -11141.94 [    23593.1   13205.5   54681.8    3237.3   50000.0 ]
[24-10-31 15:02:58] 516   -11123.28 [    23810.2   13546.9   52371.8    3100.1   50000.0 ]
[24-10-31 15:02:58] 519   -11047.68 [    24780.8   15073.0   42044.8    2487.0   50000.0 ]
[24-10-31 15:02:58] 520   -11083.82 [    24295.5   14309.9   47208.3    2793.5   50000.0 ]
[24-10-31 15:02:58] 523   -11061.07 [    24595.4   14781.5   44017.1    2604.1   50000.0 ]
[24-10-31 15:02:59] 524   -11041.54 [    24868.3   15210.6   41113.6    2431.7   50000.0 ]
[24-10-31 15:02:59] 525   -11037.81 [    24922.4   15295.7   40538.1    2397.5   50000.0 ]
[24-10-31 15:02:59] 526   -11035.53 [    24955.8   15348.2   40182.5    2376.4   50000.0 ]
[24-10-31 15:02:59] 528   -11036.55 [    24940.8   15324.7   40341.7    2385.8   50000.0 ]
[24-10-31 15:03:00] 529   -11035.53 [    24955.8   15348.2   40182.5    2376.4   50000.0 ]
[24-10-31 15:03:00] 530   -11035.53 [    24956.8   15348.2   40182.5    2376.4   50000.0 ]
[24-10-31 15:03:00] 531   -11035.52 [    24958.4   15348.2   40182.5    2376.4   50000.0 ]
[24-10-31 15:03:00] 532   -11035.48 [    25095.5   15348.2   40182.5    2376.4   50000.0 ]
[24-10-31 15:03:00] 533   -11035.58 [    25317.4   15348.2   40182.5    2376.4   50000.0 ]
[24-10-31 15:03:01] 534    -11035.5 [    25180.3   15348.2   40182.5    2376.4   50000.0 ]
[24-10-31 15:03:01] 535   -11035.49 [    25043.2   15348.2   40182.5    2376.4   50000.0 ]
[24-10-31 15:03:01] 536   -11035.48 [    25097.9   15348.2   40182.5    2376.4   50000.0 ]
[24-10-31 15:03:01] 537   -11035.48 [    25099.3   15348.2   40182.5    2376.4   50000.0 ]
[24-10-31 15:03:01] 538   -11035.48 [    25097.9   15348.2   40182.5    2376.4   50000.0 ]
[24-10-31 15:03:02] 539   -11035.47 [    25097.9   15349.2   40182.5    2376.4   50000.0 ]
[24-10-31 15:03:02] 540   -11035.46 [    25097.9   15350.8   40182.5    2376.4   50000.0 ]
[24-10-31 15:03:02] 541   -11035.03 [    25097.9   15445.8   40182.5    2376.4   50000.0 ]
[24-10-31 15:03:02] 542   -11036.07 [    25097.9   15599.3   40182.5    2376.4   50000.0 ]
[24-10-31 15:03:03] 543   -11035.18 [    25097.9   15504.4   40182.5    2376.4   50000.0 ]
[24-10-31 15:03:03] 544   -11035.09 [    25097.9   15409.5   40182.5    2376.4   50000.0 ]
[24-10-31 15:03:03] 545   -11035.03 [    25097.9   15447.5   40182.5    2376.4   50000.0 ]
[24-10-31 15:03:03] 546   -11035.03 [    25097.9   15448.5   40182.5    2376.4   50000.0 ]
[24-10-31 15:03:04] 547   -11035.03 [    25097.9   15447.5   40182.5    2376.4   50000.0 ]
[24-10-31 15:03:04] 549   -11035.04 [    25097.9   15447.5   40182.5    2376.4   49998.4 ]
[24-10-31 15:03:04] 550   -11035.03 [    25097.9   15447.5   40182.5    2376.4   49999.4 ]
[24-10-31 15:03:04] 552   -11035.03 [    25097.9   15447.5   40182.5    2376.4   49999.7 ]
[24-10-31 15:03:04] 554   -11035.03 [    25097.9   15447.5   40182.5    2376.4   49999.9 ]
[24-10-31 15:03:05] 556   -11035.03 [    25097.9   15447.5   40182.5    2376.4   50000.0 ]
[24-10-31 15:03:05] 558   -11035.03 [    25097.9   15447.5   40182.5    2376.4   50000.0 ]
[24-10-31 15:03:05] 560   -11035.03 [    25097.9   15447.5   40182.5    2376.4   50000.0 ]
[24-10-31 15:03:05] 562   -11035.03 [    25097.9   15447.5   40182.5    2376.4   50000.0 ]
[24-10-31 15:03:06] 564   -11035.03 [    25097.9   15447.5   40182.5    2376.4   50000.0 ]
[24-10-31 15:03:06] 566   -11035.03 [    25097.9   15447.5   40182.5    2376.4   50000.0 ]
[24-10-31 15:03:06] 568   -11035.03 [    25097.9   15447.5   40182.5    2376.4   50000.0 ]
[24-10-31 15:03:06] 570   -11035.03 [    25097.9   15447.5   40182.5    2376.4   50000.0 ]
[24-10-31 15:03:06] 572   -11035.03 [    25097.9   15447.5   40182.5    2376.4   50000.0 ]
[24-10-31 15:03:07] 574   -11035.03 [    25097.9   15447.5   40182.5    2376.4   50000.0 ]
[24-10-31 15:03:07] 576   -11035.03 [    25097.9   15447.5   40182.5    2376.4   50000.0 ]
[24-10-31 15:03:07] 578   -11035.03 [    25097.9   15447.5   40182.5    2376.4   50000.0 ]
[24-10-31 15:03:07] 580   -11035.03 [    25097.9   15447.5   40182.5    2376.4   50000.0 ]
[24-10-31 15:03:07] 582   -11035.03 [    25097.9   15447.5   40182.5    2376.4   50000.0 ]
[24-10-31 15:03:08] 584   -11035.03 [    25097.9   15447.5   40182.5    2376.4   50000.0 ]
[24-10-31 15:03:08] 586   -11035.03 [    25097.9   15447.5   40182.5    2376.4   50000.0 ]
[24-10-31 15:03:08] 587   -11035.03 [    25097.9   15447.5   40182.5    2376.4   50000.0 ]
[24-10-31 15:03:08] 589   -11035.03 [    25097.9   15447.5   40182.5    2376.4   50000.0 ]
[24-10-31 15:03:09] 591   -11035.03 [    25097.9   15447.5   40182.5    2376.4   50000.0 ]
[24-10-31 15:03:09] 592   -11035.03 [    25097.9   15447.5   40182.5    2376.4   50000.0 ]
[24-10-31 15:03:09] 593   -11035.03 [    25097.9   15447.5   40182.5    2376.4   50000.0 ]
[24-10-31 15:03:09] 594   -11035.03 [    25097.9   15447.5   40182.5    2376.4   50000.0 ]
[24-10-31 15:03:10] 595   -11035.03 [    25097.9   15447.5   40182.5    2376.4   50000.0 ]
[24-10-31 15:03:10] 596   -11035.03 [    25097.9   15447.5   40182.5    2376.4   50000.0 ]
[24-10-31 15:03:10] 597   -11035.05 [    25097.9   15447.5   40182.5    2377.4   50000.0 ]
[24-10-31 15:03:10] 598   -11034.99 [    25097.9   15447.5   40182.5    2374.8   50000.0 ]
[24-10-31 15:03:11] 599   -11034.89 [    25097.9   15447.5   40182.5    2365.7   50000.0 ]
[24-10-31 15:03:11] 600   -11035.16 [    25097.9   15447.5   40182.5    2351.0   50000.0 ]
[24-10-31 15:03:11] 601   -11034.93 [    25097.9   15447.5   40182.5    2360.1   50000.0 ]
[24-10-31 15:03:11] 602   -11034.91 [    25097.9   15447.5   40182.5    2369.2   50000.0 ]
[24-10-31 15:03:12] 603   -11034.89 [    25097.9   15447.5   40182.5    2365.8   50000.0 ]
[24-10-31 15:03:12] 604   -11034.89 [    25097.9   15447.5   40182.5    2365.9   50000.0 ]
[24-10-31 15:03:12] 605   -11034.89 [    25097.9   15447.5   40182.5    2365.8   50000.0 ]
[24-10-31 15:03:12] 610   -11047.03 [    24921.2   15169.7   42062.4    2477.4   50000.0 ]
[24-10-31 15:03:12] 611    -11040.9 [    25009.5   15308.6   41122.4    2421.6   50000.0 ]
[24-10-31 15:03:13] 614   -11037.17 [    25064.1   15394.5   40541.5    2387.1   50000.0 ]
[24-10-31 15:03:13] 616   -11035.76 [    25085.0   15427.3   40319.6    2373.9   50000.0 ]
[24-10-31 15:03:13] 617   -11034.07 [    25110.0   15466.7   40053.0    2358.1   50000.0 ]
[24-10-31 15:03:14] 619   -11034.39 [    25105.4   15459.4   40102.4    2361.1   50000.0 ]
[24-10-31 15:03:14] 620   -11033.88 [    25112.9   15471.2   40022.4    2356.3   50000.0 ]
[24-10-31 15:03:14] 621   -11033.76 [    25114.7   15474.0   40003.5    2355.2   50000.0 ]
[24-10-31 15:03:14] 623   -11033.81 [    25114.0   15472.9   40010.7    2355.6   50000.0 ]
[24-10-31 15:03:14] 625   -11033.78 [    25114.4   15473.6   40006.3    2355.3   50000.0 ]
[24-10-31 15:03:15] 626   -11033.75 [    25114.8   15474.2   40001.7    2355.1   50000.0 ]
[24-10-31 15:03:15] 628   -11033.75 [    25114.8   15474.2   40001.7    2355.1   50000.0 ]
[24-10-31 15:03:15] 629   -11033.75 [    25115.8   15474.2   40001.7    2355.1   50000.0 ]
[24-10-31 15:03:15] 630   -11033.75 [    25117.5   15474.2   40001.7    2355.1   50000.0 ]
[24-10-31 15:03:16] 631   -11033.66 [    25293.8   15474.2   40001.7    2355.1   50000.0 ]
[24-10-31 15:03:16] 632   -11033.66 [    25326.3   15474.2   40001.7    2355.1   50000.0 ]
[24-10-31 15:03:16] 633   -11033.66 [    25379.0   15474.2   40001.7    2355.1   50000.0 ]
[24-10-31 15:03:16] 634   -11033.66 [    25346.4   15474.2   40001.7    2355.1   50000.0 ]
[24-10-31 15:03:17] 635   -11033.66 [    25313.9   15474.2   40001.7    2355.1   50000.0 ]
[24-10-31 15:03:17] 636   -11033.66 [    25328.5   15474.2   40001.7    2355.1   50000.0 ]
[24-10-31 15:03:17] 637   -11033.66 [    25330.6   15474.2   40001.7    2355.1   50000.0 ]
[24-10-31 15:03:17] 638   -11033.66 [    25328.5   15474.2   40001.7    2355.1   50000.0 ]
[24-10-31 15:03:18] 639   -11033.65 [    25328.5   15475.2   40001.7    2355.1   50000.0 ]
[24-10-31 15:03:18] 640   -11033.65 [    25328.5   15476.9   40001.7    2355.1   50000.0 ]
[24-10-31 15:03:18] 641    -11033.6 [    25328.5   15507.4   40001.7    2355.1   50000.0 ]
[24-10-31 15:03:18] 642   -11033.71 [    25328.5   15556.7   40001.7    2355.1   50000.0 ]
[24-10-31 15:03:19] 643   -11033.62 [    25328.5   15526.2   40001.7    2355.1   50000.0 ]
[24-10-31 15:03:19] 644   -11033.61 [    25328.5   15495.7   40001.7    2355.1   50000.0 ]
[24-10-31 15:03:19] 645    -11033.6 [    25328.5   15507.7   40001.7    2355.1   50000.0 ]
[24-10-31 15:03:19] 646    -11033.6 [    25328.5   15508.0   40001.7    2355.1   50000.0 ]
[24-10-31 15:03:20] 647    -11033.6 [    25328.5   15507.7   40001.7    2355.1   50000.0 ]
[24-10-31 15:03:20] 649   -11033.62 [    25328.5   15507.7   40001.7    2355.1   49998.4 ]
[24-10-31 15:03:20] 650   -11033.61 [    25328.5   15507.7   40001.7    2355.1   49999.4 ]
[24-10-31 15:03:20] 652   -11033.61 [    25328.5   15507.7   40001.7    2355.1   49999.7 ]
[24-10-31 15:03:21] 654   -11033.61 [    25328.5   15507.7   40001.7    2355.1   49999.9 ]
[24-10-31 15:03:21] 656   -11033.61 [    25328.5   15507.7   40001.7    2355.1   50000.0 ]
[24-10-31 15:03:21] 658    -11033.6 [    25328.5   15507.7   40001.7    2355.1   50000.0 ]
[24-10-31 15:03:21] 660    -11033.6 [    25328.5   15507.7   40001.7    2355.1   50000.0 ]
[24-10-31 15:03:22] 662    -11033.6 [    25328.5   15507.7   40001.7    2355.1   50000.0 ]
[24-10-31 15:03:22] 664    -11033.6 [    25328.5   15507.7   40001.7    2355.1   50000.0 ]
[24-10-31 15:03:22] 666    -11033.6 [    25328.5   15507.7   40001.7    2355.1   50000.0 ]
[24-10-31 15:03:22] 668    -11033.6 [    25328.5   15507.7   40001.7    2355.1   50000.0 ]
[24-10-31 15:03:22] 670    -11033.6 [    25328.5   15507.7   40001.7    2355.1   50000.0 ]
[24-10-31 15:03:23] 672    -11033.6 [    25328.5   15507.7   40001.7    2355.1   50000.0 ]
[24-10-31 15:03:23] 674    -11033.6 [    25328.5   15507.7   40001.7    2355.1   50000.0 ]
[24-10-31 15:03:23] 676    -11033.6 [    25328.5   15507.7   40001.7    2355.1   50000.0 ]
[24-10-31 15:03:23] 678    -11033.6 [    25328.5   15507.7   40001.7    2355.1   50000.0 ]
[24-10-31 15:03:24] 680    -11033.6 [    25328.5   15507.7   40001.7    2355.1   50000.0 ]
[24-10-31 15:03:24] 682    -11033.6 [    25328.5   15507.7   40001.7    2355.1   50000.0 ]
[24-10-31 15:03:24] 684    -11033.6 [    25328.5   15507.7   40001.7    2355.1   50000.0 ]
[24-10-31 15:03:24] 686    -11033.6 [    25328.5   15507.7   40001.7    2355.1   50000.0 ]
[24-10-31 15:03:25] 688    -11033.6 [    25328.5   15507.7   40001.7    2355.1   50000.0 ]
[24-10-31 15:03:25] 690    -11033.6 [    25328.5   15507.7   40001.7    2355.1   50000.0 ]
[24-10-31 15:03:25] 691    -11033.6 [    25328.5   15507.7   40001.7    2355.1   50000.0 ]
[24-10-31 15:03:25] 692    -11033.6 [    25328.5   15507.7   40001.7    2355.1   50000.0 ]
[24-10-31 15:03:26] 693    -11033.6 [    25328.5   15507.7   40001.7    2355.1   50000.0 ]
[24-10-31 15:03:26] 694    -11033.6 [    25328.5   15507.7   40001.7    2355.1   50000.0 ]
[24-10-31 15:03:26] 695    -11033.6 [    25328.5   15507.7   40001.7    2355.1   50000.0 ]
[24-10-31 15:03:26] 696    -11033.6 [    25328.5   15507.7   40001.7    2355.1   50000.0 ]
[24-10-31 15:03:27] 697    -11033.6 [    25328.5   15507.7   40001.7    2355.1   50000.0 ]
[24-10-31 15:03:27] 698    -11033.6 [    25328.5   15507.7   40001.7    2355.1   50000.0 ]
[24-10-31 15:03:27] 699    -11033.6 [    25328.5   15507.7   40001.7    2355.1   50000.0 ]
[24-10-31 15:03:27] 700    -11033.6 [    25328.5   15507.7   40001.7    2355.1   50000.0 ]
[24-10-31 15:03:28] 701    -11033.6 [    25328.5   15507.7   40001.7    2355.1   50000.0 ]
[24-10-31 15:03:28] 702   -11033.61 [    25328.5   15507.7   40001.7    2356.1   50000.0 ]
[24-10-31 15:03:28] 703    -11033.6 [    25328.5   15507.7   40001.7    2353.5   50000.0 ]
[24-10-31 15:03:28] 704    -11033.6 [    25328.5   15507.7   40001.7    2352.9   50000.0 ]
[24-10-31 15:03:29] 705    -11033.6 [    25328.5   15507.7   40001.7    2352.1   50000.0 ]
[24-10-31 15:03:29] 706    -11033.6 [    25328.5   15507.7   40001.7    2352.6   50000.0 ]
[24-10-31 15:03:29] 707    -11033.6 [    25328.5   15507.7   40001.7    2353.1   50000.0 ]
[24-10-31 15:03:29] 708    -11033.6 [    25328.5   15507.7   40001.7    2352.9   50000.0 ]
[24-10-31 15:03:30] 709    -11033.6 [    25328.5   15507.7   40001.7    2352.9   50000.0 ]
[24-10-31 15:03:30] 710    -11033.6 [    25328.5   15507.7   40001.7    2352.9   50000.0 ]
[24-10-31 15:03:30] 715   -11045.66 [    25151.8   15229.9   41881.6    2464.5   50000.0 ]
[24-10-31 15:03:30] 716   -11039.57 [    25240.1   15368.8   40941.7    2408.7   50000.0 ]
[24-10-31 15:03:31] 719   -11035.86 [    25294.7   15454.6   40360.7    2374.2   50000.0 ]
[24-10-31 15:03:31] 721   -11034.46 [    25315.6   15487.4   40138.8    2361.1   50000.0 ]
[24-10-31 15:03:31] 723   -11033.93 [    25323.6   15499.9   40054.1    2356.0   50000.0 ]
[24-10-31 15:03:31] 725   -11033.72 [    25326.6   15504.7   40021.7    2354.1   50000.0 ]
[24-10-31 15:03:32] 727   -11033.65 [    25327.8   15506.6   40009.4    2353.4   50000.0 ]
[24-10-31 15:03:32] 729   -11033.62 [    25328.2   15507.3   40004.6    2353.1   50000.0 ]
[24-10-31 15:03:32] 731   -11033.61 [    25328.4   15507.5   40002.8    2353.0   50000.0 ]
[24-10-31 15:03:32] 732   -11033.59 [    25328.6   15507.8   40000.7    2352.9   50000.0 ]
[24-10-31 15:03:33] 733   -11033.59 [    25328.6   15507.9   40000.0    2352.8   50000.0 ]
[24-10-31 15:03:33] 735   -11033.59 [    25328.6   15507.9   40000.3    2352.8   50000.0 ]
[24-10-31 15:03:33] 737   -11033.59 [    25328.6   15507.9   40000.1    2352.8   50000.0 ]
[24-10-31 15:03:33] 739   -11033.59 [    25328.6   15507.9   40000.0    2352.8   50000.0 ]
[24-10-31 15:03:34] 741   -11033.59 [    25328.6   15507.9   40000.0    2352.8   50000.0 ]
Optimization terminated successfully.
         Current function value: 11033.588463
         Iterations: 9
         Function evaluations: 741
[24-10-31 15:03:34] 741      fit p: [    25328.6   15507.9   40000.0    2352.8   50000.0 ]
method: Powell
objective_func: objective_H2
fopt: -11033.588462596932
max_iter: 100
num_iter: 9
func_calls: 741
flag: 0
u_fitted: False
u: 1.111e-08
