[24-10-31 14:55:28] fitting objective_H2 to data for demes ['French', 'KhomaniSan', 'Yoruba']
[24-10-31 14:55:28] 0        pnames [         NK       NFY       TFY        NF        NY ]
[24-10-31 14:55:28] 0            p0 [    15943.1   21755.8   67637.3    6559.1   16966.1 ]
[24-10-31 14:55:28] 1     -52226.83 [    15943.1   21755.8   67637.3    6559.1   16966.1 ]
[24-10-31 14:55:28] 2     -52226.83 [    15943.1   21755.8   67637.3    6559.1   16966.1 ]
[24-10-31 14:55:29] 3     -52226.76 [    15944.1   21755.8   67637.3    6559.1   16966.1 ]
[24-10-31 14:55:29] 4     -52226.65 [    15945.7   21755.8   67637.3    6559.1   16966.1 ]
[24-10-31 14:55:29] 5     -52214.82 [    16122.1   21755.8   67637.3    6559.1   16966.1 ]
[24-10-31 14:55:29] 6     -52022.21 [    20653.2   21755.8   67637.3    6559.1   16966.1 ]
[24-10-31 14:55:30] 7     -51925.97 [    27984.8   21755.8   67637.3    6559.1   16966.1 ]
[24-10-31 14:55:30] 8     -51931.85 [    26969.1   21755.8   67637.3    6559.1   16966.1 ]
[24-10-31 14:55:30] 9     -51920.14 [    39847.5   21755.8   67637.3    6559.1   16966.1 ]
[24-10-31 14:55:30] 10     -51913.5 [    34289.2   21755.8   67637.3    6559.1   16966.1 ]
[24-10-31 14:55:30] 11    -51914.59 [    31881.1   21755.8   67637.3    6559.1   16966.1 ]
[24-10-31 14:55:31] 12    -51914.88 [    36412.3   21755.8   67637.3    6559.1   16966.1 ]
[24-10-31 14:55:31] 13    -51913.46 [    34011.9   21755.8   67637.3    6559.1   16966.1 ]
[24-10-31 14:55:31] 14    -51913.46 [    33831.2   21755.8   67637.3    6559.1   16966.1 ]
[24-10-31 14:55:31] 15    -51913.47 [    33652.3   21755.8   67637.3    6559.1   16966.1 ]
[24-10-31 14:55:32] 16    -51913.46 [    33831.2   21755.8   67637.3    6559.1   16966.1 ]
[24-10-31 14:55:32] 17    -51913.59 [    33831.2   21756.8   67637.3    6559.1   16966.1 ]
[24-10-31 14:55:32] 18    -51913.24 [    33831.2   21754.2   67637.3    6559.1   16966.1 ]
[24-10-31 14:55:32] 19    -51912.89 [    33831.2   21751.5   67637.3    6559.1   16966.1 ]
[24-10-31 14:55:33] 20    -51912.32 [    33831.2   21747.3   67637.3    6559.1   16966.1 ]
[24-10-31 14:55:33] 21     -51911.4 [    33831.2   21740.5   67637.3    6559.1   16966.1 ]
[24-10-31 14:55:33] 22    -51909.91 [    33831.2   21729.4   67637.3    6559.1   16966.1 ]
[24-10-31 14:55:33] 23     -51907.5 [    33831.2   21711.4   67637.3    6559.1   16966.1 ]
[24-10-31 14:55:33] 24     -51903.6 [    33831.2   21682.4   67637.3    6559.1   16966.1 ]
[24-10-31 14:55:34] 25    -51897.27 [    33831.2   21635.4   67637.3    6559.1   16966.1 ]
[24-10-31 14:55:34] 26    -51887.02 [    33831.2   21559.4   67637.3    6559.1   16966.1 ]
[24-10-31 14:55:34] 27    -51870.38 [    33831.2   21436.4   67637.3    6559.1   16966.1 ]
[24-10-31 14:55:34] 28    -51843.33 [    33831.2   21237.4   67637.3    6559.1   16966.1 ]
[24-10-31 14:55:35] 29    -51799.21 [    33831.2   20915.4   67637.3    6559.1   16966.1 ]
[24-10-31 14:55:35] 30    -51726.98 [    33831.2   20394.4   67637.3    6559.1   16966.1 ]
[24-10-31 14:55:35] 31    -51608.09 [    33831.2   19551.4   67637.3    6559.1   16966.1 ]
[24-10-31 14:55:35] 32    -51411.84 [    33831.2   18187.4   67637.3    6559.1   16966.1 ]
[24-10-31 14:55:36] 33    -51094.25 [    33831.2   15980.4   67637.3    6559.1   16966.1 ]
[24-10-31 14:55:36] 34    -50684.61 [    33831.2   12409.4   67637.3    6559.1   16966.1 ]
[24-10-31 14:55:36] 35    -69425.95 [    33831.2    2839.6   67637.3    6559.1   16966.1 ]
[24-10-31 14:55:36] 36    -50991.83 [    33831.2    8754.0   67637.3    6559.1   16966.1 ]
[24-10-31 14:55:36] 37     -50643.7 [    33831.2   11013.2   67637.3    6559.1   16966.1 ]
[24-10-31 14:55:37] 38    -50642.84 [    33831.2   11419.3   67637.3    6559.1   16966.1 ]
[24-10-31 14:55:37] 39    -50641.69 [    33831.2   11249.6   67637.3    6559.1   16966.1 ]
[24-10-31 14:55:37] 40    -50642.04 [    33831.2   11144.6   67637.3    6559.1   16966.1 ]
[24-10-31 14:55:37] 41    -50641.69 [    33831.2   11249.6   67637.3    6559.1   16966.1 ]
[24-10-31 14:55:38] 42    -50641.73 [    33831.2   11249.6   67638.3    6559.1   16966.1 ]
[24-10-31 14:55:38] 43    -50641.64 [    33831.2   11249.6   67635.7    6559.1   16966.1 ]
[24-10-31 14:55:38] 44    -50635.51 [    33831.2   11249.6   67459.4    6559.1   16966.1 ]
[24-10-31 14:55:38] 45    -50100.47 [    33831.2   11249.6   48235.5    6559.1   16966.1 ]
[24-10-31 14:55:39] 48     -50274.3 [    33831.2   11249.6   55578.4    6559.1   16966.1 ]
[24-10-31 14:55:39] 49    -50182.75 [    33831.2   11249.6   51906.9    6559.1   16966.1 ]
[24-10-31 14:55:39] 50    -50015.37 [    33831.2   11249.6   43917.7    6559.1   16966.1 ]
[24-10-31 14:55:39] 51     -49969.0 [    33831.2   11249.6   41249.2    6559.1   16966.1 ]
[24-10-31 14:55:39] 53    -49986.15 [    33831.2   11249.6   42268.5    6559.1   16966.1 ]
[24-10-31 14:55:40] 54    -49958.73 [    33831.2   11249.6   40619.2    6559.1   16966.1 ]
[24-10-31 14:55:40] 55    -49952.52 [    33831.2   11249.6   40229.9    6559.1   16966.1 ]
[24-10-31 14:55:40] 57    -49952.52 [    33831.2   11249.6   40229.9    6559.1   16966.1 ]
[24-10-31 14:55:40] 58    -49952.52 [    33831.2   11249.6   40229.9    6560.1   16966.1 ]
[24-10-31 14:55:41] 59    -49952.52 [    33831.2   11249.6   40229.9    6561.7   16966.1 ]
[24-10-31 14:55:41] 60    -49952.51 [    33831.2   11249.6   40229.9    6602.8   16966.1 ]
[24-10-31 14:55:41] 61    -49952.54 [    33831.2   11249.6   40229.9    6669.3   16966.1 ]
[24-10-31 14:55:41] 62    -49952.51 [    33831.2   11249.6   40229.9    6628.2   16966.1 ]
[24-10-31 14:55:42] 63    -49952.51 [    33831.2   11249.6   40229.9    6587.1   16966.1 ]
[24-10-31 14:55:42] 64    -49952.51 [    33831.2   11249.6   40229.9    6603.6   16966.1 ]
[24-10-31 14:55:42] 65    -49952.51 [    33831.2   11249.6   40229.9    6604.1   16966.1 ]
[24-10-31 14:55:42] 66    -49952.51 [    33831.2   11249.6   40229.9    6603.6   16966.1 ]
[24-10-31 14:55:43] 67    -49952.43 [    33831.2   11249.6   40229.9    6603.6   16967.1 ]
[24-10-31 14:55:43] 68    -49952.31 [    33831.2   11249.6   40229.9    6603.6   16968.7 ]
[24-10-31 14:55:43] 69    -49939.12 [    33831.2   11249.6   40229.9    6603.6   17145.1 ]
[24-10-31 14:55:43] 70    -49552.95 [    33831.2   11249.6   40229.9    6603.6   24928.3 ]
[24-10-31 14:55:43] 71    -49280.65 [    33831.2   11249.6   40229.9    6603.6   37521.8 ]
[24-10-31 14:55:44] 72    -49259.47 [    33831.2   11249.6   40229.9    6603.6   39094.4 ]
[24-10-31 14:55:44] 73    -49228.74 [    33831.2   11249.6   40229.9    6603.6   41638.9 ]
[24-10-31 14:55:44] 75    -49166.57 [    33831.2   11249.6   40229.9    6603.6   48009.9 ]
[24-10-31 14:55:44] 77    -49195.36 [    33831.2   11249.6   40229.9    6603.6   44824.4 ]
[24-10-31 14:55:45] 78    -49154.32 [    33831.2   11249.6   40229.9    6603.6   49513.9 ]
[24-10-31 14:55:45] 80    -49158.91 [    33831.2   11249.6   40229.9    6603.6   48939.4 ]
[24-10-31 14:55:45] 81    -49151.53 [    33831.2   11249.6   40229.9    6603.6   49868.9 ]
[24-10-31 14:55:45] 83    -49151.53 [    33831.2   11249.6   40229.9    6603.6   49868.9 ]
[24-10-31 14:55:46] 84    -49151.55 [    33832.2   11249.6   40229.9    6603.6   49868.9 ]
[24-10-31 14:55:46] 85    -49151.51 [    33829.6   11249.6   40229.9    6603.6   49868.9 ]
[24-10-31 14:55:46] 86    -49151.48 [    33826.9   11249.6   40229.9    6603.6   49868.9 ]
[24-10-31 14:55:46] 87    -49151.43 [    33822.7   11249.6   40229.9    6603.6   49868.9 ]
[24-10-31 14:55:46] 88    -49151.34 [    33815.8   11249.6   40229.9    6603.6   49868.9 ]
[24-10-31 14:55:47] 89    -49151.21 [    33804.8   11249.6   40229.9    6603.6   49868.9 ]
[24-10-31 14:55:47] 90    -49150.99 [    33786.8   11249.6   40229.9    6603.6   49868.9 ]
[24-10-31 14:55:47] 91    -49150.63 [    33757.8   11249.6   40229.9    6603.6   49868.9 ]
[24-10-31 14:55:47] 92    -49150.05 [    33710.8   11249.6   40229.9    6603.6   49868.9 ]
[24-10-31 14:55:48] 93    -49149.11 [    33634.8   11249.6   40229.9    6603.6   49868.9 ]
[24-10-31 14:55:48] 94     -49147.6 [    33511.8   11249.6   40229.9    6603.6   49868.9 ]
[24-10-31 14:55:48] 95    -49145.13 [    33312.8   11249.6   40229.9    6603.6   49868.9 ]
[24-10-31 14:55:48] 96    -49141.14 [    32990.8   11249.6   40229.9    6603.6   49868.9 ]
[24-10-31 14:55:49] 97    -49134.65 [    32469.8   11249.6   40229.9    6603.6   49868.9 ]
[24-10-31 14:55:49] 98    -49124.08 [    31626.8   11249.6   40229.9    6603.6   49868.9 ]
[24-10-31 14:55:49] 99    -49106.89 [    30262.8   11249.6   40229.9    6603.6   49868.9 ]
[24-10-31 14:55:49] 100   -49079.23 [    28055.8   11249.6   40229.9    6603.6   49868.9 ]
[24-10-31 14:55:49] 104   -49074.38 [    14649.7   11249.6   40229.9    6603.6   49868.9 ]
[24-10-31 14:55:50] 105   -49010.83 [    21352.7   11249.6   40229.9    6603.6   49868.9 ]
[24-10-31 14:55:50] 106   -49010.12 [    21228.0   11249.6   40229.9    6603.6   49868.9 ]
[24-10-31 14:55:50] 107   -49005.36 [    20052.8   11249.6   40229.9    6603.6   49868.9 ]
[24-10-31 14:55:50] 108   -49008.85 [    17989.0   11249.6   40229.9    6603.6   49868.9 ]
[24-10-31 14:55:51] 109   -49004.58 [    19498.0   11249.6   40229.9    6603.6   49868.9 ]
[24-10-31 14:55:51] 110   -49004.56 [    19354.7   11249.6   40229.9    6603.6   49868.9 ]
[24-10-31 14:55:51] 111   -49004.62 [    19209.9   11249.6   40229.9    6603.6   49868.9 ]
[24-10-31 14:55:51] 112   -49004.56 [    19354.7   11249.6   40229.9    6603.6   49868.9 ]
[24-10-31 14:55:52] 113   -49004.49 [    19354.7   11250.6   40229.9    6603.6   49868.9 ]
[24-10-31 14:55:52] 114   -49004.36 [    19354.7   11252.2   40229.9    6603.6   49868.9 ]
[24-10-31 14:55:52] 115   -48992.55 [    19354.7   11428.6   40229.9    6603.6   49868.9 ]
[24-10-31 14:55:52] 116   -48977.64 [    19354.7   11901.9   40229.9    6603.6   49868.9 ]
[24-10-31 14:55:52] 117   -48996.27 [    19354.7   12667.7   40229.9    6603.6   49868.9 ]
[24-10-31 14:55:53] 118   -48979.16 [    19354.7   12194.4   40229.9    6603.6   49868.9 ]
[24-10-31 14:55:53] 119   -48980.63 [    19354.7   11721.1   40229.9    6603.6   49868.9 ]
[24-10-31 14:55:53] 120    -48977.3 [    19354.7   11991.5   40229.9    6603.6   49868.9 ]
[24-10-31 14:55:53] 121    -48977.3 [    19354.7   11984.1   40229.9    6603.6   49868.9 ]
[24-10-31 14:55:54] 122   -48977.31 [    19354.7   11998.9   40229.9    6603.6   49868.9 ]
[24-10-31 14:55:54] 123    -48977.3 [    19354.7   11991.5   40229.9    6603.6   49868.9 ]
[24-10-31 14:55:54] 124   -48977.31 [    19354.7   11991.5   40230.9    6603.6   49868.9 ]
[24-10-31 14:55:54] 125   -48977.29 [    19354.7   11991.5   40228.3    6603.6   49868.9 ]
[24-10-31 14:55:55] 126   -48976.16 [    19354.7   11991.5   40051.9    6603.6   49868.9 ]
[24-10-31 14:55:55] 133   -48976.59 [    19354.7   11991.5   40119.3    6603.6   49868.9 ]
[24-10-31 14:55:55] 134   -48976.37 [    19354.7   11991.5   40085.6    6603.6   49868.9 ]
[24-10-31 14:55:55] 135   -48975.98 [    19354.7   11991.5   40023.5    6603.6   49868.9 ]
[24-10-31 14:55:55] 136   -48975.86 [    19354.7   11991.5   40006.0    6603.6   49868.9 ]
[24-10-31 14:55:56] 138   -48975.91 [    19354.7   11991.5   40012.7    6603.6   49868.9 ]
[24-10-31 14:55:56] 139   -48975.84 [    19354.7   11991.5   40001.9    6603.6   49868.9 ]
[24-10-31 14:55:56] 141   -48975.84 [    19354.7   11991.5   40001.9    6603.6   49868.9 ]
[24-10-31 14:55:56] 142   -48975.84 [    19354.7   11991.5   40001.9    6604.6   49868.9 ]
[24-10-31 14:55:57] 143   -48975.84 [    19354.7   11991.5   40001.9    6606.3   49868.9 ]
[24-10-31 14:55:57] 144   -48975.83 [    19354.7   11991.5   40001.9    6634.1   49868.9 ]
[24-10-31 14:55:57] 145   -48975.85 [    19354.7   11991.5   40001.9    6679.3   49868.9 ]
[24-10-31 14:55:57] 146   -48975.83 [    19354.7   11991.5   40001.9    6651.4   49868.9 ]
[24-10-31 14:55:58] 147   -48975.83 [    19354.7   11991.5   40001.9    6623.5   49868.9 ]
[24-10-31 14:55:58] 148   -48975.83 [    19354.7   11991.5   40001.9    6634.5   49868.9 ]
[24-10-31 14:55:58] 149   -48975.83 [    19354.7   11991.5   40001.9    6634.8   49868.9 ]
[24-10-31 14:55:58] 150   -48975.83 [    19354.7   11991.5   40001.9    6634.5   49868.9 ]
[24-10-31 14:55:58] 151   -48975.82 [    19354.7   11991.5   40001.9    6634.5   49869.9 ]
[24-10-31 14:55:59] 152   -48975.81 [    19354.7   11991.5   40001.9    6634.5   49871.6 ]
[24-10-31 14:55:59] 154   -48975.38 [    19354.7   11991.5   40001.9    6634.5   49938.9 ]
[24-10-31 14:55:59] 155   -48975.12 [    19354.7   11991.5   40001.9    6634.5   49980.6 ]
[24-10-31 14:55:59] 157   -48975.22 [    19354.7   11991.5   40001.9    6634.5   49964.7 ]
[24-10-31 14:56:00] 158   -48975.06 [    19354.7   11991.5   40001.9    6634.5   49990.4 ]
[24-10-31 14:56:00] 159   -48975.02 [    19354.7   11991.5   40001.9    6634.5   49996.5 ]
[24-10-31 14:56:00] 161   -48975.04 [    19354.7   11991.5   40001.9    6634.5   49994.1 ]
[24-10-31 14:56:00] 162   -48975.01 [    19354.7   11991.5   40001.9    6634.5   49997.9 ]
[24-10-31 14:56:01] 164   -48975.01 [    19354.7   11991.5   40001.9    6634.5   49997.9 ]
[24-10-31 14:56:01] 165   -48975.01 [    19355.7   11991.5   40001.9    6634.5   49997.9 ]
[24-10-31 14:56:01] 166    -48975.0 [    19357.3   11991.5   40001.9    6634.5   49997.9 ]
[24-10-31 14:56:01] 167   -48973.99 [    19533.7   11991.5   40001.9    6634.5   49997.9 ]
[24-10-31 14:56:01] 168   -48970.32 [    20757.9   11991.5   40001.9    6634.5   49997.9 ]
[24-10-31 14:56:02] 169   -48973.75 [    22738.8   11991.5   40001.9    6634.5   49997.9 ]
[24-10-31 14:56:02] 170   -48970.48 [    21514.5   11991.5   40001.9    6634.5   49997.9 ]
[24-10-31 14:56:02] 171   -48971.09 [    20290.3   11991.5   40001.9    6634.5   49997.9 ]
[24-10-31 14:56:02] 172   -48970.19 [    21065.4   11991.5   40001.9    6634.5   49997.9 ]
[24-10-31 14:56:03] 173   -48970.19 [    21048.3   11991.5   40001.9    6634.5   49997.9 ]
[24-10-31 14:56:03] 174   -48970.19 [    21031.3   11991.5   40001.9    6634.5   49997.9 ]
[24-10-31 14:56:03] 175   -48970.19 [    21048.3   11991.5   40001.9    6634.5   49997.9 ]
[24-10-31 14:56:03] 176   -48970.18 [    21048.3   11992.5   40001.9    6634.5   49997.9 ]
[24-10-31 14:56:04] 177   -48970.16 [    21048.3   11994.1   40001.9    6634.5   49997.9 ]
[24-10-31 14:56:04] 178    -48969.3 [    21048.3   12129.8   40001.9    6634.5   49997.9 ]
[24-10-31 14:56:04] 179   -48971.25 [    21048.3   12349.4   40001.9    6634.5   49997.9 ]
[24-10-31 14:56:04] 180   -48969.57 [    21048.3   12213.7   40001.9    6634.5   49997.9 ]
[24-10-31 14:56:04] 181   -48969.43 [    21048.3   12078.0   40001.9    6634.5   49997.9 ]
[24-10-31 14:56:05] 182    -48969.3 [    21048.3   12134.1   40001.9    6634.5   49997.9 ]
[24-10-31 14:56:05] 183    -48969.3 [    21048.3   12132.7   40001.9    6634.5   49997.9 ]
[24-10-31 14:56:05] 184    -48969.3 [    21048.3   12135.6   40001.9    6634.5   49997.9 ]
[24-10-31 14:56:05] 185    -48969.3 [    21048.3   12134.1   40001.9    6634.5   49997.9 ]
[24-10-31 14:56:06] 186    -48969.3 [    21048.3   12134.1   40002.9    6634.5   49997.9 ]
[24-10-31 14:56:06] 187   -48969.29 [    21048.3   12134.1   40000.2    6634.5   49997.9 ]
[24-10-31 14:56:06] 194   -48969.29 [    21048.3   12134.1   40000.9    6634.5   49997.9 ]
[24-10-31 14:56:06] 195   -48969.29 [    21048.3   12134.1   40000.6    6634.5   49997.9 ]
[24-10-31 14:56:07] 197   -48969.29 [    21048.3   12134.1   40000.0    6634.5   49997.9 ]
[24-10-31 14:56:07] 199   -48969.29 [    21048.3   12134.1   40000.1    6634.5   49997.9 ]
[24-10-31 14:56:07] 201   -48969.29 [    21048.3   12134.1   40000.1    6634.5   49997.9 ]
[24-10-31 14:56:07] 202   -48969.28 [    21048.3   12134.1   40000.0    6634.5   49997.9 ]
[24-10-31 14:56:08] 203   -48969.28 [    21048.3   12134.1   40000.0    6634.5   49997.9 ]
[24-10-31 14:56:08] 204   -48969.29 [    21048.3   12134.1   40000.0    6635.5   49997.9 ]
[24-10-31 14:56:08] 205   -48969.28 [    21048.3   12134.1   40000.0    6632.9   49997.9 ]
[24-10-31 14:56:08] 206   -48969.11 [    21048.3   12134.1   40000.0    6484.9   49997.9 ]
[24-10-31 14:56:08] 207   -48969.72 [    21048.3   12134.1   40000.0    6245.5   49997.9 ]
[24-10-31 14:56:09] 208    -48969.2 [    21048.3   12134.1   40000.0    6393.5   49997.9 ]
[24-10-31 14:56:09] 209   -48969.13 [    21048.3   12134.1   40000.0    6541.5   49997.9 ]
[24-10-31 14:56:09] 210   -48969.11 [    21048.3   12134.1   40000.0    6494.3   49997.9 ]
[24-10-31 14:56:09] 211   -48969.11 [    21048.3   12134.1   40000.0    6492.9   49997.9 ]
[24-10-31 14:56:10] 212   -48969.11 [    21048.3   12134.1   40000.0    6495.7   49997.9 ]
[24-10-31 14:56:10] 213   -48969.11 [    21048.3   12134.1   40000.0    6494.3   49997.9 ]
[24-10-31 14:56:10] 214    -48969.1 [    21048.3   12134.1   40000.0    6494.3   49998.9 ]
[24-10-31 14:56:10] 216    -48969.1 [    21048.3   12134.1   40000.0    6494.3   49999.5 ]
[24-10-31 14:56:11] 217    -48969.1 [    21048.3   12134.1   40000.0    6494.3   49999.9 ]
[24-10-31 14:56:11] 219    -48969.1 [    21048.3   12134.1   40000.0    6494.3   49999.8 ]
[24-10-31 14:56:11] 220    -48969.1 [    21048.3   12134.1   40000.0    6494.3   50000.0 ]
[24-10-31 14:56:11] 222    -48969.1 [    21048.3   12134.1   40000.0    6494.3   50000.0 ]
[24-10-31 14:56:11] 225    -48969.1 [    21048.3   12134.1   40000.0    6494.3   50000.0 ]
[24-10-31 14:56:12] 226    -48969.1 [    21049.3   12134.1   40000.0    6494.3   50000.0 ]
[24-10-31 14:56:12] 227   -48969.09 [    21050.9   12134.1   40000.0    6494.3   50000.0 ]
[24-10-31 14:56:12] 228   -48968.97 [    21227.3   12134.1   40000.0    6494.3   50000.0 ]
[24-10-31 14:56:12] 229   -48968.93 [    21388.9   12134.1   40000.0    6494.3   50000.0 ]
[24-10-31 14:56:13] 230   -48969.01 [    21650.4   12134.1   40000.0    6494.3   50000.0 ]
[24-10-31 14:56:13] 231   -48968.94 [    21488.8   12134.1   40000.0    6494.3   50000.0 ]
[24-10-31 14:56:13] 232   -48968.93 [    21327.2   12134.1   40000.0    6494.3   50000.0 ]
[24-10-31 14:56:13] 233   -48968.93 [    21398.9   12134.1   40000.0    6494.3   50000.0 ]
[24-10-31 14:56:14] 234   -48968.93 [    21395.4   12134.1   40000.0    6494.3   50000.0 ]
[24-10-31 14:56:14] 235   -48968.93 [    21402.4   12134.1   40000.0    6494.3   50000.0 ]
[24-10-31 14:56:14] 236   -48968.93 [    21398.9   12134.1   40000.0    6494.3   50000.0 ]
[24-10-31 14:56:14] 237   -48968.92 [    21398.9   12135.1   40000.0    6494.3   50000.0 ]
[24-10-31 14:56:15] 238   -48968.91 [    21398.9   12136.8   40000.0    6494.3   50000.0 ]
[24-10-31 14:56:15] 239   -48968.81 [    21398.9   12184.6   40000.0    6494.3   50000.0 ]
[24-10-31 14:56:15] 240   -48969.06 [    21398.9   12261.9   40000.0    6494.3   50000.0 ]
[24-10-31 14:56:15] 241   -48968.85 [    21398.9   12214.1   40000.0    6494.3   50000.0 ]
[24-10-31 14:56:15] 242   -48968.83 [    21398.9   12166.3   40000.0    6494.3   50000.0 ]
[24-10-31 14:56:16] 243   -48968.81 [    21398.9   12185.1   40000.0    6494.3   50000.0 ]
[24-10-31 14:56:16] 244   -48968.81 [    21398.9   12185.6   40000.0    6494.3   50000.0 ]
[24-10-31 14:56:16] 245   -48968.81 [    21398.9   12185.1   40000.0    6494.3   50000.0 ]
[24-10-31 14:56:16] 246   -48968.82 [    21398.9   12185.1   40001.0    6494.3   50000.0 ]
[24-10-31 14:56:17] 249   -48968.82 [    21398.9   12185.1   40000.4    6494.3   50000.0 ]
[24-10-31 14:56:17] 250   -48968.81 [    21398.9   12185.1   40000.2    6494.3   50000.0 ]
[24-10-31 14:56:17] 253   -48968.81 [    21398.9   12185.1   40000.1    6494.3   50000.0 ]
[24-10-31 14:56:17] 255   -48968.81 [    21398.9   12185.1   40000.0    6494.3   50000.0 ]
[24-10-31 14:56:18] 256   -48968.81 [    21398.9   12185.1   40000.0    6494.3   50000.0 ]
[24-10-31 14:56:18] 258   -48968.81 [    21398.9   12185.1   40000.0    6494.3   50000.0 ]
[24-10-31 14:56:18] 260   -48968.81 [    21398.9   12185.1   40000.0    6494.3   50000.0 ]
[24-10-31 14:56:18] 261   -48968.81 [    21398.9   12185.1   40000.0    6494.3   50000.0 ]
[24-10-31 14:56:18] 263   -48968.81 [    21398.9   12185.1   40000.0    6494.3   50000.0 ]
[24-10-31 14:56:19] 265   -48968.81 [    21398.9   12185.1   40000.0    6494.3   50000.0 ]
[24-10-31 14:56:19] 266   -48968.81 [    21398.9   12185.1   40000.0    6494.3   50000.0 ]
[24-10-31 14:56:19] 267   -48968.81 [    21398.9   12185.1   40000.0    6495.3   50000.0 ]
[24-10-31 14:56:19] 268   -48968.81 [    21398.9   12185.1   40000.0    6492.7   50000.0 ]
[24-10-31 14:56:20] 269   -48968.79 [    21398.9   12185.1   40000.0    6447.1   50000.0 ]
[24-10-31 14:56:20] 270   -48968.85 [    21398.9   12185.1   40000.0    6373.5   50000.0 ]
[24-10-31 14:56:20] 271    -48968.8 [    21398.9   12185.1   40000.0    6419.0   50000.0 ]
[24-10-31 14:56:20] 272    -48968.8 [    21398.9   12185.1   40000.0    6464.5   50000.0 ]
[24-10-31 14:56:21] 273   -48968.79 [    21398.9   12185.1   40000.0    6448.1   50000.0 ]
[24-10-31 14:56:21] 274   -48968.79 [    21398.9   12185.1   40000.0    6448.6   50000.0 ]
[24-10-31 14:56:21] 275   -48968.79 [    21398.9   12185.1   40000.0    6447.6   50000.0 ]
[24-10-31 14:56:21] 276   -48968.79 [    21398.9   12185.1   40000.0    6448.1   50000.0 ]
[24-10-31 14:56:21] 278    -48968.8 [    21398.9   12185.1   40000.0    6448.1   49998.4 ]
[24-10-31 14:56:22] 279    -48968.8 [    21398.9   12185.1   40000.0    6448.1   49999.4 ]
[24-10-31 14:56:22] 281    -48968.8 [    21398.9   12185.1   40000.0    6448.1   49999.7 ]
[24-10-31 14:56:22] 283   -48968.79 [    21398.9   12185.1   40000.0    6448.1   49999.9 ]
[24-10-31 14:56:22] 285   -48968.79 [    21398.9   12185.1   40000.0    6448.1   49999.9 ]
[24-10-31 14:56:23] 287   -48968.79 [    21398.9   12185.1   40000.0    6448.1   50000.0 ]
[24-10-31 14:56:23] 288   -48968.79 [    21398.9   12185.1   40000.0    6448.1   50000.0 ]
[24-10-31 14:56:23] 290   -48968.79 [    21398.9   12185.1   40000.0    6448.1   50000.0 ]
[24-10-31 14:56:23] 291   -48968.79 [    21398.9   12185.1   40000.0    6448.1   50000.0 ]
[24-10-31 14:56:24] 293   -48968.79 [    21398.9   12185.1   40000.0    6448.1   50000.0 ]
[24-10-31 14:56:24] 294   -48968.79 [    21398.9   12185.1   40000.0    6448.1   50000.0 ]
[24-10-31 14:56:24] 296   -48968.79 [    21398.9   12185.1   40000.0    6448.1   50000.0 ]
[24-10-31 14:56:24] 297   -48968.79 [    21398.9   12185.1   40000.0    6448.1   50000.0 ]
Optimization terminated successfully.
         Current function value: 48968.793487
         Iterations: 4
         Function evaluations: 297
[24-10-31 14:56:24] 297      fit p: [    21398.9   12185.1   40000.0    6448.1   50000.0 ]
method: Powell
objective_func: objective_H2
fopt: -48968.793487035706
max_iter: 100
num_iter: 4
func_calls: 297
flag: 0
u_fitted: False
u: 1.111e-08
