[24-10-31 15:16:46] fitting objective_H2 to data for demes ['French', 'KhomaniSan', 'Yoruba']
[24-10-31 15:16:46] 0        pnames [         NK       NFY       TFY        NF        NY ]
[24-10-31 15:16:46] 0            p0 [    16906.9   16723.0   77786.3    4502.2   27930.1 ]
[24-10-31 15:16:46] 1     -51431.07 [    16906.9   16723.0   77786.3    4502.2   27930.1 ]
[24-10-31 15:16:46] 2     -51431.07 [    16906.9   16723.0   77786.3    4502.2   27930.1 ]
[24-10-31 15:16:46] 3      -51431.0 [    16907.9   16723.0   77786.3    4502.2   27930.1 ]
[24-10-31 15:16:47] 4      -51430.9 [    16909.5   16723.0   77786.3    4502.2   27930.1 ]
[24-10-31 15:16:47] 5     -51420.22 [    17085.9   16723.0   77786.3    4502.2   27930.1 ]
[24-10-31 15:16:47] 6     -51232.41 [    21960.2   16723.0   77786.3    4502.2   27930.1 ]
[24-10-31 15:16:47] 7     -51136.09 [    29847.0   16723.0   77786.3    4502.2   27930.1 ]
[24-10-31 15:16:48] 8      -51141.6 [    28864.8   16723.0   77786.3    4502.2   27930.1 ]
[24-10-31 15:16:48] 9     -51124.12 [    42608.0   16723.0   77786.3    4502.2   27930.1 ]
[24-10-31 15:16:48] 10    -51120.55 [    37087.0   16723.0   77786.3    4502.2   27930.1 ]
[24-10-31 15:16:48] 11     -51122.6 [    34321.5   16723.0   77786.3    4502.2   27930.1 ]
[24-10-31 15:16:48] 12    -51120.99 [    39195.8   16723.0   77786.3    4502.2   27930.1 ]
[24-10-31 15:16:49] 13    -51120.53 [    37608.4   16723.0   77786.3    4502.2   27930.1 ]
[24-10-31 15:16:49] 14    -51120.53 [    37401.4   16723.0   77786.3    4502.2   27930.1 ]
[24-10-31 15:16:49] 15    -51120.53 [    37401.4   16723.0   77786.3    4502.2   27930.1 ]
[24-10-31 15:16:49] 16    -51120.65 [    37401.4   16724.0   77786.3    4502.2   27930.1 ]
[24-10-31 15:16:50] 17    -51120.32 [    37401.4   16721.3   77786.3    4502.2   27930.1 ]
[24-10-31 15:16:50] 18    -51097.98 [    37401.4   16545.0   77786.3    4502.2   27930.1 ]
[24-10-31 15:16:50] 20     -50736.0 [    37401.4    9202.1   77786.3    4502.2   27930.1 ]
[24-10-31 15:16:50] 21    -55838.78 [    37401.4    4664.0   77786.3    4502.2   27930.1 ]
[24-10-31 15:16:51] 22    -50663.02 [    37401.4   12624.0   77786.3    4502.2   27930.1 ]
[24-10-31 15:16:51] 23    -50599.93 [    37401.4   11505.1   77786.3    4502.2   27930.1 ]
[24-10-31 15:16:51] 24    -50593.36 [    37401.4   11229.1   77786.3    4502.2   27930.1 ]
[24-10-31 15:16:51] 25    -50591.88 [    37401.4   10856.8   77786.3    4502.2   27930.1 ]
[24-10-31 15:16:52] 26    -50591.35 [    37401.4   10978.1   77786.3    4502.2   27930.1 ]
[24-10-31 15:16:52] 27    -50591.45 [    37401.4   11035.6   77786.3    4502.2   27930.1 ]
[24-10-31 15:16:52] 28    -50591.48 [    37401.4   10920.7   77786.3    4502.2   27930.1 ]
[24-10-31 15:16:53] 29    -50591.35 [    37401.4   10978.1   77786.3    4502.2   27930.1 ]
[24-10-31 15:16:53] 30    -50591.39 [    37401.4   10978.1   77787.3    4502.2   27930.1 ]
[24-10-31 15:16:54] 31    -50591.29 [    37401.4   10978.1   77784.6    4502.2   27930.1 ]
[24-10-31 15:16:54] 32    -50584.04 [    37401.4   10978.1   77608.3    4502.2   27930.1 ]
[24-10-31 15:16:55] 33     -49959.7 [    37401.4   10978.1   58384.4    4502.2   27930.1 ]
[24-10-31 15:16:55] 35    -49758.83 [    37401.4   10978.1   48044.3    4502.2   27930.1 ]
[24-10-31 15:16:56] 36    -49681.71 [    37401.4   10978.1   41653.8    4502.2   27930.1 ]
[24-10-31 15:16:56] 38    -49706.94 [    37401.4   10978.1   44094.8    4502.2   27930.1 ]
[24-10-31 15:16:56] 39    -49668.73 [    37401.4   10978.1   40145.2    4502.2   27930.1 ]
[24-10-31 15:16:57] 41    -49673.45 [    37401.4   10978.1   40721.4    4502.2   27930.1 ]
[24-10-31 15:16:57] 43    -49668.73 [    37401.4   10978.1   40145.2    4502.2   27930.1 ]
[24-10-31 15:16:58] 44    -49668.61 [    37401.4   10978.1   40145.2    4503.2   27930.1 ]
[24-10-31 15:16:58] 45    -49668.42 [    37401.4   10978.1   40145.2    4504.8   27930.1 ]
[24-10-31 15:16:59] 46    -49649.35 [    37401.4   10978.1   40145.2    4681.1   27930.1 ]
[24-10-31 15:16:59] 47    -49587.85 [    37401.4   10978.1   40145.2    5624.9   27930.1 ]
[24-10-31 15:17:00] 48    -49561.97 [    37401.4   10978.1   40145.2    7151.9   27930.1 ]
[24-10-31 15:17:00] 49     -49563.4 [    37401.4   10978.1   40145.2    6822.6   27930.1 ]
[24-10-31 15:17:01] 50    -49579.42 [    37401.4   10978.1   40145.2    9622.6   27930.1 ]
[24-10-31 15:17:01] 51    -49564.54 [    37401.4   10978.1   40145.2    8095.6   27930.1 ]
[24-10-31 15:17:02] 52    -49565.69 [    37401.4   10978.1   40145.2    6568.6   27930.1 ]
[24-10-31 15:17:02] 53    -49561.83 [    37401.4   10978.1   40145.2    7395.2   27930.1 ]
[24-10-31 15:17:02] 54     -49561.8 [    37401.4   10978.1   40145.2    7337.3   27930.1 ]
[24-10-31 15:17:03] 55     -49561.8 [    37401.4   10978.1   40145.2    7308.9   27930.1 ]
[24-10-31 15:17:03] 56    -49561.81 [    37401.4   10978.1   40145.2    7365.6   27930.1 ]
[24-10-31 15:17:04] 57     -49561.8 [    37401.4   10978.1   40145.2    7337.3   27930.1 ]
[24-10-31 15:17:04] 58    -49561.77 [    37401.4   10978.1   40145.2    7337.3   27931.1 ]
[24-10-31 15:17:05] 59    -49561.73 [    37401.4   10978.1   40145.2    7337.3   27932.7 ]
[24-10-31 15:17:05] 60     -49557.0 [    37401.4   10978.1   40145.2    7337.3   28109.1 ]
[24-10-31 15:17:06] 61    -49322.11 [    37401.4   10978.1   40145.2    7337.3   41296.6 ]
[24-10-31 15:17:06] 63    -49241.53 [    37401.4   10978.1   40145.2    7337.3   49446.9 ]
[24-10-31 15:17:07] 65    -49278.07 [    37401.4   10978.1   40145.2    7337.3   45371.7 ]
[24-10-31 15:17:07] 67    -49254.73 [    37401.4   10978.1   40145.2    7337.3   47890.3 ]
[24-10-31 15:17:08] 69    -49246.47 [    37401.4   10978.1   40145.2    7337.3   48852.3 ]
[24-10-31 15:17:08] 70    -49239.24 [    37401.4   10978.1   40145.2    7337.3   49727.6 ]
[24-10-31 15:17:08] 71    -49237.48 [    37401.4   10978.1   40145.2    7337.3   49945.6 ]
[24-10-31 15:17:09] 73    -49237.48 [    37401.4   10978.1   40145.2    7337.3   49945.6 ]
[24-10-31 15:17:09] 74    -49237.49 [    37402.4   10978.1   40145.2    7337.3   49945.6 ]
[24-10-31 15:17:10] 75    -49237.46 [    37399.8   10978.1   40145.2    7337.3   49945.6 ]
[24-10-31 15:17:10] 76    -49237.43 [    37397.2   10978.1   40145.2    7337.3   49945.6 ]
[24-10-31 15:17:11] 77    -49237.38 [    37392.9   10978.1   40145.2    7337.3   49945.6 ]
[24-10-31 15:17:11] 78    -49237.29 [    37386.1   10978.1   40145.2    7337.3   49945.6 ]
[24-10-31 15:17:12] 79    -49237.15 [    37375.0   10978.1   40145.2    7337.3   49945.6 ]
[24-10-31 15:17:12] 80    -49236.93 [    37357.0   10978.1   40145.2    7337.3   49945.6 ]
[24-10-31 15:17:13] 81    -49236.57 [    37328.0   10978.1   40145.2    7337.3   49945.6 ]
[24-10-31 15:17:13] 82    -49235.99 [    37281.0   10978.1   40145.2    7337.3   49945.6 ]
[24-10-31 15:17:14] 83    -49235.04 [    37205.0   10978.1   40145.2    7337.3   49945.6 ]
[24-10-31 15:17:14] 84    -49233.51 [    37082.0   10978.1   40145.2    7337.3   49945.6 ]
[24-10-31 15:17:14] 85    -49231.03 [    36883.0   10978.1   40145.2    7337.3   49945.6 ]
[24-10-31 15:17:15] 86    -49226.99 [    36561.0   10978.1   40145.2    7337.3   49945.6 ]
[24-10-31 15:17:15] 87    -49220.39 [    36040.0   10978.1   40145.2    7337.3   49945.6 ]
[24-10-31 15:17:16] 88    -49209.57 [    35197.0   10978.1   40145.2    7337.3   49945.6 ]
[24-10-31 15:17:16] 89    -49191.71 [    33833.0   10978.1   40145.2    7337.3   49945.6 ]
[24-10-31 15:17:17] 90    -49162.02 [    31626.0   10978.1   40145.2    7337.3   49945.6 ]
[24-10-31 15:17:17] 91    -49112.93 [    28055.0   10978.1   40145.2    7337.3   49945.6 ]
[24-10-31 15:17:18] 92    -49041.43 [    22277.0   10978.1   40145.2    7337.3   49945.6 ]
[24-10-31 15:17:18] 94    -50310.15 [     7261.0   10978.1   40145.2    7337.3   49945.6 ]
[24-10-31 15:17:19] 95    -49034.48 [    16541.4   10978.1   40145.2    7337.3   49945.6 ]
[24-10-31 15:17:19] 96     -49022.2 [    19343.7   10978.1   40145.2    7337.3   49945.6 ]
[24-10-31 15:17:20] 97    -49021.72 [    19091.9   10978.1   40145.2    7337.3   49945.6 ]
[24-10-31 15:17:20] 98    -49021.48 [    18828.6   10978.1   40145.2    7337.3   49945.6 ]
[24-10-31 15:17:20] 99    -49021.48 [    18642.9   10978.1   40145.2    7337.3   49945.6 ]
[24-10-31 15:17:21] 100   -49021.48 [    18828.6   10978.1   40145.2    7337.3   49945.6 ]
[24-10-31 15:17:21] 101   -49021.38 [    18828.6   10979.1   40145.2    7337.3   49945.6 ]
[24-10-31 15:17:22] 102   -49021.22 [    18828.6   10980.7   40145.2    7337.3   49945.6 ]
[24-10-31 15:17:22] 103   -49006.16 [    18828.6   11157.1   40145.2    7337.3   49945.6 ]
[24-10-31 15:17:23] 104   -48982.96 [    18828.6   11715.8   40145.2    7337.3   49945.6 ]
[24-10-31 15:17:23] 105   -49008.53 [    18828.6   12619.7   40145.2    7337.3   49945.6 ]
[24-10-31 15:17:24] 106   -48984.65 [    18828.6   12061.0   40145.2    7337.3   49945.6 ]
[24-10-31 15:17:24] 107   -48987.74 [    18828.6   11502.4   40145.2    7337.3   49945.6 ]
[24-10-31 15:17:25] 108   -48982.28 [    18828.6   11838.3   40145.2    7337.3   49945.6 ]
[24-10-31 15:17:25] 109   -48982.28 [    18828.6   11829.7   40145.2    7337.3   49945.6 ]
[24-10-31 15:17:26] 110   -48982.29 [    18828.6   11846.9   40145.2    7337.3   49945.6 ]
[24-10-31 15:17:26] 111   -48982.28 [    18828.6   11838.3   40145.2    7337.3   49945.6 ]
[24-10-31 15:17:27] 112   -48982.29 [    18828.6   11838.3   40146.2    7337.3   49945.6 ]
[24-10-31 15:17:27] 113   -48982.28 [    18828.6   11838.3   40143.6    7337.3   49945.6 ]
[24-10-31 15:17:27] 115   -48981.93 [    18828.6   11838.3   40076.2    7337.3   49945.6 ]
[24-10-31 15:17:28] 116   -48981.71 [    18828.6   11838.3   40034.6    7337.3   49945.6 ]
[24-10-31 15:17:28] 117   -48981.58 [    18828.6   11838.3   40008.9    7337.3   49945.6 ]
[24-10-31 15:17:29] 119   -48981.63 [    18828.6   11838.3   40018.7    7337.3   49945.6 ]
[24-10-31 15:17:29] 120   -48981.55 [    18828.6   11838.3   40002.8    7337.3   49945.6 ]
[24-10-31 15:17:30] 122   -48981.56 [    18828.6   11838.3   40005.1    7337.3   49945.6 ]
[24-10-31 15:17:30] 123   -48981.54 [    18828.6   11838.3   40001.3    7337.3   49945.6 ]
[24-10-31 15:17:31] 124   -48981.54 [    18828.6   11838.3   40001.3    7337.3   49945.6 ]
[24-10-31 15:17:31] 125   -48981.55 [    18828.6   11838.3   40001.3    7338.3   49945.6 ]
[24-10-31 15:17:32] 126   -48981.53 [    18828.6   11838.3   40001.3    7335.7   49945.6 ]
[24-10-31 15:17:32] 127   -48980.49 [    18828.6   11838.3   40001.3    7159.3   49945.6 ]
[24-10-31 15:17:33] 128   -48979.61 [    18828.6   11838.3   40001.3    6671.7   49945.6 ]
[24-10-31 15:17:33] 129   -48987.61 [    18828.6   11838.3   40001.3    5882.8   49945.6 ]
[24-10-31 15:17:34] 130   -48980.98 [    18828.6   11838.3   40001.3    6370.3   49945.6 ]
[24-10-31 15:17:34] 131   -48979.55 [    18828.6   11838.3   40001.3    6857.9   49945.6 ]
[24-10-31 15:17:34] 132   -48979.51 [    18828.6   11838.3   40001.3    6783.1   49945.6 ]
[24-10-31 15:17:35] 133   -48979.51 [    18828.6   11838.3   40001.3    6788.6   49945.6 ]
[24-10-31 15:17:35] 134   -48979.51 [    18828.6   11838.3   40001.3    6777.5   49945.6 ]
[24-10-31 15:17:36] 135   -48979.51 [    18828.6   11838.3   40001.3    6783.1   49945.6 ]
[24-10-31 15:17:36] 136    -48979.5 [    18828.6   11838.3   40001.3    6783.1   49946.6 ]
[24-10-31 15:17:37] 137   -48979.49 [    18828.6   11838.3   40001.3    6783.1   49948.2 ]
[24-10-31 15:17:37] 140   -48979.33 [    18828.6   11838.3   40001.3    6783.1   49973.9 ]
[24-10-31 15:17:38] 141   -48979.41 [    18828.6   11838.3   40001.3    6783.1   49961.0 ]
[24-10-31 15:17:38] 142   -48979.23 [    18828.6   11838.3   40001.3    6783.1   49989.8 ]
[24-10-31 15:17:39] 143   -48979.17 [    18828.6   11838.3   40001.3    6783.1   49999.6 ]
[24-10-31 15:17:39] 145   -48979.19 [    18828.6   11838.3   40001.3    6783.1   49995.9 ]
[24-10-31 15:17:40] 147   -48979.17 [    18828.6   11838.3   40001.3    6783.1   49998.2 ]
[24-10-31 15:17:40] 149   -48979.17 [    18828.6   11838.3   40001.3    6783.1   49999.1 ]
[24-10-31 15:17:41] 151   -48979.17 [    18828.6   11838.3   40001.3    6783.1   49999.6 ]
[24-10-31 15:17:41] 152   -48979.16 [    18829.6   11838.3   40001.3    6783.1   49999.6 ]
[24-10-31 15:17:42] 153   -48979.15 [    18831.2   11838.3   40001.3    6783.1   49999.6 ]
[24-10-31 15:17:42] 154   -48977.94 [    19007.6   11838.3   40001.3    6783.1   49999.6 ]
[24-10-31 15:17:42] 155   -48973.12 [    20331.0   11838.3   40001.3    6783.1   49999.6 ]
[24-10-31 15:17:43] 156   -48977.11 [    22472.2   11838.3   40001.3    6783.1   49999.6 ]
[24-10-31 15:17:43] 157   -48973.23 [    21148.8   11838.3   40001.3    6783.1   49999.6 ]
[24-10-31 15:17:44] 158   -48974.15 [    19825.5   11838.3   40001.3    6783.1   49999.6 ]
[24-10-31 15:17:44] 159   -48972.92 [    20699.7   11838.3   40001.3    6783.1   49999.6 ]
[24-10-31 15:17:45] 160   -48972.92 [    20681.0   11838.3   40001.3    6783.1   49999.6 ]
[24-10-31 15:17:45] 161   -48972.92 [    20662.5   11838.3   40001.3    6783.1   49999.6 ]
[24-10-31 15:17:46] 162   -48972.92 [    20681.0   11838.3   40001.3    6783.1   49999.6 ]
[24-10-31 15:17:46] 163   -48972.89 [    20681.0   11839.3   40001.3    6783.1   49999.6 ]
[24-10-31 15:17:47] 164   -48972.86 [    20681.0   11840.9   40001.3    6783.1   49999.6 ]
[24-10-31 15:17:47] 165   -48970.42 [    20681.0   12017.3   40001.3    6783.1   49999.6 ]
[24-10-31 15:17:48] 166   -48970.24 [    20681.0   12074.6   40001.3    6783.1   49999.6 ]
[24-10-31 15:17:48] 167   -48970.57 [    20681.0   12167.3   40001.3    6783.1   49999.6 ]
[24-10-31 15:17:49] 168   -48970.28 [    20681.0   12110.0   40001.3    6783.1   49999.6 ]
[24-10-31 15:17:49] 169   -48970.28 [    20681.0   12052.7   40001.3    6783.1   49999.6 ]
[24-10-31 15:17:50] 170   -48970.24 [    20681.0   12080.6   40001.3    6783.1   49999.6 ]
[24-10-31 15:17:50] 171   -48970.24 [    20681.0   12078.2   40001.3    6783.1   49999.6 ]
[24-10-31 15:17:51] 172   -48970.24 [    20681.0   12083.0   40001.3    6783.1   49999.6 ]
[24-10-31 15:17:51] 173   -48970.24 [    20681.0   12080.6   40001.3    6783.1   49999.6 ]
[24-10-31 15:17:52] 174   -48970.25 [    20681.0   12080.6   40002.3    6783.1   49999.6 ]
[24-10-31 15:17:52] 176   -48970.24 [    20681.0   12080.6   40000.7    6783.1   49999.6 ]
[24-10-31 15:17:52] 177   -48970.24 [    20681.0   12080.6   40000.3    6783.1   49999.6 ]
[24-10-31 15:17:53] 178   -48970.24 [    20681.0   12080.6   40000.1    6783.1   49999.6 ]
[24-10-31 15:17:53] 180   -48970.24 [    20681.0   12080.6   40000.2    6783.1   49999.6 ]
[24-10-31 15:17:54] 181   -48970.24 [    20681.0   12080.6   40000.1    6783.1   49999.6 ]
[24-10-31 15:17:54] 182   -48970.23 [    20681.0   12080.6   40000.0    6783.1   49999.6 ]
[24-10-31 15:17:55] 184   -48970.23 [    20681.0   12080.6   40000.0    6783.1   49999.6 ]
[24-10-31 15:17:55] 185   -48970.23 [    20681.0   12080.6   40000.0    6783.1   49999.6 ]
[24-10-31 15:17:56] 186   -48970.24 [    20681.0   12080.6   40000.0    6784.1   49999.6 ]
[24-10-31 15:17:56] 187   -48970.23 [    20681.0   12080.6   40000.0    6781.5   49999.6 ]
[24-10-31 15:17:57] 188   -48969.79 [    20681.0   12080.6   40000.0    6605.1   49999.6 ]
[24-10-31 15:17:57] 189   -48969.76 [    20681.0   12080.6   40000.0    6530.0   49999.6 ]
[24-10-31 15:17:57] 190   -48969.92 [    20681.0   12080.6   40000.0    6408.6   49999.6 ]
[24-10-31 15:17:57] 191   -48969.79 [    20681.0   12080.6   40000.0    6483.6   49999.6 ]
[24-10-31 15:17:58] 192   -48969.76 [    20681.0   12080.6   40000.0    6558.7   49999.6 ]
[24-10-31 15:17:58] 193   -48969.75 [    20681.0   12080.6   40000.0    6542.9   49999.6 ]
[24-10-31 15:17:58] 194   -48969.76 [    20681.0   12080.6   40000.0    6540.5   49999.6 ]
[24-10-31 15:17:58] 195   -48969.76 [    20681.0   12080.6   40000.0    6545.3   49999.6 ]
[24-10-31 15:17:59] 196   -48969.75 [    20681.0   12080.6   40000.0    6542.9   49999.6 ]
[24-10-31 15:17:59] 198   -48969.77 [    20681.0   12080.6   40000.0    6542.9   49998.0 ]
[24-10-31 15:17:59] 199   -48969.76 [    20681.0   12080.6   40000.0    6542.9   49999.0 ]
[24-10-31 15:17:59] 201   -48969.76 [    20681.0   12080.6   40000.0    6542.9   49999.3 ]
[24-10-31 15:18:00] 202   -48969.75 [    20681.0   12080.6   40000.0    6542.9   49999.8 ]
[24-10-31 15:18:00] 203   -48969.75 [    20681.0   12080.6   40000.0    6542.9   49999.9 ]
[24-10-31 15:18:00] 204   -48969.75 [    20681.0   12080.6   40000.0    6542.9   49999.9 ]
[24-10-31 15:18:00] 205   -48969.75 [    20681.0   12080.6   40000.0    6542.9   50000.0 ]
[24-10-31 15:18:01] 206   -48969.75 [    20681.0   12080.6   40000.0    6542.9   50000.0 ]
[24-10-31 15:18:01] 207   -48969.75 [    20681.0   12080.6   40000.0    6542.9   50000.0 ]
[24-10-31 15:18:01] 209   -48969.75 [    20681.0   12080.6   40000.0    6542.9   50000.0 ]
[24-10-31 15:18:02] 210   -48969.75 [    20681.0   12080.6   40000.0    6542.9   50000.0 ]
[24-10-31 15:18:02] 212   -48969.75 [    20681.0   12080.6   40000.0    6542.9   50000.0 ]
[24-10-31 15:18:02] 213   -48969.75 [    20682.0   12080.6   40000.0    6542.9   50000.0 ]
[24-10-31 15:18:02] 214   -48969.75 [    20683.6   12080.6   40000.0    6542.9   50000.0 ]
[24-10-31 15:18:03] 215   -48969.49 [    20860.0   12080.6   40000.0    6542.9   50000.0 ]
[24-10-31 15:18:03] 216   -48969.25 [    21236.4   12080.6   40000.0    6542.9   50000.0 ]
[24-10-31 15:18:03] 217   -48969.69 [    21845.4   12080.6   40000.0    6542.9   50000.0 ]
[24-10-31 15:18:03] 218    -48969.3 [    21469.0   12080.6   40000.0    6542.9   50000.0 ]
[24-10-31 15:18:04] 219   -48969.29 [    21092.6   12080.6   40000.0    6542.9   50000.0 ]
[24-10-31 15:18:04] 220   -48969.25 [    21270.7   12080.6   40000.0    6542.9   50000.0 ]
[24-10-31 15:18:04] 221   -48969.25 [    21264.8   12080.6   40000.0    6542.9   50000.0 ]
[24-10-31 15:18:04] 222   -48969.25 [    21276.6   12080.6   40000.0    6542.9   50000.0 ]
[24-10-31 15:18:05] 223   -48969.25 [    21270.7   12080.6   40000.0    6542.9   50000.0 ]
[24-10-31 15:18:05] 224   -48969.24 [    21270.7   12081.6   40000.0    6542.9   50000.0 ]
[24-10-31 15:18:05] 225   -48969.23 [    21270.7   12083.2   40000.0    6542.9   50000.0 ]
[24-10-31 15:18:05] 226   -48968.93 [    21270.7   12165.3   40000.0    6542.9   50000.0 ]
[24-10-31 15:18:06] 227   -48969.65 [    21270.7   12298.2   40000.0    6542.9   50000.0 ]
[24-10-31 15:18:06] 228   -48969.03 [    21270.7   12216.1   40000.0    6542.9   50000.0 ]
[24-10-31 15:18:06] 229   -48968.97 [    21270.7   12134.0   40000.0    6542.9   50000.0 ]
[24-10-31 15:18:07] 230   -48968.93 [    21270.7   12166.9   40000.0    6542.9   50000.0 ]
[24-10-31 15:18:07] 231   -48968.93 [    21270.7   12167.8   40000.0    6542.9   50000.0 ]
[24-10-31 15:18:07] 232   -48968.93 [    21270.7   12166.9   40000.0    6542.9   50000.0 ]
[24-10-31 15:18:07] 233   -48968.93 [    21270.7   12166.9   40001.0    6542.9   50000.0 ]
[24-10-31 15:18:08] 236   -48968.93 [    21270.7   12166.9   40000.4    6542.9   50000.0 ]
[24-10-31 15:18:08] 237   -48968.93 [    21270.7   12166.9   40000.2    6542.9   50000.0 ]
[24-10-31 15:18:08] 240   -48968.93 [    21270.7   12166.9   40000.1    6542.9   50000.0 ]
[24-10-31 15:18:08] 242   -48968.93 [    21270.7   12166.9   40000.0    6542.9   50000.0 ]
[24-10-31 15:18:09] 243   -48968.93 [    21270.7   12166.9   40000.0    6542.9   50000.0 ]
[24-10-31 15:18:09] 245   -48968.93 [    21270.7   12166.9   40000.0    6542.9   50000.0 ]
[24-10-31 15:18:09] 246   -48968.93 [    21270.7   12166.9   40000.0    6542.9   50000.0 ]
[24-10-31 15:18:09] 247   -48968.93 [    21270.7   12166.9   40000.0    6542.9   50000.0 ]
[24-10-31 15:18:10] 248   -48968.93 [    21270.7   12166.9   40000.0    6542.9   50000.0 ]
[24-10-31 15:18:10] 249   -48968.93 [    21270.7   12166.9   40000.0    6542.9   50000.0 ]
[24-10-31 15:18:10] 251   -48968.93 [    21270.7   12166.9   40000.0    6542.9   50000.0 ]
[24-10-31 15:18:10] 253   -48968.93 [    21270.7   12166.9   40000.0    6542.9   50000.0 ]
[24-10-31 15:18:11] 254   -48968.93 [    21270.7   12166.9   40000.0    6543.9   50000.0 ]
[24-10-31 15:18:11] 255   -48968.92 [    21270.7   12166.9   40000.0    6541.3   50000.0 ]
[24-10-31 15:18:11] 256   -48968.87 [    21270.7   12166.9   40000.0    6461.6   50000.0 ]
[24-10-31 15:18:12] 257   -48969.04 [    21270.7   12166.9   40000.0    6332.6   50000.0 ]
[24-10-31 15:18:12] 258   -48968.89 [    21270.7   12166.9   40000.0    6412.3   50000.0 ]
[24-10-31 15:18:13] 259   -48968.88 [    21270.7   12166.9   40000.0    6492.0   50000.0 ]
[24-10-31 15:18:13] 260   -48968.87 [    21270.7   12166.9   40000.0    6464.4   50000.0 ]
[24-10-31 15:18:14] 261   -48968.87 [    21270.7   12166.9   40000.0    6463.7   50000.0 ]
[24-10-31 15:18:14] 262   -48968.87 [    21270.7   12166.9   40000.0    6465.2   50000.0 ]
[24-10-31 15:18:14] 263   -48968.87 [    21270.7   12166.9   40000.0    6464.4   50000.0 ]
[24-10-31 15:18:15] 265   -48968.88 [    21270.7   12166.9   40000.0    6464.4   49998.4 ]
[24-10-31 15:18:15] 266   -48968.87 [    21270.7   12166.9   40000.0    6464.4   49999.4 ]
[24-10-31 15:18:16] 268   -48968.87 [    21270.7   12166.9   40000.0    6464.4   49999.7 ]
[24-10-31 15:18:16] 270   -48968.87 [    21270.7   12166.9   40000.0    6464.4   49999.9 ]
[24-10-31 15:18:17] 272   -48968.87 [    21270.7   12166.9   40000.0    6464.4   50000.0 ]
[24-10-31 15:18:17] 274   -48968.87 [    21270.7   12166.9   40000.0    6464.4   50000.0 ]
[24-10-31 15:18:18] 276   -48968.87 [    21270.7   12166.9   40000.0    6464.4   50000.0 ]
[24-10-31 15:18:18] 278   -48968.87 [    21270.7   12166.9   40000.0    6464.4   50000.0 ]
[24-10-31 15:18:19] 280   -48968.87 [    21270.7   12166.9   40000.0    6464.4   50000.0 ]
[24-10-31 15:18:19] 281   -48968.87 [    21270.7   12166.9   40000.0    6464.4   50000.0 ]
[24-10-31 15:18:20] 282   -48968.87 [    21270.7   12166.9   40000.0    6464.4   50000.0 ]
[24-10-31 15:18:20] 283   -48968.87 [    21270.7   12166.9   40000.0    6464.4   50000.0 ]
[24-10-31 15:18:21] 284   -48968.87 [    21270.7   12166.9   40000.0    6464.4   50000.0 ]
[24-10-31 15:18:21] 286   -48968.87 [    21270.7   12166.9   40000.0    6464.4   50000.0 ]
[24-10-31 15:18:22] 288   -48968.87 [    21270.7   12166.9   40000.0    6464.4   50000.0 ]
Optimization terminated successfully.
         Current function value: 48968.868670
         Iterations: 4
         Function evaluations: 289
[24-10-31 15:18:22] 289      fit p: [    21270.7   12166.9   40000.0    6464.4   50000.0 ]
method: Powell
objective_func: objective_H2
fopt: -48968.86866997045
max_iter: 100
num_iter: 4
func_calls: 289
flag: 0
u_fitted: False
u: 1.111e-08
