000 (1691630.000.000) 2024-06-17 12:57:44 Job submitted from host: <128.105.68.113:9618?addrs=128.105.68.113-9618+[2607-f388-2200-100-eaeb-d3ff-fea7-d05e]-9618&alias=ap2002.chtc.wisc.edu&noUDP&sock=schedd_10419_2557>
...
040 (1691630.000.000) 2024-06-17 12:57:50 Started transferring input files
	Transferring to host: <128.105.69.148:9618?addrs=128.105.69.148-9618+[2607-f388-2200-100-1270-fdff-fe56-ceec]-9618&alias=build4001.chtc.wisc.edu&noUDP&sock=build1_2_1301418_7673_118690>
...
040 (1691630.000.000) 2024-06-17 12:57:50 Finished transferring input files
...
001 (1691630.000.000) 2024-06-17 12:57:51 Job executing on host: <128.105.69.148:9618?addrs=128.105.69.148-9618+[2607-f388-2200-100-1270-fdff-fe56-ceec]-9618&alias=build4001.chtc.wisc.edu&noUDP&sock=startd_20437_a91d>
	SlotName: build1_2@build4001.chtc.wisc.edu
	CondorScratchDir = "/var/lib/condor/execute/slot1/dir_4162684"
	Cpus = 4
	Disk = 16778369
	GPUs = 0
	IoHeavy = 0
	Memory = 16384
...
006 (1691630.000.000) 2024-06-17 12:58:00 Image size of job updated: 1500
	1  -  MemoryUsage of job (MB)
	808  -  ResidentSetSize of job (KB)
...
006 (1691630.000.000) 2024-06-17 12:58:03 Image size of job updated: 4004
	3  -  MemoryUsage of job (MB)
	2976  -  ResidentSetSize of job (KB)
...
006 (1691630.000.000) 2024-06-17 13:06:59 Image size of job updated: 4004
	4  -  MemoryUsage of job (MB)
	3504  -  ResidentSetSize of job (KB)
...
040 (1691630.000.000) 2024-06-17 13:06:59 Started transferring output files
...
040 (1691630.000.000) 2024-06-17 13:07:00 Finished transferring output files
...
005 (1691630.000.000) 2024-06-17 13:07:00 Job terminated.
	(1) Normal termination (return value 0)
		Usr 0 00:07:08, Sys 0 00:00:46  -  Run Remote Usage
		Usr 0 00:00:00, Sys 0 00:00:00  -  Run Local Usage
		Usr 0 00:07:08, Sys 0 00:00:46  -  Total Remote Usage
		Usr 0 00:00:00, Sys 0 00:00:00  -  Total Local Usage
	551116928  -  Run Bytes Sent By Job
	24667  -  Run Bytes Received By Job
	551116928  -  Total Bytes Sent By Job
	24667  -  Total Bytes Received By Job
	Partitionable Resources :     Usage  Request Allocated 
	   Cpus                 :      0.00        4         4 
	   Disk (KB)            : 907776    16777216  16778369 
	   GPUs                 :                            0 
	   IoHeavy              :                            0 
	   Memory (MB)          :      4       16384     16384 
	   TimeExecute (s)      :    548                       
	   TimeSlotBusy (s)     :    550                       

	Job terminated of its own accord at 2024-06-17T17:58:03Z with signal 15.
...
