[24-10-31 15:19:42] fitting objective_H2 to data for demes ['French', 'KhomaniSan', 'Yoruba']
[24-10-31 15:19:42] 0        pnames [         NK       NFY       TFY        NF        NY ]
[24-10-31 15:19:42] 0            p0 [    27867.0   27451.8   65875.5    8403.2   22763.9 ]
[24-10-31 15:19:42] 1     -25545.43 [    27867.0   27451.8   65875.5    8403.2   22763.9 ]
[24-10-31 15:19:43] 2     -25545.43 [    27867.0   27451.8   65875.5    8403.2   22763.9 ]
[24-10-31 15:19:43] 3     -25545.41 [    27868.0   27451.8   65875.5    8403.2   22763.9 ]
[24-10-31 15:19:44] 4     -25545.39 [    27869.6   27451.8   65875.5    8403.2   22763.9 ]
[24-10-31 15:19:44] 5     -25542.77 [    28046.0   27451.8   65875.5    8403.2   22763.9 ]
[24-10-31 15:19:44] 6     -25494.24 [    33367.5   27451.8   65875.5    8403.2   22763.9 ]
[24-10-31 15:19:45] 7     -25481.25 [    41977.8   27451.8   65875.5    8403.2   22763.9 ]
[24-10-31 15:19:45] 8     -25480.65 [    39052.9   27451.8   65875.5    8403.2   22763.9 ]
[24-10-31 15:19:46] 9     -25482.96 [    36881.3   27451.8   65875.5    8403.2   22763.9 ]
[24-10-31 15:19:46] 10    -25480.46 [    40170.1   27451.8   65875.5    8403.2   22763.9 ]
[24-10-31 15:19:47] 11    -25480.45 [    39936.5   27451.8   65875.5    8403.2   22763.9 ]
[24-10-31 15:19:47] 12    -25480.45 [    39815.8   27451.8   65875.5    8403.2   22763.9 ]
[24-10-31 15:19:48] 13    -25480.45 [    39936.5   27451.8   65875.5    8403.2   22763.9 ]
[24-10-31 15:19:48] 14    -25480.65 [    39936.5   27452.8   65875.5    8403.2   22763.9 ]
[24-10-31 15:19:49] 15    -25480.12 [    39936.5   27450.2   65875.5    8403.2   22763.9 ]
[24-10-31 15:19:49] 16    -25479.58 [    39936.5   27447.6   65875.5    8403.2   22763.9 ]
[24-10-31 15:19:50] 17    -25478.72 [    39936.5   27443.3   65875.5    8403.2   22763.9 ]
[24-10-31 15:19:50] 18    -25477.32 [    39936.5   27436.5   65875.5    8403.2   22763.9 ]
[24-10-31 15:19:51] 19    -25475.06 [    39936.5   27425.4   65875.5    8403.2   22763.9 ]
[24-10-31 15:19:51] 20    -25471.39 [    39936.5   27407.4   65875.5    8403.2   22763.9 ]
[24-10-31 15:19:51] 21    -25465.45 [    39936.5   27378.4   65875.5    8403.2   22763.9 ]
[24-10-31 15:19:52] 22    -25455.81 [    39936.5   27331.4   65875.5    8403.2   22763.9 ]
[24-10-31 15:19:52] 23    -25440.17 [    39936.5   27255.4   65875.5    8403.2   22763.9 ]
[24-10-31 15:19:53] 24    -25414.71 [    39936.5   27132.4   65875.5    8403.2   22763.9 ]
[24-10-31 15:19:53] 25    -25373.15 [    39936.5   26933.4   65875.5    8403.2   22763.9 ]
[24-10-31 15:19:54] 26    -25304.88 [    39936.5   26611.4   65875.5    8403.2   22763.9 ]
[24-10-31 15:19:54] 27     -25191.7 [    39936.5   26090.4   65875.5    8403.2   22763.9 ]
[24-10-31 15:19:55] 28     -25001.1 [    39936.5   25247.4   65875.5    8403.2   22763.9 ]
[24-10-31 15:19:55] 29    -24671.67 [    39936.5   23883.4   65875.5    8403.2   22763.9 ]
[24-10-31 15:19:56] 30    -24076.41 [    39936.5   21676.4   65875.5    8403.2   22763.9 ]
[24-10-31 15:19:56] 31    -22914.97 [    39936.5   18105.4   65875.5    8403.2   22763.9 ]
[24-10-31 15:19:57] 32    -20375.08 [    39936.5   12327.4   65875.5    8403.2   22763.9 ]
[24-10-31 15:19:57] 33    -34430.41 [    39936.5    2978.4   65875.5    8403.2   22763.9 ]
[24-10-31 15:19:57] 34    -18608.61 [    39936.5    8756.4   65875.5    8403.2   22763.9 ]
[24-10-31 15:19:58] 35    -18337.78 [    39936.5    6549.4   65875.5    8403.2   22763.9 ]
[24-10-31 15:19:58] 36    -18278.72 [    39936.5    6758.4   65875.5    8403.2   22763.9 ]
[24-10-31 15:19:59] 37    -18240.25 [    39936.5    7350.4   65875.5    8403.2   22763.9 ]
[24-10-31 15:19:59] 38    -18324.63 [    39936.5    7887.5   65875.5    8403.2   22763.9 ]
[24-10-31 15:20:00] 39    -18234.96 [    39936.5    7149.4   65875.5    8403.2   22763.9 ]
[24-10-31 15:20:00] 40    -18234.96 [    39936.5    7149.4   65875.5    8403.2   22763.9 ]
[24-10-31 15:20:01] 41    -18234.95 [    39936.5    7149.4   65876.5    8403.2   22763.9 ]
[24-10-31 15:20:01] 42    -18234.92 [    39936.5    7149.4   65878.1    8403.2   22763.9 ]
[24-10-31 15:20:02] 43    -18231.91 [    39936.5    7149.4   66054.5    8403.2   22763.9 ]
[24-10-31 15:20:02] 44    -18208.98 [    39936.5    7149.4   68860.2    8403.2   22763.9 ]
[24-10-31 15:20:03] 45    -18273.65 [    39936.5    7149.4   73400.0    8403.2   22763.9 ]
[24-10-31 15:20:03] 46    -18218.61 [    39936.5    7149.4   70594.2    8403.2   22763.9 ]
[24-10-31 15:20:03] 47    -18212.18 [    39936.5    7149.4   67788.5    8403.2   22763.9 ]
[24-10-31 15:20:04] 48    -18208.98 [    39936.5    7149.4   68814.4    8403.2   22763.9 ]
[24-10-31 15:20:04] 49    -18208.98 [    39936.5    7149.4   68785.1    8403.2   22763.9 ]
[24-10-31 15:20:05] 50    -18208.98 [    39936.5    7149.4   68814.4    8403.2   22763.9 ]
[24-10-31 15:20:05] 51    -18209.57 [    39936.5    7149.4   68814.4    8404.2   22763.9 ]
[24-10-31 15:20:06] 52    -18208.02 [    39936.5    7149.4   68814.4    8401.6   22763.9 ]
[24-10-31 15:20:06] 53    -18206.48 [    39936.5    7149.4   68814.4    8399.0   22763.9 ]
[24-10-31 15:20:07] 54    -18203.98 [    39936.5    7149.4   68814.4    8394.7   22763.9 ]
[24-10-31 15:20:07] 55    -18199.94 [    39936.5    7149.4   68814.4    8387.9   22763.9 ]
[24-10-31 15:20:08] 56    -18193.39 [    39936.5    7149.4   68814.4    8376.8   22763.9 ]
[24-10-31 15:20:08] 57    -18182.78 [    39936.5    7149.4   68814.4    8358.8   22763.9 ]
[24-10-31 15:20:09] 58    -18165.58 [    39936.5    7149.4   68814.4    8329.8   22763.9 ]
[24-10-31 15:20:09] 59    -18137.65 [    39936.5    7149.4   68814.4    8282.8   22763.9 ]
[24-10-31 15:20:09] 60    -18092.18 [    39936.5    7149.4   68814.4    8206.8   22763.9 ]
[24-10-31 15:20:10] 61    -18017.94 [    39936.5    7149.4   68814.4    8083.8   22763.9 ]
[24-10-31 15:20:10] 62    -17896.08 [    39936.5    7149.4   68814.4    7884.8   22763.9 ]
[24-10-31 15:20:11] 63    -17694.52 [    39936.5    7149.4   68814.4    7562.8   22763.9 ]
[24-10-31 15:20:11] 64    -17358.13 [    39936.5    7149.4   68814.4    7041.8   22763.9 ]
[24-10-31 15:20:12] 65    -16796.85 [    39936.5    7149.4   68814.4    6198.8   22763.9 ]
[24-10-31 15:20:12] 66    -15949.68 [    39936.5    7149.4   68814.4    4834.8   22763.9 ]
[24-10-31 15:20:13] 69    -16671.82 [    39936.5    7149.4   68814.4    2698.2   22763.9 ]
[24-10-31 15:20:13] 70    -15654.12 [    39936.5    7149.4   68814.4    3766.5   22763.9 ]
[24-10-31 15:20:14] 71    -15666.37 [    39936.5    7149.4   68814.4    4060.2   22763.9 ]
[24-10-31 15:20:14] 72    -15650.03 [    39936.5    7149.4   68814.4    3844.7   22763.9 ]
[24-10-31 15:20:15] 73    -15650.27 [    39936.5    7149.4   68814.4    3890.2   22763.9 ]
[24-10-31 15:20:15] 74    -15650.03 [    39936.5    7149.4   68814.4    3844.7   22763.9 ]
[24-10-31 15:20:15] 75    -15649.89 [    39936.5    7149.4   68814.4    3844.7   22764.9 ]
[24-10-31 15:20:16] 76    -15649.67 [    39936.5    7149.4   68814.4    3844.7   22766.5 ]
[24-10-31 15:20:16] 77    -15625.28 [    39936.5    7149.4   68814.4    3844.7   22942.9 ]
[24-10-31 15:20:17] 78    -14814.37 [    39936.5    7149.4   68814.4    3844.7   31838.5 ]
[24-10-31 15:20:17] 79    -14264.98 [    39936.5    7149.4   68814.4    3844.7   46231.9 ]
[24-10-31 15:20:18] 80    -14237.25 [    39936.5    7149.4   68814.4    3844.7   47423.0 ]
[24-10-31 15:20:18] 81    -14195.79 [    39936.5    7149.4   68814.4    3844.7   49350.2 ]
[24-10-31 15:20:19] 86    -14211.15 [    39936.5    7149.4   68814.4    3844.7   48614.0 ]
[24-10-31 15:20:19] 87    -14190.37 [    39936.5    7149.4   68814.4    3844.7   49616.0 ]
[24-10-31 15:20:20] 88    -14184.71 [    39936.5    7149.4   68814.4    3844.7   49897.7 ]
[24-10-31 15:20:20] 90    -14184.71 [    39936.5    7149.4   68814.4    3844.7   49897.7 ]
[24-10-31 15:20:21] 91    -14184.73 [    39937.5    7149.4   68814.4    3844.7   49897.7 ]
[24-10-31 15:20:21] 92    -14184.68 [    39934.9    7149.4   68814.4    3844.7   49897.7 ]
[24-10-31 15:20:21] 93    -14184.62 [    39932.3    7149.4   68814.4    3844.7   49897.7 ]
[24-10-31 15:20:22] 94    -14184.54 [    39928.0    7149.4   68814.4    3844.7   49897.7 ]
[24-10-31 15:20:22] 95     -14184.4 [    39921.2    7149.4   68814.4    3844.7   49897.7 ]
[24-10-31 15:20:23] 96    -14184.18 [    39910.1    7149.4   68814.4    3844.7   49897.7 ]
[24-10-31 15:20:23] 97    -14183.82 [    39892.1    7149.4   68814.4    3844.7   49897.7 ]
[24-10-31 15:20:24] 98    -14183.24 [    39863.1    7149.4   68814.4    3844.7   49897.7 ]
[24-10-31 15:20:24] 99    -14182.29 [    39816.1    7149.4   68814.4    3844.7   49897.7 ]
[24-10-31 15:20:25] 100   -14180.76 [    39740.1    7149.4   68814.4    3844.7   49897.7 ]
[24-10-31 15:20:25] 101   -14178.28 [    39617.1    7149.4   68814.4    3844.7   49897.7 ]
[24-10-31 15:20:26] 102   -14174.25 [    39418.1    7149.4   68814.4    3844.7   49897.7 ]
[24-10-31 15:20:26] 103   -14167.69 [    39096.1    7149.4   68814.4    3844.7   49897.7 ]
[24-10-31 15:20:27] 104   -14156.96 [    38575.1    7149.4   68814.4    3844.7   49897.7 ]
[24-10-31 15:20:27] 105    -14139.3 [    37732.1    7149.4   68814.4    3844.7   49897.7 ]
[24-10-31 15:20:27] 106   -14109.98 [    36368.1    7149.4   68814.4    3844.7   49897.7 ]
[24-10-31 15:20:28] 107   -14060.62 [    34161.1    7149.4   68814.4    3844.7   49897.7 ]
[24-10-31 15:20:28] 108    -13976.4 [    30590.1    7149.4   68814.4    3844.7   49897.7 ]
[24-10-31 15:20:29] 109   -13837.57 [    24812.1    7149.4   68814.4    3844.7   49897.7 ]
[24-10-31 15:20:29] 110   -13797.18 [    15463.1    7149.4   68814.4    3844.7   49897.7 ]
[24-10-31 15:20:30] 111   -13744.33 [    18479.6    7149.4   68814.4    3844.7   49897.7 ]
[24-10-31 15:20:30] 112   -13762.51 [    20898.4    7149.4   68814.4    3844.7   49897.7 ]
[24-10-31 15:20:31] 113   -13750.96 [    17327.4    7149.4   68814.4    3844.7   49897.7 ]
[24-10-31 15:20:31] 114   -13744.42 [    18694.1    7149.4   68814.4    3844.7   49897.7 ]
[24-10-31 15:20:32] 115   -13744.62 [    18265.0    7149.4   68814.4    3844.7   49897.7 ]
[24-10-31 15:20:32] 116   -13744.33 [    18479.6    7149.4   68814.4    3844.7   49897.7 ]
[24-10-31 15:20:33] 117   -13744.31 [    18479.6    7150.4   68814.4    3844.7   49897.7 ]
[24-10-31 15:20:33] 118   -13744.29 [    18479.6    7152.0   68814.4    3844.7   49897.7 ]
[24-10-31 15:20:33] 119   -13743.95 [    18479.6    7193.2   68814.4    3844.7   49897.7 ]
[24-10-31 15:20:34] 120   -13744.76 [    18479.6    7259.8   68814.4    3844.7   49897.7 ]
[24-10-31 15:20:34] 121   -13744.07 [    18479.6    7218.6   68814.4    3844.7   49897.7 ]
[24-10-31 15:20:35] 122    -13744.0 [    18479.6    7177.5   68814.4    3844.7   49897.7 ]
[24-10-31 15:20:35] 123   -13743.95 [    18479.6    7193.9   68814.4    3844.7   49897.7 ]
[24-10-31 15:20:36] 124   -13743.95 [    18479.6    7194.4   68814.4    3844.7   49897.7 ]
[24-10-31 15:20:36] 125   -13743.95 [    18479.6    7193.9   68814.4    3844.7   49897.7 ]
[24-10-31 15:20:37] 126   -13743.97 [    18479.6    7193.9   68815.4    3844.7   49897.7 ]
[24-10-31 15:20:37] 127   -13743.92 [    18479.6    7193.9   68812.8    3844.7   49897.7 ]
[24-10-31 15:20:38] 128   -13740.36 [    18479.6    7193.9   68636.5    3844.7   49897.7 ]
[24-10-31 15:20:38] 129   -13714.53 [    18479.6    7193.9   66011.8    3844.7   49897.7 ]
[24-10-31 15:20:38] 130   -13778.49 [    18479.6    7193.9   61765.0    3844.7   49897.7 ]
[24-10-31 15:20:39] 131   -13723.71 [    18479.6    7193.9   64389.7    3844.7   49897.7 ]
[24-10-31 15:20:39] 132   -13718.42 [    18479.6    7193.9   67014.3    3844.7   49897.7 ]
[24-10-31 15:20:40] 133   -13714.53 [    18479.6    7193.9   65979.1    3844.7   49897.7 ]
[24-10-31 15:20:40] 134   -13714.53 [    18479.6    7193.9   65950.8    3844.7   49897.7 ]
[24-10-31 15:20:41] 135   -13714.53 [    18479.6    7193.9   65979.1    3844.7   49897.7 ]
[24-10-31 15:20:41] 136   -13714.39 [    18479.6    7193.9   65979.1    3845.7   49897.7 ]
[24-10-31 15:20:42] 137   -13714.16 [    18479.6    7193.9   65979.1    3847.3   49897.7 ]
[24-10-31 15:20:42] 138   -13703.11 [    18479.6    7193.9   65979.1    3998.8   49897.7 ]
[24-10-31 15:20:43] 139    -13721.1 [    18479.6    7193.9   65979.1    4244.0   49897.7 ]
[24-10-31 15:20:43] 140   -13705.24 [    18479.6    7193.9   65979.1    4092.5   49897.7 ]
[24-10-31 15:20:43] 141    -13705.1 [    18479.6    7193.9   65979.1    3940.9   49897.7 ]
[24-10-31 15:20:44] 142   -13703.02 [    18479.6    7193.9   65979.1    4015.4   49897.7 ]
[24-10-31 15:20:44] 143   -13703.02 [    18479.6    7193.9   65979.1    4013.7   49897.7 ]
[24-10-31 15:20:45] 144   -13703.03 [    18479.6    7193.9   65979.1    4012.0   49897.7 ]
[24-10-31 15:20:45] 145   -13703.02 [    18479.6    7193.9   65979.1    4013.7   49897.7 ]
[24-10-31 15:20:46] 146   -13703.01 [    18479.6    7193.9   65979.1    4013.7   49898.7 ]
[24-10-31 15:20:46] 147   -13702.99 [    18479.6    7193.9   65979.1    4013.7   49900.3 ]
[24-10-31 15:20:47] 149   -13702.06 [    18479.6    7193.9   65979.1    4013.7   49967.7 ]
[24-10-31 15:20:47] 151   -13702.53 [    18479.6    7193.9   65979.1    4013.7   49934.0 ]
[24-10-31 15:20:48] 152   -13701.85 [    18479.6    7193.9   65979.1    4013.7   49983.6 ]
[24-10-31 15:20:48] 153   -13701.71 [    18479.6    7193.9   65979.1    4013.7   49993.4 ]
[24-10-31 15:20:49] 154   -13701.63 [    18479.6    7193.9   65979.1    4013.7   49999.5 ]
[24-10-31 15:20:49] 156   -13701.66 [    18479.6    7193.9   65979.1    4013.7   49997.2 ]
[24-10-31 15:20:49] 158   -13701.64 [    18479.6    7193.9   65979.1    4013.7   49998.5 ]
[24-10-31 15:20:50] 160   -13701.63 [    18479.6    7193.9   65979.1    4013.7   49999.5 ]
[24-10-31 15:20:50] 161   -13701.64 [    18480.6    7193.9   65979.1    4013.7   49999.5 ]
[24-10-31 15:20:51] 162   -13701.62 [    18477.9    7193.9   65979.1    4013.7   49999.5 ]
[24-10-31 15:20:51] 163   -13700.38 [    18301.6    7193.9   65979.1    4013.7   49999.5 ]
[24-10-31 15:20:52] 164   -13698.07 [    17460.2    7193.9   65979.1    4013.7   49999.5 ]
[24-10-31 15:20:52] 165   -13710.59 [    16098.8    7193.9   65979.1    4013.7   49999.5 ]
[24-10-31 15:20:52] 166   -13700.14 [    16940.2    7193.9   65979.1    4013.7   49999.5 ]
[24-10-31 15:20:53] 167   -13698.19 [    17781.6    7193.9   65979.1    4013.7   49999.5 ]
[24-10-31 15:20:53] 168    -13698.0 [    17583.0    7193.9   65979.1    4013.7   49999.5 ]
[24-10-31 15:20:53] 169    -13698.0 [    17574.0    7193.9   65979.1    4013.7   49999.5 ]
[24-10-31 15:20:54] 170    -13698.0 [    17592.0    7193.9   65979.1    4013.7   49999.5 ]
[24-10-31 15:20:54] 171    -13698.0 [    17583.0    7193.9   65979.1    4013.7   49999.5 ]
[24-10-31 15:20:54] 172   -13697.92 [    17583.0    7194.9   65979.1    4013.7   49999.5 ]
[24-10-31 15:20:54] 173    -13697.8 [    17583.0    7196.5   65979.1    4013.7   49999.5 ]
[24-10-31 15:20:55] 174   -13690.81 [    17583.0    7372.8   65979.1    4013.7   49999.5 ]
[24-10-31 15:20:55] 175   -13703.91 [    17583.0    7658.0   65979.1    4013.7   49999.5 ]
[24-10-31 15:20:55] 176   -13692.49 [    17583.0    7481.7   65979.1    4013.7   49999.5 ]
[24-10-31 15:20:55] 177    -13692.0 [    17583.0    7305.5   65979.1    4013.7   49999.5 ]
[24-10-31 15:20:56] 178   -13690.78 [    17583.0    7386.2   65979.1    4013.7   49999.5 ]
[24-10-31 15:20:56] 179   -13690.78 [    17583.0    7384.3   65979.1    4013.7   49999.5 ]
[24-10-31 15:20:56] 180   -13690.78 [    17583.0    7388.1   65979.1    4013.7   49999.5 ]
[24-10-31 15:20:56] 181   -13690.78 [    17583.0    7386.2   65979.1    4013.7   49999.5 ]
[24-10-31 15:20:57] 182   -13690.78 [    17583.0    7386.2   65980.1    4013.7   49999.5 ]
[24-10-31 15:20:57] 183   -13690.77 [    17583.0    7386.2   65977.5    4013.7   49999.5 ]
[24-10-31 15:20:57] 184   -13689.67 [    17583.0    7386.2   65801.1    4013.7   49999.5 ]
[24-10-31 15:20:57] 185   -13687.43 [    17583.0    7386.2   65002.0    4013.7   49999.5 ]
[24-10-31 15:20:58] 186   -13693.19 [    17583.0    7386.2   63709.0    4013.7   49999.5 ]
[24-10-31 15:20:58] 187   -13688.27 [    17583.0    7386.2   64508.1    4013.7   49999.5 ]
[24-10-31 15:20:58] 188   -13687.76 [    17583.0    7386.2   65307.3    4013.7   49999.5 ]
[24-10-31 15:20:58] 189   -13687.43 [    17583.0    7386.2   64992.2    4013.7   49999.5 ]
[24-10-31 15:20:59] 190   -13687.43 [    17583.0    7386.2   65011.8    4013.7   49999.5 ]
[24-10-31 15:20:59] 191   -13687.43 [    17583.0    7386.2   65002.0    4013.7   49999.5 ]
[24-10-31 15:20:59] 192   -13687.48 [    17583.0    7386.2   65002.0    4014.7   49999.5 ]
[24-10-31 15:20:59] 193   -13687.35 [    17583.0    7386.2   65002.0    4012.1   49999.5 ]
[24-10-31 15:21:00] 194   -13685.82 [    17583.0    7386.2   65002.0    3945.8   49999.5 ]
[24-10-31 15:21:00] 195   -13690.71 [    17583.0    7386.2   65002.0    3838.5   49999.5 ]
[24-10-31 15:21:00] 196   -13686.57 [    17583.0    7386.2   65002.0    3904.8   49999.5 ]
[24-10-31 15:21:01] 197   -13686.02 [    17583.0    7386.2   65002.0    3971.1   49999.5 ]
[24-10-31 15:21:01] 198   -13685.82 [    17583.0    7386.2   65002.0    3948.6   49999.5 ]
[24-10-31 15:21:01] 199   -13685.82 [    17583.0    7386.2   65002.0    3947.9   49999.5 ]
[24-10-31 15:21:01] 200   -13685.82 [    17583.0    7386.2   65002.0    3949.2   49999.5 ]
[24-10-31 15:21:02] 201   -13685.82 [    17583.0    7386.2   65002.0    3948.6   49999.5 ]
[24-10-31 15:21:02] 203   -13685.84 [    17583.0    7386.2   65002.0    3948.6   49997.9 ]
[24-10-31 15:21:02] 204   -13685.82 [    17583.0    7386.2   65002.0    3948.6   49998.9 ]
[24-10-31 15:21:02] 205   -13685.81 [    17583.0    7386.2   65002.0    3948.6   49999.9 ]
[24-10-31 15:21:03] 207   -13685.81 [    17583.0    7386.2   65002.0    3948.6   49999.7 ]
[24-10-31 15:21:03] 208   -13685.81 [    17583.0    7386.2   65002.0    3948.6   50000.0 ]
[24-10-31 15:21:03] 210   -13685.81 [    17583.0    7386.2   65002.0    3948.6   49999.9 ]
[24-10-31 15:21:03] 211   -13685.81 [    17583.0    7386.2   65002.0    3948.6   50000.0 ]
[24-10-31 15:21:04] 213   -13685.81 [    17583.0    7386.2   65002.0    3948.6   50000.0 ]
[24-10-31 15:21:04] 216   -13685.81 [    17583.0    7386.2   65002.0    3948.6   50000.0 ]
[24-10-31 15:21:04] 217   -13685.81 [    17584.0    7386.2   65002.0    3948.6   50000.0 ]
[24-10-31 15:21:04] 218    -13685.8 [    17585.6    7386.2   65002.0    3948.6   50000.0 ]
[24-10-31 15:21:05] 219   -13685.59 [    17762.0    7386.2   65002.0    3948.6   50000.0 ]
[24-10-31 15:21:05] 220   -13685.58 [    17798.1    7386.2   65002.0    3948.6   50000.0 ]
[24-10-31 15:21:05] 221    -13685.6 [    17856.6    7386.2   65002.0    3948.6   50000.0 ]
[24-10-31 15:21:05] 222   -13685.58 [    17820.5    7386.2   65002.0    3948.6   50000.0 ]
[24-10-31 15:21:06] 223   -13685.58 [    17784.3    7386.2   65002.0    3948.6   50000.0 ]
[24-10-31 15:21:06] 224   -13685.58 [    17801.4    7386.2   65002.0    3948.6   50000.0 ]
[24-10-31 15:21:06] 225   -13685.58 [    17803.5    7386.2   65002.0    3948.6   50000.0 ]
[24-10-31 15:21:06] 226   -13685.58 [    17801.4    7386.2   65002.0    3948.6   50000.0 ]
[24-10-31 15:21:07] 227   -13685.53 [    17801.4    7387.2   65002.0    3948.6   50000.0 ]
[24-10-31 15:21:07] 228   -13685.44 [    17801.4    7388.8   65002.0    3948.6   50000.0 ]
[24-10-31 15:21:07] 229   -13681.54 [    17801.4    7526.2   65002.0    3948.6   50000.0 ]
[24-10-31 15:21:08] 230   -13689.46 [    17801.4    7748.4   65002.0    3948.6   50000.0 ]
[24-10-31 15:21:08] 231    -13682.6 [    17801.4    7611.1   65002.0    3948.6   50000.0 ]
[24-10-31 15:21:09] 232   -13682.18 [    17801.4    7473.7   65002.0    3948.6   50000.0 ]
[24-10-31 15:21:09] 233   -13681.53 [    17801.4    7534.0   65002.0    3948.6   50000.0 ]
[24-10-31 15:21:09] 234   -13681.53 [    17801.4    7532.5   65002.0    3948.6   50000.0 ]
[24-10-31 15:21:10] 235   -13681.53 [    17801.4    7535.5   65002.0    3948.6   50000.0 ]
[24-10-31 15:21:10] 236   -13681.53 [    17801.4    7534.0   65002.0    3948.6   50000.0 ]
[24-10-31 15:21:11] 237   -13681.53 [    17801.4    7534.0   65003.0    3948.6   50000.0 ]
[24-10-31 15:21:11] 238   -13681.52 [    17801.4    7534.0   65000.4    3948.6   50000.0 ]
[24-10-31 15:21:12] 239    -13680.4 [    17801.4    7534.0   64824.0    3948.6   50000.0 ]
[24-10-31 15:21:12] 240   -13677.99 [    17801.4    7534.0   63985.3    3948.6   50000.0 ]
[24-10-31 15:21:13] 241   -13684.19 [    17801.4    7534.0   62628.1    3948.6   50000.0 ]
[24-10-31 15:21:13] 242   -13678.89 [    17801.4    7534.0   63466.9    3948.6   50000.0 ]
[24-10-31 15:21:14] 243   -13678.34 [    17801.4    7534.0   64305.6    3948.6   50000.0 ]
[24-10-31 15:21:14] 244   -13677.99 [    17801.4    7534.0   63975.1    3948.6   50000.0 ]
[24-10-31 15:21:15] 245   -13677.99 [    17801.4    7534.0   63995.4    3948.6   50000.0 ]
[24-10-31 15:21:15] 246   -13677.99 [    17801.4    7534.0   63985.3    3948.6   50000.0 ]
[24-10-31 15:21:16] 247   -13678.04 [    17801.4    7534.0   63985.3    3949.6   50000.0 ]
[24-10-31 15:21:16] 248   -13677.91 [    17801.4    7534.0   63985.3    3946.9   50000.0 ]
[24-10-31 15:21:17] 249   -13676.43 [    17801.4    7534.0   63985.3    3882.9   50000.0 ]
[24-10-31 15:21:17] 250   -13681.14 [    17801.4    7534.0   63985.3    3779.2   50000.0 ]
[24-10-31 15:21:17] 251   -13677.14 [    17801.4    7534.0   63985.3    3843.3   50000.0 ]
[24-10-31 15:21:18] 252   -13676.62 [    17801.4    7534.0   63985.3    3907.4   50000.0 ]
[24-10-31 15:21:18] 253   -13676.42 [    17801.4    7534.0   63985.3    3885.5   50000.0 ]
[24-10-31 15:21:19] 254   -13676.42 [    17801.4    7534.0   63985.3    3884.9   50000.0 ]
[24-10-31 15:21:19] 255   -13676.42 [    17801.4    7534.0   63985.3    3886.1   50000.0 ]
[24-10-31 15:21:20] 256   -13676.42 [    17801.4    7534.0   63985.3    3885.5   50000.0 ]
[24-10-31 15:21:20] 258   -13676.44 [    17801.4    7534.0   63985.3    3885.5   49998.4 ]
[24-10-31 15:21:21] 259   -13676.43 [    17801.4    7534.0   63985.3    3885.5   49999.4 ]
[24-10-31 15:21:21] 261   -13676.43 [    17801.4    7534.0   63985.3    3885.5   49999.7 ]
[24-10-31 15:21:22] 263   -13676.42 [    17801.4    7534.0   63985.3    3885.5   49999.9 ]
[24-10-31 15:21:22] 265   -13676.42 [    17801.4    7534.0   63985.3    3885.5   50000.0 ]
[24-10-31 15:21:23] 267   -13676.42 [    17801.4    7534.0   63985.3    3885.5   50000.0 ]
[24-10-31 15:21:23] 269   -13676.42 [    17801.4    7534.0   63985.3    3885.5   50000.0 ]
[24-10-31 15:21:24] 270   -13676.42 [    17801.4    7534.0   63985.3    3885.5   50000.0 ]
[24-10-31 15:21:24] 272   -13676.42 [    17801.4    7534.0   63985.3    3885.5   50000.0 ]
[24-10-31 15:21:25] 274   -13676.42 [    17801.4    7534.0   63985.3    3885.5   50000.0 ]
[24-10-31 15:21:25] 275   -13676.42 [    17801.4    7534.0   63985.3    3885.5   50000.0 ]
[24-10-31 15:21:26] 276   -13676.42 [    17801.4    7534.0   63985.3    3885.5   50000.0 ]
[24-10-31 15:21:26] 278   -13676.42 [    17801.4    7534.0   63985.3    3885.5   50000.0 ]
[24-10-31 15:21:27] 279   -13676.42 [    17801.4    7534.0   63985.3    3885.5   50000.0 ]
[24-10-31 15:21:27] 281   -13676.42 [    17801.4    7534.0   63985.3    3885.5   50000.0 ]
[24-10-31 15:21:28] 282   -13676.42 [    17802.4    7534.0   63985.3    3885.5   50000.0 ]
[24-10-31 15:21:28] 283   -13676.42 [    17804.0    7534.0   63985.3    3885.5   50000.0 ]
[24-10-31 15:21:28] 284   -13676.39 [    17883.3    7534.0   63985.3    3885.5   50000.0 ]
[24-10-31 15:21:29] 285   -13676.46 [    18011.7    7534.0   63985.3    3885.5   50000.0 ]
[24-10-31 15:21:29] 286    -13676.4 [    17932.3    7534.0   63985.3    3885.5   50000.0 ]
[24-10-31 15:21:30] 287    -13676.4 [    17853.0    7534.0   63985.3    3885.5   50000.0 ]
[24-10-31 15:21:30] 288   -13676.39 [    17884.4    7534.0   63985.3    3885.5   50000.0 ]
[24-10-31 15:21:31] 289   -13676.39 [    17885.2    7534.0   63985.3    3885.5   50000.0 ]
[24-10-31 15:21:31] 290   -13676.39 [    17884.4    7534.0   63985.3    3885.5   50000.0 ]
[24-10-31 15:21:32] 291   -13676.34 [    17884.4    7535.0   63985.3    3885.5   50000.0 ]
[24-10-31 15:21:32] 292   -13676.26 [    17884.4    7536.6   63985.3    3885.5   50000.0 ]
[24-10-31 15:21:33] 293   -13672.78 [    17884.4    7669.2   63985.3    3885.5   50000.0 ]
[24-10-31 15:21:33] 294   -13679.94 [    17884.4    7883.8   63985.3    3885.5   50000.0 ]
[24-10-31 15:21:34] 295   -13673.74 [    17884.4    7751.2   63985.3    3885.5   50000.0 ]
[24-10-31 15:21:34] 296   -13673.35 [    17884.4    7618.6   63985.3    3885.5   50000.0 ]
[24-10-31 15:21:35] 297   -13672.77 [    17884.4    7676.4   63985.3    3885.5   50000.0 ]
[24-10-31 15:21:35] 298   -13672.77 [    17884.4    7675.0   63985.3    3885.5   50000.0 ]
[24-10-31 15:21:36] 299   -13672.77 [    17884.4    7677.8   63985.3    3885.5   50000.0 ]
[24-10-31 15:21:36] 300   -13672.77 [    17884.4    7676.4   63985.3    3885.5   50000.0 ]
[24-10-31 15:21:36] 301   -13672.78 [    17884.4    7676.4   63986.3    3885.5   50000.0 ]
[24-10-31 15:21:37] 302   -13672.76 [    17884.4    7676.4   63983.6    3885.5   50000.0 ]
[24-10-31 15:21:37] 303   -13671.64 [    17884.4    7676.4   63807.3    3885.5   50000.0 ]
[24-10-31 15:21:38] 304   -13669.15 [    17884.4    7676.4   62946.8    3885.5   50000.0 ]
[24-10-31 15:21:38] 305   -13675.55 [    17884.4    7676.4   61554.4    3885.5   50000.0 ]
[24-10-31 15:21:39] 306   -13670.08 [    17884.4    7676.4   62414.9    3885.5   50000.0 ]
[24-10-31 15:21:39] 307   -13669.52 [    17884.4    7676.4   63275.5    3885.5   50000.0 ]
[24-10-31 15:21:40] 308   -13669.15 [    17884.4    7676.4   62936.4    3885.5   50000.0 ]
[24-10-31 15:21:40] 309   -13669.15 [    17884.4    7676.4   62957.2    3885.5   50000.0 ]
[24-10-31 15:21:41] 310   -13669.15 [    17884.4    7676.4   62946.8    3885.5   50000.0 ]
[24-10-31 15:21:41] 311    -13669.2 [    17884.4    7676.4   62946.8    3886.5   50000.0 ]
[24-10-31 15:21:42] 312   -13669.07 [    17884.4    7676.4   62946.8    3883.9   50000.0 ]
[24-10-31 15:21:42] 313   -13667.58 [    17884.4    7676.4   62946.8    3820.7   50000.0 ]
[24-10-31 15:21:42] 314   -13672.31 [    17884.4    7676.4   62946.8    3718.5   50000.0 ]
[24-10-31 15:21:43] 315   -13668.31 [    17884.4    7676.4   62946.8    3781.7   50000.0 ]
[24-10-31 15:21:43] 316   -13667.78 [    17884.4    7676.4   62946.8    3844.9   50000.0 ]
[24-10-31 15:21:44] 317   -13667.58 [    17884.4    7676.4   62946.8    3823.3   50000.0 ]
[24-10-31 15:21:44] 318   -13667.58 [    17884.4    7676.4   62946.8    3822.7   50000.0 ]
[24-10-31 15:21:45] 319   -13667.58 [    17884.4    7676.4   62946.8    3823.9   50000.0 ]
[24-10-31 15:21:45] 320   -13667.58 [    17884.4    7676.4   62946.8    3823.3   50000.0 ]
[24-10-31 15:21:46] 322    -13667.6 [    17884.4    7676.4   62946.8    3823.3   49998.4 ]
[24-10-31 15:21:46] 323   -13667.59 [    17884.4    7676.4   62946.8    3823.3   49999.4 ]
[24-10-31 15:21:47] 325   -13667.59 [    17884.4    7676.4   62946.8    3823.3   49999.7 ]
[24-10-31 15:21:47] 327   -13667.58 [    17884.4    7676.4   62946.8    3823.3   49999.9 ]
[24-10-31 15:21:48] 329   -13667.58 [    17884.4    7676.4   62946.8    3823.3   50000.0 ]
[24-10-31 15:21:48] 331   -13667.58 [    17884.4    7676.4   62946.8    3823.3   50000.0 ]
[24-10-31 15:21:49] 333   -13667.58 [    17884.4    7676.4   62946.8    3823.3   50000.0 ]
[24-10-31 15:21:49] 335   -13667.58 [    17884.4    7676.4   62946.8    3823.3   50000.0 ]
[24-10-31 15:21:49] 337   -13667.58 [    17884.4    7676.4   62946.8    3823.3   50000.0 ]
[24-10-31 15:21:50] 339   -13667.58 [    17884.4    7676.4   62946.8    3823.3   50000.0 ]
[24-10-31 15:21:50] 341   -13667.58 [    17884.4    7676.4   62946.8    3823.3   50000.0 ]
[24-10-31 15:21:51] 343   -13667.58 [    17884.4    7676.4   62946.8    3823.3   50000.0 ]
[24-10-31 15:21:51] 344   -13667.58 [    17884.4    7676.4   62946.8    3823.3   50000.0 ]
[24-10-31 15:21:52] 345   -13667.58 [    17884.4    7676.4   62946.8    3823.3   50000.0 ]
[24-10-31 15:21:52] 347   -13667.58 [    17884.4    7676.4   62946.8    3823.3   50000.0 ]
[24-10-31 15:21:53] 349   -13667.58 [    17884.4    7676.4   62946.8    3823.3   50000.0 ]
[24-10-31 15:21:53] 350   -13667.58 [    17884.4    7676.4   62946.8    3823.3   50000.0 ]
[24-10-31 15:21:54] 352   -13667.58 [    17884.4    7676.4   62946.8    3823.3   50000.0 ]
[24-10-31 15:21:54] 355   -13667.58 [    17884.4    7676.4   62946.8    3823.3   50000.0 ]
[24-10-31 15:21:55] 356   -13667.58 [    17885.4    7676.4   62946.8    3823.3   50000.0 ]
[24-10-31 15:21:55] 357   -13667.58 [    17887.0    7676.4   62946.8    3823.3   50000.0 ]
[24-10-31 15:21:56] 358   -13667.57 [    17944.1    7676.4   62946.8    3823.3   50000.0 ]
[24-10-31 15:21:56] 359    -13667.6 [    18036.5    7676.4   62946.8    3823.3   50000.0 ]
[24-10-31 15:21:57] 360   -13667.57 [    17979.4    7676.4   62946.8    3823.3   50000.0 ]
[24-10-31 15:21:57] 361   -13667.57 [    17922.3    7676.4   62946.8    3823.3   50000.0 ]
[24-10-31 15:21:57] 362   -13667.57 [    17944.7    7676.4   62946.8    3823.3   50000.0 ]
[24-10-31 15:21:58] 363   -13667.57 [    17945.3    7676.4   62946.8    3823.3   50000.0 ]
[24-10-31 15:21:58] 364   -13667.57 [    17944.7    7676.4   62946.8    3823.3   50000.0 ]
[24-10-31 15:21:59] 365   -13667.52 [    17944.7    7677.4   62946.8    3823.3   50000.0 ]
[24-10-31 15:21:59] 366   -13667.44 [    17944.7    7679.0   62946.8    3823.3   50000.0 ]
[24-10-31 15:22:00] 367   -13664.06 [    17944.7    7812.1   62946.8    3823.3   50000.0 ]
[24-10-31 15:22:00] 368   -13671.04 [    17944.7    8027.5   62946.8    3823.3   50000.0 ]
[24-10-31 15:22:01] 369    -13665.0 [    17944.7    7894.4   62946.8    3823.3   50000.0 ]
[24-10-31 15:22:01] 370   -13664.62 [    17944.7    7761.3   62946.8    3823.3   50000.0 ]
[24-10-31 15:22:02] 371   -13664.06 [    17944.7    7819.2   62946.8    3823.3   50000.0 ]
[24-10-31 15:22:02] 372   -13664.06 [    17944.7    7817.7   62946.8    3823.3   50000.0 ]
[24-10-31 15:22:03] 373   -13664.06 [    17944.7    7820.6   62946.8    3823.3   50000.0 ]
[24-10-31 15:22:03] 374   -13664.06 [    17944.7    7819.2   62946.8    3823.3   50000.0 ]
[24-10-31 15:22:04] 375   -13664.06 [    17944.7    7819.2   62947.8    3823.3   50000.0 ]
[24-10-31 15:22:04] 376   -13664.04 [    17944.7    7819.2   62945.2    3823.3   50000.0 ]
[24-10-31 15:22:04] 377   -13662.93 [    17944.7    7819.2   62768.8    3823.3   50000.0 ]
[24-10-31 15:22:05] 378   -13660.45 [    17944.7    7819.2   61900.9    3823.3   50000.0 ]
[24-10-31 15:22:05] 379   -13666.85 [    17944.7    7819.2   60496.5    3823.3   50000.0 ]
[24-10-31 15:22:06] 380   -13661.38 [    17944.7    7819.2   61364.4    3823.3   50000.0 ]
[24-10-31 15:22:06] 381   -13660.82 [    17944.7    7819.2   62232.4    3823.3   50000.0 ]
[24-10-31 15:22:07] 382   -13660.45 [    17944.7    7819.2   61890.4    3823.3   50000.0 ]
[24-10-31 15:22:07] 383   -13660.45 [    17944.7    7819.2   61911.3    3823.3   50000.0 ]
[24-10-31 15:22:08] 384   -13660.45 [    17944.7    7819.2   61900.9    3823.3   50000.0 ]
[24-10-31 15:22:08] 385    -13660.5 [    17944.7    7819.2   61900.9    3824.3   50000.0 ]
[24-10-31 15:22:09] 386   -13660.37 [    17944.7    7819.2   61900.9    3821.7   50000.0 ]
[24-10-31 15:22:09] 387   -13658.82 [    17944.7    7819.2   61900.9    3758.2   50000.0 ]
[24-10-31 15:22:10] 388   -13663.77 [    17944.7    7819.2   61900.9    3655.3   50000.0 ]
[24-10-31 15:22:10] 389   -13659.57 [    17944.7    7819.2   61900.9    3718.9   50000.0 ]
[24-10-31 15:22:11] 390   -13659.02 [    17944.7    7819.2   61900.9    3782.4   50000.0 ]
[24-10-31 15:22:11] 391   -13658.81 [    17944.7    7819.2   61900.9    3760.8   50000.0 ]
[24-10-31 15:22:12] 392   -13658.81 [    17944.7    7819.2   61900.9    3760.2   50000.0 ]
[24-10-31 15:22:12] 393   -13658.81 [    17944.7    7819.2   61900.9    3761.5   50000.0 ]
[24-10-31 15:22:12] 394   -13658.81 [    17944.7    7819.2   61900.9    3760.8   50000.0 ]
[24-10-31 15:22:13] 396   -13658.83 [    17944.7    7819.2   61900.9    3760.8   49998.4 ]
[24-10-31 15:22:13] 397   -13658.82 [    17944.7    7819.2   61900.9    3760.8   49999.4 ]
[24-10-31 15:22:14] 399   -13658.82 [    17944.7    7819.2   61900.9    3760.8   49999.7 ]
[24-10-31 15:22:14] 401   -13658.82 [    17944.7    7819.2   61900.9    3760.8   49999.9 ]
[24-10-31 15:22:15] 403   -13658.81 [    17944.7    7819.2   61900.9    3760.8   50000.0 ]
[24-10-31 15:22:15] 405   -13658.81 [    17944.7    7819.2   61900.9    3760.8   50000.0 ]
[24-10-31 15:22:16] 407   -13658.81 [    17944.7    7819.2   61900.9    3760.8   50000.0 ]
[24-10-31 15:22:16] 409   -13658.81 [    17944.7    7819.2   61900.9    3760.8   50000.0 ]
[24-10-31 15:22:16] 411   -13658.81 [    17944.7    7819.2   61900.9    3760.8   50000.0 ]
[24-10-31 15:22:16] 413   -13658.81 [    17944.7    7819.2   61900.9    3760.8   50000.0 ]
[24-10-31 15:22:17] 415   -13658.81 [    17944.7    7819.2   61900.9    3760.8   50000.0 ]
[24-10-31 15:22:17] 417   -13658.81 [    17944.7    7819.2   61900.9    3760.8   50000.0 ]
[24-10-31 15:22:17] 419   -13658.81 [    17944.7    7819.2   61900.9    3760.8   50000.0 ]
[24-10-31 15:22:18] 421   -13658.81 [    17944.7    7819.2   61900.9    3760.8   50000.0 ]
[24-10-31 15:22:18] 423   -13658.81 [    17944.7    7819.2   61900.9    3760.8   50000.0 ]
[24-10-31 15:22:18] 425   -13658.81 [    17944.7    7819.2   61900.9    3760.8   50000.0 ]
[24-10-31 15:22:18] 427   -13658.81 [    17944.7    7819.2   61900.9    3760.8   50000.0 ]
[24-10-31 15:22:19] 429   -13658.81 [    17944.7    7819.2   61900.9    3760.8   50000.0 ]
[24-10-31 15:22:19] 430   -13658.81 [    17944.7    7819.2   61900.9    3760.8   50000.0 ]
[24-10-31 15:22:19] 432   -13658.81 [    17944.7    7819.2   61900.9    3760.8   50000.0 ]
[24-10-31 15:22:19] 433   -13658.81 [    17944.7    7819.2   61900.9    3760.8   50000.0 ]
[24-10-31 15:22:20] 434   -13658.81 [    17944.7    7819.2   61900.9    3760.8   50000.0 ]
[24-10-31 15:22:20] 436   -13658.81 [    17944.7    7819.2   61900.9    3760.8   50000.0 ]
[24-10-31 15:22:20] 437   -13658.81 [    17944.7    7819.2   61900.9    3760.8   50000.0 ]
[24-10-31 15:22:20] 439   -13658.81 [    17944.7    7819.2   61900.9    3760.8   50000.0 ]
[24-10-31 15:22:21] 440   -13658.81 [    17944.7    7819.2   61900.9    3760.8   50000.0 ]
[24-10-31 15:22:21] 442   -13658.81 [    17944.7    7819.2   61900.9    3760.8   50000.0 ]
[24-10-31 15:22:21] 443   -13658.81 [    17945.7    7819.2   61900.9    3760.8   50000.0 ]
[24-10-31 15:22:22] 444   -13658.81 [    17947.3    7819.2   61900.9    3760.8   50000.0 ]
[24-10-31 15:22:22] 445    -13658.8 [    18003.4    7819.2   61900.9    3760.8   50000.0 ]
[24-10-31 15:22:22] 446   -13658.83 [    18094.2    7819.2   61900.9    3760.8   50000.0 ]
[24-10-31 15:22:22] 447    -13658.8 [    18038.1    7819.2   61900.9    3760.8   50000.0 ]
[24-10-31 15:22:23] 448    -13658.8 [    17982.0    7819.2   61900.9    3760.8   50000.0 ]
[24-10-31 15:22:23] 449    -13658.8 [    18004.0    7819.2   61900.9    3760.8   50000.0 ]
[24-10-31 15:22:23] 450    -13658.8 [    18004.6    7819.2   61900.9    3760.8   50000.0 ]
[24-10-31 15:22:23] 451    -13658.8 [    18004.0    7819.2   61900.9    3760.8   50000.0 ]
[24-10-31 15:22:24] 452   -13658.75 [    18004.0    7820.2   61900.9    3760.8   50000.0 ]
[24-10-31 15:22:24] 453   -13658.67 [    18004.0    7821.8   61900.9    3760.8   50000.0 ]
[24-10-31 15:22:24] 454   -13655.38 [    18004.0    7955.7   61900.9    3760.8   50000.0 ]
[24-10-31 15:22:24] 455   -13662.21 [    18004.0    8172.4   61900.9    3760.8   50000.0 ]
[24-10-31 15:22:25] 456    -13656.3 [    18004.0    8038.5   61900.9    3760.8   50000.0 ]
[24-10-31 15:22:25] 457   -13655.92 [    18004.0    7904.6   61900.9    3760.8   50000.0 ]
[24-10-31 15:22:25] 458   -13655.37 [    18004.0    7962.7   61900.9    3760.8   50000.0 ]
[24-10-31 15:22:25] 459   -13655.37 [    18004.0    7961.3   61900.9    3760.8   50000.0 ]
[24-10-31 15:22:26] 460   -13655.37 [    18004.0    7964.2   61900.9    3760.8   50000.0 ]
[24-10-31 15:22:26] 461   -13655.37 [    18004.0    7962.7   61900.9    3760.8   50000.0 ]
[24-10-31 15:22:26] 462   -13655.38 [    18004.0    7962.7   61901.9    3760.8   50000.0 ]
[24-10-31 15:22:27] 463   -13655.36 [    18004.0    7962.7   61899.2    3760.8   50000.0 ]
[24-10-31 15:22:27] 464   -13654.27 [    18004.0    7962.7   61722.9    3760.8   50000.0 ]
[24-10-31 15:22:27] 465    -13651.8 [    18004.0    7962.7   60851.4    3760.8   50000.0 ]
[24-10-31 15:22:27] 466   -13658.16 [    18004.0    7962.7   59441.2    3760.8   50000.0 ]
[24-10-31 15:22:28] 467   -13652.73 [    18004.0    7962.7   60312.7    3760.8   50000.0 ]
[24-10-31 15:22:28] 468   -13652.17 [    18004.0    7962.7   61184.2    3760.8   50000.0 ]
[24-10-31 15:22:28] 469    -13651.8 [    18004.0    7962.7   60840.9    3760.8   50000.0 ]
[24-10-31 15:22:28] 470    -13651.8 [    18004.0    7962.7   60861.8    3760.8   50000.0 ]
[24-10-31 15:22:29] 471    -13651.8 [    18004.0    7962.7   60851.4    3760.8   50000.0 ]
[24-10-31 15:22:29] 472   -13651.86 [    18004.0    7962.7   60851.4    3761.8   50000.0 ]
[24-10-31 15:22:29] 473   -13651.72 [    18004.0    7962.7   60851.4    3759.2   50000.0 ]
[24-10-31 15:22:29] 474    -13650.1 [    18004.0    7962.7   60851.4    3695.3   50000.0 ]
[24-10-31 15:22:30] 475   -13655.29 [    18004.0    7962.7   60851.4    3591.8   50000.0 ]
[24-10-31 15:22:30] 476   -13650.89 [    18004.0    7962.7   60851.4    3655.7   50000.0 ]
[24-10-31 15:22:30] 477    -13650.3 [    18004.0    7962.7   60851.4    3719.7   50000.0 ]
[24-10-31 15:22:30] 478    -13650.1 [    18004.0    7962.7   60851.4    3698.0   50000.0 ]
[24-10-31 15:22:30] 479    -13650.1 [    18004.0    7962.7   60851.4    3697.4   50000.0 ]
[24-10-31 15:22:31] 480    -13650.1 [    18004.0    7962.7   60851.4    3698.6   50000.0 ]
[24-10-31 15:22:31] 481    -13650.1 [    18004.0    7962.7   60851.4    3698.0   50000.0 ]
[24-10-31 15:22:31] 483   -13650.11 [    18004.0    7962.7   60851.4    3698.0   49998.4 ]
[24-10-31 15:22:31] 484    -13650.1 [    18004.0    7962.7   60851.4    3698.0   49999.4 ]
[24-10-31 15:22:32] 486    -13650.1 [    18004.0    7962.7   60851.4    3698.0   49999.7 ]
[24-10-31 15:22:32] 488    -13650.1 [    18004.0    7962.7   60851.4    3698.0   49999.9 ]
[24-10-31 15:22:32] 490    -13650.1 [    18004.0    7962.7   60851.4    3698.0   50000.0 ]
[24-10-31 15:22:32] 492    -13650.1 [    18004.0    7962.7   60851.4    3698.0   50000.0 ]
[24-10-31 15:22:33] 494    -13650.1 [    18004.0    7962.7   60851.4    3698.0   50000.0 ]
[24-10-31 15:22:33] 496    -13650.1 [    18004.0    7962.7   60851.4    3698.0   50000.0 ]
[24-10-31 15:22:33] 498    -13650.1 [    18004.0    7962.7   60851.4    3698.0   50000.0 ]
[24-10-31 15:22:33] 500    -13650.1 [    18004.0    7962.7   60851.4    3698.0   50000.0 ]
[24-10-31 15:22:33] 502    -13650.1 [    18004.0    7962.7   60851.4    3698.0   50000.0 ]
[24-10-31 15:22:34] 504    -13650.1 [    18004.0    7962.7   60851.4    3698.0   50000.0 ]
[24-10-31 15:22:34] 506    -13650.1 [    18004.0    7962.7   60851.4    3698.0   50000.0 ]
[24-10-31 15:22:34] 508    -13650.1 [    18004.0    7962.7   60851.4    3698.0   50000.0 ]
[24-10-31 15:22:34] 510    -13650.1 [    18004.0    7962.7   60851.4    3698.0   50000.0 ]
[24-10-31 15:22:35] 512    -13650.1 [    18004.0    7962.7   60851.4    3698.0   50000.0 ]
[24-10-31 15:22:35] 514    -13650.1 [    18004.0    7962.7   60851.4    3698.0   50000.0 ]
[24-10-31 15:22:35] 516    -13650.1 [    18004.0    7962.7   60851.4    3698.0   50000.0 ]
[24-10-31 15:22:35] 518    -13650.1 [    18004.0    7962.7   60851.4    3698.0   50000.0 ]
[24-10-31 15:22:36] 520    -13650.1 [    18004.0    7962.7   60851.4    3698.0   50000.0 ]
[24-10-31 15:22:36] 522    -13650.1 [    18004.0    7962.7   60851.4    3698.0   50000.0 ]
[24-10-31 15:22:36] 525    -13650.1 [    18004.0    7962.7   60851.4    3698.0   50000.0 ]
[24-10-31 15:22:36] 526    -13650.1 [    18004.0    7962.7   60851.4    3698.0   50000.0 ]
[24-10-31 15:22:37] 527    -13650.1 [    18004.0    7962.7   60851.4    3698.0   50000.0 ]
[24-10-31 15:22:37] 528    -13650.1 [    18004.0    7962.7   60851.4    3698.0   50000.0 ]
[24-10-31 15:22:37] 529    -13650.1 [    18004.0    7962.7   60851.4    3698.0   50000.0 ]
[24-10-31 15:22:37] 530    -13650.1 [    18004.0    7962.7   60851.4    3698.0   50000.0 ]
[24-10-31 15:22:38] 531    -13650.1 [    18004.0    7962.7   60851.4    3698.0   50000.0 ]
[24-10-31 15:22:38] 532    -13650.1 [    18004.0    7962.7   60851.4    3698.0   50000.0 ]
[24-10-31 15:22:39] 533    -13650.1 [    18004.0    7962.7   60851.4    3698.0   50000.0 ]
[24-10-31 15:22:39] 534    -13650.1 [    18004.0    7962.7   60851.4    3698.0   50000.0 ]
[24-10-31 15:22:39] 535   -13641.47 [    18063.3    8106.3   59801.9    3635.2   50000.0 ]
[24-10-31 15:22:39] 536    -13650.1 [    18004.0    7962.7   60851.4    3698.0   50000.0 ]
[24-10-31 15:22:39] 537   -13641.47 [    18063.3    8106.3   59801.9    3635.2   50000.0 ]
[24-10-31 15:22:40] 538   -13627.72 [    18159.2    8338.6   58103.7    3533.5   50000.0 ]
[24-10-31 15:22:40] 541   -13528.17 [    18921.7   10185.2   44606.1    2725.4   50000.0 ]
[24-10-31 15:22:40] 542   -13575.65 [    18540.4    9261.9   51354.9    3129.4   50000.0 ]
[24-10-31 15:22:40] 544   -13507.58 [    19101.7   10621.1   41419.7    2534.6   50000.0 ]
[24-10-31 15:22:41] 546   -13515.29 [    19032.9   10454.6   42636.8    2607.5   50000.0 ]
[24-10-31 15:22:41] 547   -13502.91 [    19144.2   10724.0   40667.5    2489.6   50000.0 ]
[24-10-31 15:22:41] 548   -13500.06 [    19170.4   10787.6   40202.6    2461.7   50000.0 ]
[24-10-31 15:22:41] 550   -13501.32 [    19158.8   10759.3   40409.1    2474.1   50000.0 ]
[24-10-31 15:22:42] 551   -13500.06 [    19170.4   10787.6   40202.6    2461.7   50000.0 ]
[24-10-31 15:22:42] 552   -13500.06 [    19171.4   10787.6   40202.6    2461.7   50000.0 ]
[24-10-31 15:22:42] 553   -13500.06 [    19173.0   10787.6   40202.6    2461.7   50000.0 ]
[24-10-31 15:22:42] 554   -13499.99 [    19304.7   10787.6   40202.6    2461.7   50000.0 ]
[24-10-31 15:22:43] 555   -13500.15 [    19517.6   10787.6   40202.6    2461.7   50000.0 ]
[24-10-31 15:22:43] 556   -13500.02 [    19386.0   10787.6   40202.6    2461.7   50000.0 ]
[24-10-31 15:22:43] 557    -13500.0 [    19254.4   10787.6   40202.6    2461.7   50000.0 ]
[24-10-31 15:22:43] 558   -13499.99 [    19307.4   10787.6   40202.6    2461.7   50000.0 ]
[24-10-31 15:22:44] 559   -13499.99 [    19308.8   10787.6   40202.6    2461.7   50000.0 ]
[24-10-31 15:22:44] 560   -13499.99 [    19306.1   10787.6   40202.6    2461.7   50000.0 ]
[24-10-31 15:22:44] 561   -13499.99 [    19307.4   10787.6   40202.6    2461.7   50000.0 ]
[24-10-31 15:22:44] 562   -13499.97 [    19307.4   10788.6   40202.6    2461.7   50000.0 ]
[24-10-31 15:22:45] 563   -13499.93 [    19307.4   10790.2   40202.6    2461.7   50000.0 ]
[24-10-31 15:22:45] 564   -13498.43 [    19307.4   10915.1   40202.6    2461.7   50000.0 ]
[24-10-31 15:22:45] 565   -13501.79 [    19307.4   11117.2   40202.6    2461.7   50000.0 ]
[24-10-31 15:22:46] 566    -13498.9 [    19307.4   10992.3   40202.6    2461.7   50000.0 ]
[24-10-31 15:22:46] 567   -13498.67 [    19307.4   10867.4   40202.6    2461.7   50000.0 ]
[24-10-31 15:22:46] 568   -13498.43 [    19307.4   10919.5   40202.6    2461.7   50000.0 ]
[24-10-31 15:22:46] 569   -13498.43 [    19307.4   10918.2   40202.6    2461.7   50000.0 ]
[24-10-31 15:22:47] 570   -13498.43 [    19307.4   10920.8   40202.6    2461.7   50000.0 ]
[24-10-31 15:22:47] 571   -13498.43 [    19307.4   10919.5   40202.6    2461.7   50000.0 ]
[24-10-31 15:22:47] 573   -13498.44 [    19307.4   10919.5   40202.6    2461.7   49998.4 ]
[24-10-31 15:22:47] 574   -13498.43 [    19307.4   10919.5   40202.6    2461.7   49999.4 ]
[24-10-31 15:22:48] 576   -13498.43 [    19307.4   10919.5   40202.6    2461.7   49999.7 ]
[24-10-31 15:22:48] 578   -13498.43 [    19307.4   10919.5   40202.6    2461.7   49999.9 ]
[24-10-31 15:22:48] 580   -13498.43 [    19307.4   10919.5   40202.6    2461.7   50000.0 ]
[24-10-31 15:22:49] 582   -13498.43 [    19307.4   10919.5   40202.6    2461.7   50000.0 ]
[24-10-31 15:22:49] 584   -13498.43 [    19307.4   10919.5   40202.6    2461.7   50000.0 ]
[24-10-31 15:22:49] 586   -13498.43 [    19307.4   10919.5   40202.6    2461.7   50000.0 ]
[24-10-31 15:22:49] 588   -13498.43 [    19307.4   10919.5   40202.6    2461.7   50000.0 ]
[24-10-31 15:22:50] 590   -13498.43 [    19307.4   10919.5   40202.6    2461.7   50000.0 ]
[24-10-31 15:22:50] 592   -13498.43 [    19307.4   10919.5   40202.6    2461.7   50000.0 ]
[24-10-31 15:22:50] 594   -13498.43 [    19307.4   10919.5   40202.6    2461.7   50000.0 ]
[24-10-31 15:22:51] 596   -13498.43 [    19307.4   10919.5   40202.6    2461.7   50000.0 ]
[24-10-31 15:22:51] 598   -13498.43 [    19307.4   10919.5   40202.6    2461.7   50000.0 ]
[24-10-31 15:22:51] 600   -13498.43 [    19307.4   10919.5   40202.6    2461.7   50000.0 ]
[24-10-31 15:22:51] 602   -13498.43 [    19307.4   10919.5   40202.6    2461.7   50000.0 ]
[24-10-31 15:22:52] 604   -13498.43 [    19307.4   10919.5   40202.6    2461.7   50000.0 ]
[24-10-31 15:22:52] 606   -13498.43 [    19307.4   10919.5   40202.6    2461.7   50000.0 ]
[24-10-31 15:22:52] 608   -13498.43 [    19307.4   10919.5   40202.6    2461.7   50000.0 ]
[24-10-31 15:22:52] 609   -13498.43 [    19307.4   10919.5   40202.6    2461.7   50000.0 ]
[24-10-31 15:22:53] 610   -13498.43 [    19307.4   10919.5   40202.6    2461.7   50000.0 ]
[24-10-31 15:22:53] 612   -13498.43 [    19307.4   10919.5   40202.6    2461.7   50000.0 ]
[24-10-31 15:22:53] 613   -13498.43 [    19307.4   10919.5   40202.6    2461.7   50000.0 ]
[24-10-31 15:22:54] 614   -13498.43 [    19307.4   10919.5   40202.6    2461.7   50000.0 ]
[24-10-31 15:22:54] 615   -13498.43 [    19307.4   10919.5   40202.6    2461.7   50000.0 ]
[24-10-31 15:22:54] 616   -13498.43 [    19307.4   10919.5   40202.6    2461.7   50000.0 ]
[24-10-31 15:22:54] 617   -13498.43 [    19307.4   10919.5   40202.6    2461.7   50000.0 ]
[24-10-31 15:22:55] 618   -13498.48 [    19307.4   10919.5   40202.6    2462.7   50000.0 ]
[24-10-31 15:22:55] 619   -13498.35 [    19307.4   10919.5   40202.6    2460.1   50000.0 ]
[24-10-31 15:22:55] 620   -13497.69 [    19307.4   10919.5   40202.6    2433.7   50000.0 ]
[24-10-31 15:22:56] 621   -13499.65 [    19307.4   10919.5   40202.6    2391.0   50000.0 ]
[24-10-31 15:22:56] 622   -13497.99 [    19307.4   10919.5   40202.6    2417.4   50000.0 ]
[24-10-31 15:22:56] 623   -13497.78 [    19307.4   10919.5   40202.6    2443.8   50000.0 ]
[24-10-31 15:22:56] 624   -13497.69 [    19307.4   10919.5   40202.6    2434.5   50000.0 ]
[24-10-31 15:22:57] 625   -13497.69 [    19307.4   10919.5   40202.6    2434.2   50000.0 ]
[24-10-31 15:22:57] 626   -13497.69 [    19307.4   10919.5   40202.6    2434.8   50000.0 ]
[24-10-31 15:22:57] 627   -13497.69 [    19307.4   10919.5   40202.6    2434.5   50000.0 ]
[24-10-31 15:22:57] 634   -13496.82 [    19315.6   10939.2   40058.8    2425.9   50000.0 ]
[24-10-31 15:22:58] 635   -13497.25 [    19311.5   10929.3   40130.7    2430.2   50000.0 ]
[24-10-31 15:22:58] 639   -13496.48 [    19318.7   10946.7   40003.8    2422.6   50000.0 ]
[24-10-31 15:22:58] 641   -13496.61 [    19317.5   10943.8   40024.8    2423.8   50000.0 ]
[24-10-31 15:22:59] 643   -13496.53 [    19318.2   10945.6   40011.9    2423.1   50000.0 ]
[24-10-31 15:22:59] 645    -13496.5 [    19318.5   10946.3   40006.9    2422.8   50000.0 ]
[24-10-31 15:22:59] 646   -13496.47 [    19318.8   10947.0   40001.9    2422.5   50000.0 ]
[24-10-31 15:22:59] 648   -13496.47 [    19318.8   10947.0   40001.9    2422.5   50000.0 ]
[24-10-31 15:23:00] 649   -13496.47 [    19319.8   10947.0   40001.9    2422.5   50000.0 ]
[24-10-31 15:23:00] 650   -13496.47 [    19321.4   10947.0   40001.9    2422.5   50000.0 ]
[24-10-31 15:23:00] 651    -13496.2 [    19497.8   10947.0   40001.9    2422.5   50000.0 ]
[24-10-31 15:23:00] 652   -13496.14 [    19624.6   10947.0   40001.9    2422.5   50000.0 ]
[24-10-31 15:23:01] 653   -13496.26 [    19829.8   10947.0   40001.9    2422.5   50000.0 ]
[24-10-31 15:23:01] 654   -13496.15 [    19703.0   10947.0   40001.9    2422.5   50000.0 ]
[24-10-31 15:23:01] 655   -13496.15 [    19576.1   10947.0   40001.9    2422.5   50000.0 ]
[24-10-31 15:23:01] 656   -13496.14 [    19633.1   10947.0   40001.9    2422.5   50000.0 ]
[24-10-31 15:23:02] 657   -13496.14 [    19629.9   10947.0   40001.9    2422.5   50000.0 ]
[24-10-31 15:23:02] 658   -13496.14 [    19636.2   10947.0   40001.9    2422.5   50000.0 ]
[24-10-31 15:23:02] 659   -13496.14 [    19633.1   10947.0   40001.9    2422.5   50000.0 ]
[24-10-31 15:23:02] 660   -13496.13 [    19633.1   10948.0   40001.9    2422.5   50000.0 ]
[24-10-31 15:23:02] 661   -13496.11 [    19633.1   10949.6   40001.9    2422.5   50000.0 ]
[24-10-31 15:23:03] 662    -13495.9 [    19633.1   10998.1   40001.9    2422.5   50000.0 ]
[24-10-31 15:23:03] 663   -13496.42 [    19633.1   11076.5   40001.9    2422.5   50000.0 ]
[24-10-31 15:23:03] 664   -13495.98 [    19633.1   11028.0   40001.9    2422.5   50000.0 ]
[24-10-31 15:23:03] 665   -13495.94 [    19633.1   10979.5   40001.9    2422.5   50000.0 ]
[24-10-31 15:23:04] 666    -13495.9 [    19633.1   10998.7   40001.9    2422.5   50000.0 ]
[24-10-31 15:23:04] 667    -13495.9 [    19633.1   10999.2   40001.9    2422.5   50000.0 ]
[24-10-31 15:23:04] 668    -13495.9 [    19633.1   10998.7   40001.9    2422.5   50000.0 ]
[24-10-31 15:23:04] 670   -13495.92 [    19633.1   10998.7   40001.9    2422.5   49998.4 ]
[24-10-31 15:23:05] 671   -13495.91 [    19633.1   10998.7   40001.9    2422.5   49999.4 ]
[24-10-31 15:23:05] 673   -13495.91 [    19633.1   10998.7   40001.9    2422.5   49999.7 ]
[24-10-31 15:23:05] 675   -13495.91 [    19633.1   10998.7   40001.9    2422.5   49999.9 ]
[24-10-31 15:23:05] 677    -13495.9 [    19633.1   10998.7   40001.9    2422.5   50000.0 ]
[24-10-31 15:23:06] 679    -13495.9 [    19633.1   10998.7   40001.9    2422.5   50000.0 ]
[24-10-31 15:23:06] 681    -13495.9 [    19633.1   10998.7   40001.9    2422.5   50000.0 ]
[24-10-31 15:23:06] 683    -13495.9 [    19633.1   10998.7   40001.9    2422.5   50000.0 ]
[24-10-31 15:23:06] 685    -13495.9 [    19633.1   10998.7   40001.9    2422.5   50000.0 ]
[24-10-31 15:23:07] 687    -13495.9 [    19633.1   10998.7   40001.9    2422.5   50000.0 ]
[24-10-31 15:23:07] 689    -13495.9 [    19633.1   10998.7   40001.9    2422.5   50000.0 ]
[24-10-31 15:23:07] 691    -13495.9 [    19633.1   10998.7   40001.9    2422.5   50000.0 ]
[24-10-31 15:23:07] 693    -13495.9 [    19633.1   10998.7   40001.9    2422.5   50000.0 ]
[24-10-31 15:23:07] 695    -13495.9 [    19633.1   10998.7   40001.9    2422.5   50000.0 ]
[24-10-31 15:23:08] 697    -13495.9 [    19633.1   10998.7   40001.9    2422.5   50000.0 ]
[24-10-31 15:23:08] 699    -13495.9 [    19633.1   10998.7   40001.9    2422.5   50000.0 ]
[24-10-31 15:23:08] 701    -13495.9 [    19633.1   10998.7   40001.9    2422.5   50000.0 ]
[24-10-31 15:23:08] 703    -13495.9 [    19633.1   10998.7   40001.9    2422.5   50000.0 ]
[24-10-31 15:23:09] 705    -13495.9 [    19633.1   10998.7   40001.9    2422.5   50000.0 ]
[24-10-31 15:23:09] 707    -13495.9 [    19633.1   10998.7   40001.9    2422.5   50000.0 ]
[24-10-31 15:23:09] 709    -13495.9 [    19633.1   10998.7   40001.9    2422.5   50000.0 ]
[24-10-31 15:23:09] 710    -13495.9 [    19633.1   10998.7   40001.9    2422.5   50000.0 ]
[24-10-31 15:23:10] 711    -13495.9 [    19633.1   10998.7   40001.9    2422.5   50000.0 ]
[24-10-31 15:23:10] 712    -13495.9 [    19633.1   10998.7   40001.9    2422.5   50000.0 ]
[24-10-31 15:23:10] 713    -13495.9 [    19633.1   10998.7   40001.9    2422.5   50000.0 ]
[24-10-31 15:23:10] 714    -13495.9 [    19633.1   10998.7   40001.9    2422.5   50000.0 ]
[24-10-31 15:23:11] 715    -13495.9 [    19633.1   10998.7   40001.9    2422.5   50000.0 ]
[24-10-31 15:23:11] 716    -13495.9 [    19633.1   10998.7   40001.9    2422.5   50000.0 ]
[24-10-31 15:23:11] 717    -13495.9 [    19633.1   10998.7   40001.9    2422.5   50000.0 ]
[24-10-31 15:23:11] 718    -13495.9 [    19633.1   10998.7   40001.9    2422.5   50000.0 ]
[24-10-31 15:23:12] 719    -13495.9 [    19633.1   10998.7   40001.9    2422.5   50000.0 ]
[24-10-31 15:23:12] 720    -13495.9 [    19633.1   10998.7   40001.9    2422.5   50000.0 ]
[24-10-31 15:23:12] 721    -13495.9 [    19633.1   10998.7   40001.9    2422.5   50000.0 ]
[24-10-31 15:23:12] 722   -13495.92 [    19633.1   10998.7   40001.9    2423.5   50000.0 ]
[24-10-31 15:23:12] 723   -13495.89 [    19633.1   10998.7   40001.9    2420.9   50000.0 ]
[24-10-31 15:23:13] 724   -13495.88 [    19633.1   10998.7   40001.9    2417.4   50000.0 ]
[24-10-31 15:23:13] 725   -13495.91 [    19633.1   10998.7   40001.9    2411.7   50000.0 ]
[24-10-31 15:23:13] 726   -13495.88 [    19633.1   10998.7   40001.9    2415.2   50000.0 ]
[24-10-31 15:23:13] 727   -13495.88 [    19633.1   10998.7   40001.9    2418.7   50000.0 ]
[24-10-31 15:23:14] 728   -13495.88 [    19633.1   10998.7   40001.9    2417.4   50000.0 ]
[24-10-31 15:23:14] 729   -13495.88 [    19633.1   10998.7   40001.9    2417.3   50000.0 ]
[24-10-31 15:23:14] 730   -13495.88 [    19633.1   10998.7   40001.9    2417.4   50000.0 ]
[24-10-31 15:23:14] 738   -13501.57 [    19580.5   10871.4   40932.8    2473.1   50000.0 ]
[24-10-31 15:23:15] 739   -13498.71 [    19606.8   10935.0   40467.3    2445.2   50000.0 ]
[24-10-31 15:23:15] 740   -13496.96 [    19623.0   10974.4   40179.7    2428.0   50000.0 ]
[24-10-31 15:23:15] 741   -13496.29 [    19629.2   10989.4   40069.8    2421.4   50000.0 ]
[24-10-31 15:23:15] 743   -13496.04 [    19631.6   10995.2   40027.8    2418.9   50000.0 ]
[24-10-31 15:23:16] 745   -13495.94 [    19632.5   10997.4   40011.8    2417.9   50000.0 ]
[24-10-31 15:23:16] 747    -13495.9 [    19632.8   10998.2   40005.6    2417.6   50000.0 ]
[24-10-31 15:23:16] 749   -13495.89 [    19633.0   10998.5   40003.3    2417.4   50000.0 ]
[24-10-31 15:23:16] 750   -13495.87 [    19633.1   10998.9   40000.7    2417.3   50000.0 ]
[24-10-31 15:23:17] 752   -13495.87 [    19633.1   10998.8   40001.1    2417.3   50000.0 ]
[24-10-31 15:23:17] 753   -13495.87 [    19633.1   10998.9   40000.4    2417.3   50000.0 ]
[24-10-31 15:23:17] 754   -13495.87 [    19633.2   10998.9   40000.2    2417.3   50000.0 ]
[24-10-31 15:23:17] 755   -13495.87 [    19633.2   10998.9   40000.1    2417.2   50000.0 ]
[24-10-31 15:23:18] 756   -13495.87 [    19633.2   10999.0   40000.1    2417.2   50000.0 ]
[24-10-31 15:23:18] 757   -13495.87 [    19633.2   10999.0   40000.0    2417.2   50000.0 ]
[24-10-31 15:23:18] 758   -13495.87 [    19633.2   10999.0   40000.0    2417.2   50000.0 ]
Optimization terminated successfully.
         Current function value: 13495.866698
         Iterations: 9
         Function evaluations: 759
[24-10-31 15:23:18] 759      fit p: [    19633.2   10999.0   40000.0    2417.2   50000.0 ]
method: Powell
objective_func: objective_H2
fopt: -13495.866697503796
max_iter: 100
num_iter: 9
func_calls: 759
flag: 0
u_fitted: False
u: 1.111e-08
