[24-10-31 15:17:10] fitting objective_H2 to data for demes ['French', 'KhomaniSan', 'Yoruba']
[24-10-31 15:17:10] 0        pnames [         NK       NFY       TFY        NF        NY ]
[24-10-31 15:17:10] 0            p0 [    27413.2   24547.3   44241.4    7577.7   20920.9 ]
[24-10-31 15:17:10] 1     -24299.82 [    27413.2   24547.3   44241.4    7577.7   20920.9 ]
[24-10-31 15:17:11] 2     -24299.82 [    27413.2   24547.3   44241.4    7577.7   20920.9 ]
[24-10-31 15:17:11] 3      -24299.8 [    27414.2   24547.3   44241.4    7577.7   20920.9 ]
[24-10-31 15:17:11] 4     -24299.79 [    27415.8   24547.3   44241.4    7577.7   20920.9 ]
[24-10-31 15:17:11] 5     -24297.83 [    27592.2   24547.3   44241.4    7577.7   20920.9 ]
[24-10-31 15:17:12] 6     -24270.39 [    31741.7   24547.3   44241.4    7577.7   20920.9 ]
[24-10-31 15:17:12] 7     -24269.06 [    38455.8   24547.3   44241.4    7577.7   20920.9 ]
[24-10-31 15:17:12] 8     -24265.51 [    35266.4   24547.3   44241.4    7577.7   20920.9 ]
[24-10-31 15:17:12] 9      -24266.0 [    33920.1   24547.3   44241.4    7577.7   20920.9 ]
[24-10-31 15:17:13] 10    -24266.19 [    36484.6   24547.3   44241.4    7577.7   20920.9 ]
[24-10-31 15:17:13] 11    -24265.49 [    35101.0   24547.3   44241.4    7577.7   20920.9 ]
[24-10-31 15:17:13] 12    -24265.49 [    35024.1   24547.3   44241.4    7577.7   20920.9 ]
[24-10-31 15:17:13] 13    -24265.49 [    34948.0   24547.3   44241.4    7577.7   20920.9 ]
[24-10-31 15:17:14] 14    -24265.49 [    35024.1   24547.3   44241.4    7577.7   20920.9 ]
[24-10-31 15:17:14] 15    -24265.81 [    35024.1   24548.3   44241.4    7577.7   20920.9 ]
[24-10-31 15:17:14] 16    -24264.98 [    35024.1   24545.7   44241.4    7577.7   20920.9 ]
[24-10-31 15:17:14] 17    -24264.15 [    35024.1   24543.1   44241.4    7577.7   20920.9 ]
[24-10-31 15:17:15] 18    -24262.81 [    35024.1   24538.8   44241.4    7577.7   20920.9 ]
[24-10-31 15:17:15] 19    -24260.64 [    35024.1   24532.0   44241.4    7577.7   20920.9 ]
[24-10-31 15:17:15] 20    -24257.13 [    35024.1   24520.9   44241.4    7577.7   20920.9 ]
[24-10-31 15:17:15] 21    -24251.45 [    35024.1   24502.9   44241.4    7577.7   20920.9 ]
[24-10-31 15:17:16] 22    -24242.24 [    35024.1   24473.9   44241.4    7577.7   20920.9 ]
[24-10-31 15:17:16] 23    -24227.31 [    35024.1   24426.9   44241.4    7577.7   20920.9 ]
[24-10-31 15:17:16] 24    -24203.08 [    35024.1   24350.9   44241.4    7577.7   20920.9 ]
[24-10-31 15:17:16] 25    -24163.68 [    35024.1   24227.9   44241.4    7577.7   20920.9 ]
[24-10-31 15:17:17] 26     -24099.4 [    35024.1   24028.9   44241.4    7577.7   20920.9 ]
[24-10-31 15:17:17] 27    -23994.03 [    35024.1   23706.9   44241.4    7577.7   20920.9 ]
[24-10-31 15:17:17] 28    -23819.87 [    35024.1   23185.9   44241.4    7577.7   20920.9 ]
[24-10-31 15:17:17] 29    -23528.21 [    35024.1   22342.9   44241.4    7577.7   20920.9 ]
[24-10-31 15:17:18] 30    -23029.52 [    35024.1   20978.9   44241.4    7577.7   20920.9 ]
[24-10-31 15:17:18] 31    -22149.96 [    35024.1   18771.9   44241.4    7577.7   20920.9 ]
[24-10-31 15:17:18] 32    -20552.63 [    35024.1   15200.9   44241.4    7577.7   20920.9 ]
[24-10-31 15:17:19] 33    -18435.78 [    35024.1    9422.9   44241.4    7577.7   20920.9 ]
[24-10-31 15:17:19] 35    -72398.57 [    35024.1    2444.9   44241.4    7577.7   20920.9 ]
[24-10-31 15:17:19] 36    -20184.96 [    35024.1    6757.6   44241.4    7577.7   20920.9 ]
[24-10-31 15:17:19] 37    -18644.09 [    35024.1    8290.2   44241.4    7577.7   20920.9 ]
[24-10-31 15:17:20] 38    -18441.55 [    35024.1    9154.9   44241.4    7577.7   20920.9 ]
[24-10-31 15:17:20] 39    -18441.81 [    35024.1    9574.2   44241.4    7577.7   20920.9 ]
[24-10-31 15:17:20] 40    -18435.78 [    35024.1    9422.9   44241.4    7577.7   20920.9 ]
[24-10-31 15:17:20] 41    -18435.74 [    35024.1    9422.9   44242.4    7577.7   20920.9 ]
[24-10-31 15:17:21] 42    -18435.69 [    35024.1    9422.9   44244.0    7577.7   20920.9 ]
[24-10-31 15:17:21] 43    -18429.37 [    35024.1    9422.9   44420.4    7577.7   20920.9 ]
[24-10-31 15:17:21] 44    -18243.88 [    35024.1    9422.9   55176.4    7577.7   20920.9 ]
[24-10-31 15:17:21] 45    -18836.68 [    35024.1    9422.9   72579.9    7577.7   20920.9 ]
[24-10-31 15:17:22] 46    -18334.55 [    35024.1    9422.9   61823.9    7577.7   20920.9 ]
[24-10-31 15:17:22] 47    -18267.54 [    35024.1    9422.9   51068.0    7577.7   20920.9 ]
[24-10-31 15:17:22] 48    -18243.55 [    35024.1    9422.9   54718.6    7577.7   20920.9 ]
[24-10-31 15:17:22] 49    -18243.56 [    35024.1    9422.9   54823.3    7577.7   20920.9 ]
[24-10-31 15:17:23] 50    -18243.58 [    35024.1    9422.9   54613.8    7577.7   20920.9 ]
[24-10-31 15:17:23] 51    -18243.55 [    35024.1    9422.9   54718.6    7577.7   20920.9 ]
[24-10-31 15:17:23] 52    -18244.21 [    35024.1    9422.9   54718.6    7578.7   20920.9 ]
[24-10-31 15:17:23] 53    -18242.48 [    35024.1    9422.9   54718.6    7576.1   20920.9 ]
[24-10-31 15:17:24] 54    -18240.74 [    35024.1    9422.9   54718.6    7573.5   20920.9 ]
[24-10-31 15:17:24] 55    -18237.94 [    35024.1    9422.9   54718.6    7569.2   20920.9 ]
[24-10-31 15:17:24] 56    -18233.39 [    35024.1    9422.9   54718.6    7562.4   20920.9 ]
[24-10-31 15:17:24] 57    -18226.03 [    35024.1    9422.9   54718.6    7551.3   20920.9 ]
[24-10-31 15:17:25] 58    -18214.09 [    35024.1    9422.9   54718.6    7533.3   20920.9 ]
[24-10-31 15:17:25] 59    -18194.71 [    35024.1    9422.9   54718.6    7504.3   20920.9 ]
[24-10-31 15:17:25] 60    -18163.19 [    35024.1    9422.9   54718.6    7457.3   20920.9 ]
[24-10-31 15:17:25] 61    -18111.78 [    35024.1    9422.9   54718.6    7381.3   20920.9 ]
[24-10-31 15:17:26] 62    -18027.49 [    35024.1    9422.9   54718.6    7258.3   20920.9 ]
[24-10-31 15:17:26] 63    -17888.21 [    35024.1    9422.9   54718.6    7059.3   20920.9 ]
[24-10-31 15:17:26] 64    -17655.22 [    35024.1    9422.9   54718.6    6737.3   20920.9 ]
[24-10-31 15:17:26] 65    -17258.63 [    35024.1    9422.9   54718.6    6216.3   20920.9 ]
[24-10-31 15:17:27] 66     -16572.2 [    35024.1    9422.9   54718.6    5373.3   20920.9 ]
[24-10-31 15:17:27] 67    -15459.35 [    35024.1    9422.9   54718.6    4009.3   20920.9 ]
[24-10-31 15:17:27] 68    -17465.24 [    35024.1    9422.9   54718.6    1802.3   20920.9 ]
[24-10-31 15:17:28] 69    -15050.57 [    35024.1    9422.9   54718.6    3166.3   20920.9 ]
[24-10-31 15:17:28] 70    -15204.38 [    35024.1    9422.9   54718.6    2645.3   20920.9 ]
[24-10-31 15:17:28] 71    -15046.07 [    35024.1    9422.9   54718.6    3122.2   20920.9 ]
[24-10-31 15:17:28] 72    -15044.14 [    35024.1    9422.9   54718.6    3077.6   20920.9 ]
[24-10-31 15:17:29] 73    -15063.02 [    35024.1    9422.9   54718.6    2912.5   20920.9 ]
[24-10-31 15:17:29] 74    -15045.04 [    35024.1    9422.9   54718.6    3032.6   20920.9 ]
[24-10-31 15:17:29] 75    -15044.14 [    35024.1    9422.9   54718.6    3077.6   20920.9 ]
[24-10-31 15:17:30] 76    -15044.03 [    35024.1    9422.9   54718.6    3077.6   20921.9 ]
[24-10-31 15:17:30] 77    -15043.84 [    35024.1    9422.9   54718.6    3077.6   20923.5 ]
[24-10-31 15:17:30] 78    -15023.54 [    35024.1    9422.9   54718.6    3077.6   21099.9 ]
[24-10-31 15:17:30] 79    -14408.41 [    35024.1    9422.9   54718.6    3077.6   29212.3 ]
[24-10-31 15:17:31] 80    -13991.27 [    35024.1    9422.9   54718.6    3077.6   42338.5 ]
[24-10-31 15:17:31] 81    -13969.97 [    35024.1    9422.9   54718.6    3077.6   43437.1 ]
[24-10-31 15:17:31] 82    -13938.16 [    35024.1    9422.9   54718.6    3077.6   45214.6 ]
[24-10-31 15:17:31] 85     -13899.8 [    35024.1    9422.9   54718.6    3077.6   47609.5 ]
[24-10-31 15:17:32] 86    -13918.38 [    35024.1    9422.9   54718.6    3077.6   46412.0 ]
[24-10-31 15:17:32] 87    -13878.33 [    35024.1    9422.9   54718.6    3077.6   49089.7 ]
[24-10-31 15:17:32] 89    -13886.34 [    35024.1    9422.9   54718.6    3077.6   48524.3 ]
[24-10-31 15:17:33] 90    -13873.49 [    35024.1    9422.9   54718.6    3077.6   49439.1 ]
[24-10-31 15:17:33] 92    -13873.49 [    35024.1    9422.9   54718.6    3077.6   49439.1 ]
[24-10-31 15:17:33] 93    -13873.51 [    35025.1    9422.9   54718.6    3077.6   49439.1 ]
[24-10-31 15:17:33] 94    -13873.46 [    35022.5    9422.9   54718.6    3077.6   49439.1 ]
[24-10-31 15:17:34] 95    -13873.41 [    35019.9    9422.9   54718.6    3077.6   49439.1 ]
[24-10-31 15:17:34] 96    -13873.33 [    35015.7    9422.9   54718.6    3077.6   49439.1 ]
[24-10-31 15:17:34] 97     -13873.2 [    35008.8    9422.9   54718.6    3077.6   49439.1 ]
[24-10-31 15:17:34] 98    -13872.99 [    34997.7    9422.9   54718.6    3077.6   49439.1 ]
[24-10-31 15:17:35] 99    -13872.65 [    34979.8    9422.9   54718.6    3077.6   49439.1 ]
[24-10-31 15:17:35] 100    -13872.1 [    34950.7    9422.9   54718.6    3077.6   49439.1 ]
[24-10-31 15:17:35] 101   -13871.21 [    34903.8    9422.9   54718.6    3077.6   49439.1 ]
[24-10-31 15:17:35] 102   -13869.77 [    34827.8    9422.9   54718.6    3077.6   49439.1 ]
[24-10-31 15:17:36] 103   -13867.43 [    34704.8    9422.9   54718.6    3077.6   49439.1 ]
[24-10-31 15:17:36] 104   -13863.64 [    34505.8    9422.9   54718.6    3077.6   49439.1 ]
[24-10-31 15:17:36] 105   -13857.49 [    34183.8    9422.9   54718.6    3077.6   49439.1 ]
[24-10-31 15:17:36] 106   -13847.49 [    33662.8    9422.9   54718.6    3077.6   49439.1 ]
[24-10-31 15:17:37] 107   -13831.19 [    32819.8    9422.9   54718.6    3077.6   49439.1 ]
[24-10-31 15:17:37] 108   -13804.59 [    31455.8    9422.9   54718.6    3077.6   49439.1 ]
[24-10-31 15:17:37] 109   -13761.52 [    29248.8    9422.9   54718.6    3077.6   49439.1 ]
[24-10-31 15:17:37] 110   -13695.48 [    25677.8    9422.9   54718.6    3077.6   49439.1 ]
[24-10-31 15:17:38] 112    -17584.0 [     6405.7    9422.9   54718.6    3077.6   49439.1 ]
[24-10-31 15:17:38] 113   -13646.65 [    18316.5    9422.9   54718.6    3077.6   49439.1 ]
[24-10-31 15:17:38] 114   -13643.26 [    21807.6    9422.9   54718.6    3077.6   49439.1 ]
[24-10-31 15:17:38] 115   -13635.68 [    20309.6    9422.9   54718.6    3077.6   49439.1 ]
[24-10-31 15:17:39] 116   -13635.55 [    20162.5    9422.9   54718.6    3077.6   49439.1 ]
[24-10-31 15:17:39] 117   -13635.54 [    20013.9    9422.9   54718.6    3077.6   49439.1 ]
[24-10-31 15:17:39] 118   -13637.18 [    19365.5    9422.9   54718.6    3077.6   49439.1 ]
[24-10-31 15:17:39] 119   -13635.68 [    19863.8    9422.9   54718.6    3077.6   49439.1 ]
[24-10-31 15:17:40] 120   -13635.54 [    20013.9    9422.9   54718.6    3077.6   49439.1 ]
[24-10-31 15:17:40] 121   -13635.59 [    20013.9    9423.9   54718.6    3077.6   49439.1 ]
[24-10-31 15:17:40] 122   -13635.47 [    20013.9    9421.3   54718.6    3077.6   49439.1 ]
[24-10-31 15:17:40] 123    -13631.1 [    20013.9    9244.9   54718.6    3077.6   49439.1 ]
[24-10-31 15:17:41] 124   -13631.04 [    20013.9    9216.4   54718.6    3077.6   49439.1 ]
[24-10-31 15:17:41] 125   -13631.34 [    20013.9    9170.1   54718.6    3077.6   49439.1 ]
[24-10-31 15:17:42] 126   -13631.09 [    20013.9    9198.7   54718.6    3077.6   49439.1 ]
[24-10-31 15:17:42] 127   -13631.04 [    20013.9    9227.3   54718.6    3077.6   49439.1 ]
[24-10-31 15:17:43] 128   -13631.03 [    20013.9    9221.3   54718.6    3077.6   49439.1 ]
[24-10-31 15:17:43] 129   -13631.03 [    20013.9    9219.3   54718.6    3077.6   49439.1 ]
[24-10-31 15:17:44] 130   -13631.03 [    20013.9    9223.3   54718.6    3077.6   49439.1 ]
[24-10-31 15:17:44] 131   -13631.03 [    20013.9    9221.3   54718.6    3077.6   49439.1 ]
[24-10-31 15:17:44] 132   -13631.06 [    20013.9    9221.3   54719.6    3077.6   49439.1 ]
[24-10-31 15:17:45] 133    -13631.0 [    20013.9    9221.3   54717.0    3077.6   49439.1 ]
[24-10-31 15:17:45] 134   -13627.19 [    20013.9    9221.3   54540.6    3077.6   49439.1 ]
[24-10-31 15:17:46] 135   -13592.12 [    20013.9    9221.3   51200.4    3077.6   49439.1 ]
[24-10-31 15:17:46] 136   -13684.93 [    20013.9    9221.3   45795.7    3077.6   49439.1 ]
[24-10-31 15:17:47] 137   -13605.69 [    20013.9    9221.3   49136.0    3077.6   49439.1 ]
[24-10-31 15:17:47] 138    -13597.2 [    20013.9    9221.3   52476.2    3077.6   49439.1 ]
[24-10-31 15:17:48] 139   -13592.12 [    20013.9    9221.3   51235.5    3077.6   49439.1 ]
[24-10-31 15:17:48] 140   -13592.12 [    20013.9    9221.3   51165.2    3077.6   49439.1 ]
[24-10-31 15:17:48] 141   -13592.12 [    20013.9    9221.3   51200.4    3077.6   49439.1 ]
[24-10-31 15:17:49] 142   -13592.07 [    20013.9    9221.3   51200.4    3078.6   49439.1 ]
[24-10-31 15:17:49] 143   -13591.99 [    20013.9    9221.3   51200.4    3080.3   49439.1 ]
[24-10-31 15:17:50] 144   -13591.07 [    20013.9    9221.3   51200.4    3117.4   49439.1 ]
[24-10-31 15:17:50] 145   -13593.14 [    20013.9    9221.3   51200.4    3177.6   49439.1 ]
[24-10-31 15:17:51] 146   -13591.35 [    20013.9    9221.3   51200.4    3140.4   49439.1 ]
[24-10-31 15:17:51] 147   -13591.21 [    20013.9    9221.3   51200.4    3103.2   49439.1 ]
[24-10-31 15:17:52] 148   -13591.06 [    20013.9    9221.3   51200.4    3118.7   49439.1 ]
[24-10-31 15:17:52] 149   -13591.06 [    20013.9    9221.3   51200.4    3118.3   49439.1 ]
[24-10-31 15:17:52] 150   -13591.07 [    20013.9    9221.3   51200.4    3119.1   49439.1 ]
[24-10-31 15:17:53] 151   -13591.06 [    20013.9    9221.3   51200.4    3118.7   49439.1 ]
[24-10-31 15:17:53] 152   -13591.05 [    20013.9    9221.3   51200.4    3118.7   49440.1 ]
[24-10-31 15:17:54] 153   -13591.04 [    20013.9    9221.3   51200.4    3118.7   49441.7 ]
[24-10-31 15:17:54] 154   -13589.22 [    20013.9    9221.3   51200.4    3118.7   49618.1 ]
[24-10-31 15:17:55] 160   -13587.63 [    20013.9    9221.3   51200.4    3118.7   49774.4 ]
[24-10-31 15:17:55] 161   -13588.42 [    20013.9    9221.3   51200.4    3118.7   49696.2 ]
[24-10-31 15:17:55] 162   -13586.65 [    20013.9    9221.3   51200.4    3118.7   49871.0 ]
[24-10-31 15:17:56] 163   -13586.04 [    20013.9    9221.3   51200.4    3118.7   49930.7 ]
[24-10-31 15:17:56] 164   -13585.67 [    20013.9    9221.3   51200.4    3118.7   49967.6 ]
[24-10-31 15:17:57] 165   -13585.44 [    20013.9    9221.3   51200.4    3118.7   49990.4 ]
[24-10-31 15:17:57] 167   -13585.53 [    20013.9    9221.3   51200.4    3118.7   49981.7 ]
[24-10-31 15:17:58] 168   -13585.39 [    20013.9    9221.3   51200.4    3118.7   49995.9 ]
[24-10-31 15:17:58] 170   -13585.39 [    20013.9    9221.3   51200.4    3118.7   49995.9 ]
[24-10-31 15:17:58] 171    -13585.4 [    20014.9    9221.3   51200.4    3118.7   49995.9 ]
[24-10-31 15:17:59] 172   -13585.37 [    20012.3    9221.3   51200.4    3118.7   49995.9 ]
[24-10-31 15:17:59] 173   -13583.68 [    19835.9    9221.3   51200.4    3118.7   49995.9 ]
[24-10-31 15:18:00] 174    -13577.7 [    18110.6    9221.3   51200.4    3118.7   49995.9 ]
[24-10-31 15:18:00] 175   -13634.54 [    15319.0    9221.3   51200.4    3118.7   49995.9 ]
[24-10-31 15:18:01] 176   -13586.91 [    17044.3    9221.3   51200.4    3118.7   49995.9 ]
[24-10-31 15:18:01] 177   -13577.43 [    18769.6    9221.3   51200.4    3118.7   49995.9 ]
[24-10-31 15:18:01] 178   -13577.11 [    18482.1    9221.3   51200.4    3118.7   49995.9 ]
[24-10-31 15:18:02] 179   -13577.11 [    18497.4    9221.3   51200.4    3118.7   49995.9 ]
[24-10-31 15:18:02] 180   -13577.11 [    18466.8    9221.3   51200.4    3118.7   49995.9 ]
[24-10-31 15:18:03] 181   -13577.11 [    18482.1    9221.3   51200.4    3118.7   49995.9 ]
[24-10-31 15:18:03] 182   -13577.06 [    18482.1    9222.3   51200.4    3118.7   49995.9 ]
[24-10-31 15:18:04] 183   -13576.98 [    18482.1    9223.9   51200.4    3118.7   49995.9 ]
[24-10-31 15:18:04] 184   -13572.49 [    18482.1    9400.3   51200.4    3118.7   49995.9 ]
[24-10-31 15:18:04] 185   -13572.46 [    18482.1    9412.6   51200.4    3118.7   49995.9 ]
[24-10-31 15:18:05] 186   -13572.49 [    18482.1    9432.5   51200.4    3118.7   49995.9 ]
[24-10-31 15:18:05] 187   -13572.46 [    18482.1    9420.2   51200.4    3118.7   49995.9 ]
[24-10-31 15:18:06] 188   -13572.47 [    18482.1    9424.9   51200.4    3118.7   49995.9 ]
[24-10-31 15:18:06] 189   -13572.46 [    18482.1    9416.6   51200.4    3118.7   49995.9 ]
[24-10-31 15:18:07] 190   -13572.46 [    18482.1    9414.7   51200.4    3118.7   49995.9 ]
[24-10-31 15:18:07] 191   -13572.46 [    18482.1    9416.6   51200.4    3118.7   49995.9 ]
[24-10-31 15:18:07] 192   -13572.46 [    18482.1    9416.6   51201.4    3118.7   49995.9 ]
[24-10-31 15:18:08] 193   -13572.45 [    18482.1    9416.6   51198.7    3118.7   49995.9 ]
[24-10-31 15:18:08] 194   -13571.54 [    18482.1    9416.6   51022.4    3118.7   49995.9 ]
[24-10-31 15:18:09] 195   -13569.85 [    18482.1    9416.6   50284.3    3118.7   49995.9 ]
[24-10-31 15:18:09] 196    -13574.3 [    18482.1    9416.6   49090.1    3118.7   49995.9 ]
[24-10-31 15:18:10] 197    -13570.5 [    18482.1    9416.6   49828.2    3118.7   49995.9 ]
[24-10-31 15:18:10] 198   -13570.09 [    18482.1    9416.6   50566.2    3118.7   49995.9 ]
[24-10-31 15:18:11] 199   -13569.85 [    18482.1    9416.6   50293.5    3118.7   49995.9 ]
[24-10-31 15:18:11] 200   -13569.85 [    18482.1    9416.6   50275.2    3118.7   49995.9 ]
[24-10-31 15:18:12] 201   -13569.85 [    18482.1    9416.6   50284.3    3118.7   49995.9 ]
[24-10-31 15:18:12] 202   -13569.92 [    18482.1    9416.6   50284.3    3119.7   49995.9 ]
[24-10-31 15:18:12] 203   -13569.73 [    18482.1    9416.6   50284.3    3117.1   49995.9 ]
[24-10-31 15:18:13] 204   -13567.72 [    18482.1    9416.6   50284.3    3057.4   49995.9 ]
[24-10-31 15:18:13] 205   -13574.35 [    18482.1    9416.6   50284.3    2960.8   49995.9 ]
[24-10-31 15:18:14] 206   -13568.73 [    18482.1    9416.6   50284.3    3020.5   49995.9 ]
[24-10-31 15:18:14] 207   -13567.97 [    18482.1    9416.6   50284.3    3080.2   49995.9 ]
[24-10-31 15:18:15] 208   -13567.71 [    18482.1    9416.6   50284.3    3060.3   49995.9 ]
[24-10-31 15:18:15] 209   -13567.71 [    18482.1    9416.6   50284.3    3059.7   49995.9 ]
[24-10-31 15:18:16] 210   -13567.71 [    18482.1    9416.6   50284.3    3060.9   49995.9 ]
[24-10-31 15:18:16] 211   -13567.71 [    18482.1    9416.6   50284.3    3060.3   49995.9 ]
[24-10-31 15:18:17] 212    -13567.7 [    18482.1    9416.6   50284.3    3060.3   49996.9 ]
[24-10-31 15:18:17] 213   -13567.69 [    18482.1    9416.6   50284.3    3060.3   49998.5 ]
[24-10-31 15:18:18] 219   -13567.68 [    18482.1    9416.6   50284.3    3060.3   49999.9 ]
[24-10-31 15:18:18] 220   -13567.68 [    18482.1    9416.6   50284.3    3060.3   49999.2 ]
[24-10-31 15:18:19] 223   -13567.68 [    18482.1    9416.6   50284.3    3060.3   49999.7 ]
[24-10-31 15:18:19] 225   -13567.68 [    18482.1    9416.6   50284.3    3060.3   49999.8 ]
[24-10-31 15:18:19] 226   -13567.68 [    18482.1    9416.6   50284.3    3060.3   50000.0 ]
[24-10-31 15:18:20] 228   -13567.68 [    18482.1    9416.6   50284.3    3060.3   50000.0 ]
[24-10-31 15:18:20] 229   -13567.67 [    18483.1    9416.6   50284.3    3060.3   50000.0 ]
[24-10-31 15:18:21] 230   -13567.67 [    18484.7    9416.6   50284.3    3060.3   50000.0 ]
[24-10-31 15:18:21] 231   -13567.48 [    18661.1    9416.6   50284.3    3060.3   50000.0 ]
[24-10-31 15:18:22] 232   -13567.47 [    18705.7    9416.6   50284.3    3060.3   50000.0 ]
[24-10-31 15:18:22] 233   -13567.49 [    18777.8    9416.6   50284.3    3060.3   50000.0 ]
[24-10-31 15:18:23] 234   -13567.47 [    18733.2    9416.6   50284.3    3060.3   50000.0 ]
[24-10-31 15:18:23] 235   -13567.47 [    18688.6    9416.6   50284.3    3060.3   50000.0 ]
[24-10-31 15:18:24] 236   -13567.47 [    18709.2    9416.6   50284.3    3060.3   50000.0 ]
[24-10-31 15:18:24] 237   -13567.47 [    18711.4    9416.6   50284.3    3060.3   50000.0 ]
[24-10-31 15:18:25] 238   -13567.47 [    18709.2    9416.6   50284.3    3060.3   50000.0 ]
[24-10-31 15:18:25] 239   -13567.44 [    18709.2    9417.6   50284.3    3060.3   50000.0 ]
[24-10-31 15:18:25] 240   -13567.38 [    18709.2    9419.2   50284.3    3060.3   50000.0 ]
[24-10-31 15:18:26] 241   -13565.15 [    18709.2    9552.4   50284.3    3060.3   50000.0 ]
[24-10-31 15:18:26] 242   -13569.98 [    18709.2    9767.9   50284.3    3060.3   50000.0 ]
[24-10-31 15:18:27] 243   -13565.81 [    18709.2    9634.7   50284.3    3060.3   50000.0 ]
[24-10-31 15:18:27] 244   -13565.51 [    18709.2    9501.6   50284.3    3060.3   50000.0 ]
[24-10-31 15:18:28] 245   -13565.14 [    18709.2    9558.1   50284.3    3060.3   50000.0 ]
[24-10-31 15:18:28] 246   -13565.14 [    18709.2    9556.7   50284.3    3060.3   50000.0 ]
[24-10-31 15:18:29] 247   -13565.14 [    18709.2    9559.6   50284.3    3060.3   50000.0 ]
[24-10-31 15:18:29] 248   -13565.14 [    18709.2    9558.1   50284.3    3060.3   50000.0 ]
[24-10-31 15:18:30] 249   -13565.15 [    18709.2    9558.1   50285.3    3060.3   50000.0 ]
[24-10-31 15:18:30] 250   -13565.13 [    18709.2    9558.1   50282.7    3060.3   50000.0 ]
[24-10-31 15:18:31] 251   -13564.23 [    18709.2    9558.1   50106.3    3060.3   50000.0 ]
[24-10-31 15:18:31] 252   -13562.55 [    18709.2    9558.1   49375.1    3060.3   50000.0 ]
[24-10-31 15:18:31] 253   -13566.96 [    18709.2    9558.1   48191.9    3060.3   50000.0 ]
[24-10-31 15:18:32] 254   -13563.19 [    18709.2    9558.1   48923.1    3060.3   50000.0 ]
[24-10-31 15:18:32] 255   -13562.79 [    18709.2    9558.1   49654.4    3060.3   50000.0 ]
[24-10-31 15:18:33] 256   -13562.55 [    18709.2    9558.1   49384.2    3060.3   50000.0 ]
[24-10-31 15:18:33] 257   -13562.55 [    18709.2    9558.1   49366.0    3060.3   50000.0 ]
[24-10-31 15:18:34] 258   -13562.55 [    18709.2    9558.1   49375.1    3060.3   50000.0 ]
[24-10-31 15:18:34] 259   -13562.62 [    18709.2    9558.1   49375.1    3061.3   50000.0 ]
[24-10-31 15:18:35] 260   -13562.43 [    18709.2    9558.1   49375.1    3058.7   50000.0 ]
[24-10-31 15:18:35] 261   -13560.39 [    18709.2    9558.1   49375.1    2999.8   50000.0 ]
[24-10-31 15:18:35] 262   -13567.11 [    18709.2    9558.1   49375.1    2904.5   50000.0 ]
[24-10-31 15:18:36] 263   -13561.43 [    18709.2    9558.1   49375.1    2963.3   50000.0 ]
[24-10-31 15:18:36] 264   -13560.65 [    18709.2    9558.1   49375.1    3022.2   50000.0 ]
[24-10-31 15:18:37] 265   -13560.39 [    18709.2    9558.1   49375.1    3002.6   50000.0 ]
[24-10-31 15:18:37] 266   -13560.39 [    18709.2    9558.1   49375.1    3002.0   50000.0 ]
[24-10-31 15:18:38] 267   -13560.39 [    18709.2    9558.1   49375.1    3003.2   50000.0 ]
[24-10-31 15:18:38] 268   -13560.39 [    18709.2    9558.1   49375.1    3002.6   50000.0 ]
[24-10-31 15:18:38] 270    -13560.4 [    18709.2    9558.1   49375.1    3002.6   49998.4 ]
[24-10-31 15:18:39] 271   -13560.39 [    18709.2    9558.1   49375.1    3002.6   49999.4 ]
[24-10-31 15:18:39] 273   -13560.39 [    18709.2    9558.1   49375.1    3002.6   49999.7 ]
[24-10-31 15:18:40] 275   -13560.39 [    18709.2    9558.1   49375.1    3002.6   49999.9 ]
[24-10-31 15:18:40] 277   -13560.39 [    18709.2    9558.1   49375.1    3002.6   49999.9 ]
[24-10-31 15:18:41] 279   -13560.39 [    18709.2    9558.1   49375.1    3002.6   50000.0 ]
[24-10-31 15:18:41] 280   -13560.39 [    18709.2    9558.1   49375.1    3002.6   50000.0 ]
[24-10-31 15:18:41] 281   -13560.39 [    18709.2    9558.1   49375.1    3002.6   50000.0 ]
[24-10-31 15:18:42] 283   -13560.39 [    18709.2    9558.1   49375.1    3002.6   50000.0 ]
[24-10-31 15:18:42] 284   -13560.39 [    18709.2    9558.1   49375.1    3002.6   50000.0 ]
[24-10-31 15:18:43] 285   -13560.39 [    18709.2    9558.1   49375.1    3002.6   50000.0 ]
[24-10-31 15:18:43] 286   -13560.39 [    18709.2    9558.1   49375.1    3002.6   50000.0 ]
[24-10-31 15:18:44] 288   -13560.39 [    18709.2    9558.1   49375.1    3002.6   50000.0 ]
[24-10-31 15:18:44] 290   -13560.39 [    18709.2    9558.1   49375.1    3002.6   50000.0 ]
[24-10-31 15:18:44] 291   -13560.39 [    18710.2    9558.1   49375.1    3002.6   50000.0 ]
[24-10-31 15:18:45] 292   -13560.39 [    18711.8    9558.1   49375.1    3002.6   50000.0 ]
[24-10-31 15:18:45] 293   -13560.35 [    18804.9    9558.1   49375.1    3002.6   50000.0 ]
[24-10-31 15:18:46] 294   -13560.44 [    18955.7    9558.1   49375.1    3002.6   50000.0 ]
[24-10-31 15:18:46] 295   -13560.36 [    18862.5    9558.1   49375.1    3002.6   50000.0 ]
[24-10-31 15:18:47] 296   -13560.36 [    18769.4    9558.1   49375.1    3002.6   50000.0 ]
[24-10-31 15:18:47] 297   -13560.35 [    18806.4    9558.1   49375.1    3002.6   50000.0 ]
[24-10-31 15:18:47] 298   -13560.35 [    18807.3    9558.1   49375.1    3002.6   50000.0 ]
[24-10-31 15:18:48] 299   -13560.35 [    18806.4    9558.1   49375.1    3002.6   50000.0 ]
[24-10-31 15:18:48] 300   -13560.32 [    18806.4    9559.1   49375.1    3002.6   50000.0 ]
[24-10-31 15:18:49] 301   -13560.28 [    18806.4    9560.8   49375.1    3002.6   50000.0 ]
[24-10-31 15:18:49] 302   -13558.46 [    18806.4    9683.0   49375.1    3002.6   50000.0 ]
[24-10-31 15:18:50] 303   -13562.46 [    18806.4    9880.7   49375.1    3002.6   50000.0 ]
[24-10-31 15:18:50] 304   -13559.01 [    18806.4    9758.5   49375.1    3002.6   50000.0 ]
[24-10-31 15:18:50] 305   -13558.75 [    18806.4    9636.3   49375.1    3002.6   50000.0 ]
[24-10-31 15:18:51] 306   -13558.46 [    18806.4    9687.7   49375.1    3002.6   50000.0 ]
[24-10-31 15:18:51] 307   -13558.46 [    18806.4    9686.4   49375.1    3002.6   50000.0 ]
[24-10-31 15:18:52] 308   -13558.46 [    18806.4    9689.0   49375.1    3002.6   50000.0 ]
[24-10-31 15:18:52] 309   -13558.46 [    18806.4    9687.7   49375.1    3002.6   50000.0 ]
[24-10-31 15:18:53] 310   -13558.46 [    18806.4    9687.7   49376.1    3002.6   50000.0 ]
[24-10-31 15:18:53] 311   -13558.45 [    18806.4    9687.7   49373.5    3002.6   50000.0 ]
[24-10-31 15:18:53] 312   -13557.53 [    18806.4    9687.7   49197.1    3002.6   50000.0 ]
[24-10-31 15:18:54] 313   -13555.84 [    18806.4    9687.7   48466.9    3002.6   50000.0 ]
[24-10-31 15:18:54] 314    -13560.3 [    18806.4    9687.7   47285.5    3002.6   50000.0 ]
[24-10-31 15:18:55] 315   -13556.49 [    18806.4    9687.7   48015.7    3002.6   50000.0 ]
[24-10-31 15:18:55] 316   -13556.09 [    18806.4    9687.7   48745.8    3002.6   50000.0 ]
[24-10-31 15:18:56] 317   -13555.84 [    18806.4    9687.7   48476.0    3002.6   50000.0 ]
[24-10-31 15:18:56] 318   -13555.84 [    18806.4    9687.7   48457.8    3002.6   50000.0 ]
[24-10-31 15:18:57] 319   -13555.84 [    18806.4    9687.7   48466.9    3002.6   50000.0 ]
[24-10-31 15:18:57] 320   -13555.92 [    18806.4    9687.7   48466.9    3003.6   50000.0 ]
[24-10-31 15:18:58] 321   -13555.73 [    18806.4    9687.7   48466.9    3001.0   50000.0 ]
[24-10-31 15:18:58] 322   -13553.75 [    18806.4    9687.7   48466.9    2944.1   50000.0 ]
[24-10-31 15:18:59] 323   -13560.25 [    18806.4    9687.7   48466.9    2851.9   50000.0 ]
[24-10-31 15:18:59] 324   -13554.74 [    18806.4    9687.7   48466.9    2908.9   50000.0 ]
[24-10-31 15:18:59] 325   -13553.99 [    18806.4    9687.7   48466.9    2965.8   50000.0 ]
[24-10-31 15:19:00] 326   -13553.74 [    18806.4    9687.7   48466.9    2946.8   50000.0 ]
[24-10-31 15:19:00] 327   -13553.74 [    18806.4    9687.7   48466.9    2946.2   50000.0 ]
[24-10-31 15:19:01] 328   -13553.74 [    18806.4    9687.7   48466.9    2947.4   50000.0 ]
[24-10-31 15:19:01] 329   -13553.74 [    18806.4    9687.7   48466.9    2946.8   50000.0 ]
[24-10-31 15:19:02] 331   -13553.76 [    18806.4    9687.7   48466.9    2946.8   49998.4 ]
[24-10-31 15:19:02] 332   -13553.75 [    18806.4    9687.7   48466.9    2946.8   49999.4 ]
[24-10-31 15:19:03] 334   -13553.74 [    18806.4    9687.7   48466.9    2946.8   49999.7 ]
[24-10-31 15:19:03] 336   -13553.74 [    18806.4    9687.7   48466.9    2946.8   49999.9 ]
[24-10-31 15:19:04] 338   -13553.74 [    18806.4    9687.7   48466.9    2946.8   50000.0 ]
[24-10-31 15:19:04] 340   -13553.74 [    18806.4    9687.7   48466.9    2946.8   50000.0 ]
[24-10-31 15:19:05] 342   -13553.74 [    18806.4    9687.7   48466.9    2946.8   50000.0 ]
[24-10-31 15:19:05] 344   -13553.74 [    18806.4    9687.7   48466.9    2946.8   50000.0 ]
[24-10-31 15:19:06] 346   -13553.74 [    18806.4    9687.7   48466.9    2946.8   50000.0 ]
[24-10-31 15:19:06] 348   -13553.74 [    18806.4    9687.7   48466.9    2946.8   50000.0 ]
[24-10-31 15:19:06] 349   -13553.74 [    18806.4    9687.7   48466.9    2946.8   50000.0 ]
[24-10-31 15:19:07] 351   -13553.74 [    18806.4    9687.7   48466.9    2946.8   50000.0 ]
[24-10-31 15:19:07] 353   -13553.74 [    18806.4    9687.7   48466.9    2946.8   50000.0 ]
[24-10-31 15:19:08] 354   -13553.74 [    18806.4    9687.7   48466.9    2946.8   50000.0 ]
[24-10-31 15:19:08] 355   -13553.74 [    18806.4    9687.7   48466.9    2946.8   50000.0 ]
[24-10-31 15:19:09] 357   -13553.74 [    18806.4    9687.7   48466.9    2946.8   50000.0 ]
[24-10-31 15:19:09] 360   -13553.74 [    18806.4    9687.7   48466.9    2946.8   50000.0 ]
[24-10-31 15:19:10] 361   -13553.74 [    18807.4    9687.7   48466.9    2946.8   50000.0 ]
[24-10-31 15:19:10] 362   -13553.74 [    18809.0    9687.7   48466.9    2946.8   50000.0 ]
[24-10-31 15:19:11] 363   -13553.72 [    18873.6    9687.7   48466.9    2946.8   50000.0 ]
[24-10-31 15:19:11] 364   -13553.76 [    18978.1    9687.7   48466.9    2946.8   50000.0 ]
[24-10-31 15:19:12] 365   -13553.73 [    18913.5    9687.7   48466.9    2946.8   50000.0 ]
[24-10-31 15:19:12] 366   -13553.73 [    18848.9    9687.7   48466.9    2946.8   50000.0 ]
[24-10-31 15:19:13] 367   -13553.72 [    18874.3    9687.7   48466.9    2946.8   50000.0 ]
[24-10-31 15:19:13] 368   -13553.72 [    18875.0    9687.7   48466.9    2946.8   50000.0 ]
[24-10-31 15:19:13] 369   -13553.72 [    18874.3    9687.7   48466.9    2946.8   50000.0 ]
[24-10-31 15:19:14] 370    -13553.7 [    18874.3    9688.7   48466.9    2946.8   50000.0 ]
[24-10-31 15:19:14] 371   -13553.65 [    18874.3    9690.3   48466.9    2946.8   50000.0 ]
[24-10-31 15:19:15] 372   -13551.98 [    18874.3    9809.2   48466.9    2946.8   50000.0 ]
[24-10-31 15:19:15] 373   -13555.68 [    18874.3   10001.5   48466.9    2946.8   50000.0 ]
[24-10-31 15:19:16] 374   -13552.49 [    18874.3    9882.7   48466.9    2946.8   50000.0 ]
[24-10-31 15:19:16] 375   -13552.25 [    18874.3    9763.8   48466.9    2946.8   50000.0 ]
[24-10-31 15:19:17] 376   -13551.98 [    18874.3    9813.6   48466.9    2946.8   50000.0 ]
[24-10-31 15:19:17] 377   -13551.98 [    18874.3    9812.4   48466.9    2946.8   50000.0 ]
[24-10-31 15:19:18] 378   -13551.98 [    18874.3    9814.9   48466.9    2946.8   50000.0 ]
[24-10-31 15:19:18] 379   -13551.98 [    18874.3    9813.6   48466.9    2946.8   50000.0 ]
[24-10-31 15:19:19] 380   -13551.99 [    18874.3    9813.6   48467.9    2946.8   50000.0 ]
[24-10-31 15:19:19] 381   -13551.97 [    18874.3    9813.6   48465.3    2946.8   50000.0 ]
[24-10-31 15:19:19] 382   -13551.07 [    18874.3    9813.6   48288.9    2946.8   50000.0 ]
[24-10-31 15:19:20] 383   -13549.45 [    18874.3    9813.6   47578.4    2946.8   50000.0 ]
[24-10-31 15:19:20] 384   -13553.73 [    18874.3    9813.6   46428.7    2946.8   50000.0 ]
[24-10-31 15:19:21] 385   -13550.07 [    18874.3    9813.6   47139.2    2946.8   50000.0 ]
[24-10-31 15:19:21] 386   -13549.68 [    18874.3    9813.6   47849.8    2946.8   50000.0 ]
[24-10-31 15:19:22] 387   -13549.45 [    18874.3    9813.6   47587.3    2946.8   50000.0 ]
[24-10-31 15:19:22] 388   -13549.45 [    18874.3    9813.6   47569.5    2946.8   50000.0 ]
[24-10-31 15:19:23] 389   -13549.45 [    18874.3    9813.6   47578.4    2946.8   50000.0 ]
[24-10-31 15:19:23] 390   -13549.52 [    18874.3    9813.6   47578.4    2947.8   50000.0 ]
[24-10-31 15:19:23] 391   -13549.33 [    18874.3    9813.6   47578.4    2945.2   50000.0 ]
[24-10-31 15:19:24] 392   -13547.38 [    18874.3    9813.6   47578.4    2889.7   50000.0 ]
[24-10-31 15:19:24] 393   -13553.78 [    18874.3    9813.6   47578.4    2799.9   50000.0 ]
[24-10-31 15:19:25] 394   -13548.36 [    18874.3    9813.6   47578.4    2855.4   50000.0 ]
[24-10-31 15:19:25] 395   -13547.62 [    18874.3    9813.6   47578.4    2910.9   50000.0 ]
[24-10-31 15:19:26] 396   -13547.37 [    18874.3    9813.6   47578.4    2892.3   50000.0 ]
[24-10-31 15:19:26] 397   -13547.37 [    18874.3    9813.6   47578.4    2891.8   50000.0 ]
[24-10-31 15:19:27] 398   -13547.37 [    18874.3    9813.6   47578.4    2892.9   50000.0 ]
[24-10-31 15:19:27] 399   -13547.37 [    18874.3    9813.6   47578.4    2892.3   50000.0 ]
[24-10-31 15:19:28] 401   -13547.39 [    18874.3    9813.6   47578.4    2892.3   49998.4 ]
[24-10-31 15:19:28] 402   -13547.38 [    18874.3    9813.6   47578.4    2892.3   49999.4 ]
[24-10-31 15:19:29] 404   -13547.37 [    18874.3    9813.6   47578.4    2892.3   49999.7 ]
[24-10-31 15:19:29] 406   -13547.37 [    18874.3    9813.6   47578.4    2892.3   49999.9 ]
[24-10-31 15:19:30] 408   -13547.37 [    18874.3    9813.6   47578.4    2892.3   50000.0 ]
[24-10-31 15:19:30] 410   -13547.37 [    18874.3    9813.6   47578.4    2892.3   50000.0 ]
[24-10-31 15:19:30] 412   -13547.37 [    18874.3    9813.6   47578.4    2892.3   50000.0 ]
[24-10-31 15:19:31] 414   -13547.37 [    18874.3    9813.6   47578.4    2892.3   50000.0 ]
[24-10-31 15:19:31] 416   -13547.37 [    18874.3    9813.6   47578.4    2892.3   50000.0 ]
[24-10-31 15:19:32] 418   -13547.37 [    18874.3    9813.6   47578.4    2892.3   50000.0 ]
[24-10-31 15:19:32] 420   -13547.37 [    18874.3    9813.6   47578.4    2892.3   50000.0 ]
[24-10-31 15:19:33] 422   -13547.37 [    18874.3    9813.6   47578.4    2892.3   50000.0 ]
[24-10-31 15:19:33] 424   -13547.37 [    18874.3    9813.6   47578.4    2892.3   50000.0 ]
[24-10-31 15:19:34] 426   -13547.37 [    18874.3    9813.6   47578.4    2892.3   50000.0 ]
[24-10-31 15:19:34] 428   -13547.37 [    18874.3    9813.6   47578.4    2892.3   50000.0 ]
[24-10-31 15:19:35] 429   -13547.37 [    18874.3    9813.6   47578.4    2892.3   50000.0 ]
[24-10-31 15:19:35] 431   -13547.37 [    18874.3    9813.6   47578.4    2892.3   50000.0 ]
[24-10-31 15:19:35] 433   -13547.37 [    18874.3    9813.6   47578.4    2892.3   50000.0 ]
[24-10-31 15:19:35] 435   -13547.37 [    18874.3    9813.6   47578.4    2892.3   50000.0 ]
[24-10-31 15:19:36] 436   -13547.37 [    18874.3    9813.6   47578.4    2892.3   50000.0 ]
[24-10-31 15:19:36] 437   -13547.37 [    18874.3    9813.6   47578.4    2892.3   50000.0 ]
[24-10-31 15:19:36] 438   -13547.37 [    18874.3    9813.6   47578.4    2892.3   50000.0 ]
[24-10-31 15:19:36] 440   -13547.37 [    18874.3    9813.6   47578.4    2892.3   50000.0 ]
[24-10-31 15:19:37] 441   -13547.37 [    18875.3    9813.6   47578.4    2892.3   50000.0 ]
[24-10-31 15:19:37] 442   -13547.37 [    18876.9    9813.6   47578.4    2892.3   50000.0 ]
[24-10-31 15:19:37] 443   -13547.36 [    18938.1    9813.6   47578.4    2892.3   50000.0 ]
[24-10-31 15:19:37] 444   -13547.39 [    19037.2    9813.6   47578.4    2892.3   50000.0 ]
[24-10-31 15:19:38] 445   -13547.36 [    18976.0    9813.6   47578.4    2892.3   50000.0 ]
[24-10-31 15:19:38] 446   -13547.36 [    18914.7    9813.6   47578.4    2892.3   50000.0 ]
[24-10-31 15:19:38] 447   -13547.36 [    18938.8    9813.6   47578.4    2892.3   50000.0 ]
[24-10-31 15:19:39] 448   -13547.36 [    18939.4    9813.6   47578.4    2892.3   50000.0 ]
[24-10-31 15:19:39] 449   -13547.36 [    18938.8    9813.6   47578.4    2892.3   50000.0 ]
[24-10-31 15:19:39] 450   -13547.33 [    18938.8    9814.6   47578.4    2892.3   50000.0 ]
[24-10-31 15:19:39] 451   -13547.29 [    18938.8    9816.2   47578.4    2892.3   50000.0 ]
[24-10-31 15:19:40] 452   -13545.74 [    18938.8    9932.3   47578.4    2892.3   50000.0 ]
[24-10-31 15:19:40] 453   -13549.19 [    18938.8   10120.2   47578.4    2892.3   50000.0 ]
[24-10-31 15:19:40] 454   -13546.22 [    18938.8   10004.1   47578.4    2892.3   50000.0 ]
[24-10-31 15:19:40] 455   -13545.98 [    18938.8    9888.0   47578.4    2892.3   50000.0 ]
[24-10-31 15:19:41] 456   -13545.74 [    18938.8    9936.5   47578.4    2892.3   50000.0 ]
[24-10-31 15:19:41] 457   -13545.74 [    18938.8    9935.3   47578.4    2892.3   50000.0 ]
[24-10-31 15:19:41] 458   -13545.74 [    18938.8    9937.7   47578.4    2892.3   50000.0 ]
[24-10-31 15:19:42] 459   -13545.74 [    18938.8    9936.5   47578.4    2892.3   50000.0 ]
[24-10-31 15:19:42] 460   -13545.74 [    18938.8    9936.5   47579.4    2892.3   50000.0 ]
[24-10-31 15:19:42] 461   -13545.73 [    18938.8    9936.5   47576.8    2892.3   50000.0 ]
[24-10-31 15:19:42] 462   -13544.84 [    18938.8    9936.5   47400.4    2892.3   50000.0 ]
[24-10-31 15:19:43] 463    -13543.3 [    18938.8    9936.5   46712.4    2892.3   50000.0 ]
[24-10-31 15:19:43] 464   -13547.37 [    18938.8    9936.5   45599.3    2892.3   50000.0 ]
[24-10-31 15:19:43] 465   -13543.89 [    18938.8    9936.5   46287.3    2892.3   50000.0 ]
[24-10-31 15:19:43] 466   -13543.52 [    18938.8    9936.5   46975.2    2892.3   50000.0 ]
[24-10-31 15:19:44] 467    -13543.3 [    18938.8    9936.5   46721.1    2892.3   50000.0 ]
[24-10-31 15:19:44] 468    -13543.3 [    18938.8    9936.5   46703.8    2892.3   50000.0 ]
[24-10-31 15:19:44] 469    -13543.3 [    18938.8    9936.5   46712.4    2892.3   50000.0 ]
[24-10-31 15:19:45] 470   -13543.37 [    18938.8    9936.5   46712.4    2893.3   50000.0 ]
[24-10-31 15:19:45] 471   -13543.18 [    18938.8    9936.5   46712.4    2890.7   50000.0 ]
[24-10-31 15:19:45] 472   -13541.25 [    18938.8    9936.5   46712.4    2836.7   50000.0 ]
[24-10-31 15:19:45] 473   -13547.55 [    18938.8    9936.5   46712.4    2749.2   50000.0 ]
[24-10-31 15:19:46] 474   -13542.22 [    18938.8    9936.5   46712.4    2803.2   50000.0 ]
[24-10-31 15:19:46] 475   -13541.49 [    18938.8    9936.5   46712.4    2857.3   50000.0 ]
[24-10-31 15:19:46] 476   -13541.25 [    18938.8    9936.5   46712.4    2839.2   50000.0 ]
[24-10-31 15:19:46] 477   -13541.25 [    18938.8    9936.5   46712.4    2838.7   50000.0 ]
[24-10-31 15:19:47] 478   -13541.25 [    18938.8    9936.5   46712.4    2839.8   50000.0 ]
[24-10-31 15:19:47] 479   -13541.25 [    18938.8    9936.5   46712.4    2839.2   50000.0 ]
[24-10-31 15:19:47] 481   -13541.26 [    18938.8    9936.5   46712.4    2839.2   49998.4 ]
[24-10-31 15:19:48] 482   -13541.25 [    18938.8    9936.5   46712.4    2839.2   49999.4 ]
[24-10-31 15:19:48] 484   -13541.25 [    18938.8    9936.5   46712.4    2839.2   49999.7 ]
[24-10-31 15:19:48] 486   -13541.25 [    18938.8    9936.5   46712.4    2839.2   49999.9 ]
[24-10-31 15:19:48] 488   -13541.25 [    18938.8    9936.5   46712.4    2839.2   50000.0 ]
[24-10-31 15:19:49] 490   -13541.25 [    18938.8    9936.5   46712.4    2839.2   50000.0 ]
[24-10-31 15:19:49] 492   -13541.25 [    18938.8    9936.5   46712.4    2839.2   50000.0 ]
[24-10-31 15:19:49] 494   -13541.25 [    18938.8    9936.5   46712.4    2839.2   50000.0 ]
[24-10-31 15:19:49] 496   -13541.25 [    18938.8    9936.5   46712.4    2839.2   50000.0 ]
[24-10-31 15:19:50] 498   -13541.25 [    18938.8    9936.5   46712.4    2839.2   50000.0 ]
[24-10-31 15:19:50] 500   -13541.25 [    18938.8    9936.5   46712.4    2839.2   50000.0 ]
[24-10-31 15:19:51] 502   -13541.25 [    18938.8    9936.5   46712.4    2839.2   50000.0 ]
[24-10-31 15:19:51] 504   -13541.25 [    18938.8    9936.5   46712.4    2839.2   50000.0 ]
[24-10-31 15:19:52] 506   -13541.25 [    18938.8    9936.5   46712.4    2839.2   50000.0 ]
[24-10-31 15:19:52] 508   -13541.25 [    18938.8    9936.5   46712.4    2839.2   50000.0 ]
[24-10-31 15:19:53] 510   -13541.25 [    18938.8    9936.5   46712.4    2839.2   50000.0 ]
[24-10-31 15:19:53] 512   -13541.25 [    18938.8    9936.5   46712.4    2839.2   50000.0 ]
[24-10-31 15:19:54] 514   -13541.25 [    18938.8    9936.5   46712.4    2839.2   50000.0 ]
[24-10-31 15:19:54] 516   -13541.25 [    18938.8    9936.5   46712.4    2839.2   50000.0 ]
[24-10-31 15:19:55] 518   -13541.25 [    18938.8    9936.5   46712.4    2839.2   50000.0 ]
[24-10-31 15:19:55] 519   -13541.25 [    18938.8    9936.5   46712.4    2839.2   50000.0 ]
[24-10-31 15:19:55] 520   -13541.25 [    18938.8    9936.5   46712.4    2839.2   50000.0 ]
[24-10-31 15:19:56] 521   -13541.25 [    18938.8    9936.5   46712.4    2839.2   50000.0 ]
[24-10-31 15:19:56] 522   -13541.25 [    18938.8    9936.5   46712.4    2839.2   50000.0 ]
[24-10-31 15:19:57] 523   -13541.25 [    18938.8    9936.5   46712.4    2839.2   50000.0 ]
[24-10-31 15:19:57] 524   -13541.25 [    18938.8    9936.5   46712.4    2839.2   50000.0 ]
[24-10-31 15:19:58] 525   -13541.25 [    18938.8    9936.5   46712.4    2839.2   50000.0 ]
[24-10-31 15:19:58] 527   -13541.25 [    18938.8    9936.5   46712.4    2839.2   50000.0 ]
[24-10-31 15:19:59] 528   -13541.25 [    18939.8    9936.5   46712.4    2839.2   50000.0 ]
[24-10-31 15:19:59] 529   -13541.25 [    18941.4    9936.5   46712.4    2839.2   50000.0 ]
[24-10-31 15:20:00] 530   -13541.23 [    19001.6    9936.5   46712.4    2839.2   50000.0 ]
[24-10-31 15:20:00] 531   -13541.27 [    19098.9    9936.5   46712.4    2839.2   50000.0 ]
[24-10-31 15:20:01] 532   -13541.24 [    19038.7    9936.5   46712.4    2839.2   50000.0 ]
[24-10-31 15:20:01] 533   -13541.24 [    18978.6    9936.5   46712.4    2839.2   50000.0 ]
[24-10-31 15:20:01] 534   -13541.23 [    19002.2    9936.5   46712.4    2839.2   50000.0 ]
[24-10-31 15:20:02] 535   -13541.23 [    19002.8    9936.5   46712.4    2839.2   50000.0 ]
[24-10-31 15:20:02] 536   -13541.23 [    19002.2    9936.5   46712.4    2839.2   50000.0 ]
[24-10-31 15:20:03] 537   -13541.21 [    19002.2    9937.5   46712.4    2839.2   50000.0 ]
[24-10-31 15:20:03] 538   -13541.17 [    19002.2    9939.1   46712.4    2839.2   50000.0 ]
[24-10-31 15:20:04] 539   -13539.73 [    19002.2   10052.3   46712.4    2839.2   50000.0 ]
[24-10-31 15:20:04] 540   -13542.95 [    19002.2   10235.5   46712.4    2839.2   50000.0 ]
[24-10-31 15:20:05] 541   -13540.18 [    19002.2   10122.3   46712.4    2839.2   50000.0 ]
[24-10-31 15:20:05] 542   -13539.96 [    19002.2   10009.1   46712.4    2839.2   50000.0 ]
[24-10-31 15:20:06] 543   -13539.73 [    19002.2   10056.2   46712.4    2839.2   50000.0 ]
[24-10-31 15:20:06] 544   -13539.73 [    19002.2   10055.0   46712.4    2839.2   50000.0 ]
[24-10-31 15:20:07] 545   -13539.73 [    19002.2   10057.4   46712.4    2839.2   50000.0 ]
[24-10-31 15:20:07] 546   -13539.73 [    19002.2   10056.2   46712.4    2839.2   50000.0 ]
[24-10-31 15:20:07] 547   -13539.74 [    19002.2   10056.2   46713.4    2839.2   50000.0 ]
[24-10-31 15:20:08] 548   -13539.72 [    19002.2   10056.2   46710.8    2839.2   50000.0 ]
[24-10-31 15:20:08] 549   -13538.84 [    19002.2   10056.2   46534.5    2839.2   50000.0 ]
[24-10-31 15:20:09] 550   -13537.39 [    19002.2   10056.2   45869.7    2839.2   50000.0 ]
[24-10-31 15:20:09] 551   -13541.25 [    19002.2   10056.2   44794.2    2839.2   50000.0 ]
[24-10-31 15:20:10] 552   -13537.95 [    19002.2   10056.2   45458.9    2839.2   50000.0 ]
[24-10-31 15:20:10] 553    -13537.6 [    19002.2   10056.2   46123.6    2839.2   50000.0 ]
[24-10-31 15:20:11] 554   -13537.39 [    19002.2   10056.2   45878.2    2839.2   50000.0 ]
[24-10-31 15:20:11] 555   -13537.39 [    19002.2   10056.2   45861.3    2839.2   50000.0 ]
[24-10-31 15:20:11] 556   -13537.39 [    19002.2   10056.2   45869.7    2839.2   50000.0 ]
[24-10-31 15:20:12] 557   -13537.46 [    19002.2   10056.2   45869.7    2840.2   50000.0 ]
[24-10-31 15:20:12] 558   -13537.26 [    19002.2   10056.2   45869.7    2837.6   50000.0 ]
[24-10-31 15:20:13] 559   -13535.38 [    19002.2   10056.2   45869.7    2785.0   50000.0 ]
[24-10-31 15:20:13] 560   -13541.55 [    19002.2   10056.2   45869.7    2699.9   50000.0 ]
[24-10-31 15:20:14] 561   -13536.32 [    19002.2   10056.2   45869.7    2752.5   50000.0 ]
[24-10-31 15:20:14] 562   -13535.61 [    19002.2   10056.2   45869.7    2805.1   50000.0 ]
[24-10-31 15:20:15] 563   -13535.37 [    19002.2   10056.2   45869.7    2787.5   50000.0 ]
[24-10-31 15:20:15] 564   -13535.37 [    19002.2   10056.2   45869.7    2787.0   50000.0 ]
[24-10-31 15:20:16] 565   -13535.37 [    19002.2   10056.2   45869.7    2788.0   50000.0 ]
[24-10-31 15:20:16] 566   -13535.37 [    19002.2   10056.2   45869.7    2787.5   50000.0 ]
[24-10-31 15:20:17] 568   -13535.38 [    19002.2   10056.2   45869.7    2787.5   49998.4 ]
[24-10-31 15:20:17] 569   -13535.38 [    19002.2   10056.2   45869.7    2787.5   49999.4 ]
[24-10-31 15:20:17] 571   -13535.37 [    19002.2   10056.2   45869.7    2787.5   49999.7 ]
[24-10-31 15:20:18] 573   -13535.37 [    19002.2   10056.2   45869.7    2787.5   49999.9 ]
[24-10-31 15:20:18] 575   -13535.37 [    19002.2   10056.2   45869.7    2787.5   50000.0 ]
[24-10-31 15:20:19] 577   -13535.37 [    19002.2   10056.2   45869.7    2787.5   50000.0 ]
[24-10-31 15:20:19] 579   -13535.37 [    19002.2   10056.2   45869.7    2787.5   50000.0 ]
[24-10-31 15:20:20] 581   -13535.37 [    19002.2   10056.2   45869.7    2787.5   50000.0 ]
[24-10-31 15:20:20] 583   -13535.37 [    19002.2   10056.2   45869.7    2787.5   50000.0 ]
[24-10-31 15:20:21] 585   -13535.37 [    19002.2   10056.2   45869.7    2787.5   50000.0 ]
[24-10-31 15:20:21] 587   -13535.37 [    19002.2   10056.2   45869.7    2787.5   50000.0 ]
[24-10-31 15:20:22] 589   -13535.37 [    19002.2   10056.2   45869.7    2787.5   50000.0 ]
[24-10-31 15:20:22] 591   -13535.37 [    19002.2   10056.2   45869.7    2787.5   50000.0 ]
[24-10-31 15:20:22] 593   -13535.37 [    19002.2   10056.2   45869.7    2787.5   50000.0 ]
[24-10-31 15:20:23] 595   -13535.37 [    19002.2   10056.2   45869.7    2787.5   50000.0 ]
[24-10-31 15:20:23] 597   -13535.37 [    19002.2   10056.2   45869.7    2787.5   50000.0 ]
[24-10-31 15:20:24] 599   -13535.37 [    19002.2   10056.2   45869.7    2787.5   50000.0 ]
[24-10-31 15:20:24] 601   -13535.37 [    19002.2   10056.2   45869.7    2787.5   50000.0 ]
[24-10-31 15:20:25] 603   -13535.37 [    19002.2   10056.2   45869.7    2787.5   50000.0 ]
[24-10-31 15:20:25] 605   -13535.37 [    19002.2   10056.2   45869.7    2787.5   50000.0 ]
[24-10-31 15:20:26] 607   -13535.37 [    19002.2   10056.2   45869.7    2787.5   50000.0 ]
[24-10-31 15:20:26] 608   -13535.37 [    19002.2   10056.2   45869.7    2787.5   50000.0 ]
[24-10-31 15:20:27] 609   -13535.37 [    19002.2   10056.2   45869.7    2787.5   50000.0 ]
[24-10-31 15:20:27] 610   -13535.37 [    19002.2   10056.2   45869.7    2787.5   50000.0 ]
[24-10-31 15:20:28] 611   -13535.37 [    19002.2   10056.2   45869.7    2787.5   50000.0 ]
[24-10-31 15:20:28] 612   -13535.37 [    19002.2   10056.2   45869.7    2787.5   50000.0 ]
[24-10-31 15:20:29] 613   -13535.37 [    19002.2   10056.2   45869.7    2787.5   50000.0 ]
[24-10-31 15:20:29] 614   -13535.37 [    19002.2   10056.2   45869.7    2787.5   50000.0 ]
[24-10-31 15:20:29] 615   -13535.37 [    19002.2   10056.2   45869.7    2787.5   50000.0 ]
[24-10-31 15:20:30] 616   -13535.37 [    19002.2   10056.2   45869.7    2787.5   50000.0 ]
[24-10-31 15:20:30] 617   -13529.58 [    19065.6   10176.0   45027.1    2735.8   50000.0 ]
[24-10-31 15:20:31] 618   -13535.37 [    19002.2   10056.2   45869.7    2787.5   50000.0 ]
[24-10-31 15:20:31] 619   -13529.58 [    19065.6   10176.0   45027.1    2735.8   50000.0 ]
[24-10-31 15:20:32] 620   -13520.39 [    19168.1   10369.8   43663.6    2652.1   50000.0 ]
[24-10-31 15:20:32] 624   -13500.81 [    19396.1   10800.3   40633.8    2466.1   50000.0 ]
[24-10-31 15:20:33] 625   -13510.45 [    19282.1   10585.0   42148.7    2559.1   50000.0 ]
[24-10-31 15:20:33] 628   -13504.46 [    19352.5   10718.1   41212.5    2501.6   50000.0 ]
[24-10-31 15:20:33] 629   -13499.11 [    19416.6   10839.1   40360.7    2449.3   50000.0 ]
[24-10-31 15:20:33] 630   -13498.06 [    19429.3   10863.1   40191.8    2439.0   50000.0 ]
[24-10-31 15:20:34] 631   -13497.41 [    19437.2   10878.0   40087.5    2432.5   50000.0 ]
[24-10-31 15:20:34] 632   -13497.01 [    19442.0   10887.1   40023.0    2428.6   50000.0 ]
[24-10-31 15:20:34] 633   -13497.01 [    19442.0   10887.1   40023.0    2428.6   50000.0 ]
[24-10-31 15:20:34] 634   -13497.01 [    19443.0   10887.1   40023.0    2428.6   50000.0 ]
[24-10-31 15:20:34] 635   -13497.01 [    19444.6   10887.1   40023.0    2428.6   50000.0 ]
[24-10-31 15:20:35] 636    -13497.0 [    19500.0   10887.1   40023.0    2428.6   50000.0 ]
[24-10-31 15:20:35] 637   -13497.03 [    19589.6   10887.1   40023.0    2428.6   50000.0 ]
[24-10-31 15:20:35] 638   -13497.01 [    19534.2   10887.1   40023.0    2428.6   50000.0 ]
[24-10-31 15:20:35] 639    -13497.0 [    19478.9   10887.1   40023.0    2428.6   50000.0 ]
[24-10-31 15:20:35] 640    -13497.0 [    19500.6   10887.1   40023.0    2428.6   50000.0 ]
[24-10-31 15:20:36] 641    -13497.0 [    19501.2   10887.1   40023.0    2428.6   50000.0 ]
[24-10-31 15:20:36] 642    -13497.0 [    19500.6   10887.1   40023.0    2428.6   50000.0 ]
[24-10-31 15:20:36] 643   -13496.99 [    19500.6   10888.1   40023.0    2428.6   50000.0 ]
[24-10-31 15:20:36] 644   -13496.96 [    19500.6   10889.8   40023.0    2428.6   50000.0 ]
[24-10-31 15:20:37] 645   -13496.24 [    19500.6   10978.0   40023.0    2428.6   50000.0 ]
[24-10-31 15:20:37] 646   -13497.93 [    19500.6   11120.9   40023.0    2428.6   50000.0 ]
[24-10-31 15:20:37] 647   -13496.48 [    19500.6   11032.6   40023.0    2428.6   50000.0 ]
[24-10-31 15:20:37] 648   -13496.35 [    19500.6   10944.3   40023.0    2428.6   50000.0 ]
[24-10-31 15:20:37] 649   -13496.24 [    19500.6   10980.2   40023.0    2428.6   50000.0 ]
[24-10-31 15:20:38] 650   -13496.24 [    19500.6   10979.3   40023.0    2428.6   50000.0 ]
[24-10-31 15:20:38] 651   -13496.24 [    19500.6   10981.1   40023.0    2428.6   50000.0 ]
[24-10-31 15:20:38] 652   -13496.24 [    19500.6   10980.2   40023.0    2428.6   50000.0 ]
[24-10-31 15:20:38] 654   -13496.25 [    19500.6   10980.2   40023.0    2428.6   49998.4 ]
[24-10-31 15:20:38] 655   -13496.24 [    19500.6   10980.2   40023.0    2428.6   49999.4 ]
[24-10-31 15:20:39] 657   -13496.24 [    19500.6   10980.2   40023.0    2428.6   49999.7 ]
[24-10-31 15:20:39] 659   -13496.24 [    19500.6   10980.2   40023.0    2428.6   49999.9 ]
[24-10-31 15:20:39] 661   -13496.24 [    19500.6   10980.2   40023.0    2428.6   50000.0 ]
[24-10-31 15:20:39] 663   -13496.24 [    19500.6   10980.2   40023.0    2428.6   50000.0 ]
[24-10-31 15:20:39] 665   -13496.24 [    19500.6   10980.2   40023.0    2428.6   50000.0 ]
[24-10-31 15:20:40] 667   -13496.24 [    19500.6   10980.2   40023.0    2428.6   50000.0 ]
[24-10-31 15:20:40] 669   -13496.24 [    19500.6   10980.2   40023.0    2428.6   50000.0 ]
[24-10-31 15:20:40] 671   -13496.24 [    19500.6   10980.2   40023.0    2428.6   50000.0 ]
[24-10-31 15:20:40] 673   -13496.24 [    19500.6   10980.2   40023.0    2428.6   50000.0 ]
[24-10-31 15:20:40] 675   -13496.24 [    19500.6   10980.2   40023.0    2428.6   50000.0 ]
[24-10-31 15:20:41] 677   -13496.24 [    19500.6   10980.2   40023.0    2428.6   50000.0 ]
[24-10-31 15:20:41] 679   -13496.24 [    19500.6   10980.2   40023.0    2428.6   50000.0 ]
[24-10-31 15:20:41] 681   -13496.24 [    19500.6   10980.2   40023.0    2428.6   50000.0 ]
[24-10-31 15:20:41] 683   -13496.24 [    19500.6   10980.2   40023.0    2428.6   50000.0 ]
[24-10-31 15:20:41] 685   -13496.24 [    19500.6   10980.2   40023.0    2428.6   50000.0 ]
[24-10-31 15:20:42] 687   -13496.24 [    19500.6   10980.2   40023.0    2428.6   50000.0 ]
[24-10-31 15:20:42] 688   -13496.24 [    19500.6   10980.2   40023.0    2428.6   50000.0 ]
[24-10-31 15:20:42] 690   -13496.24 [    19500.6   10980.2   40023.0    2428.6   50000.0 ]
[24-10-31 15:20:42] 692   -13496.24 [    19500.6   10980.2   40023.0    2428.6   50000.0 ]
[24-10-31 15:20:42] 694   -13496.24 [    19500.6   10980.2   40023.0    2428.6   50000.0 ]
[24-10-31 15:20:43] 695   -13496.24 [    19500.6   10980.2   40023.0    2428.6   50000.0 ]
[24-10-31 15:20:43] 696   -13496.24 [    19500.6   10980.2   40023.0    2428.6   50000.0 ]
[24-10-31 15:20:43] 697   -13496.24 [    19500.6   10980.2   40023.0    2428.6   50000.0 ]
[24-10-31 15:20:43] 698   -13496.24 [    19500.6   10980.2   40023.0    2428.6   50000.0 ]
[24-10-31 15:20:43] 699   -13496.24 [    19500.6   10980.2   40023.0    2428.6   50000.0 ]
[24-10-31 15:20:44] 700   -13496.24 [    19500.6   10980.2   40023.0    2428.6   50000.0 ]
[24-10-31 15:20:44] 701   -13496.26 [    19500.6   10980.2   40023.0    2429.6   50000.0 ]
[24-10-31 15:20:44] 702   -13496.21 [    19500.6   10980.2   40023.0    2427.0   50000.0 ]
[24-10-31 15:20:44] 703   -13496.17 [    19500.6   10980.2   40023.0    2420.1   50000.0 ]
[24-10-31 15:20:44] 704    -13496.3 [    19500.6   10980.2   40023.0    2409.0   50000.0 ]
[24-10-31 15:20:45] 705   -13496.19 [    19500.6   10980.2   40023.0    2415.9   50000.0 ]
[24-10-31 15:20:45] 706   -13496.17 [    19500.6   10980.2   40023.0    2422.7   50000.0 ]
[24-10-31 15:20:45] 707   -13496.17 [    19500.6   10980.2   40023.0    2420.2   50000.0 ]
[24-10-31 15:20:45] 708   -13496.17 [    19500.6   10980.2   40023.0    2420.3   50000.0 ]
[24-10-31 15:20:45] 709   -13496.17 [    19500.6   10980.2   40023.0    2420.2   50000.0 ]
[24-10-31 15:20:46] 714    -13500.4 [    19448.7   10882.1   40713.1    2462.6   50000.0 ]
[24-10-31 15:20:46] 715   -13498.28 [    19474.6   10931.2   40368.0    2441.4   50000.0 ]
[24-10-31 15:20:46] 718   -13496.97 [    19490.7   10961.5   40154.8    2428.3   50000.0 ]
[24-10-31 15:20:46] 720   -13496.47 [    19496.8   10973.0   40073.3    2423.3   50000.0 ]
[24-10-31 15:20:47] 722   -13496.28 [    19499.2   10977.5   40042.2    2421.4   50000.0 ]
[24-10-31 15:20:47] 723   -13496.06 [    19502.0   10982.8   40004.8    2419.1   50000.0 ]
[24-10-31 15:20:47] 725    -13496.1 [    19501.4   10981.8   40011.8    2419.5   50000.0 ]
[24-10-31 15:20:47] 726   -13496.03 [    19502.3   10983.4   40000.5    2418.8   50000.0 ]
[24-10-31 15:20:48] 728   -13496.04 [    19502.2   10983.2   40002.2    2418.9   50000.0 ]
[24-10-31 15:20:48] 730   -13496.03 [    19502.2   10983.3   40001.2    2418.9   50000.0 ]
[24-10-31 15:20:48] 731   -13496.03 [    19502.3   10983.4   40000.1    2418.8   50000.0 ]
Optimization terminated successfully.
         Current function value: 13496.028629
         Iterations: 9
         Function evaluations: 732
[24-10-31 15:20:48] 732      fit p: [    19502.3   10983.4   40000.1    2418.8   50000.0 ]
method: Powell
objective_func: objective_H2
fopt: -13496.028628870235
max_iter: 100
num_iter: 9
func_calls: 732
flag: 0
u_fitted: False
u: 1.111e-08
