[24-10-31 14:56:48] fitting objective_H2 to data for demes ['French', 'KhomaniSan', 'Yoruba']
[24-10-31 14:56:48] 0        pnames [         NK       NFY       TFY        NF        NY ]
[24-10-31 14:56:48] 0            p0 [    19337.1   22432.7   73525.4    7493.8   20557.9 ]
[24-10-31 14:56:48] 1     -23987.27 [    19337.1   22432.7   73525.4    7493.8   20557.9 ]
[24-10-31 14:56:48] 2     -23987.27 [    19337.1   22432.7   73525.4    7493.8   20557.9 ]
[24-10-31 14:56:48] 3     -23987.22 [    19338.1   22432.7   73525.4    7493.8   20557.9 ]
[24-10-31 14:56:49] 4     -23987.13 [    19339.7   22432.7   73525.4    7493.8   20557.9 ]
[24-10-31 14:56:49] 5     -23977.96 [    19516.1   22432.7   73525.4    7493.8   20557.9 ]
[24-10-31 14:56:49] 6     -23836.19 [    23887.4   22432.7   73525.4    7493.8   20557.9 ]
[24-10-31 14:56:49] 7     -23780.67 [    30960.3   22432.7   73525.4    7493.8   20557.9 ]
[24-10-31 14:56:49] 8     -23784.08 [    29251.1   22432.7   73525.4    7493.8   20557.9 ]
[24-10-31 14:56:50] 9     -23816.21 [    42404.4   22432.7   73525.4    7493.8   20557.9 ]
[24-10-31 14:56:50] 10    -23786.29 [    35331.5   22432.7   73525.4    7493.8   20557.9 ]
[24-10-31 14:56:50] 11    -23788.22 [    28258.7   22432.7   73525.4    7493.8   20557.9 ]
[24-10-31 14:56:50] 12    -23780.46 [    32031.6   22432.7   73525.4    7493.8   20557.9 ]
[24-10-31 14:56:51] 13    -23780.39 [    31720.9   22432.7   73525.4    7493.8   20557.9 ]
[24-10-31 14:56:51] 14    -23780.39 [    31597.1   22432.7   73525.4    7493.8   20557.9 ]
[24-10-31 14:56:51] 15     -23780.4 [    31844.8   22432.7   73525.4    7493.8   20557.9 ]
[24-10-31 14:56:51] 16    -23780.39 [    31720.9   22432.7   73525.4    7493.8   20557.9 ]
[24-10-31 14:56:52] 17    -23780.62 [    31720.9   22433.7   73525.4    7493.8   20557.9 ]
[24-10-31 14:56:52] 18    -23780.01 [    31720.9   22431.1   73525.4    7493.8   20557.9 ]
[24-10-31 14:56:52] 19    -23779.39 [    31720.9   22428.5   73525.4    7493.8   20557.9 ]
[24-10-31 14:56:52] 20     -23778.4 [    31720.9   22424.2   73525.4    7493.8   20557.9 ]
[24-10-31 14:56:53] 21    -23776.78 [    31720.9   22417.4   73525.4    7493.8   20557.9 ]
[24-10-31 14:56:53] 22    -23774.17 [    31720.9   22406.3   73525.4    7493.8   20557.9 ]
[24-10-31 14:56:53] 23    -23769.94 [    31720.9   22388.3   73525.4    7493.8   20557.9 ]
[24-10-31 14:56:53] 24    -23763.09 [    31720.9   22359.3   73525.4    7493.8   20557.9 ]
[24-10-31 14:56:54] 25    -23751.97 [    31720.9   22312.3   73525.4    7493.8   20557.9 ]
[24-10-31 14:56:54] 26    -23733.91 [    31720.9   22236.3   73525.4    7493.8   20557.9 ]
[24-10-31 14:56:54] 27    -23704.49 [    31720.9   22113.3   73525.4    7493.8   20557.9 ]
[24-10-31 14:56:54] 28    -23656.36 [    31720.9   21914.3   73525.4    7493.8   20557.9 ]
[24-10-31 14:56:55] 29     -23577.1 [    31720.9   21592.3   73525.4    7493.8   20557.9 ]
[24-10-31 14:56:55] 30    -23445.11 [    31720.9   21071.3   73525.4    7493.8   20557.9 ]
[24-10-31 14:56:55] 31     -23221.2 [    31720.9   20228.3   73525.4    7493.8   20557.9 ]
[24-10-31 14:56:55] 32    -22829.42 [    31720.9   18864.3   73525.4    7493.8   20557.9 ]
[24-10-31 14:56:55] 33    -22107.22 [    31720.9   16657.3   73525.4    7493.8   20557.9 ]
[24-10-31 14:56:56] 34    -20659.22 [    31720.9   13086.3   73525.4    7493.8   20557.9 ]
[24-10-31 14:56:56] 35    -17876.28 [    31720.9    7308.3   73525.4    7493.8   20557.9 ]
[24-10-31 14:56:56] 37    -22236.66 [    31720.9    3737.3   73525.4    7493.8   20557.9 ]
[24-10-31 14:56:56] 38    -18867.27 [    31720.9    9515.3   73525.4    7493.8   20557.9 ]
[24-10-31 14:56:57] 39    -17986.53 [    31720.9    7635.1   73525.4    7493.8   20557.9 ]
[24-10-31 14:56:57] 40    -17797.48 [    31720.9    5944.3   73525.4    7493.8   20557.9 ]
[24-10-31 14:56:57] 41    -17728.98 [    31720.9    6451.7   73525.4    7493.8   20557.9 ]
[24-10-31 14:56:57] 42    -17735.94 [    31720.9    6611.5   73525.4    7493.8   20557.9 ]
[24-10-31 14:56:58] 43    -17734.38 [    31720.9    6291.9   73525.4    7493.8   20557.9 ]
[24-10-31 14:56:58] 44    -17728.98 [    31720.9    6451.7   73525.4    7493.8   20557.9 ]
[24-10-31 14:56:58] 45    -17728.98 [    31720.9    6451.7   73526.4    7493.8   20557.9 ]
[24-10-31 14:56:58] 46    -17728.98 [    31720.9    6451.7   73528.0    7493.8   20557.9 ]
[24-10-31 14:56:59] 47    -17728.78 [    31720.9    6451.7   73704.4    7493.8   20557.9 ]
[24-10-31 14:56:59] 48    -17728.77 [    31720.9    6451.7   73767.6    7493.8   20557.9 ]
[24-10-31 14:56:59] 49    -17728.81 [    31720.9    6451.7   73869.9    7493.8   20557.9 ]
[24-10-31 14:57:00] 50    -17728.77 [    31720.9    6451.7   73806.7    7493.8   20557.9 ]
[24-10-31 14:57:00] 51    -17728.77 [    31720.9    6451.7   73743.4    7493.8   20557.9 ]
[24-10-31 14:57:00] 52    -17728.77 [    31720.9    6451.7   73765.2    7493.8   20557.9 ]
[24-10-31 14:57:00] 53    -17728.77 [    31720.9    6451.7   73770.0    7493.8   20557.9 ]
[24-10-31 14:57:01] 54    -17728.77 [    31720.9    6451.7   73767.6    7493.8   20557.9 ]
[24-10-31 14:57:01] 55     -17729.4 [    31720.9    6451.7   73767.6    7494.8   20557.9 ]
[24-10-31 14:57:01] 56    -17727.75 [    31720.9    6451.7   73767.6    7492.2   20557.9 ]
[24-10-31 14:57:01] 57    -17726.09 [    31720.9    6451.7   73767.6    7489.6   20557.9 ]
[24-10-31 14:57:01] 58    -17723.41 [    31720.9    6451.7   73767.6    7485.4   20557.9 ]
[24-10-31 14:57:02] 59    -17719.07 [    31720.9    6451.7   73767.6    7478.5   20557.9 ]
[24-10-31 14:57:02] 60    -17712.05 [    31720.9    6451.7   73767.6    7467.4   20557.9 ]
[24-10-31 14:57:02] 61    -17700.68 [    31720.9    6451.7   73767.6    7449.5   20557.9 ]
[24-10-31 14:57:02] 62    -17682.25 [    31720.9    6451.7   73767.6    7420.4   20557.9 ]
[24-10-31 14:57:03] 63    -17652.39 [    31720.9    6451.7   73767.6    7373.5   20557.9 ]
[24-10-31 14:57:03] 64    -17603.94 [    31720.9    6451.7   73767.6    7297.4   20557.9 ]
[24-10-31 14:57:03] 65    -17525.21 [    31720.9    6451.7   73767.6    7174.5   20557.9 ]
[24-10-31 14:57:03] 66    -17397.14 [    31720.9    6451.7   73767.6    6975.4   20557.9 ]
[24-10-31 14:57:04] 67    -17188.95 [    31720.9    6451.7   73767.6    6653.5   20557.9 ]
[24-10-31 14:57:04] 68    -16854.33 [    31720.9    6451.7   73767.6    6132.4   20557.9 ]
[24-10-31 14:57:04] 72    -16758.27 [    31720.9    6451.7   73767.6    2967.7   20557.9 ]
[24-10-31 14:57:04] 73    -16029.84 [    31720.9    6451.7   73767.6    4550.1   20557.9 ]
[24-10-31 14:57:05] 74    -16015.79 [    31720.9    6451.7   73767.6    4501.1   20557.9 ]
[24-10-31 14:57:05] 75    -15962.32 [    31720.9    6451.7   73767.6    4231.2   20557.9 ]
[24-10-31 14:57:05] 76    -16004.97 [    31720.9    6451.7   73767.6    3748.6   20557.9 ]
[24-10-31 14:57:05] 77    -15953.82 [    31720.9    6451.7   73767.6    4106.0   20557.9 ]
[24-10-31 14:57:06] 78     -15953.6 [    31720.9    6451.7   73767.6    4072.1   20557.9 ]
[24-10-31 14:57:06] 79    -15954.34 [    31720.9    6451.7   73767.6    4037.9   20557.9 ]
[24-10-31 14:57:06] 80     -15953.6 [    31720.9    6451.7   73767.6    4072.1   20557.9 ]
[24-10-31 14:57:06] 81    -15953.41 [    31720.9    6451.7   73767.6    4072.1   20558.9 ]
[24-10-31 14:57:07] 82     -15953.1 [    31720.9    6451.7   73767.6    4072.1   20560.5 ]
[24-10-31 14:57:07] 83    -15919.91 [    31720.9    6451.7   73767.6    4072.1   20736.8 ]
[24-10-31 14:57:07] 84    -14946.65 [    31720.9    6451.7   73767.6    4072.1   28599.0 ]
[24-10-31 14:57:07] 85    -14293.08 [    31720.9    6451.7   73767.6    4072.1   41320.3 ]
[24-10-31 14:57:08] 86    -14263.76 [    31720.9    6451.7   73767.6    4072.1   42261.5 ]
[24-10-31 14:57:08] 87    -14219.64 [    31720.9    6451.7   73767.6    4072.1   43784.5 ]
[24-10-31 14:57:08] 89    -14078.33 [    31720.9    6451.7   73767.6    4072.1   49758.5 ]
[24-10-31 14:57:08] 91    -14143.38 [    31720.9    6451.7   73767.6    4072.1   46771.5 ]
[24-10-31 14:57:08] 93    -14102.01 [    31720.9    6451.7   73767.6    4072.1   48617.6 ]
[24-10-31 14:57:09] 95    -14087.21 [    31720.9    6451.7   73767.6    4072.1   49322.7 ]
[24-10-31 14:57:09] 97    -14078.33 [    31720.9    6451.7   73767.6    4072.1   49758.5 ]
[24-10-31 14:57:09] 98    -14078.35 [    31721.9    6451.7   73767.6    4072.1   49758.5 ]
[24-10-31 14:57:09] 99    -14078.29 [    31719.3    6451.7   73767.6    4072.1   49758.5 ]
[24-10-31 14:57:10] 100   -14078.22 [    31716.7    6451.7   73767.6    4072.1   49758.5 ]
[24-10-31 14:57:10] 101   -14078.12 [    31712.5    6451.7   73767.6    4072.1   49758.5 ]
[24-10-31 14:57:10] 102   -14077.95 [    31705.6    6451.7   73767.6    4072.1   49758.5 ]
[24-10-31 14:57:10] 103   -14077.68 [    31694.5    6451.7   73767.6    4072.1   49758.5 ]
[24-10-31 14:57:11] 104   -14077.23 [    31676.6    6451.7   73767.6    4072.1   49758.5 ]
[24-10-31 14:57:11] 105   -14076.51 [    31647.5    6451.7   73767.6    4072.1   49758.5 ]
[24-10-31 14:57:11] 106   -14075.35 [    31600.6    6451.7   73767.6    4072.1   49758.5 ]
[24-10-31 14:57:11] 107   -14073.47 [    31524.5    6451.7   73767.6    4072.1   49758.5 ]
[24-10-31 14:57:12] 108   -14070.42 [    31401.6    6451.7   73767.6    4072.1   49758.5 ]
[24-10-31 14:57:12] 109   -14065.48 [    31202.6    6451.7   73767.6    4072.1   49758.5 ]
[24-10-31 14:57:12] 110   -14057.45 [    30880.6    6451.7   73767.6    4072.1   49758.5 ]
[24-10-31 14:57:12] 111   -14044.39 [    30359.6    6451.7   73767.6    4072.1   49758.5 ]
[24-10-31 14:57:13] 112   -14023.11 [    29516.6    6451.7   73767.6    4072.1   49758.5 ]
[24-10-31 14:57:13] 113   -13988.45 [    28152.6    6451.7   73767.6    4072.1   49758.5 ]
[24-10-31 14:57:13] 114    -13932.7 [    25945.6    6451.7   73767.6    4072.1   49758.5 ]
[24-10-31 14:57:13] 118   -14072.63 [    12539.4    6451.7   73767.6    4072.1   49758.5 ]
[24-10-31 14:57:14] 119   -13804.07 [    19242.5    6451.7   73767.6    4072.1   49758.5 ]
[24-10-31 14:57:14] 120    -13816.7 [    20423.3    6451.7   73767.6    4072.1   49758.5 ]
[24-10-31 14:57:14] 121   -13818.99 [    16355.1    6451.7   73767.6    4072.1   49758.5 ]
[24-10-31 14:57:14] 122   -13800.29 [    18139.6    6451.7   73767.6    4072.1   49758.5 ]
[24-10-31 14:57:15] 123   -13800.24 [    18275.4    6451.7   73767.6    4072.1   49758.5 ]
[24-10-31 14:57:15] 124   -13800.35 [    18409.9    6451.7   73767.6    4072.1   49758.5 ]
[24-10-31 14:57:15] 125   -13800.24 [    18275.4    6451.7   73767.6    4072.1   49758.5 ]
[24-10-31 14:57:15] 126   -13800.21 [    18275.4    6452.7   73767.6    4072.1   49758.5 ]
[24-10-31 14:57:16] 127   -13800.16 [    18275.4    6454.3   73767.6    4072.1   49758.5 ]
[24-10-31 14:57:16] 128   -13799.26 [    18275.4    6515.4   73767.6    4072.1   49758.5 ]
[24-10-31 14:57:16] 129   -13801.34 [    18275.4    6614.1   73767.6    4072.1   49758.5 ]
[24-10-31 14:57:16] 130   -13799.55 [    18275.4    6553.1   73767.6    4072.1   49758.5 ]
[24-10-31 14:57:17] 131    -13799.4 [    18275.4    6492.0   73767.6    4072.1   49758.5 ]
[24-10-31 14:57:17] 132   -13799.26 [    18275.4    6517.1   73767.6    4072.1   49758.5 ]
[24-10-31 14:57:17] 133   -13799.26 [    18275.4    6516.5   73767.6    4072.1   49758.5 ]
[24-10-31 14:57:17] 134   -13799.26 [    18275.4    6517.8   73767.6    4072.1   49758.5 ]
[24-10-31 14:57:18] 135   -13799.26 [    18275.4    6517.1   73767.6    4072.1   49758.5 ]
[24-10-31 14:57:18] 136   -13799.28 [    18275.4    6517.1   73768.6    4072.1   49758.5 ]
[24-10-31 14:57:18] 137   -13799.22 [    18275.4    6517.1   73766.0    4072.1   49758.5 ]
[24-10-31 14:57:18] 138   -13795.47 [    18275.4    6517.1   73589.6    4072.1   49758.5 ]
[24-10-31 14:57:19] 139   -13770.82 [    18275.4    6517.1   71205.8    4072.1   49758.5 ]
[24-10-31 14:57:19] 140   -13831.28 [    18275.4    6517.1   67348.8    4072.1   49758.5 ]
[24-10-31 14:57:19] 141   -13779.46 [    18275.4    6517.1   69732.6    4072.1   49758.5 ]
[24-10-31 14:57:19] 142   -13774.55 [    18275.4    6517.1   72116.3    4072.1   49758.5 ]
[24-10-31 14:57:20] 143   -13770.81 [    18275.4    6517.1   71170.9    4072.1   49758.5 ]
[24-10-31 14:57:20] 144   -13770.82 [    18275.4    6517.1   71144.9    4072.1   49758.5 ]
[24-10-31 14:57:20] 145   -13770.81 [    18275.4    6517.1   71170.9    4072.1   49758.5 ]
[24-10-31 14:57:20] 146   -13770.63 [    18275.4    6517.1   71170.9    4073.1   49758.5 ]
[24-10-31 14:57:21] 147   -13770.34 [    18275.4    6517.1   71170.9    4074.7   49758.5 ]
[24-10-31 14:57:21] 148   -13751.05 [    18275.4    6517.1   71170.9    4251.1   49758.5 ]
[24-10-31 14:57:21] 149   -13749.73 [    18275.4    6517.1   71170.9    4300.5   49758.5 ]
[24-10-31 14:57:21] 150   -13750.99 [    18275.4    6517.1   71170.9    4380.4   49758.5 ]
[24-10-31 14:57:22] 151   -13749.73 [    18275.4    6517.1   71170.9    4331.0   49758.5 ]
[24-10-31 14:57:22] 152   -13750.03 [    18275.4    6517.1   71170.9    4349.9   49758.5 ]
[24-10-31 14:57:22] 153   -13749.66 [    18275.4    6517.1   71170.9    4315.8   49758.5 ]
[24-10-31 14:57:22] 154   -13749.66 [    18275.4    6517.1   71170.9    4313.3   49758.5 ]
[24-10-31 14:57:23] 155   -13749.66 [    18275.4    6517.1   71170.9    4318.2   49758.5 ]
[24-10-31 14:57:23] 156   -13749.66 [    18275.4    6517.1   71170.9    4315.8   49758.5 ]
[24-10-31 14:57:23] 157   -13749.64 [    18275.4    6517.1   71170.9    4315.8   49759.5 ]
[24-10-31 14:57:23] 158   -13749.62 [    18275.4    6517.1   71170.9    4315.8   49761.1 ]
[24-10-31 14:57:24] 159   -13746.93 [    18275.4    6517.1   71170.9    4315.8   49937.5 ]
[24-10-31 14:57:24] 166   -13747.96 [    18275.4    6517.1   71170.9    4315.8   49870.1 ]
[24-10-31 14:57:24] 167   -13747.44 [    18275.4    6517.1   71170.9    4315.8   49903.8 ]
[24-10-31 14:57:24] 168   -13746.03 [    18275.4    6517.1   71170.9    4315.8   49997.0 ]
[24-10-31 14:57:25] 170   -13746.38 [    18275.4    6517.1   71170.9    4315.8   49974.3 ]
[24-10-31 14:57:25] 172   -13746.16 [    18275.4    6517.1   71170.9    4315.8   49988.3 ]
[24-10-31 14:57:25] 174   -13746.08 [    18275.4    6517.1   71170.9    4315.8   49993.7 ]
[24-10-31 14:57:25] 175    -13746.0 [    18275.4    6517.1   71170.9    4315.8   49999.4 ]
[24-10-31 14:57:26] 177    -13746.0 [    18275.4    6517.1   71170.9    4315.8   49999.4 ]
[24-10-31 14:57:26] 178   -13746.01 [    18276.4    6517.1   71170.9    4315.8   49999.4 ]
[24-10-31 14:57:26] 179   -13745.98 [    18273.8    6517.1   71170.9    4315.8   49999.4 ]
[24-10-31 14:57:26] 180   -13744.69 [    18097.5    6517.1   71170.9    4315.8   49999.4 ]
[24-10-31 14:57:27] 181   -13742.28 [    17254.4    6517.1   71170.9    4315.8   49999.4 ]
[24-10-31 14:57:27] 182   -13755.45 [    15890.3    6517.1   71170.9    4315.8   49999.4 ]
[24-10-31 14:57:27] 183   -13744.46 [    16733.4    6517.1   71170.9    4315.8   49999.4 ]
[24-10-31 14:57:27] 184   -13742.41 [    17576.4    6517.1   71170.9    4315.8   49999.4 ]
[24-10-31 14:57:27] 185   -13742.21 [    17378.6    6517.1   71170.9    4315.8   49999.4 ]
[24-10-31 14:57:28] 186   -13742.21 [    17369.6    6517.1   71170.9    4315.8   49999.4 ]
[24-10-31 14:57:28] 187   -13742.21 [    17387.6    6517.1   71170.9    4315.8   49999.4 ]
[24-10-31 14:57:28] 188   -13742.21 [    17378.6    6517.1   71170.9    4315.8   49999.4 ]
[24-10-31 14:57:28] 189   -13742.13 [    17378.6    6518.1   71170.9    4315.8   49999.4 ]
[24-10-31 14:57:29] 190    -13742.0 [    17378.6    6519.8   71170.9    4315.8   49999.4 ]
[24-10-31 14:57:29] 191   -13735.85 [    17378.6    6670.7   71170.9    4315.8   49999.4 ]
[24-10-31 14:57:29] 192    -13747.6 [    17378.6    6914.8   71170.9    4315.8   49999.4 ]
[24-10-31 14:57:29] 193   -13737.37 [    17378.6    6763.9   71170.9    4315.8   49999.4 ]
[24-10-31 14:57:30] 194   -13736.89 [    17378.6    6613.0   71170.9    4315.8   49999.4 ]
[24-10-31 14:57:30] 195   -13735.82 [    17378.6    6681.5   71170.9    4315.8   49999.4 ]
[24-10-31 14:57:30] 196   -13735.82 [    17378.6    6679.8   71170.9    4315.8   49999.4 ]
[24-10-31 14:57:30] 197   -13735.82 [    17378.6    6683.1   71170.9    4315.8   49999.4 ]
[24-10-31 14:57:31] 198   -13735.82 [    17378.6    6681.5   71170.9    4315.8   49999.4 ]
[24-10-31 14:57:31] 199   -13735.83 [    17378.6    6681.5   71171.9    4315.8   49999.4 ]
[24-10-31 14:57:31] 200   -13735.81 [    17378.6    6681.5   71169.2    4315.8   49999.4 ]
[24-10-31 14:57:31] 201   -13734.63 [    17378.6    6681.5   70992.9    4315.8   49999.4 ]
[24-10-31 14:57:32] 202   -13732.38 [    17378.6    6681.5   70246.4    4315.8   49999.4 ]
[24-10-31 14:57:32] 203   -13738.13 [    17378.6    6681.5   69038.6    4315.8   49999.4 ]
[24-10-31 14:57:32] 204   -13733.21 [    17378.6    6681.5   69785.1    4315.8   49999.4 ]
[24-10-31 14:57:32] 205   -13732.71 [    17378.6    6681.5   70531.5    4315.8   49999.4 ]
[24-10-31 14:57:33] 206   -13732.38 [    17378.6    6681.5   70237.2    4315.8   49999.4 ]
[24-10-31 14:57:33] 207   -13732.38 [    17378.6    6681.5   70255.7    4315.8   49999.4 ]
[24-10-31 14:57:33] 208   -13732.38 [    17378.6    6681.5   70246.4    4315.8   49999.4 ]
[24-10-31 14:57:33] 209   -13732.42 [    17378.6    6681.5   70246.4    4316.8   49999.4 ]
[24-10-31 14:57:33] 210   -13732.32 [    17378.6    6681.5   70246.4    4314.1   49999.4 ]
[24-10-31 14:57:34] 211   -13731.25 [    17378.6    6681.5   70246.4    4255.3   49999.4 ]
[24-10-31 14:57:34] 212   -13734.53 [    17378.6    6681.5   70246.4    4160.0   49999.4 ]
[24-10-31 14:57:34] 213   -13731.75 [    17378.6    6681.5   70246.4    4218.9   49999.4 ]
[24-10-31 14:57:35] 214   -13731.39 [    17378.6    6681.5   70246.4    4277.8   49999.4 ]
[24-10-31 14:57:35] 215   -13731.25 [    17378.6    6681.5   70246.4    4257.3   49999.4 ]
[24-10-31 14:57:35] 216   -13731.25 [    17378.6    6681.5   70246.4    4256.7   49999.4 ]
[24-10-31 14:57:35] 217   -13731.25 [    17378.6    6681.5   70246.4    4257.9   49999.4 ]
[24-10-31 14:57:35] 218   -13731.25 [    17378.6    6681.5   70246.4    4257.3   49999.4 ]
[24-10-31 14:57:36] 220   -13731.27 [    17378.6    6681.5   70246.4    4257.3   49997.8 ]
[24-10-31 14:57:36] 221   -13731.26 [    17378.6    6681.5   70246.4    4257.3   49998.8 ]
[24-10-31 14:57:36] 222   -13731.24 [    17378.6    6681.5   70246.4    4257.3   49999.8 ]
[24-10-31 14:57:37] 224   -13731.25 [    17378.6    6681.5   70246.4    4257.3   49999.6 ]
[24-10-31 14:57:37] 225   -13731.24 [    17378.6    6681.5   70246.4    4257.3   49999.9 ]
[24-10-31 14:57:37] 226   -13731.24 [    17378.6    6681.5   70246.4    4257.3   49999.9 ]
[24-10-31 14:57:37] 227   -13731.24 [    17378.6    6681.5   70246.4    4257.3   50000.0 ]
[24-10-31 14:57:37] 228   -13731.24 [    17378.6    6681.5   70246.4    4257.3   50000.0 ]
[24-10-31 14:57:38] 229   -13731.24 [    17378.6    6681.5   70246.4    4257.3   50000.0 ]
[24-10-31 14:57:38] 231   -13731.24 [    17378.6    6681.5   70246.4    4257.3   50000.0 ]
[24-10-31 14:57:38] 233   -13731.24 [    17378.6    6681.5   70246.4    4257.3   50000.0 ]
[24-10-31 14:57:39] 234   -13731.24 [    17379.6    6681.5   70246.4    4257.3   50000.0 ]
[24-10-31 14:57:39] 235   -13731.24 [    17381.2    6681.5   70246.4    4257.3   50000.0 ]
[24-10-31 14:57:39] 236   -13731.11 [    17537.6    6681.5   70246.4    4257.3   50000.0 ]
[24-10-31 14:57:39] 237   -13731.41 [    17790.5    6681.5   70246.4    4257.3   50000.0 ]
[24-10-31 14:57:39] 238   -13731.15 [    17634.2    6681.5   70246.4    4257.3   50000.0 ]
[24-10-31 14:57:40] 239   -13731.13 [    17477.9    6681.5   70246.4    4257.3   50000.0 ]
[24-10-31 14:57:40] 240   -13731.11 [    17541.9    6681.5   70246.4    4257.3   50000.0 ]
[24-10-31 14:57:40] 241   -13731.11 [    17540.2    6681.5   70246.4    4257.3   50000.0 ]
[24-10-31 14:57:41] 242   -13731.11 [    17543.5    6681.5   70246.4    4257.3   50000.0 ]
[24-10-31 14:57:41] 243   -13731.11 [    17541.9    6681.5   70246.4    4257.3   50000.0 ]
[24-10-31 14:57:41] 244   -13731.05 [    17541.9    6682.5   70246.4    4257.3   50000.0 ]
[24-10-31 14:57:41] 245   -13730.95 [    17541.9    6684.1   70246.4    4257.3   50000.0 ]
[24-10-31 14:57:42] 246   -13726.99 [    17541.9    6809.5   70246.4    4257.3   50000.0 ]
[24-10-31 14:57:42] 247   -13735.01 [    17541.9    7012.4   70246.4    4257.3   50000.0 ]
[24-10-31 14:57:42] 248   -13728.06 [    17541.9    6887.0   70246.4    4257.3   50000.0 ]
[24-10-31 14:57:42] 249   -13727.65 [    17541.9    6761.6   70246.4    4257.3   50000.0 ]
[24-10-31 14:57:43] 250   -13726.98 [    17541.9    6816.7   70246.4    4257.3   50000.0 ]
[24-10-31 14:57:43] 251   -13726.98 [    17541.9    6815.4   70246.4    4257.3   50000.0 ]
[24-10-31 14:57:43] 252   -13726.99 [    17541.9    6818.1   70246.4    4257.3   50000.0 ]
[24-10-31 14:57:43] 253   -13726.98 [    17541.9    6816.7   70246.4    4257.3   50000.0 ]
[24-10-31 14:57:44] 254   -13726.99 [    17541.9    6816.7   70247.4    4257.3   50000.0 ]
[24-10-31 14:57:44] 255   -13726.97 [    17541.9    6816.7   70244.8    4257.3   50000.0 ]
[24-10-31 14:57:44] 256   -13725.78 [    17541.9    6816.7   70068.4    4257.3   50000.0 ]
[24-10-31 14:57:44] 257   -13723.42 [    17541.9    6816.7   69292.5    4257.3   50000.0 ]
[24-10-31 14:57:45] 258   -13729.46 [    17541.9    6816.7   68037.1    4257.3   50000.0 ]
[24-10-31 14:57:45] 259    -13724.3 [    17541.9    6816.7   68813.0    4257.3   50000.0 ]
[24-10-31 14:57:45] 260   -13723.77 [    17541.9    6816.7   69588.9    4257.3   50000.0 ]
[24-10-31 14:57:45] 261   -13723.42 [    17541.9    6816.7   69283.0    4257.3   50000.0 ]
[24-10-31 14:57:46] 262   -13723.42 [    17541.9    6816.7   69302.1    4257.3   50000.0 ]
[24-10-31 14:57:46] 263   -13723.42 [    17541.9    6816.7   69292.5    4257.3   50000.0 ]
[24-10-31 14:57:46] 264   -13723.46 [    17541.9    6816.7   69292.5    4258.3   50000.0 ]
[24-10-31 14:57:46] 265   -13723.36 [    17541.9    6816.7   69292.5    4255.7   50000.0 ]
[24-10-31 14:57:47] 266   -13722.28 [    17541.9    6816.7   69292.5    4197.1   50000.0 ]
[24-10-31 14:57:47] 267   -13725.62 [    17541.9    6816.7   69292.5    4102.4   50000.0 ]
[24-10-31 14:57:47] 268   -13722.79 [    17541.9    6816.7   69292.5    4160.9   50000.0 ]
[24-10-31 14:57:47] 269   -13722.42 [    17541.9    6816.7   69292.5    4219.5   50000.0 ]
[24-10-31 14:57:48] 270   -13722.28 [    17541.9    6816.7   69292.5    4199.2   50000.0 ]
[24-10-31 14:57:48] 271   -13722.28 [    17541.9    6816.7   69292.5    4198.6   50000.0 ]
[24-10-31 14:57:48] 272   -13722.28 [    17541.9    6816.7   69292.5    4199.8   50000.0 ]
[24-10-31 14:57:48] 273   -13722.28 [    17541.9    6816.7   69292.5    4199.2   50000.0 ]
[24-10-31 14:57:49] 275    -13722.3 [    17541.9    6816.7   69292.5    4199.2   49998.4 ]
[24-10-31 14:57:49] 276   -13722.29 [    17541.9    6816.7   69292.5    4199.2   49999.4 ]
[24-10-31 14:57:49] 278   -13722.28 [    17541.9    6816.7   69292.5    4199.2   49999.7 ]
[24-10-31 14:57:49] 280   -13722.28 [    17541.9    6816.7   69292.5    4199.2   49999.9 ]
[24-10-31 14:57:49] 282   -13722.28 [    17541.9    6816.7   69292.5    4199.2   50000.0 ]
[24-10-31 14:57:50] 284   -13722.28 [    17541.9    6816.7   69292.5    4199.2   50000.0 ]
[24-10-31 14:57:50] 286   -13722.28 [    17541.9    6816.7   69292.5    4199.2   50000.0 ]
[24-10-31 14:57:50] 287   -13722.28 [    17541.9    6816.7   69292.5    4199.2   50000.0 ]
[24-10-31 14:57:50] 289   -13722.28 [    17541.9    6816.7   69292.5    4199.2   50000.0 ]
[24-10-31 14:57:51] 290   -13722.28 [    17541.9    6816.7   69292.5    4199.2   50000.0 ]
[24-10-31 14:57:51] 292   -13722.28 [    17541.9    6816.7   69292.5    4199.2   50000.0 ]
[24-10-31 14:57:51] 294   -13722.28 [    17541.9    6816.7   69292.5    4199.2   50000.0 ]
[24-10-31 14:57:51] 295   -13722.28 [    17541.9    6816.7   69292.5    4199.2   50000.0 ]
[24-10-31 14:57:52] 296   -13722.28 [    17541.9    6816.7   69292.5    4199.2   50000.0 ]
[24-10-31 14:57:52] 298   -13722.28 [    17541.9    6816.7   69292.5    4199.2   50000.0 ]
[24-10-31 14:57:52] 299   -13722.28 [    17542.9    6816.7   69292.5    4199.2   50000.0 ]
[24-10-31 14:57:52] 300   -13722.28 [    17544.5    6816.7   69292.5    4199.2   50000.0 ]
[24-10-31 14:57:53] 301   -13722.25 [    17608.9    6816.7   69292.5    4199.2   50000.0 ]
[24-10-31 14:57:53] 302   -13722.31 [    17713.1    6816.7   69292.5    4199.2   50000.0 ]
[24-10-31 14:57:53] 303   -13722.26 [    17648.7    6816.7   69292.5    4199.2   50000.0 ]
[24-10-31 14:57:53] 304   -13722.26 [    17584.3    6816.7   69292.5    4199.2   50000.0 ]
[24-10-31 14:57:54] 305   -13722.25 [    17609.6    6816.7   69292.5    4199.2   50000.0 ]
[24-10-31 14:57:54] 306   -13722.25 [    17610.3    6816.7   69292.5    4199.2   50000.0 ]
[24-10-31 14:57:54] 307   -13722.25 [    17609.6    6816.7   69292.5    4199.2   50000.0 ]
[24-10-31 14:57:54] 308    -13722.2 [    17609.6    6817.7   69292.5    4199.2   50000.0 ]
[24-10-31 14:57:55] 309    -13722.1 [    17609.6    6819.3   69292.5    4199.2   50000.0 ]
[24-10-31 14:57:55] 310   -13718.45 [    17609.6    6942.5   69292.5    4199.2   50000.0 ]
[24-10-31 14:57:55] 311   -13725.93 [    17609.6    7141.8   69292.5    4199.2   50000.0 ]
[24-10-31 14:57:55] 312   -13719.45 [    17609.6    7018.6   69292.5    4199.2   50000.0 ]
[24-10-31 14:57:56] 313   -13719.05 [    17609.6    6895.5   69292.5    4199.2   50000.0 ]
[24-10-31 14:57:56] 314   -13718.44 [    17609.6    6949.4   69292.5    4199.2   50000.0 ]
[24-10-31 14:57:56] 315   -13718.44 [    17609.6    6948.0   69292.5    4199.2   50000.0 ]
[24-10-31 14:57:56] 316   -13718.44 [    17609.6    6950.7   69292.5    4199.2   50000.0 ]
[24-10-31 14:57:57] 317   -13718.44 [    17609.6    6949.4   69292.5    4199.2   50000.0 ]
[24-10-31 14:57:57] 318   -13718.45 [    17609.6    6949.4   69293.5    4199.2   50000.0 ]
[24-10-31 14:57:57] 319   -13718.43 [    17609.6    6949.4   69290.9    4199.2   50000.0 ]
[24-10-31 14:57:57] 320   -13717.24 [    17609.6    6949.4   69114.6    4199.2   50000.0 ]
[24-10-31 14:57:58] 321    -13714.8 [    17609.6    6949.4   68313.8    4199.2   50000.0 ]
[24-10-31 14:57:58] 322   -13721.05 [    17609.6    6949.4   67018.1    4199.2   50000.0 ]
[24-10-31 14:57:58] 323    -13715.7 [    17609.6    6949.4   67818.9    4199.2   50000.0 ]
[24-10-31 14:57:58] 324   -13715.16 [    17609.6    6949.4   68619.7    4199.2   50000.0 ]
[24-10-31 14:57:58] 325    -13714.8 [    17609.6    6949.4   68304.0    4199.2   50000.0 ]
[24-10-31 14:57:59] 326    -13714.8 [    17609.6    6949.4   68323.6    4199.2   50000.0 ]
[24-10-31 14:57:59] 327    -13714.8 [    17609.6    6949.4   68313.8    4199.2   50000.0 ]
[24-10-31 14:57:59] 328   -13714.84 [    17609.6    6949.4   68313.8    4200.2   50000.0 ]
[24-10-31 14:57:59] 329   -13714.73 [    17609.6    6949.4   68313.8    4197.6   50000.0 ]
[24-10-31 14:58:00] 330   -13713.63 [    17609.6    6949.4   68313.8    4139.3   50000.0 ]
[24-10-31 14:58:00] 331   -13717.03 [    17609.6    6949.4   68313.8    4045.0   50000.0 ]
[24-10-31 14:58:00] 332   -13714.15 [    17609.6    6949.4   68313.8    4103.3   50000.0 ]
[24-10-31 14:58:00] 333   -13713.78 [    17609.6    6949.4   68313.8    4161.6   50000.0 ]
[24-10-31 14:58:01] 334   -13713.63 [    17609.6    6949.4   68313.8    4141.4   50000.0 ]
[24-10-31 14:58:01] 335   -13713.63 [    17609.6    6949.4   68313.8    4140.8   50000.0 ]
[24-10-31 14:58:01] 336   -13713.63 [    17609.6    6949.4   68313.8    4141.9   50000.0 ]
[24-10-31 14:58:01] 337   -13713.63 [    17609.6    6949.4   68313.8    4141.4   50000.0 ]
[24-10-31 14:58:02] 339   -13713.65 [    17609.6    6949.4   68313.8    4141.4   49998.4 ]
[24-10-31 14:58:02] 340   -13713.64 [    17609.6    6949.4   68313.8    4141.4   49999.4 ]
[24-10-31 14:58:02] 342   -13713.64 [    17609.6    6949.4   68313.8    4141.4   49999.7 ]
[24-10-31 14:58:02] 344   -13713.63 [    17609.6    6949.4   68313.8    4141.4   49999.9 ]
[24-10-31 14:58:03] 346   -13713.63 [    17609.6    6949.4   68313.8    4141.4   50000.0 ]
[24-10-31 14:58:03] 348   -13713.63 [    17609.6    6949.4   68313.8    4141.4   50000.0 ]
[24-10-31 14:58:03] 350   -13713.63 [    17609.6    6949.4   68313.8    4141.4   50000.0 ]
[24-10-31 14:58:03] 352   -13713.63 [    17609.6    6949.4   68313.8    4141.4   50000.0 ]
[24-10-31 14:58:04] 354   -13713.63 [    17609.6    6949.4   68313.8    4141.4   50000.0 ]
[24-10-31 14:58:04] 356   -13713.63 [    17609.6    6949.4   68313.8    4141.4   50000.0 ]
[24-10-31 14:58:04] 358   -13713.63 [    17609.6    6949.4   68313.8    4141.4   50000.0 ]
[24-10-31 14:58:04] 360   -13713.63 [    17609.6    6949.4   68313.8    4141.4   50000.0 ]
[24-10-31 14:58:05] 362   -13713.63 [    17609.6    6949.4   68313.8    4141.4   50000.0 ]
[24-10-31 14:58:05] 363   -13713.63 [    17609.6    6949.4   68313.8    4141.4   50000.0 ]
[24-10-31 14:58:05] 364   -13713.63 [    17609.6    6949.4   68313.8    4141.4   50000.0 ]
[24-10-31 14:58:05] 365   -13713.63 [    17609.6    6949.4   68313.8    4141.4   50000.0 ]
[24-10-31 14:58:06] 366   -13713.63 [    17609.6    6949.4   68313.8    4141.4   50000.0 ]
[24-10-31 14:58:06] 367   -13713.63 [    17609.6    6949.4   68313.8    4141.4   50000.0 ]
[24-10-31 14:58:06] 369   -13713.63 [    17609.6    6949.4   68313.8    4141.4   50000.0 ]
[24-10-31 14:58:06] 370   -13713.63 [    17609.6    6949.4   68313.8    4141.4   50000.0 ]
[24-10-31 14:58:07] 371   -13713.63 [    17609.6    6949.4   68313.8    4141.4   50000.0 ]
[24-10-31 14:58:07] 373   -13713.63 [    17609.6    6949.4   68313.8    4141.4   50000.0 ]
[24-10-31 14:58:07] 374   -13713.63 [    17610.6    6949.4   68313.8    4141.4   50000.0 ]
[24-10-31 14:58:07] 375   -13713.63 [    17612.2    6949.4   68313.8    4141.4   50000.0 ]
[24-10-31 14:58:08] 376   -13713.62 [    17660.4    6949.4   68313.8    4141.4   50000.0 ]
[24-10-31 14:58:08] 377   -13713.65 [    17738.2    6949.4   68313.8    4141.4   50000.0 ]
[24-10-31 14:58:08] 378   -13713.62 [    17690.1    6949.4   68313.8    4141.4   50000.0 ]
[24-10-31 14:58:08] 379   -13713.62 [    17642.0    6949.4   68313.8    4141.4   50000.0 ]
[24-10-31 14:58:09] 380   -13713.62 [    17660.9    6949.4   68313.8    4141.4   50000.0 ]
[24-10-31 14:58:09] 381   -13713.62 [    17661.4    6949.4   68313.8    4141.4   50000.0 ]
[24-10-31 14:58:09] 382   -13713.62 [    17660.9    6949.4   68313.8    4141.4   50000.0 ]
[24-10-31 14:58:09] 383   -13713.56 [    17660.9    6950.4   68313.8    4141.4   50000.0 ]
[24-10-31 14:58:10] 384   -13713.47 [    17660.9    6952.0   68313.8    4141.4   50000.0 ]
[24-10-31 14:58:10] 385   -13709.86 [    17660.9    7076.7   68313.8    4141.4   50000.0 ]
[24-10-31 14:58:10] 386   -13717.26 [    17660.9    7278.6   68313.8    4141.4   50000.0 ]
[24-10-31 14:58:10] 387   -13710.85 [    17660.9    7153.8   68313.8    4141.4   50000.0 ]
[24-10-31 14:58:11] 388   -13710.46 [    17660.9    7029.1   68313.8    4141.4   50000.0 ]
[24-10-31 14:58:11] 389   -13709.86 [    17660.9    7083.6   68313.8    4141.4   50000.0 ]
[24-10-31 14:58:11] 390   -13709.86 [    17660.9    7082.3   68313.8    4141.4   50000.0 ]
[24-10-31 14:58:11] 391   -13709.86 [    17660.9    7085.0   68313.8    4141.4   50000.0 ]
[24-10-31 14:58:12] 392   -13709.86 [    17660.9    7083.6   68313.8    4141.4   50000.0 ]
[24-10-31 14:58:12] 393   -13709.86 [    17660.9    7083.6   68314.8    4141.4   50000.0 ]
[24-10-31 14:58:12] 394   -13709.84 [    17660.9    7083.6   68312.2    4141.4   50000.0 ]
[24-10-31 14:58:12] 395   -13708.66 [    17660.9    7083.6   68135.8    4141.4   50000.0 ]
[24-10-31 14:58:13] 396   -13706.19 [    17660.9    7083.6   67318.9    4141.4   50000.0 ]
[24-10-31 14:58:13] 397   -13712.53 [    17660.9    7083.6   65997.2    4141.4   50000.0 ]
[24-10-31 14:58:13] 398   -13707.11 [    17660.9    7083.6   66814.1    4141.4   50000.0 ]
[24-10-31 14:58:13] 399   -13706.56 [    17660.9    7083.6   67631.0    4141.4   50000.0 ]
[24-10-31 14:58:14] 400   -13706.19 [    17660.9    7083.6   67309.0    4141.4   50000.0 ]
[24-10-31 14:58:14] 401   -13706.19 [    17660.9    7083.6   67328.9    4141.4   50000.0 ]
[24-10-31 14:58:14] 402   -13706.19 [    17660.9    7083.6   67318.9    4141.4   50000.0 ]
[24-10-31 14:58:14] 403   -13706.23 [    17660.9    7083.6   67318.9    4142.4   50000.0 ]
[24-10-31 14:58:15] 404   -13706.12 [    17660.9    7083.6   67318.9    4139.7   50000.0 ]
[24-10-31 14:58:15] 405   -13704.96 [    17660.9    7083.6   67318.9    4080.6   50000.0 ]
[24-10-31 14:58:15] 406   -13708.58 [    17660.9    7083.6   67318.9    3984.8   50000.0 ]
[24-10-31 14:58:15] 407   -13705.51 [    17660.9    7083.6   67318.9    4044.0   50000.0 ]
[24-10-31 14:58:16] 408   -13705.11 [    17660.9    7083.6   67318.9    4103.2   50000.0 ]
[24-10-31 14:58:16] 409   -13704.96 [    17660.9    7083.6   67318.9    4082.7   50000.0 ]
[24-10-31 14:58:16] 410   -13704.96 [    17660.9    7083.6   67318.9    4082.1   50000.0 ]
[24-10-31 14:58:16] 411   -13704.96 [    17660.9    7083.6   67318.9    4083.3   50000.0 ]
[24-10-31 14:58:17] 412   -13704.96 [    17660.9    7083.6   67318.9    4082.7   50000.0 ]
[24-10-31 14:58:17] 414   -13704.98 [    17660.9    7083.6   67318.9    4082.7   49998.4 ]
[24-10-31 14:58:17] 415   -13704.97 [    17660.9    7083.6   67318.9    4082.7   49999.4 ]
[24-10-31 14:58:17] 417   -13704.96 [    17660.9    7083.6   67318.9    4082.7   49999.7 ]
[24-10-31 14:58:18] 419   -13704.96 [    17660.9    7083.6   67318.9    4082.7   49999.9 ]
[24-10-31 14:58:18] 421   -13704.96 [    17660.9    7083.6   67318.9    4082.7   50000.0 ]
[24-10-31 14:58:18] 423   -13704.96 [    17660.9    7083.6   67318.9    4082.7   50000.0 ]
[24-10-31 14:58:18] 425   -13704.96 [    17660.9    7083.6   67318.9    4082.7   50000.0 ]
[24-10-31 14:58:19] 427   -13704.96 [    17660.9    7083.6   67318.9    4082.7   50000.0 ]
[24-10-31 14:58:19] 429   -13704.96 [    17660.9    7083.6   67318.9    4082.7   50000.0 ]
[24-10-31 14:58:19] 431   -13704.96 [    17660.9    7083.6   67318.9    4082.7   50000.0 ]
[24-10-31 14:58:19] 433   -13704.96 [    17660.9    7083.6   67318.9    4082.7   50000.0 ]
[24-10-31 14:58:20] 435   -13704.96 [    17660.9    7083.6   67318.9    4082.7   50000.0 ]
[24-10-31 14:58:20] 437   -13704.96 [    17660.9    7083.6   67318.9    4082.7   50000.0 ]
[24-10-31 14:58:20] 439   -13704.96 [    17660.9    7083.6   67318.9    4082.7   50000.0 ]
[24-10-31 14:58:20] 441   -13704.96 [    17660.9    7083.6   67318.9    4082.7   50000.0 ]
[24-10-31 14:58:21] 443   -13704.96 [    17660.9    7083.6   67318.9    4082.7   50000.0 ]
[24-10-31 14:58:21] 445   -13704.96 [    17660.9    7083.6   67318.9    4082.7   50000.0 ]
[24-10-31 14:58:21] 446   -13704.96 [    17660.9    7083.6   67318.9    4082.7   50000.0 ]
[24-10-31 14:58:21] 448   -13704.96 [    17660.9    7083.6   67318.9    4082.7   50000.0 ]
[24-10-31 14:58:22] 450   -13704.96 [    17660.9    7083.6   67318.9    4082.7   50000.0 ]
[24-10-31 14:58:22] 451   -13704.96 [    17660.9    7083.6   67318.9    4082.7   50000.0 ]
[24-10-31 14:58:22] 452   -13704.96 [    17660.9    7083.6   67318.9    4082.7   50000.0 ]
[24-10-31 14:58:22] 454   -13704.96 [    17660.9    7083.6   67318.9    4082.7   50000.0 ]
[24-10-31 14:58:23] 455   -13704.96 [    17660.9    7083.6   67318.9    4082.7   50000.0 ]
[24-10-31 14:58:23] 457   -13704.96 [    17660.9    7083.6   67318.9    4082.7   50000.0 ]
[24-10-31 14:58:23] 458   -13704.96 [    17661.9    7083.6   67318.9    4082.7   50000.0 ]
[24-10-31 14:58:23] 459   -13704.96 [    17663.5    7083.6   67318.9    4082.7   50000.0 ]
[24-10-31 14:58:24] 460   -13704.94 [    17711.0    7083.6   67318.9    4082.7   50000.0 ]
[24-10-31 14:58:24] 461   -13704.97 [    17787.8    7083.6   67318.9    4082.7   50000.0 ]
[24-10-31 14:58:24] 462   -13704.95 [    17740.3    7083.6   67318.9    4082.7   50000.0 ]
[24-10-31 14:58:24] 463   -13704.95 [    17692.8    7083.6   67318.9    4082.7   50000.0 ]
[24-10-31 14:58:25] 464   -13704.94 [    17711.5    7083.6   67318.9    4082.7   50000.0 ]
[24-10-31 14:58:25] 465   -13704.94 [    17712.0    7083.6   67318.9    4082.7   50000.0 ]
[24-10-31 14:58:25] 466   -13704.94 [    17711.5    7083.6   67318.9    4082.7   50000.0 ]
[24-10-31 14:58:25] 467   -13704.89 [    17711.5    7084.6   67318.9    4082.7   50000.0 ]
[24-10-31 14:58:26] 468    -13704.8 [    17711.5    7086.2   67318.9    4082.7   50000.0 ]
[24-10-31 14:58:26] 469   -13701.22 [    17711.5    7212.9   67318.9    4082.7   50000.0 ]
[24-10-31 14:58:26] 470   -13708.57 [    17711.5    7417.9   67318.9    4082.7   50000.0 ]
[24-10-31 14:58:26] 471    -13702.2 [    17711.5    7291.2   67318.9    4082.7   50000.0 ]
[24-10-31 14:58:27] 472   -13701.81 [    17711.5    7164.5   67318.9    4082.7   50000.0 ]
[24-10-31 14:58:27] 473   -13701.21 [    17711.5    7219.9   67318.9    4082.7   50000.0 ]
[24-10-31 14:58:27] 474   -13701.21 [    17711.5    7218.5   67318.9    4082.7   50000.0 ]
[24-10-31 14:58:27] 475   -13701.21 [    17711.5    7221.2   67318.9    4082.7   50000.0 ]
[24-10-31 14:58:28] 476   -13701.21 [    17711.5    7219.9   67318.9    4082.7   50000.0 ]
[24-10-31 14:58:28] 477   -13701.22 [    17711.5    7219.9   67319.9    4082.7   50000.0 ]
[24-10-31 14:58:28] 478    -13701.2 [    17711.5    7219.9   67317.3    4082.7   50000.0 ]
[24-10-31 14:58:28] 479   -13700.03 [    17711.5    7219.9   67140.9    4082.7   50000.0 ]
[24-10-31 14:58:28] 480   -13697.54 [    17711.5    7219.9   66310.5    4082.7   50000.0 ]
[24-10-31 14:58:29] 481   -13703.93 [    17711.5    7219.9   64966.8    4082.7   50000.0 ]
[24-10-31 14:58:29] 482   -13698.46 [    17711.5    7219.9   65797.2    4082.7   50000.0 ]
[24-10-31 14:58:29] 483   -13697.91 [    17711.5    7219.9   66627.7    4082.7   50000.0 ]
[24-10-31 14:58:29] 484   -13697.54 [    17711.5    7219.9   66300.4    4082.7   50000.0 ]
[24-10-31 14:58:30] 485   -13697.54 [    17711.5    7219.9   66320.6    4082.7   50000.0 ]
[24-10-31 14:58:30] 486   -13697.54 [    17711.5    7219.9   66310.5    4082.7   50000.0 ]
[24-10-31 14:58:30] 487   -13697.58 [    17711.5    7219.9   66310.5    4083.7   50000.0 ]
[24-10-31 14:58:30] 488   -13697.47 [    17711.5    7219.9   66310.5    4081.1   50000.0 ]
[24-10-31 14:58:31] 489   -13696.23 [    17711.5    7219.9   66310.5    4020.9   50000.0 ]
[24-10-31 14:58:31] 490   -13700.09 [    17711.5    7219.9   66310.5    3923.4   50000.0 ]
[24-10-31 14:58:31] 491   -13696.82 [    17711.5    7219.9   66310.5    3983.6   50000.0 ]
[24-10-31 14:58:31] 492   -13696.39 [    17711.5    7219.9   66310.5    4043.9   50000.0 ]
[24-10-31 14:58:32] 493   -13696.23 [    17711.5    7219.9   66310.5    4023.1   50000.0 ]
[24-10-31 14:58:32] 494   -13696.23 [    17711.5    7219.9   66310.5    4022.5   50000.0 ]
[24-10-31 14:58:32] 495   -13696.23 [    17711.5    7219.9   66310.5    4023.7   50000.0 ]
[24-10-31 14:58:32] 496   -13696.23 [    17711.5    7219.9   66310.5    4023.1   50000.0 ]
[24-10-31 14:58:32] 498   -13696.25 [    17711.5    7219.9   66310.5    4023.1   49998.4 ]
[24-10-31 14:58:33] 499   -13696.24 [    17711.5    7219.9   66310.5    4023.1   49999.4 ]
[24-10-31 14:58:33] 501   -13696.23 [    17711.5    7219.9   66310.5    4023.1   49999.7 ]
[24-10-31 14:58:33] 503   -13696.23 [    17711.5    7219.9   66310.5    4023.1   49999.9 ]
[24-10-31 14:58:33] 505   -13696.23 [    17711.5    7219.9   66310.5    4023.1   50000.0 ]
[24-10-31 14:58:34] 507   -13696.23 [    17711.5    7219.9   66310.5    4023.1   50000.0 ]
[24-10-31 14:58:34] 509   -13696.23 [    17711.5    7219.9   66310.5    4023.1   50000.0 ]
[24-10-31 14:58:34] 511   -13696.23 [    17711.5    7219.9   66310.5    4023.1   50000.0 ]
[24-10-31 14:58:34] 513   -13696.23 [    17711.5    7219.9   66310.5    4023.1   50000.0 ]
[24-10-31 14:58:35] 515   -13696.23 [    17711.5    7219.9   66310.5    4023.1   50000.0 ]
[24-10-31 14:58:35] 517   -13696.23 [    17711.5    7219.9   66310.5    4023.1   50000.0 ]
[24-10-31 14:58:35] 519   -13696.23 [    17711.5    7219.9   66310.5    4023.1   50000.0 ]
[24-10-31 14:58:35] 521   -13696.23 [    17711.5    7219.9   66310.5    4023.1   50000.0 ]
[24-10-31 14:58:36] 523   -13696.23 [    17711.5    7219.9   66310.5    4023.1   50000.0 ]
[24-10-31 14:58:36] 525   -13696.23 [    17711.5    7219.9   66310.5    4023.1   50000.0 ]
[24-10-31 14:58:36] 527   -13696.23 [    17711.5    7219.9   66310.5    4023.1   50000.0 ]
[24-10-31 14:58:36] 529   -13696.23 [    17711.5    7219.9   66310.5    4023.1   50000.0 ]
[24-10-31 14:58:36] 531   -13696.23 [    17711.5    7219.9   66310.5    4023.1   50000.0 ]
[24-10-31 14:58:37] 533   -13696.23 [    17711.5    7219.9   66310.5    4023.1   50000.0 ]
[24-10-31 14:58:37] 535   -13696.23 [    17711.5    7219.9   66310.5    4023.1   50000.0 ]
[24-10-31 14:58:37] 537   -13696.23 [    17711.5    7219.9   66310.5    4023.1   50000.0 ]
[24-10-31 14:58:37] 539   -13696.23 [    17711.5    7219.9   66310.5    4023.1   50000.0 ]
[24-10-31 14:58:38] 540   -13696.23 [    17711.5    7219.9   66310.5    4023.1   50000.0 ]
[24-10-31 14:58:38] 541   -13696.23 [    17711.5    7219.9   66310.5    4023.1   50000.0 ]
[24-10-31 14:58:38] 542   -13696.23 [    17711.5    7219.9   66310.5    4023.1   50000.0 ]
[24-10-31 14:58:38] 543   -13696.23 [    17711.5    7219.9   66310.5    4023.1   50000.0 ]
[24-10-31 14:58:39] 544   -13696.23 [    17711.5    7219.9   66310.5    4023.1   50000.0 ]
[24-10-31 14:58:39] 545   -13696.23 [    17711.5    7219.9   66310.5    4023.1   50000.0 ]
[24-10-31 14:58:39] 546   -13696.23 [    17711.5    7219.9   66310.5    4023.1   50000.0 ]
[24-10-31 14:58:39] 547   -13696.23 [    17711.5    7219.9   66310.5    4023.1   50000.0 ]
[24-10-31 14:58:40] 548   -13696.23 [    17711.5    7219.9   66310.5    4023.1   50000.0 ]
[24-10-31 14:58:40] 549   -13696.23 [    17711.5    7219.9   66310.5    4023.1   50000.0 ]
[24-10-31 14:58:40] 550   -13687.58 [    17762.1    7356.1   65302.0    3963.5   50000.0 ]
[24-10-31 14:58:40] 551   -13696.23 [    17711.5    7219.9   66310.5    4023.1   50000.0 ]
[24-10-31 14:58:41] 552   -13687.58 [    17762.1    7356.1   65302.0    3963.5   50000.0 ]
[24-10-31 14:58:41] 553   -13673.75 [    17844.0    7576.6   63670.3    3867.1   50000.0 ]
[24-10-31 14:58:41] 556   -13550.22 [    18647.1    9739.4   47664.0    2921.4   50000.0 ]
[24-10-31 14:58:41] 557   -13609.05 [    18245.5    8658.0   55667.2    3394.3   50000.0 ]
[24-10-31 14:58:42] 559   -13524.89 [    18836.8   10249.9   43885.5    2698.1   50000.0 ]
[24-10-31 14:58:42] 560   -13510.15 [    18953.9   10565.5   41550.2    2560.2   50000.0 ]
[24-10-31 14:58:42] 561   -13501.44 [    19026.4   10760.5   40106.9    2474.9   50000.0 ]
[24-10-31 14:58:42] 563   -13504.73 [    18998.7   10686.0   40658.2    2507.5   50000.0 ]
[24-10-31 14:58:43] 565    -13503.0 [    19013.2   10725.1   40368.9    2490.4   50000.0 ]
[24-10-31 14:58:43] 566   -13501.44 [    19026.4   10760.5   40106.9    2474.9   50000.0 ]
[24-10-31 14:58:43] 567   -13501.44 [    19027.4   10760.5   40106.9    2474.9   50000.0 ]
[24-10-31 14:58:43] 568   -13501.43 [    19029.0   10760.5   40106.9    2474.9   50000.0 ]
[24-10-31 14:58:44] 569   -13501.31 [    19205.3   10760.5   40106.9    2474.9   50000.0 ]
[24-10-31 14:58:44] 570   -13501.31 [    19210.3   10760.5   40106.9    2474.9   50000.0 ]
[24-10-31 14:58:44] 571   -13501.31 [    19218.4   10760.5   40106.9    2474.9   50000.0 ]
[24-10-31 14:58:44] 572   -13501.31 [    19213.4   10760.5   40106.9    2474.9   50000.0 ]
[24-10-31 14:58:45] 573   -13501.31 [    19215.3   10760.5   40106.9    2474.9   50000.0 ]
[24-10-31 14:58:45] 574   -13501.31 [    19213.4   10760.5   40106.9    2474.9   50000.0 ]
[24-10-31 14:58:45] 576   -13501.32 [    19213.4   10760.5   40106.9    2474.9   49998.4 ]
[24-10-31 14:58:45] 577   -13501.32 [    19213.4   10760.5   40106.9    2474.9   49999.4 ]
[24-10-31 14:58:45] 579   -13501.32 [    19213.4   10760.5   40106.9    2474.9   49999.7 ]
[24-10-31 14:58:46] 581   -13501.31 [    19213.4   10760.5   40106.9    2474.9   49999.9 ]
[24-10-31 14:58:46] 583   -13501.31 [    19213.4   10760.5   40106.9    2474.9   50000.0 ]
[24-10-31 14:58:46] 585   -13501.31 [    19213.4   10760.5   40106.9    2474.9   50000.0 ]
[24-10-31 14:58:46] 587   -13501.31 [    19213.4   10760.5   40106.9    2474.9   50000.0 ]
[24-10-31 14:58:47] 589   -13501.31 [    19213.4   10760.5   40106.9    2474.9   50000.0 ]
[24-10-31 14:58:47] 591   -13501.31 [    19213.4   10760.5   40106.9    2474.9   50000.0 ]
[24-10-31 14:58:47] 593   -13501.31 [    19213.4   10760.5   40106.9    2474.9   50000.0 ]
[24-10-31 14:58:48] 595   -13501.31 [    19213.4   10760.5   40106.9    2474.9   50000.0 ]
[24-10-31 14:58:48] 597   -13501.31 [    19213.4   10760.5   40106.9    2474.9   50000.0 ]
[24-10-31 14:58:48] 599   -13501.31 [    19213.4   10760.5   40106.9    2474.9   50000.0 ]
[24-10-31 14:58:48] 601   -13501.31 [    19213.4   10760.5   40106.9    2474.9   50000.0 ]
[24-10-31 14:58:49] 603   -13501.31 [    19213.4   10760.5   40106.9    2474.9   50000.0 ]
[24-10-31 14:58:49] 605   -13501.31 [    19213.4   10760.5   40106.9    2474.9   50000.0 ]
[24-10-31 14:58:49] 607   -13501.31 [    19213.4   10760.5   40106.9    2474.9   50000.0 ]
[24-10-31 14:58:49] 609   -13501.31 [    19213.4   10760.5   40106.9    2474.9   50000.0 ]
[24-10-31 14:58:49] 611   -13501.31 [    19213.4   10760.5   40106.9    2474.9   50000.0 ]
[24-10-31 14:58:50] 613   -13501.31 [    19213.4   10760.5   40106.9    2474.9   50000.0 ]
[24-10-31 14:58:50] 614   -13501.31 [    19213.4   10760.5   40106.9    2474.9   50000.0 ]
[24-10-31 14:58:50] 615   -13501.31 [    19213.4   10760.5   40106.9    2474.9   50000.0 ]
[24-10-31 14:58:51] 616   -13501.31 [    19213.4   10760.5   40106.9    2474.9   50000.0 ]
[24-10-31 14:58:51] 617   -13501.31 [    19213.4   10760.5   40106.9    2474.9   50000.0 ]
[24-10-31 14:58:51] 618   -13501.31 [    19213.4   10760.5   40106.9    2474.9   50000.0 ]
[24-10-31 14:58:51] 619   -13501.31 [    19213.4   10760.5   40106.9    2474.9   50000.0 ]
[24-10-31 14:58:51] 620   -13501.31 [    19213.4   10760.5   40106.9    2474.9   50000.0 ]
[24-10-31 14:58:52] 621   -13501.31 [    19213.4   10760.5   40106.9    2474.9   50000.0 ]
[24-10-31 14:58:52] 622   -13501.31 [    19213.4   10760.5   40106.9    2474.9   50000.0 ]
[24-10-31 14:58:52] 623   -13501.31 [    19213.4   10760.5   40107.9    2474.9   50000.0 ]
[24-10-31 14:58:52] 624   -13501.31 [    19213.4   10760.5   40109.5    2474.9   50000.0 ]
[24-10-31 14:58:53] 625   -13501.21 [    19213.4   10760.5   40272.7    2474.9   50000.0 ]
[24-10-31 14:58:53] 626   -13501.48 [    19213.4   10760.5   40536.6    2474.9   50000.0 ]
[24-10-31 14:58:53] 627   -13501.25 [    19213.4   10760.5   40373.5    2474.9   50000.0 ]
[24-10-31 14:58:53] 628   -13501.22 [    19213.4   10760.5   40210.3    2474.9   50000.0 ]
[24-10-31 14:58:54] 629   -13501.21 [    19213.4   10760.5   40274.3    2474.9   50000.0 ]
[24-10-31 14:58:54] 630   -13501.21 [    19213.4   10760.5   40271.0    2474.9   50000.0 ]
[24-10-31 14:58:54] 631   -13501.21 [    19213.4   10760.5   40272.7    2474.9   50000.0 ]
[24-10-31 14:58:54] 632   -13501.25 [    19213.4   10760.5   40272.7    2475.9   50000.0 ]
[24-10-31 14:58:55] 633   -13501.14 [    19213.4   10760.5   40272.7    2473.3   50000.0 ]
[24-10-31 14:58:55] 634   -13500.67 [    19213.4   10760.5   40272.7    2450.9   50000.0 ]
[24-10-31 14:58:55] 635   -13502.04 [    19213.4   10760.5   40272.7    2414.6   50000.0 ]
[24-10-31 14:58:55] 636   -13500.88 [    19213.4   10760.5   40272.7    2437.0   50000.0 ]
[24-10-31 14:58:56] 637   -13500.73 [    19213.4   10760.5   40272.7    2459.4   50000.0 ]
[24-10-31 14:58:56] 638   -13500.67 [    19213.4   10760.5   40272.7    2451.4   50000.0 ]
[24-10-31 14:58:56] 639   -13500.67 [    19213.4   10760.5   40272.7    2451.2   50000.0 ]
[24-10-31 14:58:56] 640   -13500.67 [    19213.4   10760.5   40272.7    2451.7   50000.0 ]
[24-10-31 14:58:56] 641   -13500.67 [    19213.4   10760.5   40272.7    2451.4   50000.0 ]
[24-10-31 14:58:57] 646   -13520.24 [    19058.2   10342.6   43365.6    2634.2   50000.0 ]
[24-10-31 14:58:57] 647    -13510.3 [    19135.8   10551.5   41819.1    2542.8   50000.0 ]
[24-10-31 14:58:57] 650   -13504.31 [    19183.8   10680.7   40863.4    2486.3   50000.0 ]
[24-10-31 14:58:57] 652   -13502.06 [    19202.1   10730.0   40498.3    2464.7   50000.0 ]
[24-10-31 14:58:58] 653   -13499.37 [    19224.1   10789.3   40059.6    2438.8   50000.0 ]
[24-10-31 14:58:58] 655   -13499.86 [    19220.0   10778.3   40141.0    2443.6   50000.0 ]
[24-10-31 14:58:58] 656   -13499.06 [    19226.6   10796.1   40009.3    2435.9   50000.0 ]
[24-10-31 14:58:58] 658   -13499.18 [    19225.7   10793.5   40028.5    2437.0   50000.0 ]
[24-10-31 14:58:59] 660   -13499.11 [    19226.2   10795.1   40016.7    2436.3   50000.0 ]
[24-10-31 14:58:59] 661   -13499.03 [    19226.8   10796.7   40004.8    2435.6   50000.0 ]
[24-10-31 14:58:59] 662   -13499.02 [    19227.0   10797.1   40002.0    2435.4   50000.0 ]
[24-10-31 14:58:59] 664   -13499.02 [    19227.0   10797.1   40002.0    2435.4   50000.0 ]
[24-10-31 14:59:00] 665   -13499.02 [    19228.0   10797.1   40002.0    2435.4   50000.0 ]
[24-10-31 14:59:00] 666   -13499.02 [    19229.6   10797.1   40002.0    2435.4   50000.0 ]
[24-10-31 14:59:00] 667    -13499.0 [    19288.2   10797.1   40002.0    2435.4   50000.0 ]
[24-10-31 14:59:00] 668   -13499.03 [    19382.9   10797.1   40002.0    2435.4   50000.0 ]
[24-10-31 14:59:01] 669   -13499.01 [    19324.3   10797.1   40002.0    2435.4   50000.0 ]
[24-10-31 14:59:01] 670   -13499.01 [    19265.8   10797.1   40002.0    2435.4   50000.0 ]
[24-10-31 14:59:01] 671    -13499.0 [    19288.8   10797.1   40002.0    2435.4   50000.0 ]
[24-10-31 14:59:01] 672    -13499.0 [    19289.4   10797.1   40002.0    2435.4   50000.0 ]
[24-10-31 14:59:02] 673    -13499.0 [    19288.8   10797.1   40002.0    2435.4   50000.0 ]
[24-10-31 14:59:02] 675   -13499.01 [    19288.8   10797.1   40002.0    2435.4   49998.4 ]
[24-10-31 14:59:02] 676   -13499.01 [    19288.8   10797.1   40002.0    2435.4   49999.4 ]
[24-10-31 14:59:02] 678   -13499.01 [    19288.8   10797.1   40002.0    2435.4   49999.7 ]
[24-10-31 14:59:03] 680    -13499.0 [    19288.8   10797.1   40002.0    2435.4   49999.9 ]
[24-10-31 14:59:03] 682    -13499.0 [    19288.8   10797.1   40002.0    2435.4   50000.0 ]
[24-10-31 14:59:03] 684    -13499.0 [    19288.8   10797.1   40002.0    2435.4   50000.0 ]
[24-10-31 14:59:03] 686    -13499.0 [    19288.8   10797.1   40002.0    2435.4   50000.0 ]
[24-10-31 14:59:04] 688    -13499.0 [    19288.8   10797.1   40002.0    2435.4   50000.0 ]
[24-10-31 14:59:04] 690    -13499.0 [    19288.8   10797.1   40002.0    2435.4   50000.0 ]
[24-10-31 14:59:04] 692    -13499.0 [    19288.8   10797.1   40002.0    2435.4   50000.0 ]
[24-10-31 14:59:04] 694    -13499.0 [    19288.8   10797.1   40002.0    2435.4   50000.0 ]
[24-10-31 14:59:05] 696    -13499.0 [    19288.8   10797.1   40002.0    2435.4   50000.0 ]
[24-10-31 14:59:05] 698    -13499.0 [    19288.8   10797.1   40002.0    2435.4   50000.0 ]
[24-10-31 14:59:05] 700    -13499.0 [    19288.8   10797.1   40002.0    2435.4   50000.0 ]
[24-10-31 14:59:05] 702    -13499.0 [    19288.8   10797.1   40002.0    2435.4   50000.0 ]
[24-10-31 14:59:06] 704    -13499.0 [    19288.8   10797.1   40002.0    2435.4   50000.0 ]
[24-10-31 14:59:06] 706    -13499.0 [    19288.8   10797.1   40002.0    2435.4   50000.0 ]
[24-10-31 14:59:06] 708    -13499.0 [    19288.8   10797.1   40002.0    2435.4   50000.0 ]
[24-10-31 14:59:06] 710    -13499.0 [    19288.8   10797.1   40002.0    2435.4   50000.0 ]
[24-10-31 14:59:07] 712    -13499.0 [    19288.8   10797.1   40002.0    2435.4   50000.0 ]
[24-10-31 14:59:07] 714    -13499.0 [    19288.8   10797.1   40002.0    2435.4   50000.0 ]
[24-10-31 14:59:07] 715    -13499.0 [    19288.8   10797.1   40002.0    2435.4   50000.0 ]
[24-10-31 14:59:08] 717    -13499.0 [    19288.8   10797.1   40002.0    2435.4   50000.0 ]
[24-10-31 14:59:08] 718    -13499.0 [    19288.8   10797.1   40002.0    2435.4   50000.0 ]
[24-10-31 14:59:08] 719    -13499.0 [    19288.8   10797.1   40002.0    2435.4   50000.0 ]
[24-10-31 14:59:08] 720    -13499.0 [    19288.8   10797.1   40002.0    2435.4   50000.0 ]
[24-10-31 14:59:09] 721    -13499.0 [    19288.8   10797.1   40002.0    2435.4   50000.0 ]
[24-10-31 14:59:09] 722    -13499.0 [    19288.8   10797.1   40002.0    2435.4   50000.0 ]
[24-10-31 14:59:09] 723    -13499.0 [    19288.8   10797.1   40002.0    2435.4   50000.0 ]
[24-10-31 14:59:09] 724    -13499.0 [    19288.8   10797.1   40002.0    2435.4   50000.0 ]
[24-10-31 14:59:10] 725   -13499.01 [    19288.8   10797.1   40003.0    2435.4   50000.0 ]
[24-10-31 14:59:10] 726    -13499.0 [    19288.8   10797.1   40000.4    2435.4   50000.0 ]
[24-10-31 14:59:10] 733    -13499.0 [    19288.8   10797.1   40001.0    2435.4   50000.0 ]
[24-10-31 14:59:10] 734    -13499.0 [    19288.8   10797.1   40000.7    2435.4   50000.0 ]
[24-10-31 14:59:11] 736    -13499.0 [    19288.8   10797.1   40000.1    2435.4   50000.0 ]
[24-10-31 14:59:11] 737    -13499.0 [    19288.8   10797.1   40000.0    2435.4   50000.0 ]
[24-10-31 14:59:11] 739    -13499.0 [    19288.8   10797.1   40000.1    2435.4   50000.0 ]
[24-10-31 14:59:11] 741    -13499.0 [    19288.8   10797.1   40000.0    2435.4   50000.0 ]
[24-10-31 14:59:12] 742    -13499.0 [    19288.8   10797.1   40000.0    2435.4   50000.0 ]
[24-10-31 14:59:12] 743    -13499.0 [    19288.8   10797.1   40000.0    2436.4   50000.0 ]
[24-10-31 14:59:12] 744    -13499.0 [    19288.8   10797.1   40000.0    2433.8   50000.0 ]
[24-10-31 14:59:12] 745    -13499.0 [    19288.8   10797.1   40000.0    2434.6   50000.0 ]
[24-10-31 14:59:13] 746    -13499.0 [    19288.8   10797.1   40000.0    2434.9   50000.0 ]
[24-10-31 14:59:13] 747    -13499.0 [    19288.8   10797.1   40000.0    2434.3   50000.0 ]
[24-10-31 14:59:13] 748    -13499.0 [    19288.8   10797.1   40000.0    2434.6   50000.0 ]
[24-10-31 14:59:13] 749    -13499.0 [    19288.8   10797.1   40000.0    2434.6   50000.0 ]
[24-10-31 14:59:14] 750    -13499.0 [    19288.8   10797.1   40000.0    2434.6   50000.0 ]
[24-10-31 14:59:14] 758   -13506.29 [    19229.5   10637.4   41181.4    2504.4   50000.0 ]
[24-10-31 14:59:14] 759   -13502.62 [    19259.1   10717.2   40590.7    2469.5   50000.0 ]
[24-10-31 14:59:14] 760   -13500.38 [    19277.4   10766.6   40225.6    2447.9   50000.0 ]
[24-10-31 14:59:15] 761   -13499.52 [    19284.4   10785.4   40086.2    2439.7   50000.0 ]
[24-10-31 14:59:15] 763    -13499.2 [    19287.1   10792.6   40032.9    2436.5   50000.0 ]
[24-10-31 14:59:15] 765   -13499.08 [    19288.1   10795.4   40012.6    2435.3   50000.0 ]
[24-10-31 14:59:15] 767   -13499.03 [    19288.5   10796.4   40004.8    2434.9   50000.0 ]
[24-10-31 14:59:16] 769   -13499.01 [    19288.7   10796.8   40001.9    2434.7   50000.0 ]
[24-10-31 14:59:16] 771    -13499.0 [    19288.7   10797.0   40000.7    2434.6   50000.0 ]
[24-10-31 14:59:16] 773    -13499.0 [    19288.8   10797.0   40000.3    2434.6   50000.0 ]
[24-10-31 14:59:16] 775    -13499.0 [    19288.8   10797.0   40000.1    2434.6   50000.0 ]
[24-10-31 14:59:16] 777    -13499.0 [    19288.8   10797.0   40000.1    2434.6   50000.0 ]
[24-10-31 14:59:17] 779    -13499.0 [    19288.8   10797.1   40000.0    2434.6   50000.0 ]
[24-10-31 14:59:17] 780    -13499.0 [    19288.8   10797.1   40000.0    2434.6   50000.0 ]
[24-10-31 14:59:17] 782    -13499.0 [    19288.8   10797.1   40000.0    2434.6   50000.0 ]
[24-10-31 14:59:17] 783    -13499.0 [    19288.8   10797.1   40000.0    2434.6   50000.0 ]
[24-10-31 14:59:18] 784    -13499.0 [    19288.8   10797.1   40000.0    2434.6   50000.0 ]
[24-10-31 14:59:18] 785    -13499.0 [    19288.8   10797.1   40000.0    2434.6   50000.0 ]
[24-10-31 14:59:18] 787    -13499.0 [    19288.8   10797.1   40000.0    2434.6   50000.0 ]
[24-10-31 14:59:18] 789    -13499.0 [    19288.8   10797.1   40000.0    2434.6   50000.0 ]
Optimization terminated successfully.
         Current function value: 13498.998418
         Iterations: 9
         Function evaluations: 789
[24-10-31 14:59:18] 789      fit p: [    19288.8   10797.1   40000.0    2434.6   50000.0 ]
method: Powell
objective_func: objective_H2
fopt: -13498.998417601531
max_iter: 100
num_iter: 9
func_calls: 789
flag: 0
u_fitted: False
u: 1.111e-08
