[24-10-31 14:55:04] fitting objective_H2 to data for demes ['French', 'KhomaniSan', 'Yoruba']
[24-10-31 14:55:04] 0        pnames [         NK       NFY       TFY        NF        NY ]
[24-10-31 14:55:04] 0            p0 [    14776.9   27366.3   44780.1    7695.8   24058.4 ]
[24-10-31 14:55:04] 1      -25954.2 [    14776.9   27366.3   44780.1    7695.8   24058.4 ]
[24-10-31 14:55:05] 2      -25954.2 [    14776.9   27366.3   44780.1    7695.8   24058.4 ]
[24-10-31 14:55:05] 3     -25954.01 [    14777.9   27366.3   44780.1    7695.8   24058.4 ]
[24-10-31 14:55:05] 4      -25953.7 [    14779.5   27366.3   44780.1    7695.8   24058.4 ]
[24-10-31 14:55:05] 5     -25921.16 [    14955.9   27366.3   44780.1    7695.8   24058.4 ]
[24-10-31 14:55:05] 6     -25383.71 [    19493.9   27366.3   44780.1    7695.8   24058.4 ]
[24-10-31 14:55:06] 7     -25076.98 [    26836.7   27366.3   44780.1    7695.8   24058.4 ]
[24-10-31 14:55:06] 8     -25086.47 [    26402.4   27366.3   44780.1    7695.8   24058.4 ]
[24-10-31 14:55:06] 9     -24971.29 [    38717.5   27366.3   44780.1    7695.8   24058.4 ]
[24-10-31 14:55:06] 10    -24982.07 [    35377.6   27366.3   44780.1    7695.8   24058.4 ]
[24-10-31 14:55:07] 12    -24968.34 [    46060.2   27366.3   44780.1    7695.8   24058.4 ]
[24-10-31 14:55:07] 14    -24967.27 [    42388.8   27366.3   44780.1    7695.8   24058.4 ]
[24-10-31 14:55:07] 15    -24967.16 [    43453.6   27366.3   44780.1    7695.8   24058.4 ]
[24-10-31 14:55:07] 16    -24967.16 [    43166.9   27366.3   44780.1    7695.8   24058.4 ]
[24-10-31 14:55:08] 17    -24967.17 [    42883.0   27366.3   44780.1    7695.8   24058.4 ]
[24-10-31 14:55:08] 18    -24967.16 [    43166.9   27366.3   44780.1    7695.8   24058.4 ]
[24-10-31 14:55:08] 19    -24967.43 [    43166.9   27367.3   44780.1    7695.8   24058.4 ]
[24-10-31 14:55:08] 20    -24966.72 [    43166.9   27364.7   44780.1    7695.8   24058.4 ]
[24-10-31 14:55:08] 21     -24966.0 [    43166.9   27362.1   44780.1    7695.8   24058.4 ]
[24-10-31 14:55:09] 22    -24964.85 [    43166.9   27357.8   44780.1    7695.8   24058.4 ]
[24-10-31 14:55:09] 23    -24962.99 [    43166.9   27351.0   44780.1    7695.8   24058.4 ]
[24-10-31 14:55:09] 24    -24959.98 [    43166.9   27339.9   44780.1    7695.8   24058.4 ]
[24-10-31 14:55:09] 25     -24955.1 [    43166.9   27321.9   44780.1    7695.8   24058.4 ]
[24-10-31 14:55:10] 26    -24947.19 [    43166.9   27292.9   44780.1    7695.8   24058.4 ]
[24-10-31 14:55:10] 27    -24934.37 [    43166.9   27245.9   44780.1    7695.8   24058.4 ]
[24-10-31 14:55:10] 28    -24913.57 [    43166.9   27169.9   44780.1    7695.8   24058.4 ]
[24-10-31 14:55:10] 29    -24879.75 [    43166.9   27046.9   44780.1    7695.8   24058.4 ]
[24-10-31 14:55:11] 30    -24824.58 [    43166.9   26847.9   44780.1    7695.8   24058.4 ]
[24-10-31 14:55:11] 31    -24734.16 [    43166.9   26525.9   44780.1    7695.8   24058.4 ]
[24-10-31 14:55:11] 32    -24584.75 [    43166.9   26004.9   44780.1    7695.8   24058.4 ]
[24-10-31 14:55:11] 33    -24334.61 [    43166.9   25161.9   44780.1    7695.8   24058.4 ]
[24-10-31 14:55:11] 34    -23906.74 [    43166.9   23797.9   44780.1    7695.8   24058.4 ]
[24-10-31 14:55:12] 35    -23149.12 [    43166.9   21590.9   44780.1    7695.8   24058.4 ]
[24-10-31 14:55:12] 36    -21738.44 [    43166.9   18019.9   44780.1    7695.8   24058.4 ]
[24-10-31 14:55:12] 37    -19143.58 [    43166.9   12241.9   44780.1    7695.8   24058.4 ]
[24-10-31 14:55:12] 38     -56661.1 [    43166.9    2892.9   44780.1    7695.8   24058.4 ]
[24-10-31 14:55:13] 39    -18478.43 [    43166.9    8670.9   44780.1    7695.8   24058.4 ]
[24-10-31 14:55:13] 40    -20732.29 [    43166.9    6463.9   44780.1    7695.8   24058.4 ]
[24-10-31 14:55:13] 41    -18447.88 [    43166.9   10010.8   44780.1    7695.8   24058.4 ]
[24-10-31 14:55:13] 42    -18396.29 [    43166.9    9462.5   44780.1    7695.8   24058.4 ]
[24-10-31 14:55:14] 43    -18396.45 [    43166.9    9283.5   44780.1    7695.8   24058.4 ]
[24-10-31 14:55:14] 44    -18405.07 [    43166.9    9641.5   44780.1    7695.8   24058.4 ]
[24-10-31 14:55:14] 45    -18396.29 [    43166.9    9462.5   44780.1    7695.8   24058.4 ]
[24-10-31 14:55:14] 46    -18396.24 [    43166.9    9462.5   44781.1    7695.8   24058.4 ]
[24-10-31 14:55:15] 47    -18396.18 [    43166.9    9462.5   44782.7    7695.8   24058.4 ]
[24-10-31 14:55:15] 48    -18388.78 [    43166.9    9462.5   44959.1    7695.8   24058.4 ]
[24-10-31 14:55:15] 49    -18136.62 [    43166.9    9462.5   57483.5    7695.8   24058.4 ]
[24-10-31 14:55:15] 50    -18966.13 [    43166.9    9462.5   77748.4    7695.8   24058.4 ]
[24-10-31 14:55:15] 51    -18264.22 [    43166.9    9462.5   65224.0    7695.8   24058.4 ]
[24-10-31 14:55:16] 52    -18168.05 [    43166.9    9462.5   52699.6    7695.8   24058.4 ]
[24-10-31 14:55:16] 53    -18136.03 [    43166.9    9462.5   56875.9    7695.8   24058.4 ]
[24-10-31 14:55:16] 54    -18136.04 [    43166.9    9462.5   56996.8    7695.8   24058.4 ]
[24-10-31 14:55:16] 55    -18136.08 [    43166.9    9462.5   56754.9    7695.8   24058.4 ]
[24-10-31 14:55:17] 56    -18136.03 [    43166.9    9462.5   56875.9    7695.8   24058.4 ]
[24-10-31 14:55:17] 57     -18136.7 [    43166.9    9462.5   56875.9    7696.8   24058.4 ]
[24-10-31 14:55:17] 58    -18134.95 [    43166.9    9462.5   56875.9    7694.2   24058.4 ]
[24-10-31 14:55:17] 59     -18133.2 [    43166.9    9462.5   56875.9    7691.6   24058.4 ]
[24-10-31 14:55:17] 60    -18130.37 [    43166.9    9462.5   56875.9    7687.4   24058.4 ]
[24-10-31 14:55:18] 61    -18125.79 [    43166.9    9462.5   56875.9    7680.5   24058.4 ]
[24-10-31 14:55:18] 62    -18118.36 [    43166.9    9462.5   56875.9    7669.4   24058.4 ]
[24-10-31 14:55:18] 63    -18106.32 [    43166.9    9462.5   56875.9    7651.5   24058.4 ]
[24-10-31 14:55:18] 64    -18086.78 [    43166.9    9462.5   56875.9    7622.4   24058.4 ]
[24-10-31 14:55:18] 65    -18055.01 [    43166.9    9462.5   56875.9    7575.5   24058.4 ]
[24-10-31 14:55:19] 66    -18003.21 [    43166.9    9462.5   56875.9    7499.4   24058.4 ]
[24-10-31 14:55:19] 67    -17918.33 [    43166.9    9462.5   56875.9    7376.4   24058.4 ]
[24-10-31 14:55:19] 68     -17778.2 [    43166.9    9462.5   56875.9    7177.4   24058.4 ]
[24-10-31 14:55:19] 69    -17544.21 [    43166.9    9462.5   56875.9    6855.4   24058.4 ]
[24-10-31 14:55:19] 70    -17147.08 [    43166.9    9462.5   56875.9    6334.4   24058.4 ]
[24-10-31 14:55:20] 71    -16463.48 [    43166.9    9462.5   56875.9    5491.4   24058.4 ]
[24-10-31 14:55:20] 72    -15366.15 [    43166.9    9462.5   56875.9    4127.4   24058.4 ]
[24-10-31 14:55:20] 77    -24183.98 [    43166.9    9462.5   56875.9    1197.2   24058.4 ]
[24-10-31 14:55:20] 78    -15187.08 [    43166.9    9462.5   56875.9    2662.3   24058.4 ]
[24-10-31 14:55:21] 79    -14978.16 [    43166.9    9462.5   56875.9    3366.3   24058.4 ]
[24-10-31 14:55:21] 80    -14962.87 [    43166.9    9462.5   56875.9    3283.9   24058.4 ]
[24-10-31 14:55:21] 81    -14955.68 [    43166.9    9462.5   56875.9    3205.6   24058.4 ]
[24-10-31 14:55:21] 82    -14955.12 [    43166.9    9462.5   56875.9    3160.7   24058.4 ]
[24-10-31 14:55:21] 83     -14957.4 [    43166.9    9462.5   56875.9    3115.3   24058.4 ]
[24-10-31 14:55:22] 84    -14955.12 [    43166.9    9462.5   56875.9    3160.7   24058.4 ]
[24-10-31 14:55:22] 85    -14955.03 [    43166.9    9462.5   56875.9    3160.7   24059.4 ]
[24-10-31 14:55:22] 86    -14954.89 [    43166.9    9462.5   56875.9    3160.7   24061.0 ]
[24-10-31 14:55:22] 87    -14939.38 [    43166.9    9462.5   56875.9    3160.7   24237.4 ]
[24-10-31 14:55:22] 88    -14393.68 [    43166.9    9462.5   56875.9    3160.7   33646.9 ]
[24-10-31 14:55:23] 89    -14022.94 [    43166.9    9462.5   56875.9    3160.7   48871.9 ]
[24-10-31 14:55:23] 91    -14127.14 [    43166.9    9462.5   56875.9    3160.7   43056.5 ]
[24-10-31 14:55:23] 92    -14059.04 [    43166.9    9462.5   56875.9    3160.7   46650.6 ]
[24-10-31 14:55:23] 93    -14036.25 [    43166.9    9462.5   56875.9    3160.7   48023.4 ]
[24-10-31 14:55:24] 94    -14015.39 [    43166.9    9462.5   56875.9    3160.7   49369.4 ]
[24-10-31 14:55:24] 95    -14010.81 [    43166.9    9462.5   56875.9    3160.7   49676.9 ]
[24-10-31 14:55:24] 97    -14010.81 [    43166.9    9462.5   56875.9    3160.7   49676.9 ]
[24-10-31 14:55:24] 98    -14010.83 [    43167.9    9462.5   56875.9    3160.7   49676.9 ]
[24-10-31 14:55:24] 99    -14010.79 [    43165.2    9462.5   56875.9    3160.7   49676.9 ]
[24-10-31 14:55:25] 100   -14010.75 [    43162.6    9462.5   56875.9    3160.7   49676.9 ]
[24-10-31 14:55:25] 101   -14010.69 [    43158.4    9462.5   56875.9    3160.7   49676.9 ]
[24-10-31 14:55:25] 102   -14010.58 [    43151.5    9462.5   56875.9    3160.7   49676.9 ]
[24-10-31 14:55:25] 103   -14010.42 [    43140.4    9462.5   56875.9    3160.7   49676.9 ]
[24-10-31 14:55:25] 104   -14010.15 [    43122.5    9462.5   56875.9    3160.7   49676.9 ]
[24-10-31 14:55:26] 105   -14009.72 [    43093.5    9462.5   56875.9    3160.7   49676.9 ]
[24-10-31 14:55:26] 106   -14009.02 [    43046.5    9462.5   56875.9    3160.7   49676.9 ]
[24-10-31 14:55:26] 107   -14007.88 [    42970.5    9462.5   56875.9    3160.7   49676.9 ]
[24-10-31 14:55:26] 108   -14006.04 [    42847.5    9462.5   56875.9    3160.7   49676.9 ]
[24-10-31 14:55:27] 109   -14003.05 [    42648.5    9462.5   56875.9    3160.7   49676.9 ]
[24-10-31 14:55:27] 110   -13998.18 [    42326.5    9462.5   56875.9    3160.7   49676.9 ]
[24-10-31 14:55:27] 111   -13990.24 [    41805.5    9462.5   56875.9    3160.7   49676.9 ]
[24-10-31 14:55:27] 112    -13977.2 [    40962.5    9462.5   56875.9    3160.7   49676.9 ]
[24-10-31 14:55:27] 113   -13955.63 [    39598.5    9462.5   56875.9    3160.7   49676.9 ]
[24-10-31 14:55:28] 114   -13919.55 [    37391.5    9462.5   56875.9    3160.7   49676.9 ]
[24-10-31 14:55:28] 115   -13858.63 [    33820.5    9462.5   56875.9    3160.7   49676.9 ]
[24-10-31 14:55:28] 116   -13759.18 [    28042.5    9462.5   56875.9    3160.7   49676.9 ]
[24-10-31 14:55:28] 117   -13698.56 [    18693.5    9462.5   56875.9    3160.7   49676.9 ]
[24-10-31 14:55:28] 118   -13696.99 [    18796.0    9462.5   56875.9    3160.7   49676.9 ]
[24-10-31 14:55:29] 119   -13687.36 [    22327.8    9462.5   56875.9    3160.7   49676.9 ]
[24-10-31 14:55:29] 120   -13707.77 [    24510.6    9462.5   56875.9    3160.7   49676.9 ]
[24-10-31 14:55:29] 121   -13682.99 [    21207.0    9462.5   56875.9    3160.7   49676.9 ]
[24-10-31 14:55:29] 122   -13682.79 [    20987.4    9462.5   56875.9    3160.7   49676.9 ]
[24-10-31 14:55:29] 123   -13682.84 [    20765.6    9462.5   56875.9    3160.7   49676.9 ]
[24-10-31 14:55:30] 124   -13682.79 [    20987.4    9462.5   56875.9    3160.7   49676.9 ]
[24-10-31 14:55:30] 125   -13682.88 [    20987.4    9463.5   56875.9    3160.7   49676.9 ]
[24-10-31 14:55:30] 126   -13682.64 [    20987.4    9460.9   56875.9    3160.7   49676.9 ]
[24-10-31 14:55:30] 127   -13669.11 [    20987.4    9284.5   56875.9    3160.7   49676.9 ]
[24-10-31 14:55:31] 128   -13661.04 [    20987.4    8964.0   56875.9    3160.7   49676.9 ]
[24-10-31 14:55:31] 129   -13703.41 [    20987.4    8445.4   56875.9    3160.7   49676.9 ]
[24-10-31 14:55:31] 130   -13668.29 [    20987.4    8765.9   56875.9    3160.7   49676.9 ]
[24-10-31 14:55:31] 131   -13661.41 [    20987.4    9086.4   56875.9    3160.7   49676.9 ]
[24-10-31 14:55:31] 132   -13660.77 [    20987.4    9012.9   56875.9    3160.7   49676.9 ]
[24-10-31 14:55:32] 133   -13660.77 [    20987.4    9008.4   56875.9    3160.7   49676.9 ]
[24-10-31 14:55:32] 134   -13660.77 [    20987.4    9017.4   56875.9    3160.7   49676.9 ]
[24-10-31 14:55:32] 135   -13660.77 [    20987.4    9012.9   56875.9    3160.7   49676.9 ]
[24-10-31 14:55:32] 136   -13660.79 [    20987.4    9012.9   56876.9    3160.7   49676.9 ]
[24-10-31 14:55:32] 137   -13660.73 [    20987.4    9012.9   56874.2    3160.7   49676.9 ]
[24-10-31 14:55:33] 138   -13656.61 [    20987.4    9012.9   56697.9    3160.7   49676.9 ]
[24-10-31 14:55:33] 139   -13615.16 [    20987.4    9012.9   53065.1    3160.7   49676.9 ]
[24-10-31 14:55:33] 140   -13723.67 [    20987.4    9012.9   47187.0    3160.7   49676.9 ]
[24-10-31 14:55:33] 141   -13630.99 [    20987.4    9012.9   50819.9    3160.7   49676.9 ]
[24-10-31 14:55:34] 142   -13621.21 [    20987.4    9012.9   54452.7    3160.7   49676.9 ]
[24-10-31 14:55:34] 143   -13615.17 [    20987.4    9012.9   53026.9    3160.7   49676.9 ]
[24-10-31 14:55:34] 144   -13615.17 [    20987.4    9012.9   53103.2    3160.7   49676.9 ]
[24-10-31 14:55:34] 145   -13615.16 [    20987.4    9012.9   53065.1    3160.7   49676.9 ]
[24-10-31 14:55:35] 146   -13615.09 [    20987.4    9012.9   53065.1    3161.7   49676.9 ]
[24-10-31 14:55:35] 147   -13614.97 [    20987.4    9012.9   53065.1    3163.3   49676.9 ]
[24-10-31 14:55:35] 148   -13612.83 [    20987.4    9012.9   53065.1    3220.6   49676.9 ]
[24-10-31 14:55:35] 149   -13617.32 [    20987.4    9012.9   53065.1    3313.3   49676.9 ]
[24-10-31 14:55:35] 150   -13613.44 [    20987.4    9012.9   53065.1    3256.0   49676.9 ]
[24-10-31 14:55:36] 151   -13613.18 [    20987.4    9012.9   53065.1    3198.7   49676.9 ]
[24-10-31 14:55:36] 152   -13612.83 [    20987.4    9012.9   53065.1    3223.5   49676.9 ]
[24-10-31 14:55:36] 153   -13612.83 [    20987.4    9012.9   53065.1    3222.8   49676.9 ]
[24-10-31 14:55:36] 154   -13612.83 [    20987.4    9012.9   53065.1    3224.1   49676.9 ]
[24-10-31 14:55:37] 155   -13612.83 [    20987.4    9012.9   53065.1    3223.5   49676.9 ]
[24-10-31 14:55:37] 156   -13612.82 [    20987.4    9012.9   53065.1    3223.5   49677.9 ]
[24-10-31 14:55:37] 157    -13612.8 [    20987.4    9012.9   53065.1    3223.5   49679.5 ]
[24-10-31 14:55:37] 158   -13610.85 [    20987.4    9012.9   53065.1    3223.5   49855.8 ]
[24-10-31 14:55:38] 165   -13611.59 [    20987.4    9012.9   53065.1    3223.5   49788.5 ]
[24-10-31 14:55:38] 166   -13611.22 [    20987.4    9012.9   53065.1    3223.5   49822.2 ]
[24-10-31 14:55:38] 167    -13610.2 [    20987.4    9012.9   53065.1    3223.5   49915.5 ]
[24-10-31 14:55:38] 168   -13609.79 [    20987.4    9012.9   53065.1    3223.5   49952.4 ]
[24-10-31 14:55:38] 169   -13609.54 [    20987.4    9012.9   53065.1    3223.5   49975.2 ]
[24-10-31 14:55:39] 170   -13609.39 [    20987.4    9012.9   53065.1    3223.5   49989.3 ]
[24-10-31 14:55:39] 171   -13609.29 [    20987.4    9012.9   53065.1    3223.5   49998.0 ]
[24-10-31 14:55:39] 173   -13609.33 [    20987.4    9012.9   53065.1    3223.5   49994.7 ]
[24-10-31 14:55:39] 175   -13609.29 [    20987.4    9012.9   53065.1    3223.5   49998.0 ]
[24-10-31 14:55:40] 176   -13609.31 [    20988.4    9012.9   53065.1    3223.5   49998.0 ]
[24-10-31 14:55:40] 177   -13609.27 [    20985.8    9012.9   53065.1    3223.5   49998.0 ]
[24-10-31 14:55:40] 178   -13606.79 [    20809.5    9012.9   53065.1    3223.5   49998.0 ]
[24-10-31 14:55:40] 179    -13595.2 [    17330.0    9012.9   53065.1    3223.5   49998.0 ]
[24-10-31 14:55:41] 180   -14012.75 [    11700.1    9012.9   53065.1    3223.5   49998.0 ]
[24-10-31 14:55:41] 181    -13652.8 [    15179.6    9012.9   53065.1    3223.5   49998.0 ]
[24-10-31 14:55:41] 182   -13589.17 [    18659.0    9012.9   53065.1    3223.5   49998.0 ]
[24-10-31 14:55:41] 183   -13589.13 [    18349.6    9012.9   53065.1    3223.5   49998.0 ]
[24-10-31 14:55:41] 184   -13589.05 [    18490.2    9012.9   53065.1    3223.5   49998.0 ]
[24-10-31 14:55:42] 185   -13589.05 [    18465.3    9012.9   53065.1    3223.5   49998.0 ]
[24-10-31 14:55:42] 186   -13589.05 [    18515.2    9012.9   53065.1    3223.5   49998.0 ]
[24-10-31 14:55:42] 187   -13589.05 [    18490.2    9012.9   53065.1    3223.5   49998.0 ]
[24-10-31 14:55:42] 188   -13589.01 [    18490.2    9013.9   53065.1    3223.5   49998.0 ]
[24-10-31 14:55:43] 189   -13588.94 [    18490.2    9015.5   53065.1    3223.5   49998.0 ]
[24-10-31 14:55:43] 190   -13585.69 [    18490.2    9168.4   53065.1    3223.5   49998.0 ]
[24-10-31 14:55:43] 191   -13592.45 [    18490.2    9415.7   53065.1    3223.5   49998.0 ]
[24-10-31 14:55:43] 192    -13586.6 [    18490.2    9262.9   53065.1    3223.5   49998.0 ]
[24-10-31 14:55:44] 193   -13586.22 [    18490.2    9110.0   53065.1    3223.5   49998.0 ]
[24-10-31 14:55:44] 194   -13585.68 [    18490.2    9176.3   53065.1    3223.5   49998.0 ]
[24-10-31 14:55:44] 195   -13585.68 [    18490.2    9174.7   53065.1    3223.5   49998.0 ]
[24-10-31 14:55:44] 196   -13585.68 [    18490.2    9177.9   53065.1    3223.5   49998.0 ]
[24-10-31 14:55:44] 197   -13585.68 [    18490.2    9176.3   53065.1    3223.5   49998.0 ]
[24-10-31 14:55:45] 198   -13585.69 [    18490.2    9176.3   53066.1    3223.5   49998.0 ]
[24-10-31 14:55:45] 199   -13585.67 [    18490.2    9176.3   53063.4    3223.5   49998.0 ]
[24-10-31 14:55:45] 200   -13584.65 [    18490.2    9176.3   52887.1    3223.5   49998.0 ]
[24-10-31 14:55:45] 201    -13582.4 [    18490.2    9176.3   52032.5    3223.5   49998.0 ]
[24-10-31 14:55:46] 202   -13588.29 [    18490.2    9176.3   50649.8    3223.5   49998.0 ]
[24-10-31 14:55:46] 203   -13583.26 [    18490.2    9176.3   51504.3    3223.5   49998.0 ]
[24-10-31 14:55:46] 204   -13582.72 [    18490.2    9176.3   52358.9    3223.5   49998.0 ]
[24-10-31 14:55:46] 205    -13582.4 [    18490.2    9176.3   52042.8    3223.5   49998.0 ]
[24-10-31 14:55:47] 206    -13582.4 [    18490.2    9176.3   52022.2    3223.5   49998.0 ]
[24-10-31 14:55:47] 207    -13582.4 [    18490.2    9176.3   52032.5    3223.5   49998.0 ]
[24-10-31 14:55:47] 208   -13582.46 [    18490.2    9176.3   52032.5    3224.5   49998.0 ]
[24-10-31 14:55:47] 209   -13582.29 [    18490.2    9176.3   52032.5    3221.8   49998.0 ]
[24-10-31 14:55:47] 210   -13580.47 [    18490.2    9176.3   52032.5    3163.3   49998.0 ]
[24-10-31 14:55:48] 211    -13586.4 [    18490.2    9176.3   52032.5    3068.6   49998.0 ]
[24-10-31 14:55:48] 212   -13581.38 [    18490.2    9176.3   52032.5    3127.1   49998.0 ]
[24-10-31 14:55:48] 213    -13580.7 [    18490.2    9176.3   52032.5    3185.7   49998.0 ]
[24-10-31 14:55:48] 214   -13580.46 [    18490.2    9176.3   52032.5    3166.0   49998.0 ]
[24-10-31 14:55:49] 215   -13580.46 [    18490.2    9176.3   52032.5    3165.4   49998.0 ]
[24-10-31 14:55:49] 216   -13580.46 [    18490.2    9176.3   52032.5    3166.6   49998.0 ]
[24-10-31 14:55:49] 217   -13580.46 [    18490.2    9176.3   52032.5    3166.0   49998.0 ]
[24-10-31 14:55:49] 218   -13580.45 [    18490.2    9176.3   52032.5    3166.0   49999.0 ]
[24-10-31 14:55:50] 220   -13580.45 [    18490.2    9176.3   52032.5    3166.0   49999.7 ]
[24-10-31 14:55:50] 222   -13580.45 [    18490.2    9176.3   52032.5    3166.0   49999.4 ]
[24-10-31 14:55:50] 223   -13580.45 [    18490.2    9176.3   52032.5    3166.0   49999.8 ]
[24-10-31 14:55:50] 224   -13580.45 [    18490.2    9176.3   52032.5    3166.0   49999.9 ]
[24-10-31 14:55:50] 225   -13580.44 [    18490.2    9176.3   52032.5    3166.0   50000.0 ]
[24-10-31 14:55:51] 226   -13580.44 [    18490.2    9176.3   52032.5    3166.0   50000.0 ]
[24-10-31 14:55:51] 229   -13580.44 [    18490.2    9176.3   52032.5    3166.0   50000.0 ]
[24-10-31 14:55:51] 230   -13580.44 [    18491.2    9176.3   52032.5    3166.0   50000.0 ]
[24-10-31 14:55:51] 231   -13580.44 [    18492.8    9176.3   52032.5    3166.0   50000.0 ]
[24-10-31 14:55:52] 232   -13580.39 [    18599.5    9176.3   52032.5    3166.0   50000.0 ]
[24-10-31 14:55:52] 233   -13580.51 [    18771.9    9176.3   52032.5    3166.0   50000.0 ]
[24-10-31 14:55:52] 234   -13580.41 [    18665.3    9176.3   52032.5    3166.0   50000.0 ]
[24-10-31 14:55:52] 235    -13580.4 [    18558.7    9176.3   52032.5    3166.0   50000.0 ]
[24-10-31 14:55:53] 236   -13580.39 [    18601.3    9176.3   52032.5    3166.0   50000.0 ]
[24-10-31 14:55:53] 237   -13580.39 [    18602.4    9176.3   52032.5    3166.0   50000.0 ]
[24-10-31 14:55:53] 238   -13580.39 [    18601.3    9176.3   52032.5    3166.0   50000.0 ]
[24-10-31 14:55:53] 239   -13580.36 [    18601.3    9177.3   52032.5    3166.0   50000.0 ]
[24-10-31 14:55:53] 240    -13580.3 [    18601.3    9178.9   52032.5    3166.0   50000.0 ]
[24-10-31 14:55:54] 241   -13577.93 [    18601.3    9312.6   52032.5    3166.0   50000.0 ]
[24-10-31 14:55:54] 242   -13583.03 [    18601.3    9529.0   52032.5    3166.0   50000.0 ]
[24-10-31 14:55:54] 243   -13578.63 [    18601.3    9395.3   52032.5    3166.0   50000.0 ]
[24-10-31 14:55:54] 244   -13578.31 [    18601.3    9261.5   52032.5    3166.0   50000.0 ]
[24-10-31 14:55:55] 245   -13577.93 [    18601.3    9318.5   52032.5    3166.0   50000.0 ]
[24-10-31 14:55:55] 246   -13577.93 [    18601.3    9317.1   52032.5    3166.0   50000.0 ]
[24-10-31 14:55:55] 247   -13577.93 [    18601.3    9320.0   52032.5    3166.0   50000.0 ]
[24-10-31 14:55:55] 248   -13577.93 [    18601.3    9318.5   52032.5    3166.0   50000.0 ]
[24-10-31 14:55:56] 249   -13577.93 [    18601.3    9318.5   52033.5    3166.0   50000.0 ]
[24-10-31 14:55:56] 250   -13577.92 [    18601.3    9318.5   52030.9    3166.0   50000.0 ]
[24-10-31 14:55:56] 251   -13576.97 [    18601.3    9318.5   51854.5    3166.0   50000.0 ]
[24-10-31 14:55:56] 252    -13575.1 [    18601.3    9318.5   51077.5    3166.0   50000.0 ]
[24-10-31 14:55:56] 253    -13580.0 [    18601.3    9318.5   49820.4    3166.0   50000.0 ]
[24-10-31 14:55:57] 254   -13575.82 [    18601.3    9318.5   50597.4    3166.0   50000.0 ]
[24-10-31 14:55:57] 255   -13575.37 [    18601.3    9318.5   51374.3    3166.0   50000.0 ]
[24-10-31 14:55:57] 256    -13575.1 [    18601.3    9318.5   51087.1    3166.0   50000.0 ]
[24-10-31 14:55:57] 257    -13575.1 [    18601.3    9318.5   51068.0    3166.0   50000.0 ]
[24-10-31 14:55:58] 258    -13575.1 [    18601.3    9318.5   51077.5    3166.0   50000.0 ]
[24-10-31 14:55:58] 259   -13575.17 [    18601.3    9318.5   51077.5    3167.0   50000.0 ]
[24-10-31 14:55:58] 260   -13574.99 [    18601.3    9318.5   51077.5    3164.4   50000.0 ]
[24-10-31 14:55:58] 261   -13572.96 [    18601.3    9318.5   51077.5    3103.6   50000.0 ]
[24-10-31 14:55:59] 262   -13579.63 [    18601.3    9318.5   51077.5    3005.4   50000.0 ]
[24-10-31 14:55:59] 263   -13573.99 [    18601.3    9318.5   51077.5    3066.1   50000.0 ]
[24-10-31 14:55:59] 264   -13573.22 [    18601.3    9318.5   51077.5    3126.8   50000.0 ]
[24-10-31 14:55:59] 265   -13572.96 [    18601.3    9318.5   51077.5    3106.6   50000.0 ]
[24-10-31 14:55:59] 266   -13572.96 [    18601.3    9318.5   51077.5    3106.0   50000.0 ]
[24-10-31 14:56:00] 267   -13572.96 [    18601.3    9318.5   51077.5    3107.2   50000.0 ]
[24-10-31 14:56:00] 268   -13572.96 [    18601.3    9318.5   51077.5    3106.6   50000.0 ]
[24-10-31 14:56:00] 270   -13572.97 [    18601.3    9318.5   51077.5    3106.6   49998.4 ]
[24-10-31 14:56:00] 271   -13572.97 [    18601.3    9318.5   51077.5    3106.6   49999.4 ]
[24-10-31 14:56:01] 273   -13572.96 [    18601.3    9318.5   51077.5    3106.6   49999.7 ]
[24-10-31 14:56:01] 275   -13572.96 [    18601.3    9318.5   51077.5    3106.6   49999.9 ]
[24-10-31 14:56:01] 277   -13572.96 [    18601.3    9318.5   51077.5    3106.6   49999.9 ]
[24-10-31 14:56:01] 279   -13572.96 [    18601.3    9318.5   51077.5    3106.6   50000.0 ]
[24-10-31 14:56:02] 281   -13572.96 [    18601.3    9318.5   51077.5    3106.6   50000.0 ]
[24-10-31 14:56:02] 282   -13572.96 [    18601.3    9318.5   51077.5    3106.6   50000.0 ]
[24-10-31 14:56:02] 283   -13572.96 [    18601.3    9318.5   51077.5    3106.6   50000.0 ]
[24-10-31 14:56:02] 285   -13572.96 [    18601.3    9318.5   51077.5    3106.6   50000.0 ]
[24-10-31 14:56:02] 286   -13572.96 [    18601.3    9318.5   51077.5    3106.6   50000.0 ]
[24-10-31 14:56:03] 287   -13572.96 [    18601.3    9318.5   51077.5    3106.6   50000.0 ]
[24-10-31 14:56:03] 289   -13572.96 [    18601.3    9318.5   51077.5    3106.6   50000.0 ]
[24-10-31 14:56:03] 292   -13572.96 [    18601.3    9318.5   51077.5    3106.6   50000.0 ]
[24-10-31 14:56:03] 293   -13572.96 [    18602.3    9318.5   51077.5    3106.6   50000.0 ]
[24-10-31 14:56:04] 294   -13572.96 [    18604.0    9318.5   51077.5    3106.6   50000.0 ]
[24-10-31 14:56:04] 295   -13572.93 [    18686.3    9318.5   51077.5    3106.6   50000.0 ]
[24-10-31 14:56:04] 296    -13573.0 [    18819.5    9318.5   51077.5    3106.6   50000.0 ]
[24-10-31 14:56:04] 297   -13572.94 [    18737.2    9318.5   51077.5    3106.6   50000.0 ]
[24-10-31 14:56:05] 298   -13572.93 [    18654.8    9318.5   51077.5    3106.6   50000.0 ]
[24-10-31 14:56:05] 299   -13572.93 [    18687.4    9318.5   51077.5    3106.6   50000.0 ]
[24-10-31 14:56:05] 300   -13572.93 [    18688.3    9318.5   51077.5    3106.6   50000.0 ]
[24-10-31 14:56:05] 301   -13572.93 [    18687.4    9318.5   51077.5    3106.6   50000.0 ]
[24-10-31 14:56:06] 302    -13572.9 [    18687.4    9319.5   51077.5    3106.6   50000.0 ]
[24-10-31 14:56:06] 303   -13572.85 [    18687.4    9321.2   51077.5    3106.6   50000.0 ]
[24-10-31 14:56:06] 304    -13570.8 [    18687.4    9447.5   51077.5    3106.6   50000.0 ]
[24-10-31 14:56:06] 305   -13575.26 [    18687.4    9651.8   51077.5    3106.6   50000.0 ]
[24-10-31 14:56:06] 306   -13571.41 [    18687.4    9525.5   51077.5    3106.6   50000.0 ]
[24-10-31 14:56:07] 307   -13571.13 [    18687.4    9399.2   51077.5    3106.6   50000.0 ]
[24-10-31 14:56:07] 308    -13570.8 [    18687.4    9452.7   51077.5    3106.6   50000.0 ]
[24-10-31 14:56:07] 309    -13570.8 [    18687.4    9451.3   51077.5    3106.6   50000.0 ]
[24-10-31 14:56:07] 310    -13570.8 [    18687.4    9454.0   51077.5    3106.6   50000.0 ]
[24-10-31 14:56:08] 311    -13570.8 [    18687.4    9452.7   51077.5    3106.6   50000.0 ]
[24-10-31 14:56:08] 312   -13570.81 [    18687.4    9452.7   51078.5    3106.6   50000.0 ]
[24-10-31 14:56:08] 313   -13570.79 [    18687.4    9452.7   51075.9    3106.6   50000.0 ]
[24-10-31 14:56:08] 314   -13569.85 [    18687.4    9452.7   50899.6    3106.6   50000.0 ]
[24-10-31 14:56:09] 315   -13568.01 [    18687.4    9452.7   50131.2    3106.6   50000.0 ]
[24-10-31 14:56:09] 316   -13572.84 [    18687.4    9452.7   48888.0    3106.6   50000.0 ]
[24-10-31 14:56:09] 317   -13568.71 [    18687.4    9452.7   49656.3    3106.6   50000.0 ]
[24-10-31 14:56:09] 318   -13568.28 [    18687.4    9452.7   50424.7    3106.6   50000.0 ]
[24-10-31 14:56:09] 319   -13568.01 [    18687.4    9452.7   50140.7    3106.6   50000.0 ]
[24-10-31 14:56:10] 320   -13568.01 [    18687.4    9452.7   50121.7    3106.6   50000.0 ]
[24-10-31 14:56:10] 321   -13568.01 [    18687.4    9452.7   50131.2    3106.6   50000.0 ]
[24-10-31 14:56:10] 322   -13568.08 [    18687.4    9452.7   50131.2    3107.6   50000.0 ]
[24-10-31 14:56:10] 323   -13567.89 [    18687.4    9452.7   50131.2    3105.0   50000.0 ]
[24-10-31 14:56:11] 324   -13565.89 [    18687.4    9452.7   50131.2    3045.8   50000.0 ]
[24-10-31 14:56:11] 325   -13572.47 [    18687.4    9452.7   50131.2    2950.0   50000.0 ]
[24-10-31 14:56:11] 326    -13566.9 [    18687.4    9452.7   50131.2    3009.2   50000.0 ]
[24-10-31 14:56:11] 327   -13566.14 [    18687.4    9452.7   50131.2    3068.4   50000.0 ]
[24-10-31 14:56:12] 328   -13565.89 [    18687.4    9452.7   50131.2    3048.6   50000.0 ]
[24-10-31 14:56:12] 329   -13565.89 [    18687.4    9452.7   50131.2    3048.0   50000.0 ]
[24-10-31 14:56:12] 330   -13565.89 [    18687.4    9452.7   50131.2    3049.2   50000.0 ]
[24-10-31 14:56:12] 331   -13565.89 [    18687.4    9452.7   50131.2    3048.6   50000.0 ]
[24-10-31 14:56:12] 333    -13565.9 [    18687.4    9452.7   50131.2    3048.6   49998.4 ]
[24-10-31 14:56:13] 334    -13565.9 [    18687.4    9452.7   50131.2    3048.6   49999.4 ]
[24-10-31 14:56:13] 336   -13565.89 [    18687.4    9452.7   50131.2    3048.6   49999.7 ]
[24-10-31 14:56:13] 338   -13565.89 [    18687.4    9452.7   50131.2    3048.6   49999.9 ]
[24-10-31 14:56:13] 340   -13565.89 [    18687.4    9452.7   50131.2    3048.6   50000.0 ]
[24-10-31 14:56:14] 342   -13565.89 [    18687.4    9452.7   50131.2    3048.6   50000.0 ]
[24-10-31 14:56:14] 344   -13565.89 [    18687.4    9452.7   50131.2    3048.6   50000.0 ]
[24-10-31 14:56:14] 346   -13565.89 [    18687.4    9452.7   50131.2    3048.6   50000.0 ]
[24-10-31 14:56:14] 348   -13565.89 [    18687.4    9452.7   50131.2    3048.6   50000.0 ]
[24-10-31 14:56:15] 350   -13565.89 [    18687.4    9452.7   50131.2    3048.6   50000.0 ]
[24-10-31 14:56:15] 352   -13565.89 [    18687.4    9452.7   50131.2    3048.6   50000.0 ]
[24-10-31 14:56:15] 354   -13565.89 [    18687.4    9452.7   50131.2    3048.6   50000.0 ]
[24-10-31 14:56:15] 355   -13565.89 [    18687.4    9452.7   50131.2    3048.6   50000.0 ]
[24-10-31 14:56:16] 357   -13565.89 [    18687.4    9452.7   50131.2    3048.6   50000.0 ]
[24-10-31 14:56:16] 358   -13565.89 [    18687.4    9452.7   50131.2    3048.6   50000.0 ]
[24-10-31 14:56:16] 360   -13565.89 [    18687.4    9452.7   50131.2    3048.6   50000.0 ]
[24-10-31 14:56:16] 361   -13565.89 [    18687.4    9452.7   50131.2    3048.6   50000.0 ]
[24-10-31 14:56:16] 362   -13565.89 [    18687.4    9452.7   50131.2    3048.6   50000.0 ]
[24-10-31 14:56:17] 363   -13565.89 [    18687.4    9452.7   50131.2    3048.6   50000.0 ]
[24-10-31 14:56:17] 364   -13565.89 [    18687.4    9452.7   50131.2    3048.6   50000.0 ]
[24-10-31 14:56:17] 366   -13565.89 [    18687.4    9452.7   50131.2    3048.6   50000.0 ]
[24-10-31 14:56:17] 367   -13565.89 [    18688.4    9452.7   50131.2    3048.6   50000.0 ]
[24-10-31 14:56:18] 368   -13565.89 [    18690.0    9452.7   50131.2    3048.6   50000.0 ]
[24-10-31 14:56:18] 369   -13565.87 [    18755.0    9452.7   50131.2    3048.6   50000.0 ]
[24-10-31 14:56:18] 370   -13565.91 [    18860.2    9452.7   50131.2    3048.6   50000.0 ]
[24-10-31 14:56:18] 371   -13565.88 [    18795.2    9452.7   50131.2    3048.6   50000.0 ]
[24-10-31 14:56:19] 372   -13565.87 [    18730.2    9452.7   50131.2    3048.6   50000.0 ]
[24-10-31 14:56:19] 373   -13565.87 [    18755.7    9452.7   50131.2    3048.6   50000.0 ]
[24-10-31 14:56:19] 374   -13565.87 [    18756.4    9452.7   50131.2    3048.6   50000.0 ]
[24-10-31 14:56:19] 375   -13565.87 [    18755.7    9452.7   50131.2    3048.6   50000.0 ]
[24-10-31 14:56:19] 376   -13565.84 [    18755.7    9453.7   50131.2    3048.6   50000.0 ]
[24-10-31 14:56:20] 377   -13565.79 [    18755.7    9455.3   50131.2    3048.6   50000.0 ]
[24-10-31 14:56:20] 378    -13563.9 [    18755.7    9578.7   50131.2    3048.6   50000.0 ]
[24-10-31 14:56:20] 379   -13568.05 [    18755.7    9778.5   50131.2    3048.6   50000.0 ]
[24-10-31 14:56:20] 380   -13564.47 [    18755.7    9655.0   50131.2    3048.6   50000.0 ]
[24-10-31 14:56:21] 381    -13564.2 [    18755.7    9531.6   50131.2    3048.6   50000.0 ]
[24-10-31 14:56:21] 382   -13563.89 [    18755.7    9583.6   50131.2    3048.6   50000.0 ]
[24-10-31 14:56:21] 383   -13563.89 [    18755.7    9582.3   50131.2    3048.6   50000.0 ]
[24-10-31 14:56:21] 384   -13563.89 [    18755.7    9584.9   50131.2    3048.6   50000.0 ]
[24-10-31 14:56:21] 385   -13563.89 [    18755.7    9583.6   50131.2    3048.6   50000.0 ]
[24-10-31 14:56:22] 386    -13563.9 [    18755.7    9583.6   50132.2    3048.6   50000.0 ]
[24-10-31 14:56:22] 387   -13563.88 [    18755.7    9583.6   50129.6    3048.6   50000.0 ]
[24-10-31 14:56:22] 388   -13562.95 [    18755.7    9583.6   49953.2    3048.6   50000.0 ]
[24-10-31 14:56:22] 389   -13561.19 [    18755.7    9583.6   49203.4    3048.6   50000.0 ]
[24-10-31 14:56:23] 390   -13565.84 [    18755.7    9583.6   47990.3    3048.6   50000.0 ]
[24-10-31 14:56:23] 391   -13561.87 [    18755.7    9583.6   48740.0    3048.6   50000.0 ]
[24-10-31 14:56:23] 392   -13561.44 [    18755.7    9583.6   49489.8    3048.6   50000.0 ]
[24-10-31 14:56:23] 393   -13561.19 [    18755.7    9583.6   49212.7    3048.6   50000.0 ]
[24-10-31 14:56:24] 394   -13561.19 [    18755.7    9583.6   49194.2    3048.6   50000.0 ]
[24-10-31 14:56:24] 395   -13561.19 [    18755.7    9583.6   49203.4    3048.6   50000.0 ]
[24-10-31 14:56:24] 396   -13561.26 [    18755.7    9583.6   49203.4    3049.6   50000.0 ]
[24-10-31 14:56:24] 397   -13561.07 [    18755.7    9583.6   49203.4    3047.0   50000.0 ]
[24-10-31 14:56:24] 398   -13559.08 [    18755.7    9583.6   49203.4    2989.1   50000.0 ]
[24-10-31 14:56:25] 399   -13565.61 [    18755.7    9583.6   49203.4    2895.4   50000.0 ]
[24-10-31 14:56:25] 400   -13560.09 [    18755.7    9583.6   49203.4    2953.3   50000.0 ]
[24-10-31 14:56:25] 401   -13559.33 [    18755.7    9583.6   49203.4    3011.2   50000.0 ]
[24-10-31 14:56:25] 402   -13559.08 [    18755.7    9583.6   49203.4    2991.9   50000.0 ]
[24-10-31 14:56:26] 403   -13559.08 [    18755.7    9583.6   49203.4    2991.3   50000.0 ]
[24-10-31 14:56:26] 404   -13559.08 [    18755.7    9583.6   49203.4    2992.4   50000.0 ]
[24-10-31 14:56:26] 405   -13559.08 [    18755.7    9583.6   49203.4    2991.9   50000.0 ]
[24-10-31 14:56:26] 407   -13559.09 [    18755.7    9583.6   49203.4    2991.9   49998.4 ]
[24-10-31 14:56:27] 408   -13559.09 [    18755.7    9583.6   49203.4    2991.9   49999.4 ]
[24-10-31 14:56:27] 410   -13559.08 [    18755.7    9583.6   49203.4    2991.9   49999.7 ]
[24-10-31 14:56:27] 412   -13559.08 [    18755.7    9583.6   49203.4    2991.9   49999.9 ]
[24-10-31 14:56:27] 414   -13559.08 [    18755.7    9583.6   49203.4    2991.9   50000.0 ]
[24-10-31 14:56:27] 416   -13559.08 [    18755.7    9583.6   49203.4    2991.9   50000.0 ]
[24-10-31 14:56:28] 418   -13559.08 [    18755.7    9583.6   49203.4    2991.9   50000.0 ]
[24-10-31 14:56:28] 420   -13559.08 [    18755.7    9583.6   49203.4    2991.9   50000.0 ]
[24-10-31 14:56:28] 422   -13559.08 [    18755.7    9583.6   49203.4    2991.9   50000.0 ]
[24-10-31 14:56:28] 424   -13559.08 [    18755.7    9583.6   49203.4    2991.9   50000.0 ]
[24-10-31 14:56:29] 426   -13559.08 [    18755.7    9583.6   49203.4    2991.9   50000.0 ]
[24-10-31 14:56:29] 428   -13559.08 [    18755.7    9583.6   49203.4    2991.9   50000.0 ]
[24-10-31 14:56:29] 430   -13559.08 [    18755.7    9583.6   49203.4    2991.9   50000.0 ]
[24-10-31 14:56:29] 432   -13559.08 [    18755.7    9583.6   49203.4    2991.9   50000.0 ]
[24-10-31 14:56:30] 434   -13559.08 [    18755.7    9583.6   49203.4    2991.9   50000.0 ]
[24-10-31 14:56:30] 436   -13559.08 [    18755.7    9583.6   49203.4    2991.9   50000.0 ]
[24-10-31 14:56:30] 438   -13559.08 [    18755.7    9583.6   49203.4    2991.9   50000.0 ]
[24-10-31 14:56:30] 440   -13559.08 [    18755.7    9583.6   49203.4    2991.9   50000.0 ]
[24-10-31 14:56:30] 441   -13559.08 [    18755.7    9583.6   49203.4    2991.9   50000.0 ]
[24-10-31 14:56:31] 443   -13559.08 [    18755.7    9583.6   49203.4    2991.9   50000.0 ]
[24-10-31 14:56:31] 444   -13559.08 [    18755.7    9583.6   49203.4    2991.9   50000.0 ]
[24-10-31 14:56:31] 446   -13559.08 [    18755.7    9583.6   49203.4    2991.9   50000.0 ]
[24-10-31 14:56:31] 448   -13559.08 [    18755.7    9583.6   49203.4    2991.9   50000.0 ]
[24-10-31 14:56:32] 449   -13559.08 [    18755.7    9583.6   49203.4    2991.9   50000.0 ]
[24-10-31 14:56:32] 450   -13559.08 [    18755.7    9583.6   49203.4    2991.9   50000.0 ]
[24-10-31 14:56:32] 451   -13559.08 [    18755.7    9583.6   49203.4    2991.9   50000.0 ]
[24-10-31 14:56:32] 453   -13559.08 [    18755.7    9583.6   49203.4    2991.9   50000.0 ]
[24-10-31 14:56:33] 454   -13559.08 [    18756.7    9583.6   49203.4    2991.9   50000.0 ]
[24-10-31 14:56:33] 455   -13559.08 [    18758.3    9583.6   49203.4    2991.9   50000.0 ]
[24-10-31 14:56:33] 456   -13559.06 [    18821.0    9583.6   49203.4    2991.9   50000.0 ]
[24-10-31 14:56:33] 457    -13559.1 [    18922.3    9583.6   49203.4    2991.9   50000.0 ]
[24-10-31 14:56:33] 458   -13559.07 [    18859.7    9583.6   49203.4    2991.9   50000.0 ]
[24-10-31 14:56:34] 459   -13559.07 [    18797.0    9583.6   49203.4    2991.9   50000.0 ]
[24-10-31 14:56:34] 460   -13559.06 [    18821.6    9583.6   49203.4    2991.9   50000.0 ]
[24-10-31 14:56:34] 461   -13559.06 [    18822.3    9583.6   49203.4    2991.9   50000.0 ]
[24-10-31 14:56:34] 462   -13559.06 [    18821.6    9583.6   49203.4    2991.9   50000.0 ]
[24-10-31 14:56:35] 463   -13559.03 [    18821.6    9584.6   49203.4    2991.9   50000.0 ]
[24-10-31 14:56:35] 464   -13558.99 [    18821.6    9586.2   49203.4    2991.9   50000.0 ]
[24-10-31 14:56:35] 465   -13557.22 [    18821.6    9707.2   49203.4    2991.9   50000.0 ]
[24-10-31 14:56:35] 466   -13561.12 [    18821.6    9902.9   49203.4    2991.9   50000.0 ]
[24-10-31 14:56:36] 467   -13557.76 [    18821.6    9782.0   49203.4    2991.9   50000.0 ]
[24-10-31 14:56:36] 468    -13557.5 [    18821.6    9661.0   49203.4    2991.9   50000.0 ]
[24-10-31 14:56:36] 469   -13557.22 [    18821.6    9711.8   49203.4    2991.9   50000.0 ]
[24-10-31 14:56:36] 470   -13557.22 [    18821.6    9710.6   49203.4    2991.9   50000.0 ]
[24-10-31 14:56:36] 471   -13557.22 [    18821.6    9713.1   49203.4    2991.9   50000.0 ]
[24-10-31 14:56:37] 472   -13557.22 [    18821.6    9711.8   49203.4    2991.9   50000.0 ]
[24-10-31 14:56:37] 473   -13557.22 [    18821.6    9711.8   49204.4    2991.9   50000.0 ]
[24-10-31 14:56:37] 474   -13557.21 [    18821.6    9711.8   49201.8    2991.9   50000.0 ]
[24-10-31 14:56:37] 475   -13556.29 [    18821.6    9711.8   49025.5    2991.9   50000.0 ]
[24-10-31 14:56:38] 476   -13554.61 [    18821.6    9711.8   48296.8    2991.9   50000.0 ]
[24-10-31 14:56:38] 477   -13559.05 [    18821.6    9711.8   47117.9    2991.9   50000.0 ]
[24-10-31 14:56:38] 478   -13555.26 [    18821.6    9711.8   47846.5    2991.9   50000.0 ]
[24-10-31 14:56:38] 479   -13554.85 [    18821.6    9711.8   48575.1    2991.9   50000.0 ]
[24-10-31 14:56:38] 480   -13554.61 [    18821.6    9711.8   48305.9    2991.9   50000.0 ]
[24-10-31 14:56:39] 481   -13554.61 [    18821.6    9711.8   48287.8    2991.9   50000.0 ]
[24-10-31 14:56:39] 482   -13554.61 [    18821.6    9711.8   48296.8    2991.9   50000.0 ]
[24-10-31 14:56:39] 483   -13554.68 [    18821.6    9711.8   48296.8    2992.9   50000.0 ]
[24-10-31 14:56:39] 484   -13554.49 [    18821.6    9711.8   48296.8    2990.2   50000.0 ]
[24-10-31 14:56:40] 485   -13552.52 [    18821.6    9711.8   48296.8    2933.7   50000.0 ]
[24-10-31 14:56:40] 486   -13558.99 [    18821.6    9711.8   48296.8    2842.1   50000.0 ]
[24-10-31 14:56:40] 487   -13553.51 [    18821.6    9711.8   48296.8    2898.7   50000.0 ]
[24-10-31 14:56:40] 488   -13552.76 [    18821.6    9711.8   48296.8    2955.3   50000.0 ]
[24-10-31 14:56:40] 489   -13552.51 [    18821.6    9711.8   48296.8    2936.4   50000.0 ]
[24-10-31 14:56:41] 490   -13552.51 [    18821.6    9711.8   48296.8    2935.8   50000.0 ]
[24-10-31 14:56:41] 491   -13552.51 [    18821.6    9711.8   48296.8    2936.9   50000.0 ]
[24-10-31 14:56:41] 492   -13552.51 [    18821.6    9711.8   48296.8    2936.4   50000.0 ]
[24-10-31 14:56:41] 494   -13552.53 [    18821.6    9711.8   48296.8    2936.4   49998.4 ]
[24-10-31 14:56:42] 495   -13552.52 [    18821.6    9711.8   48296.8    2936.4   49999.4 ]
[24-10-31 14:56:42] 497   -13552.52 [    18821.6    9711.8   48296.8    2936.4   49999.7 ]
[24-10-31 14:56:42] 499   -13552.51 [    18821.6    9711.8   48296.8    2936.4   49999.9 ]
[24-10-31 14:56:42] 501   -13552.51 [    18821.6    9711.8   48296.8    2936.4   50000.0 ]
[24-10-31 14:56:43] 503   -13552.51 [    18821.6    9711.8   48296.8    2936.4   50000.0 ]
[24-10-31 14:56:43] 505   -13552.51 [    18821.6    9711.8   48296.8    2936.4   50000.0 ]
[24-10-31 14:56:43] 507   -13552.51 [    18821.6    9711.8   48296.8    2936.4   50000.0 ]
[24-10-31 14:56:43] 509   -13552.51 [    18821.6    9711.8   48296.8    2936.4   50000.0 ]
[24-10-31 14:56:43] 511   -13552.51 [    18821.6    9711.8   48296.8    2936.4   50000.0 ]
[24-10-31 14:56:44] 513   -13552.51 [    18821.6    9711.8   48296.8    2936.4   50000.0 ]
[24-10-31 14:56:44] 515   -13552.51 [    18821.6    9711.8   48296.8    2936.4   50000.0 ]
[24-10-31 14:56:44] 517   -13552.51 [    18821.6    9711.8   48296.8    2936.4   50000.0 ]
[24-10-31 14:56:44] 519   -13552.51 [    18821.6    9711.8   48296.8    2936.4   50000.0 ]
[24-10-31 14:56:45] 521   -13552.51 [    18821.6    9711.8   48296.8    2936.4   50000.0 ]
[24-10-31 14:56:45] 523   -13552.51 [    18821.6    9711.8   48296.8    2936.4   50000.0 ]
[24-10-31 14:56:45] 525   -13552.51 [    18821.6    9711.8   48296.8    2936.4   50000.0 ]
[24-10-31 14:56:45] 527   -13552.51 [    18821.6    9711.8   48296.8    2936.4   50000.0 ]
[24-10-31 14:56:46] 529   -13552.51 [    18821.6    9711.8   48296.8    2936.4   50000.0 ]
[24-10-31 14:56:46] 531   -13552.51 [    18821.6    9711.8   48296.8    2936.4   50000.0 ]
[24-10-31 14:56:46] 533   -13552.51 [    18821.6    9711.8   48296.8    2936.4   50000.0 ]
[24-10-31 14:56:46] 535   -13552.51 [    18821.6    9711.8   48296.8    2936.4   50000.0 ]
[24-10-31 14:56:46] 536   -13552.51 [    18821.6    9711.8   48296.8    2936.4   50000.0 ]
[24-10-31 14:56:47] 537   -13552.51 [    18821.6    9711.8   48296.8    2936.4   50000.0 ]
[24-10-31 14:56:47] 538   -13552.51 [    18821.6    9711.8   48296.8    2936.4   50000.0 ]
[24-10-31 14:56:47] 539   -13552.51 [    18821.6    9711.8   48296.8    2936.4   50000.0 ]
[24-10-31 14:56:47] 540   -13552.51 [    18821.6    9711.8   48296.8    2936.4   50000.0 ]
[24-10-31 14:56:48] 541   -13552.51 [    18821.6    9711.8   48296.8    2936.4   50000.0 ]
[24-10-31 14:56:48] 542   -13552.51 [    18821.6    9711.8   48296.8    2936.4   50000.0 ]
[24-10-31 14:56:48] 543   -13552.51 [    18821.6    9711.8   48296.8    2936.4   50000.0 ]
[24-10-31 14:56:48] 544   -13552.51 [    18821.6    9711.8   48296.8    2936.4   50000.0 ]
[24-10-31 14:56:49] 545   -13552.51 [    18821.6    9711.8   48296.8    2936.4   50000.0 ]
[24-10-31 14:56:49] 546   -13552.51 [    18821.6    9711.8   48296.8    2936.4   50000.0 ]
[24-10-31 14:56:49] 547   -13552.51 [    18821.6    9711.8   48296.8    2936.4   50000.0 ]
[24-10-31 14:56:49] 549   -13552.51 [    18821.6    9711.8   48296.8    2936.4   50000.0 ]
[24-10-31 14:56:50] 550   -13552.51 [    18822.6    9711.8   48296.8    2936.4   50000.0 ]
[24-10-31 14:56:50] 551   -13552.51 [    18824.2    9711.8   48296.8    2936.4   50000.0 ]
[24-10-31 14:56:50] 552    -13552.5 [    18886.0    9711.8   48296.8    2936.4   50000.0 ]
[24-10-31 14:56:50] 553   -13552.53 [    18986.0    9711.8   48296.8    2936.4   50000.0 ]
[24-10-31 14:56:50] 554    -13552.5 [    18924.2    9711.8   48296.8    2936.4   50000.0 ]
[24-10-31 14:56:51] 555    -13552.5 [    18862.4    9711.8   48296.8    2936.4   50000.0 ]
[24-10-31 14:56:51] 556    -13552.5 [    18886.7    9711.8   48296.8    2936.4   50000.0 ]
[24-10-31 14:56:51] 557    -13552.5 [    18887.3    9711.8   48296.8    2936.4   50000.0 ]
[24-10-31 14:56:51] 558    -13552.5 [    18886.7    9711.8   48296.8    2936.4   50000.0 ]
[24-10-31 14:56:52] 559   -13552.47 [    18886.7    9712.8   48296.8    2936.4   50000.0 ]
[24-10-31 14:56:52] 560   -13552.43 [    18886.7    9714.5   48296.8    2936.4   50000.0 ]
[24-10-31 14:56:52] 561   -13550.78 [    18886.7    9832.8   48296.8    2936.4   50000.0 ]
[24-10-31 14:56:52] 562   -13554.43 [    18886.7   10024.2   48296.8    2936.4   50000.0 ]
[24-10-31 14:56:53] 563   -13551.29 [    18886.7    9905.9   48296.8    2936.4   50000.0 ]
[24-10-31 14:56:53] 564   -13551.04 [    18886.7    9787.6   48296.8    2936.4   50000.0 ]
[24-10-31 14:56:53] 565   -13550.78 [    18886.7    9837.1   48296.8    2936.4   50000.0 ]
[24-10-31 14:56:53] 566   -13550.78 [    18886.7    9835.9   48296.8    2936.4   50000.0 ]
[24-10-31 14:56:54] 567   -13550.78 [    18886.7    9838.4   48296.8    2936.4   50000.0 ]
[24-10-31 14:56:54] 568   -13550.78 [    18886.7    9837.1   48296.8    2936.4   50000.0 ]
[24-10-31 14:56:54] 569   -13550.79 [    18886.7    9837.1   48297.8    2936.4   50000.0 ]
[24-10-31 14:56:54] 570   -13550.77 [    18886.7    9837.1   48295.2    2936.4   50000.0 ]
[24-10-31 14:56:54] 571   -13549.87 [    18886.7    9837.1   48118.9    2936.4   50000.0 ]
[24-10-31 14:56:55] 572   -13548.26 [    18886.7    9837.1   47412.4    2936.4   50000.0 ]
[24-10-31 14:56:55] 573    -13552.5 [    18886.7    9837.1   46269.4    2936.4   50000.0 ]
[24-10-31 14:56:55] 574   -13548.88 [    18886.7    9837.1   46975.8    2936.4   50000.0 ]
[24-10-31 14:56:55] 575   -13548.49 [    18886.7    9837.1   47682.3    2936.4   50000.0 ]
[24-10-31 14:56:56] 576   -13548.26 [    18886.7    9837.1   47421.3    2936.4   50000.0 ]
[24-10-31 14:56:56] 577   -13548.26 [    18886.7    9837.1   47403.6    2936.4   50000.0 ]
[24-10-31 14:56:56] 578   -13548.26 [    18886.7    9837.1   47412.4    2936.4   50000.0 ]
[24-10-31 14:56:56] 579   -13548.34 [    18886.7    9837.1   47412.4    2937.4   50000.0 ]
[24-10-31 14:56:57] 580   -13548.14 [    18886.7    9837.1   47412.4    2934.7   50000.0 ]
[24-10-31 14:56:57] 581    -13546.2 [    18886.7    9837.1   47412.4    2879.5   50000.0 ]
[24-10-31 14:56:57] 582   -13552.58 [    18886.7    9837.1   47412.4    2790.2   50000.0 ]
[24-10-31 14:56:57] 583   -13547.18 [    18886.7    9837.1   47412.4    2845.4   50000.0 ]
[24-10-31 14:56:57] 584   -13546.44 [    18886.7    9837.1   47412.4    2900.6   50000.0 ]
[24-10-31 14:56:58] 585   -13546.19 [    18886.7    9837.1   47412.4    2882.2   50000.0 ]
[24-10-31 14:56:58] 586   -13546.19 [    18886.7    9837.1   47412.4    2881.6   50000.0 ]
[24-10-31 14:56:58] 587   -13546.19 [    18886.7    9837.1   47412.4    2882.7   50000.0 ]
[24-10-31 14:56:58] 588   -13546.19 [    18886.7    9837.1   47412.4    2882.2   50000.0 ]
[24-10-31 14:56:59] 590   -13546.21 [    18886.7    9837.1   47412.4    2882.2   49998.4 ]
[24-10-31 14:56:59] 591    -13546.2 [    18886.7    9837.1   47412.4    2882.2   49999.4 ]
[24-10-31 14:56:59] 593   -13546.19 [    18886.7    9837.1   47412.4    2882.2   49999.7 ]
[24-10-31 14:56:59] 595   -13546.19 [    18886.7    9837.1   47412.4    2882.2   49999.9 ]
[24-10-31 14:57:00] 597   -13546.19 [    18886.7    9837.1   47412.4    2882.2   50000.0 ]
[24-10-31 14:57:00] 599   -13546.19 [    18886.7    9837.1   47412.4    2882.2   50000.0 ]
[24-10-31 14:57:00] 601   -13546.19 [    18886.7    9837.1   47412.4    2882.2   50000.0 ]
[24-10-31 14:57:00] 603   -13546.19 [    18886.7    9837.1   47412.4    2882.2   50000.0 ]
[24-10-31 14:57:01] 605   -13546.19 [    18886.7    9837.1   47412.4    2882.2   50000.0 ]
[24-10-31 14:57:01] 607   -13546.19 [    18886.7    9837.1   47412.4    2882.2   50000.0 ]
[24-10-31 14:57:01] 609   -13546.19 [    18886.7    9837.1   47412.4    2882.2   50000.0 ]
[24-10-31 14:57:01] 611   -13546.19 [    18886.7    9837.1   47412.4    2882.2   50000.0 ]
[24-10-31 14:57:02] 613   -13546.19 [    18886.7    9837.1   47412.4    2882.2   50000.0 ]
[24-10-31 14:57:02] 615   -13546.19 [    18886.7    9837.1   47412.4    2882.2   50000.0 ]
[24-10-31 14:57:02] 617   -13546.19 [    18886.7    9837.1   47412.4    2882.2   50000.0 ]
[24-10-31 14:57:02] 619   -13546.19 [    18886.7    9837.1   47412.4    2882.2   50000.0 ]
[24-10-31 14:57:02] 621   -13546.19 [    18886.7    9837.1   47412.4    2882.2   50000.0 ]
[24-10-31 14:57:03] 623   -13546.19 [    18886.7    9837.1   47412.4    2882.2   50000.0 ]
[24-10-31 14:57:03] 625   -13546.19 [    18886.7    9837.1   47412.4    2882.2   50000.0 ]
[24-10-31 14:57:03] 627   -13546.19 [    18886.7    9837.1   47412.4    2882.2   50000.0 ]
[24-10-31 14:57:03] 629   -13546.19 [    18886.7    9837.1   47412.4    2882.2   50000.0 ]
[24-10-31 14:57:04] 631   -13546.19 [    18886.7    9837.1   47412.4    2882.2   50000.0 ]
[24-10-31 14:57:04] 632   -13546.19 [    18886.7    9837.1   47412.4    2882.2   50000.0 ]
[24-10-31 14:57:04] 633   -13546.19 [    18886.7    9837.1   47412.4    2882.2   50000.0 ]
[24-10-31 14:57:04] 634   -13546.19 [    18886.7    9837.1   47412.4    2882.2   50000.0 ]
[24-10-31 14:57:04] 635   -13546.19 [    18886.7    9837.1   47412.4    2882.2   50000.0 ]
[24-10-31 14:57:05] 636   -13546.19 [    18886.7    9837.1   47412.4    2882.2   50000.0 ]
[24-10-31 14:57:05] 637   -13546.19 [    18886.7    9837.1   47412.4    2882.2   50000.0 ]
[24-10-31 14:57:05] 638   -13539.96 [    18951.8    9962.5   46528.0    2828.0   50000.0 ]
[24-10-31 14:57:05] 639   -13546.19 [    18886.7    9837.1   47412.4    2882.2   50000.0 ]
[24-10-31 14:57:06] 640   -13539.96 [    18951.8    9962.5   46528.0    2828.0   50000.0 ]
[24-10-31 14:57:06] 641   -13530.08 [    19057.0   10165.2   45096.9    2740.3   50000.0 ]
[24-10-31 14:57:06] 645   -13508.78 [    19293.5   10620.7   41882.5    2543.2   50000.0 ]
[24-10-31 14:57:06] 646   -13519.27 [    19175.3   10392.9   43489.7    2641.8   50000.0 ]
[24-10-31 14:57:06] 648   -13503.95 [    19349.4   10728.2   41123.7    2496.7   50000.0 ]
[24-10-31 14:57:07] 649    -13501.0 [    19383.9   10794.6   40654.7    2468.0   50000.0 ]
[24-10-31 14:57:07] 650   -13499.19 [    19405.2   10835.7   40364.8    2450.2   50000.0 ]
[24-10-31 14:57:07] 651   -13498.07 [    19418.4   10861.1   40185.7    2439.3   50000.0 ]
[24-10-31 14:57:07] 652   -13497.39 [    19426.5   10876.7   40075.0    2432.5   50000.0 ]
[24-10-31 14:57:08] 653   -13496.93 [    19431.9   10887.1   40001.6    2428.0   50000.0 ]
[24-10-31 14:57:08] 654   -13496.93 [    19431.9   10887.1   40001.6    2428.0   50000.0 ]
[24-10-31 14:57:08] 655   -13496.93 [    19432.9   10887.1   40001.6    2428.0   50000.0 ]
[24-10-31 14:57:08] 656   -13496.93 [    19434.5   10887.1   40001.6    2428.0   50000.0 ]
[24-10-31 14:57:09] 657   -13496.92 [    19494.3   10887.1   40001.6    2428.0   50000.0 ]
[24-10-31 14:57:09] 658   -13496.95 [    19591.1   10887.1   40001.6    2428.0   50000.0 ]
[24-10-31 14:57:09] 659   -13496.93 [    19531.3   10887.1   40001.6    2428.0   50000.0 ]
[24-10-31 14:57:09] 660   -13496.92 [    19471.5   10887.1   40001.6    2428.0   50000.0 ]
[24-10-31 14:57:09] 661   -13496.92 [    19494.9   10887.1   40001.6    2428.0   50000.0 ]
[24-10-31 14:57:10] 662   -13496.92 [    19495.6   10887.1   40001.6    2428.0   50000.0 ]
[24-10-31 14:57:10] 663   -13496.92 [    19494.9   10887.1   40001.6    2428.0   50000.0 ]
[24-10-31 14:57:10] 664    -13496.9 [    19494.9   10888.1   40001.6    2428.0   50000.0 ]
[24-10-31 14:57:10] 665   -13496.88 [    19494.9   10889.8   40001.6    2428.0   50000.0 ]
[24-10-31 14:57:11] 666   -13496.13 [    19494.9   10979.6   40001.6    2428.0   50000.0 ]
[24-10-31 14:57:11] 667   -13497.88 [    19494.9   11125.0   40001.6    2428.0   50000.0 ]
[24-10-31 14:57:11] 668   -13496.38 [    19494.9   11035.2   40001.6    2428.0   50000.0 ]
[24-10-31 14:57:11] 669   -13496.25 [    19494.9   10945.3   40001.6    2428.0   50000.0 ]
[24-10-31 14:57:12] 670   -13496.13 [    19494.9   10981.9   40001.6    2428.0   50000.0 ]
[24-10-31 14:57:12] 671   -13496.13 [    19494.9   10980.9   40001.6    2428.0   50000.0 ]
[24-10-31 14:57:12] 672   -13496.13 [    19494.9   10982.8   40001.6    2428.0   50000.0 ]
[24-10-31 14:57:12] 673   -13496.13 [    19494.9   10981.9   40001.6    2428.0   50000.0 ]
[24-10-31 14:57:13] 675   -13496.14 [    19494.9   10981.9   40001.6    2428.0   49998.4 ]
[24-10-31 14:57:13] 676   -13496.14 [    19494.9   10981.9   40001.6    2428.0   49999.4 ]
[24-10-31 14:57:13] 678   -13496.13 [    19494.9   10981.9   40001.6    2428.0   49999.7 ]
[24-10-31 14:57:13] 680   -13496.13 [    19494.9   10981.9   40001.6    2428.0   49999.9 ]
[24-10-31 14:57:14] 682   -13496.13 [    19494.9   10981.9   40001.6    2428.0   50000.0 ]
[24-10-31 14:57:14] 684   -13496.13 [    19494.9   10981.9   40001.6    2428.0   50000.0 ]
[24-10-31 14:57:14] 686   -13496.13 [    19494.9   10981.9   40001.6    2428.0   50000.0 ]
[24-10-31 14:57:14] 688   -13496.13 [    19494.9   10981.9   40001.6    2428.0   50000.0 ]
[24-10-31 14:57:15] 690   -13496.13 [    19494.9   10981.9   40001.6    2428.0   50000.0 ]
[24-10-31 14:57:15] 692   -13496.13 [    19494.9   10981.9   40001.6    2428.0   50000.0 ]
[24-10-31 14:57:15] 694   -13496.13 [    19494.9   10981.9   40001.6    2428.0   50000.0 ]
[24-10-31 14:57:15] 696   -13496.13 [    19494.9   10981.9   40001.6    2428.0   50000.0 ]
[24-10-31 14:57:16] 698   -13496.13 [    19494.9   10981.9   40001.6    2428.0   50000.0 ]
[24-10-31 14:57:16] 700   -13496.13 [    19494.9   10981.9   40001.6    2428.0   50000.0 ]
[24-10-31 14:57:16] 702   -13496.13 [    19494.9   10981.9   40001.6    2428.0   50000.0 ]
[24-10-31 14:57:16] 704   -13496.13 [    19494.9   10981.9   40001.6    2428.0   50000.0 ]
[24-10-31 14:57:17] 706   -13496.13 [    19494.9   10981.9   40001.6    2428.0   50000.0 ]
[24-10-31 14:57:17] 708   -13496.13 [    19494.9   10981.9   40001.6    2428.0   50000.0 ]
[24-10-31 14:57:17] 710   -13496.13 [    19494.9   10981.9   40001.6    2428.0   50000.0 ]
[24-10-31 14:57:17] 712   -13496.13 [    19494.9   10981.9   40001.6    2428.0   50000.0 ]
[24-10-31 14:57:18] 713   -13496.13 [    19494.9   10981.9   40001.6    2428.0   50000.0 ]
[24-10-31 14:57:18] 715   -13496.13 [    19494.9   10981.9   40001.6    2428.0   50000.0 ]
[24-10-31 14:57:18] 717   -13496.13 [    19494.9   10981.9   40001.6    2428.0   50000.0 ]
[24-10-31 14:57:18] 718   -13496.13 [    19494.9   10981.9   40001.6    2428.0   50000.0 ]
[24-10-31 14:57:19] 719   -13496.13 [    19494.9   10981.9   40001.6    2428.0   50000.0 ]
[24-10-31 14:57:19] 720   -13496.13 [    19494.9   10981.9   40001.6    2428.0   50000.0 ]
[24-10-31 14:57:19] 721   -13496.13 [    19494.9   10981.9   40001.6    2428.0   50000.0 ]
[24-10-31 14:57:19] 722   -13496.13 [    19494.9   10981.9   40001.6    2428.0   50000.0 ]
[24-10-31 14:57:20] 723   -13496.13 [    19494.9   10981.9   40001.6    2428.0   50000.0 ]
[24-10-31 14:57:20] 724   -13496.15 [    19494.9   10981.9   40001.6    2429.0   50000.0 ]
[24-10-31 14:57:20] 725   -13496.11 [    19494.9   10981.9   40001.6    2426.4   50000.0 ]
[24-10-31 14:57:20] 726   -13496.05 [    19494.9   10981.9   40001.6    2418.9   50000.0 ]
[24-10-31 14:57:21] 727    -13496.2 [    19494.9   10981.9   40001.6    2406.9   50000.0 ]
[24-10-31 14:57:21] 728   -13496.07 [    19494.9   10981.9   40001.6    2414.3   50000.0 ]
[24-10-31 14:57:21] 729   -13496.06 [    19494.9   10981.9   40001.6    2421.8   50000.0 ]
[24-10-31 14:57:21] 730   -13496.05 [    19494.9   10981.9   40001.6    2419.0   50000.0 ]
[24-10-31 14:57:22] 731   -13496.05 [    19494.9   10981.9   40001.6    2419.1   50000.0 ]
[24-10-31 14:57:22] 732   -13496.05 [    19494.9   10981.9   40001.6    2419.0   50000.0 ]
[24-10-31 14:57:22] 737   -13501.43 [    19430.6   10857.9   40876.3    2472.6   50000.0 ]
[24-10-31 14:57:22] 738   -13498.73 [    19462.8   10919.9   40439.0    2445.8   50000.0 ]
[24-10-31 14:57:22] 741   -13497.07 [    19482.7   10958.2   40168.7    2429.3   50000.0 ]
[24-10-31 14:57:23] 743   -13496.44 [    19490.3   10972.8   40065.4    2422.9   50000.0 ]
[24-10-31 14:57:23] 745    -13496.2 [    19493.2   10978.4   40026.0    2420.5   50000.0 ]
[24-10-31 14:57:23] 747   -13496.11 [    19494.3   10980.5   40010.9    2419.6   50000.0 ]
[24-10-31 14:57:23] 749   -13496.07 [    19494.7   10981.4   40005.2    2419.2   50000.0 ]
[24-10-31 14:57:24] 751   -13496.06 [    19494.8   10981.7   40003.0    2419.1   50000.0 ]
[24-10-31 14:57:24] 752   -13496.04 [    19495.0   10982.0   40000.3    2418.9   50000.0 ]
[24-10-31 14:57:24] 754   -13496.05 [    19495.0   10982.0   40000.8    2419.0   50000.0 ]
[24-10-31 14:57:24] 755   -13496.04 [    19495.1   10982.1   40000.0    2418.9   50000.0 ]
[24-10-31 14:57:25] 757   -13496.04 [    19495.1   10982.1   40000.1    2418.9   50000.0 ]
[24-10-31 14:57:25] 759   -13496.04 [    19495.1   10982.1   40000.1    2418.9   50000.0 ]
[24-10-31 14:57:25] 761   -13496.04 [    19495.1   10982.1   40000.0    2418.9   50000.0 ]
Optimization terminated successfully.
         Current function value: 13496.040273
         Iterations: 9
         Function evaluations: 761
[24-10-31 14:57:25] 761      fit p: [    19495.1   10982.1   40000.0    2418.9   50000.0 ]
method: Powell
objective_func: objective_H2
fopt: -13496.040272932607
max_iter: 100
num_iter: 9
func_calls: 761
flag: 0
u_fitted: False
u: 1.111e-08
