[24-10-31 14:52:51] fitting objective_H2 to data for demes ['French', 'KhomaniSan', 'Yoruba']
[24-10-31 14:52:51] 0        pnames [         NK       NFY       TFY        NF        NY ]
[24-10-31 14:52:51] 0            p0 [    17440.6   24542.2   56394.7    5712.2   19425.7 ]
[24-10-31 14:52:51] 1     -22291.96 [    17440.6   24542.2   56394.7    5712.2   19425.7 ]
[24-10-31 14:52:52] 2     -22291.96 [    17440.6   24542.2   56394.7    5712.2   19425.7 ]
[24-10-31 14:52:52] 3     -22291.87 [    17441.6   24542.2   56394.7    5712.2   19425.7 ]
[24-10-31 14:52:52] 4     -22291.73 [    17443.2   24542.2   56394.7    5712.2   19425.7 ]
[24-10-31 14:52:52] 5     -22276.79 [    17619.6   24542.2   56394.7    5712.2   19425.7 ]
[24-10-31 14:52:52] 6     -22038.19 [    22082.0   24542.2   56394.7    5712.2   19425.7 ]
[24-10-31 14:52:52] 7     -21925.18 [    29302.2   24542.2   56394.7    5712.2   19425.7 ]
[24-10-31 14:52:53] 8     -21932.71 [    28109.6   24542.2   56394.7    5712.2   19425.7 ]
[24-10-31 14:52:53] 9     -21933.85 [    40984.8   24542.2   56394.7    5712.2   19425.7 ]
[24-10-31 14:52:53] 10    -21916.11 [    33764.5   24542.2   56394.7    5712.2   19425.7 ]
[24-10-31 14:52:53] 11    -21919.92 [    36522.4   24542.2   56394.7    5712.2   19425.7 ]
[24-10-31 14:52:53] 12    -21916.06 [    33601.3   24542.2   56394.7    5712.2   19425.7 ]
[24-10-31 14:52:54] 13    -21916.02 [    33225.4   24542.2   56394.7    5712.2   19425.7 ]
[24-10-31 14:52:54] 14    -21917.24 [    31726.8   24542.2   56394.7    5712.2   19425.7 ]
[24-10-31 14:52:54] 15    -21916.05 [    33067.5   24542.2   56394.7    5712.2   19425.7 ]
[24-10-31 14:52:54] 16    -21916.02 [    33383.2   24542.2   56394.7    5712.2   19425.7 ]
[24-10-31 14:52:54] 17    -21916.02 [    33225.4   24542.2   56394.7    5712.2   19425.7 ]
[24-10-31 14:52:55] 18    -21916.26 [    33225.4   24543.2   56394.7    5712.2   19425.7 ]
[24-10-31 14:52:55] 19    -21915.63 [    33225.4   24540.6   56394.7    5712.2   19425.7 ]
[24-10-31 14:52:55] 20     -21915.0 [    33225.4   24537.9   56394.7    5712.2   19425.7 ]
[24-10-31 14:52:55] 21    -21913.97 [    33225.4   24533.7   56394.7    5712.2   19425.7 ]
[24-10-31 14:52:56] 22    -21912.31 [    33225.4   24526.8   56394.7    5712.2   19425.7 ]
[24-10-31 14:52:56] 23    -21909.63 [    33225.4   24515.8   56394.7    5712.2   19425.7 ]
[24-10-31 14:52:56] 24    -21905.28 [    33225.4   24497.8   56394.7    5712.2   19425.7 ]
[24-10-31 14:52:56] 25    -21898.24 [    33225.4   24468.8   56394.7    5712.2   19425.7 ]
[24-10-31 14:52:57] 26    -21886.81 [    33225.4   24421.8   56394.7    5712.2   19425.7 ]
[24-10-31 14:52:57] 27    -21868.27 [    33225.4   24345.8   56394.7    5712.2   19425.7 ]
[24-10-31 14:52:57] 28    -21838.11 [    33225.4   24222.8   56394.7    5712.2   19425.7 ]
[24-10-31 14:52:57] 29    -21788.88 [    33225.4   24023.8   56394.7    5712.2   19425.7 ]
[24-10-31 14:52:57] 30    -21708.09 [    33225.4   23701.8   56394.7    5712.2   19425.7 ]
[24-10-31 14:52:58] 31    -21574.35 [    33225.4   23180.8   56394.7    5712.2   19425.7 ]
[24-10-31 14:52:58] 32    -21349.76 [    33225.4   22337.8   56394.7    5712.2   19425.7 ]
[24-10-31 14:52:58] 33    -20963.82 [    33225.4   20973.8   56394.7    5712.2   19425.7 ]
[24-10-31 14:52:58] 34    -20276.15 [    33225.4   18766.8   56394.7    5712.2   19425.7 ]
[24-10-31 14:52:59] 35    -18994.64 [    33225.4   15195.8   56394.7    5712.2   19425.7 ]
[24-10-31 14:52:59] 36    -17008.39 [    33225.4    9417.8   56394.7    5712.2   19425.7 ]
[24-10-31 14:52:59] 40    -32088.35 [    33225.4    3650.4   56394.7    5712.2   19425.7 ]
[24-10-31 14:52:59] 41    -18100.08 [    33225.4    6534.1   56394.7    5712.2   19425.7 ]
[24-10-31 14:53:00] 42     -17008.7 [    33225.4    8220.1   56394.7    5712.2   19425.7 ]
[24-10-31 14:53:00] 43     -16960.8 [    33225.4    8819.5   56394.7    5712.2   19425.7 ]
[24-10-31 14:53:00] 44    -16965.45 [    33225.4    8976.7   56394.7    5712.2   19425.7 ]
[24-10-31 14:53:00] 45    -16962.67 [    33225.4    8662.3   56394.7    5712.2   19425.7 ]
[24-10-31 14:53:00] 46     -16960.8 [    33225.4    8819.5   56394.7    5712.2   19425.7 ]
[24-10-31 14:53:01] 47    -16960.78 [    33225.4    8819.5   56395.7    5712.2   19425.7 ]
[24-10-31 14:53:01] 48    -16960.75 [    33225.4    8819.5   56397.3    5712.2   19425.7 ]
[24-10-31 14:53:01] 49    -16957.38 [    33225.4    8819.5   56573.7    5712.2   19425.7 ]
[24-10-31 14:53:01] 50    -16915.58 [    33225.4    8819.5   61077.3    5712.2   19425.7 ]
[24-10-31 14:53:02] 51    -17034.32 [    33225.4    8819.5   68364.4    5712.2   19425.7 ]
[24-10-31 14:53:02] 52    -16933.27 [    33225.4    8819.5   63860.7    5712.2   19425.7 ]
[24-10-31 14:53:02] 53    -16921.37 [    33225.4    8819.5   59357.1    5712.2   19425.7 ]
[24-10-31 14:53:02] 54    -16915.56 [    33225.4    8819.5   60997.4    5712.2   19425.7 ]
[24-10-31 14:53:03] 55    -16915.57 [    33225.4    8819.5   60951.4    5712.2   19425.7 ]
[24-10-31 14:53:03] 56    -16915.56 [    33225.4    8819.5   60997.4    5712.2   19425.7 ]
[24-10-31 14:53:03] 57    -16916.38 [    33225.4    8819.5   60997.4    5713.2   19425.7 ]
[24-10-31 14:53:03] 58    -16914.24 [    33225.4    8819.5   60997.4    5710.6   19425.7 ]
[24-10-31 14:53:03] 59    -16912.11 [    33225.4    8819.5   60997.4    5707.9   19425.7 ]
[24-10-31 14:53:04] 60    -16908.66 [    33225.4    8819.5   60997.4    5703.7   19425.7 ]
[24-10-31 14:53:04] 61    -16903.07 [    33225.4    8819.5   60997.4    5696.9   19425.7 ]
[24-10-31 14:53:04] 62    -16894.02 [    33225.4    8819.5   60997.4    5685.8   19425.7 ]
[24-10-31 14:53:04] 63    -16879.38 [    33225.4    8819.5   60997.4    5667.8   19425.7 ]
[24-10-31 14:53:05] 64    -16855.68 [    33225.4    8819.5   60997.4    5638.8   19425.7 ]
[24-10-31 14:53:05] 65    -16817.31 [    33225.4    8819.5   60997.4    5591.8   19425.7 ]
[24-10-31 14:53:05] 66    -16755.19 [    33225.4    8819.5   60997.4    5515.8   19425.7 ]
[24-10-31 14:53:05] 67    -16654.67 [    33225.4    8819.5   60997.4    5392.8   19425.7 ]
[24-10-31 14:53:06] 69    -54275.67 [    33225.4    8819.5   60997.4     272.1   19425.7 ]
[24-10-31 14:53:06] 70    -15425.22 [    33225.4    8819.5   60997.4    3436.9   19425.7 ]
[24-10-31 14:53:06] 71    -15806.05 [    33225.4    8819.5   60997.4    4290.1   19425.7 ]
[24-10-31 14:53:06] 72    -16066.96 [    33225.4    8819.5   60997.4    2513.3   19425.7 ]
[24-10-31 14:53:07] 73    -15437.82 [    33225.4    8819.5   60997.4    3516.0   19425.7 ]
[24-10-31 14:53:07] 74    -15423.06 [    33225.4    8819.5   60997.4    3262.0   19425.7 ]
[24-10-31 14:53:07] 75    -15517.36 [    33225.4    8819.5   60997.4    2976.0   19425.7 ]
[24-10-31 14:53:07] 76     -15419.3 [    33225.4    8819.5   60997.4    3338.8   19425.7 ]
[24-10-31 14:53:07] 77    -15419.68 [    33225.4    8819.5   60997.4    3362.5   19425.7 ]
[24-10-31 14:53:08] 78    -15419.63 [    33225.4    8819.5   60997.4    3315.0   19425.7 ]
[24-10-31 14:53:08] 79     -15419.3 [    33225.4    8819.5   60997.4    3338.8   19425.7 ]
[24-10-31 14:53:08] 80    -15419.14 [    33225.4    8819.5   60997.4    3338.8   19426.7 ]
[24-10-31 14:53:08] 81    -15418.88 [    33225.4    8819.5   60997.4    3338.8   19428.3 ]
[24-10-31 14:53:09] 82     -15391.1 [    33225.4    8819.5   60997.4    3338.8   19604.7 ]
[24-10-31 14:53:09] 83    -14629.45 [    33225.4    8819.5   60997.4    3338.8   26959.6 ]
[24-10-31 14:53:09] 84    -14117.98 [    33225.4    8819.5   60997.4    3338.8   38860.2 ]
[24-10-31 14:53:09] 85    -14095.06 [    33225.4    8819.5   60997.4    3338.8   39740.4 ]
[24-10-31 14:53:10] 86    -14060.56 [    33225.4    8819.5   60997.4    3338.8   41164.7 ]
[24-10-31 14:53:10] 88    -13950.22 [    33225.4    8819.5   60997.4    3338.8   46744.6 ]
[24-10-31 14:53:10] 90    -14001.01 [    33225.4    8819.5   60997.4    3338.8   43954.7 ]
[24-10-31 14:53:10] 91    -13928.77 [    33225.4    8819.5   60997.4    3338.8   48061.9 ]
[24-10-31 14:53:11] 92    -13916.22 [    33225.4    8819.5   60997.4    3338.8   48876.0 ]
[24-10-31 14:53:11] 93    -13908.73 [    33225.4    8819.5   60997.4    3338.8   49379.1 ]
[24-10-31 14:53:11] 94    -13904.19 [    33225.4    8819.5   60997.4    3338.8   49690.1 ]
[24-10-31 14:53:11] 96    -13904.19 [    33225.4    8819.5   60997.4    3338.8   49690.1 ]
[24-10-31 14:53:11] 97     -13904.2 [    33226.4    8819.5   60997.4    3338.8   49690.1 ]
[24-10-31 14:53:12] 98    -13904.16 [    33223.8    8819.5   60997.4    3338.8   49690.1 ]
[24-10-31 14:53:12] 99    -13904.11 [    33221.1    8819.5   60997.4    3338.8   49690.1 ]
[24-10-31 14:53:12] 100   -13904.03 [    33216.9    8819.5   60997.4    3338.8   49690.1 ]
[24-10-31 14:53:12] 101   -13903.91 [    33210.0    8819.5   60997.4    3338.8   49690.1 ]
[24-10-31 14:53:13] 102   -13903.71 [    33199.0    8819.5   60997.4    3338.8   49690.1 ]
[24-10-31 14:53:13] 103   -13903.38 [    33181.0    8819.5   60997.4    3338.8   49690.1 ]
[24-10-31 14:53:13] 104   -13902.85 [    33152.0    8819.5   60997.4    3338.8   49690.1 ]
[24-10-31 14:53:13] 105    -13902.0 [    33105.0    8819.5   60997.4    3338.8   49690.1 ]
[24-10-31 14:53:14] 106   -13900.61 [    33029.0    8819.5   60997.4    3338.8   49690.1 ]
[24-10-31 14:53:14] 107   -13898.38 [    32906.0    8819.5   60997.4    3338.8   49690.1 ]
[24-10-31 14:53:14] 108   -13894.75 [    32707.0    8819.5   60997.4    3338.8   49690.1 ]
[24-10-31 14:53:14] 109   -13888.88 [    32385.0    8819.5   60997.4    3338.8   49690.1 ]
[24-10-31 14:53:15] 110   -13879.36 [    31864.0    8819.5   60997.4    3338.8   49690.1 ]
[24-10-31 14:53:15] 111   -13863.97 [    31021.0    8819.5   60997.4    3338.8   49690.1 ]
[24-10-31 14:53:15] 114   -13756.75 [    17614.9    8819.5   60997.4    3338.8   49690.1 ]
[24-10-31 14:53:15] 115   -13752.62 [    24317.9    8819.5   60997.4    3338.8   49690.1 ]
[24-10-31 14:53:15] 116   -13725.44 [    21205.9    8819.5   60997.4    3338.8   49690.1 ]
[24-10-31 14:53:16] 117   -13725.09 [    21084.6    8819.5   60997.4    3338.8   49690.1 ]
[24-10-31 14:53:16] 118   -13724.58 [    20358.1    8819.5   60997.4    3338.8   49690.1 ]
[24-10-31 14:53:16] 119   -13729.48 [    19310.3    8819.5   60997.4    3338.8   49690.1 ]
[24-10-31 14:53:16] 120   -13724.44 [    20583.7    8819.5   60997.4    3338.8   49690.1 ]
[24-10-31 14:53:17] 121   -13724.48 [    20710.2    8819.5   60997.4    3338.8   49690.1 ]
[24-10-31 14:53:17] 122   -13724.44 [    20583.7    8819.5   60997.4    3338.8   49690.1 ]
[24-10-31 14:53:17] 123   -13724.53 [    20583.7    8820.5   60997.4    3338.8   49690.1 ]
[24-10-31 14:53:17] 124   -13724.29 [    20583.7    8817.9   60997.4    3338.8   49690.1 ]
[24-10-31 14:53:18] 125   -13711.98 [    20583.7    8641.5   60997.4    3338.8   49690.1 ]
[24-10-31 14:53:18] 126   -13707.09 [    20583.7    8410.5   60997.4    3338.8   49690.1 ]
[24-10-31 14:53:18] 127   -13731.05 [    20583.7    8036.7   60997.4    3338.8   49690.1 ]
[24-10-31 14:53:18] 128   -13711.22 [    20583.7    8267.7   60997.4    3338.8   49690.1 ]
[24-10-31 14:53:19] 129   -13707.35 [    20583.7    8498.7   60997.4    3338.8   49690.1 ]
[24-10-31 14:53:19] 130   -13706.94 [    20583.7    8443.9   60997.4    3338.8   49690.1 ]
[24-10-31 14:53:19] 131   -13706.94 [    20583.7    8440.1   60997.4    3338.8   49690.1 ]
[24-10-31 14:53:19] 132   -13706.94 [    20583.7    8447.6   60997.4    3338.8   49690.1 ]
[24-10-31 14:53:19] 133   -13706.94 [    20583.7    8443.9   60997.4    3338.8   49690.1 ]
[24-10-31 14:53:20] 134   -13706.97 [    20583.7    8443.9   60998.4    3338.8   49690.1 ]
[24-10-31 14:53:20] 135    -13706.9 [    20583.7    8443.9   60995.8    3338.8   49690.1 ]
[24-10-31 14:53:20] 136   -13702.38 [    20583.7    8443.9   60819.4    3338.8   49690.1 ]
[24-10-31 14:53:20] 137   -13653.42 [    20583.7    8443.9   56927.2    3338.8   49690.1 ]
[24-10-31 14:53:21] 138   -13778.13 [    20583.7    8443.9   50629.3    3338.8   49690.1 ]
[24-10-31 14:53:21] 139   -13671.47 [    20583.7    8443.9   54521.6    3338.8   49690.1 ]
[24-10-31 14:53:21] 140   -13660.68 [    20583.7    8443.9   58413.9    3338.8   49690.1 ]
[24-10-31 14:53:21] 141   -13653.42 [    20583.7    8443.9   56886.4    3338.8   49690.1 ]
[24-10-31 14:53:22] 142   -13653.43 [    20583.7    8443.9   56845.3    3338.8   49690.1 ]
[24-10-31 14:53:22] 143   -13653.42 [    20583.7    8443.9   56886.4    3338.8   49690.1 ]
[24-10-31 14:53:22] 144   -13653.29 [    20583.7    8443.9   56886.4    3339.8   49690.1 ]
[24-10-31 14:53:22] 145   -13653.08 [    20583.7    8443.9   56886.4    3341.4   49690.1 ]
[24-10-31 14:53:23] 146   -13645.58 [    20583.7    8443.9   56886.4    3451.4   49690.1 ]
[24-10-31 14:53:23] 147   -13658.77 [    20583.7    8443.9   56886.4    3629.5   49690.1 ]
[24-10-31 14:53:23] 148   -13647.21 [    20583.7    8443.9   56886.4    3519.5   49690.1 ]
[24-10-31 14:53:23] 149   -13646.89 [    20583.7    8443.9   56886.4    3409.4   49690.1 ]
[24-10-31 14:53:23] 150   -13645.53 [    20583.7    8443.9   56886.4    3461.5   49690.1 ]
[24-10-31 14:53:24] 151   -13645.53 [    20583.7    8443.9   56886.4    3460.3   49690.1 ]
[24-10-31 14:53:24] 152   -13645.53 [    20583.7    8443.9   56886.4    3459.0   49690.1 ]
[24-10-31 14:53:24] 153   -13645.53 [    20583.7    8443.9   56886.4    3460.3   49690.1 ]
[24-10-31 14:53:24] 154   -13645.52 [    20583.7    8443.9   56886.4    3460.3   49691.1 ]
[24-10-31 14:53:25] 155    -13645.5 [    20583.7    8443.9   56886.4    3460.3   49692.7 ]
[24-10-31 14:53:25] 156   -13643.36 [    20583.7    8443.9   56886.4    3460.3   49869.0 ]
[24-10-31 14:53:25] 163   -13644.18 [    20583.7    8443.9   56886.4    3460.3   49801.7 ]
[24-10-31 14:53:25] 164   -13643.77 [    20583.7    8443.9   56886.4    3460.3   49835.4 ]
[24-10-31 14:53:26] 165   -13642.64 [    20583.7    8443.9   56886.4    3460.3   49928.7 ]
[24-10-31 14:53:26] 166    -13642.2 [    20583.7    8443.9   56886.4    3460.3   49965.6 ]
[24-10-31 14:53:26] 167   -13641.93 [    20583.7    8443.9   56886.4    3460.3   49988.4 ]
[24-10-31 14:53:26] 169   -13642.03 [    20583.7    8443.9   56886.4    3460.3   49979.7 ]
[24-10-31 14:53:27] 170   -13641.86 [    20583.7    8443.9   56886.4    3460.3   49993.8 ]
[24-10-31 14:53:27] 171   -13641.82 [    20583.7    8443.9   56886.4    3460.3   49997.1 ]
[24-10-31 14:53:27] 173   -13641.82 [    20583.7    8443.9   56886.4    3460.3   49997.1 ]
[24-10-31 14:53:27] 174   -13641.84 [    20584.7    8443.9   56886.4    3460.3   49997.1 ]
[24-10-31 14:53:27] 175    -13641.8 [    20582.1    8443.9   56886.4    3460.3   49997.1 ]
[24-10-31 14:53:28] 176    -13639.2 [    20405.8    8443.9   56886.4    3460.3   49997.1 ]
[24-10-31 14:53:28] 177   -13627.25 [    17017.8    8443.9   56886.4    3460.3   49997.1 ]
[24-10-31 14:53:28] 178   -14046.49 [    11536.0    8443.9   56886.4    3460.3   49997.1 ]
[24-10-31 14:53:28] 179   -13685.35 [    14923.9    8443.9   56886.4    3460.3   49997.1 ]
[24-10-31 14:53:29] 180   -13621.19 [    18311.9    8443.9   56886.4    3460.3   49997.1 ]
[24-10-31 14:53:29] 181   -13621.14 [    18008.4    8443.9   56886.4    3460.3   49997.1 ]
[24-10-31 14:53:29] 182   -13621.07 [    18142.8    8443.9   56886.4    3460.3   49997.1 ]
[24-10-31 14:53:29] 183   -13621.07 [    18118.4    8443.9   56886.4    3460.3   49997.1 ]
[24-10-31 14:53:30] 184   -13621.07 [    18167.3    8443.9   56886.4    3460.3   49997.1 ]
[24-10-31 14:53:30] 185   -13621.07 [    18142.8    8443.9   56886.4    3460.3   49997.1 ]
[24-10-31 14:53:30] 186   -13621.01 [    18142.8    8444.9   56886.4    3460.3   49997.1 ]
[24-10-31 14:53:30] 187   -13620.92 [    18142.8    8446.5   56886.4    3460.3   49997.1 ]
[24-10-31 14:53:31] 188   -13615.62 [    18142.8    8622.8   56886.4    3460.3   49997.1 ]
[24-10-31 14:53:31] 189   -13615.58 [    18142.8    8634.4   56886.4    3460.3   49997.1 ]
[24-10-31 14:53:31] 190   -13615.61 [    18142.8    8653.1   56886.4    3460.3   49997.1 ]
[24-10-31 14:53:31] 191   -13615.58 [    18142.8    8641.6   56886.4    3460.3   49997.1 ]
[24-10-31 14:53:31] 192   -13615.59 [    18142.8    8646.0   56886.4    3460.3   49997.1 ]
[24-10-31 14:53:32] 193   -13615.58 [    18142.8    8638.8   56886.4    3460.3   49997.1 ]
[24-10-31 14:53:32] 194   -13615.58 [    18142.8    8636.8   56886.4    3460.3   49997.1 ]
[24-10-31 14:53:32] 195   -13615.58 [    18142.8    8638.8   56886.4    3460.3   49997.1 ]
[24-10-31 14:53:32] 196   -13615.59 [    18142.8    8638.8   56887.4    3460.3   49997.1 ]
[24-10-31 14:53:33] 197   -13615.57 [    18142.8    8638.8   56884.8    3460.3   49997.1 ]
[24-10-31 14:53:33] 198   -13614.54 [    18142.8    8638.8   56708.5    3460.3   49997.1 ]
[24-10-31 14:53:33] 199   -13612.27 [    18142.8    8638.8   55850.8    3460.3   49997.1 ]
[24-10-31 14:53:33] 200   -13618.18 [    18142.8    8638.8   54463.2    3460.3   49997.1 ]
[24-10-31 14:53:34] 201   -13613.13 [    18142.8    8638.8   55320.8    3460.3   49997.1 ]
[24-10-31 14:53:34] 202    -13612.6 [    18142.8    8638.8   56178.4    3460.3   49997.1 ]
[24-10-31 14:53:34] 203   -13612.27 [    18142.8    8638.8   55840.5    3460.3   49997.1 ]
[24-10-31 14:53:34] 204   -13612.27 [    18142.8    8638.8   55861.2    3460.3   49997.1 ]
[24-10-31 14:53:34] 205   -13612.27 [    18142.8    8638.8   55850.8    3460.3   49997.1 ]
[24-10-31 14:53:35] 206   -13612.33 [    18142.8    8638.8   55850.8    3461.3   49997.1 ]
[24-10-31 14:53:35] 207   -13612.17 [    18142.8    8638.8   55850.8    3458.6   49997.1 ]
[24-10-31 14:53:35] 208   -13610.37 [    18142.8    8638.8   55850.8    3396.3   49997.1 ]
[24-10-31 14:53:35] 209   -13616.21 [    18142.8    8638.8   55850.8    3295.5   49997.1 ]
[24-10-31 14:53:36] 210   -13611.27 [    18142.8    8638.8   55850.8    3357.8   49997.1 ]
[24-10-31 14:53:36] 211    -13610.6 [    18142.8    8638.8   55850.8    3420.1   49997.1 ]
[24-10-31 14:53:36] 212   -13610.37 [    18142.8    8638.8   55850.8    3399.2   49997.1 ]
[24-10-31 14:53:36] 213   -13610.37 [    18142.8    8638.8   55850.8    3398.6   49997.1 ]
[24-10-31 14:53:37] 214   -13610.37 [    18142.8    8638.8   55850.8    3399.8   49997.1 ]
[24-10-31 14:53:37] 215   -13610.37 [    18142.8    8638.8   55850.8    3399.2   49997.1 ]
[24-10-31 14:53:37] 216   -13610.36 [    18142.8    8638.8   55850.8    3399.2   49998.1 ]
[24-10-31 14:53:37] 217   -13610.34 [    18142.8    8638.8   55850.8    3399.2   49999.8 ]
[24-10-31 14:53:38] 224   -13610.35 [    18142.8    8638.8   55850.8    3399.2   49999.1 ]
[24-10-31 14:53:38] 225   -13610.34 [    18142.8    8638.8   55850.8    3399.2   49999.5 ]
[24-10-31 14:53:38] 227   -13610.34 [    18142.8    8638.8   55850.8    3399.2   50000.0 ]
[24-10-31 14:53:38] 229   -13610.34 [    18142.8    8638.8   55850.8    3399.2   49999.9 ]
[24-10-31 14:53:38] 231   -13610.34 [    18142.8    8638.8   55850.8    3399.2   49999.9 ]
[24-10-31 14:53:39] 233   -13610.34 [    18142.8    8638.8   55850.8    3399.2   50000.0 ]
[24-10-31 14:53:39] 234   -13610.34 [    18143.8    8638.8   55850.8    3399.2   50000.0 ]
[24-10-31 14:53:39] 235   -13610.34 [    18145.5    8638.8   55850.8    3399.2   50000.0 ]
[24-10-31 14:53:39] 236   -13610.18 [    18321.8    8638.8   55850.8    3399.2   50000.0 ]
[24-10-31 14:53:40] 237   -13610.18 [    18333.3    8638.8   55850.8    3399.2   50000.0 ]
[24-10-31 14:53:40] 238   -13610.18 [    18351.9    8638.8   55850.8    3399.2   50000.0 ]
[24-10-31 14:53:40] 239   -13610.18 [    18340.4    8638.8   55850.8    3399.2   50000.0 ]
[24-10-31 14:53:40] 240   -13610.18 [    18328.9    8638.8   55850.8    3399.2   50000.0 ]
[24-10-31 14:53:41] 241   -13610.18 [    18335.3    8638.8   55850.8    3399.2   50000.0 ]
[24-10-31 14:53:41] 242   -13610.18 [    18337.3    8638.8   55850.8    3399.2   50000.0 ]
[24-10-31 14:53:41] 243   -13610.18 [    18335.3    8638.8   55850.8    3399.2   50000.0 ]
[24-10-31 14:53:41] 244   -13610.14 [    18335.3    8639.8   55850.8    3399.2   50000.0 ]
[24-10-31 14:53:42] 245   -13610.07 [    18335.3    8641.4   55850.8    3399.2   50000.0 ]
[24-10-31 14:53:42] 246   -13607.02 [    18335.3    8783.5   55850.8    3399.2   50000.0 ]
[24-10-31 14:53:42] 247    -13613.4 [    18335.3    9013.4   55850.8    3399.2   50000.0 ]
[24-10-31 14:53:42] 248   -13607.89 [    18335.3    8871.3   55850.8    3399.2   50000.0 ]
[24-10-31 14:53:43] 249   -13607.52 [    18335.3    8729.2   55850.8    3399.2   50000.0 ]
[24-10-31 14:53:43] 250   -13607.02 [    18335.3    8790.6   55850.8    3399.2   50000.0 ]
[24-10-31 14:53:43] 251   -13607.02 [    18335.3    8789.1   55850.8    3399.2   50000.0 ]
[24-10-31 14:53:43] 252   -13607.02 [    18335.3    8792.2   55850.8    3399.2   50000.0 ]
[24-10-31 14:53:43] 253   -13607.02 [    18335.3    8790.6   55850.8    3399.2   50000.0 ]
[24-10-31 14:53:44] 254   -13607.02 [    18335.3    8790.6   55851.8    3399.2   50000.0 ]
[24-10-31 14:53:44] 255   -13607.01 [    18335.3    8790.6   55849.2    3399.2   50000.0 ]
[24-10-31 14:53:44] 256   -13606.02 [    18335.3    8790.6   55672.9    3399.2   50000.0 ]
[24-10-31 14:53:44] 257   -13603.92 [    18335.3    8790.6   54847.3    3399.2   50000.0 ]
[24-10-31 14:53:45] 258   -13609.38 [    18335.3    8790.6   53511.4    3399.2   50000.0 ]
[24-10-31 14:53:45] 259   -13604.72 [    18335.3    8790.6   54337.0    3399.2   50000.0 ]
[24-10-31 14:53:45] 260   -13604.23 [    18335.3    8790.6   55162.6    3399.2   50000.0 ]
[24-10-31 14:53:45] 261   -13603.92 [    18335.3    8790.6   54837.2    3399.2   50000.0 ]
[24-10-31 14:53:46] 262   -13603.92 [    18335.3    8790.6   54857.3    3399.2   50000.0 ]
[24-10-31 14:53:46] 263   -13603.92 [    18335.3    8790.6   54847.3    3399.2   50000.0 ]
[24-10-31 14:53:46] 264   -13603.99 [    18335.3    8790.6   54847.3    3400.2   50000.0 ]
[24-10-31 14:53:46] 265   -13603.82 [    18335.3    8790.6   54847.3    3397.5   50000.0 ]
[24-10-31 14:53:46] 266   -13601.83 [    18335.3    8790.6   54847.3    3333.0   50000.0 ]
[24-10-31 14:53:47] 267   -13608.36 [    18335.3    8790.6   54847.3    3228.7   50000.0 ]
[24-10-31 14:53:47] 268   -13602.83 [    18335.3    8790.6   54847.3    3293.2   50000.0 ]
[24-10-31 14:53:47] 269   -13602.08 [    18335.3    8790.6   54847.3    3357.7   50000.0 ]
[24-10-31 14:53:47] 270   -13601.82 [    18335.3    8790.6   54847.3    3336.1   50000.0 ]
[24-10-31 14:53:48] 271   -13601.82 [    18335.3    8790.6   54847.3    3335.5   50000.0 ]
[24-10-31 14:53:48] 272   -13601.82 [    18335.3    8790.6   54847.3    3336.8   50000.0 ]
[24-10-31 14:53:48] 273   -13601.82 [    18335.3    8790.6   54847.3    3336.1   50000.0 ]
[24-10-31 14:53:48] 275   -13601.84 [    18335.3    8790.6   54847.3    3336.1   49998.4 ]
[24-10-31 14:53:49] 276   -13601.83 [    18335.3    8790.6   54847.3    3336.1   49999.4 ]
[24-10-31 14:53:49] 278   -13601.83 [    18335.3    8790.6   54847.3    3336.1   49999.7 ]
[24-10-31 14:53:49] 280   -13601.83 [    18335.3    8790.6   54847.3    3336.1   49999.9 ]
[24-10-31 14:53:49] 282   -13601.82 [    18335.3    8790.6   54847.3    3336.1   49999.9 ]
[24-10-31 14:53:50] 283   -13601.82 [    18335.3    8790.6   54847.3    3336.1   50000.0 ]
[24-10-31 14:53:50] 285   -13601.82 [    18335.3    8790.6   54847.3    3336.1   50000.0 ]
[24-10-31 14:53:50] 287   -13601.82 [    18335.3    8790.6   54847.3    3336.1   50000.0 ]
[24-10-31 14:53:50] 288   -13601.82 [    18335.3    8790.6   54847.3    3336.1   50000.0 ]
[24-10-31 14:53:50] 289   -13601.82 [    18335.3    8790.6   54847.3    3336.1   50000.0 ]
[24-10-31 14:53:51] 291   -13601.82 [    18335.3    8790.6   54847.3    3336.1   50000.0 ]
[24-10-31 14:53:51] 294   -13601.82 [    18335.3    8790.6   54847.3    3336.1   50000.0 ]
[24-10-31 14:53:51] 295   -13601.82 [    18336.3    8790.6   54847.3    3336.1   50000.0 ]
[24-10-31 14:53:51] 296   -13601.82 [    18338.0    8790.6   54847.3    3336.1   50000.0 ]
[24-10-31 14:53:52] 297   -13601.78 [    18430.9    8790.6   54847.3    3336.1   50000.0 ]
[24-10-31 14:53:52] 298   -13601.88 [    18581.2    8790.6   54847.3    3336.1   50000.0 ]
[24-10-31 14:53:52] 299    -13601.8 [    18488.3    8790.6   54847.3    3336.1   50000.0 ]
[24-10-31 14:53:52] 300   -13601.79 [    18395.4    8790.6   54847.3    3336.1   50000.0 ]
[24-10-31 14:53:53] 301   -13601.78 [    18432.3    8790.6   54847.3    3336.1   50000.0 ]
[24-10-31 14:53:53] 302   -13601.78 [    18433.3    8790.6   54847.3    3336.1   50000.0 ]
[24-10-31 14:53:53] 303   -13601.78 [    18432.3    8790.6   54847.3    3336.1   50000.0 ]
[24-10-31 14:53:53] 304   -13601.75 [    18432.3    8791.6   54847.3    3336.1   50000.0 ]
[24-10-31 14:53:53] 305   -13601.69 [    18432.3    8793.3   54847.3    3336.1   50000.0 ]
[24-10-31 14:53:54] 306   -13599.12 [    18432.3    8926.4   54847.3    3336.1   50000.0 ]
[24-10-31 14:53:54] 307   -13604.59 [    18432.3    9141.7   54847.3    3336.1   50000.0 ]
[24-10-31 14:53:54] 308   -13599.87 [    18432.3    9008.6   54847.3    3336.1   50000.0 ]
[24-10-31 14:53:54] 309   -13599.54 [    18432.3    8875.5   54847.3    3336.1   50000.0 ]
[24-10-31 14:53:55] 310   -13599.12 [    18432.3    8932.5   54847.3    3336.1   50000.0 ]
[24-10-31 14:53:55] 311   -13599.12 [    18432.3    8931.1   54847.3    3336.1   50000.0 ]
[24-10-31 14:53:55] 312   -13599.12 [    18432.3    8933.9   54847.3    3336.1   50000.0 ]
[24-10-31 14:53:55] 313   -13599.12 [    18432.3    8932.5   54847.3    3336.1   50000.0 ]
[24-10-31 14:53:56] 314   -13599.12 [    18432.3    8932.5   54848.3    3336.1   50000.0 ]
[24-10-31 14:53:56] 315   -13599.11 [    18432.3    8932.5   54845.6    3336.1   50000.0 ]
[24-10-31 14:53:56] 316   -13598.11 [    18432.3    8932.5   54669.3    3336.1   50000.0 ]
[24-10-31 14:53:56] 317   -13595.99 [    18432.3    8932.5   53838.4    3336.1   50000.0 ]
[24-10-31 14:53:56] 318   -13601.53 [    18432.3    8932.5   52493.9    3336.1   50000.0 ]
[24-10-31 14:53:57] 319    -13596.8 [    18432.3    8932.5   53324.8    3336.1   50000.0 ]
[24-10-31 14:53:57] 320    -13596.3 [    18432.3    8932.5   54155.7    3336.1   50000.0 ]
[24-10-31 14:53:57] 321   -13595.99 [    18432.3    8932.5   53828.3    3336.1   50000.0 ]
[24-10-31 14:53:57] 322   -13595.99 [    18432.3    8932.5   53848.5    3336.1   50000.0 ]
[24-10-31 14:53:58] 323   -13595.99 [    18432.3    8932.5   53838.4    3336.1   50000.0 ]
[24-10-31 14:53:58] 324   -13596.06 [    18432.3    8932.5   53838.4    3337.1   50000.0 ]
[24-10-31 14:53:58] 325   -13595.89 [    18432.3    8932.5   53838.4    3334.5   50000.0 ]
[24-10-31 14:53:58] 326   -13593.92 [    18432.3    8932.5   53838.4    3271.6   50000.0 ]
[24-10-31 14:53:58] 327   -13600.37 [    18432.3    8932.5   53838.4    3169.8   50000.0 ]
[24-10-31 14:53:59] 328   -13594.91 [    18432.3    8932.5   53838.4    3232.7   50000.0 ]
[24-10-31 14:53:59] 329   -13594.17 [    18432.3    8932.5   53838.4    3295.6   50000.0 ]
[24-10-31 14:53:59] 330   -13593.92 [    18432.3    8932.5   53838.4    3274.6   50000.0 ]
[24-10-31 14:53:59] 331   -13593.92 [    18432.3    8932.5   53838.4    3274.0   50000.0 ]
[24-10-31 14:53:59] 332   -13593.92 [    18432.3    8932.5   53838.4    3275.2   50000.0 ]
[24-10-31 14:54:00] 333   -13593.92 [    18432.3    8932.5   53838.4    3274.6   50000.0 ]
[24-10-31 14:54:00] 335   -13593.93 [    18432.3    8932.5   53838.4    3274.6   49998.4 ]
[24-10-31 14:54:00] 336   -13593.92 [    18432.3    8932.5   53838.4    3274.6   49999.4 ]
[24-10-31 14:54:00] 338   -13593.92 [    18432.3    8932.5   53838.4    3274.6   49999.7 ]
[24-10-31 14:54:00] 340   -13593.92 [    18432.3    8932.5   53838.4    3274.6   49999.9 ]
[24-10-31 14:54:00] 342   -13593.92 [    18432.3    8932.5   53838.4    3274.6   50000.0 ]
[24-10-31 14:54:01] 344   -13593.92 [    18432.3    8932.5   53838.4    3274.6   50000.0 ]
[24-10-31 14:54:01] 346   -13593.92 [    18432.3    8932.5   53838.4    3274.6   50000.0 ]
[24-10-31 14:54:01] 348   -13593.92 [    18432.3    8932.5   53838.4    3274.6   50000.0 ]
[24-10-31 14:54:01] 350   -13593.92 [    18432.3    8932.5   53838.4    3274.6   50000.0 ]
[24-10-31 14:54:01] 352   -13593.92 [    18432.3    8932.5   53838.4    3274.6   50000.0 ]
[24-10-31 14:54:02] 354   -13593.92 [    18432.3    8932.5   53838.4    3274.6   50000.0 ]
[24-10-31 14:54:02] 356   -13593.92 [    18432.3    8932.5   53838.4    3274.6   50000.0 ]
[24-10-31 14:54:02] 357   -13593.92 [    18432.3    8932.5   53838.4    3274.6   50000.0 ]
[24-10-31 14:54:02] 358   -13593.92 [    18432.3    8932.5   53838.4    3274.6   50000.0 ]
[24-10-31 14:54:02] 359   -13593.92 [    18432.3    8932.5   53838.4    3274.6   50000.0 ]
[24-10-31 14:54:03] 361   -13593.92 [    18432.3    8932.5   53838.4    3274.6   50000.0 ]
[24-10-31 14:54:03] 363   -13593.92 [    18432.3    8932.5   53838.4    3274.6   50000.0 ]
[24-10-31 14:54:03] 364   -13593.92 [    18432.3    8932.5   53838.4    3274.6   50000.0 ]
[24-10-31 14:54:03] 365   -13593.92 [    18432.3    8932.5   53838.4    3274.6   50000.0 ]
[24-10-31 14:54:03] 367   -13593.92 [    18432.3    8932.5   53838.4    3274.6   50000.0 ]
[24-10-31 14:54:04] 368   -13593.92 [    18433.3    8932.5   53838.4    3274.6   50000.0 ]
[24-10-31 14:54:04] 369   -13593.92 [    18434.9    8932.5   53838.4    3274.6   50000.0 ]
[24-10-31 14:54:04] 370    -13593.9 [    18501.1    8932.5   53838.4    3274.6   50000.0 ]
[24-10-31 14:54:04] 371   -13593.94 [    18608.2    8932.5   53838.4    3274.6   50000.0 ]
[24-10-31 14:54:04] 372    -13593.9 [    18542.0    8932.5   53838.4    3274.6   50000.0 ]
[24-10-31 14:54:05] 373    -13593.9 [    18475.8    8932.5   53838.4    3274.6   50000.0 ]
[24-10-31 14:54:05] 374    -13593.9 [    18501.8    8932.5   53838.4    3274.6   50000.0 ]
[24-10-31 14:54:05] 375    -13593.9 [    18502.5    8932.5   53838.4    3274.6   50000.0 ]
[24-10-31 14:54:05] 376    -13593.9 [    18501.8    8932.5   53838.4    3274.6   50000.0 ]
[24-10-31 14:54:05] 377   -13593.86 [    18501.8    8933.5   53838.4    3274.6   50000.0 ]
[24-10-31 14:54:05] 378    -13593.8 [    18501.8    8935.1   53838.4    3274.6   50000.0 ]
[24-10-31 14:54:06] 379    -13591.4 [    18501.8    9066.1   53838.4    3274.6   50000.0 ]
[24-10-31 14:54:06] 380   -13596.55 [    18501.8    9278.1   53838.4    3274.6   50000.0 ]
[24-10-31 14:54:06] 381   -13592.11 [    18501.8    9147.1   53838.4    3274.6   50000.0 ]
[24-10-31 14:54:06] 382   -13591.79 [    18501.8    9016.1   53838.4    3274.6   50000.0 ]
[24-10-31 14:54:06] 383    -13591.4 [    18501.8    9072.0   53838.4    3274.6   50000.0 ]
[24-10-31 14:54:07] 384    -13591.4 [    18501.8    9070.6   53838.4    3274.6   50000.0 ]
[24-10-31 14:54:07] 385    -13591.4 [    18501.8    9073.4   53838.4    3274.6   50000.0 ]
[24-10-31 14:54:07] 386    -13591.4 [    18501.8    9072.0   53838.4    3274.6   50000.0 ]
[24-10-31 14:54:07] 387    -13591.4 [    18501.8    9072.0   53839.4    3274.6   50000.0 ]
[24-10-31 14:54:07] 388   -13591.39 [    18501.8    9072.0   53836.8    3274.6   50000.0 ]
[24-10-31 14:54:08] 389    -13590.4 [    18501.8    9072.0   53660.4    3274.6   50000.0 ]
[24-10-31 14:54:08] 390   -13588.34 [    18501.8    9072.0   52841.3    3274.6   50000.0 ]
[24-10-31 14:54:08] 391   -13593.74 [    18501.8    9072.0   51516.0    3274.6   50000.0 ]
[24-10-31 14:54:08] 392   -13589.13 [    18501.8    9072.0   52335.1    3274.6   50000.0 ]
[24-10-31 14:54:09] 393   -13588.64 [    18501.8    9072.0   53154.2    3274.6   50000.0 ]
[24-10-31 14:54:09] 394   -13588.34 [    18501.8    9072.0   52831.3    3274.6   50000.0 ]
[24-10-31 14:54:09] 395   -13588.34 [    18501.8    9072.0   52851.3    3274.6   50000.0 ]
[24-10-31 14:54:09] 396   -13588.34 [    18501.8    9072.0   52841.3    3274.6   50000.0 ]
[24-10-31 14:54:10] 397   -13588.41 [    18501.8    9072.0   52841.3    3275.6   50000.0 ]
[24-10-31 14:54:10] 398   -13588.23 [    18501.8    9072.0   52841.3    3273.0   50000.0 ]
[24-10-31 14:54:10] 399   -13586.26 [    18501.8    9072.0   52841.3    3211.0   50000.0 ]
[24-10-31 14:54:10] 400   -13592.75 [    18501.8    9072.0   52841.3    3110.6   50000.0 ]
[24-10-31 14:54:11] 401   -13587.25 [    18501.8    9072.0   52841.3    3172.6   50000.0 ]
[24-10-31 14:54:11] 402    -13586.5 [    18501.8    9072.0   52841.3    3234.6   50000.0 ]
[24-10-31 14:54:11] 403   -13586.25 [    18501.8    9072.0   52841.3    3213.9   50000.0 ]
[24-10-31 14:54:11] 404   -13586.25 [    18501.8    9072.0   52841.3    3213.3   50000.0 ]
[24-10-31 14:54:11] 405   -13586.25 [    18501.8    9072.0   52841.3    3214.5   50000.0 ]
[24-10-31 14:54:12] 406   -13586.25 [    18501.8    9072.0   52841.3    3213.9   50000.0 ]
[24-10-31 14:54:12] 408   -13586.27 [    18501.8    9072.0   52841.3    3213.9   49998.4 ]
[24-10-31 14:54:12] 409   -13586.26 [    18501.8    9072.0   52841.3    3213.9   49999.4 ]
[24-10-31 14:54:12] 411   -13586.25 [    18501.8    9072.0   52841.3    3213.9   49999.7 ]
[24-10-31 14:54:13] 413   -13586.25 [    18501.8    9072.0   52841.3    3213.9   49999.9 ]
[24-10-31 14:54:13] 415   -13586.25 [    18501.8    9072.0   52841.3    3213.9   50000.0 ]
[24-10-31 14:54:13] 417   -13586.25 [    18501.8    9072.0   52841.3    3213.9   50000.0 ]
[24-10-31 14:54:13] 419   -13586.25 [    18501.8    9072.0   52841.3    3213.9   50000.0 ]
[24-10-31 14:54:14] 421   -13586.25 [    18501.8    9072.0   52841.3    3213.9   50000.0 ]
[24-10-31 14:54:14] 423   -13586.25 [    18501.8    9072.0   52841.3    3213.9   50000.0 ]
[24-10-31 14:54:14] 425   -13586.25 [    18501.8    9072.0   52841.3    3213.9   50000.0 ]
[24-10-31 14:54:14] 427   -13586.25 [    18501.8    9072.0   52841.3    3213.9   50000.0 ]
[24-10-31 14:54:15] 429   -13586.25 [    18501.8    9072.0   52841.3    3213.9   50000.0 ]
[24-10-31 14:54:15] 431   -13586.25 [    18501.8    9072.0   52841.3    3213.9   50000.0 ]
[24-10-31 14:54:15] 433   -13586.25 [    18501.8    9072.0   52841.3    3213.9   50000.0 ]
[24-10-31 14:54:15] 435   -13586.25 [    18501.8    9072.0   52841.3    3213.9   50000.0 ]
[24-10-31 14:54:15] 437   -13586.25 [    18501.8    9072.0   52841.3    3213.9   50000.0 ]
[24-10-31 14:54:16] 438   -13586.25 [    18501.8    9072.0   52841.3    3213.9   50000.0 ]
[24-10-31 14:54:16] 440   -13586.25 [    18501.8    9072.0   52841.3    3213.9   50000.0 ]
[24-10-31 14:54:16] 441   -13586.25 [    18501.8    9072.0   52841.3    3213.9   50000.0 ]
[24-10-31 14:54:16] 443   -13586.25 [    18501.8    9072.0   52841.3    3213.9   50000.0 ]
[24-10-31 14:54:17] 444   -13586.25 [    18501.8    9072.0   52841.3    3213.9   50000.0 ]
[24-10-31 14:54:17] 445   -13586.25 [    18501.8    9072.0   52841.3    3213.9   50000.0 ]
[24-10-31 14:54:17] 446   -13586.25 [    18501.8    9072.0   52841.3    3213.9   50000.0 ]
[24-10-31 14:54:17] 447   -13586.25 [    18501.8    9072.0   52841.3    3213.9   50000.0 ]
[24-10-31 14:54:18] 449   -13586.25 [    18501.8    9072.0   52841.3    3213.9   50000.0 ]
[24-10-31 14:54:18] 450   -13586.25 [    18502.8    9072.0   52841.3    3213.9   50000.0 ]
[24-10-31 14:54:18] 451   -13586.25 [    18504.5    9072.0   52841.3    3213.9   50000.0 ]
[24-10-31 14:54:18] 452   -13586.23 [    18568.1    9072.0   52841.3    3213.9   50000.0 ]
[24-10-31 14:54:19] 453   -13586.27 [    18671.2    9072.0   52841.3    3213.9   50000.0 ]
[24-10-31 14:54:19] 454   -13586.24 [    18607.5    9072.0   52841.3    3213.9   50000.0 ]
[24-10-31 14:54:19] 455   -13586.24 [    18543.8    9072.0   52841.3    3213.9   50000.0 ]
[24-10-31 14:54:19] 456   -13586.23 [    18568.8    9072.0   52841.3    3213.9   50000.0 ]
[24-10-31 14:54:19] 457   -13586.23 [    18569.5    9072.0   52841.3    3213.9   50000.0 ]
[24-10-31 14:54:20] 458   -13586.23 [    18568.8    9072.0   52841.3    3213.9   50000.0 ]
[24-10-31 14:54:20] 459    -13586.2 [    18568.8    9073.0   52841.3    3213.9   50000.0 ]
[24-10-31 14:54:20] 460   -13586.14 [    18568.8    9074.6   52841.3    3213.9   50000.0 ]
[24-10-31 14:54:20] 461   -13583.88 [    18568.8    9203.9   52841.3    3213.9   50000.0 ]
[24-10-31 14:54:21] 462   -13588.77 [    18568.8    9413.2   52841.3    3213.9   50000.0 ]
[24-10-31 14:54:21] 463   -13584.55 [    18568.8    9283.8   52841.3    3213.9   50000.0 ]
[24-10-31 14:54:21] 464   -13584.24 [    18568.8    9154.5   52841.3    3213.9   50000.0 ]
[24-10-31 14:54:21] 465   -13583.87 [    18568.8    9209.5   52841.3    3213.9   50000.0 ]
[24-10-31 14:54:22] 466   -13583.87 [    18568.8    9208.1   52841.3    3213.9   50000.0 ]
[24-10-31 14:54:22] 467   -13583.87 [    18568.8    9210.9   52841.3    3213.9   50000.0 ]
[24-10-31 14:54:22] 468   -13583.87 [    18568.8    9209.5   52841.3    3213.9   50000.0 ]
[24-10-31 14:54:22] 469   -13583.88 [    18568.8    9209.5   52842.3    3213.9   50000.0 ]
[24-10-31 14:54:23] 470   -13583.86 [    18568.8    9209.5   52839.7    3213.9   50000.0 ]
[24-10-31 14:54:23] 471   -13582.89 [    18568.8    9209.5   52663.3    3213.9   50000.0 ]
[24-10-31 14:54:23] 472   -13580.91 [    18568.8    9209.5   51860.1    3213.9   50000.0 ]
[24-10-31 14:54:23] 473   -13586.12 [    18568.8    9209.5   50560.5    3213.9   50000.0 ]
[24-10-31 14:54:23] 474   -13581.67 [    18568.8    9209.5   51363.7    3213.9   50000.0 ]
[24-10-31 14:54:24] 475    -13581.2 [    18568.8    9209.5   52166.9    3213.9   50000.0 ]
[24-10-31 14:54:24] 476   -13580.91 [    18568.8    9209.5   51869.9    3213.9   50000.0 ]
[24-10-31 14:54:24] 477   -13580.91 [    18568.8    9209.5   51850.3    3213.9   50000.0 ]
[24-10-31 14:54:24] 478   -13580.91 [    18568.8    9209.5   51860.1    3213.9   50000.0 ]
[24-10-31 14:54:25] 479   -13580.97 [    18568.8    9209.5   51860.1    3214.9   50000.0 ]
[24-10-31 14:54:25] 480   -13580.79 [    18568.8    9209.5   51860.1    3212.3   50000.0 ]
[24-10-31 14:54:25] 481    -13578.8 [    18568.8    9209.5   51860.1    3151.2   50000.0 ]
[24-10-31 14:54:25] 482   -13585.35 [    18568.8    9209.5   51860.1    3052.4   50000.0 ]
[24-10-31 14:54:26] 483   -13579.81 [    18568.8    9209.5   51860.1    3113.5   50000.0 ]
[24-10-31 14:54:26] 484   -13579.05 [    18568.8    9209.5   51860.1    3174.5   50000.0 ]
[24-10-31 14:54:26] 485    -13578.8 [    18568.8    9209.5   51860.1    3154.1   50000.0 ]
[24-10-31 14:54:26] 486    -13578.8 [    18568.8    9209.5   51860.1    3153.5   50000.0 ]
[24-10-31 14:54:27] 487    -13578.8 [    18568.8    9209.5   51860.1    3154.7   50000.0 ]
[24-10-31 14:54:27] 488    -13578.8 [    18568.8    9209.5   51860.1    3154.1   50000.0 ]
[24-10-31 14:54:27] 490   -13578.81 [    18568.8    9209.5   51860.1    3154.1   49998.4 ]
[24-10-31 14:54:27] 491    -13578.8 [    18568.8    9209.5   51860.1    3154.1   49999.4 ]
[24-10-31 14:54:27] 493    -13578.8 [    18568.8    9209.5   51860.1    3154.1   49999.7 ]
[24-10-31 14:54:28] 495    -13578.8 [    18568.8    9209.5   51860.1    3154.1   49999.9 ]
[24-10-31 14:54:28] 497    -13578.8 [    18568.8    9209.5   51860.1    3154.1   50000.0 ]
[24-10-31 14:54:28] 499    -13578.8 [    18568.8    9209.5   51860.1    3154.1   50000.0 ]
[24-10-31 14:54:28] 501    -13578.8 [    18568.8    9209.5   51860.1    3154.1   50000.0 ]
[24-10-31 14:54:29] 503    -13578.8 [    18568.8    9209.5   51860.1    3154.1   50000.0 ]
[24-10-31 14:54:29] 505    -13578.8 [    18568.8    9209.5   51860.1    3154.1   50000.0 ]
[24-10-31 14:54:29] 507    -13578.8 [    18568.8    9209.5   51860.1    3154.1   50000.0 ]
[24-10-31 14:54:29] 509    -13578.8 [    18568.8    9209.5   51860.1    3154.1   50000.0 ]
[24-10-31 14:54:30] 511    -13578.8 [    18568.8    9209.5   51860.1    3154.1   50000.0 ]
[24-10-31 14:54:30] 513    -13578.8 [    18568.8    9209.5   51860.1    3154.1   50000.0 ]
[24-10-31 14:54:30] 515    -13578.8 [    18568.8    9209.5   51860.1    3154.1   50000.0 ]
[24-10-31 14:54:30] 517    -13578.8 [    18568.8    9209.5   51860.1    3154.1   50000.0 ]
[24-10-31 14:54:31] 519    -13578.8 [    18568.8    9209.5   51860.1    3154.1   50000.0 ]
[24-10-31 14:54:31] 521    -13578.8 [    18568.8    9209.5   51860.1    3154.1   50000.0 ]
[24-10-31 14:54:31] 523    -13578.8 [    18568.8    9209.5   51860.1    3154.1   50000.0 ]
[24-10-31 14:54:31] 525    -13578.8 [    18568.8    9209.5   51860.1    3154.1   50000.0 ]
[24-10-31 14:54:32] 527    -13578.8 [    18568.8    9209.5   51860.1    3154.1   50000.0 ]
[24-10-31 14:54:32] 529    -13578.8 [    18568.8    9209.5   51860.1    3154.1   50000.0 ]
[24-10-31 14:54:32] 530    -13578.8 [    18568.8    9209.5   51860.1    3154.1   50000.0 ]
[24-10-31 14:54:32] 533    -13578.8 [    18568.8    9209.5   51860.1    3154.1   50000.0 ]
[24-10-31 14:54:32] 534    -13578.8 [    18568.8    9209.5   51860.1    3154.1   50000.0 ]
[24-10-31 14:54:33] 535    -13578.8 [    18568.8    9209.5   51860.1    3154.1   50000.0 ]
[24-10-31 14:54:33] 536    -13578.8 [    18568.8    9209.5   51860.1    3154.1   50000.0 ]
[24-10-31 14:54:33] 537    -13578.8 [    18568.8    9209.5   51860.1    3154.1   50000.0 ]
[24-10-31 14:54:33] 538    -13578.8 [    18568.8    9209.5   51860.1    3154.1   50000.0 ]
[24-10-31 14:54:34] 539    -13578.8 [    18568.8    9209.5   51860.1    3154.1   50000.0 ]
[24-10-31 14:54:34] 540    -13578.8 [    18568.8    9209.5   51860.1    3154.1   50000.0 ]
[24-10-31 14:54:34] 541    -13578.8 [    18568.8    9209.5   51860.1    3154.1   50000.0 ]
[24-10-31 14:54:34] 542    -13578.8 [    18568.8    9209.5   51860.1    3154.1   50000.0 ]
[24-10-31 14:54:35] 543    -13578.8 [    18568.8    9209.5   51860.1    3154.1   50000.0 ]
[24-10-31 14:54:35] 544    -13578.8 [    18568.8    9209.5   51860.1    3154.1   50000.0 ]
[24-10-31 14:54:35] 545   -13571.45 [    18635.8    9347.1   50878.9    3094.4   50000.0 ]
[24-10-31 14:54:35] 546    -13578.8 [    18568.8    9209.5   51860.1    3154.1   50000.0 ]
[24-10-31 14:54:36] 547   -13571.45 [    18635.8    9347.1   50878.9    3094.4   50000.0 ]
[24-10-31 14:54:36] 548   -13559.77 [    18744.1    9569.6   49291.3    2997.6   50000.0 ]
[24-10-31 14:54:36] 552   -13533.04 [    19002.6   10100.5   45504.1    2766.9   50000.0 ]
[24-10-31 14:54:36] 553    -13546.2 [    18873.4    9835.0   47397.7    2882.3   50000.0 ]
[24-10-31 14:54:36] 554   -13517.35 [    19162.4   10428.6   43163.6    2624.3   50000.0 ]
[24-10-31 14:54:37] 555   -13507.99 [    19261.1   10631.4   41717.0    2536.2   50000.0 ]
[24-10-31 14:54:37] 556   -13502.33 [    19322.1   10756.7   40823.0    2481.7   50000.0 ]
[24-10-31 14:54:37] 557   -13498.89 [    19359.8   10834.1   40270.4    2448.1   50000.0 ]
[24-10-31 14:54:37] 559    -13500.2 [    19345.4   10804.5   40481.5    2460.9   50000.0 ]
[24-10-31 14:54:38] 560   -13498.09 [    19368.7   10852.4   40140.0    2440.1   50000.0 ]
[24-10-31 14:54:38] 561   -13498.09 [    19368.7   10852.4   40140.0    2440.1   50000.0 ]
[24-10-31 14:54:38] 562   -13498.08 [    19369.7   10852.4   40140.0    2440.1   50000.0 ]
[24-10-31 14:54:38] 563   -13498.08 [    19371.3   10852.4   40140.0    2440.1   50000.0 ]
[24-10-31 14:54:39] 564   -13498.06 [    19447.5   10852.4   40140.0    2440.1   50000.0 ]
[24-10-31 14:54:39] 565   -13498.11 [    19570.6   10852.4   40140.0    2440.1   50000.0 ]
[24-10-31 14:54:39] 566   -13498.07 [    19494.5   10852.4   40140.0    2440.1   50000.0 ]
[24-10-31 14:54:39] 567   -13498.07 [    19418.4   10852.4   40140.0    2440.1   50000.0 ]
[24-10-31 14:54:40] 568   -13498.06 [    19448.4   10852.4   40140.0    2440.1   50000.0 ]
[24-10-31 14:54:40] 569   -13498.06 [    19449.2   10852.4   40140.0    2440.1   50000.0 ]
[24-10-31 14:54:40] 570   -13498.06 [    19448.4   10852.4   40140.0    2440.1   50000.0 ]
[24-10-31 14:54:40] 571   -13498.05 [    19448.4   10853.4   40140.0    2440.1   50000.0 ]
[24-10-31 14:54:40] 572   -13498.02 [    19448.4   10855.0   40140.0    2440.1   50000.0 ]
[24-10-31 14:54:41] 573   -13497.11 [    19448.4   10953.6   40140.0    2440.1   50000.0 ]
[24-10-31 14:54:41] 574   -13499.21 [    19448.4   11113.1   40140.0    2440.1   50000.0 ]
[24-10-31 14:54:41] 575    -13497.4 [    19448.4   11014.5   40140.0    2440.1   50000.0 ]
[24-10-31 14:54:41] 576   -13497.25 [    19448.4   10915.9   40140.0    2440.1   50000.0 ]
[24-10-31 14:54:42] 577   -13497.11 [    19448.4   10956.3   40140.0    2440.1   50000.0 ]
[24-10-31 14:54:42] 578   -13497.11 [    19448.4   10955.3   40140.0    2440.1   50000.0 ]
[24-10-31 14:54:42] 579   -13497.11 [    19448.4   10957.3   40140.0    2440.1   50000.0 ]
[24-10-31 14:54:42] 580   -13497.11 [    19448.4   10956.3   40140.0    2440.1   50000.0 ]
[24-10-31 14:54:43] 582   -13497.12 [    19448.4   10956.3   40140.0    2440.1   49998.4 ]
[24-10-31 14:54:43] 583   -13497.11 [    19448.4   10956.3   40140.0    2440.1   49999.4 ]
[24-10-31 14:54:43] 585   -13497.11 [    19448.4   10956.3   40140.0    2440.1   49999.7 ]
[24-10-31 14:54:43] 587   -13497.11 [    19448.4   10956.3   40140.0    2440.1   49999.9 ]
[24-10-31 14:54:44] 589   -13497.11 [    19448.4   10956.3   40140.0    2440.1   50000.0 ]
[24-10-31 14:54:44] 591   -13497.11 [    19448.4   10956.3   40140.0    2440.1   50000.0 ]
[24-10-31 14:54:44] 593   -13497.11 [    19448.4   10956.3   40140.0    2440.1   50000.0 ]
[24-10-31 14:54:44] 595   -13497.11 [    19448.4   10956.3   40140.0    2440.1   50000.0 ]
[24-10-31 14:54:44] 597   -13497.11 [    19448.4   10956.3   40140.0    2440.1   50000.0 ]
[24-10-31 14:54:45] 599   -13497.11 [    19448.4   10956.3   40140.0    2440.1   50000.0 ]
[24-10-31 14:54:45] 601   -13497.11 [    19448.4   10956.3   40140.0    2440.1   50000.0 ]
[24-10-31 14:54:45] 603   -13497.11 [    19448.4   10956.3   40140.0    2440.1   50000.0 ]
[24-10-31 14:54:45] 605   -13497.11 [    19448.4   10956.3   40140.0    2440.1   50000.0 ]
[24-10-31 14:54:46] 607   -13497.11 [    19448.4   10956.3   40140.0    2440.1   50000.0 ]
[24-10-31 14:54:46] 609   -13497.11 [    19448.4   10956.3   40140.0    2440.1   50000.0 ]
[24-10-31 14:54:46] 611   -13497.11 [    19448.4   10956.3   40140.0    2440.1   50000.0 ]
[24-10-31 14:54:46] 613   -13497.11 [    19448.4   10956.3   40140.0    2440.1   50000.0 ]
[24-10-31 14:54:47] 615   -13497.11 [    19448.4   10956.3   40140.0    2440.1   50000.0 ]
[24-10-31 14:54:47] 617   -13497.11 [    19448.4   10956.3   40140.0    2440.1   50000.0 ]
[24-10-31 14:54:47] 619   -13497.11 [    19448.4   10956.3   40140.0    2440.1   50000.0 ]
[24-10-31 14:54:47] 620   -13497.11 [    19448.4   10956.3   40140.0    2440.1   50000.0 ]
[24-10-31 14:54:47] 622   -13497.11 [    19448.4   10956.3   40140.0    2440.1   50000.0 ]
[24-10-31 14:54:48] 624   -13497.11 [    19448.4   10956.3   40140.0    2440.1   50000.0 ]
[24-10-31 14:54:48] 625   -13497.11 [    19448.4   10956.3   40140.0    2440.1   50000.0 ]
[24-10-31 14:54:48] 626   -13497.11 [    19448.4   10956.3   40140.0    2440.1   50000.0 ]
[24-10-31 14:54:48] 627   -13497.11 [    19448.4   10956.3   40140.0    2440.1   50000.0 ]
[24-10-31 14:54:49] 628   -13497.11 [    19448.4   10956.3   40140.0    2440.1   50000.0 ]
[24-10-31 14:54:49] 629   -13497.11 [    19448.4   10956.3   40140.0    2440.1   50000.0 ]
[24-10-31 14:54:49] 630   -13497.11 [    19448.4   10956.3   40140.0    2440.1   50000.0 ]
[24-10-31 14:54:49] 631   -13497.11 [    19448.4   10956.3   40140.0    2440.1   50000.0 ]
[24-10-31 14:54:50] 632   -13497.11 [    19448.4   10956.3   40140.0    2440.1   50000.0 ]
[24-10-31 14:54:50] 633   -13497.13 [    19448.4   10956.3   40140.0    2441.1   50000.0 ]
[24-10-31 14:54:50] 634   -13497.07 [    19448.4   10956.3   40140.0    2438.5   50000.0 ]
[24-10-31 14:54:50] 635   -13496.96 [    19448.4   10956.3   40140.0    2427.9   50000.0 ]
[24-10-31 14:54:51] 636   -13497.27 [    19448.4   10956.3   40140.0    2410.8   50000.0 ]
[24-10-31 14:54:51] 637   -13497.01 [    19448.4   10956.3   40140.0    2421.4   50000.0 ]
[24-10-31 14:54:51] 638   -13496.98 [    19448.4   10956.3   40140.0    2431.9   50000.0 ]
[24-10-31 14:54:51] 639   -13496.96 [    19448.4   10956.3   40140.0    2428.0   50000.0 ]
[24-10-31 14:54:51] 640   -13496.96 [    19448.4   10956.3   40140.0    2428.2   50000.0 ]
[24-10-31 14:54:52] 641   -13496.96 [    19448.4   10956.3   40140.0    2428.0   50000.0 ]
[24-10-31 14:54:52] 646   -13505.52 [    19354.0   10762.4   41523.4    2512.3   50000.0 ]
[24-10-31 14:54:52] 647   -13501.21 [    19401.2   10859.3   40831.7    2470.2   50000.0 ]
[24-10-31 14:54:52] 650   -13498.58 [    19430.4   10919.3   40404.2    2444.1   50000.0 ]
[24-10-31 14:54:53] 652   -13497.58 [    19441.5   10942.2   40240.9    2434.2   50000.0 ]
[24-10-31 14:54:53] 653   -13496.38 [    19454.9   10969.7   40044.7    2422.2   50000.0 ]
[24-10-31 14:54:53] 655    -13496.6 [    19452.4   10964.6   40081.1    2424.5   50000.0 ]
[24-10-31 14:54:53] 656   -13496.24 [    19456.4   10972.8   40022.2    2420.9   50000.0 ]
[24-10-31 14:54:54] 657   -13496.16 [    19457.4   10974.8   40008.3    2420.0   50000.0 ]
[24-10-31 14:54:54] 659   -13496.19 [    19457.0   10974.0   40013.6    2420.3   50000.0 ]
[24-10-31 14:54:54] 660   -13496.14 [    19457.6   10975.2   40005.0    2419.8   50000.0 ]
[24-10-31 14:54:54] 661   -13496.13 [    19457.7   10975.5   40003.0    2419.7   50000.0 ]
[24-10-31 14:54:54] 662   -13496.12 [    19457.8   10975.7   40001.6    2419.6   50000.0 ]
[24-10-31 14:54:55] 664   -13496.12 [    19457.8   10975.7   40001.6    2419.6   50000.0 ]
[24-10-31 14:54:55] 665   -13496.12 [    19458.8   10975.7   40001.6    2419.6   50000.0 ]
[24-10-31 14:54:55] 666   -13496.11 [    19460.5   10975.7   40001.6    2419.6   50000.0 ]
[24-10-31 14:54:55] 667   -13495.94 [    19636.8   10975.7   40001.6    2419.6   50000.0 ]
[24-10-31 14:54:56] 668   -13495.92 [    19695.4   10975.7   40001.6    2419.6   50000.0 ]
[24-10-31 14:54:56] 669   -13495.95 [    19790.2   10975.7   40001.6    2419.6   50000.0 ]
[24-10-31 14:54:56] 670   -13495.93 [    19731.6   10975.7   40001.6    2419.6   50000.0 ]
[24-10-31 14:54:56] 671   -13495.93 [    19673.0   10975.7   40001.6    2419.6   50000.0 ]
[24-10-31 14:54:57] 672   -13495.92 [    19699.4   10975.7   40001.6    2419.6   50000.0 ]
[24-10-31 14:54:57] 673   -13495.92 [    19701.9   10975.7   40001.6    2419.6   50000.0 ]
[24-10-31 14:54:57] 674   -13495.92 [    19699.4   10975.7   40001.6    2419.6   50000.0 ]
[24-10-31 14:54:57] 675   -13495.92 [    19699.4   10976.7   40001.6    2419.6   50000.0 ]
[24-10-31 14:54:57] 676   -13495.91 [    19699.4   10978.3   40001.6    2419.6   50000.0 ]
[24-10-31 14:54:58] 677   -13495.84 [    19699.4   11006.8   40001.6    2419.6   50000.0 ]
[24-10-31 14:54:58] 678   -13496.02 [    19699.4   11052.9   40001.6    2419.6   50000.0 ]
[24-10-31 14:54:58] 679   -13495.87 [    19699.4   11024.4   40001.6    2419.6   50000.0 ]
[24-10-31 14:54:58] 680   -13495.85 [    19699.4   10995.9   40001.6    2419.6   50000.0 ]
[24-10-31 14:54:59] 681   -13495.84 [    19699.4   11007.1   40001.6    2419.6   50000.0 ]
[24-10-31 14:54:59] 682   -13495.84 [    19699.4   11007.4   40001.6    2419.6   50000.0 ]
[24-10-31 14:54:59] 683   -13495.84 [    19699.4   11007.1   40001.6    2419.6   50000.0 ]
[24-10-31 14:54:59] 685   -13495.85 [    19699.4   11007.1   40001.6    2419.6   49998.4 ]
[24-10-31 14:55:00] 686   -13495.84 [    19699.4   11007.1   40001.6    2419.6   49999.4 ]
[24-10-31 14:55:00] 688   -13495.84 [    19699.4   11007.1   40001.6    2419.6   49999.7 ]
[24-10-31 14:55:00] 690   -13495.84 [    19699.4   11007.1   40001.6    2419.6   49999.9 ]
[24-10-31 14:55:00] 692   -13495.84 [    19699.4   11007.1   40001.6    2419.6   50000.0 ]
[24-10-31 14:55:00] 694   -13495.84 [    19699.4   11007.1   40001.6    2419.6   50000.0 ]
[24-10-31 14:55:01] 696   -13495.84 [    19699.4   11007.1   40001.6    2419.6   50000.0 ]
[24-10-31 14:55:01] 698   -13495.84 [    19699.4   11007.1   40001.6    2419.6   50000.0 ]
[24-10-31 14:55:01] 700   -13495.84 [    19699.4   11007.1   40001.6    2419.6   50000.0 ]
[24-10-31 14:55:01] 702   -13495.84 [    19699.4   11007.1   40001.6    2419.6   50000.0 ]
[24-10-31 14:55:02] 704   -13495.84 [    19699.4   11007.1   40001.6    2419.6   50000.0 ]
[24-10-31 14:55:02] 706   -13495.84 [    19699.4   11007.1   40001.6    2419.6   50000.0 ]
[24-10-31 14:55:02] 708   -13495.84 [    19699.4   11007.1   40001.6    2419.6   50000.0 ]
[24-10-31 14:55:02] 710   -13495.84 [    19699.4   11007.1   40001.6    2419.6   50000.0 ]
[24-10-31 14:55:03] 712   -13495.84 [    19699.4   11007.1   40001.6    2419.6   50000.0 ]
[24-10-31 14:55:03] 714   -13495.84 [    19699.4   11007.1   40001.6    2419.6   50000.0 ]
[24-10-31 14:55:03] 716   -13495.84 [    19699.4   11007.1   40001.6    2419.6   50000.0 ]
[24-10-31 14:55:03] 718   -13495.84 [    19699.4   11007.1   40001.6    2419.6   50000.0 ]
[24-10-31 14:55:04] 720   -13495.84 [    19699.4   11007.1   40001.6    2419.6   50000.0 ]
[24-10-31 14:55:04] 722   -13495.84 [    19699.4   11007.1   40001.6    2419.6   50000.0 ]
[24-10-31 14:55:04] 724   -13495.84 [    19699.4   11007.1   40001.6    2419.6   50000.0 ]
[24-10-31 14:55:04] 726   -13495.84 [    19699.4   11007.1   40001.6    2419.6   50000.0 ]
[24-10-31 14:55:04] 727   -13495.84 [    19699.4   11007.1   40001.6    2419.6   50000.0 ]
[24-10-31 14:55:05] 728   -13495.84 [    19699.4   11007.1   40001.6    2419.6   50000.0 ]
[24-10-31 14:55:05] 729   -13495.84 [    19699.4   11007.1   40001.6    2419.6   50000.0 ]
[24-10-31 14:55:05] 730   -13495.84 [    19699.4   11007.1   40001.6    2419.6   50000.0 ]
[24-10-31 14:55:05] 731   -13495.84 [    19699.4   11007.1   40001.6    2419.6   50000.0 ]
[24-10-31 14:55:06] 732   -13495.84 [    19699.4   11007.1   40001.6    2419.6   50000.0 ]
[24-10-31 14:55:06] 733   -13495.84 [    19699.4   11007.1   40001.6    2419.6   50000.0 ]
[24-10-31 14:55:06] 734   -13495.84 [    19699.4   11007.1   40001.6    2419.6   50000.0 ]
[24-10-31 14:55:06] 735   -13495.84 [    19699.4   11007.1   40001.6    2419.6   50000.0 ]
[24-10-31 14:55:07] 736   -13495.84 [    19699.4   11007.1   40001.6    2419.6   50000.0 ]
[24-10-31 14:55:07] 737   -13495.84 [    19699.4   11007.1   40001.6    2419.6   50000.0 ]
[24-10-31 14:55:07] 738   -13495.85 [    19699.4   11007.1   40001.6    2420.6   50000.0 ]
[24-10-31 14:55:07] 739   -13495.83 [    19699.4   11007.1   40001.6    2418.0   50000.0 ]
[24-10-31 14:55:08] 740   -13495.83 [    19699.4   11007.1   40001.6    2416.5   50000.0 ]
[24-10-31 14:55:08] 741   -13495.84 [    19699.4   11007.1   40001.6    2414.2   50000.0 ]
[24-10-31 14:55:08] 742   -13495.83 [    19699.4   11007.1   40001.6    2415.7   50000.0 ]
[24-10-31 14:55:08] 743   -13495.83 [    19699.4   11007.1   40001.6    2417.1   50000.0 ]
[24-10-31 14:55:08] 744   -13495.83 [    19699.4   11007.1   40001.6    2416.6   50000.0 ]
[24-10-31 14:55:09] 745   -13495.83 [    19699.4   11007.1   40001.6    2416.5   50000.0 ]
[24-10-31 14:55:09] 746   -13495.83 [    19699.4   11007.1   40001.6    2416.5   50000.0 ]
[24-10-31 14:55:09] 751   -13504.34 [    19605.0   10813.2   41385.0    2500.8   50000.0 ]
[24-10-31 14:55:09] 752   -13500.06 [    19652.2   10910.1   40693.3    2458.7   50000.0 ]
[24-10-31 14:55:10] 755   -13497.44 [    19681.4   10970.1   40265.8    2432.6   50000.0 ]
[24-10-31 14:55:10] 757   -13496.44 [    19692.6   10993.0   40102.6    2422.7   50000.0 ]
[24-10-31 14:55:10] 759   -13496.06 [    19696.8   11001.7   40040.2    2418.9   50000.0 ]
[24-10-31 14:55:10] 761   -13495.92 [    19698.4   11005.0   40016.4    2417.4   50000.0 ]
[24-10-31 14:55:11] 763   -13495.86 [    19699.1   11006.3   40007.3    2416.9   50000.0 ]
[24-10-31 14:55:11] 765   -13495.84 [    19699.3   11006.8   40003.8    2416.7   50000.0 ]
[24-10-31 14:55:11] 767   -13495.83 [    19699.4   11007.0   40002.5    2416.6   50000.0 ]
[24-10-31 14:55:11] 768   -13495.82 [    19699.5   11007.2   40000.9    2416.5   50000.0 ]
[24-10-31 14:55:11] 769   -13495.82 [    19699.5   11007.3   40000.4    2416.5   50000.0 ]
[24-10-31 14:55:12] 770   -13495.82 [    19699.6   11007.3   40000.1    2416.5   50000.0 ]
[24-10-31 14:55:12] 772   -13495.82 [    19699.5   11007.3   40000.2    2416.5   50000.0 ]
[24-10-31 14:55:12] 773   -13495.82 [    19699.6   11007.3   40000.0    2416.5   50000.0 ]
[24-10-31 14:55:12] 775   -13495.82 [    19699.6   11007.3   40000.0    2416.5   50000.0 ]
[24-10-31 14:55:13] 776   -13495.82 [    19699.6   11007.3   40000.0    2416.4   50000.0 ]
Optimization terminated successfully.
         Current function value: 13495.819667
         Iterations: 9
         Function evaluations: 776
[24-10-31 14:55:13] 776      fit p: [    19699.6   11007.3   40000.0    2416.4   50000.0 ]
method: Powell
objective_func: objective_H2
fopt: -13495.819666951285
max_iter: 100
num_iter: 9
func_calls: 776
flag: 0
u_fitted: False
u: 1.111e-08
