[24-10-31 15:23:04] fitting objective_H2 to data for demes ['French', 'KhomaniSan', 'Yoruba']
[24-10-31 15:23:04] 0        pnames [         NK       NFY       TFY        NF        NY ]
[24-10-31 15:23:04] 0            p0 [    20061.9   17140.7   70912.7    7170.5   23728.0 ]
[24-10-31 15:23:05] 1     -11254.79 [    20061.9   17140.7   70912.7    7170.5   23728.0 ]
[24-10-31 15:23:05] 2     -11254.79 [    20061.9   17140.7   70912.7    7170.5   23728.0 ]
[24-10-31 15:23:05] 3     -11254.75 [    20062.9   17140.7   70912.7    7170.5   23728.0 ]
[24-10-31 15:23:05] 4     -11254.67 [    20064.5   17140.7   70912.7    7170.5   23728.0 ]
[24-10-31 15:23:06] 5     -11247.01 [    20240.9   17140.7   70912.7    7170.5   23728.0 ]
[24-10-31 15:23:06] 6     -11187.51 [    22631.1   17140.7   70912.7    7170.5   23728.0 ]
[24-10-31 15:23:06] 7     -11201.61 [    26498.4   17140.7   70912.7    7170.5   23728.0 ]
[24-10-31 15:23:06] 8     -11181.23 [    24108.2   17140.7   70912.7    7170.5   23728.0 ]
[24-10-31 15:23:07] 9     -11185.35 [    25021.2   17140.7   70912.7    7170.5   23728.0 ]
[24-10-31 15:23:07] 10    -11181.08 [    23949.9   17140.7   70912.7    7170.5   23728.0 ]
[24-10-31 15:23:08] 11    -11181.07 [    23881.3   17140.7   70912.7    7170.5   23728.0 ]
[24-10-31 15:23:08] 12    -11181.08 [    23843.1   17140.7   70912.7    7170.5   23728.0 ]
[24-10-31 15:23:09] 13    -11181.07 [    23881.3   17140.7   70912.7    7170.5   23728.0 ]
[24-10-31 15:23:09] 14    -11181.55 [    23881.3   17141.7   70912.7    7170.5   23728.0 ]
[24-10-31 15:23:09] 15    -11180.29 [    23881.3   17139.1   70912.7    7170.5   23728.0 ]
[24-10-31 15:23:10] 16    -11095.66 [    23881.3   16962.8   70912.7    7170.5   23728.0 ]
[24-10-31 15:23:10] 18     -9368.59 [    23881.3    9619.9   70912.7    7170.5   23728.0 ]
[24-10-31 15:23:11] 19    -26280.51 [    23881.3    5081.8   70912.7    7170.5   23728.0 ]
[24-10-31 15:23:11] 20     -9356.75 [    23881.3   12938.7   70912.7    7170.5   23728.0 ]
[24-10-31 15:23:12] 21      -9021.3 [    23881.3   11309.3   70912.7    7170.5   23728.0 ]
[24-10-31 15:23:12] 22     -9018.34 [    23881.3   11251.0   70912.7    7170.5   23728.0 ]
[24-10-31 15:23:13] 23     -9015.11 [    23881.3   11004.0   70912.7    7170.5   23728.0 ]
[24-10-31 15:23:13] 24     -9066.29 [    23881.3   10475.3   70912.7    7170.5   23728.0 ]
[24-10-31 15:23:14] 25     -9014.44 [    23881.3   11074.7   70912.7    7170.5   23728.0 ]
[24-10-31 15:23:14] 26      -9014.9 [    23881.3   11135.3   70912.7    7170.5   23728.0 ]
[24-10-31 15:23:15] 27     -9014.44 [    23881.3   11074.7   70912.7    7170.5   23728.0 ]
[24-10-31 15:23:15] 28     -9014.37 [    23881.3   11074.7   70913.7    7170.5   23728.0 ]
[24-10-31 15:23:15] 29     -9014.27 [    23881.3   11074.7   70915.3    7170.5   23728.0 ]
[24-10-31 15:23:16] 30     -9003.24 [    23881.3   11074.7   71091.6    7170.5   23728.0 ]
[24-10-31 15:23:16] 31     -8548.09 [    23881.3   11074.7   86154.2    7170.5   23728.0 ]
[24-10-31 15:23:17] 32     -9999.68 [    23881.3   11074.7  110526.0    7170.5   23728.0 ]
[24-10-31 15:23:17] 33     -8769.68 [    23881.3   11074.7   95463.4    7170.5   23728.0 ]
[24-10-31 15:23:18] 34     -8606.36 [    23881.3   11074.7   80400.8    7170.5   23728.0 ]
[24-10-31 15:23:18] 35     -8547.33 [    23881.3   11074.7   85525.4    7170.5   23728.0 ]
[24-10-31 15:23:19] 36     -8547.35 [    23881.3   11074.7   85671.5    7170.5   23728.0 ]
[24-10-31 15:23:19] 37      -8547.4 [    23881.3   11074.7   85379.3    7170.5   23728.0 ]
[24-10-31 15:23:19] 38     -8547.33 [    23881.3   11074.7   85525.4    7170.5   23728.0 ]
[24-10-31 15:23:20] 39     -8548.65 [    23881.3   11074.7   85525.4    7171.5   23728.0 ]
[24-10-31 15:23:20] 40      -8545.2 [    23881.3   11074.7   85525.4    7168.9   23728.0 ]
[24-10-31 15:23:21] 41     -8541.75 [    23881.3   11074.7   85525.4    7166.3   23728.0 ]
[24-10-31 15:23:21] 42     -8536.17 [    23881.3   11074.7   85525.4    7162.0   23728.0 ]
[24-10-31 15:23:22] 43     -8527.14 [    23881.3   11074.7   85525.4    7155.2   23728.0 ]
[24-10-31 15:23:22] 44     -8512.53 [    23881.3   11074.7   85525.4    7144.1   23728.0 ]
[24-10-31 15:23:23] 45     -8488.88 [    23881.3   11074.7   85525.4    7126.1   23728.0 ]
[24-10-31 15:23:23] 46      -8450.6 [    23881.3   11074.7   85525.4    7097.1   23728.0 ]
[24-10-31 15:23:24] 47     -8388.61 [    23881.3   11074.7   85525.4    7050.1   23728.0 ]
[24-10-31 15:23:24] 48     -8288.23 [    23881.3   11074.7   85525.4    6974.1   23728.0 ]
[24-10-31 15:23:25] 49     -8125.67 [    23881.3   11074.7   85525.4    6851.1   23728.0 ]
[24-10-31 15:23:25] 50      -7862.8 [    23881.3   11074.7   85525.4    6652.1   23728.0 ]
[24-10-31 15:23:26] 53     -5760.08 [    23881.3   11074.7   85525.4    3487.3   23728.0 ]
[24-10-31 15:23:26] 54      -5952.2 [    23881.3   11074.7   85525.4    5069.7   23728.0 ]
[24-10-31 15:23:26] 55     -5398.58 [    23881.3   11074.7   85525.4    4101.6   23728.0 ]
[24-10-31 15:23:27] 56     -5406.94 [    23881.3   11074.7   85525.4    4195.8   23728.0 ]
[24-10-31 15:23:27] 57     -5399.84 [    23881.3   11074.7   85525.4    4132.3   23728.0 ]
[24-10-31 15:23:28] 58      -5398.8 [    23881.3   11074.7   85525.4    4070.9   23728.0 ]
[24-10-31 15:23:28] 59     -5398.58 [    23881.3   11074.7   85525.4    4101.6   23728.0 ]
[24-10-31 15:23:29] 60     -5398.43 [    23881.3   11074.7   85525.4    4101.6   23729.0 ]
[24-10-31 15:23:29] 61     -5398.18 [    23881.3   11074.7   85525.4    4101.6   23730.6 ]
[24-10-31 15:23:30] 62     -5371.14 [    23881.3   11074.7   85525.4    4101.6   23907.0 ]
[24-10-31 15:23:30] 63     -4638.64 [    23881.3   11074.7   85525.4    4101.6   31284.2 ]
[24-10-31 15:23:31] 64     -4199.72 [    23881.3   11074.7   85525.4    4101.6   43220.8 ]
[24-10-31 15:23:31] 65     -4205.61 [    23881.3   11074.7   85525.4    4101.6   42931.9 ]
[24-10-31 15:23:31] 68     -4312.62 [    23881.3   11074.7   85525.4    4101.6   38661.4 ]
[24-10-31 15:23:32] 69     -4250.44 [    23881.3   11074.7   85525.4    4101.6   40941.1 ]
[24-10-31 15:23:32] 70     -4149.38 [    23881.3   11074.7   85525.4    4101.6   46038.6 ]
[24-10-31 15:23:33] 71     -4123.72 [    23881.3   11074.7   85525.4    4101.6   47780.2 ]
[24-10-31 15:23:33] 72      -4109.6 [    23881.3   11074.7   85525.4    4101.6   48856.5 ]
[24-10-31 15:23:34] 73     -4101.47 [    23881.3   11074.7   85525.4    4101.6   49521.7 ]
[24-10-31 15:23:34] 74     -4096.66 [    23881.3   11074.7   85525.4    4101.6   49932.8 ]
[24-10-31 15:23:35] 77     -4096.66 [    23881.3   11074.7   85525.4    4101.6   49932.8 ]
[24-10-31 15:23:35] 78     -4096.65 [    23882.3   11074.7   85525.4    4101.6   49932.8 ]
[24-10-31 15:23:36] 79     -4096.62 [    23884.0   11074.7   85525.4    4101.6   49932.8 ]
[24-10-31 15:23:36] 80     -4093.94 [    24060.3   11074.7   85525.4    4101.6   49932.8 ]
[24-10-31 15:23:37] 81     -4080.02 [    25759.4   11074.7   85525.4    4101.6   49932.8 ]
[24-10-31 15:23:37] 82     -4091.03 [    28508.5   11074.7   85525.4    4101.6   49932.8 ]
[24-10-31 15:23:37] 83     -4080.24 [    26809.4   11074.7   85525.4    4101.6   49932.8 ]
[24-10-31 15:23:38] 84      -4083.0 [    25110.4   11074.7   85525.4    4101.6   49932.8 ]
[24-10-31 15:23:38] 85     -4079.41 [    26247.9   11074.7   85525.4    4101.6   49932.8 ]
[24-10-31 15:23:39] 86     -4079.41 [    26224.3   11074.7   85525.4    4101.6   49932.8 ]
[24-10-31 15:23:39] 87     -4079.41 [    26200.8   11074.7   85525.4    4101.6   49932.8 ]
[24-10-31 15:23:40] 88     -4079.41 [    26224.3   11074.7   85525.4    4101.6   49932.8 ]
[24-10-31 15:23:40] 89     -4079.49 [    26224.3   11075.7   85525.4    4101.6   49932.8 ]
[24-10-31 15:23:41] 90     -4079.28 [    26224.3   11073.1   85525.4    4101.6   49932.8 ]
[24-10-31 15:23:41] 91     -4067.28 [    26224.3   10896.7   85525.4    4101.6   49932.8 ]
[24-10-31 15:23:42] 92     -4060.12 [    26224.3   10583.3   85525.4    4101.6   49932.8 ]
[24-10-31 15:23:42] 93     -4094.11 [    26224.3   10076.3   85525.4    4101.6   49932.8 ]
[24-10-31 15:23:43] 94     -4065.87 [    26224.3   10389.7   85525.4    4101.6   49932.8 ]
[24-10-31 15:23:43] 95     -4060.58 [    26224.3   10703.0   85525.4    4101.6   49932.8 ]
[24-10-31 15:23:44] 96     -4059.94 [    26224.3   10625.2   85525.4    4101.6   49932.8 ]
[24-10-31 15:23:44] 97     -4059.94 [    26224.3   10620.7   85525.4    4101.6   49932.8 ]
[24-10-31 15:23:44] 98     -4059.94 [    26224.3   10629.7   85525.4    4101.6   49932.8 ]
[24-10-31 15:23:45] 99     -4059.94 [    26224.3   10625.2   85525.4    4101.6   49932.8 ]
[24-10-31 15:23:45] 100    -4059.97 [    26224.3   10625.2   85526.4    4101.6   49932.8 ]
[24-10-31 15:23:46] 101     -4059.9 [    26224.3   10625.2   85523.8    4101.6   49932.8 ]
[24-10-31 15:23:46] 102    -4054.95 [    26224.3   10625.2   85347.4    4101.6   49932.8 ]
[24-10-31 15:23:47] 103    -3995.86 [    26224.3   10625.2   81061.9    4101.6   49932.8 ]
[24-10-31 15:23:47] 104    -4147.76 [    26224.3   10625.2   74127.7    4101.6   49932.8 ]
[24-10-31 15:23:48] 105     -4017.9 [    26224.3   10625.2   78413.2    4101.6   49932.8 ]
[24-10-31 15:23:48] 106    -4004.58 [    26224.3   10625.2   82698.8    4101.6   49932.8 ]
[24-10-31 15:23:48] 107    -3995.86 [    26224.3   10625.2   81017.2    4101.6   49932.8 ]
[24-10-31 15:23:49] 108    -3995.87 [    26224.3   10625.2   81106.5    4101.6   49932.8 ]
[24-10-31 15:23:49] 109    -3995.86 [    26224.3   10625.2   81061.9    4101.6   49932.8 ]
[24-10-31 15:23:50] 110     -3995.7 [    26224.3   10625.2   81061.9    4102.6   49932.8 ]
[24-10-31 15:23:50] 111    -3995.44 [    26224.3   10625.2   81061.9    4104.3   49932.8 ]
[24-10-31 15:23:51] 112    -3986.62 [    26224.3   10625.2   81061.9    4210.5   49932.8 ]
[24-10-31 15:23:51] 113    -4003.81 [    26224.3   10625.2   81061.9    4382.5   49932.8 ]
[24-10-31 15:23:52] 114    -3988.87 [    26224.3   10625.2   81061.9    4276.2   49932.8 ]
[24-10-31 15:23:52] 115     -3988.1 [    26224.3   10625.2   81061.9    4169.9   49932.8 ]
[24-10-31 15:23:52] 116    -3986.59 [    26224.3   10625.2   81061.9    4217.6   49932.8 ]
[24-10-31 15:23:53] 117    -3986.59 [    26224.3   10625.2   81061.9    4216.5   49932.8 ]
[24-10-31 15:23:53] 118     -3986.6 [    26224.3   10625.2   81061.9    4218.8   49932.8 ]
[24-10-31 15:23:54] 119    -3986.59 [    26224.3   10625.2   81061.9    4217.6   49932.8 ]
[24-10-31 15:23:54] 120    -3986.58 [    26224.3   10625.2   81061.9    4217.6   49933.8 ]
[24-10-31 15:23:54] 121    -3986.55 [    26224.3   10625.2   81061.9    4217.6   49935.4 ]
[24-10-31 15:23:55] 124    -3986.08 [    26224.3   10625.2   81061.9    4217.6   49961.2 ]
[24-10-31 15:23:55] 125    -3986.31 [    26224.3   10625.2   81061.9    4217.6   49948.3 ]
[24-10-31 15:23:56] 126    -3985.79 [    26224.3   10625.2   81061.9    4217.6   49977.1 ]
[24-10-31 15:23:56] 127    -3985.61 [    26224.3   10625.2   81061.9    4217.6   49986.9 ]
[24-10-31 15:23:57] 128     -3985.5 [    26224.3   10625.2   81061.9    4217.6   49993.0 ]
[24-10-31 15:23:57] 129    -3985.44 [    26224.3   10625.2   81061.9    4217.6   49996.7 ]
[24-10-31 15:23:57] 130    -3985.39 [    26224.3   10625.2   81061.9    4217.6   49999.0 ]
[24-10-31 15:23:58] 132    -3985.41 [    26224.3   10625.2   81061.9    4217.6   49998.1 ]
[24-10-31 15:23:58] 133    -3985.38 [    26224.3   10625.2   81061.9    4217.6   49999.7 ]
[24-10-31 15:23:59] 135    -3985.38 [    26224.3   10625.2   81061.9    4217.6   49999.7 ]
[24-10-31 15:23:59] 136     -3985.4 [    26225.3   10625.2   81061.9    4217.6   49999.7 ]
[24-10-31 15:23:59] 137    -3985.36 [    26222.7   10625.2   81061.9    4217.6   49999.7 ]
[24-10-31 15:24:00] 138    -3982.67 [    26046.3   10625.2   81061.9    4217.6   49999.7 ]
[24-10-31 15:24:00] 139    -3966.53 [    22530.6   10625.2   81061.9    4217.6   49999.7 ]
[24-10-31 15:24:01] 140    -4280.68 [    16842.1   10625.2   81061.9    4217.6   49999.7 ]
[24-10-31 15:24:01] 141    -4013.53 [    20357.8   10625.2   81061.9    4217.6   49999.7 ]
[24-10-31 15:24:02] 142    -3962.69 [    23873.5   10625.2   81061.9    4217.6   49999.7 ]
[24-10-31 15:24:02] 143    -3962.27 [    23470.4   10625.2   81061.9    4217.6   49999.7 ]
[24-10-31 15:24:02] 144    -3962.26 [    23548.0   10625.2   81061.9    4217.6   49999.7 ]
[24-10-31 15:24:03] 145    -3962.26 [    23521.2   10625.2   81061.9    4217.6   49999.7 ]
[24-10-31 15:24:03] 146    -3962.26 [    23574.8   10625.2   81061.9    4217.6   49999.7 ]
[24-10-31 15:24:04] 147    -3962.26 [    23548.0   10625.2   81061.9    4217.6   49999.7 ]
[24-10-31 15:24:04] 148    -3962.19 [    23548.0   10626.2   81061.9    4217.6   49999.7 ]
[24-10-31 15:24:05] 149     -3962.1 [    23548.0   10627.8   81061.9    4217.6   49999.7 ]
[24-10-31 15:24:05] 150    -3954.96 [    23548.0   10804.2   81061.9    4217.6   49999.7 ]
[24-10-31 15:24:05] 151    -3954.04 [    23548.0   10887.1   81061.9    4217.6   49999.7 ]
[24-10-31 15:24:06] 152    -3955.64 [    23548.0   11021.3   81061.9    4217.6   49999.7 ]
[24-10-31 15:24:06] 153    -3954.21 [    23548.0   10938.3   81061.9    4217.6   49999.7 ]
[24-10-31 15:24:07] 154    -3954.22 [    23548.0   10855.4   81061.9    4217.6   49999.7 ]
[24-10-31 15:24:07] 155    -3954.03 [    23548.0   10897.1   81061.9    4217.6   49999.7 ]
[24-10-31 15:24:07] 156    -3954.03 [    23548.0   10894.4   81061.9    4217.6   49999.7 ]
[24-10-31 15:24:08] 157    -3954.03 [    23548.0   10899.8   81061.9    4217.6   49999.7 ]
[24-10-31 15:24:08] 158    -3954.03 [    23548.0   10897.1   81061.9    4217.6   49999.7 ]
[24-10-31 15:24:09] 159    -3954.04 [    23548.0   10897.1   81062.9    4217.6   49999.7 ]
[24-10-31 15:24:09] 160    -3954.02 [    23548.0   10897.1   81060.2    4217.6   49999.7 ]
[24-10-31 15:24:10] 161    -3952.74 [    23548.0   10897.1   80883.9    4217.6   49999.7 ]
[24-10-31 15:24:10] 162    -3949.06 [    23548.0   10897.1   79793.4    4217.6   49999.7 ]
[24-10-31 15:24:11] 163    -3958.64 [    23548.0   10897.1   78029.1    4217.6   49999.7 ]
[24-10-31 15:24:11] 164    -3950.46 [    23548.0   10897.1   79119.5    4217.6   49999.7 ]
[24-10-31 15:24:11] 165     -3949.6 [    23548.0   10897.1   80209.9    4217.6   49999.7 ]
[24-10-31 15:24:12] 166    -3949.06 [    23548.0   10897.1   79780.8    4217.6   49999.7 ]
[24-10-31 15:24:12] 167    -3949.06 [    23548.0   10897.1   79806.1    4217.6   49999.7 ]
[24-10-31 15:24:13] 168    -3949.06 [    23548.0   10897.1   79793.4    4217.6   49999.7 ]
[24-10-31 15:24:13] 169    -3949.15 [    23548.0   10897.1   79793.4    4218.6   49999.7 ]
[24-10-31 15:24:14] 170    -3948.92 [    23548.0   10897.1   79793.4    4216.0   49999.7 ]
[24-10-31 15:24:14] 171    -3946.28 [    23548.0   10897.1   79793.4    4151.1   49999.7 ]
[24-10-31 15:24:15] 172    -3954.52 [    23548.0   10897.1   79793.4    4046.1   49999.7 ]
[24-10-31 15:24:15] 173    -3947.54 [    23548.0   10897.1   79793.4    4111.0   49999.7 ]
[24-10-31 15:24:16] 174    -3946.63 [    23548.0   10897.1   79793.4    4175.9   49999.7 ]
[24-10-31 15:24:16] 175    -3946.28 [    23548.0   10897.1   79793.4    4153.5   49999.7 ]
[24-10-31 15:24:16] 176    -3946.28 [    23548.0   10897.1   79793.4    4152.9   49999.7 ]
[24-10-31 15:24:17] 177    -3946.28 [    23548.0   10897.1   79793.4    4154.2   49999.7 ]
[24-10-31 15:24:17] 178    -3946.28 [    23548.0   10897.1   79793.4    4153.5   49999.7 ]
[24-10-31 15:24:18] 180     -3946.3 [    23548.0   10897.1   79793.4    4153.5   49998.1 ]
[24-10-31 15:24:18] 181    -3946.29 [    23548.0   10897.1   79793.4    4153.5   49999.1 ]
[24-10-31 15:24:19] 183    -3946.29 [    23548.0   10897.1   79793.4    4153.5   49999.4 ]
[24-10-31 15:24:19] 184    -3946.28 [    23548.0   10897.1   79793.4    4153.5   49999.8 ]
[24-10-31 15:24:20] 185    -3946.28 [    23548.0   10897.1   79793.4    4153.5   49999.9 ]
[24-10-31 15:24:20] 186    -3946.28 [    23548.0   10897.1   79793.4    4153.5   50000.0 ]
[24-10-31 15:24:21] 188    -3946.28 [    23548.0   10897.1   79793.4    4153.5   50000.0 ]
[24-10-31 15:24:21] 190    -3946.28 [    23548.0   10897.1   79793.4    4153.5   50000.0 ]
[24-10-31 15:24:22] 191    -3946.28 [    23548.0   10897.1   79793.4    4153.5   50000.0 ]
[24-10-31 15:24:22] 192    -3946.28 [    23548.0   10897.1   79793.4    4153.5   50000.0 ]
[24-10-31 15:24:22] 194    -3946.28 [    23548.0   10897.1   79793.4    4153.5   50000.0 ]
[24-10-31 15:24:23] 195    -3946.27 [    23549.0   10897.1   79793.4    4153.5   50000.0 ]
[24-10-31 15:24:23] 196    -3946.27 [    23550.6   10897.1   79793.4    4153.5   50000.0 ]
[24-10-31 15:24:24] 197    -3946.04 [    23727.0   10897.1   79793.4    4153.5   50000.0 ]
[24-10-31 15:24:24] 198    -3946.02 [    23802.6   10897.1   79793.4    4153.5   50000.0 ]
[24-10-31 15:24:25] 199    -3946.07 [    23924.9   10897.1   79793.4    4153.5   50000.0 ]
[24-10-31 15:24:25] 200    -3946.03 [    23849.3   10897.1   79793.4    4153.5   50000.0 ]
[24-10-31 15:24:26] 201    -3946.02 [    23773.7   10897.1   79793.4    4153.5   50000.0 ]
[24-10-31 15:24:26] 202    -3946.02 [    23806.7   10897.1   79793.4    4153.5   50000.0 ]
[24-10-31 15:24:27] 203    -3946.02 [    23809.3   10897.1   79793.4    4153.5   50000.0 ]
[24-10-31 15:24:27] 204    -3946.02 [    23806.7   10897.1   79793.4    4153.5   50000.0 ]
[24-10-31 15:24:28] 205    -3945.98 [    23806.7   10898.1   79793.4    4153.5   50000.0 ]
[24-10-31 15:24:28] 206     -3945.9 [    23806.7   10899.7   79793.4    4153.5   50000.0 ]
[24-10-31 15:24:28] 207    -3941.37 [    23806.7   11076.1   79793.4    4153.5   50000.0 ]
[24-10-31 15:24:29] 208    -3941.26 [    23806.7   11104.4   79793.4    4153.5   50000.0 ]
[24-10-31 15:24:29] 209    -3941.43 [    23806.7   11150.3   79793.4    4153.5   50000.0 ]
[24-10-31 15:24:30] 210    -3941.28 [    23806.7   11122.0   79793.4    4153.5   50000.0 ]
[24-10-31 15:24:30] 211    -3941.28 [    23806.7   11093.6   79793.4    4153.5   50000.0 ]
[24-10-31 15:24:31] 212    -3941.26 [    23806.7   11109.1   79793.4    4153.5   50000.0 ]
[24-10-31 15:24:31] 213    -3941.26 [    23806.7   11106.9   79793.4    4153.5   50000.0 ]
[24-10-31 15:24:32] 214    -3941.26 [    23806.7   11111.2   79793.4    4153.5   50000.0 ]
[24-10-31 15:24:32] 215    -3941.26 [    23806.7   11109.1   79793.4    4153.5   50000.0 ]
[24-10-31 15:24:33] 216    -3941.27 [    23806.7   11109.1   79794.4    4153.5   50000.0 ]
[24-10-31 15:24:33] 217    -3941.25 [    23806.7   11109.1   79791.8    4153.5   50000.0 ]
[24-10-31 15:24:34] 218    -3939.99 [    23806.7   11109.1   79615.5    4153.5   50000.0 ]
[24-10-31 15:24:34] 219    -3936.47 [    23806.7   11109.1   78541.6    4153.5   50000.0 ]
[24-10-31 15:24:35] 220    -3945.68 [    23806.7   11109.1   76804.0    4153.5   50000.0 ]
[24-10-31 15:24:35] 221    -3937.81 [    23806.7   11109.1   77877.9    4153.5   50000.0 ]
[24-10-31 15:24:35] 222    -3936.98 [    23806.7   11109.1   78951.8    4153.5   50000.0 ]
[24-10-31 15:24:36] 223    -3936.47 [    23806.7   11109.1   78529.0    4153.5   50000.0 ]
[24-10-31 15:24:36] 224    -3936.47 [    23806.7   11109.1   78554.1    4153.5   50000.0 ]
[24-10-31 15:24:37] 225    -3936.47 [    23806.7   11109.1   78541.6    4153.5   50000.0 ]
[24-10-31 15:24:37] 226    -3936.56 [    23806.7   11109.1   78541.6    4154.5   50000.0 ]
[24-10-31 15:24:38] 227    -3936.32 [    23806.7   11109.1   78541.6    4151.9   50000.0 ]
[24-10-31 15:24:38] 228    -3933.48 [    23806.7   11109.1   78541.6    4085.5   50000.0 ]
[24-10-31 15:24:39] 229    -3942.41 [    23806.7   11109.1   78541.6    3977.9   50000.0 ]
[24-10-31 15:24:39] 230    -3934.84 [    23806.7   11109.1   78541.6    4044.4   50000.0 ]
[24-10-31 15:24:40] 231    -3933.85 [    23806.7   11109.1   78541.6    4110.8   50000.0 ]
[24-10-31 15:24:40] 232    -3933.47 [    23806.7   11109.1   78541.6    4088.0   50000.0 ]
[24-10-31 15:24:40] 233    -3933.47 [    23806.7   11109.1   78541.6    4087.4   50000.0 ]
[24-10-31 15:24:41] 234    -3933.47 [    23806.7   11109.1   78541.6    4088.7   50000.0 ]
[24-10-31 15:24:41] 235    -3933.47 [    23806.7   11109.1   78541.6    4088.0   50000.0 ]
[24-10-31 15:24:42] 237     -3933.5 [    23806.7   11109.1   78541.6    4088.0   49998.4 ]
[24-10-31 15:24:42] 238    -3933.48 [    23806.7   11109.1   78541.6    4088.0   49999.4 ]
[24-10-31 15:24:43] 240    -3933.48 [    23806.7   11109.1   78541.6    4088.0   49999.7 ]
[24-10-31 15:24:43] 242    -3933.47 [    23806.7   11109.1   78541.6    4088.0   49999.9 ]
[24-10-31 15:24:44] 244    -3933.47 [    23806.7   11109.1   78541.6    4088.0   50000.0 ]
[24-10-31 15:24:44] 246    -3933.47 [    23806.7   11109.1   78541.6    4088.0   50000.0 ]
[24-10-31 15:24:45] 248    -3933.47 [    23806.7   11109.1   78541.6    4088.0   50000.0 ]
[24-10-31 15:24:45] 249    -3933.47 [    23806.7   11109.1   78541.6    4088.0   50000.0 ]
[24-10-31 15:24:46] 251    -3933.47 [    23806.7   11109.1   78541.6    4088.0   50000.0 ]
[24-10-31 15:24:46] 253    -3933.47 [    23806.7   11109.1   78541.6    4088.0   50000.0 ]
[24-10-31 15:24:47] 254    -3933.47 [    23806.7   11109.1   78541.6    4088.0   50000.0 ]
[24-10-31 15:24:47] 256    -3933.47 [    23806.7   11109.1   78541.6    4088.0   50000.0 ]
[24-10-31 15:24:47] 258    -3933.47 [    23806.7   11109.1   78541.6    4088.0   50000.0 ]
[24-10-31 15:24:48] 260    -3933.47 [    23806.7   11109.1   78541.6    4088.0   50000.0 ]
[24-10-31 15:24:48] 261    -3933.47 [    23807.7   11109.1   78541.6    4088.0   50000.0 ]
[24-10-31 15:24:49] 262    -3933.47 [    23809.3   11109.1   78541.6    4088.0   50000.0 ]
[24-10-31 15:24:49] 263    -3933.41 [    23939.3   11109.1   78541.6    4088.0   50000.0 ]
[24-10-31 15:24:50] 264    -3933.56 [    24149.6   11109.1   78541.6    4088.0   50000.0 ]
[24-10-31 15:24:50] 265    -3933.43 [    24019.6   11109.1   78541.6    4088.0   50000.0 ]
[24-10-31 15:24:51] 266    -3933.42 [    23889.6   11109.1   78541.6    4088.0   50000.0 ]
[24-10-31 15:24:51] 267    -3933.41 [    23941.5   11109.1   78541.6    4088.0   50000.0 ]
[24-10-31 15:24:52] 268    -3933.41 [    23942.8   11109.1   78541.6    4088.0   50000.0 ]
[24-10-31 15:24:52] 269    -3933.41 [    23941.5   11109.1   78541.6    4088.0   50000.0 ]
[24-10-31 15:24:53] 270    -3933.36 [    23941.5   11110.1   78541.6    4088.0   50000.0 ]
[24-10-31 15:24:53] 271     -3933.3 [    23941.5   11111.7   78541.6    4088.0   50000.0 ]
[24-10-31 15:24:53] 272    -3929.34 [    23941.5   11288.1   78541.6    4088.0   50000.0 ]
[24-10-31 15:24:54] 273    -3929.29 [    23941.5   11306.0   78541.6    4088.0   50000.0 ]
[24-10-31 15:24:54] 274    -3929.35 [    23941.5   11335.2   78541.6    4088.0   50000.0 ]
[24-10-31 15:24:55] 275     -3929.3 [    23941.5   11317.2   78541.6    4088.0   50000.0 ]
[24-10-31 15:24:55] 276     -3929.3 [    23941.5   11299.2   78541.6    4088.0   50000.0 ]
[24-10-31 15:24:56] 277    -3929.29 [    23941.5   11309.8   78541.6    4088.0   50000.0 ]
[24-10-31 15:24:56] 278    -3929.29 [    23941.5   11311.8   78541.6    4088.0   50000.0 ]
[24-10-31 15:24:57] 279    -3929.29 [    23941.5   11309.8   78541.6    4088.0   50000.0 ]
[24-10-31 15:24:57] 280     -3929.3 [    23941.5   11309.8   78542.6    4088.0   50000.0 ]
[24-10-31 15:24:58] 281    -3929.28 [    23941.5   11309.8   78539.9    4088.0   50000.0 ]
[24-10-31 15:24:58] 282    -3928.02 [    23941.5   11309.8   78363.6    4088.0   50000.0 ]
[24-10-31 15:24:59] 283    -3924.46 [    23941.5   11309.8   77280.4    4088.0   50000.0 ]
[24-10-31 15:24:59] 284    -3933.78 [    23941.5   11309.8   75527.8    4088.0   50000.0 ]
[24-10-31 15:24:59] 285    -3925.82 [    23941.5   11309.8   76611.0    4088.0   50000.0 ]
[24-10-31 15:25:00] 286    -3924.98 [    23941.5   11309.8   77694.1    4088.0   50000.0 ]
[24-10-31 15:25:00] 287    -3924.46 [    23941.5   11309.8   77267.8    4088.0   50000.0 ]
[24-10-31 15:25:01] 288    -3924.46 [    23941.5   11309.8   77293.0    4088.0   50000.0 ]
[24-10-31 15:25:01] 289    -3924.46 [    23941.5   11309.8   77280.4    4088.0   50000.0 ]
[24-10-31 15:25:02] 290    -3924.55 [    23941.5   11309.8   77280.4    4089.0   50000.0 ]
[24-10-31 15:25:02] 291    -3924.32 [    23941.5   11309.8   77280.4    4086.4   50000.0 ]
[24-10-31 15:25:03] 292    -3921.48 [    23941.5   11309.8   77280.4    4021.1   50000.0 ]
[24-10-31 15:25:03] 293    -3930.38 [    23941.5   11309.8   77280.4    3915.4   50000.0 ]
[24-10-31 15:25:03] 294    -3922.83 [    23941.5   11309.8   77280.4    3980.7   50000.0 ]
[24-10-31 15:25:04] 295    -3921.85 [    23941.5   11309.8   77280.4    4046.0   50000.0 ]
[24-10-31 15:25:04] 296    -3921.47 [    23941.5   11309.8   77280.4    4023.6   50000.0 ]
[24-10-31 15:25:05] 297    -3921.47 [    23941.5   11309.8   77280.4    4023.0   50000.0 ]
[24-10-31 15:25:05] 298    -3921.47 [    23941.5   11309.8   77280.4    4024.2   50000.0 ]
[24-10-31 15:25:06] 299    -3921.47 [    23941.5   11309.8   77280.4    4023.6   50000.0 ]
[24-10-31 15:25:06] 301     -3921.5 [    23941.5   11309.8   77280.4    4023.6   49998.4 ]
[24-10-31 15:25:07] 302    -3921.48 [    23941.5   11309.8   77280.4    4023.6   49999.4 ]
[24-10-31 15:25:07] 304    -3921.48 [    23941.5   11309.8   77280.4    4023.6   49999.7 ]
[24-10-31 15:25:07] 306    -3921.48 [    23941.5   11309.8   77280.4    4023.6   49999.9 ]
[24-10-31 15:25:08] 308    -3921.48 [    23941.5   11309.8   77280.4    4023.6   50000.0 ]
[24-10-31 15:25:08] 310    -3921.47 [    23941.5   11309.8   77280.4    4023.6   50000.0 ]
[24-10-31 15:25:09] 312    -3921.47 [    23941.5   11309.8   77280.4    4023.6   50000.0 ]
[24-10-31 15:25:09] 314    -3921.47 [    23941.5   11309.8   77280.4    4023.6   50000.0 ]
[24-10-31 15:25:10] 316    -3921.47 [    23941.5   11309.8   77280.4    4023.6   50000.0 ]
[24-10-31 15:25:10] 318    -3921.47 [    23941.5   11309.8   77280.4    4023.6   50000.0 ]
[24-10-31 15:25:11] 320    -3921.47 [    23941.5   11309.8   77280.4    4023.6   50000.0 ]
[24-10-31 15:25:11] 322    -3921.47 [    23941.5   11309.8   77280.4    4023.6   50000.0 ]
[24-10-31 15:25:11] 323    -3921.47 [    23941.5   11309.8   77280.4    4023.6   50000.0 ]
[24-10-31 15:25:12] 324    -3921.47 [    23941.5   11309.8   77280.4    4023.6   50000.0 ]
[24-10-31 15:25:12] 325    -3921.47 [    23941.5   11309.8   77280.4    4023.6   50000.0 ]
[24-10-31 15:25:13] 326    -3921.47 [    23941.5   11309.8   77280.4    4023.6   50000.0 ]
[24-10-31 15:25:13] 327    -3921.47 [    23941.5   11309.8   77280.4    4023.6   50000.0 ]
[24-10-31 15:25:13] 329    -3921.47 [    23941.5   11309.8   77280.4    4023.6   50000.0 ]
[24-10-31 15:25:14] 331    -3921.47 [    23941.5   11309.8   77280.4    4023.6   50000.0 ]
[24-10-31 15:25:14] 333    -3921.47 [    23941.5   11309.8   77280.4    4023.6   50000.0 ]
[24-10-31 15:25:15] 334    -3921.47 [    23942.5   11309.8   77280.4    4023.6   50000.0 ]
[24-10-31 15:25:15] 335    -3921.47 [    23944.1   11309.8   77280.4    4023.6   50000.0 ]
[24-10-31 15:25:16] 336    -3921.43 [    24045.6   11309.8   77280.4    4023.6   50000.0 ]
[24-10-31 15:25:16] 337    -3921.53 [    24209.9   11309.8   77280.4    4023.6   50000.0 ]
[24-10-31 15:25:16] 338    -3921.45 [    24108.4   11309.8   77280.4    4023.6   50000.0 ]
[24-10-31 15:25:17] 339    -3921.44 [    24006.8   11309.8   77280.4    4023.6   50000.0 ]
[24-10-31 15:25:17] 340    -3921.43 [    24046.9   11309.8   77280.4    4023.6   50000.0 ]
[24-10-31 15:25:17] 341    -3921.43 [    24048.0   11309.8   77280.4    4023.6   50000.0 ]
[24-10-31 15:25:18] 342    -3921.43 [    24046.9   11309.8   77280.4    4023.6   50000.0 ]
[24-10-31 15:25:18] 343    -3921.39 [    24046.9   11310.8   77280.4    4023.6   50000.0 ]
[24-10-31 15:25:19] 344    -3921.33 [    24046.9   11312.4   77280.4    4023.6   50000.0 ]
[24-10-31 15:25:19] 345    -3917.58 [    24046.9   11488.8   77280.4    4023.6   50000.0 ]
[24-10-31 15:25:20] 346    -3917.55 [    24046.9   11504.8   77280.4    4023.6   50000.0 ]
[24-10-31 15:25:20] 347    -3917.59 [    24046.9   11530.6   77280.4    4023.6   50000.0 ]
[24-10-31 15:25:21] 348    -3917.55 [    24046.9   11514.6   77280.4    4023.6   50000.0 ]
[24-10-31 15:25:21] 349    -3917.56 [    24046.9   11498.7   77280.4    4023.6   50000.0 ]
[24-10-31 15:25:21] 350    -3917.55 [    24046.9   11508.3   77280.4    4023.6   50000.0 ]
[24-10-31 15:25:22] 351    -3917.55 [    24046.9   11510.3   77280.4    4023.6   50000.0 ]
[24-10-31 15:25:22] 352    -3917.55 [    24046.9   11508.3   77280.4    4023.6   50000.0 ]
[24-10-31 15:25:23] 353    -3917.55 [    24046.9   11508.3   77281.4    4023.6   50000.0 ]
[24-10-31 15:25:23] 354    -3917.54 [    24046.9   11508.3   77278.8    4023.6   50000.0 ]
[24-10-31 15:25:24] 355     -3916.3 [    24046.9   11508.3   77102.4    4023.6   50000.0 ]
[24-10-31 15:25:24] 356    -3912.81 [    24046.9   11508.3   76028.7    4023.6   50000.0 ]
[24-10-31 15:25:25] 357    -3921.95 [    24046.9   11508.3   74291.2    4023.6   50000.0 ]
[24-10-31 15:25:25] 358    -3914.15 [    24046.9   11508.3   75365.0    4023.6   50000.0 ]
[24-10-31 15:25:26] 359    -3913.32 [    24046.9   11508.3   76438.8    4023.6   50000.0 ]
[24-10-31 15:25:26] 360    -3912.81 [    24046.9   11508.3   76041.2    4023.6   50000.0 ]
[24-10-31 15:25:27] 361    -3912.81 [    24046.9   11508.3   76016.1    4023.6   50000.0 ]
[24-10-31 15:25:27] 362    -3912.81 [    24046.9   11508.3   76028.7    4023.6   50000.0 ]
[24-10-31 15:25:27] 363    -3912.91 [    24046.9   11508.3   76028.7    4024.6   50000.0 ]
[24-10-31 15:25:28] 364    -3912.66 [    24046.9   11508.3   76028.7    4022.0   50000.0 ]
[24-10-31 15:25:28] 365    -3909.79 [    24046.9   11508.3   76028.7    3957.2   50000.0 ]
[24-10-31 15:25:28] 366    -3918.83 [    24046.9   11508.3   76028.7    3852.4   50000.0 ]
[24-10-31 15:25:28] 367    -3911.16 [    24046.9   11508.3   76028.7    3917.2   50000.0 ]
[24-10-31 15:25:29] 368    -3910.16 [    24046.9   11508.3   76028.7    3981.9   50000.0 ]
[24-10-31 15:25:29] 369    -3909.78 [    24046.9   11508.3   76028.7    3959.7   50000.0 ]
[24-10-31 15:25:29] 370    -3909.78 [    24046.9   11508.3   76028.7    3959.1   50000.0 ]
[24-10-31 15:25:29] 371    -3909.78 [    24046.9   11508.3   76028.7    3960.4   50000.0 ]
[24-10-31 15:25:30] 372    -3909.78 [    24046.9   11508.3   76028.7    3959.7   50000.0 ]
[24-10-31 15:25:30] 374     -3909.8 [    24046.9   11508.3   76028.7    3959.7   49998.4 ]
[24-10-31 15:25:30] 375    -3909.79 [    24046.9   11508.3   76028.7    3959.7   49999.4 ]
[24-10-31 15:25:30] 377    -3909.79 [    24046.9   11508.3   76028.7    3959.7   49999.7 ]
[24-10-31 15:25:31] 379    -3909.78 [    24046.9   11508.3   76028.7    3959.7   49999.9 ]
[24-10-31 15:25:31] 381    -3909.78 [    24046.9   11508.3   76028.7    3959.7   50000.0 ]
[24-10-31 15:25:31] 383    -3909.78 [    24046.9   11508.3   76028.7    3959.7   50000.0 ]
[24-10-31 15:25:31] 385    -3909.78 [    24046.9   11508.3   76028.7    3959.7   50000.0 ]
[24-10-31 15:25:32] 387    -3909.78 [    24046.9   11508.3   76028.7    3959.7   50000.0 ]
[24-10-31 15:25:32] 389    -3909.78 [    24046.9   11508.3   76028.7    3959.7   50000.0 ]
[24-10-31 15:25:32] 391    -3909.78 [    24046.9   11508.3   76028.7    3959.7   50000.0 ]
[24-10-31 15:25:32] 393    -3909.78 [    24046.9   11508.3   76028.7    3959.7   50000.0 ]
[24-10-31 15:25:33] 395    -3909.78 [    24046.9   11508.3   76028.7    3959.7   50000.0 ]
[24-10-31 15:25:33] 397    -3909.78 [    24046.9   11508.3   76028.7    3959.7   50000.0 ]
[24-10-31 15:25:33] 399    -3909.78 [    24046.9   11508.3   76028.7    3959.7   50000.0 ]
[24-10-31 15:25:33] 401    -3909.78 [    24046.9   11508.3   76028.7    3959.7   50000.0 ]
[24-10-31 15:25:33] 403    -3909.78 [    24046.9   11508.3   76028.7    3959.7   50000.0 ]
[24-10-31 15:25:34] 405    -3909.78 [    24046.9   11508.3   76028.7    3959.7   50000.0 ]
[24-10-31 15:25:34] 407    -3909.78 [    24046.9   11508.3   76028.7    3959.7   50000.0 ]
[24-10-31 15:25:34] 408    -3909.78 [    24046.9   11508.3   76028.7    3959.7   50000.0 ]
[24-10-31 15:25:34] 410    -3909.78 [    24046.9   11508.3   76028.7    3959.7   50000.0 ]
[24-10-31 15:25:35] 411    -3909.78 [    24046.9   11508.3   76028.7    3959.7   50000.0 ]
[24-10-31 15:25:35] 413    -3909.78 [    24046.9   11508.3   76028.7    3959.7   50000.0 ]
[24-10-31 15:25:35] 415    -3909.78 [    24046.9   11508.3   76028.7    3959.7   50000.0 ]
[24-10-31 15:25:36] 416    -3909.78 [    24046.9   11508.3   76028.7    3959.7   50000.0 ]
[24-10-31 15:25:36] 417    -3909.78 [    24046.9   11508.3   76028.7    3959.7   50000.0 ]
[24-10-31 15:25:36] 419    -3909.78 [    24046.9   11508.3   76028.7    3959.7   50000.0 ]
[24-10-31 15:25:36] 420    -3909.78 [    24047.9   11508.3   76028.7    3959.7   50000.0 ]
[24-10-31 15:25:37] 421    -3909.78 [    24049.6   11508.3   76028.7    3959.7   50000.0 ]
[24-10-31 15:25:37] 422    -3909.74 [    24149.2   11508.3   76028.7    3959.7   50000.0 ]
[24-10-31 15:25:37] 423    -3909.83 [    24310.5   11508.3   76028.7    3959.7   50000.0 ]
[24-10-31 15:25:37] 424    -3909.76 [    24210.8   11508.3   76028.7    3959.7   50000.0 ]
[24-10-31 15:25:38] 425    -3909.75 [    24111.2   11508.3   76028.7    3959.7   50000.0 ]
[24-10-31 15:25:38] 426    -3909.74 [    24150.5   11508.3   76028.7    3959.7   50000.0 ]
[24-10-31 15:25:38] 427    -3909.74 [    24151.5   11508.3   76028.7    3959.7   50000.0 ]
[24-10-31 15:25:38] 428    -3909.74 [    24150.5   11508.3   76028.7    3959.7   50000.0 ]
[24-10-31 15:25:38] 429    -3909.71 [    24150.5   11509.3   76028.7    3959.7   50000.0 ]
[24-10-31 15:25:39] 430    -3909.65 [    24150.5   11511.0   76028.7    3959.7   50000.0 ]
[24-10-31 15:25:39] 431    -3906.08 [    24150.5   11687.3   76028.7    3959.7   50000.0 ]
[24-10-31 15:25:39] 432    -3906.06 [    24150.5   11701.6   76028.7    3959.7   50000.0 ]
[24-10-31 15:25:39] 433    -3906.09 [    24150.5   11724.7   76028.7    3959.7   50000.0 ]
[24-10-31 15:25:40] 434    -3906.06 [    24150.5   11710.4   76028.7    3959.7   50000.0 ]
[24-10-31 15:25:40] 435    -3906.06 [    24150.5   11696.2   76028.7    3959.7   50000.0 ]
[24-10-31 15:25:40] 436    -3906.05 [    24150.5   11705.0   76028.7    3959.7   50000.0 ]
[24-10-31 15:25:40] 437    -3906.05 [    24150.5   11707.0   76028.7    3959.7   50000.0 ]
[24-10-31 15:25:41] 438    -3906.05 [    24150.5   11705.0   76028.7    3959.7   50000.0 ]
[24-10-31 15:25:41] 439    -3906.06 [    24150.5   11705.0   76029.7    3959.7   50000.0 ]
[24-10-31 15:25:41] 440    -3906.04 [    24150.5   11705.0   76027.0    3959.7   50000.0 ]
[24-10-31 15:25:41] 441    -3904.82 [    24150.5   11705.0   75850.7    3959.7   50000.0 ]
[24-10-31 15:25:42] 442    -3901.44 [    24150.5   11705.0   74790.9    3959.7   50000.0 ]
[24-10-31 15:25:42] 443    -3910.33 [    24150.5   11705.0   73076.1    3959.7   50000.0 ]
[24-10-31 15:25:42] 444    -3902.74 [    24150.5   11705.0   74135.9    3959.7   50000.0 ]
[24-10-31 15:25:42] 445    -3901.93 [    24150.5   11705.0   75195.7    3959.7   50000.0 ]
[24-10-31 15:25:43] 446    -3901.44 [    24150.5   11705.0   74803.3    3959.7   50000.0 ]
[24-10-31 15:25:43] 447    -3901.44 [    24150.5   11705.0   74778.5    3959.7   50000.0 ]
[24-10-31 15:25:43] 448    -3901.44 [    24150.5   11705.0   74790.9    3959.7   50000.0 ]
[24-10-31 15:25:43] 449    -3901.53 [    24150.5   11705.0   74790.9    3960.7   50000.0 ]
[24-10-31 15:25:44] 450    -3901.28 [    24150.5   11705.0   74790.9    3958.1   50000.0 ]
[24-10-31 15:25:44] 451    -3898.37 [    24150.5   11705.0   74790.9    3893.9   50000.0 ]
[24-10-31 15:25:44] 452    -3907.54 [    24150.5   11705.0   74790.9    3790.1   50000.0 ]
[24-10-31 15:25:44] 453    -3899.77 [    24150.5   11705.0   74790.9    3854.3   50000.0 ]
[24-10-31 15:25:45] 454    -3898.75 [    24150.5   11705.0   74790.9    3918.4   50000.0 ]
[24-10-31 15:25:45] 455    -3898.37 [    24150.5   11705.0   74790.9    3896.4   50000.0 ]
[24-10-31 15:25:45] 456    -3898.37 [    24150.5   11705.0   74790.9    3895.8   50000.0 ]
[24-10-31 15:25:45] 457    -3898.37 [    24150.5   11705.0   74790.9    3897.1   50000.0 ]
[24-10-31 15:25:46] 458    -3898.37 [    24150.5   11705.0   74790.9    3896.4   50000.0 ]
[24-10-31 15:25:46] 460    -3898.39 [    24150.5   11705.0   74790.9    3896.4   49998.4 ]
[24-10-31 15:25:46] 461    -3898.38 [    24150.5   11705.0   74790.9    3896.4   49999.4 ]
[24-10-31 15:25:46] 463    -3898.37 [    24150.5   11705.0   74790.9    3896.4   49999.7 ]
[24-10-31 15:25:46] 465    -3898.37 [    24150.5   11705.0   74790.9    3896.4   49999.9 ]
[24-10-31 15:25:47] 467    -3898.37 [    24150.5   11705.0   74790.9    3896.4   50000.0 ]
[24-10-31 15:25:47] 469    -3898.37 [    24150.5   11705.0   74790.9    3896.4   50000.0 ]
[24-10-31 15:25:47] 471    -3898.37 [    24150.5   11705.0   74790.9    3896.4   50000.0 ]
[24-10-31 15:25:47] 473    -3898.37 [    24150.5   11705.0   74790.9    3896.4   50000.0 ]
[24-10-31 15:25:48] 475    -3898.37 [    24150.5   11705.0   74790.9    3896.4   50000.0 ]
[24-10-31 15:25:48] 477    -3898.37 [    24150.5   11705.0   74790.9    3896.4   50000.0 ]
[24-10-31 15:25:48] 479    -3898.37 [    24150.5   11705.0   74790.9    3896.4   50000.0 ]
[24-10-31 15:25:49] 481    -3898.37 [    24150.5   11705.0   74790.9    3896.4   50000.0 ]
[24-10-31 15:25:49] 483    -3898.37 [    24150.5   11705.0   74790.9    3896.4   50000.0 ]
[24-10-31 15:25:49] 485    -3898.37 [    24150.5   11705.0   74790.9    3896.4   50000.0 ]
[24-10-31 15:25:49] 487    -3898.37 [    24150.5   11705.0   74790.9    3896.4   50000.0 ]
[24-10-31 15:25:50] 489    -3898.37 [    24150.5   11705.0   74790.9    3896.4   50000.0 ]
[24-10-31 15:25:50] 491    -3898.37 [    24150.5   11705.0   74790.9    3896.4   50000.0 ]
[24-10-31 15:25:50] 493    -3898.37 [    24150.5   11705.0   74790.9    3896.4   50000.0 ]
[24-10-31 15:25:50] 495    -3898.37 [    24150.5   11705.0   74790.9    3896.4   50000.0 ]
[24-10-31 15:25:50] 497    -3898.37 [    24150.5   11705.0   74790.9    3896.4   50000.0 ]
[24-10-31 15:25:51] 499    -3898.37 [    24150.5   11705.0   74790.9    3896.4   50000.0 ]
[24-10-31 15:25:51] 501    -3898.37 [    24150.5   11705.0   74790.9    3896.4   50000.0 ]
[24-10-31 15:25:51] 502    -3898.37 [    24150.5   11705.0   74790.9    3896.4   50000.0 ]
[24-10-31 15:25:51] 503    -3898.37 [    24150.5   11705.0   74790.9    3896.4   50000.0 ]
[24-10-31 15:25:52] 504    -3898.37 [    24150.5   11705.0   74790.9    3896.4   50000.0 ]
[24-10-31 15:25:52] 505    -3898.37 [    24150.5   11705.0   74790.9    3896.4   50000.0 ]
[24-10-31 15:25:52] 506    -3898.37 [    24150.5   11705.0   74790.9    3896.4   50000.0 ]
[24-10-31 15:25:52] 507    -3898.37 [    24150.5   11705.0   74790.9    3896.4   50000.0 ]
[24-10-31 15:25:53] 508    -3898.37 [    24150.5   11705.0   74790.9    3896.4   50000.0 ]
[24-10-31 15:25:53] 509    -3898.37 [    24150.5   11705.0   74790.9    3896.4   50000.0 ]
[24-10-31 15:25:53] 510    -3898.37 [    24150.5   11705.0   74790.9    3896.4   50000.0 ]
[24-10-31 15:25:53] 511    -3898.37 [    24150.5   11705.0   74790.9    3896.4   50000.0 ]
[24-10-31 15:25:54] 512    -3887.11 [    24254.1   11901.7   73553.1    3833.2   50000.0 ]
[24-10-31 15:25:54] 513    -3898.37 [    24150.5   11705.0   74790.9    3896.4   50000.0 ]
[24-10-31 15:25:54] 514    -3887.11 [    24254.1   11901.7   73553.1    3833.2   50000.0 ]
[24-10-31 15:25:54] 515    -3869.25 [    24421.7   12219.9   71550.4    3730.8   50000.0 ]
[24-10-31 15:25:55] 518    -3770.16 [    25440.2   14154.0   59377.8    3108.5   50000.0 ]
[24-10-31 15:25:55] 519    -3817.61 [    24930.9   13187.0   65464.1    3419.6   50000.0 ]
[24-10-31 15:25:55] 520    -3717.83 [    26069.7   15349.4   51854.7    2723.9   50000.0 ]
[24-10-31 15:25:55] 521    -3689.46 [    26458.8   16088.2   47205.2    2486.2   50000.0 ]
[24-10-31 15:25:56] 522    -3673.66 [    26699.2   16544.8   44331.6    2339.2   50000.0 ]
[24-10-31 15:25:56] 523    -3664.65 [    26847.8   16827.0   42555.7    2248.5   50000.0 ]
[24-10-31 15:25:56] 524    -3659.38 [    26939.6   17001.4   41458.1    2192.3   50000.0 ]
[24-10-31 15:25:56] 525    -3656.25 [    26996.4   17109.1   40779.7    2157.7   50000.0 ]
[24-10-31 15:25:57] 526    -3654.37 [    27031.5   17175.8   40360.5    2136.2   50000.0 ]
[24-10-31 15:25:57] 527    -3654.37 [    27031.5   17175.8   40360.5    2136.2   50000.0 ]
[24-10-31 15:25:57] 528    -3654.37 [    27032.5   17175.8   40360.5    2136.2   50000.0 ]
[24-10-31 15:25:57] 529    -3654.36 [    27034.1   17175.8   40360.5    2136.2   50000.0 ]
[24-10-31 15:25:58] 530    -3654.11 [    27210.5   17175.8   40360.5    2136.2   50000.0 ]
[24-10-31 15:25:58] 531    -3653.99 [    27425.3   17175.8   40360.5    2136.2   50000.0 ]
[24-10-31 15:25:58] 532    -3654.24 [    27772.9   17175.8   40360.5    2136.2   50000.0 ]
[24-10-31 15:25:58] 533    -3654.02 [    27558.1   17175.8   40360.5    2136.2   50000.0 ]
[24-10-31 15:25:59] 534    -3654.01 [    27343.2   17175.8   40360.5    2136.2   50000.0 ]
[24-10-31 15:25:59] 535    -3653.99 [    27437.0   17175.8   40360.5    2136.2   50000.0 ]
[24-10-31 15:25:59] 536    -3653.99 [    27433.0   17175.8   40360.5    2136.2   50000.0 ]
[24-10-31 15:25:59] 537    -3653.99 [    27441.1   17175.8   40360.5    2136.2   50000.0 ]
[24-10-31 15:26:00] 538    -3653.99 [    27437.0   17175.8   40360.5    2136.2   50000.0 ]
[24-10-31 15:26:00] 539    -3653.99 [    27437.0   17176.8   40360.5    2136.2   50000.0 ]
[24-10-31 15:26:00] 540    -3653.99 [    27437.0   17178.4   40360.5    2136.2   50000.0 ]
[24-10-31 15:26:00] 541    -3653.98 [    27437.0   17192.7   40360.5    2136.2   50000.0 ]
[24-10-31 15:26:01] 542     -3654.0 [    27437.0   17216.0   40360.5    2136.2   50000.0 ]
[24-10-31 15:26:01] 543    -3653.98 [    27437.0   17201.6   40360.5    2136.2   50000.0 ]
[24-10-31 15:26:01] 544    -3653.98 [    27437.0   17187.3   40360.5    2136.2   50000.0 ]
[24-10-31 15:26:01] 545    -3653.98 [    27437.0   17192.9   40360.5    2136.2   50000.0 ]
[24-10-31 15:26:02] 546    -3653.98 [    27437.0   17192.6   40360.5    2136.2   50000.0 ]
[24-10-31 15:26:02] 547    -3653.98 [    27437.0   17192.7   40360.5    2136.2   50000.0 ]
[24-10-31 15:26:02] 549    -3653.99 [    27437.0   17192.7   40360.5    2136.2   49998.4 ]
[24-10-31 15:26:03] 550    -3653.98 [    27437.0   17192.7   40360.5    2136.2   49999.4 ]
[24-10-31 15:26:03] 552    -3653.98 [    27437.0   17192.7   40360.5    2136.2   49999.7 ]
[24-10-31 15:26:03] 554    -3653.98 [    27437.0   17192.7   40360.5    2136.2   49999.9 ]
[24-10-31 15:26:04] 556    -3653.98 [    27437.0   17192.7   40360.5    2136.2   50000.0 ]
[24-10-31 15:26:04] 558    -3653.98 [    27437.0   17192.7   40360.5    2136.2   50000.0 ]
[24-10-31 15:26:04] 560    -3653.98 [    27437.0   17192.7   40360.5    2136.2   50000.0 ]
[24-10-31 15:26:05] 562    -3653.98 [    27437.0   17192.7   40360.5    2136.2   50000.0 ]
[24-10-31 15:26:05] 564    -3653.98 [    27437.0   17192.7   40360.5    2136.2   50000.0 ]
[24-10-31 15:26:05] 566    -3653.98 [    27437.0   17192.7   40360.5    2136.2   50000.0 ]
[24-10-31 15:26:05] 568    -3653.98 [    27437.0   17192.7   40360.5    2136.2   50000.0 ]
[24-10-31 15:26:06] 570    -3653.98 [    27437.0   17192.7   40360.5    2136.2   50000.0 ]
[24-10-31 15:26:06] 572    -3653.98 [    27437.0   17192.7   40360.5    2136.2   50000.0 ]
[24-10-31 15:26:06] 574    -3653.98 [    27437.0   17192.7   40360.5    2136.2   50000.0 ]
[24-10-31 15:26:07] 576    -3653.98 [    27437.0   17192.7   40360.5    2136.2   50000.0 ]
[24-10-31 15:26:07] 578    -3653.98 [    27437.0   17192.7   40360.5    2136.2   50000.0 ]
[24-10-31 15:26:07] 580    -3653.98 [    27437.0   17192.7   40360.5    2136.2   50000.0 ]
[24-10-31 15:26:08] 582    -3653.98 [    27437.0   17192.7   40360.5    2136.2   50000.0 ]
[24-10-31 15:26:08] 583    -3653.98 [    27437.0   17192.7   40360.5    2136.2   50000.0 ]
[24-10-31 15:26:08] 584    -3653.98 [    27437.0   17192.7   40360.5    2136.2   50000.0 ]
[24-10-31 15:26:08] 586    -3653.98 [    27437.0   17192.7   40360.5    2136.2   50000.0 ]
[24-10-31 15:26:09] 587    -3653.98 [    27437.0   17192.7   40360.5    2136.2   50000.0 ]
[24-10-31 15:26:09] 588    -3653.98 [    27437.0   17192.7   40360.5    2136.2   50000.0 ]
[24-10-31 15:26:09] 589    -3653.98 [    27437.0   17192.7   40360.5    2136.2   50000.0 ]
[24-10-31 15:26:09] 590    -3653.98 [    27437.0   17192.7   40360.5    2136.2   50000.0 ]
[24-10-31 15:26:10] 591    -3654.16 [    27437.0   17192.7   40360.5    2137.2   50000.0 ]
[24-10-31 15:26:10] 592     -3653.7 [    27437.0   17192.7   40360.5    2134.6   50000.0 ]
[24-10-31 15:26:10] 593     -3650.8 [    27437.0   17192.7   40360.5    2099.6   50000.0 ]
[24-10-31 15:26:10] 594    -3659.99 [    27437.0   17192.7   40360.5    2043.0   50000.0 ]
[24-10-31 15:26:11] 595     -3652.2 [    27437.0   17192.7   40360.5    2078.0   50000.0 ]
[24-10-31 15:26:11] 596    -3651.17 [    27437.0   17192.7   40360.5    2113.0   50000.0 ]
[24-10-31 15:26:11] 597    -3650.79 [    27437.0   17192.7   40360.5    2101.1   50000.0 ]
[24-10-31 15:26:11] 598    -3650.79 [    27437.0   17192.7   40360.5    2100.7   50000.0 ]
[24-10-31 15:26:12] 599    -3650.79 [    27437.0   17192.7   40360.5    2101.4   50000.0 ]
[24-10-31 15:26:12] 600    -3650.79 [    27437.0   17192.7   40360.5    2101.1   50000.0 ]
[24-10-31 15:26:12] 607    -3649.61 [    27457.1   17230.9   40120.6    2088.8   50000.0 ]
[24-10-31 15:26:13] 608     -3650.2 [    27447.1   17211.8   40240.5    2094.9   50000.0 ]
[24-10-31 15:26:13] 612    -3649.17 [    27464.8   17245.4   40029.0    2084.1   50000.0 ]
[24-10-31 15:26:13] 614    -3649.34 [    27461.9   17239.9   40064.0    2085.9   50000.0 ]
[24-10-31 15:26:13] 615    -3649.06 [    27466.6   17248.8   40007.4    2083.0   50000.0 ]
[24-10-31 15:26:14] 617     -3649.1 [    27465.9   17247.5   40015.6    2083.4   50000.0 ]
[24-10-31 15:26:14] 618    -3649.04 [    27467.0   17249.7   40002.3    2082.7   50000.0 ]
[24-10-31 15:26:14] 621    -3649.04 [    27467.0   17249.7   40002.3    2082.7   50000.0 ]
[24-10-31 15:26:14] 622    -3649.04 [    27468.0   17249.7   40002.3    2082.7   50000.0 ]
[24-10-31 15:26:15] 623    -3649.04 [    27469.6   17249.7   40002.3    2082.7   50000.0 ]
[24-10-31 15:26:15] 624    -3649.02 [    27553.4   17249.7   40002.3    2082.7   50000.0 ]
[24-10-31 15:26:15] 625    -3649.06 [    27688.9   17249.7   40002.3    2082.7   50000.0 ]
[24-10-31 15:26:15] 626    -3649.03 [    27605.1   17249.7   40002.3    2082.7   50000.0 ]
[24-10-31 15:26:16] 627    -3649.02 [    27521.4   17249.7   40002.3    2082.7   50000.0 ]
[24-10-31 15:26:16] 628    -3649.02 [    27554.2   17249.7   40002.3    2082.7   50000.0 ]
[24-10-31 15:26:16] 629    -3649.02 [    27555.1   17249.7   40002.3    2082.7   50000.0 ]
[24-10-31 15:26:17] 630    -3649.02 [    27554.2   17249.7   40002.3    2082.7   50000.0 ]
[24-10-31 15:26:17] 631    -3649.01 [    27554.2   17250.7   40002.3    2082.7   50000.0 ]
[24-10-31 15:26:17] 632     -3649.0 [    27554.2   17252.3   40002.3    2082.7   50000.0 ]
[24-10-31 15:26:18] 633    -3648.79 [    27554.2   17321.5   40002.3    2082.7   50000.0 ]
[24-10-31 15:26:18] 634    -3649.32 [    27554.2   17433.5   40002.3    2082.7   50000.0 ]
[24-10-31 15:26:18] 635    -3648.86 [    27554.2   17364.3   40002.3    2082.7   50000.0 ]
[24-10-31 15:26:18] 636    -3648.82 [    27554.2   17295.1   40002.3    2082.7   50000.0 ]
[24-10-31 15:26:19] 637    -3648.79 [    27554.2   17322.3   40002.3    2082.7   50000.0 ]
[24-10-31 15:26:19] 638    -3648.79 [    27554.2   17323.1   40002.3    2082.7   50000.0 ]
[24-10-31 15:26:19] 639    -3648.79 [    27554.2   17322.3   40002.3    2082.7   50000.0 ]
[24-10-31 15:26:19] 641    -3648.79 [    27554.2   17322.3   40002.3    2082.7   49998.4 ]
[24-10-31 15:26:20] 642    -3648.79 [    27554.2   17322.3   40002.3    2082.7   49999.4 ]
[24-10-31 15:26:20] 644    -3648.79 [    27554.2   17322.3   40002.3    2082.7   49999.7 ]
[24-10-31 15:26:20] 646    -3648.79 [    27554.2   17322.3   40002.3    2082.7   49999.9 ]
[24-10-31 15:26:20] 648    -3648.79 [    27554.2   17322.3   40002.3    2082.7   50000.0 ]
[24-10-31 15:26:21] 650    -3648.79 [    27554.2   17322.3   40002.3    2082.7   50000.0 ]
[24-10-31 15:26:21] 652    -3648.79 [    27554.2   17322.3   40002.3    2082.7   50000.0 ]
[24-10-31 15:26:21] 654    -3648.79 [    27554.2   17322.3   40002.3    2082.7   50000.0 ]
[24-10-31 15:26:21] 656    -3648.79 [    27554.2   17322.3   40002.3    2082.7   50000.0 ]
[24-10-31 15:26:22] 658    -3648.79 [    27554.2   17322.3   40002.3    2082.7   50000.0 ]
[24-10-31 15:26:22] 660    -3648.79 [    27554.2   17322.3   40002.3    2082.7   50000.0 ]
[24-10-31 15:26:22] 662    -3648.79 [    27554.2   17322.3   40002.3    2082.7   50000.0 ]
[24-10-31 15:26:22] 664    -3648.79 [    27554.2   17322.3   40002.3    2082.7   50000.0 ]
[24-10-31 15:26:23] 666    -3648.79 [    27554.2   17322.3   40002.3    2082.7   50000.0 ]
[24-10-31 15:26:23] 668    -3648.79 [    27554.2   17322.3   40002.3    2082.7   50000.0 ]
[24-10-31 15:26:23] 670    -3648.79 [    27554.2   17322.3   40002.3    2082.7   50000.0 ]
[24-10-31 15:26:23] 672    -3648.79 [    27554.2   17322.3   40002.3    2082.7   50000.0 ]
[24-10-31 15:26:24] 674    -3648.79 [    27554.2   17322.3   40002.3    2082.7   50000.0 ]
[24-10-31 15:26:24] 676    -3648.79 [    27554.2   17322.3   40002.3    2082.7   50000.0 ]
[24-10-31 15:26:24] 678    -3648.79 [    27554.2   17322.3   40002.3    2082.7   50000.0 ]
[24-10-31 15:26:24] 679    -3648.79 [    27554.2   17322.3   40002.3    2082.7   50000.0 ]
[24-10-31 15:26:25] 681    -3648.79 [    27554.2   17322.3   40002.3    2082.7   50000.0 ]
[24-10-31 15:26:25] 682    -3648.79 [    27554.2   17322.3   40002.3    2082.7   50000.0 ]
[24-10-31 15:26:25] 683    -3648.79 [    27554.2   17322.3   40002.3    2082.7   50000.0 ]
[24-10-31 15:26:25] 684    -3648.79 [    27554.2   17322.3   40002.3    2082.7   50000.0 ]
[24-10-31 15:26:26] 685    -3648.79 [    27554.2   17322.3   40002.3    2082.7   50000.0 ]
[24-10-31 15:26:26] 686    -3648.79 [    27554.2   17322.3   40002.3    2082.7   50000.0 ]
[24-10-31 15:26:26] 687    -3648.79 [    27554.2   17322.3   40002.3    2082.7   50000.0 ]
[24-10-31 15:26:26] 688    -3648.79 [    27554.2   17322.3   40002.3    2082.7   50000.0 ]
[24-10-31 15:26:27] 689    -3648.79 [    27554.2   17322.3   40002.3    2082.7   50000.0 ]
[24-10-31 15:26:27] 690    -3648.79 [    27554.2   17322.3   40002.3    2082.7   50000.0 ]
[24-10-31 15:26:27] 691     -3648.8 [    27554.2   17322.3   40002.3    2083.7   50000.0 ]
[24-10-31 15:26:27] 692    -3648.76 [    27554.2   17322.3   40002.3    2081.1   50000.0 ]
[24-10-31 15:26:28] 693    -3648.76 [    27554.2   17322.3   40002.3    2079.6   50000.0 ]
[24-10-31 15:26:28] 694    -3648.78 [    27554.2   17322.3   40002.3    2077.0   50000.0 ]
[24-10-31 15:26:28] 695    -3648.76 [    27554.2   17322.3   40002.3    2078.6   50000.0 ]
[24-10-31 15:26:28] 696    -3648.76 [    27554.2   17322.3   40002.3    2080.2   50000.0 ]
[24-10-31 15:26:29] 697    -3648.76 [    27554.2   17322.3   40002.3    2079.6   50000.0 ]
[24-10-31 15:26:29] 698    -3648.76 [    27554.2   17322.3   40002.3    2079.5   50000.0 ]
[24-10-31 15:26:29] 699    -3648.76 [    27554.2   17322.3   40002.3    2079.6   50000.0 ]
[24-10-31 15:26:29] 707    -3656.47 [    27424.3   17075.7   41554.6    2158.9   50000.0 ]
[24-10-31 15:26:30] 708    -3652.57 [    27489.3   17199.0   40778.4    2119.2   50000.0 ]
[24-10-31 15:26:30] 709     -3650.2 [    27529.4   17275.2   40298.7    2094.7   50000.0 ]
[24-10-31 15:26:30] 710    -3649.31 [    27544.8   17304.4   40115.5    2085.3   50000.0 ]
[24-10-31 15:26:30] 712    -3648.97 [    27550.6   17315.5   40045.5    2081.8   50000.0 ]
[24-10-31 15:26:31] 714    -3648.84 [    27552.9   17319.7   40018.8    2080.4   50000.0 ]
[24-10-31 15:26:31] 716    -3648.79 [    27553.7   17321.3   40008.6    2079.9   50000.0 ]
[24-10-31 15:26:31] 718    -3648.77 [    27554.0   17322.0   40004.7    2079.7   50000.0 ]
[24-10-31 15:26:31] 719    -3648.75 [    27554.4   17322.7   40000.3    2079.5   50000.0 ]
[24-10-31 15:26:32] 721    -3648.75 [    27554.3   17322.5   40001.1    2079.5   50000.0 ]
[24-10-31 15:26:32] 723    -3648.75 [    27554.4   17322.6   40000.6    2079.5   50000.0 ]
[24-10-31 15:26:32] 724    -3648.75 [    27554.4   17322.7   40000.2    2079.4   50000.0 ]
[24-10-31 15:26:32] 725    -3648.75 [    27554.4   17322.7   40000.0    2079.4   50000.0 ]
[24-10-31 15:26:33] 727    -3648.75 [    27554.4   17322.7   40000.1    2079.4   50000.0 ]
[24-10-31 15:26:33] 728    -3648.75 [    27554.4   17322.7   40000.0    2079.4   50000.0 ]
Optimization terminated successfully.
         Current function value: 3648.746999
         Iterations: 9
         Function evaluations: 728
[24-10-31 15:26:33] 728      fit p: [    27554.4   17322.7   40000.0    2079.4   50000.0 ]
method: Powell
objective_func: objective_H2
fopt: -3648.746999224174
max_iter: 100
num_iter: 9
func_calls: 728
flag: 0
u_fitted: False
u: 1.111e-08
