[24-10-31 14:58:38] fitting objective_H2 to data for demes ['French', 'KhomaniSan', 'Yoruba']
[24-10-31 14:58:38] 0        pnames [         NK       NFY       TFY        NF        NY ]
[24-10-31 14:58:38] 0            p0 [    15694.8   22425.2   42560.7    6039.5   27691.8 ]
[24-10-31 14:58:38] 1     -14373.35 [    15694.8   22425.2   42560.7    6039.5   27691.8 ]
[24-10-31 14:58:38] 2     -14373.35 [    15694.8   22425.2   42560.7    6039.5   27691.8 ]
[24-10-31 14:58:39] 3     -14373.09 [    15695.8   22425.2   42560.7    6039.5   27691.8 ]
[24-10-31 14:58:39] 4     -14372.67 [    15697.4   22425.2   42560.7    6039.5   27691.8 ]
[24-10-31 14:58:39] 5     -14327.57 [    15873.8   22425.2   42560.7    6039.5   27691.8 ]
[24-10-31 14:58:39] 6     -13662.18 [    20004.8   22425.2   42560.7    6039.5   27691.8 ]
[24-10-31 14:58:40] 7     -13351.41 [    26689.0   22425.2   42560.7    6039.5   27691.8 ]
[24-10-31 14:58:40] 8     -13372.36 [    25541.2   22425.2   42560.7    6039.5   27691.8 ]
[24-10-31 14:58:40] 9     -13387.43 [    37504.2   22425.2   42560.7    6039.5   27691.8 ]
[24-10-31 14:58:40] 10    -13330.42 [    30820.0   22425.2   42560.7    6039.5   27691.8 ]
[24-10-31 14:58:41] 11    -13343.91 [    33373.1   22425.2   42560.7    6039.5   27691.8 ]
[24-10-31 14:58:41] 12     -13329.7 [    30393.0   22425.2   42560.7    6039.5   27691.8 ]
[24-10-31 14:58:41] 13    -13329.53 [    29896.4   22425.2   42560.7    6039.5   27691.8 ]
[24-10-31 14:58:41] 14     -13329.5 [    30038.4   22425.2   42560.7    6039.5   27691.8 ]
[24-10-31 14:58:42] 15    -13329.53 [    30181.9   22425.2   42560.7    6039.5   27691.8 ]
[24-10-31 14:58:42] 16     -13329.5 [    30038.4   22425.2   42560.7    6039.5   27691.8 ]
[24-10-31 14:58:42] 17    -13329.96 [    30038.4   22426.2   42560.7    6039.5   27691.8 ]
[24-10-31 14:58:42] 18    -13328.75 [    30038.4   22423.5   42560.7    6039.5   27691.8 ]
[24-10-31 14:58:43] 19    -13327.55 [    30038.4   22420.9   42560.7    6039.5   27691.8 ]
[24-10-31 14:58:43] 20     -13325.6 [    30038.4   22416.7   42560.7    6039.5   27691.8 ]
[24-10-31 14:58:43] 21    -13322.45 [    30038.4   22409.8   42560.7    6039.5   27691.8 ]
[24-10-31 14:58:43] 22    -13317.35 [    30038.4   22398.7   42560.7    6039.5   27691.8 ]
[24-10-31 14:58:44] 23     -13309.1 [    30038.4   22380.8   42560.7    6039.5   27691.8 ]
[24-10-31 14:58:44] 24    -13295.75 [    30038.4   22351.8   42560.7    6039.5   27691.8 ]
[24-10-31 14:58:44] 25    -13274.14 [    30038.4   22304.8   42560.7    6039.5   27691.8 ]
[24-10-31 14:58:44] 26    -13239.17 [    30038.4   22228.8   42560.7    6039.5   27691.8 ]
[24-10-31 14:58:44] 27    -13182.56 [    30038.4   22105.8   42560.7    6039.5   27691.8 ]
[24-10-31 14:58:45] 28    -13090.93 [    30038.4   21906.8   42560.7    6039.5   27691.8 ]
[24-10-31 14:58:45] 29    -12942.66 [    30038.4   21584.8   42560.7    6039.5   27691.8 ]
[24-10-31 14:58:45] 30    -12703.13 [    30038.4   21063.8   42560.7    6039.5   27691.8 ]
[24-10-31 14:58:45] 33    -10492.65 [    30038.4   12778.3   42560.7    6039.5   27691.8 ]
[24-10-31 14:58:46] 34    -10950.94 [    30038.4   16921.1   42560.7    6039.5   27691.8 ]
[24-10-31 14:58:46] 35    -10369.46 [    30038.4   13382.4   42560.7    6039.5   27691.8 ]
[24-10-31 14:58:46] 36    -10342.81 [    30038.4   14227.5   42560.7    6039.5   27691.8 ]
[24-10-31 14:58:46] 37    -10335.48 [    30038.4   13937.4   42560.7    6039.5   27691.8 ]
[24-10-31 14:58:47] 38    -10335.99 [    30038.4   14022.3   42560.7    6039.5   27691.8 ]
[24-10-31 14:58:47] 39     -10336.4 [    30038.4   13852.6   42560.7    6039.5   27691.8 ]
[24-10-31 14:58:47] 40    -10335.48 [    30038.4   13937.4   42560.7    6039.5   27691.8 ]
[24-10-31 14:58:47] 41    -10335.34 [    30038.4   13937.4   42561.7    6039.5   27691.8 ]
[24-10-31 14:58:48] 42     -10335.1 [    30038.4   13937.4   42563.3    6039.5   27691.8 ]
[24-10-31 14:58:48] 43    -10309.72 [    30038.4   13937.4   42739.6    6039.5   27691.8 ]
[24-10-31 14:58:48] 44      -8220.9 [    30038.4   13937.4   61963.5    6039.5   27691.8 ]
[24-10-31 14:58:48] 45      -7502.1 [    30038.4   13937.4   82218.9    6039.5   27691.8 ]
[24-10-31 14:58:48] 46     -9655.73 [    30038.4   13937.4  114992.8    6039.5   27691.8 ]
[24-10-31 14:58:49] 47     -7834.21 [    30038.4   13937.4   94737.4    6039.5   27691.8 ]
[24-10-31 14:58:49] 48     -7594.82 [    30038.4   13937.4   74482.0    6039.5   27691.8 ]
[24-10-31 14:58:49] 49     -7501.17 [    30038.4   13937.4   81501.9    6039.5   27691.8 ]
[24-10-31 14:58:49] 50     -7501.49 [    30038.4   13937.4   81112.5    6039.5   27691.8 ]
[24-10-31 14:58:50] 51     -7501.17 [    30038.4   13937.4   81501.9    6039.5   27691.8 ]
[24-10-31 14:58:50] 52     -7502.68 [    30038.4   13937.4   81501.9    6040.5   27691.8 ]
[24-10-31 14:58:50] 53     -7498.73 [    30038.4   13937.4   81501.9    6037.9   27691.8 ]
[24-10-31 14:58:50] 54     -7234.23 [    30038.4   13937.4   81501.9    5861.5   27691.8 ]
[24-10-31 14:58:51] 57     -5381.34 [    30038.4   13937.4   81501.9    3355.1   27691.8 ]
[24-10-31 14:58:51] 58      -5581.6 [    30038.4   13937.4   81501.9    4608.3   27691.8 ]
[24-10-31 14:58:51] 59     -5126.52 [    30038.4   13937.4   81501.9    3809.0   27691.8 ]
[24-10-31 14:58:51] 60     -5130.99 [    30038.4   13937.4   81501.9    3893.2   27691.8 ]
[24-10-31 14:58:52] 61     -5126.39 [    30038.4   13937.4   81501.9    3831.3   27691.8 ]
[24-10-31 14:58:52] 62     -5127.21 [    30038.4   13937.4   81501.9    3853.3   27691.8 ]
[24-10-31 14:58:52] 63     -5126.39 [    30038.4   13937.4   81501.9    3831.3   27691.8 ]
[24-10-31 14:58:52] 64     -5126.31 [    30038.4   13937.4   81501.9    3831.3   27692.8 ]
[24-10-31 14:58:53] 65     -5126.18 [    30038.4   13937.4   81501.9    3831.3   27694.4 ]
[24-10-31 14:58:53] 66     -5111.65 [    30038.4   13937.4   81501.9    3831.3   27870.8 ]
[24-10-31 14:58:53] 67     -4685.15 [    30038.4   13937.4   81501.9    3831.3   35906.5 ]
[24-10-31 14:58:53] 68     -4442.25 [    30038.4   13937.4   81501.9    3831.3   48908.6 ]
[24-10-31 14:58:54] 69     -4449.99 [    30038.4   13937.4   81501.9    3831.3   48121.4 ]
[24-10-31 14:58:54] 72     -4502.07 [    30038.4   13937.4   81501.9    3831.3   43942.3 ]
[24-10-31 14:58:54] 73     -4468.72 [    30038.4   13937.4   81501.9    3831.3   46425.5 ]
[24-10-31 14:58:54] 76     -4451.65 [    30038.4   13937.4   81501.9    3831.3   47960.1 ]
[24-10-31 14:58:54] 77     -4438.08 [    30038.4   13937.4   81501.9    3831.3   49356.5 ]
[24-10-31 14:58:55] 78      -4435.6 [    30038.4   13937.4   81501.9    3831.3   49633.2 ]
[24-10-31 14:58:55] 79     -4433.67 [    30038.4   13937.4   81501.9    3831.3   49852.6 ]
[24-10-31 14:58:55] 81     -4433.67 [    30038.4   13937.4   81501.9    3831.3   49852.6 ]
[24-10-31 14:58:55] 82     -4433.66 [    30039.4   13937.4   81501.9    3831.3   49852.6 ]
[24-10-31 14:58:56] 83     -4433.65 [    30041.0   13937.4   81501.9    3831.3   49852.6 ]
[24-10-31 14:58:56] 84     -4432.64 [    30217.4   13937.4   81501.9    3831.3   49852.6 ]
[24-10-31 14:58:56] 85     -4427.97 [    31769.7   13937.4   81501.9    3831.3   49852.6 ]
[24-10-31 14:58:56] 86     -4433.18 [    34281.3   13937.4   81501.9    3831.3   49852.6 ]
[24-10-31 14:58:57] 87     -4428.36 [    32729.0   13937.4   81501.9    3831.3   49852.6 ]
[24-10-31 14:58:57] 88      -4428.9 [    31176.8   13937.4   81501.9    3831.3   49852.6 ]
[24-10-31 14:58:57] 89     -4427.85 [    32089.8   13937.4   81501.9    3831.3   49852.6 ]
[24-10-31 14:58:57] 90     -4427.85 [    32069.3   13937.4   81501.9    3831.3   49852.6 ]
[24-10-31 14:58:58] 91     -4427.85 [    32049.0   13937.4   81501.9    3831.3   49852.6 ]
[24-10-31 14:58:58] 92     -4427.85 [    32069.3   13937.4   81501.9    3831.3   49852.6 ]
[24-10-31 14:58:58] 93     -4428.07 [    32069.3   13938.4   81501.9    3831.3   49852.6 ]
[24-10-31 14:58:58] 94     -4427.48 [    32069.3   13935.8   81501.9    3831.3   49852.6 ]
[24-10-31 14:58:59] 95     -4388.66 [    32069.3   13759.5   81501.9    3831.3   49852.6 ]
[24-10-31 14:58:59] 96      -4446.0 [    32069.3    9967.6   81501.9    3831.3   49852.6 ]
[24-10-31 14:58:59] 97     -4158.34 [    32069.3   12311.1   81501.9    3831.3   49852.6 ]
[24-10-31 14:58:59] 98      -4135.0 [    32069.3   11415.9   81501.9    3831.3   49852.6 ]
[24-10-31 14:58:59] 99     -4129.25 [    32069.3   11633.7   81501.9    3831.3   49852.6 ]
[24-10-31 14:59:00] 100    -4129.08 [    32069.3   11695.3   81501.9    3831.3   49852.6 ]
[24-10-31 14:59:00] 101    -4129.07 [    32069.3   11672.9   81501.9    3831.3   49852.6 ]
[24-10-31 14:59:00] 102    -4129.07 [    32069.3   11672.9   81501.9    3831.3   49852.6 ]
[24-10-31 14:59:00] 103    -4129.11 [    32069.3   11672.9   81502.9    3831.3   49852.6 ]
[24-10-31 14:59:01] 104    -4129.01 [    32069.3   11672.9   81500.3    3831.3   49852.6 ]
[24-10-31 14:59:01] 105    -4123.03 [    32069.3   11672.9   81323.9    3831.3   49852.6 ]
[24-10-31 14:59:01] 106    -4031.46 [    32069.3   11672.9   75827.4    3831.3   49852.6 ]
[24-10-31 14:59:01] 107    -4275.74 [    32069.3   11672.9   66933.9    3831.3   49852.6 ]
[24-10-31 14:59:02] 108    -4067.25 [    32069.3   11672.9   72430.4    3831.3   49852.6 ]
[24-10-31 14:59:02] 109    -4044.69 [    32069.3   11672.9   77926.9    3831.3   49852.6 ]
[24-10-31 14:59:02] 110    -4031.46 [    32069.3   11672.9   75884.2    3831.3   49852.6 ]
[24-10-31 14:59:02] 111    -4031.48 [    32069.3   11672.9   75770.7    3831.3   49852.6 ]
[24-10-31 14:59:03] 112    -4031.46 [    32069.3   11672.9   75827.4    3831.3   49852.6 ]
[24-10-31 14:59:03] 113    -4031.32 [    32069.3   11672.9   75827.4    3832.3   49852.6 ]
[24-10-31 14:59:03] 114    -4031.08 [    32069.3   11672.9   75827.4    3833.9   49852.6 ]
[24-10-31 14:59:03] 115    -4025.09 [    32069.3   11672.9   75827.4    3916.0   49852.6 ]
[24-10-31 14:59:04] 116    -4037.39 [    32069.3   11672.9   75827.4    4048.8   49852.6 ]
[24-10-31 14:59:04] 117    -4026.74 [    32069.3   11672.9   75827.4    3966.7   49852.6 ]
[24-10-31 14:59:04] 118    -4026.08 [    32069.3   11672.9   75827.4    3884.6   49852.6 ]
[24-10-31 14:59:04] 119    -4025.08 [    32069.3   11672.9   75827.4    3920.5   49852.6 ]
[24-10-31 14:59:05] 120    -4025.08 [    32069.3   11672.9   75827.4    3919.6   49852.6 ]
[24-10-31 14:59:05] 121    -4025.08 [    32069.3   11672.9   75827.4    3921.4   49852.6 ]
[24-10-31 14:59:05] 122    -4025.08 [    32069.3   11672.9   75827.4    3920.5   49852.6 ]
[24-10-31 14:59:05] 123    -4025.06 [    32069.3   11672.9   75827.4    3920.5   49853.6 ]
[24-10-31 14:59:06] 124    -4025.03 [    32069.3   11672.9   75827.4    3920.5   49855.3 ]
[24-10-31 14:59:06] 126    -4023.75 [    32069.3   11672.9   75827.4    3920.5   49922.6 ]
[24-10-31 14:59:06] 127    -4022.97 [    32069.3   11672.9   75827.4    3920.5   49964.3 ]
[24-10-31 14:59:06] 128    -4022.49 [    32069.3   11672.9   75827.4    3920.5   49990.0 ]
[24-10-31 14:59:07] 130    -4022.67 [    32069.3   11672.9   75827.4    3920.5   49980.2 ]
[24-10-31 14:59:07] 131    -4022.37 [    32069.3   11672.9   75827.4    3920.5   49996.1 ]
[24-10-31 14:59:07] 132     -4022.3 [    32069.3   11672.9   75827.4    3920.5   49999.8 ]
[24-10-31 14:59:07] 134    -4022.33 [    32069.3   11672.9   75827.4    3920.5   49998.3 ]
[24-10-31 14:59:08] 136     -4022.3 [    32069.3   11672.9   75827.4    3920.5   49999.8 ]
[24-10-31 14:59:08] 137    -4022.33 [    32070.3   11672.9   75827.4    3920.5   49999.8 ]
[24-10-31 14:59:08] 138    -4022.26 [    32067.7   11672.9   75827.4    3920.5   49999.8 ]
[24-10-31 14:59:08] 139    -4018.01 [    31891.3   11672.9   75827.4    3920.5   49999.8 ]
[24-10-31 14:59:09] 140    -5410.86 [    12667.5   11672.9   75827.4    3920.5   49999.8 ]
[24-10-31 14:59:09] 141    -3904.36 [    24548.5   11672.9   75827.4    3920.5   49999.8 ]
[24-10-31 14:59:09] 142    -4001.86 [    20010.3   11672.9   75827.4    3920.5   49999.8 ]
[24-10-31 14:59:10] 143    -3909.14 [    25732.4   11672.9   75827.4    3920.5   49999.8 ]
[24-10-31 14:59:10] 144    -3904.49 [    24688.0   11672.9   75827.4    3920.5   49999.8 ]
[24-10-31 14:59:10] 145    -3904.35 [    24472.8   11672.9   75827.4    3920.5   49999.8 ]
[24-10-31 14:59:10] 146    -3904.38 [    24396.8   11672.9   75827.4    3920.5   49999.8 ]
[24-10-31 14:59:11] 147    -3904.35 [    24472.8   11672.9   75827.4    3920.5   49999.8 ]
[24-10-31 14:59:11] 148    -3904.33 [    24472.8   11673.9   75827.4    3920.5   49999.8 ]
[24-10-31 14:59:11] 149     -3904.3 [    24472.8   11675.5   75827.4    3920.5   49999.8 ]
[24-10-31 14:59:11] 150    -3903.22 [    24472.8   11780.8   75827.4    3920.5   49999.8 ]
[24-10-31 14:59:12] 151    -3905.71 [    24472.8   11951.2   75827.4    3920.5   49999.8 ]
[24-10-31 14:59:12] 152    -3903.57 [    24472.8   11845.9   75827.4    3920.5   49999.8 ]
[24-10-31 14:59:12] 153    -3903.39 [    24472.8   11740.6   75827.4    3920.5   49999.8 ]
[24-10-31 14:59:12] 154    -3903.22 [    24472.8   11783.7   75827.4    3920.5   49999.8 ]
[24-10-31 14:59:13] 155    -3903.22 [    24472.8   11782.6   75827.4    3920.5   49999.8 ]
[24-10-31 14:59:13] 156    -3903.22 [    24472.8   11784.8   75827.4    3920.5   49999.8 ]
[24-10-31 14:59:13] 157    -3903.22 [    24472.8   11783.7   75827.4    3920.5   49999.8 ]
[24-10-31 14:59:13] 158    -3903.23 [    24472.8   11783.7   75828.4    3920.5   49999.8 ]
[24-10-31 14:59:14] 159    -3903.21 [    24472.8   11783.7   75825.8    3920.5   49999.8 ]
[24-10-31 14:59:14] 160    -3901.64 [    24472.8   11783.7   75649.4    3920.5   49999.8 ]
[24-10-31 14:59:14] 161    -3895.88 [    24472.8   11783.7   74267.1    3920.5   49999.8 ]
[24-10-31 14:59:14] 162    -3911.04 [    24472.8   11783.7   72030.5    3920.5   49999.8 ]
[24-10-31 14:59:15] 163     -3898.1 [    24472.8   11783.7   73412.8    3920.5   49999.8 ]
[24-10-31 14:59:15] 164    -3896.72 [    24472.8   11783.7   74795.1    3920.5   49999.8 ]
[24-10-31 14:59:15] 165    -3895.88 [    24472.8   11783.7   74282.7    3920.5   49999.8 ]
[24-10-31 14:59:15] 166    -3895.88 [    24472.8   11783.7   74251.5    3920.5   49999.8 ]
[24-10-31 14:59:15] 167    -3895.88 [    24472.8   11783.7   74267.1    3920.5   49999.8 ]
[24-10-31 14:59:16] 168    -3895.96 [    24472.8   11783.7   74267.1    3921.5   49999.8 ]
[24-10-31 14:59:16] 169    -3895.76 [    24472.8   11783.7   74267.1    3918.9   49999.8 ]
[24-10-31 14:59:16] 170    -3893.83 [    24472.8   11783.7   74267.1    3867.6   49999.8 ]
[24-10-31 14:59:16] 171    -3899.68 [    24472.8   11783.7   74267.1    3784.6   49999.8 ]
[24-10-31 14:59:17] 172    -3894.72 [    24472.8   11783.7   74267.1    3835.9   49999.8 ]
[24-10-31 14:59:17] 173    -3894.09 [    24472.8   11783.7   74267.1    3887.2   49999.8 ]
[24-10-31 14:59:17] 174    -3893.83 [    24472.8   11783.7   74267.1    3869.2   49999.8 ]
[24-10-31 14:59:17] 175    -3893.83 [    24472.8   11783.7   74267.1    3868.7   49999.8 ]
[24-10-31 14:59:18] 176    -3893.83 [    24472.8   11783.7   74267.1    3869.7   49999.8 ]
[24-10-31 14:59:18] 177    -3893.83 [    24472.8   11783.7   74267.1    3869.2   49999.8 ]
[24-10-31 14:59:18] 179    -3893.85 [    24472.8   11783.7   74267.1    3869.2   49998.2 ]
[24-10-31 14:59:18] 180    -3893.84 [    24472.8   11783.7   74267.1    3869.2   49999.2 ]
[24-10-31 14:59:19] 182    -3893.84 [    24472.8   11783.7   74267.1    3869.2   49999.5 ]
[24-10-31 14:59:19] 183    -3893.83 [    24472.8   11783.7   74267.1    3869.2   50000.0 ]
[24-10-31 14:59:19] 185    -3893.83 [    24472.8   11783.7   74267.1    3869.2   49999.9 ]
[24-10-31 14:59:19] 186    -3893.83 [    24472.8   11783.7   74267.1    3869.2   50000.0 ]
[24-10-31 14:59:19] 188    -3893.83 [    24472.8   11783.7   74267.1    3869.2   50000.0 ]
[24-10-31 14:59:20] 190    -3893.83 [    24472.8   11783.7   74267.1    3869.2   50000.0 ]
[24-10-31 14:59:20] 191    -3893.83 [    24472.8   11783.7   74267.1    3869.2   50000.0 ]
[24-10-31 14:59:20] 192    -3893.83 [    24472.8   11783.7   74267.1    3869.2   50000.0 ]
[24-10-31 14:59:20] 194    -3893.83 [    24472.8   11783.7   74267.1    3869.2   50000.0 ]
[24-10-31 14:59:21] 195    -3893.83 [    24473.8   11783.7   74267.1    3869.2   50000.0 ]
[24-10-31 14:59:21] 196    -3893.83 [    24471.1   11783.7   74267.1    3869.2   50000.0 ]
[24-10-31 14:59:21] 197    -3893.71 [    24294.8   11783.7   74267.1    3869.2   50000.0 ]
[24-10-31 14:59:21] 198    -3893.71 [    24287.3   11783.7   74267.1    3869.2   50000.0 ]
[24-10-31 14:59:22] 199    -3893.71 [    24275.1   11783.7   74267.1    3869.2   50000.0 ]
[24-10-31 14:59:22] 200    -3893.71 [    24282.6   11783.7   74267.1    3869.2   50000.0 ]
[24-10-31 14:59:22] 201    -3893.71 [    24290.1   11783.7   74267.1    3869.2   50000.0 ]
[24-10-31 14:59:22] 202    -3893.71 [    24285.4   11783.7   74267.1    3869.2   50000.0 ]
[24-10-31 14:59:23] 203    -3893.71 [    24287.3   11783.7   74267.1    3869.2   50000.0 ]
[24-10-31 14:59:23] 204    -3893.68 [    24287.3   11784.7   74267.1    3869.2   50000.0 ]
[24-10-31 14:59:23] 205    -3893.62 [    24287.3   11786.3   74267.1    3869.2   50000.0 ]
[24-10-31 14:59:23] 206    -3890.19 [    24287.3   11962.7   74267.1    3869.2   50000.0 ]
[24-10-31 14:59:23] 207    -3890.16 [    24287.3   11977.7   74267.1    3869.2   50000.0 ]
[24-10-31 14:59:24] 208     -3890.2 [    24287.3   12002.0   74267.1    3869.2   50000.0 ]
[24-10-31 14:59:24] 209    -3890.16 [    24287.3   11987.0   74267.1    3869.2   50000.0 ]
[24-10-31 14:59:24] 210    -3890.17 [    24287.3   11972.0   74267.1    3869.2   50000.0 ]
[24-10-31 14:59:24] 211    -3890.16 [    24287.3   11981.1   74267.1    3869.2   50000.0 ]
[24-10-31 14:59:25] 212    -3890.16 [    24287.3   11983.0   74267.1    3869.2   50000.0 ]
[24-10-31 14:59:25] 213    -3890.16 [    24287.3   11981.1   74267.1    3869.2   50000.0 ]
[24-10-31 14:59:25] 214    -3890.17 [    24287.3   11981.1   74268.1    3869.2   50000.0 ]
[24-10-31 14:59:25] 215    -3890.15 [    24287.3   11981.1   74265.5    3869.2   50000.0 ]
[24-10-31 14:59:26] 216    -3888.95 [    24287.3   11981.1   74089.1    3869.2   50000.0 ]
[24-10-31 14:59:26] 217    -3885.68 [    24287.3   11981.1   73047.9    3869.2   50000.0 ]
[24-10-31 14:59:26] 218    -3894.28 [    24287.3   11981.1   71363.1    3869.2   50000.0 ]
[24-10-31 14:59:26] 219    -3886.94 [    24287.3   11981.1   72404.3    3869.2   50000.0 ]
[24-10-31 14:59:27] 220    -3886.16 [    24287.3   11981.1   73445.6    3869.2   50000.0 ]
[24-10-31 14:59:27] 221    -3885.68 [    24287.3   11981.1   73060.1    3869.2   50000.0 ]
[24-10-31 14:59:27] 222    -3885.68 [    24287.3   11981.1   73035.7    3869.2   50000.0 ]
[24-10-31 14:59:27] 223    -3885.68 [    24287.3   11981.1   73047.9    3869.2   50000.0 ]
[24-10-31 14:59:27] 224    -3885.78 [    24287.3   11981.1   73047.9    3870.2   50000.0 ]
[24-10-31 14:59:28] 225    -3885.52 [    24287.3   11981.1   73047.9    3867.6   50000.0 ]
[24-10-31 14:59:28] 226    -3882.61 [    24287.3   11981.1   73047.9    3804.8   50000.0 ]
[24-10-31 14:59:28] 227    -3891.79 [    24287.3   11981.1   73047.9    3703.2   50000.0 ]
[24-10-31 14:59:28] 228    -3884.01 [    24287.3   11981.1   73047.9    3766.0   50000.0 ]
[24-10-31 14:59:29] 229    -3882.98 [    24287.3   11981.1   73047.9    3828.8   50000.0 ]
[24-10-31 14:59:29] 230     -3882.6 [    24287.3   11981.1   73047.9    3807.3   50000.0 ]
[24-10-31 14:59:29] 231     -3882.6 [    24287.3   11981.1   73047.9    3806.7   50000.0 ]
[24-10-31 14:59:29] 232     -3882.6 [    24287.3   11981.1   73047.9    3807.9   50000.0 ]
[24-10-31 14:59:30] 233     -3882.6 [    24287.3   11981.1   73047.9    3807.3   50000.0 ]
[24-10-31 14:59:30] 235    -3882.62 [    24287.3   11981.1   73047.9    3807.3   49998.4 ]
[24-10-31 14:59:30] 236    -3882.61 [    24287.3   11981.1   73047.9    3807.3   49999.4 ]
[24-10-31 14:59:30] 238    -3882.61 [    24287.3   11981.1   73047.9    3807.3   49999.7 ]
[24-10-31 14:59:31] 240    -3882.61 [    24287.3   11981.1   73047.9    3807.3   49999.9 ]
[24-10-31 14:59:31] 242     -3882.6 [    24287.3   11981.1   73047.9    3807.3   50000.0 ]
[24-10-31 14:59:31] 244     -3882.6 [    24287.3   11981.1   73047.9    3807.3   50000.0 ]
[24-10-31 14:59:31] 246     -3882.6 [    24287.3   11981.1   73047.9    3807.3   50000.0 ]
[24-10-31 14:59:31] 248     -3882.6 [    24287.3   11981.1   73047.9    3807.3   50000.0 ]
[24-10-31 14:59:32] 249     -3882.6 [    24287.3   11981.1   73047.9    3807.3   50000.0 ]
[24-10-31 14:59:32] 250     -3882.6 [    24287.3   11981.1   73047.9    3807.3   50000.0 ]
[24-10-31 14:59:32] 252     -3882.6 [    24287.3   11981.1   73047.9    3807.3   50000.0 ]
[24-10-31 14:59:32] 254     -3882.6 [    24287.3   11981.1   73047.9    3807.3   50000.0 ]
[24-10-31 14:59:33] 255     -3882.6 [    24287.3   11981.1   73047.9    3807.3   50000.0 ]
[24-10-31 14:59:33] 256     -3882.6 [    24287.3   11981.1   73047.9    3807.3   50000.0 ]
[24-10-31 14:59:33] 257     -3882.6 [    24287.3   11981.1   73047.9    3807.3   50000.0 ]
[24-10-31 14:59:33] 259     -3882.6 [    24287.3   11981.1   73047.9    3807.3   50000.0 ]
[24-10-31 14:59:34] 260     -3882.6 [    24288.3   11981.1   73047.9    3807.3   50000.0 ]
[24-10-31 14:59:34] 261     -3882.6 [    24289.9   11981.1   73047.9    3807.3   50000.0 ]
[24-10-31 14:59:34] 262    -3882.56 [    24398.5   11981.1   73047.9    3807.3   50000.0 ]
[24-10-31 14:59:34] 263    -3882.66 [    24574.2   11981.1   73047.9    3807.3   50000.0 ]
[24-10-31 14:59:35] 264    -3882.57 [    24465.6   11981.1   73047.9    3807.3   50000.0 ]
[24-10-31 14:59:35] 265    -3882.57 [    24357.0   11981.1   73047.9    3807.3   50000.0 ]
[24-10-31 14:59:35] 266    -3882.56 [    24399.9   11981.1   73047.9    3807.3   50000.0 ]
[24-10-31 14:59:35] 267    -3882.56 [    24401.1   11981.1   73047.9    3807.3   50000.0 ]
[24-10-31 14:59:36] 268    -3882.56 [    24399.9   11981.1   73047.9    3807.3   50000.0 ]
[24-10-31 14:59:36] 269    -3882.53 [    24399.9   11982.1   73047.9    3807.3   50000.0 ]
[24-10-31 14:59:36] 270    -3882.47 [    24399.9   11983.7   73047.9    3807.3   50000.0 ]
[24-10-31 14:59:36] 271    -3879.32 [    24399.9   12160.1   73047.9    3807.3   50000.0 ]
[24-10-31 14:59:37] 272    -3879.31 [    24399.9   12169.9   73047.9    3807.3   50000.0 ]
[24-10-31 14:59:37] 273    -3879.32 [    24399.9   12185.8   73047.9    3807.3   50000.0 ]
[24-10-31 14:59:37] 274    -3879.31 [    24399.9   12176.0   73047.9    3807.3   50000.0 ]
[24-10-31 14:59:37] 275    -3879.31 [    24399.9   12166.1   73047.9    3807.3   50000.0 ]
[24-10-31 14:59:38] 276    -3879.31 [    24399.9   12171.8   73047.9    3807.3   50000.0 ]
[24-10-31 14:59:38] 277    -3879.31 [    24399.9   12173.7   73047.9    3807.3   50000.0 ]
[24-10-31 14:59:38] 278    -3879.31 [    24399.9   12173.7   73047.9    3807.3   50000.0 ]
[24-10-31 14:59:38] 279    -3879.32 [    24399.9   12173.7   73048.9    3807.3   50000.0 ]
[24-10-31 14:59:39] 280     -3879.3 [    24399.9   12173.7   73046.2    3807.3   50000.0 ]
[24-10-31 14:59:39] 281    -3878.12 [    24399.9   12173.7   72869.9    3807.3   50000.0 ]
[24-10-31 14:59:39] 282     -3875.0 [    24399.9   12173.7   71852.8    3807.3   50000.0 ]
[24-10-31 14:59:39] 283    -3883.23 [    24399.9   12173.7   70207.2    3807.3   50000.0 ]
[24-10-31 14:59:40] 284     -3876.2 [    24399.9   12173.7   71224.3    3807.3   50000.0 ]
[24-10-31 14:59:40] 285    -3875.45 [    24399.9   12173.7   72241.3    3807.3   50000.0 ]
[24-10-31 14:59:40] 286     -3875.0 [    24399.9   12173.7   71864.8    3807.3   50000.0 ]
[24-10-31 14:59:40] 287     -3875.0 [    24399.9   12173.7   71840.9    3807.3   50000.0 ]
[24-10-31 14:59:40] 288     -3875.0 [    24399.9   12173.7   71852.8    3807.3   50000.0 ]
[24-10-31 14:59:41] 289     -3875.1 [    24399.9   12173.7   71852.8    3808.3   50000.0 ]
[24-10-31 14:59:41] 290    -3874.84 [    24399.9   12173.7   71852.8    3805.7   50000.0 ]
[24-10-31 14:59:41] 291    -3871.86 [    24399.9   12173.7   71852.8    3743.3   50000.0 ]
[24-10-31 14:59:41] 292    -3881.24 [    24399.9   12173.7   71852.8    3642.3   50000.0 ]
[24-10-31 14:59:42] 293    -3873.29 [    24399.9   12173.7   71852.8    3704.7   50000.0 ]
[24-10-31 14:59:42] 294    -3872.25 [    24399.9   12173.7   71852.8    3767.1   50000.0 ]
[24-10-31 14:59:42] 295    -3871.86 [    24399.9   12173.7   71852.8    3745.7   50000.0 ]
[24-10-31 14:59:42] 296    -3871.86 [    24399.9   12173.7   71852.8    3745.1   50000.0 ]
[24-10-31 14:59:43] 297    -3871.86 [    24399.9   12173.7   71852.8    3746.3   50000.0 ]
[24-10-31 14:59:43] 298    -3871.86 [    24399.9   12173.7   71852.8    3745.7   50000.0 ]
[24-10-31 14:59:43] 300    -3871.88 [    24399.9   12173.7   71852.8    3745.7   49998.4 ]
[24-10-31 14:59:43] 301    -3871.87 [    24399.9   12173.7   71852.8    3745.7   49999.4 ]
[24-10-31 14:59:44] 303    -3871.86 [    24399.9   12173.7   71852.8    3745.7   49999.7 ]
[24-10-31 14:59:44] 305    -3871.86 [    24399.9   12173.7   71852.8    3745.7   49999.9 ]
[24-10-31 14:59:44] 307    -3871.86 [    24399.9   12173.7   71852.8    3745.7   50000.0 ]
[24-10-31 14:59:44] 309    -3871.86 [    24399.9   12173.7   71852.8    3745.7   50000.0 ]
[24-10-31 14:59:45] 311    -3871.86 [    24399.9   12173.7   71852.8    3745.7   50000.0 ]
[24-10-31 14:59:45] 313    -3871.86 [    24399.9   12173.7   71852.8    3745.7   50000.0 ]
[24-10-31 14:59:45] 315    -3871.86 [    24399.9   12173.7   71852.8    3745.7   50000.0 ]
[24-10-31 14:59:45] 317    -3871.86 [    24399.9   12173.7   71852.8    3745.7   50000.0 ]
[24-10-31 14:59:46] 319    -3871.86 [    24399.9   12173.7   71852.8    3745.7   50000.0 ]
[24-10-31 14:59:46] 321    -3871.86 [    24399.9   12173.7   71852.8    3745.7   50000.0 ]
[24-10-31 14:59:46] 322    -3871.86 [    24399.9   12173.7   71852.8    3745.7   50000.0 ]
[24-10-31 14:59:46] 324    -3871.86 [    24399.9   12173.7   71852.8    3745.7   50000.0 ]
[24-10-31 14:59:46] 326    -3871.86 [    24399.9   12173.7   71852.8    3745.7   50000.0 ]
[24-10-31 14:59:47] 328    -3871.86 [    24399.9   12173.7   71852.8    3745.7   50000.0 ]
[24-10-31 14:59:47] 330    -3871.86 [    24399.9   12173.7   71852.8    3745.7   50000.0 ]
[24-10-31 14:59:47] 331    -3871.86 [    24399.9   12173.7   71852.8    3745.7   50000.0 ]
[24-10-31 14:59:47] 334    -3871.86 [    24399.9   12173.7   71852.8    3745.7   50000.0 ]
[24-10-31 14:59:47] 335    -3871.86 [    24400.9   12173.7   71852.8    3745.7   50000.0 ]
[24-10-31 14:59:48] 336    -3871.86 [    24402.6   12173.7   71852.8    3745.7   50000.0 ]
[24-10-31 14:59:48] 337    -3871.82 [    24506.8   12173.7   71852.8    3745.7   50000.0 ]
[24-10-31 14:59:48] 338    -3871.91 [    24675.3   12173.7   71852.8    3745.7   50000.0 ]
[24-10-31 14:59:48] 339    -3871.83 [    24571.1   12173.7   71852.8    3745.7   50000.0 ]
[24-10-31 14:59:49] 340    -3871.83 [    24467.0   12173.7   71852.8    3745.7   50000.0 ]
[24-10-31 14:59:49] 341    -3871.82 [    24508.1   12173.7   71852.8    3745.7   50000.0 ]
[24-10-31 14:59:49] 342    -3871.82 [    24509.2   12173.7   71852.8    3745.7   50000.0 ]
[24-10-31 14:59:49] 343    -3871.82 [    24508.1   12173.7   71852.8    3745.7   50000.0 ]
[24-10-31 14:59:49] 344    -3871.79 [    24508.1   12174.7   71852.8    3745.7   50000.0 ]
[24-10-31 14:59:50] 345    -3871.74 [    24508.1   12176.3   71852.8    3745.7   50000.0 ]
[24-10-31 14:59:50] 346    -3868.81 [    24508.1   12352.7   71852.8    3745.7   50000.0 ]
[24-10-31 14:59:50] 347    -3868.81 [    24508.1   12358.4   71852.8    3745.7   50000.0 ]
[24-10-31 14:59:50] 348    -3868.81 [    24508.1   12367.7   71852.8    3745.7   50000.0 ]
[24-10-31 14:59:51] 349    -3868.81 [    24508.1   12362.0   71852.8    3745.7   50000.0 ]
[24-10-31 14:59:51] 350    -3868.81 [    24508.1   12364.2   71852.8    3745.7   50000.0 ]
[24-10-31 14:59:51] 351    -3868.81 [    24508.1   12362.0   71852.8    3745.7   50000.0 ]
[24-10-31 14:59:51] 352    -3868.82 [    24508.1   12362.0   71853.8    3745.7   50000.0 ]
[24-10-31 14:59:51] 353     -3868.8 [    24508.1   12362.0   71851.2    3745.7   50000.0 ]
[24-10-31 14:59:52] 354    -3867.63 [    24508.1   12362.0   71674.8    3745.7   50000.0 ]
[24-10-31 14:59:52] 355    -3864.62 [    24508.1   12362.0   70677.0    3745.7   50000.0 ]
[24-10-31 14:59:52] 356    -3872.59 [    24508.1   12362.0   69062.3    3745.7   50000.0 ]
[24-10-31 14:59:52] 357    -3865.78 [    24508.1   12362.0   70060.2    3745.7   50000.0 ]
[24-10-31 14:59:53] 358    -3865.05 [    24508.1   12362.0   71058.1    3745.7   50000.0 ]
[24-10-31 14:59:53] 359    -3864.62 [    24508.1   12362.0   70688.7    3745.7   50000.0 ]
[24-10-31 14:59:53] 360    -3864.62 [    24508.1   12362.0   70665.2    3745.7   50000.0 ]
[24-10-31 14:59:53] 361    -3864.62 [    24508.1   12362.0   70677.0    3745.7   50000.0 ]
[24-10-31 14:59:54] 362    -3864.72 [    24508.1   12362.0   70677.0    3746.7   50000.0 ]
[24-10-31 14:59:54] 363    -3864.45 [    24508.1   12362.0   70677.0    3744.1   50000.0 ]
[24-10-31 14:59:54] 364    -3861.49 [    24508.1   12362.0   70677.0    3682.8   50000.0 ]
[24-10-31 14:59:54] 365    -3870.84 [    24508.1   12362.0   70677.0    3583.5   50000.0 ]
[24-10-31 14:59:54] 366    -3862.91 [    24508.1   12362.0   70677.0    3644.8   50000.0 ]
[24-10-31 14:59:55] 367    -3861.87 [    24508.1   12362.0   70677.0    3706.2   50000.0 ]
[24-10-31 14:59:55] 368    -3861.48 [    24508.1   12362.0   70677.0    3685.2   50000.0 ]
[24-10-31 14:59:55] 369    -3861.48 [    24508.1   12362.0   70677.0    3684.6   50000.0 ]
[24-10-31 14:59:55] 370    -3861.48 [    24508.1   12362.0   70677.0    3685.8   50000.0 ]
[24-10-31 14:59:56] 371    -3861.48 [    24508.1   12362.0   70677.0    3685.2   50000.0 ]
[24-10-31 14:59:56] 373     -3861.5 [    24508.1   12362.0   70677.0    3685.2   49998.4 ]
[24-10-31 14:59:56] 374    -3861.49 [    24508.1   12362.0   70677.0    3685.2   49999.4 ]
[24-10-31 14:59:56] 376    -3861.49 [    24508.1   12362.0   70677.0    3685.2   49999.7 ]
[24-10-31 14:59:57] 378    -3861.48 [    24508.1   12362.0   70677.0    3685.2   49999.9 ]
[24-10-31 14:59:57] 380    -3861.48 [    24508.1   12362.0   70677.0    3685.2   50000.0 ]
[24-10-31 14:59:57] 382    -3861.48 [    24508.1   12362.0   70677.0    3685.2   50000.0 ]
[24-10-31 14:59:57] 384    -3861.48 [    24508.1   12362.0   70677.0    3685.2   50000.0 ]
[24-10-31 14:59:58] 386    -3861.48 [    24508.1   12362.0   70677.0    3685.2   50000.0 ]
[24-10-31 14:59:58] 388    -3861.48 [    24508.1   12362.0   70677.0    3685.2   50000.0 ]
[24-10-31 14:59:58] 390    -3861.48 [    24508.1   12362.0   70677.0    3685.2   50000.0 ]
[24-10-31 14:59:58] 392    -3861.48 [    24508.1   12362.0   70677.0    3685.2   50000.0 ]
[24-10-31 14:59:59] 394    -3861.48 [    24508.1   12362.0   70677.0    3685.2   50000.0 ]
[24-10-31 14:59:59] 396    -3861.48 [    24508.1   12362.0   70677.0    3685.2   50000.0 ]
[24-10-31 14:59:59] 398    -3861.48 [    24508.1   12362.0   70677.0    3685.2   50000.0 ]
[24-10-31 14:59:59] 400    -3861.48 [    24508.1   12362.0   70677.0    3685.2   50000.0 ]
[24-10-31 15:00:00] 402    -3861.48 [    24508.1   12362.0   70677.0    3685.2   50000.0 ]
[24-10-31 15:00:00] 404    -3861.48 [    24508.1   12362.0   70677.0    3685.2   50000.0 ]
[24-10-31 15:00:00] 406    -3861.48 [    24508.1   12362.0   70677.0    3685.2   50000.0 ]
[24-10-31 15:00:00] 408    -3861.48 [    24508.1   12362.0   70677.0    3685.2   50000.0 ]
[24-10-31 15:00:01] 409    -3861.48 [    24508.1   12362.0   70677.0    3685.2   50000.0 ]
[24-10-31 15:00:01] 411    -3861.48 [    24508.1   12362.0   70677.0    3685.2   50000.0 ]
[24-10-31 15:00:01] 412    -3861.48 [    24508.1   12362.0   70677.0    3685.2   50000.0 ]
[24-10-31 15:00:01] 414    -3861.48 [    24508.1   12362.0   70677.0    3685.2   50000.0 ]
[24-10-31 15:00:02] 415    -3861.48 [    24508.1   12362.0   70677.0    3685.2   50000.0 ]
[24-10-31 15:00:02] 416    -3861.48 [    24508.1   12362.0   70677.0    3685.2   50000.0 ]
[24-10-31 15:00:02] 417    -3861.48 [    24508.1   12362.0   70677.0    3685.2   50000.0 ]
[24-10-31 15:00:02] 418    -3861.48 [    24508.1   12362.0   70677.0    3685.2   50000.0 ]
[24-10-31 15:00:03] 420    -3861.48 [    24508.1   12362.0   70677.0    3685.2   50000.0 ]
[24-10-31 15:00:03] 421    -3861.48 [    24509.1   12362.0   70677.0    3685.2   50000.0 ]
[24-10-31 15:00:03] 422    -3861.48 [    24510.7   12362.0   70677.0    3685.2   50000.0 ]
[24-10-31 15:00:03] 423    -3861.45 [    24611.1   12362.0   70677.0    3685.2   50000.0 ]
[24-10-31 15:00:03] 424    -3861.53 [    24773.4   12362.0   70677.0    3685.2   50000.0 ]
[24-10-31 15:00:04] 425    -3861.46 [    24673.1   12362.0   70677.0    3685.2   50000.0 ]
[24-10-31 15:00:04] 426    -3861.45 [    24572.7   12362.0   70677.0    3685.2   50000.0 ]
[24-10-31 15:00:04] 427    -3861.45 [    24612.3   12362.0   70677.0    3685.2   50000.0 ]
[24-10-31 15:00:04] 428    -3861.45 [    24613.4   12362.0   70677.0    3685.2   50000.0 ]
[24-10-31 15:00:05] 429    -3861.45 [    24612.3   12362.0   70677.0    3685.2   50000.0 ]
[24-10-31 15:00:05] 430    -3861.42 [    24612.3   12363.0   70677.0    3685.2   50000.0 ]
[24-10-31 15:00:05] 431    -3861.37 [    24612.3   12364.6   70677.0    3685.2   50000.0 ]
[24-10-31 15:00:05] 432    -3858.63 [    24612.3   12538.9   70677.0    3685.2   50000.0 ]
[24-10-31 15:00:06] 433    -3864.53 [    24612.3   12821.0   70677.0    3685.2   50000.0 ]
[24-10-31 15:00:06] 434    -3859.44 [    24612.3   12646.6   70677.0    3685.2   50000.0 ]
[24-10-31 15:00:06] 435    -3859.07 [    24612.3   12472.3   70677.0    3685.2   50000.0 ]
[24-10-31 15:00:06] 436    -3858.63 [    24612.3   12546.5   70677.0    3685.2   50000.0 ]
[24-10-31 15:00:07] 437    -3858.63 [    24612.3   12544.6   70677.0    3685.2   50000.0 ]
[24-10-31 15:00:07] 438    -3858.63 [    24612.3   12548.3   70677.0    3685.2   50000.0 ]
[24-10-31 15:00:07] 439    -3858.63 [    24612.3   12546.5   70677.0    3685.2   50000.0 ]
[24-10-31 15:00:07] 440    -3858.64 [    24612.3   12546.5   70678.0    3685.2   50000.0 ]
[24-10-31 15:00:08] 441    -3858.62 [    24612.3   12546.5   70675.3    3685.2   50000.0 ]
[24-10-31 15:00:08] 442    -3857.47 [    24612.3   12546.5   70499.0    3685.2   50000.0 ]
[24-10-31 15:00:08] 443    -3854.58 [    24612.3   12546.5   69524.4    3685.2   50000.0 ]
[24-10-31 15:00:08] 444    -3862.25 [    24612.3   12546.5   67947.5    3685.2   50000.0 ]
[24-10-31 15:00:09] 445     -3855.7 [    24612.3   12546.5   68922.1    3685.2   50000.0 ]
[24-10-31 15:00:09] 446     -3855.0 [    24612.3   12546.5   69896.7    3685.2   50000.0 ]
[24-10-31 15:00:09] 447    -3854.58 [    24612.3   12546.5   69535.9    3685.2   50000.0 ]
[24-10-31 15:00:09] 448    -3854.58 [    24612.3   12546.5   69512.9    3685.2   50000.0 ]
[24-10-31 15:00:10] 449    -3854.58 [    24612.3   12546.5   69524.4    3685.2   50000.0 ]
[24-10-31 15:00:10] 450    -3854.68 [    24612.3   12546.5   69524.4    3686.2   50000.0 ]
[24-10-31 15:00:10] 451    -3854.41 [    24612.3   12546.5   69524.4    3683.6   50000.0 ]
[24-10-31 15:00:10] 452    -3851.47 [    24612.3   12546.5   69524.4    3623.4   50000.0 ]
[24-10-31 15:00:10] 453    -3860.75 [    24612.3   12546.5   69524.4    3526.1   50000.0 ]
[24-10-31 15:00:11] 454    -3852.88 [    24612.3   12546.5   69524.4    3586.2   50000.0 ]
[24-10-31 15:00:11] 455    -3851.85 [    24612.3   12546.5   69524.4    3646.4   50000.0 ]
[24-10-31 15:00:11] 456    -3851.46 [    24612.3   12546.5   69524.4    3625.8   50000.0 ]
[24-10-31 15:00:11] 457    -3851.46 [    24612.3   12546.5   69524.4    3625.2   50000.0 ]
[24-10-31 15:00:12] 458    -3851.46 [    24612.3   12546.5   69524.4    3626.4   50000.0 ]
[24-10-31 15:00:12] 459    -3851.46 [    24612.3   12546.5   69524.4    3625.8   50000.0 ]
[24-10-31 15:00:12] 461    -3851.48 [    24612.3   12546.5   69524.4    3625.8   49998.4 ]
[24-10-31 15:00:12] 462    -3851.47 [    24612.3   12546.5   69524.4    3625.8   49999.4 ]
[24-10-31 15:00:13] 464    -3851.47 [    24612.3   12546.5   69524.4    3625.8   49999.7 ]
[24-10-31 15:00:13] 466    -3851.47 [    24612.3   12546.5   69524.4    3625.8   49999.9 ]
[24-10-31 15:00:13] 468    -3851.46 [    24612.3   12546.5   69524.4    3625.8   50000.0 ]
[24-10-31 15:00:13] 470    -3851.46 [    24612.3   12546.5   69524.4    3625.8   50000.0 ]
[24-10-31 15:00:14] 472    -3851.46 [    24612.3   12546.5   69524.4    3625.8   50000.0 ]
[24-10-31 15:00:14] 474    -3851.46 [    24612.3   12546.5   69524.4    3625.8   50000.0 ]
[24-10-31 15:00:14] 476    -3851.46 [    24612.3   12546.5   69524.4    3625.8   50000.0 ]
[24-10-31 15:00:14] 478    -3851.46 [    24612.3   12546.5   69524.4    3625.8   50000.0 ]
[24-10-31 15:00:15] 480    -3851.46 [    24612.3   12546.5   69524.4    3625.8   50000.0 ]
[24-10-31 15:00:15] 482    -3851.46 [    24612.3   12546.5   69524.4    3625.8   50000.0 ]
[24-10-31 15:00:15] 484    -3851.46 [    24612.3   12546.5   69524.4    3625.8   50000.0 ]
[24-10-31 15:00:15] 486    -3851.46 [    24612.3   12546.5   69524.4    3625.8   50000.0 ]
[24-10-31 15:00:15] 488    -3851.46 [    24612.3   12546.5   69524.4    3625.8   50000.0 ]
[24-10-31 15:00:16] 490    -3851.46 [    24612.3   12546.5   69524.4    3625.8   50000.0 ]
[24-10-31 15:00:16] 492    -3851.46 [    24612.3   12546.5   69524.4    3625.8   50000.0 ]
[24-10-31 15:00:16] 494    -3851.46 [    24612.3   12546.5   69524.4    3625.8   50000.0 ]
[24-10-31 15:00:16] 496    -3851.46 [    24612.3   12546.5   69524.4    3625.8   50000.0 ]
[24-10-31 15:00:17] 498    -3851.46 [    24612.3   12546.5   69524.4    3625.8   50000.0 ]
[24-10-31 15:00:17] 500    -3851.46 [    24612.3   12546.5   69524.4    3625.8   50000.0 ]
[24-10-31 15:00:17] 502    -3851.46 [    24612.3   12546.5   69524.4    3625.8   50000.0 ]
[24-10-31 15:00:17] 503    -3851.46 [    24612.3   12546.5   69524.4    3625.8   50000.0 ]
[24-10-31 15:00:18] 504    -3851.46 [    24612.3   12546.5   69524.4    3625.8   50000.0 ]
[24-10-31 15:00:18] 505    -3851.46 [    24612.3   12546.5   69524.4    3625.8   50000.0 ]
[24-10-31 15:00:18] 506    -3851.46 [    24612.3   12546.5   69524.4    3625.8   50000.0 ]
[24-10-31 15:00:18] 507    -3851.46 [    24612.3   12546.5   69524.4    3625.8   50000.0 ]
[24-10-31 15:00:19] 508    -3851.46 [    24612.3   12546.5   69524.4    3625.8   50000.0 ]
[24-10-31 15:00:19] 509    -3851.46 [    24612.3   12546.5   69524.4    3625.8   50000.0 ]
[24-10-31 15:00:19] 510    -3841.59 [    24716.5   12731.0   68371.8    3566.4   50000.0 ]
[24-10-31 15:00:19] 511    -3851.46 [    24612.3   12546.5   69524.4    3625.8   50000.0 ]
[24-10-31 15:00:20] 512    -3841.59 [    24716.5   12731.0   68371.8    3566.4   50000.0 ]
[24-10-31 15:00:20] 513    -3825.93 [    24885.1   13029.5   66506.9    3470.3   50000.0 ]
[24-10-31 15:00:20] 516    -3742.77 [    25866.5   14767.0   55652.3    2910.9   50000.0 ]
[24-10-31 15:00:20] 517     -3782.6 [    25375.8   13898.2   61079.6    3190.6   50000.0 ]
[24-10-31 15:00:20] 518    -3698.75 [    26473.0   15840.8   48943.8    2565.2   50000.0 ]
[24-10-31 15:00:21] 519    -3674.74 [    26847.9   16504.5   44797.7    2351.5   50000.0 ]
[24-10-31 15:00:21] 520    -3661.28 [    27079.6   16914.7   42235.3    2219.5   50000.0 ]
[24-10-31 15:00:21] 521    -3653.53 [    27222.7   17168.2   40651.7    2137.8   50000.0 ]
[24-10-31 15:00:21] 523    -3656.44 [    27168.1   17071.3   41256.6    2169.0   50000.0 ]
[24-10-31 15:00:22] 524    -3651.77 [    27256.5   17228.0   40277.8    2118.6   50000.0 ]
[24-10-31 15:00:22] 526    -3651.77 [    27256.5   17228.0   40277.8    2118.6   50000.0 ]
[24-10-31 15:00:22] 527    -3651.77 [    27257.5   17228.0   40277.8    2118.6   50000.0 ]
[24-10-31 15:00:22] 528    -3651.77 [    27259.2   17228.0   40277.8    2118.6   50000.0 ]
[24-10-31 15:00:23] 529    -3651.62 [    27435.5   17228.0   40277.8    2118.6   50000.0 ]
[24-10-31 15:00:23] 530    -3651.59 [    27535.6   17228.0   40277.8    2118.6   50000.0 ]
[24-10-31 15:00:23] 531    -3651.65 [    27697.4   17228.0   40277.8    2118.6   50000.0 ]
[24-10-31 15:00:23] 532     -3651.6 [    27597.4   17228.0   40277.8    2118.6   50000.0 ]
[24-10-31 15:00:24] 533     -3651.6 [    27497.4   17228.0   40277.8    2118.6   50000.0 ]
[24-10-31 15:00:24] 534    -3651.59 [    27540.2   17228.0   40277.8    2118.6   50000.0 ]
[24-10-31 15:00:24] 535    -3651.59 [    27543.1   17228.0   40277.8    2118.6   50000.0 ]
[24-10-31 15:00:24] 536    -3651.59 [    27540.2   17228.0   40277.8    2118.6   50000.0 ]
[24-10-31 15:00:25] 537    -3651.59 [    27540.2   17229.0   40277.8    2118.6   50000.0 ]
[24-10-31 15:00:25] 538    -3651.59 [    27540.2   17230.6   40277.8    2118.6   50000.0 ]
[24-10-31 15:00:25] 539    -3651.59 [    27540.2   17240.0   40277.8    2118.6   50000.0 ]
[24-10-31 15:00:25] 540     -3651.6 [    27540.2   17255.2   40277.8    2118.6   50000.0 ]
[24-10-31 15:00:26] 541    -3651.59 [    27540.2   17245.8   40277.8    2118.6   50000.0 ]
[24-10-31 15:00:26] 542    -3651.59 [    27540.2   17236.4   40277.8    2118.6   50000.0 ]
[24-10-31 15:00:26] 543    -3651.59 [    27540.2   17240.1   40277.8    2118.6   50000.0 ]
[24-10-31 15:00:26] 544    -3651.59 [    27540.2   17239.9   40277.8    2118.6   50000.0 ]
[24-10-31 15:00:27] 545    -3651.59 [    27540.2   17240.0   40277.8    2118.6   50000.0 ]
[24-10-31 15:00:27] 547    -3651.59 [    27540.2   17240.0   40277.8    2118.6   49998.4 ]
[24-10-31 15:00:27] 548    -3651.59 [    27540.2   17240.0   40277.8    2118.6   49999.4 ]
[24-10-31 15:00:27] 550    -3651.59 [    27540.2   17240.0   40277.8    2118.6   49999.7 ]
[24-10-31 15:00:28] 552    -3651.59 [    27540.2   17240.0   40277.8    2118.6   49999.9 ]
[24-10-31 15:00:28] 554    -3651.59 [    27540.2   17240.0   40277.8    2118.6   50000.0 ]
[24-10-31 15:00:28] 556    -3651.59 [    27540.2   17240.0   40277.8    2118.6   50000.0 ]
[24-10-31 15:00:28] 558    -3651.59 [    27540.2   17240.0   40277.8    2118.6   50000.0 ]
[24-10-31 15:00:29] 560    -3651.59 [    27540.2   17240.0   40277.8    2118.6   50000.0 ]
[24-10-31 15:00:29] 562    -3651.59 [    27540.2   17240.0   40277.8    2118.6   50000.0 ]
[24-10-31 15:00:29] 564    -3651.59 [    27540.2   17240.0   40277.8    2118.6   50000.0 ]
[24-10-31 15:00:29] 566    -3651.59 [    27540.2   17240.0   40277.8    2118.6   50000.0 ]
[24-10-31 15:00:30] 568    -3651.59 [    27540.2   17240.0   40277.8    2118.6   50000.0 ]
[24-10-31 15:00:30] 570    -3651.59 [    27540.2   17240.0   40277.8    2118.6   50000.0 ]
[24-10-31 15:00:30] 572    -3651.59 [    27540.2   17240.0   40277.8    2118.6   50000.0 ]
[24-10-31 15:00:30] 574    -3651.59 [    27540.2   17240.0   40277.8    2118.6   50000.0 ]
[24-10-31 15:00:31] 576    -3651.59 [    27540.2   17240.0   40277.8    2118.6   50000.0 ]
[24-10-31 15:00:31] 578    -3651.59 [    27540.2   17240.0   40277.8    2118.6   50000.0 ]
[24-10-31 15:00:31] 580    -3651.59 [    27540.2   17240.0   40277.8    2118.6   50000.0 ]
[24-10-31 15:00:31] 581    -3651.59 [    27540.2   17240.0   40277.8    2118.6   50000.0 ]
[24-10-31 15:00:31] 582    -3651.59 [    27540.2   17240.0   40277.8    2118.6   50000.0 ]
[24-10-31 15:00:32] 584    -3651.59 [    27540.2   17240.0   40277.8    2118.6   50000.0 ]
[24-10-31 15:00:32] 585    -3651.59 [    27540.2   17240.0   40277.8    2118.6   50000.0 ]
[24-10-31 15:00:32] 588    -3651.59 [    27540.2   17240.0   40277.8    2118.6   50000.0 ]
[24-10-31 15:00:32] 590    -3651.59 [    27540.2   17240.0   40277.8    2118.6   50000.0 ]
[24-10-31 15:00:33] 591    -3651.59 [    27540.2   17240.0   40277.8    2118.6   50000.0 ]
[24-10-31 15:00:33] 592    -3651.71 [    27540.2   17240.0   40277.8    2119.6   50000.0 ]
[24-10-31 15:00:33] 593     -3651.4 [    27540.2   17240.0   40277.8    2117.0   50000.0 ]
[24-10-31 15:00:33] 594    -3650.19 [    27540.2   17240.0   40277.8    2094.8   50000.0 ]
[24-10-31 15:00:34] 595    -3653.79 [    27540.2   17240.0   40277.8    2058.9   50000.0 ]
[24-10-31 15:00:34] 596    -3650.73 [    27540.2   17240.0   40277.8    2081.1   50000.0 ]
[24-10-31 15:00:34] 597    -3650.35 [    27540.2   17240.0   40277.8    2103.3   50000.0 ]
[24-10-31 15:00:34] 598    -3650.18 [    27540.2   17240.0   40277.8    2095.4   50000.0 ]
[24-10-31 15:00:35] 599    -3650.18 [    27540.2   17240.0   40277.8    2095.2   50000.0 ]
[24-10-31 15:00:35] 600    -3650.18 [    27540.2   17240.0   40277.8    2095.6   50000.0 ]
[24-10-31 15:00:35] 601    -3650.18 [    27540.2   17240.0   40277.8    2095.4   50000.0 ]
[24-10-31 15:00:35] 608    -3649.19 [    27558.6   17272.6   40074.1    2084.9   50000.0 ]
[24-10-31 15:00:36] 609    -3649.68 [    27549.4   17256.3   40175.9    2090.2   50000.0 ]
[24-10-31 15:00:36] 614    -3649.38 [    27555.1   17266.4   40113.0    2086.9   50000.0 ]
[24-10-31 15:00:36] 615    -3649.04 [    27561.3   17277.4   40044.4    2083.4   50000.0 ]
[24-10-31 15:00:36] 616    -3648.95 [    27563.0   17280.3   40026.0    2082.4   50000.0 ]
[24-10-31 15:00:37] 617     -3648.9 [    27564.0   17282.2   40014.6    2081.8   50000.0 ]
[24-10-31 15:00:37] 618    -3648.86 [    27564.7   17283.3   40007.6    2081.5   50000.0 ]
[24-10-31 15:00:37] 619    -3648.84 [    27565.0   17284.0   40003.3    2081.3   50000.0 ]
[24-10-31 15:00:37] 620    -3648.83 [    27565.3   17284.4   40000.5    2081.1   50000.0 ]
[24-10-31 15:00:37] 622    -3648.83 [    27565.3   17284.4   40000.5    2081.1   50000.0 ]
[24-10-31 15:00:38] 623    -3648.83 [    27566.3   17284.4   40000.5    2081.1   50000.0 ]
[24-10-31 15:00:38] 624    -3648.83 [    27567.9   17284.4   40000.5    2081.1   50000.0 ]
[24-10-31 15:00:38] 625    -3648.82 [    27624.3   17284.4   40000.5    2081.1   50000.0 ]
[24-10-31 15:00:38] 626    -3648.84 [    27715.6   17284.4   40000.5    2081.1   50000.0 ]
[24-10-31 15:00:39] 627    -3648.82 [    27659.2   17284.4   40000.5    2081.1   50000.0 ]
[24-10-31 15:00:39] 628    -3648.82 [    27602.8   17284.4   40000.5    2081.1   50000.0 ]
[24-10-31 15:00:39] 629    -3648.82 [    27624.9   17284.4   40000.5    2081.1   50000.0 ]
[24-10-31 15:00:39] 630    -3648.82 [    27625.5   17284.4   40000.5    2081.1   50000.0 ]
[24-10-31 15:00:40] 631    -3648.82 [    27624.9   17284.4   40000.5    2081.1   50000.0 ]
[24-10-31 15:00:40] 632    -3648.82 [    27624.9   17285.4   40000.5    2081.1   50000.0 ]
[24-10-31 15:00:40] 633    -3648.81 [    27624.9   17287.0   40000.5    2081.1   50000.0 ]
[24-10-31 15:00:40] 634    -3648.72 [    27624.9   17332.1   40000.5    2081.1   50000.0 ]
[24-10-31 15:00:41] 635    -3648.95 [    27624.9   17405.0   40000.5    2081.1   50000.0 ]
[24-10-31 15:00:41] 636    -3648.75 [    27624.9   17359.9   40000.5    2081.1   50000.0 ]
[24-10-31 15:00:41] 637    -3648.73 [    27624.9   17314.9   40000.5    2081.1   50000.0 ]
[24-10-31 15:00:41] 638    -3648.72 [    27624.9   17332.6   40000.5    2081.1   50000.0 ]
[24-10-31 15:00:42] 639    -3648.72 [    27624.9   17333.1   40000.5    2081.1   50000.0 ]
[24-10-31 15:00:42] 640    -3648.72 [    27624.9   17332.6   40000.5    2081.1   50000.0 ]
[24-10-31 15:00:42] 642    -3648.73 [    27624.9   17332.6   40000.5    2081.1   49998.4 ]
[24-10-31 15:00:42] 643    -3648.72 [    27624.9   17332.6   40000.5    2081.1   49999.4 ]
[24-10-31 15:00:42] 645    -3648.72 [    27624.9   17332.6   40000.5    2081.1   49999.7 ]
[24-10-31 15:00:43] 647    -3648.72 [    27624.9   17332.6   40000.5    2081.1   49999.9 ]
[24-10-31 15:00:43] 649    -3648.72 [    27624.9   17332.6   40000.5    2081.1   50000.0 ]
[24-10-31 15:00:43] 651    -3648.72 [    27624.9   17332.6   40000.5    2081.1   50000.0 ]
[24-10-31 15:00:43] 653    -3648.72 [    27624.9   17332.6   40000.5    2081.1   50000.0 ]
[24-10-31 15:00:44] 655    -3648.72 [    27624.9   17332.6   40000.5    2081.1   50000.0 ]
[24-10-31 15:00:44] 657    -3648.72 [    27624.9   17332.6   40000.5    2081.1   50000.0 ]
[24-10-31 15:00:44] 659    -3648.72 [    27624.9   17332.6   40000.5    2081.1   50000.0 ]
[24-10-31 15:00:44] 661    -3648.72 [    27624.9   17332.6   40000.5    2081.1   50000.0 ]
[24-10-31 15:00:45] 663    -3648.72 [    27624.9   17332.6   40000.5    2081.1   50000.0 ]
[24-10-31 15:00:45] 665    -3648.72 [    27624.9   17332.6   40000.5    2081.1   50000.0 ]
[24-10-31 15:00:45] 667    -3648.72 [    27624.9   17332.6   40000.5    2081.1   50000.0 ]
[24-10-31 15:00:45] 669    -3648.72 [    27624.9   17332.6   40000.5    2081.1   50000.0 ]
[24-10-31 15:00:46] 671    -3648.72 [    27624.9   17332.6   40000.5    2081.1   50000.0 ]
[24-10-31 15:00:46] 673    -3648.72 [    27624.9   17332.6   40000.5    2081.1   50000.0 ]
[24-10-31 15:00:46] 675    -3648.72 [    27624.9   17332.6   40000.5    2081.1   50000.0 ]
[24-10-31 15:00:46] 677    -3648.72 [    27624.9   17332.6   40000.5    2081.1   50000.0 ]
[24-10-31 15:00:47] 679    -3648.72 [    27624.9   17332.6   40000.5    2081.1   50000.0 ]
[24-10-31 15:00:47] 681    -3648.72 [    27624.9   17332.6   40000.5    2081.1   50000.0 ]
[24-10-31 15:00:47] 683    -3648.72 [    27624.9   17332.6   40000.5    2081.1   50000.0 ]
[24-10-31 15:00:47] 684    -3648.72 [    27624.9   17332.6   40000.5    2081.1   50000.0 ]
[24-10-31 15:00:47] 685    -3648.72 [    27624.9   17332.6   40000.5    2081.1   50000.0 ]
[24-10-31 15:00:48] 686    -3648.72 [    27624.9   17332.6   40000.5    2081.1   50000.0 ]
[24-10-31 15:00:48] 687    -3648.72 [    27624.9   17332.6   40000.5    2081.1   50000.0 ]
[24-10-31 15:00:48] 688    -3648.72 [    27624.9   17332.6   40000.5    2081.1   50000.0 ]
[24-10-31 15:00:48] 689    -3648.72 [    27624.9   17332.6   40000.5    2081.1   50000.0 ]
[24-10-31 15:00:49] 690    -3648.73 [    27624.9   17332.6   40000.5    2082.1   50000.0 ]
[24-10-31 15:00:49] 691    -3648.71 [    27624.9   17332.6   40000.5    2079.5   50000.0 ]
[24-10-31 15:00:49] 692    -3648.71 [    27624.9   17332.6   40000.5    2079.1   50000.0 ]
[24-10-31 15:00:49] 693    -3648.71 [    27624.9   17332.6   40000.5    2078.4   50000.0 ]
[24-10-31 15:00:50] 694    -3648.71 [    27624.9   17332.6   40000.5    2078.8   50000.0 ]
[24-10-31 15:00:50] 695    -3648.71 [    27624.9   17332.6   40000.5    2079.2   50000.0 ]
[24-10-31 15:00:50] 696    -3648.71 [    27624.9   17332.6   40000.5    2079.1   50000.0 ]
[24-10-31 15:00:50] 697    -3648.71 [    27624.9   17332.6   40000.5    2079.0   50000.0 ]
[24-10-31 15:00:51] 698    -3648.71 [    27624.9   17332.6   40000.5    2079.1   50000.0 ]
[24-10-31 15:00:51] 708    -3649.74 [    27605.7   17298.5   40213.4    2090.0   50000.0 ]
[24-10-31 15:00:51] 709    -3649.22 [    27615.3   17315.5   40107.0    2084.6   50000.0 ]
[24-10-31 15:00:51] 711     -3648.9 [    27621.2   17326.1   40041.2    2081.2   50000.0 ]
[24-10-31 15:00:51] 713    -3648.78 [    27623.5   17330.1   40016.1    2079.9   50000.0 ]
[24-10-31 15:00:52] 715    -3648.74 [    27624.4   17331.6   40006.5    2079.4   50000.0 ]
[24-10-31 15:00:52] 717    -3648.72 [    27624.7   17332.2   40002.8    2079.2   50000.0 ]
[24-10-31 15:00:52] 719    -3648.71 [    27624.8   17332.4   40001.4    2079.1   50000.0 ]
[24-10-31 15:00:52] 721    -3648.71 [    27624.9   17332.5   40000.9    2079.1   50000.0 ]
[24-10-31 15:00:53] 722    -3648.71 [    27624.9   17332.6   40000.3    2079.1   50000.0 ]
[24-10-31 15:00:53] 723    -3648.71 [    27624.9   17332.6   40000.1    2079.0   50000.0 ]
[24-10-31 15:00:53] 724     -3648.7 [    27624.9   17332.6   40000.0    2079.0   50000.0 ]
[24-10-31 15:00:53] 726    -3648.71 [    27624.9   17332.6   40000.1    2079.0   50000.0 ]
[24-10-31 15:00:54] 727     -3648.7 [    27625.0   17332.7   40000.0    2079.0   50000.0 ]
[24-10-31 15:00:54] 728     -3648.7 [    27625.0   17332.7   40000.0    2079.0   50000.0 ]
[24-10-31 15:00:54] 729     -3648.7 [    27625.0   17332.7   40000.0    2079.0   50000.0 ]
Optimization terminated successfully.
         Current function value: 3648.704787
         Iterations: 9
         Function evaluations: 730
[24-10-31 15:00:54] 730      fit p: [    27625.0   17332.7   40000.0    2079.0   50000.0 ]
method: Powell
objective_func: objective_H2
fopt: -3648.7047873873635
max_iter: 100
num_iter: 9
func_calls: 730
flag: 0
u_fitted: False
u: 1.111e-08
