[24-10-31 15:16:20] fitting objective_H2 to data for demes ['French', 'KhomaniSan', 'Yoruba']
[24-10-31 15:16:20] 0        pnames [         NK       NFY       TFY        NF        NY ]
[24-10-31 15:16:20] 0            p0 [    23205.5   15055.2   47592.5    4428.7   17469.7 ]
[24-10-31 15:16:20] 1      -8019.15 [    23205.5   15055.2   47592.5    4428.7   17469.7 ]
[24-10-31 15:16:20] 2      -8019.15 [    23205.5   15055.2   47592.5    4428.7   17469.7 ]
[24-10-31 15:16:20] 3       -8019.2 [    23206.5   15055.2   47592.5    4428.7   17469.7 ]
[24-10-31 15:16:20] 4      -8019.06 [    23203.9   15055.2   47592.5    4428.7   17469.7 ]
[24-10-31 15:16:21] 5      -8009.89 [    23027.5   15055.2   47592.5    4428.7   17469.7 ]
[24-10-31 15:16:21] 6      -9216.17 [    10652.5   15055.2   47592.5    4428.7   17469.7 ]
[24-10-31 15:16:21] 7      -7852.09 [    18300.7   15055.2   47592.5    4428.7   17469.7 ]
[24-10-31 15:16:21] 8      -7949.53 [    15379.3   15055.2   47592.5    4428.7   17469.7 ]
[24-10-31 15:16:21] 9      -7855.75 [    18751.2   15055.2   47592.5    4428.7   17469.7 ]
[24-10-31 15:16:22] 10     -7851.77 [    18195.8   15055.2   47592.5    4428.7   17469.7 ]
[24-10-31 15:16:22] 11     -7851.66 [    18080.1   15055.2   47592.5    4428.7   17469.7 ]
[24-10-31 15:16:22] 12     -7851.68 [    18131.3   15055.2   47592.5    4428.7   17469.7 ]
[24-10-31 15:16:22] 13      -7851.7 [    18028.8   15055.2   47592.5    4428.7   17469.7 ]
[24-10-31 15:16:22] 14     -7851.66 [    18080.1   15055.2   47592.5    4428.7   17469.7 ]
[24-10-31 15:16:23] 15     -7851.82 [    18080.1   15056.2   47592.5    4428.7   17469.7 ]
[24-10-31 15:16:23] 16     -7851.41 [    18080.1   15053.6   47592.5    4428.7   17469.7 ]
[24-10-31 15:16:23] 17     -7825.95 [    18080.1   14877.2   47592.5    4428.7   17469.7 ]
[24-10-31 15:16:23] 18     -7765.88 [    18080.1   13726.0   47592.5    4428.7   17469.7 ]
[24-10-31 15:16:23] 19     -8267.14 [    18080.1   11863.3   47592.5    4428.7   17469.7 ]
[24-10-31 15:16:24] 20     -7848.57 [    18080.1   13014.5   47592.5    4428.7   17469.7 ]
[24-10-31 15:16:24] 21     -7764.55 [    18080.1   14165.8   47592.5    4428.7   17469.7 ]
[24-10-31 15:16:24] 22     -7760.99 [    18080.1   13961.3   47592.5    4428.7   17469.7 ]
[24-10-31 15:16:24] 23      -7761.0 [    18080.1   13972.3   47592.5    4428.7   17469.7 ]
[24-10-31 15:16:24] 24      -7761.0 [    18080.1   13950.4   47592.5    4428.7   17469.7 ]
[24-10-31 15:16:25] 25     -7760.99 [    18080.1   13961.3   47592.5    4428.7   17469.7 ]
[24-10-31 15:16:25] 26     -7760.88 [    18080.1   13961.3   47593.5    4428.7   17469.7 ]
[24-10-31 15:16:25] 27     -7760.72 [    18080.1   13961.3   47595.1    4428.7   17469.7 ]
[24-10-31 15:16:25] 28     -7742.46 [    18080.1   13961.3   47771.5    4428.7   17469.7 ]
[24-10-31 15:16:25] 29      -6655.4 [    18080.1   13961.3   66995.4    4428.7   17469.7 ]
[24-10-31 15:16:26] 30     -6642.84 [    18080.1   13961.3   69056.2    4428.7   17469.7 ]
[24-10-31 15:16:26] 31     -6664.13 [    18080.1   13961.3   72390.6    4428.7   17469.7 ]
[24-10-31 15:16:26] 32     -6644.92 [    18080.1   13961.3   70329.8    4428.7   17469.7 ]
[24-10-31 15:16:26] 33     -6645.31 [    18080.1   13961.3   68269.0    4428.7   17469.7 ]
[24-10-31 15:16:27] 34     -6642.65 [    18080.1   13961.3   69340.3    4428.7   17469.7 ]
[24-10-31 15:16:27] 35     -6642.76 [    18080.1   13961.3   69557.8    4428.7   17469.7 ]
[24-10-31 15:16:27] 36     -6642.65 [    18080.1   13961.3   69340.3    4428.7   17469.7 ]
[24-10-31 15:16:27] 37      -6644.1 [    18080.1   13961.3   69340.3    4429.7   17469.7 ]
[24-10-31 15:16:27] 38     -6640.31 [    18080.1   13961.3   69340.3    4427.1   17469.7 ]
[24-10-31 15:16:28] 39     -6393.69 [    18080.1   13961.3   69340.3    4250.7   17469.7 ]
[24-10-31 15:16:28] 40    -11857.71 [    18080.1   13961.3   69340.3    1764.7   17469.7 ]
[24-10-31 15:16:28] 41     -5602.32 [    18080.1   13961.3   69340.3    3301.1   17469.7 ]
[24-10-31 15:16:28] 42     -6121.26 [    18080.1   13961.3   69340.3    2714.3   17469.7 ]
[24-10-31 15:16:29] 43     -5619.27 [    18080.1   13961.3   69340.3    3403.2   17469.7 ]
[24-10-31 15:16:29] 44     -5601.94 [    18080.1   13961.3   69340.3    3289.9   17469.7 ]
[24-10-31 15:16:29] 45     -5601.86 [    18080.1   13961.3   69340.3    3278.5   17469.7 ]
[24-10-31 15:16:29] 46     -5667.21 [    18080.1   13961.3   69340.3    3063.0   17469.7 ]
[24-10-31 15:16:30] 47     -5602.12 [    18080.1   13961.3   69340.3    3267.0   17469.7 ]
[24-10-31 15:16:30] 48     -5601.86 [    18080.1   13961.3   69340.3    3278.5   17469.7 ]
[24-10-31 15:16:30] 49     -5601.66 [    18080.1   13961.3   69340.3    3278.5   17470.7 ]
[24-10-31 15:16:30] 50     -5601.32 [    18080.1   13961.3   69340.3    3278.5   17472.4 ]
[24-10-31 15:16:31] 51     -5565.41 [    18080.1   13961.3   69340.3    3278.5   17648.7 ]
[24-10-31 15:16:31] 52     -4912.85 [    18080.1   13961.3   69340.3    3278.5   22644.4 ]
[24-10-31 15:16:31] 53     -4545.57 [    18080.1   13961.3   69340.3    3278.5   30727.7 ]
[24-10-31 15:16:31] 54     -4558.55 [    18080.1   13961.3   69340.3    3278.5   30174.1 ]
[24-10-31 15:16:32] 55     -4428.21 [    18080.1   13961.3   69340.3    3278.5   43806.6 ]
[24-10-31 15:16:32] 56     -4439.41 [    18080.1   13961.3   69340.3    3278.5   39871.2 ]
[24-10-31 15:16:32] 59     -4444.76 [    18080.1   13961.3   69340.3    3278.5   38810.9 ]
[24-10-31 15:16:32] 60      -4433.9 [    18080.1   13961.3   69340.3    3278.5   41308.7 ]
[24-10-31 15:16:33] 61     -4426.66 [    18080.1   13961.3   69340.3    3278.5   45315.0 ]
[24-10-31 15:16:33] 62     -4426.28 [    18080.1   13961.3   69340.3    3278.5   46206.0 ]
[24-10-31 15:16:33] 63     -4426.23 [    18080.1   13961.3   69340.3    3278.5   46590.3 ]
[24-10-31 15:16:33] 64     -4426.23 [    18080.1   13961.3   69340.3    3278.5   46881.5 ]
[24-10-31 15:16:33] 66     -4426.23 [    18080.1   13961.3   69340.3    3278.5   46590.3 ]
[24-10-31 15:16:34] 67      -4426.1 [    18081.1   13961.3   69340.3    3278.5   46590.3 ]
[24-10-31 15:16:34] 68     -4425.89 [    18082.7   13961.3   69340.3    3278.5   46590.3 ]
[24-10-31 15:16:34] 69     -4403.49 [    18259.1   13961.3   69340.3    3278.5   46590.3 ]
[24-10-31 15:16:34] 70     -4103.49 [    22094.7   13961.3   69340.3    3278.5   46590.3 ]
[24-10-31 15:16:35] 71     -4007.86 [    28300.8   13961.3   69340.3    3278.5   46590.3 ]
[24-10-31 15:16:35] 72     -4009.47 [    26429.6   13961.3   69340.3    3278.5   46590.3 ]
[24-10-31 15:16:35] 73     -4144.85 [    38342.6   13961.3   69340.3    3278.5   46590.3 ]
[24-10-31 15:16:35] 74     -4041.59 [    32136.4   13961.3   69340.3    3278.5   46590.3 ]
[24-10-31 15:16:36] 75     -4012.87 [    25930.3   13961.3   69340.3    3278.5   46590.3 ]
[24-10-31 15:16:36] 76     -4006.69 [    27716.2   13961.3   69340.3    3278.5   46590.3 ]
[24-10-31 15:16:36] 77     -4006.62 [    27573.9   13961.3   69340.3    3278.5   46590.3 ]
[24-10-31 15:16:36] 78     -4006.62 [    27478.9   13961.3   69340.3    3278.5   46590.3 ]
[24-10-31 15:16:37] 79     -4006.62 [    27573.9   13961.3   69340.3    3278.5   46590.3 ]
[24-10-31 15:16:37] 80     -4006.69 [    27573.9   13962.3   69340.3    3278.5   46590.3 ]
[24-10-31 15:16:37] 81     -4006.51 [    27573.9   13959.7   69340.3    3278.5   46590.3 ]
[24-10-31 15:16:37] 82     -3995.94 [    27573.9   13783.3   69340.3    3278.5   46590.3 ]
[24-10-31 15:16:37] 83     -3985.39 [    27573.9   13304.0   69340.3    3278.5   46590.3 ]
[24-10-31 15:16:38] 84      -4036.9 [    27573.9   12528.5   69340.3    3278.5   46590.3 ]
[24-10-31 15:16:38] 85     -3993.99 [    27573.9   13007.8   69340.3    3278.5   46590.3 ]
[24-10-31 15:16:38] 86     -3986.08 [    27573.9   13487.1   69340.3    3278.5   46590.3 ]
[24-10-31 15:16:38] 87     -3985.14 [    27573.9   13368.0   69340.3    3278.5   46590.3 ]
[24-10-31 15:16:39] 88     -3985.14 [    27573.9   13362.1   69340.3    3278.5   46590.3 ]
[24-10-31 15:16:39] 89     -3985.14 [    27573.9   13373.9   69340.3    3278.5   46590.3 ]
[24-10-31 15:16:39] 90     -3985.14 [    27573.9   13368.0   69340.3    3278.5   46590.3 ]
[24-10-31 15:16:39] 91     -3985.18 [    27573.9   13368.0   69341.3    3278.5   46590.3 ]
[24-10-31 15:16:40] 92     -3985.08 [    27573.9   13368.0   69338.7    3278.5   46590.3 ]
[24-10-31 15:16:40] 93     -3978.39 [    27573.9   13368.0   69162.3    3278.5   46590.3 ]
[24-10-31 15:16:40] 94     -3869.99 [    27573.9   13368.0   63262.5    3278.5   46590.3 ]
[24-10-31 15:16:40] 95     -4189.63 [    27573.9   13368.0   53716.4    3278.5   46590.3 ]
[24-10-31 15:16:41] 96     -3917.95 [    27573.9   13368.0   59616.3    3278.5   46590.3 ]
[24-10-31 15:16:41] 97     -3884.69 [    27573.9   13368.0   65516.1    3278.5   46590.3 ]
[24-10-31 15:16:41] 98     -3869.93 [    27573.9   13368.0   63411.5    3278.5   46590.3 ]
[24-10-31 15:16:41] 99     -3869.94 [    27573.9   13368.0   63352.2    3278.5   46590.3 ]
[24-10-31 15:16:41] 100    -3869.94 [    27573.9   13368.0   63470.8    3278.5   46590.3 ]
[24-10-31 15:16:42] 101    -3869.93 [    27573.9   13368.0   63411.5    3278.5   46590.3 ]
[24-10-31 15:16:42] 102    -3869.87 [    27573.9   13368.0   63411.5    3279.5   46590.3 ]
[24-10-31 15:16:42] 103    -3869.78 [    27573.9   13368.0   63411.5    3281.1   46590.3 ]
[24-10-31 15:16:42] 104    -3869.15 [    27573.9   13368.0   63411.5    3304.9   46590.3 ]
[24-10-31 15:16:43] 105    -3870.67 [    27573.9   13368.0   63411.5    3343.3   46590.3 ]
[24-10-31 15:16:43] 106    -3869.36 [    27573.9   13368.0   63411.5    3319.6   46590.3 ]
[24-10-31 15:16:43] 107    -3869.24 [    27573.9   13368.0   63411.5    3295.8   46590.3 ]
[24-10-31 15:16:43] 108    -3869.14 [    27573.9   13368.0   63411.5    3305.3   46590.3 ]
[24-10-31 15:16:44] 109    -3869.15 [    27573.9   13368.0   63411.5    3305.6   46590.3 ]
[24-10-31 15:16:44] 110    -3869.14 [    27573.9   13368.0   63411.5    3305.3   46590.3 ]
[24-10-31 15:16:44] 111    -3869.13 [    27573.9   13368.0   63411.5    3305.3   46591.3 ]
[24-10-31 15:16:44] 112    -3869.11 [    27573.9   13368.0   63411.5    3305.3   46592.9 ]
[24-10-31 15:16:45] 113    -3866.53 [    27573.9   13368.0   63411.5    3305.3   46769.3 ]
[24-10-31 15:16:45] 116    -3836.41 [    27573.9   13368.0   63411.5    3305.3   48996.9 ]
[24-10-31 15:16:45] 117    -3850.94 [    27573.9   13368.0   63411.5    3305.3   47883.1 ]
[24-10-31 15:16:45] 119    -3829.89 [    27573.9   13368.0   63411.5    3305.3   49522.8 ]
[24-10-31 15:16:46] 120    -3825.97 [    27573.9   13368.0   63411.5    3305.3   49847.8 ]
[24-10-31 15:16:46] 122    -3827.46 [    27573.9   13368.0   63411.5    3305.3   49723.6 ]
[24-10-31 15:16:46] 123    -3825.05 [    27573.9   13368.0   63411.5    3305.3   49924.5 ]
[24-10-31 15:16:46] 124    -3824.49 [    27573.9   13368.0   63411.5    3305.3   49971.9 ]
[24-10-31 15:16:46] 127    -3824.49 [    27573.9   13368.0   63411.5    3305.3   49971.9 ]
[24-10-31 15:16:47] 128     -3824.5 [    27574.9   13368.0   63411.5    3305.3   49971.9 ]
[24-10-31 15:16:47] 129    -3824.47 [    27572.3   13368.0   63411.5    3305.3   49971.9 ]
[24-10-31 15:16:47] 130     -3822.3 [    27395.9   13368.0   63411.5    3305.3   49971.9 ]
[24-10-31 15:16:47] 131    -3808.99 [    24036.6   13368.0   63411.5    3305.3   49971.9 ]
[24-10-31 15:16:48] 132    -4021.63 [    18601.3   13368.0   63411.5    3305.3   49971.9 ]
[24-10-31 15:16:48] 133    -3841.55 [    21960.5   13368.0   63411.5    3305.3   49971.9 ]
[24-10-31 15:16:48] 134    -3806.69 [    25319.8   13368.0   63411.5    3305.3   49971.9 ]
[24-10-31 15:16:48] 135    -3806.25 [    24894.8   13368.0   63411.5    3305.3   49971.9 ]
[24-10-31 15:16:49] 136    -3806.24 [    24949.7   13368.0   63411.5    3305.3   49971.9 ]
[24-10-31 15:16:49] 137    -3806.25 [    24976.0   13368.0   63411.5    3305.3   49971.9 ]
[24-10-31 15:16:49] 138    -3806.24 [    24923.5   13368.0   63411.5    3305.3   49971.9 ]
[24-10-31 15:16:49] 139    -3806.24 [    24949.7   13368.0   63411.5    3305.3   49971.9 ]
[24-10-31 15:16:49] 140     -3806.2 [    24949.7   13369.0   63411.5    3305.3   49971.9 ]
[24-10-31 15:16:50] 141    -3806.13 [    24949.7   13370.6   63411.5    3305.3   49971.9 ]
[24-10-31 15:16:50] 142    -3800.99 [    24949.7   13547.0   63411.5    3305.3   49971.9 ]
[24-10-31 15:16:50] 143    -3800.09 [    24949.7   13651.1   63411.5    3305.3   49971.9 ]
[24-10-31 15:16:50] 144    -3801.79 [    24949.7   13819.4   63411.5    3305.3   49971.9 ]
[24-10-31 15:16:51] 145    -3800.29 [    24949.7   13715.4   63411.5    3305.3   49971.9 ]
[24-10-31 15:16:51] 146    -3800.25 [    24949.7   13611.3   63411.5    3305.3   49971.9 ]
[24-10-31 15:16:51] 147    -3800.08 [    24949.7   13660.9   63411.5    3305.3   49971.9 ]
[24-10-31 15:16:51] 148    -3800.08 [    24949.7   13658.0   63411.5    3305.3   49971.9 ]
[24-10-31 15:16:52] 149    -3800.08 [    24949.7   13663.8   63411.5    3305.3   49971.9 ]
[24-10-31 15:16:52] 150    -3800.08 [    24949.7   13660.9   63411.5    3305.3   49971.9 ]
[24-10-31 15:16:53] 151    -3800.09 [    24949.7   13660.9   63412.5    3305.3   49971.9 ]
[24-10-31 15:16:53] 152    -3800.07 [    24949.7   13660.9   63409.9    3305.3   49971.9 ]
[24-10-31 15:16:54] 153    -3798.93 [    24949.7   13660.9   63233.5    3305.3   49971.9 ]
[24-10-31 15:16:54] 154    -3796.36 [    24949.7   13660.9   62351.0    3305.3   49971.9 ]
[24-10-31 15:16:54] 155    -3803.25 [    24949.7   13660.9   60923.1    3305.3   49971.9 ]
[24-10-31 15:16:55] 156    -3797.37 [    24949.7   13660.9   61805.6    3305.3   49971.9 ]
[24-10-31 15:16:55] 157    -3796.73 [    24949.7   13660.9   62688.1    3305.3   49971.9 ]
[24-10-31 15:16:56] 158    -3796.36 [    24949.7   13660.9   62361.6    3305.3   49971.9 ]
[24-10-31 15:16:56] 159    -3796.36 [    24949.7   13660.9   62340.4    3305.3   49971.9 ]
[24-10-31 15:16:57] 160    -3796.36 [    24949.7   13660.9   62351.0    3305.3   49971.9 ]
[24-10-31 15:16:57] 161    -3796.46 [    24949.7   13660.9   62351.0    3306.3   49971.9 ]
[24-10-31 15:16:58] 162    -3796.19 [    24949.7   13660.9   62351.0    3303.7   49971.9 ]
[24-10-31 15:16:58] 163    -3793.84 [    24949.7   13660.9   62351.0    3255.5   49971.9 ]
[24-10-31 15:16:59] 164    -3801.12 [    24949.7   13660.9   62351.0    3177.5   49971.9 ]
[24-10-31 15:16:59] 165    -3794.95 [    24949.7   13660.9   62351.0    3225.7   49971.9 ]
[24-10-31 15:16:59] 166    -3794.15 [    24949.7   13660.9   62351.0    3273.9   49971.9 ]
[24-10-31 15:17:00] 167    -3793.84 [    24949.7   13660.9   62351.0    3257.2   49971.9 ]
[24-10-31 15:17:00] 168    -3793.84 [    24949.7   13660.9   62351.0    3256.8   49971.9 ]
[24-10-31 15:17:01] 169    -3793.84 [    24949.7   13660.9   62351.0    3257.7   49971.9 ]
[24-10-31 15:17:01] 170    -3793.84 [    24949.7   13660.9   62351.0    3257.2   49971.9 ]
[24-10-31 15:17:02] 171    -3793.83 [    24949.7   13660.9   62351.0    3257.2   49972.9 ]
[24-10-31 15:17:02] 172    -3793.82 [    24949.7   13660.9   62351.0    3257.2   49974.5 ]
[24-10-31 15:17:03] 176    -3793.72 [    24949.7   13660.9   62351.0    3257.2   49984.4 ]
[24-10-31 15:17:03] 177    -3793.77 [    24949.7   13660.9   62351.0    3257.2   49979.4 ]
[24-10-31 15:17:04] 178    -3793.66 [    24949.7   13660.9   62351.0    3257.2   49990.4 ]
[24-10-31 15:17:04] 179    -3793.63 [    24949.7   13660.9   62351.0    3257.2   49994.2 ]
[24-10-31 15:17:04] 180    -3793.61 [    24949.7   13660.9   62351.0    3257.2   49996.5 ]
[24-10-31 15:17:05] 181    -3793.59 [    24949.7   13660.9   62351.0    3257.2   49997.9 ]
[24-10-31 15:17:05] 182    -3793.58 [    24949.7   13660.9   62351.0    3257.2   49998.8 ]
[24-10-31 15:17:06] 183    -3793.58 [    24949.7   13660.9   62351.0    3257.2   49999.4 ]
[24-10-31 15:17:06] 184    -3793.58 [    24949.7   13660.9   62351.0    3257.2   49999.7 ]
[24-10-31 15:17:07] 186    -3793.58 [    24949.7   13660.9   62351.0    3257.2   49999.7 ]
[24-10-31 15:17:07] 187    -3793.57 [    24950.7   13660.9   62351.0    3257.2   49999.7 ]
[24-10-31 15:17:08] 188    -3793.57 [    24952.3   13660.9   62351.0    3257.2   49999.7 ]
[24-10-31 15:17:08] 189    -3793.29 [    25128.7   13660.9   62351.0    3257.2   49999.7 ]
[24-10-31 15:17:09] 190    -3793.21 [    25286.5   13660.9   62351.0    3257.2   49999.7 ]
[24-10-31 15:17:09] 191    -3793.39 [    25541.7   13660.9   62351.0    3257.2   49999.7 ]
[24-10-31 15:17:09] 192    -3793.23 [    25384.0   13660.9   62351.0    3257.2   49999.7 ]
[24-10-31 15:17:10] 193    -3793.22 [    25226.2   13660.9   62351.0    3257.2   49999.7 ]
[24-10-31 15:17:10] 194    -3793.21 [    25294.9   13660.9   62351.0    3257.2   49999.7 ]
[24-10-31 15:17:11] 195    -3793.21 [    25291.5   13660.9   62351.0    3257.2   49999.7 ]
[24-10-31 15:17:11] 196    -3793.21 [    25298.4   13660.9   62351.0    3257.2   49999.7 ]
[24-10-31 15:17:12] 197    -3793.21 [    25294.9   13660.9   62351.0    3257.2   49999.7 ]
[24-10-31 15:17:12] 198    -3793.18 [    25294.9   13661.9   62351.0    3257.2   49999.7 ]
[24-10-31 15:17:13] 199    -3793.14 [    25294.9   13663.5   62351.0    3257.2   49999.7 ]
[24-10-31 15:17:13] 200    -3790.95 [    25294.9   13835.7   62351.0    3257.2   49999.7 ]
[24-10-31 15:17:14] 201    -3795.78 [    25294.9   14114.3   62351.0    3257.2   49999.7 ]
[24-10-31 15:17:14] 202    -3791.62 [    25294.9   13942.1   62351.0    3257.2   49999.7 ]
[24-10-31 15:17:14] 203     -3791.3 [    25294.9   13769.9   62351.0    3257.2   49999.7 ]
[24-10-31 15:17:15] 204    -3790.95 [    25294.9   13842.4   62351.0    3257.2   49999.7 ]
[24-10-31 15:17:15] 205    -3790.95 [    25294.9   13840.6   62351.0    3257.2   49999.7 ]
[24-10-31 15:17:16] 206    -3790.95 [    25294.9   13844.2   62351.0    3257.2   49999.7 ]
[24-10-31 15:17:16] 207    -3790.95 [    25294.9   13842.4   62351.0    3257.2   49999.7 ]
[24-10-31 15:17:17] 208    -3790.96 [    25294.9   13842.4   62352.0    3257.2   49999.7 ]
[24-10-31 15:17:17] 209    -3790.94 [    25294.9   13842.4   62349.4    3257.2   49999.7 ]
[24-10-31 15:17:18] 210    -3789.97 [    25294.9   13842.4   62173.0    3257.2   49999.7 ]
[24-10-31 15:17:18] 211    -3788.19 [    25294.9   13842.4   61445.7    3257.2   49999.7 ]
[24-10-31 15:17:19] 212    -3792.94 [    25294.9   13842.4   60269.0    3257.2   49999.7 ]
[24-10-31 15:17:19] 213    -3788.89 [    25294.9   13842.4   60996.3    3257.2   49999.7 ]
[24-10-31 15:17:20] 214    -3788.45 [    25294.9   13842.4   61723.5    3257.2   49999.7 ]
[24-10-31 15:17:20] 215    -3788.19 [    25294.9   13842.4   61454.8    3257.2   49999.7 ]
[24-10-31 15:17:20] 216    -3788.19 [    25294.9   13842.4   61436.7    3257.2   49999.7 ]
[24-10-31 15:17:21] 217    -3788.19 [    25294.9   13842.4   61445.7    3257.2   49999.7 ]
[24-10-31 15:17:21] 218     -3788.3 [    25294.9   13842.4   61445.7    3258.2   49999.7 ]
[24-10-31 15:17:22] 219    -3788.02 [    25294.9   13842.4   61445.7    3255.6   49999.7 ]
[24-10-31 15:17:22] 220    -3785.41 [    25294.9   13842.4   61445.7    3205.5   49999.7 ]
[24-10-31 15:17:23] 221    -3793.56 [    25294.9   13842.4   61445.7    3124.5   49999.7 ]
[24-10-31 15:17:23] 222    -3786.65 [    25294.9   13842.4   61445.7    3174.6   49999.7 ]
[24-10-31 15:17:23] 223    -3785.75 [    25294.9   13842.4   61445.7    3224.7   49999.7 ]
[24-10-31 15:17:24] 224     -3785.4 [    25294.9   13842.4   61445.7    3207.4   49999.7 ]
[24-10-31 15:17:24] 225     -3785.4 [    25294.9   13842.4   61445.7    3206.9   49999.7 ]
[24-10-31 15:17:25] 226     -3785.4 [    25294.9   13842.4   61445.7    3207.9   49999.7 ]
[24-10-31 15:17:25] 227     -3785.4 [    25294.9   13842.4   61445.7    3207.4   49999.7 ]
[24-10-31 15:17:26] 229    -3785.42 [    25294.9   13842.4   61445.7    3207.4   49998.1 ]
[24-10-31 15:17:26] 230    -3785.41 [    25294.9   13842.4   61445.7    3207.4   49999.1 ]
[24-10-31 15:17:26] 232    -3785.41 [    25294.9   13842.4   61445.7    3207.4   49999.4 ]
[24-10-31 15:17:27] 233     -3785.4 [    25294.9   13842.4   61445.7    3207.4   49999.9 ]
[24-10-31 15:17:27] 234     -3785.4 [    25294.9   13842.4   61445.7    3207.4   50000.0 ]
[24-10-31 15:17:28] 236     -3785.4 [    25294.9   13842.4   61445.7    3207.4   49999.9 ]
[24-10-31 15:17:28] 237     -3785.4 [    25294.9   13842.4   61445.7    3207.4   50000.0 ]
[24-10-31 15:17:29] 238     -3785.4 [    25294.9   13842.4   61445.7    3207.4   50000.0 ]
[24-10-31 15:17:29] 239     -3785.4 [    25294.9   13842.4   61445.7    3207.4   50000.0 ]
[24-10-31 15:17:29] 240     -3785.4 [    25294.9   13842.4   61445.7    3207.4   50000.0 ]
[24-10-31 15:17:30] 243     -3785.4 [    25294.9   13842.4   61445.7    3207.4   50000.0 ]
[24-10-31 15:17:30] 244     -3785.4 [    25295.9   13842.4   61445.7    3207.4   50000.0 ]
[24-10-31 15:17:31] 245     -3785.4 [    25297.5   13842.4   61445.7    3207.4   50000.0 ]
[24-10-31 15:17:31] 246    -3785.32 [    25455.4   13842.4   61445.7    3207.4   50000.0 ]
[24-10-31 15:17:32] 247    -3785.51 [    25710.8   13842.4   61445.7    3207.4   50000.0 ]
[24-10-31 15:17:32] 248    -3785.35 [    25552.9   13842.4   61445.7    3207.4   50000.0 ]
[24-10-31 15:17:32] 249    -3785.33 [    25395.1   13842.4   61445.7    3207.4   50000.0 ]
[24-10-31 15:17:33] 250    -3785.32 [    25458.4   13842.4   61445.7    3207.4   50000.0 ]
[24-10-31 15:17:33] 251    -3785.32 [    25460.0   13842.4   61445.7    3207.4   50000.0 ]
[24-10-31 15:17:34] 252    -3785.32 [    25458.4   13842.4   61445.7    3207.4   50000.0 ]
[24-10-31 15:17:34] 253     -3785.3 [    25458.4   13843.4   61445.7    3207.4   50000.0 ]
[24-10-31 15:17:34] 254    -3785.27 [    25458.4   13845.0   61445.7    3207.4   50000.0 ]
[24-10-31 15:17:35] 255    -3783.79 [    25458.4   13989.3   61445.7    3207.4   50000.0 ]
[24-10-31 15:17:35] 256    -3787.15 [    25458.4   14222.9   61445.7    3207.4   50000.0 ]
[24-10-31 15:17:36] 257    -3784.26 [    25458.4   14078.5   61445.7    3207.4   50000.0 ]
[24-10-31 15:17:36] 258    -3784.02 [    25458.4   13934.2   61445.7    3207.4   50000.0 ]
[24-10-31 15:17:37] 259    -3783.79 [    25458.4   13993.9   61445.7    3207.4   50000.0 ]
[24-10-31 15:17:37] 260    -3783.79 [    25458.4   13992.4   61445.7    3207.4   50000.0 ]
[24-10-31 15:17:37] 261    -3783.79 [    25458.4   13995.5   61445.7    3207.4   50000.0 ]
[24-10-31 15:17:38] 262    -3783.79 [    25458.4   13993.9   61445.7    3207.4   50000.0 ]
[24-10-31 15:17:38] 263    -3783.79 [    25458.4   13993.9   61446.7    3207.4   50000.0 ]
[24-10-31 15:17:39] 264    -3783.78 [    25458.4   13993.9   61444.1    3207.4   50000.0 ]
[24-10-31 15:17:39] 265    -3782.78 [    25458.4   13993.9   61267.8    3207.4   50000.0 ]
[24-10-31 15:17:39] 266    -3780.92 [    25458.4   13993.9   60530.3    3207.4   50000.0 ]
[24-10-31 15:17:40] 267    -3785.89 [    25458.4   13993.9   59337.0    3207.4   50000.0 ]
[24-10-31 15:17:40] 268    -3781.65 [    25458.4   13993.9   60074.5    3207.4   50000.0 ]
[24-10-31 15:17:41] 269    -3781.18 [    25458.4   13993.9   60812.0    3207.4   50000.0 ]
[24-10-31 15:17:41] 270    -3780.92 [    25458.4   13993.9   60539.4    3207.4   50000.0 ]
[24-10-31 15:17:42] 271    -3780.92 [    25458.4   13993.9   60521.1    3207.4   50000.0 ]
[24-10-31 15:17:42] 272    -3780.92 [    25458.4   13993.9   60530.3    3207.4   50000.0 ]
[24-10-31 15:17:43] 273    -3781.03 [    25458.4   13993.9   60530.3    3208.4   50000.0 ]
[24-10-31 15:17:43] 274    -3780.74 [    25458.4   13993.9   60530.3    3205.8   50000.0 ]
[24-10-31 15:17:44] 275    -3778.24 [    25458.4   13993.9   60530.3    3157.5   50000.0 ]
[24-10-31 15:17:44] 276    -3786.02 [    25458.4   13993.9   60530.3    3079.5   50000.0 ]
[24-10-31 15:17:44] 277    -3779.42 [    25458.4   13993.9   60530.3    3127.7   50000.0 ]
[24-10-31 15:17:45] 278    -3778.57 [    25458.4   13993.9   60530.3    3176.0   50000.0 ]
[24-10-31 15:17:45] 279    -3778.24 [    25458.4   13993.9   60530.3    3159.3   50000.0 ]
[24-10-31 15:17:46] 280    -3778.24 [    25458.4   13993.9   60530.3    3158.8   50000.0 ]
[24-10-31 15:17:46] 281    -3778.24 [    25458.4   13993.9   60530.3    3159.8   50000.0 ]
[24-10-31 15:17:47] 282    -3778.24 [    25458.4   13993.9   60530.3    3159.3   50000.0 ]
[24-10-31 15:17:47] 284    -3778.25 [    25458.4   13993.9   60530.3    3159.3   49998.4 ]
[24-10-31 15:17:47] 285    -3778.25 [    25458.4   13993.9   60530.3    3159.3   49999.4 ]
[24-10-31 15:17:48] 287    -3778.24 [    25458.4   13993.9   60530.3    3159.3   49999.7 ]
[24-10-31 15:17:48] 289    -3778.24 [    25458.4   13993.9   60530.3    3159.3   49999.9 ]
[24-10-31 15:17:49] 291    -3778.24 [    25458.4   13993.9   60530.3    3159.3   50000.0 ]
[24-10-31 15:17:49] 293    -3778.24 [    25458.4   13993.9   60530.3    3159.3   50000.0 ]
[24-10-31 15:17:50] 295    -3778.24 [    25458.4   13993.9   60530.3    3159.3   50000.0 ]
[24-10-31 15:17:50] 297    -3778.24 [    25458.4   13993.9   60530.3    3159.3   50000.0 ]
[24-10-31 15:17:50] 299    -3778.24 [    25458.4   13993.9   60530.3    3159.3   50000.0 ]
[24-10-31 15:17:51] 301    -3778.24 [    25458.4   13993.9   60530.3    3159.3   50000.0 ]
[24-10-31 15:17:51] 302    -3778.24 [    25458.4   13993.9   60530.3    3159.3   50000.0 ]
[24-10-31 15:17:52] 303    -3778.24 [    25458.4   13993.9   60530.3    3159.3   50000.0 ]
[24-10-31 15:17:52] 305    -3778.24 [    25458.4   13993.9   60530.3    3159.3   50000.0 ]
[24-10-31 15:17:52] 306    -3778.24 [    25458.4   13993.9   60530.3    3159.3   50000.0 ]
[24-10-31 15:17:52] 307    -3778.24 [    25458.4   13993.9   60530.3    3159.3   50000.0 ]
[24-10-31 15:17:53] 308    -3778.24 [    25458.4   13993.9   60530.3    3159.3   50000.0 ]
[24-10-31 15:17:53] 310    -3778.24 [    25458.4   13993.9   60530.3    3159.3   50000.0 ]
[24-10-31 15:17:53] 312    -3778.24 [    25458.4   13993.9   60530.3    3159.3   50000.0 ]
[24-10-31 15:17:53] 313    -3778.24 [    25459.4   13993.9   60530.3    3159.3   50000.0 ]
[24-10-31 15:17:54] 314    -3778.24 [    25461.0   13993.9   60530.3    3159.3   50000.0 ]
[24-10-31 15:17:54] 315    -3778.21 [    25553.8   13993.9   60530.3    3159.3   50000.0 ]
[24-10-31 15:17:54] 316    -3778.28 [    25704.0   13993.9   60530.3    3159.3   50000.0 ]
[24-10-31 15:17:54] 317    -3778.22 [    25611.2   13993.9   60530.3    3159.3   50000.0 ]
[24-10-31 15:17:55] 318    -3778.22 [    25518.4   13993.9   60530.3    3159.3   50000.0 ]
[24-10-31 15:17:55] 319    -3778.21 [    25554.9   13993.9   60530.3    3159.3   50000.0 ]
[24-10-31 15:17:55] 320    -3778.21 [    25555.8   13993.9   60530.3    3159.3   50000.0 ]
[24-10-31 15:17:55] 321    -3778.21 [    25554.9   13993.9   60530.3    3159.3   50000.0 ]
[24-10-31 15:17:55] 322    -3778.19 [    25554.9   13994.9   60530.3    3159.3   50000.0 ]
[24-10-31 15:17:56] 323    -3778.16 [    25554.9   13996.6   60530.3    3159.3   50000.0 ]
[24-10-31 15:17:56] 324    -3776.84 [    25554.9   14134.4   60530.3    3159.3   50000.0 ]
[24-10-31 15:17:56] 325    -3779.86 [    25554.9   14357.4   60530.3    3159.3   50000.0 ]
[24-10-31 15:17:56] 326    -3777.27 [    25554.9   14219.6   60530.3    3159.3   50000.0 ]
[24-10-31 15:17:57] 327    -3777.05 [    25554.9   14081.8   60530.3    3159.3   50000.0 ]
[24-10-31 15:17:57] 328    -3776.84 [    25554.9   14138.6   60530.3    3159.3   50000.0 ]
[24-10-31 15:17:57] 329    -3776.84 [    25554.9   14137.1   60530.3    3159.3   50000.0 ]
[24-10-31 15:17:58] 330    -3776.84 [    25554.9   14140.0   60530.3    3159.3   50000.0 ]
[24-10-31 15:17:58] 331    -3776.84 [    25554.9   14138.6   60530.3    3159.3   50000.0 ]
[24-10-31 15:17:58] 332    -3776.85 [    25554.9   14138.6   60531.3    3159.3   50000.0 ]
[24-10-31 15:17:59] 333    -3776.83 [    25554.9   14138.6   60528.7    3159.3   50000.0 ]
[24-10-31 15:17:59] 334    -3775.84 [    25554.9   14138.6   60352.3    3159.3   50000.0 ]
[24-10-31 15:18:00] 335    -3774.05 [    25554.9   14138.6   59635.9    3159.3   50000.0 ]
[24-10-31 15:18:00] 336    -3778.84 [    25554.9   14138.6   58476.7    3159.3   50000.0 ]
[24-10-31 15:18:01] 337    -3774.76 [    25554.9   14138.6   59193.1    3159.3   50000.0 ]
[24-10-31 15:18:01] 338    -3774.31 [    25554.9   14138.6   59909.5    3159.3   50000.0 ]
[24-10-31 15:18:02] 339    -3774.05 [    25554.9   14138.6   59644.8    3159.3   50000.0 ]
[24-10-31 15:18:02] 340    -3774.05 [    25554.9   14138.6   59626.9    3159.3   50000.0 ]
[24-10-31 15:18:03] 341    -3774.05 [    25554.9   14138.6   59635.9    3159.3   50000.0 ]
[24-10-31 15:18:03] 342    -3774.17 [    25554.9   14138.6   59635.9    3160.3   50000.0 ]
[24-10-31 15:18:03] 343    -3773.88 [    25554.9   14138.6   59635.9    3157.7   50000.0 ]
[24-10-31 15:18:04] 344    -3771.46 [    25554.9   14138.6   59635.9    3111.0   50000.0 ]
[24-10-31 15:18:04] 345    -3778.97 [    25554.9   14138.6   59635.9    3035.3   50000.0 ]
[24-10-31 15:18:05] 346     -3772.6 [    25554.9   14138.6   59635.9    3082.1   50000.0 ]
[24-10-31 15:18:05] 347    -3771.78 [    25554.9   14138.6   59635.9    3128.8   50000.0 ]
[24-10-31 15:18:06] 348    -3771.46 [    25554.9   14138.6   59635.9    3112.7   50000.0 ]
[24-10-31 15:18:06] 349    -3771.46 [    25554.9   14138.6   59635.9    3112.2   50000.0 ]
[24-10-31 15:18:07] 350    -3771.46 [    25554.9   14138.6   59635.9    3113.1   50000.0 ]
[24-10-31 15:18:07] 351    -3771.46 [    25554.9   14138.6   59635.9    3112.7   50000.0 ]
[24-10-31 15:18:08] 353    -3771.47 [    25554.9   14138.6   59635.9    3112.7   49998.4 ]
[24-10-31 15:18:08] 354    -3771.46 [    25554.9   14138.6   59635.9    3112.7   49999.4 ]
[24-10-31 15:18:08] 356    -3771.46 [    25554.9   14138.6   59635.9    3112.7   49999.7 ]
[24-10-31 15:18:09] 358    -3771.46 [    25554.9   14138.6   59635.9    3112.7   49999.9 ]
[24-10-31 15:18:09] 360    -3771.46 [    25554.9   14138.6   59635.9    3112.7   50000.0 ]
[24-10-31 15:18:10] 362    -3771.46 [    25554.9   14138.6   59635.9    3112.7   50000.0 ]
[24-10-31 15:18:10] 364    -3771.46 [    25554.9   14138.6   59635.9    3112.7   50000.0 ]
[24-10-31 15:18:11] 366    -3771.46 [    25554.9   14138.6   59635.9    3112.7   50000.0 ]
[24-10-31 15:18:11] 368    -3771.46 [    25554.9   14138.6   59635.9    3112.7   50000.0 ]
[24-10-31 15:18:12] 370    -3771.46 [    25554.9   14138.6   59635.9    3112.7   50000.0 ]
[24-10-31 15:18:12] 372    -3771.46 [    25554.9   14138.6   59635.9    3112.7   50000.0 ]
[24-10-31 15:18:12] 374    -3771.46 [    25554.9   14138.6   59635.9    3112.7   50000.0 ]
[24-10-31 15:18:12] 376    -3771.46 [    25554.9   14138.6   59635.9    3112.7   50000.0 ]
[24-10-31 15:18:13] 378    -3771.46 [    25554.9   14138.6   59635.9    3112.7   50000.0 ]
[24-10-31 15:18:13] 379    -3771.46 [    25554.9   14138.6   59635.9    3112.7   50000.0 ]
[24-10-31 15:18:13] 381    -3771.46 [    25554.9   14138.6   59635.9    3112.7   50000.0 ]
[24-10-31 15:18:13] 383    -3771.46 [    25554.9   14138.6   59635.9    3112.7   50000.0 ]
[24-10-31 15:18:14] 385    -3771.46 [    25554.9   14138.6   59635.9    3112.7   50000.0 ]
[24-10-31 15:18:14] 386    -3771.46 [    25554.9   14138.6   59635.9    3112.7   50000.0 ]
[24-10-31 15:18:14] 387    -3771.46 [    25554.9   14138.6   59635.9    3112.7   50000.0 ]
[24-10-31 15:18:14] 388    -3771.46 [    25554.9   14138.6   59635.9    3112.7   50000.0 ]
[24-10-31 15:18:15] 390    -3771.46 [    25554.9   14138.6   59635.9    3112.7   50000.0 ]
[24-10-31 15:18:15] 391    -3771.46 [    25555.9   14138.6   59635.9    3112.7   50000.0 ]
[24-10-31 15:18:15] 392    -3771.46 [    25557.5   14138.6   59635.9    3112.7   50000.0 ]
[24-10-31 15:18:16] 393    -3771.43 [    25641.3   14138.6   59635.9    3112.7   50000.0 ]
[24-10-31 15:18:16] 394    -3771.49 [    25776.9   14138.6   59635.9    3112.7   50000.0 ]
[24-10-31 15:18:16] 395    -3771.44 [    25693.1   14138.6   59635.9    3112.7   50000.0 ]
[24-10-31 15:18:16] 396    -3771.44 [    25609.3   14138.6   59635.9    3112.7   50000.0 ]
[24-10-31 15:18:17] 397    -3771.43 [    25642.2   14138.6   59635.9    3112.7   50000.0 ]
[24-10-31 15:18:17] 398    -3771.43 [    25643.0   14138.6   59635.9    3112.7   50000.0 ]
[24-10-31 15:18:17] 399    -3771.43 [    25642.2   14138.6   59635.9    3112.7   50000.0 ]
[24-10-31 15:18:17] 400    -3771.42 [    25642.2   14139.6   59635.9    3112.7   50000.0 ]
[24-10-31 15:18:18] 401    -3771.39 [    25642.2   14141.2   59635.9    3112.7   50000.0 ]
[24-10-31 15:18:18] 402    -3770.17 [    25642.2   14274.9   59635.9    3112.7   50000.0 ]
[24-10-31 15:18:18] 403    -3772.97 [    25642.2   14491.2   59635.9    3112.7   50000.0 ]
[24-10-31 15:18:19] 404    -3770.56 [    25642.2   14357.5   59635.9    3112.7   50000.0 ]
[24-10-31 15:18:19] 405    -3770.36 [    25642.2   14223.8   59635.9    3112.7   50000.0 ]
[24-10-31 15:18:19] 406    -3770.17 [    25642.2   14278.7   59635.9    3112.7   50000.0 ]
[24-10-31 15:18:19] 407    -3770.17 [    25642.2   14277.3   59635.9    3112.7   50000.0 ]
[24-10-31 15:18:20] 408    -3770.17 [    25642.2   14280.1   59635.9    3112.7   50000.0 ]
[24-10-31 15:18:20] 409    -3770.17 [    25642.2   14278.7   59635.9    3112.7   50000.0 ]
[24-10-31 15:18:20] 410    -3770.18 [    25642.2   14278.7   59636.9    3112.7   50000.0 ]
[24-10-31 15:18:20] 411    -3770.16 [    25642.2   14278.7   59634.2    3112.7   50000.0 ]
[24-10-31 15:18:21] 412    -3769.18 [    25642.2   14278.7   59457.9    3112.7   50000.0 ]
[24-10-31 15:18:21] 413    -3767.49 [    25642.2   14278.7   58767.3    3112.7   50000.0 ]
[24-10-31 15:18:21] 414    -3772.02 [    25642.2   14278.7   57649.8    3112.7   50000.0 ]
[24-10-31 15:18:21] 415    -3768.16 [    25642.2   14278.7   58340.4    3112.7   50000.0 ]
[24-10-31 15:18:22] 416    -3767.74 [    25642.2   14278.7   59031.1    3112.7   50000.0 ]
[24-10-31 15:18:22] 417    -3767.49 [    25642.2   14278.7   58776.0    3112.7   50000.0 ]
[24-10-31 15:18:22] 418    -3767.49 [    25642.2   14278.7   58758.6    3112.7   50000.0 ]
[24-10-31 15:18:23] 419    -3767.49 [    25642.2   14278.7   58767.3    3112.7   50000.0 ]
[24-10-31 15:18:23] 420     -3767.6 [    25642.2   14278.7   58767.3    3113.7   50000.0 ]
[24-10-31 15:18:23] 421    -3767.32 [    25642.2   14278.7   58767.3    3111.0   50000.0 ]
[24-10-31 15:18:23] 422    -3764.97 [    25642.2   14278.7   58767.3    3065.7   50000.0 ]
[24-10-31 15:18:24] 423    -3772.24 [    25642.2   14278.7   58767.3    2992.3   50000.0 ]
[24-10-31 15:18:24] 424    -3766.08 [    25642.2   14278.7   58767.3    3037.7   50000.0 ]
[24-10-31 15:18:24] 425    -3765.28 [    25642.2   14278.7   58767.3    3083.0   50000.0 ]
[24-10-31 15:18:25] 426    -3764.97 [    25642.2   14278.7   58767.3    3067.3   50000.0 ]
[24-10-31 15:18:25] 427    -3764.97 [    25642.2   14278.7   58767.3    3066.9   50000.0 ]
[24-10-31 15:18:25] 428    -3764.97 [    25642.2   14278.7   58767.3    3067.8   50000.0 ]
[24-10-31 15:18:25] 429    -3764.97 [    25642.2   14278.7   58767.3    3067.3   50000.0 ]
[24-10-31 15:18:26] 431    -3764.98 [    25642.2   14278.7   58767.3    3067.3   49998.4 ]
[24-10-31 15:18:26] 432    -3764.98 [    25642.2   14278.7   58767.3    3067.3   49999.4 ]
[24-10-31 15:18:26] 434    -3764.97 [    25642.2   14278.7   58767.3    3067.3   49999.7 ]
[24-10-31 15:18:26] 436    -3764.97 [    25642.2   14278.7   58767.3    3067.3   49999.9 ]
[24-10-31 15:18:27] 438    -3764.97 [    25642.2   14278.7   58767.3    3067.3   50000.0 ]
[24-10-31 15:18:27] 440    -3764.97 [    25642.2   14278.7   58767.3    3067.3   50000.0 ]
[24-10-31 15:18:27] 442    -3764.97 [    25642.2   14278.7   58767.3    3067.3   50000.0 ]
[24-10-31 15:18:27] 444    -3764.97 [    25642.2   14278.7   58767.3    3067.3   50000.0 ]
[24-10-31 15:18:28] 446    -3764.97 [    25642.2   14278.7   58767.3    3067.3   50000.0 ]
[24-10-31 15:18:28] 448    -3764.97 [    25642.2   14278.7   58767.3    3067.3   50000.0 ]
[24-10-31 15:18:28] 450    -3764.97 [    25642.2   14278.7   58767.3    3067.3   50000.0 ]
[24-10-31 15:18:29] 452    -3764.97 [    25642.2   14278.7   58767.3    3067.3   50000.0 ]
[24-10-31 15:18:29] 454    -3764.97 [    25642.2   14278.7   58767.3    3067.3   50000.0 ]
[24-10-31 15:18:29] 456    -3764.97 [    25642.2   14278.7   58767.3    3067.3   50000.0 ]
[24-10-31 15:18:29] 458    -3764.97 [    25642.2   14278.7   58767.3    3067.3   50000.0 ]
[24-10-31 15:18:29] 460    -3764.97 [    25642.2   14278.7   58767.3    3067.3   50000.0 ]
[24-10-31 15:18:30] 462    -3764.97 [    25642.2   14278.7   58767.3    3067.3   50000.0 ]
[24-10-31 15:18:30] 464    -3764.97 [    25642.2   14278.7   58767.3    3067.3   50000.0 ]
[24-10-31 15:18:30] 466    -3764.97 [    25642.2   14278.7   58767.3    3067.3   50000.0 ]
[24-10-31 15:18:31] 467    -3764.97 [    25642.2   14278.7   58767.3    3067.3   50000.0 ]
[24-10-31 15:18:31] 468    -3764.97 [    25642.2   14278.7   58767.3    3067.3   50000.0 ]
[24-10-31 15:18:31] 469    -3764.97 [    25642.2   14278.7   58767.3    3067.3   50000.0 ]
[24-10-31 15:18:31] 471    -3764.97 [    25642.2   14278.7   58767.3    3067.3   50000.0 ]
[24-10-31 15:18:32] 473    -3764.97 [    25642.2   14278.7   58767.3    3067.3   50000.0 ]
[24-10-31 15:18:32] 475    -3764.97 [    25642.2   14278.7   58767.3    3067.3   50000.0 ]
[24-10-31 15:18:32] 477    -3764.97 [    25642.2   14278.7   58767.3    3067.3   50000.0 ]
[24-10-31 15:18:32] 478    -3764.97 [    25643.2   14278.7   58767.3    3067.3   50000.0 ]
[24-10-31 15:18:33] 479    -3764.97 [    25644.8   14278.7   58767.3    3067.3   50000.0 ]
[24-10-31 15:18:33] 480    -3764.95 [    25726.0   14278.7   58767.3    3067.3   50000.0 ]
[24-10-31 15:18:33] 481     -3765.0 [    25857.4   14278.7   58767.3    3067.3   50000.0 ]
[24-10-31 15:18:33] 482    -3764.96 [    25776.2   14278.7   58767.3    3067.3   50000.0 ]
[24-10-31 15:18:34] 483    -3764.95 [    25695.0   14278.7   58767.3    3067.3   50000.0 ]
[24-10-31 15:18:34] 484    -3764.95 [    25726.8   14278.7   58767.3    3067.3   50000.0 ]
[24-10-31 15:18:34] 485    -3764.95 [    25727.7   14278.7   58767.3    3067.3   50000.0 ]
[24-10-31 15:18:35] 486    -3764.95 [    25726.8   14278.7   58767.3    3067.3   50000.0 ]
[24-10-31 15:18:35] 487    -3764.93 [    25726.8   14279.7   58767.3    3067.3   50000.0 ]
[24-10-31 15:18:35] 488    -3764.91 [    25726.8   14281.4   58767.3    3067.3   50000.0 ]
[24-10-31 15:18:35] 489    -3763.78 [    25726.8   14411.2   58767.3    3067.3   50000.0 ]
[24-10-31 15:18:36] 490    -3766.37 [    25726.8   14621.2   58767.3    3067.3   50000.0 ]
[24-10-31 15:18:36] 491    -3764.15 [    25726.8   14491.4   58767.3    3067.3   50000.0 ]
[24-10-31 15:18:36] 492    -3763.96 [    25726.8   14361.6   58767.3    3067.3   50000.0 ]
[24-10-31 15:18:37] 493    -3763.78 [    25726.8   14414.8   58767.3    3067.3   50000.0 ]
[24-10-31 15:18:37] 494    -3763.78 [    25726.8   14413.4   58767.3    3067.3   50000.0 ]
[24-10-31 15:18:37] 495    -3763.78 [    25726.8   14416.1   58767.3    3067.3   50000.0 ]
[24-10-31 15:18:37] 496    -3763.78 [    25726.8   14414.8   58767.3    3067.3   50000.0 ]
[24-10-31 15:18:38] 497    -3763.79 [    25726.8   14414.8   58768.3    3067.3   50000.0 ]
[24-10-31 15:18:38] 498    -3763.77 [    25726.8   14414.8   58765.6    3067.3   50000.0 ]
[24-10-31 15:18:38] 499    -3762.81 [    25726.8   14414.8   58589.3    3067.3   50000.0 ]
[24-10-31 15:18:38] 500    -3761.21 [    25726.8   14414.8   57924.5    3067.3   50000.0 ]
[24-10-31 15:18:39] 501    -3765.49 [    25726.8   14414.8   56848.8    3067.3   50000.0 ]
[24-10-31 15:18:39] 502    -3761.84 [    25726.8   14414.8   57513.6    3067.3   50000.0 ]
[24-10-31 15:18:39] 503    -3761.44 [    25726.8   14414.8   58178.4    3067.3   50000.0 ]
[24-10-31 15:18:40] 504    -3761.21 [    25726.8   14414.8   57932.9    3067.3   50000.0 ]
[24-10-31 15:18:40] 505    -3761.21 [    25726.8   14414.8   57916.0    3067.3   50000.0 ]
[24-10-31 15:18:40] 506    -3761.21 [    25726.8   14414.8   57924.5    3067.3   50000.0 ]
[24-10-31 15:18:40] 507    -3761.32 [    25726.8   14414.8   57924.5    3068.3   50000.0 ]
[24-10-31 15:18:41] 508    -3761.04 [    25726.8   14414.8   57924.5    3065.7   50000.0 ]
[24-10-31 15:18:41] 509    -3758.77 [    25726.8   14414.8   57924.5    3021.7   50000.0 ]
[24-10-31 15:18:41] 510    -3765.78 [    25726.8   14414.8   57924.5    2950.6   50000.0 ]
[24-10-31 15:18:41] 511    -3759.83 [    25726.8   14414.8   57924.5    2994.6   50000.0 ]
[24-10-31 15:18:42] 512    -3759.06 [    25726.8   14414.8   57924.5    3038.5   50000.0 ]
[24-10-31 15:18:42] 513    -3758.76 [    25726.8   14414.8   57924.5    3023.3   50000.0 ]
[24-10-31 15:18:42] 514    -3758.76 [    25726.8   14414.8   57924.5    3022.9   50000.0 ]
[24-10-31 15:18:42] 515    -3758.76 [    25726.8   14414.8   57924.5    3023.7   50000.0 ]
[24-10-31 15:18:43] 516    -3758.76 [    25726.8   14414.8   57924.5    3023.3   50000.0 ]
[24-10-31 15:18:43] 518    -3758.78 [    25726.8   14414.8   57924.5    3023.3   49998.4 ]
[24-10-31 15:18:43] 519    -3758.77 [    25726.8   14414.8   57924.5    3023.3   49999.4 ]
[24-10-31 15:18:43] 521    -3758.77 [    25726.8   14414.8   57924.5    3023.3   49999.7 ]
[24-10-31 15:18:44] 523    -3758.77 [    25726.8   14414.8   57924.5    3023.3   49999.9 ]
[24-10-31 15:18:44] 525    -3758.76 [    25726.8   14414.8   57924.5    3023.3   50000.0 ]
[24-10-31 15:18:44] 527    -3758.76 [    25726.8   14414.8   57924.5    3023.3   50000.0 ]
[24-10-31 15:18:45] 529    -3758.76 [    25726.8   14414.8   57924.5    3023.3   50000.0 ]
[24-10-31 15:18:45] 531    -3758.76 [    25726.8   14414.8   57924.5    3023.3   50000.0 ]
[24-10-31 15:18:45] 533    -3758.76 [    25726.8   14414.8   57924.5    3023.3   50000.0 ]
[24-10-31 15:18:45] 535    -3758.76 [    25726.8   14414.8   57924.5    3023.3   50000.0 ]
[24-10-31 15:18:46] 537    -3758.76 [    25726.8   14414.8   57924.5    3023.3   50000.0 ]
[24-10-31 15:18:46] 539    -3758.76 [    25726.8   14414.8   57924.5    3023.3   50000.0 ]
[24-10-31 15:18:46] 541    -3758.76 [    25726.8   14414.8   57924.5    3023.3   50000.0 ]
[24-10-31 15:18:46] 543    -3758.76 [    25726.8   14414.8   57924.5    3023.3   50000.0 ]
[24-10-31 15:18:47] 545    -3758.76 [    25726.8   14414.8   57924.5    3023.3   50000.0 ]
[24-10-31 15:18:47] 547    -3758.76 [    25726.8   14414.8   57924.5    3023.3   50000.0 ]
[24-10-31 15:18:47] 549    -3758.76 [    25726.8   14414.8   57924.5    3023.3   50000.0 ]
[24-10-31 15:18:48] 551    -3758.76 [    25726.8   14414.8   57924.5    3023.3   50000.0 ]
[24-10-31 15:18:48] 553    -3758.76 [    25726.8   14414.8   57924.5    3023.3   50000.0 ]
[24-10-31 15:18:48] 555    -3758.76 [    25726.8   14414.8   57924.5    3023.3   50000.0 ]
[24-10-31 15:18:48] 557    -3758.76 [    25726.8   14414.8   57924.5    3023.3   50000.0 ]
[24-10-31 15:18:49] 559    -3758.76 [    25726.8   14414.8   57924.5    3023.3   50000.0 ]
[24-10-31 15:18:49] 560    -3758.76 [    25726.8   14414.8   57924.5    3023.3   50000.0 ]
[24-10-31 15:18:49] 561    -3758.76 [    25726.8   14414.8   57924.5    3023.3   50000.0 ]
[24-10-31 15:18:49] 562    -3758.76 [    25726.8   14414.8   57924.5    3023.3   50000.0 ]
[24-10-31 15:18:50] 563    -3758.76 [    25726.8   14414.8   57924.5    3023.3   50000.0 ]
[24-10-31 15:18:50] 564    -3758.76 [    25726.8   14414.8   57924.5    3023.3   50000.0 ]
[24-10-31 15:18:50] 565    -3758.76 [    25726.8   14414.8   57924.5    3023.3   50000.0 ]
[24-10-31 15:18:51] 566    -3758.76 [    25726.8   14414.8   57924.5    3023.3   50000.0 ]
[24-10-31 15:18:51] 567    -3758.76 [    25726.8   14414.8   57924.5    3023.3   50000.0 ]
[24-10-31 15:18:51] 568    -3758.76 [    25726.8   14414.8   57924.5    3023.3   50000.0 ]
[24-10-31 15:18:51] 569    -3752.65 [    25811.5   14550.8   57081.7    2979.3   50000.0 ]
[24-10-31 15:18:52] 570    -3758.76 [    25726.8   14414.8   57924.5    3023.3   50000.0 ]
[24-10-31 15:18:52] 571    -3752.65 [    25811.5   14550.8   57081.7    2979.3   50000.0 ]
[24-10-31 15:18:52] 572    -3742.93 [    25948.5   14770.9   55718.0    2908.1   50000.0 ]
[24-10-31 15:18:52] 577    -3734.51 [    26070.1   14966.1   54508.1    2844.9   50000.0 ]
[24-10-31 15:18:53] 578     -3738.7 [    26009.3   14868.5   55113.0    2876.5   50000.0 ]
[24-10-31 15:18:53] 579     -3729.4 [    26145.2   15086.8   53760.4    2805.8   50000.0 ]
[24-10-31 15:18:53] 580    -3726.27 [    26191.7   15161.4   53298.3    2781.7   50000.0 ]
[24-10-31 15:18:53] 582    -3727.46 [    26173.9   15132.9   53474.8    2790.9   50000.0 ]
[24-10-31 15:18:54] 583    -3725.54 [    26202.6   15179.0   53189.2    2776.0   50000.0 ]
[24-10-31 15:18:54] 584    -3725.09 [    26209.4   15189.8   53121.8    2772.5   50000.0 ]
[24-10-31 15:18:54] 585    -3724.76 [    26214.2   15197.6   53073.7    2770.0   50000.0 ]
[24-10-31 15:18:54] 586    -3724.76 [    26214.2   15197.6   53073.7    2770.0   50000.0 ]
[24-10-31 15:18:54] 587    -3724.76 [    26215.2   15197.6   53073.7    2770.0   50000.0 ]
[24-10-31 15:18:55] 588    -3724.76 [    26216.8   15197.6   53073.7    2770.0   50000.0 ]
[24-10-31 15:18:55] 589    -3724.75 [    26291.1   15197.6   53073.7    2770.0   50000.0 ]
[24-10-31 15:18:55] 590    -3724.79 [    26411.3   15197.6   53073.7    2770.0   50000.0 ]
[24-10-31 15:18:55] 591    -3724.75 [    26337.0   15197.6   53073.7    2770.0   50000.0 ]
[24-10-31 15:18:56] 592    -3724.75 [    26262.7   15197.6   53073.7    2770.0   50000.0 ]
[24-10-31 15:18:56] 593    -3724.75 [    26291.9   15197.6   53073.7    2770.0   50000.0 ]
[24-10-31 15:18:56] 594    -3724.75 [    26292.7   15197.6   53073.7    2770.0   50000.0 ]
[24-10-31 15:18:56] 595    -3724.75 [    26291.9   15197.6   53073.7    2770.0   50000.0 ]
[24-10-31 15:18:56] 596    -3724.74 [    26291.9   15198.6   53073.7    2770.0   50000.0 ]
[24-10-31 15:18:57] 597    -3724.72 [    26291.9   15200.2   53073.7    2770.0   50000.0 ]
[24-10-31 15:18:57] 598    -3724.11 [    26291.9   15301.9   53073.7    2770.0   50000.0 ]
[24-10-31 15:18:57] 599    -3725.56 [    26291.9   15466.4   53073.7    2770.0   50000.0 ]
[24-10-31 15:18:57] 600    -3724.32 [    26291.9   15364.7   53073.7    2770.0   50000.0 ]
[24-10-31 15:18:58] 601    -3724.21 [    26291.9   15263.1   53073.7    2770.0   50000.0 ]
[24-10-31 15:18:58] 602    -3724.11 [    26291.9   15304.0   53073.7    2770.0   50000.0 ]
[24-10-31 15:18:58] 603    -3724.11 [    26291.9   15305.0   53073.7    2770.0   50000.0 ]
[24-10-31 15:18:58] 604    -3724.11 [    26291.9   15304.0   53073.7    2770.0   50000.0 ]
[24-10-31 15:18:58] 606    -3724.12 [    26291.9   15304.0   53073.7    2770.0   49998.4 ]
[24-10-31 15:18:59] 607    -3724.12 [    26291.9   15304.0   53073.7    2770.0   49999.4 ]
[24-10-31 15:18:59] 609    -3724.12 [    26291.9   15304.0   53073.7    2770.0   49999.7 ]
[24-10-31 15:18:59] 611    -3724.11 [    26291.9   15304.0   53073.7    2770.0   49999.9 ]
[24-10-31 15:18:59] 613    -3724.11 [    26291.9   15304.0   53073.7    2770.0   50000.0 ]
[24-10-31 15:19:00] 615    -3724.11 [    26291.9   15304.0   53073.7    2770.0   50000.0 ]
[24-10-31 15:19:00] 617    -3724.11 [    26291.9   15304.0   53073.7    2770.0   50000.0 ]
[24-10-31 15:19:00] 619    -3724.11 [    26291.9   15304.0   53073.7    2770.0   50000.0 ]
[24-10-31 15:19:01] 621    -3724.11 [    26291.9   15304.0   53073.7    2770.0   50000.0 ]
[24-10-31 15:19:01] 623    -3724.11 [    26291.9   15304.0   53073.7    2770.0   50000.0 ]
[24-10-31 15:19:02] 625    -3724.11 [    26291.9   15304.0   53073.7    2770.0   50000.0 ]
[24-10-31 15:19:02] 627    -3724.11 [    26291.9   15304.0   53073.7    2770.0   50000.0 ]
[24-10-31 15:19:02] 629    -3724.11 [    26291.9   15304.0   53073.7    2770.0   50000.0 ]
[24-10-31 15:19:03] 631    -3724.11 [    26291.9   15304.0   53073.7    2770.0   50000.0 ]
[24-10-31 15:19:03] 633    -3724.11 [    26291.9   15304.0   53073.7    2770.0   50000.0 ]
[24-10-31 15:19:03] 635    -3724.11 [    26291.9   15304.0   53073.7    2770.0   50000.0 ]
[24-10-31 15:19:04] 637    -3724.11 [    26291.9   15304.0   53073.7    2770.0   50000.0 ]
[24-10-31 15:19:04] 639    -3724.11 [    26291.9   15304.0   53073.7    2770.0   50000.0 ]
[24-10-31 15:19:05] 641    -3724.11 [    26291.9   15304.0   53073.7    2770.0   50000.0 ]
[24-10-31 15:19:05] 643    -3724.11 [    26291.9   15304.0   53073.7    2770.0   50000.0 ]
[24-10-31 15:19:05] 645    -3724.11 [    26291.9   15304.0   53073.7    2770.0   50000.0 ]
[24-10-31 15:19:06] 647    -3724.11 [    26291.9   15304.0   53073.7    2770.0   50000.0 ]
[24-10-31 15:19:06] 648    -3724.11 [    26291.9   15304.0   53073.7    2770.0   50000.0 ]
[24-10-31 15:19:07] 649    -3724.11 [    26291.9   15304.0   53073.7    2770.0   50000.0 ]
[24-10-31 15:19:07] 650    -3724.11 [    26291.9   15304.0   53073.7    2770.0   50000.0 ]
[24-10-31 15:19:07] 651    -3724.11 [    26291.9   15304.0   53073.7    2770.0   50000.0 ]
[24-10-31 15:19:08] 652    -3724.11 [    26291.9   15304.0   53073.7    2770.0   50000.0 ]
[24-10-31 15:19:08] 653    -3724.11 [    26291.9   15304.0   53073.7    2770.0   50000.0 ]
[24-10-31 15:19:08] 654    -3724.11 [    26291.9   15304.0   53073.7    2770.0   50000.0 ]
[24-10-31 15:19:09] 655    -3724.11 [    26291.9   15304.0   53073.7    2770.0   50000.0 ]
[24-10-31 15:19:09] 656    -3724.11 [    26291.9   15304.0   53073.7    2770.0   50000.0 ]
[24-10-31 15:19:10] 657    -3724.11 [    26291.9   15304.0   53073.7    2770.0   50000.0 ]
[24-10-31 15:19:10] 658    -3724.13 [    26291.9   15304.0   53073.7    2771.0   50000.0 ]
[24-10-31 15:19:10] 659    -3724.09 [    26291.9   15304.0   53073.7    2768.3   50000.0 ]
[24-10-31 15:19:11] 660    -3724.06 [    26291.9   15304.0   53073.7    2764.0   50000.0 ]
[24-10-31 15:19:11] 661    -3724.14 [    26291.9   15304.0   53073.7    2756.9   50000.0 ]
[24-10-31 15:19:12] 662    -3724.07 [    26291.9   15304.0   53073.7    2761.3   50000.0 ]
[24-10-31 15:19:12] 663    -3724.06 [    26291.9   15304.0   53073.7    2765.6   50000.0 ]
[24-10-31 15:19:12] 664    -3724.06 [    26291.9   15304.0   53073.7    2764.0   50000.0 ]
[24-10-31 15:19:13] 665    -3724.06 [    26291.9   15304.0   53073.7    2763.9   50000.0 ]
[24-10-31 15:19:13] 666    -3724.06 [    26291.9   15304.0   53073.7    2764.0   50000.0 ]
[24-10-31 15:19:14] 667    -3693.45 [    26779.3   16086.8   48223.0    2510.6   50000.0 ]
[24-10-31 15:19:14] 668    -3650.83 [    27567.9   17353.5   40374.4    2100.7   50000.0 ]
[24-10-31 15:19:15] 672    -3666.04 [    27266.6   16869.6   43372.3    2257.3   50000.0 ]
[24-10-31 15:19:15] 673    -3658.26 [    27417.3   17111.6   41873.3    2179.0   50000.0 ]
[24-10-31 15:19:15] 676    -3653.63 [    27510.3   17261.1   40946.9    2130.6   50000.0 ]
[24-10-31 15:19:16] 677    -3649.45 [    27596.6   17399.7   40088.0    2085.8   50000.0 ]
[24-10-31 15:19:16] 679    -3650.07 [    27583.6   17378.7   40217.8    2092.5   50000.0 ]
[24-10-31 15:19:17] 681    -3649.45 [    27596.6   17399.7   40088.0    2085.8   50000.0 ]
[24-10-31 15:19:17] 682    -3649.45 [    27597.6   17399.7   40088.0    2085.8   50000.0 ]
[24-10-31 15:19:18] 683    -3649.45 [    27599.3   17399.7   40088.0    2085.8   50000.0 ]
[24-10-31 15:19:18] 684    -3649.31 [    27775.6   17399.7   40088.0    2085.8   50000.0 ]
[24-10-31 15:19:19] 685    -3649.29 [    27867.6   17399.7   40088.0    2085.8   50000.0 ]
[24-10-31 15:19:19] 686    -3649.33 [    28016.5   17399.7   40088.0    2085.8   50000.0 ]
[24-10-31 15:19:20] 687    -3649.29 [    27924.5   17399.7   40088.0    2085.8   50000.0 ]
[24-10-31 15:19:20] 688    -3649.29 [    27832.5   17399.7   40088.0    2085.8   50000.0 ]
[24-10-31 15:19:20] 689    -3649.29 [    27871.9   17399.7   40088.0    2085.8   50000.0 ]
[24-10-31 15:19:21] 690    -3649.29 [    27874.6   17399.7   40088.0    2085.8   50000.0 ]
[24-10-31 15:19:21] 691    -3649.29 [    27871.9   17399.7   40088.0    2085.8   50000.0 ]
[24-10-31 15:19:22] 692    -3649.29 [    27871.9   17400.7   40088.0    2085.8   50000.0 ]
[24-10-31 15:19:22] 693    -3649.28 [    27871.9   17398.1   40088.0    2085.8   50000.0 ]
[24-10-31 15:19:23] 694    -3649.15 [    27871.9   17343.1   40088.0    2085.8   50000.0 ]
[24-10-31 15:19:23] 695    -3649.51 [    27871.9   17254.1   40088.0    2085.8   50000.0 ]
[24-10-31 15:19:24] 696     -3649.2 [    27871.9   17309.1   40088.0    2085.8   50000.0 ]
[24-10-31 15:19:24] 697    -3649.17 [    27871.9   17364.1   40088.0    2085.8   50000.0 ]
[24-10-31 15:19:25] 698    -3649.15 [    27871.9   17343.6   40088.0    2085.8   50000.0 ]
[24-10-31 15:19:25] 699    -3649.15 [    27871.9   17344.2   40088.0    2085.8   50000.0 ]
[24-10-31 15:19:25] 700    -3649.15 [    27871.9   17343.6   40088.0    2085.8   50000.0 ]
[24-10-31 15:19:26] 702    -3649.16 [    27871.9   17343.6   40088.0    2085.8   49998.4 ]
[24-10-31 15:19:26] 703    -3649.15 [    27871.9   17343.6   40088.0    2085.8   49999.4 ]
[24-10-31 15:19:27] 705    -3649.15 [    27871.9   17343.6   40088.0    2085.8   49999.7 ]
[24-10-31 15:19:27] 707    -3649.15 [    27871.9   17343.6   40088.0    2085.8   49999.9 ]
[24-10-31 15:19:28] 709    -3649.15 [    27871.9   17343.6   40088.0    2085.8   50000.0 ]
[24-10-31 15:19:28] 711    -3649.15 [    27871.9   17343.6   40088.0    2085.8   50000.0 ]
[24-10-31 15:19:29] 713    -3649.15 [    27871.9   17343.6   40088.0    2085.8   50000.0 ]
[24-10-31 15:19:29] 715    -3649.15 [    27871.9   17343.6   40088.0    2085.8   50000.0 ]
[24-10-31 15:19:30] 717    -3649.15 [    27871.9   17343.6   40088.0    2085.8   50000.0 ]
[24-10-31 15:19:30] 719    -3649.15 [    27871.9   17343.6   40088.0    2085.8   50000.0 ]
[24-10-31 15:19:31] 721    -3649.15 [    27871.9   17343.6   40088.0    2085.8   50000.0 ]
[24-10-31 15:19:31] 723    -3649.15 [    27871.9   17343.6   40088.0    2085.8   50000.0 ]
[24-10-31 15:19:31] 725    -3649.15 [    27871.9   17343.6   40088.0    2085.8   50000.0 ]
[24-10-31 15:19:32] 727    -3649.15 [    27871.9   17343.6   40088.0    2085.8   50000.0 ]
[24-10-31 15:19:32] 729    -3649.15 [    27871.9   17343.6   40088.0    2085.8   50000.0 ]
[24-10-31 15:19:33] 731    -3649.15 [    27871.9   17343.6   40088.0    2085.8   50000.0 ]
[24-10-31 15:19:33] 733    -3649.15 [    27871.9   17343.6   40088.0    2085.8   50000.0 ]
[24-10-31 15:19:34] 735    -3649.15 [    27871.9   17343.6   40088.0    2085.8   50000.0 ]
[24-10-31 15:19:34] 737    -3649.15 [    27871.9   17343.6   40088.0    2085.8   50000.0 ]
[24-10-31 15:19:35] 739    -3649.15 [    27871.9   17343.6   40088.0    2085.8   50000.0 ]
[24-10-31 15:19:35] 741    -3649.15 [    27871.9   17343.6   40088.0    2085.8   50000.0 ]
[24-10-31 15:19:36] 743    -3649.15 [    27871.9   17343.6   40088.0    2085.8   50000.0 ]
[24-10-31 15:19:36] 744    -3649.15 [    27871.9   17343.6   40088.0    2085.8   50000.0 ]
[24-10-31 15:19:37] 746    -3649.15 [    27871.9   17343.6   40088.0    2085.8   50000.0 ]
[24-10-31 15:19:37] 748    -3649.15 [    27871.9   17343.6   40088.0    2085.8   50000.0 ]
[24-10-31 15:19:38] 749    -3649.15 [    27871.9   17343.6   40088.0    2085.8   50000.0 ]
[24-10-31 15:19:38] 750    -3649.15 [    27871.9   17343.6   40088.0    2085.8   50000.0 ]
[24-10-31 15:19:38] 751    -3649.15 [    27871.9   17343.6   40088.0    2085.8   50000.0 ]
[24-10-31 15:19:39] 752    -3649.15 [    27871.9   17343.6   40088.0    2085.8   50000.0 ]
[24-10-31 15:19:39] 753    -3649.15 [    27871.9   17343.6   40088.0    2085.8   50000.0 ]
[24-10-31 15:19:39] 754    -3649.15 [    27871.9   17343.6   40088.0    2085.8   50000.0 ]
[24-10-31 15:19:40] 755    -3649.15 [    27871.9   17343.6   40088.0    2085.8   50000.0 ]
[24-10-31 15:19:40] 756    -3649.15 [    27871.9   17343.6   40088.0    2085.8   50000.0 ]
[24-10-31 15:19:40] 757    -3649.15 [    27871.9   17343.6   40088.0    2085.8   50000.0 ]
[24-10-31 15:19:40] 758    -3649.17 [    27871.9   17343.6   40088.0    2086.8   50000.0 ]
[24-10-31 15:19:41] 759    -3649.13 [    27871.9   17343.6   40088.0    2084.1   50000.0 ]
[24-10-31 15:19:41] 760    -3649.12 [    27871.9   17343.6   40088.0    2082.6   50000.0 ]
[24-10-31 15:19:41] 761    -3649.14 [    27871.9   17343.6   40088.0    2080.1   50000.0 ]
[24-10-31 15:19:42] 762    -3649.13 [    27871.9   17343.6   40088.0    2081.6   50000.0 ]
[24-10-31 15:19:42] 763    -3649.13 [    27871.9   17343.6   40088.0    2083.2   50000.0 ]
[24-10-31 15:19:42] 764    -3649.12 [    27871.9   17343.6   40088.0    2082.6   50000.0 ]
[24-10-31 15:19:43] 765    -3649.12 [    27871.9   17343.6   40088.0    2082.6   50000.0 ]
[24-10-31 15:19:43] 766    -3649.12 [    27871.9   17343.6   40088.0    2082.6   50000.0 ]
[24-10-31 15:19:44] 768    -3691.82 [    27083.3   16077.0   47936.6    2492.5   50000.0 ]
[24-10-31 15:19:44] 769    -3664.37 [    27570.7   16859.8   43085.9    2239.2   50000.0 ]
[24-10-31 15:19:45] 771    -3656.58 [    27721.3   17101.7   41586.9    2160.9   50000.0 ]
[24-10-31 15:19:45] 773    -3651.93 [    27814.3   17251.2   40660.5    2112.5   50000.0 ]
[24-10-31 15:19:45] 775    -3650.19 [    27849.9   17308.3   40306.7    2094.0   50000.0 ]
[24-10-31 15:19:46] 777    -3649.53 [    27863.5   17330.2   40171.5    2087.0   50000.0 ]
[24-10-31 15:19:46] 778    -3648.93 [    27875.8   17350.0   40048.5    2080.5   50000.0 ]
[24-10-31 15:19:46] 779    -3648.82 [    27878.3   17353.9   40024.1    2079.3   50000.0 ]
[24-10-31 15:19:46] 780    -3648.74 [    27879.8   17356.4   40009.1    2078.5   50000.0 ]
[24-10-31 15:19:47] 782    -3648.77 [    27879.2   17355.4   40014.8    2078.8   50000.0 ]
[24-10-31 15:19:47] 783    -3648.73 [    27880.2   17356.9   40005.5    2078.3   50000.0 ]
[24-10-31 15:19:47] 784    -3648.71 [    27880.4   17357.3   40003.3    2078.2   50000.0 ]
[24-10-31 15:19:48] 785    -3648.71 [    27880.5   17357.5   40002.0    2078.1   50000.0 ]
[24-10-31 15:19:48] 786     -3648.7 [    27880.6   17357.7   40001.1    2078.1   50000.0 ]
[24-10-31 15:19:48] 788     -3648.7 [    27880.6   17357.7   40001.1    2078.1   50000.0 ]
[24-10-31 15:19:48] 789     -3648.7 [    27881.6   17357.7   40001.1    2078.1   50000.0 ]
[24-10-31 15:19:49] 790     -3648.7 [    27879.0   17357.7   40001.1    2078.1   50000.0 ]
[24-10-31 15:19:49] 791    -3648.68 [    27773.2   17357.7   40001.1    2078.1   50000.0 ]
[24-10-31 15:19:49] 792    -3648.74 [    27602.0   17357.7   40001.1    2078.1   50000.0 ]
[24-10-31 15:19:49] 793    -3648.69 [    27707.8   17357.7   40001.1    2078.1   50000.0 ]
[24-10-31 15:19:50] 794    -3648.68 [    27813.6   17357.7   40001.1    2078.1   50000.0 ]
[24-10-31 15:19:50] 795    -3648.68 [    27774.4   17357.7   40001.1    2078.1   50000.0 ]
[24-10-31 15:19:51] 796    -3648.68 [    27775.5   17357.7   40001.1    2078.1   50000.0 ]
[24-10-31 15:19:51] 797    -3648.68 [    27774.4   17357.7   40001.1    2078.1   50000.0 ]
[24-10-31 15:19:52] 798    -3648.68 [    27774.4   17358.7   40001.1    2078.1   50000.0 ]
[24-10-31 15:19:52] 799    -3648.68 [    27774.4   17356.0   40001.1    2078.1   50000.0 ]
[24-10-31 15:19:53] 800    -3648.68 [    27774.4   17352.9   40001.1    2078.1   50000.0 ]
[24-10-31 15:19:53] 801    -3648.68 [    27774.4   17347.8   40001.1    2078.1   50000.0 ]
[24-10-31 15:19:54] 802    -3648.68 [    27774.4   17350.9   40001.1    2078.1   50000.0 ]
[24-10-31 15:19:54] 803    -3648.68 [    27774.4   17354.1   40001.1    2078.1   50000.0 ]
[24-10-31 15:19:55] 804    -3648.68 [    27774.4   17352.9   40001.1    2078.1   50000.0 ]
[24-10-31 15:19:55] 805    -3648.68 [    27774.4   17352.8   40001.1    2078.1   50000.0 ]
[24-10-31 15:19:55] 806    -3648.68 [    27774.4   17352.9   40001.1    2078.1   50000.0 ]
[24-10-31 15:19:56] 808    -3648.69 [    27774.4   17352.9   40001.1    2078.1   49998.4 ]
[24-10-31 15:19:56] 809    -3648.68 [    27774.4   17352.9   40001.1    2078.1   49999.4 ]
[24-10-31 15:19:57] 811    -3648.68 [    27774.4   17352.9   40001.1    2078.1   49999.7 ]
[24-10-31 15:19:57] 813    -3648.68 [    27774.4   17352.9   40001.1    2078.1   49999.9 ]
[24-10-31 15:19:58] 815    -3648.68 [    27774.4   17352.9   40001.1    2078.1   50000.0 ]
[24-10-31 15:19:58] 817    -3648.68 [    27774.4   17352.9   40001.1    2078.1   50000.0 ]
[24-10-31 15:19:59] 819    -3648.68 [    27774.4   17352.9   40001.1    2078.1   50000.0 ]
[24-10-31 15:19:59] 821    -3648.68 [    27774.4   17352.9   40001.1    2078.1   50000.0 ]
[24-10-31 15:19:59] 823    -3648.68 [    27774.4   17352.9   40001.1    2078.1   50000.0 ]
[24-10-31 15:20:00] 825    -3648.68 [    27774.4   17352.9   40001.1    2078.1   50000.0 ]
[24-10-31 15:20:00] 827    -3648.68 [    27774.4   17352.9   40001.1    2078.1   50000.0 ]
[24-10-31 15:20:01] 829    -3648.68 [    27774.4   17352.9   40001.1    2078.1   50000.0 ]
[24-10-31 15:20:01] 831    -3648.68 [    27774.4   17352.9   40001.1    2078.1   50000.0 ]
[24-10-31 15:20:02] 833    -3648.68 [    27774.4   17352.9   40001.1    2078.1   50000.0 ]
[24-10-31 15:20:02] 835    -3648.68 [    27774.4   17352.9   40001.1    2078.1   50000.0 ]
[24-10-31 15:20:03] 837    -3648.68 [    27774.4   17352.9   40001.1    2078.1   50000.0 ]
[24-10-31 15:20:03] 839    -3648.68 [    27774.4   17352.9   40001.1    2078.1   50000.0 ]
[24-10-31 15:20:04] 841    -3648.68 [    27774.4   17352.9   40001.1    2078.1   50000.0 ]
[24-10-31 15:20:04] 843    -3648.68 [    27774.4   17352.9   40001.1    2078.1   50000.0 ]
[24-10-31 15:20:04] 845    -3648.68 [    27774.4   17352.9   40001.1    2078.1   50000.0 ]
[24-10-31 15:20:05] 847    -3648.68 [    27774.4   17352.9   40001.1    2078.1   50000.0 ]
[24-10-31 15:20:05] 849    -3648.68 [    27774.4   17352.9   40001.1    2078.1   50000.0 ]
[24-10-31 15:20:06] 851    -3648.68 [    27774.4   17352.9   40001.1    2078.1   50000.0 ]
[24-10-31 15:20:06] 852    -3648.68 [    27774.4   17352.9   40001.1    2078.1   50000.0 ]
[24-10-31 15:20:07] 853    -3648.68 [    27774.4   17352.9   40001.1    2078.1   50000.0 ]
[24-10-31 15:20:07] 854    -3648.68 [    27774.4   17352.9   40001.1    2078.1   50000.0 ]
[24-10-31 15:20:08] 855    -3648.68 [    27774.4   17352.9   40001.1    2078.1   50000.0 ]
[24-10-31 15:20:08] 856    -3648.68 [    27774.4   17352.9   40001.1    2078.1   50000.0 ]
[24-10-31 15:20:09] 857    -3648.68 [    27774.4   17352.9   40001.1    2078.1   50000.0 ]
[24-10-31 15:20:09] 858    -3648.68 [    27774.4   17352.9   40001.1    2078.1   50000.0 ]
[24-10-31 15:20:09] 859    -3648.68 [    27774.4   17352.9   40001.1    2078.1   50000.0 ]
[24-10-31 15:20:10] 860    -3648.68 [    27774.4   17352.9   40001.1    2079.1   50000.0 ]
[24-10-31 15:20:10] 861    -3648.69 [    27774.4   17352.9   40001.1    2076.4   50000.0 ]
[24-10-31 15:20:11] 862    -3648.68 [    27774.4   17352.9   40001.1    2077.4   50000.0 ]
[24-10-31 15:20:11] 863    -3648.68 [    27774.4   17352.9   40001.1    2078.4   50000.0 ]
[24-10-31 15:20:12] 864    -3648.68 [    27774.4   17352.9   40001.1    2078.3   50000.0 ]
[24-10-31 15:20:12] 865    -3648.68 [    27774.4   17352.9   40001.1    2078.3   50000.0 ]
[24-10-31 15:20:13] 866    -3648.68 [    27774.4   17352.9   40001.1    2078.3   50000.0 ]
[24-10-31 15:20:13] 867    -3648.68 [    27774.4   17352.9   40001.1    2078.3   50000.0 ]
[24-10-31 15:20:13] 869    -3691.28 [    26985.8   16086.2   47849.7    2488.2   50000.0 ]
[24-10-31 15:20:14] 870    -3663.88 [    27473.2   16869.1   42999.0    2234.9   50000.0 ]
[24-10-31 15:20:14] 872    -3656.11 [    27623.8   17111.0   41500.1    2156.6   50000.0 ]
[24-10-31 15:20:15] 874    -3651.48 [    27716.9   17260.5   40573.7    2108.2   50000.0 ]
[24-10-31 15:20:15] 876    -3649.74 [    27752.4   17317.6   40219.8    2089.7   50000.0 ]
[24-10-31 15:20:16] 878    -3649.08 [    27766.0   17339.4   40084.6    2082.6   50000.0 ]
[24-10-31 15:20:16] 880    -3648.83 [    27771.2   17347.7   40033.0    2079.9   50000.0 ]
[24-10-31 15:20:17] 882    -3648.74 [    27773.2   17350.9   40013.3    2078.9   50000.0 ]
[24-10-31 15:20:17] 884     -3648.7 [    27773.9   17352.1   40005.8    2078.5   50000.0 ]
[24-10-31 15:20:17] 886    -3648.69 [    27774.2   17352.6   40002.9    2078.4   50000.0 ]
[24-10-31 15:20:18] 887    -3648.67 [    27774.5   17353.0   40000.3    2078.2   50000.0 ]
[24-10-31 15:20:18] 889    -3648.68 [    27774.5   17353.0   40000.6    2078.3   50000.0 ]
[24-10-31 15:20:19] 890    -3648.67 [    27774.5   17353.0   40000.1    2078.2   50000.0 ]
[24-10-31 15:20:19] 892    -3648.67 [    27774.5   17353.0   40000.1    2078.2   50000.0 ]
[24-10-31 15:20:20] 893    -3648.67 [    27774.5   17353.0   40000.0    2078.2   50000.0 ]
[24-10-31 15:20:20] 895    -3648.67 [    27774.5   17353.0   40000.0    2078.2   50000.0 ]
[24-10-31 15:20:21] 896    -3648.67 [    27774.5   17353.0   40000.0    2078.2   50000.0 ]
Optimization terminated successfully.
         Current function value: 3648.673358
         Iterations: 11
         Function evaluations: 896
[24-10-31 15:20:21] 896      fit p: [    27774.5   17353.0   40000.0    2078.2   50000.0 ]
method: Powell
objective_func: objective_H2
fopt: -3648.6733584959366
max_iter: 100
num_iter: 11
func_calls: 896
flag: 0
u_fitted: False
u: 1.111e-08
