[24-10-31 14:56:17] fitting objective_H2 to data for demes ['French', 'KhomaniSan', 'Yoruba']
[24-10-31 14:56:17] 0        pnames [         NK       NFY       TFY        NF        NY ]
[24-10-31 14:56:17] 0            p0 [    26155.4   22932.2   59536.3    7385.2   22879.5 ]
[24-10-31 14:56:18] 1     -14735.21 [    26155.4   22932.2   59536.3    7385.2   22879.5 ]
[24-10-31 14:56:18] 2     -14735.21 [    26155.4   22932.2   59536.3    7385.2   22879.5 ]
[24-10-31 14:56:18] 3      -14735.2 [    26156.4   22932.2   59536.3    7385.2   22879.5 ]
[24-10-31 14:56:18] 4     -14735.18 [    26158.1   22932.2   59536.3    7385.2   22879.5 ]
[24-10-31 14:56:18] 5     -14733.09 [    26334.4   22932.2   59536.3    7385.2   22879.5 ]
[24-10-31 14:56:19] 6     -14721.08 [    28207.6   22932.2   59536.3    7385.2   22879.5 ]
[24-10-31 14:56:19] 7     -14730.49 [    31238.3   22932.2   59536.3    7385.2   22879.5 ]
[24-10-31 14:56:19] 8     -14721.26 [    29365.2   22932.2   59536.3    7385.2   22879.5 ]
[24-10-31 14:56:19] 9     -14723.65 [    27492.1   22932.2   59536.3    7385.2   22879.5 ]
[24-10-31 14:56:20] 10    -14720.55 [    28748.7   22932.2   59536.3    7385.2   22879.5 ]
[24-10-31 14:56:20] 11    -14720.55 [    28722.8   22932.2   59536.3    7385.2   22879.5 ]
[24-10-31 14:56:20] 12    -14720.55 [    28697.1   22932.2   59536.3    7385.2   22879.5 ]
[24-10-31 14:56:20] 13    -14720.55 [    28722.8   22932.2   59536.3    7385.2   22879.5 ]
[24-10-31 14:56:21] 14    -14720.99 [    28722.8   22933.2   59536.3    7385.2   22879.5 ]
[24-10-31 14:56:21] 15    -14719.84 [    28722.8   22930.6   59536.3    7385.2   22879.5 ]
[24-10-31 14:56:21] 16    -14718.69 [    28722.8   22927.9   59536.3    7385.2   22879.5 ]
[24-10-31 14:56:21] 17    -14716.83 [    28722.8   22923.7   59536.3    7385.2   22879.5 ]
[24-10-31 14:56:21] 18    -14713.83 [    28722.8   22916.8   59536.3    7385.2   22879.5 ]
[24-10-31 14:56:22] 19    -14708.96 [    28722.8   22905.8   59536.3    7385.2   22879.5 ]
[24-10-31 14:56:22] 20    -14701.09 [    28722.8   22887.8   59536.3    7385.2   22879.5 ]
[24-10-31 14:56:22] 21    -14688.34 [    28722.8   22858.8   59536.3    7385.2   22879.5 ]
[24-10-31 14:56:22] 22    -14667.68 [    28722.8   22811.8   59536.3    7385.2   22879.5 ]
[24-10-31 14:56:23] 23     -14634.2 [    28722.8   22735.8   59536.3    7385.2   22879.5 ]
[24-10-31 14:56:23] 24    -14579.88 [    28722.8   22612.8   59536.3    7385.2   22879.5 ]
[24-10-31 14:56:23] 25     -14491.6 [    28722.8   22413.8   59536.3    7385.2   22879.5 ]
[24-10-31 14:56:23] 26    -14347.78 [    28722.8   22091.8   59536.3    7385.2   22879.5 ]
[24-10-31 14:56:24] 27    -14112.65 [    28722.8   21570.8   59536.3    7385.2   22879.5 ]
[24-10-31 14:56:24] 28    -13726.61 [    28722.8   20727.8   59536.3    7385.2   22879.5 ]
[24-10-31 14:56:24] 29    -13091.91 [    28722.8   19363.8   59536.3    7385.2   22879.5 ]
[24-10-31 14:56:24] 30    -12071.17 [    28722.8   17156.8   59536.3    7385.2   22879.5 ]
[24-10-31 14:56:24] 34    -65360.11 [    28722.8    3750.7   59536.3    7385.2   22879.5 ]
[24-10-31 14:56:25] 35    -11108.14 [    28722.8   10453.9   59536.3    7385.2   22879.5 ]
[24-10-31 14:56:25] 36    -10777.34 [    28722.8   13688.4   59536.3    7385.2   22879.5 ]
[24-10-31 14:56:25] 37    -10620.89 [    28722.8   12792.3   59536.3    7385.2   22879.5 ]
[24-10-31 14:56:25] 38    -10599.41 [    28722.8   12503.1   59536.3    7385.2   22879.5 ]
[24-10-31 14:56:26] 39    -10595.48 [    28722.8   12209.2   59536.3    7385.2   22879.5 ]
[24-10-31 14:56:26] 40     -10599.0 [    28722.8   12101.9   59536.3    7385.2   22879.5 ]
[24-10-31 14:56:26] 41    -10594.68 [    28722.8   12316.4   59536.3    7385.2   22879.5 ]
[24-10-31 14:56:26] 42    -10594.68 [    28722.8   12316.4   59536.3    7385.2   22879.5 ]
[24-10-31 14:56:26] 43     -10594.6 [    28722.8   12316.4   59537.3    7385.2   22879.5 ]
[24-10-31 14:56:27] 44    -10594.47 [    28722.8   12316.4   59538.9    7385.2   22879.5 ]
[24-10-31 14:56:27] 45     -10580.3 [    28722.8   12316.4   59715.3    7385.2   22879.5 ]
[24-10-31 14:56:27] 46      -9697.7 [    28722.8   12316.4   78939.1    7385.2   22879.5 ]
[24-10-31 14:56:27] 47     -9682.58 [    28722.8   12316.4   82268.3    7385.2   22879.5 ]
[24-10-31 14:56:28] 48     -9747.77 [    28722.8   12316.4   87655.0    7385.2   22879.5 ]
[24-10-31 14:56:28] 49      -9694.3 [    28722.8   12316.4   84325.8    7385.2   22879.5 ]
[24-10-31 14:56:28] 50      -9683.4 [    28722.8   12316.4   80996.7    7385.2   22879.5 ]
[24-10-31 14:56:28] 51     -9682.17 [    28722.8   12316.4   81802.7    7385.2   22879.5 ]
[24-10-31 14:56:28] 52     -9682.26 [    28722.8   12316.4   82025.4    7385.2   22879.5 ]
[24-10-31 14:56:29] 53     -9682.26 [    28722.8   12316.4   81580.1    7385.2   22879.5 ]
[24-10-31 14:56:29] 54     -9682.17 [    28722.8   12316.4   81802.7    7385.2   22879.5 ]
[24-10-31 14:56:29] 55     -9683.57 [    28722.8   12316.4   81802.7    7386.2   22879.5 ]
[24-10-31 14:56:29] 56      -9679.9 [    28722.8   12316.4   81802.7    7383.5   22879.5 ]
[24-10-31 14:56:29] 57     -9676.23 [    28722.8   12316.4   81802.7    7380.9   22879.5 ]
[24-10-31 14:56:30] 58     -9670.29 [    28722.8   12316.4   81802.7    7376.7   22879.5 ]
[24-10-31 14:56:30] 59     -9660.68 [    28722.8   12316.4   81802.7    7369.8   22879.5 ]
[24-10-31 14:56:30] 60     -9645.12 [    28722.8   12316.4   81802.7    7358.7   22879.5 ]
[24-10-31 14:56:30] 61     -9619.92 [    28722.8   12316.4   81802.7    7340.8   22879.5 ]
[24-10-31 14:56:30] 62     -9579.09 [    28722.8   12316.4   81802.7    7311.8   22879.5 ]
[24-10-31 14:56:31] 63     -9512.89 [    28722.8   12316.4   81802.7    7264.8   22879.5 ]
[24-10-31 14:56:31] 64     -9405.43 [    28722.8   12316.4   81802.7    7188.8   22879.5 ]
[24-10-31 14:56:31] 65     -9230.69 [    28722.8   12316.4   81802.7    7065.8   22879.5 ]
[24-10-31 14:56:31] 66     -8946.06 [    28722.8   12316.4   81802.7    6866.8   22879.5 ]
[24-10-31 14:56:31] 67     -8482.18 [    28722.8   12316.4   81802.7    6544.8   22879.5 ]
[24-10-31 14:56:32] 68     -7732.38 [    28722.8   12316.4   81802.7    6023.8   22879.5 ]
[24-10-31 14:56:32] 72      -6937.7 [    28722.8   12316.4   81802.7    2859.0   22879.5 ]
[24-10-31 14:56:32] 73     -5811.38 [    28722.8   12316.4   81802.7    4441.4   22879.5 ]
[24-10-31 14:56:32] 74     -5671.89 [    28722.8   12316.4   81802.7    4235.1   22879.5 ]
[24-10-31 14:56:32] 75     -5577.13 [    28722.8   12316.4   81802.7    4003.1   22879.5 ]
[24-10-31 14:56:32] 76     -5648.02 [    28722.8   12316.4   81802.7    3566.1   22879.5 ]
[24-10-31 14:56:33] 77     -5559.73 [    28722.8   12316.4   81802.7    3879.7   22879.5 ]
[24-10-31 14:56:33] 78     -5559.61 [    28722.8   12316.4   81802.7    3844.6   22879.5 ]
[24-10-31 14:56:33] 79     -5561.82 [    28722.8   12316.4   81802.7    3809.2   22879.5 ]
[24-10-31 14:56:33] 80     -5559.61 [    28722.8   12316.4   81802.7    3844.6   22879.5 ]
[24-10-31 14:56:33] 81     -5559.44 [    28722.8   12316.4   81802.7    3844.6   22880.5 ]
[24-10-31 14:56:34] 82     -5559.17 [    28722.8   12316.4   81802.7    3844.6   22882.1 ]
[24-10-31 14:56:34] 83     -5529.81 [    28722.8   12316.4   81802.7    3844.6   23058.5 ]
[24-10-31 14:56:34] 84     -4748.28 [    28722.8   12316.4   81802.7    3844.6   30297.0 ]
[24-10-31 14:56:34] 85      -4273.6 [    28722.8   12316.4   81802.7    3844.6   42009.1 ]
[24-10-31 14:56:34] 86     -4277.27 [    28722.8   12316.4   81802.7    3844.6   41847.3 ]
[24-10-31 14:56:35] 88     -4150.45 [    28722.8   12316.4   81802.7    3844.6   49247.5 ]
[24-10-31 14:56:35] 90     -4203.11 [    28722.8   12316.4   81802.7    3844.6   45628.3 ]
[24-10-31 14:56:35] 92     -4168.83 [    28722.8   12316.4   81802.7    3844.6   47865.1 ]
[24-10-31 14:56:35] 93     -4142.44 [    28722.8   12316.4   81802.7    3844.6   49900.2 ]
[24-10-31 14:56:35] 95     -4145.71 [    28722.8   12316.4   81802.7    3844.6   49630.0 ]
[24-10-31 14:56:36] 97     -4142.44 [    28722.8   12316.4   81802.7    3844.6   49900.2 ]
[24-10-31 14:56:36] 98     -4142.44 [    28723.8   12316.4   81802.7    3844.6   49900.2 ]
[24-10-31 14:56:36] 99     -4142.43 [    28721.2   12316.4   81802.7    3844.6   49900.2 ]
[24-10-31 14:56:36] 100    -4142.09 [    28544.8   12316.4   81802.7    3844.6   49900.2 ]
[24-10-31 14:56:36] 101    -4141.73 [    28091.0   12316.4   81802.7    3844.6   49900.2 ]
[24-10-31 14:56:36] 102    -4142.98 [    27356.7   12316.4   81802.7    3844.6   49900.2 ]
[24-10-31 14:56:37] 103    -4141.93 [    27810.5   12316.4   81802.7    3844.6   49900.2 ]
[24-10-31 14:56:37] 104    -4141.77 [    28264.4   12316.4   81802.7    3844.6   49900.2 ]
[24-10-31 14:56:37] 105    -4141.73 [    28122.0   12316.4   81802.7    3844.6   49900.2 ]
[24-10-31 14:56:37] 106    -4141.73 [    28116.0   12316.4   81802.7    3844.6   49900.2 ]
[24-10-31 14:56:37] 107    -4141.73 [    28128.0   12316.4   81802.7    3844.6   49900.2 ]
[24-10-31 14:56:38] 108    -4141.73 [    28122.0   12316.4   81802.7    3844.6   49900.2 ]
[24-10-31 14:56:38] 109    -4141.86 [    28122.0   12317.4   81802.7    3844.6   49900.2 ]
[24-10-31 14:56:38] 110    -4141.52 [    28122.0   12314.8   81802.7    3844.6   49900.2 ]
[24-10-31 14:56:38] 111    -4120.27 [    28122.0   12138.4   81802.7    3844.6   49900.2 ]
[24-10-31 14:56:38] 112    -4080.89 [    28122.0   11193.4   81802.7    3844.6   49900.2 ]
[24-10-31 14:56:39] 113     -4432.6 [    28122.0    9664.4   81802.7    3844.6   49900.2 ]
[24-10-31 14:56:39] 114    -4139.26 [    28122.0   10609.4   81802.7    3844.6   49900.2 ]
[24-10-31 14:56:39] 115    -4079.25 [    28122.0   11554.4   81802.7    3844.6   49900.2 ]
[24-10-31 14:56:39] 116    -4077.12 [    28122.0   11396.4   81802.7    3844.6   49900.2 ]
[24-10-31 14:56:39] 117    -4077.13 [    28122.0   11405.6   81802.7    3844.6   49900.2 ]
[24-10-31 14:56:39] 118    -4077.13 [    28122.0   11387.2   81802.7    3844.6   49900.2 ]
[24-10-31 14:56:40] 119    -4077.12 [    28122.0   11396.4   81802.7    3844.6   49900.2 ]
[24-10-31 14:56:40] 120    -4077.16 [    28122.0   11396.4   81803.7    3844.6   49900.2 ]
[24-10-31 14:56:40] 121    -4077.06 [    28122.0   11396.4   81801.1    3844.6   49900.2 ]
[24-10-31 14:56:40] 122    -4070.93 [    28122.0   11396.4   81624.8    3844.6   49900.2 ]
[24-10-31 14:56:41] 123     -3976.1 [    28122.0   11396.4   76082.4    3844.6   49900.2 ]
[24-10-31 14:56:41] 124    -4227.11 [    28122.0   11396.4   67114.6    3844.6   49900.2 ]
[24-10-31 14:56:41] 125     -4012.8 [    28122.0   11396.4   72657.0    3844.6   49900.2 ]
[24-10-31 14:56:41] 126    -3989.86 [    28122.0   11396.4   78199.4    3844.6   49900.2 ]
[24-10-31 14:56:41] 127    -3976.11 [    28122.0   11396.4   76139.6    3844.6   49900.2 ]
[24-10-31 14:56:42] 128    -3976.12 [    28122.0   11396.4   76025.2    3844.6   49900.2 ]
[24-10-31 14:56:42] 129     -3976.1 [    28122.0   11396.4   76082.4    3844.6   49900.2 ]
[24-10-31 14:56:42] 130    -3975.91 [    28122.0   11396.4   76082.4    3845.6   49900.2 ]
[24-10-31 14:56:42] 131    -3975.61 [    28122.0   11396.4   76082.4    3847.2   49900.2 ]
[24-10-31 14:56:43] 132    -3965.36 [    28122.0   11396.4   76082.4    3954.4   49900.2 ]
[24-10-31 14:56:43] 133     -3984.9 [    28122.0   11396.4   76082.4    4127.7   49900.2 ]
[24-10-31 14:56:43] 134    -3967.89 [    28122.0   11396.4   76082.4    4020.6   49900.2 ]
[24-10-31 14:56:43] 135     -3967.1 [    28122.0   11396.4   76082.4    3913.4   49900.2 ]
[24-10-31 14:56:44] 136    -3965.33 [    28122.0   11396.4   76082.4    3962.1   49900.2 ]
[24-10-31 14:56:44] 137    -3965.33 [    28122.0   11396.4   76082.4    3960.9   49900.2 ]
[24-10-31 14:56:44] 138    -3965.33 [    28122.0   11396.4   76082.4    3963.3   49900.2 ]
[24-10-31 14:56:44] 139    -3965.33 [    28122.0   11396.4   76082.4    3962.1   49900.2 ]
[24-10-31 14:56:44] 140    -3965.31 [    28122.0   11396.4   76082.4    3962.1   49901.2 ]
[24-10-31 14:56:45] 141    -3965.28 [    28122.0   11396.4   76082.4    3962.1   49902.8 ]
[24-10-31 14:56:45] 143    -3964.11 [    28122.0   11396.4   76082.4    3962.1   49970.2 ]
[24-10-31 14:56:45] 145    -3964.69 [    28122.0   11396.4   76082.4    3962.1   49936.5 ]
[24-10-31 14:56:45] 146    -3963.83 [    28122.0   11396.4   76082.4    3962.1   49986.1 ]
[24-10-31 14:56:46] 147    -3963.66 [    28122.0   11396.4   76082.4    3962.1   49995.9 ]
[24-10-31 14:56:46] 149    -3963.73 [    28122.0   11396.4   76082.4    3962.1   49992.2 ]
[24-10-31 14:56:46] 150    -3963.62 [    28122.0   11396.4   76082.4    3962.1   49998.3 ]
[24-10-31 14:56:46] 151     -3963.6 [    28122.0   11396.4   76082.4    3962.1   49999.7 ]
[24-10-31 14:56:46] 154     -3963.6 [    28122.0   11396.4   76082.4    3962.1   49999.7 ]
[24-10-31 14:56:47] 155    -3963.62 [    28123.0   11396.4   76082.4    3962.1   49999.7 ]
[24-10-31 14:56:47] 156    -3963.57 [    28120.4   11396.4   76082.4    3962.1   49999.7 ]
[24-10-31 14:56:47] 157    -3960.11 [    27944.0   11396.4   76082.4    3962.1   49999.7 ]
[24-10-31 14:56:47] 158    -3953.93 [    21022.9   11396.4   76082.4    3962.1   49999.7 ]
[24-10-31 14:56:48] 159    -7307.85 [     9824.3   11396.4   76082.4    3962.1   49999.7 ]
[24-10-31 14:56:48] 160    -4273.18 [    16745.4   11396.4   76082.4    3962.1   49999.7 ]
[24-10-31 14:56:48] 161    -3915.33 [    23666.5   11396.4   76082.4    3962.1   49999.7 ]
[24-10-31 14:56:48] 162    -3917.15 [    23186.2   11396.4   76082.4    3962.1   49999.7 ]
[24-10-31 14:56:49] 163    -3915.15 [    23806.6   11396.4   76082.4    3962.1   49999.7 ]
[24-10-31 14:56:49] 164    -3915.11 [    23900.9   11396.4   76082.4    3962.1   49999.7 ]
[24-10-31 14:56:49] 165    -3915.11 [    23943.1   11396.4   76082.4    3962.1   49999.7 ]
[24-10-31 14:56:49] 166    -3915.12 [    23858.7   11396.4   76082.4    3962.1   49999.7 ]
[24-10-31 14:56:50] 167    -3915.11 [    23900.9   11396.4   76082.4    3962.1   49999.7 ]
[24-10-31 14:56:50] 168    -3915.05 [    23900.9   11397.4   76082.4    3962.1   49999.7 ]
[24-10-31 14:56:50] 169    -3914.96 [    23900.9   11399.0   76082.4    3962.1   49999.7 ]
[24-10-31 14:56:50] 170    -3908.45 [    23900.9   11575.4   76082.4    3962.1   49999.7 ]
[24-10-31 14:56:50] 171     -3907.5 [    23900.9   11666.0   76082.4    3962.1   49999.7 ]
[24-10-31 14:56:51] 172     -3909.2 [    23900.9   11812.6   76082.4    3962.1   49999.7 ]
[24-10-31 14:56:51] 173    -3907.69 [    23900.9   11722.0   76082.4    3962.1   49999.7 ]
[24-10-31 14:56:51] 174    -3907.68 [    23900.9   11631.4   76082.4    3962.1   49999.7 ]
[24-10-31 14:56:51] 175    -3907.49 [    23900.9   11676.1   76082.4    3962.1   49999.7 ]
[24-10-31 14:56:52] 176    -3907.49 [    23900.9   11673.3   76082.4    3962.1   49999.7 ]
[24-10-31 14:56:52] 177    -3907.49 [    23900.9   11678.9   76082.4    3962.1   49999.7 ]
[24-10-31 14:56:52] 178    -3907.49 [    23900.9   11676.1   76082.4    3962.1   49999.7 ]
[24-10-31 14:56:52] 179     -3907.5 [    23900.9   11676.1   76083.4    3962.1   49999.7 ]
[24-10-31 14:56:53] 180    -3907.48 [    23900.9   11676.1   76080.7    3962.1   49999.7 ]
[24-10-31 14:56:53] 181    -3906.24 [    23900.9   11676.1   75904.4    3962.1   49999.7 ]
[24-10-31 14:56:53] 182    -3902.72 [    23900.9   11676.1   74825.2    3962.1   49999.7 ]
[24-10-31 14:56:53] 183    -3911.95 [    23900.9   11676.1   73079.1    3962.1   49999.7 ]
[24-10-31 14:56:54] 184    -3904.07 [    23900.9   11676.1   74158.3    3962.1   49999.7 ]
[24-10-31 14:56:54] 185    -3903.23 [    23900.9   11676.1   75237.4    3962.1   49999.7 ]
[24-10-31 14:56:54] 186    -3902.72 [    23900.9   11676.1   74837.8    3962.1   49999.7 ]
[24-10-31 14:56:54] 187    -3902.72 [    23900.9   11676.1   74812.7    3962.1   49999.7 ]
[24-10-31 14:56:54] 188    -3902.72 [    23900.9   11676.1   74825.2    3962.1   49999.7 ]
[24-10-31 14:56:55] 189    -3902.82 [    23900.9   11676.1   74825.2    3963.1   49999.7 ]
[24-10-31 14:56:55] 190    -3902.58 [    23900.9   11676.1   74825.2    3960.5   49999.7 ]
[24-10-31 14:56:55] 191    -3899.87 [    23900.9   11676.1   74825.2    3898.6   49999.7 ]
[24-10-31 14:56:55] 192    -3908.33 [    23900.9   11676.1   74825.2    3798.5   49999.7 ]
[24-10-31 14:56:56] 193    -3901.16 [    23900.9   11676.1   74825.2    3860.4   49999.7 ]
[24-10-31 14:56:56] 194    -3900.22 [    23900.9   11676.1   74825.2    3922.2   49999.7 ]
[24-10-31 14:56:56] 195    -3899.86 [    23900.9   11676.1   74825.2    3900.9   49999.7 ]
[24-10-31 14:56:56] 196    -3899.86 [    23900.9   11676.1   74825.2    3900.3   49999.7 ]
[24-10-31 14:56:56] 197    -3899.86 [    23900.9   11676.1   74825.2    3901.6   49999.7 ]
[24-10-31 14:56:57] 198    -3899.86 [    23900.9   11676.1   74825.2    3900.9   49999.7 ]
[24-10-31 14:56:57] 200    -3899.89 [    23900.9   11676.1   74825.2    3900.9   49998.1 ]
[24-10-31 14:56:57] 201    -3899.87 [    23900.9   11676.1   74825.2    3900.9   49999.1 ]
[24-10-31 14:56:57] 203    -3899.87 [    23900.9   11676.1   74825.2    3900.9   49999.4 ]
[24-10-31 14:56:58] 204    -3899.86 [    23900.9   11676.1   74825.2    3900.9   49999.8 ]
[24-10-31 14:56:58] 205    -3899.86 [    23900.9   11676.1   74825.2    3900.9   49999.9 ]
[24-10-31 14:56:58] 206    -3899.86 [    23900.9   11676.1   74825.2    3900.9   50000.0 ]
[24-10-31 14:56:58] 208    -3899.86 [    23900.9   11676.1   74825.2    3900.9   50000.0 ]
[24-10-31 14:56:59] 209    -3899.86 [    23900.9   11676.1   74825.2    3900.9   50000.0 ]
[24-10-31 14:56:59] 211    -3899.86 [    23900.9   11676.1   74825.2    3900.9   50000.0 ]
[24-10-31 14:56:59] 212    -3899.86 [    23900.9   11676.1   74825.2    3900.9   50000.0 ]
[24-10-31 14:56:59] 214    -3899.86 [    23900.9   11676.1   74825.2    3900.9   50000.0 ]
[24-10-31 14:57:00] 215    -3899.86 [    23901.9   11676.1   74825.2    3900.9   50000.0 ]
[24-10-31 14:57:00] 216    -3899.85 [    23903.5   11676.1   74825.2    3900.9   50000.0 ]
[24-10-31 14:57:00] 217    -3899.59 [    24079.9   11676.1   74825.2    3900.9   50000.0 ]
[24-10-31 14:57:00] 218    -3899.54 [    24191.2   11676.1   74825.2    3900.9   50000.0 ]
[24-10-31 14:57:00] 219    -3899.65 [    24371.4   11676.1   74825.2    3900.9   50000.0 ]
[24-10-31 14:57:01] 220    -3899.56 [    24260.1   11676.1   74825.2    3900.9   50000.0 ]
[24-10-31 14:57:01] 221    -3899.55 [    24148.7   11676.1   74825.2    3900.9   50000.0 ]
[24-10-31 14:57:01] 222    -3899.54 [    24197.1   11676.1   74825.2    3900.9   50000.0 ]
[24-10-31 14:57:01] 223    -3899.54 [    24200.1   11676.1   74825.2    3900.9   50000.0 ]
[24-10-31 14:57:02] 224    -3899.54 [    24197.1   11676.1   74825.2    3900.9   50000.0 ]
[24-10-31 14:57:02] 225     -3899.5 [    24197.1   11677.1   74825.2    3900.9   50000.0 ]
[24-10-31 14:57:02] 226    -3899.44 [    24197.1   11678.7   74825.2    3900.9   50000.0 ]
[24-10-31 14:57:02] 227    -3895.49 [    24197.1   11855.1   74825.2    3900.9   50000.0 ]
[24-10-31 14:57:02] 228     -3895.4 [    24197.1   11883.1   74825.2    3900.9   50000.0 ]
[24-10-31 14:57:03] 229    -3895.55 [    24197.1   11928.5   74825.2    3900.9   50000.0 ]
[24-10-31 14:57:03] 230    -3895.41 [    24197.1   11900.4   74825.2    3900.9   50000.0 ]
[24-10-31 14:57:03] 231    -3895.42 [    24197.1   11872.4   74825.2    3900.9   50000.0 ]
[24-10-31 14:57:03] 232     -3895.4 [    24197.1   11887.4   74825.2    3900.9   50000.0 ]
[24-10-31 14:57:03] 233     -3895.4 [    24197.1   11885.3   74825.2    3900.9   50000.0 ]
[24-10-31 14:57:04] 234     -3895.4 [    24197.1   11889.5   74825.2    3900.9   50000.0 ]
[24-10-31 14:57:04] 235     -3895.4 [    24197.1   11887.4   74825.2    3900.9   50000.0 ]
[24-10-31 14:57:04] 236     -3895.4 [    24197.1   11887.4   74826.2    3900.9   50000.0 ]
[24-10-31 14:57:04] 237    -3895.39 [    24197.1   11887.4   74823.6    3900.9   50000.0 ]
[24-10-31 14:57:05] 238    -3894.21 [    24197.1   11887.4   74647.3    3900.9   50000.0 ]
[24-10-31 14:57:05] 239    -3891.12 [    24197.1   11887.4   73633.0    3900.9   50000.0 ]
[24-10-31 14:57:05] 240    -3899.27 [    24197.1   11887.4   71991.8    3900.9   50000.0 ]
[24-10-31 14:57:05] 241    -3892.31 [    24197.1   11887.4   73006.1    3900.9   50000.0 ]
[24-10-31 14:57:05] 242    -3891.57 [    24197.1   11887.4   74020.4    3900.9   50000.0 ]
[24-10-31 14:57:06] 243    -3891.12 [    24197.1   11887.4   73644.9    3900.9   50000.0 ]
[24-10-31 14:57:06] 244    -3891.12 [    24197.1   11887.4   73621.0    3900.9   50000.0 ]
[24-10-31 14:57:06] 245    -3891.12 [    24197.1   11887.4   73633.0    3900.9   50000.0 ]
[24-10-31 14:57:06] 246    -3891.22 [    24197.1   11887.4   73633.0    3901.9   50000.0 ]
[24-10-31 14:57:07] 247    -3890.96 [    24197.1   11887.4   73633.0    3899.3   50000.0 ]
[24-10-31 14:57:07] 248    -3887.94 [    24197.1   11887.4   73633.0    3834.9   50000.0 ]
[24-10-31 14:57:07] 249    -3897.48 [    24197.1   11887.4   73633.0    3730.6   50000.0 ]
[24-10-31 14:57:07] 250    -3889.39 [    24197.1   11887.4   73633.0    3795.0   50000.0 ]
[24-10-31 14:57:08] 251    -3888.33 [    24197.1   11887.4   73633.0    3859.5   50000.0 ]
[24-10-31 14:57:08] 252    -3887.93 [    24197.1   11887.4   73633.0    3837.4   50000.0 ]
[24-10-31 14:57:08] 253    -3887.93 [    24197.1   11887.4   73633.0    3836.8   50000.0 ]
[24-10-31 14:57:08] 254    -3887.93 [    24197.1   11887.4   73633.0    3838.1   50000.0 ]
[24-10-31 14:57:09] 255    -3887.93 [    24197.1   11887.4   73633.0    3837.4   50000.0 ]
[24-10-31 14:57:09] 257    -3887.95 [    24197.1   11887.4   73633.0    3837.4   49998.4 ]
[24-10-31 14:57:09] 258    -3887.94 [    24197.1   11887.4   73633.0    3837.4   49999.4 ]
[24-10-31 14:57:09] 260    -3887.94 [    24197.1   11887.4   73633.0    3837.4   49999.7 ]
[24-10-31 14:57:09] 262    -3887.94 [    24197.1   11887.4   73633.0    3837.4   49999.9 ]
[24-10-31 14:57:10] 264    -3887.93 [    24197.1   11887.4   73633.0    3837.4   50000.0 ]
[24-10-31 14:57:10] 266    -3887.93 [    24197.1   11887.4   73633.0    3837.4   50000.0 ]
[24-10-31 14:57:10] 268    -3887.93 [    24197.1   11887.4   73633.0    3837.4   50000.0 ]
[24-10-31 14:57:10] 270    -3887.93 [    24197.1   11887.4   73633.0    3837.4   50000.0 ]
[24-10-31 14:57:11] 271    -3887.93 [    24197.1   11887.4   73633.0    3837.4   50000.0 ]
[24-10-31 14:57:11] 273    -3887.93 [    24197.1   11887.4   73633.0    3837.4   50000.0 ]
[24-10-31 14:57:11] 275    -3887.93 [    24197.1   11887.4   73633.0    3837.4   50000.0 ]
[24-10-31 14:57:11] 276    -3887.93 [    24197.1   11887.4   73633.0    3837.4   50000.0 ]
[24-10-31 14:57:12] 277    -3887.93 [    24197.1   11887.4   73633.0    3837.4   50000.0 ]
[24-10-31 14:57:12] 278    -3887.93 [    24197.1   11887.4   73633.0    3837.4   50000.0 ]
[24-10-31 14:57:12] 280    -3887.93 [    24197.1   11887.4   73633.0    3837.4   50000.0 ]
[24-10-31 14:57:12] 282    -3887.93 [    24197.1   11887.4   73633.0    3837.4   50000.0 ]
[24-10-31 14:57:13] 283    -3887.93 [    24198.1   11887.4   73633.0    3837.4   50000.0 ]
[24-10-31 14:57:13] 284    -3887.93 [    24199.8   11887.4   73633.0    3837.4   50000.0 ]
[24-10-31 14:57:13] 285    -3887.85 [    24346.0   11887.4   73633.0    3837.4   50000.0 ]
[24-10-31 14:57:14] 286    -3888.04 [    24582.6   11887.4   73633.0    3837.4   50000.0 ]
[24-10-31 14:57:14] 287    -3887.88 [    24436.3   11887.4   73633.0    3837.4   50000.0 ]
[24-10-31 14:57:14] 288    -3887.87 [    24290.1   11887.4   73633.0    3837.4   50000.0 ]
[24-10-31 14:57:14] 289    -3887.85 [    24348.7   11887.4   73633.0    3837.4   50000.0 ]
[24-10-31 14:57:15] 290    -3887.85 [    24350.2   11887.4   73633.0    3837.4   50000.0 ]
[24-10-31 14:57:15] 291    -3887.85 [    24348.7   11887.4   73633.0    3837.4   50000.0 ]
[24-10-31 14:57:15] 292    -3887.82 [    24348.7   11888.4   73633.0    3837.4   50000.0 ]
[24-10-31 14:57:15] 293    -3887.76 [    24348.7   11890.0   73633.0    3837.4   50000.0 ]
[24-10-31 14:57:15] 294    -3884.52 [    24348.7   12066.4   73633.0    3837.4   50000.0 ]
[24-10-31 14:57:16] 295     -3884.5 [    24348.7   12077.7   73633.0    3837.4   50000.0 ]
[24-10-31 14:57:16] 296    -3884.52 [    24348.7   12095.9   73633.0    3837.4   50000.0 ]
[24-10-31 14:57:16] 297     -3884.5 [    24348.7   12084.7   73633.0    3837.4   50000.0 ]
[24-10-31 14:57:16] 298     -3884.5 [    24348.7   12073.4   73633.0    3837.4   50000.0 ]
[24-10-31 14:57:17] 299     -3884.5 [    24348.7   12080.8   73633.0    3837.4   50000.0 ]
[24-10-31 14:57:17] 300     -3884.5 [    24348.7   12082.7   73633.0    3837.4   50000.0 ]
[24-10-31 14:57:17] 301     -3884.5 [    24348.7   12080.8   73633.0    3837.4   50000.0 ]
[24-10-31 14:57:17] 302    -3884.51 [    24348.7   12080.8   73634.0    3837.4   50000.0 ]
[24-10-31 14:57:18] 303    -3884.49 [    24348.7   12080.8   73631.3    3837.4   50000.0 ]
[24-10-31 14:57:18] 304    -3883.31 [    24348.7   12080.8   73455.0    3837.4   50000.0 ]
[24-10-31 14:57:18] 305    -3880.15 [    24348.7   12080.8   72432.6    3837.4   50000.0 ]
[24-10-31 14:57:18] 306    -3888.46 [    24348.7   12080.8   70778.5    3837.4   50000.0 ]
[24-10-31 14:57:19] 307    -3881.37 [    24348.7   12080.8   71800.8    3837.4   50000.0 ]
[24-10-31 14:57:19] 308    -3880.61 [    24348.7   12080.8   72823.1    3837.4   50000.0 ]
[24-10-31 14:57:19] 309    -3880.16 [    24348.7   12080.8   72444.6    3837.4   50000.0 ]
[24-10-31 14:57:19] 310    -3880.16 [    24348.7   12080.8   72420.6    3837.4   50000.0 ]
[24-10-31 14:57:19] 311    -3880.15 [    24348.7   12080.8   72432.6    3837.4   50000.0 ]
[24-10-31 14:57:20] 312    -3880.26 [    24348.7   12080.8   72432.6    3838.4   50000.0 ]
[24-10-31 14:57:20] 313     -3880.0 [    24348.7   12080.8   72432.6    3835.8   50000.0 ]
[24-10-31 14:57:20] 314    -3877.04 [    24348.7   12080.8   72432.6    3773.1   50000.0 ]
[24-10-31 14:57:20] 315    -3886.37 [    24348.7   12080.8   72432.6    3671.5   50000.0 ]
[24-10-31 14:57:21] 316    -3878.46 [    24348.7   12080.8   72432.6    3734.3   50000.0 ]
[24-10-31 14:57:21] 317    -3877.42 [    24348.7   12080.8   72432.6    3797.0   50000.0 ]
[24-10-31 14:57:21] 318    -3877.03 [    24348.7   12080.8   72432.6    3775.5   50000.0 ]
[24-10-31 14:57:21] 319    -3877.03 [    24348.7   12080.8   72432.6    3774.9   50000.0 ]
[24-10-31 14:57:21] 320    -3877.03 [    24348.7   12080.8   72432.6    3776.2   50000.0 ]
[24-10-31 14:57:22] 321    -3877.03 [    24348.7   12080.8   72432.6    3775.5   50000.0 ]
[24-10-31 14:57:22] 323    -3877.05 [    24348.7   12080.8   72432.6    3775.5   49998.4 ]
[24-10-31 14:57:22] 324    -3877.04 [    24348.7   12080.8   72432.6    3775.5   49999.4 ]
[24-10-31 14:57:22] 326    -3877.04 [    24348.7   12080.8   72432.6    3775.5   49999.7 ]
[24-10-31 14:57:23] 328    -3877.03 [    24348.7   12080.8   72432.6    3775.5   49999.9 ]
[24-10-31 14:57:23] 330    -3877.03 [    24348.7   12080.8   72432.6    3775.5   50000.0 ]
[24-10-31 14:57:23] 332    -3877.03 [    24348.7   12080.8   72432.6    3775.5   50000.0 ]
[24-10-31 14:57:23] 334    -3877.03 [    24348.7   12080.8   72432.6    3775.5   50000.0 ]
[24-10-31 14:57:23] 336    -3877.03 [    24348.7   12080.8   72432.6    3775.5   50000.0 ]
[24-10-31 14:57:24] 338    -3877.03 [    24348.7   12080.8   72432.6    3775.5   50000.0 ]
[24-10-31 14:57:24] 340    -3877.03 [    24348.7   12080.8   72432.6    3775.5   50000.0 ]
[24-10-31 14:57:24] 342    -3877.03 [    24348.7   12080.8   72432.6    3775.5   50000.0 ]
[24-10-31 14:57:24] 344    -3877.03 [    24348.7   12080.8   72432.6    3775.5   50000.0 ]
[24-10-31 14:57:24] 346    -3877.03 [    24348.7   12080.8   72432.6    3775.5   50000.0 ]
[24-10-31 14:57:25] 347    -3877.03 [    24348.7   12080.8   72432.6    3775.5   50000.0 ]
[24-10-31 14:57:25] 349    -3877.03 [    24348.7   12080.8   72432.6    3775.5   50000.0 ]
[24-10-31 14:57:25] 350    -3877.03 [    24348.7   12080.8   72432.6    3775.5   50000.0 ]
[24-10-31 14:57:25] 351    -3877.03 [    24348.7   12080.8   72432.6    3775.5   50000.0 ]
[24-10-31 14:57:26] 353    -3877.03 [    24348.7   12080.8   72432.6    3775.5   50000.0 ]
[24-10-31 14:57:26] 354    -3877.03 [    24348.7   12080.8   72432.6    3775.5   50000.0 ]
[24-10-31 14:57:26] 355    -3877.03 [    24348.7   12080.8   72432.6    3775.5   50000.0 ]
[24-10-31 14:57:26] 356    -3877.03 [    24348.7   12080.8   72432.6    3775.5   50000.0 ]
[24-10-31 14:57:26] 358    -3877.03 [    24348.7   12080.8   72432.6    3775.5   50000.0 ]
[24-10-31 14:57:27] 359    -3877.03 [    24349.7   12080.8   72432.6    3775.5   50000.0 ]
[24-10-31 14:57:27] 360    -3877.03 [    24351.3   12080.8   72432.6    3775.5   50000.0 ]
[24-10-31 14:57:27] 361    -3876.99 [    24455.4   12080.8   72432.6    3775.5   50000.0 ]
[24-10-31 14:57:27] 362    -3877.09 [    24623.9   12080.8   72432.6    3775.5   50000.0 ]
[24-10-31 14:57:28] 363    -3877.01 [    24519.8   12080.8   72432.6    3775.5   50000.0 ]
[24-10-31 14:57:28] 364     -3877.0 [    24415.7   12080.8   72432.6    3775.5   50000.0 ]
[24-10-31 14:57:28] 365    -3876.99 [    24456.8   12080.8   72432.6    3775.5   50000.0 ]
[24-10-31 14:57:28] 366    -3876.99 [    24457.9   12080.8   72432.6    3775.5   50000.0 ]
[24-10-31 14:57:28] 367    -3876.99 [    24456.8   12080.8   72432.6    3775.5   50000.0 ]
[24-10-31 14:57:29] 368    -3876.96 [    24456.8   12081.8   72432.6    3775.5   50000.0 ]
[24-10-31 14:57:29] 369    -3876.91 [    24456.8   12083.4   72432.6    3775.5   50000.0 ]
[24-10-31 14:57:29] 370    -3873.89 [    24456.8   12259.8   72432.6    3775.5   50000.0 ]
[24-10-31 14:57:29] 371    -3873.88 [    24456.8   12267.1   72432.6    3775.5   50000.0 ]
[24-10-31 14:57:29] 372    -3873.89 [    24456.8   12279.1   72432.6    3775.5   50000.0 ]
[24-10-31 14:57:30] 373    -3873.88 [    24456.8   12271.7   72432.6    3775.5   50000.0 ]
[24-10-31 14:57:30] 374    -3873.88 [    24456.8   12274.5   72432.6    3775.5   50000.0 ]
[24-10-31 14:57:30] 375    -3873.88 [    24456.8   12269.8   72432.6    3775.5   50000.0 ]
[24-10-31 14:57:30] 376    -3873.88 [    24456.8   12269.8   72432.6    3775.5   50000.0 ]
[24-10-31 14:57:31] 377    -3873.89 [    24456.8   12269.8   72433.6    3775.5   50000.0 ]
[24-10-31 14:57:31] 378    -3873.87 [    24456.8   12269.8   72431.0    3775.5   50000.0 ]
[24-10-31 14:57:31] 379     -3872.7 [    24456.8   12269.8   72254.7    3775.5   50000.0 ]
[24-10-31 14:57:31] 380    -3869.65 [    24456.8   12269.8   71249.6    3775.5   50000.0 ]
[24-10-31 14:57:32] 381    -3877.71 [    24456.8   12269.8   69623.5    3775.5   50000.0 ]
[24-10-31 14:57:32] 382    -3870.83 [    24456.8   12269.8   70628.5    3775.5   50000.0 ]
[24-10-31 14:57:32] 383    -3870.09 [    24456.8   12269.8   71633.5    3775.5   50000.0 ]
[24-10-31 14:57:32] 384    -3869.65 [    24456.8   12269.8   71261.5    3775.5   50000.0 ]
[24-10-31 14:57:32] 385    -3869.65 [    24456.8   12269.8   71237.8    3775.5   50000.0 ]
[24-10-31 14:57:33] 386    -3869.65 [    24456.8   12269.8   71249.6    3775.5   50000.0 ]
[24-10-31 14:57:33] 387    -3869.75 [    24456.8   12269.8   71249.6    3776.5   50000.0 ]
[24-10-31 14:57:33] 388    -3869.48 [    24456.8   12269.8   71249.6    3773.9   50000.0 ]
[24-10-31 14:57:33] 389    -3866.54 [    24456.8   12269.8   71249.6    3712.3   50000.0 ]
[24-10-31 14:57:34] 390    -3875.83 [    24456.8   12269.8   71249.6    3612.5   50000.0 ]
[24-10-31 14:57:34] 391    -3867.95 [    24456.8   12269.8   71249.6    3674.2   50000.0 ]
[24-10-31 14:57:34] 392    -3866.92 [    24456.8   12269.8   71249.6    3735.8   50000.0 ]
[24-10-31 14:57:34] 393    -3866.53 [    24456.8   12269.8   71249.6    3714.7   50000.0 ]
[24-10-31 14:57:34] 394    -3866.53 [    24456.8   12269.8   71249.6    3714.1   50000.0 ]
[24-10-31 14:57:35] 395    -3866.53 [    24456.8   12269.8   71249.6    3715.3   50000.0 ]
[24-10-31 14:57:35] 396    -3866.53 [    24456.8   12269.8   71249.6    3714.7   50000.0 ]
[24-10-31 14:57:35] 398    -3866.55 [    24456.8   12269.8   71249.6    3714.7   49998.4 ]
[24-10-31 14:57:35] 399    -3866.54 [    24456.8   12269.8   71249.6    3714.7   49999.4 ]
[24-10-31 14:57:36] 401    -3866.54 [    24456.8   12269.8   71249.6    3714.7   49999.7 ]
[24-10-31 14:57:36] 403    -3866.53 [    24456.8   12269.8   71249.6    3714.7   49999.9 ]
[24-10-31 14:57:36] 405    -3866.53 [    24456.8   12269.8   71249.6    3714.7   50000.0 ]
[24-10-31 14:57:36] 407    -3866.53 [    24456.8   12269.8   71249.6    3714.7   50000.0 ]
[24-10-31 14:57:37] 409    -3866.53 [    24456.8   12269.8   71249.6    3714.7   50000.0 ]
[24-10-31 14:57:37] 411    -3866.53 [    24456.8   12269.8   71249.6    3714.7   50000.0 ]
[24-10-31 14:57:37] 413    -3866.53 [    24456.8   12269.8   71249.6    3714.7   50000.0 ]
[24-10-31 14:57:37] 415    -3866.53 [    24456.8   12269.8   71249.6    3714.7   50000.0 ]
[24-10-31 14:57:38] 417    -3866.53 [    24456.8   12269.8   71249.6    3714.7   50000.0 ]
[24-10-31 14:57:38] 419    -3866.53 [    24456.8   12269.8   71249.6    3714.7   50000.0 ]
[24-10-31 14:57:38] 421    -3866.53 [    24456.8   12269.8   71249.6    3714.7   50000.0 ]
[24-10-31 14:57:38] 423    -3866.53 [    24456.8   12269.8   71249.6    3714.7   50000.0 ]
[24-10-31 14:57:38] 425    -3866.53 [    24456.8   12269.8   71249.6    3714.7   50000.0 ]
[24-10-31 14:57:39] 427    -3866.53 [    24456.8   12269.8   71249.6    3714.7   50000.0 ]
[24-10-31 14:57:39] 429    -3866.53 [    24456.8   12269.8   71249.6    3714.7   50000.0 ]
[24-10-31 14:57:39] 431    -3866.53 [    24456.8   12269.8   71249.6    3714.7   50000.0 ]
[24-10-31 14:57:39] 432    -3866.53 [    24456.8   12269.8   71249.6    3714.7   50000.0 ]
[24-10-31 14:57:40] 433    -3866.53 [    24456.8   12269.8   71249.6    3714.7   50000.0 ]
[24-10-31 14:57:40] 434    -3866.53 [    24456.8   12269.8   71249.6    3714.7   50000.0 ]
[24-10-31 14:57:40] 435    -3866.53 [    24456.8   12269.8   71249.6    3714.7   50000.0 ]
[24-10-31 14:57:40] 436    -3866.53 [    24456.8   12269.8   71249.6    3714.7   50000.0 ]
[24-10-31 14:57:41] 438    -3866.53 [    24456.8   12269.8   71249.6    3714.7   50000.0 ]
[24-10-31 14:57:41] 439    -3866.53 [    24456.8   12269.8   71249.6    3714.7   50000.0 ]
[24-10-31 14:57:41] 441    -3866.53 [    24456.8   12269.8   71249.6    3714.7   50000.0 ]
[24-10-31 14:57:41] 442    -3866.53 [    24457.8   12269.8   71249.6    3714.7   50000.0 ]
[24-10-31 14:57:41] 443    -3866.53 [    24459.4   12269.8   71249.6    3714.7   50000.0 ]
[24-10-31 14:57:42] 444     -3866.5 [    24559.2   12269.8   71249.6    3714.7   50000.0 ]
[24-10-31 14:57:42] 445    -3866.58 [    24720.5   12269.8   71249.6    3714.7   50000.0 ]
[24-10-31 14:57:42] 446    -3866.51 [    24620.8   12269.8   71249.6    3714.7   50000.0 ]
[24-10-31 14:57:42] 447     -3866.5 [    24521.1   12269.8   71249.6    3714.7   50000.0 ]
[24-10-31 14:57:43] 448     -3866.5 [    24560.4   12269.8   71249.6    3714.7   50000.0 ]
[24-10-31 14:57:43] 449     -3866.5 [    24561.4   12269.8   71249.6    3714.7   50000.0 ]
[24-10-31 14:57:43] 450     -3866.5 [    24560.4   12269.8   71249.6    3714.7   50000.0 ]
[24-10-31 14:57:43] 451    -3866.46 [    24560.4   12270.8   71249.6    3714.7   50000.0 ]
[24-10-31 14:57:44] 452    -3866.41 [    24560.4   12272.4   71249.6    3714.7   50000.0 ]
[24-10-31 14:57:44] 453    -3863.58 [    24560.4   12448.6   71249.6    3714.7   50000.0 ]
[24-10-31 14:57:44] 454    -3869.67 [    24560.4   12733.7   71249.6    3714.7   50000.0 ]
[24-10-31 14:57:44] 455    -3864.41 [    24560.4   12557.5   71249.6    3714.7   50000.0 ]
[24-10-31 14:57:44] 456    -3864.04 [    24560.4   12381.3   71249.6    3714.7   50000.0 ]
[24-10-31 14:57:45] 457    -3863.57 [    24560.4   12456.4   71249.6    3714.7   50000.0 ]
[24-10-31 14:57:45] 458    -3863.57 [    24560.4   12454.5   71249.6    3714.7   50000.0 ]
[24-10-31 14:57:45] 459    -3863.57 [    24560.4   12458.2   71249.6    3714.7   50000.0 ]
[24-10-31 14:57:45] 460    -3863.57 [    24560.4   12456.4   71249.6    3714.7   50000.0 ]
[24-10-31 14:57:46] 461    -3863.58 [    24560.4   12456.4   71250.6    3714.7   50000.0 ]
[24-10-31 14:57:46] 462    -3863.56 [    24560.4   12456.4   71248.0    3714.7   50000.0 ]
[24-10-31 14:57:46] 463    -3862.41 [    24560.4   12456.4   71071.7    3714.7   50000.0 ]
[24-10-31 14:57:46] 464    -3859.46 [    24560.4   12456.4   70086.2    3714.7   50000.0 ]
[24-10-31 14:57:46] 465    -3867.27 [    24560.4   12456.4   68491.8    3714.7   50000.0 ]
[24-10-31 14:57:47] 466     -3860.6 [    24560.4   12456.4   69477.2    3714.7   50000.0 ]
[24-10-31 14:57:47] 467    -3859.88 [    24560.4   12456.4   70462.6    3714.7   50000.0 ]
[24-10-31 14:57:47] 468    -3859.46 [    24560.4   12456.4   70097.9    3714.7   50000.0 ]
[24-10-31 14:57:47] 469    -3859.46 [    24560.4   12456.4   70074.6    3714.7   50000.0 ]
[24-10-31 14:57:48] 470    -3859.46 [    24560.4   12456.4   70086.2    3714.7   50000.0 ]
[24-10-31 14:57:48] 471    -3859.56 [    24560.4   12456.4   70086.2    3715.7   50000.0 ]
[24-10-31 14:57:48] 472    -3859.29 [    24560.4   12456.4   70086.2    3713.1   50000.0 ]
[24-10-31 14:57:48] 473    -3856.34 [    24560.4   12456.4   70086.2    3652.4   50000.0 ]
[24-10-31 14:57:48] 474    -3865.65 [    24560.4   12456.4   70086.2    3554.1   50000.0 ]
[24-10-31 14:57:49] 475    -3857.76 [    24560.4   12456.4   70086.2    3614.8   50000.0 ]
[24-10-31 14:57:49] 476    -3856.72 [    24560.4   12456.4   70086.2    3675.6   50000.0 ]
[24-10-31 14:57:49] 477    -3856.34 [    24560.4   12456.4   70086.2    3654.8   50000.0 ]
[24-10-31 14:57:49] 478    -3856.34 [    24560.4   12456.4   70086.2    3654.2   50000.0 ]
[24-10-31 14:57:49] 479    -3856.34 [    24560.4   12456.4   70086.2    3655.4   50000.0 ]
[24-10-31 14:57:50] 480    -3856.34 [    24560.4   12456.4   70086.2    3654.8   50000.0 ]
[24-10-31 14:57:50] 482    -3856.35 [    24560.4   12456.4   70086.2    3654.8   49998.4 ]
[24-10-31 14:57:50] 483    -3856.34 [    24560.4   12456.4   70086.2    3654.8   49999.4 ]
[24-10-31 14:57:50] 485    -3856.34 [    24560.4   12456.4   70086.2    3654.8   49999.7 ]
[24-10-31 14:57:51] 487    -3856.34 [    24560.4   12456.4   70086.2    3654.8   49999.9 ]
[24-10-31 14:57:51] 489    -3856.34 [    24560.4   12456.4   70086.2    3654.8   50000.0 ]
[24-10-31 14:57:51] 491    -3856.34 [    24560.4   12456.4   70086.2    3654.8   50000.0 ]
[24-10-31 14:57:51] 493    -3856.34 [    24560.4   12456.4   70086.2    3654.8   50000.0 ]
[24-10-31 14:57:51] 495    -3856.34 [    24560.4   12456.4   70086.2    3654.8   50000.0 ]
[24-10-31 14:57:52] 497    -3856.34 [    24560.4   12456.4   70086.2    3654.8   50000.0 ]
[24-10-31 14:57:52] 499    -3856.34 [    24560.4   12456.4   70086.2    3654.8   50000.0 ]
[24-10-31 14:57:52] 501    -3856.34 [    24560.4   12456.4   70086.2    3654.8   50000.0 ]
[24-10-31 14:57:52] 503    -3856.34 [    24560.4   12456.4   70086.2    3654.8   50000.0 ]
[24-10-31 14:57:52] 505    -3856.34 [    24560.4   12456.4   70086.2    3654.8   50000.0 ]
[24-10-31 14:57:53] 507    -3856.34 [    24560.4   12456.4   70086.2    3654.8   50000.0 ]
[24-10-31 14:57:53] 509    -3856.34 [    24560.4   12456.4   70086.2    3654.8   50000.0 ]
[24-10-31 14:57:53] 511    -3856.34 [    24560.4   12456.4   70086.2    3654.8   50000.0 ]
[24-10-31 14:57:53] 513    -3856.34 [    24560.4   12456.4   70086.2    3654.8   50000.0 ]
[24-10-31 14:57:54] 515    -3856.34 [    24560.4   12456.4   70086.2    3654.8   50000.0 ]
[24-10-31 14:57:54] 517    -3856.34 [    24560.4   12456.4   70086.2    3654.8   50000.0 ]
[24-10-31 14:57:54] 519    -3856.34 [    24560.4   12456.4   70086.2    3654.8   50000.0 ]
[24-10-31 14:57:54] 521    -3856.34 [    24560.4   12456.4   70086.2    3654.8   50000.0 ]
[24-10-31 14:57:54] 522    -3856.34 [    24560.4   12456.4   70086.2    3654.8   50000.0 ]
[24-10-31 14:57:55] 524    -3856.34 [    24560.4   12456.4   70086.2    3654.8   50000.0 ]
[24-10-31 14:57:55] 525    -3856.34 [    24560.4   12456.4   70086.2    3654.8   50000.0 ]
[24-10-31 14:57:55] 526    -3856.34 [    24560.4   12456.4   70086.2    3654.8   50000.0 ]
[24-10-31 14:57:55] 527    -3856.34 [    24560.4   12456.4   70086.2    3654.8   50000.0 ]
[24-10-31 14:57:55] 528    -3856.34 [    24560.4   12456.4   70086.2    3654.8   50000.0 ]
[24-10-31 14:57:56] 529    -3856.34 [    24560.4   12456.4   70086.2    3654.8   50000.0 ]
[24-10-31 14:57:56] 531    -3856.34 [    24560.4   12456.4   70086.2    3654.8   50000.0 ]
[24-10-31 14:57:56] 532    -3856.33 [    24561.4   12456.4   70086.2    3654.8   50000.0 ]
[24-10-31 14:57:56] 533    -3856.33 [    24563.0   12456.4   70086.2    3654.8   50000.0 ]
[24-10-31 14:57:57] 534     -3856.3 [    24663.2   12456.4   70086.2    3654.8   50000.0 ]
[24-10-31 14:57:57] 535    -3856.38 [    24825.3   12456.4   70086.2    3654.8   50000.0 ]
[24-10-31 14:57:57] 536    -3856.31 [    24725.1   12456.4   70086.2    3654.8   50000.0 ]
[24-10-31 14:57:57] 537     -3856.3 [    24624.9   12456.4   70086.2    3654.8   50000.0 ]
[24-10-31 14:57:57] 538     -3856.3 [    24664.5   12456.4   70086.2    3654.8   50000.0 ]
[24-10-31 14:57:58] 539     -3856.3 [    24665.5   12456.4   70086.2    3654.8   50000.0 ]
[24-10-31 14:57:58] 540     -3856.3 [    24664.5   12456.4   70086.2    3654.8   50000.0 ]
[24-10-31 14:57:58] 541    -3856.27 [    24664.5   12457.4   70086.2    3654.8   50000.0 ]
[24-10-31 14:57:58] 542    -3856.22 [    24664.5   12459.0   70086.2    3654.8   50000.0 ]
[24-10-31 14:57:58] 543    -3853.58 [    24664.5   12631.8   70086.2    3654.8   50000.0 ]
[24-10-31 14:57:59] 544     -3859.3 [    24664.5   12911.5   70086.2    3654.8   50000.0 ]
[24-10-31 14:57:59] 545    -3854.36 [    24664.5   12738.6   70086.2    3654.8   50000.0 ]
[24-10-31 14:57:59] 546     -3854.0 [    24664.5   12565.8   70086.2    3654.8   50000.0 ]
[24-10-31 14:57:59] 547    -3853.57 [    24664.5   12639.2   70086.2    3654.8   50000.0 ]
[24-10-31 14:58:00] 548    -3853.57 [    24664.5   12637.4   70086.2    3654.8   50000.0 ]
[24-10-31 14:58:00] 549    -3853.57 [    24664.5   12641.0   70086.2    3654.8   50000.0 ]
[24-10-31 14:58:00] 550    -3853.57 [    24664.5   12639.2   70086.2    3654.8   50000.0 ]
[24-10-31 14:58:00] 551    -3853.58 [    24664.5   12639.2   70087.2    3654.8   50000.0 ]
[24-10-31 14:58:00] 552    -3853.56 [    24664.5   12639.2   70084.6    3654.8   50000.0 ]
[24-10-31 14:58:01] 553    -3852.43 [    24664.5   12639.2   69908.3    3654.8   50000.0 ]
[24-10-31 14:58:01] 554    -3849.59 [    24664.5   12639.2   68946.0    3654.8   50000.0 ]
[24-10-31 14:58:01] 555     -3857.1 [    24664.5   12639.2   67389.0    3654.8   50000.0 ]
[24-10-31 14:58:01] 556    -3850.69 [    24664.5   12639.2   68351.3    3654.8   50000.0 ]
[24-10-31 14:58:02] 557     -3850.0 [    24664.5   12639.2   69313.5    3654.8   50000.0 ]
[24-10-31 14:58:02] 558    -3849.59 [    24664.5   12639.2   68957.4    3654.8   50000.0 ]
[24-10-31 14:58:02] 559    -3849.59 [    24664.5   12639.2   68934.6    3654.8   50000.0 ]
[24-10-31 14:58:02] 560    -3849.59 [    24664.5   12639.2   68946.0    3654.8   50000.0 ]
[24-10-31 14:58:02] 561    -3849.69 [    24664.5   12639.2   68946.0    3655.8   50000.0 ]
[24-10-31 14:58:03] 562    -3849.42 [    24664.5   12639.2   68946.0    3653.2   50000.0 ]
[24-10-31 14:58:03] 563    -3846.49 [    24664.5   12639.2   68946.0    3593.6   50000.0 ]
[24-10-31 14:58:03] 564    -3855.73 [    24664.5   12639.2   68946.0    3497.2   50000.0 ]
[24-10-31 14:58:03] 565     -3847.9 [    24664.5   12639.2   68946.0    3556.8   50000.0 ]
[24-10-31 14:58:04] 566    -3846.87 [    24664.5   12639.2   68946.0    3616.3   50000.0 ]
[24-10-31 14:58:04] 567    -3846.49 [    24664.5   12639.2   68946.0    3595.9   50000.0 ]
[24-10-31 14:58:04] 568    -3846.49 [    24664.5   12639.2   68946.0    3595.4   50000.0 ]
[24-10-31 14:58:04] 569    -3846.49 [    24664.5   12639.2   68946.0    3596.5   50000.0 ]
[24-10-31 14:58:04] 570    -3846.49 [    24664.5   12639.2   68946.0    3595.9   50000.0 ]
[24-10-31 14:58:05] 572    -3846.51 [    24664.5   12639.2   68946.0    3595.9   49998.4 ]
[24-10-31 14:58:05] 573    -3846.49 [    24664.5   12639.2   68946.0    3595.9   49999.4 ]
[24-10-31 14:58:05] 575    -3846.49 [    24664.5   12639.2   68946.0    3595.9   49999.7 ]
[24-10-31 14:58:05] 577    -3846.49 [    24664.5   12639.2   68946.0    3595.9   49999.9 ]
[24-10-31 14:58:06] 579    -3846.49 [    24664.5   12639.2   68946.0    3595.9   50000.0 ]
[24-10-31 14:58:06] 581    -3846.49 [    24664.5   12639.2   68946.0    3595.9   50000.0 ]
[24-10-31 14:58:06] 583    -3846.49 [    24664.5   12639.2   68946.0    3595.9   50000.0 ]
[24-10-31 14:58:06] 585    -3846.49 [    24664.5   12639.2   68946.0    3595.9   50000.0 ]
[24-10-31 14:58:07] 587    -3846.49 [    24664.5   12639.2   68946.0    3595.9   50000.0 ]
[24-10-31 14:58:07] 589    -3846.49 [    24664.5   12639.2   68946.0    3595.9   50000.0 ]
[24-10-31 14:58:07] 591    -3846.49 [    24664.5   12639.2   68946.0    3595.9   50000.0 ]
[24-10-31 14:58:07] 593    -3846.49 [    24664.5   12639.2   68946.0    3595.9   50000.0 ]
[24-10-31 14:58:07] 595    -3846.49 [    24664.5   12639.2   68946.0    3595.9   50000.0 ]
[24-10-31 14:58:08] 597    -3846.49 [    24664.5   12639.2   68946.0    3595.9   50000.0 ]
[24-10-31 14:58:08] 599    -3846.49 [    24664.5   12639.2   68946.0    3595.9   50000.0 ]
[24-10-31 14:58:08] 601    -3846.49 [    24664.5   12639.2   68946.0    3595.9   50000.0 ]
[24-10-31 14:58:08] 603    -3846.49 [    24664.5   12639.2   68946.0    3595.9   50000.0 ]
[24-10-31 14:58:09] 605    -3846.49 [    24664.5   12639.2   68946.0    3595.9   50000.0 ]
[24-10-31 14:58:09] 607    -3846.49 [    24664.5   12639.2   68946.0    3595.9   50000.0 ]
[24-10-31 14:58:09] 609    -3846.49 [    24664.5   12639.2   68946.0    3595.9   50000.0 ]
[24-10-31 14:58:09] 611    -3846.49 [    24664.5   12639.2   68946.0    3595.9   50000.0 ]
[24-10-31 14:58:10] 613    -3846.49 [    24664.5   12639.2   68946.0    3595.9   50000.0 ]
[24-10-31 14:58:10] 615    -3846.49 [    24664.5   12639.2   68946.0    3595.9   50000.0 ]
[24-10-31 14:58:10] 616    -3846.49 [    24664.5   12639.2   68946.0    3595.9   50000.0 ]
[24-10-31 14:58:10] 617    -3846.49 [    24664.5   12639.2   68946.0    3595.9   50000.0 ]
[24-10-31 14:58:10] 618    -3846.49 [    24664.5   12639.2   68946.0    3595.9   50000.0 ]
[24-10-31 14:58:11] 619    -3846.49 [    24664.5   12639.2   68946.0    3595.9   50000.0 ]
[24-10-31 14:58:11] 620    -3846.49 [    24664.5   12639.2   68946.0    3595.9   50000.0 ]
[24-10-31 14:58:11] 621    -3846.49 [    24664.5   12639.2   68946.0    3595.9   50000.0 ]
[24-10-31 14:58:11] 623    -3846.49 [    24664.5   12639.2   68946.0    3595.9   50000.0 ]
[24-10-31 14:58:11] 624    -3846.49 [    24665.5   12639.2   68946.0    3595.9   50000.0 ]
[24-10-31 14:58:12] 625    -3846.49 [    24667.1   12639.2   68946.0    3595.9   50000.0 ]
[24-10-31 14:58:12] 626    -3846.45 [    24765.8   12639.2   68946.0    3595.9   50000.0 ]
[24-10-31 14:58:12] 627    -3846.53 [    24925.4   12639.2   68946.0    3595.9   50000.0 ]
[24-10-31 14:58:12] 628    -3846.46 [    24826.7   12639.2   68946.0    3595.9   50000.0 ]
[24-10-31 14:58:13] 629    -3846.46 [    24728.1   12639.2   68946.0    3595.9   50000.0 ]
[24-10-31 14:58:13] 630    -3846.45 [    24767.0   12639.2   68946.0    3595.9   50000.0 ]
[24-10-31 14:58:13] 631    -3846.45 [    24768.0   12639.2   68946.0    3595.9   50000.0 ]
[24-10-31 14:58:13] 632    -3846.45 [    24767.0   12639.2   68946.0    3595.9   50000.0 ]
[24-10-31 14:58:14] 633    -3846.42 [    24767.0   12640.2   68946.0    3595.9   50000.0 ]
[24-10-31 14:58:14] 634    -3846.38 [    24767.0   12641.8   68946.0    3595.9   50000.0 ]
[24-10-31 14:58:14] 635    -3843.91 [    24767.0   12811.3   68946.0    3595.9   50000.0 ]
[24-10-31 14:58:14] 636    -3849.28 [    24767.0   13085.5   68946.0    3595.9   50000.0 ]
[24-10-31 14:58:14] 637    -3844.65 [    24767.0   12916.1   68946.0    3595.9   50000.0 ]
[24-10-31 14:58:15] 638    -3844.31 [    24767.0   12746.6   68946.0    3595.9   50000.0 ]
[24-10-31 14:58:15] 639    -3843.91 [    24767.0   12818.3   68946.0    3595.9   50000.0 ]
[24-10-31 14:58:15] 640    -3843.91 [    24767.0   12816.5   68946.0    3595.9   50000.0 ]
[24-10-31 14:58:15] 641    -3843.91 [    24767.0   12820.1   68946.0    3595.9   50000.0 ]
[24-10-31 14:58:15] 642    -3843.91 [    24767.0   12818.3   68946.0    3595.9   50000.0 ]
[24-10-31 14:58:16] 643    -3843.91 [    24767.0   12818.3   68947.0    3595.9   50000.0 ]
[24-10-31 14:58:16] 644     -3843.9 [    24767.0   12818.3   68944.4    3595.9   50000.0 ]
[24-10-31 14:58:16] 645    -3842.78 [    24767.0   12818.3   68768.0    3595.9   50000.0 ]
[24-10-31 14:58:16] 646    -3840.06 [    24767.0   12818.3   67830.3    3595.9   50000.0 ]
[24-10-31 14:58:17] 647    -3847.27 [    24767.0   12818.3   66313.2    3595.9   50000.0 ]
[24-10-31 14:58:17] 648    -3841.12 [    24767.0   12818.3   67250.8    3595.9   50000.0 ]
[24-10-31 14:58:17] 649    -3840.45 [    24767.0   12818.3   68188.5    3595.9   50000.0 ]
[24-10-31 14:58:17] 650    -3840.06 [    24767.0   12818.3   67841.5    3595.9   50000.0 ]
[24-10-31 14:58:18] 651    -3840.06 [    24767.0   12818.3   67819.2    3595.9   50000.0 ]
[24-10-31 14:58:18] 652    -3840.06 [    24767.0   12818.3   67830.3    3595.9   50000.0 ]
[24-10-31 14:58:18] 653    -3840.17 [    24767.0   12818.3   67830.3    3596.9   50000.0 ]
[24-10-31 14:58:18] 654    -3839.89 [    24767.0   12818.3   67830.3    3594.3   50000.0 ]
[24-10-31 14:58:19] 655    -3836.99 [    24767.0   12818.3   67830.3    3536.0   50000.0 ]
[24-10-31 14:58:19] 656    -3846.13 [    24767.0   12818.3   67830.3    3441.7   50000.0 ]
[24-10-31 14:58:19] 657    -3838.38 [    24767.0   12818.3   67830.3    3500.0   50000.0 ]
[24-10-31 14:58:19] 658    -3837.36 [    24767.0   12818.3   67830.3    3558.3   50000.0 ]
[24-10-31 14:58:20] 659    -3836.99 [    24767.0   12818.3   67830.3    3538.3   50000.0 ]
[24-10-31 14:58:20] 660    -3836.99 [    24767.0   12818.3   67830.3    3537.7   50000.0 ]
[24-10-31 14:58:20] 661    -3836.99 [    24767.0   12818.3   67830.3    3538.9   50000.0 ]
[24-10-31 14:58:20] 662    -3836.99 [    24767.0   12818.3   67830.3    3538.3   50000.0 ]
[24-10-31 14:58:21] 664     -3837.0 [    24767.0   12818.3   67830.3    3538.3   49998.4 ]
[24-10-31 14:58:21] 665    -3836.99 [    24767.0   12818.3   67830.3    3538.3   49999.4 ]
[24-10-31 14:58:21] 667    -3836.99 [    24767.0   12818.3   67830.3    3538.3   49999.7 ]
[24-10-31 14:58:21] 669    -3836.99 [    24767.0   12818.3   67830.3    3538.3   49999.9 ]
[24-10-31 14:58:21] 671    -3836.99 [    24767.0   12818.3   67830.3    3538.3   50000.0 ]
[24-10-31 14:58:22] 673    -3836.99 [    24767.0   12818.3   67830.3    3538.3   50000.0 ]
[24-10-31 14:58:22] 675    -3836.99 [    24767.0   12818.3   67830.3    3538.3   50000.0 ]
[24-10-31 14:58:22] 677    -3836.99 [    24767.0   12818.3   67830.3    3538.3   50000.0 ]
[24-10-31 14:58:22] 679    -3836.99 [    24767.0   12818.3   67830.3    3538.3   50000.0 ]
[24-10-31 14:58:23] 681    -3836.99 [    24767.0   12818.3   67830.3    3538.3   50000.0 ]
[24-10-31 14:58:23] 683    -3836.99 [    24767.0   12818.3   67830.3    3538.3   50000.0 ]
[24-10-31 14:58:23] 685    -3836.99 [    24767.0   12818.3   67830.3    3538.3   50000.0 ]
[24-10-31 14:58:23] 687    -3836.99 [    24767.0   12818.3   67830.3    3538.3   50000.0 ]
[24-10-31 14:58:24] 689    -3836.99 [    24767.0   12818.3   67830.3    3538.3   50000.0 ]
[24-10-31 14:58:24] 691    -3836.99 [    24767.0   12818.3   67830.3    3538.3   50000.0 ]
[24-10-31 14:58:24] 693    -3836.99 [    24767.0   12818.3   67830.3    3538.3   50000.0 ]
[24-10-31 14:58:24] 695    -3836.99 [    24767.0   12818.3   67830.3    3538.3   50000.0 ]
[24-10-31 14:58:25] 697    -3836.99 [    24767.0   12818.3   67830.3    3538.3   50000.0 ]
[24-10-31 14:58:25] 699    -3836.99 [    24767.0   12818.3   67830.3    3538.3   50000.0 ]
[24-10-31 14:58:25] 701    -3836.99 [    24767.0   12818.3   67830.3    3538.3   50000.0 ]
[24-10-31 14:58:25] 703    -3836.99 [    24767.0   12818.3   67830.3    3538.3   50000.0 ]
[24-10-31 14:58:26] 705    -3836.99 [    24767.0   12818.3   67830.3    3538.3   50000.0 ]
[24-10-31 14:58:26] 706    -3836.99 [    24767.0   12818.3   67830.3    3538.3   50000.0 ]
[24-10-31 14:58:26] 708    -3836.99 [    24767.0   12818.3   67830.3    3538.3   50000.0 ]
[24-10-31 14:58:26] 710    -3836.99 [    24767.0   12818.3   67830.3    3538.3   50000.0 ]
[24-10-31 14:58:27] 711    -3836.99 [    24767.0   12818.3   67830.3    3538.3   50000.0 ]
[24-10-31 14:58:27] 712    -3836.99 [    24767.0   12818.3   67830.3    3538.3   50000.0 ]
[24-10-31 14:58:27] 713    -3836.99 [    24767.0   12818.3   67830.3    3538.3   50000.0 ]
[24-10-31 14:58:27] 714    -3836.99 [    24767.0   12818.3   67830.3    3538.3   50000.0 ]
[24-10-31 14:58:28] 715    -3836.99 [    24767.0   12818.3   67830.3    3538.3   50000.0 ]
[24-10-31 14:58:28] 716    -3836.99 [    24767.0   12818.3   67830.3    3538.3   50000.0 ]
[24-10-31 14:58:28] 717    -3827.62 [    24869.5   12997.4   66714.7    3480.7   50000.0 ]
[24-10-31 14:58:28] 718    -3836.99 [    24767.0   12818.3   67830.3    3538.3   50000.0 ]
[24-10-31 14:58:28] 719    -3827.62 [    24869.5   12997.4   66714.7    3480.7   50000.0 ]
[24-10-31 14:58:29] 720    -3812.78 [    25035.3   13287.1   64909.5    3387.4   50000.0 ]
[24-10-31 14:58:29] 723    -3734.49 [    25993.9   14961.9   54476.4    2848.4   50000.0 ]
[24-10-31 14:58:29] 724    -3771.99 [    25514.6   14124.5   59692.9    3117.9   50000.0 ]
[24-10-31 14:58:29] 725    -3693.02 [    26586.3   15996.9   48028.3    2515.3   50000.0 ]
[24-10-31 14:58:30] 726    -3670.38 [    26952.5   16636.6   44043.2    2309.4   50000.0 ]
[24-10-31 14:58:30] 727    -3657.65 [    27178.8   17032.0   41580.3    2182.2   50000.0 ]
[24-10-31 14:58:30] 728    -3650.31 [    27318.6   17276.3   40058.1    2103.5   50000.0 ]
[24-10-31 14:58:30] 730    -3653.06 [    27265.2   17183.0   40639.5    2133.6   50000.0 ]
[24-10-31 14:58:30] 732    -3651.62 [    27293.1   17231.7   40335.8    2117.9   50000.0 ]
[24-10-31 14:58:31] 733    -3650.31 [    27318.6   17276.3   40058.1    2103.5   50000.0 ]
[24-10-31 14:58:31] 734    -3650.31 [    27319.6   17276.3   40058.1    2103.5   50000.0 ]
[24-10-31 14:58:31] 735     -3650.3 [    27321.2   17276.3   40058.1    2103.5   50000.0 ]
[24-10-31 14:58:31] 736    -3650.16 [    27497.6   17276.3   40058.1    2103.5   50000.0 ]
[24-10-31 14:58:32] 737    -3650.14 [    27589.9   17276.3   40058.1    2103.5   50000.0 ]
[24-10-31 14:58:32] 738    -3650.19 [    27739.3   17276.3   40058.1    2103.5   50000.0 ]
[24-10-31 14:58:32] 739    -3650.15 [    27647.0   17276.3   40058.1    2103.5   50000.0 ]
[24-10-31 14:58:32] 740    -3650.14 [    27554.7   17276.3   40058.1    2103.5   50000.0 ]
[24-10-31 14:58:33] 741    -3650.14 [    27594.2   17276.3   40058.1    2103.5   50000.0 ]
[24-10-31 14:58:33] 742    -3650.14 [    27597.0   17276.3   40058.1    2103.5   50000.0 ]
[24-10-31 14:58:33] 743    -3650.14 [    27594.2   17276.3   40058.1    2103.5   50000.0 ]
[24-10-31 14:58:33] 744    -3650.14 [    27594.2   17277.3   40058.1    2103.5   50000.0 ]
[24-10-31 14:58:33] 745    -3650.14 [    27594.2   17278.9   40058.1    2103.5   50000.0 ]
[24-10-31 14:58:34] 746    -3650.14 [    27594.2   17283.3   40058.1    2103.5   50000.0 ]
[24-10-31 14:58:34] 747    -3650.14 [    27594.2   17290.3   40058.1    2103.5   50000.0 ]
[24-10-31 14:58:34] 748    -3650.14 [    27594.2   17286.0   40058.1    2103.5   50000.0 ]
[24-10-31 14:58:34] 749    -3650.14 [    27594.2   17281.6   40058.1    2103.5   50000.0 ]
[24-10-31 14:58:35] 750    -3650.14 [    27594.2   17283.3   40058.1    2103.5   50000.0 ]
[24-10-31 14:58:35] 751    -3650.14 [    27594.2   17283.2   40058.1    2103.5   50000.0 ]
[24-10-31 14:58:35] 752    -3650.14 [    27594.2   17283.3   40058.1    2103.5   50000.0 ]
[24-10-31 14:58:35] 754    -3650.15 [    27594.2   17283.3   40058.1    2103.5   49998.4 ]
[24-10-31 14:58:36] 755    -3650.14 [    27594.2   17283.3   40058.1    2103.5   49999.4 ]
[24-10-31 14:58:36] 757    -3650.14 [    27594.2   17283.3   40058.1    2103.5   49999.7 ]
[24-10-31 14:58:36] 759    -3650.14 [    27594.2   17283.3   40058.1    2103.5   49999.9 ]
[24-10-31 14:58:36] 761    -3650.14 [    27594.2   17283.3   40058.1    2103.5   50000.0 ]
[24-10-31 14:58:36] 763    -3650.14 [    27594.2   17283.3   40058.1    2103.5   50000.0 ]
[24-10-31 14:58:37] 765    -3650.14 [    27594.2   17283.3   40058.1    2103.5   50000.0 ]
[24-10-31 14:58:37] 767    -3650.14 [    27594.2   17283.3   40058.1    2103.5   50000.0 ]
[24-10-31 14:58:37] 769    -3650.14 [    27594.2   17283.3   40058.1    2103.5   50000.0 ]
[24-10-31 14:58:37] 771    -3650.14 [    27594.2   17283.3   40058.1    2103.5   50000.0 ]
[24-10-31 14:58:38] 773    -3650.14 [    27594.2   17283.3   40058.1    2103.5   50000.0 ]
[24-10-31 14:58:38] 775    -3650.14 [    27594.2   17283.3   40058.1    2103.5   50000.0 ]
[24-10-31 14:58:38] 777    -3650.14 [    27594.2   17283.3   40058.1    2103.5   50000.0 ]
[24-10-31 14:58:38] 779    -3650.14 [    27594.2   17283.3   40058.1    2103.5   50000.0 ]
[24-10-31 14:58:39] 781    -3650.14 [    27594.2   17283.3   40058.1    2103.5   50000.0 ]
[24-10-31 14:58:39] 783    -3650.14 [    27594.2   17283.3   40058.1    2103.5   50000.0 ]
[24-10-31 14:58:39] 785    -3650.14 [    27594.2   17283.3   40058.1    2103.5   50000.0 ]
[24-10-31 14:58:39] 787    -3650.14 [    27594.2   17283.3   40058.1    2103.5   50000.0 ]
[24-10-31 14:58:40] 789    -3650.14 [    27594.2   17283.3   40058.1    2103.5   50000.0 ]
[24-10-31 14:58:40] 791    -3650.14 [    27594.2   17283.3   40058.1    2103.5   50000.0 ]
[24-10-31 14:58:40] 793    -3650.14 [    27594.2   17283.3   40058.1    2103.5   50000.0 ]
[24-10-31 14:58:40] 794    -3650.14 [    27594.2   17283.3   40058.1    2103.5   50000.0 ]
[24-10-31 14:58:41] 795    -3650.14 [    27594.2   17283.3   40058.1    2103.5   50000.0 ]
[24-10-31 14:58:41] 796    -3650.14 [    27594.2   17283.3   40058.1    2103.5   50000.0 ]
[24-10-31 14:58:41] 797    -3650.14 [    27594.2   17283.3   40058.1    2103.5   50000.0 ]
[24-10-31 14:58:41] 798    -3650.14 [    27594.2   17283.3   40058.1    2103.5   50000.0 ]
[24-10-31 14:58:42] 799    -3650.14 [    27594.2   17283.3   40058.1    2103.5   50000.0 ]
[24-10-31 14:58:42] 800    -3650.14 [    27594.2   17283.3   40058.1    2103.5   50000.0 ]
[24-10-31 14:58:42] 801    -3650.14 [    27594.2   17283.3   40058.1    2103.5   50000.0 ]
[24-10-31 14:58:42] 802    -3650.14 [    27594.2   17283.3   40058.1    2103.5   50000.0 ]
[24-10-31 14:58:42] 803    -3650.25 [    27594.2   17283.3   40058.1    2104.5   50000.0 ]
[24-10-31 14:58:43] 804    -3649.97 [    27594.2   17283.3   40058.1    2101.9   50000.0 ]
[24-10-31 14:58:43] 805    -3649.07 [    27594.2   17283.3   40058.1    2083.0   50000.0 ]
[24-10-31 14:58:43] 806    -3651.71 [    27594.2   17283.3   40058.1    2052.4   50000.0 ]
[24-10-31 14:58:43] 807    -3649.47 [    27594.2   17283.3   40058.1    2071.3   50000.0 ]
[24-10-31 14:58:44] 808    -3649.19 [    27594.2   17283.3   40058.1    2090.2   50000.0 ]
[24-10-31 14:58:44] 809    -3649.07 [    27594.2   17283.3   40058.1    2083.5   50000.0 ]
[24-10-31 14:58:44] 810    -3649.07 [    27594.2   17283.3   40058.1    2083.3   50000.0 ]
[24-10-31 14:58:44] 811    -3649.07 [    27594.2   17283.3   40058.1    2083.7   50000.0 ]
[24-10-31 14:58:45] 812    -3649.07 [    27594.2   17283.3   40058.1    2083.5   50000.0 ]
[24-10-31 14:58:45] 814    -3997.98 [    23465.6   10070.0   84994.5    4405.0   50000.0 ]
[24-10-31 14:58:45] 815    -3754.03 [    26017.2   14528.1   57222.3    2970.2   50000.0 ]
[24-10-31 14:58:45] 817    -3696.56 [    26805.7   15905.7   48640.2    2526.8   50000.0 ]
[24-10-31 14:58:45] 819    -3665.92 [    27293.1   16757.1   43336.2    2252.8   50000.0 ]
[24-10-31 14:58:46] 821    -3655.31 [    27479.2   17082.3   41310.2    2148.2   50000.0 ]
[24-10-31 14:58:46] 823    -3651.42 [    27550.3   17206.5   40536.4    2108.2   50000.0 ]
[24-10-31 14:58:46] 825    -3649.97 [    27577.5   17254.0   40240.8    2092.9   50000.0 ]
[24-10-31 14:58:46] 827    -3649.41 [    27587.8   17272.1   40127.9    2087.1   50000.0 ]
[24-10-31 14:58:47] 828    -3648.91 [    27597.3   17288.6   40025.1    2081.8   50000.0 ]
[24-10-31 14:58:47] 829    -3648.81 [    27599.1   17291.8   40004.8    2080.7   50000.0 ]
[24-10-31 14:58:47] 831    -3648.85 [    27598.4   17290.6   40012.6    2081.1   50000.0 ]
[24-10-31 14:58:47] 833    -3648.83 [    27598.9   17291.4   40007.8    2080.9   50000.0 ]
[24-10-31 14:58:48] 834     -3648.8 [    27599.3   17292.1   40002.9    2080.6   50000.0 ]
[24-10-31 14:58:48] 835     -3648.8 [    27599.4   17292.3   40001.8    2080.6   50000.0 ]
[24-10-31 14:58:48] 836    -3648.79 [    27599.5   17292.4   40001.1    2080.5   50000.0 ]
[24-10-31 14:58:48] 838    -3648.79 [    27599.5   17292.4   40001.1    2080.5   50000.0 ]
[24-10-31 14:58:48] 839    -3648.79 [    27600.5   17292.4   40001.1    2080.5   50000.0 ]
[24-10-31 14:58:49] 840    -3648.79 [    27602.1   17292.4   40001.1    2080.5   50000.0 ]
[24-10-31 14:58:49] 841    -3648.79 [    27641.3   17292.4   40001.1    2080.5   50000.0 ]
[24-10-31 14:58:49] 842     -3648.8 [    27704.9   17292.4   40001.1    2080.5   50000.0 ]
[24-10-31 14:58:49] 843    -3648.79 [    27665.6   17292.4   40001.1    2080.5   50000.0 ]
[24-10-31 14:58:50] 844    -3648.79 [    27626.4   17292.4   40001.1    2080.5   50000.0 ]
[24-10-31 14:58:50] 845    -3648.79 [    27641.8   17292.4   40001.1    2080.5   50000.0 ]
[24-10-31 14:58:50] 846    -3648.79 [    27640.9   17292.4   40001.1    2080.5   50000.0 ]
[24-10-31 14:58:50] 847    -3648.79 [    27641.3   17292.4   40001.1    2080.5   50000.0 ]
[24-10-31 14:58:51] 848    -3648.79 [    27641.3   17293.4   40001.1    2080.5   50000.0 ]
[24-10-31 14:58:51] 849    -3648.78 [    27641.3   17295.0   40001.1    2080.5   50000.0 ]
[24-10-31 14:58:51] 850    -3648.71 [    27641.3   17334.9   40001.1    2080.5   50000.0 ]
[24-10-31 14:58:51] 851    -3648.89 [    27641.3   17399.4   40001.1    2080.5   50000.0 ]
[24-10-31 14:58:52] 852    -3648.74 [    27641.3   17359.5   40001.1    2080.5   50000.0 ]
[24-10-31 14:58:52] 853    -3648.72 [    27641.3   17319.7   40001.1    2080.5   50000.0 ]
[24-10-31 14:58:52] 854    -3648.71 [    27641.3   17335.3   40001.1    2080.5   50000.0 ]
[24-10-31 14:58:52] 855    -3648.71 [    27641.3   17335.8   40001.1    2080.5   50000.0 ]
[24-10-31 14:58:53] 856    -3648.71 [    27641.3   17335.3   40001.1    2080.5   50000.0 ]
[24-10-31 14:58:53] 858    -3648.72 [    27641.3   17335.3   40001.1    2080.5   49998.4 ]
[24-10-31 14:58:53] 859    -3648.71 [    27641.3   17335.3   40001.1    2080.5   49999.4 ]
[24-10-31 14:58:53] 861    -3648.71 [    27641.3   17335.3   40001.1    2080.5   49999.7 ]
[24-10-31 14:58:53] 863    -3648.71 [    27641.3   17335.3   40001.1    2080.5   49999.9 ]
[24-10-31 14:58:54] 865    -3648.71 [    27641.3   17335.3   40001.1    2080.5   50000.0 ]
[24-10-31 14:58:54] 867    -3648.71 [    27641.3   17335.3   40001.1    2080.5   50000.0 ]
[24-10-31 14:58:54] 869    -3648.71 [    27641.3   17335.3   40001.1    2080.5   50000.0 ]
[24-10-31 14:58:54] 871    -3648.71 [    27641.3   17335.3   40001.1    2080.5   50000.0 ]
[24-10-31 14:58:55] 873    -3648.71 [    27641.3   17335.3   40001.1    2080.5   50000.0 ]
[24-10-31 14:58:55] 875    -3648.71 [    27641.3   17335.3   40001.1    2080.5   50000.0 ]
[24-10-31 14:58:55] 877    -3648.71 [    27641.3   17335.3   40001.1    2080.5   50000.0 ]
[24-10-31 14:58:55] 879    -3648.71 [    27641.3   17335.3   40001.1    2080.5   50000.0 ]
[24-10-31 14:58:56] 881    -3648.71 [    27641.3   17335.3   40001.1    2080.5   50000.0 ]
[24-10-31 14:58:56] 883    -3648.71 [    27641.3   17335.3   40001.1    2080.5   50000.0 ]
[24-10-31 14:58:56] 885    -3648.71 [    27641.3   17335.3   40001.1    2080.5   50000.0 ]
[24-10-31 14:58:56] 887    -3648.71 [    27641.3   17335.3   40001.1    2080.5   50000.0 ]
[24-10-31 14:58:56] 889    -3648.71 [    27641.3   17335.3   40001.1    2080.5   50000.0 ]
[24-10-31 14:58:57] 891    -3648.71 [    27641.3   17335.3   40001.1    2080.5   50000.0 ]
[24-10-31 14:58:57] 893    -3648.71 [    27641.3   17335.3   40001.1    2080.5   50000.0 ]
[24-10-31 14:58:57] 895    -3648.71 [    27641.3   17335.3   40001.1    2080.5   50000.0 ]
[24-10-31 14:58:57] 896    -3648.71 [    27641.3   17335.3   40001.1    2080.5   50000.0 ]
[24-10-31 14:58:58] 897    -3648.71 [    27641.3   17335.3   40001.1    2080.5   50000.0 ]
[24-10-31 14:58:58] 898    -3648.71 [    27641.3   17335.3   40001.1    2080.5   50000.0 ]
[24-10-31 14:58:58] 899    -3648.71 [    27641.3   17335.3   40001.1    2080.5   50000.0 ]
[24-10-31 14:58:58] 900    -3648.71 [    27641.3   17335.3   40001.1    2080.5   50000.0 ]
[24-10-31 14:58:59] 901    -3648.71 [    27641.3   17335.3   40001.1    2080.5   50000.0 ]
[24-10-31 14:58:59] 902    -3648.71 [    27641.3   17335.3   40001.1    2080.5   50000.0 ]
[24-10-31 14:58:59] 903    -3648.72 [    27641.3   17335.3   40001.1    2081.5   50000.0 ]
[24-10-31 14:58:59] 904     -3648.7 [    27641.3   17335.3   40001.1    2078.9   50000.0 ]
[24-10-31 14:59:00] 905     -3648.7 [    27641.3   17335.3   40001.1    2079.0   50000.0 ]
[24-10-31 14:59:00] 906     -3648.7 [    27641.3   17335.3   40001.1    2079.6   50000.0 ]
[24-10-31 14:59:00] 907     -3648.7 [    27641.3   17335.3   40001.1    2079.2   50000.0 ]
[24-10-31 14:59:00] 908     -3648.7 [    27641.3   17335.3   40001.1    2079.0   50000.0 ]
[24-10-31 14:59:01] 909     -3648.7 [    27641.3   17335.3   40001.1    2079.0   50000.0 ]
[24-10-31 14:59:01] 910     -3648.7 [    27641.3   17335.3   40001.1    2079.0   50000.0 ]
[24-10-31 14:59:01] 915    -3665.43 [    27340.2   16809.1   43279.2    2248.3   50000.0 ]
[24-10-31 14:59:01] 916    -3656.86 [    27490.8   17072.2   41640.1    2163.7   50000.0 ]
[24-10-31 14:59:01] 919    -3651.77 [    27583.8   17234.8   40627.2    2111.3   50000.0 ]
[24-10-31 14:59:02] 921    -3649.87 [    27619.4   17296.9   40240.2    2091.3   50000.0 ]
[24-10-31 14:59:02] 923    -3649.15 [    27633.0   17320.7   40092.5    2083.7   50000.0 ]
[24-10-31 14:59:02] 925    -3648.87 [    27638.1   17329.7   40036.0    2080.8   50000.0 ]
[24-10-31 14:59:03] 927    -3648.77 [    27640.1   17333.2   40014.4    2079.7   50000.0 ]
[24-10-31 14:59:03] 929    -3648.73 [    27640.9   17334.5   40006.2    2079.3   50000.0 ]
[24-10-31 14:59:03] 931    -3648.71 [    27641.2   17335.0   40003.1    2079.1   50000.0 ]
[24-10-31 14:59:03] 933    -3648.71 [    27641.3   17335.2   40001.9    2079.0   50000.0 ]
[24-10-31 14:59:04] 934     -3648.7 [    27641.4   17335.4   40000.4    2079.0   50000.0 ]
[24-10-31 14:59:04] 936     -3648.7 [    27641.4   17335.4   40000.7    2079.0   50000.0 ]
[24-10-31 14:59:04] 937     -3648.7 [    27641.4   17335.5   40000.2    2078.9   50000.0 ]
[24-10-31 14:59:04] 938     -3648.7 [    27641.4   17335.5   40000.1    2078.9   50000.0 ]
[24-10-31 14:59:05] 939     -3648.7 [    27641.4   17335.5   40000.1    2078.9   50000.0 ]
[24-10-31 14:59:05] 940     -3648.7 [    27641.4   17335.5   40000.0    2078.9   50000.0 ]
[24-10-31 14:59:05] 941     -3648.7 [    27641.4   17335.5   40000.0    2078.9   50000.0 ]
[24-10-31 14:59:05] 942     -3648.7 [    27641.4   17335.5   40000.0    2078.9   50000.0 ]
Optimization terminated successfully.
         Current function value: 3648.697338
         Iterations: 11
         Function evaluations: 943
[24-10-31 14:59:05] 943      fit p: [    27641.4   17335.5   40000.0    2078.9   50000.0 ]
method: Powell
objective_func: objective_H2
fopt: -3648.6973377022505
max_iter: 100
num_iter: 11
func_calls: 943
flag: 0
u_fitted: False
u: 1.111e-08
