[24-10-31 14:54:38] fitting objective_H2 to data for demes ['French', 'KhomaniSan', 'Yoruba']
[24-10-31 14:54:38] 0        pnames [         NK       NFY       TFY        NF        NY ]
[24-10-31 14:54:38] 0            p0 [    17305.8   16938.1   77014.9    4257.7   27325.5 ]
[24-10-31 14:54:38] 1      -6402.74 [    17305.8   16938.1   77014.9    4257.7   27325.5 ]
[24-10-31 14:54:39] 2      -6402.74 [    17305.8   16938.1   77014.9    4257.7   27325.5 ]
[24-10-31 14:54:39] 3      -6402.58 [    17306.8   16938.1   77014.9    4257.7   27325.5 ]
[24-10-31 14:54:39] 4      -6402.33 [    17308.4   16938.1   77014.9    4257.7   27325.5 ]
[24-10-31 14:54:39] 5       -6375.2 [    17484.8   16938.1   77014.9    4257.7   27325.5 ]
[24-10-31 14:54:40] 6      -6005.67 [    21363.3   16938.1   77014.9    4257.7   27325.5 ]
[24-10-31 14:54:40] 7      -5872.94 [    27638.8   16938.1   77014.9    4257.7   27325.5 ]
[24-10-31 14:54:40] 8      -5879.16 [    25949.8   16938.1   77014.9    4257.7   27325.5 ]
[24-10-31 14:54:40] 9      -5999.51 [    37792.9   16938.1   77014.9    4257.7   27325.5 ]
[24-10-31 14:54:40] 10     -5899.61 [    31517.3   16938.1   77014.9    4257.7   27325.5 ]
[24-10-31 14:54:41] 11     -5886.58 [    25241.8   16938.1   77014.9    4257.7   27325.5 ]
[24-10-31 14:54:41] 12     -5873.13 [    27861.0   16938.1   77014.9    4257.7   27325.5 ]
[24-10-31 14:54:41] 13     -5872.92 [    27535.5   16938.1   77014.9    4257.7   27325.5 ]
[24-10-31 14:54:41] 14     -5872.95 [    27433.2   16938.1   77014.9    4257.7   27325.5 ]
[24-10-31 14:54:42] 15     -5872.92 [    27535.5   16938.1   77014.9    4257.7   27325.5 ]
[24-10-31 14:54:42] 16     -5873.21 [    27535.5   16939.1   77014.9    4257.7   27325.5 ]
[24-10-31 14:54:42] 17     -5872.46 [    27535.5   16936.5   77014.9    4257.7   27325.5 ]
[24-10-31 14:54:42] 18     -5822.26 [    27535.5   16760.1   77014.9    4257.7   27325.5 ]
[24-10-31 14:54:42] 20     -5912.78 [    27535.5    9485.2   77014.9    4257.7   27325.5 ]
[24-10-31 14:54:43] 21      -5148.4 [    27535.5   13981.3   77014.9    4257.7   27325.5 ]
[24-10-31 14:54:43] 22     -5037.59 [    27535.5   13232.4   77014.9    4257.7   27325.5 ]
[24-10-31 14:54:43] 23     -4998.72 [    27535.5   11801.1   77014.9    4257.7   27325.5 ]
[24-10-31 14:54:43] 24      -4979.6 [    27535.5   12271.7   77014.9    4257.7   27325.5 ]
[24-10-31 14:54:43] 25     -4979.67 [    27535.5   12324.3   77014.9    4257.7   27325.5 ]
[24-10-31 14:54:44] 26     -4979.89 [    27535.5   12225.0   77014.9    4257.7   27325.5 ]
[24-10-31 14:54:44] 27      -4979.6 [    27535.5   12271.7   77014.9    4257.7   27325.5 ]
[24-10-31 14:54:44] 28      -4979.6 [    27535.5   12271.7   77015.9    4257.7   27325.5 ]
[24-10-31 14:54:44] 29      -4979.6 [    27535.5   12271.7   77017.5    4257.7   27325.5 ]
[24-10-31 14:54:45] 30     -4979.29 [    27535.5   12271.7   77193.9    4257.7   27325.5 ]
[24-10-31 14:54:45] 31     -4979.14 [    27535.5   12271.7   77439.0    4257.7   27325.5 ]
[24-10-31 14:54:45] 32     -4979.54 [    27535.5   12271.7   77835.7    4257.7   27325.5 ]
[24-10-31 14:54:45] 33      -4979.2 [    27535.5   12271.7   77590.6    4257.7   27325.5 ]
[24-10-31 14:54:45] 34     -4979.16 [    27535.5   12271.7   77345.4    4257.7   27325.5 ]
[24-10-31 14:54:46] 35     -4979.14 [    27535.5   12271.7   77443.3    4257.7   27325.5 ]
[24-10-31 14:54:46] 36     -4979.14 [    27535.5   12271.7   77434.8    4257.7   27325.5 ]
[24-10-31 14:54:46] 37     -4979.14 [    27535.5   12271.7   77439.0    4257.7   27325.5 ]
[24-10-31 14:54:46] 38     -4979.79 [    27535.5   12271.7   77439.0    4258.7   27325.5 ]
[24-10-31 14:54:47] 39     -4978.08 [    27535.5   12271.7   77439.0    4256.1   27325.5 ]
[24-10-31 14:54:47] 40     -4880.52 [    27535.5   12271.7   77439.0    4079.7   27325.5 ]
[24-10-31 14:54:47] 41     -4823.57 [    27535.5   12271.7   77439.0    3675.1   27325.5 ]
[24-10-31 14:54:47] 42     -5539.66 [    27535.5   12271.7   77439.0    3020.4   27325.5 ]
[24-10-31 14:54:48] 43     -4948.59 [    27535.5   12271.7   77439.0    3425.0   27325.5 ]
[24-10-31 14:54:48] 44     -4813.16 [    27535.5   12271.7   77439.0    3829.7   27325.5 ]
[24-10-31 14:54:48] 45     -4811.62 [    27535.5   12271.7   77439.0    3783.9   27325.5 ]
[24-10-31 14:54:48] 46      -4811.6 [    27535.5   12271.7   77439.0    3788.7   27325.5 ]
[24-10-31 14:54:48] 47     -4811.63 [    27535.5   12271.7   77439.0    3793.3   27325.5 ]
[24-10-31 14:54:49] 48      -4811.6 [    27535.5   12271.7   77439.0    3788.7   27325.5 ]
[24-10-31 14:54:49] 49     -4811.51 [    27535.5   12271.7   77439.0    3788.7   27326.5 ]
[24-10-31 14:54:49] 50     -4811.36 [    27535.5   12271.7   77439.0    3788.7   27328.1 ]
[24-10-31 14:54:49] 51      -4795.3 [    27535.5   12271.7   77439.0    3788.7   27504.5 ]
[24-10-31 14:54:50] 52     -4282.79 [    27535.5   12271.7   77439.0    3788.7   36164.3 ]
[24-10-31 14:54:50] 54     -4121.33 [    27535.5   12271.7   77439.0    3788.7   41516.4 ]
[24-10-31 14:54:50] 55     -4051.66 [    27535.5   12271.7   77439.0    3788.7   44824.2 ]
[24-10-31 14:54:50] 56     -4016.63 [    27535.5   12271.7   77439.0    3788.7   46868.5 ]
[24-10-31 14:54:51] 57     -3997.47 [    27535.5   12271.7   77439.0    3788.7   48132.0 ]
[24-10-31 14:54:51] 58     -3986.47 [    27535.5   12271.7   77439.0    3788.7   48912.9 ]
[24-10-31 14:54:51] 59     -3979.97 [    27535.5   12271.7   77439.0    3788.7   49395.5 ]
[24-10-31 14:54:51] 60     -3976.07 [    27535.5   12271.7   77439.0    3788.7   49693.7 ]
[24-10-31 14:54:52] 61     -3973.19 [    27535.5   12271.7   77439.0    3788.7   49917.4 ]
[24-10-31 14:54:52] 63     -3973.19 [    27535.5   12271.7   77439.0    3788.7   49917.4 ]
[24-10-31 14:54:52] 64     -3973.19 [    27536.5   12271.7   77439.0    3788.7   49917.4 ]
[24-10-31 14:54:52] 65     -3973.18 [    27533.9   12271.7   77439.0    3788.7   49917.4 ]
[24-10-31 14:54:52] 66      -3972.4 [    27357.5   12271.7   77439.0    3788.7   49917.4 ]
[24-10-31 14:54:53] 67     -3970.59 [    26367.2   12271.7   77439.0    3788.7   49917.4 ]
[24-10-31 14:54:53] 68     -3978.97 [    24764.9   12271.7   77439.0    3788.7   49917.4 ]
[24-10-31 14:54:53] 69     -3971.95 [    25755.2   12271.7   77439.0    3788.7   49917.4 ]
[24-10-31 14:54:53] 70     -3970.73 [    26745.5   12271.7   77439.0    3788.7   49917.4 ]
[24-10-31 14:54:54] 71     -3970.56 [    26483.2   12271.7   77439.0    3788.7   49917.4 ]
[24-10-31 14:54:54] 72     -3970.56 [    26472.6   12271.7   77439.0    3788.7   49917.4 ]
[24-10-31 14:54:54] 73     -3970.56 [    26493.7   12271.7   77439.0    3788.7   49917.4 ]
[24-10-31 14:54:54] 74     -3970.56 [    26483.2   12271.7   77439.0    3788.7   49917.4 ]
[24-10-31 14:54:55] 75     -3970.62 [    26483.2   12272.7   77439.0    3788.7   49917.4 ]
[24-10-31 14:54:55] 76     -3970.45 [    26483.2   12270.0   77439.0    3788.7   49917.4 ]
[24-10-31 14:54:55] 77     -3961.38 [    26483.2   12093.7   77439.0    3788.7   49917.4 ]
[24-10-31 14:54:55] 78      -3956.8 [    26483.2   11825.8   77439.0    3788.7   49917.4 ]
[24-10-31 14:54:56] 79     -3976.35 [    26483.2   11392.3   77439.0    3788.7   49917.4 ]
[24-10-31 14:54:56] 80     -3960.07 [    26483.2   11660.2   77439.0    3788.7   49917.4 ]
[24-10-31 14:54:56] 81     -3957.17 [    26483.2   11928.1   77439.0    3788.7   49917.4 ]
[24-10-31 14:54:56] 82     -3956.73 [    26483.2   11856.4   77439.0    3788.7   49917.4 ]
[24-10-31 14:54:56] 83     -3956.73 [    26483.2   11852.3   77439.0    3788.7   49917.4 ]
[24-10-31 14:54:57] 84     -3956.73 [    26483.2   11860.6   77439.0    3788.7   49917.4 ]
[24-10-31 14:54:57] 85     -3956.73 [    26483.2   11856.4   77439.0    3788.7   49917.4 ]
[24-10-31 14:54:57] 86     -3956.75 [    26483.2   11856.4   77440.0    3788.7   49917.4 ]
[24-10-31 14:54:57] 87     -3956.69 [    26483.2   11856.4   77437.4    3788.7   49917.4 ]
[24-10-31 14:54:58] 88      -3952.4 [    26483.2   11856.4   77261.1    3788.7   49917.4 ]
[24-10-31 14:54:58] 89     -3906.15 [    26483.2   11856.4   73357.6    3788.7   49917.4 ]
[24-10-31 14:54:58] 90      -4029.7 [    26483.2   11856.4   67041.8    3788.7   49917.4 ]
[24-10-31 14:54:58] 91     -3924.27 [    26483.2   11856.4   70945.2    3788.7   49917.4 ]
[24-10-31 14:54:59] 92     -3912.82 [    26483.2   11856.4   74848.6    3788.7   49917.4 ]
[24-10-31 14:54:59] 93     -3906.15 [    26483.2   11856.4   73398.5    3788.7   49917.4 ]
[24-10-31 14:54:59] 94     -3906.16 [    26483.2   11856.4   73316.8    3788.7   49917.4 ]
[24-10-31 14:54:59] 95     -3906.15 [    26483.2   11856.4   73357.6    3788.7   49917.4 ]
[24-10-31 14:54:59] 96      -3906.1 [    26483.2   11856.4   73357.6    3789.7   49917.4 ]
[24-10-31 14:55:00] 97     -3906.01 [    26483.2   11856.4   73357.6    3791.3   49917.4 ]
[24-10-31 14:55:00] 98     -3905.15 [    26483.2   11856.4   73357.6    3823.0   49917.4 ]
[24-10-31 14:55:00] 99     -3907.19 [    26483.2   11856.4   73357.6    3874.4   49917.4 ]
[24-10-31 14:55:00] 100    -3905.44 [    26483.2   11856.4   73357.6    3842.7   49917.4 ]
[24-10-31 14:55:01] 101    -3905.28 [    26483.2   11856.4   73357.6    3810.9   49917.4 ]
[24-10-31 14:55:01] 102    -3905.15 [    26483.2   11856.4   73357.6    3823.7   49917.4 ]
[24-10-31 14:55:01] 103    -3905.15 [    26483.2   11856.4   73357.6    3824.1   49917.4 ]
[24-10-31 14:55:01] 104    -3905.15 [    26483.2   11856.4   73357.6    3823.4   49917.4 ]
[24-10-31 14:55:02] 105    -3905.15 [    26483.2   11856.4   73357.6    3823.7   49917.4 ]
[24-10-31 14:55:02] 106    -3905.13 [    26483.2   11856.4   73357.6    3823.7   49918.4 ]
[24-10-31 14:55:02] 107    -3905.11 [    26483.2   11856.4   73357.6    3823.7   49920.0 ]
[24-10-31 14:55:02] 109     -3904.1 [    26483.2   11856.4   73357.6    3823.7   49987.4 ]
[24-10-31 14:55:03] 111     -3904.6 [    26483.2   11856.4   73357.6    3823.7   49953.7 ]
[24-10-31 14:55:03] 113    -3904.29 [    26483.2   11856.4   73357.6    3823.7   49974.5 ]
[24-10-31 14:55:03] 114    -3904.01 [    26483.2   11856.4   73357.6    3823.7   49993.5 ]
[24-10-31 14:55:03] 115    -3903.96 [    26483.2   11856.4   73357.6    3823.7   49997.2 ]
[24-10-31 14:55:03] 116    -3903.92 [    26483.2   11856.4   73357.6    3823.7   49999.5 ]
[24-10-31 14:55:04] 118    -3903.93 [    26483.2   11856.4   73357.6    3823.7   49998.7 ]
[24-10-31 14:55:04] 120    -3903.92 [    26483.2   11856.4   73357.6    3823.7   49999.5 ]
[24-10-31 14:55:04] 121    -3903.93 [    26484.2   11856.4   73357.6    3823.7   49999.5 ]
[24-10-31 14:55:04] 122     -3903.9 [    26481.6   11856.4   73357.6    3823.7   49999.5 ]
[24-10-31 14:55:05] 123    -3901.76 [    26305.2   11856.4   73357.6    3823.7   49999.5 ]
[24-10-31 14:55:05] 124    -3890.07 [    23536.0   11856.4   73357.6    3823.7   49999.5 ]
[24-10-31 14:55:05] 125     -4032.3 [    19055.5   11856.4   73357.6    3823.7   49999.5 ]
[24-10-31 14:55:05] 126    -3912.51 [    21824.6   11856.4   73357.6    3823.7   49999.5 ]
[24-10-31 14:55:06] 127    -3888.93 [    24593.8   11856.4   73357.6    3823.7   49999.5 ]
[24-10-31 14:55:06] 128    -3888.41 [    24189.1   11856.4   73357.6    3823.7   49999.5 ]
[24-10-31 14:55:06] 129    -3888.41 [    24214.5   11856.4   73357.6    3823.7   49999.5 ]
[24-10-31 14:55:06] 130    -3888.42 [    24237.1   11856.4   73357.6    3823.7   49999.5 ]
[24-10-31 14:55:06] 131    -3888.41 [    24214.5   11856.4   73357.6    3823.7   49999.5 ]
[24-10-31 14:55:07] 132    -3888.37 [    24214.5   11857.4   73357.6    3823.7   49999.5 ]
[24-10-31 14:55:07] 133    -3888.29 [    24214.5   11859.1   73357.6    3823.7   49999.5 ]
[24-10-31 14:55:07] 134    -3883.09 [    24214.5   12035.4   73357.6    3823.7   49999.5 ]
[24-10-31 14:55:07] 135    -3882.61 [    24214.5   12102.7   73357.6    3823.7   49999.5 ]
[24-10-31 14:55:08] 136    -3883.49 [    24214.5   12211.6   73357.6    3823.7   49999.5 ]
[24-10-31 14:55:08] 137    -3882.71 [    24214.5   12144.3   73357.6    3823.7   49999.5 ]
[24-10-31 14:55:08] 138     -3882.7 [    24214.5   12077.0   73357.6    3823.7   49999.5 ]
[24-10-31 14:55:08] 139    -3882.61 [    24214.5   12110.1   73357.6    3823.7   49999.5 ]
[24-10-31 14:55:09] 140    -3882.61 [    24214.5   12107.6   73357.6    3823.7   49999.5 ]
[24-10-31 14:55:09] 141    -3882.61 [    24214.5   12112.7   73357.6    3823.7   49999.5 ]
[24-10-31 14:55:09] 142    -3882.61 [    24214.5   12110.1   73357.6    3823.7   49999.5 ]
[24-10-31 14:55:09] 143    -3882.61 [    24214.5   12110.1   73358.6    3823.7   49999.5 ]
[24-10-31 14:55:10] 144    -3882.59 [    24214.5   12110.1   73356.0    3823.7   49999.5 ]
[24-10-31 14:55:10] 145    -3881.41 [    24214.5   12110.1   73179.7    3823.7   49999.5 ]
[24-10-31 14:55:10] 146    -3878.25 [    24214.5   12110.1   72157.0    3823.7   49999.5 ]
[24-10-31 14:55:10] 147    -3886.58 [    24214.5   12110.1   70502.3    3823.7   49999.5 ]
[24-10-31 14:55:10] 148    -3879.47 [    24214.5   12110.1   71525.0    3823.7   49999.5 ]
[24-10-31 14:55:11] 149    -3878.71 [    24214.5   12110.1   72547.6    3823.7   49999.5 ]
[24-10-31 14:55:11] 150    -3878.25 [    24214.5   12110.1   72169.0    3823.7   49999.5 ]
[24-10-31 14:55:11] 151    -3878.25 [    24214.5   12110.1   72145.0    3823.7   49999.5 ]
[24-10-31 14:55:11] 152    -3878.25 [    24214.5   12110.1   72157.0    3823.7   49999.5 ]
[24-10-31 14:55:12] 153    -3878.35 [    24214.5   12110.1   72157.0    3824.7   49999.5 ]
[24-10-31 14:55:12] 154     -3878.1 [    24214.5   12110.1   72157.0    3822.1   49999.5 ]
[24-10-31 14:55:12] 155    -3875.23 [    24214.5   12110.1   72157.0    3760.6   49999.5 ]
[24-10-31 14:55:12] 156    -3884.24 [    24214.5   12110.1   72157.0    3661.0   49999.5 ]
[24-10-31 14:55:12] 157     -3876.6 [    24214.5   12110.1   72157.0    3722.6   49999.5 ]
[24-10-31 14:55:13] 158     -3875.6 [    24214.5   12110.1   72157.0    3784.1   49999.5 ]
[24-10-31 14:55:13] 159    -3875.23 [    24214.5   12110.1   72157.0    3763.0   49999.5 ]
[24-10-31 14:55:13] 160    -3875.23 [    24214.5   12110.1   72157.0    3762.4   49999.5 ]
[24-10-31 14:55:13] 161    -3875.23 [    24214.5   12110.1   72157.0    3763.6   49999.5 ]
[24-10-31 14:55:14] 162    -3875.23 [    24214.5   12110.1   72157.0    3763.0   49999.5 ]
[24-10-31 14:55:14] 164    -3875.25 [    24214.5   12110.1   72157.0    3763.0   49997.9 ]
[24-10-31 14:55:14] 165    -3875.23 [    24214.5   12110.1   72157.0    3763.0   49998.9 ]
[24-10-31 14:55:14] 166    -3875.22 [    24214.5   12110.1   72157.0    3763.0   49999.9 ]
[24-10-31 14:55:14] 168    -3875.22 [    24214.5   12110.1   72157.0    3763.0   49999.8 ]
[24-10-31 14:55:15] 170    -3875.22 [    24214.5   12110.1   72157.0    3763.0   49999.9 ]
[24-10-31 14:55:15] 171    -3875.22 [    24214.5   12110.1   72157.0    3763.0   50000.0 ]
[24-10-31 14:55:15] 172    -3875.22 [    24214.5   12110.1   72157.0    3763.0   50000.0 ]
[24-10-31 14:55:15] 173    -3875.22 [    24214.5   12110.1   72157.0    3763.0   50000.0 ]
[24-10-31 14:55:16] 175    -3875.22 [    24214.5   12110.1   72157.0    3763.0   50000.0 ]
[24-10-31 14:55:16] 177    -3875.22 [    24214.5   12110.1   72157.0    3763.0   50000.0 ]
[24-10-31 14:55:16] 178    -3875.22 [    24215.5   12110.1   72157.0    3763.0   50000.0 ]
[24-10-31 14:55:16] 179    -3875.22 [    24217.1   12110.1   72157.0    3763.0   50000.0 ]
[24-10-31 14:55:16] 180    -3875.04 [    24393.4   12110.1   72157.0    3763.0   50000.0 ]
[24-10-31 14:55:17] 181    -3875.03 [    24444.3   12110.1   72157.0    3763.0   50000.0 ]
[24-10-31 14:55:17] 182    -3875.06 [    24526.7   12110.1   72157.0    3763.0   50000.0 ]
[24-10-31 14:55:17] 183    -3875.04 [    24475.8   12110.1   72157.0    3763.0   50000.0 ]
[24-10-31 14:55:17] 184    -3875.04 [    24424.9   12110.1   72157.0    3763.0   50000.0 ]
[24-10-31 14:55:17] 185    -3875.03 [    24447.3   12110.1   72157.0    3763.0   50000.0 ]
[24-10-31 14:55:18] 186    -3875.03 [    24449.6   12110.1   72157.0    3763.0   50000.0 ]
[24-10-31 14:55:18] 187    -3875.03 [    24447.3   12110.1   72157.0    3763.0   50000.0 ]
[24-10-31 14:55:18] 188     -3875.0 [    24447.3   12111.1   72157.0    3763.0   50000.0 ]
[24-10-31 14:55:18] 189    -3874.94 [    24447.3   12112.8   72157.0    3763.0   50000.0 ]
[24-10-31 14:55:19] 190    -3871.64 [    24447.3   12289.1   72157.0    3763.0   50000.0 ]
[24-10-31 14:55:19] 191    -3871.61 [    24447.3   12305.7   72157.0    3763.0   50000.0 ]
[24-10-31 14:55:19] 192    -3871.65 [    24447.3   12332.5   72157.0    3763.0   50000.0 ]
[24-10-31 14:55:19] 193    -3871.61 [    24447.3   12315.9   72157.0    3763.0   50000.0 ]
[24-10-31 14:55:19] 194    -3871.61 [    24447.3   12299.4   72157.0    3763.0   50000.0 ]
[24-10-31 14:55:20] 195    -3871.61 [    24447.3   12309.1   72157.0    3763.0   50000.0 ]
[24-10-31 14:55:20] 196    -3871.61 [    24447.3   12311.1   72157.0    3763.0   50000.0 ]
[24-10-31 14:55:20] 197    -3871.61 [    24447.3   12309.1   72157.0    3763.0   50000.0 ]
[24-10-31 14:55:20] 198    -3871.61 [    24447.3   12309.1   72158.0    3763.0   50000.0 ]
[24-10-31 14:55:21] 199     -3871.6 [    24447.3   12309.1   72155.4    3763.0   50000.0 ]
[24-10-31 14:55:21] 200    -3870.45 [    24447.3   12309.1   71979.0    3763.0   50000.0 ]
[24-10-31 14:55:21] 201    -3867.53 [    24447.3   12309.1   70996.9    3763.0   50000.0 ]
[24-10-31 14:55:21] 202    -3875.24 [    24447.3   12309.1   69407.9    3763.0   50000.0 ]
[24-10-31 14:55:21] 203    -3868.66 [    24447.3   12309.1   70390.0    3763.0   50000.0 ]
[24-10-31 14:55:22] 204    -3867.95 [    24447.3   12309.1   71372.1    3763.0   50000.0 ]
[24-10-31 14:55:22] 205    -3867.53 [    24447.3   12309.1   71008.5    3763.0   50000.0 ]
[24-10-31 14:55:22] 206    -3867.53 [    24447.3   12309.1   70985.3    3763.0   50000.0 ]
[24-10-31 14:55:22] 207    -3867.53 [    24447.3   12309.1   70996.9    3763.0   50000.0 ]
[24-10-31 14:55:23] 208    -3867.63 [    24447.3   12309.1   70996.9    3764.0   50000.0 ]
[24-10-31 14:55:23] 209    -3867.37 [    24447.3   12309.1   70996.9    3761.4   50000.0 ]
[24-10-31 14:55:23] 210    -3864.37 [    24447.3   12309.1   70996.9    3699.4   50000.0 ]
[24-10-31 14:55:23] 211    -3873.83 [    24447.3   12309.1   70996.9    3599.2   50000.0 ]
[24-10-31 14:55:24] 212    -3865.81 [    24447.3   12309.1   70996.9    3661.1   50000.0 ]
[24-10-31 14:55:24] 213    -3864.76 [    24447.3   12309.1   70996.9    3723.1   50000.0 ]
[24-10-31 14:55:24] 214    -3864.37 [    24447.3   12309.1   70996.9    3701.9   50000.0 ]
[24-10-31 14:55:24] 215    -3864.37 [    24447.3   12309.1   70996.9    3701.3   50000.0 ]
[24-10-31 14:55:25] 216    -3864.37 [    24447.3   12309.1   70996.9    3702.5   50000.0 ]
[24-10-31 14:55:25] 217    -3864.37 [    24447.3   12309.1   70996.9    3701.9   50000.0 ]
[24-10-31 14:55:25] 219    -3864.39 [    24447.3   12309.1   70996.9    3701.9   49998.4 ]
[24-10-31 14:55:25] 220    -3864.37 [    24447.3   12309.1   70996.9    3701.9   49999.4 ]
[24-10-31 14:55:25] 222    -3864.37 [    24447.3   12309.1   70996.9    3701.9   49999.7 ]
[24-10-31 14:55:26] 224    -3864.37 [    24447.3   12309.1   70996.9    3701.9   49999.9 ]
[24-10-31 14:55:26] 226    -3864.37 [    24447.3   12309.1   70996.9    3701.9   49999.9 ]
[24-10-31 14:55:26] 228    -3864.37 [    24447.3   12309.1   70996.9    3701.9   50000.0 ]
[24-10-31 14:55:26] 230    -3864.37 [    24447.3   12309.1   70996.9    3701.9   50000.0 ]
[24-10-31 14:55:27] 231    -3864.37 [    24447.3   12309.1   70996.9    3701.9   50000.0 ]
[24-10-31 14:55:27] 232    -3864.37 [    24447.3   12309.1   70996.9    3701.9   50000.0 ]
[24-10-31 14:55:27] 233    -3864.37 [    24447.3   12309.1   70996.9    3701.9   50000.0 ]
[24-10-31 14:55:27] 234    -3864.37 [    24447.3   12309.1   70996.9    3701.9   50000.0 ]
[24-10-31 14:55:28] 236    -3864.37 [    24447.3   12309.1   70996.9    3701.9   50000.0 ]
[24-10-31 14:55:28] 238    -3864.37 [    24447.3   12309.1   70996.9    3701.9   50000.0 ]
[24-10-31 14:55:28] 241    -3864.37 [    24447.3   12309.1   70996.9    3701.9   50000.0 ]
[24-10-31 14:55:28] 242    -3864.37 [    24448.3   12309.1   70996.9    3701.9   50000.0 ]
[24-10-31 14:55:29] 243    -3864.36 [    24449.9   12309.1   70996.9    3701.9   50000.0 ]
[24-10-31 14:55:29] 244    -3864.31 [    24578.1   12309.1   70996.9    3701.9   50000.0 ]
[24-10-31 14:55:29] 245    -3864.45 [    24785.5   12309.1   70996.9    3701.9   50000.0 ]
[24-10-31 14:55:29] 246    -3864.33 [    24657.3   12309.1   70996.9    3701.9   50000.0 ]
[24-10-31 14:55:29] 247    -3864.32 [    24529.1   12309.1   70996.9    3701.9   50000.0 ]
[24-10-31 14:55:30] 248    -3864.31 [    24580.1   12309.1   70996.9    3701.9   50000.0 ]
[24-10-31 14:55:30] 249    -3864.31 [    24581.5   12309.1   70996.9    3701.9   50000.0 ]
[24-10-31 14:55:30] 250    -3864.31 [    24580.1   12309.1   70996.9    3701.9   50000.0 ]
[24-10-31 14:55:30] 251    -3864.28 [    24580.1   12310.1   70996.9    3701.9   50000.0 ]
[24-10-31 14:55:31] 252    -3864.23 [    24580.1   12311.7   70996.9    3701.9   50000.0 ]
[24-10-31 14:55:31] 253    -3861.41 [    24580.1   12487.9   70996.9    3701.9   50000.0 ]
[24-10-31 14:55:31] 254    -3867.47 [    24580.1   12773.1   70996.9    3701.9   50000.0 ]
[24-10-31 14:55:31] 255    -3862.24 [    24580.1   12596.9   70996.9    3701.9   50000.0 ]
[24-10-31 14:55:32] 256    -3861.86 [    24580.1   12420.6   70996.9    3701.9   50000.0 ]
[24-10-31 14:55:32] 257     -3861.4 [    24580.1   12495.7   70996.9    3701.9   50000.0 ]
[24-10-31 14:55:32] 258     -3861.4 [    24580.1   12493.8   70996.9    3701.9   50000.0 ]
[24-10-31 14:55:32] 259     -3861.4 [    24580.1   12497.6   70996.9    3701.9   50000.0 ]
[24-10-31 14:55:32] 260     -3861.4 [    24580.1   12495.7   70996.9    3701.9   50000.0 ]
[24-10-31 14:55:33] 261    -3861.41 [    24580.1   12495.7   70997.9    3701.9   50000.0 ]
[24-10-31 14:55:33] 262    -3861.39 [    24580.1   12495.7   70995.3    3701.9   50000.0 ]
[24-10-31 14:55:33] 263    -3860.24 [    24580.1   12495.7   70819.0    3701.9   50000.0 ]
[24-10-31 14:55:33] 264    -3857.33 [    24580.1   12495.7   69840.6    3701.9   50000.0 ]
[24-10-31 14:55:34] 265    -3865.04 [    24580.1   12495.7   68257.6    3701.9   50000.0 ]
[24-10-31 14:55:34] 266    -3858.46 [    24580.1   12495.7   69236.0    3701.9   50000.0 ]
[24-10-31 14:55:34] 267    -3857.75 [    24580.1   12495.7   70214.3    3701.9   50000.0 ]
[24-10-31 14:55:34] 268    -3857.33 [    24580.1   12495.7   69852.2    3701.9   50000.0 ]
[24-10-31 14:55:34] 269    -3857.33 [    24580.1   12495.7   69829.0    3701.9   50000.0 ]
[24-10-31 14:55:35] 270    -3857.33 [    24580.1   12495.7   69840.6    3701.9   50000.0 ]
[24-10-31 14:55:35] 271    -3857.43 [    24580.1   12495.7   69840.6    3702.9   50000.0 ]
[24-10-31 14:55:35] 272    -3857.16 [    24580.1   12495.7   69840.6    3700.3   50000.0 ]
[24-10-31 14:55:35] 273    -3854.21 [    24580.1   12495.7   69840.6    3639.7   50000.0 ]
[24-10-31 14:55:35] 274    -3863.53 [    24580.1   12495.7   69840.6    3541.8   50000.0 ]
[24-10-31 14:55:36] 275    -3855.63 [    24580.1   12495.7   69840.6    3602.3   50000.0 ]
[24-10-31 14:55:36] 276    -3854.59 [    24580.1   12495.7   69840.6    3662.8   50000.0 ]
[24-10-31 14:55:36] 277     -3854.2 [    24580.1   12495.7   69840.6    3642.1   50000.0 ]
[24-10-31 14:55:36] 278    -3854.21 [    24580.1   12495.7   69840.6    3641.5   50000.0 ]
[24-10-31 14:55:36] 279    -3854.21 [    24580.1   12495.7   69840.6    3642.7   50000.0 ]
[24-10-31 14:55:37] 280     -3854.2 [    24580.1   12495.7   69840.6    3642.1   50000.0 ]
[24-10-31 14:55:37] 282    -3854.22 [    24580.1   12495.7   69840.6    3642.1   49998.4 ]
[24-10-31 14:55:37] 283    -3854.21 [    24580.1   12495.7   69840.6    3642.1   49999.4 ]
[24-10-31 14:55:37] 285    -3854.21 [    24580.1   12495.7   69840.6    3642.1   49999.7 ]
[24-10-31 14:55:37] 287    -3854.21 [    24580.1   12495.7   69840.6    3642.1   49999.9 ]
[24-10-31 14:55:38] 289    -3854.21 [    24580.1   12495.7   69840.6    3642.1   50000.0 ]
[24-10-31 14:55:38] 291    -3854.21 [    24580.1   12495.7   69840.6    3642.1   50000.0 ]
[24-10-31 14:55:38] 293    -3854.21 [    24580.1   12495.7   69840.6    3642.1   50000.0 ]
[24-10-31 14:55:38] 295     -3854.2 [    24580.1   12495.7   69840.6    3642.1   50000.0 ]
[24-10-31 14:55:38] 297     -3854.2 [    24580.1   12495.7   69840.6    3642.1   50000.0 ]
[24-10-31 14:55:39] 299     -3854.2 [    24580.1   12495.7   69840.6    3642.1   50000.0 ]
[24-10-31 14:55:39] 301     -3854.2 [    24580.1   12495.7   69840.6    3642.1   50000.0 ]
[24-10-31 14:55:39] 303     -3854.2 [    24580.1   12495.7   69840.6    3642.1   50000.0 ]
[24-10-31 14:55:39] 304     -3854.2 [    24580.1   12495.7   69840.6    3642.1   50000.0 ]
[24-10-31 14:55:39] 306     -3854.2 [    24580.1   12495.7   69840.6    3642.1   50000.0 ]
[24-10-31 14:55:39] 307     -3854.2 [    24580.1   12495.7   69840.6    3642.1   50000.0 ]
[24-10-31 14:55:40] 308     -3854.2 [    24580.1   12495.7   69840.6    3642.1   50000.0 ]
[24-10-31 14:55:40] 309     -3854.2 [    24580.1   12495.7   69840.6    3642.1   50000.0 ]
[24-10-31 14:55:40] 311     -3854.2 [    24580.1   12495.7   69840.6    3642.1   50000.0 ]
[24-10-31 14:55:40] 313     -3854.2 [    24580.1   12495.7   69840.6    3642.1   50000.0 ]
[24-10-31 14:55:40] 315     -3854.2 [    24580.1   12495.7   69840.6    3642.1   50000.0 ]
[24-10-31 14:55:41] 316     -3854.2 [    24581.1   12495.7   69840.6    3642.1   50000.0 ]
[24-10-31 14:55:41] 317     -3854.2 [    24582.8   12495.7   69840.6    3642.1   50000.0 ]
[24-10-31 14:55:41] 318    -3854.17 [    24685.1   12495.7   69840.6    3642.1   50000.0 ]
[24-10-31 14:55:41] 319    -3854.26 [    24850.6   12495.7   69840.6    3642.1   50000.0 ]
[24-10-31 14:55:41] 320    -3854.18 [    24748.3   12495.7   69840.6    3642.1   50000.0 ]
[24-10-31 14:55:42] 321    -3854.17 [    24646.0   12495.7   69840.6    3642.1   50000.0 ]
[24-10-31 14:55:42] 322    -3854.17 [    24686.4   12495.7   69840.6    3642.1   50000.0 ]
[24-10-31 14:55:42] 323    -3854.17 [    24687.4   12495.7   69840.6    3642.1   50000.0 ]
[24-10-31 14:55:42] 324    -3854.17 [    24686.4   12495.7   69840.6    3642.1   50000.0 ]
[24-10-31 14:55:42] 325    -3854.14 [    24686.4   12496.7   69840.6    3642.1   50000.0 ]
[24-10-31 14:55:43] 326    -3854.09 [    24686.4   12498.3   69840.6    3642.1   50000.0 ]
[24-10-31 14:55:43] 327    -3851.48 [    24686.4   12670.5   69840.6    3642.1   50000.0 ]
[24-10-31 14:55:43] 328    -3857.13 [    24686.4   12949.0   69840.6    3642.1   50000.0 ]
[24-10-31 14:55:43] 329    -3852.26 [    24686.4   12776.9   69840.6    3642.1   50000.0 ]
[24-10-31 14:55:43] 330     -3851.9 [    24686.4   12604.7   69840.6    3642.1   50000.0 ]
[24-10-31 14:55:44] 331    -3851.48 [    24686.4   12677.8   69840.6    3642.1   50000.0 ]
[24-10-31 14:55:44] 332    -3851.48 [    24686.4   12676.0   69840.6    3642.1   50000.0 ]
[24-10-31 14:55:44] 333    -3851.48 [    24686.4   12679.6   69840.6    3642.1   50000.0 ]
[24-10-31 14:55:44] 334    -3851.48 [    24686.4   12677.8   69840.6    3642.1   50000.0 ]
[24-10-31 14:55:44] 335    -3851.49 [    24686.4   12677.8   69841.6    3642.1   50000.0 ]
[24-10-31 14:55:45] 336    -3851.47 [    24686.4   12677.8   69839.0    3642.1   50000.0 ]
[24-10-31 14:55:45] 337    -3850.34 [    24686.4   12677.8   69662.6    3642.1   50000.0 ]
[24-10-31 14:55:45] 338    -3847.53 [    24686.4   12677.8   68705.7    3642.1   50000.0 ]
[24-10-31 14:55:45] 339    -3854.97 [    24686.4   12677.8   67157.2    3642.1   50000.0 ]
[24-10-31 14:55:45] 340    -3848.62 [    24686.4   12677.8   68114.2    3642.1   50000.0 ]
[24-10-31 14:55:46] 341    -3847.93 [    24686.4   12677.8   69071.2    3642.1   50000.0 ]
[24-10-31 14:55:46] 342    -3847.53 [    24686.4   12677.8   68717.0    3642.1   50000.0 ]
[24-10-31 14:55:46] 343    -3847.53 [    24686.4   12677.8   68694.3    3642.1   50000.0 ]
[24-10-31 14:55:46] 344    -3847.53 [    24686.4   12677.8   68705.7    3642.1   50000.0 ]
[24-10-31 14:55:47] 345    -3847.63 [    24686.4   12677.8   68705.7    3643.1   50000.0 ]
[24-10-31 14:55:47] 346    -3847.36 [    24686.4   12677.8   68705.7    3640.5   50000.0 ]
[24-10-31 14:55:47] 347    -3844.43 [    24686.4   12677.8   68705.7    3581.2   50000.0 ]
[24-10-31 14:55:47] 348    -3853.66 [    24686.4   12677.8   68705.7    3485.3   50000.0 ]
[24-10-31 14:55:48] 349    -3845.84 [    24686.4   12677.8   68705.7    3544.6   50000.0 ]
[24-10-31 14:55:48] 350    -3844.81 [    24686.4   12677.8   68705.7    3603.8   50000.0 ]
[24-10-31 14:55:48] 351    -3844.43 [    24686.4   12677.8   68705.7    3583.5   50000.0 ]
[24-10-31 14:55:48] 352    -3844.43 [    24686.4   12677.8   68705.7    3583.0   50000.0 ]
[24-10-31 14:55:48] 353    -3844.43 [    24686.4   12677.8   68705.7    3584.1   50000.0 ]
[24-10-31 14:55:49] 354    -3844.43 [    24686.4   12677.8   68705.7    3583.5   50000.0 ]
[24-10-31 14:55:49] 356    -3844.45 [    24686.4   12677.8   68705.7    3583.5   49998.4 ]
[24-10-31 14:55:49] 357    -3844.44 [    24686.4   12677.8   68705.7    3583.5   49999.4 ]
[24-10-31 14:55:49] 359    -3844.43 [    24686.4   12677.8   68705.7    3583.5   49999.7 ]
[24-10-31 14:55:50] 361    -3844.43 [    24686.4   12677.8   68705.7    3583.5   49999.9 ]
[24-10-31 14:55:50] 363    -3844.43 [    24686.4   12677.8   68705.7    3583.5   50000.0 ]
[24-10-31 14:55:50] 365    -3844.43 [    24686.4   12677.8   68705.7    3583.5   50000.0 ]
[24-10-31 14:55:50] 367    -3844.43 [    24686.4   12677.8   68705.7    3583.5   50000.0 ]
[24-10-31 14:55:51] 369    -3844.43 [    24686.4   12677.8   68705.7    3583.5   50000.0 ]
[24-10-31 14:55:51] 371    -3844.43 [    24686.4   12677.8   68705.7    3583.5   50000.0 ]
[24-10-31 14:55:51] 373    -3844.43 [    24686.4   12677.8   68705.7    3583.5   50000.0 ]
[24-10-31 14:55:51] 375    -3844.43 [    24686.4   12677.8   68705.7    3583.5   50000.0 ]
[24-10-31 14:55:52] 377    -3844.43 [    24686.4   12677.8   68705.7    3583.5   50000.0 ]
[24-10-31 14:55:52] 379    -3844.43 [    24686.4   12677.8   68705.7    3583.5   50000.0 ]
[24-10-31 14:55:52] 381    -3844.43 [    24686.4   12677.8   68705.7    3583.5   50000.0 ]
[24-10-31 14:55:52] 383    -3844.43 [    24686.4   12677.8   68705.7    3583.5   50000.0 ]
[24-10-31 14:55:52] 385    -3844.43 [    24686.4   12677.8   68705.7    3583.5   50000.0 ]
[24-10-31 14:55:53] 387    -3844.43 [    24686.4   12677.8   68705.7    3583.5   50000.0 ]
[24-10-31 14:55:53] 388    -3844.43 [    24686.4   12677.8   68705.7    3583.5   50000.0 ]
[24-10-31 14:55:53] 389    -3844.43 [    24686.4   12677.8   68705.7    3583.5   50000.0 ]
[24-10-31 14:55:53] 390    -3844.43 [    24686.4   12677.8   68705.7    3583.5   50000.0 ]
[24-10-31 14:55:54] 391    -3844.43 [    24686.4   12677.8   68705.7    3583.5   50000.0 ]
[24-10-31 14:55:54] 393    -3844.43 [    24686.4   12677.8   68705.7    3583.5   50000.0 ]
[24-10-31 14:55:54] 395    -3844.43 [    24686.4   12677.8   68705.7    3583.5   50000.0 ]
[24-10-31 14:55:54] 398    -3844.43 [    24686.4   12677.8   68705.7    3583.5   50000.0 ]
[24-10-31 14:55:55] 399    -3844.43 [    24687.4   12677.8   68705.7    3583.5   50000.0 ]
[24-10-31 14:55:55] 400    -3844.43 [    24689.0   12677.8   68705.7    3583.5   50000.0 ]
[24-10-31 14:55:55] 401    -3844.39 [    24787.5   12677.8   68705.7    3583.5   50000.0 ]
[24-10-31 14:55:55] 402    -3844.47 [    24946.9   12677.8   68705.7    3583.5   50000.0 ]
[24-10-31 14:55:55] 403    -3844.41 [    24848.4   12677.8   68705.7    3583.5   50000.0 ]
[24-10-31 14:55:56] 404     -3844.4 [    24749.9   12677.8   68705.7    3583.5   50000.0 ]
[24-10-31 14:55:56] 405    -3844.39 [    24788.7   12677.8   68705.7    3583.5   50000.0 ]
[24-10-31 14:55:56] 406    -3844.39 [    24789.7   12677.8   68705.7    3583.5   50000.0 ]
[24-10-31 14:55:56] 407    -3844.39 [    24788.7   12677.8   68705.7    3583.5   50000.0 ]
[24-10-31 14:55:57] 408    -3844.37 [    24788.7   12678.8   68705.7    3583.5   50000.0 ]
[24-10-31 14:55:57] 409    -3844.32 [    24788.7   12680.4   68705.7    3583.5   50000.0 ]
[24-10-31 14:55:57] 410    -3841.89 [    24788.7   12849.1   68705.7    3583.5   50000.0 ]
[24-10-31 14:55:57] 411    -3847.19 [    24788.7   13122.2   68705.7    3583.5   50000.0 ]
[24-10-31 14:55:58] 412    -3842.62 [    24788.7   12953.4   68705.7    3583.5   50000.0 ]
[24-10-31 14:55:58] 413    -3842.28 [    24788.7   12784.7   68705.7    3583.5   50000.0 ]
[24-10-31 14:55:58] 414    -3841.89 [    24788.7   12856.0   68705.7    3583.5   50000.0 ]
[24-10-31 14:55:58] 415    -3841.89 [    24788.7   12854.3   68705.7    3583.5   50000.0 ]
[24-10-31 14:55:59] 416    -3841.89 [    24788.7   12857.8   68705.7    3583.5   50000.0 ]
[24-10-31 14:55:59] 417    -3841.89 [    24788.7   12856.0   68705.7    3583.5   50000.0 ]
[24-10-31 14:55:59] 418    -3841.89 [    24788.7   12856.0   68706.7    3583.5   50000.0 ]
[24-10-31 14:55:59] 419    -3841.88 [    24788.7   12856.0   68704.0    3583.5   50000.0 ]
[24-10-31 14:55:59] 420    -3840.76 [    24788.7   12856.0   68527.7    3583.5   50000.0 ]
[24-10-31 14:56:00] 421    -3838.07 [    24788.7   12856.0   67595.4    3583.5   50000.0 ]
[24-10-31 14:56:00] 422    -3845.21 [    24788.7   12856.0   66086.9    3583.5   50000.0 ]
[24-10-31 14:56:00] 423    -3839.12 [    24788.7   12856.0   67019.2    3583.5   50000.0 ]
[24-10-31 14:56:00] 424    -3838.46 [    24788.7   12856.0   67951.5    3583.5   50000.0 ]
[24-10-31 14:56:01] 425    -3838.07 [    24788.7   12856.0   67606.5    3583.5   50000.0 ]
[24-10-31 14:56:01] 426    -3838.07 [    24788.7   12856.0   67584.3    3583.5   50000.0 ]
[24-10-31 14:56:01] 427    -3838.07 [    24788.7   12856.0   67595.4    3583.5   50000.0 ]
[24-10-31 14:56:01] 428    -3838.18 [    24788.7   12856.0   67595.4    3584.5   50000.0 ]
[24-10-31 14:56:01] 429     -3837.9 [    24788.7   12856.0   67595.4    3581.9   50000.0 ]
[24-10-31 14:56:02] 430    -3835.01 [    24788.7   12856.0   67595.4    3523.9   50000.0 ]
[24-10-31 14:56:02] 431    -3844.12 [    24788.7   12856.0   67595.4    3430.0   50000.0 ]
[24-10-31 14:56:02] 432    -3836.39 [    24788.7   12856.0   67595.4    3488.0   50000.0 ]
[24-10-31 14:56:02] 433    -3835.38 [    24788.7   12856.0   67595.4    3546.0   50000.0 ]
[24-10-31 14:56:03] 434     -3835.0 [    24788.7   12856.0   67595.4    3526.2   50000.0 ]
[24-10-31 14:56:03] 435     -3835.0 [    24788.7   12856.0   67595.4    3525.6   50000.0 ]
[24-10-31 14:56:03] 436     -3835.0 [    24788.7   12856.0   67595.4    3526.7   50000.0 ]
[24-10-31 14:56:03] 437     -3835.0 [    24788.7   12856.0   67595.4    3526.2   50000.0 ]
[24-10-31 14:56:03] 439    -3835.02 [    24788.7   12856.0   67595.4    3526.2   49998.4 ]
[24-10-31 14:56:04] 440    -3835.01 [    24788.7   12856.0   67595.4    3526.2   49999.4 ]
[24-10-31 14:56:04] 442    -3835.01 [    24788.7   12856.0   67595.4    3526.2   49999.7 ]
[24-10-31 14:56:04] 444     -3835.0 [    24788.7   12856.0   67595.4    3526.2   49999.9 ]
[24-10-31 14:56:04] 446     -3835.0 [    24788.7   12856.0   67595.4    3526.2   50000.0 ]
[24-10-31 14:56:04] 448     -3835.0 [    24788.7   12856.0   67595.4    3526.2   50000.0 ]
[24-10-31 14:56:05] 450     -3835.0 [    24788.7   12856.0   67595.4    3526.2   50000.0 ]
[24-10-31 14:56:05] 452     -3835.0 [    24788.7   12856.0   67595.4    3526.2   50000.0 ]
[24-10-31 14:56:05] 454     -3835.0 [    24788.7   12856.0   67595.4    3526.2   50000.0 ]
[24-10-31 14:56:05] 456     -3835.0 [    24788.7   12856.0   67595.4    3526.2   50000.0 ]
[24-10-31 14:56:06] 458     -3835.0 [    24788.7   12856.0   67595.4    3526.2   50000.0 ]
[24-10-31 14:56:06] 460     -3835.0 [    24788.7   12856.0   67595.4    3526.2   50000.0 ]
[24-10-31 14:56:06] 462     -3835.0 [    24788.7   12856.0   67595.4    3526.2   50000.0 ]
[24-10-31 14:56:06] 464     -3835.0 [    24788.7   12856.0   67595.4    3526.2   50000.0 ]
[24-10-31 14:56:06] 466     -3835.0 [    24788.7   12856.0   67595.4    3526.2   50000.0 ]
[24-10-31 14:56:07] 468     -3835.0 [    24788.7   12856.0   67595.4    3526.2   50000.0 ]
[24-10-31 14:56:07] 470     -3835.0 [    24788.7   12856.0   67595.4    3526.2   50000.0 ]
[24-10-31 14:56:07] 472     -3835.0 [    24788.7   12856.0   67595.4    3526.2   50000.0 ]
[24-10-31 14:56:07] 474     -3835.0 [    24788.7   12856.0   67595.4    3526.2   50000.0 ]
[24-10-31 14:56:08] 476     -3835.0 [    24788.7   12856.0   67595.4    3526.2   50000.0 ]
[24-10-31 14:56:08] 478     -3835.0 [    24788.7   12856.0   67595.4    3526.2   50000.0 ]
[24-10-31 14:56:08] 480     -3835.0 [    24788.7   12856.0   67595.4    3526.2   50000.0 ]
[24-10-31 14:56:08] 481     -3835.0 [    24788.7   12856.0   67595.4    3526.2   50000.0 ]
[24-10-31 14:56:08] 482     -3835.0 [    24788.7   12856.0   67595.4    3526.2   50000.0 ]
[24-10-31 14:56:09] 483     -3835.0 [    24788.7   12856.0   67595.4    3526.2   50000.0 ]
[24-10-31 14:56:09] 484     -3835.0 [    24788.7   12856.0   67595.4    3526.2   50000.0 ]
[24-10-31 14:56:09] 485     -3835.0 [    24788.7   12856.0   67595.4    3526.2   50000.0 ]
[24-10-31 14:56:09] 486     -3835.0 [    24788.7   12856.0   67595.4    3526.2   50000.0 ]
[24-10-31 14:56:09] 487     -3835.0 [    24788.7   12856.0   67595.4    3526.2   50000.0 ]
[24-10-31 14:56:10] 488     -3835.0 [    24788.7   12856.0   67595.4    3526.2   50000.0 ]
[24-10-31 14:56:10] 489     -3835.0 [    24788.7   12856.0   67595.4    3526.2   50000.0 ]
[24-10-31 14:56:10] 490     -3835.0 [    24788.7   12856.0   67595.4    3526.2   50000.0 ]
[24-10-31 14:56:10] 491    -3825.71 [    24891.1   13034.3   66485.1    3468.8   50000.0 ]
[24-10-31 14:56:11] 492     -3835.0 [    24788.7   12856.0   67595.4    3526.2   50000.0 ]
[24-10-31 14:56:11] 493    -3825.71 [    24891.1   13034.3   66485.1    3468.8   50000.0 ]
[24-10-31 14:56:11] 494    -3810.98 [    25056.7   13322.7   64688.7    3375.9   50000.0 ]
[24-10-31 14:56:11] 497    -3733.33 [    26013.5   14989.3   54309.2    2839.6   50000.0 ]
[24-10-31 14:56:12] 498    -3770.53 [    25535.1   14156.0   59498.9    3107.8   50000.0 ]
[24-10-31 14:56:12] 499     -3692.2 [    26604.8   16019.2   47894.4    2508.1   50000.0 ]
[24-10-31 14:56:12] 500    -3669.73 [    26970.2   16655.8   43929.8    2303.2   50000.0 ]
[24-10-31 14:56:12] 501     -3657.1 [    27196.1   17049.2   41479.5    2176.6   50000.0 ]
[24-10-31 14:56:12] 503    -3661.81 [    27109.8   16898.9   42415.4    2224.9   50000.0 ]
[24-10-31 14:56:13] 504    -3654.27 [    27249.4   17142.1   40901.1    2146.7   50000.0 ]
[24-10-31 14:56:13] 505    -3652.55 [    27282.4   17199.5   40543.6    2128.2   50000.0 ]
[24-10-31 14:56:13] 506    -3651.27 [    27307.3   17242.9   40273.1    2114.2   50000.0 ]
[24-10-31 14:56:13] 507    -3651.27 [    27307.3   17242.9   40273.1    2114.2   50000.0 ]
[24-10-31 14:56:14] 508    -3651.27 [    27308.3   17242.9   40273.1    2114.2   50000.0 ]
[24-10-31 14:56:14] 509    -3651.26 [    27309.9   17242.9   40273.1    2114.2   50000.0 ]
[24-10-31 14:56:14] 510    -3651.13 [    27486.3   17242.9   40273.1    2114.2   50000.0 ]
[24-10-31 14:56:14] 511    -3651.11 [    27570.3   17242.9   40273.1    2114.2   50000.0 ]
[24-10-31 14:56:15] 512    -3651.15 [    27706.2   17242.9   40273.1    2114.2   50000.0 ]
[24-10-31 14:56:15] 513    -3651.11 [    27622.2   17242.9   40273.1    2114.2   50000.0 ]
[24-10-31 14:56:15] 514    -3651.11 [    27538.2   17242.9   40273.1    2114.2   50000.0 ]
[24-10-31 14:56:15] 515    -3651.11 [    27574.2   17242.9   40273.1    2114.2   50000.0 ]
[24-10-31 14:56:16] 516    -3651.11 [    27576.9   17242.9   40273.1    2114.2   50000.0 ]
[24-10-31 14:56:16] 517    -3651.11 [    27574.2   17242.9   40273.1    2114.2   50000.0 ]
[24-10-31 14:56:16] 518    -3651.11 [    27574.2   17243.9   40273.1    2114.2   50000.0 ]
[24-10-31 14:56:16] 519    -3651.11 [    27574.2   17245.5   40273.1    2114.2   50000.0 ]
[24-10-31 14:56:16] 520     -3651.1 [    27574.2   17252.0   40273.1    2114.2   50000.0 ]
[24-10-31 14:56:17] 521    -3651.11 [    27574.2   17262.4   40273.1    2114.2   50000.0 ]
[24-10-31 14:56:17] 522    -3651.11 [    27574.2   17255.9   40273.1    2114.2   50000.0 ]
[24-10-31 14:56:17] 523    -3651.11 [    27574.2   17249.5   40273.1    2114.2   50000.0 ]
[24-10-31 14:56:17] 524     -3651.1 [    27574.2   17252.0   40273.1    2114.2   50000.0 ]
[24-10-31 14:56:18] 525     -3651.1 [    27574.2   17251.9   40273.1    2114.2   50000.0 ]
[24-10-31 14:56:18] 526     -3651.1 [    27574.2   17252.0   40273.1    2114.2   50000.0 ]
[24-10-31 14:56:18] 528    -3651.11 [    27574.2   17252.0   40273.1    2114.2   49998.4 ]
[24-10-31 14:56:18] 529    -3651.11 [    27574.2   17252.0   40273.1    2114.2   49999.4 ]
[24-10-31 14:56:19] 531    -3651.11 [    27574.2   17252.0   40273.1    2114.2   49999.7 ]
[24-10-31 14:56:19] 533    -3651.11 [    27574.2   17252.0   40273.1    2114.2   49999.9 ]
[24-10-31 14:56:19] 535    -3651.11 [    27574.2   17252.0   40273.1    2114.2   50000.0 ]
[24-10-31 14:56:19] 537     -3651.1 [    27574.2   17252.0   40273.1    2114.2   50000.0 ]
[24-10-31 14:56:20] 539     -3651.1 [    27574.2   17252.0   40273.1    2114.2   50000.0 ]
[24-10-31 14:56:20] 541     -3651.1 [    27574.2   17252.0   40273.1    2114.2   50000.0 ]
[24-10-31 14:56:20] 543     -3651.1 [    27574.2   17252.0   40273.1    2114.2   50000.0 ]
[24-10-31 14:56:20] 545     -3651.1 [    27574.2   17252.0   40273.1    2114.2   50000.0 ]
[24-10-31 14:56:21] 547     -3651.1 [    27574.2   17252.0   40273.1    2114.2   50000.0 ]
[24-10-31 14:56:21] 549     -3651.1 [    27574.2   17252.0   40273.1    2114.2   50000.0 ]
[24-10-31 14:56:21] 551     -3651.1 [    27574.2   17252.0   40273.1    2114.2   50000.0 ]
[24-10-31 14:56:21] 553     -3651.1 [    27574.2   17252.0   40273.1    2114.2   50000.0 ]
[24-10-31 14:56:21] 555     -3651.1 [    27574.2   17252.0   40273.1    2114.2   50000.0 ]
[24-10-31 14:56:22] 557     -3651.1 [    27574.2   17252.0   40273.1    2114.2   50000.0 ]
[24-10-31 14:56:22] 559     -3651.1 [    27574.2   17252.0   40273.1    2114.2   50000.0 ]
[24-10-31 14:56:22] 561     -3651.1 [    27574.2   17252.0   40273.1    2114.2   50000.0 ]
[24-10-31 14:56:22] 563     -3651.1 [    27574.2   17252.0   40273.1    2114.2   50000.0 ]
[24-10-31 14:56:23] 565     -3651.1 [    27574.2   17252.0   40273.1    2114.2   50000.0 ]
[24-10-31 14:56:23] 567     -3651.1 [    27574.2   17252.0   40273.1    2114.2   50000.0 ]
[24-10-31 14:56:23] 569     -3651.1 [    27574.2   17252.0   40273.1    2114.2   50000.0 ]
[24-10-31 14:56:23] 570     -3651.1 [    27574.2   17252.0   40273.1    2114.2   50000.0 ]
[24-10-31 14:56:24] 571     -3651.1 [    27574.2   17252.0   40273.1    2114.2   50000.0 ]
[24-10-31 14:56:24] 572     -3651.1 [    27574.2   17252.0   40273.1    2114.2   50000.0 ]
[24-10-31 14:56:24] 573     -3651.1 [    27574.2   17252.0   40273.1    2114.2   50000.0 ]
[24-10-31 14:56:24] 574     -3651.1 [    27574.2   17252.0   40273.1    2114.2   50000.0 ]
[24-10-31 14:56:25] 575     -3651.1 [    27574.2   17252.0   40273.1    2114.2   50000.0 ]
[24-10-31 14:56:25] 576     -3651.1 [    27574.2   17252.0   40273.1    2114.2   50000.0 ]
[24-10-31 14:56:25] 577     -3651.1 [    27574.2   17252.0   40273.1    2114.2   50000.0 ]
[24-10-31 14:56:25] 578     -3651.1 [    27574.2   17252.0   40273.1    2114.2   50000.0 ]
[24-10-31 14:56:25] 579     -3651.1 [    27574.2   17252.0   40273.1    2114.2   50000.0 ]
[24-10-31 14:56:26] 580    -3651.21 [    27574.2   17252.0   40273.1    2115.2   50000.0 ]
[24-10-31 14:56:26] 581    -3650.95 [    27574.2   17252.0   40273.1    2112.6   50000.0 ]
[24-10-31 14:56:26] 582    -3650.11 [    27574.2   17252.0   40273.1    2094.3   50000.0 ]
[24-10-31 14:56:26] 583    -3652.54 [    27574.2   17252.0   40273.1    2064.7   50000.0 ]
[24-10-31 14:56:27] 584    -3650.48 [    27574.2   17252.0   40273.1    2083.0   50000.0 ]
[24-10-31 14:56:27] 585    -3650.23 [    27574.2   17252.0   40273.1    2101.3   50000.0 ]
[24-10-31 14:56:27] 586    -3650.11 [    27574.2   17252.0   40273.1    2094.7   50000.0 ]
[24-10-31 14:56:27] 587    -3650.11 [    27574.2   17252.0   40273.1    2094.5   50000.0 ]
[24-10-31 14:56:28] 588    -3650.11 [    27574.2   17252.0   40273.1    2094.9   50000.0 ]
[24-10-31 14:56:28] 589    -3650.11 [    27574.2   17252.0   40273.1    2094.7   50000.0 ]
[24-10-31 14:56:28] 591     -3992.6 [    23499.0   10153.9   84481.5    4379.3   50000.0 ]
[24-10-31 14:56:28] 592     -3753.5 [    26017.6   14540.7   57159.2    2967.4   50000.0 ]
[24-10-31 14:56:29] 594    -3696.98 [    26795.9   15896.3   48716.1    2531.1   50000.0 ]
[24-10-31 14:56:29] 596    -3666.77 [    27276.9   16734.2   43498.0    2261.4   50000.0 ]
[24-10-31 14:56:29] 598    -3656.28 [    27460.7   17054.2   41504.9    2158.4   50000.0 ]
[24-10-31 14:56:29] 600    -3652.44 [    27530.8   17176.4   40743.6    2119.1   50000.0 ]
[24-10-31 14:56:29] 601    -3649.03 [    27594.7   17287.6   40050.9    2083.3   50000.0 ]
[24-10-31 14:56:30] 603    -3649.44 [    27586.9   17274.0   40135.8    2087.6   50000.0 ]
[24-10-31 14:56:30] 605    -3649.18 [    27591.7   17282.4   40083.3    2084.9   50000.0 ]
[24-10-31 14:56:30] 606    -3648.93 [    27596.5   17290.8   40030.9    2082.2   50000.0 ]
[24-10-31 14:56:30] 607    -3648.87 [    27597.7   17292.8   40018.5    2081.6   50000.0 ]
[24-10-31 14:56:31] 608    -3648.83 [    27598.4   17294.1   40010.9    2081.2   50000.0 ]
[24-10-31 14:56:31] 609    -3648.81 [    27598.8   17294.8   40006.1    2080.9   50000.0 ]
[24-10-31 14:56:31] 610    -3648.79 [    27599.1   17295.3   40003.2    2080.8   50000.0 ]
[24-10-31 14:56:31] 612    -3648.79 [    27599.1   17295.3   40003.2    2080.8   50000.0 ]
[24-10-31 14:56:32] 613    -3648.79 [    27600.1   17295.3   40003.2    2080.8   50000.0 ]
[24-10-31 14:56:32] 614    -3648.79 [    27601.7   17295.3   40003.2    2080.8   50000.0 ]
[24-10-31 14:56:32] 615    -3648.79 [    27647.2   17295.3   40003.2    2080.8   50000.0 ]
[24-10-31 14:56:32] 616     -3648.8 [    27720.8   17295.3   40003.2    2080.8   50000.0 ]
[24-10-31 14:56:32] 617    -3648.79 [    27675.3   17295.3   40003.2    2080.8   50000.0 ]
[24-10-31 14:56:33] 618    -3648.79 [    27629.8   17295.3   40003.2    2080.8   50000.0 ]
[24-10-31 14:56:33] 619    -3648.79 [    27647.7   17295.3   40003.2    2080.8   50000.0 ]
[24-10-31 14:56:33] 620    -3648.79 [    27646.7   17295.3   40003.2    2080.8   50000.0 ]
[24-10-31 14:56:33] 621    -3648.79 [    27647.2   17295.3   40003.2    2080.8   50000.0 ]
[24-10-31 14:56:34] 622    -3648.79 [    27647.2   17296.3   40003.2    2080.8   50000.0 ]
[24-10-31 14:56:34] 623    -3648.78 [    27647.2   17297.9   40003.2    2080.8   50000.0 ]
[24-10-31 14:56:34] 624    -3648.72 [    27647.2   17334.9   40003.2    2080.8   50000.0 ]
[24-10-31 14:56:34] 625    -3648.87 [    27647.2   17394.7   40003.2    2080.8   50000.0 ]
[24-10-31 14:56:35] 626    -3648.74 [    27647.2   17357.7   40003.2    2080.8   50000.0 ]
[24-10-31 14:56:35] 627    -3648.73 [    27647.2   17320.8   40003.2    2080.8   50000.0 ]
[24-10-31 14:56:35] 628    -3648.72 [    27647.2   17335.3   40003.2    2080.8   50000.0 ]
[24-10-31 14:56:35] 629    -3648.72 [    27647.2   17335.7   40003.2    2080.8   50000.0 ]
[24-10-31 14:56:36] 630    -3648.72 [    27647.2   17335.3   40003.2    2080.8   50000.0 ]
[24-10-31 14:56:36] 632    -3648.73 [    27647.2   17335.3   40003.2    2080.8   49998.4 ]
[24-10-31 14:56:36] 633    -3648.72 [    27647.2   17335.3   40003.2    2080.8   49999.4 ]
[24-10-31 14:56:36] 635    -3648.72 [    27647.2   17335.3   40003.2    2080.8   49999.7 ]
[24-10-31 14:56:36] 637    -3648.72 [    27647.2   17335.3   40003.2    2080.8   49999.9 ]
[24-10-31 14:56:37] 639    -3648.72 [    27647.2   17335.3   40003.2    2080.8   50000.0 ]
[24-10-31 14:56:37] 641    -3648.72 [    27647.2   17335.3   40003.2    2080.8   50000.0 ]
[24-10-31 14:56:37] 643    -3648.72 [    27647.2   17335.3   40003.2    2080.8   50000.0 ]
[24-10-31 14:56:37] 645    -3648.72 [    27647.2   17335.3   40003.2    2080.8   50000.0 ]
[24-10-31 14:56:38] 647    -3648.72 [    27647.2   17335.3   40003.2    2080.8   50000.0 ]
[24-10-31 14:56:38] 649    -3648.72 [    27647.2   17335.3   40003.2    2080.8   50000.0 ]
[24-10-31 14:56:38] 651    -3648.72 [    27647.2   17335.3   40003.2    2080.8   50000.0 ]
[24-10-31 14:56:38] 653    -3648.72 [    27647.2   17335.3   40003.2    2080.8   50000.0 ]
[24-10-31 14:56:39] 655    -3648.72 [    27647.2   17335.3   40003.2    2080.8   50000.0 ]
[24-10-31 14:56:39] 657    -3648.72 [    27647.2   17335.3   40003.2    2080.8   50000.0 ]
[24-10-31 14:56:39] 659    -3648.72 [    27647.2   17335.3   40003.2    2080.8   50000.0 ]
[24-10-31 14:56:39] 661    -3648.72 [    27647.2   17335.3   40003.2    2080.8   50000.0 ]
[24-10-31 14:56:40] 663    -3648.72 [    27647.2   17335.3   40003.2    2080.8   50000.0 ]
[24-10-31 14:56:40] 665    -3648.72 [    27647.2   17335.3   40003.2    2080.8   50000.0 ]
[24-10-31 14:56:40] 667    -3648.72 [    27647.2   17335.3   40003.2    2080.8   50000.0 ]
[24-10-31 14:56:40] 669    -3648.72 [    27647.2   17335.3   40003.2    2080.8   50000.0 ]
[24-10-31 14:56:40] 671    -3648.72 [    27647.2   17335.3   40003.2    2080.8   50000.0 ]
[24-10-31 14:56:41] 673    -3648.72 [    27647.2   17335.3   40003.2    2080.8   50000.0 ]
[24-10-31 14:56:41] 674    -3648.72 [    27647.2   17335.3   40003.2    2080.8   50000.0 ]
[24-10-31 14:56:41] 675    -3648.72 [    27647.2   17335.3   40003.2    2080.8   50000.0 ]
[24-10-31 14:56:41] 676    -3648.72 [    27647.2   17335.3   40003.2    2080.8   50000.0 ]
[24-10-31 14:56:42] 677    -3648.72 [    27647.2   17335.3   40003.2    2080.8   50000.0 ]
[24-10-31 14:56:42] 678    -3648.72 [    27647.2   17335.3   40003.2    2080.8   50000.0 ]
[24-10-31 14:56:42] 679    -3648.72 [    27647.2   17335.3   40003.2    2080.8   50000.0 ]
[24-10-31 14:56:42] 680    -3648.72 [    27647.2   17335.3   40003.2    2080.8   50000.0 ]
[24-10-31 14:56:43] 681    -3648.72 [    27647.2   17335.3   40003.2    2080.8   50000.0 ]
[24-10-31 14:56:43] 682    -3648.72 [    27647.2   17335.3   40003.2    2080.8   50000.0 ]
[24-10-31 14:56:43] 683    -3648.72 [    27647.2   17335.3   40003.2    2080.8   50000.0 ]
[24-10-31 14:56:43] 684    -3648.73 [    27647.2   17335.3   40003.2    2081.8   50000.0 ]
[24-10-31 14:56:44] 685    -3648.71 [    27647.2   17335.3   40003.2    2079.2   50000.0 ]
[24-10-31 14:56:44] 686    -3648.71 [    27647.2   17335.3   40003.2    2079.1   50000.0 ]
[24-10-31 14:56:44] 687    -3648.71 [    27647.2   17335.3   40003.2    2078.9   50000.0 ]
[24-10-31 14:56:44] 688    -3648.71 [    27647.2   17335.3   40003.2    2079.0   50000.0 ]
[24-10-31 14:56:44] 689    -3648.71 [    27647.2   17335.3   40003.2    2079.1   50000.0 ]
[24-10-31 14:56:45] 690    -3648.71 [    27647.2   17335.3   40003.2    2079.1   50000.0 ]
[24-10-31 14:56:45] 691    -3648.71 [    27647.2   17335.3   40003.2    2079.1   50000.0 ]
[24-10-31 14:56:45] 692    -3648.71 [    27647.2   17335.3   40003.2    2079.1   50000.0 ]
[24-10-31 14:56:45] 694    -3987.81 [    23572.0   10237.2   84211.6    4363.7   50000.0 ]
[24-10-31 14:56:46] 695    -3750.98 [    26090.6   14624.1   56889.3    2951.7   50000.0 ]
[24-10-31 14:56:46] 697    -3695.03 [    26868.9   15979.7   48446.3    2515.4   50000.0 ]
[24-10-31 14:56:46] 699    -3665.16 [    27349.9   16817.5   43228.2    2245.7   50000.0 ]
[24-10-31 14:56:46] 701     -3654.8 [    27533.6   17137.5   41235.0    2142.7   50000.0 ]
[24-10-31 14:56:47] 703    -3651.01 [    27603.8   17259.7   40473.7    2103.4   50000.0 ]
[24-10-31 14:56:47] 705    -3649.58 [    27630.6   17306.4   40182.9    2088.4   50000.0 ]
[24-10-31 14:56:47] 707    -3649.04 [    27640.9   17324.3   40071.9    2082.6   50000.0 ]
[24-10-31 14:56:47] 709    -3648.84 [    27644.8   17331.1   40029.4    2080.4   50000.0 ]
[24-10-31 14:56:48] 711    -3648.76 [    27646.3   17333.7   40013.2    2079.6   50000.0 ]
[24-10-31 14:56:48] 713    -3648.73 [    27646.8   17334.7   40007.0    2079.3   50000.0 ]
[24-10-31 14:56:48] 714     -3648.7 [    27647.4   17335.6   40001.4    2079.0   50000.0 ]
[24-10-31 14:56:48] 715     -3648.7 [    27647.5   17335.8   40000.3    2078.9   50000.0 ]
[24-10-31 14:56:48] 717     -3648.7 [    27647.4   17335.7   40000.7    2079.0   50000.0 ]
[24-10-31 14:56:49] 718     -3648.7 [    27647.5   17335.8   40000.0    2078.9   50000.0 ]
[24-10-31 14:56:49] 720     -3648.7 [    27647.5   17335.8   40000.1    2078.9   50000.0 ]
[24-10-31 14:56:49] 722     -3648.7 [    27647.5   17335.8   40000.1    2078.9   50000.0 ]
Optimization terminated successfully.
         Current function value: 3648.695147
         Iterations: 9
         Function evaluations: 722
[24-10-31 14:56:49] 722      fit p: [    27647.5   17335.8   40000.0    2078.9   50000.0 ]
method: Powell
objective_func: objective_H2
fopt: -3648.6951468807565
max_iter: 100
num_iter: 9
func_calls: 722
flag: 0
u_fitted: False
u: 1.111e-08
