[24-10-31 15:18:24] fitting objective_H2 to data for demes ['French', 'KhomaniSan', 'Yoruba']
[24-10-31 15:18:24] 0        pnames [         NK       NFY       TFY        NF        NY ]
[24-10-31 15:18:24] 0            p0 [    14656.5   16515.7   80423.2    7014.4   18231.6 ]
[24-10-31 15:18:24] 1      -21909.1 [    14656.5   16515.7   80423.2    7014.4   18231.6 ]
[24-10-31 15:18:25] 2      -21909.1 [    14656.5   16515.7   80423.2    7014.4   18231.6 ]
[24-10-31 15:18:25] 3     -21908.98 [    14657.5   16515.7   80423.2    7014.4   18231.6 ]
[24-10-31 15:18:25] 4     -21908.79 [    14659.1   16515.7   80423.2    7014.4   18231.6 ]
[24-10-31 15:18:26] 5     -21888.19 [    14835.5   16515.7   80423.2    7014.4   18231.6 ]
[24-10-31 15:18:26] 6     -21639.82 [    18245.4   16515.7   80423.2    7014.4   18231.6 ]
[24-10-31 15:18:27] 7     -21536.55 [    23762.8   16515.7   80423.2    7014.4   18231.6 ]
[24-10-31 15:18:27] 8     -21543.35 [    22547.8   16515.7   80423.2    7014.4   18231.6 ]
[24-10-31 15:18:28] 9     -21584.96 [    32690.2   16515.7   80423.2    7014.4   18231.6 ]
[24-10-31 15:18:28] 10    -21541.24 [    27172.8   16515.7   80423.2    7014.4   18231.6 ]
[24-10-31 15:18:29] 11    -21552.59 [    21655.4   16515.7   80423.2    7014.4   18231.6 ]
[24-10-31 15:18:29] 12    -21534.96 [    25045.6   16515.7   80423.2    7014.4   18231.6 ]
[24-10-31 15:18:30] 13     -21534.9 [    24909.9   16515.7   80423.2    7014.4   18231.6 ]
[24-10-31 15:18:30] 14    -21534.89 [    24807.4   16515.7   80423.2    7014.4   18231.6 ]
[24-10-31 15:18:31] 15    -21534.91 [    24705.9   16515.7   80423.2    7014.4   18231.6 ]
[24-10-31 15:18:31] 16    -21534.89 [    24807.4   16515.7   80423.2    7014.4   18231.6 ]
[24-10-31 15:18:32] 17    -21535.16 [    24807.4   16516.7   80423.2    7014.4   18231.6 ]
[24-10-31 15:18:32] 18    -21534.46 [    24807.4   16514.1   80423.2    7014.4   18231.6 ]
[24-10-31 15:18:32] 19    -21533.75 [    24807.4   16511.4   80423.2    7014.4   18231.6 ]
[24-10-31 15:18:33] 20    -21532.62 [    24807.4   16507.2   80423.2    7014.4   18231.6 ]
[24-10-31 15:18:33] 21    -21530.78 [    24807.4   16500.4   80423.2    7014.4   18231.6 ]
[24-10-31 15:18:34] 22     -21527.8 [    24807.4   16489.3   80423.2    7014.4   18231.6 ]
[24-10-31 15:18:34] 23    -21522.98 [    24807.4   16471.3   80423.2    7014.4   18231.6 ]
[24-10-31 15:18:35] 24    -21515.15 [    24807.4   16442.3   80423.2    7014.4   18231.6 ]
[24-10-31 15:18:35] 25    -21502.44 [    24807.4   16395.3   80423.2    7014.4   18231.6 ]
[24-10-31 15:18:36] 26    -21481.74 [    24807.4   16319.3   80423.2    7014.4   18231.6 ]
[24-10-31 15:18:36] 27    -21447.89 [    24807.4   16196.3   80423.2    7014.4   18231.6 ]
[24-10-31 15:18:37] 28    -21392.18 [    24807.4   15997.3   80423.2    7014.4   18231.6 ]
[24-10-31 15:18:37] 29    -21299.49 [    24807.4   15675.3   80423.2    7014.4   18231.6 ]
[24-10-31 15:18:38] 30    -21142.48 [    24807.4   15154.3   80423.2    7014.4   18231.6 ]
[24-10-31 15:18:38] 31    -20868.22 [    24807.4   14311.3   80423.2    7014.4   18231.6 ]
[24-10-31 15:18:39] 32    -20362.74 [    24807.4   12947.3   80423.2    7014.4   18231.6 ]
[24-10-31 15:18:39] 33    -19333.99 [    24807.4   10740.3   80423.2    7014.4   18231.6 ]
[24-10-31 15:18:40] 34    -16787.45 [    24807.4    7169.3   80423.2    7014.4   18231.6 ]
[24-10-31 15:18:40] 35    -25454.76 [    24807.4    1391.3   80423.2    7014.4   18231.6 ]
[24-10-31 15:18:40] 36    -14377.72 [    24807.4    4962.3   80423.2    7014.4   18231.6 ]
[24-10-31 15:18:41] 37    -12816.98 [    24807.4    3598.3   80423.2    7014.4   18231.6 ]
[24-10-31 15:18:41] 38    -12677.14 [    24807.4    2755.3   80423.2    7014.4   18231.6 ]
[24-10-31 15:18:42] 39    -12551.39 [    24807.4    2989.7   80423.2    7014.4   18231.6 ]
[24-10-31 15:18:42] 40     -12552.3 [    24807.4    3125.0   80423.2    7014.4   18231.6 ]
[24-10-31 15:18:43] 41    -12551.39 [    24807.4    2989.7   80423.2    7014.4   18231.6 ]
[24-10-31 15:18:43] 42    -12551.36 [    24807.4    2989.7   80424.2    7014.4   18231.6 ]
[24-10-31 15:18:44] 43    -12551.31 [    24807.4    2989.7   80425.9    7014.4   18231.6 ]
[24-10-31 15:18:44] 44    -12546.99 [    24807.4    2989.7   80602.2    7014.4   18231.6 ]
[24-10-31 15:18:45] 45    -12543.31 [    24807.4    2989.7   80976.6    7014.4   18231.6 ]
[24-10-31 15:18:45] 46    -12553.32 [    24807.4    2989.7   81582.2    7014.4   18231.6 ]
[24-10-31 15:18:45] 47    -12544.79 [    24807.4    2989.7   81207.9    7014.4   18231.6 ]
[24-10-31 15:18:46] 48    -12543.84 [    24807.4    2989.7   80833.6    7014.4   18231.6 ]
[24-10-31 15:18:46] 49    -12543.31 [    24807.4    2989.7   80971.0    7014.4   18231.6 ]
[24-10-31 15:18:47] 50    -12543.31 [    24807.4    2989.7   80965.5    7014.4   18231.6 ]
[24-10-31 15:18:47] 51    -12543.31 [    24807.4    2989.7   80971.0    7014.4   18231.6 ]
[24-10-31 15:18:48] 52    -12544.46 [    24807.4    2989.7   80971.0    7015.4   18231.6 ]
[24-10-31 15:18:48] 53    -12541.46 [    24807.4    2989.7   80971.0    7012.8   18231.6 ]
[24-10-31 15:18:48] 54    -12538.46 [    24807.4    2989.7   80971.0    7010.2   18231.6 ]
[24-10-31 15:18:49] 55    -12533.61 [    24807.4    2989.7   80971.0    7006.0   18231.6 ]
[24-10-31 15:18:49] 56    -12525.75 [    24807.4    2989.7   80971.0    6999.1   18231.6 ]
[24-10-31 15:18:49] 57    -12513.04 [    24807.4    2989.7   80971.0    6988.0   18231.6 ]
[24-10-31 15:18:50] 58    -12492.45 [    24807.4    2989.7   80971.0    6970.1   18231.6 ]
[24-10-31 15:18:50] 59    -12459.12 [    24807.4    2989.7   80971.0    6941.0   18231.6 ]
[24-10-31 15:18:51] 60    -12405.12 [    24807.4    2989.7   80971.0    6894.0   18231.6 ]
[24-10-31 15:18:51] 61    -12317.58 [    24807.4    2989.7   80971.0    6818.0   18231.6 ]
[24-10-31 15:18:51] 62    -12175.61 [    24807.4    2989.7   80971.0    6695.0   18231.6 ]
[24-10-31 15:18:52] 63    -11945.39 [    24807.4    2989.7   80971.0    6496.0   18231.6 ]
[24-10-31 15:18:52] 64    -11573.57 [    24807.4    2989.7   80971.0    6174.0   18231.6 ]
[24-10-31 15:18:53] 67    -33336.48 [    24807.4    2989.7   80971.0    1053.4   18231.6 ]
[24-10-31 15:18:53] 68     -9762.81 [    24807.4    2989.7   80971.0    3613.7   18231.6 ]
[24-10-31 15:18:53] 69    -10067.62 [    24807.4    2989.7   80971.0    4711.2   18231.6 ]
[24-10-31 15:18:54] 70     -9731.66 [    24807.4    2989.7   80971.0    3689.5   18231.6 ]
[24-10-31 15:18:54] 71      -9701.0 [    24807.4    2989.7   80971.0    3956.4   18231.6 ]
[24-10-31 15:18:54] 72     -9777.74 [    24807.4    2989.7   80971.0    4244.7   18231.6 ]
[24-10-31 15:18:55] 73     -9698.27 [    24807.4    2989.7   80971.0    3889.5   18231.6 ]
[24-10-31 15:18:55] 74     -9699.24 [    24807.4    2989.7   80971.0    3858.2   18231.6 ]
[24-10-31 15:18:56] 75     -9698.75 [    24807.4    2989.7   80971.0    3920.7   18231.6 ]
[24-10-31 15:18:56] 76     -9698.27 [    24807.4    2989.7   80971.0    3889.5   18231.6 ]
[24-10-31 15:18:56] 77     -9697.92 [    24807.4    2989.7   80971.0    3889.5   18232.6 ]
[24-10-31 15:18:57] 78     -9697.37 [    24807.4    2989.7   80971.0    3889.5   18234.2 ]
[24-10-31 15:18:57] 79     -9637.21 [    24807.4    2989.7   80971.0    3889.5   18410.6 ]
[24-10-31 15:18:58] 80     -8194.23 [    24807.4    2989.7   80971.0    3889.5   24883.5 ]
[24-10-31 15:18:58] 81     -7258.51 [    24807.4    2989.7   80971.0    3889.5   35356.9 ]
[24-10-31 15:18:58] 82     -7235.79 [    24807.4    2989.7   80971.0    3889.5   35787.2 ]
[24-10-31 15:18:59] 83     -7200.64 [    24807.4    2989.7   80971.0    3889.5   36483.4 ]
[24-10-31 15:18:59] 84     -6802.91 [    24807.4    2989.7   80971.0    3889.5   48523.0 ]
[24-10-31 15:18:59] 87      -6918.8 [    24807.4    2989.7   80971.0    3889.5   43924.3 ]
[24-10-31 15:19:00] 88     -6856.76 [    24807.4    2989.7   80971.0    3889.5   46223.6 ]
[24-10-31 15:19:00] 90     -6779.91 [    24807.4    2989.7   80971.0    3889.5   49608.6 ]
[24-10-31 15:19:01] 92     -6788.53 [    24807.4    2989.7   80971.0    3889.5   49193.9 ]
[24-10-31 15:19:01] 93     -6773.53 [    24807.4    2989.7   80971.0    3889.5   49922.4 ]
[24-10-31 15:19:01] 95     -6773.53 [    24807.4    2989.7   80971.0    3889.5   49922.4 ]
[24-10-31 15:19:02] 96     -6773.57 [    24808.4    2989.7   80971.0    3889.5   49922.4 ]
[24-10-31 15:19:02] 97     -6773.48 [    24805.8    2989.7   80971.0    3889.5   49922.4 ]
[24-10-31 15:19:02] 98     -6767.24 [    24629.4    2989.7   80971.0    3889.5   49922.4 ]
[24-10-31 15:19:03] 99    -11694.11 [     5405.5    2989.7   80971.0    3889.5   49922.4 ]
[24-10-31 15:19:03] 100    -6555.66 [    17286.5    2989.7   80971.0    3889.5   49922.4 ]
[24-10-31 15:19:04] 101    -6677.12 [    12748.4    2989.7   80971.0    3889.5   49922.4 ]
[24-10-31 15:19:04] 102    -6564.17 [    17878.1    2989.7   80971.0    3889.5   49922.4 ]
[24-10-31 15:19:04] 103    -6550.43 [    16685.7    2989.7   80971.0    3889.5   49922.4 ]
[24-10-31 15:19:05] 104     -6557.9 [    15181.8    2989.7   80971.0    3889.5   49922.4 ]
[24-10-31 15:19:05] 105    -6549.24 [    16316.1    2989.7   80971.0    3889.5   49922.4 ]
[24-10-31 15:19:06] 106    -6549.22 [    16217.8    2989.7   80971.0    3889.5   49922.4 ]
[24-10-31 15:19:06] 107    -6549.31 [    16132.0    2989.7   80971.0    3889.5   49922.4 ]
[24-10-31 15:19:06] 108    -6549.22 [    16217.8    2989.7   80971.0    3889.5   49922.4 ]
[24-10-31 15:19:07] 109    -6549.17 [    16217.8    2990.7   80971.0    3889.5   49922.4 ]
[24-10-31 15:19:07] 110     -6549.1 [    16217.8    2992.3   80971.0    3889.5   49922.4 ]
[24-10-31 15:19:07] 111    -6548.76 [    16217.8    3008.7   80971.0    3889.5   49922.4 ]
[24-10-31 15:19:08] 112    -6549.58 [    16217.8    3035.1   80971.0    3889.5   49922.4 ]
[24-10-31 15:19:08] 113    -6548.88 [    16217.8    3018.8   80971.0    3889.5   49922.4 ]
[24-10-31 15:19:09] 114    -6548.81 [    16217.8    3002.4   80971.0    3889.5   49922.4 ]
[24-10-31 15:19:09] 115    -6548.76 [    16217.8    3009.0   80971.0    3889.5   49922.4 ]
[24-10-31 15:19:09] 116    -6548.76 [    16217.8    3009.2   80971.0    3889.5   49922.4 ]
[24-10-31 15:19:10] 117    -6548.76 [    16217.8    3009.0   80971.0    3889.5   49922.4 ]
[24-10-31 15:19:10] 118    -6548.79 [    16217.8    3009.0   80972.0    3889.5   49922.4 ]
[24-10-31 15:19:11] 119    -6548.71 [    16217.8    3009.0   80969.4    3889.5   49922.4 ]
[24-10-31 15:19:11] 120    -6543.92 [    16217.8    3009.0   80793.0    3889.5   49922.4 ]
[24-10-31 15:19:12] 121    -6539.51 [    16217.8    3009.0   80398.5    3889.5   49922.4 ]
[24-10-31 15:19:12] 122     -6550.6 [    16217.8    3009.0   79760.2    3889.5   49922.4 ]
[24-10-31 15:19:13] 123     -6541.1 [    16217.8    3009.0   80154.7    3889.5   49922.4 ]
[24-10-31 15:19:13] 124    -6540.17 [    16217.8    3009.0   80549.2    3889.5   49922.4 ]
[24-10-31 15:19:13] 125    -6539.51 [    16217.8    3009.0   80392.8    3889.5   49922.4 ]
[24-10-31 15:19:14] 126    -6539.51 [    16217.8    3009.0   80387.0    3889.5   49922.4 ]
[24-10-31 15:19:14] 127    -6539.51 [    16217.8    3009.0   80392.8    3889.5   49922.4 ]
[24-10-31 15:19:15] 128    -6539.01 [    16217.8    3009.0   80392.8    3890.5   49922.4 ]
[24-10-31 15:19:15] 129     -6538.2 [    16217.8    3009.0   80392.8    3892.1   49922.4 ]
[24-10-31 15:19:16] 130    -6474.39 [    16217.8    3009.0   80392.8    4068.5   49922.4 ]
[24-10-31 15:19:16] 131    -6453.99 [    16217.8    3009.0   80392.8    4214.8   49922.4 ]
[24-10-31 15:19:17] 132    -6472.47 [    16217.8    3009.0   80392.8    4451.7   49922.4 ]
[24-10-31 15:19:17] 133    -6454.15 [    16217.8    3009.0   80392.8    4305.3   49922.4 ]
[24-10-31 15:19:18] 134    -6458.61 [    16217.8    3009.0   80392.8    4158.9   49922.4 ]
[24-10-31 15:19:18] 135    -6452.93 [    16217.8    3009.0   80392.8    4258.5   49922.4 ]
[24-10-31 15:19:19] 136    -6452.94 [    16217.8    3009.0   80392.8    4254.9   49922.4 ]
[24-10-31 15:19:19] 137    -6452.94 [    16217.8    3009.0   80392.8    4262.2   49922.4 ]
[24-10-31 15:19:19] 138    -6452.93 [    16217.8    3009.0   80392.8    4258.5   49922.4 ]
[24-10-31 15:19:20] 139    -6452.91 [    16217.8    3009.0   80392.8    4258.5   49923.4 ]
[24-10-31 15:19:20] 140    -6452.89 [    16217.8    3009.0   80392.8    4258.5   49925.0 ]
[24-10-31 15:19:21] 142    -6451.85 [    16217.8    3009.0   80392.8    4258.5   49992.4 ]
[24-10-31 15:19:21] 144    -6452.37 [    16217.8    3009.0   80392.8    4258.5   49958.7 ]
[24-10-31 15:19:22] 146    -6452.05 [    16217.8    3009.0   80392.8    4258.5   49979.5 ]
[24-10-31 15:19:22] 147    -6451.76 [    16217.8    3009.0   80392.8    4258.5   49998.4 ]
[24-10-31 15:19:23] 149    -6451.79 [    16217.8    3009.0   80392.8    4258.5   49996.1 ]
[24-10-31 15:19:23] 150    -6451.73 [    16217.8    3009.0   80392.8    4258.5   49999.9 ]
[24-10-31 15:19:24] 153    -6451.73 [    16217.8    3009.0   80392.8    4258.5   49999.9 ]
[24-10-31 15:19:24] 154    -6451.74 [    16218.8    3009.0   80392.8    4258.5   49999.9 ]
[24-10-31 15:19:25] 155    -6451.72 [    16216.2    3009.0   80392.8    4258.5   49999.9 ]
[24-10-31 15:19:25] 156    -6450.71 [    16039.9    3009.0   80392.8    4258.5   49999.9 ]
[24-10-31 15:19:25] 157    -6449.99 [    15689.4    3009.0   80392.8    4258.5   49999.9 ]
[24-10-31 15:19:26] 158    -6452.92 [    15122.4    3009.0   80392.8    4258.5   49999.9 ]
[24-10-31 15:19:26] 159    -6450.47 [    15472.9    3009.0   80392.8    4258.5   49999.9 ]
[24-10-31 15:19:27] 160    -6450.06 [    15823.3    3009.0   80392.8    4258.5   49999.9 ]
[24-10-31 15:19:27] 161    -6449.98 [    15724.5    3009.0   80392.8    4258.5   49999.9 ]
[24-10-31 15:19:28] 162    -6449.98 [    15719.6    3009.0   80392.8    4258.5   49999.9 ]
[24-10-31 15:19:28] 163    -6449.98 [    15729.4    3009.0   80392.8    4258.5   49999.9 ]
[24-10-31 15:19:29] 164    -6449.98 [    15724.5    3009.0   80392.8    4258.5   49999.9 ]
[24-10-31 15:19:29] 165    -6449.97 [    15724.5    3010.0   80392.8    4258.5   49999.9 ]
[24-10-31 15:19:30] 166    -6449.96 [    15724.5    3011.6   80392.8    4258.5   49999.9 ]
[24-10-31 15:19:30] 167    -6449.95 [    15724.5    3013.6   80392.8    4258.5   49999.9 ]
[24-10-31 15:19:31] 168    -6449.97 [    15724.5    3016.9   80392.8    4258.5   49999.9 ]
[24-10-31 15:19:31] 169    -6449.96 [    15724.5    3014.8   80392.8    4258.5   49999.9 ]
[24-10-31 15:19:31] 170    -6449.96 [    15724.5    3012.8   80392.8    4258.5   49999.9 ]
[24-10-31 15:19:32] 171    -6449.95 [    15724.5    3013.6   80392.8    4258.5   49999.9 ]
[24-10-31 15:19:32] 172    -6449.95 [    15724.5    3013.6   80392.8    4258.5   49999.9 ]
[24-10-31 15:19:33] 173    -6449.95 [    15724.5    3013.6   80392.8    4258.5   49999.9 ]
[24-10-31 15:19:33] 174    -6449.96 [    15724.5    3013.6   80393.8    4258.5   49999.9 ]
[24-10-31 15:19:34] 175    -6449.94 [    15724.5    3013.6   80391.2    4258.5   49999.9 ]
[24-10-31 15:19:34] 176    -6449.25 [    15724.5    3013.6   80233.4    4258.5   49999.9 ]
[24-10-31 15:19:35] 177    -6451.04 [    15724.5    3013.6   79978.2    4258.5   49999.9 ]
[24-10-31 15:19:35] 178    -6449.51 [    15724.5    3013.6   80135.9    4258.5   49999.9 ]
[24-10-31 15:19:36] 179    -6449.35 [    15724.5    3013.6   80293.7    4258.5   49999.9 ]
[24-10-31 15:19:36] 180    -6449.25 [    15724.5    3013.6   80231.8    4258.5   49999.9 ]
[24-10-31 15:19:36] 181    -6449.25 [    15724.5    3013.6   80235.0    4258.5   49999.9 ]
[24-10-31 15:19:37] 182    -6449.25 [    15724.5    3013.6   80233.4    4258.5   49999.9 ]
[24-10-31 15:19:37] 183    -6449.25 [    15724.5    3013.6   80233.4    4259.5   49999.9 ]
[24-10-31 15:19:38] 184    -6449.25 [    15724.5    3013.6   80233.4    4261.2   49999.9 ]
[24-10-31 15:19:38] 185    -6449.25 [    15724.5    3013.6   80233.4    4260.2   49999.9 ]
[24-10-31 15:19:39] 186    -6449.25 [    15724.5    3013.6   80233.4    4260.5   49999.9 ]
[24-10-31 15:19:39] 187    -6449.25 [    15724.5    3013.6   80233.4    4260.3   49999.9 ]
[24-10-31 15:19:39] 188    -6449.25 [    15724.5    3013.6   80233.4    4260.3   49999.9 ]
[24-10-31 15:19:40] 189    -6449.25 [    15724.5    3013.6   80233.4    4260.3   49999.9 ]
[24-10-31 15:19:40] 190    -6449.25 [    15724.5    3013.6   80233.4    4260.3   49999.9 ]
[24-10-31 15:19:41] 192    -6449.27 [    15724.5    3013.6   80233.4    4260.3   49998.3 ]
[24-10-31 15:19:41] 193    -6449.26 [    15724.5    3013.6   80233.4    4260.3   49999.3 ]
[24-10-31 15:19:42] 195    -6449.25 [    15724.5    3013.6   80233.4    4260.3   49999.6 ]
[24-10-31 15:19:42] 197    -6449.25 [    15724.5    3013.6   80233.4    4260.3   49999.8 ]
[24-10-31 15:19:43] 198    -6449.25 [    15724.5    3013.6   80233.4    4260.3   49999.9 ]
[24-10-31 15:19:43] 199    -6449.25 [    15724.5    3013.6   80233.4    4260.3   50000.0 ]
[24-10-31 15:19:44] 200    -6449.25 [    15724.5    3013.6   80233.4    4260.3   50000.0 ]
[24-10-31 15:19:44] 201    -6449.25 [    15724.5    3013.6   80233.4    4260.3   50000.0 ]
[24-10-31 15:19:45] 203    -6449.25 [    15724.5    3013.6   80233.4    4260.3   50000.0 ]
[24-10-31 15:19:45] 205    -6449.25 [    15724.5    3013.6   80233.4    4260.3   50000.0 ]
[24-10-31 15:19:46] 208    -6449.25 [    15724.5    3013.6   80233.4    4260.3   50000.0 ]
[24-10-31 15:19:46] 209    -6449.25 [    15725.5    3013.6   80233.4    4260.3   50000.0 ]
[24-10-31 15:19:46] 210    -6449.24 [    15722.9    3013.6   80233.4    4260.3   50000.0 ]
[24-10-31 15:19:47] 211    -6449.16 [    15614.5    3013.6   80233.4    4260.3   50000.0 ]
[24-10-31 15:19:47] 212    -6449.41 [    15439.0    3013.6   80233.4    4260.3   50000.0 ]
[24-10-31 15:19:48] 213    -6449.19 [    15547.4    3013.6   80233.4    4260.3   50000.0 ]
[24-10-31 15:19:48] 214    -6449.17 [    15655.9    3013.6   80233.4    4260.3   50000.0 ]
[24-10-31 15:19:49] 215    -6449.16 [    15616.7    3013.6   80233.4    4260.3   50000.0 ]
[24-10-31 15:19:49] 216    -6449.16 [    15617.8    3013.6   80233.4    4260.3   50000.0 ]
[24-10-31 15:19:50] 217    -6449.16 [    15615.6    3013.6   80233.4    4260.3   50000.0 ]
[24-10-31 15:19:50] 218    -6449.16 [    15616.7    3013.6   80233.4    4260.3   50000.0 ]
[24-10-31 15:19:50] 219    -6449.11 [    15616.7    3014.6   80233.4    4260.3   50000.0 ]
[24-10-31 15:19:50] 220    -6449.04 [    15616.7    3016.2   80233.4    4260.3   50000.0 ]
[24-10-31 15:19:51] 221     -6448.7 [    15616.7    3032.2   80233.4    4260.3   50000.0 ]
[24-10-31 15:19:51] 222    -6449.52 [    15616.7    3058.1   80233.4    4260.3   50000.0 ]
[24-10-31 15:19:52] 223    -6448.81 [    15616.7    3042.1   80233.4    4260.3   50000.0 ]
[24-10-31 15:19:52] 224    -6448.75 [    15616.7    3026.1   80233.4    4260.3   50000.0 ]
[24-10-31 15:19:53] 225     -6448.7 [    15616.7    3032.5   80233.4    4260.3   50000.0 ]
[24-10-31 15:19:53] 226     -6448.7 [    15616.7    3032.7   80233.4    4260.3   50000.0 ]
[24-10-31 15:19:54] 227     -6448.7 [    15616.7    3032.5   80233.4    4260.3   50000.0 ]
[24-10-31 15:19:54] 228     -6448.7 [    15616.7    3032.5   80234.4    4260.3   50000.0 ]
[24-10-31 15:19:54] 229    -6448.68 [    15616.7    3032.5   80231.8    4260.3   50000.0 ]
[24-10-31 15:19:55] 230    -6448.06 [    15616.7    3032.5   80080.5    4260.3   50000.0 ]
[24-10-31 15:19:55] 231    -6449.68 [    15616.7    3032.5   79835.6    4260.3   50000.0 ]
[24-10-31 15:19:56] 232    -6448.29 [    15616.7    3032.5   79987.0    4260.3   50000.0 ]
[24-10-31 15:19:56] 233    -6448.15 [    15616.7    3032.5   80138.3    4260.3   50000.0 ]
[24-10-31 15:19:57] 234    -6448.06 [    15616.7    3032.5   80079.0    4260.3   50000.0 ]
[24-10-31 15:19:57] 235    -6448.06 [    15616.7    3032.5   80082.0    4260.3   50000.0 ]
[24-10-31 15:19:58] 236    -6448.06 [    15616.7    3032.5   80080.5    4260.3   50000.0 ]
[24-10-31 15:19:58] 237    -6448.06 [    15616.7    3032.5   80080.5    4261.3   50000.0 ]
[24-10-31 15:19:59] 238    -6448.05 [    15616.7    3032.5   80080.5    4258.7   50000.0 ]
[24-10-31 15:19:59] 239    -6448.04 [    15616.7    3032.5   80080.5    4254.7   50000.0 ]
[24-10-31 15:19:59] 240    -6448.06 [    15616.7    3032.5   80080.5    4248.3   50000.0 ]
[24-10-31 15:20:00] 241    -6448.04 [    15616.7    3032.5   80080.5    4252.3   50000.0 ]
[24-10-31 15:20:00] 242    -6448.04 [    15616.7    3032.5   80080.5    4256.2   50000.0 ]
[24-10-31 15:20:01] 243    -6448.04 [    15616.7    3032.5   80080.5    4254.8   50000.0 ]
[24-10-31 15:20:01] 244    -6448.04 [    15616.7    3032.5   80080.5    4254.7   50000.0 ]
[24-10-31 15:20:02] 245    -6448.04 [    15616.7    3032.5   80080.5    4254.7   50000.0 ]
[24-10-31 15:20:02] 247    -6448.06 [    15616.7    3032.5   80080.5    4254.7   49998.4 ]
[24-10-31 15:20:03] 248    -6448.05 [    15616.7    3032.5   80080.5    4254.7   49999.4 ]
[24-10-31 15:20:03] 250    -6448.04 [    15616.7    3032.5   80080.5    4254.7   49999.7 ]
[24-10-31 15:20:04] 252    -6448.04 [    15616.7    3032.5   80080.5    4254.7   49999.9 ]
[24-10-31 15:20:04] 254    -6448.04 [    15616.7    3032.5   80080.5    4254.7   50000.0 ]
[24-10-31 15:20:04] 256    -6448.04 [    15616.7    3032.5   80080.5    4254.7   50000.0 ]
[24-10-31 15:20:05] 258    -6448.04 [    15616.7    3032.5   80080.5    4254.7   50000.0 ]
[24-10-31 15:20:05] 260    -6448.04 [    15616.7    3032.5   80080.5    4254.7   50000.0 ]
[24-10-31 15:20:06] 262    -6448.04 [    15616.7    3032.5   80080.5    4254.7   50000.0 ]
[24-10-31 15:20:06] 264    -6448.04 [    15616.7    3032.5   80080.5    4254.7   50000.0 ]
[24-10-31 15:20:07] 266    -6448.04 [    15616.7    3032.5   80080.5    4254.7   50000.0 ]
[24-10-31 15:20:07] 267    -6448.04 [    15616.7    3032.5   80080.5    4254.7   50000.0 ]
[24-10-31 15:20:08] 268    -6448.04 [    15616.7    3032.5   80080.5    4254.7   50000.0 ]
[24-10-31 15:20:08] 269    -6448.04 [    15616.7    3032.5   80080.5    4254.7   50000.0 ]
[24-10-31 15:20:08] 270    -6448.04 [    15616.7    3032.5   80080.5    4254.7   50000.0 ]
[24-10-31 15:20:09] 272    -6448.04 [    15616.7    3032.5   80080.5    4254.7   50000.0 ]
[24-10-31 15:20:09] 274    -6448.04 [    15616.7    3032.5   80080.5    4254.7   50000.0 ]
[24-10-31 15:20:10] 277    -6448.04 [    15616.7    3032.5   80080.5    4254.7   50000.0 ]
[24-10-31 15:20:10] 278    -6448.04 [    15617.7    3032.5   80080.5    4254.7   50000.0 ]
[24-10-31 15:20:11] 279    -6448.04 [    15615.1    3032.5   80080.5    4254.7   50000.0 ]
[24-10-31 15:20:11] 280    -6448.04 [    15598.5    3032.5   80080.5    4254.7   50000.0 ]
[24-10-31 15:20:12] 281    -6448.04 [    15571.7    3032.5   80080.5    4254.7   50000.0 ]
[24-10-31 15:20:12] 282    -6448.04 [    15588.3    3032.5   80080.5    4254.7   50000.0 ]
[24-10-31 15:20:13] 283    -6448.04 [    15604.8    3032.5   80080.5    4254.7   50000.0 ]
[24-10-31 15:20:13] 284    -6448.04 [    15598.7    3032.5   80080.5    4254.7   50000.0 ]
[24-10-31 15:20:13] 285    -6448.04 [    15598.3    3032.5   80080.5    4254.7   50000.0 ]
[24-10-31 15:20:14] 286    -6448.04 [    15598.5    3032.5   80080.5    4254.7   50000.0 ]
[24-10-31 15:20:14] 287    -6447.98 [    15598.5    3033.5   80080.5    4254.7   50000.0 ]
[24-10-31 15:20:15] 288     -6447.9 [    15598.5    3035.1   80080.5    4254.7   50000.0 ]
[24-10-31 15:20:15] 289    -6447.41 [    15598.5    3054.3   80080.5    4254.7   50000.0 ]
[24-10-31 15:20:16] 290    -6448.57 [    15598.5    3085.3   80080.5    4254.7   50000.0 ]
[24-10-31 15:20:16] 291    -6447.57 [    15598.5    3066.1   80080.5    4254.7   50000.0 ]
[24-10-31 15:20:17] 292    -6447.49 [    15598.5    3047.0   80080.5    4254.7   50000.0 ]
[24-10-31 15:20:17] 293    -6447.41 [    15598.5    3054.7   80080.5    4254.7   50000.0 ]
[24-10-31 15:20:17] 294    -6447.41 [    15598.5    3054.9   80080.5    4254.7   50000.0 ]
[24-10-31 15:20:18] 295    -6447.41 [    15598.5    3054.7   80080.5    4254.7   50000.0 ]
[24-10-31 15:20:18] 296    -6447.42 [    15598.5    3054.7   80081.5    4254.7   50000.0 ]
[24-10-31 15:20:19] 297     -6447.4 [    15598.5    3054.7   80078.9    4254.7   50000.0 ]
[24-10-31 15:20:19] 298    -6446.78 [    15598.5    3054.7   79927.4    4254.7   50000.0 ]
[24-10-31 15:20:20] 299    -6448.38 [    15598.5    3054.7   79682.3    4254.7   50000.0 ]
[24-10-31 15:20:20] 300    -6447.01 [    15598.5    3054.7   79833.8    4254.7   50000.0 ]
[24-10-31 15:20:21] 301    -6446.87 [    15598.5    3054.7   79985.3    4254.7   50000.0 ]
[24-10-31 15:20:21] 302    -6446.78 [    15598.5    3054.7   79925.9    4254.7   50000.0 ]
[24-10-31 15:20:21] 303    -6446.78 [    15598.5    3054.7   79928.9    4254.7   50000.0 ]
[24-10-31 15:20:22] 304    -6446.78 [    15598.5    3054.7   79927.4    4254.7   50000.0 ]
[24-10-31 15:20:22] 305    -6446.79 [    15598.5    3054.7   79927.4    4255.7   50000.0 ]
[24-10-31 15:20:22] 306    -6446.77 [    15598.5    3054.7   79927.4    4253.1   50000.0 ]
[24-10-31 15:20:22] 307    -6446.75 [    15598.5    3054.7   79927.4    4247.4   50000.0 ]
[24-10-31 15:20:23] 308     -6446.8 [    15598.5    3054.7   79927.4    4238.2   50000.0 ]
[24-10-31 15:20:23] 309    -6446.76 [    15598.5    3054.7   79927.4    4243.9   50000.0 ]
[24-10-31 15:20:23] 310    -6446.75 [    15598.5    3054.7   79927.4    4249.6   50000.0 ]
[24-10-31 15:20:23] 311    -6446.75 [    15598.5    3054.7   79927.4    4247.5   50000.0 ]
[24-10-31 15:20:23] 312    -6446.75 [    15598.5    3054.7   79927.4    4247.3   50000.0 ]
[24-10-31 15:20:24] 313    -6446.75 [    15598.5    3054.7   79927.4    4247.4   50000.0 ]
[24-10-31 15:20:24] 315    -6446.77 [    15598.5    3054.7   79927.4    4247.4   49998.4 ]
[24-10-31 15:20:24] 316    -6446.76 [    15598.5    3054.7   79927.4    4247.4   49999.4 ]
[24-10-31 15:20:24] 318    -6446.75 [    15598.5    3054.7   79927.4    4247.4   49999.7 ]
[24-10-31 15:20:25] 320    -6446.75 [    15598.5    3054.7   79927.4    4247.4   49999.9 ]
[24-10-31 15:20:25] 322    -6446.75 [    15598.5    3054.7   79927.4    4247.4   50000.0 ]
[24-10-31 15:20:25] 324    -6446.75 [    15598.5    3054.7   79927.4    4247.4   50000.0 ]
[24-10-31 15:20:25] 326    -6446.75 [    15598.5    3054.7   79927.4    4247.4   50000.0 ]
[24-10-31 15:20:25] 328    -6446.75 [    15598.5    3054.7   79927.4    4247.4   50000.0 ]
[24-10-31 15:20:26] 330    -6446.75 [    15598.5    3054.7   79927.4    4247.4   50000.0 ]
[24-10-31 15:20:26] 332    -6446.75 [    15598.5    3054.7   79927.4    4247.4   50000.0 ]
[24-10-31 15:20:26] 334    -6446.75 [    15598.5    3054.7   79927.4    4247.4   50000.0 ]
[24-10-31 15:20:27] 336    -6446.75 [    15598.5    3054.7   79927.4    4247.4   50000.0 ]
[24-10-31 15:20:27] 338    -6446.75 [    15598.5    3054.7   79927.4    4247.4   50000.0 ]
[24-10-31 15:20:27] 340    -6446.75 [    15598.5    3054.7   79927.4    4247.4   50000.0 ]
[24-10-31 15:20:28] 342    -6446.75 [    15598.5    3054.7   79927.4    4247.4   50000.0 ]
[24-10-31 15:20:28] 344    -6446.75 [    15598.5    3054.7   79927.4    4247.4   50000.0 ]
[24-10-31 15:20:29] 345    -6446.75 [    15598.5    3054.7   79927.4    4247.4   50000.0 ]
[24-10-31 15:20:29] 346    -6446.75 [    15598.5    3054.7   79927.4    4247.4   50000.0 ]
[24-10-31 15:20:29] 348    -6446.75 [    15598.5    3054.7   79927.4    4247.4   50000.0 ]
[24-10-31 15:20:30] 349    -6446.75 [    15598.5    3054.7   79927.4    4247.4   50000.0 ]
[24-10-31 15:20:30] 350    -6446.75 [    15598.5    3054.7   79927.4    4247.4   50000.0 ]
[24-10-31 15:20:31] 352    -6446.75 [    15598.5    3054.7   79927.4    4247.4   50000.0 ]
[24-10-31 15:20:31] 355    -6446.75 [    15598.5    3054.7   79927.4    4247.4   50000.0 ]
[24-10-31 15:20:32] 356    -6446.75 [    15599.5    3054.7   79927.4    4247.4   50000.0 ]
[24-10-31 15:20:32] 357    -6446.75 [    15601.1    3054.7   79927.4    4247.4   50000.0 ]
[24-10-31 15:20:32] 358    -6446.75 [    15600.1    3054.7   79927.4    4247.4   50000.0 ]
[24-10-31 15:20:33] 359    -6446.75 [    15599.1    3054.7   79927.4    4247.4   50000.0 ]
[24-10-31 15:20:33] 360    -6446.75 [    15599.4    3054.7   79927.4    4247.4   50000.0 ]
[24-10-31 15:20:34] 361    -6446.75 [    15599.4    3054.7   79927.4    4247.4   50000.0 ]
[24-10-31 15:20:34] 362    -6446.75 [    15599.4    3054.7   79927.4    4247.4   50000.0 ]
[24-10-31 15:20:34] 363    -6446.75 [    15599.4    3054.7   79927.4    4247.4   50000.0 ]
[24-10-31 15:20:35] 364    -6446.69 [    15599.4    3055.7   79927.4    4247.4   50000.0 ]
[24-10-31 15:20:35] 365    -6446.61 [    15599.4    3057.3   79927.4    4247.4   50000.0 ]
[24-10-31 15:20:36] 366    -6446.08 [    15599.4    3077.4   79927.4    4247.4   50000.0 ]
[24-10-31 15:20:36] 367    -6447.33 [    15599.4    3109.8   79927.4    4247.4   50000.0 ]
[24-10-31 15:20:37] 368    -6446.26 [    15599.4    3089.8   79927.4    4247.4   50000.0 ]
[24-10-31 15:20:37] 369    -6446.16 [    15599.4    3069.7   79927.4    4247.4   50000.0 ]
[24-10-31 15:20:37] 370    -6446.08 [    15599.4    3077.8   79927.4    4247.4   50000.0 ]
[24-10-31 15:20:38] 371    -6446.08 [    15599.4    3078.0   79927.4    4247.4   50000.0 ]
[24-10-31 15:20:38] 372    -6446.08 [    15599.4    3077.8   79927.4    4247.4   50000.0 ]
[24-10-31 15:20:39] 373    -6446.09 [    15599.4    3077.8   79928.4    4247.4   50000.0 ]
[24-10-31 15:20:39] 374    -6446.07 [    15599.4    3077.8   79925.8    4247.4   50000.0 ]
[24-10-31 15:20:40] 375    -6445.44 [    15599.4    3077.8   79772.7    4247.4   50000.0 ]
[24-10-31 15:20:40] 376    -6447.06 [    15599.4    3077.8   79524.9    4247.4   50000.0 ]
[24-10-31 15:20:40] 377    -6445.68 [    15599.4    3077.8   79678.0    4247.4   50000.0 ]
[24-10-31 15:20:41] 378    -6445.54 [    15599.4    3077.8   79831.1    4247.4   50000.0 ]
[24-10-31 15:20:41] 379    -6445.44 [    15599.4    3077.8   79771.1    4247.4   50000.0 ]
[24-10-31 15:20:42] 380    -6445.44 [    15599.4    3077.8   79774.2    4247.4   50000.0 ]
[24-10-31 15:20:42] 381    -6445.44 [    15599.4    3077.8   79772.7    4247.4   50000.0 ]
[24-10-31 15:20:43] 382    -6445.45 [    15599.4    3077.8   79772.7    4248.4   50000.0 ]
[24-10-31 15:20:43] 383    -6445.43 [    15599.4    3077.8   79772.7    4245.8   50000.0 ]
[24-10-31 15:20:43] 384    -6445.41 [    15599.4    3077.8   79772.7    4239.7   50000.0 ]
[24-10-31 15:20:44] 385    -6445.47 [    15599.4    3077.8   79772.7    4229.7   50000.0 ]
[24-10-31 15:20:44] 386    -6445.42 [    15599.4    3077.8   79772.7    4235.9   50000.0 ]
[24-10-31 15:20:45] 387    -6445.41 [    15599.4    3077.8   79772.7    4242.0   50000.0 ]
[24-10-31 15:20:45] 388    -6445.41 [    15599.4    3077.8   79772.7    4239.7   50000.0 ]
[24-10-31 15:20:45] 389    -6445.41 [    15599.4    3077.8   79772.7    4239.6   50000.0 ]
[24-10-31 15:20:46] 390    -6445.41 [    15599.4    3077.8   79772.7    4239.7   50000.0 ]
[24-10-31 15:20:46] 392    -6445.43 [    15599.4    3077.8   79772.7    4239.7   49998.4 ]
[24-10-31 15:20:47] 393    -6445.42 [    15599.4    3077.8   79772.7    4239.7   49999.4 ]
[24-10-31 15:20:47] 395    -6445.42 [    15599.4    3077.8   79772.7    4239.7   49999.7 ]
[24-10-31 15:20:48] 397    -6445.41 [    15599.4    3077.8   79772.7    4239.7   49999.9 ]
[24-10-31 15:20:48] 399    -6445.41 [    15599.4    3077.8   79772.7    4239.7   50000.0 ]
[24-10-31 15:20:48] 401    -6445.41 [    15599.4    3077.8   79772.7    4239.7   50000.0 ]
[24-10-31 15:20:49] 403    -6445.41 [    15599.4    3077.8   79772.7    4239.7   50000.0 ]
[24-10-31 15:20:49] 405    -6445.41 [    15599.4    3077.8   79772.7    4239.7   50000.0 ]
[24-10-31 15:20:50] 407    -6445.41 [    15599.4    3077.8   79772.7    4239.7   50000.0 ]
[24-10-31 15:20:50] 409    -6445.41 [    15599.4    3077.8   79772.7    4239.7   50000.0 ]
[24-10-31 15:20:51] 411    -6445.41 [    15599.4    3077.8   79772.7    4239.7   50000.0 ]
[24-10-31 15:20:51] 413    -6445.41 [    15599.4    3077.8   79772.7    4239.7   50000.0 ]
[24-10-31 15:20:51] 415    -6445.41 [    15599.4    3077.8   79772.7    4239.7   50000.0 ]
[24-10-31 15:20:52] 417    -6445.41 [    15599.4    3077.8   79772.7    4239.7   50000.0 ]
[24-10-31 15:20:52] 419    -6445.41 [    15599.4    3077.8   79772.7    4239.7   50000.0 ]
[24-10-31 15:20:53] 421    -6445.41 [    15599.4    3077.8   79772.7    4239.7   50000.0 ]
[24-10-31 15:20:53] 423    -6445.41 [    15599.4    3077.8   79772.7    4239.7   50000.0 ]
[24-10-31 15:20:53] 425    -6445.41 [    15599.4    3077.8   79772.7    4239.7   50000.0 ]
[24-10-31 15:20:54] 427    -6445.41 [    15599.4    3077.8   79772.7    4239.7   50000.0 ]
[24-10-31 15:20:54] 429    -6445.41 [    15599.4    3077.8   79772.7    4239.7   50000.0 ]
[24-10-31 15:20:55] 431    -6445.41 [    15599.4    3077.8   79772.7    4239.7   50000.0 ]
[24-10-31 15:20:55] 433    -6445.41 [    15599.4    3077.8   79772.7    4239.7   50000.0 ]
[24-10-31 15:20:56] 435    -6445.41 [    15599.4    3077.8   79772.7    4239.7   50000.0 ]
[24-10-31 15:20:56] 436    -6445.41 [    15599.4    3077.8   79772.7    4239.7   50000.0 ]
[24-10-31 15:20:56] 437    -6445.41 [    15599.4    3077.8   79772.7    4239.7   50000.0 ]
[24-10-31 15:20:57] 438    -6445.41 [    15599.4    3077.8   79772.7    4239.7   50000.0 ]
[24-10-31 15:20:57] 439    -6445.41 [    15599.4    3077.8   79772.7    4239.7   50000.0 ]
[24-10-31 15:20:58] 440    -6445.41 [    15599.4    3077.8   79772.7    4239.7   50000.0 ]
[24-10-31 15:20:58] 441    -6445.41 [    15599.4    3077.8   79772.7    4239.7   50000.0 ]
[24-10-31 15:20:59] 442    -6445.41 [    15599.4    3077.8   79772.7    4239.7   50000.0 ]
[24-10-31 15:20:59] 443    -6444.07 [    15600.2    3100.9   79617.9    4231.9   50000.0 ]
[24-10-31 15:20:59] 444    -6445.41 [    15599.4    3077.8   79772.7    4239.7   50000.0 ]
[24-10-31 15:21:00] 445    -6444.07 [    15600.2    3100.9   79617.9    4231.9   50000.0 ]
[24-10-31 15:21:00] 446    -6441.92 [    15601.6    3138.3   79367.5    4219.4   50000.0 ]
[24-10-31 15:21:01] 447    -6249.56 [    15754.8    7215.8   52076.1    2852.0   50000.0 ]
[24-10-31 15:21:01] 450    -6311.29 [    15696.3    5658.4   62500.5    3374.3   50000.0 ]
[24-10-31 15:21:02] 451    -6278.14 [    15725.6    6437.1   57288.3    3113.1   50000.0 ]
[24-10-31 15:21:02] 452    -6220.48 [    15794.3    8267.1   45039.3    2499.4   50000.0 ]
[24-10-31 15:21:03] 453    -6210.02 [    15818.7    8916.9   40690.3    2281.6   50000.0 ]
[24-10-31 15:21:03] 455    -6213.18 [    15809.4    8668.7   42351.5    2364.8   50000.0 ]
[24-10-31 15:21:03] 457     -6211.1 [    15815.2    8822.1   41324.9    2313.3   50000.0 ]
[24-10-31 15:21:04] 458    -6209.45 [    15820.9    8975.5   40298.2    2261.9   50000.0 ]
[24-10-31 15:21:04] 459    -6209.45 [    15820.9    8975.5   40298.2    2261.9   50000.0 ]
[24-10-31 15:21:05] 460    -6209.43 [    15821.9    8975.5   40298.2    2261.9   50000.0 ]
[24-10-31 15:21:05] 461    -6209.39 [    15823.5    8975.5   40298.2    2261.9   50000.0 ]
[24-10-31 15:21:06] 462    -6205.84 [    15999.9    8975.5   40298.2    2261.9   50000.0 ]
[24-10-31 15:21:06] 463    -6194.14 [    17097.1    8975.5   40298.2    2261.9   50000.0 ]
[24-10-31 15:21:07] 464    -6203.09 [    18872.5    8975.5   40298.2    2261.9   50000.0 ]
[24-10-31 15:21:07] 465    -6194.22 [    17775.2    8975.5   40298.2    2261.9   50000.0 ]
[24-10-31 15:21:08] 466    -6196.68 [    16678.0    8975.5   40298.2    2261.9   50000.0 ]
[24-10-31 15:21:08] 467    -6193.58 [    17425.4    8975.5   40298.2    2261.9   50000.0 ]
[24-10-31 15:21:09] 468    -6193.58 [    17409.3    8975.5   40298.2    2261.9   50000.0 ]
[24-10-31 15:21:09] 469    -6193.59 [    17441.4    8975.5   40298.2    2261.9   50000.0 ]
[24-10-31 15:21:09] 470    -6193.58 [    17425.4    8975.5   40298.2    2261.9   50000.0 ]
[24-10-31 15:21:10] 472    -6193.59 [    17425.4    8975.5   40298.2    2261.9   49998.4 ]
[24-10-31 15:21:10] 473    -6193.59 [    17425.4    8975.5   40298.2    2261.9   49999.4 ]
[24-10-31 15:21:11] 475    -6193.58 [    17425.4    8975.5   40298.2    2261.9   49999.7 ]
[24-10-31 15:21:11] 477    -6193.58 [    17425.4    8975.5   40298.2    2261.9   49999.9 ]
[24-10-31 15:21:12] 479    -6193.58 [    17425.4    8975.5   40298.2    2261.9   50000.0 ]
[24-10-31 15:21:12] 481    -6193.58 [    17425.4    8975.5   40298.2    2261.9   50000.0 ]
[24-10-31 15:21:13] 483    -6193.58 [    17425.4    8975.5   40298.2    2261.9   50000.0 ]
[24-10-31 15:21:13] 485    -6193.58 [    17425.4    8975.5   40298.2    2261.9   50000.0 ]
[24-10-31 15:21:14] 487    -6193.58 [    17425.4    8975.5   40298.2    2261.9   50000.0 ]
[24-10-31 15:21:14] 489    -6193.58 [    17425.4    8975.5   40298.2    2261.9   50000.0 ]
[24-10-31 15:21:15] 491    -6193.58 [    17425.4    8975.5   40298.2    2261.9   50000.0 ]
[24-10-31 15:21:15] 493    -6193.58 [    17425.4    8975.5   40298.2    2261.9   50000.0 ]
[24-10-31 15:21:15] 495    -6193.58 [    17425.4    8975.5   40298.2    2261.9   50000.0 ]
[24-10-31 15:21:16] 497    -6193.58 [    17425.4    8975.5   40298.2    2261.9   50000.0 ]
[24-10-31 15:21:16] 499    -6193.58 [    17425.4    8975.5   40298.2    2261.9   50000.0 ]
[24-10-31 15:21:17] 501    -6193.58 [    17425.4    8975.5   40298.2    2261.9   50000.0 ]
[24-10-31 15:21:17] 503    -6193.58 [    17425.4    8975.5   40298.2    2261.9   50000.0 ]
[24-10-31 15:21:18] 504    -6193.58 [    17425.4    8975.5   40298.2    2261.9   50000.0 ]
[24-10-31 15:21:18] 505    -6193.58 [    17425.4    8975.5   40298.2    2261.9   50000.0 ]
[24-10-31 15:21:19] 507    -6193.58 [    17425.4    8975.5   40298.2    2261.9   50000.0 ]
[24-10-31 15:21:19] 509    -6193.58 [    17425.4    8975.5   40298.2    2261.9   50000.0 ]
[24-10-31 15:21:20] 511    -6193.58 [    17425.4    8975.5   40298.2    2261.9   50000.0 ]
[24-10-31 15:21:20] 512    -6193.58 [    17425.4    8975.5   40298.2    2261.9   50000.0 ]
[24-10-31 15:21:21] 513    -6193.58 [    17425.4    8975.5   40298.2    2261.9   50000.0 ]
[24-10-31 15:21:21] 514    -6193.58 [    17425.4    8975.5   40298.2    2261.9   50000.0 ]
[24-10-31 15:21:22] 515    -6193.57 [    17425.4    8975.5   40299.2    2261.9   50000.0 ]
[24-10-31 15:21:22] 516    -6193.54 [    17425.4    8975.5   40300.8    2261.9   50000.0 ]
[24-10-31 15:21:23] 517    -6190.83 [    17425.4    8975.5   40477.2    2261.9   50000.0 ]
[24-10-31 15:21:23] 518    -6183.44 [    17425.4    8975.5   41517.1    2261.9   50000.0 ]
[24-10-31 15:21:24] 519    -6202.26 [    17425.4    8975.5   43199.7    2261.9   50000.0 ]
[24-10-31 15:21:24] 520    -6186.17 [    17425.4    8975.5   42159.8    2261.9   50000.0 ]
[24-10-31 15:21:24] 521    -6184.54 [    17425.4    8975.5   41119.9    2261.9   50000.0 ]
[24-10-31 15:21:25] 522    -6183.44 [    17425.4    8975.5   41529.3    2261.9   50000.0 ]
[24-10-31 15:21:25] 523    -6183.45 [    17425.4    8975.5   41541.6    2261.9   50000.0 ]
[24-10-31 15:21:26] 524    -6183.44 [    17425.4    8975.5   41529.3    2261.9   50000.0 ]
[24-10-31 15:21:26] 525    -6183.63 [    17425.4    8975.5   41529.3    2262.9   50000.0 ]
[24-10-31 15:21:27] 526    -6183.16 [    17425.4    8975.5   41529.3    2260.3   50000.0 ]
[24-10-31 15:21:27] 527    -6179.11 [    17425.4    8975.5   41529.3    2212.1   50000.0 ]
[24-10-31 15:21:28] 528    -6192.69 [    17425.4    8975.5   41529.3    2134.2   50000.0 ]
[24-10-31 15:21:28] 529     -6181.2 [    17425.4    8975.5   41529.3    2182.4   50000.0 ]
[24-10-31 15:21:29] 530     -6179.6 [    17425.4    8975.5   41529.3    2230.5   50000.0 ]
[24-10-31 15:21:29] 531     -6179.1 [    17425.4    8975.5   41529.3    2214.7   50000.0 ]
[24-10-31 15:21:30] 532     -6179.1 [    17425.4    8975.5   41529.3    2214.2   50000.0 ]
[24-10-31 15:21:30] 533     -6179.1 [    17425.4    8975.5   41529.3    2215.1   50000.0 ]
[24-10-31 15:21:30] 534     -6179.1 [    17425.4    8975.5   41529.3    2214.7   50000.0 ]
[24-10-31 15:21:31] 541    -6177.82 [    17426.9    9016.6   41254.3    2200.9   50000.0 ]
[24-10-31 15:21:31] 542    -6178.45 [    17426.2    8996.0   41391.8    2207.8   50000.0 ]
[24-10-31 15:21:32] 544    -6174.55 [    17431.0    9124.1   40534.4    2164.8   50000.0 ]
[24-10-31 15:21:32] 545    -6172.59 [    17433.5    9190.6   40089.5    2142.5   50000.0 ]
[24-10-31 15:21:33] 547    -6173.33 [    17432.5    9165.2   40259.4    2151.0   50000.0 ]
[24-10-31 15:21:33] 549    -6172.87 [    17433.1    9180.9   40154.4    2145.8   50000.0 ]
[24-10-31 15:21:34] 550    -6172.41 [    17433.7    9196.6   40049.3    2140.5   50000.0 ]
[24-10-31 15:21:34] 551    -6172.31 [    17433.8    9200.3   40024.5    2139.3   50000.0 ]
[24-10-31 15:21:34] 552    -6172.24 [    17433.9    9202.6   40009.2    2138.5   50000.0 ]
[24-10-31 15:21:35] 554    -6172.24 [    17433.9    9202.6   40009.2    2138.5   50000.0 ]
[24-10-31 15:21:35] 555    -6172.23 [    17434.9    9202.6   40009.2    2138.5   50000.0 ]
[24-10-31 15:21:36] 556    -6172.23 [    17436.5    9202.6   40009.2    2138.5   50000.0 ]
[24-10-31 15:21:36] 557    -6171.45 [    17612.9    9202.6   40009.2    2138.5   50000.0 ]
[24-10-31 15:21:37] 558    -6170.85 [    17933.6    9202.6   40009.2    2138.5   50000.0 ]
[24-10-31 15:21:37] 559     -6171.9 [    18452.6    9202.6   40009.2    2138.5   50000.0 ]
[24-10-31 15:21:38] 560    -6170.98 [    18131.9    9202.6   40009.2    2138.5   50000.0 ]
[24-10-31 15:21:38] 561    -6170.96 [    17811.1    9202.6   40009.2    2138.5   50000.0 ]
[24-10-31 15:21:39] 562    -6170.85 [    17967.1    9202.6   40009.2    2138.5   50000.0 ]
[24-10-31 15:21:39] 563    -6170.85 [    17961.7    9202.6   40009.2    2138.5   50000.0 ]
[24-10-31 15:21:40] 564    -6170.85 [    17972.4    9202.6   40009.2    2138.5   50000.0 ]
[24-10-31 15:21:40] 565    -6170.85 [    17967.1    9202.6   40009.2    2138.5   50000.0 ]
[24-10-31 15:21:40] 567    -6170.86 [    17967.1    9202.6   40009.2    2138.5   49998.4 ]
[24-10-31 15:21:41] 568    -6170.85 [    17967.1    9202.6   40009.2    2138.5   49999.4 ]
[24-10-31 15:21:41] 570    -6170.85 [    17967.1    9202.6   40009.2    2138.5   49999.7 ]
[24-10-31 15:21:42] 572    -6170.85 [    17967.1    9202.6   40009.2    2138.5   49999.9 ]
[24-10-31 15:21:42] 574    -6170.85 [    17967.1    9202.6   40009.2    2138.5   50000.0 ]
[24-10-31 15:21:43] 576    -6170.85 [    17967.1    9202.6   40009.2    2138.5   50000.0 ]
[24-10-31 15:21:43] 578    -6170.85 [    17967.1    9202.6   40009.2    2138.5   50000.0 ]
[24-10-31 15:21:44] 580    -6170.85 [    17967.1    9202.6   40009.2    2138.5   50000.0 ]
[24-10-31 15:21:44] 582    -6170.85 [    17967.1    9202.6   40009.2    2138.5   50000.0 ]
[24-10-31 15:21:45] 584    -6170.85 [    17967.1    9202.6   40009.2    2138.5   50000.0 ]
[24-10-31 15:21:45] 586    -6170.85 [    17967.1    9202.6   40009.2    2138.5   50000.0 ]
[24-10-31 15:21:45] 588    -6170.85 [    17967.1    9202.6   40009.2    2138.5   50000.0 ]
[24-10-31 15:21:46] 590    -6170.85 [    17967.1    9202.6   40009.2    2138.5   50000.0 ]
[24-10-31 15:21:46] 592    -6170.85 [    17967.1    9202.6   40009.2    2138.5   50000.0 ]
[24-10-31 15:21:47] 594    -6170.85 [    17967.1    9202.6   40009.2    2138.5   50000.0 ]
[24-10-31 15:21:47] 596    -6170.85 [    17967.1    9202.6   40009.2    2138.5   50000.0 ]
[24-10-31 15:21:48] 598    -6170.85 [    17967.1    9202.6   40009.2    2138.5   50000.0 ]
[24-10-31 15:21:48] 600    -6170.85 [    17967.1    9202.6   40009.2    2138.5   50000.0 ]
[24-10-31 15:21:49] 602    -6170.85 [    17967.1    9202.6   40009.2    2138.5   50000.0 ]
[24-10-31 15:21:49] 604    -6170.85 [    17967.1    9202.6   40009.2    2138.5   50000.0 ]
[24-10-31 15:21:50] 605    -6170.85 [    17967.1    9202.6   40009.2    2138.5   50000.0 ]
[24-10-31 15:21:50] 606    -6170.85 [    17967.1    9202.6   40009.2    2138.5   50000.0 ]
[24-10-31 15:21:51] 608    -6170.85 [    17967.1    9202.6   40009.2    2138.5   50000.0 ]
[24-10-31 15:21:51] 609    -6170.85 [    17967.1    9202.6   40009.2    2138.5   50000.0 ]
[24-10-31 15:21:51] 610    -6170.85 [    17967.1    9202.6   40009.2    2138.5   50000.0 ]
[24-10-31 15:21:52] 611    -6170.85 [    17967.1    9202.6   40009.2    2138.5   50000.0 ]
[24-10-31 15:21:52] 612    -6170.85 [    17967.1    9202.6   40009.2    2138.5   50000.0 ]
[24-10-31 15:21:53] 613    -6170.85 [    17967.1    9202.6   40009.2    2138.5   50000.0 ]
[24-10-31 15:21:53] 614    -6170.85 [    17967.1    9202.6   40009.2    2138.5   50000.0 ]
[24-10-31 15:21:54] 615    -6170.85 [    17967.1    9202.6   40009.2    2138.5   50000.0 ]
[24-10-31 15:21:54] 616    -6170.85 [    17967.1    9202.6   40010.2    2138.5   50000.0 ]
[24-10-31 15:21:55] 617    -6170.84 [    17967.1    9202.6   40007.6    2138.5   50000.0 ]
[24-10-31 15:21:55] 622    -6170.82 [    17967.1    9202.6   40003.9    2138.5   50000.0 ]
[24-10-31 15:21:55] 623    -6170.83 [    17967.1    9202.6   40005.7    2138.5   50000.0 ]
[24-10-31 15:21:56] 624    -6170.81 [    17967.1    9202.6   40001.5    2138.5   50000.0 ]
[24-10-31 15:21:56] 625     -6170.8 [    17967.1    9202.6   40000.1    2138.5   50000.0 ]
[24-10-31 15:21:57] 627    -6170.81 [    17967.1    9202.6   40000.6    2138.5   50000.0 ]
[24-10-31 15:21:57] 629    -6170.81 [    17967.1    9202.6   40000.3    2138.5   50000.0 ]
[24-10-31 15:21:58] 631     -6170.8 [    17967.1    9202.6   40000.2    2138.5   50000.0 ]
[24-10-31 15:21:58] 632     -6170.8 [    17967.1    9202.6   40000.1    2138.5   50000.0 ]
[24-10-31 15:21:59] 633    -6170.84 [    17967.1    9202.6   40000.1    2139.5   50000.0 ]
[24-10-31 15:21:59] 634    -6170.76 [    17967.1    9202.6   40000.1    2136.9   50000.0 ]
[24-10-31 15:22:00] 635     -6170.7 [    17967.1    9202.6   40000.1    2131.5   50000.0 ]
[24-10-31 15:22:00] 636    -6170.87 [    17967.1    9202.6   40000.1    2122.9   50000.0 ]
[24-10-31 15:22:00] 637    -6170.73 [    17967.1    9202.6   40000.1    2128.2   50000.0 ]
[24-10-31 15:22:01] 638    -6170.71 [    17967.1    9202.6   40000.1    2133.6   50000.0 ]
[24-10-31 15:22:01] 639     -6170.7 [    17967.1    9202.6   40000.1    2131.6   50000.0 ]
[24-10-31 15:22:02] 640     -6170.7 [    17967.1    9202.6   40000.1    2131.7   50000.0 ]
[24-10-31 15:22:02] 641     -6170.7 [    17967.1    9202.6   40000.1    2131.6   50000.0 ]
[24-10-31 15:22:03] 651    -6172.06 [    17965.4    9159.6   40287.5    2146.0   50000.0 ]
[24-10-31 15:22:03] 652    -6171.38 [    17966.3    9181.1   40143.8    2138.8   50000.0 ]
[24-10-31 15:22:04] 654    -6170.96 [    17966.8    9194.4   40055.0    2134.4   50000.0 ]
[24-10-31 15:22:04] 656     -6170.8 [    17966.9    9199.4   40021.1    2132.7   50000.0 ]
[24-10-31 15:22:05] 658    -6170.74 [    17967.0    9201.4   40008.1    2132.0   50000.0 ]
[24-10-31 15:22:05] 660    -6170.72 [    17967.0    9202.1   40003.2    2131.8   50000.0 ]
[24-10-31 15:22:05] 662    -6170.71 [    17967.1    9202.4   40001.3    2131.7   50000.0 ]
[24-10-31 15:22:06] 664     -6170.7 [    17967.1    9202.5   40000.5    2131.6   50000.0 ]
[24-10-31 15:22:06] 666     -6170.7 [    17967.1    9202.5   40000.3    2131.6   50000.0 ]
[24-10-31 15:22:07] 668     -6170.7 [    17967.1    9202.6   40000.2    2131.6   50000.0 ]
[24-10-31 15:22:07] 669     -6170.7 [    17967.1    9202.6   40000.1    2131.6   50000.0 ]
[24-10-31 15:22:08] 670     -6170.7 [    17967.1    9202.6   40000.0    2131.6   50000.0 ]
[24-10-31 15:22:08] 671     -6170.7 [    17967.1    9202.6   40000.0    2131.6   50000.0 ]
[24-10-31 15:22:09] 673     -6170.7 [    17967.1    9202.6   40000.0    2131.6   50000.0 ]
[24-10-31 15:22:09] 675     -6170.7 [    17967.1    9202.6   40000.0    2131.6   50000.0 ]
[24-10-31 15:22:10] 676     -6170.7 [    17967.1    9202.6   40000.0    2131.6   50000.0 ]
[24-10-31 15:22:10] 677     -6170.7 [    17967.1    9202.6   40000.0    2131.6   50000.0 ]
[24-10-31 15:22:11] 679     -6170.7 [    17967.1    9202.6   40000.0    2131.6   50000.0 ]
[24-10-31 15:22:11] 680     -6170.7 [    17968.1    9202.6   40000.0    2131.6   50000.0 ]
[24-10-31 15:22:11] 681     -6170.7 [    17969.7    9202.6   40000.0    2131.6   50000.0 ]
[24-10-31 15:22:12] 682     -6170.7 [    17968.7    9202.6   40000.0    2131.6   50000.0 ]
[24-10-31 15:22:12] 683     -6170.7 [    17969.1    9202.6   40000.0    2131.6   50000.0 ]
[24-10-31 15:22:13] 684     -6170.7 [    17968.4    9202.6   40000.0    2131.6   50000.0 ]
[24-10-31 15:22:13] 685     -6170.7 [    17968.4    9202.6   40000.0    2131.6   50000.0 ]
[24-10-31 15:22:14] 686     -6170.7 [    17968.4    9202.6   40000.0    2131.6   50000.0 ]
[24-10-31 15:22:14] 687     -6170.7 [    17968.4    9202.6   40000.0    2131.6   50000.0 ]
[24-10-31 15:22:15] 689    -6170.71 [    17968.4    9202.6   40000.0    2131.6   49998.4 ]
[24-10-31 15:22:15] 690     -6170.7 [    17968.4    9202.6   40000.0    2131.6   49999.4 ]
[24-10-31 15:22:16] 692     -6170.7 [    17968.4    9202.6   40000.0    2131.6   49999.7 ]
[24-10-31 15:22:16] 694     -6170.7 [    17968.4    9202.6   40000.0    2131.6   49999.9 ]
[24-10-31 15:22:17] 696     -6170.7 [    17968.4    9202.6   40000.0    2131.6   50000.0 ]
[24-10-31 15:22:17] 698     -6170.7 [    17968.4    9202.6   40000.0    2131.6   50000.0 ]
[24-10-31 15:22:17] 700     -6170.7 [    17968.4    9202.6   40000.0    2131.6   50000.0 ]
[24-10-31 15:22:18] 702     -6170.7 [    17968.4    9202.6   40000.0    2131.6   50000.0 ]
[24-10-31 15:22:18] 704     -6170.7 [    17968.4    9202.6   40000.0    2131.6   50000.0 ]
[24-10-31 15:22:19] 706     -6170.7 [    17968.4    9202.6   40000.0    2131.6   50000.0 ]
[24-10-31 15:22:19] 708     -6170.7 [    17968.4    9202.6   40000.0    2131.6   50000.0 ]
[24-10-31 15:22:20] 710     -6170.7 [    17968.4    9202.6   40000.0    2131.6   50000.0 ]
[24-10-31 15:22:20] 712     -6170.7 [    17968.4    9202.6   40000.0    2131.6   50000.0 ]
[24-10-31 15:22:21] 714     -6170.7 [    17968.4    9202.6   40000.0    2131.6   50000.0 ]
[24-10-31 15:22:21] 716     -6170.7 [    17968.4    9202.6   40000.0    2131.6   50000.0 ]
[24-10-31 15:22:22] 718     -6170.7 [    17968.4    9202.6   40000.0    2131.6   50000.0 ]
[24-10-31 15:22:22] 720     -6170.7 [    17968.4    9202.6   40000.0    2131.6   50000.0 ]
[24-10-31 15:22:23] 722     -6170.7 [    17968.4    9202.6   40000.0    2131.6   50000.0 ]
[24-10-31 15:22:23] 724     -6170.7 [    17968.4    9202.6   40000.0    2131.6   50000.0 ]
[24-10-31 15:22:23] 726     -6170.7 [    17968.4    9202.6   40000.0    2131.6   50000.0 ]
[24-10-31 15:22:24] 728     -6170.7 [    17968.4    9202.6   40000.0    2131.6   50000.0 ]
[24-10-31 15:22:24] 729     -6170.7 [    17968.4    9202.6   40000.0    2131.6   50000.0 ]
[24-10-31 15:22:25] 730     -6170.7 [    17968.4    9202.6   40000.0    2131.6   50000.0 ]
[24-10-31 15:22:25] 731     -6170.7 [    17968.4    9202.6   40000.0    2131.6   50000.0 ]
[24-10-31 15:22:26] 732     -6170.7 [    17968.4    9202.6   40000.0    2131.6   50000.0 ]
[24-10-31 15:22:26] 733     -6170.7 [    17968.4    9202.6   40000.0    2131.6   50000.0 ]
[24-10-31 15:22:27] 734     -6170.7 [    17968.4    9202.6   40000.0    2131.6   50000.0 ]
[24-10-31 15:22:27] 735     -6170.7 [    17968.4    9202.6   40000.0    2131.6   50000.0 ]
[24-10-31 15:22:28] 736     -6170.7 [    17968.4    9202.6   40000.0    2131.6   50000.0 ]
[24-10-31 15:22:28] 737     -6170.7 [    17968.4    9202.6   40000.0    2131.6   50000.0 ]
[24-10-31 15:22:29] 738     -6170.7 [    17968.4    9202.6   40000.0    2131.6   50000.0 ]
[24-10-31 15:22:29] 739     -6170.7 [    17968.4    9202.6   40000.0    2131.6   50000.0 ]
[24-10-31 15:22:29] 740    -6170.71 [    17968.4    9202.6   40001.0    2131.6   50000.0 ]
[24-10-31 15:22:30] 743     -6170.7 [    17968.4    9202.6   40000.4    2131.6   50000.0 ]
[24-10-31 15:22:30] 744     -6170.7 [    17968.4    9202.6   40000.2    2131.6   50000.0 ]
[24-10-31 15:22:31] 747     -6170.7 [    17968.4    9202.6   40000.1    2131.6   50000.0 ]
[24-10-31 15:22:31] 749     -6170.7 [    17968.4    9202.6   40000.0    2131.6   50000.0 ]
[24-10-31 15:22:32] 751     -6170.7 [    17968.4    9202.6   40000.0    2131.6   50000.0 ]
[24-10-31 15:22:32] 753     -6170.7 [    17968.4    9202.6   40000.0    2131.6   50000.0 ]
[24-10-31 15:22:33] 755     -6170.7 [    17968.4    9202.6   40000.0    2131.6   50000.0 ]
[24-10-31 15:22:33] 756     -6170.7 [    17968.4    9202.6   40000.0    2131.6   50000.0 ]
[24-10-31 15:22:33] 757     -6170.7 [    17968.4    9202.6   40000.0    2131.6   50000.0 ]
[24-10-31 15:22:34] 758     -6170.7 [    17968.4    9202.6   40000.0    2131.6   50000.0 ]
[24-10-31 15:22:34] 760     -6170.7 [    17968.4    9202.6   40000.0    2131.6   50000.0 ]
[24-10-31 15:22:35] 761     -6170.7 [    17968.4    9202.6   40000.0    2131.6   50000.0 ]
[24-10-31 15:22:35] 763     -6170.7 [    17968.4    9202.6   40000.0    2131.6   50000.0 ]
[24-10-31 15:22:36] 764     -6170.7 [    17968.4    9202.6   40000.0    2131.6   50000.0 ]
[24-10-31 15:22:36] 765     -6170.7 [    17968.4    9202.6   40000.0    2131.6   50000.0 ]
[24-10-31 15:22:37] 766     -6170.7 [    17968.4    9202.6   40000.0    2132.6   50000.0 ]
[24-10-31 15:22:37] 767    -6170.71 [    17968.4    9202.6   40000.0    2130.0   50000.0 ]
[24-10-31 15:22:38] 768     -6170.7 [    17968.4    9202.6   40000.0    2131.0   50000.0 ]
[24-10-31 15:22:38] 769     -6170.7 [    17968.4    9202.6   40000.0    2132.0   50000.0 ]
[24-10-31 15:22:38] 770     -6170.7 [    17968.4    9202.6   40000.0    2131.6   50000.0 ]
[24-10-31 15:22:39] 771     -6170.7 [    17968.4    9202.6   40000.0    2131.6   50000.0 ]
[24-10-31 15:22:39] 772     -6170.7 [    17968.4    9202.6   40000.0    2131.6   50000.0 ]
[24-10-31 15:22:39] 773     -6170.7 [    17968.4    9202.6   40000.0    2131.6   50000.0 ]
[24-10-31 15:22:39] 783    -6172.06 [    17966.8    9159.7   40287.4    2146.0   50000.0 ]
[24-10-31 15:22:40] 784    -6171.38 [    17967.6    9181.1   40143.7    2138.8   50000.0 ]
[24-10-31 15:22:40] 786    -6170.96 [    17968.1    9194.4   40054.9    2134.3   50000.0 ]
[24-10-31 15:22:40] 788     -6170.8 [    17968.3    9199.5   40021.0    2132.6   50000.0 ]
[24-10-31 15:22:40] 790    -6170.74 [    17968.3    9201.4   40008.0    2132.0   50000.0 ]
[24-10-31 15:22:41] 792    -6170.72 [    17968.4    9202.1   40003.1    2131.7   50000.0 ]
[24-10-31 15:22:41] 794    -6170.71 [    17968.4    9202.4   40001.2    2131.6   50000.0 ]
[24-10-31 15:22:41] 796     -6170.7 [    17968.4    9202.5   40000.4    2131.6   50000.0 ]
[24-10-31 15:22:41] 798     -6170.7 [    17968.4    9202.6   40000.2    2131.6   50000.0 ]
[24-10-31 15:22:42] 800     -6170.7 [    17968.4    9202.6   40000.1    2131.6   50000.0 ]
[24-10-31 15:22:42] 802     -6170.7 [    17968.4    9202.6   40000.0    2131.6   50000.0 ]
[24-10-31 15:22:42] 804     -6170.7 [    17968.4    9202.6   40000.0    2131.6   50000.0 ]
[24-10-31 15:22:42] 806     -6170.7 [    17968.4    9202.6   40000.0    2131.6   50000.0 ]
[24-10-31 15:22:43] 808     -6170.7 [    17968.4    9202.6   40000.0    2131.6   50000.0 ]
[24-10-31 15:22:43] 810     -6170.7 [    17968.4    9202.6   40000.0    2131.6   50000.0 ]
[24-10-31 15:22:43] 812     -6170.7 [    17968.4    9202.6   40000.0    2131.6   50000.0 ]
[24-10-31 15:22:43] 814     -6170.7 [    17968.4    9202.6   40000.0    2131.6   50000.0 ]
[24-10-31 15:22:44] 816     -6170.7 [    17968.4    9202.6   40000.0    2131.6   50000.0 ]
[24-10-31 15:22:44] 818     -6170.7 [    17968.4    9202.6   40000.0    2131.6   50000.0 ]
[24-10-31 15:22:44] 819     -6170.7 [    17968.4    9202.6   40000.0    2131.6   50000.0 ]
[24-10-31 15:22:44] 820     -6170.7 [    17968.4    9202.6   40000.0    2131.6   50000.0 ]
[24-10-31 15:22:44] 821     -6170.7 [    17968.4    9202.6   40000.0    2131.6   50000.0 ]
[24-10-31 15:22:45] 823     -6170.7 [    17968.4    9202.6   40000.0    2131.6   50000.0 ]
[24-10-31 15:22:45] 825     -6170.7 [    17968.4    9202.6   40000.0    2131.6   50000.0 ]
Optimization terminated successfully.
         Current function value: 6170.701759
         Iterations: 9
         Function evaluations: 825
[24-10-31 15:22:45] 825      fit p: [    17968.4    9202.6   40000.0    2131.6   50000.0 ]
method: Powell
objective_func: objective_H2
fopt: -6170.701759226672
max_iter: 100
num_iter: 9
func_calls: 825
flag: 0
u_fitted: False
u: 1.111e-08
