[24-11-01 12:12:27] fitting objective_H2 to data for demes ['KhomaniSan', 'Yoruba']
[24-11-01 12:12:27] 0        pnames [        NA1       TA1        NK        NY ]
[24-11-01 12:12:27] 0            p0 [    26532.9  107791.8   14485.1   28415.3 ]
[24-11-01 12:12:27] 1     -12809.82 [    26532.9  107791.8   14485.1   28415.3 ]
[24-11-01 12:12:27] 2     -12809.82 [    26532.9  107791.8   14485.1   28415.3 ]
[24-11-01 12:12:27] 3      -12809.1 [    26533.9  107791.8   14485.1   28415.3 ]
[24-11-01 12:12:27] 4     -12807.93 [    26535.5  107791.8   14485.1   28415.3 ]
[24-11-01 12:12:27] 5     -12681.45 [    26711.9  107791.8   14485.1   28415.3 ]
[24-11-01 12:12:28] 6      -7353.66 [    38158.6  107791.8   14485.1   28415.3 ]
[24-11-01 12:12:28] 8      -5689.37 [    45233.1  107791.8   14485.1   28415.3 ]
[24-11-01 12:12:28] 9      -4974.51 [    49605.3  107791.8   14485.1   28415.3 ]
[24-11-01 12:12:28] 11     -5225.84 [    47935.3  107791.8   14485.1   28415.3 ]
[24-11-01 12:12:28] 13     -5067.62 [    48967.4  107791.8   14485.1   28415.3 ]
[24-11-01 12:12:29] 14     -4918.66 [    49999.6  107791.8   14485.1   28415.3 ]
[24-11-01 12:12:29] 16     -4918.66 [    49999.6  107791.8   14485.1   28415.3 ]
[24-11-01 12:12:29] 17     -4918.65 [    49999.6  107792.8   14485.1   28415.3 ]
[24-11-01 12:12:29] 18     -4918.65 [    49999.6  107794.4   14485.1   28415.3 ]
[24-11-01 12:12:29] 19     -4917.96 [    49999.6  107970.7   14485.1   28415.3 ]
[24-11-01 12:12:29] 20     -4890.01 [    49999.6  122217.2   14485.1   28415.3 ]
[24-11-01 12:12:30] 21     -4956.12 [    49999.6  145268.5   14485.1   28415.3 ]
[24-11-01 12:12:30] 22     -4899.37 [    49999.6  131022.0   14485.1   28415.3 ]
[24-11-01 12:12:30] 23     -4894.31 [    49999.6  116775.5   14485.1   28415.3 ]
[24-11-01 12:12:30] 24     -4889.99 [    49999.6  122534.6   14485.1   28415.3 ]
[24-11-01 12:12:30] 25      -4890.0 [    49999.6  122682.0   14485.1   28415.3 ]
[24-11-01 12:12:30] 26      -4890.0 [    49999.6  122387.2   14485.1   28415.3 ]
[24-11-01 12:12:31] 27     -4889.99 [    49999.6  122534.6   14485.1   28415.3 ]
[24-11-01 12:12:31] 28     -4889.66 [    49999.6  122534.6   14486.1   28415.3 ]
[24-11-01 12:12:31] 29     -4889.13 [    49999.6  122534.6   14487.7   28415.3 ]
[24-11-01 12:12:31] 30     -4831.81 [    49999.6  122534.6   14664.1   28415.3 ]
[24-11-01 12:12:31] 31     -3764.25 [    49999.6  122534.6   19727.2   28415.3 ]
[24-11-01 12:12:32] 32     -3099.92 [    49999.6  122534.6   27919.5   28415.3 ]
[24-11-01 12:12:32] 33     -3097.81 [    49999.6  122534.6   27965.2   28415.3 ]
[24-11-01 12:12:32] 34      -3094.4 [    49999.6  122534.6   28039.3   28415.3 ]
[24-11-01 12:12:32] 35     -2847.62 [    49999.6  122534.6   36109.9   28415.3 ]
[24-11-01 12:12:32] 36     -2780.42 [    49999.6  122534.6   40186.7   28415.3 ]
[24-11-01 12:12:32] 37     -2711.79 [    49999.6  122534.6   46783.1   28415.3 ]
[24-11-01 12:12:33] 38     -2675.32 [    49999.6  122534.6   52621.9   28415.3 ]
[24-11-01 12:12:33] 39     -2642.06 [    49999.6  122534.6   62069.2   28415.3 ]
[24-11-01 12:12:33] 40      -2631.7 [    49999.6  122534.6   67223.2   28415.3 ]
[24-11-01 12:12:33] 41     -2621.57 [    49999.6  122534.6   75562.4   28415.3 ]
[24-11-01 12:12:33] 42     -2617.48 [    49999.6  122534.6   81700.9   28415.3 ]
[24-11-01 12:12:33] 43     -2614.47 [    49999.6  122534.6   91633.3   28415.3 ]
[24-11-01 12:12:34] 44     -2614.25 [    49999.6  122534.6   93393.1   28415.3 ]
[24-11-01 12:12:34] 45     -2614.06 [    49999.6  122534.6   96240.5   28415.3 ]
[24-11-01 12:12:34] 46     -2614.02 [    49999.6  122534.6   97859.5   28415.3 ]
[24-11-01 12:12:34] 48     -2614.02 [    49999.6  122534.6   98860.1   28415.3 ]
[24-11-01 12:12:34] 49     -2614.02 [    49999.6  122534.6   98860.1   28415.3 ]
[24-11-01 12:12:35] 50     -2614.04 [    49999.6  122534.6   98860.1   28416.3 ]
[24-11-01 12:12:35] 51     -2613.97 [    49999.6  122534.6   98860.1   28413.6 ]
[24-11-01 12:12:35] 52     -2609.15 [    49999.6  122534.6   98860.1   28237.3 ]
[24-11-01 12:12:35] 53     -2594.86 [    49999.6  122534.6   98860.1   21640.6 ]
[24-11-01 12:12:35] 54     -6361.87 [    49999.6  122534.6   98860.1   10967.0 ]
[24-11-01 12:12:35] 55     -2979.22 [    49999.6  122534.6   98860.1   17563.7 ]
[24-11-01 12:12:36] 56     -2548.59 [    49999.6  122534.6   98860.1   24160.3 ]
[24-11-01 12:12:36] 57     -2550.56 [    49999.6  122534.6   98860.1   23698.4 ]
[24-11-01 12:12:36] 58     -2548.48 [    49999.6  122534.6   98860.1   24242.0 ]
[24-11-01 12:12:36] 59     -2548.45 [    49999.6  122534.6   98860.1   24313.4 ]
[24-11-01 12:12:36] 60     -2548.46 [    49999.6  122534.6   98860.1   24354.4 ]
[24-11-01 12:12:36] 62     -2548.45 [    49999.6  122534.6   98860.1   24313.4 ]
[24-11-01 12:12:37] 64     -2548.62 [    49998.0  122534.6   98860.1   24313.4 ]
[24-11-01 12:12:37] 65     -2548.52 [    49999.0  122534.6   98860.1   24313.4 ]
[24-11-01 12:12:37] 66     -2548.41 [    50000.0  122534.6   98860.1   24313.4 ]
[24-11-01 12:12:37] 68     -2548.43 [    49999.8  122534.6   98860.1   24313.4 ]
[24-11-01 12:12:37] 70     -2548.42 [    49999.9  122534.6   98860.1   24313.4 ]
[24-11-01 12:12:38] 72     -2548.42 [    50000.0  122534.6   98860.1   24313.4 ]
[24-11-01 12:12:38] 73     -2548.41 [    50000.0  122534.6   98860.1   24313.4 ]
[24-11-01 12:12:38] 74     -2548.41 [    50000.0  122534.6   98860.1   24313.4 ]
[24-11-01 12:12:38] 76     -2548.41 [    50000.0  122534.6   98860.1   24313.4 ]
[24-11-01 12:12:38] 77     -2548.41 [    50000.0  122534.6   98860.1   24313.4 ]
[24-11-01 12:12:38] 78      -2548.4 [    50000.0  122535.6   98860.1   24313.4 ]
[24-11-01 12:12:39] 79     -2548.38 [    50000.0  122537.2   98860.1   24313.4 ]
[24-11-01 12:12:39] 80     -2546.28 [    50000.0  122713.6   98860.1   24313.4 ]
[24-11-01 12:12:39] 81     -2389.02 [    50000.0  141937.4   98860.1   24313.4 ]
[24-11-01 12:12:39] 82     -2361.04 [    50000.0  153731.1   98860.1   24313.4 ]
[24-11-01 12:12:39] 83     -2422.43 [    50000.0  172813.6   98860.1   24313.4 ]
[24-11-01 12:12:39] 84     -2369.13 [    50000.0  161019.9   98860.1   24313.4 ]
[24-11-01 12:12:40] 85     -2365.69 [    50000.0  149226.3   98860.1   24313.4 ]
[24-11-01 12:12:40] 86     -2360.98 [    50000.0  154318.6   98860.1   24313.4 ]
[24-11-01 12:12:40] 87      -2361.0 [    50000.0  154636.5   98860.1   24313.4 ]
[24-11-01 12:12:40] 88     -2360.98 [    50000.0  154318.6   98860.1   24313.4 ]
[24-11-01 12:12:40] 89     -2360.98 [    50000.0  154318.6   98861.1   24313.4 ]
[24-11-01 12:12:41] 90     -2360.98 [    50000.0  154318.6   98858.4   24313.4 ]
[24-11-01 12:12:41] 91     -2360.97 [    50000.0  154318.6   98855.8   24313.4 ]
[24-11-01 12:12:41] 92     -2360.96 [    50000.0  154318.6   98851.6   24313.4 ]
[24-11-01 12:12:41] 93     -2360.94 [    50000.0  154318.6   98844.7   24313.4 ]
[24-11-01 12:12:41] 94     -2360.92 [    50000.0  154318.6   98833.6   24313.4 ]
[24-11-01 12:12:41] 95     -2360.87 [    50000.0  154318.6   98815.7   24313.4 ]
[24-11-01 12:12:42] 96      -2360.8 [    50000.0  154318.6   98786.7   24313.4 ]
[24-11-01 12:12:42] 97     -2360.69 [    50000.0  154318.6   98739.7   24313.4 ]
[24-11-01 12:12:42] 98      -2360.5 [    50000.0  154318.6   98663.7   24313.4 ]
[24-11-01 12:12:42] 99      -2360.2 [    50000.0  154318.6   98540.7   24313.4 ]
[24-11-01 12:12:42] 100    -2359.72 [    50000.0  154318.6   98341.7   24313.4 ]
[24-11-01 12:12:43] 101    -2358.94 [    50000.0  154318.6   98019.7   24313.4 ]
[24-11-01 12:12:43] 102    -2357.66 [    50000.0  154318.6   97498.7   24313.4 ]
[24-11-01 12:12:43] 103    -2355.59 [    50000.0  154318.6   96655.7   24313.4 ]
[24-11-01 12:12:43] 104    -2352.21 [    50000.0  154318.6   95291.7   24313.4 ]
[24-11-01 12:12:43] 105    -2346.66 [    50000.0  154318.6   93084.7   24313.4 ]
[24-11-01 12:12:43] 106    -2337.49 [    50000.0  154318.6   89513.7   24313.4 ]
[24-11-01 12:12:44] 107    -2322.25 [    50000.0  154318.6   83735.7   24313.4 ]
[24-11-01 12:12:44] 108    -2297.07 [    50000.0  154318.6   74386.7   24313.4 ]
[24-11-01 12:12:44] 109    -2261.33 [    50000.0  154318.6   59259.7   24313.4 ]
[24-11-01 12:12:44] 111    -2518.62 [    50000.0  154318.6   28779.2   24313.4 ]
[24-11-01 12:12:44] 112    -2256.98 [    50000.0  154318.6   47617.2   24313.4 ]
[24-11-01 12:12:44] 113    -2254.11 [    50000.0  154318.6   53038.6   24313.4 ]
[24-11-01 12:12:45] 114    -2253.84 [    50000.0  154318.6   52149.2   24313.4 ]
[24-11-01 12:12:45] 115    -2253.79 [    50000.0  154318.6   51682.0   24313.4 ]
[24-11-01 12:12:45] 116    -2253.82 [    50000.0  154318.6   51210.3   24313.4 ]
[24-11-01 12:12:45] 117    -2253.79 [    50000.0  154318.6   51682.0   24313.4 ]
[24-11-01 12:12:45] 118    -2253.75 [    50000.0  154318.6   51682.0   24314.4 ]
[24-11-01 12:12:46] 119    -2253.67 [    50000.0  154318.6   51682.0   24316.0 ]
[24-11-01 12:12:46] 120    -2245.72 [    50000.0  154318.6   51682.0   24492.4 ]
[24-11-01 12:12:46] 121    -2188.48 [    50000.0  154318.6   51682.0   26770.5 ]
[24-11-01 12:12:46] 122     -2217.3 [    50000.0  154318.6   51682.0   30456.7 ]
[24-11-01 12:12:46] 123    -2185.86 [    50000.0  154318.6   51682.0   28178.5 ]
[24-11-01 12:12:46] 124    -2193.43 [    50000.0  154318.6   51682.0   29048.7 ]
[24-11-01 12:12:47] 125     -2184.5 [    50000.0  154318.6   51682.0   27675.1 ]
[24-11-01 12:12:47] 126    -2184.49 [    50000.0  154318.6   51682.0   27641.4 ]
[24-11-01 12:12:47] 127     -2184.5 [    50000.0  154318.6   51682.0   27608.2 ]
[24-11-01 12:12:47] 129    -2184.49 [    50000.0  154318.6   51682.0   27641.4 ]
[24-11-01 12:12:47] 131    -2184.65 [    49998.4  154318.6   51682.0   27641.4 ]
[24-11-01 12:12:48] 132    -2184.55 [    49999.4  154318.6   51682.0   27641.4 ]
[24-11-01 12:12:48] 134    -2184.52 [    49999.7  154318.6   51682.0   27641.4 ]
[24-11-01 12:12:48] 136     -2184.5 [    49999.9  154318.6   51682.0   27641.4 ]
[24-11-01 12:12:48] 138    -2184.49 [    50000.0  154318.6   51682.0   27641.4 ]
[24-11-01 12:12:48] 140    -2184.49 [    50000.0  154318.6   51682.0   27641.4 ]
[24-11-01 12:12:48] 142    -2184.49 [    50000.0  154318.6   51682.0   27641.4 ]
[24-11-01 12:12:49] 144    -2184.49 [    50000.0  154318.6   51682.0   27641.4 ]
[24-11-01 12:12:49] 145    -2184.49 [    50000.0  154318.6   51682.0   27641.4 ]
[24-11-01 12:12:49] 147    -2184.49 [    50000.0  154318.6   51682.0   27641.4 ]
[24-11-01 12:12:49] 148    -2184.49 [    50000.0  154318.6   51682.0   27641.4 ]
[24-11-01 12:12:49] 150    -2184.49 [    50000.0  154318.6   51682.0   27641.4 ]
[24-11-01 12:12:49] 151    -2184.49 [    50000.0  154318.6   51682.0   27641.4 ]
[24-11-01 12:12:50] 152    -2184.49 [    50000.0  154318.6   51682.0   27641.4 ]
[24-11-01 12:12:50] 154    -2184.49 [    50000.0  154318.6   51682.0   27641.4 ]
[24-11-01 12:12:50] 155    -2184.49 [    50000.0  154318.6   51682.0   27641.4 ]
[24-11-01 12:12:50] 156    -2184.48 [    50000.0  154319.6   51682.0   27641.4 ]
[24-11-01 12:12:50] 157    -2184.46 [    50000.0  154321.2   51682.0   27641.4 ]
[24-11-01 12:12:51] 158    -2182.62 [    50000.0  154497.6   51682.0   27641.4 ]
[24-11-01 12:12:51] 159    -2029.69 [    50000.0  173721.5   51682.0   27641.4 ]
[24-11-01 12:12:51] 160    -1967.92 [    50000.0  195251.6   51682.0   27641.4 ]
[24-11-01 12:12:51] 161     -2102.4 [    50000.0  230088.0   51682.0   27641.4 ]
[24-11-01 12:12:51] 162    -1985.81 [    50000.0  208557.9   51682.0   27641.4 ]
[24-11-01 12:12:51] 163    -1978.11 [    50000.0  187027.8   51682.0   27641.4 ]
[24-11-01 12:12:52] 164     -1967.8 [    50000.0  196302.4   51682.0   27641.4 ]
[24-11-01 12:12:52] 165    -1967.82 [    50000.0  195882.6   51682.0   27641.4 ]
[24-11-01 12:12:52] 166    -1967.83 [    50000.0  196722.3   51682.0   27641.4 ]
[24-11-01 12:12:52] 167     -1967.8 [    50000.0  196302.4   51682.0   27641.4 ]
[24-11-01 12:12:52] 168     -1967.8 [    50000.0  196302.4   51683.0   27641.4 ]
[24-11-01 12:12:52] 169     -1967.8 [    50000.0  196302.4   51680.4   27641.4 ]
[24-11-01 12:12:53] 170    -1967.68 [    50000.0  196302.4   51504.1   27641.4 ]
[24-11-01 12:12:53] 171    -1967.32 [    50000.0  196302.4   50288.2   27641.4 ]
[24-11-01 12:12:53] 172    -1968.68 [    50000.0  196302.4   48320.9   27641.4 ]
[24-11-01 12:12:53] 173    -1967.54 [    50000.0  196302.4   49536.7   27641.4 ]
[24-11-01 12:12:53] 174    -1967.36 [    50000.0  196302.4   50752.6   27641.4 ]
[24-11-01 12:12:54] 175    -1967.32 [    50000.0  196302.4   50384.0   27641.4 ]
[24-11-01 12:12:54] 176    -1967.32 [    50000.0  196302.4   50371.1   27641.4 ]
[24-11-01 12:12:54] 177    -1967.32 [    50000.0  196302.4   50397.0   27641.4 ]
[24-11-01 12:12:54] 178    -1967.32 [    50000.0  196302.4   50384.0   27641.4 ]
[24-11-01 12:12:54] 179    -1967.25 [    50000.0  196302.4   50384.0   27642.4 ]
[24-11-01 12:12:55] 180    -1967.13 [    50000.0  196302.4   50384.0   27644.1 ]
[24-11-01 12:12:55] 181    -1954.48 [    50000.0  196302.4   50384.0   27820.4 ]
[24-11-01 12:12:55] 182    -1806.73 [    50000.0  196302.4   50384.0   31369.7 ]
[24-11-01 12:12:55] 183    -1832.97 [    50000.0  196302.4   50384.0   37112.6 ]
[24-11-01 12:12:55] 184    -1789.34 [    50000.0  196302.4   50384.0   33563.3 ]
[24-11-01 12:12:56] 185    -1797.48 [    50000.0  196302.4   50384.0   34919.0 ]
[24-11-01 12:12:56] 186    -1789.25 [    50000.0  196302.4   50384.0   33476.4 ]
[24-11-01 12:12:56] 187    -1789.23 [    50000.0  196302.4   50384.0   33378.0 ]
[24-11-01 12:12:56] 188    -1789.24 [    50000.0  196302.4   50384.0   33320.7 ]
[24-11-01 12:12:56] 190    -1789.23 [    50000.0  196302.4   50384.0   33378.0 ]
[24-11-01 12:12:56] 192    -1789.37 [    49998.4  196302.4   50384.0   33378.0 ]
[24-11-01 12:12:57] 193    -1789.28 [    49999.4  196302.4   50384.0   33378.0 ]
[24-11-01 12:12:57] 195    -1789.25 [    49999.7  196302.4   50384.0   33378.0 ]
[24-11-01 12:12:57] 197    -1789.24 [    49999.9  196302.4   50384.0   33378.0 ]
[24-11-01 12:12:57] 199    -1789.23 [    50000.0  196302.4   50384.0   33378.0 ]
[24-11-01 12:12:57] 201    -1789.23 [    50000.0  196302.4   50384.0   33378.0 ]
[24-11-01 12:12:58] 203    -1789.23 [    50000.0  196302.4   50384.0   33378.0 ]
[24-11-01 12:12:58] 205    -1789.23 [    50000.0  196302.4   50384.0   33378.0 ]
[24-11-01 12:12:58] 207    -1789.23 [    50000.0  196302.4   50384.0   33378.0 ]
[24-11-01 12:12:58] 209    -1789.23 [    50000.0  196302.4   50384.0   33378.0 ]
[24-11-01 12:12:58] 211    -1789.23 [    50000.0  196302.4   50384.0   33378.0 ]
[24-11-01 12:12:59] 213    -1789.23 [    50000.0  196302.4   50384.0   33378.0 ]
[24-11-01 12:12:59] 215    -1789.23 [    50000.0  196302.4   50384.0   33378.0 ]
[24-11-01 12:12:59] 217    -1789.23 [    50000.0  196302.4   50384.0   33378.0 ]
[24-11-01 12:12:59] 219    -1789.23 [    50000.0  196302.4   50384.0   33378.0 ]
[24-11-01 12:12:59] 220    -1789.23 [    50000.0  196302.4   50384.0   33378.0 ]
[24-11-01 12:13:00] 222    -1789.23 [    50000.0  196302.4   50384.0   33378.0 ]
[24-11-01 12:13:00] 223    -1789.23 [    50000.0  196302.4   50384.0   33378.0 ]
[24-11-01 12:13:00] 225    -1789.23 [    50000.0  196302.4   50384.0   33378.0 ]
[24-11-01 12:13:00] 226    -1789.23 [    50000.0  196302.4   50384.0   33378.0 ]
[24-11-01 12:13:00] 228    -1789.23 [    50000.0  196302.4   50384.0   33378.0 ]
[24-11-01 12:13:01] 230    -1789.23 [    50000.0  196302.4   50384.0   33378.0 ]
[24-11-01 12:13:01] 231    -1789.22 [    50000.0  196303.4   50384.0   33378.0 ]
[24-11-01 12:13:01] 232     -1789.2 [    50000.0  196305.0   50384.0   33378.0 ]
[24-11-01 12:13:01] 233    -1787.68 [    50000.0  196481.4   50384.0   33378.0 ]
[24-11-01 12:13:01] 234    -1653.96 [    50000.0  215705.3   50384.0   33378.0 ]
[24-11-01 12:13:01] 235    -1570.67 [    50000.0  246155.1   50384.0   33378.0 ]
[24-11-01 12:13:02] 238     -1584.2 [    50000.0  234524.3   50384.0   33378.0 ]
[24-11-01 12:13:02] 239    -1574.64 [    50000.0  240339.7   50384.0   33378.0 ]
[24-11-01 12:13:02] 240    -1570.54 [    50000.0  247381.0   50384.0   33378.0 ]
[24-11-01 12:13:02] 241    -1570.56 [    50000.0  247891.8   50384.0   33378.0 ]
[24-11-01 12:13:02] 242    -1570.57 [    50000.0  246870.2   50384.0   33378.0 ]
[24-11-01 12:13:02] 243    -1570.54 [    50000.0  247381.0   50384.0   33378.0 ]
[24-11-01 12:13:03] 244    -1570.54 [    50000.0  247381.0   50385.0   33378.0 ]
[24-11-01 12:13:03] 245    -1570.53 [    50000.0  247381.0   50386.6   33378.0 ]
[24-11-01 12:13:03] 246    -1569.96 [    50000.0  247381.0   50563.0   33378.0 ]
[24-11-01 12:13:03] 247    -1564.59 [    50000.0  247381.0   53605.2   33378.0 ]
[24-11-01 12:13:03] 248    -1569.96 [    50000.0  247381.0   58527.6   33378.0 ]
[24-11-01 12:13:04] 249    -1564.93 [    50000.0  247381.0   55485.4   33378.0 ]
[24-11-01 12:13:04] 250    -1565.69 [    50000.0  247381.0   52443.2   33378.0 ]
[24-11-01 12:13:04] 251    -1564.43 [    50000.0  247381.0   54303.2   33378.0 ]
[24-11-01 12:13:04] 252    -1564.43 [    50000.0  247381.0   54264.0   33378.0 ]
[24-11-01 12:13:04] 253    -1564.44 [    50000.0  247381.0   54225.2   33378.0 ]
[24-11-01 12:13:04] 254    -1564.43 [    50000.0  247381.0   54264.0   33378.0 ]
[24-11-01 12:13:05] 255    -1564.37 [    50000.0  247381.0   54264.0   33379.0 ]
[24-11-01 12:13:05] 256    -1564.25 [    50000.0  247381.0   54264.0   33380.7 ]
[24-11-01 12:13:05] 257     -1552.4 [    50000.0  247381.0   54264.0   33557.0 ]
[24-11-01 12:13:05] 258    -1381.36 [    50000.0  247381.0   54264.0   37924.6 ]
[24-11-01 12:13:05] 259    -1410.48 [    50000.0  247381.0   54264.0   44991.4 ]
[24-11-01 12:13:06] 260    -1361.03 [    50000.0  247381.0   54264.0   40623.9 ]
[24-11-01 12:13:06] 261    -1370.17 [    50000.0  247381.0   54264.0   42292.1 ]
[24-11-01 12:13:06] 262    -1360.96 [    50000.0  247381.0   54264.0   40538.5 ]
[24-11-01 12:13:06] 263    -1360.93 [    50000.0  247381.0   54264.0   40417.6 ]
[24-11-01 12:13:06] 264    -1360.95 [    50000.0  247381.0   54264.0   40347.2 ]
[24-11-01 12:13:06] 266    -1360.93 [    50000.0  247381.0   54264.0   40417.6 ]
[24-11-01 12:13:07] 268    -1361.03 [    49998.4  247381.0   54264.0   40417.6 ]
[24-11-01 12:13:07] 269    -1360.97 [    49999.4  247381.0   54264.0   40417.6 ]
[24-11-01 12:13:07] 271    -1360.95 [    49999.7  247381.0   54264.0   40417.6 ]
[24-11-01 12:13:07] 273    -1360.93 [    49999.9  247381.0   54264.0   40417.6 ]
[24-11-01 12:13:07] 275    -1360.93 [    50000.0  247381.0   54264.0   40417.6 ]
[24-11-01 12:13:08] 277    -1360.93 [    50000.0  247381.0   54264.0   40417.6 ]
[24-11-01 12:13:08] 279    -1360.93 [    50000.0  247381.0   54264.0   40417.6 ]
[24-11-01 12:13:08] 281    -1360.93 [    50000.0  247381.0   54264.0   40417.6 ]
[24-11-01 12:13:08] 283    -1360.93 [    50000.0  247381.0   54264.0   40417.6 ]
[24-11-01 12:13:08] 285    -1360.93 [    50000.0  247381.0   54264.0   40417.6 ]
[24-11-01 12:13:09] 287    -1360.93 [    50000.0  247381.0   54264.0   40417.6 ]
[24-11-01 12:13:09] 289    -1360.93 [    50000.0  247381.0   54264.0   40417.6 ]
[24-11-01 12:13:09] 291    -1360.93 [    50000.0  247381.0   54264.0   40417.6 ]
[24-11-01 12:13:09] 293    -1360.93 [    50000.0  247381.0   54264.0   40417.6 ]
[24-11-01 12:13:09] 295    -1360.93 [    50000.0  247381.0   54264.0   40417.6 ]
[24-11-01 12:13:09] 297    -1360.93 [    50000.0  247381.0   54264.0   40417.6 ]
[24-11-01 12:13:10] 299    -1360.93 [    50000.0  247381.0   54264.0   40417.6 ]
[24-11-01 12:13:10] 301    -1360.93 [    50000.0  247381.0   54264.0   40417.6 ]
[24-11-01 12:13:10] 303    -1360.93 [    50000.0  247381.0   54264.0   40417.6 ]
[24-11-01 12:13:10] 305    -1360.93 [    50000.0  247381.0   54264.0   40417.6 ]
[24-11-01 12:13:10] 306    -1360.93 [    50000.0  247381.0   54264.0   40417.6 ]
[24-11-01 12:13:11] 308    -1360.93 [    50000.0  247381.0   54264.0   40417.6 ]
[24-11-01 12:13:11] 310    -1360.93 [    50000.0  247381.0   54264.0   40417.6 ]
[24-11-01 12:13:11] 311    -1360.93 [    50000.0  247381.0   54264.0   40417.6 ]
[24-11-01 12:13:11] 312    -1360.93 [    50000.0  247381.0   54264.0   40417.6 ]
[24-11-01 12:13:11] 313    -1360.93 [    50000.0  247381.0   54264.0   40417.6 ]
[24-11-01 12:13:11] 314    -1360.93 [    50000.0  247381.0   54264.0   40417.6 ]
[24-11-01 12:13:12] 315    -1360.93 [    50000.0  247381.0   54264.0   40417.6 ]
[24-11-01 12:13:12] 316    -1360.93 [    50000.0  247381.0   54264.0   40417.6 ]
[24-11-01 12:13:12] 317    -1360.92 [    50000.0  247382.0   54264.0   40417.6 ]
[24-11-01 12:13:12] 318    -1360.91 [    50000.0  247383.6   54264.0   40417.6 ]
[24-11-01 12:13:12] 319    -1359.68 [    50000.0  247560.0   54264.0   40417.6 ]
[24-11-01 12:13:13] 323    -1352.29 [    50000.0  248631.3   54264.0   40417.6 ]
[24-11-01 12:13:13] 324    -1355.97 [    50000.0  248095.6   54264.0   40417.6 ]
[24-11-01 12:13:13] 325     -1347.8 [    50000.0  249293.4   54264.0   40417.6 ]
[24-11-01 12:13:13] 326    -1345.05 [    50000.0  249702.6   54264.0   40417.6 ]
[24-11-01 12:13:13] 327    -1343.36 [    50000.0  249955.5   54264.0   40417.6 ]
[24-11-01 12:13:14] 329     -1344.0 [    50000.0  249858.9   54264.0   40417.6 ]
[24-11-01 12:13:14] 331     -1343.6 [    50000.0  249918.6   54264.0   40417.6 ]
[24-11-01 12:13:14] 332    -1343.18 [    50000.0  249981.2   54264.0   40417.6 ]
[24-11-01 12:13:14] 333    -1343.18 [    50000.0  249981.2   54264.0   40417.6 ]
[24-11-01 12:13:14] 334    -1343.18 [    50000.0  249981.2   54265.0   40417.6 ]
[24-11-01 12:13:14] 335    -1343.16 [    50000.0  249981.2   54266.7   40417.6 ]
[24-11-01 12:13:15] 336     -1341.8 [    50000.0  249981.2   54443.0   40417.6 ]
[24-11-01 12:13:15] 337    -1306.14 [    50000.0  249981.2   62220.5   40417.6 ]
[24-11-01 12:13:15] 338    -1307.41 [    50000.0  249981.2   74804.8   40417.6 ]
[24-11-01 12:13:15] 339    -1300.81 [    50000.0  249981.2   67027.3   40417.6 ]
[24-11-01 12:13:15] 340    -1301.57 [    50000.0  249981.2   69998.0   40417.6 ]
[24-11-01 12:13:15] 341    -1300.76 [    50000.0  249981.2   67782.0   40417.6 ]
[24-11-01 12:13:16] 342    -1300.75 [    50000.0  249981.2   67646.8   40417.6 ]
[24-11-01 12:13:16] 343    -1300.76 [    50000.0  249981.2   67513.0   40417.6 ]
[24-11-01 12:13:16] 344    -1300.75 [    50000.0  249981.2   67646.8   40417.6 ]
[24-11-01 12:13:16] 345    -1300.74 [    50000.0  249981.2   67646.8   40418.6 ]
[24-11-01 12:13:16] 346    -1300.72 [    50000.0  249981.2   67646.8   40420.2 ]
[24-11-01 12:13:16] 347    -1298.64 [    50000.0  249981.2   67646.8   40596.6 ]
[24-11-01 12:13:17] 348    -1287.93 [    50000.0  249981.2   67646.8   42349.4 ]
[24-11-01 12:13:17] 349    -1302.17 [    50000.0  249981.2   67646.8   45185.5 ]
[24-11-01 12:13:17] 350    -1289.31 [    50000.0  249981.2   67646.8   43432.7 ]
[24-11-01 12:13:17] 351    -1289.99 [    50000.0  249981.2   67646.8   41679.9 ]
[24-11-01 12:13:17] 352    -1287.75 [    50000.0  249981.2   67646.8   42634.2 ]
[24-11-01 12:13:17] 353    -1287.75 [    50000.0  249981.2   67646.8   42612.0 ]
[24-11-01 12:13:17] 354    -1287.75 [    50000.0  249981.2   67646.8   42590.1 ]
[24-11-01 12:13:18] 356    -1287.75 [    50000.0  249981.2   67646.8   42612.0 ]
[24-11-01 12:13:18] 358    -1287.85 [    49998.4  249981.2   67646.8   42612.0 ]
[24-11-01 12:13:18] 359    -1287.79 [    49999.4  249981.2   67646.8   42612.0 ]
[24-11-01 12:13:18] 361    -1287.77 [    49999.7  249981.2   67646.8   42612.0 ]
[24-11-01 12:13:18] 363    -1287.76 [    49999.9  249981.2   67646.8   42612.0 ]
[24-11-01 12:13:18] 365    -1287.75 [    50000.0  249981.2   67646.8   42612.0 ]
[24-11-01 12:13:19] 367    -1287.75 [    50000.0  249981.2   67646.8   42612.0 ]
[24-11-01 12:13:19] 369    -1287.75 [    50000.0  249981.2   67646.8   42612.0 ]
[24-11-01 12:13:19] 371    -1287.75 [    50000.0  249981.2   67646.8   42612.0 ]
[24-11-01 12:13:19] 373    -1287.75 [    50000.0  249981.2   67646.8   42612.0 ]
[24-11-01 12:13:19] 375    -1287.75 [    50000.0  249981.2   67646.8   42612.0 ]
[24-11-01 12:13:19] 377    -1287.75 [    50000.0  249981.2   67646.8   42612.0 ]
[24-11-01 12:13:20] 379    -1287.75 [    50000.0  249981.2   67646.8   42612.0 ]
[24-11-01 12:13:20] 381    -1287.75 [    50000.0  249981.2   67646.8   42612.0 ]
[24-11-01 12:13:20] 383    -1287.75 [    50000.0  249981.2   67646.8   42612.0 ]
[24-11-01 12:13:20] 385    -1287.75 [    50000.0  249981.2   67646.8   42612.0 ]
[24-11-01 12:13:20] 387    -1287.75 [    50000.0  249981.2   67646.8   42612.0 ]
[24-11-01 12:13:20] 389    -1287.75 [    50000.0  249981.2   67646.8   42612.0 ]
[24-11-01 12:13:21] 391    -1287.75 [    50000.0  249981.2   67646.8   42612.0 ]
[24-11-01 12:13:21] 393    -1287.75 [    50000.0  249981.2   67646.8   42612.0 ]
[24-11-01 12:13:21] 395    -1287.75 [    50000.0  249981.2   67646.8   42612.0 ]
[24-11-01 12:13:21] 397    -1287.75 [    50000.0  249981.2   67646.8   42612.0 ]
[24-11-01 12:13:21] 399    -1287.75 [    50000.0  249981.2   67646.8   42612.0 ]
[24-11-01 12:13:21] 401    -1287.75 [    50000.0  249981.2   67646.8   42612.0 ]
[24-11-01 12:13:22] 402    -1287.75 [    50000.0  249981.2   67646.8   42612.0 ]
[24-11-01 12:13:22] 404    -1287.75 [    50000.0  249981.2   67646.8   42612.0 ]
[24-11-01 12:13:22] 405    -1287.75 [    50000.0  249981.2   67646.8   42612.0 ]
[24-11-01 12:13:22] 406    -1287.75 [    50000.0  249981.2   67646.8   42612.0 ]
[24-11-01 12:13:22] 407    -1287.75 [    50000.0  249981.2   67646.8   42612.0 ]
[24-11-01 12:13:22] 408    -1287.75 [    50000.0  249981.2   67646.8   42612.0 ]
[24-11-01 12:13:23] 409    -1287.75 [    50000.0  249981.2   67646.8   42612.0 ]
[24-11-01 12:13:23] 410    -1287.75 [    50000.0  249981.2   67646.8   42612.0 ]
[24-11-01 12:13:23] 411    -1287.75 [    50000.0  249981.2   67646.8   42612.0 ]
[24-11-01 12:13:23] 412    -1287.74 [    50000.0  249982.2   67646.8   42612.0 ]
[24-11-01 12:13:23] 413    -1287.73 [    50000.0  249983.8   67646.8   42612.0 ]
[24-11-01 12:13:23] 417    -1287.66 [    50000.0  249993.7   67646.8   42612.0 ]
[24-11-01 12:13:24] 418    -1287.69 [    50000.0  249988.8   67646.8   42612.0 ]
[24-11-01 12:13:24] 419    -1287.61 [    50000.0  249999.7   67646.8   42612.0 ]
[24-11-01 12:13:24] 421    -1287.63 [    50000.0  249997.4   67646.8   42612.0 ]
[24-11-01 12:13:24] 423    -1287.62 [    50000.0  249998.9   67646.8   42612.0 ]
[24-11-01 12:13:24] 425    -1287.62 [    50000.0  249999.4   67646.8   42612.0 ]
[24-11-01 12:13:24] 426    -1287.61 [    50000.0  250000.0   67646.8   42612.0 ]
[24-11-01 12:13:25] 427    -1287.61 [    50000.0  250000.0   67646.8   42612.0 ]
[24-11-01 12:13:25] 428    -1287.61 [    50000.0  250000.0   67647.8   42612.0 ]
[24-11-01 12:13:25] 429    -1287.61 [    50000.0  250000.0   67649.4   42612.0 ]
[24-11-01 12:13:25] 430    -1287.38 [    50000.0  250000.0   67825.8   42612.0 ]
[24-11-01 12:13:25] 431    -1284.87 [    50000.0  250000.0   71447.0   42612.0 ]
[24-11-01 12:13:25] 432    -1287.68 [    50000.0  250000.0   77306.1   42612.0 ]
[24-11-01 12:13:25] 433    -1285.09 [    50000.0  250000.0   73685.0   42612.0 ]
[24-11-01 12:13:26] 434    -1285.37 [    50000.0  250000.0   70063.8   42612.0 ]
[24-11-01 12:13:26] 435    -1284.81 [    50000.0  250000.0   72178.3   42612.0 ]
[24-11-01 12:13:26] 436    -1284.81 [    50000.0  250000.0   72133.0   42612.0 ]
[24-11-01 12:13:26] 437    -1284.81 [    50000.0  250000.0   72088.1   42612.0 ]
[24-11-01 12:13:26] 438    -1284.81 [    50000.0  250000.0   72133.0   42612.0 ]
[24-11-01 12:13:26] 439     -1284.8 [    50000.0  250000.0   72133.0   42613.0 ]
[24-11-01 12:13:27] 440     -1284.8 [    50000.0  250000.0   72133.0   42614.7 ]
[24-11-01 12:13:27] 441    -1284.44 [    50000.0  250000.0   72133.0   42791.0 ]
[24-11-01 12:13:27] 442    -1284.17 [    50000.0  250000.0   72133.0   43114.5 ]
[24-11-01 12:13:27] 443    -1284.77 [    50000.0  250000.0   72133.0   43637.9 ]
[24-11-01 12:13:27] 444    -1284.26 [    50000.0  250000.0   72133.0   43314.4 ]
[24-11-01 12:13:27] 445    -1284.22 [    50000.0  250000.0   72133.0   42990.9 ]
[24-11-01 12:13:27] 446    -1284.17 [    50000.0  250000.0   72133.0   43127.7 ]
[24-11-01 12:13:28] 447    -1284.17 [    50000.0  250000.0   72133.0   43122.5 ]
[24-11-01 12:13:28] 448    -1284.17 [    50000.0  250000.0   72133.0   43132.9 ]
[24-11-01 12:13:28] 450    -1284.17 [    50000.0  250000.0   72133.0   43127.7 ]
[24-11-01 12:13:28] 452    -1284.27 [    49998.4  250000.0   72133.0   43127.7 ]
[24-11-01 12:13:28] 453    -1284.21 [    49999.4  250000.0   72133.0   43127.7 ]
[24-11-01 12:13:28] 455    -1284.19 [    49999.7  250000.0   72133.0   43127.7 ]
[24-11-01 12:13:28] 457    -1284.18 [    49999.9  250000.0   72133.0   43127.7 ]
[24-11-01 12:13:29] 459    -1284.18 [    50000.0  250000.0   72133.0   43127.7 ]
[24-11-01 12:13:29] 461    -1284.18 [    50000.0  250000.0   72133.0   43127.7 ]
[24-11-01 12:13:29] 463    -1284.17 [    50000.0  250000.0   72133.0   43127.7 ]
[24-11-01 12:13:29] 465    -1284.17 [    50000.0  250000.0   72133.0   43127.7 ]
[24-11-01 12:13:29] 467    -1284.17 [    50000.0  250000.0   72133.0   43127.7 ]
[24-11-01 12:13:29] 469    -1284.17 [    50000.0  250000.0   72133.0   43127.7 ]
[24-11-01 12:13:29] 471    -1284.17 [    50000.0  250000.0   72133.0   43127.7 ]
[24-11-01 12:13:30] 473    -1284.17 [    50000.0  250000.0   72133.0   43127.7 ]
[24-11-01 12:13:30] 475    -1284.17 [    50000.0  250000.0   72133.0   43127.7 ]
[24-11-01 12:13:30] 477    -1284.17 [    50000.0  250000.0   72133.0   43127.7 ]
[24-11-01 12:13:30] 479    -1284.17 [    50000.0  250000.0   72133.0   43127.7 ]
[24-11-01 12:13:30] 481    -1284.17 [    50000.0  250000.0   72133.0   43127.7 ]
[24-11-01 12:13:30] 483    -1284.17 [    50000.0  250000.0   72133.0   43127.7 ]
[24-11-01 12:13:30] 485    -1284.17 [    50000.0  250000.0   72133.0   43127.7 ]
[24-11-01 12:13:31] 487    -1284.17 [    50000.0  250000.0   72133.0   43127.7 ]
[24-11-01 12:13:31] 489    -1284.17 [    50000.0  250000.0   72133.0   43127.7 ]
[24-11-01 12:13:31] 491    -1284.17 [    50000.0  250000.0   72133.0   43127.7 ]
[24-11-01 12:13:31] 493    -1284.17 [    50000.0  250000.0   72133.0   43127.7 ]
[24-11-01 12:13:31] 495    -1284.17 [    50000.0  250000.0   72133.0   43127.7 ]
[24-11-01 12:13:31] 497    -1284.17 [    50000.0  250000.0   72133.0   43127.7 ]
[24-11-01 12:13:31] 498    -1284.17 [    50000.0  250000.0   72133.0   43127.7 ]
[24-11-01 12:13:32] 499    -1284.17 [    50000.0  250000.0   72133.0   43127.7 ]
[24-11-01 12:13:32] 500    -1284.17 [    50000.0  250000.0   72133.0   43127.7 ]
[24-11-01 12:13:32] 501    -1284.17 [    50000.0  250000.0   72133.0   43127.7 ]
[24-11-01 12:13:32] 502    -1284.17 [    50000.0  250000.0   72133.0   43127.7 ]
[24-11-01 12:13:32] 503    -1284.17 [    50000.0  250000.0   72133.0   43127.7 ]
[24-11-01 12:13:32] 504    -1284.17 [    50000.0  250000.0   72133.0   43127.7 ]
[24-11-01 12:13:32] 505    -1284.17 [    50000.0  250000.0   72133.0   43127.7 ]
[24-11-01 12:13:33] 506    -1284.17 [    50000.0  250000.0   72133.0   43127.7 ]
[24-11-01 12:13:33] 508    -1284.19 [    50000.0  249998.3   72133.0   43127.7 ]
[24-11-01 12:13:33] 509    -1284.18 [    50000.0  249999.3   72133.0   43127.7 ]
[24-11-01 12:13:33] 511    -1284.18 [    50000.0  249999.6   72133.0   43127.7 ]
[24-11-01 12:13:33] 513    -1284.17 [    50000.0  249999.8   72133.0   43127.7 ]
[24-11-01 12:13:33] 515    -1284.17 [    50000.0  249999.9   72133.0   43127.7 ]
[24-11-01 12:13:34] 516    -1284.17 [    50000.0  250000.0   72133.0   43127.7 ]
[24-11-01 12:13:34] 517    -1284.17 [    50000.0  250000.0   72133.0   43127.7 ]
[24-11-01 12:13:34] 518    -1284.17 [    50000.0  250000.0   72133.0   43127.7 ]
[24-11-01 12:13:34] 520    -1284.17 [    50000.0  250000.0   72133.0   43127.7 ]
[24-11-01 12:13:34] 521    -1284.17 [    50000.0  250000.0   72133.0   43127.7 ]
[24-11-01 12:13:35] 522    -1284.17 [    50000.0  250000.0   72133.0   43127.7 ]
[24-11-01 12:13:35] 524    -1284.17 [    50000.0  250000.0   72133.0   43127.7 ]
[24-11-01 12:13:35] 525    -1284.17 [    50000.0  250000.0   72133.0   43127.7 ]
[24-11-01 12:13:35] 526    -1284.17 [    50000.0  250000.0   72134.0   43127.7 ]
[24-11-01 12:13:35] 527    -1284.17 [    50000.0  250000.0   72135.6   43127.7 ]
[24-11-01 12:13:35] 528    -1284.13 [    50000.0  250000.0   72312.0   43127.7 ]
[24-11-01 12:13:35] 529    -1284.03 [    50000.0  250000.0   73179.2   43127.7 ]
[24-11-01 12:13:36] 530    -1284.24 [    50000.0  250000.0   74582.4   43127.7 ]
[24-11-01 12:13:36] 531    -1284.06 [    50000.0  250000.0   73715.2   43127.7 ]
[24-11-01 12:13:36] 532    -1284.05 [    50000.0  250000.0   72847.9   43127.7 ]
[24-11-01 12:13:36] 533    -1284.03 [    50000.0  250000.0   73221.4   43127.7 ]
[24-11-01 12:13:36] 534    -1284.03 [    50000.0  250000.0   73210.5   43127.7 ]
[24-11-01 12:13:36] 535    -1284.03 [    50000.0  250000.0   73232.2   43127.7 ]
[24-11-01 12:13:37] 536    -1284.03 [    50000.0  250000.0   73221.4   43127.7 ]
[24-11-01 12:13:37] 537    -1284.03 [    50000.0  250000.0   73221.4   43128.7 ]
[24-11-01 12:13:37] 538    -1284.03 [    50000.0  250000.0   73221.4   43130.3 ]
[24-11-01 12:13:37] 539     -1284.0 [    50000.0  250000.0   73221.4   43241.7 ]
[24-11-01 12:13:37] 540    -1284.08 [    50000.0  250000.0   73221.4   43422.0 ]
[24-11-01 12:13:37] 541    -1284.01 [    50000.0  250000.0   73221.4   43310.6 ]
[24-11-01 12:13:38] 542    -1284.01 [    50000.0  250000.0   73221.4   43199.2 ]
[24-11-01 12:13:38] 543     -1284.0 [    50000.0  250000.0   73221.4   43242.9 ]
[24-11-01 12:13:38] 544     -1284.0 [    50000.0  250000.0   73221.4   43244.0 ]
[24-11-01 12:13:38] 546     -1284.0 [    50000.0  250000.0   73221.4   43242.9 ]
[24-11-01 12:13:38] 548     -1284.1 [    49998.4  250000.0   73221.4   43242.9 ]
[24-11-01 12:13:38] 549    -1284.04 [    49999.4  250000.0   73221.4   43242.9 ]
[24-11-01 12:13:39] 551    -1284.02 [    49999.7  250000.0   73221.4   43242.9 ]
[24-11-01 12:13:39] 553    -1284.01 [    49999.9  250000.0   73221.4   43242.9 ]
[24-11-01 12:13:39] 555     -1284.0 [    50000.0  250000.0   73221.4   43242.9 ]
[24-11-01 12:13:39] 557     -1284.0 [    50000.0  250000.0   73221.4   43242.9 ]
[24-11-01 12:13:39] 559     -1284.0 [    50000.0  250000.0   73221.4   43242.9 ]
[24-11-01 12:13:39] 561     -1284.0 [    50000.0  250000.0   73221.4   43242.9 ]
[24-11-01 12:13:40] 563     -1284.0 [    50000.0  250000.0   73221.4   43242.9 ]
[24-11-01 12:13:40] 565     -1284.0 [    50000.0  250000.0   73221.4   43242.9 ]
[24-11-01 12:13:40] 567     -1284.0 [    50000.0  250000.0   73221.4   43242.9 ]
[24-11-01 12:13:40] 569     -1284.0 [    50000.0  250000.0   73221.4   43242.9 ]
[24-11-01 12:13:40] 571     -1284.0 [    50000.0  250000.0   73221.4   43242.9 ]
[24-11-01 12:13:40] 573     -1284.0 [    50000.0  250000.0   73221.4   43242.9 ]
[24-11-01 12:13:41] 575     -1284.0 [    50000.0  250000.0   73221.4   43242.9 ]
[24-11-01 12:13:41] 577     -1284.0 [    50000.0  250000.0   73221.4   43242.9 ]
[24-11-01 12:13:41] 579     -1284.0 [    50000.0  250000.0   73221.4   43242.9 ]
[24-11-01 12:13:41] 581     -1284.0 [    50000.0  250000.0   73221.4   43242.9 ]
[24-11-01 12:13:41] 583     -1284.0 [    50000.0  250000.0   73221.4   43242.9 ]
[24-11-01 12:13:41] 585     -1284.0 [    50000.0  250000.0   73221.4   43242.9 ]
[24-11-01 12:13:41] 587     -1284.0 [    50000.0  250000.0   73221.4   43242.9 ]
[24-11-01 12:13:42] 589     -1284.0 [    50000.0  250000.0   73221.4   43242.9 ]
[24-11-01 12:13:42] 591     -1284.0 [    50000.0  250000.0   73221.4   43242.9 ]
[24-11-01 12:13:42] 593     -1284.0 [    50000.0  250000.0   73221.4   43242.9 ]
[24-11-01 12:13:42] 595     -1284.0 [    50000.0  250000.0   73221.4   43242.9 ]
[24-11-01 12:13:42] 596     -1284.0 [    50000.0  250000.0   73221.4   43242.9 ]
[24-11-01 12:13:42] 597     -1284.0 [    50000.0  250000.0   73221.4   43242.9 ]
[24-11-01 12:13:43] 598     -1284.0 [    50000.0  250000.0   73221.4   43242.9 ]
[24-11-01 12:13:43] 599     -1284.0 [    50000.0  250000.0   73221.4   43242.9 ]
[24-11-01 12:13:43] 600     -1284.0 [    50000.0  250000.0   73221.4   43242.9 ]
[24-11-01 12:13:43] 601     -1284.0 [    50000.0  250000.0   73221.4   43242.9 ]
[24-11-01 12:13:43] 603    -1284.01 [    50000.0  249998.4   73221.4   43242.9 ]
[24-11-01 12:13:43] 604    -1284.01 [    50000.0  249999.4   73221.4   43242.9 ]
[24-11-01 12:13:44] 606     -1284.0 [    50000.0  249999.7   73221.4   43242.9 ]
[24-11-01 12:13:44] 608     -1284.0 [    50000.0  249999.9   73221.4   43242.9 ]
[24-11-01 12:13:44] 610     -1284.0 [    50000.0  250000.0   73221.4   43242.9 ]
[24-11-01 12:13:44] 612     -1284.0 [    50000.0  250000.0   73221.4   43242.9 ]
[24-11-01 12:13:44] 614     -1284.0 [    50000.0  250000.0   73221.4   43242.9 ]
[24-11-01 12:13:45] 616     -1284.0 [    50000.0  250000.0   73221.4   43242.9 ]
[24-11-01 12:13:45] 618     -1284.0 [    50000.0  250000.0   73221.4   43242.9 ]
[24-11-01 12:13:45] 619     -1284.0 [    50000.0  250000.0   73221.4   43242.9 ]
[24-11-01 12:13:45] 621     -1284.0 [    50000.0  250000.0   73221.4   43242.9 ]
[24-11-01 12:13:45] 622     -1284.0 [    50000.0  250000.0   73221.4   43242.9 ]
[24-11-01 12:13:45] 623     -1284.0 [    50000.0  250000.0   73221.4   43242.9 ]
[24-11-01 12:13:46] 624     -1284.0 [    50000.0  250000.0   73221.4   43242.9 ]
[24-11-01 12:13:46] 625     -1284.0 [    50000.0  250000.0   73221.4   43242.9 ]
[24-11-01 12:13:46] 627     -1284.0 [    50000.0  250000.0   73221.4   43242.9 ]
[24-11-01 12:13:46] 628     -1284.0 [    50000.0  250000.0   73221.4   43242.9 ]
[24-11-01 12:13:46] 629     -1284.0 [    50000.0  250000.0   73221.4   43242.9 ]
[24-11-01 12:13:46] 630     -1284.0 [    50000.0  250000.0   73222.4   43242.9 ]
[24-11-01 12:13:47] 631     -1284.0 [    50000.0  250000.0   73224.0   43242.9 ]
[24-11-01 12:13:47] 632     -1284.0 [    50000.0  250000.0   73400.3   43242.9 ]
[24-11-01 12:13:47] 633     -1284.0 [    50000.0  250000.0   73459.2   43242.9 ]
[24-11-01 12:13:47] 634     -1284.0 [    50000.0  250000.0   73554.5   43242.9 ]
[24-11-01 12:13:47] 635     -1284.0 [    50000.0  250000.0   73495.6   43242.9 ]
[24-11-01 12:13:48] 636     -1284.0 [    50000.0  250000.0   73436.7   43242.9 ]
[24-11-01 12:13:48] 637     -1284.0 [    50000.0  250000.0   73461.6   43242.9 ]
[24-11-01 12:13:48] 638     -1284.0 [    50000.0  250000.0   73456.9   43242.9 ]
[24-11-01 12:13:48] 639     -1284.0 [    50000.0  250000.0   73459.2   43242.9 ]
[24-11-01 12:13:48] 640     -1284.0 [    50000.0  250000.0   73459.2   43243.9 ]
[24-11-01 12:13:48] 641     -1284.0 [    50000.0  250000.0   73459.2   43245.5 ]
[24-11-01 12:13:49] 642    -1283.99 [    50000.0  250000.0   73459.2   43267.4 ]
[24-11-01 12:13:49] 643     -1284.0 [    50000.0  250000.0   73459.2   43302.8 ]
[24-11-01 12:13:49] 644    -1283.99 [    50000.0  250000.0   73459.2   43280.9 ]
[24-11-01 12:13:49] 645    -1283.99 [    50000.0  250000.0   73459.2   43259.0 ]
[24-11-01 12:13:49] 646    -1283.99 [    50000.0  250000.0   73459.2   43267.6 ]
[24-11-01 12:13:50] 647    -1283.99 [    50000.0  250000.0   73459.2   43267.1 ]
Optimization terminated successfully.
         Current function value: 1283.994188
         Iterations: 8
         Function evaluations: 647
[24-11-01 12:13:50] 647      fit p: [    50000.0  250000.0   73459.2   43267.4 ]
method: Powell
objective_func: objective_H2
fopt: -1283.9941876301743
max_iter: 100
num_iter: 8
func_calls: 647
flag: 0
u_fitted: False
u: 1.111e-08
