[24-11-01 12:13:51] fitting objective_H2 to data for demes ['KhomaniSan', 'Yoruba']
[24-11-01 12:13:51] 0        pnames [        NA1       TA1        NK        NY ]
[24-11-01 12:13:51] 0            p0 [    23999.5   86920.1   18589.6   17291.4 ]
[24-11-01 12:13:51] 1     -14167.23 [    23999.5   86920.1   18589.6   17291.4 ]
[24-11-01 12:13:51] 2     -14167.23 [    23999.5   86920.1   18589.6   17291.4 ]
[24-11-01 12:13:51] 3     -14166.25 [    24000.5   86920.1   18589.6   17291.4 ]
[24-11-01 12:13:51] 4     -14164.68 [    24002.1   86920.1   18589.6   17291.4 ]
[24-11-01 12:13:52] 5     -13994.63 [    24178.5   86920.1   18589.6   17291.4 ]
[24-11-01 12:13:52] 6      -7175.58 [    35091.4   86920.1   18589.6   17291.4 ]
[24-11-01 12:13:52] 8       -5054.8 [    41835.9   86920.1   18589.6   17291.4 ]
[24-11-01 12:13:52] 9      -4146.91 [    46004.3   86920.1   18589.6   17291.4 ]
[24-11-01 12:13:52] 10     -3692.26 [    48580.5   86920.1   18589.6   17291.4 ]
[24-11-01 12:13:53] 12     -3857.65 [    47596.5   86920.1   18589.6   17291.4 ]
[24-11-01 12:13:53] 13     -3594.76 [    49188.6   86920.1   18589.6   17291.4 ]
[24-11-01 12:13:53] 14     -3536.22 [    49564.5   86920.1   18589.6   17291.4 ]
[24-11-01 12:13:53] 15     -3497.14 [    49820.2   86920.1   18589.6   17291.4 ]
[24-11-01 12:13:53] 16     -3497.14 [    49820.2   86920.1   18589.6   17291.4 ]
[24-11-01 12:13:53] 17     -3497.12 [    49820.2   86921.1   18589.6   17291.4 ]
[24-11-01 12:13:54] 18      -3497.1 [    49820.2   86922.7   18589.6   17291.4 ]
[24-11-01 12:13:54] 19     -3494.58 [    49820.2   87099.0   18589.6   17291.4 ]
[24-11-01 12:13:54] 20     -3327.58 [    49820.2  106322.9   18589.6   17291.4 ]
[24-11-01 12:13:54] 21     -3318.05 [    49820.2  111773.4   18589.6   17291.4 ]
[24-11-01 12:13:54] 22     -3336.76 [    49820.2  120592.5   18589.6   17291.4 ]
[24-11-01 12:13:54] 23     -3320.26 [    49820.2  115142.0   18589.6   17291.4 ]
[24-11-01 12:13:55] 24     -3319.76 [    49820.2  109691.5   18589.6   17291.4 ]
[24-11-01 12:13:55] 25     -3317.99 [    49820.2  112249.6   18589.6   17291.4 ]
[24-11-01 12:13:55] 26      -3318.0 [    49820.2  112502.9   18589.6   17291.4 ]
[24-11-01 12:13:55] 27     -3317.99 [    49820.2  112249.6   18589.6   17291.4 ]
[24-11-01 12:13:55] 28     -3317.89 [    49820.2  112249.6   18590.6   17291.4 ]
[24-11-01 12:13:56] 29     -3317.75 [    49820.2  112249.6   18592.3   17291.4 ]
[24-11-01 12:13:56] 30     -3301.89 [    49820.2  112249.6   18768.6   17291.4 ]
[24-11-01 12:13:56] 31     -3007.11 [    49820.2  112249.6   23912.8   17291.4 ]
[24-11-01 12:13:56] 32     -2852.44 [    49820.2  112249.6   32236.2   17291.4 ]
[24-11-01 12:13:56] 33     -2860.63 [    49820.2  112249.6   31306.2   17291.4 ]
[24-11-01 12:13:56] 34     -2825.33 [    49820.2  112249.6   45703.8   17291.4 ]
[24-11-01 12:13:57] 35     -2823.05 [    49820.2  112249.6   40293.7   17291.4 ]
[24-11-01 12:13:57] 36     -2827.73 [    49820.2  112249.6   37216.0   17291.4 ]
[24-11-01 12:13:57] 37      -2822.7 [    49820.2  112249.6   42360.2   17291.4 ]
[24-11-01 12:13:57] 38     -2822.62 [    49820.2  112249.6   41655.2   17291.4 ]
[24-11-01 12:13:57] 39     -2822.62 [    49820.2  112249.6   41885.8   17291.4 ]
[24-11-01 12:13:58] 40     -2822.63 [    49820.2  112249.6   41424.5   17291.4 ]
[24-11-01 12:13:58] 41     -2822.62 [    49820.2  112249.6   41655.2   17291.4 ]
[24-11-01 12:13:58] 42     -2822.53 [    49820.2  112249.6   41655.2   17292.4 ]
[24-11-01 12:13:58] 43      -2822.4 [    49820.2  112249.6   41655.2   17294.0 ]
[24-11-01 12:13:58] 44     -2808.21 [    49820.2  112249.6   41655.2   17470.3 ]
[24-11-01 12:13:58] 45     -2718.07 [    49820.2  112249.6   41655.2   19441.7 ]
[24-11-01 12:13:59] 46     -2741.82 [    49820.2  112249.6   41655.2   22631.3 ]
[24-11-01 12:13:59] 47     -2709.02 [    49820.2  112249.6   41655.2   20660.0 ]
[24-11-01 12:13:59] 48     -2715.81 [    49820.2  112249.6   41655.2   21413.0 ]
[24-11-01 12:13:59] 49     -2708.68 [    49820.2  112249.6   41655.2   20496.1 ]
[24-11-01 12:13:59] 50     -2708.66 [    49820.2  112249.6   41655.2   20439.8 ]
[24-11-01 12:13:59] 51     -2708.68 [    49820.2  112249.6   41655.2   20408.3 ]
[24-11-01 12:14:00] 53     -2708.66 [    49820.2  112249.6   41655.2   20439.8 ]
[24-11-01 12:14:00] 54     -2708.54 [    49821.2  112249.6   41655.2   20439.8 ]
[24-11-01 12:14:00] 55     -2708.34 [    49822.8  112249.6   41655.2   20439.8 ]
[24-11-01 12:14:00] 56     -2686.57 [    49999.1  112249.6   41655.2   20439.8 ]
[24-11-01 12:14:00] 63     -2694.86 [    49931.8  112249.6   41655.2   20439.8 ]
[24-11-01 12:14:01] 64     -2690.71 [    49965.5  112249.6   41655.2   20439.8 ]
[24-11-01 12:14:01] 67     -2688.15 [    49986.3  112249.6   41655.2   20439.8 ]
[24-11-01 12:14:01] 69     -2687.17 [    49994.2  112249.6   41655.2   20439.8 ]
[24-11-01 12:14:01] 71      -2686.8 [    49997.3  112249.6   41655.2   20439.8 ]
[24-11-01 12:14:01] 72     -2686.57 [    49999.1  112249.6   41655.2   20439.8 ]
[24-11-01 12:14:01] 73     -2686.56 [    49999.1  112250.6   41655.2   20439.8 ]
[24-11-01 12:14:02] 74     -2686.54 [    49999.1  112252.3   41655.2   20439.8 ]
[24-11-01 12:14:02] 75     -2684.52 [    49999.1  112428.6   41655.2   20439.8 ]
[24-11-01 12:14:02] 76     -2547.85 [    49999.1  131652.5   41655.2   20439.8 ]
[24-11-01 12:14:02] 77     -2538.43 [    49999.1  137848.0   41655.2   20439.8 ]
[24-11-01 12:14:02] 78     -2557.83 [    49999.1  147872.5   41655.2   20439.8 ]
[24-11-01 12:14:02] 79     -2540.83 [    49999.1  141677.0   41655.2   20439.8 ]
[24-11-01 12:14:03] 80     -2540.08 [    49999.1  135481.5   41655.2   20439.8 ]
[24-11-01 12:14:03] 81     -2538.39 [    49999.1  138293.2   41655.2   20439.8 ]
[24-11-01 12:14:03] 82     -2538.41 [    49999.1  138553.7   41655.2   20439.8 ]
[24-11-01 12:14:03] 83     -2538.39 [    49999.1  138293.2   41655.2   20439.8 ]
[24-11-01 12:14:03] 84     -2538.39 [    49999.1  138293.2   41656.2   20439.8 ]
[24-11-01 12:14:04] 85     -2538.39 [    49999.1  138293.2   41657.8   20439.8 ]
[24-11-01 12:14:04] 86     -2538.15 [    49999.1  138293.2   41834.2   20439.8 ]
[24-11-01 12:14:04] 87     -2536.86 [    49999.1  138293.2   43711.5   20439.8 ]
[24-11-01 12:14:04] 88     -2538.48 [    49999.1  138293.2   46749.0   20439.8 ]
[24-11-01 12:14:04] 89      -2537.0 [    49999.1  138293.2   44871.7   20439.8 ]
[24-11-01 12:14:04] 90     -2537.11 [    49999.1  138293.2   42994.4   20439.8 ]
[24-11-01 12:14:05] 91     -2536.83 [    49999.1  138293.2   44043.9   20439.8 ]
[24-11-01 12:14:05] 92     -2536.83 [    49999.1  138293.2   44020.0   20439.8 ]
[24-11-01 12:14:05] 93     -2536.83 [    49999.1  138293.2   43996.3   20439.8 ]
[24-11-01 12:14:05] 94     -2536.83 [    49999.1  138293.2   44020.0   20439.8 ]
[24-11-01 12:14:05] 95     -2536.74 [    49999.1  138293.2   44020.0   20440.8 ]
[24-11-01 12:14:06] 96     -2536.61 [    49999.1  138293.2   44020.0   20442.4 ]
[24-11-01 12:14:06] 97     -2522.02 [    49999.1  138293.2   44020.0   20618.8 ]
[24-11-01 12:14:06] 98     -2401.01 [    49999.1  138293.2   44020.0   23158.7 ]
[24-11-01 12:14:06] 99     -2423.94 [    49999.1  138293.2   44020.0   27268.4 ]
[24-11-01 12:14:06] 100    -2386.95 [    49999.1  138293.2   44020.0   24728.5 ]
[24-11-01 12:14:06] 101    -2393.94 [    49999.1  138293.2   44020.0   25698.6 ]
[24-11-01 12:14:07] 102    -2386.85 [    49999.1  138293.2   44020.0   24647.1 ]
[24-11-01 12:14:07] 103    -2386.82 [    49999.1  138293.2   44020.0   24577.3 ]
[24-11-01 12:14:07] 104    -2386.84 [    49999.1  138293.2   44020.0   24535.9 ]
[24-11-01 12:14:07] 106    -2386.82 [    49999.1  138293.2   44020.0   24577.3 ]
[24-11-01 12:14:07] 108     -2387.0 [    49997.5  138293.2   44020.0   24577.3 ]
[24-11-01 12:14:08] 109    -2386.89 [    49998.5  138293.2   44020.0   24577.3 ]
[24-11-01 12:14:08] 110    -2386.78 [    49999.5  138293.2   44020.0   24577.3 ]
[24-11-01 12:14:08] 111    -2386.75 [    49999.8  138293.2   44020.0   24577.3 ]
[24-11-01 12:14:08] 112    -2386.74 [    49999.9  138293.2   44020.0   24577.3 ]
[24-11-01 12:14:08] 113    -2386.73 [    50000.0  138293.2   44020.0   24577.3 ]
[24-11-01 12:14:08] 115    -2386.73 [    50000.0  138293.2   44020.0   24577.3 ]
[24-11-01 12:14:09] 117    -2386.73 [    50000.0  138293.2   44020.0   24577.3 ]
[24-11-01 12:14:09] 119    -2386.73 [    50000.0  138293.2   44020.0   24577.3 ]
[24-11-01 12:14:09] 120    -2386.72 [    50000.0  138294.2   44020.0   24577.3 ]
[24-11-01 12:14:09] 121     -2386.7 [    50000.0  138295.8   44020.0   24577.3 ]
[24-11-01 12:14:09] 122    -2384.85 [    50000.0  138472.2   44020.0   24577.3 ]
[24-11-01 12:14:09] 123    -2240.84 [    50000.0  157696.1   44020.0   24577.3 ]
[24-11-01 12:14:10] 124    -2206.67 [    50000.0  172139.4   44020.0   24577.3 ]
[24-11-01 12:14:10] 125    -2280.67 [    50000.0  195509.2   44020.0   24577.3 ]
[24-11-01 12:14:10] 126    -2216.38 [    50000.0  181065.9   44020.0   24577.3 ]
[24-11-01 12:14:10] 127    -2212.37 [    50000.0  166622.5   44020.0   24577.3 ]
[24-11-01 12:14:10] 128    -2206.59 [    50000.0  172898.5   44020.0   24577.3 ]
[24-11-01 12:14:11] 129     -2206.6 [    50000.0  172552.4   44020.0   24577.3 ]
[24-11-01 12:14:11] 130    -2206.61 [    50000.0  173244.6   44020.0   24577.3 ]
[24-11-01 12:14:11] 131    -2206.59 [    50000.0  172898.5   44020.0   24577.3 ]
[24-11-01 12:14:11] 132    -2206.58 [    50000.0  172898.5   44021.0   24577.3 ]
[24-11-01 12:14:11] 133    -2206.58 [    50000.0  172898.5   44022.6   24577.3 ]
[24-11-01 12:14:11] 134    -2206.16 [    50000.0  172898.5   44199.0   24577.3 ]
[24-11-01 12:14:12] 135    -2202.72 [    50000.0  172898.5   46860.6   24577.3 ]
[24-11-01 12:14:12] 136    -2206.07 [    50000.0  172898.5   51167.2   24577.3 ]
[24-11-01 12:14:12] 137    -2202.91 [    50000.0  172898.5   48505.6   24577.3 ]
[24-11-01 12:14:12] 138    -2203.42 [    50000.0  172898.5   45843.9   24577.3 ]
[24-11-01 12:14:12] 139    -2202.61 [    50000.0  172898.5   47489.1   24577.3 ]
[24-11-01 12:14:13] 140    -2202.61 [    50000.0  172898.5   47454.4   24577.3 ]
[24-11-01 12:14:13] 141    -2202.61 [    50000.0  172898.5   47420.0   24577.3 ]
[24-11-01 12:14:13] 142    -2202.61 [    50000.0  172898.5   47454.4   24577.3 ]
[24-11-01 12:14:13] 143    -2202.53 [    50000.0  172898.5   47454.4   24578.3 ]
[24-11-01 12:14:13] 144    -2202.39 [    50000.0  172898.5   47454.4   24579.9 ]
[24-11-01 12:14:13] 145    -2188.29 [    50000.0  172898.5   47454.4   24756.2 ]
[24-11-01 12:14:14] 146    -2038.94 [    50000.0  172898.5   47454.4   27969.1 ]
[24-11-01 12:14:14] 147    -2061.52 [    50000.0  172898.5   47454.4   33167.6 ]
[24-11-01 12:14:14] 148     -2020.4 [    50000.0  172898.5   47454.4   29954.8 ]
[24-11-01 12:14:14] 149    -2027.68 [    50000.0  172898.5   47454.4   31182.0 ]
[24-11-01 12:14:14] 150    -2020.37 [    50000.0  172898.5   47454.4   29901.0 ]
[24-11-01 12:14:15] 151    -2020.36 [    50000.0  172898.5   47454.4   29847.7 ]
[24-11-01 12:14:15] 152    -2022.96 [    50000.0  172898.5   47454.4   29130.2 ]
[24-11-01 12:14:15] 153    -2020.38 [    50000.0  172898.5   47454.4   29795.0 ]
[24-11-01 12:14:15] 155    -2020.36 [    50000.0  172898.5   47454.4   29847.7 ]
[24-11-01 12:14:15] 157    -2020.52 [    49998.4  172898.5   47454.4   29847.7 ]
[24-11-01 12:14:15] 158    -2020.42 [    49999.4  172898.5   47454.4   29847.7 ]
[24-11-01 12:14:16] 160    -2020.39 [    49999.7  172898.5   47454.4   29847.7 ]
[24-11-01 12:14:16] 162    -2020.37 [    49999.9  172898.5   47454.4   29847.7 ]
[24-11-01 12:14:16] 164    -2020.37 [    50000.0  172898.5   47454.4   29847.7 ]
[24-11-01 12:14:16] 166    -2020.36 [    50000.0  172898.5   47454.4   29847.7 ]
[24-11-01 12:14:16] 168    -2020.36 [    50000.0  172898.5   47454.4   29847.7 ]
[24-11-01 12:14:16] 170    -2020.36 [    50000.0  172898.5   47454.4   29847.7 ]
[24-11-01 12:14:17] 171    -2020.36 [    50000.0  172898.5   47454.4   29847.7 ]
[24-11-01 12:14:17] 172    -2020.36 [    50000.0  172898.5   47454.4   29847.7 ]
[24-11-01 12:14:17] 173    -2020.36 [    50000.0  172898.5   47454.4   29847.7 ]
[24-11-01 12:14:17] 175    -2020.36 [    50000.0  172898.5   47454.4   29847.7 ]
[24-11-01 12:14:17] 177    -2020.36 [    50000.0  172898.5   47454.4   29847.7 ]
[24-11-01 12:14:18] 178    -2020.36 [    50000.0  172898.5   47454.4   29847.7 ]
[24-11-01 12:14:18] 180    -2020.36 [    50000.0  172898.5   47454.4   29847.7 ]
[24-11-01 12:14:18] 181    -2020.35 [    50000.0  172899.5   47454.4   29847.7 ]
[24-11-01 12:14:18] 182    -2020.34 [    50000.0  172901.1   47454.4   29847.7 ]
[24-11-01 12:14:18] 183    -2018.69 [    50000.0  173077.5   47454.4   29847.7 ]
[24-11-01 12:14:18] 184    -1879.18 [    50000.0  192301.3   47454.4   29847.7 ]
[24-11-01 12:14:19] 185    -1813.33 [    50000.0  216657.9   47454.4   29847.7 ]
[24-11-01 12:14:19] 187    -1832.76 [    50000.0  231711.1   47454.4   29847.7 ]
[24-11-01 12:14:19] 188    -1824.11 [    50000.0  207354.5   47454.4   29847.7 ]
[24-11-01 12:14:19] 189    -1813.22 [    50000.0  217765.8   47454.4   29847.7 ]
[24-11-01 12:14:19] 190    -1813.24 [    50000.0  217317.2   47454.4   29847.7 ]
[24-11-01 12:14:19] 191    -1813.24 [    50000.0  218214.5   47454.4   29847.7 ]
[24-11-01 12:14:20] 192    -1813.22 [    50000.0  217765.8   47454.4   29847.7 ]
[24-11-01 12:14:20] 193    -1813.22 [    50000.0  217765.8   47455.4   29847.7 ]
[24-11-01 12:14:20] 194    -1813.21 [    50000.0  217765.8   47457.0   29847.7 ]
[24-11-01 12:14:20] 195    -1812.61 [    50000.0  217765.8   47633.4   29847.7 ]
[24-11-01 12:14:20] 196     -1806.8 [    50000.0  217765.8   50798.3   29847.7 ]
[24-11-01 12:14:20] 197    -1811.95 [    50000.0  217765.8   55919.2   29847.7 ]
[24-11-01 12:14:21] 198    -1807.02 [    50000.0  217765.8   52754.3   29847.7 ]
[24-11-01 12:14:21] 199    -1808.01 [    50000.0  217765.8   49589.4   29847.7 ]
[24-11-01 12:14:21] 200    -1806.58 [    50000.0  217765.8   51614.4   29847.7 ]
[24-11-01 12:14:21] 201    -1806.58 [    50000.0  217765.8   51572.8   29847.7 ]
[24-11-01 12:14:21] 202    -1806.58 [    50000.0  217765.8   51531.6   29847.7 ]
[24-11-01 12:14:21] 203    -1806.58 [    50000.0  217765.8   51572.8   29847.7 ]
[24-11-01 12:14:22] 204    -1806.51 [    50000.0  217765.8   51572.8   29848.7 ]
[24-11-01 12:14:22] 205    -1806.39 [    50000.0  217765.8   51572.8   29850.4 ]
[24-11-01 12:14:22] 206    -1793.45 [    50000.0  217765.8   51572.8   30026.7 ]
[24-11-01 12:14:22] 207     -1623.8 [    50000.0  217765.8   51572.8   33991.0 ]
[24-11-01 12:14:22] 208    -1648.87 [    50000.0  217765.8   51572.8   40405.3 ]
[24-11-01 12:14:22] 209    -1602.71 [    50000.0  217765.8   51572.8   36441.0 ]
[24-11-01 12:14:23] 210    -1610.86 [    50000.0  217765.8   51572.8   37955.2 ]
[24-11-01 12:14:23] 211    -1602.68 [    50000.0  217765.8   51572.8   36375.1 ]
[24-11-01 12:14:23] 212    -1602.68 [    50000.0  217765.8   51572.8   36309.8 ]
[24-11-01 12:14:23] 213    -1605.66 [    50000.0  217765.8   51572.8   35424.1 ]
[24-11-01 12:14:23] 214    -1602.71 [    50000.0  217765.8   51572.8   36245.2 ]
[24-11-01 12:14:23] 216    -1602.68 [    50000.0  217765.8   51572.8   36309.8 ]
[24-11-01 12:14:24] 218    -1602.81 [    49998.4  217765.8   51572.8   36309.8 ]
[24-11-01 12:14:24] 219    -1602.73 [    49999.4  217765.8   51572.8   36309.8 ]
[24-11-01 12:14:24] 221     -1602.7 [    49999.7  217765.8   51572.8   36309.8 ]
[24-11-01 12:14:24] 223    -1602.69 [    49999.9  217765.8   51572.8   36309.8 ]
[24-11-01 12:14:24] 225    -1602.68 [    50000.0  217765.8   51572.8   36309.8 ]
[24-11-01 12:14:24] 227    -1602.68 [    50000.0  217765.8   51572.8   36309.8 ]
[24-11-01 12:14:24] 229    -1602.68 [    50000.0  217765.8   51572.8   36309.8 ]
[24-11-01 12:14:25] 231    -1602.68 [    50000.0  217765.8   51572.8   36309.8 ]
[24-11-01 12:14:25] 233    -1602.68 [    50000.0  217765.8   51572.8   36309.8 ]
[24-11-01 12:14:25] 235    -1602.68 [    50000.0  217765.8   51572.8   36309.8 ]
[24-11-01 12:14:25] 237    -1602.68 [    50000.0  217765.8   51572.8   36309.8 ]
[24-11-01 12:14:25] 239    -1602.68 [    50000.0  217765.8   51572.8   36309.8 ]
[24-11-01 12:14:25] 241    -1602.68 [    50000.0  217765.8   51572.8   36309.8 ]
[24-11-01 12:14:26] 243    -1602.68 [    50000.0  217765.8   51572.8   36309.8 ]
[24-11-01 12:14:26] 245    -1602.68 [    50000.0  217765.8   51572.8   36309.8 ]
[24-11-01 12:14:26] 247    -1602.68 [    50000.0  217765.8   51572.8   36309.8 ]
[24-11-01 12:14:26] 249    -1602.68 [    50000.0  217765.8   51572.8   36309.8 ]
[24-11-01 12:14:26] 251    -1602.68 [    50000.0  217765.8   51572.8   36309.8 ]
[24-11-01 12:14:26] 252    -1602.68 [    50000.0  217765.8   51572.8   36309.8 ]
[24-11-01 12:14:27] 254    -1602.68 [    50000.0  217765.8   51572.8   36309.8 ]
[24-11-01 12:14:27] 255    -1602.68 [    50000.0  217765.8   51572.8   36309.8 ]
[24-11-01 12:14:27] 256    -1602.68 [    50000.0  217765.8   51572.8   36309.8 ]
[24-11-01 12:14:27] 258    -1602.68 [    50000.0  217765.8   51572.8   36309.8 ]
[24-11-01 12:14:27] 260    -1602.68 [    50000.0  217765.8   51572.8   36309.8 ]
[24-11-01 12:14:27] 261    -1602.68 [    50000.0  217765.8   51572.8   36309.8 ]
[24-11-01 12:14:28] 262    -1602.68 [    50000.0  217765.8   51572.8   36309.8 ]
[24-11-01 12:14:28] 263    -1602.67 [    50000.0  217766.8   51572.8   36309.8 ]
[24-11-01 12:14:28] 264    -1602.66 [    50000.0  217768.5   51572.8   36309.8 ]
[24-11-01 12:14:28] 265    -1601.27 [    50000.0  217944.8   51572.8   36309.8 ]
[24-11-01 12:14:28] 266     -1477.5 [    50000.0  237168.7   51572.8   36309.8 ]
[24-11-01 12:14:28] 269    -1518.35 [    50000.0  229825.8   51572.8   36309.8 ]
[24-11-01 12:14:29] 270    -1496.93 [    50000.0  233497.3   51572.8   36309.8 ]
[24-11-01 12:14:29] 271    -1454.42 [    50000.0  242113.9   51572.8   36309.8 ]
[24-11-01 12:14:29] 272    -1441.93 [    50000.0  245170.2   51572.8   36309.8 ]
[24-11-01 12:14:29] 273    -1434.89 [    50000.0  247059.1   51572.8   36309.8 ]
[24-11-01 12:14:29] 274    -1430.79 [    50000.0  248226.5   51572.8   36309.8 ]
[24-11-01 12:14:29] 275    -1428.36 [    50000.0  248948.0   51572.8   36309.8 ]
[24-11-01 12:14:30] 276    -1426.89 [    50000.0  249393.9   51572.8   36309.8 ]
[24-11-01 12:14:30] 277    -1425.87 [    50000.0  249710.2   51572.8   36309.8 ]
[24-11-01 12:14:30] 278    -1425.87 [    50000.0  249710.2   51572.8   36309.8 ]
[24-11-01 12:14:30] 279    -1425.86 [    50000.0  249710.2   51573.8   36309.8 ]
[24-11-01 12:14:30] 280    -1425.85 [    50000.0  249710.2   51575.4   36309.8 ]
[24-11-01 12:14:31] 281     -1424.8 [    50000.0  249710.2   51751.8   36309.8 ]
[24-11-01 12:14:31] 282    -1406.37 [    50000.0  249710.2   57175.0   36309.8 ]
[24-11-01 12:14:31] 283    -1413.42 [    50000.0  249710.2   65950.0   36309.8 ]
[24-11-01 12:14:31] 284    -1405.08 [    50000.0  249710.2   60526.8   36309.8 ]
[24-11-01 12:14:31] 285    -1406.99 [    50000.0  249710.2   62598.3   36309.8 ]
[24-11-01 12:14:31] 286    -1404.85 [    50000.0  249710.2   59649.1   36309.8 ]
[24-11-01 12:14:32] 287    -1404.84 [    50000.0  249710.2   59568.4   36309.8 ]
[24-11-01 12:14:32] 288    -1404.84 [    50000.0  249710.2   59488.4   36309.8 ]
[24-11-01 12:14:32] 289    -1404.84 [    50000.0  249710.2   59568.4   36309.8 ]
[24-11-01 12:14:32] 290     -1404.8 [    50000.0  249710.2   59568.4   36310.8 ]
[24-11-01 12:14:32] 291    -1404.74 [    50000.0  249710.2   59568.4   36312.4 ]
[24-11-01 12:14:32] 292    -1397.82 [    50000.0  249710.2   59568.4   36488.8 ]
[24-11-01 12:14:33] 293    -1317.79 [    50000.0  249710.2   59568.4   40102.8 ]
[24-11-01 12:14:33] 294     -1355.4 [    50000.0  249710.2   59568.4   45950.4 ]
[24-11-01 12:14:33] 295    -1313.67 [    50000.0  249710.2   59568.4   42336.4 ]
[24-11-01 12:14:33] 296    -1323.64 [    50000.0  249710.2   59568.4   43716.8 ]
[24-11-01 12:14:33] 297     -1312.0 [    50000.0  249710.2   59568.4   41587.3 ]
[24-11-01 12:14:34] 298    -1311.99 [    50000.0  249710.2   59568.4   41534.5 ]
[24-11-01 12:14:34] 299     -1312.0 [    50000.0  249710.2   59568.4   41482.2 ]
[24-11-01 12:14:34] 301    -1311.99 [    50000.0  249710.2   59568.4   41534.5 ]
[24-11-01 12:14:34] 303     -1312.1 [    49998.4  249710.2   59568.4   41534.5 ]
[24-11-01 12:14:34] 304    -1312.03 [    49999.4  249710.2   59568.4   41534.5 ]
[24-11-01 12:14:34] 306    -1312.01 [    49999.7  249710.2   59568.4   41534.5 ]
[24-11-01 12:14:35] 308     -1312.0 [    49999.9  249710.2   59568.4   41534.5 ]
[24-11-01 12:14:35] 310     -1312.0 [    50000.0  249710.2   59568.4   41534.5 ]
[24-11-01 12:14:35] 312    -1311.99 [    50000.0  249710.2   59568.4   41534.5 ]
[24-11-01 12:14:35] 314    -1311.99 [    50000.0  249710.2   59568.4   41534.5 ]
[24-11-01 12:14:35] 316    -1311.99 [    50000.0  249710.2   59568.4   41534.5 ]
[24-11-01 12:14:36] 318    -1311.99 [    50000.0  249710.2   59568.4   41534.5 ]
[24-11-01 12:14:36] 320    -1311.99 [    50000.0  249710.2   59568.4   41534.5 ]
[24-11-01 12:14:36] 322    -1311.99 [    50000.0  249710.2   59568.4   41534.5 ]
[24-11-01 12:14:36] 324    -1311.99 [    50000.0  249710.2   59568.4   41534.5 ]
[24-11-01 12:14:36] 326    -1311.99 [    50000.0  249710.2   59568.4   41534.5 ]
[24-11-01 12:14:36] 328    -1311.99 [    50000.0  249710.2   59568.4   41534.5 ]
[24-11-01 12:14:37] 330    -1311.99 [    50000.0  249710.2   59568.4   41534.5 ]
[24-11-01 12:14:37] 332    -1311.99 [    50000.0  249710.2   59568.4   41534.5 ]
[24-11-01 12:14:37] 334    -1311.99 [    50000.0  249710.2   59568.4   41534.5 ]
[24-11-01 12:14:37] 336    -1311.99 [    50000.0  249710.2   59568.4   41534.5 ]
[24-11-01 12:14:37] 338    -1311.99 [    50000.0  249710.2   59568.4   41534.5 ]
[24-11-01 12:14:37] 340    -1311.99 [    50000.0  249710.2   59568.4   41534.5 ]
[24-11-01 12:14:38] 342    -1311.99 [    50000.0  249710.2   59568.4   41534.5 ]
[24-11-01 12:14:38] 344    -1311.99 [    50000.0  249710.2   59568.4   41534.5 ]
[24-11-01 12:14:38] 345    -1311.99 [    50000.0  249710.2   59568.4   41534.5 ]
[24-11-01 12:14:38] 347    -1311.99 [    50000.0  249710.2   59568.4   41534.5 ]
[24-11-01 12:14:38] 348    -1311.99 [    50000.0  249710.2   59568.4   41534.5 ]
[24-11-01 12:14:39] 349    -1311.99 [    50000.0  249710.2   59568.4   41534.5 ]
[24-11-01 12:14:39] 351    -1311.99 [    50000.0  249710.2   59568.4   41534.5 ]
[24-11-01 12:14:39] 352    -1311.99 [    50000.0  249710.2   59568.4   41534.5 ]
[24-11-01 12:14:39] 353    -1311.99 [    50000.0  249710.2   59568.4   41534.5 ]
[24-11-01 12:14:39] 354    -1311.99 [    50000.0  249710.2   59568.4   41534.5 ]
[24-11-01 12:14:39] 355    -1311.99 [    50000.0  249710.2   59568.4   41534.5 ]
[24-11-01 12:14:40] 356    -1311.99 [    50000.0  249710.2   59568.4   41534.5 ]
[24-11-01 12:14:40] 357    -1311.99 [    50000.0  249710.2   59568.4   41534.5 ]
[24-11-01 12:14:40] 358    -1311.99 [    50000.0  249711.2   59568.4   41534.5 ]
[24-11-01 12:14:40] 359    -1311.97 [    50000.0  249712.8   59568.4   41534.5 ]
[24-11-01 12:14:40] 360     -1310.7 [    50000.0  249889.2   59568.4   41534.5 ]
[24-11-01 12:14:40] 367    -1311.19 [    50000.0  249821.8   59568.4   41534.5 ]
[24-11-01 12:14:41] 368    -1310.94 [    50000.0  249855.5   59568.4   41534.5 ]
[24-11-01 12:14:41] 369    -1310.27 [    50000.0  249948.9   59568.4   41534.5 ]
[24-11-01 12:14:41] 370     -1310.0 [    50000.0  249985.8   59568.4   41534.5 ]
[24-11-01 12:14:41] 372    -1310.11 [    50000.0  249971.7   59568.4   41534.5 ]
[24-11-01 12:14:41] 373    -1309.94 [    50000.0  249994.5   59568.4   41534.5 ]
[24-11-01 12:14:42] 374     -1309.9 [    50000.0  249999.9   59568.4   41534.5 ]
[24-11-01 12:14:42] 376     -1309.9 [    50000.0  249999.9   59568.4   41534.5 ]
[24-11-01 12:14:42] 377     -1309.9 [    50000.0  249999.9   59569.4   41534.5 ]
[24-11-01 12:14:42] 378    -1309.89 [    50000.0  249999.9   59571.0   41534.5 ]
[24-11-01 12:14:42] 379    -1309.11 [    50000.0  249999.9   59747.3   41534.5 ]
[24-11-01 12:14:42] 380    -1291.59 [    50000.0  249999.9   66550.6   41534.5 ]
[24-11-01 12:14:42] 381    -1296.51 [    50000.0  249999.9   77558.5   41534.5 ]
[24-11-01 12:14:43] 382    -1289.97 [    50000.0  249999.9   70755.2   41534.5 ]
[24-11-01 12:14:43] 383    -1291.37 [    50000.0  249999.9   73353.8   41534.5 ]
[24-11-01 12:14:43] 384    -1289.87 [    50000.0  249999.9   70071.8   41534.5 ]
[24-11-01 12:14:43] 385    -1289.87 [    50000.0  249999.9   69862.3   41534.5 ]
[24-11-01 12:14:43] 386    -1289.87 [    50000.0  249999.9   69759.4   41534.5 ]
[24-11-01 12:14:43] 387    -1289.87 [    50000.0  249999.9   69965.3   41534.5 ]
[24-11-01 12:14:44] 388    -1289.87 [    50000.0  249999.9   69862.3   41534.5 ]
[24-11-01 12:14:44] 389    -1289.86 [    50000.0  249999.9   69862.3   41535.5 ]
[24-11-01 12:14:44] 390    -1289.85 [    50000.0  249999.9   69862.3   41537.1 ]
[24-11-01 12:14:44] 391    -1288.71 [    50000.0  249999.9   69862.3   41713.5 ]
[24-11-01 12:14:44] 392    -1285.34 [    50000.0  249999.9   69862.3   42778.0 ]
[24-11-01 12:14:44] 393    -1291.18 [    50000.0  249999.9   69862.3   44500.5 ]
[24-11-01 12:14:45] 394    -1286.04 [    50000.0  249999.9   69862.3   43435.9 ]
[24-11-01 12:14:45] 395    -1285.94 [    50000.0  249999.9   69862.3   42371.4 ]
[24-11-01 12:14:45] 396    -1285.32 [    50000.0  249999.9   69862.3   42883.5 ]
[24-11-01 12:14:45] 397    -1285.32 [    50000.0  249999.9   69862.3   42870.0 ]
[24-11-01 12:14:45] 398    -1285.32 [    50000.0  249999.9   69862.3   42897.0 ]
[24-11-01 12:14:45] 400    -1285.32 [    50000.0  249999.9   69862.3   42883.5 ]
[24-11-01 12:14:46] 402    -1285.41 [    49998.4  249999.9   69862.3   42883.5 ]
[24-11-01 12:14:46] 403    -1285.35 [    49999.4  249999.9   69862.3   42883.5 ]
[24-11-01 12:14:46] 405    -1285.33 [    49999.7  249999.9   69862.3   42883.5 ]
[24-11-01 12:14:46] 407    -1285.32 [    49999.9  249999.9   69862.3   42883.5 ]
[24-11-01 12:14:46] 409    -1285.32 [    50000.0  249999.9   69862.3   42883.5 ]
[24-11-01 12:14:46] 411    -1285.32 [    50000.0  249999.9   69862.3   42883.5 ]
[24-11-01 12:14:47] 413    -1285.32 [    50000.0  249999.9   69862.3   42883.5 ]
[24-11-01 12:14:47] 415    -1285.32 [    50000.0  249999.9   69862.3   42883.5 ]
[24-11-01 12:14:47] 417    -1285.32 [    50000.0  249999.9   69862.3   42883.5 ]
[24-11-01 12:14:47] 419    -1285.32 [    50000.0  249999.9   69862.3   42883.5 ]
[24-11-01 12:14:47] 421    -1285.32 [    50000.0  249999.9   69862.3   42883.5 ]
[24-11-01 12:14:47] 423    -1285.32 [    50000.0  249999.9   69862.3   42883.5 ]
[24-11-01 12:14:47] 425    -1285.32 [    50000.0  249999.9   69862.3   42883.5 ]
[24-11-01 12:14:48] 427    -1285.32 [    50000.0  249999.9   69862.3   42883.5 ]
[24-11-01 12:14:48] 429    -1285.32 [    50000.0  249999.9   69862.3   42883.5 ]
[24-11-01 12:14:48] 431    -1285.32 [    50000.0  249999.9   69862.3   42883.5 ]
[24-11-01 12:14:48] 433    -1285.32 [    50000.0  249999.9   69862.3   42883.5 ]
[24-11-01 12:14:48] 435    -1285.32 [    50000.0  249999.9   69862.3   42883.5 ]
[24-11-01 12:14:48] 437    -1285.32 [    50000.0  249999.9   69862.3   42883.5 ]
[24-11-01 12:14:49] 439    -1285.32 [    50000.0  249999.9   69862.3   42883.5 ]
[24-11-01 12:14:49] 441    -1285.32 [    50000.0  249999.9   69862.3   42883.5 ]
[24-11-01 12:14:49] 443    -1285.32 [    50000.0  249999.9   69862.3   42883.5 ]
[24-11-01 12:14:49] 445    -1285.32 [    50000.0  249999.9   69862.3   42883.5 ]
[24-11-01 12:14:49] 447    -1285.32 [    50000.0  249999.9   69862.3   42883.5 ]
[24-11-01 12:14:49] 448    -1285.32 [    50000.0  249999.9   69862.3   42883.5 ]
[24-11-01 12:14:50] 449    -1285.32 [    50000.0  249999.9   69862.3   42883.5 ]
[24-11-01 12:14:50] 450    -1285.32 [    50000.0  249999.9   69862.3   42883.5 ]
[24-11-01 12:14:50] 451    -1285.32 [    50000.0  249999.9   69862.3   42883.5 ]
[24-11-01 12:14:50] 452    -1285.32 [    50000.0  249999.9   69862.3   42883.5 ]
[24-11-01 12:14:50] 453    -1285.32 [    50000.0  249999.9   69862.3   42883.5 ]
[24-11-01 12:14:50] 454    -1285.32 [    50000.0  249999.9   69862.3   42883.5 ]
[24-11-01 12:14:51] 455    -1285.32 [    50000.0  249999.9   69862.3   42883.5 ]
[24-11-01 12:14:51] 456    -1285.32 [    50000.0  249999.9   69862.3   42883.5 ]
[24-11-01 12:14:51] 457    -1285.32 [    50000.0  249999.9   69862.3   42883.5 ]
[24-11-01 12:14:51] 459    -1285.33 [    50000.0  249998.2   69862.3   42883.5 ]
[24-11-01 12:14:51] 460    -1285.32 [    50000.0  249999.2   69862.3   42883.5 ]
[24-11-01 12:14:51] 462    -1285.32 [    50000.0  249999.6   69862.3   42883.5 ]
[24-11-01 12:14:52] 464    -1285.32 [    50000.0  249999.7   69862.3   42883.5 ]
[24-11-01 12:14:52] 465    -1285.32 [    50000.0  249999.9   69862.3   42883.5 ]
[24-11-01 12:14:52] 466    -1285.32 [    50000.0  250000.0   69862.3   42883.5 ]
[24-11-01 12:14:52] 467    -1285.32 [    50000.0  250000.0   69862.3   42883.5 ]
[24-11-01 12:14:52] 468    -1285.32 [    50000.0  250000.0   69862.3   42883.5 ]
[24-11-01 12:14:52] 470    -1285.32 [    50000.0  250000.0   69862.3   42883.5 ]
[24-11-01 12:14:53] 471    -1285.32 [    50000.0  250000.0   69862.3   42883.5 ]
[24-11-01 12:14:53] 472    -1285.32 [    50000.0  250000.0   69862.3   42883.5 ]
[24-11-01 12:14:53] 473    -1285.32 [    50000.0  250000.0   69862.3   42883.5 ]
[24-11-01 12:14:53] 474    -1285.32 [    50000.0  250000.0   69862.3   42883.5 ]
[24-11-01 12:14:53] 475    -1285.31 [    50000.0  250000.0   69863.3   42883.5 ]
[24-11-01 12:14:54] 476    -1285.31 [    50000.0  250000.0   69865.0   42883.5 ]
[24-11-01 12:14:54] 477    -1285.18 [    50000.0  250000.0   70041.3   42883.5 ]
[24-11-01 12:14:54] 478    -1284.28 [    50000.0  250000.0   72424.9   42883.5 ]
[24-11-01 12:14:54] 479    -1285.66 [    50000.0  250000.0   76281.6   42883.5 ]
[24-11-01 12:14:54] 480    -1284.44 [    50000.0  250000.0   73898.0   42883.5 ]
[24-11-01 12:14:54] 481    -1284.45 [    50000.0  250000.0   71514.5   42883.5 ]
[24-11-01 12:14:55] 482    -1284.27 [    50000.0  250000.0   72726.5   42883.5 ]
[24-11-01 12:14:55] 483    -1284.27 [    50000.0  250000.0   72697.8   42883.5 ]
[24-11-01 12:14:55] 484    -1284.27 [    50000.0  250000.0   72669.5   42883.5 ]
[24-11-01 12:14:55] 485    -1284.27 [    50000.0  250000.0   72697.8   42883.5 ]
[24-11-01 12:14:55] 486    -1284.27 [    50000.0  250000.0   72697.8   42884.5 ]
[24-11-01 12:14:56] 487    -1284.27 [    50000.0  250000.0   72697.8   42886.1 ]
[24-11-01 12:14:56] 488    -1284.09 [    50000.0  250000.0   72697.8   43062.5 ]
[24-11-01 12:14:56] 489    -1284.06 [    50000.0  250000.0   72697.8   43183.9 ]
[24-11-01 12:14:56] 490    -1284.14 [    50000.0  250000.0   72697.8   43380.3 ]
[24-11-01 12:14:56] 491    -1284.07 [    50000.0  250000.0   72697.8   43258.9 ]
[24-11-01 12:14:56] 492    -1284.06 [    50000.0  250000.0   72697.8   43137.5 ]
[24-11-01 12:14:57] 493    -1284.06 [    50000.0  250000.0   72697.8   43187.4 ]
[24-11-01 12:14:57] 494    -1284.06 [    50000.0  250000.0   72697.8   43190.5 ]
[24-11-01 12:14:57] 496    -1284.06 [    50000.0  250000.0   72697.8   43187.4 ]
[24-11-01 12:14:57] 498    -1284.15 [    49998.4  250000.0   72697.8   43187.4 ]
[24-11-01 12:14:57] 499    -1284.09 [    49999.4  250000.0   72697.8   43187.4 ]
[24-11-01 12:14:57] 501    -1284.07 [    49999.7  250000.0   72697.8   43187.4 ]
[24-11-01 12:14:58] 503    -1284.06 [    49999.9  250000.0   72697.8   43187.4 ]
[24-11-01 12:14:58] 505    -1284.06 [    50000.0  250000.0   72697.8   43187.4 ]
[24-11-01 12:14:58] 507    -1284.06 [    50000.0  250000.0   72697.8   43187.4 ]
[24-11-01 12:14:58] 509    -1284.06 [    50000.0  250000.0   72697.8   43187.4 ]
[24-11-01 12:14:58] 511    -1284.06 [    50000.0  250000.0   72697.8   43187.4 ]
[24-11-01 12:14:59] 513    -1284.06 [    50000.0  250000.0   72697.8   43187.4 ]
[24-11-01 12:14:59] 515    -1284.06 [    50000.0  250000.0   72697.8   43187.4 ]
[24-11-01 12:14:59] 517    -1284.06 [    50000.0  250000.0   72697.8   43187.4 ]
[24-11-01 12:14:59] 519    -1284.06 [    50000.0  250000.0   72697.8   43187.4 ]
[24-11-01 12:14:59] 521    -1284.06 [    50000.0  250000.0   72697.8   43187.4 ]
[24-11-01 12:14:59] 523    -1284.06 [    50000.0  250000.0   72697.8   43187.4 ]
[24-11-01 12:15:00] 525    -1284.06 [    50000.0  250000.0   72697.8   43187.4 ]
[24-11-01 12:15:00] 527    -1284.06 [    50000.0  250000.0   72697.8   43187.4 ]
[24-11-01 12:15:00] 529    -1284.06 [    50000.0  250000.0   72697.8   43187.4 ]
[24-11-01 12:15:00] 531    -1284.06 [    50000.0  250000.0   72697.8   43187.4 ]
[24-11-01 12:15:00] 533    -1284.06 [    50000.0  250000.0   72697.8   43187.4 ]
[24-11-01 12:15:01] 535    -1284.06 [    50000.0  250000.0   72697.8   43187.4 ]
[24-11-01 12:15:01] 537    -1284.06 [    50000.0  250000.0   72697.8   43187.4 ]
[24-11-01 12:15:01] 539    -1284.06 [    50000.0  250000.0   72697.8   43187.4 ]
[24-11-01 12:15:01] 541    -1284.06 [    50000.0  250000.0   72697.8   43187.4 ]
[24-11-01 12:15:01] 542    -1284.06 [    50000.0  250000.0   72697.8   43187.4 ]
[24-11-01 12:15:01] 545    -1284.06 [    50000.0  250000.0   72697.8   43187.4 ]
[24-11-01 12:15:02] 546    -1284.06 [    50000.0  250000.0   72697.8   43187.4 ]
[24-11-01 12:15:02] 547    -1284.06 [    50000.0  250000.0   72697.8   43187.4 ]
[24-11-01 12:15:02] 548    -1284.06 [    50000.0  250000.0   72697.8   43187.4 ]
[24-11-01 12:15:02] 549    -1284.06 [    50000.0  250000.0   72697.8   43187.4 ]
[24-11-01 12:15:02] 550    -1284.06 [    50000.0  250000.0   72697.8   43187.4 ]
[24-11-01 12:15:02] 552    -1284.07 [    50000.0  249998.4   72697.8   43187.4 ]
[24-11-01 12:15:03] 553    -1284.06 [    50000.0  249999.4   72697.8   43187.4 ]
[24-11-01 12:15:03] 555    -1284.06 [    50000.0  249999.7   72697.8   43187.4 ]
[24-11-01 12:15:03] 557    -1284.06 [    50000.0  249999.9   72697.8   43187.4 ]
[24-11-01 12:15:03] 559    -1284.06 [    50000.0  250000.0   72697.8   43187.4 ]
[24-11-01 12:15:03] 561    -1284.06 [    50000.0  250000.0   72697.8   43187.4 ]
[24-11-01 12:15:04] 563    -1284.06 [    50000.0  250000.0   72697.8   43187.4 ]
[24-11-01 12:15:04] 565    -1284.06 [    50000.0  250000.0   72697.8   43187.4 ]
[24-11-01 12:15:04] 566    -1284.06 [    50000.0  250000.0   72697.8   43187.4 ]
[24-11-01 12:15:04] 568    -1284.06 [    50000.0  250000.0   72697.8   43187.4 ]
[24-11-01 12:15:04] 570    -1284.06 [    50000.0  250000.0   72697.8   43187.4 ]
[24-11-01 12:15:04] 572    -1284.06 [    50000.0  250000.0   72697.8   43187.4 ]
[24-11-01 12:15:05] 574    -1284.06 [    50000.0  250000.0   72697.8   43187.4 ]
[24-11-01 12:15:05] 575    -1284.06 [    50000.0  250000.0   72697.8   43187.4 ]
[24-11-01 12:15:05] 577    -1284.06 [    50000.0  250000.0   72697.8   43187.4 ]
[24-11-01 12:15:05] 578    -1284.06 [    50000.0  250000.0   72698.8   43187.4 ]
[24-11-01 12:15:05] 579    -1284.06 [    50000.0  250000.0   72700.4   43187.4 ]
[24-11-01 12:15:05] 580    -1284.03 [    50000.0  250000.0   72876.8   43187.4 ]
[24-11-01 12:15:06] 581    -1284.01 [    50000.0  250000.0   73331.1   43187.4 ]
[24-11-01 12:15:06] 582    -1284.07 [    50000.0  250000.0   74066.3   43187.4 ]
[24-11-01 12:15:06] 583    -1284.02 [    50000.0  250000.0   73611.9   43187.4 ]
[24-11-01 12:15:06] 584    -1284.01 [    50000.0  250000.0   73157.6   43187.4 ]
[24-11-01 12:15:06] 585    -1284.01 [    50000.0  250000.0   73344.8   43187.4 ]
[24-11-01 12:15:07] 586    -1284.01 [    50000.0  250000.0   73338.3   43187.4 ]
[24-11-01 12:15:07] 587    -1284.01 [    50000.0  250000.0   73351.3   43187.4 ]
[24-11-01 12:15:07] 588    -1284.01 [    50000.0  250000.0   73344.8   43187.4 ]
[24-11-01 12:15:07] 589    -1284.01 [    50000.0  250000.0   73344.8   43188.4 ]
[24-11-01 12:15:07] 590    -1284.01 [    50000.0  250000.0   73344.8   43190.1 ]
[24-11-01 12:15:07] 591     -1284.0 [    50000.0  250000.0   73344.8   43255.2 ]
[24-11-01 12:15:08] 592    -1284.02 [    50000.0  250000.0   73344.8   43360.5 ]
[24-11-01 12:15:08] 593     -1284.0 [    50000.0  250000.0   73344.8   43295.4 ]
[24-11-01 12:15:08] 594     -1284.0 [    50000.0  250000.0   73344.8   43230.3 ]
[24-11-01 12:15:08] 595     -1284.0 [    50000.0  250000.0   73344.8   43255.8 ]
[24-11-01 12:15:08] 596     -1284.0 [    50000.0  250000.0   73344.8   43254.5 ]
Optimization terminated successfully.
         Current function value: 1283.996747
         Iterations: 8
         Function evaluations: 596
[24-11-01 12:15:08] 596      fit p: [    50000.0  250000.0   73344.8   43255.2 ]
method: Powell
objective_func: objective_H2
fopt: -1283.9967466589928
max_iter: 100
num_iter: 8
func_calls: 596
flag: 0
u_fitted: False
u: 1.111e-08
