[24-10-31 15:26:23] fitting objective_H2 to data for demes ['French', 'KhomaniSan', 'Yoruba']
[24-10-31 15:26:23] 0        pnames [         NK       NFY       TFY        NF        NY ]
[24-10-31 15:26:23] 0            p0 [    17447.2   22931.2   51873.7    7547.4   26174.7 ]
[24-10-31 15:26:24] 1     -15609.53 [    17447.2   22931.2   51873.7    7547.4   26174.7 ]
[24-10-31 15:26:24] 2     -15609.53 [    17447.2   22931.2   51873.7    7547.4   26174.7 ]
[24-10-31 15:26:25] 3     -15609.36 [    17448.2   22931.2   51873.7    7547.4   26174.7 ]
[24-10-31 15:26:25] 4     -15609.08 [    17449.8   22931.2   51873.7    7547.4   26174.7 ]
[24-10-31 15:26:26] 5     -15579.58 [    17626.2   22931.2   51873.7    7547.4   26174.7 ]
[24-10-31 15:26:26] 6     -15132.91 [    21903.9   22931.2   51873.7    7547.4   26174.7 ]
[24-10-31 15:26:27] 7     -14951.28 [    28825.4   22931.2   51873.7    7547.4   26174.7 ]
[24-10-31 15:26:27] 8     -14963.14 [    27244.2   22931.2   51873.7    7547.4   26174.7 ]
[24-10-31 15:26:28] 9     -15044.86 [    40024.5   22931.2   51873.7    7547.4   26174.7 ]
[24-10-31 15:26:28] 10    -14962.44 [    33103.1   22931.2   51873.7    7547.4   26174.7 ]
[24-10-31 15:26:29] 11    -14978.38 [    26181.6   22931.2   51873.7    7547.4   26174.7 ]
[24-10-31 15:26:29] 12    -14949.24 [    30261.9   22931.2   51873.7    7547.4   26174.7 ]
[24-10-31 15:26:29] 13     -14949.1 [    30043.7   22931.2   51873.7    7547.4   26174.7 ]
[24-10-31 15:26:30] 14    -14949.09 [    29917.7   22931.2   51873.7    7547.4   26174.7 ]
[24-10-31 15:26:30] 15    -14949.13 [    29793.0   22931.2   51873.7    7547.4   26174.7 ]
[24-10-31 15:26:31] 16    -14949.09 [    29917.7   22931.2   51873.7    7547.4   26174.7 ]
[24-10-31 15:26:31] 17    -14949.42 [    29917.7   22932.2   51873.7    7547.4   26174.7 ]
[24-10-31 15:26:32] 18    -14948.55 [    29917.7   22929.6   51873.7    7547.4   26174.7 ]
[24-10-31 15:26:32] 19    -14890.41 [    29917.7   22753.2   51873.7    7547.4   26174.7 ]
[24-10-31 15:26:32] 20     -96064.1 [    29917.7    3529.3   51873.7    7547.4   26174.7 ]
[24-10-31 15:26:33] 21    -13243.33 [    29917.7   15410.3   51873.7    7547.4   26174.7 ]
[24-10-31 15:26:33] 22     -15864.1 [    29917.7   10872.2   51873.7    7547.4   26174.7 ]
[24-10-31 15:26:33] 23    -13413.06 [    29917.7   17419.9   51873.7    7547.4   26174.7 ]
[24-10-31 15:26:33] 24    -13285.26 [    29917.7   14804.6   51873.7    7547.4   26174.7 ]
[24-10-31 15:26:34] 25    -13241.45 [    29917.7   15696.5   51873.7    7547.4   26174.7 ]
[24-10-31 15:26:34] 26    -13240.91 [    29917.7   15600.3   51873.7    7547.4   26174.7 ]
[24-10-31 15:26:34] 27    -13241.28 [    29917.7   15527.0   51873.7    7547.4   26174.7 ]
[24-10-31 15:26:35] 28    -13240.91 [    29917.7   15600.3   51873.7    7547.4   26174.7 ]
[24-10-31 15:26:35] 29    -13240.85 [    29917.7   15600.3   51874.7    7547.4   26174.7 ]
[24-10-31 15:26:35] 30    -13240.75 [    29917.7   15600.3   51876.4    7547.4   26174.7 ]
[24-10-31 15:26:35] 31    -13230.36 [    29917.7   15600.3   52052.7    7547.4   26174.7 ]
[24-10-31 15:26:36] 32    -12447.34 [    29917.7   15600.3   71276.6    7547.4   26174.7 ]
[24-10-31 15:26:36] 33    -12317.27 [    29917.7   15600.3   83343.1    7547.4   26174.7 ]
[24-10-31 15:26:37] 34    -12713.11 [    29917.7   15600.3  102867.1    7547.4   26174.7 ]
[24-10-31 15:26:37] 35    -12379.15 [    29917.7   15600.3   90800.6    7547.4   26174.7 ]
[24-10-31 15:26:38] 36    -12333.57 [    29917.7   15600.3   78734.1    7547.4   26174.7 ]
[24-10-31 15:26:38] 37    -12317.03 [    29917.7   15600.3   82841.5    7547.4   26174.7 ]
[24-10-31 15:26:39] 38    -12317.13 [    29917.7   15600.3   82531.9    7547.4   26174.7 ]
[24-10-31 15:26:39] 39    -12317.03 [    29917.7   15600.3   82841.5    7547.4   26174.7 ]
[24-10-31 15:26:39] 40    -12317.85 [    29917.7   15600.3   82841.5    7548.4   26174.7 ]
[24-10-31 15:26:40] 41     -12315.7 [    29917.7   15600.3   82841.5    7545.8   26174.7 ]
[24-10-31 15:26:40] 42    -12313.54 [    29917.7   15600.3   82841.5    7543.2   26174.7 ]
[24-10-31 15:26:40] 43    -12310.04 [    29917.7   15600.3   82841.5    7538.9   26174.7 ]
[24-10-31 15:26:40] 44    -12304.39 [    29917.7   15600.3   82841.5    7532.1   26174.7 ]
[24-10-31 15:26:41] 45    -12295.24 [    29917.7   15600.3   82841.5    7521.0   26174.7 ]
[24-10-31 15:26:41] 46    -12280.42 [    29917.7   15600.3   82841.5    7503.0   26174.7 ]
[24-10-31 15:26:41] 47    -12256.45 [    29917.7   15600.3   82841.5    7474.0   26174.7 ]
[24-10-31 15:26:42] 48    -12217.62 [    29917.7   15600.3   82841.5    7427.0   26174.7 ]
[24-10-31 15:26:42] 49    -12154.74 [    29917.7   15600.3   82841.5    7351.0   26174.7 ]
[24-10-31 15:26:42] 50    -12052.92 [    29917.7   15600.3   82841.5    7228.0   26174.7 ]
[24-10-31 15:26:43] 51    -11888.19 [    29917.7   15600.3   82841.5    7029.0   26174.7 ]
[24-10-31 15:26:43] 54    -10399.24 [    29917.7   15600.3   82841.5    3864.3   26174.7 ]
[24-10-31 15:26:43] 55    -10676.93 [    29917.7   15600.3   82841.5    5446.6   26174.7 ]
[24-10-31 15:26:44] 56    -10278.58 [    29917.7   15600.3   82841.5    4184.8   26174.7 ]
[24-10-31 15:26:44] 57    -10270.16 [    29917.7   15600.3   82841.5    4454.9   26174.7 ]
[24-10-31 15:26:44] 58     -10264.9 [    29917.7   15600.3   82841.5    4346.5   26174.7 ]
[24-10-31 15:26:45] 59    -10265.32 [    29917.7   15600.3   82841.5    4378.5   26174.7 ]
[24-10-31 15:26:45] 60    -10265.46 [    29917.7   15600.3   82841.5    4314.5   26174.7 ]
[24-10-31 15:26:45] 61     -10264.9 [    29917.7   15600.3   82841.5    4346.5   26174.7 ]
[24-10-31 15:26:46] 62    -10264.79 [    29917.7   15600.3   82841.5    4346.5   26175.7 ]
[24-10-31 15:26:46] 63    -10264.62 [    29917.7   15600.3   82841.5    4346.5   26177.4 ]
[24-10-31 15:26:47] 64    -10246.33 [    29917.7   15600.3   82841.5    4346.5   26353.7 ]
[24-10-31 15:26:47] 65     -9643.23 [    29917.7   15600.3   82841.5    4346.5   35255.6 ]
[24-10-31 15:26:48] 66     -9259.77 [    29917.7   15600.3   82841.5    4346.5   49659.2 ]
[24-10-31 15:26:48] 68     -9363.03 [    29917.7   15600.3   82841.5    4346.5   44157.5 ]
[24-10-31 15:26:48] 69      -9295.0 [    29917.7   15600.3   82841.5    4346.5   47557.7 ]
[24-10-31 15:26:49] 70     -9272.69 [    29917.7   15600.3   82841.5    4346.5   48856.5 ]
[24-10-31 15:26:49] 71     -9264.63 [    29917.7   15600.3   82841.5    4346.5   49352.6 ]
[24-10-31 15:26:50] 73     -9259.77 [    29917.7   15600.3   82841.5    4346.5   49659.2 ]
[24-10-31 15:26:50] 74     -9259.77 [    29918.7   15600.3   82841.5    4346.5   49659.2 ]
[24-10-31 15:26:51] 75     -9259.77 [    29920.3   15600.3   82841.5    4346.5   49659.2 ]
[24-10-31 15:26:51] 76     -9259.32 [    30096.7   15600.3   82841.5    4346.5   49659.2 ]
[24-10-31 15:26:51] 77     -9258.53 [    30757.2   15600.3   82841.5    4346.5   49659.2 ]
[24-10-31 15:26:52] 78     -9259.93 [    31825.8   15600.3   82841.5    4346.5   49659.2 ]
[24-10-31 15:26:52] 79      -9258.7 [    31165.4   15600.3   82841.5    4346.5   49659.2 ]
[24-10-31 15:26:53] 80     -9258.67 [    30504.9   15600.3   82841.5    4346.5   49659.2 ]
[24-10-31 15:26:53] 81     -9258.52 [    30820.0   15600.3   82841.5    4346.5   49659.2 ]
[24-10-31 15:26:54] 82     -9258.52 [    30810.9   15600.3   82841.5    4346.5   49659.2 ]
[24-10-31 15:26:54] 83     -9258.52 [    30829.0   15600.3   82841.5    4346.5   49659.2 ]
[24-10-31 15:26:55] 84     -9258.52 [    30820.0   15600.3   82841.5    4346.5   49659.2 ]
[24-10-31 15:26:55] 85      -9258.6 [    30820.0   15601.3   82841.5    4346.5   49659.2 ]
[24-10-31 15:26:56] 86      -9258.4 [    30820.0   15598.7   82841.5    4346.5   49659.2 ]
[24-10-31 15:26:56] 87     -9246.05 [    30820.0   15422.3   82841.5    4346.5   49659.2 ]
[24-10-31 15:26:57] 88     -9221.08 [    30820.0   14468.4   82841.5    4346.5   49659.2 ]
[24-10-31 15:26:57] 89     -9391.35 [    30820.0   12924.9   82841.5    4346.5   49659.2 ]
[24-10-31 15:26:57] 90     -9249.36 [    30820.0   13878.8   82841.5    4346.5   49659.2 ]
[24-10-31 15:26:58] 91     -9221.48 [    30820.0   14832.8   82841.5    4346.5   49659.2 ]
[24-10-31 15:26:58] 92     -9219.72 [    30820.0   14640.0   82841.5    4346.5   49659.2 ]
[24-10-31 15:26:59] 93     -9219.72 [    30820.0   14630.4   82841.5    4346.5   49659.2 ]
[24-10-31 15:26:59] 94     -9219.73 [    30820.0   14649.6   82841.5    4346.5   49659.2 ]
[24-10-31 15:27:00] 95     -9219.72 [    30820.0   14640.0   82841.5    4346.5   49659.2 ]
[24-10-31 15:27:00] 96     -9219.74 [    30820.0   14640.0   82842.5    4346.5   49659.2 ]
[24-10-31 15:27:01] 97     -9219.68 [    30820.0   14640.0   82839.9    4346.5   49659.2 ]
[24-10-31 15:27:01] 98      -9215.4 [    30820.0   14640.0   82663.5    4346.5   49659.2 ]
[24-10-31 15:27:02] 99     -9125.75 [    30820.0   14640.0   75102.0    4346.5   49659.2 ]
[24-10-31 15:27:02] 100    -9379.37 [    30820.0   14640.0   62867.1    4346.5   49659.2 ]
[24-10-31 15:27:03] 101    -9163.45 [    30820.0   14640.0   70428.7    4346.5   49659.2 ]
[24-10-31 15:27:03] 102    -9138.25 [    30820.0   14640.0   77990.2    4346.5   49659.2 ]
[24-10-31 15:27:03] 103    -9125.73 [    30820.0   14640.0   75226.4    4346.5   49659.2 ]
[24-10-31 15:27:04] 104    -9125.74 [    30820.0   14640.0   75302.6    4346.5   49659.2 ]
[24-10-31 15:27:04] 105    -9125.73 [    30820.0   14640.0   75226.4    4346.5   49659.2 ]
[24-10-31 15:27:05] 106    -9125.75 [    30820.0   14640.0   75226.4    4347.5   49659.2 ]
[24-10-31 15:27:05] 107    -9125.71 [    30820.0   14640.0   75226.4    4344.9   49659.2 ]
[24-10-31 15:27:06] 108    -9125.56 [    30820.0   14640.0   75226.4    4326.0   49659.2 ]
[24-10-31 15:27:06] 109    -9125.96 [    30820.0   14640.0   75226.4    4295.5   49659.2 ]
[24-10-31 15:27:07] 110    -9125.62 [    30820.0   14640.0   75226.4    4314.3   49659.2 ]
[24-10-31 15:27:07] 111    -9125.58 [    30820.0   14640.0   75226.4    4333.2   49659.2 ]
[24-10-31 15:27:08] 112    -9125.56 [    30820.0   14640.0   75226.4    4326.2   49659.2 ]
[24-10-31 15:27:08] 113    -9125.56 [    30820.0   14640.0   75226.4    4326.4   49659.2 ]
[24-10-31 15:27:09] 114    -9125.56 [    30820.0   14640.0   75226.4    4326.2   49659.2 ]
[24-10-31 15:27:09] 115    -9125.54 [    30820.0   14640.0   75226.4    4326.2   49660.2 ]
[24-10-31 15:27:09] 116    -9125.51 [    30820.0   14640.0   75226.4    4326.2   49661.8 ]
[24-10-31 15:27:10] 117    -9122.23 [    30820.0   14640.0   75226.4    4326.2   49838.1 ]
[24-10-31 15:27:10] 123    -9119.44 [    30820.0   14640.0   75226.4    4326.2   49989.0 ]
[24-10-31 15:27:11] 124    -9120.83 [    30820.0   14640.0   75226.4    4326.2   49913.6 ]
[24-10-31 15:27:11] 127    -9119.97 [    30820.0   14640.0   75226.4    4326.2   49960.2 ]
[24-10-31 15:27:11] 129    -9119.64 [    30820.0   14640.0   75226.4    4326.2   49978.0 ]
[24-10-31 15:27:11] 130    -9119.34 [    30820.0   14640.0   75226.4    4326.2   49994.2 ]
[24-10-31 15:27:12] 131    -9119.28 [    30820.0   14640.0   75226.4    4326.2   49997.6 ]
[24-10-31 15:27:12] 133    -9119.28 [    30820.0   14640.0   75226.4    4326.2   49997.6 ]
[24-10-31 15:27:12] 134    -9119.29 [    30821.0   14640.0   75226.4    4326.2   49997.6 ]
[24-10-31 15:27:13] 135    -9119.26 [    30818.4   14640.0   75226.4    4326.2   49997.6 ]
[24-10-31 15:27:13] 136    -9117.01 [    30642.0   14640.0   75226.4    4326.2   49997.6 ]
[24-10-31 15:27:13] 137    -9101.93 [    24884.9   14640.0   75226.4    4326.2   49997.6 ]
[24-10-31 15:27:14] 138    -9899.25 [    15569.6   14640.0   75226.4    4326.2   49997.6 ]
[24-10-31 15:27:14] 139    -9204.31 [    21326.7   14640.0   75226.4    4326.2   49997.6 ]
[24-10-31 15:27:14] 140    -9090.64 [    27083.9   14640.0   75226.4    4326.2   49997.6 ]
[24-10-31 15:27:15] 141    -9090.79 [    26609.7   14640.0   75226.4    4326.2   49997.6 ]
[24-10-31 15:27:15] 142    -9090.57 [    26903.2   14640.0   75226.4    4326.2   49997.6 ]
[24-10-31 15:27:15] 143    -9090.57 [    26942.4   14640.0   75226.4    4326.2   49997.6 ]
[24-10-31 15:27:15] 144    -9090.57 [    26864.0   14640.0   75226.4    4326.2   49997.6 ]
[24-10-31 15:27:16] 145    -9090.57 [    26903.2   14640.0   75226.4    4326.2   49997.6 ]
[24-10-31 15:27:16] 146    -9090.53 [    26903.2   14641.0   75226.4    4326.2   49997.6 ]
[24-10-31 15:27:16] 147    -9090.46 [    26903.2   14642.6   75226.4    4326.2   49997.6 ]
[24-10-31 15:27:17] 148    -9084.71 [    26903.2   14819.0   75226.4    4326.2   49997.6 ]
[24-10-31 15:27:17] 149    -9082.13 [    26903.2   15026.8   75226.4    4326.2   49997.6 ]
[24-10-31 15:27:17] 150    -9086.81 [    26903.2   15363.1   75226.4    4326.2   49997.6 ]
[24-10-31 15:27:18] 151    -9082.68 [    26903.2   15155.3   75226.4    4326.2   49997.6 ]
[24-10-31 15:27:18] 152     -9082.6 [    26903.2   14947.4   75226.4    4326.2   49997.6 ]
[24-10-31 15:27:18] 153    -9082.11 [    26903.2   15047.3   75226.4    4326.2   49997.6 ]
[24-10-31 15:27:19] 154    -9082.11 [    26903.2   15043.3   75226.4    4326.2   49997.6 ]
[24-10-31 15:27:19] 155    -9082.11 [    26903.2   15051.4   75226.4    4326.2   49997.6 ]
[24-10-31 15:27:19] 156    -9082.11 [    26903.2   15047.3   75226.4    4326.2   49997.6 ]
[24-10-31 15:27:19] 157    -9082.12 [    26903.2   15047.3   75227.4    4326.2   49997.6 ]
[24-10-31 15:27:20] 158     -9082.1 [    26903.2   15047.3   75224.8    4326.2   49997.6 ]
[24-10-31 15:27:20] 159    -9080.65 [    26903.2   15047.3   75048.4    4326.2   49997.6 ]
[24-10-31 15:27:20] 160    -9071.08 [    26903.2   15047.3   72618.3    4326.2   49997.6 ]
[24-10-31 15:27:21] 161    -9096.92 [    26903.2   15047.3   68686.2    4326.2   49997.6 ]
[24-10-31 15:27:21] 162    -9074.88 [    26903.2   15047.3   71116.4    4326.2   49997.6 ]
[24-10-31 15:27:21] 163    -9072.45 [    26903.2   15047.3   73546.5    4326.2   49997.6 ]
[24-10-31 15:27:22] 164    -9071.08 [    26903.2   15047.3   72644.4    4326.2   49997.6 ]
[24-10-31 15:27:22] 165    -9071.08 [    26903.2   15047.3   72670.2    4326.2   49997.6 ]
[24-10-31 15:27:22] 166    -9071.08 [    26903.2   15047.3   72644.4    4326.2   49997.6 ]
[24-10-31 15:27:22] 167     -9071.2 [    26903.2   15047.3   72644.4    4327.2   49997.6 ]
[24-10-31 15:27:23] 168     -9070.9 [    26903.2   15047.3   72644.4    4324.6   49997.6 ]
[24-10-31 15:27:23] 169    -9063.17 [    26903.2   15047.3   72644.4    4178.8   49997.6 ]
[24-10-31 15:27:23] 170    -9093.01 [    26903.2   15047.3   72644.4    3942.8   49997.6 ]
[24-10-31 15:27:24] 171    -9067.85 [    26903.2   15047.3   72644.4    4088.6   49997.6 ]
[24-10-31 15:27:24] 172     -9064.0 [    26903.2   15047.3   72644.4    4234.5   49997.6 ]
[24-10-31 15:27:24] 173    -9063.11 [    26903.2   15047.3   72644.4    4190.2   49997.6 ]
[24-10-31 15:27:25] 174    -9063.11 [    26903.2   15047.3   72644.4    4188.9   49997.6 ]
[24-10-31 15:27:25] 175    -9063.12 [    26903.2   15047.3   72644.4    4187.5   49997.6 ]
[24-10-31 15:27:25] 176    -9063.11 [    26903.2   15047.3   72644.4    4188.9   49997.6 ]
[24-10-31 15:27:26] 177     -9063.1 [    26903.2   15047.3   72644.4    4188.9   49998.6 ]
[24-10-31 15:27:26] 179    -9063.09 [    26903.2   15047.3   72644.4    4188.9   49999.2 ]
[24-10-31 15:27:26] 180    -9063.08 [    26903.2   15047.3   72644.4    4188.9   49999.6 ]
[24-10-31 15:27:27] 181    -9063.08 [    26903.2   15047.3   72644.4    4188.9   49999.8 ]
[24-10-31 15:27:27] 182    -9063.08 [    26903.2   15047.3   72644.4    4188.9   50000.0 ]
[24-10-31 15:27:27] 184    -9063.08 [    26903.2   15047.3   72644.4    4188.9   49999.9 ]
[24-10-31 15:27:28] 186    -9063.08 [    26903.2   15047.3   72644.4    4188.9   49999.9 ]
[24-10-31 15:27:28] 188    -9063.08 [    26903.2   15047.3   72644.4    4188.9   50000.0 ]
[24-10-31 15:27:29] 189    -9063.08 [    26904.2   15047.3   72644.4    4188.9   50000.0 ]
[24-10-31 15:27:29] 190    -9063.07 [    26905.8   15047.3   72644.4    4188.9   50000.0 ]
[24-10-31 15:27:30] 191     -9062.9 [    27082.2   15047.3   72644.4    4188.9   50000.0 ]
[24-10-31 15:27:30] 192    -9062.87 [    27194.7   15047.3   72644.4    4188.9   50000.0 ]
[24-10-31 15:27:31] 193    -9062.94 [    27376.7   15047.3   72644.4    4188.9   50000.0 ]
[24-10-31 15:27:31] 194    -9062.88 [    27264.2   15047.3   72644.4    4188.9   50000.0 ]
[24-10-31 15:27:32] 195    -9062.88 [    27151.7   15047.3   72644.4    4188.9   50000.0 ]
[24-10-31 15:27:32] 196    -9062.87 [    27199.9   15047.3   72644.4    4188.9   50000.0 ]
[24-10-31 15:27:33] 197    -9062.87 [    27202.9   15047.3   72644.4    4188.9   50000.0 ]
[24-10-31 15:27:33] 198    -9062.87 [    27199.9   15047.3   72644.4    4188.9   50000.0 ]
[24-10-31 15:27:33] 199    -9062.83 [    27199.9   15048.3   72644.4    4188.9   50000.0 ]
[24-10-31 15:27:34] 200    -9062.77 [    27199.9   15050.0   72644.4    4188.9   50000.0 ]
[24-10-31 15:27:34] 201    -9057.95 [    27199.9   15226.3   72644.4    4188.9   50000.0 ]
[24-10-31 15:27:35] 202    -9056.21 [    27199.9   15402.4   72644.4    4188.9   50000.0 ]
[24-10-31 15:27:35] 203    -9059.47 [    27199.9   15687.3   72644.4    4188.9   50000.0 ]
[24-10-31 15:27:36] 204     -9056.6 [    27199.9   15511.2   72644.4    4188.9   50000.0 ]
[24-10-31 15:27:36] 205    -9056.52 [    27199.9   15335.1   72644.4    4188.9   50000.0 ]
[24-10-31 15:27:37] 206     -9056.2 [    27199.9   15418.4   72644.4    4188.9   50000.0 ]
[24-10-31 15:27:37] 207     -9056.2 [    27199.9   15414.7   72644.4    4188.9   50000.0 ]
[24-10-31 15:27:38] 208     -9056.2 [    27199.9   15422.1   72644.4    4188.9   50000.0 ]
[24-10-31 15:27:38] 209     -9056.2 [    27199.9   15418.4   72644.4    4188.9   50000.0 ]
[24-10-31 15:27:39] 210    -9056.21 [    27199.9   15418.4   72645.4    4188.9   50000.0 ]
[24-10-31 15:27:39] 211    -9056.19 [    27199.9   15418.4   72642.8    4188.9   50000.0 ]
[24-10-31 15:27:39] 212    -9054.85 [    27199.9   15418.4   72466.4    4188.9   50000.0 ]
[24-10-31 15:27:40] 213    -9046.89 [    27199.9   15418.4   70281.7    4188.9   50000.0 ]
[24-10-31 15:27:40] 214    -9068.45 [    27199.9   15418.4   66746.7    4188.9   50000.0 ]
[24-10-31 15:27:41] 215    -9050.06 [    27199.9   15418.4   68931.4    4188.9   50000.0 ]
[24-10-31 15:27:41] 216    -9048.02 [    27199.9   15418.4   71116.2    4188.9   50000.0 ]
[24-10-31 15:27:41] 217    -9046.89 [    27199.9   15418.4   70305.3    4188.9   50000.0 ]
[24-10-31 15:27:42] 218    -9046.89 [    27199.9   15418.4   70328.7    4188.9   50000.0 ]
[24-10-31 15:27:42] 219    -9046.89 [    27199.9   15418.4   70305.3    4188.9   50000.0 ]
[24-10-31 15:27:43] 220    -9047.01 [    27199.9   15418.4   70305.3    4189.9   50000.0 ]
[24-10-31 15:27:43] 221    -9046.69 [    27199.9   15418.4   70305.3    4187.3   50000.0 ]
[24-10-31 15:27:44] 222    -9038.71 [    27199.9   15418.4   70305.3    4043.6   50000.0 ]
[24-10-31 15:27:44] 223    -9069.73 [    27199.9   15418.4   70305.3    3811.2   50000.0 ]
[24-10-31 15:27:45] 224    -9043.58 [    27199.9   15418.4   70305.3    3954.8   50000.0 ]
[24-10-31 15:27:45] 225    -9039.57 [    27199.9   15418.4   70305.3    4098.5   50000.0 ]
[24-10-31 15:27:46] 226    -9038.66 [    27199.9   15418.4   70305.3    4055.1   50000.0 ]
[24-10-31 15:27:46] 227    -9038.66 [    27199.9   15418.4   70305.3    4053.7   50000.0 ]
[24-10-31 15:27:46] 228    -9038.66 [    27199.9   15418.4   70305.3    4052.4   50000.0 ]
[24-10-31 15:27:47] 229    -9038.66 [    27199.9   15418.4   70305.3    4053.7   50000.0 ]
[24-10-31 15:27:47] 231    -9038.68 [    27199.9   15418.4   70305.3    4053.7   49998.3 ]
[24-10-31 15:27:48] 232    -9038.66 [    27199.9   15418.4   70305.3    4053.7   49999.3 ]
[24-10-31 15:27:48] 234    -9038.66 [    27199.9   15418.4   70305.3    4053.7   49999.7 ]
[24-10-31 15:27:48] 236    -9038.66 [    27199.9   15418.4   70305.3    4053.7   49999.8 ]
[24-10-31 15:27:49] 238    -9038.66 [    27199.9   15418.4   70305.3    4053.7   49999.9 ]
[24-10-31 15:27:49] 239    -9038.65 [    27199.9   15418.4   70305.3    4053.7   50000.0 ]
[24-10-31 15:27:50] 241    -9038.65 [    27199.9   15418.4   70305.3    4053.7   50000.0 ]
[24-10-31 15:27:50] 242    -9038.65 [    27199.9   15418.4   70305.3    4053.7   50000.0 ]
[24-10-31 15:27:51] 243    -9038.65 [    27199.9   15418.4   70305.3    4053.7   50000.0 ]
[24-10-31 15:27:51] 244    -9038.65 [    27199.9   15418.4   70305.3    4053.7   50000.0 ]
[24-10-31 15:27:52] 245    -9038.65 [    27199.9   15418.4   70305.3    4053.7   50000.0 ]
[24-10-31 15:27:52] 246    -9038.65 [    27199.9   15418.4   70305.3    4053.7   50000.0 ]
[24-10-31 15:27:53] 248    -9038.65 [    27199.9   15418.4   70305.3    4053.7   50000.0 ]
[24-10-31 15:27:53] 250    -9038.65 [    27199.9   15418.4   70305.3    4053.7   50000.0 ]
[24-10-31 15:27:53] 251    -9038.65 [    27200.9   15418.4   70305.3    4053.7   50000.0 ]
[24-10-31 15:27:54] 252    -9038.65 [    27202.5   15418.4   70305.3    4053.7   50000.0 ]
[24-10-31 15:27:54] 253    -9038.51 [    27378.9   15418.4   70305.3    4053.7   50000.0 ]
[24-10-31 15:27:55] 254    -9038.49 [    27469.0   15418.4   70305.3    4053.7   50000.0 ]
[24-10-31 15:27:55] 255    -9038.53 [    27614.8   15418.4   70305.3    4053.7   50000.0 ]
[24-10-31 15:27:56] 256    -9038.49 [    27524.7   15418.4   70305.3    4053.7   50000.0 ]
[24-10-31 15:27:56] 257    -9038.49 [    27434.6   15418.4   70305.3    4053.7   50000.0 ]
[24-10-31 15:27:57] 258    -9038.49 [    27473.2   15418.4   70305.3    4053.7   50000.0 ]
[24-10-31 15:27:57] 259    -9038.49 [    27475.9   15418.4   70305.3    4053.7   50000.0 ]
[24-10-31 15:27:58] 260    -9038.49 [    27473.2   15418.4   70305.3    4053.7   50000.0 ]
[24-10-31 15:27:58] 261    -9038.45 [    27473.2   15419.4   70305.3    4053.7   50000.0 ]
[24-10-31 15:27:59] 262     -9038.4 [    27473.2   15421.0   70305.3    4053.7   50000.0 ]
[24-10-31 15:27:59] 263    -9034.23 [    27473.2   15597.4   70305.3    4053.7   50000.0 ]
[24-10-31 15:27:59] 264     -9033.0 [    27473.2   15750.1   70305.3    4053.7   50000.0 ]
[24-10-31 15:28:00] 265    -9035.37 [    27473.2   15997.2   70305.3    4053.7   50000.0 ]
[24-10-31 15:28:00] 266    -9033.28 [    27473.2   15844.5   70305.3    4053.7   50000.0 ]
[24-10-31 15:28:01] 267    -9033.22 [    27473.2   15691.7   70305.3    4053.7   50000.0 ]
[24-10-31 15:28:01] 268    -9032.99 [    27473.2   15763.1   70305.3    4053.7   50000.0 ]
[24-10-31 15:28:02] 269    -9032.99 [    27473.2   15759.7   70305.3    4053.7   50000.0 ]
[24-10-31 15:28:02] 270    -9032.99 [    27473.2   15766.5   70305.3    4053.7   50000.0 ]
[24-10-31 15:28:03] 271    -9032.99 [    27473.2   15763.1   70305.3    4053.7   50000.0 ]
[24-10-31 15:28:03] 272     -9033.0 [    27473.2   15763.1   70306.3    4053.7   50000.0 ]
[24-10-31 15:28:04] 273    -9032.98 [    27473.2   15763.1   70303.7    4053.7   50000.0 ]
[24-10-31 15:28:04] 274    -9031.65 [    27473.2   15763.1   70127.3    4053.7   50000.0 ]
[24-10-31 15:28:04] 275    -9024.14 [    27473.2   15763.1   68040.6    4053.7   50000.0 ]
[24-10-31 15:28:05] 276    -9044.57 [    27473.2   15763.1   64664.1    4053.7   50000.0 ]
[24-10-31 15:28:05] 277    -9027.15 [    27473.2   15763.1   66750.9    4053.7   50000.0 ]
[24-10-31 15:28:06] 278    -9025.21 [    27473.2   15763.1   68837.6    4053.7   50000.0 ]
[24-10-31 15:28:06] 279    -9024.14 [    27473.2   15763.1   68063.2    4053.7   50000.0 ]
[24-10-31 15:28:07] 280    -9024.14 [    27473.2   15763.1   68085.6    4053.7   50000.0 ]
[24-10-31 15:28:07] 281    -9024.14 [    27473.2   15763.1   68063.2    4053.7   50000.0 ]
[24-10-31 15:28:08] 282    -9024.26 [    27473.2   15763.1   68063.2    4054.7   50000.0 ]
[24-10-31 15:28:08] 283    -9023.94 [    27473.2   15763.1   68063.2    4052.1   50000.0 ]
[24-10-31 15:28:09] 284    -9016.23 [    27473.2   15763.1   68063.2    3915.6   50000.0 ]
[24-10-31 15:28:09] 285     -9046.0 [    27473.2   15763.1   68063.2    3694.7   50000.0 ]
[24-10-31 15:28:09] 286     -9020.9 [    27473.2   15763.1   68063.2    3831.2   50000.0 ]
[24-10-31 15:28:10] 287    -9017.07 [    27473.2   15763.1   68063.2    3967.7   50000.0 ]
[24-10-31 15:28:10] 288    -9016.18 [    27473.2   15763.1   68063.2    3926.3   50000.0 ]
[24-10-31 15:28:11] 289    -9016.18 [    27473.2   15763.1   68063.2    3925.1   50000.0 ]
[24-10-31 15:28:11] 290    -9016.18 [    27473.2   15763.1   68063.2    3923.8   50000.0 ]
[24-10-31 15:28:12] 291    -9016.18 [    27473.2   15763.1   68063.2    3925.1   50000.0 ]
[24-10-31 15:28:12] 293     -9016.2 [    27473.2   15763.1   68063.2    3925.1   49998.4 ]
[24-10-31 15:28:13] 294    -9016.19 [    27473.2   15763.1   68063.2    3925.1   49999.4 ]
[24-10-31 15:28:13] 296    -9016.18 [    27473.2   15763.1   68063.2    3925.1   49999.7 ]
[24-10-31 15:28:14] 298    -9016.18 [    27473.2   15763.1   68063.2    3925.1   49999.9 ]
[24-10-31 15:28:14] 300    -9016.18 [    27473.2   15763.1   68063.2    3925.1   50000.0 ]
[24-10-31 15:28:15] 302    -9016.18 [    27473.2   15763.1   68063.2    3925.1   50000.0 ]
[24-10-31 15:28:15] 304    -9016.18 [    27473.2   15763.1   68063.2    3925.1   50000.0 ]
[24-10-31 15:28:15] 306    -9016.18 [    27473.2   15763.1   68063.2    3925.1   50000.0 ]
[24-10-31 15:28:16] 308    -9016.18 [    27473.2   15763.1   68063.2    3925.1   50000.0 ]
[24-10-31 15:28:16] 310    -9016.18 [    27473.2   15763.1   68063.2    3925.1   50000.0 ]
[24-10-31 15:28:17] 312    -9016.18 [    27473.2   15763.1   68063.2    3925.1   50000.0 ]
[24-10-31 15:28:17] 313    -9016.18 [    27473.2   15763.1   68063.2    3925.1   50000.0 ]
[24-10-31 15:28:18] 315    -9016.18 [    27473.2   15763.1   68063.2    3925.1   50000.0 ]
[24-10-31 15:28:18] 316    -9016.18 [    27473.2   15763.1   68063.2    3925.1   50000.0 ]
[24-10-31 15:28:19] 318    -9016.18 [    27473.2   15763.1   68063.2    3925.1   50000.0 ]
[24-10-31 15:28:19] 319    -9016.18 [    27473.2   15763.1   68063.2    3925.1   50000.0 ]
[24-10-31 15:28:20] 320    -9016.18 [    27473.2   15763.1   68063.2    3925.1   50000.0 ]
[24-10-31 15:28:20] 322    -9016.18 [    27473.2   15763.1   68063.2    3925.1   50000.0 ]
[24-10-31 15:28:20] 324    -9016.18 [    27473.2   15763.1   68063.2    3925.1   50000.0 ]
[24-10-31 15:28:21] 325    -9016.18 [    27474.2   15763.1   68063.2    3925.1   50000.0 ]
[24-10-31 15:28:21] 326    -9016.18 [    27475.8   15763.1   68063.2    3925.1   50000.0 ]
[24-10-31 15:28:22] 327    -9016.06 [    27652.1   15763.1   68063.2    3925.1   50000.0 ]
[24-10-31 15:28:22] 328    -9016.05 [    27711.6   15763.1   68063.2    3925.1   50000.0 ]
[24-10-31 15:28:23] 329    -9016.07 [    27807.8   15763.1   68063.2    3925.1   50000.0 ]
[24-10-31 15:28:23] 330    -9016.05 [    27748.4   15763.1   68063.2    3925.1   50000.0 ]
[24-10-31 15:28:24] 331    -9016.05 [    27688.9   15763.1   68063.2    3925.1   50000.0 ]
[24-10-31 15:28:24] 332    -9016.05 [    27714.5   15763.1   68063.2    3925.1   50000.0 ]
[24-10-31 15:28:25] 333    -9016.05 [    27716.9   15763.1   68063.2    3925.1   50000.0 ]
[24-10-31 15:28:25] 334    -9016.05 [    27714.5   15763.1   68063.2    3925.1   50000.0 ]
[24-10-31 15:28:25] 335    -9016.02 [    27714.5   15764.1   68063.2    3925.1   50000.0 ]
[24-10-31 15:28:26] 336    -9015.97 [    27714.5   15765.7   68063.2    3925.1   50000.0 ]
[24-10-31 15:28:26] 337    -9012.25 [    27714.5   15942.1   68063.2    3925.1   50000.0 ]
[24-10-31 15:28:27] 338    -9011.31 [    27714.5   16079.1   68063.2    3925.1   50000.0 ]
[24-10-31 15:28:27] 339    -9013.16 [    27714.5   16300.9   68063.2    3925.1   50000.0 ]
[24-10-31 15:28:28] 340    -9011.53 [    27714.5   16163.8   68063.2    3925.1   50000.0 ]
[24-10-31 15:28:28] 341    -9011.47 [    27714.5   16026.8   68063.2    3925.1   50000.0 ]
[24-10-31 15:28:29] 342     -9011.3 [    27714.5   16090.3   68063.2    3925.1   50000.0 ]
[24-10-31 15:28:29] 343     -9011.3 [    27714.5   16087.0   68063.2    3925.1   50000.0 ]
[24-10-31 15:28:30] 344     -9011.3 [    27714.5   16093.6   68063.2    3925.1   50000.0 ]
[24-10-31 15:28:30] 345     -9011.3 [    27714.5   16090.3   68063.2    3925.1   50000.0 ]
[24-10-31 15:28:31] 346    -9011.31 [    27714.5   16090.3   68064.2    3925.1   50000.0 ]
[24-10-31 15:28:31] 347    -9011.29 [    27714.5   16090.3   68061.6    3925.1   50000.0 ]
[24-10-31 15:28:31] 348    -9009.98 [    27714.5   16090.3   67885.2    3925.1   50000.0 ]
[24-10-31 15:28:32] 349    -9003.02 [    27714.5   16090.3   65912.6    3925.1   50000.0 ]
[24-10-31 15:28:32] 350    -9022.03 [    27714.5   16090.3   62720.9    3925.1   50000.0 ]
[24-10-31 15:28:33] 351    -9005.83 [    27714.5   16090.3   64693.5    3925.1   50000.0 ]
[24-10-31 15:28:33] 352    -9004.01 [    27714.5   16090.3   66666.1    3925.1   50000.0 ]
[24-10-31 15:28:34] 353    -9003.02 [    27714.5   16090.3   65934.1    3925.1   50000.0 ]
[24-10-31 15:28:34] 354    -9003.02 [    27714.5   16090.3   65955.4    3925.1   50000.0 ]
[24-10-31 15:28:35] 355    -9003.02 [    27714.5   16090.3   65934.1    3925.1   50000.0 ]
[24-10-31 15:28:35] 356    -9003.14 [    27714.5   16090.3   65934.1    3926.1   50000.0 ]
[24-10-31 15:28:35] 357    -9002.82 [    27714.5   16090.3   65934.1    3923.4   50000.0 ]
[24-10-31 15:28:36] 358    -8995.41 [    27714.5   16090.3   65934.1    3794.0   50000.0 ]
[24-10-31 15:28:36] 359    -9023.81 [    27714.5   16090.3   65934.1    3584.5   50000.0 ]
[24-10-31 15:28:37] 360    -8999.86 [    27714.5   16090.3   65934.1    3713.9   50000.0 ]
[24-10-31 15:28:37] 361    -8996.22 [    27714.5   16090.3   65934.1    3843.4   50000.0 ]
[24-10-31 15:28:37] 362    -8995.36 [    27714.5   16090.3   65934.1    3804.0   50000.0 ]
[24-10-31 15:28:38] 363    -8995.36 [    27714.5   16090.3   65934.1    3802.8   50000.0 ]
[24-10-31 15:28:38] 364    -8995.36 [    27714.5   16090.3   65934.1    3801.5   50000.0 ]
[24-10-31 15:28:39] 365    -8995.36 [    27714.5   16090.3   65934.1    3802.8   50000.0 ]
[24-10-31 15:28:39] 367    -8995.38 [    27714.5   16090.3   65934.1    3802.8   49998.4 ]
[24-10-31 15:28:39] 368    -8995.37 [    27714.5   16090.3   65934.1    3802.8   49999.4 ]
[24-10-31 15:28:40] 370    -8995.36 [    27714.5   16090.3   65934.1    3802.8   49999.7 ]
[24-10-31 15:28:40] 372    -8995.36 [    27714.5   16090.3   65934.1    3802.8   49999.9 ]
[24-10-31 15:28:41] 374    -8995.36 [    27714.5   16090.3   65934.1    3802.8   50000.0 ]
[24-10-31 15:28:41] 376    -8995.36 [    27714.5   16090.3   65934.1    3802.8   50000.0 ]
[24-10-31 15:28:42] 378    -8995.36 [    27714.5   16090.3   65934.1    3802.8   50000.0 ]
[24-10-31 15:28:42] 380    -8995.36 [    27714.5   16090.3   65934.1    3802.8   50000.0 ]
[24-10-31 15:28:42] 382    -8995.36 [    27714.5   16090.3   65934.1    3802.8   50000.0 ]
[24-10-31 15:28:43] 384    -8995.36 [    27714.5   16090.3   65934.1    3802.8   50000.0 ]
[24-10-31 15:28:43] 386    -8995.36 [    27714.5   16090.3   65934.1    3802.8   50000.0 ]
[24-10-31 15:28:44] 388    -8995.36 [    27714.5   16090.3   65934.1    3802.8   50000.0 ]
[24-10-31 15:28:44] 390    -8995.36 [    27714.5   16090.3   65934.1    3802.8   50000.0 ]
[24-10-31 15:28:44] 392    -8995.36 [    27714.5   16090.3   65934.1    3802.8   50000.0 ]
[24-10-31 15:28:45] 394    -8995.36 [    27714.5   16090.3   65934.1    3802.8   50000.0 ]
[24-10-31 15:28:45] 396    -8995.36 [    27714.5   16090.3   65934.1    3802.8   50000.0 ]
[24-10-31 15:28:45] 398    -8995.36 [    27714.5   16090.3   65934.1    3802.8   50000.0 ]
[24-10-31 15:28:46] 400    -8995.36 [    27714.5   16090.3   65934.1    3802.8   50000.0 ]
[24-10-31 15:28:46] 402    -8995.36 [    27714.5   16090.3   65934.1    3802.8   50000.0 ]
[24-10-31 15:28:46] 404    -8995.36 [    27714.5   16090.3   65934.1    3802.8   50000.0 ]
[24-10-31 15:28:46] 406    -8995.36 [    27714.5   16090.3   65934.1    3802.8   50000.0 ]
[24-10-31 15:28:47] 407    -8995.36 [    27714.5   16090.3   65934.1    3802.8   50000.0 ]
[24-10-31 15:28:47] 408    -8995.36 [    27714.5   16090.3   65934.1    3802.8   50000.0 ]
[24-10-31 15:28:47] 409    -8995.36 [    27714.5   16090.3   65934.1    3802.8   50000.0 ]
[24-10-31 15:28:47] 411    -8995.36 [    27714.5   16090.3   65934.1    3802.8   50000.0 ]
[24-10-31 15:28:47] 412    -8995.36 [    27714.5   16090.3   65934.1    3802.8   50000.0 ]
[24-10-31 15:28:48] 414    -8995.36 [    27714.5   16090.3   65934.1    3802.8   50000.0 ]
[24-10-31 15:28:48] 415    -8995.36 [    27714.5   16090.3   65934.1    3802.8   50000.0 ]
[24-10-31 15:28:48] 418    -8995.36 [    27714.5   16090.3   65934.1    3802.8   50000.0 ]
[24-10-31 15:28:48] 419    -8995.36 [    27715.5   16090.3   65934.1    3802.8   50000.0 ]
[24-10-31 15:28:49] 420    -8995.36 [    27717.1   16090.3   65934.1    3802.8   50000.0 ]
[24-10-31 15:28:49] 421    -8995.25 [    27893.5   16090.3   65934.1    3802.8   50000.0 ]
[24-10-31 15:28:49] 422    -8995.25 [    27942.7   16090.3   65934.1    3802.8   50000.0 ]
[24-10-31 15:28:49] 423    -8995.26 [    28022.4   16090.3   65934.1    3802.8   50000.0 ]
[24-10-31 15:28:49] 424    -8995.25 [    27973.1   16090.3   65934.1    3802.8   50000.0 ]
[24-10-31 15:28:50] 425    -8995.25 [    27923.9   16090.3   65934.1    3802.8   50000.0 ]
[24-10-31 15:28:50] 426    -8995.25 [    27945.2   16090.3   65934.1    3802.8   50000.0 ]
[24-10-31 15:28:50] 427    -8995.25 [    27947.5   16090.3   65934.1    3802.8   50000.0 ]
[24-10-31 15:28:50] 428    -8995.25 [    27945.2   16090.3   65934.1    3802.8   50000.0 ]
[24-10-31 15:28:51] 429    -8995.22 [    27945.2   16091.3   65934.1    3802.8   50000.0 ]
[24-10-31 15:28:51] 430    -8995.17 [    27945.2   16092.9   65934.1    3802.8   50000.0 ]
[24-10-31 15:28:51] 431    -8991.85 [    27945.2   16269.3   65934.1    3802.8   50000.0 ]
[24-10-31 15:28:51] 432    -8991.14 [    27945.2   16391.1   65934.1    3802.8   50000.0 ]
[24-10-31 15:28:51] 433    -8992.56 [    27945.2   16588.2   65934.1    3802.8   50000.0 ]
[24-10-31 15:28:52] 434    -8991.31 [    27945.2   16466.4   65934.1    3802.8   50000.0 ]
[24-10-31 15:28:52] 435    -8991.26 [    27945.2   16344.6   65934.1    3802.8   50000.0 ]
[24-10-31 15:28:52] 436    -8991.13 [    27945.2   16400.7   65934.1    3802.8   50000.0 ]
[24-10-31 15:28:52] 437    -8991.13 [    27945.2   16397.6   65934.1    3802.8   50000.0 ]
[24-10-31 15:28:53] 438    -8991.13 [    27945.2   16403.8   65934.1    3802.8   50000.0 ]
[24-10-31 15:28:53] 439    -8991.13 [    27945.2   16400.7   65934.1    3802.8   50000.0 ]
[24-10-31 15:28:53] 440    -8991.14 [    27945.2   16400.7   65935.1    3802.8   50000.0 ]
[24-10-31 15:28:53] 441    -8991.12 [    27945.2   16400.7   65932.5    3802.8   50000.0 ]
[24-10-31 15:28:53] 442    -8989.83 [    27945.2   16400.7   65756.1    3802.8   50000.0 ]
[24-10-31 15:28:54] 443    -8983.41 [    27945.2   16400.7   63899.0    3802.8   50000.0 ]
[24-10-31 15:28:54] 444    -9001.01 [    27945.2   16400.7   60894.0    3802.8   50000.0 ]
[24-10-31 15:28:54] 445    -8986.01 [    27945.2   16400.7   62751.2    3802.8   50000.0 ]
[24-10-31 15:28:54] 446    -8984.32 [    27945.2   16400.7   64608.4    3802.8   50000.0 ]
[24-10-31 15:28:55] 447    -8983.41 [    27945.2   16400.7   63919.3    3802.8   50000.0 ]
[24-10-31 15:28:55] 448    -8983.41 [    27945.2   16400.7   63939.5    3802.8   50000.0 ]
[24-10-31 15:28:55] 449    -8983.41 [    27945.2   16400.7   63919.3    3802.8   50000.0 ]
[24-10-31 15:28:55] 450    -8983.54 [    27945.2   16400.7   63919.3    3803.8   50000.0 ]
[24-10-31 15:28:56] 451    -8983.21 [    27945.2   16400.7   63919.3    3801.1   50000.0 ]
[24-10-31 15:28:56] 452    -8976.13 [    27945.2   16400.7   63919.3    3678.7   50000.0 ]
[24-10-31 15:28:56] 453    -9003.03 [    27945.2   16400.7   63919.3    3480.6   50000.0 ]
[24-10-31 15:28:56] 454    -8980.34 [    27945.2   16400.7   63919.3    3603.0   50000.0 ]
[24-10-31 15:28:57] 455    -8976.91 [    27945.2   16400.7   63919.3    3725.5   50000.0 ]
[24-10-31 15:28:57] 456    -8976.09 [    27945.2   16400.7   63919.3    3688.0   50000.0 ]
[24-10-31 15:28:57] 457    -8976.09 [    27945.2   16400.7   63919.3    3686.8   50000.0 ]
[24-10-31 15:28:57] 458    -8976.09 [    27945.2   16400.7   63919.3    3685.7   50000.0 ]
[24-10-31 15:28:58] 459    -8976.09 [    27945.2   16400.7   63919.3    3686.8   50000.0 ]
[24-10-31 15:28:58] 461    -8976.11 [    27945.2   16400.7   63919.3    3686.8   49998.4 ]
[24-10-31 15:28:58] 462    -8976.09 [    27945.2   16400.7   63919.3    3686.8   49999.4 ]
[24-10-31 15:28:58] 464    -8976.09 [    27945.2   16400.7   63919.3    3686.8   49999.7 ]
[24-10-31 15:28:59] 466    -8976.09 [    27945.2   16400.7   63919.3    3686.8   49999.9 ]
[24-10-31 15:28:59] 468    -8976.09 [    27945.2   16400.7   63919.3    3686.8   50000.0 ]
[24-10-31 15:28:59] 470    -8976.09 [    27945.2   16400.7   63919.3    3686.8   50000.0 ]
[24-10-31 15:28:59] 472    -8976.09 [    27945.2   16400.7   63919.3    3686.8   50000.0 ]
[24-10-31 15:29:00] 474    -8976.09 [    27945.2   16400.7   63919.3    3686.8   50000.0 ]
[24-10-31 15:29:00] 476    -8976.09 [    27945.2   16400.7   63919.3    3686.8   50000.0 ]
[24-10-31 15:29:00] 478    -8976.09 [    27945.2   16400.7   63919.3    3686.8   50000.0 ]
[24-10-31 15:29:00] 480    -8976.09 [    27945.2   16400.7   63919.3    3686.8   50000.0 ]
[24-10-31 15:29:00] 482    -8976.09 [    27945.2   16400.7   63919.3    3686.8   50000.0 ]
[24-10-31 15:29:01] 484    -8976.09 [    27945.2   16400.7   63919.3    3686.8   50000.0 ]
[24-10-31 15:29:01] 486    -8976.09 [    27945.2   16400.7   63919.3    3686.8   50000.0 ]
[24-10-31 15:29:01] 488    -8976.09 [    27945.2   16400.7   63919.3    3686.8   50000.0 ]
[24-10-31 15:29:01] 490    -8976.09 [    27945.2   16400.7   63919.3    3686.8   50000.0 ]
[24-10-31 15:29:02] 492    -8976.09 [    27945.2   16400.7   63919.3    3686.8   50000.0 ]
[24-10-31 15:29:02] 494    -8976.09 [    27945.2   16400.7   63919.3    3686.8   50000.0 ]
[24-10-31 15:29:02] 496    -8976.09 [    27945.2   16400.7   63919.3    3686.8   50000.0 ]
[24-10-31 15:29:02] 498    -8976.09 [    27945.2   16400.7   63919.3    3686.8   50000.0 ]
[24-10-31 15:29:03] 500    -8976.09 [    27945.2   16400.7   63919.3    3686.8   50000.0 ]
[24-10-31 15:29:03] 502    -8976.09 [    27945.2   16400.7   63919.3    3686.8   50000.0 ]
[24-10-31 15:29:03] 503    -8976.09 [    27945.2   16400.7   63919.3    3686.8   50000.0 ]
[24-10-31 15:29:03] 504    -8976.09 [    27945.2   16400.7   63919.3    3686.8   50000.0 ]
[24-10-31 15:29:04] 505    -8976.09 [    27945.2   16400.7   63919.3    3686.8   50000.0 ]
[24-10-31 15:29:04] 506    -8976.09 [    27945.2   16400.7   63919.3    3686.8   50000.0 ]
[24-10-31 15:29:04] 507    -8976.09 [    27945.2   16400.7   63919.3    3686.8   50000.0 ]
[24-10-31 15:29:04] 508    -8976.09 [    27945.2   16400.7   63919.3    3686.8   50000.0 ]
[24-10-31 15:29:05] 509    -8976.09 [    27945.2   16400.7   63919.3    3686.8   50000.0 ]
[24-10-31 15:29:05] 510    -8976.09 [    27945.2   16400.7   63919.3    3686.8   50000.0 ]
[24-10-31 15:29:05] 511    -8976.09 [    27945.2   16400.7   63919.3    3686.8   50000.0 ]
[24-10-31 15:29:05] 512    -8957.25 [    28175.9   16711.0   61904.5    3570.9   50000.0 ]
[24-10-31 15:29:06] 513    -8976.09 [    27945.2   16400.7   63919.3    3686.8   50000.0 ]
[24-10-31 15:29:06] 514    -8957.25 [    28175.9   16711.0   61904.5    3570.9   50000.0 ]
[24-10-31 15:29:06] 515    -8927.74 [    28549.2   17213.2   58644.5    3383.3   50000.0 ]
[24-10-31 15:29:06] 518    -8832.31 [    29885.8   19011.4   46971.2    2711.5   50000.0 ]
[24-10-31 15:29:07] 519    -8877.94 [    29217.5   18112.3   52807.9    3047.4   50000.0 ]
[24-10-31 15:29:07] 521    -8812.33 [    30201.3   19435.9   44215.5    2552.9   50000.0 ]
[24-10-31 15:29:07] 522    -8800.53 [    30396.3   19698.2   42512.4    2454.9   50000.0 ]
[24-10-31 15:29:07] 523    -8793.45 [    30516.9   19860.4   41459.9    2394.3   50000.0 ]
[24-10-31 15:29:07] 524    -8789.16 [    30591.4   19960.6   40809.3    2356.8   50000.0 ]
[24-10-31 15:29:08] 525    -8786.55 [    30637.4   20022.5   40407.3    2333.7   50000.0 ]
[24-10-31 15:29:08] 526    -8784.94 [    30665.8   20060.8   40158.8    2319.4   50000.0 ]
[24-10-31 15:29:08] 527    -8784.94 [    30665.8   20060.8   40158.8    2319.4   50000.0 ]
[24-10-31 15:29:08] 528    -8784.94 [    30666.8   20060.8   40158.8    2319.4   50000.0 ]
[24-10-31 15:29:09] 529    -8784.94 [    30668.5   20060.8   40158.8    2319.4   50000.0 ]
[24-10-31 15:29:09] 530    -8784.85 [    30844.8   20060.8   40158.8    2319.4   50000.0 ]
[24-10-31 15:29:09] 531    -8784.84 [    30930.9   20060.8   40158.8    2319.4   50000.0 ]
[24-10-31 15:29:09] 532    -8784.86 [    31070.1   20060.8   40158.8    2319.4   50000.0 ]
[24-10-31 15:29:10] 533    -8784.84 [    30984.1   20060.8   40158.8    2319.4   50000.0 ]
[24-10-31 15:29:10] 534    -8784.84 [    30898.0   20060.8   40158.8    2319.4   50000.0 ]
[24-10-31 15:29:10] 535    -8784.84 [    30934.4   20060.8   40158.8    2319.4   50000.0 ]
[24-10-31 15:29:10] 536    -8784.84 [    30937.1   20060.8   40158.8    2319.4   50000.0 ]
[24-10-31 15:29:11] 537    -8784.84 [    30934.4   20060.8   40158.8    2319.4   50000.0 ]
[24-10-31 15:29:11] 538    -8784.83 [    30934.4   20061.8   40158.8    2319.4   50000.0 ]
[24-10-31 15:29:11] 539    -8784.83 [    30934.4   20063.4   40158.8    2319.4   50000.0 ]
[24-10-31 15:29:11] 540    -8784.75 [    30934.4   20115.5   40158.8    2319.4   50000.0 ]
[24-10-31 15:29:12] 541    -8784.95 [    30934.4   20199.9   40158.8    2319.4   50000.0 ]
[24-10-31 15:29:12] 542    -8784.78 [    30934.4   20147.7   40158.8    2319.4   50000.0 ]
[24-10-31 15:29:12] 543    -8784.76 [    30934.4   20095.6   40158.8    2319.4   50000.0 ]
[24-10-31 15:29:12] 544    -8784.75 [    30934.4   20116.1   40158.8    2319.4   50000.0 ]
[24-10-31 15:29:13] 545    -8784.75 [    30934.4   20116.6   40158.8    2319.4   50000.0 ]
[24-10-31 15:29:13] 546    -8784.75 [    30934.4   20116.1   40158.8    2319.4   50000.0 ]
[24-10-31 15:29:13] 548    -8784.76 [    30934.4   20116.1   40158.8    2319.4   49998.4 ]
[24-10-31 15:29:13] 549    -8784.75 [    30934.4   20116.1   40158.8    2319.4   49999.4 ]
[24-10-31 15:29:13] 551    -8784.75 [    30934.4   20116.1   40158.8    2319.4   49999.7 ]
[24-10-31 15:29:14] 553    -8784.75 [    30934.4   20116.1   40158.8    2319.4   49999.9 ]
[24-10-31 15:29:14] 555    -8784.75 [    30934.4   20116.1   40158.8    2319.4   50000.0 ]
[24-10-31 15:29:14] 557    -8784.75 [    30934.4   20116.1   40158.8    2319.4   50000.0 ]
[24-10-31 15:29:14] 559    -8784.75 [    30934.4   20116.1   40158.8    2319.4   50000.0 ]
[24-10-31 15:29:15] 561    -8784.75 [    30934.4   20116.1   40158.8    2319.4   50000.0 ]
[24-10-31 15:29:15] 563    -8784.75 [    30934.4   20116.1   40158.8    2319.4   50000.0 ]
[24-10-31 15:29:15] 565    -8784.75 [    30934.4   20116.1   40158.8    2319.4   50000.0 ]
[24-10-31 15:29:15] 567    -8784.75 [    30934.4   20116.1   40158.8    2319.4   50000.0 ]
[24-10-31 15:29:16] 569    -8784.75 [    30934.4   20116.1   40158.8    2319.4   50000.0 ]
[24-10-31 15:29:16] 571    -8784.75 [    30934.4   20116.1   40158.8    2319.4   50000.0 ]
[24-10-31 15:29:16] 573    -8784.75 [    30934.4   20116.1   40158.8    2319.4   50000.0 ]
[24-10-31 15:29:16] 575    -8784.75 [    30934.4   20116.1   40158.8    2319.4   50000.0 ]
[24-10-31 15:29:17] 577    -8784.75 [    30934.4   20116.1   40158.8    2319.4   50000.0 ]
[24-10-31 15:29:17] 579    -8784.75 [    30934.4   20116.1   40158.8    2319.4   50000.0 ]
[24-10-31 15:29:17] 581    -8784.75 [    30934.4   20116.1   40158.8    2319.4   50000.0 ]
[24-10-31 15:29:17] 583    -8784.75 [    30934.4   20116.1   40158.8    2319.4   50000.0 ]
[24-10-31 15:29:18] 585    -8784.75 [    30934.4   20116.1   40158.8    2319.4   50000.0 ]
[24-10-31 15:29:18] 586    -8784.75 [    30934.4   20116.1   40158.8    2319.4   50000.0 ]
[24-10-31 15:29:18] 587    -8784.75 [    30934.4   20116.1   40158.8    2319.4   50000.0 ]
[24-10-31 15:29:18] 588    -8784.75 [    30934.4   20116.1   40158.8    2319.4   50000.0 ]
[24-10-31 15:29:19] 589    -8784.75 [    30934.4   20116.1   40158.8    2319.4   50000.0 ]
[24-10-31 15:29:19] 590    -8784.75 [    30934.4   20116.1   40158.8    2319.4   50000.0 ]
[24-10-31 15:29:19] 591    -8784.75 [    30934.4   20116.1   40158.8    2319.4   50000.0 ]
[24-10-31 15:29:19] 592    -8784.75 [    30934.4   20116.1   40158.8    2319.4   50000.0 ]
[24-10-31 15:29:20] 593    -8784.75 [    30934.4   20116.1   40158.8    2319.4   50000.0 ]
[24-10-31 15:29:20] 594    -8784.75 [    30934.4   20116.1   40158.8    2319.4   50000.0 ]
[24-10-31 15:29:20] 595    -8784.75 [    30934.4   20116.1   40158.8    2319.4   50000.0 ]
[24-10-31 15:29:20] 596    -8784.75 [    30934.4   20116.1   40158.8    2319.4   50000.0 ]
[24-10-31 15:29:21] 597    -8784.75 [    30934.4   20116.1   40158.8    2319.4   50000.0 ]
[24-10-31 15:29:21] 598    -8784.79 [    30934.4   20116.1   40158.8    2320.4   50000.0 ]
[24-10-31 15:29:21] 599    -8784.69 [    30934.4   20116.1   40158.8    2317.8   50000.0 ]
[24-10-31 15:29:21] 600    -8784.48 [    30934.4   20116.1   40158.8    2305.5   50000.0 ]
[24-10-31 15:29:22] 601    -8785.07 [    30934.4   20116.1   40158.8    2285.7   50000.0 ]
[24-10-31 15:29:22] 602    -8784.57 [    30934.4   20116.1   40158.8    2298.0   50000.0 ]
[24-10-31 15:29:22] 603    -8784.51 [    30934.4   20116.1   40158.8    2310.2   50000.0 ]
[24-10-31 15:29:22] 604    -8784.48 [    30934.4   20116.1   40158.8    2305.7   50000.0 ]
[24-10-31 15:29:22] 605    -8784.48 [    30934.4   20116.1   40158.8    2305.9   50000.0 ]
[24-10-31 15:29:23] 606    -8784.48 [    30934.4   20116.1   40158.8    2305.7   50000.0 ]
[24-10-31 15:29:23] 609    -8894.07 [    29252.9   17854.0   54843.6    3150.8   50000.0 ]
[24-10-31 15:29:23] 611    -8835.74 [    30093.7   18985.0   47501.2    2728.3   50000.0 ]
[24-10-31 15:29:23] 613    -8803.15 [    30613.3   19684.1   42963.3    2467.1   50000.0 ]
[24-10-31 15:29:24] 615    -8791.47 [    30811.8   19951.1   41230.0    2367.4   50000.0 ]
[24-10-31 15:29:24] 617    -8787.13 [    30887.6   20053.1   40568.0    2329.3   50000.0 ]
[24-10-31 15:29:24] 619    -8785.49 [    30916.5   20092.0   40315.1    2314.7   50000.0 ]
[24-10-31 15:29:24] 620     -8784.0 [    30942.9   20127.4   40085.0    2301.5   50000.0 ]
[24-10-31 15:29:25] 621    -8783.71 [    30948.1   20134.5   40039.4    2298.9   50000.0 ]
[24-10-31 15:29:25] 622    -8783.53 [    30951.3   20138.8   40011.2    2297.2   50000.0 ]
[24-10-31 15:29:25] 624     -8783.6 [    30950.1   20137.2   40022.0    2297.9   50000.0 ]
[24-10-31 15:29:25] 625    -8783.49 [    30952.1   20139.8   40004.6    2296.9   50000.0 ]
[24-10-31 15:29:26] 626    -8783.46 [    30952.5   20140.5   40000.4    2296.6   50000.0 ]
[24-10-31 15:29:26] 628    -8783.47 [    30952.4   20140.2   40002.0    2296.7   50000.0 ]
[24-10-31 15:29:26] 630    -8783.46 [    30952.5   20140.5   40000.4    2296.6   50000.0 ]
[24-10-31 15:29:26] 631    -8783.46 [    30953.5   20140.5   40000.4    2296.6   50000.0 ]
[24-10-31 15:29:27] 632    -8783.46 [    30955.2   20140.5   40000.4    2296.6   50000.0 ]
[24-10-31 15:29:27] 633    -8783.44 [    31075.3   20140.5   40000.4    2296.6   50000.0 ]
[24-10-31 15:29:27] 634    -8783.49 [    31269.6   20140.5   40000.4    2296.6   50000.0 ]
[24-10-31 15:29:27] 635    -8783.44 [    31149.5   20140.5   40000.4    2296.6   50000.0 ]
[24-10-31 15:29:28] 636    -8783.44 [    31029.4   20140.5   40000.4    2296.6   50000.0 ]
[24-10-31 15:29:28] 637    -8783.44 [    31076.7   20140.5   40000.4    2296.6   50000.0 ]
[24-10-31 15:29:28] 638    -8783.44 [    31077.9   20140.5   40000.4    2296.6   50000.0 ]
[24-10-31 15:29:28] 639    -8783.44 [    31076.7   20140.5   40000.4    2296.6   50000.0 ]
[24-10-31 15:29:28] 640    -8783.44 [    31076.7   20141.5   40000.4    2296.6   50000.0 ]
[24-10-31 15:29:29] 641    -8783.43 [    31076.7   20143.1   40000.4    2296.6   50000.0 ]
[24-10-31 15:29:29] 642     -8783.4 [    31076.7   20176.9   40000.4    2296.6   50000.0 ]
[24-10-31 15:29:29] 643    -8783.48 [    31076.7   20231.7   40000.4    2296.6   50000.0 ]
[24-10-31 15:29:29] 644    -8783.41 [    31076.7   20197.8   40000.4    2296.6   50000.0 ]
[24-10-31 15:29:30] 645     -8783.4 [    31076.7   20164.0   40000.4    2296.6   50000.0 ]
[24-10-31 15:29:30] 646     -8783.4 [    31076.7   20177.3   40000.4    2296.6   50000.0 ]
[24-10-31 15:29:30] 647     -8783.4 [    31076.7   20176.6   40000.4    2296.6   50000.0 ]
[24-10-31 15:29:30] 648     -8783.4 [    31076.7   20176.9   40000.4    2296.6   50000.0 ]
[24-10-31 15:29:31] 650    -8783.41 [    31076.7   20176.9   40000.4    2296.6   49998.4 ]
[24-10-31 15:29:31] 651     -8783.4 [    31076.7   20176.9   40000.4    2296.6   49999.4 ]
[24-10-31 15:29:31] 653     -8783.4 [    31076.7   20176.9   40000.4    2296.6   49999.7 ]
[24-10-31 15:29:31] 655     -8783.4 [    31076.7   20176.9   40000.4    2296.6   49999.9 ]
[24-10-31 15:29:32] 657     -8783.4 [    31076.7   20176.9   40000.4    2296.6   50000.0 ]
[24-10-31 15:29:32] 659     -8783.4 [    31076.7   20176.9   40000.4    2296.6   50000.0 ]
[24-10-31 15:29:32] 661     -8783.4 [    31076.7   20176.9   40000.4    2296.6   50000.0 ]
[24-10-31 15:29:33] 663     -8783.4 [    31076.7   20176.9   40000.4    2296.6   50000.0 ]
[24-10-31 15:29:33] 665     -8783.4 [    31076.7   20176.9   40000.4    2296.6   50000.0 ]
[24-10-31 15:29:33] 667     -8783.4 [    31076.7   20176.9   40000.4    2296.6   50000.0 ]
[24-10-31 15:29:34] 669     -8783.4 [    31076.7   20176.9   40000.4    2296.6   50000.0 ]
[24-10-31 15:29:34] 671     -8783.4 [    31076.7   20176.9   40000.4    2296.6   50000.0 ]
[24-10-31 15:29:34] 673     -8783.4 [    31076.7   20176.9   40000.4    2296.6   50000.0 ]
[24-10-31 15:29:34] 675     -8783.4 [    31076.7   20176.9   40000.4    2296.6   50000.0 ]
[24-10-31 15:29:35] 677     -8783.4 [    31076.7   20176.9   40000.4    2296.6   50000.0 ]
[24-10-31 15:29:35] 679     -8783.4 [    31076.7   20176.9   40000.4    2296.6   50000.0 ]
[24-10-31 15:29:35] 681     -8783.4 [    31076.7   20176.9   40000.4    2296.6   50000.0 ]
[24-10-31 15:29:36] 683     -8783.4 [    31076.7   20176.9   40000.4    2296.6   50000.0 ]
[24-10-31 15:29:36] 685     -8783.4 [    31076.7   20176.9   40000.4    2296.6   50000.0 ]
[24-10-31 15:29:36] 687     -8783.4 [    31076.7   20176.9   40000.4    2296.6   50000.0 ]
[24-10-31 15:29:36] 688     -8783.4 [    31076.7   20176.9   40000.4    2296.6   50000.0 ]
[24-10-31 15:29:37] 689     -8783.4 [    31076.7   20176.9   40000.4    2296.6   50000.0 ]
[24-10-31 15:29:37] 690     -8783.4 [    31076.7   20176.9   40000.4    2296.6   50000.0 ]
[24-10-31 15:29:37] 691     -8783.4 [    31076.7   20176.9   40000.4    2296.6   50000.0 ]
[24-10-31 15:29:38] 692     -8783.4 [    31076.7   20176.9   40000.4    2296.6   50000.0 ]
[24-10-31 15:29:38] 693     -8783.4 [    31076.7   20176.9   40000.4    2296.6   50000.0 ]
[24-10-31 15:29:39] 694     -8783.4 [    31076.7   20176.9   40000.4    2296.6   50000.0 ]
[24-10-31 15:29:39] 695     -8783.4 [    31076.7   20176.9   40000.4    2296.6   50000.0 ]
[24-10-31 15:29:39] 696     -8783.4 [    31076.7   20176.9   40000.4    2296.6   50000.0 ]
[24-10-31 15:29:40] 697     -8783.4 [    31076.7   20176.9   40000.4    2296.6   50000.0 ]
[24-10-31 15:29:40] 698     -8783.4 [    31076.7   20176.9   40000.4    2296.6   50000.0 ]
[24-10-31 15:29:41] 699     -8783.4 [    31076.7   20176.9   40000.4    2296.6   50000.0 ]
[24-10-31 15:29:41] 700    -8783.41 [    31076.7   20176.9   40000.4    2297.6   50000.0 ]
[24-10-31 15:29:42] 701     -8783.4 [    31076.7   20176.9   40000.4    2295.0   50000.0 ]
[24-10-31 15:29:42] 702     -8783.4 [    31076.7   20176.9   40000.4    2295.0   50000.0 ]
[24-10-31 15:29:43] 703     -8783.4 [    31076.7   20176.9   40000.4    2294.9   50000.0 ]
[24-10-31 15:29:43] 704     -8783.4 [    31076.7   20176.9   40000.4    2295.0   50000.0 ]
[24-10-31 15:29:43] 705     -8783.4 [    31076.7   20176.9   40000.4    2295.0   50000.0 ]
[24-10-31 15:29:44] 708    -8892.32 [    29395.2   17914.8   54685.3    3140.1   50000.0 ]
[24-10-31 15:29:44] 710    -8834.33 [    30236.0   19045.9   47342.9    2717.5   50000.0 ]
[24-10-31 15:29:45] 712    -8801.95 [    30755.6   19744.9   42805.0    2456.4   50000.0 ]
[24-10-31 15:29:45] 714    -8790.34 [    30954.0   20011.9   41071.7    2356.6   50000.0 ]
[24-10-31 15:29:46] 716    -8786.03 [    31029.8   20113.9   40409.6    2318.5   50000.0 ]
[24-10-31 15:29:46] 718     -8784.4 [    31058.8   20152.8   40156.7    2304.0   50000.0 ]
[24-10-31 15:29:47] 720    -8783.78 [    31069.9   20167.7   40060.1    2298.4   50000.0 ]
[24-10-31 15:29:47] 722    -8783.54 [    31074.1   20173.4   40023.2    2296.3   50000.0 ]
[24-10-31 15:29:47] 724    -8783.45 [    31075.7   20175.6   40009.2    2295.5   50000.0 ]
[24-10-31 15:29:48] 726    -8783.42 [    31076.3   20176.4   40003.8    2295.2   50000.0 ]
[24-10-31 15:29:48] 728     -8783.4 [    31076.5   20176.7   40001.7    2295.1   50000.0 ]
[24-10-31 15:29:49] 730     -8783.4 [    31076.6   20176.8   40000.9    2295.0   50000.0 ]
[24-10-31 15:29:49] 731    -8783.39 [    31076.7   20177.0   40000.2    2295.0   50000.0 ]
[24-10-31 15:29:50] 732    -8783.39 [    31076.7   20177.0   40000.1    2295.0   50000.0 ]
[24-10-31 15:29:50] 734    -8783.39 [    31076.7   20177.0   40000.1    2295.0   50000.0 ]
[24-10-31 15:29:50] 735    -8783.39 [    31076.7   20177.0   40000.0    2295.0   50000.0 ]
[24-10-31 15:29:51] 736    -8783.39 [    31076.7   20177.0   40000.0    2295.0   50000.0 ]
[24-10-31 15:29:51] 737    -8783.39 [    31076.7   20177.0   40000.0    2295.0   50000.0 ]
[24-10-31 15:29:52] 739    -8783.39 [    31076.7   20177.0   40000.0    2295.0   50000.0 ]
Optimization terminated successfully.
         Current function value: 8783.393125
         Iterations: 9
         Function evaluations: 739
[24-10-31 15:29:52] 739      fit p: [    31076.7   20177.0   40000.0    2295.0   50000.0 ]
method: Powell
objective_func: objective_H2
fopt: -8783.39312501717
max_iter: 100
num_iter: 9
func_calls: 739
flag: 0
u_fitted: False
u: 1.111e-08
