[24-10-31 14:52:51] fitting objective_H2 to data for demes ['French', 'KhomaniSan', 'Yoruba']
[24-10-31 14:52:51] 0        pnames [         NK       NFY       TFY        NF        NY ]
[24-10-31 14:52:51] 0            p0 [    15653.2   14500.6   55928.0    7286.3   23563.4 ]
[24-10-31 14:52:51] 1      -12860.1 [    15653.2   14500.6   55928.0    7286.3   23563.4 ]
[24-10-31 14:52:52] 2      -12860.1 [    15653.2   14500.6   55928.0    7286.3   23563.4 ]
[24-10-31 14:52:52] 3     -12860.01 [    15654.2   14500.6   55928.0    7286.3   23563.4 ]
[24-10-31 14:52:52] 4     -12859.86 [    15655.8   14500.6   55928.0    7286.3   23563.4 ]
[24-10-31 14:52:52] 5     -12844.68 [    15832.2   14500.6   55928.0    7286.3   23563.4 ]
[24-10-31 14:52:52] 6      -12746.0 [    17837.5   14500.6   55928.0    7286.3   23563.4 ]
[24-10-31 14:52:52] 7     -12766.57 [    21082.3   14500.6   55928.0    7286.3   23563.4 ]
[24-10-31 14:52:53] 8     -12734.86 [    19076.9   14500.6   55928.0    7286.3   23563.4 ]
[24-10-31 14:52:53] 9      -12741.0 [    19842.9   14500.6   55928.0    7286.3   23563.4 ]
[24-10-31 14:52:53] 10    -12734.72 [    18987.1   14500.6   55928.0    7286.3   23563.4 ]
[24-10-31 14:52:53] 11    -12734.71 [    18931.8   14500.6   55928.0    7286.3   23563.4 ]
[24-10-31 14:52:53] 12    -12734.72 [    18899.0   14500.6   55928.0    7286.3   23563.4 ]
[24-10-31 14:52:54] 13    -12734.71 [    18931.8   14500.6   55928.0    7286.3   23563.4 ]
[24-10-31 14:52:54] 14    -12734.71 [    18931.8   14501.6   55928.0    7286.3   23563.4 ]
[24-10-31 14:52:54] 15     -12734.7 [    18931.8   14503.2   55928.0    7286.3   23563.4 ]
[24-10-31 14:52:54] 16     -12734.7 [    18931.8   14507.0   55928.0    7286.3   23563.4 ]
[24-10-31 14:52:54] 17    -12734.71 [    18931.8   14513.1   55928.0    7286.3   23563.4 ]
[24-10-31 14:52:55] 18     -12734.7 [    18931.8   14509.3   55928.0    7286.3   23563.4 ]
[24-10-31 14:52:55] 19     -12734.7 [    18931.8   14505.5   55928.0    7286.3   23563.4 ]
[24-10-31 14:52:55] 20     -12734.7 [    18931.8   14507.0   55928.0    7286.3   23563.4 ]
[24-10-31 14:52:55] 21     -12734.7 [    18931.8   14506.9   55928.0    7286.3   23563.4 ]
[24-10-31 14:52:56] 22     -12734.7 [    18931.8   14507.0   55928.0    7286.3   23563.4 ]
[24-10-31 14:52:56] 23    -12734.65 [    18931.8   14507.0   55929.0    7286.3   23563.4 ]
[24-10-31 14:52:56] 24    -12734.57 [    18931.8   14507.0   55930.6    7286.3   23563.4 ]
[24-10-31 14:52:56] 25    -12725.77 [    18931.8   14507.0   56107.0    7286.3   23563.4 ]
[24-10-31 14:52:56] 26    -12142.59 [    18931.8   14507.0   75330.8    7286.3   23563.4 ]
[24-10-31 14:52:57] 27    -12115.41 [    18931.8   14507.0   80763.7    7286.3   23563.4 ]
[24-10-31 14:52:57] 28    -12203.02 [    18931.8   14507.0   89554.3    7286.3   23563.4 ]
[24-10-31 14:52:57] 29    -12129.56 [    18931.8   14507.0   84121.4    7286.3   23563.4 ]
[24-10-31 14:52:57] 30    -12118.51 [    18931.8   14507.0   78688.5    7286.3   23563.4 ]
[24-10-31 14:52:58] 31     -12115.3 [    18931.8   14507.0   80437.9    7286.3   23563.4 ]
[24-10-31 14:52:58] 32    -12115.36 [    18931.8   14507.0   80192.8    7286.3   23563.4 ]
[24-10-31 14:52:58] 33     -12115.3 [    18931.8   14507.0   80437.9    7286.3   23563.4 ]
[24-10-31 14:52:58] 34    -12116.07 [    18931.8   14507.0   80437.9    7287.3   23563.4 ]
[24-10-31 14:52:58] 35    -12114.05 [    18931.8   14507.0   80437.9    7284.7   23563.4 ]
[24-10-31 14:52:59] 36    -12112.03 [    18931.8   14507.0   80437.9    7282.1   23563.4 ]
[24-10-31 14:52:59] 37    -12108.77 [    18931.8   14507.0   80437.9    7277.9   23563.4 ]
[24-10-31 14:52:59] 38    -12103.48 [    18931.8   14507.0   80437.9    7271.0   23563.4 ]
[24-10-31 14:52:59] 39    -12094.93 [    18931.8   14507.0   80437.9    7259.9   23563.4 ]
[24-10-31 14:53:00] 40     -12081.1 [    18931.8   14507.0   80437.9    7242.0   23563.4 ]
[24-10-31 14:53:00] 41    -12058.71 [    18931.8   14507.0   80437.9    7212.9   23563.4 ]
[24-10-31 14:53:00] 42    -12022.48 [    18931.8   14507.0   80437.9    7166.0   23563.4 ]
[24-10-31 14:53:00] 43    -11963.88 [    18931.8   14507.0   80437.9    7089.9   23563.4 ]
[24-10-31 14:53:00] 45    -10488.42 [    18931.8   14507.0   80437.9    3925.2   23563.4 ]
[24-10-31 14:53:01] 46     -17513.0 [    18931.8   14507.0   80437.9    1969.3   23563.4 ]
[24-10-31 14:53:01] 47    -10655.56 [    18931.8   14507.0   80437.9    5213.4   23563.4 ]
[24-10-31 14:53:01] 48    -10405.02 [    18931.8   14507.0   80437.9    4207.5   23563.4 ]
[24-10-31 14:53:01] 49    -10398.53 [    18931.8   14507.0   80437.9    4415.8   23563.4 ]
[24-10-31 14:53:02] 50    -10396.22 [    18931.8   14507.0   80437.9    4340.6   23563.4 ]
[24-10-31 14:53:02] 51    -10396.54 [    18931.8   14507.0   80437.9    4370.0   23563.4 ]
[24-10-31 14:53:02] 52     -10396.7 [    18931.8   14507.0   80437.9    4311.1   23563.4 ]
[24-10-31 14:53:02] 53    -10396.22 [    18931.8   14507.0   80437.9    4340.6   23563.4 ]
[24-10-31 14:53:03] 54    -10396.12 [    18931.8   14507.0   80437.9    4340.6   23564.4 ]
[24-10-31 14:53:03] 55    -10395.95 [    18931.8   14507.0   80437.9    4340.6   23566.0 ]
[24-10-31 14:53:03] 56    -10377.54 [    18931.8   14507.0   80437.9    4340.6   23742.4 ]
[24-10-31 14:53:03] 57     -9872.97 [    18931.8   14507.0   80437.9    4340.6   31194.2 ]
[24-10-31 14:53:03] 58     -9566.28 [    18931.8   14507.0   80437.9    4340.6   43251.5 ]
[24-10-31 14:53:04] 59     -9568.56 [    18931.8   14507.0   80437.9    4340.6   43092.0 ]
[24-10-31 14:53:04] 62     -9646.08 [    18931.8   14507.0   80437.9    4340.6   38646.0 ]
[24-10-31 14:53:04] 63     -9602.27 [    18931.8   14507.0   80437.9    4340.6   40948.7 ]
[24-10-31 14:53:04] 64     -9530.25 [    18931.8   14507.0   80437.9    4340.6   46097.8 ]
[24-10-31 14:53:05] 65     -9511.71 [    18931.8   14507.0   80437.9    4340.6   47857.0 ]
[24-10-31 14:53:05] 66     -9501.45 [    18931.8   14507.0   80437.9    4340.6   48944.2 ]
[24-10-31 14:53:05] 67     -9495.53 [    18931.8   14507.0   80437.9    4340.6   49616.1 ]
[24-10-31 14:53:05] 69     -9497.79 [    18931.8   14507.0   80437.9    4340.6   49355.6 ]
[24-10-31 14:53:06] 71     -9495.53 [    18931.8   14507.0   80437.9    4340.6   49616.1 ]
[24-10-31 14:53:06] 72     -9495.42 [    18932.8   14507.0   80437.9    4340.6   49616.1 ]
[24-10-31 14:53:06] 73     -9495.25 [    18934.4   14507.0   80437.9    4340.6   49616.1 ]
[24-10-31 14:53:06] 74     -9476.95 [    19110.8   14507.0   80437.9    4340.6   49616.1 ]
[24-10-31 14:53:06] 75     -9230.82 [    22986.6   14507.0   80437.9    4340.6   49616.1 ]
[24-10-31 14:53:07] 76     -9164.02 [    29257.7   14507.0   80437.9    4340.6   49616.1 ]
[24-10-31 14:53:07] 77     -9161.18 [    27144.7   14507.0   80437.9    4340.6   49616.1 ]
[24-10-31 14:53:07] 78     -9173.05 [    25556.4   14507.0   80437.9    4340.6   49616.1 ]
[24-10-31 14:53:07] 79     -9160.14 [    27951.8   14507.0   80437.9    4340.6   49616.1 ]
[24-10-31 14:53:08] 80     -9160.11 [    27799.8   14507.0   80437.9    4340.6   49616.1 ]
[24-10-31 14:53:08] 81     -9160.14 [    27711.1   14507.0   80437.9    4340.6   49616.1 ]
[24-10-31 14:53:08] 82     -9160.11 [    27799.8   14507.0   80437.9    4340.6   49616.1 ]
[24-10-31 14:53:08] 83      -9160.1 [    27799.8   14508.0   80437.9    4340.6   49616.1 ]
[24-10-31 14:53:09] 84     -9160.08 [    27799.8   14509.6   80437.9    4340.6   49616.1 ]
[24-10-31 14:53:09] 85     -9159.31 [    27799.8   14631.0   80437.9    4340.6   49616.1 ]
[24-10-31 14:53:09] 86     -9161.11 [    27799.8   14827.4   80437.9    4340.6   49616.1 ]
[24-10-31 14:53:09] 87     -9159.56 [    27799.8   14706.0   80437.9    4340.6   49616.1 ]
[24-10-31 14:53:09] 88     -9159.43 [    27799.8   14584.6   80437.9    4340.6   49616.1 ]
[24-10-31 14:53:10] 89     -9159.31 [    27799.8   14634.1   80437.9    4340.6   49616.1 ]
[24-10-31 14:53:10] 90     -9159.31 [    27799.8   14632.8   80437.9    4340.6   49616.1 ]
[24-10-31 14:53:10] 91     -9159.31 [    27799.8   14635.3   80437.9    4340.6   49616.1 ]
[24-10-31 14:53:10] 92     -9159.31 [    27799.8   14634.1   80437.9    4340.6   49616.1 ]
[24-10-31 14:53:11] 93     -9159.33 [    27799.8   14634.1   80438.9    4340.6   49616.1 ]
[24-10-31 14:53:11] 94     -9159.28 [    27799.8   14634.1   80436.2    4340.6   49616.1 ]
[24-10-31 14:53:11] 95     -9155.81 [    27799.8   14634.1   80259.9    4340.6   49616.1 ]
[24-10-31 14:53:11] 96     -9097.67 [    27799.8   14634.1   74208.3    4340.6   49616.1 ]
[24-10-31 14:53:12] 97     -9259.87 [    27799.8   14634.1   64416.7    4340.6   49616.1 ]
[24-10-31 14:53:12] 98     -9121.71 [    27799.8   14634.1   70468.2    4340.6   49616.1 ]
[24-10-31 14:53:12] 99     -9105.84 [    27799.8   14634.1   76519.8    4340.6   49616.1 ]
[24-10-31 14:53:12] 100    -9097.66 [    27799.8   14634.1   74290.6    4340.6   49616.1 ]
[24-10-31 14:53:12] 101    -9097.67 [    27799.8   14634.1   74352.1    4340.6   49616.1 ]
[24-10-31 14:53:13] 102    -9097.66 [    27799.8   14634.1   74290.6    4340.6   49616.1 ]
[24-10-31 14:53:13] 103     -9097.7 [    27799.8   14634.1   74290.6    4341.6   49616.1 ]
[24-10-31 14:53:13] 104     -9097.6 [    27799.8   14634.1   74290.6    4338.9   49616.1 ]
[24-10-31 14:53:13] 105    -9096.78 [    27799.8   14634.1   74290.6    4293.4   49616.1 ]
[24-10-31 14:53:14] 106    -9099.22 [    27799.8   14634.1   74290.6    4219.7   49616.1 ]
[24-10-31 14:53:14] 107    -9097.15 [    27799.8   14634.1   74290.6    4265.3   49616.1 ]
[24-10-31 14:53:14] 108    -9096.89 [    27799.8   14634.1   74290.6    4310.8   49616.1 ]
[24-10-31 14:53:14] 109    -9096.78 [    27799.8   14634.1   74290.6    4294.6   49616.1 ]
[24-10-31 14:53:15] 110    -9096.78 [    27799.8   14634.1   74290.6    4294.2   49616.1 ]
[24-10-31 14:53:15] 111    -9096.78 [    27799.8   14634.1   74290.6    4295.1   49616.1 ]
[24-10-31 14:53:15] 112    -9096.78 [    27799.8   14634.1   74290.6    4294.6   49616.1 ]
[24-10-31 14:53:15] 113    -9096.76 [    27799.8   14634.1   74290.6    4294.6   49617.1 ]
[24-10-31 14:53:15] 114    -9096.73 [    27799.8   14634.1   74290.6    4294.6   49618.7 ]
[24-10-31 14:53:16] 115    -9093.74 [    27799.8   14634.1   74290.6    4294.6   49795.1 ]
[24-10-31 14:53:16] 121    -9091.25 [    27799.8   14634.1   74290.6    4294.6   49943.1 ]
[24-10-31 14:53:16] 122    -9092.49 [    27799.8   14634.1   74290.6    4294.6   49869.1 ]
[24-10-31 14:53:16] 124    -9090.66 [    27799.8   14634.1   74290.6    4294.6   49978.0 ]
[24-10-31 14:53:17] 125     -9090.3 [    27799.8   14634.1   74290.6    4294.6   49999.6 ]
[24-10-31 14:53:17] 127    -9090.44 [    27799.8   14634.1   74290.6    4294.6   49991.4 ]
[24-10-31 14:53:17] 129    -9090.37 [    27799.8   14634.1   74290.6    4294.6   49995.8 ]
[24-10-31 14:53:17] 131     -9090.3 [    27799.8   14634.1   74290.6    4294.6   49999.6 ]
[24-10-31 14:53:18] 132    -9090.31 [    27800.8   14634.1   74290.6    4294.6   49999.6 ]
[24-10-31 14:53:18] 133    -9090.29 [    27798.2   14634.1   74290.6    4294.6   49999.6 ]
[24-10-31 14:53:18] 134    -9089.49 [    27621.8   14634.1   74290.6    4294.6   49999.6 ]
[24-10-31 14:53:18] 135    -9087.53 [    26577.1   14634.1   74290.6    4294.6   49999.6 ]
[24-10-31 14:53:18] 136     -9096.7 [    24886.7   14634.1   74290.6    4294.6   49999.6 ]
[24-10-31 14:53:19] 137    -9089.03 [    25931.5   14634.1   74290.6    4294.6   49999.6 ]
[24-10-31 14:53:19] 138    -9087.69 [    26976.2   14634.1   74290.6    4294.6   49999.6 ]
[24-10-31 14:53:19] 139     -9087.5 [    26701.4   14634.1   74290.6    4294.6   49999.6 ]
[24-10-31 14:53:19] 140     -9087.5 [    26690.4   14634.1   74290.6    4294.6   49999.6 ]
[24-10-31 14:53:20] 141     -9087.5 [    26712.3   14634.1   74290.6    4294.6   49999.6 ]
[24-10-31 14:53:20] 142     -9087.5 [    26701.4   14634.1   74290.6    4294.6   49999.6 ]
[24-10-31 14:53:20] 143    -9087.45 [    26701.4   14635.1   74290.6    4294.6   49999.6 ]
[24-10-31 14:53:20] 144    -9087.36 [    26701.4   14636.7   74290.6    4294.6   49999.6 ]
[24-10-31 14:53:21] 145    -9079.78 [    26701.4   14813.0   74290.6    4294.6   49999.6 ]
[24-10-31 14:53:21] 146    -9074.56 [    26701.4   15104.5   74290.6    4294.6   49999.6 ]
[24-10-31 14:53:21] 147    -9083.38 [    26701.4   15576.1   74290.6    4294.6   49999.6 ]
[24-10-31 14:53:21] 148    -9075.55 [    26701.4   15284.7   74290.6    4294.6   49999.6 ]
[24-10-31 14:53:21] 149    -9075.52 [    26701.4   14993.2   74290.6    4294.6   49999.6 ]
[24-10-31 14:53:22] 150    -9074.51 [    26701.4   15138.1   74290.6    4294.6   49999.6 ]
[24-10-31 14:53:22] 151    -9074.51 [    26701.4   15133.0   74290.6    4294.6   49999.6 ]
[24-10-31 14:53:22] 152    -9074.51 [    26701.4   15143.1   74290.6    4294.6   49999.6 ]
[24-10-31 14:53:22] 153    -9074.51 [    26701.4   15138.1   74290.6    4294.6   49999.6 ]
[24-10-31 14:53:23] 154    -9074.52 [    26701.4   15138.1   74291.6    4294.6   49999.6 ]
[24-10-31 14:53:23] 155     -9074.5 [    26701.4   15138.1   74289.0    4294.6   49999.6 ]
[24-10-31 14:53:23] 156    -9073.21 [    26701.4   15138.1   74112.7    4294.6   49999.6 ]
[24-10-31 14:53:23] 157    -9065.77 [    26701.4   15138.1   71978.1    4294.6   49999.6 ]
[24-10-31 14:53:24] 158    -9085.82 [    26701.4   15138.1   68524.3    4294.6   49999.6 ]
[24-10-31 14:53:24] 159    -9068.72 [    26701.4   15138.1   70658.9    4294.6   49999.6 ]
[24-10-31 14:53:24] 160    -9066.83 [    26701.4   15138.1   72793.4    4294.6   49999.6 ]
[24-10-31 14:53:24] 161    -9065.77 [    26701.4   15138.1   72001.2    4294.6   49999.6 ]
[24-10-31 14:53:24] 162    -9065.77 [    26701.4   15138.1   72024.1    4294.6   49999.6 ]
[24-10-31 14:53:25] 163    -9065.77 [    26701.4   15138.1   72001.2    4294.6   49999.6 ]
[24-10-31 14:53:25] 164    -9065.89 [    26701.4   15138.1   72001.2    4295.6   49999.6 ]
[24-10-31 14:53:25] 165    -9065.58 [    26701.4   15138.1   72001.2    4293.0   49999.6 ]
[24-10-31 14:53:25] 166    -9057.29 [    26701.4   15138.1   72001.2    4142.7   49999.6 ]
[24-10-31 14:53:25] 167    -9089.74 [    26701.4   15138.1   72001.2    3899.5   49999.6 ]
[24-10-31 14:53:26] 168    -9062.39 [    26701.4   15138.1   72001.2    4049.8   49999.6 ]
[24-10-31 14:53:26] 169    -9058.18 [    26701.4   15138.1   72001.2    4200.1   49999.6 ]
[24-10-31 14:53:26] 170    -9057.23 [    26701.4   15138.1   72001.2    4154.9   49999.6 ]
[24-10-31 14:53:26] 171    -9057.23 [    26701.4   15138.1   72001.2    4153.5   49999.6 ]
[24-10-31 14:53:27] 172    -9057.24 [    26701.4   15138.1   72001.2    4152.1   49999.6 ]
[24-10-31 14:53:27] 173    -9057.23 [    26701.4   15138.1   72001.2    4153.5   49999.6 ]
[24-10-31 14:53:27] 175    -9057.26 [    26701.4   15138.1   72001.2    4153.5   49998.0 ]
[24-10-31 14:53:27] 176    -9057.24 [    26701.4   15138.1   72001.2    4153.5   49999.0 ]
[24-10-31 14:53:27] 177    -9057.23 [    26701.4   15138.1   72001.2    4153.5   50000.0 ]
[24-10-31 14:53:28] 179    -9057.23 [    26701.4   15138.1   72001.2    4153.5   49999.8 ]
[24-10-31 14:53:28] 181    -9057.23 [    26701.4   15138.1   72001.2    4153.5   49999.9 ]
[24-10-31 14:53:28] 183    -9057.23 [    26701.4   15138.1   72001.2    4153.5   50000.0 ]
[24-10-31 14:53:28] 184    -9057.23 [    26701.4   15138.1   72001.2    4153.5   50000.0 ]
[24-10-31 14:53:28] 186    -9057.23 [    26701.4   15138.1   72001.2    4153.5   50000.0 ]
[24-10-31 14:53:29] 187    -9057.23 [    26701.4   15138.1   72001.2    4153.5   50000.0 ]
[24-10-31 14:53:29] 189    -9057.23 [    26701.4   15138.1   72001.2    4153.5   50000.0 ]
[24-10-31 14:53:29] 190    -9057.22 [    26702.4   15138.1   72001.2    4153.5   50000.0 ]
[24-10-31 14:53:29] 191    -9057.22 [    26704.0   15138.1   72001.2    4153.5   50000.0 ]
[24-10-31 14:53:29] 192    -9056.83 [    26880.3   15138.1   72001.2    4153.5   50000.0 ]
[24-10-31 14:53:30] 193    -9056.51 [    27228.4   15138.1   72001.2    4153.5   50000.0 ]
[24-10-31 14:53:30] 194    -9057.15 [    27791.5   15138.1   72001.2    4153.5   50000.0 ]
[24-10-31 14:53:30] 195    -9056.59 [    27443.4   15138.1   72001.2    4153.5   50000.0 ]
[24-10-31 14:53:30] 196    -9056.56 [    27095.4   15138.1   72001.2    4153.5   50000.0 ]
[24-10-31 14:53:31] 197    -9056.51 [    27252.2   15138.1   72001.2    4153.5   50000.0 ]
[24-10-31 14:53:31] 198    -9056.51 [    27246.7   15138.1   72001.2    4153.5   50000.0 ]
[24-10-31 14:53:31] 199    -9056.51 [    27257.7   15138.1   72001.2    4153.5   50000.0 ]
[24-10-31 14:53:31] 200    -9056.51 [    27252.2   15138.1   72001.2    4153.5   50000.0 ]
[24-10-31 14:53:31] 201    -9056.47 [    27252.2   15139.1   72001.2    4153.5   50000.0 ]
[24-10-31 14:53:32] 202    -9056.41 [    27252.2   15140.7   72001.2    4153.5   50000.0 ]
[24-10-31 14:53:32] 203    -9051.63 [    27252.2   15317.0   72001.2    4153.5   50000.0 ]
[24-10-31 14:53:32] 204    -9049.91 [    27252.2   15493.6   72001.2    4153.5   50000.0 ]
[24-10-31 14:53:32] 205    -9053.15 [    27252.2   15779.2   72001.2    4153.5   50000.0 ]
[24-10-31 14:53:32] 206     -9050.3 [    27252.2   15602.7   72001.2    4153.5   50000.0 ]
[24-10-31 14:53:33] 207    -9050.22 [    27252.2   15426.1   72001.2    4153.5   50000.0 ]
[24-10-31 14:53:33] 208     -9049.9 [    27252.2   15509.5   72001.2    4153.5   50000.0 ]
[24-10-31 14:53:33] 209     -9049.9 [    27252.2   15505.8   72001.2    4153.5   50000.0 ]
[24-10-31 14:53:33] 210     -9049.9 [    27252.2   15513.2   72001.2    4153.5   50000.0 ]
[24-10-31 14:53:33] 211     -9049.9 [    27252.2   15509.5   72001.2    4153.5   50000.0 ]
[24-10-31 14:53:34] 212    -9049.91 [    27252.2   15509.5   72002.2    4153.5   50000.0 ]
[24-10-31 14:53:34] 213    -9049.89 [    27252.2   15509.5   71999.6    4153.5   50000.0 ]
[24-10-31 14:53:34] 214    -9048.56 [    27252.2   15509.5   71823.2    4153.5   50000.0 ]
[24-10-31 14:53:34] 215    -9040.88 [    27252.2   15509.5   69686.6    4153.5   50000.0 ]
[24-10-31 14:53:35] 216     -9061.7 [    27252.2   15509.5   66229.5    4153.5   50000.0 ]
[24-10-31 14:53:35] 217    -9043.95 [    27252.2   15509.5   68366.1    4153.5   50000.0 ]
[24-10-31 14:53:35] 218    -9041.98 [    27252.2   15509.5   70502.8    4153.5   50000.0 ]
[24-10-31 14:53:35] 219    -9040.88 [    27252.2   15509.5   69709.8    4153.5   50000.0 ]
[24-10-31 14:53:36] 220    -9040.88 [    27252.2   15509.5   69732.7    4153.5   50000.0 ]
[24-10-31 14:53:36] 221    -9040.88 [    27252.2   15509.5   69709.8    4153.5   50000.0 ]
[24-10-31 14:53:36] 222     -9041.0 [    27252.2   15509.5   69709.8    4154.5   50000.0 ]
[24-10-31 14:53:36] 223    -9040.69 [    27252.2   15509.5   69709.8    4151.9   50000.0 ]
[24-10-31 14:53:37] 224    -9032.73 [    27252.2   15509.5   69709.8    4009.6   50000.0 ]
[24-10-31 14:53:37] 225    -9063.66 [    27252.2   15509.5   69709.8    3779.4   50000.0 ]
[24-10-31 14:53:37] 226    -9037.58 [    27252.2   15509.5   69709.8    3921.7   50000.0 ]
[24-10-31 14:53:37] 227    -9033.58 [    27252.2   15509.5   69709.8    4064.0   50000.0 ]
[24-10-31 14:53:37] 228    -9032.67 [    27252.2   15509.5   69709.8    4021.0   50000.0 ]
[24-10-31 14:53:38] 229    -9032.67 [    27252.2   15509.5   69709.8    4019.7   50000.0 ]
[24-10-31 14:53:38] 230    -9032.67 [    27252.2   15509.5   69709.8    4018.3   50000.0 ]
[24-10-31 14:53:38] 231    -9032.67 [    27252.2   15509.5   69709.8    4019.7   50000.0 ]
[24-10-31 14:53:38] 233    -9032.69 [    27252.2   15509.5   69709.8    4019.7   49998.4 ]
[24-10-31 14:53:39] 234    -9032.68 [    27252.2   15509.5   69709.8    4019.7   49999.4 ]
[24-10-31 14:53:39] 236    -9032.67 [    27252.2   15509.5   69709.8    4019.7   49999.7 ]
[24-10-31 14:53:39] 238    -9032.67 [    27252.2   15509.5   69709.8    4019.7   49999.9 ]
[24-10-31 14:53:39] 240    -9032.67 [    27252.2   15509.5   69709.8    4019.7   50000.0 ]
[24-10-31 14:53:40] 242    -9032.67 [    27252.2   15509.5   69709.8    4019.7   50000.0 ]
[24-10-31 14:53:40] 244    -9032.67 [    27252.2   15509.5   69709.8    4019.7   50000.0 ]
[24-10-31 14:53:40] 246    -9032.67 [    27252.2   15509.5   69709.8    4019.7   50000.0 ]
[24-10-31 14:53:40] 247    -9032.67 [    27252.2   15509.5   69709.8    4019.7   50000.0 ]
[24-10-31 14:53:40] 248    -9032.67 [    27252.2   15509.5   69709.8    4019.7   50000.0 ]
[24-10-31 14:53:41] 250    -9032.67 [    27252.2   15509.5   69709.8    4019.7   50000.0 ]
[24-10-31 14:53:41] 252    -9032.67 [    27252.2   15509.5   69709.8    4019.7   50000.0 ]
[24-10-31 14:53:41] 254    -9032.67 [    27252.2   15509.5   69709.8    4019.7   50000.0 ]
[24-10-31 14:53:41] 255    -9032.67 [    27252.2   15509.5   69709.8    4019.7   50000.0 ]
[24-10-31 14:53:42] 256    -9032.67 [    27252.2   15509.5   69709.8    4019.7   50000.0 ]
[24-10-31 14:53:42] 258    -9032.67 [    27252.2   15509.5   69709.8    4019.7   50000.0 ]
[24-10-31 14:53:42] 259    -9032.67 [    27253.2   15509.5   69709.8    4019.7   50000.0 ]
[24-10-31 14:53:42] 260    -9032.67 [    27254.8   15509.5   69709.8    4019.7   50000.0 ]
[24-10-31 14:53:43] 261    -9032.51 [    27431.2   15509.5   69709.8    4019.7   50000.0 ]
[24-10-31 14:53:43] 262    -9032.49 [    27531.6   15509.5   69709.8    4019.7   50000.0 ]
[24-10-31 14:53:43] 263    -9032.54 [    27694.0   15509.5   69709.8    4019.7   50000.0 ]
[24-10-31 14:53:43] 264     -9032.5 [    27593.6   15509.5   69709.8    4019.7   50000.0 ]
[24-10-31 14:53:43] 265    -9032.49 [    27493.2   15509.5   69709.8    4019.7   50000.0 ]
[24-10-31 14:53:44] 266    -9032.49 [    27536.2   15509.5   69709.8    4019.7   50000.0 ]
[24-10-31 14:53:44] 267    -9032.49 [    27539.0   15509.5   69709.8    4019.7   50000.0 ]
[24-10-31 14:53:44] 268    -9032.49 [    27536.2   15509.5   69709.8    4019.7   50000.0 ]
[24-10-31 14:53:44] 269    -9032.46 [    27536.2   15510.5   69709.8    4019.7   50000.0 ]
[24-10-31 14:53:45] 270    -9032.41 [    27536.2   15512.1   69709.8    4019.7   50000.0 ]
[24-10-31 14:53:45] 271    -9028.35 [    27536.2   15688.5   69709.8    4019.7   50000.0 ]
[24-10-31 14:53:45] 272     -9027.2 [    27536.2   15837.3   69709.8    4019.7   50000.0 ]
[24-10-31 14:53:45] 273    -9029.44 [    27536.2   16078.2   69709.8    4019.7   50000.0 ]
[24-10-31 14:53:46] 274    -9027.47 [    27536.2   15929.3   69709.8    4019.7   50000.0 ]
[24-10-31 14:53:46] 275     -9027.4 [    27536.2   15780.5   69709.8    4019.7   50000.0 ]
[24-10-31 14:53:46] 276    -9027.19 [    27536.2   15849.9   69709.8    4019.7   50000.0 ]
[24-10-31 14:53:46] 277    -9027.19 [    27536.2   15846.5   69709.8    4019.7   50000.0 ]
[24-10-31 14:53:46] 278    -9027.19 [    27536.2   15853.3   69709.8    4019.7   50000.0 ]
[24-10-31 14:53:47] 279    -9027.19 [    27536.2   15849.9   69709.8    4019.7   50000.0 ]
[24-10-31 14:53:47] 280     -9027.2 [    27536.2   15849.9   69710.8    4019.7   50000.0 ]
[24-10-31 14:53:47] 281    -9027.18 [    27536.2   15849.9   69708.2    4019.7   50000.0 ]
[24-10-31 14:53:47] 282    -9025.85 [    27536.2   15849.9   69531.8    4019.7   50000.0 ]
[24-10-31 14:53:48] 283     -9018.5 [    27536.2   15849.9   67475.8    4019.7   50000.0 ]
[24-10-31 14:53:48] 284    -9038.53 [    27536.2   15849.9   64149.1    4019.7   50000.0 ]
[24-10-31 14:53:48] 285    -9021.45 [    27536.2   15849.9   66205.1    4019.7   50000.0 ]
[24-10-31 14:53:48] 286    -9019.54 [    27536.2   15849.9   68261.1    4019.7   50000.0 ]
[24-10-31 14:53:49] 287     -9018.5 [    27536.2   15849.9   67498.1    4019.7   50000.0 ]
[24-10-31 14:53:49] 288     -9018.5 [    27536.2   15849.9   67520.2    4019.7   50000.0 ]
[24-10-31 14:53:49] 289     -9018.5 [    27536.2   15849.9   67498.1    4019.7   50000.0 ]
[24-10-31 14:53:49] 290    -9018.62 [    27536.2   15849.9   67498.1    4020.7   50000.0 ]
[24-10-31 14:53:49] 291     -9018.3 [    27536.2   15849.9   67498.1    4018.1   50000.0 ]
[24-10-31 14:53:50] 292    -9010.66 [    27536.2   15849.9   67498.1    3883.3   50000.0 ]
[24-10-31 14:53:50] 293     -9040.1 [    27536.2   15849.9   67498.1    3665.3   50000.0 ]
[24-10-31 14:53:50] 294    -9015.28 [    27536.2   15849.9   67498.1    3800.1   50000.0 ]
[24-10-31 14:53:50] 295    -9011.49 [    27536.2   15849.9   67498.1    3934.8   50000.0 ]
[24-10-31 14:53:51] 296    -9010.61 [    27536.2   15849.9   67498.1    3893.9   50000.0 ]
[24-10-31 14:53:51] 297    -9010.61 [    27536.2   15849.9   67498.1    3892.6   50000.0 ]
[24-10-31 14:53:51] 298    -9010.61 [    27536.2   15849.9   67498.1    3891.4   50000.0 ]
[24-10-31 14:53:51] 299    -9010.61 [    27536.2   15849.9   67498.1    3892.6   50000.0 ]
[24-10-31 14:53:52] 301    -9010.63 [    27536.2   15849.9   67498.1    3892.6   49998.4 ]
[24-10-31 14:53:52] 302    -9010.62 [    27536.2   15849.9   67498.1    3892.6   49999.4 ]
[24-10-31 14:53:52] 304    -9010.61 [    27536.2   15849.9   67498.1    3892.6   49999.7 ]
[24-10-31 14:53:52] 306    -9010.61 [    27536.2   15849.9   67498.1    3892.6   49999.9 ]
[24-10-31 14:53:52] 308    -9010.61 [    27536.2   15849.9   67498.1    3892.6   50000.0 ]
[24-10-31 14:53:53] 310    -9010.61 [    27536.2   15849.9   67498.1    3892.6   50000.0 ]
[24-10-31 14:53:53] 312    -9010.61 [    27536.2   15849.9   67498.1    3892.6   50000.0 ]
[24-10-31 14:53:53] 314    -9010.61 [    27536.2   15849.9   67498.1    3892.6   50000.0 ]
[24-10-31 14:53:53] 316    -9010.61 [    27536.2   15849.9   67498.1    3892.6   50000.0 ]
[24-10-31 14:53:54] 318    -9010.61 [    27536.2   15849.9   67498.1    3892.6   50000.0 ]
[24-10-31 14:53:54] 320    -9010.61 [    27536.2   15849.9   67498.1    3892.6   50000.0 ]
[24-10-31 14:53:54] 322    -9010.61 [    27536.2   15849.9   67498.1    3892.6   50000.0 ]
[24-10-31 14:53:54] 324    -9010.61 [    27536.2   15849.9   67498.1    3892.6   50000.0 ]
[24-10-31 14:53:55] 326    -9010.61 [    27536.2   15849.9   67498.1    3892.6   50000.0 ]
[24-10-31 14:53:55] 327    -9010.61 [    27536.2   15849.9   67498.1    3892.6   50000.0 ]
[24-10-31 14:53:55] 328    -9010.61 [    27536.2   15849.9   67498.1    3892.6   50000.0 ]
[24-10-31 14:53:55] 330    -9010.61 [    27536.2   15849.9   67498.1    3892.6   50000.0 ]
[24-10-31 14:53:55] 332    -9010.61 [    27536.2   15849.9   67498.1    3892.6   50000.0 ]
[24-10-31 14:53:56] 334    -9010.61 [    27536.2   15849.9   67498.1    3892.6   50000.0 ]
[24-10-31 14:53:56] 336    -9010.61 [    27536.2   15849.9   67498.1    3892.6   50000.0 ]
[24-10-31 14:53:56] 338    -9010.61 [    27536.2   15849.9   67498.1    3892.6   50000.0 ]
[24-10-31 14:53:56] 339    -9010.61 [    27537.2   15849.9   67498.1    3892.6   50000.0 ]
[24-10-31 14:53:57] 340    -9010.61 [    27538.8   15849.9   67498.1    3892.6   50000.0 ]
[24-10-31 14:53:57] 341    -9010.49 [    27715.2   15849.9   67498.1    3892.6   50000.0 ]
[24-10-31 14:53:57] 342    -9010.48 [    27772.6   15849.9   67498.1    3892.6   50000.0 ]
[24-10-31 14:53:57] 343     -9010.5 [    27865.5   15849.9   67498.1    3892.6   50000.0 ]
[24-10-31 14:53:58] 344    -9010.49 [    27808.1   15849.9   67498.1    3892.6   50000.0 ]
[24-10-31 14:53:58] 345    -9010.49 [    27750.6   15849.9   67498.1    3892.6   50000.0 ]
[24-10-31 14:53:58] 346    -9010.48 [    27775.4   15849.9   67498.1    3892.6   50000.0 ]
[24-10-31 14:53:58] 347    -9010.48 [    27777.7   15849.9   67498.1    3892.6   50000.0 ]
[24-10-31 14:53:58] 348    -9010.48 [    27775.4   15849.9   67498.1    3892.6   50000.0 ]
[24-10-31 14:53:59] 349    -9010.46 [    27775.4   15850.9   67498.1    3892.6   50000.0 ]
[24-10-31 14:53:59] 350    -9010.41 [    27775.4   15852.5   67498.1    3892.6   50000.0 ]
[24-10-31 14:53:59] 351     -9006.8 [    27775.4   16028.8   67498.1    3892.6   50000.0 ]
[24-10-31 14:53:59] 352    -9005.91 [    27775.4   16161.9   67498.1    3892.6   50000.0 ]
[24-10-31 14:54:00] 353    -9007.65 [    27775.4   16377.3   67498.1    3892.6   50000.0 ]
[24-10-31 14:54:00] 354    -9006.13 [    27775.4   16244.2   67498.1    3892.6   50000.0 ]
[24-10-31 14:54:00] 355    -9006.07 [    27775.4   16111.1   67498.1    3892.6   50000.0 ]
[24-10-31 14:54:00] 356    -9005.91 [    27775.4   16172.7   67498.1    3892.6   50000.0 ]
[24-10-31 14:54:01] 357    -9005.91 [    27775.4   16169.4   67498.1    3892.6   50000.0 ]
[24-10-31 14:54:01] 358    -9005.91 [    27775.4   16175.9   67498.1    3892.6   50000.0 ]
[24-10-31 14:54:01] 359    -9005.91 [    27775.4   16172.7   67498.1    3892.6   50000.0 ]
[24-10-31 14:54:01] 360    -9005.92 [    27775.4   16172.7   67499.1    3892.6   50000.0 ]
[24-10-31 14:54:01] 361     -9005.9 [    27775.4   16172.7   67496.5    3892.6   50000.0 ]
[24-10-31 14:54:02] 362    -9004.59 [    27775.4   16172.7   67320.1    3892.6   50000.0 ]
[24-10-31 14:54:02] 363    -8997.77 [    27775.4   16172.7   65377.8    3892.6   50000.0 ]
[24-10-31 14:54:02] 364    -9016.41 [    27775.4   16172.7   62235.0    3892.6   50000.0 ]
[24-10-31 14:54:02] 365    -9000.53 [    27775.4   16172.7   64177.3    3892.6   50000.0 ]
[24-10-31 14:54:03] 366    -8998.74 [    27775.4   16172.7   66119.7    3892.6   50000.0 ]
[24-10-31 14:54:03] 367    -8997.77 [    27775.4   16172.7   65399.0    3892.6   50000.0 ]
[24-10-31 14:54:03] 368    -8997.78 [    27775.4   16172.7   65420.0    3892.6   50000.0 ]
[24-10-31 14:54:03] 369    -8997.77 [    27775.4   16172.7   65399.0    3892.6   50000.0 ]
[24-10-31 14:54:04] 370     -8997.9 [    27775.4   16172.7   65399.0    3893.6   50000.0 ]
[24-10-31 14:54:04] 371    -8997.58 [    27775.4   16172.7   65399.0    3891.0   50000.0 ]
[24-10-31 14:54:04] 372    -8990.24 [    27775.4   16172.7   65399.0    3763.4   50000.0 ]
[24-10-31 14:54:04] 373    -9018.27 [    27775.4   16172.7   65399.0    3556.8   50000.0 ]
[24-10-31 14:54:04] 374    -8994.64 [    27775.4   16172.7   65399.0    3684.5   50000.0 ]
[24-10-31 14:54:05] 375    -8991.05 [    27775.4   16172.7   65399.0    3812.1   50000.0 ]
[24-10-31 14:54:05] 376     -8990.2 [    27775.4   16172.7   65399.0    3773.2   50000.0 ]
[24-10-31 14:54:05] 377     -8990.2 [    27775.4   16172.7   65399.0    3772.0   50000.0 ]
[24-10-31 14:54:05] 378     -8990.2 [    27775.4   16172.7   65399.0    3770.8   50000.0 ]
[24-10-31 14:54:06] 379     -8990.2 [    27775.4   16172.7   65399.0    3772.0   50000.0 ]
[24-10-31 14:54:06] 381    -8990.22 [    27775.4   16172.7   65399.0    3772.0   49998.4 ]
[24-10-31 14:54:06] 382    -8990.21 [    27775.4   16172.7   65399.0    3772.0   49999.4 ]
[24-10-31 14:54:06] 384     -8990.2 [    27775.4   16172.7   65399.0    3772.0   49999.7 ]
[24-10-31 14:54:07] 386     -8990.2 [    27775.4   16172.7   65399.0    3772.0   49999.9 ]
[24-10-31 14:54:07] 388     -8990.2 [    27775.4   16172.7   65399.0    3772.0   50000.0 ]
[24-10-31 14:54:07] 390     -8990.2 [    27775.4   16172.7   65399.0    3772.0   50000.0 ]
[24-10-31 14:54:07] 392     -8990.2 [    27775.4   16172.7   65399.0    3772.0   50000.0 ]
[24-10-31 14:54:07] 394     -8990.2 [    27775.4   16172.7   65399.0    3772.0   50000.0 ]
[24-10-31 14:54:08] 396     -8990.2 [    27775.4   16172.7   65399.0    3772.0   50000.0 ]
[24-10-31 14:54:08] 398     -8990.2 [    27775.4   16172.7   65399.0    3772.0   50000.0 ]
[24-10-31 14:54:08] 400     -8990.2 [    27775.4   16172.7   65399.0    3772.0   50000.0 ]
[24-10-31 14:54:08] 402     -8990.2 [    27775.4   16172.7   65399.0    3772.0   50000.0 ]
[24-10-31 14:54:09] 404     -8990.2 [    27775.4   16172.7   65399.0    3772.0   50000.0 ]
[24-10-31 14:54:09] 406     -8990.2 [    27775.4   16172.7   65399.0    3772.0   50000.0 ]
[24-10-31 14:54:09] 408     -8990.2 [    27775.4   16172.7   65399.0    3772.0   50000.0 ]
[24-10-31 14:54:09] 410     -8990.2 [    27775.4   16172.7   65399.0    3772.0   50000.0 ]
[24-10-31 14:54:10] 412     -8990.2 [    27775.4   16172.7   65399.0    3772.0   50000.0 ]
[24-10-31 14:54:10] 414     -8990.2 [    27775.4   16172.7   65399.0    3772.0   50000.0 ]
[24-10-31 14:54:10] 416     -8990.2 [    27775.4   16172.7   65399.0    3772.0   50000.0 ]
[24-10-31 14:54:10] 417     -8990.2 [    27775.4   16172.7   65399.0    3772.0   50000.0 ]
[24-10-31 14:54:10] 418     -8990.2 [    27775.4   16172.7   65399.0    3772.0   50000.0 ]
[24-10-31 14:54:11] 421     -8990.2 [    27775.4   16172.7   65399.0    3772.0   50000.0 ]
[24-10-31 14:54:11] 423     -8990.2 [    27775.4   16172.7   65399.0    3772.0   50000.0 ]
[24-10-31 14:54:11] 424     -8990.2 [    27775.4   16172.7   65399.0    3772.0   50000.0 ]
[24-10-31 14:54:11] 425     -8990.2 [    27775.4   16172.7   65399.0    3772.0   50000.0 ]
[24-10-31 14:54:12] 426     -8990.2 [    27775.4   16172.7   65399.0    3772.0   50000.0 ]
[24-10-31 14:54:12] 428     -8990.2 [    27775.4   16172.7   65399.0    3772.0   50000.0 ]
[24-10-31 14:54:12] 429     -8990.2 [    27776.4   16172.7   65399.0    3772.0   50000.0 ]
[24-10-31 14:54:12] 430     -8990.2 [    27778.0   16172.7   65399.0    3772.0   50000.0 ]
[24-10-31 14:54:13] 431    -8990.09 [    27954.3   16172.7   65399.0    3772.0   50000.0 ]
[24-10-31 14:54:13] 432    -8990.09 [    28001.3   16172.7   65399.0    3772.0   50000.0 ]
[24-10-31 14:54:13] 433     -8990.1 [    28077.4   16172.7   65399.0    3772.0   50000.0 ]
[24-10-31 14:54:13] 434    -8990.09 [    28030.4   16172.7   65399.0    3772.0   50000.0 ]
[24-10-31 14:54:14] 435    -8990.09 [    27983.4   16172.7   65399.0    3772.0   50000.0 ]
[24-10-31 14:54:14] 436    -8990.09 [    28003.7   16172.7   65399.0    3772.0   50000.0 ]
[24-10-31 14:54:14] 437    -8990.09 [    28006.0   16172.7   65399.0    3772.0   50000.0 ]
[24-10-31 14:54:14] 438    -8990.09 [    28003.7   16172.7   65399.0    3772.0   50000.0 ]
[24-10-31 14:54:14] 439    -8990.06 [    28003.7   16173.7   65399.0    3772.0   50000.0 ]
[24-10-31 14:54:15] 440    -8990.02 [    28003.7   16175.3   65399.0    3772.0   50000.0 ]
[24-10-31 14:54:15] 441     -8986.8 [    28003.7   16351.6   65399.0    3772.0   50000.0 ]
[24-10-31 14:54:15] 442    -8986.13 [    28003.7   16469.5   65399.0    3772.0   50000.0 ]
[24-10-31 14:54:15] 443    -8987.46 [    28003.7   16660.2   65399.0    3772.0   50000.0 ]
[24-10-31 14:54:16] 444     -8986.3 [    28003.7   16542.4   65399.0    3772.0   50000.0 ]
[24-10-31 14:54:16] 445    -8986.25 [    28003.7   16424.5   65399.0    3772.0   50000.0 ]
[24-10-31 14:54:16] 446    -8986.13 [    28003.7   16478.7   65399.0    3772.0   50000.0 ]
[24-10-31 14:54:16] 447    -8986.13 [    28003.7   16475.6   65399.0    3772.0   50000.0 ]
[24-10-31 14:54:17] 448    -8986.13 [    28003.7   16481.7   65399.0    3772.0   50000.0 ]
[24-10-31 14:54:17] 449    -8986.13 [    28003.7   16478.7   65399.0    3772.0   50000.0 ]
[24-10-31 14:54:17] 450    -8986.14 [    28003.7   16478.7   65400.0    3772.0   50000.0 ]
[24-10-31 14:54:17] 451    -8986.12 [    28003.7   16478.7   65397.4    3772.0   50000.0 ]
[24-10-31 14:54:17] 452    -8984.84 [    28003.7   16478.7   65221.0    3772.0   50000.0 ]
[24-10-31 14:54:18] 453    -8978.55 [    28003.7   16478.7   63393.5    3772.0   50000.0 ]
[24-10-31 14:54:18] 454    -8995.78 [    28003.7   16478.7   60436.5    3772.0   50000.0 ]
[24-10-31 14:54:18] 455     -8981.1 [    28003.7   16478.7   62264.0    3772.0   50000.0 ]
[24-10-31 14:54:18] 456    -8979.44 [    28003.7   16478.7   64091.5    3772.0   50000.0 ]
[24-10-31 14:54:19] 457    -8978.55 [    28003.7   16478.7   63413.5    3772.0   50000.0 ]
[24-10-31 14:54:19] 458    -8978.55 [    28003.7   16478.7   63433.4    3772.0   50000.0 ]
[24-10-31 14:54:19] 459    -8978.55 [    28003.7   16478.7   63413.5    3772.0   50000.0 ]
[24-10-31 14:54:19] 460    -8978.67 [    28003.7   16478.7   63413.5    3773.0   50000.0 ]
[24-10-31 14:54:20] 461    -8978.35 [    28003.7   16478.7   63413.5    3770.4   50000.0 ]
[24-10-31 14:54:20] 462    -8971.36 [    28003.7   16478.7   63413.5    3649.7   50000.0 ]
[24-10-31 14:54:20] 463    -8997.85 [    28003.7   16478.7   63413.5    3454.5   50000.0 ]
[24-10-31 14:54:20] 464     -8975.5 [    28003.7   16478.7   63413.5    3575.2   50000.0 ]
[24-10-31 14:54:20] 465    -8972.13 [    28003.7   16478.7   63413.5    3695.8   50000.0 ]
[24-10-31 14:54:21] 466    -8971.31 [    28003.7   16478.7   63413.5    3658.8   50000.0 ]
[24-10-31 14:54:21] 467    -8971.31 [    28003.7   16478.7   63413.5    3657.7   50000.0 ]
[24-10-31 14:54:21] 468    -8971.31 [    28003.7   16478.7   63413.5    3656.5   50000.0 ]
[24-10-31 14:54:21] 469    -8971.31 [    28003.7   16478.7   63413.5    3657.7   50000.0 ]
[24-10-31 14:54:22] 471    -8971.33 [    28003.7   16478.7   63413.5    3657.7   49998.4 ]
[24-10-31 14:54:22] 472    -8971.32 [    28003.7   16478.7   63413.5    3657.7   49999.4 ]
[24-10-31 14:54:22] 474    -8971.32 [    28003.7   16478.7   63413.5    3657.7   49999.7 ]
[24-10-31 14:54:22] 476    -8971.31 [    28003.7   16478.7   63413.5    3657.7   49999.9 ]
[24-10-31 14:54:23] 478    -8971.31 [    28003.7   16478.7   63413.5    3657.7   50000.0 ]
[24-10-31 14:54:23] 480    -8971.31 [    28003.7   16478.7   63413.5    3657.7   50000.0 ]
[24-10-31 14:54:23] 482    -8971.31 [    28003.7   16478.7   63413.5    3657.7   50000.0 ]
[24-10-31 14:54:23] 484    -8971.31 [    28003.7   16478.7   63413.5    3657.7   50000.0 ]
[24-10-31 14:54:23] 486    -8971.31 [    28003.7   16478.7   63413.5    3657.7   50000.0 ]
[24-10-31 14:54:24] 488    -8971.31 [    28003.7   16478.7   63413.5    3657.7   50000.0 ]
[24-10-31 14:54:24] 490    -8971.31 [    28003.7   16478.7   63413.5    3657.7   50000.0 ]
[24-10-31 14:54:24] 492    -8971.31 [    28003.7   16478.7   63413.5    3657.7   50000.0 ]
[24-10-31 14:54:24] 494    -8971.31 [    28003.7   16478.7   63413.5    3657.7   50000.0 ]
[24-10-31 14:54:25] 496    -8971.31 [    28003.7   16478.7   63413.5    3657.7   50000.0 ]
[24-10-31 14:54:25] 498    -8971.31 [    28003.7   16478.7   63413.5    3657.7   50000.0 ]
[24-10-31 14:54:25] 500    -8971.31 [    28003.7   16478.7   63413.5    3657.7   50000.0 ]
[24-10-31 14:54:25] 502    -8971.31 [    28003.7   16478.7   63413.5    3657.7   50000.0 ]
[24-10-31 14:54:26] 504    -8971.31 [    28003.7   16478.7   63413.5    3657.7   50000.0 ]
[24-10-31 14:54:26] 506    -8971.31 [    28003.7   16478.7   63413.5    3657.7   50000.0 ]
[24-10-31 14:54:26] 508    -8971.31 [    28003.7   16478.7   63413.5    3657.7   50000.0 ]
[24-10-31 14:54:26] 510    -8971.31 [    28003.7   16478.7   63413.5    3657.7   50000.0 ]
[24-10-31 14:54:27] 512    -8971.31 [    28003.7   16478.7   63413.5    3657.7   50000.0 ]
[24-10-31 14:54:27] 513    -8971.31 [    28003.7   16478.7   63413.5    3657.7   50000.0 ]
[24-10-31 14:54:27] 514    -8971.31 [    28003.7   16478.7   63413.5    3657.7   50000.0 ]
[24-10-31 14:54:27] 515    -8971.31 [    28003.7   16478.7   63413.5    3657.7   50000.0 ]
[24-10-31 14:54:27] 516    -8971.31 [    28003.7   16478.7   63413.5    3657.7   50000.0 ]
[24-10-31 14:54:28] 517    -8971.31 [    28003.7   16478.7   63413.5    3657.7   50000.0 ]
[24-10-31 14:54:28] 518    -8971.31 [    28003.7   16478.7   63413.5    3657.7   50000.0 ]
[24-10-31 14:54:28] 519    -8971.31 [    28003.7   16478.7   63413.5    3657.7   50000.0 ]
[24-10-31 14:54:28] 520    -8952.86 [    28232.1   16784.7   61428.1    3543.4   50000.0 ]
[24-10-31 14:54:29] 521    -8971.31 [    28003.7   16478.7   63413.5    3657.7   50000.0 ]
[24-10-31 14:54:29] 522    -8952.86 [    28232.1   16784.7   61428.1    3543.4   50000.0 ]
[24-10-31 14:54:29] 523    -8923.94 [    28601.6   17279.8   58215.6    3358.4   50000.0 ]
[24-10-31 14:54:29] 526    -8829.99 [    29930.6   19060.5   46661.6    2693.2   50000.0 ]
[24-10-31 14:54:30] 527    -8874.91 [    29266.1   18170.2   52438.6    3025.8   50000.0 ]
[24-10-31 14:54:30] 529    -8810.33 [    30244.4   19480.9   43934.0    2536.1   50000.0 ]
[24-10-31 14:54:30] 530    -8798.71 [    30438.3   19740.7   42248.3    2439.1   50000.0 ]
[24-10-31 14:54:30] 531    -8791.74 [    30558.1   19901.3   41206.5    2379.1   50000.0 ]
[24-10-31 14:54:30] 532    -8787.52 [    30632.2   20000.5   40562.6    2342.0   50000.0 ]
[24-10-31 14:54:31] 533    -8784.95 [    30677.9   20061.9   40164.7    2319.1   50000.0 ]
[24-10-31 14:54:31] 535    -8784.95 [    30677.9   20061.9   40164.7    2319.1   50000.0 ]
[24-10-31 14:54:31] 536    -8784.95 [    30678.9   20061.9   40164.7    2319.1   50000.0 ]
[24-10-31 14:54:31] 537    -8784.94 [    30680.6   20061.9   40164.7    2319.1   50000.0 ]
[24-10-31 14:54:32] 538    -8784.86 [    30856.9   20061.9   40164.7    2319.1   50000.0 ]
[24-10-31 14:54:32] 539    -8784.85 [    30935.0   20061.9   40164.7    2319.1   50000.0 ]
[24-10-31 14:54:32] 540    -8784.87 [    31061.3   20061.9   40164.7    2319.1   50000.0 ]
[24-10-31 14:54:32] 541    -8784.85 [    30983.2   20061.9   40164.7    2319.1   50000.0 ]
[24-10-31 14:54:32] 542    -8784.85 [    30905.2   20061.9   40164.7    2319.1   50000.0 ]
[24-10-31 14:54:33] 543    -8784.85 [    30938.2   20061.9   40164.7    2319.1   50000.0 ]
[24-10-31 14:54:33] 544    -8784.85 [    30940.8   20061.9   40164.7    2319.1   50000.0 ]
[24-10-31 14:54:33] 545    -8784.85 [    30938.2   20061.9   40164.7    2319.1   50000.0 ]
[24-10-31 14:54:33] 546    -8784.84 [    30938.2   20062.9   40164.7    2319.1   50000.0 ]
[24-10-31 14:54:34] 547    -8784.84 [    30938.2   20064.5   40164.7    2319.1   50000.0 ]
[24-10-31 14:54:34] 548    -8784.76 [    30938.2   20116.4   40164.7    2319.1   50000.0 ]
[24-10-31 14:54:34] 549    -8784.96 [    30938.2   20200.4   40164.7    2319.1   50000.0 ]
[24-10-31 14:54:34] 550    -8784.79 [    30938.2   20148.5   40164.7    2319.1   50000.0 ]
[24-10-31 14:54:35] 551    -8784.77 [    30938.2   20096.6   40164.7    2319.1   50000.0 ]
[24-10-31 14:54:35] 552    -8784.76 [    30938.2   20116.9   40164.7    2319.1   50000.0 ]
[24-10-31 14:54:35] 553    -8784.76 [    30938.2   20117.5   40164.7    2319.1   50000.0 ]
[24-10-31 14:54:35] 554    -8784.76 [    30938.2   20116.9   40164.7    2319.1   50000.0 ]
[24-10-31 14:54:36] 556    -8784.77 [    30938.2   20116.9   40164.7    2319.1   49998.4 ]
[24-10-31 14:54:36] 557    -8784.77 [    30938.2   20116.9   40164.7    2319.1   49999.4 ]
[24-10-31 14:54:36] 559    -8784.76 [    30938.2   20116.9   40164.7    2319.1   49999.7 ]
[24-10-31 14:54:36] 561    -8784.76 [    30938.2   20116.9   40164.7    2319.1   49999.9 ]
[24-10-31 14:54:36] 563    -8784.76 [    30938.2   20116.9   40164.7    2319.1   50000.0 ]
[24-10-31 14:54:37] 565    -8784.76 [    30938.2   20116.9   40164.7    2319.1   50000.0 ]
[24-10-31 14:54:37] 567    -8784.76 [    30938.2   20116.9   40164.7    2319.1   50000.0 ]
[24-10-31 14:54:37] 569    -8784.76 [    30938.2   20116.9   40164.7    2319.1   50000.0 ]
[24-10-31 14:54:37] 571    -8784.76 [    30938.2   20116.9   40164.7    2319.1   50000.0 ]
[24-10-31 14:54:38] 573    -8784.76 [    30938.2   20116.9   40164.7    2319.1   50000.0 ]
[24-10-31 14:54:38] 575    -8784.76 [    30938.2   20116.9   40164.7    2319.1   50000.0 ]
[24-10-31 14:54:38] 577    -8784.76 [    30938.2   20116.9   40164.7    2319.1   50000.0 ]
[24-10-31 14:54:38] 579    -8784.76 [    30938.2   20116.9   40164.7    2319.1   50000.0 ]
[24-10-31 14:54:39] 581    -8784.76 [    30938.2   20116.9   40164.7    2319.1   50000.0 ]
[24-10-31 14:54:39] 583    -8784.76 [    30938.2   20116.9   40164.7    2319.1   50000.0 ]
[24-10-31 14:54:39] 585    -8784.76 [    30938.2   20116.9   40164.7    2319.1   50000.0 ]
[24-10-31 14:54:39] 587    -8784.76 [    30938.2   20116.9   40164.7    2319.1   50000.0 ]
[24-10-31 14:54:40] 589    -8784.76 [    30938.2   20116.9   40164.7    2319.1   50000.0 ]
[24-10-31 14:54:40] 591    -8784.76 [    30938.2   20116.9   40164.7    2319.1   50000.0 ]
[24-10-31 14:54:40] 592    -8784.76 [    30938.2   20116.9   40164.7    2319.1   50000.0 ]
[24-10-31 14:54:40] 594    -8784.76 [    30938.2   20116.9   40164.7    2319.1   50000.0 ]
[24-10-31 14:54:40] 595    -8784.76 [    30938.2   20116.9   40164.7    2319.1   50000.0 ]
[24-10-31 14:54:41] 596    -8784.76 [    30938.2   20116.9   40164.7    2319.1   50000.0 ]
[24-10-31 14:54:41] 597    -8784.76 [    30938.2   20116.9   40164.7    2319.1   50000.0 ]
[24-10-31 14:54:41] 598    -8784.76 [    30938.2   20116.9   40164.7    2319.1   50000.0 ]
[24-10-31 14:54:41] 600    -8784.76 [    30938.2   20116.9   40164.7    2319.1   50000.0 ]
[24-10-31 14:54:42] 602    -8784.76 [    30938.2   20116.9   40164.7    2319.1   50000.0 ]
[24-10-31 14:54:42] 603    -8784.76 [    30938.2   20116.9   40164.7    2319.1   50000.0 ]
[24-10-31 14:54:42] 604     -8784.8 [    30938.2   20116.9   40164.7    2320.1   50000.0 ]
[24-10-31 14:54:42] 605     -8784.7 [    30938.2   20116.9   40164.7    2317.5   50000.0 ]
[24-10-31 14:54:43] 606    -8784.51 [    30938.2   20116.9   40164.7    2305.8   50000.0 ]
[24-10-31 14:54:43] 607    -8785.05 [    30938.2   20116.9   40164.7    2287.0   50000.0 ]
[24-10-31 14:54:43] 608    -8784.59 [    30938.2   20116.9   40164.7    2298.6   50000.0 ]
[24-10-31 14:54:43] 609    -8784.54 [    30938.2   20116.9   40164.7    2310.3   50000.0 ]
[24-10-31 14:54:43] 610    -8784.51 [    30938.2   20116.9   40164.7    2306.0   50000.0 ]
[24-10-31 14:54:44] 611    -8784.51 [    30938.2   20116.9   40164.7    2306.1   50000.0 ]
[24-10-31 14:54:44] 612    -8784.51 [    30938.2   20116.9   40164.7    2306.0   50000.0 ]
[24-10-31 14:54:44] 619    -8783.47 [    30956.8   20141.9   40002.7    2296.7   50000.0 ]
[24-10-31 14:54:44] 620    -8783.99 [    30947.5   20129.4   40083.7    2301.3   50000.0 ]
[24-10-31 14:54:45] 625    -8783.67 [    30953.3   20137.1   40033.7    2298.5   50000.0 ]
[24-10-31 14:54:45] 627    -8783.55 [    30955.5   20140.1   40014.5    2297.4   50000.0 ]
[24-10-31 14:54:45] 629     -8783.5 [    30956.3   20141.2   40007.2    2296.9   50000.0 ]
[24-10-31 14:54:45] 631    -8783.48 [    30956.6   20141.6   40004.4    2296.8   50000.0 ]
[24-10-31 14:54:46] 632    -8783.46 [    30957.0   20142.1   40001.1    2296.6   50000.0 ]
[24-10-31 14:54:46] 634    -8783.46 [    30957.0   20142.1   40001.1    2296.6   50000.0 ]
[24-10-31 14:54:46] 635    -8783.46 [    30958.0   20142.1   40001.1    2296.6   50000.0 ]
[24-10-31 14:54:46] 636    -8783.46 [    30959.6   20142.1   40001.1    2296.6   50000.0 ]
[24-10-31 14:54:47] 637    -8783.44 [    31078.7   20142.1   40001.1    2296.6   50000.0 ]
[24-10-31 14:54:47] 638    -8783.49 [    31271.3   20142.1   40001.1    2296.6   50000.0 ]
[24-10-31 14:54:47] 639    -8783.45 [    31152.3   20142.1   40001.1    2296.6   50000.0 ]
[24-10-31 14:54:47] 640    -8783.44 [    31033.2   20142.1   40001.1    2296.6   50000.0 ]
[24-10-31 14:54:47] 641    -8783.44 [    31080.1   20142.1   40001.1    2296.6   50000.0 ]
[24-10-31 14:54:48] 642    -8783.44 [    31081.3   20142.1   40001.1    2296.6   50000.0 ]
[24-10-31 14:54:48] 643    -8783.44 [    31080.1   20142.1   40001.1    2296.6   50000.0 ]
[24-10-31 14:54:48] 644    -8783.44 [    31080.1   20143.1   40001.1    2296.6   50000.0 ]
[24-10-31 14:54:48] 645    -8783.43 [    31080.1   20144.8   40001.1    2296.6   50000.0 ]
[24-10-31 14:54:49] 646     -8783.4 [    31080.1   20177.3   40001.1    2296.6   50000.0 ]
[24-10-31 14:54:49] 647    -8783.48 [    31080.1   20230.0   40001.1    2296.6   50000.0 ]
[24-10-31 14:54:49] 648    -8783.41 [    31080.1   20197.4   40001.1    2296.6   50000.0 ]
[24-10-31 14:54:49] 649    -8783.41 [    31080.1   20164.9   40001.1    2296.6   50000.0 ]
[24-10-31 14:54:50] 650     -8783.4 [    31080.1   20177.7   40001.1    2296.6   50000.0 ]
[24-10-31 14:54:50] 651     -8783.4 [    31080.1   20177.0   40001.1    2296.6   50000.0 ]
[24-10-31 14:54:50] 652     -8783.4 [    31080.1   20177.3   40001.1    2296.6   50000.0 ]
[24-10-31 14:54:50] 654    -8783.41 [    31080.1   20177.3   40001.1    2296.6   49998.4 ]
[24-10-31 14:54:50] 655    -8783.41 [    31080.1   20177.3   40001.1    2296.6   49999.4 ]
[24-10-31 14:54:51] 657    -8783.41 [    31080.1   20177.3   40001.1    2296.6   49999.7 ]
[24-10-31 14:54:51] 659     -8783.4 [    31080.1   20177.3   40001.1    2296.6   49999.9 ]
[24-10-31 14:54:51] 661     -8783.4 [    31080.1   20177.3   40001.1    2296.6   50000.0 ]
[24-10-31 14:54:51] 663     -8783.4 [    31080.1   20177.3   40001.1    2296.6   50000.0 ]
[24-10-31 14:54:52] 665     -8783.4 [    31080.1   20177.3   40001.1    2296.6   50000.0 ]
[24-10-31 14:54:52] 667     -8783.4 [    31080.1   20177.3   40001.1    2296.6   50000.0 ]
[24-10-31 14:54:52] 669     -8783.4 [    31080.1   20177.3   40001.1    2296.6   50000.0 ]
[24-10-31 14:54:52] 671     -8783.4 [    31080.1   20177.3   40001.1    2296.6   50000.0 ]
[24-10-31 14:54:53] 673     -8783.4 [    31080.1   20177.3   40001.1    2296.6   50000.0 ]
[24-10-31 14:54:53] 675     -8783.4 [    31080.1   20177.3   40001.1    2296.6   50000.0 ]
[24-10-31 14:54:53] 677     -8783.4 [    31080.1   20177.3   40001.1    2296.6   50000.0 ]
[24-10-31 14:54:53] 679     -8783.4 [    31080.1   20177.3   40001.1    2296.6   50000.0 ]
[24-10-31 14:54:53] 681     -8783.4 [    31080.1   20177.3   40001.1    2296.6   50000.0 ]
[24-10-31 14:54:54] 683     -8783.4 [    31080.1   20177.3   40001.1    2296.6   50000.0 ]
[24-10-31 14:54:54] 685     -8783.4 [    31080.1   20177.3   40001.1    2296.6   50000.0 ]
[24-10-31 14:54:54] 687     -8783.4 [    31080.1   20177.3   40001.1    2296.6   50000.0 ]
[24-10-31 14:54:54] 689     -8783.4 [    31080.1   20177.3   40001.1    2296.6   50000.0 ]
[24-10-31 14:54:55] 691     -8783.4 [    31080.1   20177.3   40001.1    2296.6   50000.0 ]
[24-10-31 14:54:55] 693     -8783.4 [    31080.1   20177.3   40001.1    2296.6   50000.0 ]
[24-10-31 14:54:55] 694     -8783.4 [    31080.1   20177.3   40001.1    2296.6   50000.0 ]
[24-10-31 14:54:55] 695     -8783.4 [    31080.1   20177.3   40001.1    2296.6   50000.0 ]
[24-10-31 14:54:56] 696     -8783.4 [    31080.1   20177.3   40001.1    2296.6   50000.0 ]
[24-10-31 14:54:56] 697     -8783.4 [    31080.1   20177.3   40001.1    2296.6   50000.0 ]
[24-10-31 14:54:56] 698     -8783.4 [    31080.1   20177.3   40001.1    2296.6   50000.0 ]
[24-10-31 14:54:56] 699     -8783.4 [    31080.1   20177.3   40001.1    2296.6   50000.0 ]
[24-10-31 14:54:56] 700     -8783.4 [    31080.1   20177.3   40001.1    2296.6   50000.0 ]
[24-10-31 14:54:57] 701     -8783.4 [    31080.1   20177.3   40001.1    2296.6   50000.0 ]
[24-10-31 14:54:57] 702     -8783.4 [    31080.1   20177.3   40001.1    2296.6   50000.0 ]
[24-10-31 14:54:57] 703     -8783.4 [    31080.1   20177.3   40001.1    2296.6   50000.0 ]
[24-10-31 14:54:57] 704     -8783.4 [    31080.1   20177.3   40001.1    2296.6   50000.0 ]
[24-10-31 14:54:58] 705     -8783.4 [    31080.1   20177.3   40001.1    2296.6   50000.0 ]
[24-10-31 14:54:58] 706    -8783.41 [    31080.1   20177.3   40001.1    2297.6   50000.0 ]
[24-10-31 14:54:58] 707     -8783.4 [    31080.1   20177.3   40001.1    2295.0   50000.0 ]
[24-10-31 14:54:58] 708     -8783.4 [    31080.1   20177.3   40001.1    2295.0   50000.0 ]
[24-10-31 14:54:59] 709     -8783.4 [    31080.1   20177.3   40001.1    2295.6   50000.0 ]
[24-10-31 14:54:59] 710     -8783.4 [    31080.1   20177.3   40001.1    2295.2   50000.0 ]
[24-10-31 14:54:59] 711     -8783.4 [    31080.1   20177.3   40001.1    2295.0   50000.0 ]
[24-10-31 14:54:59] 712     -8783.4 [    31080.1   20177.3   40001.1    2295.0   50000.0 ]
[24-10-31 14:54:59] 720     -8790.2 [    30959.5   20015.8   41049.3    2355.3   50000.0 ]
[24-10-31 14:55:00] 721    -8786.78 [    31019.8   20096.5   40525.2    2325.2   50000.0 ]
[24-10-31 14:55:00] 722    -8784.68 [    31057.1   20146.5   40201.3    2306.5   50000.0 ]
[24-10-31 14:55:00] 723    -8783.89 [    31071.3   20165.5   40077.6    2299.4   50000.0 ]
[24-10-31 14:55:00] 725    -8783.59 [    31076.7   20172.8   40030.3    2296.7   50000.0 ]
[24-10-31 14:55:01] 727    -8783.47 [    31078.8   20175.6   40012.3    2295.6   50000.0 ]
[24-10-31 14:55:01] 729    -8783.43 [    31079.6   20176.7   40005.4    2295.2   50000.0 ]
[24-10-31 14:55:01] 731    -8783.41 [    31079.9   20177.1   40002.7    2295.1   50000.0 ]
[24-10-31 14:55:01] 733     -8783.4 [    31080.0   20177.2   40001.7    2295.0   50000.0 ]
[24-10-31 14:55:02] 734     -8783.4 [    31080.2   20177.4   40000.6    2295.0   50000.0 ]
[24-10-31 14:55:02] 735    -8783.39 [    31080.2   20177.4   40000.3    2294.9   50000.0 ]
[24-10-31 14:55:02] 736    -8783.39 [    31080.2   20177.5   40000.1    2294.9   50000.0 ]
[24-10-31 14:55:02] 738    -8783.39 [    31080.2   20177.5   40000.2    2294.9   50000.0 ]
[24-10-31 14:55:02] 739    -8783.39 [    31080.2   20177.5   40000.1    2294.9   50000.0 ]
[24-10-31 14:55:03] 740    -8783.39 [    31080.2   20177.5   40000.0    2294.9   50000.0 ]
[24-10-31 14:55:03] 741    -8783.39 [    31080.2   20177.5   40000.0    2294.9   50000.0 ]
Optimization terminated successfully.
         Current function value: 8783.392321
         Iterations: 9
         Function evaluations: 742
[24-10-31 14:55:03] 742      fit p: [    31080.2   20177.5   40000.0    2294.9   50000.0 ]
method: Powell
objective_func: objective_H2
fopt: -8783.39232095762
max_iter: 100
num_iter: 9
func_calls: 742
flag: 0
u_fitted: False
u: 1.111e-08
