[24-10-31 15:24:42] fitting objective_H2 to data for demes ['French', 'KhomaniSan', 'Yoruba']
[24-10-31 15:24:42] 0        pnames [         NK       NFY       TFY        NF        NY ]
[24-10-31 15:24:42] 0            p0 [    14741.5   25607.6   76633.8    7248.3   22379.1 ]
[24-10-31 15:24:42] 1     -16654.33 [    14741.5   25607.6   76633.8    7248.3   22379.1 ]
[24-10-31 15:24:43] 2     -16654.33 [    14741.5   25607.6   76633.8    7248.3   22379.1 ]
[24-10-31 15:24:43] 3      -16654.0 [    14742.5   25607.6   76633.8    7248.3   22379.1 ]
[24-10-31 15:24:44] 4     -16653.47 [    14744.1   25607.6   76633.8    7248.3   22379.1 ]
[24-10-31 15:24:44] 5     -16596.52 [    14920.4   25607.6   76633.8    7248.3   22379.1 ]
[24-10-31 15:24:45] 6     -15734.97 [    19136.9   25607.6   76633.8    7248.3   22379.1 ]
[24-10-31 15:24:45] 7     -15309.08 [    25959.2   25607.6   76633.8    7248.3   22379.1 ]
[24-10-31 15:24:45] 8     -15335.67 [    24976.2   25607.6   76633.8    7248.3   22379.1 ]
[24-10-31 15:24:46] 9     -15295.42 [    36998.0   25607.6   76633.8    7248.3   22379.1 ]
[24-10-31 15:24:46] 10     -15259.4 [    31659.2   25607.6   76633.8    7248.3   22379.1 ]
[24-10-31 15:24:47] 11    -15262.52 [    29482.0   25607.6   76633.8    7248.3   22379.1 ]
[24-10-31 15:24:47] 12    -15267.57 [    33698.5   25607.6   76633.8    7248.3   22379.1 ]
[24-10-31 15:24:48] 13    -15258.85 [    31125.9   25607.6   76633.8    7248.3   22379.1 ]
[24-10-31 15:24:48] 14    -15258.84 [    30962.1   25607.6   76633.8    7248.3   22379.1 ]
[24-10-31 15:24:49] 15    -15258.91 [    30799.9   25607.6   76633.8    7248.3   22379.1 ]
[24-10-31 15:24:49] 16    -15258.84 [    30962.1   25607.6   76633.8    7248.3   22379.1 ]
[24-10-31 15:24:50] 17    -15259.11 [    30962.1   25608.6   76633.8    7248.3   22379.1 ]
[24-10-31 15:24:50] 18    -15258.41 [    30962.1   25606.0   76633.8    7248.3   22379.1 ]
[24-10-31 15:24:51] 19    -15257.71 [    30962.1   25603.3   76633.8    7248.3   22379.1 ]
[24-10-31 15:24:51] 20    -15256.57 [    30962.1   25599.1   76633.8    7248.3   22379.1 ]
[24-10-31 15:24:52] 21    -15254.74 [    30962.1   25592.3   76633.8    7248.3   22379.1 ]
[24-10-31 15:24:52] 22    -15251.76 [    30962.1   25581.2   76633.8    7248.3   22379.1 ]
[24-10-31 15:24:52] 23    -15246.95 [    30962.1   25563.2   76633.8    7248.3   22379.1 ]
[24-10-31 15:24:53] 24    -15239.16 [    30962.1   25534.2   76633.8    7248.3   22379.1 ]
[24-10-31 15:24:53] 25    -15226.55 [    30962.1   25487.2   76633.8    7248.3   22379.1 ]
[24-10-31 15:24:54] 26    -15206.12 [    30962.1   25411.2   76633.8    7248.3   22379.1 ]
[24-10-31 15:24:54] 27    -15172.99 [    30962.1   25288.2   76633.8    7248.3   22379.1 ]
[24-10-31 15:24:55] 28     -15119.2 [    30962.1   25089.2   76633.8    7248.3   22379.1 ]
[24-10-31 15:24:55] 29    -15031.71 [    30962.1   24767.2   76633.8    7248.3   22379.1 ]
[24-10-31 15:24:56] 30    -14889.06 [    30962.1   24246.2   76633.8    7248.3   22379.1 ]
[24-10-31 15:24:56] 31    -14655.84 [    30962.1   23403.2   76633.8    7248.3   22379.1 ]
[24-10-31 15:24:57] 32    -14274.67 [    30962.1   22039.2   76633.8    7248.3   22379.1 ]
[24-10-31 15:24:57] 33     -13664.4 [    30962.1   19832.2   76633.8    7248.3   22379.1 ]
[24-10-31 15:24:58] 37    -14008.63 [    30962.1   10516.7   76633.8    7248.3   22379.1 ]
[24-10-31 15:24:58] 38    -12689.75 [    30962.1   15174.5   76633.8    7248.3   22379.1 ]
[24-10-31 15:24:58] 39    -12727.99 [    30962.1   15524.0   76633.8    7248.3   22379.1 ]
[24-10-31 15:24:59] 40    -12744.98 [    30962.1   12989.2   76633.8    7248.3   22379.1 ]
[24-10-31 15:24:59] 41    -12641.96 [    30962.1   14339.8   76633.8    7248.3   22379.1 ]
[24-10-31 15:25:00] 42    -12641.69 [    30962.1   14106.8   76633.8    7248.3   22379.1 ]
[24-10-31 15:25:00] 43    -12643.99 [    30962.1   13991.7   76633.8    7248.3   22379.1 ]
[24-10-31 15:25:01] 44    -12641.02 [    30962.1   14221.8   76633.8    7248.3   22379.1 ]
[24-10-31 15:25:01] 45    -12641.02 [    30962.1   14221.8   76633.8    7248.3   22379.1 ]
[24-10-31 15:25:02] 46     -12641.0 [    30962.1   14221.8   76634.8    7248.3   22379.1 ]
[24-10-31 15:25:02] 47    -12640.98 [    30962.1   14221.8   76636.4    7248.3   22379.1 ]
[24-10-31 15:25:03] 48    -12638.12 [    30962.1   14221.8   76812.8    7248.3   22379.1 ]
[24-10-31 15:25:03] 49    -12578.01 [    30962.1   14221.8   84375.1    7248.3   22379.1 ]
[24-10-31 15:25:04] 50    -12742.64 [    30962.1   14221.8   96611.1    7248.3   22379.1 ]
[24-10-31 15:25:04] 51    -12602.31 [    30962.1   14221.8   89048.8    7248.3   22379.1 ]
[24-10-31 15:25:05] 52    -12586.54 [    30962.1   14221.8   81486.5    7248.3   22379.1 ]
[24-10-31 15:25:05] 53     -12578.0 [    30962.1   14221.8   84297.7    7248.3   22379.1 ]
[24-10-31 15:25:05] 54    -12578.01 [    30962.1   14221.8   84221.0    7248.3   22379.1 ]
[24-10-31 15:25:06] 55     -12578.0 [    30962.1   14221.8   84297.7    7248.3   22379.1 ]
[24-10-31 15:25:06] 56    -12578.79 [    30962.1   14221.8   84297.7    7249.3   22379.1 ]
[24-10-31 15:25:07] 57    -12576.73 [    30962.1   14221.8   84297.7    7246.7   22379.1 ]
[24-10-31 15:25:07] 58    -12438.22 [    30962.1   14221.8   84297.7    7070.3   22379.1 ]
[24-10-31 15:25:08] 61    -10958.87 [    30962.1   14221.8   84297.7    4265.6   22379.1 ]
[24-10-31 15:25:08] 62    -11411.61 [    30962.1   14221.8   84297.7    5668.0   22379.1 ]
[24-10-31 15:25:09] 63     -11128.5 [    30962.1   14221.8   84297.7    3860.4   22379.1 ]
[24-10-31 15:25:09] 64    -10952.54 [    30962.1   14221.8   84297.7    4573.3   22379.1 ]
[24-10-31 15:25:10] 65    -10944.69 [    30962.1   14221.8   84297.7    4437.9   22379.1 ]
[24-10-31 15:25:10] 66    -10945.03 [    30962.1   14221.8   84297.7    4466.0   22379.1 ]
[24-10-31 15:25:11] 67    -10945.05 [    30962.1   14221.8   84297.7    4409.8   22379.1 ]
[24-10-31 15:25:11] 68    -10944.69 [    30962.1   14221.8   84297.7    4437.9   22379.1 ]
[24-10-31 15:25:12] 69     -10944.5 [    30962.1   14221.8   84297.7    4437.9   22380.1 ]
[24-10-31 15:25:12] 70    -10944.21 [    30962.1   14221.8   84297.7    4437.9   22381.8 ]
[24-10-31 15:25:13] 71    -10912.63 [    30962.1   14221.8   84297.7    4437.9   22558.1 ]
[24-10-31 15:25:13] 72     -9984.42 [    30962.1   14221.8   84297.7    4437.9   30479.8 ]
[24-10-31 15:25:14] 73     -9383.07 [    30962.1   14221.8   84297.7    4437.9   43297.4 ]
[24-10-31 15:25:14] 74     -9368.76 [    30962.1   14221.8   84297.7    4437.9   43813.2 ]
[24-10-31 15:25:14] 75     -9346.59 [    30962.1   14221.8   84297.7    4437.9   44647.6 ]
[24-10-31 15:25:15] 78     -9294.38 [    30962.1   14221.8   84297.7    4437.9   46804.9 ]
[24-10-31 15:25:15] 79     -9319.61 [    30962.1   14221.8   84297.7    4437.9   45726.2 ]
[24-10-31 15:25:16] 80     -9265.37 [    30962.1   14221.8   84297.7    4437.9   48138.1 ]
[24-10-31 15:25:16] 81     -9248.56 [    30962.1   14221.8   84297.7    4437.9   48962.1 ]
[24-10-31 15:25:17] 82     -9238.56 [    30962.1   14221.8   84297.7    4437.9   49471.4 ]
[24-10-31 15:25:17] 83     -9232.52 [    30962.1   14221.8   84297.7    4437.9   49786.2 ]
[24-10-31 15:25:18] 85     -9232.52 [    30962.1   14221.8   84297.7    4437.9   49786.2 ]
[24-10-31 15:25:18] 86     -9232.53 [    30963.1   14221.8   84297.7    4437.9   49786.2 ]
[24-10-31 15:25:19] 87     -9232.51 [    30960.5   14221.8   84297.7    4437.9   49786.2 ]
[24-10-31 15:25:19] 88     -9231.02 [    30784.1   14221.8   84297.7    4437.9   49786.2 ]
[24-10-31 15:25:20] 89     -9221.05 [    27342.3   14221.8   84297.7    4437.9   49786.2 ]
[24-10-31 15:25:20] 90     -9352.88 [    21773.3   14221.8   84297.7    4437.9   49786.2 ]
[24-10-31 15:25:20] 91     -9241.61 [    25215.1   14221.8   84297.7    4437.9   49786.2 ]
[24-10-31 15:25:21] 92     -9219.89 [    28656.9   14221.8   84297.7    4437.9   49786.2 ]
[24-10-31 15:25:21] 93     -9219.48 [    28173.6   14221.8   84297.7    4437.9   49786.2 ]
[24-10-31 15:25:22] 94     -9219.47 [    28212.0   14221.8   84297.7    4437.9   49786.2 ]
[24-10-31 15:25:22] 95     -9219.48 [    28239.5   14221.8   84297.7    4437.9   49786.2 ]
[24-10-31 15:25:23] 96     -9219.47 [    28212.0   14221.8   84297.7    4437.9   49786.2 ]
[24-10-31 15:25:23] 97     -9219.48 [    28212.0   14222.8   84297.7    4437.9   49786.2 ]
[24-10-31 15:25:24] 98     -9219.47 [    28212.0   14220.1   84297.7    4437.9   49786.2 ]
[24-10-31 15:25:24] 99     -9219.46 [    28212.0   14204.6   84297.7    4437.9   49786.2 ]
[24-10-31 15:25:25] 100    -9219.49 [    28212.0   14179.4   84297.7    4437.9   49786.2 ]
[24-10-31 15:25:25] 101    -9219.46 [    28212.0   14195.0   84297.7    4437.9   49786.2 ]
[24-10-31 15:25:26] 102    -9219.46 [    28212.0   14210.5   84297.7    4437.9   49786.2 ]
[24-10-31 15:25:26] 103    -9219.46 [    28212.0   14204.8   84297.7    4437.9   49786.2 ]
[24-10-31 15:25:27] 104    -9219.46 [    28212.0   14204.4   84297.7    4437.9   49786.2 ]
[24-10-31 15:25:27] 105    -9219.46 [    28212.0   14204.6   84297.7    4437.9   49786.2 ]
[24-10-31 15:25:27] 106    -9219.48 [    28212.0   14204.6   84298.7    4437.9   49786.2 ]
[24-10-31 15:25:28] 107    -9219.42 [    28212.0   14204.6   84296.0    4437.9   49786.2 ]
[24-10-31 15:25:28] 108    -9215.25 [    28212.0   14204.6   84119.7    4437.9   49786.2 ]
[24-10-31 15:25:29] 109    -9129.64 [    28212.0   14204.6   76738.4    4437.9   49786.2 ]
[24-10-31 15:25:29] 110     -9367.3 [    28212.0   14204.6   64795.2    4437.9   49786.2 ]
[24-10-31 15:25:30] 111    -9164.81 [    28212.0   14204.6   72176.5    4437.9   49786.2 ]
[24-10-31 15:25:30] 112    -9141.71 [    28212.0   14204.6   79557.8    4437.9   49786.2 ]
[24-10-31 15:25:31] 113    -9129.63 [    28212.0   14204.6   76830.3    4437.9   49786.2 ]
[24-10-31 15:25:31] 114    -9129.64 [    28212.0   14204.6   76905.0    4437.9   49786.2 ]
[24-10-31 15:25:31] 115    -9129.63 [    28212.0   14204.6   76830.3    4437.9   49786.2 ]
[24-10-31 15:25:32] 116    -9129.63 [    28212.0   14204.6   76830.3    4438.9   49786.2 ]
[24-10-31 15:25:32] 117    -9129.62 [    28212.0   14204.6   76830.3    4440.5   49786.2 ]
[24-10-31 15:25:33] 118    -9129.62 [    28212.0   14204.6   76830.3    4443.4   49786.2 ]
[24-10-31 15:25:33] 119    -9129.63 [    28212.0   14204.6   76830.3    4448.2   49786.2 ]
[24-10-31 15:25:33] 120    -9129.62 [    28212.0   14204.6   76830.3    4445.2   49786.2 ]
[24-10-31 15:25:34] 121    -9129.62 [    28212.0   14204.6   76830.3    4442.3   49786.2 ]
[24-10-31 15:25:34] 122    -9129.62 [    28212.0   14204.6   76830.3    4443.5   49786.2 ]
[24-10-31 15:25:35] 123    -9129.62 [    28212.0   14204.6   76830.3    4443.4   49786.2 ]
[24-10-31 15:25:35] 124    -9129.62 [    28212.0   14204.6   76830.3    4443.4   49786.2 ]
[24-10-31 15:25:36] 125     -9129.6 [    28212.0   14204.6   76830.3    4443.4   49787.2 ]
[24-10-31 15:25:36] 126    -9129.57 [    28212.0   14204.6   76830.3    4443.4   49788.8 ]
[24-10-31 15:25:36] 127    -9126.36 [    28212.0   14204.6   76830.3    4443.4   49965.1 ]
[24-10-31 15:25:37] 134    -9127.58 [    28212.0   14204.6   76830.3    4443.4   49897.8 ]
[24-10-31 15:25:37] 135    -9126.97 [    28212.0   14204.6   76830.3    4443.4   49931.5 ]
[24-10-31 15:25:38] 137    -9125.97 [    28212.0   14204.6   76830.3    4443.4   49986.9 ]
[24-10-31 15:25:38] 139    -9126.12 [    28212.0   14204.6   76830.3    4443.4   49978.6 ]
[24-10-31 15:25:39] 140    -9125.88 [    28212.0   14204.6   76830.3    4443.4   49992.1 ]
[24-10-31 15:25:39] 141    -9125.82 [    28212.0   14204.6   76830.3    4443.4   49995.2 ]
[24-10-31 15:25:39] 142    -9125.78 [    28212.0   14204.6   76830.3    4443.4   49997.3 ]
[24-10-31 15:25:40] 144    -9125.78 [    28212.0   14204.6   76830.3    4443.4   49997.3 ]
[24-10-31 15:25:40] 145    -9125.79 [    28213.0   14204.6   76830.3    4443.4   49997.3 ]
[24-10-31 15:25:41] 146    -9125.77 [    28210.4   14204.6   76830.3    4443.4   49997.3 ]
[24-10-31 15:25:41] 147     -9124.4 [    28034.0   14204.6   76830.3    4443.4   49997.3 ]
[24-10-31 15:25:41] 148    -9118.17 [    25960.5   14204.6   76830.3    4443.4   49997.3 ]
[24-10-31 15:25:42] 149     -9165.6 [    22605.6   14204.6   76830.3    4443.4   49997.3 ]
[24-10-31 15:25:42] 150    -9125.89 [    24679.1   14204.6   76830.3    4443.4   49997.3 ]
[24-10-31 15:25:43] 151     -9118.2 [    26752.5   14204.6   76830.3    4443.4   49997.3 ]
[24-10-31 15:25:43] 152    -9117.78 [    26350.7   14204.6   76830.3    4443.4   49997.3 ]
[24-10-31 15:25:44] 153    -9117.78 [    26332.1   14204.6   76830.3    4443.4   49997.3 ]
[24-10-31 15:25:44] 154    -9117.78 [    26369.4   14204.6   76830.3    4443.4   49997.3 ]
[24-10-31 15:25:44] 155    -9117.78 [    26350.7   14204.6   76830.3    4443.4   49997.3 ]
[24-10-31 15:25:45] 156    -9117.72 [    26350.7   14205.6   76830.3    4443.4   49997.3 ]
[24-10-31 15:25:45] 157    -9117.62 [    26350.7   14207.2   76830.3    4443.4   49997.3 ]
[24-10-31 15:25:46] 158    -9108.62 [    26350.7   14383.6   76830.3    4443.4   49997.3 ]
[24-10-31 15:25:46] 159    -9101.34 [    26350.7   14714.8   76830.3    4443.4   49997.3 ]
[24-10-31 15:25:46] 160    -9113.03 [    26350.7   15250.8   76830.3    4443.4   49997.3 ]
[24-10-31 15:25:47] 161     -9102.6 [    26350.7   14919.6   76830.3    4443.4   49997.3 ]
[24-10-31 15:25:47] 162    -9102.71 [    26350.7   14588.3   76830.3    4443.4   49997.3 ]
[24-10-31 15:25:48] 163    -9101.26 [    26350.7   14757.0   76830.3    4443.4   49997.3 ]
[24-10-31 15:25:48] 164    -9101.26 [    26350.7   14751.5   76830.3    4443.4   49997.3 ]
[24-10-31 15:25:49] 165    -9101.26 [    26350.7   14762.6   76830.3    4443.4   49997.3 ]
[24-10-31 15:25:49] 166    -9101.26 [    26350.7   14757.0   76830.3    4443.4   49997.3 ]
[24-10-31 15:25:49] 167    -9101.27 [    26350.7   14757.0   76831.3    4443.4   49997.3 ]
[24-10-31 15:25:50] 168    -9101.25 [    26350.7   14757.0   76828.7    4443.4   49997.3 ]
[24-10-31 15:25:50] 169    -9099.95 [    26350.7   14757.0   76652.3    4443.4   49997.3 ]
[24-10-31 15:25:51] 170    -9092.23 [    26350.7   14757.0   74450.5    4443.4   49997.3 ]
[24-10-31 15:25:51] 171    -9112.93 [    26350.7   14757.0   70888.0    4443.4   49997.3 ]
[24-10-31 15:25:52] 172    -9095.27 [    26350.7   14757.0   73089.8    4443.4   49997.3 ]
[24-10-31 15:25:52] 173    -9093.34 [    26350.7   14757.0   75291.5    4443.4   49997.3 ]
[24-10-31 15:25:53] 174    -9092.23 [    26350.7   14757.0   74474.3    4443.4   49997.3 ]
[24-10-31 15:25:53] 175    -9092.23 [    26350.7   14757.0   74426.7    4443.4   49997.3 ]
[24-10-31 15:25:53] 176    -9092.23 [    26350.7   14757.0   74450.5    4443.4   49997.3 ]
[24-10-31 15:25:54] 177    -9092.35 [    26350.7   14757.0   74450.5    4444.4   49997.3 ]
[24-10-31 15:25:54] 178    -9092.04 [    26350.7   14757.0   74450.5    4441.8   49997.3 ]
[24-10-31 15:25:55] 179    -9083.41 [    26350.7   14757.0   74450.5    4282.8   49997.3 ]
[24-10-31 15:25:55] 180    -9117.51 [    26350.7   14757.0   74450.5    4025.6   49997.3 ]
[24-10-31 15:25:56] 181    -9088.77 [    26350.7   14757.0   74450.5    4184.5   49997.3 ]
[24-10-31 15:25:56] 182    -9084.32 [    26350.7   14757.0   74450.5    4343.5   49997.3 ]
[24-10-31 15:25:56] 183    -9083.34 [    26350.7   14757.0   74450.5    4296.0   49997.3 ]
[24-10-31 15:25:57] 184    -9083.34 [    26350.7   14757.0   74450.5    4294.5   49997.3 ]
[24-10-31 15:25:57] 185    -9083.35 [    26350.7   14757.0   74450.5    4293.0   49997.3 ]
[24-10-31 15:25:58] 186    -9083.34 [    26350.7   14757.0   74450.5    4294.5   49997.3 ]
[24-10-31 15:25:58] 187    -9083.33 [    26350.7   14757.0   74450.5    4294.5   49998.3 ]
[24-10-31 15:25:59] 188     -9083.3 [    26350.7   14757.0   74450.5    4294.5   49999.9 ]
[24-10-31 15:25:59] 195    -9083.31 [    26350.7   14757.0   74450.5    4294.5   49999.3 ]
[24-10-31 15:25:59] 196    -9083.31 [    26350.7   14757.0   74450.5    4294.5   49999.6 ]
[24-10-31 15:26:00] 199     -9083.3 [    26350.7   14757.0   74450.5    4294.5   49999.8 ]
[24-10-31 15:26:00] 201     -9083.3 [    26350.7   14757.0   74450.5    4294.5   49999.9 ]
[24-10-31 15:26:01] 202     -9083.3 [    26350.7   14757.0   74450.5    4294.5   50000.0 ]
[24-10-31 15:26:01] 204     -9083.3 [    26350.7   14757.0   74450.5    4294.5   50000.0 ]
[24-10-31 15:26:01] 205     -9083.3 [    26351.7   14757.0   74450.5    4294.5   50000.0 ]
[24-10-31 15:26:02] 206    -9083.29 [    26353.4   14757.0   74450.5    4294.5   50000.0 ]
[24-10-31 15:26:02] 207    -9082.81 [    26529.7   14757.0   74450.5    4294.5   50000.0 ]
[24-10-31 15:26:03] 208    -9082.31 [    26950.3   14757.0   74450.5    4294.5   50000.0 ]
[24-10-31 15:26:03] 209    -9083.27 [    27630.9   14757.0   74450.5    4294.5   50000.0 ]
[24-10-31 15:26:04] 210    -9082.44 [    27210.3   14757.0   74450.5    4294.5   50000.0 ]
[24-10-31 15:26:04] 211     -9082.4 [    26789.7   14757.0   74450.5    4294.5   50000.0 ]
[24-10-31 15:26:04] 212    -9082.31 [    26983.1   14757.0   74450.5    4294.5   50000.0 ]
[24-10-31 15:26:05] 213    -9082.31 [    26976.7   14757.0   74450.5    4294.5   50000.0 ]
[24-10-31 15:26:05] 214    -9082.31 [    26989.4   14757.0   74450.5    4294.5   50000.0 ]
[24-10-31 15:26:06] 215    -9082.31 [    26983.1   14757.0   74450.5    4294.5   50000.0 ]
[24-10-31 15:26:06] 216    -9082.27 [    26983.1   14758.0   74450.5    4294.5   50000.0 ]
[24-10-31 15:26:07] 217    -9082.21 [    26983.1   14759.7   74450.5    4294.5   50000.0 ]
[24-10-31 15:26:07] 218    -9076.79 [    26983.1   14936.0   74450.5    4294.5   50000.0 ]
[24-10-31 15:26:07] 219    -9074.56 [    26983.1   15131.5   74450.5    4294.5   50000.0 ]
[24-10-31 15:26:08] 220    -9078.67 [    26983.1   15447.9   74450.5    4294.5   50000.0 ]
[24-10-31 15:26:08] 221    -9075.04 [    26983.1   15252.4   74450.5    4294.5   50000.0 ]
[24-10-31 15:26:09] 222    -9074.96 [    26983.1   15056.9   74450.5    4294.5   50000.0 ]
[24-10-31 15:26:09] 223    -9074.54 [    26983.1   15150.3   74450.5    4294.5   50000.0 ]
[24-10-31 15:26:10] 224    -9074.54 [    26983.1   15146.3   74450.5    4294.5   50000.0 ]
[24-10-31 15:26:10] 225    -9074.54 [    26983.1   15154.2   74450.5    4294.5   50000.0 ]
[24-10-31 15:26:10] 226    -9074.54 [    26983.1   15150.3   74450.5    4294.5   50000.0 ]
[24-10-31 15:26:11] 227    -9074.55 [    26983.1   15150.3   74451.5    4294.5   50000.0 ]
[24-10-31 15:26:11] 228    -9074.53 [    26983.1   15150.3   74448.9    4294.5   50000.0 ]
[24-10-31 15:26:12] 229    -9073.18 [    26983.1   15150.3   74272.6    4294.5   50000.0 ]
[24-10-31 15:26:12] 230    -9065.02 [    26983.1   15150.3   72036.3    4294.5   50000.0 ]
[24-10-31 15:26:13] 231    -9087.04 [    26983.1   15150.3   68418.1    4294.5   50000.0 ]
[24-10-31 15:26:13] 232    -9068.26 [    26983.1   15150.3   70654.3    4294.5   50000.0 ]
[24-10-31 15:26:14] 233    -9066.19 [    26983.1   15150.3   72890.5    4294.5   50000.0 ]
[24-10-31 15:26:14] 234    -9065.02 [    26983.1   15150.3   72060.5    4294.5   50000.0 ]
[24-10-31 15:26:15] 235    -9065.02 [    26983.1   15150.3   72084.4    4294.5   50000.0 ]
[24-10-31 15:26:15] 236    -9065.02 [    26983.1   15150.3   72060.5    4294.5   50000.0 ]
[24-10-31 15:26:16] 237    -9065.14 [    26983.1   15150.3   72060.5    4295.5   50000.0 ]
[24-10-31 15:26:16] 238    -9064.83 [    26983.1   15150.3   72060.5    4292.9   50000.0 ]
[24-10-31 15:26:16] 239    -9056.63 [    26983.1   15150.3   72060.5    4143.5   50000.0 ]
[24-10-31 15:26:17] 240    -9088.67 [    26983.1   15150.3   72060.5    3901.8   50000.0 ]
[24-10-31 15:26:17] 241    -9061.66 [    26983.1   15150.3   72060.5    4051.2   50000.0 ]
[24-10-31 15:26:18] 242    -9057.51 [    26983.1   15150.3   72060.5    4200.6   50000.0 ]
[24-10-31 15:26:18] 243    -9056.58 [    26983.1   15150.3   72060.5    4155.6   50000.0 ]
[24-10-31 15:26:19] 244    -9056.58 [    26983.1   15150.3   72060.5    4154.2   50000.0 ]
[24-10-31 15:26:19] 245    -9056.58 [    26983.1   15150.3   72060.5    4152.8   50000.0 ]
[24-10-31 15:26:19] 246    -9056.58 [    26983.1   15150.3   72060.5    4154.2   50000.0 ]
[24-10-31 15:26:20] 248     -9056.6 [    26983.1   15150.3   72060.5    4154.2   49998.3 ]
[24-10-31 15:26:20] 249    -9056.58 [    26983.1   15150.3   72060.5    4154.2   49999.3 ]
[24-10-31 15:26:21] 251    -9056.58 [    26983.1   15150.3   72060.5    4154.2   49999.7 ]
[24-10-31 15:26:21] 253    -9056.58 [    26983.1   15150.3   72060.5    4154.2   49999.8 ]
[24-10-31 15:26:22] 255    -9056.58 [    26983.1   15150.3   72060.5    4154.2   49999.9 ]
[24-10-31 15:26:22] 256    -9056.58 [    26983.1   15150.3   72060.5    4154.2   50000.0 ]
[24-10-31 15:26:23] 258    -9056.58 [    26983.1   15150.3   72060.5    4154.2   50000.0 ]
[24-10-31 15:26:23] 259    -9056.58 [    26983.1   15150.3   72060.5    4154.2   50000.0 ]
[24-10-31 15:26:24] 260    -9056.57 [    26983.1   15150.3   72060.5    4154.2   50000.0 ]
[24-10-31 15:26:24] 261    -9056.57 [    26983.1   15150.3   72060.5    4154.2   50000.0 ]
[24-10-31 15:26:25] 263    -9056.57 [    26983.1   15150.3   72060.5    4154.2   50000.0 ]
[24-10-31 15:26:25] 264    -9056.57 [    26983.1   15150.3   72060.5    4154.2   50000.0 ]
[24-10-31 15:26:25] 265    -9056.57 [    26983.1   15150.3   72060.5    4154.2   50000.0 ]
[24-10-31 15:26:26] 267    -9056.57 [    26983.1   15150.3   72060.5    4154.2   50000.0 ]
[24-10-31 15:26:26] 268    -9056.57 [    26984.1   15150.3   72060.5    4154.2   50000.0 ]
[24-10-31 15:26:26] 269    -9056.57 [    26985.7   15150.3   72060.5    4154.2   50000.0 ]
[24-10-31 15:26:27] 270    -9056.39 [    27162.0   15150.3   72060.5    4154.2   50000.0 ]
[24-10-31 15:26:27] 271    -9056.36 [    27283.5   15150.3   72060.5    4154.2   50000.0 ]
[24-10-31 15:26:27] 272    -9056.44 [    27480.1   15150.3   72060.5    4154.2   50000.0 ]
[24-10-31 15:26:28] 273    -9056.37 [    27358.6   15150.3   72060.5    4154.2   50000.0 ]
[24-10-31 15:26:28] 274    -9056.36 [    27237.1   15150.3   72060.5    4154.2   50000.0 ]
[24-10-31 15:26:28] 275    -9056.36 [    27289.2   15150.3   72060.5    4154.2   50000.0 ]
[24-10-31 15:26:28] 276    -9056.36 [    27292.3   15150.3   72060.5    4154.2   50000.0 ]
[24-10-31 15:26:29] 277    -9056.36 [    27289.2   15150.3   72060.5    4154.2   50000.0 ]
[24-10-31 15:26:29] 278    -9056.32 [    27289.2   15151.3   72060.5    4154.2   50000.0 ]
[24-10-31 15:26:29] 279    -9056.27 [    27289.2   15152.9   72060.5    4154.2   50000.0 ]
[24-10-31 15:26:29] 280    -9051.74 [    27289.2   15329.3   72060.5    4154.2   50000.0 ]
[24-10-31 15:26:30] 281    -9050.27 [    27289.2   15492.8   72060.5    4154.2   50000.0 ]
[24-10-31 15:26:30] 282    -9053.07 [    27289.2   15757.5   72060.5    4154.2   50000.0 ]
[24-10-31 15:26:30] 283    -9050.61 [    27289.2   15593.9   72060.5    4154.2   50000.0 ]
[24-10-31 15:26:30] 284    -9050.54 [    27289.2   15430.3   72060.5    4154.2   50000.0 ]
[24-10-31 15:26:31] 285    -9050.26 [    27289.2   15507.3   72060.5    4154.2   50000.0 ]
[24-10-31 15:26:31] 286    -9050.26 [    27289.2   15503.7   72060.5    4154.2   50000.0 ]
[24-10-31 15:26:31] 287    -9050.26 [    27289.2   15510.8   72060.5    4154.2   50000.0 ]
[24-10-31 15:26:31] 288    -9050.26 [    27289.2   15507.3   72060.5    4154.2   50000.0 ]
[24-10-31 15:26:32] 289    -9050.27 [    27289.2   15507.3   72061.5    4154.2   50000.0 ]
[24-10-31 15:26:32] 290    -9050.25 [    27289.2   15507.3   72058.9    4154.2   50000.0 ]
[24-10-31 15:26:32] 291     -9048.9 [    27289.2   15507.3   71882.5    4154.2   50000.0 ]
[24-10-31 15:26:33] 292    -9040.97 [    27289.2   15507.3   69710.4    4154.2   50000.0 ]
[24-10-31 15:26:33] 293    -9062.48 [    27289.2   15507.3   66195.9    4154.2   50000.0 ]
[24-10-31 15:26:34] 294    -9044.14 [    27289.2   15507.3   68368.0    4154.2   50000.0 ]
[24-10-31 15:26:34] 295    -9042.11 [    27289.2   15507.3   70540.1    4154.2   50000.0 ]
[24-10-31 15:26:35] 296    -9040.97 [    27289.2   15507.3   69733.9    4154.2   50000.0 ]
[24-10-31 15:26:35] 297    -9040.98 [    27289.2   15507.3   69757.2    4154.2   50000.0 ]
[24-10-31 15:26:36] 298    -9040.97 [    27289.2   15507.3   69733.9    4154.2   50000.0 ]
[24-10-31 15:26:36] 299    -9041.09 [    27289.2   15507.3   69733.9    4155.2   50000.0 ]
[24-10-31 15:26:36] 300    -9040.78 [    27289.2   15507.3   69733.9    4152.6   50000.0 ]
[24-10-31 15:26:37] 301    -9032.88 [    27289.2   15507.3   69733.9    4010.9   50000.0 ]
[24-10-31 15:26:37] 302    -9063.53 [    27289.2   15507.3   69733.9    3781.6   50000.0 ]
[24-10-31 15:26:38] 303    -9037.69 [    27289.2   15507.3   69733.9    3923.3   50000.0 ]
[24-10-31 15:26:38] 304    -9033.73 [    27289.2   15507.3   69733.9    4065.0   50000.0 ]
[24-10-31 15:26:39] 305    -9032.82 [    27289.2   15507.3   69733.9    4022.1   50000.0 ]
[24-10-31 15:26:39] 306    -9032.82 [    27289.2   15507.3   69733.9    4020.8   50000.0 ]
[24-10-31 15:26:40] 307    -9032.82 [    27289.2   15507.3   69733.9    4019.5   50000.0 ]
[24-10-31 15:26:40] 308    -9032.82 [    27289.2   15507.3   69733.9    4020.8   50000.0 ]
[24-10-31 15:26:41] 310    -9032.85 [    27289.2   15507.3   69733.9    4020.8   49998.4 ]
[24-10-31 15:26:41] 311    -9032.83 [    27289.2   15507.3   69733.9    4020.8   49999.4 ]
[24-10-31 15:26:42] 313    -9032.83 [    27289.2   15507.3   69733.9    4020.8   49999.7 ]
[24-10-31 15:26:42] 315    -9032.82 [    27289.2   15507.3   69733.9    4020.8   49999.9 ]
[24-10-31 15:26:43] 317    -9032.82 [    27289.2   15507.3   69733.9    4020.8   50000.0 ]
[24-10-31 15:26:43] 319    -9032.82 [    27289.2   15507.3   69733.9    4020.8   50000.0 ]
[24-10-31 15:26:43] 321    -9032.82 [    27289.2   15507.3   69733.9    4020.8   50000.0 ]
[24-10-31 15:26:44] 323    -9032.82 [    27289.2   15507.3   69733.9    4020.8   50000.0 ]
[24-10-31 15:26:44] 325    -9032.82 [    27289.2   15507.3   69733.9    4020.8   50000.0 ]
[24-10-31 15:26:45] 327    -9032.82 [    27289.2   15507.3   69733.9    4020.8   50000.0 ]
[24-10-31 15:26:45] 329    -9032.82 [    27289.2   15507.3   69733.9    4020.8   50000.0 ]
[24-10-31 15:26:46] 331    -9032.82 [    27289.2   15507.3   69733.9    4020.8   50000.0 ]
[24-10-31 15:26:46] 333    -9032.82 [    27289.2   15507.3   69733.9    4020.8   50000.0 ]
[24-10-31 15:26:47] 334    -9032.82 [    27289.2   15507.3   69733.9    4020.8   50000.0 ]
[24-10-31 15:26:47] 336    -9032.82 [    27289.2   15507.3   69733.9    4020.8   50000.0 ]
[24-10-31 15:26:48] 337    -9032.82 [    27289.2   15507.3   69733.9    4020.8   50000.0 ]
[24-10-31 15:26:48] 339    -9032.82 [    27289.2   15507.3   69733.9    4020.8   50000.0 ]
[24-10-31 15:26:49] 340    -9032.82 [    27289.2   15507.3   69733.9    4020.8   50000.0 ]
[24-10-31 15:26:49] 341    -9032.82 [    27289.2   15507.3   69733.9    4020.8   50000.0 ]
[24-10-31 15:26:49] 343    -9032.82 [    27289.2   15507.3   69733.9    4020.8   50000.0 ]
[24-10-31 15:26:50] 345    -9032.82 [    27289.2   15507.3   69733.9    4020.8   50000.0 ]
[24-10-31 15:26:50] 346    -9032.82 [    27290.2   15507.3   69733.9    4020.8   50000.0 ]
[24-10-31 15:26:51] 347    -9032.82 [    27291.8   15507.3   69733.9    4020.8   50000.0 ]
[24-10-31 15:26:51] 348     -9032.7 [    27468.2   15507.3   69733.9    4020.8   50000.0 ]
[24-10-31 15:26:52] 349    -9032.68 [    27533.5   15507.3   69733.9    4020.8   50000.0 ]
[24-10-31 15:26:52] 350    -9032.71 [    27639.1   15507.3   69733.9    4020.8   50000.0 ]
[24-10-31 15:26:53] 351    -9032.69 [    27573.8   15507.3   69733.9    4020.8   50000.0 ]
[24-10-31 15:26:53] 352    -9032.69 [    27508.6   15507.3   69733.9    4020.8   50000.0 ]
[24-10-31 15:26:54] 353    -9032.68 [    27536.6   15507.3   69733.9    4020.8   50000.0 ]
[24-10-31 15:26:54] 354    -9032.68 [    27539.1   15507.3   69733.9    4020.8   50000.0 ]
[24-10-31 15:26:55] 355    -9032.68 [    27536.6   15507.3   69733.9    4020.8   50000.0 ]
[24-10-31 15:26:55] 356    -9032.65 [    27536.6   15508.3   69733.9    4020.8   50000.0 ]
[24-10-31 15:26:56] 357     -9032.6 [    27536.6   15509.9   69733.9    4020.8   50000.0 ]
[24-10-31 15:26:56] 358    -9028.56 [    27536.6   15686.2   69733.9    4020.8   50000.0 ]
[24-10-31 15:26:56] 359    -9027.42 [    27536.6   15834.4   69733.9    4020.8   50000.0 ]
[24-10-31 15:26:57] 360    -9029.63 [    27536.6   16074.0   69733.9    4020.8   50000.0 ]
[24-10-31 15:26:57] 361    -9027.68 [    27536.6   15925.9   69733.9    4020.8   50000.0 ]
[24-10-31 15:26:58] 362    -9027.62 [    27536.6   15777.8   69733.9    4020.8   50000.0 ]
[24-10-31 15:26:58] 363    -9027.41 [    27536.6   15846.8   69733.9    4020.8   50000.0 ]
[24-10-31 15:26:59] 364    -9027.41 [    27536.6   15843.4   69733.9    4020.8   50000.0 ]
[24-10-31 15:26:59] 365    -9027.41 [    27536.6   15850.2   69733.9    4020.8   50000.0 ]
[24-10-31 15:27:00] 366    -9027.41 [    27536.6   15846.8   69733.9    4020.8   50000.0 ]
[24-10-31 15:27:00] 367    -9027.42 [    27536.6   15846.8   69734.9    4020.8   50000.0 ]
[24-10-31 15:27:01] 368     -9027.4 [    27536.6   15846.8   69732.3    4020.8   50000.0 ]
[24-10-31 15:27:01] 369    -9026.07 [    27536.6   15846.8   69555.9    4020.8   50000.0 ]
[24-10-31 15:27:02] 370    -9018.69 [    27536.6   15846.8   67495.8    4020.8   50000.0 ]
[24-10-31 15:27:02] 371     -9038.8 [    27536.6   15846.8   64162.4    4020.8   50000.0 ]
[24-10-31 15:27:02] 372    -9021.65 [    27536.6   15846.8   66222.6    4020.8   50000.0 ]
[24-10-31 15:27:03] 373    -9019.74 [    27536.6   15846.8   68282.7    4020.8   50000.0 ]
[24-10-31 15:27:03] 374    -9018.69 [    27536.6   15846.8   67518.2    4020.8   50000.0 ]
[24-10-31 15:27:04] 375    -9018.69 [    27536.6   15846.8   67540.3    4020.8   50000.0 ]
[24-10-31 15:27:04] 376    -9018.69 [    27536.6   15846.8   67518.2    4020.8   50000.0 ]
[24-10-31 15:27:05] 377    -9018.81 [    27536.6   15846.8   67518.2    4021.8   50000.0 ]
[24-10-31 15:27:05] 378    -9018.49 [    27536.6   15846.8   67518.2    4019.2   50000.0 ]
[24-10-31 15:27:06] 379    -9010.85 [    27536.6   15846.8   67518.2    3884.5   50000.0 ]
[24-10-31 15:27:06] 380    -9040.29 [    27536.6   15846.8   67518.2    3666.5   50000.0 ]
[24-10-31 15:27:06] 381    -9015.47 [    27536.6   15846.8   67518.2    3801.2   50000.0 ]
[24-10-31 15:27:07] 382    -9011.68 [    27536.6   15846.8   67518.2    3935.9   50000.0 ]
[24-10-31 15:27:07] 383     -9010.8 [    27536.6   15846.8   67518.2    3895.0   50000.0 ]
[24-10-31 15:27:08] 384     -9010.8 [    27536.6   15846.8   67518.2    3893.8   50000.0 ]
[24-10-31 15:27:08] 385     -9010.8 [    27536.6   15846.8   67518.2    3892.5   50000.0 ]
[24-10-31 15:27:08] 386     -9010.8 [    27536.6   15846.8   67518.2    3893.8   50000.0 ]
[24-10-31 15:27:09] 388    -9010.82 [    27536.6   15846.8   67518.2    3893.8   49998.4 ]
[24-10-31 15:27:09] 389    -9010.81 [    27536.6   15846.8   67518.2    3893.8   49999.4 ]
[24-10-31 15:27:09] 391    -9010.81 [    27536.6   15846.8   67518.2    3893.8   49999.7 ]
[24-10-31 15:27:10] 393     -9010.8 [    27536.6   15846.8   67518.2    3893.8   49999.9 ]
[24-10-31 15:27:10] 395     -9010.8 [    27536.6   15846.8   67518.2    3893.8   50000.0 ]
[24-10-31 15:27:11] 397     -9010.8 [    27536.6   15846.8   67518.2    3893.8   50000.0 ]
[24-10-31 15:27:11] 399     -9010.8 [    27536.6   15846.8   67518.2    3893.8   50000.0 ]
[24-10-31 15:27:12] 401     -9010.8 [    27536.6   15846.8   67518.2    3893.8   50000.0 ]
[24-10-31 15:27:12] 403     -9010.8 [    27536.6   15846.8   67518.2    3893.8   50000.0 ]
[24-10-31 15:27:12] 405     -9010.8 [    27536.6   15846.8   67518.2    3893.8   50000.0 ]
[24-10-31 15:27:13] 407     -9010.8 [    27536.6   15846.8   67518.2    3893.8   50000.0 ]
[24-10-31 15:27:13] 409     -9010.8 [    27536.6   15846.8   67518.2    3893.8   50000.0 ]
[24-10-31 15:27:14] 411     -9010.8 [    27536.6   15846.8   67518.2    3893.8   50000.0 ]
[24-10-31 15:27:14] 413     -9010.8 [    27536.6   15846.8   67518.2    3893.8   50000.0 ]
[24-10-31 15:27:15] 415     -9010.8 [    27536.6   15846.8   67518.2    3893.8   50000.0 ]
[24-10-31 15:27:15] 417     -9010.8 [    27536.6   15846.8   67518.2    3893.8   50000.0 ]
[24-10-31 15:27:15] 419     -9010.8 [    27536.6   15846.8   67518.2    3893.8   50000.0 ]
[24-10-31 15:27:16] 421     -9010.8 [    27536.6   15846.8   67518.2    3893.8   50000.0 ]
[24-10-31 15:27:16] 423     -9010.8 [    27536.6   15846.8   67518.2    3893.8   50000.0 ]
[24-10-31 15:27:17] 424     -9010.8 [    27536.6   15846.8   67518.2    3893.8   50000.0 ]
[24-10-31 15:27:17] 425     -9010.8 [    27536.6   15846.8   67518.2    3893.8   50000.0 ]
[24-10-31 15:27:17] 426     -9010.8 [    27536.6   15846.8   67518.2    3893.8   50000.0 ]
[24-10-31 15:27:18] 428     -9010.8 [    27536.6   15846.8   67518.2    3893.8   50000.0 ]
[24-10-31 15:27:18] 429     -9010.8 [    27536.6   15846.8   67518.2    3893.8   50000.0 ]
[24-10-31 15:27:19] 430     -9010.8 [    27536.6   15846.8   67518.2    3893.8   50000.0 ]
[24-10-31 15:27:19] 431     -9010.8 [    27536.6   15846.8   67518.2    3893.8   50000.0 ]
[24-10-31 15:27:20] 432     -9010.8 [    27536.6   15846.8   67518.2    3893.8   50000.0 ]
[24-10-31 15:27:20] 434     -9010.8 [    27536.6   15846.8   67518.2    3893.8   50000.0 ]
[24-10-31 15:27:20] 435     -9010.8 [    27537.6   15846.8   67518.2    3893.8   50000.0 ]
[24-10-31 15:27:21] 436     -9010.8 [    27539.2   15846.8   67518.2    3893.8   50000.0 ]
[24-10-31 15:27:21] 437    -9010.69 [    27715.6   15846.8   67518.2    3893.8   50000.0 ]
[24-10-31 15:27:22] 438    -9010.68 [    27770.6   15846.8   67518.2    3893.8   50000.0 ]
[24-10-31 15:27:22] 439     -9010.7 [    27859.7   15846.8   67518.2    3893.8   50000.0 ]
[24-10-31 15:27:23] 440    -9010.68 [    27804.6   15846.8   67518.2    3893.8   50000.0 ]
[24-10-31 15:27:23] 441    -9010.68 [    27749.6   15846.8   67518.2    3893.8   50000.0 ]
[24-10-31 15:27:23] 442    -9010.68 [    27773.3   15846.8   67518.2    3893.8   50000.0 ]
[24-10-31 15:27:24] 443    -9010.68 [    27775.7   15846.8   67518.2    3893.8   50000.0 ]
[24-10-31 15:27:24] 444    -9010.68 [    27773.3   15846.8   67518.2    3893.8   50000.0 ]
[24-10-31 15:27:25] 445    -9010.65 [    27773.3   15847.8   67518.2    3893.8   50000.0 ]
[24-10-31 15:27:25] 446     -9010.6 [    27773.3   15849.4   67518.2    3893.8   50000.0 ]
[24-10-31 15:27:25] 447    -9006.99 [    27773.3   16025.8   67518.2    3893.8   50000.0 ]
[24-10-31 15:27:26] 448     -9006.1 [    27773.3   16159.0   67518.2    3893.8   50000.0 ]
[24-10-31 15:27:26] 449    -9007.84 [    27773.3   16374.5   67518.2    3893.8   50000.0 ]
[24-10-31 15:27:27] 450    -9006.32 [    27773.3   16241.3   67518.2    3893.8   50000.0 ]
[24-10-31 15:27:27] 451    -9006.26 [    27773.3   16108.1   67518.2    3893.8   50000.0 ]
[24-10-31 15:27:27] 452     -9006.1 [    27773.3   16169.8   67518.2    3893.8   50000.0 ]
[24-10-31 15:27:28] 453     -9006.1 [    27773.3   16166.5   67518.2    3893.8   50000.0 ]
[24-10-31 15:27:28] 454     -9006.1 [    27773.3   16173.0   67518.2    3893.8   50000.0 ]
[24-10-31 15:27:28] 455     -9006.1 [    27773.3   16169.8   67518.2    3893.8   50000.0 ]
[24-10-31 15:27:29] 456    -9006.11 [    27773.3   16169.8   67519.2    3893.8   50000.0 ]
[24-10-31 15:27:29] 457    -9006.09 [    27773.3   16169.8   67516.6    3893.8   50000.0 ]
[24-10-31 15:27:29] 458    -9004.78 [    27773.3   16169.8   67340.2    3893.8   50000.0 ]
[24-10-31 15:27:30] 459    -8997.96 [    27773.3   16169.8   65396.6    3893.8   50000.0 ]
[24-10-31 15:27:30] 460    -9016.61 [    27773.3   16169.8   62251.8    3893.8   50000.0 ]
[24-10-31 15:27:30] 461    -9000.71 [    27773.3   16169.8   64195.4    3893.8   50000.0 ]
[24-10-31 15:27:31] 462    -8998.93 [    27773.3   16169.8   66139.0    3893.8   50000.0 ]
[24-10-31 15:27:31] 463    -8997.96 [    27773.3   16169.8   65417.8    3893.8   50000.0 ]
[24-10-31 15:27:32] 464    -8997.96 [    27773.3   16169.8   65438.8    3893.8   50000.0 ]
[24-10-31 15:27:32] 465    -8997.96 [    27773.3   16169.8   65417.8    3893.8   50000.0 ]
[24-10-31 15:27:32] 466    -8998.08 [    27773.3   16169.8   65417.8    3894.8   50000.0 ]
[24-10-31 15:27:33] 467    -8997.76 [    27773.3   16169.8   65417.8    3892.1   50000.0 ]
[24-10-31 15:27:33] 468    -8990.43 [    27773.3   16169.8   65417.8    3764.4   50000.0 ]
[24-10-31 15:27:34] 469    -9018.46 [    27773.3   16169.8   65417.8    3557.8   50000.0 ]
[24-10-31 15:27:34] 470    -8994.82 [    27773.3   16169.8   65417.8    3685.5   50000.0 ]
[24-10-31 15:27:35] 471    -8991.23 [    27773.3   16169.8   65417.8    3813.2   50000.0 ]
[24-10-31 15:27:35] 472    -8990.38 [    27773.3   16169.8   65417.8    3774.3   50000.0 ]
[24-10-31 15:27:36] 473    -8990.38 [    27773.3   16169.8   65417.8    3773.1   50000.0 ]
[24-10-31 15:27:36] 474    -8990.38 [    27773.3   16169.8   65417.8    3771.9   50000.0 ]
[24-10-31 15:27:37] 475    -8990.38 [    27773.3   16169.8   65417.8    3773.1   50000.0 ]
[24-10-31 15:27:37] 477     -8990.4 [    27773.3   16169.8   65417.8    3773.1   49998.4 ]
[24-10-31 15:27:37] 478    -8990.39 [    27773.3   16169.8   65417.8    3773.1   49999.4 ]
[24-10-31 15:27:38] 480    -8990.38 [    27773.3   16169.8   65417.8    3773.1   49999.7 ]
[24-10-31 15:27:38] 482    -8990.38 [    27773.3   16169.8   65417.8    3773.1   49999.9 ]
[24-10-31 15:27:39] 484    -8990.38 [    27773.3   16169.8   65417.8    3773.1   50000.0 ]
[24-10-31 15:27:39] 486    -8990.38 [    27773.3   16169.8   65417.8    3773.1   50000.0 ]
[24-10-31 15:27:40] 488    -8990.38 [    27773.3   16169.8   65417.8    3773.1   50000.0 ]
[24-10-31 15:27:40] 490    -8990.38 [    27773.3   16169.8   65417.8    3773.1   50000.0 ]
[24-10-31 15:27:41] 492    -8990.38 [    27773.3   16169.8   65417.8    3773.1   50000.0 ]
[24-10-31 15:27:41] 494    -8990.38 [    27773.3   16169.8   65417.8    3773.1   50000.0 ]
[24-10-31 15:27:42] 496    -8990.38 [    27773.3   16169.8   65417.8    3773.1   50000.0 ]
[24-10-31 15:27:42] 498    -8990.38 [    27773.3   16169.8   65417.8    3773.1   50000.0 ]
[24-10-31 15:27:43] 500    -8990.38 [    27773.3   16169.8   65417.8    3773.1   50000.0 ]
[24-10-31 15:27:43] 502    -8990.38 [    27773.3   16169.8   65417.8    3773.1   50000.0 ]
[24-10-31 15:27:43] 504    -8990.38 [    27773.3   16169.8   65417.8    3773.1   50000.0 ]
[24-10-31 15:27:44] 506    -8990.38 [    27773.3   16169.8   65417.8    3773.1   50000.0 ]
[24-10-31 15:27:44] 508    -8990.38 [    27773.3   16169.8   65417.8    3773.1   50000.0 ]
[24-10-31 15:27:44] 510    -8990.38 [    27773.3   16169.8   65417.8    3773.1   50000.0 ]
[24-10-31 15:27:45] 512    -8990.38 [    27773.3   16169.8   65417.8    3773.1   50000.0 ]
[24-10-31 15:27:45] 514    -8990.38 [    27773.3   16169.8   65417.8    3773.1   50000.0 ]
[24-10-31 15:27:45] 516    -8990.38 [    27773.3   16169.8   65417.8    3773.1   50000.0 ]
[24-10-31 15:27:46] 517    -8990.38 [    27773.3   16169.8   65417.8    3773.1   50000.0 ]
[24-10-31 15:27:46] 518    -8990.38 [    27773.3   16169.8   65417.8    3773.1   50000.0 ]
[24-10-31 15:27:47] 519    -8990.38 [    27773.3   16169.8   65417.8    3773.1   50000.0 ]
[24-10-31 15:27:47] 520    -8990.38 [    27773.3   16169.8   65417.8    3773.1   50000.0 ]
[24-10-31 15:27:48] 521    -8990.38 [    27773.3   16169.8   65417.8    3773.1   50000.0 ]
[24-10-31 15:27:48] 522    -8990.38 [    27773.3   16169.8   65417.8    3773.1   50000.0 ]
[24-10-31 15:27:48] 523    -8990.38 [    27773.3   16169.8   65417.8    3773.1   50000.0 ]
[24-10-31 15:27:49] 524    -8990.38 [    27773.3   16169.8   65417.8    3773.1   50000.0 ]
[24-10-31 15:27:49] 525    -8990.38 [    27773.3   16169.8   65417.8    3773.1   50000.0 ]
[24-10-31 15:27:50] 526    -8970.43 [    28010.0   16492.7   63317.5    3652.4   50000.0 ]
[24-10-31 15:27:50] 527    -8990.38 [    27773.3   16169.8   65417.8    3773.1   50000.0 ]
[24-10-31 15:27:51] 528    -8970.43 [    28010.0   16492.7   63317.5    3652.4   50000.0 ]
[24-10-31 15:27:51] 529    -8939.18 [    28393.0   17015.2   59919.0    3457.1   50000.0 ]
[24-10-31 15:27:52] 532    -8839.23 [    29749.4   18865.7   47883.2    2765.4   50000.0 ]
[24-10-31 15:27:52] 533    -8887.03 [    29071.2   17940.4   53901.1    3111.2   50000.0 ]
[24-10-31 15:27:53] 534    -8786.91 [    30587.8   20009.3   40444.7    2338.0   50000.0 ]
[24-10-31 15:27:53] 536    -8805.94 [    30267.5   19572.5   43285.9    2501.2   50000.0 ]
[24-10-31 15:27:53] 538    -8794.03 [    30465.5   19842.5   41529.9    2400.3   50000.0 ]
[24-10-31 15:27:54] 540    -8789.61 [    30541.0   19945.6   40859.2    2361.8   50000.0 ]
[24-10-31 15:27:54] 541    -8785.26 [    30616.6   20048.7   40188.5    2323.2   50000.0 ]
[24-10-31 15:27:55] 542    -8785.26 [    30616.6   20048.7   40188.5    2323.2   50000.0 ]
[24-10-31 15:27:55] 543    -8785.26 [    30617.6   20048.7   40188.5    2323.2   50000.0 ]
[24-10-31 15:27:56] 544    -8785.25 [    30619.3   20048.7   40188.5    2323.2   50000.0 ]
[24-10-31 15:27:56] 545    -8785.15 [    30795.6   20048.7   40188.5    2323.2   50000.0 ]
[24-10-31 15:27:57] 546    -8785.13 [    30909.2   20048.7   40188.5    2323.2   50000.0 ]
[24-10-31 15:27:57] 547    -8785.17 [    31093.0   20048.7   40188.5    2323.2   50000.0 ]
[24-10-31 15:27:57] 548    -8785.13 [    30979.4   20048.7   40188.5    2323.2   50000.0 ]
[24-10-31 15:27:58] 549    -8785.13 [    30865.8   20048.7   40188.5    2323.2   50000.0 ]
[24-10-31 15:27:58] 550    -8785.13 [    30913.9   20048.7   40188.5    2323.2   50000.0 ]
[24-10-31 15:27:58] 551    -8785.13 [    30916.9   20048.7   40188.5    2323.2   50000.0 ]
[24-10-31 15:27:59] 552    -8785.13 [    30913.9   20048.7   40188.5    2323.2   50000.0 ]
[24-10-31 15:27:59] 553    -8785.12 [    30913.9   20049.7   40188.5    2323.2   50000.0 ]
[24-10-31 15:27:59] 554    -8785.12 [    30913.9   20051.4   40188.5    2323.2   50000.0 ]
[24-10-31 15:28:00] 555    -8785.03 [    30913.9   20105.6   40188.5    2323.2   50000.0 ]
[24-10-31 15:28:00] 556    -8785.25 [    30913.9   20193.3   40188.5    2323.2   50000.0 ]
[24-10-31 15:28:00] 557    -8785.06 [    30913.9   20139.1   40188.5    2323.2   50000.0 ]
[24-10-31 15:28:01] 558    -8785.05 [    30913.9   20084.9   40188.5    2323.2   50000.0 ]
[24-10-31 15:28:01] 559    -8785.03 [    30913.9   20106.1   40188.5    2323.2   50000.0 ]
[24-10-31 15:28:01] 560    -8785.03 [    30913.9   20106.7   40188.5    2323.2   50000.0 ]
[24-10-31 15:28:02] 561    -8785.03 [    30913.9   20106.1   40188.5    2323.2   50000.0 ]
[24-10-31 15:28:02] 563    -8785.04 [    30913.9   20106.1   40188.5    2323.2   49998.4 ]
[24-10-31 15:28:02] 564    -8785.04 [    30913.9   20106.1   40188.5    2323.2   49999.4 ]
[24-10-31 15:28:02] 566    -8785.04 [    30913.9   20106.1   40188.5    2323.2   49999.7 ]
[24-10-31 15:28:03] 568    -8785.03 [    30913.9   20106.1   40188.5    2323.2   49999.9 ]
[24-10-31 15:28:03] 570    -8785.03 [    30913.9   20106.1   40188.5    2323.2   50000.0 ]
[24-10-31 15:28:03] 572    -8785.03 [    30913.9   20106.1   40188.5    2323.2   50000.0 ]
[24-10-31 15:28:03] 574    -8785.03 [    30913.9   20106.1   40188.5    2323.2   50000.0 ]
[24-10-31 15:28:04] 576    -8785.03 [    30913.9   20106.1   40188.5    2323.2   50000.0 ]
[24-10-31 15:28:04] 578    -8785.03 [    30913.9   20106.1   40188.5    2323.2   50000.0 ]
[24-10-31 15:28:04] 580    -8785.03 [    30913.9   20106.1   40188.5    2323.2   50000.0 ]
[24-10-31 15:28:05] 582    -8785.03 [    30913.9   20106.1   40188.5    2323.2   50000.0 ]
[24-10-31 15:28:05] 584    -8785.03 [    30913.9   20106.1   40188.5    2323.2   50000.0 ]
[24-10-31 15:28:05] 586    -8785.03 [    30913.9   20106.1   40188.5    2323.2   50000.0 ]
[24-10-31 15:28:05] 588    -8785.03 [    30913.9   20106.1   40188.5    2323.2   50000.0 ]
[24-10-31 15:28:06] 590    -8785.03 [    30913.9   20106.1   40188.5    2323.2   50000.0 ]
[24-10-31 15:28:06] 592    -8785.03 [    30913.9   20106.1   40188.5    2323.2   50000.0 ]
[24-10-31 15:28:06] 594    -8785.03 [    30913.9   20106.1   40188.5    2323.2   50000.0 ]
[24-10-31 15:28:07] 596    -8785.03 [    30913.9   20106.1   40188.5    2323.2   50000.0 ]
[24-10-31 15:28:07] 597    -8785.03 [    30913.9   20106.1   40188.5    2323.2   50000.0 ]
[24-10-31 15:28:08] 598    -8785.03 [    30913.9   20106.1   40188.5    2323.2   50000.0 ]
[24-10-31 15:28:08] 600    -8785.03 [    30913.9   20106.1   40188.5    2323.2   50000.0 ]
[24-10-31 15:28:09] 601    -8785.03 [    30913.9   20106.1   40188.5    2323.2   50000.0 ]
[24-10-31 15:28:09] 602    -8785.03 [    30913.9   20106.1   40188.5    2323.2   50000.0 ]
[24-10-31 15:28:10] 603    -8785.03 [    30913.9   20106.1   40188.5    2323.2   50000.0 ]
[24-10-31 15:28:10] 604    -8785.03 [    30913.9   20106.1   40188.5    2323.2   50000.0 ]
[24-10-31 15:28:10] 605    -8785.03 [    30913.9   20106.1   40188.5    2323.2   50000.0 ]
[24-10-31 15:28:11] 606    -8785.03 [    30913.9   20106.1   40188.5    2323.2   50000.0 ]
[24-10-31 15:28:11] 607    -8785.08 [    30913.9   20106.1   40188.5    2324.2   50000.0 ]
[24-10-31 15:28:12] 608    -8784.97 [    30913.9   20106.1   40188.5    2321.6   50000.0 ]
[24-10-31 15:28:12] 609    -8784.68 [    30913.9   20106.1   40188.5    2307.4   50000.0 ]
[24-10-31 15:28:13] 610    -8785.48 [    30913.9   20106.1   40188.5    2284.5   50000.0 ]
[24-10-31 15:28:13] 611     -8784.8 [    30913.9   20106.1   40188.5    2298.7   50000.0 ]
[24-10-31 15:28:14] 612    -8784.72 [    30913.9   20106.1   40188.5    2312.9   50000.0 ]
[24-10-31 15:28:14] 613    -8784.68 [    30913.9   20106.1   40188.5    2307.7   50000.0 ]
[24-10-31 15:28:15] 614    -8784.68 [    30913.9   20106.1   40188.5    2307.8   50000.0 ]
[24-10-31 15:28:15] 615    -8784.68 [    30913.9   20106.1   40188.5    2307.7   50000.0 ]
[24-10-31 15:28:16] 622    -8783.55 [    30933.7   20133.2   40012.7    2297.6   50000.0 ]
[24-10-31 15:28:16] 623    -8784.12 [    30923.8   20119.6   40100.6    2302.6   50000.0 ]
[24-10-31 15:28:17] 628    -8783.77 [    30929.9   20128.0   40046.3    2299.5   50000.0 ]
[24-10-31 15:28:17] 630    -8783.64 [    30932.3   20131.2   40025.5    2298.3   50000.0 ]
[24-10-31 15:28:17] 631    -8783.49 [    30934.8   20134.7   40002.9    2297.0   50000.0 ]
[24-10-31 15:28:18] 633    -8783.51 [    30934.4   20134.1   40006.7    2297.2   50000.0 ]
[24-10-31 15:28:18] 634    -8783.47 [    30935.1   20135.0   40000.6    2296.9   50000.0 ]
[24-10-31 15:28:19] 636    -8783.47 [    30935.1   20135.0   40000.6    2296.9   50000.0 ]
[24-10-31 15:28:19] 637    -8783.47 [    30936.1   20135.0   40000.6    2296.9   50000.0 ]
[24-10-31 15:28:20] 638    -8783.47 [    30937.7   20135.0   40000.6    2296.9   50000.0 ]
[24-10-31 15:28:20] 639    -8783.45 [    31064.3   20135.0   40000.6    2296.9   50000.0 ]
[24-10-31 15:28:20] 640    -8783.51 [    31269.1   20135.0   40000.6    2296.9   50000.0 ]
[24-10-31 15:28:21] 641    -8783.46 [    31142.5   20135.0   40000.6    2296.9   50000.0 ]
[24-10-31 15:28:21] 642    -8783.45 [    31015.9   20135.0   40000.6    2296.9   50000.0 ]
[24-10-31 15:28:21] 643    -8783.45 [    31065.9   20135.0   40000.6    2296.9   50000.0 ]
[24-10-31 15:28:22] 644    -8783.45 [    31067.2   20135.0   40000.6    2296.9   50000.0 ]
[24-10-31 15:28:22] 645    -8783.45 [    31065.9   20135.0   40000.6    2296.9   50000.0 ]
[24-10-31 15:28:22] 646    -8783.45 [    31065.9   20136.0   40000.6    2296.9   50000.0 ]
[24-10-31 15:28:23] 647    -8783.44 [    31065.9   20137.6   40000.6    2296.9   50000.0 ]
[24-10-31 15:28:23] 648     -8783.4 [    31065.9   20175.3   40000.6    2296.9   50000.0 ]
[24-10-31 15:28:23] 649    -8783.51 [    31065.9   20236.2   40000.6    2296.9   50000.0 ]
[24-10-31 15:28:24] 650    -8783.42 [    31065.9   20198.5   40000.6    2296.9   50000.0 ]
[24-10-31 15:28:24] 651    -8783.41 [    31065.9   20160.9   40000.6    2296.9   50000.0 ]
[24-10-31 15:28:24] 652     -8783.4 [    31065.9   20175.7   40000.6    2296.9   50000.0 ]
[24-10-31 15:28:25] 653     -8783.4 [    31065.9   20176.1   40000.6    2296.9   50000.0 ]
[24-10-31 15:28:25] 654     -8783.4 [    31065.9   20175.7   40000.6    2296.9   50000.0 ]
[24-10-31 15:28:25] 656    -8783.42 [    31065.9   20175.7   40000.6    2296.9   49998.4 ]
[24-10-31 15:28:26] 657    -8783.41 [    31065.9   20175.7   40000.6    2296.9   49999.4 ]
[24-10-31 15:28:26] 659    -8783.41 [    31065.9   20175.7   40000.6    2296.9   49999.7 ]
[24-10-31 15:28:26] 661    -8783.41 [    31065.9   20175.7   40000.6    2296.9   49999.9 ]
[24-10-31 15:28:26] 663     -8783.4 [    31065.9   20175.7   40000.6    2296.9   50000.0 ]
[24-10-31 15:28:27] 665     -8783.4 [    31065.9   20175.7   40000.6    2296.9   50000.0 ]
[24-10-31 15:28:27] 667     -8783.4 [    31065.9   20175.7   40000.6    2296.9   50000.0 ]
[24-10-31 15:28:28] 669     -8783.4 [    31065.9   20175.7   40000.6    2296.9   50000.0 ]
[24-10-31 15:28:28] 671     -8783.4 [    31065.9   20175.7   40000.6    2296.9   50000.0 ]
[24-10-31 15:28:28] 673     -8783.4 [    31065.9   20175.7   40000.6    2296.9   50000.0 ]
[24-10-31 15:28:29] 675     -8783.4 [    31065.9   20175.7   40000.6    2296.9   50000.0 ]
[24-10-31 15:28:29] 677     -8783.4 [    31065.9   20175.7   40000.6    2296.9   50000.0 ]
[24-10-31 15:28:30] 679     -8783.4 [    31065.9   20175.7   40000.6    2296.9   50000.0 ]
[24-10-31 15:28:30] 681     -8783.4 [    31065.9   20175.7   40000.6    2296.9   50000.0 ]
[24-10-31 15:28:31] 683     -8783.4 [    31065.9   20175.7   40000.6    2296.9   50000.0 ]
[24-10-31 15:28:31] 685     -8783.4 [    31065.9   20175.7   40000.6    2296.9   50000.0 ]
[24-10-31 15:28:32] 687     -8783.4 [    31065.9   20175.7   40000.6    2296.9   50000.0 ]
[24-10-31 15:28:32] 689     -8783.4 [    31065.9   20175.7   40000.6    2296.9   50000.0 ]
[24-10-31 15:28:33] 691     -8783.4 [    31065.9   20175.7   40000.6    2296.9   50000.0 ]
[24-10-31 15:28:33] 693     -8783.4 [    31065.9   20175.7   40000.6    2296.9   50000.0 ]
[24-10-31 15:28:34] 695     -8783.4 [    31065.9   20175.7   40000.6    2296.9   50000.0 ]
[24-10-31 15:28:34] 696     -8783.4 [    31065.9   20175.7   40000.6    2296.9   50000.0 ]
[24-10-31 15:28:35] 697     -8783.4 [    31065.9   20175.7   40000.6    2296.9   50000.0 ]
[24-10-31 15:28:35] 698     -8783.4 [    31065.9   20175.7   40000.6    2296.9   50000.0 ]
[24-10-31 15:28:35] 699     -8783.4 [    31065.9   20175.7   40000.6    2296.9   50000.0 ]
[24-10-31 15:28:35] 700     -8783.4 [    31065.9   20175.7   40000.6    2296.9   50000.0 ]
[24-10-31 15:28:36] 701     -8783.4 [    31065.9   20175.7   40000.6    2296.9   50000.0 ]
[24-10-31 15:28:36] 702     -8783.4 [    31065.9   20175.7   40000.6    2296.9   50000.0 ]
[24-10-31 15:28:36] 703     -8783.4 [    31065.9   20175.7   40000.6    2296.9   50000.0 ]
[24-10-31 15:28:37] 704     -8783.4 [    31065.9   20175.7   40000.6    2296.9   50000.0 ]
[24-10-31 15:28:37] 705     -8783.4 [    31065.9   20175.7   40000.6    2296.9   50000.0 ]
[24-10-31 15:28:37] 706     -8783.4 [    31065.9   20175.7   40000.6    2296.9   50000.0 ]
[24-10-31 15:28:38] 707     -8783.4 [    31065.9   20175.7   40000.6    2296.9   50000.0 ]
[24-10-31 15:28:38] 708    -8783.41 [    31065.9   20175.7   40000.6    2297.9   50000.0 ]
[24-10-31 15:28:38] 709     -8783.4 [    31065.9   20175.7   40000.6    2295.3   50000.0 ]
[24-10-31 15:28:39] 710     -8783.4 [    31065.9   20175.7   40000.6    2295.0   50000.0 ]
[24-10-31 15:28:39] 711     -8783.4 [    31065.9   20175.7   40000.6    2294.7   50000.0 ]
[24-10-31 15:28:39] 712     -8783.4 [    31065.9   20175.7   40000.6    2294.9   50000.0 ]
[24-10-31 15:28:40] 713     -8783.4 [    31065.9   20175.7   40000.6    2295.1   50000.0 ]
[24-10-31 15:28:40] 714     -8783.4 [    31065.9   20175.7   40000.6    2295.1   50000.0 ]
[24-10-31 15:28:40] 715     -8783.4 [    31065.9   20175.7   40000.6    2295.0   50000.0 ]
[24-10-31 15:28:40] 716     -8783.4 [    31065.9   20175.7   40000.6    2295.0   50000.0 ]
[24-10-31 15:28:41] 724    -8790.78 [    30937.7   20000.8   41138.1    2360.4   50000.0 ]
[24-10-31 15:28:41] 725    -8787.07 [    31001.8   20088.2   40569.3    2327.7   50000.0 ]
[24-10-31 15:28:41] 726    -8784.79 [    31041.4   20142.3   40217.8    2307.5   50000.0 ]
[24-10-31 15:28:42] 727    -8783.93 [    31056.5   20162.9   40083.6    2299.8   50000.0 ]
[24-10-31 15:28:42] 729     -8783.6 [    31062.3   20170.8   40032.3    2296.9   50000.0 ]
[24-10-31 15:28:42] 731    -8783.48 [    31064.5   20173.8   40012.7    2295.7   50000.0 ]
[24-10-31 15:28:43] 733    -8783.43 [    31065.3   20175.0   40005.2    2295.3   50000.0 ]
[24-10-31 15:28:43] 735    -8783.41 [    31065.7   20175.4   40002.4    2295.1   50000.0 ]
[24-10-31 15:28:43] 737     -8783.4 [    31065.8   20175.6   40001.3    2295.1   50000.0 ]
[24-10-31 15:28:43] 738     -8783.4 [    31065.9   20175.8   40000.1    2295.0   50000.0 ]
[24-10-31 15:28:44] 740     -8783.4 [    31065.9   20175.7   40000.3    2295.0   50000.0 ]
[24-10-31 15:28:44] 742     -8783.4 [    31065.9   20175.8   40000.1    2295.0   50000.0 ]
[24-10-31 15:28:44] 743     -8783.4 [    31065.9   20175.8   40000.0    2295.0   50000.0 ]
[24-10-31 15:28:45] 745     -8783.4 [    31065.9   20175.8   40000.0    2295.0   50000.0 ]
[24-10-31 15:28:45] 747     -8783.4 [    31065.9   20175.8   40000.0    2295.0   50000.0 ]
Optimization terminated successfully.
         Current function value: 8783.395694
         Iterations: 9
         Function evaluations: 747
[24-10-31 15:28:45] 747      fit p: [    31065.9   20175.8   40000.0    2295.0   50000.0 ]
method: Powell
objective_func: objective_H2
fopt: -8783.395694083893
max_iter: 100
num_iter: 9
func_calls: 747
flag: 0
u_fitted: False
u: 1.111e-08
