[24-10-31 14:54:42] fitting objective_H2 to data for demes ['French', 'KhomaniSan', 'Yoruba']
[24-10-31 14:54:42] 0        pnames [         NK       NFY       TFY        NF        NY ]
[24-10-31 14:54:42] 0            p0 [    27657.1   25924.1   68332.1    5247.5   23134.1 ]
[24-10-31 14:54:42] 1     -12821.68 [    27657.1   25924.1   68332.1    5247.5   23134.1 ]
[24-10-31 14:54:42] 2     -12821.68 [    27657.1   25924.1   68332.1    5247.5   23134.1 ]
[24-10-31 14:54:42] 3     -12821.66 [    27658.1   25924.1   68332.1    5247.5   23134.1 ]
[24-10-31 14:54:43] 4     -12821.63 [    27659.7   25924.1   68332.1    5247.5   23134.1 ]
[24-10-31 14:54:43] 5     -12818.35 [    27836.0   25924.1   68332.1    5247.5   23134.1 ]
[24-10-31 14:54:43] 6     -12783.06 [    31123.3   25924.1   68332.1    5247.5   23134.1 ]
[24-10-31 14:54:43] 7     -12791.64 [    36442.2   25924.1   68332.1    5247.5   23134.1 ]
[24-10-31 14:54:44] 8     -12779.43 [    33154.9   25924.1   68332.1    5247.5   23134.1 ]
[24-10-31 14:54:44] 9     -12781.92 [    34410.5   25924.1   68332.1    5247.5   23134.1 ]
[24-10-31 14:54:44] 10    -12779.32 [    32917.3   25924.1   68332.1    5247.5   23134.1 ]
[24-10-31 14:54:44] 11    -12779.31 [    32820.5   25924.1   68332.1    5247.5   23134.1 ]
[24-10-31 14:54:45] 12    -12779.32 [    32768.9   25924.1   68332.1    5247.5   23134.1 ]
[24-10-31 14:54:45] 13    -12779.31 [    32820.5   25924.1   68332.1    5247.5   23134.1 ]
[24-10-31 14:54:45] 14    -12779.54 [    32820.5   25925.1   68332.1    5247.5   23134.1 ]
[24-10-31 14:54:45] 15    -12778.95 [    32820.5   25922.5   68332.1    5247.5   23134.1 ]
[24-10-31 14:54:45] 16    -12778.37 [    32820.5   25919.9   68332.1    5247.5   23134.1 ]
[24-10-31 14:54:46] 17    -12777.42 [    32820.5   25915.6   68332.1    5247.5   23134.1 ]
[24-10-31 14:54:46] 18    -12775.89 [    32820.5   25908.8   68332.1    5247.5   23134.1 ]
[24-10-31 14:54:46] 19    -12773.42 [    32820.5   25897.7   68332.1    5247.5   23134.1 ]
[24-10-31 14:54:46] 20    -12769.42 [    32820.5   25879.7   68332.1    5247.5   23134.1 ]
[24-10-31 14:54:47] 21    -12762.94 [    32820.5   25850.7   68332.1    5247.5   23134.1 ]
[24-10-31 14:54:47] 22    -12752.45 [    32820.5   25803.7   68332.1    5247.5   23134.1 ]
[24-10-31 14:54:47] 23    -12735.47 [    32820.5   25727.7   68332.1    5247.5   23134.1 ]
[24-10-31 14:54:47] 24     -12708.0 [    32820.5   25604.7   68332.1    5247.5   23134.1 ]
[24-10-31 14:54:48] 25    -12663.53 [    32820.5   25405.7   68332.1    5247.5   23134.1 ]
[24-10-31 14:54:48] 26    -12591.54 [    32820.5   25083.7   68332.1    5247.5   23134.1 ]
[24-10-31 14:54:48] 27    -12475.15 [    32820.5   24562.7   68332.1    5247.5   23134.1 ]
[24-10-31 14:54:48] 29   -109205.75 [    32820.5    2871.2   68332.1    5247.5   23134.1 ]
[24-10-31 14:54:49] 30    -11107.97 [    32820.5   16277.3   68332.1    5247.5   23134.1 ]
[24-10-31 14:54:49] 31     -11554.1 [    32820.5   20180.8   68332.1    5247.5   23134.1 ]
[24-10-31 14:54:49] 32    -11604.36 [    32820.5   13292.3   68332.1    5247.5   23134.1 ]
[24-10-31 14:54:49] 33    -11123.45 [    32820.5   16826.1   68332.1    5247.5   23134.1 ]
[24-10-31 14:54:49] 34    -11109.14 [    32820.5   16002.4   68332.1    5247.5   23134.1 ]
[24-10-31 14:54:50] 35    -11109.04 [    32820.5   16373.8   68332.1    5247.5   23134.1 ]
[24-10-31 14:54:50] 36    -11107.65 [    32820.5   16180.8   68332.1    5247.5   23134.1 ]
[24-10-31 14:54:50] 37    -11107.65 [    32820.5   16180.8   68332.1    5247.5   23134.1 ]
[24-10-31 14:54:50] 38    -11107.64 [    32820.5   16180.8   68333.1    5247.5   23134.1 ]
[24-10-31 14:54:51] 39    -11107.61 [    32820.5   16180.8   68334.7    5247.5   23134.1 ]
[24-10-31 14:54:51] 40    -11104.46 [    32820.5   16180.8   68511.1    5247.5   23134.1 ]
[24-10-31 14:54:51] 41    -11043.33 [    32820.5   16180.8   75389.9    5247.5   23134.1 ]
[24-10-31 14:54:51] 42    -11195.24 [    32820.5   16180.8   86520.1    5247.5   23134.1 ]
[24-10-31 14:54:52] 43    -11065.15 [    32820.5   16180.8   79641.3    5247.5   23134.1 ]
[24-10-31 14:54:52] 44    -11052.51 [    32820.5   16180.8   72762.4    5247.5   23134.1 ]
[24-10-31 14:54:52] 45    -11043.32 [    32820.5   16180.8   75469.5    5247.5   23134.1 ]
[24-10-31 14:54:52] 46    -11043.33 [    32820.5   16180.8   75540.9    5247.5   23134.1 ]
[24-10-31 14:54:52] 47    -11043.32 [    32820.5   16180.8   75469.5    5247.5   23134.1 ]
[24-10-31 14:54:53] 48    -11044.08 [    32820.5   16180.8   75469.5    5248.5   23134.1 ]
[24-10-31 14:54:53] 49     -11042.1 [    32820.5   16180.8   75469.5    5245.9   23134.1 ]
[24-10-31 14:54:53] 50    -10913.52 [    32820.5   16180.8   75469.5    5069.5   23134.1 ]
[24-10-31 14:54:53] 51    -12973.08 [    32820.5   16180.8   75469.5    2459.4   23134.1 ]
[24-10-31 14:54:54] 52    -10456.24 [    32820.5   16180.8   75469.5    4072.5   23134.1 ]
[24-10-31 14:54:54] 53     -10641.4 [    32820.5   16180.8   75469.5    3456.4   23134.1 ]
[24-10-31 14:54:54] 54    -10457.48 [    32820.5   16180.8   75469.5    4084.3   23134.1 ]
[24-10-31 14:54:54] 55    -10451.71 [    32820.5   16180.8   75469.5    3996.9   23134.1 ]
[24-10-31 14:54:55] 56     -10473.3 [    32820.5   16180.8   75469.5    3790.4   23134.1 ]
[24-10-31 14:54:55] 57    -10451.55 [    32820.5   16180.8   75469.5    3977.3   23134.1 ]
[24-10-31 14:54:55] 58    -10451.68 [    32820.5   16180.8   75469.5    3964.6   23134.1 ]
[24-10-31 14:54:55] 59    -10451.55 [    32820.5   16180.8   75469.5    3977.3   23134.1 ]
[24-10-31 14:54:56] 60    -10451.42 [    32820.5   16180.8   75469.5    3977.3   23135.1 ]
[24-10-31 14:54:56] 61     -10451.2 [    32820.5   16180.8   75469.5    3977.3   23136.8 ]
[24-10-31 14:54:56] 62    -10427.46 [    32820.5   16180.8   75469.5    3977.3   23313.1 ]
[24-10-31 14:54:56] 63     -9711.59 [    32820.5   16180.8   75469.5    3977.3   31440.7 ]
[24-10-31 14:54:56] 64     -9247.98 [    32820.5   16180.8   75469.5    3977.3   44591.5 ]
[24-10-31 14:54:57] 65     -9237.05 [    32820.5   16180.8   75469.5    3977.3   45116.0 ]
[24-10-31 14:54:57] 66      -9220.1 [    32820.5   16180.8   75469.5    3977.3   45964.7 ]
[24-10-31 14:54:57] 69     -9179.84 [    32820.5   16180.8   75469.5    3977.3   48177.6 ]
[24-10-31 14:54:57] 70      -9199.3 [    32820.5   16180.8   75469.5    3977.3   47071.1 ]
[24-10-31 14:54:58] 71     -9157.47 [    32820.5   16180.8   75469.5    3977.3   49545.2 ]
[24-10-31 14:54:58] 73     -9165.81 [    32820.5   16180.8   75469.5    3977.3   49022.8 ]
[24-10-31 14:54:58] 74     -9152.45 [    32820.5   16180.8   75469.5    3977.3   49868.1 ]
[24-10-31 14:54:58] 76     -9152.45 [    32820.5   16180.8   75469.5    3977.3   49868.1 ]
[24-10-31 14:54:59] 77     -9152.45 [    32821.5   16180.8   75469.5    3977.3   49868.1 ]
[24-10-31 14:54:59] 78     -9152.44 [    32818.9   16180.8   75469.5    3977.3   49868.1 ]
[24-10-31 14:54:59] 79     -9151.38 [    32642.5   16180.8   75469.5    3977.3   49868.1 ]
[24-10-31 14:54:59] 80     -9144.84 [    29727.0   16180.8   75469.5    3977.3   49868.1 ]
[24-10-31 14:54:59] 81     -9206.99 [    25009.5   16180.8   75469.5    3977.3   49868.1 ]
[24-10-31 14:55:00] 82     -9154.81 [    27925.1   16180.8   75469.5    3977.3   49868.1 ]
[24-10-31 14:55:00] 83      -9144.6 [    30840.6   16180.8   75469.5    3977.3   49868.1 ]
[24-10-31 14:55:00] 84     -9144.23 [    30345.1   16180.8   75469.5    3977.3   49868.1 ]
[24-10-31 14:55:00] 85     -9144.23 [    30369.8   16180.8   75469.5    3977.3   49868.1 ]
[24-10-31 14:55:01] 86     -9144.23 [    30320.3   16180.8   75469.5    3977.3   49868.1 ]
[24-10-31 14:55:01] 87     -9144.23 [    30345.1   16180.8   75469.5    3977.3   49868.1 ]
[24-10-31 14:55:01] 88     -9144.27 [    30345.1   16181.8   75469.5    3977.3   49868.1 ]
[24-10-31 14:55:01] 89     -9144.16 [    30345.1   16179.2   75469.5    3977.3   49868.1 ]
[24-10-31 14:55:02] 90     -9137.85 [    30345.1   16002.8   75469.5    3977.3   49868.1 ]
[24-10-31 14:55:02] 91     -9132.32 [    30345.1   15586.1   75469.5    3977.3   49868.1 ]
[24-10-31 14:55:02] 92     -9155.76 [    30345.1   14911.9   75469.5    3977.3   49868.1 ]
[24-10-31 14:55:02] 93     -9136.18 [    30345.1   15328.6   75469.5    3977.3   49868.1 ]
[24-10-31 14:55:03] 94      -9132.8 [    30345.1   15745.3   75469.5    3977.3   49868.1 ]
[24-10-31 14:55:03] 95     -9132.24 [    30345.1   15631.1   75469.5    3977.3   49868.1 ]
[24-10-31 14:55:03] 96     -9132.24 [    30345.1   15625.6   75469.5    3977.3   49868.1 ]
[24-10-31 14:55:03] 97     -9132.25 [    30345.1   15636.6   75469.5    3977.3   49868.1 ]
[24-10-31 14:55:03] 98     -9132.24 [    30345.1   15631.1   75469.5    3977.3   49868.1 ]
[24-10-31 14:55:04] 99     -9132.27 [    30345.1   15631.1   75470.5    3977.3   49868.1 ]
[24-10-31 14:55:04] 100     -9132.2 [    30345.1   15631.1   75467.9    3977.3   49868.1 ]
[24-10-31 14:55:04] 101    -9127.79 [    30345.1   15631.1   75291.5    3977.3   49868.1 ]
[24-10-31 14:55:04] 102    -9039.45 [    30345.1   15631.1   68006.6    3977.3   49868.1 ]
[24-10-31 14:55:05] 103    -9302.74 [    30345.1   15631.1   56219.4    3977.3   49868.1 ]
[24-10-31 14:55:05] 104    -9079.05 [    30345.1   15631.1   63504.3    3977.3   49868.1 ]
[24-10-31 14:55:05] 105    -9051.34 [    30345.1   15631.1   70789.2    3977.3   49868.1 ]
[24-10-31 14:55:05] 106    -9039.39 [    30345.1   15631.1   68206.9    3977.3   49868.1 ]
[24-10-31 14:55:06] 107     -9039.4 [    30345.1   15631.1   68134.3    3977.3   49868.1 ]
[24-10-31 14:55:06] 108    -9039.41 [    30345.1   15631.1   68279.5    3977.3   49868.1 ]
[24-10-31 14:55:06] 109    -9039.39 [    30345.1   15631.1   68206.9    3977.3   49868.1 ]
[24-10-31 14:55:06] 110    -9039.43 [    30345.1   15631.1   68206.9    3978.3   49868.1 ]
[24-10-31 14:55:06] 111    -9039.33 [    30345.1   15631.1   68206.9    3975.6   49868.1 ]
[24-10-31 14:55:07] 112    -9038.54 [    30345.1   15631.1   68206.9    3934.9   49868.1 ]
[24-10-31 14:55:07] 113    -9040.87 [    30345.1   15631.1   68206.9    3869.0   49868.1 ]
[24-10-31 14:55:07] 114    -9038.89 [    30345.1   15631.1   68206.9    3909.7   49868.1 ]
[24-10-31 14:55:07] 115    -9038.65 [    30345.1   15631.1   68206.9    3950.5   49868.1 ]
[24-10-31 14:55:08] 116    -9038.54 [    30345.1   15631.1   68206.9    3936.0   49868.1 ]
[24-10-31 14:55:08] 117    -9038.54 [    30345.1   15631.1   68206.9    3935.6   49868.1 ]
[24-10-31 14:55:08] 118    -9038.54 [    30345.1   15631.1   68206.9    3936.4   49868.1 ]
[24-10-31 14:55:08] 119    -9038.54 [    30345.1   15631.1   68206.9    3936.0   49868.1 ]
[24-10-31 14:55:09] 120    -9038.53 [    30345.1   15631.1   68206.9    3936.0   49869.1 ]
[24-10-31 14:55:09] 121     -9038.5 [    30345.1   15631.1   68206.9    3936.0   49870.7 ]
[24-10-31 14:55:09] 123    -9037.45 [    30345.1   15631.1   68206.9    3936.0   49938.1 ]
[24-10-31 14:55:09] 124     -9036.8 [    30345.1   15631.1   68206.9    3936.0   49979.7 ]
[24-10-31 14:55:10] 126    -9037.05 [    30345.1   15631.1   68206.9    3936.0   49963.8 ]
[24-10-31 14:55:10] 127    -9036.65 [    30345.1   15631.1   68206.9    3936.0   49989.5 ]
[24-10-31 14:55:10] 128    -9036.55 [    30345.1   15631.1   68206.9    3936.0   49995.6 ]
[24-10-31 14:55:10] 129    -9036.49 [    30345.1   15631.1   68206.9    3936.0   49999.4 ]
[24-10-31 14:55:10] 131    -9036.52 [    30345.1   15631.1   68206.9    3936.0   49997.9 ]
[24-10-31 14:55:11] 133    -9036.49 [    30345.1   15631.1   68206.9    3936.0   49999.4 ]
[24-10-31 14:55:11] 134     -9036.5 [    30346.1   15631.1   68206.9    3936.0   49999.4 ]
[24-10-31 14:55:11] 135    -9036.48 [    30343.5   15631.1   68206.9    3936.0   49999.4 ]
[24-10-31 14:55:11] 136     -9034.8 [    30167.1   15631.1   68206.9    3936.0   49999.4 ]
[24-10-31 14:55:12] 137     -9023.4 [    26519.8   15631.1   68206.9    3936.0   49999.4 ]
[24-10-31 14:55:12] 138    -9196.71 [    20618.4   15631.1   68206.9    3936.0   49999.4 ]
[24-10-31 14:55:12] 139    -9050.04 [    24265.7   15631.1   68206.9    3936.0   49999.4 ]
[24-10-31 14:55:12] 140    -9021.62 [    27912.9   15631.1   68206.9    3936.0   49999.4 ]
[24-10-31 14:55:13] 141    -9021.22 [    27437.6   15631.1   68206.9    3936.0   49999.4 ]
[24-10-31 14:55:13] 142    -9021.21 [    27492.0   15631.1   68206.9    3936.0   49999.4 ]
[24-10-31 14:55:13] 143    -9021.22 [    27520.5   15631.1   68206.9    3936.0   49999.4 ]
[24-10-31 14:55:13] 144    -9021.21 [    27492.0   15631.1   68206.9    3936.0   49999.4 ]
[24-10-31 14:55:14] 145    -9021.18 [    27492.0   15632.1   68206.9    3936.0   49999.4 ]
[24-10-31 14:55:14] 146    -9021.11 [    27492.0   15633.7   68206.9    3936.0   49999.4 ]
[24-10-31 14:55:14] 147    -9015.89 [    27492.0   15810.1   68206.9    3936.0   49999.4 ]
[24-10-31 14:55:14] 148    -9013.43 [    27492.0   16026.8   68206.9    3936.0   49999.4 ]
[24-10-31 14:55:14] 149    -9017.97 [    27492.0   16377.5   68206.9    3936.0   49999.4 ]
[24-10-31 14:55:15] 150    -9013.97 [    27492.0   16160.8   68206.9    3936.0   49999.4 ]
[24-10-31 14:55:15] 151    -9013.87 [    27492.0   15944.0   68206.9    3936.0   49999.4 ]
[24-10-31 14:55:15] 152    -9013.41 [    27492.0   16047.1   68206.9    3936.0   49999.4 ]
[24-10-31 14:55:15] 153    -9013.41 [    27492.0   16043.0   68206.9    3936.0   49999.4 ]
[24-10-31 14:55:16] 154    -9013.41 [    27492.0   16051.3   68206.9    3936.0   49999.4 ]
[24-10-31 14:55:16] 155    -9013.41 [    27492.0   16047.1   68206.9    3936.0   49999.4 ]
[24-10-31 14:55:16] 156    -9013.42 [    27492.0   16047.1   68207.9    3936.0   49999.4 ]
[24-10-31 14:55:16] 157     -9013.4 [    27492.0   16047.1   68205.3    3936.0   49999.4 ]
[24-10-31 14:55:17] 158     -9012.1 [    27492.0   16047.1   68028.9    3936.0   49999.4 ]
[24-10-31 14:55:17] 159    -9005.24 [    27492.0   16047.1   66068.6    3936.0   49999.4 ]
[24-10-31 14:55:17] 160    -9023.95 [    27492.0   16047.1   62896.6    3936.0   49999.4 ]
[24-10-31 14:55:17] 161    -9008.01 [    27492.0   16047.1   64857.0    3936.0   49999.4 ]
[24-10-31 14:55:18] 162    -9006.22 [    27492.0   16047.1   66817.4    3936.0   49999.4 ]
[24-10-31 14:55:18] 163    -9005.24 [    27492.0   16047.1   66089.9    3936.0   49999.4 ]
[24-10-31 14:55:18] 164    -9005.25 [    27492.0   16047.1   66111.1    3936.0   49999.4 ]
[24-10-31 14:55:18] 165    -9005.24 [    27492.0   16047.1   66089.9    3936.0   49999.4 ]
[24-10-31 14:55:18] 166    -9005.37 [    27492.0   16047.1   66089.9    3937.0   49999.4 ]
[24-10-31 14:55:19] 167    -9005.05 [    27492.0   16047.1   66089.9    3934.4   49999.4 ]
[24-10-31 14:55:19] 168    -8997.68 [    27492.0   16047.1   66089.9    3804.9   49999.4 ]
[24-10-31 14:55:19] 169    -9025.86 [    27492.0   16047.1   66089.9    3595.5   49999.4 ]
[24-10-31 14:55:19] 170     -9002.1 [    27492.0   16047.1   66089.9    3724.9   49999.4 ]
[24-10-31 14:55:20] 171    -8998.49 [    27492.0   16047.1   66089.9    3854.4   49999.4 ]
[24-10-31 14:55:20] 172    -8997.64 [    27492.0   16047.1   66089.9    3814.9   49999.4 ]
[24-10-31 14:55:20] 173    -8997.64 [    27492.0   16047.1   66089.9    3813.7   49999.4 ]
[24-10-31 14:55:20] 174    -8997.64 [    27492.0   16047.1   66089.9    3812.5   49999.4 ]
[24-10-31 14:55:21] 175    -8997.64 [    27492.0   16047.1   66089.9    3813.7   49999.4 ]
[24-10-31 14:55:21] 177    -8997.66 [    27492.0   16047.1   66089.9    3813.7   49997.8 ]
[24-10-31 14:55:21] 178    -8997.64 [    27492.0   16047.1   66089.9    3813.7   49998.8 ]
[24-10-31 14:55:21] 179    -8997.63 [    27492.0   16047.1   66089.9    3813.7   49999.8 ]
[24-10-31 14:55:22] 180    -8997.63 [    27492.0   16047.1   66089.9    3813.7   50000.0 ]
[24-10-31 14:55:22] 182    -8997.63 [    27492.0   16047.1   66089.9    3813.7   49999.9 ]
[24-10-31 14:55:22] 184    -8997.63 [    27492.0   16047.1   66089.9    3813.7   50000.0 ]
[24-10-31 14:55:22] 186    -8997.63 [    27492.0   16047.1   66089.9    3813.7   50000.0 ]
[24-10-31 14:55:22] 188    -8997.63 [    27492.0   16047.1   66089.9    3813.7   50000.0 ]
[24-10-31 14:55:23] 190    -8997.63 [    27492.0   16047.1   66089.9    3813.7   50000.0 ]
[24-10-31 14:55:23] 191    -8997.63 [    27493.0   16047.1   66089.9    3813.7   50000.0 ]
[24-10-31 14:55:23] 192    -8997.62 [    27494.6   16047.1   66089.9    3813.7   50000.0 ]
[24-10-31 14:55:23] 193    -8997.39 [    27671.0   16047.1   66089.9    3813.7   50000.0 ]
[24-10-31 14:55:24] 194    -8997.29 [    27878.5   16047.1   66089.9    3813.7   50000.0 ]
[24-10-31 14:55:24] 195     -8997.5 [    28214.4   16047.1   66089.9    3813.7   50000.0 ]
[24-10-31 14:55:24] 196    -8997.31 [    28006.8   16047.1   66089.9    3813.7   50000.0 ]
[24-10-31 14:55:24] 197     -8997.3 [    27799.3   16047.1   66089.9    3813.7   50000.0 ]
[24-10-31 14:55:25] 198    -8997.29 [    27889.4   16047.1   66089.9    3813.7   50000.0 ]
[24-10-31 14:55:25] 199    -8997.29 [    27885.4   16047.1   66089.9    3813.7   50000.0 ]
[24-10-31 14:55:25] 200    -8997.29 [    27893.4   16047.1   66089.9    3813.7   50000.0 ]
[24-10-31 14:55:25] 201    -8997.29 [    27889.4   16047.1   66089.9    3813.7   50000.0 ]
[24-10-31 14:55:26] 202    -8997.26 [    27889.4   16048.1   66089.9    3813.7   50000.0 ]
[24-10-31 14:55:26] 203    -8997.21 [    27889.4   16049.8   66089.9    3813.7   50000.0 ]
[24-10-31 14:55:26] 204    -8993.65 [    27889.4   16226.1   66089.9    3813.7   50000.0 ]
[24-10-31 14:55:26] 205    -8992.75 [    27889.4   16361.5   66089.9    3813.7   50000.0 ]
[24-10-31 14:55:26] 206    -8994.51 [    27889.4   16580.5   66089.9    3813.7   50000.0 ]
[24-10-31 14:55:27] 207    -8992.97 [    27889.4   16445.1   66089.9    3813.7   50000.0 ]
[24-10-31 14:55:27] 208    -8992.91 [    27889.4   16309.8   66089.9    3813.7   50000.0 ]
[24-10-31 14:55:27] 209    -8992.75 [    27889.4   16372.3   66089.9    3813.7   50000.0 ]
[24-10-31 14:55:27] 210    -8992.75 [    27889.4   16369.0   66089.9    3813.7   50000.0 ]
[24-10-31 14:55:28] 211    -8992.75 [    27889.4   16375.5   66089.9    3813.7   50000.0 ]
[24-10-31 14:55:28] 212    -8992.75 [    27889.4   16372.3   66089.9    3813.7   50000.0 ]
[24-10-31 14:55:28] 213    -8992.76 [    27889.4   16372.3   66090.9    3813.7   50000.0 ]
[24-10-31 14:55:28] 214    -8992.74 [    27889.4   16372.3   66088.3    3813.7   50000.0 ]
[24-10-31 14:55:29] 215    -8991.47 [    27889.4   16372.3   65912.0    3813.7   50000.0 ]
[24-10-31 14:55:29] 216    -8985.18 [    27889.4   16372.3   64071.5    3813.7   50000.0 ]
[24-10-31 14:55:29] 217    -9002.39 [    27889.4   16372.3   61093.6    3813.7   50000.0 ]
[24-10-31 14:55:29] 218    -8987.72 [    27889.4   16372.3   62934.1    3813.7   50000.0 ]
[24-10-31 14:55:30] 219    -8986.07 [    27889.4   16372.3   64774.5    3813.7   50000.0 ]
[24-10-31 14:55:30] 220    -8985.18 [    27889.4   16372.3   64091.7    3813.7   50000.0 ]
[24-10-31 14:55:30] 221    -8985.18 [    27889.4   16372.3   64111.7    3813.7   50000.0 ]
[24-10-31 14:55:30] 222    -8985.18 [    27889.4   16372.3   64091.7    3813.7   50000.0 ]
[24-10-31 14:55:30] 223     -8985.3 [    27889.4   16372.3   64091.7    3814.7   50000.0 ]
[24-10-31 14:55:31] 224    -8984.98 [    27889.4   16372.3   64091.7    3812.1   50000.0 ]
[24-10-31 14:55:31] 225    -8977.84 [    27889.4   16372.3   64091.7    3688.7   50000.0 ]
[24-10-31 14:55:31] 226     -9005.0 [    27889.4   16372.3   64091.7    3489.2   50000.0 ]
[24-10-31 14:55:31] 227    -8982.09 [    27889.4   16372.3   64091.7    3612.5   50000.0 ]
[24-10-31 14:55:32] 228    -8978.62 [    27889.4   16372.3   64091.7    3735.8   50000.0 ]
[24-10-31 14:55:32] 229    -8977.79 [    27889.4   16372.3   64091.7    3698.1   50000.0 ]
[24-10-31 14:55:32] 230    -8977.79 [    27889.4   16372.3   64091.7    3697.0   50000.0 ]
[24-10-31 14:55:32] 231     -8977.8 [    27889.4   16372.3   64091.7    3695.8   50000.0 ]
[24-10-31 14:55:33] 232    -8977.79 [    27889.4   16372.3   64091.7    3697.0   50000.0 ]
[24-10-31 14:55:33] 234    -8977.81 [    27889.4   16372.3   64091.7    3697.0   49998.4 ]
[24-10-31 14:55:33] 235     -8977.8 [    27889.4   16372.3   64091.7    3697.0   49999.4 ]
[24-10-31 14:55:33] 237     -8977.8 [    27889.4   16372.3   64091.7    3697.0   49999.7 ]
[24-10-31 14:55:34] 239     -8977.8 [    27889.4   16372.3   64091.7    3697.0   49999.9 ]
[24-10-31 14:55:34] 241    -8977.79 [    27889.4   16372.3   64091.7    3697.0   49999.9 ]
[24-10-31 14:55:34] 243    -8977.79 [    27889.4   16372.3   64091.7    3697.0   50000.0 ]
[24-10-31 14:55:34] 245    -8977.79 [    27889.4   16372.3   64091.7    3697.0   50000.0 ]
[24-10-31 14:55:34] 246    -8977.79 [    27889.4   16372.3   64091.7    3697.0   50000.0 ]
[24-10-31 14:55:35] 247    -8977.79 [    27889.4   16372.3   64091.7    3697.0   50000.0 ]
[24-10-31 14:55:35] 249    -8977.79 [    27889.4   16372.3   64091.7    3697.0   50000.0 ]
[24-10-31 14:55:35] 250    -8977.79 [    27889.4   16372.3   64091.7    3697.0   50000.0 ]
[24-10-31 14:55:35] 251    -8977.79 [    27889.4   16372.3   64091.7    3697.0   50000.0 ]
[24-10-31 14:55:36] 252    -8977.79 [    27889.4   16372.3   64091.7    3697.0   50000.0 ]
[24-10-31 14:55:36] 253    -8977.79 [    27889.4   16372.3   64091.7    3697.0   50000.0 ]
[24-10-31 14:55:36] 254    -8977.79 [    27889.4   16372.3   64091.7    3697.0   50000.0 ]
[24-10-31 14:55:36] 256    -8977.79 [    27889.4   16372.3   64091.7    3697.0   50000.0 ]
[24-10-31 14:55:37] 257    -8977.79 [    27890.4   16372.3   64091.7    3697.0   50000.0 ]
[24-10-31 14:55:37] 258    -8977.79 [    27892.0   16372.3   64091.7    3697.0   50000.0 ]
[24-10-31 14:55:37] 259    -8977.67 [    28068.4   16372.3   64091.7    3697.0   50000.0 ]
[24-10-31 14:55:37] 260    -8977.66 [    28140.8   16372.3   64091.7    3697.0   50000.0 ]
[24-10-31 14:55:38] 261    -8977.69 [    28257.9   16372.3   64091.7    3697.0   50000.0 ]
[24-10-31 14:55:38] 262    -8977.66 [    28185.5   16372.3   64091.7    3697.0   50000.0 ]
[24-10-31 14:55:38] 263    -8977.66 [    28113.1   16372.3   64091.7    3697.0   50000.0 ]
[24-10-31 14:55:38] 264    -8977.66 [    28144.1   16372.3   64091.7    3697.0   50000.0 ]
[24-10-31 14:55:38] 265    -8977.66 [    28146.6   16372.3   64091.7    3697.0   50000.0 ]
[24-10-31 14:55:39] 266    -8977.66 [    28144.1   16372.3   64091.7    3697.0   50000.0 ]
[24-10-31 14:55:39] 267    -8977.63 [    28144.1   16373.3   64091.7    3697.0   50000.0 ]
[24-10-31 14:55:39] 268    -8977.59 [    28144.1   16374.9   64091.7    3697.0   50000.0 ]
[24-10-31 14:55:39] 269    -8974.59 [    28144.1   16551.3   64091.7    3697.0   50000.0 ]
[24-10-31 14:55:40] 270    -8974.03 [    28144.1   16660.3   64091.7    3697.0   50000.0 ]
[24-10-31 14:55:40] 271    -8975.15 [    28144.1   16836.8   64091.7    3697.0   50000.0 ]
[24-10-31 14:55:40] 272    -8974.17 [    28144.1   16727.7   64091.7    3697.0   50000.0 ]
[24-10-31 14:55:40] 273    -8974.13 [    28144.1   16618.7   64091.7    3697.0   50000.0 ]
[24-10-31 14:55:41] 274    -8974.03 [    28144.1   16668.6   64091.7    3697.0   50000.0 ]
[24-10-31 14:55:41] 275    -8974.03 [    28144.1   16665.7   64091.7    3697.0   50000.0 ]
[24-10-31 14:55:41] 276    -8974.03 [    28144.1   16671.6   64091.7    3697.0   50000.0 ]
[24-10-31 14:55:41] 277    -8974.03 [    28144.1   16668.6   64091.7    3697.0   50000.0 ]
[24-10-31 14:55:42] 278    -8974.04 [    28144.1   16668.6   64092.7    3697.0   50000.0 ]
[24-10-31 14:55:42] 279    -8974.02 [    28144.1   16668.6   64090.1    3697.0   50000.0 ]
[24-10-31 14:55:42] 280    -8972.75 [    28144.1   16668.6   63913.7    3697.0   50000.0 ]
[24-10-31 14:55:42] 281    -8966.82 [    28144.1   16668.6   62162.4    3697.0   50000.0 ]
[24-10-31 14:55:42] 282    -8983.11 [    28144.1   16668.6   59328.6    3697.0   50000.0 ]
[24-10-31 14:55:43] 283    -8969.23 [    28144.1   16668.6   61080.0    3697.0   50000.0 ]
[24-10-31 14:55:43] 284    -8967.66 [    28144.1   16668.6   62831.3    3697.0   50000.0 ]
[24-10-31 14:55:43] 285    -8966.82 [    28144.1   16668.6   62181.7    3697.0   50000.0 ]
[24-10-31 14:55:43] 286    -8966.82 [    28144.1   16668.6   62200.8    3697.0   50000.0 ]
[24-10-31 14:55:44] 287    -8966.82 [    28144.1   16668.6   62181.7    3697.0   50000.0 ]
[24-10-31 14:55:44] 288    -8966.94 [    28144.1   16668.6   62181.7    3698.0   50000.0 ]
[24-10-31 14:55:44] 289    -8966.62 [    28144.1   16668.6   62181.7    3695.3   50000.0 ]
[24-10-31 14:55:44] 290    -8959.85 [    28144.1   16668.6   62181.7    3579.2   50000.0 ]
[24-10-31 14:55:45] 291    -8985.32 [    28144.1   16668.6   62181.7    3391.2   50000.0 ]
[24-10-31 14:55:45] 292    -8963.83 [    28144.1   16668.6   62181.7    3507.3   50000.0 ]
[24-10-31 14:55:45] 293     -8960.6 [    28144.1   16668.6   62181.7    3623.5   50000.0 ]
[24-10-31 14:55:45] 294    -8959.81 [    28144.1   16668.6   62181.7    3587.8   50000.0 ]
[24-10-31 14:55:46] 295    -8959.81 [    28144.1   16668.6   62181.7    3586.7   50000.0 ]
[24-10-31 14:55:46] 296    -8959.81 [    28144.1   16668.6   62181.7    3588.9   50000.0 ]
[24-10-31 14:55:46] 297    -8959.81 [    28144.1   16668.6   62181.7    3587.8   50000.0 ]
[24-10-31 14:55:46] 299    -8959.83 [    28144.1   16668.6   62181.7    3587.8   49998.4 ]
[24-10-31 14:55:46] 300    -8959.82 [    28144.1   16668.6   62181.7    3587.8   49999.4 ]
[24-10-31 14:55:47] 302    -8959.82 [    28144.1   16668.6   62181.7    3587.8   49999.7 ]
[24-10-31 14:55:47] 304    -8959.81 [    28144.1   16668.6   62181.7    3587.8   49999.9 ]
[24-10-31 14:55:47] 306    -8959.81 [    28144.1   16668.6   62181.7    3587.8   50000.0 ]
[24-10-31 14:55:47] 308    -8959.81 [    28144.1   16668.6   62181.7    3587.8   50000.0 ]
[24-10-31 14:55:48] 310    -8959.81 [    28144.1   16668.6   62181.7    3587.8   50000.0 ]
[24-10-31 14:55:48] 312    -8959.81 [    28144.1   16668.6   62181.7    3587.8   50000.0 ]
[24-10-31 14:55:48] 314    -8959.81 [    28144.1   16668.6   62181.7    3587.8   50000.0 ]
[24-10-31 14:55:48] 316    -8959.81 [    28144.1   16668.6   62181.7    3587.8   50000.0 ]
[24-10-31 14:55:49] 318    -8959.81 [    28144.1   16668.6   62181.7    3587.8   50000.0 ]
[24-10-31 14:55:49] 319    -8959.81 [    28144.1   16668.6   62181.7    3587.8   50000.0 ]
[24-10-31 14:55:49] 321    -8959.81 [    28144.1   16668.6   62181.7    3587.8   50000.0 ]
[24-10-31 14:55:49] 322    -8959.81 [    28144.1   16668.6   62181.7    3587.8   50000.0 ]
[24-10-31 14:55:49] 323    -8959.81 [    28144.1   16668.6   62181.7    3587.8   50000.0 ]
[24-10-31 14:55:50] 324    -8959.81 [    28144.1   16668.6   62181.7    3587.8   50000.0 ]
[24-10-31 14:55:50] 325    -8959.81 [    28144.1   16668.6   62181.7    3587.8   50000.0 ]
[24-10-31 14:55:50] 327    -8959.81 [    28144.1   16668.6   62181.7    3587.8   50000.0 ]
[24-10-31 14:55:50] 328    -8959.81 [    28144.1   16668.6   62181.7    3587.8   50000.0 ]
[24-10-31 14:55:51] 330    -8959.81 [    28144.1   16668.6   62181.7    3587.8   50000.0 ]
[24-10-31 14:55:51] 331    -8959.81 [    28145.1   16668.6   62181.7    3587.8   50000.0 ]
[24-10-31 14:55:51] 332    -8959.81 [    28146.7   16668.6   62181.7    3587.8   50000.0 ]
[24-10-31 14:55:51] 333    -8959.72 [    28323.0   16668.6   62181.7    3587.8   50000.0 ]
[24-10-31 14:55:52] 334    -8959.72 [    28357.4   16668.6   62181.7    3587.8   50000.0 ]
[24-10-31 14:55:52] 335    -8959.72 [    28412.9   16668.6   62181.7    3587.8   50000.0 ]
[24-10-31 14:55:52] 336    -8959.72 [    28378.6   16668.6   62181.7    3587.8   50000.0 ]
[24-10-31 14:55:52] 337    -8959.72 [    28344.3   16668.6   62181.7    3587.8   50000.0 ]
[24-10-31 14:55:53] 338    -8959.72 [    28359.5   16668.6   62181.7    3587.8   50000.0 ]
[24-10-31 14:55:53] 339    -8959.72 [    28361.7   16668.6   62181.7    3587.8   50000.0 ]
[24-10-31 14:55:53] 340    -8959.72 [    28359.5   16668.6   62181.7    3587.8   50000.0 ]
[24-10-31 14:55:53] 341     -8959.7 [    28359.5   16669.6   62181.7    3587.8   50000.0 ]
[24-10-31 14:55:53] 342    -8959.66 [    28359.5   16671.3   62181.7    3587.8   50000.0 ]
[24-10-31 14:55:54] 343    -8957.02 [    28359.5   16847.6   62181.7    3587.8   50000.0 ]
[24-10-31 14:55:54] 344    -8956.64 [    28359.5   16939.5   62181.7    3587.8   50000.0 ]
[24-10-31 14:55:54] 345    -8957.41 [    28359.5   17088.1   62181.7    3587.8   50000.0 ]
[24-10-31 14:55:54] 346    -8956.74 [    28359.5   16996.2   62181.7    3587.8   50000.0 ]
[24-10-31 14:55:55] 347    -8956.71 [    28359.5   16904.4   62181.7    3587.8   50000.0 ]
[24-10-31 14:55:55] 348    -8956.64 [    28359.5   16946.3   62181.7    3587.8   50000.0 ]
[24-10-31 14:55:55] 349    -8956.64 [    28359.5   16943.5   62181.7    3587.8   50000.0 ]
[24-10-31 14:55:55] 350    -8956.64 [    28359.5   16949.1   62181.7    3587.8   50000.0 ]
[24-10-31 14:55:56] 351    -8956.64 [    28359.5   16946.3   62181.7    3587.8   50000.0 ]
[24-10-31 14:55:56] 352    -8956.65 [    28359.5   16946.3   62182.7    3587.8   50000.0 ]
[24-10-31 14:55:56] 353    -8956.63 [    28359.5   16946.3   62180.0    3587.8   50000.0 ]
[24-10-31 14:55:56] 354    -8955.39 [    28359.5   16946.3   62003.7    3587.8   50000.0 ]
[24-10-31 14:55:57] 355    -8950.03 [    28359.5   16946.3   60375.0    3587.8   50000.0 ]
[24-10-31 14:55:57] 356    -8964.77 [    28359.5   16946.3   57739.7    3587.8   50000.0 ]
[24-10-31 14:55:57] 357    -8952.21 [    28359.5   16946.3   59368.4    3587.8   50000.0 ]
[24-10-31 14:55:57] 358    -8950.79 [    28359.5   16946.3   60997.1    3587.8   50000.0 ]
[24-10-31 14:55:57] 359    -8950.03 [    28359.5   16946.3   60393.1    3587.8   50000.0 ]
[24-10-31 14:55:58] 360    -8950.03 [    28359.5   16946.3   60411.0    3587.8   50000.0 ]
[24-10-31 14:55:58] 361    -8950.03 [    28359.5   16946.3   60393.1    3587.8   50000.0 ]
[24-10-31 14:55:58] 362    -8950.15 [    28359.5   16946.3   60393.1    3588.8   50000.0 ]
[24-10-31 14:55:58] 363    -8949.83 [    28359.5   16946.3   60393.1    3586.1   50000.0 ]
[24-10-31 14:55:59] 364     -8943.4 [    28359.5   16946.3   60393.1    3476.4   50000.0 ]
[24-10-31 14:55:59] 365    -8967.36 [    28359.5   16946.3   60393.1    3298.9   50000.0 ]
[24-10-31 14:55:59] 366    -8947.15 [    28359.5   16946.3   60393.1    3408.6   50000.0 ]
[24-10-31 14:55:59] 367    -8944.12 [    28359.5   16946.3   60393.1    3518.3   50000.0 ]
[24-10-31 14:56:00] 368    -8943.37 [    28359.5   16946.3   60393.1    3484.4   50000.0 ]
[24-10-31 14:56:00] 369    -8943.37 [    28359.5   16946.3   60393.1    3483.3   50000.0 ]
[24-10-31 14:56:00] 370    -8943.37 [    28359.5   16946.3   60393.1    3485.4   50000.0 ]
[24-10-31 14:56:00] 371    -8943.37 [    28359.5   16946.3   60393.1    3484.4   50000.0 ]
[24-10-31 14:56:00] 373    -8943.39 [    28359.5   16946.3   60393.1    3484.4   49998.4 ]
[24-10-31 14:56:01] 374    -8943.38 [    28359.5   16946.3   60393.1    3484.4   49999.4 ]
[24-10-31 14:56:01] 376    -8943.37 [    28359.5   16946.3   60393.1    3484.4   49999.7 ]
[24-10-31 14:56:01] 378    -8943.37 [    28359.5   16946.3   60393.1    3484.4   49999.9 ]
[24-10-31 14:56:01] 380    -8943.37 [    28359.5   16946.3   60393.1    3484.4   50000.0 ]
[24-10-31 14:56:02] 382    -8943.37 [    28359.5   16946.3   60393.1    3484.4   50000.0 ]
[24-10-31 14:56:02] 384    -8943.37 [    28359.5   16946.3   60393.1    3484.4   50000.0 ]
[24-10-31 14:56:02] 386    -8943.37 [    28359.5   16946.3   60393.1    3484.4   50000.0 ]
[24-10-31 14:56:02] 388    -8943.37 [    28359.5   16946.3   60393.1    3484.4   50000.0 ]
[24-10-31 14:56:03] 390    -8943.37 [    28359.5   16946.3   60393.1    3484.4   50000.0 ]
[24-10-31 14:56:03] 392    -8943.37 [    28359.5   16946.3   60393.1    3484.4   50000.0 ]
[24-10-31 14:56:03] 394    -8943.37 [    28359.5   16946.3   60393.1    3484.4   50000.0 ]
[24-10-31 14:56:03] 396    -8943.37 [    28359.5   16946.3   60393.1    3484.4   50000.0 ]
[24-10-31 14:56:04] 398    -8943.37 [    28359.5   16946.3   60393.1    3484.4   50000.0 ]
[24-10-31 14:56:04] 400    -8943.37 [    28359.5   16946.3   60393.1    3484.4   50000.0 ]
[24-10-31 14:56:04] 402    -8943.37 [    28359.5   16946.3   60393.1    3484.4   50000.0 ]
[24-10-31 14:56:04] 404    -8943.37 [    28359.5   16946.3   60393.1    3484.4   50000.0 ]
[24-10-31 14:56:04] 406    -8943.37 [    28359.5   16946.3   60393.1    3484.4   50000.0 ]
[24-10-31 14:56:05] 408    -8943.37 [    28359.5   16946.3   60393.1    3484.4   50000.0 ]
[24-10-31 14:56:05] 410    -8943.37 [    28359.5   16946.3   60393.1    3484.4   50000.0 ]
[24-10-31 14:56:05] 411    -8943.37 [    28359.5   16946.3   60393.1    3484.4   50000.0 ]
[24-10-31 14:56:05] 412    -8943.37 [    28359.5   16946.3   60393.1    3484.4   50000.0 ]
[24-10-31 14:56:06] 413    -8943.37 [    28359.5   16946.3   60393.1    3484.4   50000.0 ]
[24-10-31 14:56:06] 414    -8943.37 [    28359.5   16946.3   60393.1    3484.4   50000.0 ]
[24-10-31 14:56:06] 416    -8943.37 [    28359.5   16946.3   60393.1    3484.4   50000.0 ]
[24-10-31 14:56:06] 418    -8943.37 [    28359.5   16946.3   60393.1    3484.4   50000.0 ]
[24-10-31 14:56:07] 420    -8943.37 [    28359.5   16946.3   60393.1    3484.4   50000.0 ]
[24-10-31 14:56:07] 421    -8943.37 [    28360.5   16946.3   60393.1    3484.4   50000.0 ]
[24-10-31 14:56:07] 422    -8943.37 [    28362.1   16946.3   60393.1    3484.4   50000.0 ]
[24-10-31 14:56:07] 423    -8943.29 [    28538.5   16946.3   60393.1    3484.4   50000.0 ]
[24-10-31 14:56:08] 424    -8943.29 [    28561.8   16946.3   60393.1    3484.4   50000.0 ]
[24-10-31 14:56:08] 425    -8943.29 [    28599.5   16946.3   60393.1    3484.4   50000.0 ]
[24-10-31 14:56:08] 426    -8943.29 [    28576.2   16946.3   60393.1    3484.4   50000.0 ]
[24-10-31 14:56:08] 427    -8943.29 [    28552.9   16946.3   60393.1    3484.4   50000.0 ]
[24-10-31 14:56:08] 428    -8943.29 [    28563.8   16946.3   60393.1    3484.4   50000.0 ]
[24-10-31 14:56:09] 429    -8943.29 [    28565.9   16946.3   60393.1    3484.4   50000.0 ]
[24-10-31 14:56:09] 430    -8943.29 [    28563.8   16946.3   60393.1    3484.4   50000.0 ]
[24-10-31 14:56:09] 431    -8943.27 [    28563.8   16947.3   60393.1    3484.4   50000.0 ]
[24-10-31 14:56:09] 432    -8943.23 [    28563.8   16948.9   60393.1    3484.4   50000.0 ]
[24-10-31 14:56:10] 433     -8940.9 [    28563.8   17125.3   60393.1    3484.4   50000.0 ]
[24-10-31 14:56:10] 434    -8940.65 [    28563.8   17201.7   60393.1    3484.4   50000.0 ]
[24-10-31 14:56:10] 435    -8941.17 [    28563.8   17325.2   60393.1    3484.4   50000.0 ]
[24-10-31 14:56:10] 436    -8940.71 [    28563.8   17248.8   60393.1    3484.4   50000.0 ]
[24-10-31 14:56:11] 437    -8940.69 [    28563.8   17172.5   60393.1    3484.4   50000.0 ]
[24-10-31 14:56:11] 438    -8940.65 [    28563.8   17207.3   60393.1    3484.4   50000.0 ]
[24-10-31 14:56:11] 439    -8940.65 [    28563.8   17204.7   60393.1    3484.4   50000.0 ]
[24-10-31 14:56:11] 440    -8940.65 [    28563.8   17209.9   60393.1    3484.4   50000.0 ]
[24-10-31 14:56:12] 441    -8940.65 [    28563.8   17207.3   60393.1    3484.4   50000.0 ]
[24-10-31 14:56:12] 442    -8940.66 [    28563.8   17207.3   60394.1    3484.4   50000.0 ]
[24-10-31 14:56:12] 443    -8940.64 [    28563.8   17207.3   60391.5    3484.4   50000.0 ]
[24-10-31 14:56:12] 444    -8939.42 [    28563.8   17207.3   60215.1    3484.4   50000.0 ]
[24-10-31 14:56:12] 445    -8934.49 [    28563.8   17207.3   58687.6    3484.4   50000.0 ]
[24-10-31 14:56:13] 446    -8948.07 [    28563.8   17207.3   56216.1    3484.4   50000.0 ]
[24-10-31 14:56:13] 447     -8936.5 [    28563.8   17207.3   57743.6    3484.4   50000.0 ]
[24-10-31 14:56:13] 448    -8935.19 [    28563.8   17207.3   59271.1    3484.4   50000.0 ]
[24-10-31 14:56:13] 449    -8934.49 [    28563.8   17207.3   58704.7    3484.4   50000.0 ]
[24-10-31 14:56:14] 450    -8934.49 [    28563.8   17207.3   58721.6    3484.4   50000.0 ]
[24-10-31 14:56:14] 451    -8934.49 [    28563.8   17207.3   58704.7    3484.4   50000.0 ]
[24-10-31 14:56:14] 452    -8934.61 [    28563.8   17207.3   58704.7    3485.4   50000.0 ]
[24-10-31 14:56:14] 453    -8934.29 [    28563.8   17207.3   58704.7    3482.7   50000.0 ]
[24-10-31 14:56:15] 454    -8928.23 [    28563.8   17207.3   58704.7    3379.5   50000.0 ]
[24-10-31 14:56:15] 455    -8950.58 [    28563.8   17207.3   58704.7    3212.3   50000.0 ]
[24-10-31 14:56:15] 456    -8931.72 [    28563.8   17207.3   58704.7    3315.6   50000.0 ]
[24-10-31 14:56:15] 457    -8928.92 [    28563.8   17207.3   58704.7    3418.9   50000.0 ]
[24-10-31 14:56:16] 458     -8928.2 [    28563.8   17207.3   58704.7    3386.7   50000.0 ]
[24-10-31 14:56:16] 459     -8928.2 [    28563.8   17207.3   58704.7    3385.7   50000.0 ]
[24-10-31 14:56:16] 460     -8928.2 [    28563.8   17207.3   58704.7    3387.7   50000.0 ]
[24-10-31 14:56:16] 461     -8928.2 [    28563.8   17207.3   58704.7    3386.7   50000.0 ]
[24-10-31 14:56:17] 463    -8928.22 [    28563.8   17207.3   58704.7    3386.7   49998.4 ]
[24-10-31 14:56:17] 464    -8928.21 [    28563.8   17207.3   58704.7    3386.7   49999.4 ]
[24-10-31 14:56:17] 466     -8928.2 [    28563.8   17207.3   58704.7    3386.7   49999.7 ]
[24-10-31 14:56:17] 468     -8928.2 [    28563.8   17207.3   58704.7    3386.7   49999.9 ]
[24-10-31 14:56:17] 470     -8928.2 [    28563.8   17207.3   58704.7    3386.7   50000.0 ]
[24-10-31 14:56:18] 472     -8928.2 [    28563.8   17207.3   58704.7    3386.7   50000.0 ]
[24-10-31 14:56:18] 474     -8928.2 [    28563.8   17207.3   58704.7    3386.7   50000.0 ]
[24-10-31 14:56:18] 476     -8928.2 [    28563.8   17207.3   58704.7    3386.7   50000.0 ]
[24-10-31 14:56:18] 478     -8928.2 [    28563.8   17207.3   58704.7    3386.7   50000.0 ]
[24-10-31 14:56:19] 480     -8928.2 [    28563.8   17207.3   58704.7    3386.7   50000.0 ]
[24-10-31 14:56:19] 482     -8928.2 [    28563.8   17207.3   58704.7    3386.7   50000.0 ]
[24-10-31 14:56:19] 484     -8928.2 [    28563.8   17207.3   58704.7    3386.7   50000.0 ]
[24-10-31 14:56:19] 486     -8928.2 [    28563.8   17207.3   58704.7    3386.7   50000.0 ]
[24-10-31 14:56:20] 488     -8928.2 [    28563.8   17207.3   58704.7    3386.7   50000.0 ]
[24-10-31 14:56:20] 490     -8928.2 [    28563.8   17207.3   58704.7    3386.7   50000.0 ]
[24-10-31 14:56:20] 492     -8928.2 [    28563.8   17207.3   58704.7    3386.7   50000.0 ]
[24-10-31 14:56:20] 494     -8928.2 [    28563.8   17207.3   58704.7    3386.7   50000.0 ]
[24-10-31 14:56:21] 496     -8928.2 [    28563.8   17207.3   58704.7    3386.7   50000.0 ]
[24-10-31 14:56:21] 498     -8928.2 [    28563.8   17207.3   58704.7    3386.7   50000.0 ]
[24-10-31 14:56:21] 500     -8928.2 [    28563.8   17207.3   58704.7    3386.7   50000.0 ]
[24-10-31 14:56:21] 502     -8928.2 [    28563.8   17207.3   58704.7    3386.7   50000.0 ]
[24-10-31 14:56:22] 504     -8928.2 [    28563.8   17207.3   58704.7    3386.7   50000.0 ]
[24-10-31 14:56:22] 505     -8928.2 [    28563.8   17207.3   58704.7    3386.7   50000.0 ]
[24-10-31 14:56:22] 506     -8928.2 [    28563.8   17207.3   58704.7    3386.7   50000.0 ]
[24-10-31 14:56:22] 507     -8928.2 [    28563.8   17207.3   58704.7    3386.7   50000.0 ]
[24-10-31 14:56:22] 508     -8928.2 [    28563.8   17207.3   58704.7    3386.7   50000.0 ]
[24-10-31 14:56:23] 509     -8928.2 [    28563.8   17207.3   58704.7    3386.7   50000.0 ]
[24-10-31 14:56:23] 510     -8928.2 [    28563.8   17207.3   58704.7    3386.7   50000.0 ]
[24-10-31 14:56:23] 511     -8928.2 [    28563.8   17207.3   58704.7    3386.7   50000.0 ]
[24-10-31 14:56:23] 512    -8913.36 [    28768.2   17468.3   57016.3    3289.1   50000.0 ]
[24-10-31 14:56:24] 513     -8928.2 [    28563.8   17207.3   58704.7    3386.7   50000.0 ]
[24-10-31 14:56:24] 514    -8913.36 [    28768.2   17468.3   57016.3    3289.1   50000.0 ]
[24-10-31 14:56:24] 515    -8890.05 [    29098.8   17890.6   54284.5    3131.1   50000.0 ]
[24-10-31 14:56:24] 518    -8809.39 [    30364.7   19507.7   43824.0    2526.2   50000.0 ]
[24-10-31 14:56:25] 519    -8847.95 [    29731.7   18699.2   49054.2    2828.7   50000.0 ]
[24-10-31 14:56:25] 521    -8792.53 [    30663.5   19889.4   41354.6    2383.4   50000.0 ]
[24-10-31 14:56:25] 523    -8798.86 [    30549.4   19743.6   42297.8    2437.9   50000.0 ]
[24-10-31 14:56:25] 524    -8788.68 [    30734.1   19979.5   40771.6    2349.7   50000.0 ]
[24-10-31 14:56:26] 525    -8786.33 [    30777.7   20035.2   40411.3    2328.8   50000.0 ]
[24-10-31 14:56:26] 526    -8784.88 [    30804.6   20069.7   40188.7    2316.0   50000.0 ]
[24-10-31 14:56:26] 527    -8784.88 [    30804.6   20069.7   40188.7    2316.0   50000.0 ]
[24-10-31 14:56:26] 528    -8784.88 [    30805.6   20069.7   40188.7    2316.0   50000.0 ]
[24-10-31 14:56:26] 529    -8784.88 [    30807.2   20069.7   40188.7    2316.0   50000.0 ]
[24-10-31 14:56:27] 530    -8784.85 [    30960.4   20069.7   40188.7    2316.0   50000.0 ]
[24-10-31 14:56:27] 531    -8784.93 [    31208.3   20069.7   40188.7    2316.0   50000.0 ]
[24-10-31 14:56:27] 532    -8784.86 [    31055.1   20069.7   40188.7    2316.0   50000.0 ]
[24-10-31 14:56:27] 533    -8784.85 [    30901.9   20069.7   40188.7    2316.0   50000.0 ]
[24-10-31 14:56:28] 534    -8784.85 [    30962.8   20069.7   40188.7    2316.0   50000.0 ]
[24-10-31 14:56:28] 535    -8784.85 [    30964.4   20069.7   40188.7    2316.0   50000.0 ]
[24-10-31 14:56:28] 536    -8784.85 [    30962.8   20069.7   40188.7    2316.0   50000.0 ]
[24-10-31 14:56:28] 537    -8784.84 [    30962.8   20070.7   40188.7    2316.0   50000.0 ]
[24-10-31 14:56:29] 538    -8784.84 [    30962.8   20072.3   40188.7    2316.0   50000.0 ]
[24-10-31 14:56:29] 539    -8784.76 [    30962.8   20124.4   40188.7    2316.0   50000.0 ]
[24-10-31 14:56:29] 540    -8784.96 [    30962.8   20208.9   40188.7    2316.0   50000.0 ]
[24-10-31 14:56:29] 541    -8784.79 [    30962.8   20156.7   40188.7    2316.0   50000.0 ]
[24-10-31 14:56:30] 542    -8784.77 [    30962.8   20104.5   40188.7    2316.0   50000.0 ]
[24-10-31 14:56:30] 543    -8784.76 [    30962.8   20125.0   40188.7    2316.0   50000.0 ]
[24-10-31 14:56:30] 544    -8784.76 [    30962.8   20125.5   40188.7    2316.0   50000.0 ]
[24-10-31 14:56:30] 545    -8784.76 [    30962.8   20125.0   40188.7    2316.0   50000.0 ]
[24-10-31 14:56:31] 546    -8784.77 [    30962.8   20125.0   40189.7    2316.0   50000.0 ]
[24-10-31 14:56:31] 547    -8784.75 [    30962.8   20125.0   40187.1    2316.0   50000.0 ]
[24-10-31 14:56:31] 548    -8784.04 [    30962.8   20125.0   40010.7    2316.0   50000.0 ]
[24-10-31 14:56:31] 551    -8784.28 [    30962.8   20125.0   40078.1    2316.0   50000.0 ]
[24-10-31 14:56:31] 552    -8784.15 [    30962.8   20125.0   40044.4    2316.0   50000.0 ]
[24-10-31 14:56:32] 555    -8784.08 [    30962.8   20125.0   40023.6    2316.0   50000.0 ]
[24-10-31 14:56:32] 556    -8784.01 [    30962.8   20125.0   40003.0    2316.0   50000.0 ]
[24-10-31 14:56:32] 558    -8784.02 [    30962.8   20125.0   40006.0    2316.0   50000.0 ]
[24-10-31 14:56:32] 559    -8784.01 [    30962.8   20125.0   40001.2    2316.0   50000.0 ]
[24-10-31 14:56:33] 560    -8784.01 [    30962.8   20125.0   40001.2    2316.0   50000.0 ]
[24-10-31 14:56:33] 562    -8784.02 [    30962.8   20125.0   40001.2    2316.0   49998.4 ]
[24-10-31 14:56:33] 563    -8784.01 [    30962.8   20125.0   40001.2    2316.0   49999.4 ]
[24-10-31 14:56:33] 565    -8784.01 [    30962.8   20125.0   40001.2    2316.0   49999.7 ]
[24-10-31 14:56:34] 567    -8784.01 [    30962.8   20125.0   40001.2    2316.0   49999.9 ]
[24-10-31 14:56:34] 569    -8784.01 [    30962.8   20125.0   40001.2    2316.0   50000.0 ]
[24-10-31 14:56:34] 571    -8784.01 [    30962.8   20125.0   40001.2    2316.0   50000.0 ]
[24-10-31 14:56:34] 573    -8784.01 [    30962.8   20125.0   40001.2    2316.0   50000.0 ]
[24-10-31 14:56:34] 575    -8784.01 [    30962.8   20125.0   40001.2    2316.0   50000.0 ]
[24-10-31 14:56:35] 577    -8784.01 [    30962.8   20125.0   40001.2    2316.0   50000.0 ]
[24-10-31 14:56:35] 579    -8784.01 [    30962.8   20125.0   40001.2    2316.0   50000.0 ]
[24-10-31 14:56:35] 581    -8784.01 [    30962.8   20125.0   40001.2    2316.0   50000.0 ]
[24-10-31 14:56:35] 583    -8784.01 [    30962.8   20125.0   40001.2    2316.0   50000.0 ]
[24-10-31 14:56:36] 585    -8784.01 [    30962.8   20125.0   40001.2    2316.0   50000.0 ]
[24-10-31 14:56:36] 587    -8784.01 [    30962.8   20125.0   40001.2    2316.0   50000.0 ]
[24-10-31 14:56:36] 589    -8784.01 [    30962.8   20125.0   40001.2    2316.0   50000.0 ]
[24-10-31 14:56:36] 591    -8784.01 [    30962.8   20125.0   40001.2    2316.0   50000.0 ]
[24-10-31 14:56:37] 593    -8784.01 [    30962.8   20125.0   40001.2    2316.0   50000.0 ]
[24-10-31 14:56:37] 595    -8784.01 [    30962.8   20125.0   40001.2    2316.0   50000.0 ]
[24-10-31 14:56:37] 597    -8784.01 [    30962.8   20125.0   40001.2    2316.0   50000.0 ]
[24-10-31 14:56:37] 598    -8784.01 [    30962.8   20125.0   40001.2    2316.0   50000.0 ]
[24-10-31 14:56:38] 600    -8784.01 [    30962.8   20125.0   40001.2    2316.0   50000.0 ]
[24-10-31 14:56:38] 601    -8784.01 [    30962.8   20125.0   40001.2    2316.0   50000.0 ]
[24-10-31 14:56:38] 602    -8784.01 [    30962.8   20125.0   40001.2    2316.0   50000.0 ]
[24-10-31 14:56:38] 603    -8784.01 [    30962.8   20125.0   40001.2    2316.0   50000.0 ]
[24-10-31 14:56:38] 604    -8784.01 [    30962.8   20125.0   40001.2    2316.0   50000.0 ]
[24-10-31 14:56:39] 605    -8784.01 [    30962.8   20125.0   40001.2    2316.0   50000.0 ]
[24-10-31 14:56:39] 606    -8784.01 [    30962.8   20125.0   40001.2    2316.0   50000.0 ]
[24-10-31 14:56:39] 607    -8784.01 [    30962.8   20125.0   40001.2    2316.0   50000.0 ]
[24-10-31 14:56:39] 608    -8784.01 [    30962.8   20125.0   40001.2    2316.0   50000.0 ]
[24-10-31 14:56:40] 609    -8784.01 [    30962.8   20125.0   40001.2    2316.0   50000.0 ]
[24-10-31 14:56:40] 614    -8798.32 [    30698.3   19787.1   42186.7    2442.4   50000.0 ]
[24-10-31 14:56:40] 615    -8791.07 [    30830.5   19956.1   41094.0    2379.2   50000.0 ]
[24-10-31 14:56:40] 618    -8786.68 [    30912.3   20060.5   40418.6    2340.1   50000.0 ]
[24-10-31 14:56:41] 620    -8785.03 [    30943.5   20100.4   40160.6    2325.2   50000.0 ]
[24-10-31 14:56:41] 622     -8784.4 [    30955.4   20115.6   40062.1    2319.5   50000.0 ]
[24-10-31 14:56:41] 624    -8784.16 [    30960.0   20121.4   40024.5    2317.3   50000.0 ]
[24-10-31 14:56:41] 626    -8784.06 [    30961.7   20123.6   40010.1    2316.5   50000.0 ]
[24-10-31 14:56:41] 628    -8784.03 [    30962.4   20124.5   40004.6    2316.2   50000.0 ]
[24-10-31 14:56:42] 630    -8784.02 [    30962.6   20124.8   40002.5    2316.0   50000.0 ]
[24-10-31 14:56:42] 632    -8784.01 [    30962.7   20124.9   40001.7    2316.0   50000.0 ]
[24-10-31 14:56:42] 633     -8784.0 [    30962.8   20125.1   40000.7    2315.9   50000.0 ]
[24-10-31 14:56:42] 634     -8784.0 [    30962.9   20125.1   40000.4    2315.9   50000.0 ]
[24-10-31 14:56:43] 635     -8784.0 [    30962.9   20125.1   40000.3    2315.9   50000.0 ]
[24-10-31 14:56:43] 636     -8784.0 [    30962.9   20125.2   40000.1    2315.9   50000.0 ]
[24-10-31 14:56:43] 637     -8784.0 [    30962.9   20125.2   40000.1    2315.9   50000.0 ]
[24-10-31 14:56:43] 638     -8784.0 [    30962.9   20125.2   40000.0    2315.9   50000.0 ]
[24-10-31 14:56:44] 639     -8784.0 [    30962.9   20125.2   40000.0    2315.9   50000.0 ]
[24-10-31 14:56:44] 641     -8784.0 [    30962.9   20125.2   40000.0    2315.9   50000.0 ]
[24-10-31 14:56:44] 643     -8784.0 [    30962.9   20125.2   40000.0    2315.9   50000.0 ]
[24-10-31 14:56:44] 644     -8784.0 [    30963.9   20125.2   40000.0    2315.9   50000.0 ]
[24-10-31 14:56:44] 645     -8784.0 [    30965.5   20125.2   40000.0    2315.9   50000.0 ]
[24-10-31 14:56:45] 646    -8783.99 [    31024.1   20125.2   40000.0    2315.9   50000.0 ]
[24-10-31 14:56:45] 647    -8784.01 [    31118.9   20125.2   40000.0    2315.9   50000.0 ]
[24-10-31 14:56:45] 648     -8784.0 [    31060.3   20125.2   40000.0    2315.9   50000.0 ]
[24-10-31 14:56:45] 649     -8784.0 [    31001.7   20125.2   40000.0    2315.9   50000.0 ]
[24-10-31 14:56:45] 650    -8783.99 [    31024.7   20125.2   40000.0    2315.9   50000.0 ]
[24-10-31 14:56:46] 651    -8783.99 [    31025.3   20125.2   40000.0    2315.9   50000.0 ]
[24-10-31 14:56:46] 652    -8783.99 [    31024.7   20125.2   40000.0    2315.9   50000.0 ]
[24-10-31 14:56:46] 653    -8783.99 [    31024.7   20126.2   40000.0    2315.9   50000.0 ]
[24-10-31 14:56:46] 654    -8783.99 [    31024.7   20127.8   40000.0    2315.9   50000.0 ]
[24-10-31 14:56:46] 655    -8783.99 [    31024.7   20134.4   40000.0    2315.9   50000.0 ]
[24-10-31 14:56:47] 656     -8784.0 [    31024.7   20145.1   40000.0    2315.9   50000.0 ]
[24-10-31 14:56:47] 657    -8783.99 [    31024.7   20138.5   40000.0    2315.9   50000.0 ]
[24-10-31 14:56:47] 658    -8783.99 [    31024.7   20131.9   40000.0    2315.9   50000.0 ]
[24-10-31 14:56:47] 659    -8783.99 [    31024.7   20134.5   40000.0    2315.9   50000.0 ]
[24-10-31 14:56:48] 660    -8783.99 [    31024.7   20134.3   40000.0    2315.9   50000.0 ]
[24-10-31 14:56:48] 661    -8783.99 [    31024.7   20134.4   40000.0    2315.9   50000.0 ]
[24-10-31 14:56:48] 662     -8784.0 [    31024.7   20134.4   40001.0    2315.9   50000.0 ]
[24-10-31 14:56:48] 665    -8783.99 [    31024.7   20134.4   40000.4    2315.9   50000.0 ]
[24-10-31 14:56:49] 666    -8783.99 [    31024.7   20134.4   40000.2    2315.9   50000.0 ]
[24-10-31 14:56:49] 669    -8783.99 [    31024.7   20134.4   40000.1    2315.9   50000.0 ]
[24-10-31 14:56:49] 671    -8783.99 [    31024.7   20134.4   40000.0    2315.9   50000.0 ]
[24-10-31 14:56:49] 673    -8783.99 [    31024.7   20134.4   40000.0    2315.9   50000.0 ]
[24-10-31 14:56:49] 674    -8783.99 [    31024.7   20134.4   40000.0    2315.9   50000.0 ]
[24-10-31 14:56:50] 675    -8783.99 [    31024.7   20134.4   40000.0    2315.9   50000.0 ]
[24-10-31 14:56:50] 677    -8783.99 [    31024.7   20134.4   40000.0    2315.9   50000.0 ]
[24-10-31 14:56:50] 678    -8783.99 [    31024.7   20134.4   40000.0    2315.9   50000.0 ]
[24-10-31 14:56:50] 679    -8783.99 [    31024.7   20134.4   40000.0    2315.9   50000.0 ]
[24-10-31 14:56:51] 680    -8783.99 [    31024.7   20134.4   40000.0    2315.9   50000.0 ]
[24-10-31 14:56:51] 682    -8783.99 [    31024.7   20134.4   40000.0    2315.9   50000.0 ]
[24-10-31 14:56:51] 683    -8783.99 [    31024.7   20134.4   40000.0    2315.9   50000.0 ]
[24-10-31 14:56:51] 685     -8784.0 [    31024.7   20134.4   40000.0    2315.9   49998.4 ]
[24-10-31 14:56:52] 686     -8784.0 [    31024.7   20134.4   40000.0    2315.9   49999.4 ]
[24-10-31 14:56:52] 688    -8783.99 [    31024.7   20134.4   40000.0    2315.9   49999.7 ]
[24-10-31 14:56:52] 690    -8783.99 [    31024.7   20134.4   40000.0    2315.9   49999.9 ]
[24-10-31 14:56:52] 692    -8783.99 [    31024.7   20134.4   40000.0    2315.9   50000.0 ]
[24-10-31 14:56:52] 694    -8783.99 [    31024.7   20134.4   40000.0    2315.9   50000.0 ]
[24-10-31 14:56:53] 696    -8783.99 [    31024.7   20134.4   40000.0    2315.9   50000.0 ]
[24-10-31 14:56:53] 698    -8783.99 [    31024.7   20134.4   40000.0    2315.9   50000.0 ]
[24-10-31 14:56:53] 700    -8783.99 [    31024.7   20134.4   40000.0    2315.9   50000.0 ]
[24-10-31 14:56:53] 702    -8783.99 [    31024.7   20134.4   40000.0    2315.9   50000.0 ]
[24-10-31 14:56:54] 704    -8783.99 [    31024.7   20134.4   40000.0    2315.9   50000.0 ]
[24-10-31 14:56:54] 706    -8783.99 [    31024.7   20134.4   40000.0    2315.9   50000.0 ]
[24-10-31 14:56:54] 708    -8783.99 [    31024.7   20134.4   40000.0    2315.9   50000.0 ]
[24-10-31 14:56:54] 710    -8783.99 [    31024.7   20134.4   40000.0    2315.9   50000.0 ]
[24-10-31 14:56:55] 712    -8783.99 [    31024.7   20134.4   40000.0    2315.9   50000.0 ]
[24-10-31 14:56:55] 714    -8783.99 [    31024.7   20134.4   40000.0    2315.9   50000.0 ]
[24-10-31 14:56:55] 716    -8783.99 [    31024.7   20134.4   40000.0    2315.9   50000.0 ]
[24-10-31 14:56:55] 718    -8783.99 [    31024.7   20134.4   40000.0    2315.9   50000.0 ]
[24-10-31 14:56:56] 720    -8783.99 [    31024.7   20134.4   40000.0    2315.9   50000.0 ]
[24-10-31 14:56:56] 722    -8783.99 [    31024.7   20134.4   40000.0    2315.9   50000.0 ]
[24-10-31 14:56:56] 723    -8783.99 [    31024.7   20134.4   40000.0    2315.9   50000.0 ]
[24-10-31 14:56:56] 724    -8783.99 [    31024.7   20134.4   40000.0    2315.9   50000.0 ]
[24-10-31 14:56:57] 725    -8783.99 [    31024.7   20134.4   40000.0    2315.9   50000.0 ]
[24-10-31 14:56:57] 726    -8783.99 [    31024.7   20134.4   40000.0    2315.9   50000.0 ]
[24-10-31 14:56:57] 727    -8783.99 [    31024.7   20134.4   40000.0    2315.9   50000.0 ]
[24-10-31 14:56:57] 728    -8783.99 [    31024.7   20134.4   40000.0    2315.9   50000.0 ]
[24-10-31 14:56:58] 729    -8783.99 [    31024.7   20134.4   40000.0    2315.9   50000.0 ]
[24-10-31 14:56:58] 730    -8783.99 [    31024.7   20134.4   40000.0    2315.9   50000.0 ]
[24-10-31 14:56:58] 731    -8783.99 [    31024.7   20134.4   40000.0    2315.9   50000.0 ]
[24-10-31 14:56:58] 732    -8783.99 [    31024.7   20134.4   40000.0    2315.9   50000.0 ]
[24-10-31 14:56:59] 733    -8783.99 [    31024.7   20134.4   40000.0    2315.9   50000.0 ]
[24-10-31 14:56:59] 734    -8783.99 [    31024.7   20134.4   40000.0    2315.9   50000.0 ]
[24-10-31 14:56:59] 735    -8783.99 [    31024.7   20134.4   40000.0    2315.9   50000.0 ]
[24-10-31 14:56:59] 736    -8783.99 [    31024.7   20134.4   40000.0    2315.9   50000.0 ]
[24-10-31 14:57:00] 737    -8783.99 [    31024.7   20134.4   40000.0    2315.9   50000.0 ]
[24-10-31 14:57:00] 742    -8798.29 [    30760.2   19796.5   42185.5    2442.3   50000.0 ]
[24-10-31 14:57:00] 743    -8791.05 [    30892.5   19965.5   41092.8    2379.1   50000.0 ]
[24-10-31 14:57:00] 746    -8786.66 [    30974.2   20069.9   40417.4    2340.0   50000.0 ]
[24-10-31 14:57:01] 748    -8785.01 [    31005.4   20109.8   40159.4    2325.1   50000.0 ]
[24-10-31 14:57:01] 750    -8784.38 [    31017.3   20125.0   40060.9    2319.4   50000.0 ]
[24-10-31 14:57:01] 752    -8784.14 [    31021.9   20130.8   40023.3    2317.2   50000.0 ]
[24-10-31 14:57:01] 754    -8784.05 [    31023.6   20133.0   40008.9    2316.4   50000.0 ]
[24-10-31 14:57:02] 756    -8784.01 [    31024.3   20133.9   40003.4    2316.1   50000.0 ]
[24-10-31 14:57:02] 758     -8784.0 [    31024.6   20134.2   40001.3    2316.0   50000.0 ]
[24-10-31 14:57:02] 760     -8784.0 [    31024.7   20134.3   40000.5    2315.9   50000.0 ]
[24-10-31 14:57:02] 762    -8783.99 [    31024.7   20134.4   40000.2    2315.9   50000.0 ]
[24-10-31 14:57:02] 764    -8783.99 [    31024.7   20134.4   40000.1    2315.9   50000.0 ]
[24-10-31 14:57:03] 766    -8783.99 [    31024.7   20134.4   40000.0    2315.9   50000.0 ]
[24-10-31 14:57:03] 768    -8783.99 [    31024.7   20134.4   40000.0    2315.9   50000.0 ]
[24-10-31 14:57:03] 770    -8783.99 [    31024.7   20134.4   40000.0    2315.9   50000.0 ]
[24-10-31 14:57:03] 772    -8783.99 [    31024.7   20134.4   40000.0    2315.9   50000.0 ]
[24-10-31 14:57:04] 774    -8783.99 [    31024.7   20134.4   40000.0    2315.9   50000.0 ]
[24-10-31 14:57:04] 776    -8783.99 [    31024.7   20134.4   40000.0    2315.9   50000.0 ]
[24-10-31 14:57:04] 778    -8783.99 [    31024.7   20134.4   40000.0    2315.9   50000.0 ]
[24-10-31 14:57:04] 779    -8783.99 [    31024.7   20134.4   40000.0    2315.9   50000.0 ]
[24-10-31 14:57:05] 781    -8783.99 [    31024.7   20134.4   40000.0    2315.9   50000.0 ]
[24-10-31 14:57:05] 783    -8783.99 [    31024.7   20134.4   40000.0    2315.9   50000.0 ]
[24-10-31 14:57:05] 784    -8783.99 [    31024.7   20134.4   40000.0    2315.9   50000.0 ]
[24-10-31 14:57:05] 785    -8783.99 [    31024.7   20134.4   40000.0    2315.9   50000.0 ]
[24-10-31 14:57:06] 786    -8783.99 [    31024.7   20134.4   40000.0    2315.9   50000.0 ]
[24-10-31 14:57:06] 787    -8783.99 [    31024.7   20134.4   40000.0    2315.9   50000.0 ]
[24-10-31 14:57:06] 788    -8783.99 [    31024.7   20134.4   40000.0    2315.9   50000.0 ]
Optimization terminated successfully.
         Current function value: 8783.991999
         Iterations: 9
         Function evaluations: 788
[24-10-31 14:57:06] 788      fit p: [    31024.7   20134.4   40000.0    2315.9   50000.0 ]
method: Powell
objective_func: objective_H2
fopt: -8783.99199942288
max_iter: 100
num_iter: 9
func_calls: 788
flag: 0
u_fitted: False
u: 1.111e-08
